<?xml version="1.0" encoding="UTF-8"?>
<testsuite name="vn.edu.iuh.fit.ApplicationTests" tests="1" skipped="0" failures="0" errors="0" timestamp="2023-11-13T12:05:00" hostname="DESKTOP-90JUIDQ" time="8.84">
  <properties/>
  <testcase name="add()" classname="vn.edu.iuh.fit.ApplicationTests" time="8.84"/>
  <system-out><![CDATA[19:04:54.858 [Test worker] INFO org.springframework.test.context.support.AnnotationConfigContextLoaderUtils -- Could not detect default configuration classes for test class [vn.edu.iuh.fit.ApplicationTests]: ApplicationTests does not declare any static, non-private, non-final, nested classes annotated with @Configuration.
19:04:54.973 [Test worker] INFO org.springframework.boot.test.context.SpringBootTestContextBootstrapper -- Found @SpringBootConfiguration vn.edu.iuh.fit.Application for test class vn.edu.iuh.fit.ApplicationTests

  .   ____          _            __ _ _
 /\\ / ___'_ __ _ _(_)_ __  __ _ \ \ \ \
( ( )\___ | '_ | '_| | '_ \/ _` | \ \ \ \
 \\/  ___)| |_)| | | | | || (_| |  ) ) ) )
  '  |____| .__|_| |_|_| |_\__, | / / / /
 =========|_|==============|___/=/_/_/_/
 :: Spring Boot ::                (v3.1.5)

2023-11-13T19:04:55.397+07:00  INFO 13152 --- [    Test worker] vn.edu.iuh.fit.ApplicationTests          : Starting ApplicationTests using Java 17.0.2 with PID 13152 (started by ADMIN in C:\SON.admin\VII\WWW (Java)\JakartaEE)
2023-11-13T19:04:55.398+07:00  INFO 13152 --- [    Test worker] vn.edu.iuh.fit.ApplicationTests          : No active profile set, falling back to 1 default profile: "default"
2023-11-13T19:04:56.146+07:00  INFO 13152 --- [    Test worker] .s.d.r.c.RepositoryConfigurationDelegate : Bootstrapping Spring Data JPA repositories in DEFAULT mode.
2023-11-13T19:04:56.236+07:00  INFO 13152 --- [    Test worker] .s.d.r.c.RepositoryConfigurationDelegate : Finished Spring Data repository scanning in 79 ms. Found 7 JPA repository interfaces.
2023-11-13T19:04:56.911+07:00  INFO 13152 --- [    Test worker] o.hibernate.jpa.internal.util.LogHelper  : HHH000204: Processing PersistenceUnitInfo [name: default]
2023-11-13T19:04:57.061+07:00  INFO 13152 --- [    Test worker] org.hibernate.Version                    : HHH000412: Hibernate ORM core version 6.2.13.Final
2023-11-13T19:04:57.065+07:00  INFO 13152 --- [    Test worker] org.hibernate.cfg.Environment            : HHH000406: Using bytecode reflection optimizer
2023-11-13T19:04:57.392+07:00  INFO 13152 --- [    Test worker] o.s.o.j.p.SpringPersistenceUnitInfo      : No LoadTimeWeaver setup: ignoring JPA class transformer
2023-11-13T19:04:57.426+07:00  INFO 13152 --- [    Test worker] com.zaxxer.hikari.HikariDataSource       : HikariPool-1 - Starting...
2023-11-13T19:04:57.530+07:00  INFO 13152 --- [    Test worker] com.zaxxer.hikari.pool.HikariPool        : HikariPool-1 - Added connection conn0: url=jdbc:h2:file:./data/son user=SA
2023-11-13T19:04:57.531+07:00  INFO 13152 --- [    Test worker] com.zaxxer.hikari.HikariDataSource       : HikariPool-1 - Start completed.
2023-11-13T19:04:57.554+07:00  WARN 13152 --- [    Test worker] org.hibernate.orm.deprecation            : HHH90000025: H2Dialect does not need to be specified explicitly using 'hibernate.dialect' (remove the property setting and it will be selected by default)
2023-11-13T19:04:57.967+07:00  WARN 13152 --- [    Test worker] org.hibernate.mapping.RootClass          : HHH000038: Composite-id class does not override equals(): vn.edu.iuh.fit.backend.pks.OrderDetailPK
2023-11-13T19:04:57.967+07:00  WARN 13152 --- [    Test worker] org.hibernate.mapping.RootClass          : HHH000039: Composite-id class does not override hashCode(): vn.edu.iuh.fit.backend.pks.OrderDetailPK
2023-11-13T19:04:57.967+07:00  WARN 13152 --- [    Test worker] org.hibernate.mapping.RootClass          : HHH000038: Composite-id class does not override equals(): vn.edu.iuh.fit.backend.pks.ProductPricePK
2023-11-13T19:04:57.968+07:00  WARN 13152 --- [    Test worker] org.hibernate.mapping.RootClass          : HHH000039: Composite-id class does not override hashCode(): vn.edu.iuh.fit.backend.pks.ProductPricePK
2023-11-13T19:04:58.687+07:00  INFO 13152 --- [    Test worker] o.h.e.t.j.p.i.JtaPlatformInitiator       : HHH000489: No JTA platform available (set 'hibernate.transaction.jta.platform' to enable JTA platform integration)
Hibernate: alter table if exists product alter column description set data type text
2023-11-13T19:04:59.032+07:00  INFO 13152 --- [    Test worker] j.LocalContainerEntityManagerFactoryBean : Initialized JPA EntityManagerFactory for persistence unit 'default'
2023-11-13T19:04:59.349+07:00  INFO 13152 --- [    Test worker] o.s.d.j.r.query.QueryEnhancerFactory     : Hibernate is in classpath; If applicable, HQL parser will be used.
2023-11-13T19:04:59.653+07:00  WARN 13152 --- [    Test worker] JpaBaseConfiguration$JpaWebConfiguration : spring.jpa.open-in-view is enabled by default. Therefore, database queries may be performed during view rendering. Explicitly configure spring.jpa.open-in-view to disable this warning
2023-11-13T19:05:00.085+07:00  INFO 13152 --- [    Test worker] o.s.b.a.h2.H2ConsoleAutoConfiguration    : H2 console available at '/h2-console'. Database available at 'jdbc:h2:file:./data/son'
2023-11-13T19:05:00.151+07:00  INFO 13152 --- [    Test worker] vn.edu.iuh.fit.ApplicationTests          : Started ApplicationTests in 4.987 seconds (process running for 6.432)
Hibernate: select e1_0.emp_id,e1_0.address,e1_0.dob,e1_0.email,e1_0.full_name,e1_0.phone,e1_0.status from employee e1_0 where e1_0.emp_id=?
Hibernate: select c1_0.cust_id,c1_0.address,c1_0.email,c1_0.cust_name,c1_0.phone from customer c1_0 where c1_0.cust_id=?
Hibernate: select o1_0.order_id,c1_0.cust_id,c1_0.address,c1_0.email,c1_0.cust_name,c1_0.phone,o1_0.employee_id,e1_0.emp_id,e1_0.address,e1_0.dob,e1_0.email,e1_0.full_name,e1_0.phone,e1_0.status,o1_0.order_date,o2_0.order_id,o2_0.product_id,p1_0.product_id,p1_0.description,p1_0.manufacturer_name,p1_0.name,p1_0.status,p1_0.unit,o2_0.note,o2_0.price,o2_0.quantity from orders o1_0 left join customer c1_0 on c1_0.cust_id=o1_0.cust_id join employee e1_0 on e1_0.emp_id=o1_0.employee_id left join order_detail o2_0 on o1_0.order_id=o2_0.order_id left join product p1_0 on p1_0.product_id=o2_0.product_id where o1_0.order_id=?
Hibernate: select c1_0.cust_id,c1_0.address,c1_0.email,c1_0.cust_name,c1_0.phone from customer c1_0 where c1_0.cust_id=?
Hibernate: select e1_0.emp_id,e1_0.address,e1_0.dob,e1_0.email,e1_0.full_name,e1_0.phone,e1_0.status from employee e1_0 where e1_0.emp_id=?
Hibernate: insert into orders (cust_id,employee_id,order_date,order_id) values (?,?,?,default)
Hibernate: select p1_0.product_id,p1_0.description,p1_0.manufacturer_name,p1_0.name,p1_0.status,p1_0.unit from product p1_0 where p1_0.product_id=?
Hibernate: select o1_0.order_id,o2_0.order_id,c1_0.cust_id,c1_0.address,c1_0.email,c1_0.cust_name,c1_0.phone,o2_0.employee_id,e1_0.emp_id,e1_0.address,e1_0.dob,e1_0.email,e1_0.full_name,e1_0.phone,e1_0.status,o2_0.order_date,o1_0.product_id,p1_0.product_id,p1_0.description,p1_0.manufacturer_name,p1_0.name,p1_0.status,p1_0.unit,p2_0.product_id,p2_0.image_id,p2_0.alternative,p2_0.path,o1_0.note,o1_0.price,o1_0.quantity from order_detail o1_0 join orders o2_0 on o2_0.order_id=o1_0.order_id left join customer c1_0 on c1_0.cust_id=o2_0.cust_id left join employee e1_0 on e1_0.emp_id=o2_0.employee_id join product p1_0 on p1_0.product_id=o1_0.product_id left join product_image p2_0 on p1_0.product_id=p2_0.product_id where (o1_0.order_id,o1_0.product_id) in ((?,?))
Hibernate: select o1_0.order_id,c1_0.cust_id,c1_0.address,c1_0.email,c1_0.cust_name,c1_0.phone,o1_0.employee_id,e1_0.emp_id,e1_0.address,e1_0.dob,e1_0.email,e1_0.full_name,e1_0.phone,e1_0.status,o1_0.order_date,o2_0.order_id,o2_0.product_id,p1_0.product_id,p1_0.description,p1_0.manufacturer_name,p1_0.name,p1_0.status,p1_0.unit,o2_0.note,o2_0.price,o2_0.quantity from orders o1_0 left join customer c1_0 on c1_0.cust_id=o1_0.cust_id join employee e1_0 on e1_0.emp_id=o1_0.employee_id left join order_detail o2_0 on o1_0.order_id=o2_0.order_id left join product p1_0 on p1_0.product_id=o2_0.product_id where o1_0.order_id=?
Hibernate: select l1_0.employee_id,l1_0.order_id,c1_0.cust_id,c1_0.address,c1_0.email,c1_0.cust_name,c1_0.phone,l1_0.order_date from orders l1_0 left join customer c1_0 on c1_0.cust_id=l1_0.cust_id where l1_0.employee_id=?
Hibernate: select p1_0.product_id,p1_0.description,p1_0.manufacturer_name,p1_0.name,p1_0.status,p1_0.unit,o1_0.product_id,o1_0.order_id,o2_0.order_id,c1_0.cust_id,c1_0.address,c1_0.email,c1_0.cust_name,c1_0.phone,o2_0.employee_id,e1_0.emp_id,e1_0.address,e1_0.dob,e1_0.email,e1_0.full_name,e1_0.phone,e1_0.status,o2_0.order_date,o1_0.note,o1_0.price,o1_0.quantity from product p1_0 left join order_detail o1_0 on p1_0.product_id=o1_0.product_id left join orders o2_0 on o2_0.order_id=o1_0.order_id left join customer c1_0 on c1_0.cust_id=o2_0.cust_id left join employee e1_0 on e1_0.emp_id=o2_0.employee_id where p1_0.product_id=?
Hibernate: select o1_0.order_id,o1_0.product_id,p1_0.product_id,p1_0.description,p1_0.manufacturer_name,p1_0.name,p1_0.status,p1_0.unit,o1_0.note,o1_0.price,o1_0.quantity from order_detail o1_0 join product p1_0 on p1_0.product_id=o1_0.product_id where o1_0.order_id=?
Hibernate: select o1_0.order_id,o1_0.product_id,p1_0.product_id,p1_0.description,p1_0.manufacturer_name,p1_0.name,p1_0.status,p1_0.unit,o1_0.note,o1_0.price,o1_0.quantity from order_detail o1_0 join product p1_0 on p1_0.product_id=o1_0.product_id where o1_0.order_id=?
Hibernate: select l1_0.employee_id,l1_0.order_id,c1_0.cust_id,c1_0.address,c1_0.email,c1_0.cust_name,c1_0.phone,l1_0.order_date from orders l1_0 left join customer c1_0 on c1_0.cust_id=l1_0.cust_id where l1_0.employee_id=?
Hibernate: select o1_0.order_id,o1_0.product_id,p1_0.product_id,p1_0.description,p1_0.manufacturer_name,p1_0.name,p1_0.status,p1_0.unit,o1_0.note,o1_0.price,o1_0.quantity from order_detail o1_0 join product p1_0 on p1_0.product_id=o1_0.product_id where o1_0.order_id=?
Hibernate: select l1_0.employee_id,l1_0.order_id,c1_0.cust_id,c1_0.address,c1_0.email,c1_0.cust_name,c1_0.phone,l1_0.order_date from orders l1_0 left join customer c1_0 on c1_0.cust_id=l1_0.cust_id where l1_0.employee_id=?
Hibernate: select p1_0.product_id,p1_0.price_date_time,p1_0.note,p1_0.price from product_price p1_0 where p1_0.product_id=?
Hibernate: select p1_0.product_id,p1_0.image_id,p1_0.alternative,p1_0.path from product_image p1_0 where p1_0.product_id=?
Hibernate: select o1_0.order_id,o1_0.product_id,p1_0.product_id,p1_0.description,p1_0.manufacturer_name,p1_0.name,p1_0.status,p1_0.unit,o1_0.note,o1_0.price,o1_0.quantity from order_detail o1_0 join product p1_0 on p1_0.product_id=o1_0.product_id where o1_0.order_id=?
Hibernate: select l1_0.employee_id,l1_0.order_id,c1_0.cust_id,c1_0.address,c1_0.email,c1_0.cust_name,c1_0.phone,l1_0.order_date from orders l1_0 left join customer c1_0 on c1_0.cust_id=l1_0.cust_id where l1_0.employee_id=?
Hibernate: insert into order_detail (note,price,quantity,order_id,product_id) values (?,?,?,?,?)
Hibernate: select p1_0.product_id,p1_0.description,p1_0.manufacturer_name,p1_0.name,p1_0.status,p1_0.unit from product p1_0 where p1_0.product_id=?
Hibernate: select o1_0.order_id,o2_0.order_id,c1_0.cust_id,c1_0.address,c1_0.email,c1_0.cust_name,c1_0.phone,o2_0.employee_id,e1_0.emp_id,e1_0.address,e1_0.dob,e1_0.email,e1_0.full_name,e1_0.phone,e1_0.status,o2_0.order_date,o1_0.product_id,p1_0.product_id,p1_0.description,p1_0.manufacturer_name,p1_0.name,p1_0.status,p1_0.unit,p2_0.product_id,p2_0.image_id,p2_0.alternative,p2_0.path,o1_0.note,o1_0.price,o1_0.quantity from order_detail o1_0 join orders o2_0 on o2_0.order_id=o1_0.order_id left join customer c1_0 on c1_0.cust_id=o2_0.cust_id left join employee e1_0 on e1_0.emp_id=o2_0.employee_id join product p1_0 on p1_0.product_id=o1_0.product_id left join product_image p2_0 on p1_0.product_id=p2_0.product_id where (o1_0.order_id,o1_0.product_id) in ((?,?))
Hibernate: select o1_0.order_id,c1_0.cust_id,c1_0.address,c1_0.email,c1_0.cust_name,c1_0.phone,o1_0.employee_id,e1_0.emp_id,e1_0.address,e1_0.dob,e1_0.email,e1_0.full_name,e1_0.phone,e1_0.status,o1_0.order_date,o2_0.order_id,o2_0.product_id,p1_0.product_id,p1_0.description,p1_0.manufacturer_name,p1_0.name,p1_0.status,p1_0.unit,o2_0.note,o2_0.price,o2_0.quantity from orders o1_0 left join customer c1_0 on c1_0.cust_id=o1_0.cust_id join employee e1_0 on e1_0.emp_id=o1_0.employee_id left join order_detail o2_0 on o1_0.order_id=o2_0.order_id left join product p1_0 on p1_0.product_id=o2_0.product_id where o1_0.order_id=?
Hibernate: select p1_0.product_id,p1_0.price_date_time,p1_0.note,p1_0.price from product_price p1_0 where p1_0.product_id=?
Hibernate: select p1_0.product_id,p1_0.image_id,p1_0.alternative,p1_0.path from product_image p1_0 where p1_0.product_id=?
Hibernate: select o1_0.product_id,o1_0.order_id,o2_0.order_id,c1_0.cust_id,c1_0.address,c1_0.email,c1_0.cust_name,c1_0.phone,o2_0.employee_id,e1_0.emp_id,e1_0.address,e1_0.dob,e1_0.email,e1_0.full_name,e1_0.phone,e1_0.status,o2_0.order_date,o1_0.note,o1_0.price,o1_0.quantity from order_detail o1_0 join orders o2_0 on o2_0.order_id=o1_0.order_id left join customer c1_0 on c1_0.cust_id=o2_0.cust_id left join employee e1_0 on e1_0.emp_id=o2_0.employee_id where o1_0.product_id=?
Hibernate: select l1_0.employee_id,l1_0.order_id,c1_0.cust_id,c1_0.address,c1_0.email,c1_0.cust_name,c1_0.phone,l1_0.order_date from orders l1_0 left join customer c1_0 on c1_0.cust_id=l1_0.cust_id where l1_0.employee_id=?
Hibernate: select p1_0.product_id,p1_0.description,p1_0.manufacturer_name,p1_0.name,p1_0.status,p1_0.unit,o1_0.product_id,o1_0.order_id,o2_0.order_id,c1_0.cust_id,c1_0.address,c1_0.email,c1_0.cust_name,c1_0.phone,o2_0.employee_id,e1_0.emp_id,e1_0.address,e1_0.dob,e1_0.email,e1_0.full_name,e1_0.phone,e1_0.status,o2_0.order_date,o1_0.note,o1_0.price,o1_0.quantity from product p1_0 left join order_detail o1_0 on p1_0.product_id=o1_0.product_id left join orders o2_0 on o2_0.order_id=o1_0.order_id left join customer c1_0 on c1_0.cust_id=o2_0.cust_id left join employee e1_0 on e1_0.emp_id=o2_0.employee_id where p1_0.product_id=?
Hibernate: select o1_0.order_id,o1_0.product_id,p1_0.product_id,p1_0.description,p1_0.manufacturer_name,p1_0.name,p1_0.status,p1_0.unit,o1_0.note,o1_0.price,o1_0.quantity from order_detail o1_0 join product p1_0 on p1_0.product_id=o1_0.product_id where o1_0.order_id=?
Hibernate: select o1_0.order_id,o1_0.product_id,p1_0.product_id,p1_0.description,p1_0.manufacturer_name,p1_0.name,p1_0.status,p1_0.unit,o1_0.note,o1_0.price,o1_0.quantity from order_detail o1_0 join product p1_0 on p1_0.product_id=o1_0.product_id where o1_0.order_id=?
Hibernate: select o1_0.order_id,o1_0.product_id,p1_0.product_id,p1_0.description,p1_0.manufacturer_name,p1_0.name,p1_0.status,p1_0.unit,o1_0.note,o1_0.price,o1_0.quantity from order_detail o1_0 join product p1_0 on p1_0.product_id=o1_0.product_id where o1_0.order_id=?
Hibernate: select o1_0.order_id,o1_0.product_id,p1_0.product_id,p1_0.description,p1_0.manufacturer_name,p1_0.name,p1_0.status,p1_0.unit,o1_0.note,o1_0.price,o1_0.quantity from order_detail o1_0 join product p1_0 on p1_0.product_id=o1_0.product_id where o1_0.order_id=?
Hibernate: select l1_0.employee_id,l1_0.order_id,c1_0.cust_id,c1_0.address,c1_0.email,c1_0.cust_name,c1_0.phone,l1_0.order_date from orders l1_0 left join customer c1_0 on c1_0.cust_id=l1_0.cust_id where l1_0.employee_id=?
Hibernate: select o1_0.order_id,o1_0.product_id,p1_0.product_id,p1_0.description,p1_0.manufacturer_name,p1_0.name,p1_0.status,p1_0.unit,o1_0.note,o1_0.price,o1_0.quantity from order_detail o1_0 join product p1_0 on p1_0.product_id=o1_0.product_id where o1_0.order_id=?
Hibernate: select o1_0.order_id,o1_0.product_id,p1_0.product_id,p1_0.description,p1_0.manufacturer_name,p1_0.name,p1_0.status,p1_0.unit,o1_0.note,o1_0.price,o1_0.quantity from order_detail o1_0 join product p1_0 on p1_0.product_id=o1_0.product_id where o1_0.order_id=?
Hibernate: select o1_0.order_id,o1_0.product_id,p1_0.product_id,p1_0.description,p1_0.manufacturer_name,p1_0.name,p1_0.status,p1_0.unit,o1_0.note,o1_0.price,o1_0.quantity from order_detail o1_0 join product p1_0 on p1_0.product_id=o1_0.product_id where o1_0.order_id=?
Hibernate: select o1_0.order_id,o1_0.product_id,p1_0.product_id,p1_0.description,p1_0.manufacturer_name,p1_0.name,p1_0.status,p1_0.unit,o1_0.note,o1_0.price,o1_0.quantity from order_detail o1_0 join product p1_0 on p1_0.product_id=o1_0.product_id where o1_0.order_id=?
Hibernate: select o1_0.order_id,o1_0.product_id,p1_0.product_id,p1_0.description,p1_0.manufacturer_name,p1_0.name,p1_0.status,p1_0.unit,o1_0.note,o1_0.price,o1_0.quantity from order_detail o1_0 join product p1_0 on p1_0.product_id=o1_0.product_id where o1_0.order_id=?
Hibernate: select l1_0.employee_id,l1_0.order_id,c1_0.cust_id,c1_0.address,c1_0.email,c1_0.cust_name,c1_0.phone,l1_0.order_date from orders l1_0 left join customer c1_0 on c1_0.cust_id=l1_0.cust_id where l1_0.employee_id=?
Hibernate: select o1_0.order_id,o1_0.product_id,p1_0.product_id,p1_0.description,p1_0.manufacturer_name,p1_0.name,p1_0.status,p1_0.unit,o1_0.note,o1_0.price,o1_0.quantity from order_detail o1_0 join product p1_0 on p1_0.product_id=o1_0.product_id where o1_0.order_id=?
Hibernate: select p1_0.product_id,p1_0.price_date_time,p1_0.note,p1_0.price from product_price p1_0 where p1_0.product_id=?
Hibernate: select p1_0.product_id,p1_0.image_id,p1_0.alternative,p1_0.path from product_image p1_0 where p1_0.product_id=?
Hibernate: select o1_0.order_id,o1_0.product_id,p1_0.product_id,p1_0.description,p1_0.manufacturer_name,p1_0.name,p1_0.status,p1_0.unit,o1_0.note,o1_0.price,o1_0.quantity from order_detail o1_0 join product p1_0 on p1_0.product_id=o1_0.product_id where o1_0.order_id=?
Hibernate: select l1_0.employee_id,l1_0.order_id,c1_0.cust_id,c1_0.address,c1_0.email,c1_0.cust_name,c1_0.phone,l1_0.order_date from orders l1_0 left join customer c1_0 on c1_0.cust_id=l1_0.cust_id where l1_0.employee_id=?
Hibernate: insert into order_detail (note,price,quantity,order_id,product_id) values (?,?,?,?,?)
Hibernate: select p1_0.product_id,p1_0.description,p1_0.manufacturer_name,p1_0.name,p1_0.status,p1_0.unit from product p1_0 where p1_0.product_id=?
Hibernate: select o1_0.order_id,o2_0.order_id,c1_0.cust_id,c1_0.address,c1_0.email,c1_0.cust_name,c1_0.phone,o2_0.employee_id,e1_0.emp_id,e1_0.address,e1_0.dob,e1_0.email,e1_0.full_name,e1_0.phone,e1_0.status,o2_0.order_date,o1_0.product_id,p1_0.product_id,p1_0.description,p1_0.manufacturer_name,p1_0.name,p1_0.status,p1_0.unit,p2_0.product_id,p2_0.image_id,p2_0.alternative,p2_0.path,o1_0.note,o1_0.price,o1_0.quantity from order_detail o1_0 join orders o2_0 on o2_0.order_id=o1_0.order_id left join customer c1_0 on c1_0.cust_id=o2_0.cust_id left join employee e1_0 on e1_0.emp_id=o2_0.employee_id join product p1_0 on p1_0.product_id=o1_0.product_id left join product_image p2_0 on p1_0.product_id=p2_0.product_id where (o1_0.order_id,o1_0.product_id) in ((?,?))
Hibernate: select o1_0.order_id,c1_0.cust_id,c1_0.address,c1_0.email,c1_0.cust_name,c1_0.phone,o1_0.employee_id,e1_0.emp_id,e1_0.address,e1_0.dob,e1_0.email,e1_0.full_name,e1_0.phone,e1_0.status,o1_0.order_date,o2_0.order_id,o2_0.product_id,p1_0.product_id,p1_0.description,p1_0.manufacturer_name,p1_0.name,p1_0.status,p1_0.unit,o2_0.note,o2_0.price,o2_0.quantity from orders o1_0 left join customer c1_0 on c1_0.cust_id=o1_0.cust_id join employee e1_0 on e1_0.emp_id=o1_0.employee_id left join order_detail o2_0 on o1_0.order_id=o2_0.order_id left join product p1_0 on p1_0.product_id=o2_0.product_id where o1_0.order_id=?
Hibernate: select p1_0.product_id,p1_0.price_date_time,p1_0.note,p1_0.price from product_price p1_0 where p1_0.product_id=?
Hibernate: select p1_0.product_id,p1_0.image_id,p1_0.alternative,p1_0.path from product_image p1_0 where p1_0.product_id=?
Hibernate: select o1_0.product_id,o1_0.order_id,o2_0.order_id,c1_0.cust_id,c1_0.address,c1_0.email,c1_0.cust_name,c1_0.phone,o2_0.employee_id,e1_0.emp_id,e1_0.address,e1_0.dob,e1_0.email,e1_0.full_name,e1_0.phone,e1_0.status,o2_0.order_date,o1_0.note,o1_0.price,o1_0.quantity from order_detail o1_0 join orders o2_0 on o2_0.order_id=o1_0.order_id left join customer c1_0 on c1_0.cust_id=o2_0.cust_id left join employee e1_0 on e1_0.emp_id=o2_0.employee_id where o1_0.product_id=?
Hibernate: select p1_0.product_id,p1_0.price_date_time,p1_0.note,p1_0.price from product_price p1_0 where p1_0.product_id=?
Hibernate: select p1_0.product_id,p1_0.image_id,p1_0.alternative,p1_0.path from product_image p1_0 where p1_0.product_id=?
Hibernate: select o1_0.product_id,o1_0.order_id,o2_0.order_id,c1_0.cust_id,c1_0.address,c1_0.email,c1_0.cust_name,c1_0.phone,o2_0.employee_id,e1_0.emp_id,e1_0.address,e1_0.dob,e1_0.email,e1_0.full_name,e1_0.phone,e1_0.status,o2_0.order_date,o1_0.note,o1_0.price,o1_0.quantity from order_detail o1_0 join orders o2_0 on o2_0.order_id=o1_0.order_id left join customer c1_0 on c1_0.cust_id=o2_0.cust_id left join employee e1_0 on e1_0.emp_id=o2_0.employee_id where o1_0.product_id=?
Hibernate: select l1_0.employee_id,l1_0.order_id,c1_0.cust_id,c1_0.address,c1_0.email,c1_0.cust_name,c1_0.phone,l1_0.order_date from orders l1_0 left join customer c1_0 on c1_0.cust_id=l1_0.cust_id where l1_0.employee_id=?
Hibernate: select p1_0.product_id,p1_0.description,p1_0.manufacturer_name,p1_0.name,p1_0.status,p1_0.unit,o1_0.product_id,o1_0.order_id,o2_0.order_id,c1_0.cust_id,c1_0.address,c1_0.email,c1_0.cust_name,c1_0.phone,o2_0.employee_id,e1_0.emp_id,e1_0.address,e1_0.dob,e1_0.email,e1_0.full_name,e1_0.phone,e1_0.status,o2_0.order_date,o1_0.note,o1_0.price,o1_0.quantity from product p1_0 left join order_detail o1_0 on p1_0.product_id=o1_0.product_id left join orders o2_0 on o2_0.order_id=o1_0.order_id left join customer c1_0 on c1_0.cust_id=o2_0.cust_id left join employee e1_0 on e1_0.emp_id=o2_0.employee_id where p1_0.product_id=?
Hibernate: select o1_0.order_id,o1_0.product_id,p1_0.product_id,p1_0.description,p1_0.manufacturer_name,p1_0.name,p1_0.status,p1_0.unit,o1_0.note,o1_0.price,o1_0.quantity from order_detail o1_0 join product p1_0 on p1_0.product_id=o1_0.product_id where o1_0.order_id=?
Hibernate: select o1_0.order_id,o1_0.product_id,p1_0.product_id,p1_0.description,p1_0.manufacturer_name,p1_0.name,p1_0.status,p1_0.unit,o1_0.note,o1_0.price,o1_0.quantity from order_detail o1_0 join product p1_0 on p1_0.product_id=o1_0.product_id where o1_0.order_id=?
Hibernate: select o1_0.order_id,o1_0.product_id,p1_0.product_id,p1_0.description,p1_0.manufacturer_name,p1_0.name,p1_0.status,p1_0.unit,o1_0.note,o1_0.price,o1_0.quantity from order_detail o1_0 join product p1_0 on p1_0.product_id=o1_0.product_id where o1_0.order_id=?
Hibernate: select o1_0.order_id,o1_0.product_id,p1_0.product_id,p1_0.description,p1_0.manufacturer_name,p1_0.name,p1_0.status,p1_0.unit,o1_0.note,o1_0.price,o1_0.quantity from order_detail o1_0 join product p1_0 on p1_0.product_id=o1_0.product_id where o1_0.order_id=?
Hibernate: select l1_0.employee_id,l1_0.order_id,c1_0.cust_id,c1_0.address,c1_0.email,c1_0.cust_name,c1_0.phone,l1_0.order_date from orders l1_0 left join customer c1_0 on c1_0.cust_id=l1_0.cust_id where l1_0.employee_id=?
Hibernate: select o1_0.order_id,o1_0.product_id,p1_0.product_id,p1_0.description,p1_0.manufacturer_name,p1_0.name,p1_0.status,p1_0.unit,o1_0.note,o1_0.price,o1_0.quantity from order_detail o1_0 join product p1_0 on p1_0.product_id=o1_0.product_id where o1_0.order_id=?
Hibernate: select o1_0.order_id,o1_0.product_id,p1_0.product_id,p1_0.description,p1_0.manufacturer_name,p1_0.name,p1_0.status,p1_0.unit,o1_0.note,o1_0.price,o1_0.quantity from order_detail o1_0 join product p1_0 on p1_0.product_id=o1_0.product_id where o1_0.order_id=?
Hibernate: select o1_0.order_id,o1_0.product_id,p1_0.product_id,p1_0.description,p1_0.manufacturer_name,p1_0.name,p1_0.status,p1_0.unit,o1_0.note,o1_0.price,o1_0.quantity from order_detail o1_0 join product p1_0 on p1_0.product_id=o1_0.product_id where o1_0.order_id=?
Hibernate: select o1_0.order_id,o1_0.product_id,p1_0.product_id,p1_0.description,p1_0.manufacturer_name,p1_0.name,p1_0.status,p1_0.unit,o1_0.note,o1_0.price,o1_0.quantity from order_detail o1_0 join product p1_0 on p1_0.product_id=o1_0.product_id where o1_0.order_id=?
Hibernate: select l1_0.employee_id,l1_0.order_id,c1_0.cust_id,c1_0.address,c1_0.email,c1_0.cust_name,c1_0.phone,l1_0.order_date from orders l1_0 left join customer c1_0 on c1_0.cust_id=l1_0.cust_id where l1_0.employee_id=?
Hibernate: select o1_0.order_id,o1_0.product_id,p1_0.product_id,p1_0.description,p1_0.manufacturer_name,p1_0.name,p1_0.status,p1_0.unit,o1_0.note,o1_0.price,o1_0.quantity from order_detail o1_0 join product p1_0 on p1_0.product_id=o1_0.product_id where o1_0.order_id=?
Hibernate: select o1_0.order_id,o1_0.product_id,p1_0.product_id,p1_0.description,p1_0.manufacturer_name,p1_0.name,p1_0.status,p1_0.unit,o1_0.note,o1_0.price,o1_0.quantity from order_detail o1_0 join product p1_0 on p1_0.product_id=o1_0.product_id where o1_0.order_id=?
Hibernate: select o1_0.order_id,o1_0.product_id,p1_0.product_id,p1_0.description,p1_0.manufacturer_name,p1_0.name,p1_0.status,p1_0.unit,o1_0.note,o1_0.price,o1_0.quantity from order_detail o1_0 join product p1_0 on p1_0.product_id=o1_0.product_id where o1_0.order_id=?
Hibernate: select o1_0.order_id,o1_0.product_id,p1_0.product_id,p1_0.description,p1_0.manufacturer_name,p1_0.name,p1_0.status,p1_0.unit,o1_0.note,o1_0.price,o1_0.quantity from order_detail o1_0 join product p1_0 on p1_0.product_id=o1_0.product_id where o1_0.order_id=?
Hibernate: select p1_0.product_id,p1_0.price_date_time,p1_0.note,p1_0.price from product_price p1_0 where p1_0.product_id=?
Hibernate: select p1_0.product_id,p1_0.image_id,p1_0.alternative,p1_0.path from product_image p1_0 where p1_0.product_id=?
Hibernate: select o1_0.order_id,o1_0.product_id,p1_0.product_id,p1_0.description,p1_0.manufacturer_name,p1_0.name,p1_0.status,p1_0.unit,o1_0.note,o1_0.price,o1_0.quantity from order_detail o1_0 join product p1_0 on p1_0.product_id=o1_0.product_id where o1_0.order_id=?
Hibernate: insert into order_detail (note,price,quantity,order_id,product_id) values (?,?,?,?,?)
Hibernate: select e1_0.emp_id,e1_0.address,e1_0.dob,e1_0.email,e1_0.full_name,e1_0.phone,e1_0.status from employee e1_0 where e1_0.emp_id=?
Hibernate: select c1_0.cust_id,c1_0.address,c1_0.email,c1_0.cust_name,c1_0.phone from customer c1_0 where c1_0.cust_id=?
Hibernate: select o1_0.order_id,c1_0.cust_id,c1_0.address,c1_0.email,c1_0.cust_name,c1_0.phone,o1_0.employee_id,e1_0.emp_id,e1_0.address,e1_0.dob,e1_0.email,e1_0.full_name,e1_0.phone,e1_0.status,o1_0.order_date,o2_0.order_id,o2_0.product_id,p1_0.product_id,p1_0.description,p1_0.manufacturer_name,p1_0.name,p1_0.status,p1_0.unit,o2_0.note,o2_0.price,o2_0.quantity from orders o1_0 left join customer c1_0 on c1_0.cust_id=o1_0.cust_id join employee e1_0 on e1_0.emp_id=o1_0.employee_id left join order_detail o2_0 on o1_0.order_id=o2_0.order_id left join product p1_0 on p1_0.product_id=o2_0.product_id where o1_0.order_id=?
Hibernate: select c1_0.cust_id,c1_0.address,c1_0.email,c1_0.cust_name,c1_0.phone from customer c1_0 where c1_0.cust_id=?
Hibernate: select e1_0.emp_id,e1_0.address,e1_0.dob,e1_0.email,e1_0.full_name,e1_0.phone,e1_0.status from employee e1_0 where e1_0.emp_id=?
Hibernate: insert into orders (cust_id,employee_id,order_date,order_id) values (?,?,?,default)
Hibernate: select p1_0.product_id,p1_0.description,p1_0.manufacturer_name,p1_0.name,p1_0.status,p1_0.unit from product p1_0 where p1_0.product_id=?
Hibernate: select o1_0.order_id,o2_0.order_id,c1_0.cust_id,c1_0.address,c1_0.email,c1_0.cust_name,c1_0.phone,o2_0.employee_id,e1_0.emp_id,e1_0.address,e1_0.dob,e1_0.email,e1_0.full_name,e1_0.phone,e1_0.status,o2_0.order_date,o1_0.product_id,p1_0.product_id,p1_0.description,p1_0.manufacturer_name,p1_0.name,p1_0.status,p1_0.unit,p2_0.product_id,p2_0.image_id,p2_0.alternative,p2_0.path,o1_0.note,o1_0.price,o1_0.quantity from order_detail o1_0 join orders o2_0 on o2_0.order_id=o1_0.order_id left join customer c1_0 on c1_0.cust_id=o2_0.cust_id left join employee e1_0 on e1_0.emp_id=o2_0.employee_id join product p1_0 on p1_0.product_id=o1_0.product_id left join product_image p2_0 on p1_0.product_id=p2_0.product_id where (o1_0.order_id,o1_0.product_id) in ((?,?))
Hibernate: select o1_0.order_id,c1_0.cust_id,c1_0.address,c1_0.email,c1_0.cust_name,c1_0.phone,o1_0.employee_id,e1_0.emp_id,e1_0.address,e1_0.dob,e1_0.email,e1_0.full_name,e1_0.phone,e1_0.status,o1_0.order_date,o2_0.order_id,o2_0.product_id,p1_0.product_id,p1_0.description,p1_0.manufacturer_name,p1_0.name,p1_0.status,p1_0.unit,o2_0.note,o2_0.price,o2_0.quantity from orders o1_0 left join customer c1_0 on c1_0.cust_id=o1_0.cust_id join employee e1_0 on e1_0.emp_id=o1_0.employee_id left join order_detail o2_0 on o1_0.order_id=o2_0.order_id left join product p1_0 on p1_0.product_id=o2_0.product_id where o1_0.order_id=?
Hibernate: select l1_0.employee_id,l1_0.order_id,c1_0.cust_id,c1_0.address,c1_0.email,c1_0.cust_name,c1_0.phone,l1_0.order_date from orders l1_0 left join customer c1_0 on c1_0.cust_id=l1_0.cust_id where l1_0.employee_id=?
Hibernate: select p1_0.product_id,p1_0.description,p1_0.manufacturer_name,p1_0.name,p1_0.status,p1_0.unit,o1_0.product_id,o1_0.order_id,o2_0.order_id,c1_0.cust_id,c1_0.address,c1_0.email,c1_0.cust_name,c1_0.phone,o2_0.employee_id,e1_0.emp_id,e1_0.address,e1_0.dob,e1_0.email,e1_0.full_name,e1_0.phone,e1_0.status,o2_0.order_date,o1_0.note,o1_0.price,o1_0.quantity from product p1_0 left join order_detail o1_0 on p1_0.product_id=o1_0.product_id left join orders o2_0 on o2_0.order_id=o1_0.order_id left join customer c1_0 on c1_0.cust_id=o2_0.cust_id left join employee e1_0 on e1_0.emp_id=o2_0.employee_id where p1_0.product_id=?
Hibernate: select o1_0.order_id,o1_0.product_id,p1_0.product_id,p1_0.description,p1_0.manufacturer_name,p1_0.name,p1_0.status,p1_0.unit,o1_0.note,o1_0.price,o1_0.quantity from order_detail o1_0 join product p1_0 on p1_0.product_id=o1_0.product_id where o1_0.order_id=?
Hibernate: select l1_0.employee_id,l1_0.order_id,c1_0.cust_id,c1_0.address,c1_0.email,c1_0.cust_name,c1_0.phone,l1_0.order_date from orders l1_0 left join customer c1_0 on c1_0.cust_id=l1_0.cust_id where l1_0.employee_id=?
Hibernate: select o1_0.order_id,o1_0.product_id,p1_0.product_id,p1_0.description,p1_0.manufacturer_name,p1_0.name,p1_0.status,p1_0.unit,o1_0.note,o1_0.price,o1_0.quantity from order_detail o1_0 join product p1_0 on p1_0.product_id=o1_0.product_id where o1_0.order_id=?
Hibernate: select l1_0.employee_id,l1_0.order_id,c1_0.cust_id,c1_0.address,c1_0.email,c1_0.cust_name,c1_0.phone,l1_0.order_date from orders l1_0 left join customer c1_0 on c1_0.cust_id=l1_0.cust_id where l1_0.employee_id=?
Hibernate: select o1_0.order_id,o1_0.product_id,p1_0.product_id,p1_0.description,p1_0.manufacturer_name,p1_0.name,p1_0.status,p1_0.unit,o1_0.note,o1_0.price,o1_0.quantity from order_detail o1_0 join product p1_0 on p1_0.product_id=o1_0.product_id where o1_0.order_id=?
Hibernate: select o1_0.order_id,o1_0.product_id,p1_0.product_id,p1_0.description,p1_0.manufacturer_name,p1_0.name,p1_0.status,p1_0.unit,o1_0.note,o1_0.price,o1_0.quantity from order_detail o1_0 join product p1_0 on p1_0.product_id=o1_0.product_id where o1_0.order_id=?
Hibernate: select o1_0.order_id,o1_0.product_id,p1_0.product_id,p1_0.description,p1_0.manufacturer_name,p1_0.name,p1_0.status,p1_0.unit,o1_0.note,o1_0.price,o1_0.quantity from order_detail o1_0 join product p1_0 on p1_0.product_id=o1_0.product_id where o1_0.order_id=?
Hibernate: select o1_0.order_id,o1_0.product_id,p1_0.product_id,p1_0.description,p1_0.manufacturer_name,p1_0.name,p1_0.status,p1_0.unit,o1_0.note,o1_0.price,o1_0.quantity from order_detail o1_0 join product p1_0 on p1_0.product_id=o1_0.product_id where o1_0.order_id=?
Hibernate: select o1_0.order_id,o1_0.product_id,p1_0.product_id,p1_0.description,p1_0.manufacturer_name,p1_0.name,p1_0.status,p1_0.unit,o1_0.note,o1_0.price,o1_0.quantity from order_detail o1_0 join product p1_0 on p1_0.product_id=o1_0.product_id where o1_0.order_id=?
Hibernate: select o1_0.order_id,o1_0.product_id,p1_0.product_id,p1_0.description,p1_0.manufacturer_name,p1_0.name,p1_0.status,p1_0.unit,o1_0.note,o1_0.price,o1_0.quantity from order_detail o1_0 join product p1_0 on p1_0.product_id=o1_0.product_id where o1_0.order_id=?
Hibernate: select l1_0.employee_id,l1_0.order_id,c1_0.cust_id,c1_0.address,c1_0.email,c1_0.cust_name,c1_0.phone,l1_0.order_date from orders l1_0 left join customer c1_0 on c1_0.cust_id=l1_0.cust_id where l1_0.employee_id=?
Hibernate: select o1_0.order_id,o1_0.product_id,p1_0.product_id,p1_0.description,p1_0.manufacturer_name,p1_0.name,p1_0.status,p1_0.unit,o1_0.note,o1_0.price,o1_0.quantity from order_detail o1_0 join product p1_0 on p1_0.product_id=o1_0.product_id where o1_0.order_id=?
Hibernate: select l1_0.employee_id,l1_0.order_id,c1_0.cust_id,c1_0.address,c1_0.email,c1_0.cust_name,c1_0.phone,l1_0.order_date from orders l1_0 left join customer c1_0 on c1_0.cust_id=l1_0.cust_id where l1_0.employee_id=?
Hibernate: select o1_0.order_id,o1_0.product_id,p1_0.product_id,p1_0.description,p1_0.manufacturer_name,p1_0.name,p1_0.status,p1_0.unit,o1_0.note,o1_0.price,o1_0.quantity from order_detail o1_0 join product p1_0 on p1_0.product_id=o1_0.product_id where o1_0.order_id=?
Hibernate: select l1_0.employee_id,l1_0.order_id,c1_0.cust_id,c1_0.address,c1_0.email,c1_0.cust_name,c1_0.phone,l1_0.order_date from orders l1_0 left join customer c1_0 on c1_0.cust_id=l1_0.cust_id where l1_0.employee_id=?
Hibernate: select o1_0.order_id,o1_0.product_id,p1_0.product_id,p1_0.description,p1_0.manufacturer_name,p1_0.name,p1_0.status,p1_0.unit,o1_0.note,o1_0.price,o1_0.quantity from order_detail o1_0 join product p1_0 on p1_0.product_id=o1_0.product_id where o1_0.order_id=?
Hibernate: select l1_0.employee_id,l1_0.order_id,c1_0.cust_id,c1_0.address,c1_0.email,c1_0.cust_name,c1_0.phone,l1_0.order_date from orders l1_0 left join customer c1_0 on c1_0.cust_id=l1_0.cust_id where l1_0.employee_id=?
Hibernate: select o1_0.order_id,o1_0.product_id,p1_0.product_id,p1_0.description,p1_0.manufacturer_name,p1_0.name,p1_0.status,p1_0.unit,o1_0.note,o1_0.price,o1_0.quantity from order_detail o1_0 join product p1_0 on p1_0.product_id=o1_0.product_id where o1_0.order_id=?
Hibernate: select l1_0.employee_id,l1_0.order_id,c1_0.cust_id,c1_0.address,c1_0.email,c1_0.cust_name,c1_0.phone,l1_0.order_date from orders l1_0 left join customer c1_0 on c1_0.cust_id=l1_0.cust_id where l1_0.employee_id=?
Hibernate: select p1_0.product_id,p1_0.price_date_time,p1_0.note,p1_0.price from product_price p1_0 where p1_0.product_id=?
Hibernate: select p1_0.product_id,p1_0.image_id,p1_0.alternative,p1_0.path from product_image p1_0 where p1_0.product_id=?
Hibernate: insert into order_detail (note,price,quantity,order_id,product_id) values (?,?,?,?,?)
Hibernate: select p1_0.product_id,p1_0.description,p1_0.manufacturer_name,p1_0.name,p1_0.status,p1_0.unit from product p1_0 where p1_0.product_id=?
Hibernate: select o1_0.order_id,o2_0.order_id,c1_0.cust_id,c1_0.address,c1_0.email,c1_0.cust_name,c1_0.phone,o2_0.employee_id,e1_0.emp_id,e1_0.address,e1_0.dob,e1_0.email,e1_0.full_name,e1_0.phone,e1_0.status,o2_0.order_date,o1_0.product_id,p1_0.product_id,p1_0.description,p1_0.manufacturer_name,p1_0.name,p1_0.status,p1_0.unit,p2_0.product_id,p2_0.image_id,p2_0.alternative,p2_0.path,o1_0.note,o1_0.price,o1_0.quantity from order_detail o1_0 join orders o2_0 on o2_0.order_id=o1_0.order_id left join customer c1_0 on c1_0.cust_id=o2_0.cust_id left join employee e1_0 on e1_0.emp_id=o2_0.employee_id join product p1_0 on p1_0.product_id=o1_0.product_id left join product_image p2_0 on p1_0.product_id=p2_0.product_id where (o1_0.order_id,o1_0.product_id) in ((?,?))
Hibernate: select o1_0.order_id,c1_0.cust_id,c1_0.address,c1_0.email,c1_0.cust_name,c1_0.phone,o1_0.employee_id,e1_0.emp_id,e1_0.address,e1_0.dob,e1_0.email,e1_0.full_name,e1_0.phone,e1_0.status,o1_0.order_date,o2_0.order_id,o2_0.product_id,p1_0.product_id,p1_0.description,p1_0.manufacturer_name,p1_0.name,p1_0.status,p1_0.unit,o2_0.note,o2_0.price,o2_0.quantity from orders o1_0 left join customer c1_0 on c1_0.cust_id=o1_0.cust_id join employee e1_0 on e1_0.emp_id=o1_0.employee_id left join order_detail o2_0 on o1_0.order_id=o2_0.order_id left join product p1_0 on p1_0.product_id=o2_0.product_id where o1_0.order_id=?
Hibernate: select p1_0.product_id,p1_0.price_date_time,p1_0.note,p1_0.price from product_price p1_0 where p1_0.product_id=?
Hibernate: select p1_0.product_id,p1_0.image_id,p1_0.alternative,p1_0.path from product_image p1_0 where p1_0.product_id=?
Hibernate: select o1_0.product_id,o1_0.order_id,o2_0.order_id,c1_0.cust_id,c1_0.address,c1_0.email,c1_0.cust_name,c1_0.phone,o2_0.employee_id,e1_0.emp_id,e1_0.address,e1_0.dob,e1_0.email,e1_0.full_name,e1_0.phone,e1_0.status,o2_0.order_date,o1_0.note,o1_0.price,o1_0.quantity from order_detail o1_0 join orders o2_0 on o2_0.order_id=o1_0.order_id left join customer c1_0 on c1_0.cust_id=o2_0.cust_id left join employee e1_0 on e1_0.emp_id=o2_0.employee_id where o1_0.product_id=?
Hibernate: select l1_0.employee_id,l1_0.order_id,c1_0.cust_id,c1_0.address,c1_0.email,c1_0.cust_name,c1_0.phone,l1_0.order_date from orders l1_0 left join customer c1_0 on c1_0.cust_id=l1_0.cust_id where l1_0.employee_id=?
Hibernate: select p1_0.product_id,p1_0.description,p1_0.manufacturer_name,p1_0.name,p1_0.status,p1_0.unit,o1_0.product_id,o1_0.order_id,o2_0.order_id,c1_0.cust_id,c1_0.address,c1_0.email,c1_0.cust_name,c1_0.phone,o2_0.employee_id,e1_0.emp_id,e1_0.address,e1_0.dob,e1_0.email,e1_0.full_name,e1_0.phone,e1_0.status,o2_0.order_date,o1_0.note,o1_0.price,o1_0.quantity from product p1_0 left join order_detail o1_0 on p1_0.product_id=o1_0.product_id left join orders o2_0 on o2_0.order_id=o1_0.order_id left join customer c1_0 on c1_0.cust_id=o2_0.cust_id left join employee e1_0 on e1_0.emp_id=o2_0.employee_id where p1_0.product_id=?
Hibernate: select o1_0.order_id,o1_0.product_id,p1_0.product_id,p1_0.description,p1_0.manufacturer_name,p1_0.name,p1_0.status,p1_0.unit,o1_0.note,o1_0.price,o1_0.quantity from order_detail o1_0 join product p1_0 on p1_0.product_id=o1_0.product_id where o1_0.order_id=?
Hibernate: select l1_0.employee_id,l1_0.order_id,c1_0.cust_id,c1_0.address,c1_0.email,c1_0.cust_name,c1_0.phone,l1_0.order_date from orders l1_0 left join customer c1_0 on c1_0.cust_id=l1_0.cust_id where l1_0.employee_id=?
Hibernate: select o1_0.order_id,o1_0.product_id,p1_0.product_id,p1_0.description,p1_0.manufacturer_name,p1_0.name,p1_0.status,p1_0.unit,o1_0.note,o1_0.price,o1_0.quantity from order_detail o1_0 join product p1_0 on p1_0.product_id=o1_0.product_id where o1_0.order_id=?
Hibernate: select p1_0.product_id,p1_0.price_date_time,p1_0.note,p1_0.price from product_price p1_0 where p1_0.product_id=?
Hibernate: select p1_0.product_id,p1_0.image_id,p1_0.alternative,p1_0.path from product_image p1_0 where p1_0.product_id=?
Hibernate: insert into order_detail (note,price,quantity,order_id,product_id) values (?,?,?,?,?)
Hibernate: select p1_0.product_id,p1_0.description,p1_0.manufacturer_name,p1_0.name,p1_0.status,p1_0.unit from product p1_0 where p1_0.product_id=?
Hibernate: select o1_0.order_id,o2_0.order_id,c1_0.cust_id,c1_0.address,c1_0.email,c1_0.cust_name,c1_0.phone,o2_0.employee_id,e1_0.emp_id,e1_0.address,e1_0.dob,e1_0.email,e1_0.full_name,e1_0.phone,e1_0.status,o2_0.order_date,o1_0.product_id,p1_0.product_id,p1_0.description,p1_0.manufacturer_name,p1_0.name,p1_0.status,p1_0.unit,p2_0.product_id,p2_0.image_id,p2_0.alternative,p2_0.path,o1_0.note,o1_0.price,o1_0.quantity from order_detail o1_0 join orders o2_0 on o2_0.order_id=o1_0.order_id left join customer c1_0 on c1_0.cust_id=o2_0.cust_id left join employee e1_0 on e1_0.emp_id=o2_0.employee_id join product p1_0 on p1_0.product_id=o1_0.product_id left join product_image p2_0 on p1_0.product_id=p2_0.product_id where (o1_0.order_id,o1_0.product_id) in ((?,?))
Hibernate: select o1_0.order_id,c1_0.cust_id,c1_0.address,c1_0.email,c1_0.cust_name,c1_0.phone,o1_0.employee_id,e1_0.emp_id,e1_0.address,e1_0.dob,e1_0.email,e1_0.full_name,e1_0.phone,e1_0.status,o1_0.order_date,o2_0.order_id,o2_0.product_id,p1_0.product_id,p1_0.description,p1_0.manufacturer_name,p1_0.name,p1_0.status,p1_0.unit,o2_0.note,o2_0.price,o2_0.quantity from orders o1_0 left join customer c1_0 on c1_0.cust_id=o1_0.cust_id join employee e1_0 on e1_0.emp_id=o1_0.employee_id left join order_detail o2_0 on o1_0.order_id=o2_0.order_id left join product p1_0 on p1_0.product_id=o2_0.product_id where o1_0.order_id=?
Hibernate: select p1_0.product_id,p1_0.price_date_time,p1_0.note,p1_0.price from product_price p1_0 where p1_0.product_id=?
Hibernate: select p1_0.product_id,p1_0.image_id,p1_0.alternative,p1_0.path from product_image p1_0 where p1_0.product_id=?
Hibernate: select o1_0.product_id,o1_0.order_id,o2_0.order_id,c1_0.cust_id,c1_0.address,c1_0.email,c1_0.cust_name,c1_0.phone,o2_0.employee_id,e1_0.emp_id,e1_0.address,e1_0.dob,e1_0.email,e1_0.full_name,e1_0.phone,e1_0.status,o2_0.order_date,o1_0.note,o1_0.price,o1_0.quantity from order_detail o1_0 join orders o2_0 on o2_0.order_id=o1_0.order_id left join customer c1_0 on c1_0.cust_id=o2_0.cust_id left join employee e1_0 on e1_0.emp_id=o2_0.employee_id where o1_0.product_id=?
Hibernate: select p1_0.product_id,p1_0.price_date_time,p1_0.note,p1_0.price from product_price p1_0 where p1_0.product_id=?
Hibernate: select p1_0.product_id,p1_0.image_id,p1_0.alternative,p1_0.path from product_image p1_0 where p1_0.product_id=?
Hibernate: select o1_0.product_id,o1_0.order_id,o2_0.order_id,c1_0.cust_id,c1_0.address,c1_0.email,c1_0.cust_name,c1_0.phone,o2_0.employee_id,e1_0.emp_id,e1_0.address,e1_0.dob,e1_0.email,e1_0.full_name,e1_0.phone,e1_0.status,o2_0.order_date,o1_0.note,o1_0.price,o1_0.quantity from order_detail o1_0 join orders o2_0 on o2_0.order_id=o1_0.order_id left join customer c1_0 on c1_0.cust_id=o2_0.cust_id left join employee e1_0 on e1_0.emp_id=o2_0.employee_id where o1_0.product_id=?
Hibernate: select l1_0.employee_id,l1_0.order_id,c1_0.cust_id,c1_0.address,c1_0.email,c1_0.cust_name,c1_0.phone,l1_0.order_date from orders l1_0 left join customer c1_0 on c1_0.cust_id=l1_0.cust_id where l1_0.employee_id=?
Hibernate: select p1_0.product_id,p1_0.description,p1_0.manufacturer_name,p1_0.name,p1_0.status,p1_0.unit,o1_0.product_id,o1_0.order_id,o2_0.order_id,c1_0.cust_id,c1_0.address,c1_0.email,c1_0.cust_name,c1_0.phone,o2_0.employee_id,e1_0.emp_id,e1_0.address,e1_0.dob,e1_0.email,e1_0.full_name,e1_0.phone,e1_0.status,o2_0.order_date,o1_0.note,o1_0.price,o1_0.quantity from product p1_0 left join order_detail o1_0 on p1_0.product_id=o1_0.product_id left join orders o2_0 on o2_0.order_id=o1_0.order_id left join customer c1_0 on c1_0.cust_id=o2_0.cust_id left join employee e1_0 on e1_0.emp_id=o2_0.employee_id where p1_0.product_id=?
Hibernate: select o1_0.order_id,o1_0.product_id,p1_0.product_id,p1_0.description,p1_0.manufacturer_name,p1_0.name,p1_0.status,p1_0.unit,o1_0.note,o1_0.price,o1_0.quantity from order_detail o1_0 join product p1_0 on p1_0.product_id=o1_0.product_id where o1_0.order_id=?
Hibernate: select o1_0.order_id,o1_0.product_id,p1_0.product_id,p1_0.description,p1_0.manufacturer_name,p1_0.name,p1_0.status,p1_0.unit,o1_0.note,o1_0.price,o1_0.quantity from order_detail o1_0 join product p1_0 on p1_0.product_id=o1_0.product_id where o1_0.order_id=?
Hibernate: select o1_0.order_id,o1_0.product_id,p1_0.product_id,p1_0.description,p1_0.manufacturer_name,p1_0.name,p1_0.status,p1_0.unit,o1_0.note,o1_0.price,o1_0.quantity from order_detail o1_0 join product p1_0 on p1_0.product_id=o1_0.product_id where o1_0.order_id=?
Hibernate: select o1_0.order_id,o1_0.product_id,p1_0.product_id,p1_0.description,p1_0.manufacturer_name,p1_0.name,p1_0.status,p1_0.unit,o1_0.note,o1_0.price,o1_0.quantity from order_detail o1_0 join product p1_0 on p1_0.product_id=o1_0.product_id where o1_0.order_id=?
Hibernate: select o1_0.order_id,o1_0.product_id,p1_0.product_id,p1_0.description,p1_0.manufacturer_name,p1_0.name,p1_0.status,p1_0.unit,o1_0.note,o1_0.price,o1_0.quantity from order_detail o1_0 join product p1_0 on p1_0.product_id=o1_0.product_id where o1_0.order_id=?
Hibernate: select o1_0.order_id,o1_0.product_id,p1_0.product_id,p1_0.description,p1_0.manufacturer_name,p1_0.name,p1_0.status,p1_0.unit,o1_0.note,o1_0.price,o1_0.quantity from order_detail o1_0 join product p1_0 on p1_0.product_id=o1_0.product_id where o1_0.order_id=?
Hibernate: select p1_0.product_id,p1_0.price_date_time,p1_0.note,p1_0.price from product_price p1_0 where p1_0.product_id=?
Hibernate: select p1_0.product_id,p1_0.image_id,p1_0.alternative,p1_0.path from product_image p1_0 where p1_0.product_id=?
Hibernate: select o1_0.order_id,o1_0.product_id,p1_0.product_id,p1_0.description,p1_0.manufacturer_name,p1_0.name,p1_0.status,p1_0.unit,o1_0.note,o1_0.price,o1_0.quantity from order_detail o1_0 join product p1_0 on p1_0.product_id=o1_0.product_id where o1_0.order_id=?
Hibernate: insert into order_detail (note,price,quantity,order_id,product_id) values (?,?,?,?,?)
Hibernate: select e1_0.emp_id,e1_0.address,e1_0.dob,e1_0.email,e1_0.full_name,e1_0.phone,e1_0.status from employee e1_0 where e1_0.emp_id=?
Hibernate: select c1_0.cust_id,c1_0.address,c1_0.email,c1_0.cust_name,c1_0.phone from customer c1_0 where c1_0.cust_id=?
Hibernate: select o1_0.order_id,c1_0.cust_id,c1_0.address,c1_0.email,c1_0.cust_name,c1_0.phone,o1_0.employee_id,e1_0.emp_id,e1_0.address,e1_0.dob,e1_0.email,e1_0.full_name,e1_0.phone,e1_0.status,o1_0.order_date,o2_0.order_id,o2_0.product_id,p1_0.product_id,p1_0.description,p1_0.manufacturer_name,p1_0.name,p1_0.status,p1_0.unit,o2_0.note,o2_0.price,o2_0.quantity from orders o1_0 left join customer c1_0 on c1_0.cust_id=o1_0.cust_id join employee e1_0 on e1_0.emp_id=o1_0.employee_id left join order_detail o2_0 on o1_0.order_id=o2_0.order_id left join product p1_0 on p1_0.product_id=o2_0.product_id where o1_0.order_id=?
Hibernate: select c1_0.cust_id,c1_0.address,c1_0.email,c1_0.cust_name,c1_0.phone from customer c1_0 where c1_0.cust_id=?
Hibernate: select e1_0.emp_id,e1_0.address,e1_0.dob,e1_0.email,e1_0.full_name,e1_0.phone,e1_0.status from employee e1_0 where e1_0.emp_id=?
Hibernate: insert into orders (cust_id,employee_id,order_date,order_id) values (?,?,?,default)
Hibernate: select p1_0.product_id,p1_0.description,p1_0.manufacturer_name,p1_0.name,p1_0.status,p1_0.unit from product p1_0 where p1_0.product_id=?
Hibernate: select o1_0.order_id,o2_0.order_id,c1_0.cust_id,c1_0.address,c1_0.email,c1_0.cust_name,c1_0.phone,o2_0.employee_id,e1_0.emp_id,e1_0.address,e1_0.dob,e1_0.email,e1_0.full_name,e1_0.phone,e1_0.status,o2_0.order_date,o1_0.product_id,p1_0.product_id,p1_0.description,p1_0.manufacturer_name,p1_0.name,p1_0.status,p1_0.unit,p2_0.product_id,p2_0.image_id,p2_0.alternative,p2_0.path,o1_0.note,o1_0.price,o1_0.quantity from order_detail o1_0 join orders o2_0 on o2_0.order_id=o1_0.order_id left join customer c1_0 on c1_0.cust_id=o2_0.cust_id left join employee e1_0 on e1_0.emp_id=o2_0.employee_id join product p1_0 on p1_0.product_id=o1_0.product_id left join product_image p2_0 on p1_0.product_id=p2_0.product_id where (o1_0.order_id,o1_0.product_id) in ((?,?))
Hibernate: select o1_0.order_id,c1_0.cust_id,c1_0.address,c1_0.email,c1_0.cust_name,c1_0.phone,o1_0.employee_id,e1_0.emp_id,e1_0.address,e1_0.dob,e1_0.email,e1_0.full_name,e1_0.phone,e1_0.status,o1_0.order_date,o2_0.order_id,o2_0.product_id,p1_0.product_id,p1_0.description,p1_0.manufacturer_name,p1_0.name,p1_0.status,p1_0.unit,o2_0.note,o2_0.price,o2_0.quantity from orders o1_0 left join customer c1_0 on c1_0.cust_id=o1_0.cust_id join employee e1_0 on e1_0.emp_id=o1_0.employee_id left join order_detail o2_0 on o1_0.order_id=o2_0.order_id left join product p1_0 on p1_0.product_id=o2_0.product_id where o1_0.order_id=?
Hibernate: select l1_0.employee_id,l1_0.order_id,c1_0.cust_id,c1_0.address,c1_0.email,c1_0.cust_name,c1_0.phone,l1_0.order_date from orders l1_0 left join customer c1_0 on c1_0.cust_id=l1_0.cust_id where l1_0.employee_id=?
Hibernate: select p1_0.product_id,p1_0.description,p1_0.manufacturer_name,p1_0.name,p1_0.status,p1_0.unit,o1_0.product_id,o1_0.order_id,o2_0.order_id,c1_0.cust_id,c1_0.address,c1_0.email,c1_0.cust_name,c1_0.phone,o2_0.employee_id,e1_0.emp_id,e1_0.address,e1_0.dob,e1_0.email,e1_0.full_name,e1_0.phone,e1_0.status,o2_0.order_date,o1_0.note,o1_0.price,o1_0.quantity from product p1_0 left join order_detail o1_0 on p1_0.product_id=o1_0.product_id left join orders o2_0 on o2_0.order_id=o1_0.order_id left join customer c1_0 on c1_0.cust_id=o2_0.cust_id left join employee e1_0 on e1_0.emp_id=o2_0.employee_id where p1_0.product_id=?
Hibernate: select o1_0.order_id,o1_0.product_id,p1_0.product_id,p1_0.description,p1_0.manufacturer_name,p1_0.name,p1_0.status,p1_0.unit,o1_0.note,o1_0.price,o1_0.quantity from order_detail o1_0 join product p1_0 on p1_0.product_id=o1_0.product_id where o1_0.order_id=?
Hibernate: select l1_0.employee_id,l1_0.order_id,c1_0.cust_id,c1_0.address,c1_0.email,c1_0.cust_name,c1_0.phone,l1_0.order_date from orders l1_0 left join customer c1_0 on c1_0.cust_id=l1_0.cust_id where l1_0.employee_id=?
Hibernate: select o1_0.order_id,o1_0.product_id,p1_0.product_id,p1_0.description,p1_0.manufacturer_name,p1_0.name,p1_0.status,p1_0.unit,o1_0.note,o1_0.price,o1_0.quantity from order_detail o1_0 join product p1_0 on p1_0.product_id=o1_0.product_id where o1_0.order_id=?
Hibernate: select l1_0.employee_id,l1_0.order_id,c1_0.cust_id,c1_0.address,c1_0.email,c1_0.cust_name,c1_0.phone,l1_0.order_date from orders l1_0 left join customer c1_0 on c1_0.cust_id=l1_0.cust_id where l1_0.employee_id=?
Hibernate: select o1_0.order_id,o1_0.product_id,p1_0.product_id,p1_0.description,p1_0.manufacturer_name,p1_0.name,p1_0.status,p1_0.unit,o1_0.note,o1_0.price,o1_0.quantity from order_detail o1_0 join product p1_0 on p1_0.product_id=o1_0.product_id where o1_0.order_id=?
Hibernate: select l1_0.employee_id,l1_0.order_id,c1_0.cust_id,c1_0.address,c1_0.email,c1_0.cust_name,c1_0.phone,l1_0.order_date from orders l1_0 left join customer c1_0 on c1_0.cust_id=l1_0.cust_id where l1_0.employee_id=?
Hibernate: select o1_0.order_id,o1_0.product_id,p1_0.product_id,p1_0.description,p1_0.manufacturer_name,p1_0.name,p1_0.status,p1_0.unit,o1_0.note,o1_0.price,o1_0.quantity from order_detail o1_0 join product p1_0 on p1_0.product_id=o1_0.product_id where o1_0.order_id=?
Hibernate: select o1_0.order_id,o1_0.product_id,p1_0.product_id,p1_0.description,p1_0.manufacturer_name,p1_0.name,p1_0.status,p1_0.unit,o1_0.note,o1_0.price,o1_0.quantity from order_detail o1_0 join product p1_0 on p1_0.product_id=o1_0.product_id where o1_0.order_id=?
Hibernate: select l1_0.employee_id,l1_0.order_id,c1_0.cust_id,c1_0.address,c1_0.email,c1_0.cust_name,c1_0.phone,l1_0.order_date from orders l1_0 left join customer c1_0 on c1_0.cust_id=l1_0.cust_id where l1_0.employee_id=?
Hibernate: select p1_0.product_id,p1_0.price_date_time,p1_0.note,p1_0.price from product_price p1_0 where p1_0.product_id=?
Hibernate: select p1_0.product_id,p1_0.image_id,p1_0.alternative,p1_0.path from product_image p1_0 where p1_0.product_id=?
Hibernate: select o1_0.order_id,o1_0.product_id,p1_0.product_id,p1_0.description,p1_0.manufacturer_name,p1_0.name,p1_0.status,p1_0.unit,o1_0.note,o1_0.price,o1_0.quantity from order_detail o1_0 join product p1_0 on p1_0.product_id=o1_0.product_id where o1_0.order_id=?
Hibernate: select l1_0.employee_id,l1_0.order_id,c1_0.cust_id,c1_0.address,c1_0.email,c1_0.cust_name,c1_0.phone,l1_0.order_date from orders l1_0 left join customer c1_0 on c1_0.cust_id=l1_0.cust_id where l1_0.employee_id=?
Hibernate: insert into order_detail (note,price,quantity,order_id,product_id) values (?,?,?,?,?)
Hibernate: select p1_0.product_id,p1_0.description,p1_0.manufacturer_name,p1_0.name,p1_0.status,p1_0.unit from product p1_0 where p1_0.product_id=?
Hibernate: select o1_0.order_id,o2_0.order_id,c1_0.cust_id,c1_0.address,c1_0.email,c1_0.cust_name,c1_0.phone,o2_0.employee_id,e1_0.emp_id,e1_0.address,e1_0.dob,e1_0.email,e1_0.full_name,e1_0.phone,e1_0.status,o2_0.order_date,o1_0.product_id,p1_0.product_id,p1_0.description,p1_0.manufacturer_name,p1_0.name,p1_0.status,p1_0.unit,p2_0.product_id,p2_0.image_id,p2_0.alternative,p2_0.path,o1_0.note,o1_0.price,o1_0.quantity from order_detail o1_0 join orders o2_0 on o2_0.order_id=o1_0.order_id left join customer c1_0 on c1_0.cust_id=o2_0.cust_id left join employee e1_0 on e1_0.emp_id=o2_0.employee_id join product p1_0 on p1_0.product_id=o1_0.product_id left join product_image p2_0 on p1_0.product_id=p2_0.product_id where (o1_0.order_id,o1_0.product_id) in ((?,?))
Hibernate: select o1_0.order_id,c1_0.cust_id,c1_0.address,c1_0.email,c1_0.cust_name,c1_0.phone,o1_0.employee_id,e1_0.emp_id,e1_0.address,e1_0.dob,e1_0.email,e1_0.full_name,e1_0.phone,e1_0.status,o1_0.order_date,o2_0.order_id,o2_0.product_id,p1_0.product_id,p1_0.description,p1_0.manufacturer_name,p1_0.name,p1_0.status,p1_0.unit,o2_0.note,o2_0.price,o2_0.quantity from orders o1_0 left join customer c1_0 on c1_0.cust_id=o1_0.cust_id join employee e1_0 on e1_0.emp_id=o1_0.employee_id left join order_detail o2_0 on o1_0.order_id=o2_0.order_id left join product p1_0 on p1_0.product_id=o2_0.product_id where o1_0.order_id=?
Hibernate: select p1_0.product_id,p1_0.price_date_time,p1_0.note,p1_0.price from product_price p1_0 where p1_0.product_id=?
Hibernate: select p1_0.product_id,p1_0.image_id,p1_0.alternative,p1_0.path from product_image p1_0 where p1_0.product_id=?
Hibernate: select o1_0.product_id,o1_0.order_id,o2_0.order_id,c1_0.cust_id,c1_0.address,c1_0.email,c1_0.cust_name,c1_0.phone,o2_0.employee_id,e1_0.emp_id,e1_0.address,e1_0.dob,e1_0.email,e1_0.full_name,e1_0.phone,e1_0.status,o2_0.order_date,o1_0.note,o1_0.price,o1_0.quantity from order_detail o1_0 join orders o2_0 on o2_0.order_id=o1_0.order_id left join customer c1_0 on c1_0.cust_id=o2_0.cust_id left join employee e1_0 on e1_0.emp_id=o2_0.employee_id where o1_0.product_id=?
Hibernate: select l1_0.employee_id,l1_0.order_id,c1_0.cust_id,c1_0.address,c1_0.email,c1_0.cust_name,c1_0.phone,l1_0.order_date from orders l1_0 left join customer c1_0 on c1_0.cust_id=l1_0.cust_id where l1_0.employee_id=?
Hibernate: select p1_0.product_id,p1_0.description,p1_0.manufacturer_name,p1_0.name,p1_0.status,p1_0.unit,o1_0.product_id,o1_0.order_id,o2_0.order_id,c1_0.cust_id,c1_0.address,c1_0.email,c1_0.cust_name,c1_0.phone,o2_0.employee_id,e1_0.emp_id,e1_0.address,e1_0.dob,e1_0.email,e1_0.full_name,e1_0.phone,e1_0.status,o2_0.order_date,o1_0.note,o1_0.price,o1_0.quantity from product p1_0 left join order_detail o1_0 on p1_0.product_id=o1_0.product_id left join orders o2_0 on o2_0.order_id=o1_0.order_id left join customer c1_0 on c1_0.cust_id=o2_0.cust_id left join employee e1_0 on e1_0.emp_id=o2_0.employee_id where p1_0.product_id=?
Hibernate: select o1_0.order_id,o1_0.product_id,p1_0.product_id,p1_0.description,p1_0.manufacturer_name,p1_0.name,p1_0.status,p1_0.unit,o1_0.note,o1_0.price,o1_0.quantity from order_detail o1_0 join product p1_0 on p1_0.product_id=o1_0.product_id where o1_0.order_id=?
Hibernate: select o1_0.order_id,o1_0.product_id,p1_0.product_id,p1_0.description,p1_0.manufacturer_name,p1_0.name,p1_0.status,p1_0.unit,o1_0.note,o1_0.price,o1_0.quantity from order_detail o1_0 join product p1_0 on p1_0.product_id=o1_0.product_id where o1_0.order_id=?
Hibernate: select o1_0.order_id,o1_0.product_id,p1_0.product_id,p1_0.description,p1_0.manufacturer_name,p1_0.name,p1_0.status,p1_0.unit,o1_0.note,o1_0.price,o1_0.quantity from order_detail o1_0 join product p1_0 on p1_0.product_id=o1_0.product_id where o1_0.order_id=?
Hibernate: select o1_0.order_id,o1_0.product_id,p1_0.product_id,p1_0.description,p1_0.manufacturer_name,p1_0.name,p1_0.status,p1_0.unit,o1_0.note,o1_0.price,o1_0.quantity from order_detail o1_0 join product p1_0 on p1_0.product_id=o1_0.product_id where o1_0.order_id=?
Hibernate: select o1_0.order_id,o1_0.product_id,p1_0.product_id,p1_0.description,p1_0.manufacturer_name,p1_0.name,p1_0.status,p1_0.unit,o1_0.note,o1_0.price,o1_0.quantity from order_detail o1_0 join product p1_0 on p1_0.product_id=o1_0.product_id where o1_0.order_id=?
Hibernate: select o1_0.order_id,o1_0.product_id,p1_0.product_id,p1_0.description,p1_0.manufacturer_name,p1_0.name,p1_0.status,p1_0.unit,o1_0.note,o1_0.price,o1_0.quantity from order_detail o1_0 join product p1_0 on p1_0.product_id=o1_0.product_id where o1_0.order_id=?
Hibernate: select o1_0.order_id,o1_0.product_id,p1_0.product_id,p1_0.description,p1_0.manufacturer_name,p1_0.name,p1_0.status,p1_0.unit,o1_0.note,o1_0.price,o1_0.quantity from order_detail o1_0 join product p1_0 on p1_0.product_id=o1_0.product_id where o1_0.order_id=?
Hibernate: select o1_0.order_id,o1_0.product_id,p1_0.product_id,p1_0.description,p1_0.manufacturer_name,p1_0.name,p1_0.status,p1_0.unit,o1_0.note,o1_0.price,o1_0.quantity from order_detail o1_0 join product p1_0 on p1_0.product_id=o1_0.product_id where o1_0.order_id=?
Hibernate: select l1_0.employee_id,l1_0.order_id,c1_0.cust_id,c1_0.address,c1_0.email,c1_0.cust_name,c1_0.phone,l1_0.order_date from orders l1_0 left join customer c1_0 on c1_0.cust_id=l1_0.cust_id where l1_0.employee_id=?
Hibernate: select o1_0.order_id,o1_0.product_id,p1_0.product_id,p1_0.description,p1_0.manufacturer_name,p1_0.name,p1_0.status,p1_0.unit,o1_0.note,o1_0.price,o1_0.quantity from order_detail o1_0 join product p1_0 on p1_0.product_id=o1_0.product_id where o1_0.order_id=?
Hibernate: select l1_0.employee_id,l1_0.order_id,c1_0.cust_id,c1_0.address,c1_0.email,c1_0.cust_name,c1_0.phone,l1_0.order_date from orders l1_0 left join customer c1_0 on c1_0.cust_id=l1_0.cust_id where l1_0.employee_id=?
Hibernate: select o1_0.order_id,o1_0.product_id,p1_0.product_id,p1_0.description,p1_0.manufacturer_name,p1_0.name,p1_0.status,p1_0.unit,o1_0.note,o1_0.price,o1_0.quantity from order_detail o1_0 join product p1_0 on p1_0.product_id=o1_0.product_id where o1_0.order_id=?
Hibernate: select o1_0.order_id,o1_0.product_id,p1_0.product_id,p1_0.description,p1_0.manufacturer_name,p1_0.name,p1_0.status,p1_0.unit,o1_0.note,o1_0.price,o1_0.quantity from order_detail o1_0 join product p1_0 on p1_0.product_id=o1_0.product_id where o1_0.order_id=?
Hibernate: select o1_0.order_id,o1_0.product_id,p1_0.product_id,p1_0.description,p1_0.manufacturer_name,p1_0.name,p1_0.status,p1_0.unit,o1_0.note,o1_0.price,o1_0.quantity from order_detail o1_0 join product p1_0 on p1_0.product_id=o1_0.product_id where o1_0.order_id=?
Hibernate: select p1_0.product_id,p1_0.price_date_time,p1_0.note,p1_0.price from product_price p1_0 where p1_0.product_id=?
Hibernate: select p1_0.product_id,p1_0.image_id,p1_0.alternative,p1_0.path from product_image p1_0 where p1_0.product_id=?
Hibernate: select o1_0.order_id,o1_0.product_id,p1_0.product_id,p1_0.description,p1_0.manufacturer_name,p1_0.name,p1_0.status,p1_0.unit,o1_0.note,o1_0.price,o1_0.quantity from order_detail o1_0 join product p1_0 on p1_0.product_id=o1_0.product_id where o1_0.order_id=?
Hibernate: insert into order_detail (note,price,quantity,order_id,product_id) values (?,?,?,?,?)
Hibernate: select p1_0.product_id,p1_0.description,p1_0.manufacturer_name,p1_0.name,p1_0.status,p1_0.unit from product p1_0 where p1_0.product_id=?
Hibernate: select o1_0.order_id,o2_0.order_id,c1_0.cust_id,c1_0.address,c1_0.email,c1_0.cust_name,c1_0.phone,o2_0.employee_id,e1_0.emp_id,e1_0.address,e1_0.dob,e1_0.email,e1_0.full_name,e1_0.phone,e1_0.status,o2_0.order_date,o1_0.product_id,p1_0.product_id,p1_0.description,p1_0.manufacturer_name,p1_0.name,p1_0.status,p1_0.unit,p2_0.product_id,p2_0.image_id,p2_0.alternative,p2_0.path,o1_0.note,o1_0.price,o1_0.quantity from order_detail o1_0 join orders o2_0 on o2_0.order_id=o1_0.order_id left join customer c1_0 on c1_0.cust_id=o2_0.cust_id left join employee e1_0 on e1_0.emp_id=o2_0.employee_id join product p1_0 on p1_0.product_id=o1_0.product_id left join product_image p2_0 on p1_0.product_id=p2_0.product_id where (o1_0.order_id,o1_0.product_id) in ((?,?))
Hibernate: select o1_0.order_id,c1_0.cust_id,c1_0.address,c1_0.email,c1_0.cust_name,c1_0.phone,o1_0.employee_id,e1_0.emp_id,e1_0.address,e1_0.dob,e1_0.email,e1_0.full_name,e1_0.phone,e1_0.status,o1_0.order_date,o2_0.order_id,o2_0.product_id,p1_0.product_id,p1_0.description,p1_0.manufacturer_name,p1_0.name,p1_0.status,p1_0.unit,o2_0.note,o2_0.price,o2_0.quantity from orders o1_0 left join customer c1_0 on c1_0.cust_id=o1_0.cust_id join employee e1_0 on e1_0.emp_id=o1_0.employee_id left join order_detail o2_0 on o1_0.order_id=o2_0.order_id left join product p1_0 on p1_0.product_id=o2_0.product_id where o1_0.order_id=?
Hibernate: select p1_0.product_id,p1_0.price_date_time,p1_0.note,p1_0.price from product_price p1_0 where p1_0.product_id=?
Hibernate: select p1_0.product_id,p1_0.image_id,p1_0.alternative,p1_0.path from product_image p1_0 where p1_0.product_id=?
Hibernate: select o1_0.product_id,o1_0.order_id,o2_0.order_id,c1_0.cust_id,c1_0.address,c1_0.email,c1_0.cust_name,c1_0.phone,o2_0.employee_id,e1_0.emp_id,e1_0.address,e1_0.dob,e1_0.email,e1_0.full_name,e1_0.phone,e1_0.status,o2_0.order_date,o1_0.note,o1_0.price,o1_0.quantity from order_detail o1_0 join orders o2_0 on o2_0.order_id=o1_0.order_id left join customer c1_0 on c1_0.cust_id=o2_0.cust_id left join employee e1_0 on e1_0.emp_id=o2_0.employee_id where o1_0.product_id=?
Hibernate: select p1_0.product_id,p1_0.price_date_time,p1_0.note,p1_0.price from product_price p1_0 where p1_0.product_id=?
Hibernate: select p1_0.product_id,p1_0.image_id,p1_0.alternative,p1_0.path from product_image p1_0 where p1_0.product_id=?
Hibernate: select o1_0.product_id,o1_0.order_id,o2_0.order_id,c1_0.cust_id,c1_0.address,c1_0.email,c1_0.cust_name,c1_0.phone,o2_0.employee_id,e1_0.emp_id,e1_0.address,e1_0.dob,e1_0.email,e1_0.full_name,e1_0.phone,e1_0.status,o2_0.order_date,o1_0.note,o1_0.price,o1_0.quantity from order_detail o1_0 join orders o2_0 on o2_0.order_id=o1_0.order_id left join customer c1_0 on c1_0.cust_id=o2_0.cust_id left join employee e1_0 on e1_0.emp_id=o2_0.employee_id where o1_0.product_id=?
Hibernate: select l1_0.employee_id,l1_0.order_id,c1_0.cust_id,c1_0.address,c1_0.email,c1_0.cust_name,c1_0.phone,l1_0.order_date from orders l1_0 left join customer c1_0 on c1_0.cust_id=l1_0.cust_id where l1_0.employee_id=?
Hibernate: select p1_0.product_id,p1_0.description,p1_0.manufacturer_name,p1_0.name,p1_0.status,p1_0.unit,o1_0.product_id,o1_0.order_id,o2_0.order_id,c1_0.cust_id,c1_0.address,c1_0.email,c1_0.cust_name,c1_0.phone,o2_0.employee_id,e1_0.emp_id,e1_0.address,e1_0.dob,e1_0.email,e1_0.full_name,e1_0.phone,e1_0.status,o2_0.order_date,o1_0.note,o1_0.price,o1_0.quantity from product p1_0 left join order_detail o1_0 on p1_0.product_id=o1_0.product_id left join orders o2_0 on o2_0.order_id=o1_0.order_id left join customer c1_0 on c1_0.cust_id=o2_0.cust_id left join employee e1_0 on e1_0.emp_id=o2_0.employee_id where p1_0.product_id=?
Hibernate: select o1_0.order_id,o1_0.product_id,p1_0.product_id,p1_0.description,p1_0.manufacturer_name,p1_0.name,p1_0.status,p1_0.unit,o1_0.note,o1_0.price,o1_0.quantity from order_detail o1_0 join product p1_0 on p1_0.product_id=o1_0.product_id where o1_0.order_id=?
Hibernate: select o1_0.order_id,o1_0.product_id,p1_0.product_id,p1_0.description,p1_0.manufacturer_name,p1_0.name,p1_0.status,p1_0.unit,o1_0.note,o1_0.price,o1_0.quantity from order_detail o1_0 join product p1_0 on p1_0.product_id=o1_0.product_id where o1_0.order_id=?
Hibernate: select o1_0.order_id,o1_0.product_id,p1_0.product_id,p1_0.description,p1_0.manufacturer_name,p1_0.name,p1_0.status,p1_0.unit,o1_0.note,o1_0.price,o1_0.quantity from order_detail o1_0 join product p1_0 on p1_0.product_id=o1_0.product_id where o1_0.order_id=?
Hibernate: select o1_0.order_id,o1_0.product_id,p1_0.product_id,p1_0.description,p1_0.manufacturer_name,p1_0.name,p1_0.status,p1_0.unit,o1_0.note,o1_0.price,o1_0.quantity from order_detail o1_0 join product p1_0 on p1_0.product_id=o1_0.product_id where o1_0.order_id=?
Hibernate: select o1_0.order_id,o1_0.product_id,p1_0.product_id,p1_0.description,p1_0.manufacturer_name,p1_0.name,p1_0.status,p1_0.unit,o1_0.note,o1_0.price,o1_0.quantity from order_detail o1_0 join product p1_0 on p1_0.product_id=o1_0.product_id where o1_0.order_id=?
Hibernate: select p1_0.product_id,p1_0.price_date_time,p1_0.note,p1_0.price from product_price p1_0 where p1_0.product_id=?
Hibernate: select p1_0.product_id,p1_0.image_id,p1_0.alternative,p1_0.path from product_image p1_0 where p1_0.product_id=?
Hibernate: insert into order_detail (note,price,quantity,order_id,product_id) values (?,?,?,?,?)
Hibernate: select e1_0.emp_id,e1_0.address,e1_0.dob,e1_0.email,e1_0.full_name,e1_0.phone,e1_0.status from employee e1_0 where e1_0.emp_id=?
Hibernate: select c1_0.cust_id,c1_0.address,c1_0.email,c1_0.cust_name,c1_0.phone from customer c1_0 where c1_0.cust_id=?
Hibernate: select o1_0.order_id,c1_0.cust_id,c1_0.address,c1_0.email,c1_0.cust_name,c1_0.phone,o1_0.employee_id,e1_0.emp_id,e1_0.address,e1_0.dob,e1_0.email,e1_0.full_name,e1_0.phone,e1_0.status,o1_0.order_date,o2_0.order_id,o2_0.product_id,p1_0.product_id,p1_0.description,p1_0.manufacturer_name,p1_0.name,p1_0.status,p1_0.unit,o2_0.note,o2_0.price,o2_0.quantity from orders o1_0 left join customer c1_0 on c1_0.cust_id=o1_0.cust_id join employee e1_0 on e1_0.emp_id=o1_0.employee_id left join order_detail o2_0 on o1_0.order_id=o2_0.order_id left join product p1_0 on p1_0.product_id=o2_0.product_id where o1_0.order_id=?
Hibernate: select c1_0.cust_id,c1_0.address,c1_0.email,c1_0.cust_name,c1_0.phone from customer c1_0 where c1_0.cust_id=?
Hibernate: select e1_0.emp_id,e1_0.address,e1_0.dob,e1_0.email,e1_0.full_name,e1_0.phone,e1_0.status from employee e1_0 where e1_0.emp_id=?
Hibernate: insert into orders (cust_id,employee_id,order_date,order_id) values (?,?,?,default)
Hibernate: select p1_0.product_id,p1_0.description,p1_0.manufacturer_name,p1_0.name,p1_0.status,p1_0.unit from product p1_0 where p1_0.product_id=?
Hibernate: select o1_0.order_id,o2_0.order_id,c1_0.cust_id,c1_0.address,c1_0.email,c1_0.cust_name,c1_0.phone,o2_0.employee_id,e1_0.emp_id,e1_0.address,e1_0.dob,e1_0.email,e1_0.full_name,e1_0.phone,e1_0.status,o2_0.order_date,o1_0.product_id,p1_0.product_id,p1_0.description,p1_0.manufacturer_name,p1_0.name,p1_0.status,p1_0.unit,p2_0.product_id,p2_0.image_id,p2_0.alternative,p2_0.path,o1_0.note,o1_0.price,o1_0.quantity from order_detail o1_0 join orders o2_0 on o2_0.order_id=o1_0.order_id left join customer c1_0 on c1_0.cust_id=o2_0.cust_id left join employee e1_0 on e1_0.emp_id=o2_0.employee_id join product p1_0 on p1_0.product_id=o1_0.product_id left join product_image p2_0 on p1_0.product_id=p2_0.product_id where (o1_0.order_id,o1_0.product_id) in ((?,?))
Hibernate: select o1_0.order_id,c1_0.cust_id,c1_0.address,c1_0.email,c1_0.cust_name,c1_0.phone,o1_0.employee_id,e1_0.emp_id,e1_0.address,e1_0.dob,e1_0.email,e1_0.full_name,e1_0.phone,e1_0.status,o1_0.order_date,o2_0.order_id,o2_0.product_id,p1_0.product_id,p1_0.description,p1_0.manufacturer_name,p1_0.name,p1_0.status,p1_0.unit,o2_0.note,o2_0.price,o2_0.quantity from orders o1_0 left join customer c1_0 on c1_0.cust_id=o1_0.cust_id join employee e1_0 on e1_0.emp_id=o1_0.employee_id left join order_detail o2_0 on o1_0.order_id=o2_0.order_id left join product p1_0 on p1_0.product_id=o2_0.product_id where o1_0.order_id=?
Hibernate: select l1_0.employee_id,l1_0.order_id,c1_0.cust_id,c1_0.address,c1_0.email,c1_0.cust_name,c1_0.phone,l1_0.order_date from orders l1_0 left join customer c1_0 on c1_0.cust_id=l1_0.cust_id where l1_0.employee_id=?
Hibernate: select p1_0.product_id,p1_0.description,p1_0.manufacturer_name,p1_0.name,p1_0.status,p1_0.unit,o1_0.product_id,o1_0.order_id,o2_0.order_id,c1_0.cust_id,c1_0.address,c1_0.email,c1_0.cust_name,c1_0.phone,o2_0.employee_id,e1_0.emp_id,e1_0.address,e1_0.dob,e1_0.email,e1_0.full_name,e1_0.phone,e1_0.status,o2_0.order_date,o1_0.note,o1_0.price,o1_0.quantity from product p1_0 left join order_detail o1_0 on p1_0.product_id=o1_0.product_id left join orders o2_0 on o2_0.order_id=o1_0.order_id left join customer c1_0 on c1_0.cust_id=o2_0.cust_id left join employee e1_0 on e1_0.emp_id=o2_0.employee_id where p1_0.product_id=?
Hibernate: select o1_0.order_id,o1_0.product_id,p1_0.product_id,p1_0.description,p1_0.manufacturer_name,p1_0.name,p1_0.status,p1_0.unit,o1_0.note,o1_0.price,o1_0.quantity from order_detail o1_0 join product p1_0 on p1_0.product_id=o1_0.product_id where o1_0.order_id=?
Hibernate: select o1_0.order_id,o1_0.product_id,p1_0.product_id,p1_0.description,p1_0.manufacturer_name,p1_0.name,p1_0.status,p1_0.unit,o1_0.note,o1_0.price,o1_0.quantity from order_detail o1_0 join product p1_0 on p1_0.product_id=o1_0.product_id where o1_0.order_id=?
Hibernate: select l1_0.employee_id,l1_0.order_id,c1_0.cust_id,c1_0.address,c1_0.email,c1_0.cust_name,c1_0.phone,l1_0.order_date from orders l1_0 left join customer c1_0 on c1_0.cust_id=l1_0.cust_id where l1_0.employee_id=?
Hibernate: select o1_0.order_id,o1_0.product_id,p1_0.product_id,p1_0.description,p1_0.manufacturer_name,p1_0.name,p1_0.status,p1_0.unit,o1_0.note,o1_0.price,o1_0.quantity from order_detail o1_0 join product p1_0 on p1_0.product_id=o1_0.product_id where o1_0.order_id=?
Hibernate: select o1_0.order_id,o1_0.product_id,p1_0.product_id,p1_0.description,p1_0.manufacturer_name,p1_0.name,p1_0.status,p1_0.unit,o1_0.note,o1_0.price,o1_0.quantity from order_detail o1_0 join product p1_0 on p1_0.product_id=o1_0.product_id where o1_0.order_id=?
Hibernate: select o1_0.order_id,o1_0.product_id,p1_0.product_id,p1_0.description,p1_0.manufacturer_name,p1_0.name,p1_0.status,p1_0.unit,o1_0.note,o1_0.price,o1_0.quantity from order_detail o1_0 join product p1_0 on p1_0.product_id=o1_0.product_id where o1_0.order_id=?
Hibernate: select o1_0.order_id,o1_0.product_id,p1_0.product_id,p1_0.description,p1_0.manufacturer_name,p1_0.name,p1_0.status,p1_0.unit,o1_0.note,o1_0.price,o1_0.quantity from order_detail o1_0 join product p1_0 on p1_0.product_id=o1_0.product_id where o1_0.order_id=?
Hibernate: select l1_0.employee_id,l1_0.order_id,c1_0.cust_id,c1_0.address,c1_0.email,c1_0.cust_name,c1_0.phone,l1_0.order_date from orders l1_0 left join customer c1_0 on c1_0.cust_id=l1_0.cust_id where l1_0.employee_id=?
Hibernate: select o1_0.order_id,o1_0.product_id,p1_0.product_id,p1_0.description,p1_0.manufacturer_name,p1_0.name,p1_0.status,p1_0.unit,o1_0.note,o1_0.price,o1_0.quantity from order_detail o1_0 join product p1_0 on p1_0.product_id=o1_0.product_id where o1_0.order_id=?
Hibernate: select o1_0.order_id,o1_0.product_id,p1_0.product_id,p1_0.description,p1_0.manufacturer_name,p1_0.name,p1_0.status,p1_0.unit,o1_0.note,o1_0.price,o1_0.quantity from order_detail o1_0 join product p1_0 on p1_0.product_id=o1_0.product_id where o1_0.order_id=?
Hibernate: select l1_0.employee_id,l1_0.order_id,c1_0.cust_id,c1_0.address,c1_0.email,c1_0.cust_name,c1_0.phone,l1_0.order_date from orders l1_0 left join customer c1_0 on c1_0.cust_id=l1_0.cust_id where l1_0.employee_id=?
Hibernate: select o1_0.order_id,o1_0.product_id,p1_0.product_id,p1_0.description,p1_0.manufacturer_name,p1_0.name,p1_0.status,p1_0.unit,o1_0.note,o1_0.price,o1_0.quantity from order_detail o1_0 join product p1_0 on p1_0.product_id=o1_0.product_id where o1_0.order_id=?
Hibernate: select l1_0.employee_id,l1_0.order_id,c1_0.cust_id,c1_0.address,c1_0.email,c1_0.cust_name,c1_0.phone,l1_0.order_date from orders l1_0 left join customer c1_0 on c1_0.cust_id=l1_0.cust_id where l1_0.employee_id=?
Hibernate: select p1_0.product_id,p1_0.price_date_time,p1_0.note,p1_0.price from product_price p1_0 where p1_0.product_id=?
Hibernate: select p1_0.product_id,p1_0.image_id,p1_0.alternative,p1_0.path from product_image p1_0 where p1_0.product_id=?
Hibernate: select o1_0.order_id,o1_0.product_id,p1_0.product_id,p1_0.description,p1_0.manufacturer_name,p1_0.name,p1_0.status,p1_0.unit,o1_0.note,o1_0.price,o1_0.quantity from order_detail o1_0 join product p1_0 on p1_0.product_id=o1_0.product_id where o1_0.order_id=?
Hibernate: select l1_0.employee_id,l1_0.order_id,c1_0.cust_id,c1_0.address,c1_0.email,c1_0.cust_name,c1_0.phone,l1_0.order_date from orders l1_0 left join customer c1_0 on c1_0.cust_id=l1_0.cust_id where l1_0.employee_id=?
Hibernate: insert into order_detail (note,price,quantity,order_id,product_id) values (?,?,?,?,?)
Hibernate: select p1_0.product_id,p1_0.description,p1_0.manufacturer_name,p1_0.name,p1_0.status,p1_0.unit from product p1_0 where p1_0.product_id=?
Hibernate: select o1_0.order_id,o2_0.order_id,c1_0.cust_id,c1_0.address,c1_0.email,c1_0.cust_name,c1_0.phone,o2_0.employee_id,e1_0.emp_id,e1_0.address,e1_0.dob,e1_0.email,e1_0.full_name,e1_0.phone,e1_0.status,o2_0.order_date,o1_0.product_id,p1_0.product_id,p1_0.description,p1_0.manufacturer_name,p1_0.name,p1_0.status,p1_0.unit,p2_0.product_id,p2_0.image_id,p2_0.alternative,p2_0.path,o1_0.note,o1_0.price,o1_0.quantity from order_detail o1_0 join orders o2_0 on o2_0.order_id=o1_0.order_id left join customer c1_0 on c1_0.cust_id=o2_0.cust_id left join employee e1_0 on e1_0.emp_id=o2_0.employee_id join product p1_0 on p1_0.product_id=o1_0.product_id left join product_image p2_0 on p1_0.product_id=p2_0.product_id where (o1_0.order_id,o1_0.product_id) in ((?,?))
Hibernate: select o1_0.order_id,c1_0.cust_id,c1_0.address,c1_0.email,c1_0.cust_name,c1_0.phone,o1_0.employee_id,e1_0.emp_id,e1_0.address,e1_0.dob,e1_0.email,e1_0.full_name,e1_0.phone,e1_0.status,o1_0.order_date,o2_0.order_id,o2_0.product_id,p1_0.product_id,p1_0.description,p1_0.manufacturer_name,p1_0.name,p1_0.status,p1_0.unit,o2_0.note,o2_0.price,o2_0.quantity from orders o1_0 left join customer c1_0 on c1_0.cust_id=o1_0.cust_id join employee e1_0 on e1_0.emp_id=o1_0.employee_id left join order_detail o2_0 on o1_0.order_id=o2_0.order_id left join product p1_0 on p1_0.product_id=o2_0.product_id where o1_0.order_id=?
Hibernate: select p1_0.product_id,p1_0.price_date_time,p1_0.note,p1_0.price from product_price p1_0 where p1_0.product_id=?
Hibernate: select p1_0.product_id,p1_0.image_id,p1_0.alternative,p1_0.path from product_image p1_0 where p1_0.product_id=?
Hibernate: select o1_0.product_id,o1_0.order_id,o2_0.order_id,c1_0.cust_id,c1_0.address,c1_0.email,c1_0.cust_name,c1_0.phone,o2_0.employee_id,e1_0.emp_id,e1_0.address,e1_0.dob,e1_0.email,e1_0.full_name,e1_0.phone,e1_0.status,o2_0.order_date,o1_0.note,o1_0.price,o1_0.quantity from order_detail o1_0 join orders o2_0 on o2_0.order_id=o1_0.order_id left join customer c1_0 on c1_0.cust_id=o2_0.cust_id left join employee e1_0 on e1_0.emp_id=o2_0.employee_id where o1_0.product_id=?
Hibernate: select l1_0.employee_id,l1_0.order_id,c1_0.cust_id,c1_0.address,c1_0.email,c1_0.cust_name,c1_0.phone,l1_0.order_date from orders l1_0 left join customer c1_0 on c1_0.cust_id=l1_0.cust_id where l1_0.employee_id=?
Hibernate: select p1_0.product_id,p1_0.description,p1_0.manufacturer_name,p1_0.name,p1_0.status,p1_0.unit,o1_0.product_id,o1_0.order_id,o2_0.order_id,c1_0.cust_id,c1_0.address,c1_0.email,c1_0.cust_name,c1_0.phone,o2_0.employee_id,e1_0.emp_id,e1_0.address,e1_0.dob,e1_0.email,e1_0.full_name,e1_0.phone,e1_0.status,o2_0.order_date,o1_0.note,o1_0.price,o1_0.quantity from product p1_0 left join order_detail o1_0 on p1_0.product_id=o1_0.product_id left join orders o2_0 on o2_0.order_id=o1_0.order_id left join customer c1_0 on c1_0.cust_id=o2_0.cust_id left join employee e1_0 on e1_0.emp_id=o2_0.employee_id where p1_0.product_id=?
Hibernate: select o1_0.order_id,o1_0.product_id,p1_0.product_id,p1_0.description,p1_0.manufacturer_name,p1_0.name,p1_0.status,p1_0.unit,o1_0.note,o1_0.price,o1_0.quantity from order_detail o1_0 join product p1_0 on p1_0.product_id=o1_0.product_id where o1_0.order_id=?
Hibernate: select o1_0.order_id,o1_0.product_id,p1_0.product_id,p1_0.description,p1_0.manufacturer_name,p1_0.name,p1_0.status,p1_0.unit,o1_0.note,o1_0.price,o1_0.quantity from order_detail o1_0 join product p1_0 on p1_0.product_id=o1_0.product_id where o1_0.order_id=?
Hibernate: select l1_0.employee_id,l1_0.order_id,c1_0.cust_id,c1_0.address,c1_0.email,c1_0.cust_name,c1_0.phone,l1_0.order_date from orders l1_0 left join customer c1_0 on c1_0.cust_id=l1_0.cust_id where l1_0.employee_id=?
Hibernate: select o1_0.order_id,o1_0.product_id,p1_0.product_id,p1_0.description,p1_0.manufacturer_name,p1_0.name,p1_0.status,p1_0.unit,o1_0.note,o1_0.price,o1_0.quantity from order_detail o1_0 join product p1_0 on p1_0.product_id=o1_0.product_id where o1_0.order_id=?
Hibernate: select l1_0.employee_id,l1_0.order_id,c1_0.cust_id,c1_0.address,c1_0.email,c1_0.cust_name,c1_0.phone,l1_0.order_date from orders l1_0 left join customer c1_0 on c1_0.cust_id=l1_0.cust_id where l1_0.employee_id=?
Hibernate: select o1_0.order_id,o1_0.product_id,p1_0.product_id,p1_0.description,p1_0.manufacturer_name,p1_0.name,p1_0.status,p1_0.unit,o1_0.note,o1_0.price,o1_0.quantity from order_detail o1_0 join product p1_0 on p1_0.product_id=o1_0.product_id where o1_0.order_id=?
Hibernate: select o1_0.order_id,o1_0.product_id,p1_0.product_id,p1_0.description,p1_0.manufacturer_name,p1_0.name,p1_0.status,p1_0.unit,o1_0.note,o1_0.price,o1_0.quantity from order_detail o1_0 join product p1_0 on p1_0.product_id=o1_0.product_id where o1_0.order_id=?
Hibernate: select p1_0.product_id,p1_0.price_date_time,p1_0.note,p1_0.price from product_price p1_0 where p1_0.product_id=?
Hibernate: select p1_0.product_id,p1_0.image_id,p1_0.alternative,p1_0.path from product_image p1_0 where p1_0.product_id=?
Hibernate: select o1_0.order_id,o1_0.product_id,p1_0.product_id,p1_0.description,p1_0.manufacturer_name,p1_0.name,p1_0.status,p1_0.unit,o1_0.note,o1_0.price,o1_0.quantity from order_detail o1_0 join product p1_0 on p1_0.product_id=o1_0.product_id where o1_0.order_id=?
Hibernate: select l1_0.employee_id,l1_0.order_id,c1_0.cust_id,c1_0.address,c1_0.email,c1_0.cust_name,c1_0.phone,l1_0.order_date from orders l1_0 left join customer c1_0 on c1_0.cust_id=l1_0.cust_id where l1_0.employee_id=?
Hibernate: insert into order_detail (note,price,quantity,order_id,product_id) values (?,?,?,?,?)
Hibernate: select p1_0.product_id,p1_0.description,p1_0.manufacturer_name,p1_0.name,p1_0.status,p1_0.unit from product p1_0 where p1_0.product_id=?
Hibernate: select o1_0.order_id,o2_0.order_id,c1_0.cust_id,c1_0.address,c1_0.email,c1_0.cust_name,c1_0.phone,o2_0.employee_id,e1_0.emp_id,e1_0.address,e1_0.dob,e1_0.email,e1_0.full_name,e1_0.phone,e1_0.status,o2_0.order_date,o1_0.product_id,p1_0.product_id,p1_0.description,p1_0.manufacturer_name,p1_0.name,p1_0.status,p1_0.unit,p2_0.product_id,p2_0.image_id,p2_0.alternative,p2_0.path,o1_0.note,o1_0.price,o1_0.quantity from order_detail o1_0 join orders o2_0 on o2_0.order_id=o1_0.order_id left join customer c1_0 on c1_0.cust_id=o2_0.cust_id left join employee e1_0 on e1_0.emp_id=o2_0.employee_id join product p1_0 on p1_0.product_id=o1_0.product_id left join product_image p2_0 on p1_0.product_id=p2_0.product_id where (o1_0.order_id,o1_0.product_id) in ((?,?))
Hibernate: select o1_0.order_id,c1_0.cust_id,c1_0.address,c1_0.email,c1_0.cust_name,c1_0.phone,o1_0.employee_id,e1_0.emp_id,e1_0.address,e1_0.dob,e1_0.email,e1_0.full_name,e1_0.phone,e1_0.status,o1_0.order_date,o2_0.order_id,o2_0.product_id,p1_0.product_id,p1_0.description,p1_0.manufacturer_name,p1_0.name,p1_0.status,p1_0.unit,o2_0.note,o2_0.price,o2_0.quantity from orders o1_0 left join customer c1_0 on c1_0.cust_id=o1_0.cust_id join employee e1_0 on e1_0.emp_id=o1_0.employee_id left join order_detail o2_0 on o1_0.order_id=o2_0.order_id left join product p1_0 on p1_0.product_id=o2_0.product_id where o1_0.order_id=?
Hibernate: select p1_0.product_id,p1_0.price_date_time,p1_0.note,p1_0.price from product_price p1_0 where p1_0.product_id=?
Hibernate: select p1_0.product_id,p1_0.image_id,p1_0.alternative,p1_0.path from product_image p1_0 where p1_0.product_id=?
Hibernate: select o1_0.product_id,o1_0.order_id,o2_0.order_id,c1_0.cust_id,c1_0.address,c1_0.email,c1_0.cust_name,c1_0.phone,o2_0.employee_id,e1_0.emp_id,e1_0.address,e1_0.dob,e1_0.email,e1_0.full_name,e1_0.phone,e1_0.status,o2_0.order_date,o1_0.note,o1_0.price,o1_0.quantity from order_detail o1_0 join orders o2_0 on o2_0.order_id=o1_0.order_id left join customer c1_0 on c1_0.cust_id=o2_0.cust_id left join employee e1_0 on e1_0.emp_id=o2_0.employee_id where o1_0.product_id=?
Hibernate: select p1_0.product_id,p1_0.price_date_time,p1_0.note,p1_0.price from product_price p1_0 where p1_0.product_id=?
Hibernate: select p1_0.product_id,p1_0.image_id,p1_0.alternative,p1_0.path from product_image p1_0 where p1_0.product_id=?
Hibernate: select o1_0.product_id,o1_0.order_id,o2_0.order_id,c1_0.cust_id,c1_0.address,c1_0.email,c1_0.cust_name,c1_0.phone,o2_0.employee_id,e1_0.emp_id,e1_0.address,e1_0.dob,e1_0.email,e1_0.full_name,e1_0.phone,e1_0.status,o2_0.order_date,o1_0.note,o1_0.price,o1_0.quantity from order_detail o1_0 join orders o2_0 on o2_0.order_id=o1_0.order_id left join customer c1_0 on c1_0.cust_id=o2_0.cust_id left join employee e1_0 on e1_0.emp_id=o2_0.employee_id where o1_0.product_id=?
Hibernate: select l1_0.employee_id,l1_0.order_id,c1_0.cust_id,c1_0.address,c1_0.email,c1_0.cust_name,c1_0.phone,l1_0.order_date from orders l1_0 left join customer c1_0 on c1_0.cust_id=l1_0.cust_id where l1_0.employee_id=?
Hibernate: select p1_0.product_id,p1_0.description,p1_0.manufacturer_name,p1_0.name,p1_0.status,p1_0.unit,o1_0.product_id,o1_0.order_id,o2_0.order_id,c1_0.cust_id,c1_0.address,c1_0.email,c1_0.cust_name,c1_0.phone,o2_0.employee_id,e1_0.emp_id,e1_0.address,e1_0.dob,e1_0.email,e1_0.full_name,e1_0.phone,e1_0.status,o2_0.order_date,o1_0.note,o1_0.price,o1_0.quantity from product p1_0 left join order_detail o1_0 on p1_0.product_id=o1_0.product_id left join orders o2_0 on o2_0.order_id=o1_0.order_id left join customer c1_0 on c1_0.cust_id=o2_0.cust_id left join employee e1_0 on e1_0.emp_id=o2_0.employee_id where p1_0.product_id=?
Hibernate: select o1_0.order_id,o1_0.product_id,p1_0.product_id,p1_0.description,p1_0.manufacturer_name,p1_0.name,p1_0.status,p1_0.unit,o1_0.note,o1_0.price,o1_0.quantity from order_detail o1_0 join product p1_0 on p1_0.product_id=o1_0.product_id where o1_0.order_id=?
Hibernate: select o1_0.order_id,o1_0.product_id,p1_0.product_id,p1_0.description,p1_0.manufacturer_name,p1_0.name,p1_0.status,p1_0.unit,o1_0.note,o1_0.price,o1_0.quantity from order_detail o1_0 join product p1_0 on p1_0.product_id=o1_0.product_id where o1_0.order_id=?
Hibernate: select o1_0.order_id,o1_0.product_id,p1_0.product_id,p1_0.description,p1_0.manufacturer_name,p1_0.name,p1_0.status,p1_0.unit,o1_0.note,o1_0.price,o1_0.quantity from order_detail o1_0 join product p1_0 on p1_0.product_id=o1_0.product_id where o1_0.order_id=?
Hibernate: select o1_0.order_id,o1_0.product_id,p1_0.product_id,p1_0.description,p1_0.manufacturer_name,p1_0.name,p1_0.status,p1_0.unit,o1_0.note,o1_0.price,o1_0.quantity from order_detail o1_0 join product p1_0 on p1_0.product_id=o1_0.product_id where o1_0.order_id=?
Hibernate: select o1_0.order_id,o1_0.product_id,p1_0.product_id,p1_0.description,p1_0.manufacturer_name,p1_0.name,p1_0.status,p1_0.unit,o1_0.note,o1_0.price,o1_0.quantity from order_detail o1_0 join product p1_0 on p1_0.product_id=o1_0.product_id where o1_0.order_id=?
Hibernate: select o1_0.order_id,o1_0.product_id,p1_0.product_id,p1_0.description,p1_0.manufacturer_name,p1_0.name,p1_0.status,p1_0.unit,o1_0.note,o1_0.price,o1_0.quantity from order_detail o1_0 join product p1_0 on p1_0.product_id=o1_0.product_id where o1_0.order_id=?
Hibernate: select p1_0.product_id,p1_0.price_date_time,p1_0.note,p1_0.price from product_price p1_0 where p1_0.product_id=?
Hibernate: select p1_0.product_id,p1_0.image_id,p1_0.alternative,p1_0.path from product_image p1_0 where p1_0.product_id=?
Hibernate: select o1_0.order_id,o1_0.product_id,p1_0.product_id,p1_0.description,p1_0.manufacturer_name,p1_0.name,p1_0.status,p1_0.unit,o1_0.note,o1_0.price,o1_0.quantity from order_detail o1_0 join product p1_0 on p1_0.product_id=o1_0.product_id where o1_0.order_id=?
Hibernate: insert into order_detail (note,price,quantity,order_id,product_id) values (?,?,?,?,?)
Hibernate: select e1_0.emp_id,e1_0.address,e1_0.dob,e1_0.email,e1_0.full_name,e1_0.phone,e1_0.status from employee e1_0 where e1_0.emp_id=?
Hibernate: select c1_0.cust_id,c1_0.address,c1_0.email,c1_0.cust_name,c1_0.phone from customer c1_0 where c1_0.cust_id=?
Hibernate: select o1_0.order_id,c1_0.cust_id,c1_0.address,c1_0.email,c1_0.cust_name,c1_0.phone,o1_0.employee_id,e1_0.emp_id,e1_0.address,e1_0.dob,e1_0.email,e1_0.full_name,e1_0.phone,e1_0.status,o1_0.order_date,o2_0.order_id,o2_0.product_id,p1_0.product_id,p1_0.description,p1_0.manufacturer_name,p1_0.name,p1_0.status,p1_0.unit,o2_0.note,o2_0.price,o2_0.quantity from orders o1_0 left join customer c1_0 on c1_0.cust_id=o1_0.cust_id join employee e1_0 on e1_0.emp_id=o1_0.employee_id left join order_detail o2_0 on o1_0.order_id=o2_0.order_id left join product p1_0 on p1_0.product_id=o2_0.product_id where o1_0.order_id=?
Hibernate: select c1_0.cust_id,c1_0.address,c1_0.email,c1_0.cust_name,c1_0.phone from customer c1_0 where c1_0.cust_id=?
Hibernate: select e1_0.emp_id,e1_0.address,e1_0.dob,e1_0.email,e1_0.full_name,e1_0.phone,e1_0.status from employee e1_0 where e1_0.emp_id=?
Hibernate: insert into orders (cust_id,employee_id,order_date,order_id) values (?,?,?,default)
Hibernate: select p1_0.product_id,p1_0.description,p1_0.manufacturer_name,p1_0.name,p1_0.status,p1_0.unit from product p1_0 where p1_0.product_id=?
Hibernate: select o1_0.order_id,o2_0.order_id,c1_0.cust_id,c1_0.address,c1_0.email,c1_0.cust_name,c1_0.phone,o2_0.employee_id,e1_0.emp_id,e1_0.address,e1_0.dob,e1_0.email,e1_0.full_name,e1_0.phone,e1_0.status,o2_0.order_date,o1_0.product_id,p1_0.product_id,p1_0.description,p1_0.manufacturer_name,p1_0.name,p1_0.status,p1_0.unit,p2_0.product_id,p2_0.image_id,p2_0.alternative,p2_0.path,o1_0.note,o1_0.price,o1_0.quantity from order_detail o1_0 join orders o2_0 on o2_0.order_id=o1_0.order_id left join customer c1_0 on c1_0.cust_id=o2_0.cust_id left join employee e1_0 on e1_0.emp_id=o2_0.employee_id join product p1_0 on p1_0.product_id=o1_0.product_id left join product_image p2_0 on p1_0.product_id=p2_0.product_id where (o1_0.order_id,o1_0.product_id) in ((?,?))
Hibernate: select o1_0.order_id,c1_0.cust_id,c1_0.address,c1_0.email,c1_0.cust_name,c1_0.phone,o1_0.employee_id,e1_0.emp_id,e1_0.address,e1_0.dob,e1_0.email,e1_0.full_name,e1_0.phone,e1_0.status,o1_0.order_date,o2_0.order_id,o2_0.product_id,p1_0.product_id,p1_0.description,p1_0.manufacturer_name,p1_0.name,p1_0.status,p1_0.unit,o2_0.note,o2_0.price,o2_0.quantity from orders o1_0 left join customer c1_0 on c1_0.cust_id=o1_0.cust_id join employee e1_0 on e1_0.emp_id=o1_0.employee_id left join order_detail o2_0 on o1_0.order_id=o2_0.order_id left join product p1_0 on p1_0.product_id=o2_0.product_id where o1_0.order_id=?
Hibernate: select l1_0.employee_id,l1_0.order_id,c1_0.cust_id,c1_0.address,c1_0.email,c1_0.cust_name,c1_0.phone,l1_0.order_date from orders l1_0 left join customer c1_0 on c1_0.cust_id=l1_0.cust_id where l1_0.employee_id=?
Hibernate: select p1_0.product_id,p1_0.description,p1_0.manufacturer_name,p1_0.name,p1_0.status,p1_0.unit,o1_0.product_id,o1_0.order_id,o2_0.order_id,c1_0.cust_id,c1_0.address,c1_0.email,c1_0.cust_name,c1_0.phone,o2_0.employee_id,e1_0.emp_id,e1_0.address,e1_0.dob,e1_0.email,e1_0.full_name,e1_0.phone,e1_0.status,o2_0.order_date,o1_0.note,o1_0.price,o1_0.quantity from product p1_0 left join order_detail o1_0 on p1_0.product_id=o1_0.product_id left join orders o2_0 on o2_0.order_id=o1_0.order_id left join customer c1_0 on c1_0.cust_id=o2_0.cust_id left join employee e1_0 on e1_0.emp_id=o2_0.employee_id where p1_0.product_id=?
Hibernate: select o1_0.order_id,o1_0.product_id,p1_0.product_id,p1_0.description,p1_0.manufacturer_name,p1_0.name,p1_0.status,p1_0.unit,o1_0.note,o1_0.price,o1_0.quantity from order_detail o1_0 join product p1_0 on p1_0.product_id=o1_0.product_id where o1_0.order_id=?
Hibernate: select o1_0.order_id,o1_0.product_id,p1_0.product_id,p1_0.description,p1_0.manufacturer_name,p1_0.name,p1_0.status,p1_0.unit,o1_0.note,o1_0.price,o1_0.quantity from order_detail o1_0 join product p1_0 on p1_0.product_id=o1_0.product_id where o1_0.order_id=?
Hibernate: select l1_0.employee_id,l1_0.order_id,c1_0.cust_id,c1_0.address,c1_0.email,c1_0.cust_name,c1_0.phone,l1_0.order_date from orders l1_0 left join customer c1_0 on c1_0.cust_id=l1_0.cust_id where l1_0.employee_id=?
Hibernate: select o1_0.order_id,o1_0.product_id,p1_0.product_id,p1_0.description,p1_0.manufacturer_name,p1_0.name,p1_0.status,p1_0.unit,o1_0.note,o1_0.price,o1_0.quantity from order_detail o1_0 join product p1_0 on p1_0.product_id=o1_0.product_id where o1_0.order_id=?
Hibernate: select o1_0.order_id,o1_0.product_id,p1_0.product_id,p1_0.description,p1_0.manufacturer_name,p1_0.name,p1_0.status,p1_0.unit,o1_0.note,o1_0.price,o1_0.quantity from order_detail o1_0 join product p1_0 on p1_0.product_id=o1_0.product_id where o1_0.order_id=?
Hibernate: select l1_0.employee_id,l1_0.order_id,c1_0.cust_id,c1_0.address,c1_0.email,c1_0.cust_name,c1_0.phone,l1_0.order_date from orders l1_0 left join customer c1_0 on c1_0.cust_id=l1_0.cust_id where l1_0.employee_id=?
Hibernate: select o1_0.order_id,o1_0.product_id,p1_0.product_id,p1_0.description,p1_0.manufacturer_name,p1_0.name,p1_0.status,p1_0.unit,o1_0.note,o1_0.price,o1_0.quantity from order_detail o1_0 join product p1_0 on p1_0.product_id=o1_0.product_id where o1_0.order_id=?
Hibernate: select o1_0.order_id,o1_0.product_id,p1_0.product_id,p1_0.description,p1_0.manufacturer_name,p1_0.name,p1_0.status,p1_0.unit,o1_0.note,o1_0.price,o1_0.quantity from order_detail o1_0 join product p1_0 on p1_0.product_id=o1_0.product_id where o1_0.order_id=?
Hibernate: select l1_0.employee_id,l1_0.order_id,c1_0.cust_id,c1_0.address,c1_0.email,c1_0.cust_name,c1_0.phone,l1_0.order_date from orders l1_0 left join customer c1_0 on c1_0.cust_id=l1_0.cust_id where l1_0.employee_id=?
Hibernate: select o1_0.order_id,o1_0.product_id,p1_0.product_id,p1_0.description,p1_0.manufacturer_name,p1_0.name,p1_0.status,p1_0.unit,o1_0.note,o1_0.price,o1_0.quantity from order_detail o1_0 join product p1_0 on p1_0.product_id=o1_0.product_id where o1_0.order_id=?
Hibernate: select l1_0.employee_id,l1_0.order_id,c1_0.cust_id,c1_0.address,c1_0.email,c1_0.cust_name,c1_0.phone,l1_0.order_date from orders l1_0 left join customer c1_0 on c1_0.cust_id=l1_0.cust_id where l1_0.employee_id=?
Hibernate: select o1_0.order_id,o1_0.product_id,p1_0.product_id,p1_0.description,p1_0.manufacturer_name,p1_0.name,p1_0.status,p1_0.unit,o1_0.note,o1_0.price,o1_0.quantity from order_detail o1_0 join product p1_0 on p1_0.product_id=o1_0.product_id where o1_0.order_id=?
Hibernate: select o1_0.order_id,o1_0.product_id,p1_0.product_id,p1_0.description,p1_0.manufacturer_name,p1_0.name,p1_0.status,p1_0.unit,o1_0.note,o1_0.price,o1_0.quantity from order_detail o1_0 join product p1_0 on p1_0.product_id=o1_0.product_id where o1_0.order_id=?
Hibernate: select l1_0.employee_id,l1_0.order_id,c1_0.cust_id,c1_0.address,c1_0.email,c1_0.cust_name,c1_0.phone,l1_0.order_date from orders l1_0 left join customer c1_0 on c1_0.cust_id=l1_0.cust_id where l1_0.employee_id=?
Hibernate: select p1_0.product_id,p1_0.price_date_time,p1_0.note,p1_0.price from product_price p1_0 where p1_0.product_id=?
Hibernate: select p1_0.product_id,p1_0.image_id,p1_0.alternative,p1_0.path from product_image p1_0 where p1_0.product_id=?
Hibernate: select o1_0.order_id,o1_0.product_id,p1_0.product_id,p1_0.description,p1_0.manufacturer_name,p1_0.name,p1_0.status,p1_0.unit,o1_0.note,o1_0.price,o1_0.quantity from order_detail o1_0 join product p1_0 on p1_0.product_id=o1_0.product_id where o1_0.order_id=?
Hibernate: select l1_0.employee_id,l1_0.order_id,c1_0.cust_id,c1_0.address,c1_0.email,c1_0.cust_name,c1_0.phone,l1_0.order_date from orders l1_0 left join customer c1_0 on c1_0.cust_id=l1_0.cust_id where l1_0.employee_id=?
Hibernate: insert into order_detail (note,price,quantity,order_id,product_id) values (?,?,?,?,?)
Hibernate: select p1_0.product_id,p1_0.description,p1_0.manufacturer_name,p1_0.name,p1_0.status,p1_0.unit from product p1_0 where p1_0.product_id=?
Hibernate: select o1_0.order_id,o2_0.order_id,c1_0.cust_id,c1_0.address,c1_0.email,c1_0.cust_name,c1_0.phone,o2_0.employee_id,e1_0.emp_id,e1_0.address,e1_0.dob,e1_0.email,e1_0.full_name,e1_0.phone,e1_0.status,o2_0.order_date,o1_0.product_id,p1_0.product_id,p1_0.description,p1_0.manufacturer_name,p1_0.name,p1_0.status,p1_0.unit,p2_0.product_id,p2_0.image_id,p2_0.alternative,p2_0.path,o1_0.note,o1_0.price,o1_0.quantity from order_detail o1_0 join orders o2_0 on o2_0.order_id=o1_0.order_id left join customer c1_0 on c1_0.cust_id=o2_0.cust_id left join employee e1_0 on e1_0.emp_id=o2_0.employee_id join product p1_0 on p1_0.product_id=o1_0.product_id left join product_image p2_0 on p1_0.product_id=p2_0.product_id where (o1_0.order_id,o1_0.product_id) in ((?,?))
Hibernate: select o1_0.order_id,c1_0.cust_id,c1_0.address,c1_0.email,c1_0.cust_name,c1_0.phone,o1_0.employee_id,e1_0.emp_id,e1_0.address,e1_0.dob,e1_0.email,e1_0.full_name,e1_0.phone,e1_0.status,o1_0.order_date,o2_0.order_id,o2_0.product_id,p1_0.product_id,p1_0.description,p1_0.manufacturer_name,p1_0.name,p1_0.status,p1_0.unit,o2_0.note,o2_0.price,o2_0.quantity from orders o1_0 left join customer c1_0 on c1_0.cust_id=o1_0.cust_id join employee e1_0 on e1_0.emp_id=o1_0.employee_id left join order_detail o2_0 on o1_0.order_id=o2_0.order_id left join product p1_0 on p1_0.product_id=o2_0.product_id where o1_0.order_id=?
Hibernate: select p1_0.product_id,p1_0.price_date_time,p1_0.note,p1_0.price from product_price p1_0 where p1_0.product_id=?
Hibernate: select p1_0.product_id,p1_0.image_id,p1_0.alternative,p1_0.path from product_image p1_0 where p1_0.product_id=?
Hibernate: select o1_0.product_id,o1_0.order_id,o2_0.order_id,c1_0.cust_id,c1_0.address,c1_0.email,c1_0.cust_name,c1_0.phone,o2_0.employee_id,e1_0.emp_id,e1_0.address,e1_0.dob,e1_0.email,e1_0.full_name,e1_0.phone,e1_0.status,o2_0.order_date,o1_0.note,o1_0.price,o1_0.quantity from order_detail o1_0 join orders o2_0 on o2_0.order_id=o1_0.order_id left join customer c1_0 on c1_0.cust_id=o2_0.cust_id left join employee e1_0 on e1_0.emp_id=o2_0.employee_id where o1_0.product_id=?
Hibernate: select l1_0.employee_id,l1_0.order_id,c1_0.cust_id,c1_0.address,c1_0.email,c1_0.cust_name,c1_0.phone,l1_0.order_date from orders l1_0 left join customer c1_0 on c1_0.cust_id=l1_0.cust_id where l1_0.employee_id=?
Hibernate: select p1_0.product_id,p1_0.description,p1_0.manufacturer_name,p1_0.name,p1_0.status,p1_0.unit,o1_0.product_id,o1_0.order_id,o2_0.order_id,c1_0.cust_id,c1_0.address,c1_0.email,c1_0.cust_name,c1_0.phone,o2_0.employee_id,e1_0.emp_id,e1_0.address,e1_0.dob,e1_0.email,e1_0.full_name,e1_0.phone,e1_0.status,o2_0.order_date,o1_0.note,o1_0.price,o1_0.quantity from product p1_0 left join order_detail o1_0 on p1_0.product_id=o1_0.product_id left join orders o2_0 on o2_0.order_id=o1_0.order_id left join customer c1_0 on c1_0.cust_id=o2_0.cust_id left join employee e1_0 on e1_0.emp_id=o2_0.employee_id where p1_0.product_id=?
Hibernate: select o1_0.order_id,o1_0.product_id,p1_0.product_id,p1_0.description,p1_0.manufacturer_name,p1_0.name,p1_0.status,p1_0.unit,o1_0.note,o1_0.price,o1_0.quantity from order_detail o1_0 join product p1_0 on p1_0.product_id=o1_0.product_id where o1_0.order_id=?
Hibernate: select o1_0.order_id,o1_0.product_id,p1_0.product_id,p1_0.description,p1_0.manufacturer_name,p1_0.name,p1_0.status,p1_0.unit,o1_0.note,o1_0.price,o1_0.quantity from order_detail o1_0 join product p1_0 on p1_0.product_id=o1_0.product_id where o1_0.order_id=?
Hibernate: select o1_0.order_id,o1_0.product_id,p1_0.product_id,p1_0.description,p1_0.manufacturer_name,p1_0.name,p1_0.status,p1_0.unit,o1_0.note,o1_0.price,o1_0.quantity from order_detail o1_0 join product p1_0 on p1_0.product_id=o1_0.product_id where o1_0.order_id=?
Hibernate: select o1_0.order_id,o1_0.product_id,p1_0.product_id,p1_0.description,p1_0.manufacturer_name,p1_0.name,p1_0.status,p1_0.unit,o1_0.note,o1_0.price,o1_0.quantity from order_detail o1_0 join product p1_0 on p1_0.product_id=o1_0.product_id where o1_0.order_id=?
Hibernate: select o1_0.order_id,o1_0.product_id,p1_0.product_id,p1_0.description,p1_0.manufacturer_name,p1_0.name,p1_0.status,p1_0.unit,o1_0.note,o1_0.price,o1_0.quantity from order_detail o1_0 join product p1_0 on p1_0.product_id=o1_0.product_id where o1_0.order_id=?
Hibernate: select o1_0.order_id,o1_0.product_id,p1_0.product_id,p1_0.description,p1_0.manufacturer_name,p1_0.name,p1_0.status,p1_0.unit,o1_0.note,o1_0.price,o1_0.quantity from order_detail o1_0 join product p1_0 on p1_0.product_id=o1_0.product_id where o1_0.order_id=?
Hibernate: select l1_0.employee_id,l1_0.order_id,c1_0.cust_id,c1_0.address,c1_0.email,c1_0.cust_name,c1_0.phone,l1_0.order_date from orders l1_0 left join customer c1_0 on c1_0.cust_id=l1_0.cust_id where l1_0.employee_id=?
Hibernate: select o1_0.order_id,o1_0.product_id,p1_0.product_id,p1_0.description,p1_0.manufacturer_name,p1_0.name,p1_0.status,p1_0.unit,o1_0.note,o1_0.price,o1_0.quantity from order_detail o1_0 join product p1_0 on p1_0.product_id=o1_0.product_id where o1_0.order_id=?
Hibernate: select o1_0.order_id,o1_0.product_id,p1_0.product_id,p1_0.description,p1_0.manufacturer_name,p1_0.name,p1_0.status,p1_0.unit,o1_0.note,o1_0.price,o1_0.quantity from order_detail o1_0 join product p1_0 on p1_0.product_id=o1_0.product_id where o1_0.order_id=?
Hibernate: select o1_0.order_id,o1_0.product_id,p1_0.product_id,p1_0.description,p1_0.manufacturer_name,p1_0.name,p1_0.status,p1_0.unit,o1_0.note,o1_0.price,o1_0.quantity from order_detail o1_0 join product p1_0 on p1_0.product_id=o1_0.product_id where o1_0.order_id=?
Hibernate: select o1_0.order_id,o1_0.product_id,p1_0.product_id,p1_0.description,p1_0.manufacturer_name,p1_0.name,p1_0.status,p1_0.unit,o1_0.note,o1_0.price,o1_0.quantity from order_detail o1_0 join product p1_0 on p1_0.product_id=o1_0.product_id where o1_0.order_id=?
Hibernate: select p1_0.product_id,p1_0.price_date_time,p1_0.note,p1_0.price from product_price p1_0 where p1_0.product_id=?
Hibernate: select p1_0.product_id,p1_0.image_id,p1_0.alternative,p1_0.path from product_image p1_0 where p1_0.product_id=?
Hibernate: insert into order_detail (note,price,quantity,order_id,product_id) values (?,?,?,?,?)
Hibernate: select p1_0.product_id,p1_0.description,p1_0.manufacturer_name,p1_0.name,p1_0.status,p1_0.unit from product p1_0 where p1_0.product_id=?
Hibernate: select o1_0.order_id,o2_0.order_id,c1_0.cust_id,c1_0.address,c1_0.email,c1_0.cust_name,c1_0.phone,o2_0.employee_id,e1_0.emp_id,e1_0.address,e1_0.dob,e1_0.email,e1_0.full_name,e1_0.phone,e1_0.status,o2_0.order_date,o1_0.product_id,p1_0.product_id,p1_0.description,p1_0.manufacturer_name,p1_0.name,p1_0.status,p1_0.unit,p2_0.product_id,p2_0.image_id,p2_0.alternative,p2_0.path,o1_0.note,o1_0.price,o1_0.quantity from order_detail o1_0 join orders o2_0 on o2_0.order_id=o1_0.order_id left join customer c1_0 on c1_0.cust_id=o2_0.cust_id left join employee e1_0 on e1_0.emp_id=o2_0.employee_id join product p1_0 on p1_0.product_id=o1_0.product_id left join product_image p2_0 on p1_0.product_id=p2_0.product_id where (o1_0.order_id,o1_0.product_id) in ((?,?))
Hibernate: select o1_0.order_id,c1_0.cust_id,c1_0.address,c1_0.email,c1_0.cust_name,c1_0.phone,o1_0.employee_id,e1_0.emp_id,e1_0.address,e1_0.dob,e1_0.email,e1_0.full_name,e1_0.phone,e1_0.status,o1_0.order_date,o2_0.order_id,o2_0.product_id,p1_0.product_id,p1_0.description,p1_0.manufacturer_name,p1_0.name,p1_0.status,p1_0.unit,o2_0.note,o2_0.price,o2_0.quantity from orders o1_0 left join customer c1_0 on c1_0.cust_id=o1_0.cust_id join employee e1_0 on e1_0.emp_id=o1_0.employee_id left join order_detail o2_0 on o1_0.order_id=o2_0.order_id left join product p1_0 on p1_0.product_id=o2_0.product_id where o1_0.order_id=?
Hibernate: select p1_0.product_id,p1_0.price_date_time,p1_0.note,p1_0.price from product_price p1_0 where p1_0.product_id=?
Hibernate: select p1_0.product_id,p1_0.image_id,p1_0.alternative,p1_0.path from product_image p1_0 where p1_0.product_id=?
Hibernate: select o1_0.product_id,o1_0.order_id,o2_0.order_id,c1_0.cust_id,c1_0.address,c1_0.email,c1_0.cust_name,c1_0.phone,o2_0.employee_id,e1_0.emp_id,e1_0.address,e1_0.dob,e1_0.email,e1_0.full_name,e1_0.phone,e1_0.status,o2_0.order_date,o1_0.note,o1_0.price,o1_0.quantity from order_detail o1_0 join orders o2_0 on o2_0.order_id=o1_0.order_id left join customer c1_0 on c1_0.cust_id=o2_0.cust_id left join employee e1_0 on e1_0.emp_id=o2_0.employee_id where o1_0.product_id=?
Hibernate: select p1_0.product_id,p1_0.price_date_time,p1_0.note,p1_0.price from product_price p1_0 where p1_0.product_id=?
Hibernate: select p1_0.product_id,p1_0.image_id,p1_0.alternative,p1_0.path from product_image p1_0 where p1_0.product_id=?
Hibernate: select o1_0.product_id,o1_0.order_id,o2_0.order_id,c1_0.cust_id,c1_0.address,c1_0.email,c1_0.cust_name,c1_0.phone,o2_0.employee_id,e1_0.emp_id,e1_0.address,e1_0.dob,e1_0.email,e1_0.full_name,e1_0.phone,e1_0.status,o2_0.order_date,o1_0.note,o1_0.price,o1_0.quantity from order_detail o1_0 join orders o2_0 on o2_0.order_id=o1_0.order_id left join customer c1_0 on c1_0.cust_id=o2_0.cust_id left join employee e1_0 on e1_0.emp_id=o2_0.employee_id where o1_0.product_id=?
Hibernate: select l1_0.employee_id,l1_0.order_id,c1_0.cust_id,c1_0.address,c1_0.email,c1_0.cust_name,c1_0.phone,l1_0.order_date from orders l1_0 left join customer c1_0 on c1_0.cust_id=l1_0.cust_id where l1_0.employee_id=?
Hibernate: select p1_0.product_id,p1_0.description,p1_0.manufacturer_name,p1_0.name,p1_0.status,p1_0.unit,o1_0.product_id,o1_0.order_id,o2_0.order_id,c1_0.cust_id,c1_0.address,c1_0.email,c1_0.cust_name,c1_0.phone,o2_0.employee_id,e1_0.emp_id,e1_0.address,e1_0.dob,e1_0.email,e1_0.full_name,e1_0.phone,e1_0.status,o2_0.order_date,o1_0.note,o1_0.price,o1_0.quantity from product p1_0 left join order_detail o1_0 on p1_0.product_id=o1_0.product_id left join orders o2_0 on o2_0.order_id=o1_0.order_id left join customer c1_0 on c1_0.cust_id=o2_0.cust_id left join employee e1_0 on e1_0.emp_id=o2_0.employee_id where p1_0.product_id=?
Hibernate: select o1_0.order_id,o1_0.product_id,p1_0.product_id,p1_0.description,p1_0.manufacturer_name,p1_0.name,p1_0.status,p1_0.unit,o1_0.note,o1_0.price,o1_0.quantity from order_detail o1_0 join product p1_0 on p1_0.product_id=o1_0.product_id where o1_0.order_id=?
Hibernate: select o1_0.order_id,o1_0.product_id,p1_0.product_id,p1_0.description,p1_0.manufacturer_name,p1_0.name,p1_0.status,p1_0.unit,o1_0.note,o1_0.price,o1_0.quantity from order_detail o1_0 join product p1_0 on p1_0.product_id=o1_0.product_id where o1_0.order_id=?
Hibernate: select o1_0.order_id,o1_0.product_id,p1_0.product_id,p1_0.description,p1_0.manufacturer_name,p1_0.name,p1_0.status,p1_0.unit,o1_0.note,o1_0.price,o1_0.quantity from order_detail o1_0 join product p1_0 on p1_0.product_id=o1_0.product_id where o1_0.order_id=?
Hibernate: select o1_0.order_id,o1_0.product_id,p1_0.product_id,p1_0.description,p1_0.manufacturer_name,p1_0.name,p1_0.status,p1_0.unit,o1_0.note,o1_0.price,o1_0.quantity from order_detail o1_0 join product p1_0 on p1_0.product_id=o1_0.product_id where o1_0.order_id=?
Hibernate: select o1_0.order_id,o1_0.product_id,p1_0.product_id,p1_0.description,p1_0.manufacturer_name,p1_0.name,p1_0.status,p1_0.unit,o1_0.note,o1_0.price,o1_0.quantity from order_detail o1_0 join product p1_0 on p1_0.product_id=o1_0.product_id where o1_0.order_id=?
Hibernate: select o1_0.order_id,o1_0.product_id,p1_0.product_id,p1_0.description,p1_0.manufacturer_name,p1_0.name,p1_0.status,p1_0.unit,o1_0.note,o1_0.price,o1_0.quantity from order_detail o1_0 join product p1_0 on p1_0.product_id=o1_0.product_id where o1_0.order_id=?
Hibernate: select l1_0.employee_id,l1_0.order_id,c1_0.cust_id,c1_0.address,c1_0.email,c1_0.cust_name,c1_0.phone,l1_0.order_date from orders l1_0 left join customer c1_0 on c1_0.cust_id=l1_0.cust_id where l1_0.employee_id=?
Hibernate: select o1_0.order_id,o1_0.product_id,p1_0.product_id,p1_0.description,p1_0.manufacturer_name,p1_0.name,p1_0.status,p1_0.unit,o1_0.note,o1_0.price,o1_0.quantity from order_detail o1_0 join product p1_0 on p1_0.product_id=o1_0.product_id where o1_0.order_id=?
Hibernate: select o1_0.order_id,o1_0.product_id,p1_0.product_id,p1_0.description,p1_0.manufacturer_name,p1_0.name,p1_0.status,p1_0.unit,o1_0.note,o1_0.price,o1_0.quantity from order_detail o1_0 join product p1_0 on p1_0.product_id=o1_0.product_id where o1_0.order_id=?
Hibernate: select o1_0.order_id,o1_0.product_id,p1_0.product_id,p1_0.description,p1_0.manufacturer_name,p1_0.name,p1_0.status,p1_0.unit,o1_0.note,o1_0.price,o1_0.quantity from order_detail o1_0 join product p1_0 on p1_0.product_id=o1_0.product_id where o1_0.order_id=?
Hibernate: select p1_0.product_id,p1_0.price_date_time,p1_0.note,p1_0.price from product_price p1_0 where p1_0.product_id=?
Hibernate: select p1_0.product_id,p1_0.image_id,p1_0.alternative,p1_0.path from product_image p1_0 where p1_0.product_id=?
Hibernate: select o1_0.order_id,o1_0.product_id,p1_0.product_id,p1_0.description,p1_0.manufacturer_name,p1_0.name,p1_0.status,p1_0.unit,o1_0.note,o1_0.price,o1_0.quantity from order_detail o1_0 join product p1_0 on p1_0.product_id=o1_0.product_id where o1_0.order_id=?
Hibernate: insert into order_detail (note,price,quantity,order_id,product_id) values (?,?,?,?,?)
Hibernate: select e1_0.emp_id,e1_0.address,e1_0.dob,e1_0.email,e1_0.full_name,e1_0.phone,e1_0.status from employee e1_0 where e1_0.emp_id=?
Hibernate: select c1_0.cust_id,c1_0.address,c1_0.email,c1_0.cust_name,c1_0.phone from customer c1_0 where c1_0.cust_id=?
Hibernate: select o1_0.order_id,c1_0.cust_id,c1_0.address,c1_0.email,c1_0.cust_name,c1_0.phone,o1_0.employee_id,e1_0.emp_id,e1_0.address,e1_0.dob,e1_0.email,e1_0.full_name,e1_0.phone,e1_0.status,o1_0.order_date,o2_0.order_id,o2_0.product_id,p1_0.product_id,p1_0.description,p1_0.manufacturer_name,p1_0.name,p1_0.status,p1_0.unit,o2_0.note,o2_0.price,o2_0.quantity from orders o1_0 left join customer c1_0 on c1_0.cust_id=o1_0.cust_id join employee e1_0 on e1_0.emp_id=o1_0.employee_id left join order_detail o2_0 on o1_0.order_id=o2_0.order_id left join product p1_0 on p1_0.product_id=o2_0.product_id where o1_0.order_id=?
Hibernate: select c1_0.cust_id,c1_0.address,c1_0.email,c1_0.cust_name,c1_0.phone from customer c1_0 where c1_0.cust_id=?
Hibernate: select e1_0.emp_id,e1_0.address,e1_0.dob,e1_0.email,e1_0.full_name,e1_0.phone,e1_0.status from employee e1_0 where e1_0.emp_id=?
Hibernate: insert into orders (cust_id,employee_id,order_date,order_id) values (?,?,?,default)
Hibernate: select p1_0.product_id,p1_0.description,p1_0.manufacturer_name,p1_0.name,p1_0.status,p1_0.unit from product p1_0 where p1_0.product_id=?
Hibernate: select o1_0.order_id,o2_0.order_id,c1_0.cust_id,c1_0.address,c1_0.email,c1_0.cust_name,c1_0.phone,o2_0.employee_id,e1_0.emp_id,e1_0.address,e1_0.dob,e1_0.email,e1_0.full_name,e1_0.phone,e1_0.status,o2_0.order_date,o1_0.product_id,p1_0.product_id,p1_0.description,p1_0.manufacturer_name,p1_0.name,p1_0.status,p1_0.unit,p2_0.product_id,p2_0.image_id,p2_0.alternative,p2_0.path,o1_0.note,o1_0.price,o1_0.quantity from order_detail o1_0 join orders o2_0 on o2_0.order_id=o1_0.order_id left join customer c1_0 on c1_0.cust_id=o2_0.cust_id left join employee e1_0 on e1_0.emp_id=o2_0.employee_id join product p1_0 on p1_0.product_id=o1_0.product_id left join product_image p2_0 on p1_0.product_id=p2_0.product_id where (o1_0.order_id,o1_0.product_id) in ((?,?))
Hibernate: select o1_0.order_id,c1_0.cust_id,c1_0.address,c1_0.email,c1_0.cust_name,c1_0.phone,o1_0.employee_id,e1_0.emp_id,e1_0.address,e1_0.dob,e1_0.email,e1_0.full_name,e1_0.phone,e1_0.status,o1_0.order_date,o2_0.order_id,o2_0.product_id,p1_0.product_id,p1_0.description,p1_0.manufacturer_name,p1_0.name,p1_0.status,p1_0.unit,o2_0.note,o2_0.price,o2_0.quantity from orders o1_0 left join customer c1_0 on c1_0.cust_id=o1_0.cust_id join employee e1_0 on e1_0.emp_id=o1_0.employee_id left join order_detail o2_0 on o1_0.order_id=o2_0.order_id left join product p1_0 on p1_0.product_id=o2_0.product_id where o1_0.order_id=?
Hibernate: select l1_0.employee_id,l1_0.order_id,c1_0.cust_id,c1_0.address,c1_0.email,c1_0.cust_name,c1_0.phone,l1_0.order_date from orders l1_0 left join customer c1_0 on c1_0.cust_id=l1_0.cust_id where l1_0.employee_id=?
Hibernate: select p1_0.product_id,p1_0.description,p1_0.manufacturer_name,p1_0.name,p1_0.status,p1_0.unit,o1_0.product_id,o1_0.order_id,o2_0.order_id,c1_0.cust_id,c1_0.address,c1_0.email,c1_0.cust_name,c1_0.phone,o2_0.employee_id,e1_0.emp_id,e1_0.address,e1_0.dob,e1_0.email,e1_0.full_name,e1_0.phone,e1_0.status,o2_0.order_date,o1_0.note,o1_0.price,o1_0.quantity from product p1_0 left join order_detail o1_0 on p1_0.product_id=o1_0.product_id left join orders o2_0 on o2_0.order_id=o1_0.order_id left join customer c1_0 on c1_0.cust_id=o2_0.cust_id left join employee e1_0 on e1_0.emp_id=o2_0.employee_id where p1_0.product_id=?
Hibernate: select o1_0.order_id,o1_0.product_id,p1_0.product_id,p1_0.description,p1_0.manufacturer_name,p1_0.name,p1_0.status,p1_0.unit,o1_0.note,o1_0.price,o1_0.quantity from order_detail o1_0 join product p1_0 on p1_0.product_id=o1_0.product_id where o1_0.order_id=?
Hibernate: select l1_0.employee_id,l1_0.order_id,c1_0.cust_id,c1_0.address,c1_0.email,c1_0.cust_name,c1_0.phone,l1_0.order_date from orders l1_0 left join customer c1_0 on c1_0.cust_id=l1_0.cust_id where l1_0.employee_id=?
Hibernate: select o1_0.order_id,o1_0.product_id,p1_0.product_id,p1_0.description,p1_0.manufacturer_name,p1_0.name,p1_0.status,p1_0.unit,o1_0.note,o1_0.price,o1_0.quantity from order_detail o1_0 join product p1_0 on p1_0.product_id=o1_0.product_id where o1_0.order_id=?
Hibernate: select l1_0.employee_id,l1_0.order_id,c1_0.cust_id,c1_0.address,c1_0.email,c1_0.cust_name,c1_0.phone,l1_0.order_date from orders l1_0 left join customer c1_0 on c1_0.cust_id=l1_0.cust_id where l1_0.employee_id=?
Hibernate: select o1_0.order_id,o1_0.product_id,p1_0.product_id,p1_0.description,p1_0.manufacturer_name,p1_0.name,p1_0.status,p1_0.unit,o1_0.note,o1_0.price,o1_0.quantity from order_detail o1_0 join product p1_0 on p1_0.product_id=o1_0.product_id where o1_0.order_id=?
Hibernate: select l1_0.employee_id,l1_0.order_id,c1_0.cust_id,c1_0.address,c1_0.email,c1_0.cust_name,c1_0.phone,l1_0.order_date from orders l1_0 left join customer c1_0 on c1_0.cust_id=l1_0.cust_id where l1_0.employee_id=?
Hibernate: select o1_0.order_id,o1_0.product_id,p1_0.product_id,p1_0.description,p1_0.manufacturer_name,p1_0.name,p1_0.status,p1_0.unit,o1_0.note,o1_0.price,o1_0.quantity from order_detail o1_0 join product p1_0 on p1_0.product_id=o1_0.product_id where o1_0.order_id=?
Hibernate: select l1_0.employee_id,l1_0.order_id,c1_0.cust_id,c1_0.address,c1_0.email,c1_0.cust_name,c1_0.phone,l1_0.order_date from orders l1_0 left join customer c1_0 on c1_0.cust_id=l1_0.cust_id where l1_0.employee_id=?
Hibernate: select o1_0.order_id,o1_0.product_id,p1_0.product_id,p1_0.description,p1_0.manufacturer_name,p1_0.name,p1_0.status,p1_0.unit,o1_0.note,o1_0.price,o1_0.quantity from order_detail o1_0 join product p1_0 on p1_0.product_id=o1_0.product_id where o1_0.order_id=?
Hibernate: select o1_0.order_id,o1_0.product_id,p1_0.product_id,p1_0.description,p1_0.manufacturer_name,p1_0.name,p1_0.status,p1_0.unit,o1_0.note,o1_0.price,o1_0.quantity from order_detail o1_0 join product p1_0 on p1_0.product_id=o1_0.product_id where o1_0.order_id=?
Hibernate: select l1_0.employee_id,l1_0.order_id,c1_0.cust_id,c1_0.address,c1_0.email,c1_0.cust_name,c1_0.phone,l1_0.order_date from orders l1_0 left join customer c1_0 on c1_0.cust_id=l1_0.cust_id where l1_0.employee_id=?
Hibernate: select p1_0.product_id,p1_0.price_date_time,p1_0.note,p1_0.price from product_price p1_0 where p1_0.product_id=?
Hibernate: select p1_0.product_id,p1_0.image_id,p1_0.alternative,p1_0.path from product_image p1_0 where p1_0.product_id=?
Hibernate: select o1_0.order_id,o1_0.product_id,p1_0.product_id,p1_0.description,p1_0.manufacturer_name,p1_0.name,p1_0.status,p1_0.unit,o1_0.note,o1_0.price,o1_0.quantity from order_detail o1_0 join product p1_0 on p1_0.product_id=o1_0.product_id where o1_0.order_id=?
Hibernate: select l1_0.employee_id,l1_0.order_id,c1_0.cust_id,c1_0.address,c1_0.email,c1_0.cust_name,c1_0.phone,l1_0.order_date from orders l1_0 left join customer c1_0 on c1_0.cust_id=l1_0.cust_id where l1_0.employee_id=?
Hibernate: insert into order_detail (note,price,quantity,order_id,product_id) values (?,?,?,?,?)
Hibernate: select p1_0.product_id,p1_0.description,p1_0.manufacturer_name,p1_0.name,p1_0.status,p1_0.unit from product p1_0 where p1_0.product_id=?
Hibernate: select o1_0.order_id,o2_0.order_id,c1_0.cust_id,c1_0.address,c1_0.email,c1_0.cust_name,c1_0.phone,o2_0.employee_id,e1_0.emp_id,e1_0.address,e1_0.dob,e1_0.email,e1_0.full_name,e1_0.phone,e1_0.status,o2_0.order_date,o1_0.product_id,p1_0.product_id,p1_0.description,p1_0.manufacturer_name,p1_0.name,p1_0.status,p1_0.unit,p2_0.product_id,p2_0.image_id,p2_0.alternative,p2_0.path,o1_0.note,o1_0.price,o1_0.quantity from order_detail o1_0 join orders o2_0 on o2_0.order_id=o1_0.order_id left join customer c1_0 on c1_0.cust_id=o2_0.cust_id left join employee e1_0 on e1_0.emp_id=o2_0.employee_id join product p1_0 on p1_0.product_id=o1_0.product_id left join product_image p2_0 on p1_0.product_id=p2_0.product_id where (o1_0.order_id,o1_0.product_id) in ((?,?))
Hibernate: select o1_0.order_id,c1_0.cust_id,c1_0.address,c1_0.email,c1_0.cust_name,c1_0.phone,o1_0.employee_id,e1_0.emp_id,e1_0.address,e1_0.dob,e1_0.email,e1_0.full_name,e1_0.phone,e1_0.status,o1_0.order_date,o2_0.order_id,o2_0.product_id,p1_0.product_id,p1_0.description,p1_0.manufacturer_name,p1_0.name,p1_0.status,p1_0.unit,o2_0.note,o2_0.price,o2_0.quantity from orders o1_0 left join customer c1_0 on c1_0.cust_id=o1_0.cust_id join employee e1_0 on e1_0.emp_id=o1_0.employee_id left join order_detail o2_0 on o1_0.order_id=o2_0.order_id left join product p1_0 on p1_0.product_id=o2_0.product_id where o1_0.order_id=?
Hibernate: select p1_0.product_id,p1_0.price_date_time,p1_0.note,p1_0.price from product_price p1_0 where p1_0.product_id=?
Hibernate: select p1_0.product_id,p1_0.image_id,p1_0.alternative,p1_0.path from product_image p1_0 where p1_0.product_id=?
Hibernate: select o1_0.product_id,o1_0.order_id,o2_0.order_id,c1_0.cust_id,c1_0.address,c1_0.email,c1_0.cust_name,c1_0.phone,o2_0.employee_id,e1_0.emp_id,e1_0.address,e1_0.dob,e1_0.email,e1_0.full_name,e1_0.phone,e1_0.status,o2_0.order_date,o1_0.note,o1_0.price,o1_0.quantity from order_detail o1_0 join orders o2_0 on o2_0.order_id=o1_0.order_id left join customer c1_0 on c1_0.cust_id=o2_0.cust_id left join employee e1_0 on e1_0.emp_id=o2_0.employee_id where o1_0.product_id=?
Hibernate: select l1_0.employee_id,l1_0.order_id,c1_0.cust_id,c1_0.address,c1_0.email,c1_0.cust_name,c1_0.phone,l1_0.order_date from orders l1_0 left join customer c1_0 on c1_0.cust_id=l1_0.cust_id where l1_0.employee_id=?
Hibernate: select p1_0.product_id,p1_0.description,p1_0.manufacturer_name,p1_0.name,p1_0.status,p1_0.unit,o1_0.product_id,o1_0.order_id,o2_0.order_id,c1_0.cust_id,c1_0.address,c1_0.email,c1_0.cust_name,c1_0.phone,o2_0.employee_id,e1_0.emp_id,e1_0.address,e1_0.dob,e1_0.email,e1_0.full_name,e1_0.phone,e1_0.status,o2_0.order_date,o1_0.note,o1_0.price,o1_0.quantity from product p1_0 left join order_detail o1_0 on p1_0.product_id=o1_0.product_id left join orders o2_0 on o2_0.order_id=o1_0.order_id left join customer c1_0 on c1_0.cust_id=o2_0.cust_id left join employee e1_0 on e1_0.emp_id=o2_0.employee_id where p1_0.product_id=?
Hibernate: select o1_0.order_id,o1_0.product_id,p1_0.product_id,p1_0.description,p1_0.manufacturer_name,p1_0.name,p1_0.status,p1_0.unit,o1_0.note,o1_0.price,o1_0.quantity from order_detail o1_0 join product p1_0 on p1_0.product_id=o1_0.product_id where o1_0.order_id=?
Hibernate: select o1_0.order_id,o1_0.product_id,p1_0.product_id,p1_0.description,p1_0.manufacturer_name,p1_0.name,p1_0.status,p1_0.unit,o1_0.note,o1_0.price,o1_0.quantity from order_detail o1_0 join product p1_0 on p1_0.product_id=o1_0.product_id where o1_0.order_id=?
Hibernate: select o1_0.order_id,o1_0.product_id,p1_0.product_id,p1_0.description,p1_0.manufacturer_name,p1_0.name,p1_0.status,p1_0.unit,o1_0.note,o1_0.price,o1_0.quantity from order_detail o1_0 join product p1_0 on p1_0.product_id=o1_0.product_id where o1_0.order_id=?
Hibernate: select o1_0.order_id,o1_0.product_id,p1_0.product_id,p1_0.description,p1_0.manufacturer_name,p1_0.name,p1_0.status,p1_0.unit,o1_0.note,o1_0.price,o1_0.quantity from order_detail o1_0 join product p1_0 on p1_0.product_id=o1_0.product_id where o1_0.order_id=?
Hibernate: select l1_0.employee_id,l1_0.order_id,c1_0.cust_id,c1_0.address,c1_0.email,c1_0.cust_name,c1_0.phone,l1_0.order_date from orders l1_0 left join customer c1_0 on c1_0.cust_id=l1_0.cust_id where l1_0.employee_id=?
Hibernate: select o1_0.order_id,o1_0.product_id,p1_0.product_id,p1_0.description,p1_0.manufacturer_name,p1_0.name,p1_0.status,p1_0.unit,o1_0.note,o1_0.price,o1_0.quantity from order_detail o1_0 join product p1_0 on p1_0.product_id=o1_0.product_id where o1_0.order_id=?
Hibernate: select o1_0.order_id,o1_0.product_id,p1_0.product_id,p1_0.description,p1_0.manufacturer_name,p1_0.name,p1_0.status,p1_0.unit,o1_0.note,o1_0.price,o1_0.quantity from order_detail o1_0 join product p1_0 on p1_0.product_id=o1_0.product_id where o1_0.order_id=?
Hibernate: select p1_0.product_id,p1_0.price_date_time,p1_0.note,p1_0.price from product_price p1_0 where p1_0.product_id=?
Hibernate: select p1_0.product_id,p1_0.image_id,p1_0.alternative,p1_0.path from product_image p1_0 where p1_0.product_id=?
Hibernate: select o1_0.order_id,o1_0.product_id,p1_0.product_id,p1_0.description,p1_0.manufacturer_name,p1_0.name,p1_0.status,p1_0.unit,o1_0.note,o1_0.price,o1_0.quantity from order_detail o1_0 join product p1_0 on p1_0.product_id=o1_0.product_id where o1_0.order_id=?
Hibernate: insert into order_detail (note,price,quantity,order_id,product_id) values (?,?,?,?,?)
Hibernate: select p1_0.product_id,p1_0.description,p1_0.manufacturer_name,p1_0.name,p1_0.status,p1_0.unit from product p1_0 where p1_0.product_id=?
Hibernate: select o1_0.order_id,o2_0.order_id,c1_0.cust_id,c1_0.address,c1_0.email,c1_0.cust_name,c1_0.phone,o2_0.employee_id,e1_0.emp_id,e1_0.address,e1_0.dob,e1_0.email,e1_0.full_name,e1_0.phone,e1_0.status,o2_0.order_date,o1_0.product_id,p1_0.product_id,p1_0.description,p1_0.manufacturer_name,p1_0.name,p1_0.status,p1_0.unit,p2_0.product_id,p2_0.image_id,p2_0.alternative,p2_0.path,o1_0.note,o1_0.price,o1_0.quantity from order_detail o1_0 join orders o2_0 on o2_0.order_id=o1_0.order_id left join customer c1_0 on c1_0.cust_id=o2_0.cust_id left join employee e1_0 on e1_0.emp_id=o2_0.employee_id join product p1_0 on p1_0.product_id=o1_0.product_id left join product_image p2_0 on p1_0.product_id=p2_0.product_id where (o1_0.order_id,o1_0.product_id) in ((?,?))
Hibernate: select o1_0.order_id,c1_0.cust_id,c1_0.address,c1_0.email,c1_0.cust_name,c1_0.phone,o1_0.employee_id,e1_0.emp_id,e1_0.address,e1_0.dob,e1_0.email,e1_0.full_name,e1_0.phone,e1_0.status,o1_0.order_date,o2_0.order_id,o2_0.product_id,p1_0.product_id,p1_0.description,p1_0.manufacturer_name,p1_0.name,p1_0.status,p1_0.unit,o2_0.note,o2_0.price,o2_0.quantity from orders o1_0 left join customer c1_0 on c1_0.cust_id=o1_0.cust_id join employee e1_0 on e1_0.emp_id=o1_0.employee_id left join order_detail o2_0 on o1_0.order_id=o2_0.order_id left join product p1_0 on p1_0.product_id=o2_0.product_id where o1_0.order_id=?
Hibernate: select p1_0.product_id,p1_0.price_date_time,p1_0.note,p1_0.price from product_price p1_0 where p1_0.product_id=?
Hibernate: select p1_0.product_id,p1_0.image_id,p1_0.alternative,p1_0.path from product_image p1_0 where p1_0.product_id=?
Hibernate: select o1_0.product_id,o1_0.order_id,o2_0.order_id,c1_0.cust_id,c1_0.address,c1_0.email,c1_0.cust_name,c1_0.phone,o2_0.employee_id,e1_0.emp_id,e1_0.address,e1_0.dob,e1_0.email,e1_0.full_name,e1_0.phone,e1_0.status,o2_0.order_date,o1_0.note,o1_0.price,o1_0.quantity from order_detail o1_0 join orders o2_0 on o2_0.order_id=o1_0.order_id left join customer c1_0 on c1_0.cust_id=o2_0.cust_id left join employee e1_0 on e1_0.emp_id=o2_0.employee_id where o1_0.product_id=?
Hibernate: select p1_0.product_id,p1_0.price_date_time,p1_0.note,p1_0.price from product_price p1_0 where p1_0.product_id=?
Hibernate: select p1_0.product_id,p1_0.image_id,p1_0.alternative,p1_0.path from product_image p1_0 where p1_0.product_id=?
Hibernate: select o1_0.product_id,o1_0.order_id,o2_0.order_id,c1_0.cust_id,c1_0.address,c1_0.email,c1_0.cust_name,c1_0.phone,o2_0.employee_id,e1_0.emp_id,e1_0.address,e1_0.dob,e1_0.email,e1_0.full_name,e1_0.phone,e1_0.status,o2_0.order_date,o1_0.note,o1_0.price,o1_0.quantity from order_detail o1_0 join orders o2_0 on o2_0.order_id=o1_0.order_id left join customer c1_0 on c1_0.cust_id=o2_0.cust_id left join employee e1_0 on e1_0.emp_id=o2_0.employee_id where o1_0.product_id=?
Hibernate: select l1_0.employee_id,l1_0.order_id,c1_0.cust_id,c1_0.address,c1_0.email,c1_0.cust_name,c1_0.phone,l1_0.order_date from orders l1_0 left join customer c1_0 on c1_0.cust_id=l1_0.cust_id where l1_0.employee_id=?
Hibernate: select p1_0.product_id,p1_0.description,p1_0.manufacturer_name,p1_0.name,p1_0.status,p1_0.unit,o1_0.product_id,o1_0.order_id,o2_0.order_id,c1_0.cust_id,c1_0.address,c1_0.email,c1_0.cust_name,c1_0.phone,o2_0.employee_id,e1_0.emp_id,e1_0.address,e1_0.dob,e1_0.email,e1_0.full_name,e1_0.phone,e1_0.status,o2_0.order_date,o1_0.note,o1_0.price,o1_0.quantity from product p1_0 left join order_detail o1_0 on p1_0.product_id=o1_0.product_id left join orders o2_0 on o2_0.order_id=o1_0.order_id left join customer c1_0 on c1_0.cust_id=o2_0.cust_id left join employee e1_0 on e1_0.emp_id=o2_0.employee_id where p1_0.product_id=?
Hibernate: select o1_0.order_id,o1_0.product_id,p1_0.product_id,p1_0.description,p1_0.manufacturer_name,p1_0.name,p1_0.status,p1_0.unit,o1_0.note,o1_0.price,o1_0.quantity from order_detail o1_0 join product p1_0 on p1_0.product_id=o1_0.product_id where o1_0.order_id=?
Hibernate: select o1_0.order_id,o1_0.product_id,p1_0.product_id,p1_0.description,p1_0.manufacturer_name,p1_0.name,p1_0.status,p1_0.unit,o1_0.note,o1_0.price,o1_0.quantity from order_detail o1_0 join product p1_0 on p1_0.product_id=o1_0.product_id where o1_0.order_id=?
Hibernate: select o1_0.order_id,o1_0.product_id,p1_0.product_id,p1_0.description,p1_0.manufacturer_name,p1_0.name,p1_0.status,p1_0.unit,o1_0.note,o1_0.price,o1_0.quantity from order_detail o1_0 join product p1_0 on p1_0.product_id=o1_0.product_id where o1_0.order_id=?
Hibernate: select o1_0.order_id,o1_0.product_id,p1_0.product_id,p1_0.description,p1_0.manufacturer_name,p1_0.name,p1_0.status,p1_0.unit,o1_0.note,o1_0.price,o1_0.quantity from order_detail o1_0 join product p1_0 on p1_0.product_id=o1_0.product_id where o1_0.order_id=?
Hibernate: select p1_0.product_id,p1_0.price_date_time,p1_0.note,p1_0.price from product_price p1_0 where p1_0.product_id=?
Hibernate: select p1_0.product_id,p1_0.image_id,p1_0.alternative,p1_0.path from product_image p1_0 where p1_0.product_id=?
Hibernate: select o1_0.order_id,o1_0.product_id,p1_0.product_id,p1_0.description,p1_0.manufacturer_name,p1_0.name,p1_0.status,p1_0.unit,o1_0.note,o1_0.price,o1_0.quantity from order_detail o1_0 join product p1_0 on p1_0.product_id=o1_0.product_id where o1_0.order_id=?
Hibernate: select l1_0.employee_id,l1_0.order_id,c1_0.cust_id,c1_0.address,c1_0.email,c1_0.cust_name,c1_0.phone,l1_0.order_date from orders l1_0 left join customer c1_0 on c1_0.cust_id=l1_0.cust_id where l1_0.employee_id=?
Hibernate: insert into order_detail (note,price,quantity,order_id,product_id) values (?,?,?,?,?)
Hibernate: select e1_0.emp_id,e1_0.address,e1_0.dob,e1_0.email,e1_0.full_name,e1_0.phone,e1_0.status from employee e1_0 where e1_0.emp_id=?
Hibernate: select c1_0.cust_id,c1_0.address,c1_0.email,c1_0.cust_name,c1_0.phone from customer c1_0 where c1_0.cust_id=?
Hibernate: select o1_0.order_id,c1_0.cust_id,c1_0.address,c1_0.email,c1_0.cust_name,c1_0.phone,o1_0.employee_id,e1_0.emp_id,e1_0.address,e1_0.dob,e1_0.email,e1_0.full_name,e1_0.phone,e1_0.status,o1_0.order_date,o2_0.order_id,o2_0.product_id,p1_0.product_id,p1_0.description,p1_0.manufacturer_name,p1_0.name,p1_0.status,p1_0.unit,o2_0.note,o2_0.price,o2_0.quantity from orders o1_0 left join customer c1_0 on c1_0.cust_id=o1_0.cust_id join employee e1_0 on e1_0.emp_id=o1_0.employee_id left join order_detail o2_0 on o1_0.order_id=o2_0.order_id left join product p1_0 on p1_0.product_id=o2_0.product_id where o1_0.order_id=?
Hibernate: select c1_0.cust_id,c1_0.address,c1_0.email,c1_0.cust_name,c1_0.phone from customer c1_0 where c1_0.cust_id=?
Hibernate: select e1_0.emp_id,e1_0.address,e1_0.dob,e1_0.email,e1_0.full_name,e1_0.phone,e1_0.status from employee e1_0 where e1_0.emp_id=?
Hibernate: insert into orders (cust_id,employee_id,order_date,order_id) values (?,?,?,default)
Hibernate: select p1_0.product_id,p1_0.description,p1_0.manufacturer_name,p1_0.name,p1_0.status,p1_0.unit from product p1_0 where p1_0.product_id=?
Hibernate: select o1_0.order_id,o2_0.order_id,c1_0.cust_id,c1_0.address,c1_0.email,c1_0.cust_name,c1_0.phone,o2_0.employee_id,e1_0.emp_id,e1_0.address,e1_0.dob,e1_0.email,e1_0.full_name,e1_0.phone,e1_0.status,o2_0.order_date,o1_0.product_id,p1_0.product_id,p1_0.description,p1_0.manufacturer_name,p1_0.name,p1_0.status,p1_0.unit,p2_0.product_id,p2_0.image_id,p2_0.alternative,p2_0.path,o1_0.note,o1_0.price,o1_0.quantity from order_detail o1_0 join orders o2_0 on o2_0.order_id=o1_0.order_id left join customer c1_0 on c1_0.cust_id=o2_0.cust_id left join employee e1_0 on e1_0.emp_id=o2_0.employee_id join product p1_0 on p1_0.product_id=o1_0.product_id left join product_image p2_0 on p1_0.product_id=p2_0.product_id where (o1_0.order_id,o1_0.product_id) in ((?,?))
Hibernate: select o1_0.order_id,c1_0.cust_id,c1_0.address,c1_0.email,c1_0.cust_name,c1_0.phone,o1_0.employee_id,e1_0.emp_id,e1_0.address,e1_0.dob,e1_0.email,e1_0.full_name,e1_0.phone,e1_0.status,o1_0.order_date,o2_0.order_id,o2_0.product_id,p1_0.product_id,p1_0.description,p1_0.manufacturer_name,p1_0.name,p1_0.status,p1_0.unit,o2_0.note,o2_0.price,o2_0.quantity from orders o1_0 left join customer c1_0 on c1_0.cust_id=o1_0.cust_id join employee e1_0 on e1_0.emp_id=o1_0.employee_id left join order_detail o2_0 on o1_0.order_id=o2_0.order_id left join product p1_0 on p1_0.product_id=o2_0.product_id where o1_0.order_id=?
Hibernate: select l1_0.employee_id,l1_0.order_id,c1_0.cust_id,c1_0.address,c1_0.email,c1_0.cust_name,c1_0.phone,l1_0.order_date from orders l1_0 left join customer c1_0 on c1_0.cust_id=l1_0.cust_id where l1_0.employee_id=?
Hibernate: select p1_0.product_id,p1_0.description,p1_0.manufacturer_name,p1_0.name,p1_0.status,p1_0.unit,o1_0.product_id,o1_0.order_id,o2_0.order_id,c1_0.cust_id,c1_0.address,c1_0.email,c1_0.cust_name,c1_0.phone,o2_0.employee_id,e1_0.emp_id,e1_0.address,e1_0.dob,e1_0.email,e1_0.full_name,e1_0.phone,e1_0.status,o2_0.order_date,o1_0.note,o1_0.price,o1_0.quantity from product p1_0 left join order_detail o1_0 on p1_0.product_id=o1_0.product_id left join orders o2_0 on o2_0.order_id=o1_0.order_id left join customer c1_0 on c1_0.cust_id=o2_0.cust_id left join employee e1_0 on e1_0.emp_id=o2_0.employee_id where p1_0.product_id=?
Hibernate: select o1_0.order_id,o1_0.product_id,p1_0.product_id,p1_0.description,p1_0.manufacturer_name,p1_0.name,p1_0.status,p1_0.unit,o1_0.note,o1_0.price,o1_0.quantity from order_detail o1_0 join product p1_0 on p1_0.product_id=o1_0.product_id where o1_0.order_id=?
Hibernate: select l1_0.employee_id,l1_0.order_id,c1_0.cust_id,c1_0.address,c1_0.email,c1_0.cust_name,c1_0.phone,l1_0.order_date from orders l1_0 left join customer c1_0 on c1_0.cust_id=l1_0.cust_id where l1_0.employee_id=?
Hibernate: select o1_0.order_id,o1_0.product_id,p1_0.product_id,p1_0.description,p1_0.manufacturer_name,p1_0.name,p1_0.status,p1_0.unit,o1_0.note,o1_0.price,o1_0.quantity from order_detail o1_0 join product p1_0 on p1_0.product_id=o1_0.product_id where o1_0.order_id=?
Hibernate: select o1_0.order_id,o1_0.product_id,p1_0.product_id,p1_0.description,p1_0.manufacturer_name,p1_0.name,p1_0.status,p1_0.unit,o1_0.note,o1_0.price,o1_0.quantity from order_detail o1_0 join product p1_0 on p1_0.product_id=o1_0.product_id where o1_0.order_id=?
Hibernate: select o1_0.order_id,o1_0.product_id,p1_0.product_id,p1_0.description,p1_0.manufacturer_name,p1_0.name,p1_0.status,p1_0.unit,o1_0.note,o1_0.price,o1_0.quantity from order_detail o1_0 join product p1_0 on p1_0.product_id=o1_0.product_id where o1_0.order_id=?
Hibernate: select l1_0.employee_id,l1_0.order_id,c1_0.cust_id,c1_0.address,c1_0.email,c1_0.cust_name,c1_0.phone,l1_0.order_date from orders l1_0 left join customer c1_0 on c1_0.cust_id=l1_0.cust_id where l1_0.employee_id=?
Hibernate: select o1_0.order_id,o1_0.product_id,p1_0.product_id,p1_0.description,p1_0.manufacturer_name,p1_0.name,p1_0.status,p1_0.unit,o1_0.note,o1_0.price,o1_0.quantity from order_detail o1_0 join product p1_0 on p1_0.product_id=o1_0.product_id where o1_0.order_id=?
Hibernate: select l1_0.employee_id,l1_0.order_id,c1_0.cust_id,c1_0.address,c1_0.email,c1_0.cust_name,c1_0.phone,l1_0.order_date from orders l1_0 left join customer c1_0 on c1_0.cust_id=l1_0.cust_id where l1_0.employee_id=?
Hibernate: select o1_0.order_id,o1_0.product_id,p1_0.product_id,p1_0.description,p1_0.manufacturer_name,p1_0.name,p1_0.status,p1_0.unit,o1_0.note,o1_0.price,o1_0.quantity from order_detail o1_0 join product p1_0 on p1_0.product_id=o1_0.product_id where o1_0.order_id=?
Hibernate: select l1_0.employee_id,l1_0.order_id,c1_0.cust_id,c1_0.address,c1_0.email,c1_0.cust_name,c1_0.phone,l1_0.order_date from orders l1_0 left join customer c1_0 on c1_0.cust_id=l1_0.cust_id where l1_0.employee_id=?
Hibernate: select p1_0.product_id,p1_0.price_date_time,p1_0.note,p1_0.price from product_price p1_0 where p1_0.product_id=?
Hibernate: select p1_0.product_id,p1_0.image_id,p1_0.alternative,p1_0.path from product_image p1_0 where p1_0.product_id=?
Hibernate: insert into order_detail (note,price,quantity,order_id,product_id) values (?,?,?,?,?)
Hibernate: select p1_0.product_id,p1_0.description,p1_0.manufacturer_name,p1_0.name,p1_0.status,p1_0.unit from product p1_0 where p1_0.product_id=?
Hibernate: select o1_0.order_id,o2_0.order_id,c1_0.cust_id,c1_0.address,c1_0.email,c1_0.cust_name,c1_0.phone,o2_0.employee_id,e1_0.emp_id,e1_0.address,e1_0.dob,e1_0.email,e1_0.full_name,e1_0.phone,e1_0.status,o2_0.order_date,o1_0.product_id,p1_0.product_id,p1_0.description,p1_0.manufacturer_name,p1_0.name,p1_0.status,p1_0.unit,p2_0.product_id,p2_0.image_id,p2_0.alternative,p2_0.path,o1_0.note,o1_0.price,o1_0.quantity from order_detail o1_0 join orders o2_0 on o2_0.order_id=o1_0.order_id left join customer c1_0 on c1_0.cust_id=o2_0.cust_id left join employee e1_0 on e1_0.emp_id=o2_0.employee_id join product p1_0 on p1_0.product_id=o1_0.product_id left join product_image p2_0 on p1_0.product_id=p2_0.product_id where (o1_0.order_id,o1_0.product_id) in ((?,?))
Hibernate: select o1_0.order_id,c1_0.cust_id,c1_0.address,c1_0.email,c1_0.cust_name,c1_0.phone,o1_0.employee_id,e1_0.emp_id,e1_0.address,e1_0.dob,e1_0.email,e1_0.full_name,e1_0.phone,e1_0.status,o1_0.order_date,o2_0.order_id,o2_0.product_id,p1_0.product_id,p1_0.description,p1_0.manufacturer_name,p1_0.name,p1_0.status,p1_0.unit,o2_0.note,o2_0.price,o2_0.quantity from orders o1_0 left join customer c1_0 on c1_0.cust_id=o1_0.cust_id join employee e1_0 on e1_0.emp_id=o1_0.employee_id left join order_detail o2_0 on o1_0.order_id=o2_0.order_id left join product p1_0 on p1_0.product_id=o2_0.product_id where o1_0.order_id=?
Hibernate: select p1_0.product_id,p1_0.price_date_time,p1_0.note,p1_0.price from product_price p1_0 where p1_0.product_id=?
Hibernate: select p1_0.product_id,p1_0.image_id,p1_0.alternative,p1_0.path from product_image p1_0 where p1_0.product_id=?
Hibernate: select o1_0.product_id,o1_0.order_id,o2_0.order_id,c1_0.cust_id,c1_0.address,c1_0.email,c1_0.cust_name,c1_0.phone,o2_0.employee_id,e1_0.emp_id,e1_0.address,e1_0.dob,e1_0.email,e1_0.full_name,e1_0.phone,e1_0.status,o2_0.order_date,o1_0.note,o1_0.price,o1_0.quantity from order_detail o1_0 join orders o2_0 on o2_0.order_id=o1_0.order_id left join customer c1_0 on c1_0.cust_id=o2_0.cust_id left join employee e1_0 on e1_0.emp_id=o2_0.employee_id where o1_0.product_id=?
Hibernate: select l1_0.employee_id,l1_0.order_id,c1_0.cust_id,c1_0.address,c1_0.email,c1_0.cust_name,c1_0.phone,l1_0.order_date from orders l1_0 left join customer c1_0 on c1_0.cust_id=l1_0.cust_id where l1_0.employee_id=?
Hibernate: select p1_0.product_id,p1_0.description,p1_0.manufacturer_name,p1_0.name,p1_0.status,p1_0.unit,o1_0.product_id,o1_0.order_id,o2_0.order_id,c1_0.cust_id,c1_0.address,c1_0.email,c1_0.cust_name,c1_0.phone,o2_0.employee_id,e1_0.emp_id,e1_0.address,e1_0.dob,e1_0.email,e1_0.full_name,e1_0.phone,e1_0.status,o2_0.order_date,o1_0.note,o1_0.price,o1_0.quantity from product p1_0 left join order_detail o1_0 on p1_0.product_id=o1_0.product_id left join orders o2_0 on o2_0.order_id=o1_0.order_id left join customer c1_0 on c1_0.cust_id=o2_0.cust_id left join employee e1_0 on e1_0.emp_id=o2_0.employee_id where p1_0.product_id=?
Hibernate: select o1_0.order_id,o1_0.product_id,p1_0.product_id,p1_0.description,p1_0.manufacturer_name,p1_0.name,p1_0.status,p1_0.unit,o1_0.note,o1_0.price,o1_0.quantity from order_detail o1_0 join product p1_0 on p1_0.product_id=o1_0.product_id where o1_0.order_id=?
Hibernate: select o1_0.order_id,o1_0.product_id,p1_0.product_id,p1_0.description,p1_0.manufacturer_name,p1_0.name,p1_0.status,p1_0.unit,o1_0.note,o1_0.price,o1_0.quantity from order_detail o1_0 join product p1_0 on p1_0.product_id=o1_0.product_id where o1_0.order_id=?
Hibernate: select o1_0.order_id,o1_0.product_id,p1_0.product_id,p1_0.description,p1_0.manufacturer_name,p1_0.name,p1_0.status,p1_0.unit,o1_0.note,o1_0.price,o1_0.quantity from order_detail o1_0 join product p1_0 on p1_0.product_id=o1_0.product_id where o1_0.order_id=?
Hibernate: select o1_0.order_id,o1_0.product_id,p1_0.product_id,p1_0.description,p1_0.manufacturer_name,p1_0.name,p1_0.status,p1_0.unit,o1_0.note,o1_0.price,o1_0.quantity from order_detail o1_0 join product p1_0 on p1_0.product_id=o1_0.product_id where o1_0.order_id=?
Hibernate: select o1_0.order_id,o1_0.product_id,p1_0.product_id,p1_0.description,p1_0.manufacturer_name,p1_0.name,p1_0.status,p1_0.unit,o1_0.note,o1_0.price,o1_0.quantity from order_detail o1_0 join product p1_0 on p1_0.product_id=o1_0.product_id where o1_0.order_id=?
Hibernate: select o1_0.order_id,o1_0.product_id,p1_0.product_id,p1_0.description,p1_0.manufacturer_name,p1_0.name,p1_0.status,p1_0.unit,o1_0.note,o1_0.price,o1_0.quantity from order_detail o1_0 join product p1_0 on p1_0.product_id=o1_0.product_id where o1_0.order_id=?
Hibernate: select o1_0.order_id,o1_0.product_id,p1_0.product_id,p1_0.description,p1_0.manufacturer_name,p1_0.name,p1_0.status,p1_0.unit,o1_0.note,o1_0.price,o1_0.quantity from order_detail o1_0 join product p1_0 on p1_0.product_id=o1_0.product_id where o1_0.order_id=?
Hibernate: select o1_0.order_id,o1_0.product_id,p1_0.product_id,p1_0.description,p1_0.manufacturer_name,p1_0.name,p1_0.status,p1_0.unit,o1_0.note,o1_0.price,o1_0.quantity from order_detail o1_0 join product p1_0 on p1_0.product_id=o1_0.product_id where o1_0.order_id=?
Hibernate: select o1_0.order_id,o1_0.product_id,p1_0.product_id,p1_0.description,p1_0.manufacturer_name,p1_0.name,p1_0.status,p1_0.unit,o1_0.note,o1_0.price,o1_0.quantity from order_detail o1_0 join product p1_0 on p1_0.product_id=o1_0.product_id where o1_0.order_id=?
Hibernate: select o1_0.order_id,o1_0.product_id,p1_0.product_id,p1_0.description,p1_0.manufacturer_name,p1_0.name,p1_0.status,p1_0.unit,o1_0.note,o1_0.price,o1_0.quantity from order_detail o1_0 join product p1_0 on p1_0.product_id=o1_0.product_id where o1_0.order_id=?
Hibernate: select l1_0.employee_id,l1_0.order_id,c1_0.cust_id,c1_0.address,c1_0.email,c1_0.cust_name,c1_0.phone,l1_0.order_date from orders l1_0 left join customer c1_0 on c1_0.cust_id=l1_0.cust_id where l1_0.employee_id=?
Hibernate: select o1_0.order_id,o1_0.product_id,p1_0.product_id,p1_0.description,p1_0.manufacturer_name,p1_0.name,p1_0.status,p1_0.unit,o1_0.note,o1_0.price,o1_0.quantity from order_detail o1_0 join product p1_0 on p1_0.product_id=o1_0.product_id where o1_0.order_id=?
Hibernate: select l1_0.employee_id,l1_0.order_id,c1_0.cust_id,c1_0.address,c1_0.email,c1_0.cust_name,c1_0.phone,l1_0.order_date from orders l1_0 left join customer c1_0 on c1_0.cust_id=l1_0.cust_id where l1_0.employee_id=?
Hibernate: select p1_0.product_id,p1_0.price_date_time,p1_0.note,p1_0.price from product_price p1_0 where p1_0.product_id=?
Hibernate: select p1_0.product_id,p1_0.image_id,p1_0.alternative,p1_0.path from product_image p1_0 where p1_0.product_id=?
Hibernate: select o1_0.order_id,o1_0.product_id,p1_0.product_id,p1_0.description,p1_0.manufacturer_name,p1_0.name,p1_0.status,p1_0.unit,o1_0.note,o1_0.price,o1_0.quantity from order_detail o1_0 join product p1_0 on p1_0.product_id=o1_0.product_id where o1_0.order_id=?
Hibernate: select l1_0.employee_id,l1_0.order_id,c1_0.cust_id,c1_0.address,c1_0.email,c1_0.cust_name,c1_0.phone,l1_0.order_date from orders l1_0 left join customer c1_0 on c1_0.cust_id=l1_0.cust_id where l1_0.employee_id=?
Hibernate: insert into order_detail (note,price,quantity,order_id,product_id) values (?,?,?,?,?)
Hibernate: select p1_0.product_id,p1_0.description,p1_0.manufacturer_name,p1_0.name,p1_0.status,p1_0.unit from product p1_0 where p1_0.product_id=?
Hibernate: select o1_0.order_id,o2_0.order_id,c1_0.cust_id,c1_0.address,c1_0.email,c1_0.cust_name,c1_0.phone,o2_0.employee_id,e1_0.emp_id,e1_0.address,e1_0.dob,e1_0.email,e1_0.full_name,e1_0.phone,e1_0.status,o2_0.order_date,o1_0.product_id,p1_0.product_id,p1_0.description,p1_0.manufacturer_name,p1_0.name,p1_0.status,p1_0.unit,p2_0.product_id,p2_0.image_id,p2_0.alternative,p2_0.path,o1_0.note,o1_0.price,o1_0.quantity from order_detail o1_0 join orders o2_0 on o2_0.order_id=o1_0.order_id left join customer c1_0 on c1_0.cust_id=o2_0.cust_id left join employee e1_0 on e1_0.emp_id=o2_0.employee_id join product p1_0 on p1_0.product_id=o1_0.product_id left join product_image p2_0 on p1_0.product_id=p2_0.product_id where (o1_0.order_id,o1_0.product_id) in ((?,?))
Hibernate: select o1_0.order_id,c1_0.cust_id,c1_0.address,c1_0.email,c1_0.cust_name,c1_0.phone,o1_0.employee_id,e1_0.emp_id,e1_0.address,e1_0.dob,e1_0.email,e1_0.full_name,e1_0.phone,e1_0.status,o1_0.order_date,o2_0.order_id,o2_0.product_id,p1_0.product_id,p1_0.description,p1_0.manufacturer_name,p1_0.name,p1_0.status,p1_0.unit,o2_0.note,o2_0.price,o2_0.quantity from orders o1_0 left join customer c1_0 on c1_0.cust_id=o1_0.cust_id join employee e1_0 on e1_0.emp_id=o1_0.employee_id left join order_detail o2_0 on o1_0.order_id=o2_0.order_id left join product p1_0 on p1_0.product_id=o2_0.product_id where o1_0.order_id=?
Hibernate: select p1_0.product_id,p1_0.price_date_time,p1_0.note,p1_0.price from product_price p1_0 where p1_0.product_id=?
Hibernate: select p1_0.product_id,p1_0.image_id,p1_0.alternative,p1_0.path from product_image p1_0 where p1_0.product_id=?
Hibernate: select o1_0.product_id,o1_0.order_id,o2_0.order_id,c1_0.cust_id,c1_0.address,c1_0.email,c1_0.cust_name,c1_0.phone,o2_0.employee_id,e1_0.emp_id,e1_0.address,e1_0.dob,e1_0.email,e1_0.full_name,e1_0.phone,e1_0.status,o2_0.order_date,o1_0.note,o1_0.price,o1_0.quantity from order_detail o1_0 join orders o2_0 on o2_0.order_id=o1_0.order_id left join customer c1_0 on c1_0.cust_id=o2_0.cust_id left join employee e1_0 on e1_0.emp_id=o2_0.employee_id where o1_0.product_id=?
Hibernate: select p1_0.product_id,p1_0.price_date_time,p1_0.note,p1_0.price from product_price p1_0 where p1_0.product_id=?
Hibernate: select p1_0.product_id,p1_0.image_id,p1_0.alternative,p1_0.path from product_image p1_0 where p1_0.product_id=?
Hibernate: select o1_0.product_id,o1_0.order_id,o2_0.order_id,c1_0.cust_id,c1_0.address,c1_0.email,c1_0.cust_name,c1_0.phone,o2_0.employee_id,e1_0.emp_id,e1_0.address,e1_0.dob,e1_0.email,e1_0.full_name,e1_0.phone,e1_0.status,o2_0.order_date,o1_0.note,o1_0.price,o1_0.quantity from order_detail o1_0 join orders o2_0 on o2_0.order_id=o1_0.order_id left join customer c1_0 on c1_0.cust_id=o2_0.cust_id left join employee e1_0 on e1_0.emp_id=o2_0.employee_id where o1_0.product_id=?
Hibernate: select l1_0.employee_id,l1_0.order_id,c1_0.cust_id,c1_0.address,c1_0.email,c1_0.cust_name,c1_0.phone,l1_0.order_date from orders l1_0 left join customer c1_0 on c1_0.cust_id=l1_0.cust_id where l1_0.employee_id=?
Hibernate: select p1_0.product_id,p1_0.description,p1_0.manufacturer_name,p1_0.name,p1_0.status,p1_0.unit,o1_0.product_id,o1_0.order_id,o2_0.order_id,c1_0.cust_id,c1_0.address,c1_0.email,c1_0.cust_name,c1_0.phone,o2_0.employee_id,e1_0.emp_id,e1_0.address,e1_0.dob,e1_0.email,e1_0.full_name,e1_0.phone,e1_0.status,o2_0.order_date,o1_0.note,o1_0.price,o1_0.quantity from product p1_0 left join order_detail o1_0 on p1_0.product_id=o1_0.product_id left join orders o2_0 on o2_0.order_id=o1_0.order_id left join customer c1_0 on c1_0.cust_id=o2_0.cust_id left join employee e1_0 on e1_0.emp_id=o2_0.employee_id where p1_0.product_id=?
Hibernate: select o1_0.order_id,o1_0.product_id,p1_0.product_id,p1_0.description,p1_0.manufacturer_name,p1_0.name,p1_0.status,p1_0.unit,o1_0.note,o1_0.price,o1_0.quantity from order_detail o1_0 join product p1_0 on p1_0.product_id=o1_0.product_id where o1_0.order_id=?
Hibernate: select o1_0.order_id,o1_0.product_id,p1_0.product_id,p1_0.description,p1_0.manufacturer_name,p1_0.name,p1_0.status,p1_0.unit,o1_0.note,o1_0.price,o1_0.quantity from order_detail o1_0 join product p1_0 on p1_0.product_id=o1_0.product_id where o1_0.order_id=?
Hibernate: select o1_0.order_id,o1_0.product_id,p1_0.product_id,p1_0.description,p1_0.manufacturer_name,p1_0.name,p1_0.status,p1_0.unit,o1_0.note,o1_0.price,o1_0.quantity from order_detail o1_0 join product p1_0 on p1_0.product_id=o1_0.product_id where o1_0.order_id=?
Hibernate: select o1_0.order_id,o1_0.product_id,p1_0.product_id,p1_0.description,p1_0.manufacturer_name,p1_0.name,p1_0.status,p1_0.unit,o1_0.note,o1_0.price,o1_0.quantity from order_detail o1_0 join product p1_0 on p1_0.product_id=o1_0.product_id where o1_0.order_id=?
Hibernate: select o1_0.order_id,o1_0.product_id,p1_0.product_id,p1_0.description,p1_0.manufacturer_name,p1_0.name,p1_0.status,p1_0.unit,o1_0.note,o1_0.price,o1_0.quantity from order_detail o1_0 join product p1_0 on p1_0.product_id=o1_0.product_id where o1_0.order_id=?
Hibernate: select o1_0.order_id,o1_0.product_id,p1_0.product_id,p1_0.description,p1_0.manufacturer_name,p1_0.name,p1_0.status,p1_0.unit,o1_0.note,o1_0.price,o1_0.quantity from order_detail o1_0 join product p1_0 on p1_0.product_id=o1_0.product_id where o1_0.order_id=?
Hibernate: select p1_0.product_id,p1_0.price_date_time,p1_0.note,p1_0.price from product_price p1_0 where p1_0.product_id=?
Hibernate: select p1_0.product_id,p1_0.image_id,p1_0.alternative,p1_0.path from product_image p1_0 where p1_0.product_id=?
Hibernate: insert into order_detail (note,price,quantity,order_id,product_id) values (?,?,?,?,?)
Hibernate: select e1_0.emp_id,e1_0.address,e1_0.dob,e1_0.email,e1_0.full_name,e1_0.phone,e1_0.status from employee e1_0 where e1_0.emp_id=?
Hibernate: select c1_0.cust_id,c1_0.address,c1_0.email,c1_0.cust_name,c1_0.phone from customer c1_0 where c1_0.cust_id=?
Hibernate: select o1_0.order_id,c1_0.cust_id,c1_0.address,c1_0.email,c1_0.cust_name,c1_0.phone,o1_0.employee_id,e1_0.emp_id,e1_0.address,e1_0.dob,e1_0.email,e1_0.full_name,e1_0.phone,e1_0.status,o1_0.order_date,o2_0.order_id,o2_0.product_id,p1_0.product_id,p1_0.description,p1_0.manufacturer_name,p1_0.name,p1_0.status,p1_0.unit,o2_0.note,o2_0.price,o2_0.quantity from orders o1_0 left join customer c1_0 on c1_0.cust_id=o1_0.cust_id join employee e1_0 on e1_0.emp_id=o1_0.employee_id left join order_detail o2_0 on o1_0.order_id=o2_0.order_id left join product p1_0 on p1_0.product_id=o2_0.product_id where o1_0.order_id=?
Hibernate: select c1_0.cust_id,c1_0.address,c1_0.email,c1_0.cust_name,c1_0.phone from customer c1_0 where c1_0.cust_id=?
Hibernate: select e1_0.emp_id,e1_0.address,e1_0.dob,e1_0.email,e1_0.full_name,e1_0.phone,e1_0.status from employee e1_0 where e1_0.emp_id=?
Hibernate: insert into orders (cust_id,employee_id,order_date,order_id) values (?,?,?,default)
Hibernate: select p1_0.product_id,p1_0.description,p1_0.manufacturer_name,p1_0.name,p1_0.status,p1_0.unit from product p1_0 where p1_0.product_id=?
Hibernate: select o1_0.order_id,o2_0.order_id,c1_0.cust_id,c1_0.address,c1_0.email,c1_0.cust_name,c1_0.phone,o2_0.employee_id,e1_0.emp_id,e1_0.address,e1_0.dob,e1_0.email,e1_0.full_name,e1_0.phone,e1_0.status,o2_0.order_date,o1_0.product_id,p1_0.product_id,p1_0.description,p1_0.manufacturer_name,p1_0.name,p1_0.status,p1_0.unit,p2_0.product_id,p2_0.image_id,p2_0.alternative,p2_0.path,o1_0.note,o1_0.price,o1_0.quantity from order_detail o1_0 join orders o2_0 on o2_0.order_id=o1_0.order_id left join customer c1_0 on c1_0.cust_id=o2_0.cust_id left join employee e1_0 on e1_0.emp_id=o2_0.employee_id join product p1_0 on p1_0.product_id=o1_0.product_id left join product_image p2_0 on p1_0.product_id=p2_0.product_id where (o1_0.order_id,o1_0.product_id) in ((?,?))
Hibernate: select o1_0.order_id,c1_0.cust_id,c1_0.address,c1_0.email,c1_0.cust_name,c1_0.phone,o1_0.employee_id,e1_0.emp_id,e1_0.address,e1_0.dob,e1_0.email,e1_0.full_name,e1_0.phone,e1_0.status,o1_0.order_date,o2_0.order_id,o2_0.product_id,p1_0.product_id,p1_0.description,p1_0.manufacturer_name,p1_0.name,p1_0.status,p1_0.unit,o2_0.note,o2_0.price,o2_0.quantity from orders o1_0 left join customer c1_0 on c1_0.cust_id=o1_0.cust_id join employee e1_0 on e1_0.emp_id=o1_0.employee_id left join order_detail o2_0 on o1_0.order_id=o2_0.order_id left join product p1_0 on p1_0.product_id=o2_0.product_id where o1_0.order_id=?
Hibernate: select l1_0.employee_id,l1_0.order_id,c1_0.cust_id,c1_0.address,c1_0.email,c1_0.cust_name,c1_0.phone,l1_0.order_date from orders l1_0 left join customer c1_0 on c1_0.cust_id=l1_0.cust_id where l1_0.employee_id=?
Hibernate: select p1_0.product_id,p1_0.description,p1_0.manufacturer_name,p1_0.name,p1_0.status,p1_0.unit,o1_0.product_id,o1_0.order_id,o2_0.order_id,c1_0.cust_id,c1_0.address,c1_0.email,c1_0.cust_name,c1_0.phone,o2_0.employee_id,e1_0.emp_id,e1_0.address,e1_0.dob,e1_0.email,e1_0.full_name,e1_0.phone,e1_0.status,o2_0.order_date,o1_0.note,o1_0.price,o1_0.quantity from product p1_0 left join order_detail o1_0 on p1_0.product_id=o1_0.product_id left join orders o2_0 on o2_0.order_id=o1_0.order_id left join customer c1_0 on c1_0.cust_id=o2_0.cust_id left join employee e1_0 on e1_0.emp_id=o2_0.employee_id where p1_0.product_id=?
Hibernate: select o1_0.order_id,o1_0.product_id,p1_0.product_id,p1_0.description,p1_0.manufacturer_name,p1_0.name,p1_0.status,p1_0.unit,o1_0.note,o1_0.price,o1_0.quantity from order_detail o1_0 join product p1_0 on p1_0.product_id=o1_0.product_id where o1_0.order_id=?
Hibernate: select l1_0.employee_id,l1_0.order_id,c1_0.cust_id,c1_0.address,c1_0.email,c1_0.cust_name,c1_0.phone,l1_0.order_date from orders l1_0 left join customer c1_0 on c1_0.cust_id=l1_0.cust_id where l1_0.employee_id=?
Hibernate: select o1_0.order_id,o1_0.product_id,p1_0.product_id,p1_0.description,p1_0.manufacturer_name,p1_0.name,p1_0.status,p1_0.unit,o1_0.note,o1_0.price,o1_0.quantity from order_detail o1_0 join product p1_0 on p1_0.product_id=o1_0.product_id where o1_0.order_id=?
Hibernate: select l1_0.employee_id,l1_0.order_id,c1_0.cust_id,c1_0.address,c1_0.email,c1_0.cust_name,c1_0.phone,l1_0.order_date from orders l1_0 left join customer c1_0 on c1_0.cust_id=l1_0.cust_id where l1_0.employee_id=?
Hibernate: select o1_0.order_id,o1_0.product_id,p1_0.product_id,p1_0.description,p1_0.manufacturer_name,p1_0.name,p1_0.status,p1_0.unit,o1_0.note,o1_0.price,o1_0.quantity from order_detail o1_0 join product p1_0 on p1_0.product_id=o1_0.product_id where o1_0.order_id=?
Hibernate: select l1_0.employee_id,l1_0.order_id,c1_0.cust_id,c1_0.address,c1_0.email,c1_0.cust_name,c1_0.phone,l1_0.order_date from orders l1_0 left join customer c1_0 on c1_0.cust_id=l1_0.cust_id where l1_0.employee_id=?
Hibernate: select p1_0.product_id,p1_0.price_date_time,p1_0.note,p1_0.price from product_price p1_0 where p1_0.product_id=?
Hibernate: select p1_0.product_id,p1_0.image_id,p1_0.alternative,p1_0.path from product_image p1_0 where p1_0.product_id=?
Hibernate: select o1_0.order_id,o1_0.product_id,p1_0.product_id,p1_0.description,p1_0.manufacturer_name,p1_0.name,p1_0.status,p1_0.unit,o1_0.note,o1_0.price,o1_0.quantity from order_detail o1_0 join product p1_0 on p1_0.product_id=o1_0.product_id where o1_0.order_id=?
Hibernate: select l1_0.employee_id,l1_0.order_id,c1_0.cust_id,c1_0.address,c1_0.email,c1_0.cust_name,c1_0.phone,l1_0.order_date from orders l1_0 left join customer c1_0 on c1_0.cust_id=l1_0.cust_id where l1_0.employee_id=?
Hibernate: insert into order_detail (note,price,quantity,order_id,product_id) values (?,?,?,?,?)
Hibernate: select p1_0.product_id,p1_0.description,p1_0.manufacturer_name,p1_0.name,p1_0.status,p1_0.unit from product p1_0 where p1_0.product_id=?
Hibernate: select o1_0.order_id,o2_0.order_id,c1_0.cust_id,c1_0.address,c1_0.email,c1_0.cust_name,c1_0.phone,o2_0.employee_id,e1_0.emp_id,e1_0.address,e1_0.dob,e1_0.email,e1_0.full_name,e1_0.phone,e1_0.status,o2_0.order_date,o1_0.product_id,p1_0.product_id,p1_0.description,p1_0.manufacturer_name,p1_0.name,p1_0.status,p1_0.unit,p2_0.product_id,p2_0.image_id,p2_0.alternative,p2_0.path,o1_0.note,o1_0.price,o1_0.quantity from order_detail o1_0 join orders o2_0 on o2_0.order_id=o1_0.order_id left join customer c1_0 on c1_0.cust_id=o2_0.cust_id left join employee e1_0 on e1_0.emp_id=o2_0.employee_id join product p1_0 on p1_0.product_id=o1_0.product_id left join product_image p2_0 on p1_0.product_id=p2_0.product_id where (o1_0.order_id,o1_0.product_id) in ((?,?))
Hibernate: select o1_0.order_id,c1_0.cust_id,c1_0.address,c1_0.email,c1_0.cust_name,c1_0.phone,o1_0.employee_id,e1_0.emp_id,e1_0.address,e1_0.dob,e1_0.email,e1_0.full_name,e1_0.phone,e1_0.status,o1_0.order_date,o2_0.order_id,o2_0.product_id,p1_0.product_id,p1_0.description,p1_0.manufacturer_name,p1_0.name,p1_0.status,p1_0.unit,o2_0.note,o2_0.price,o2_0.quantity from orders o1_0 left join customer c1_0 on c1_0.cust_id=o1_0.cust_id join employee e1_0 on e1_0.emp_id=o1_0.employee_id left join order_detail o2_0 on o1_0.order_id=o2_0.order_id left join product p1_0 on p1_0.product_id=o2_0.product_id where o1_0.order_id=?
Hibernate: select p1_0.product_id,p1_0.price_date_time,p1_0.note,p1_0.price from product_price p1_0 where p1_0.product_id=?
Hibernate: select p1_0.product_id,p1_0.image_id,p1_0.alternative,p1_0.path from product_image p1_0 where p1_0.product_id=?
Hibernate: select o1_0.product_id,o1_0.order_id,o2_0.order_id,c1_0.cust_id,c1_0.address,c1_0.email,c1_0.cust_name,c1_0.phone,o2_0.employee_id,e1_0.emp_id,e1_0.address,e1_0.dob,e1_0.email,e1_0.full_name,e1_0.phone,e1_0.status,o2_0.order_date,o1_0.note,o1_0.price,o1_0.quantity from order_detail o1_0 join orders o2_0 on o2_0.order_id=o1_0.order_id left join customer c1_0 on c1_0.cust_id=o2_0.cust_id left join employee e1_0 on e1_0.emp_id=o2_0.employee_id where o1_0.product_id=?
Hibernate: select l1_0.employee_id,l1_0.order_id,c1_0.cust_id,c1_0.address,c1_0.email,c1_0.cust_name,c1_0.phone,l1_0.order_date from orders l1_0 left join customer c1_0 on c1_0.cust_id=l1_0.cust_id where l1_0.employee_id=?
Hibernate: select p1_0.product_id,p1_0.description,p1_0.manufacturer_name,p1_0.name,p1_0.status,p1_0.unit,o1_0.product_id,o1_0.order_id,o2_0.order_id,c1_0.cust_id,c1_0.address,c1_0.email,c1_0.cust_name,c1_0.phone,o2_0.employee_id,e1_0.emp_id,e1_0.address,e1_0.dob,e1_0.email,e1_0.full_name,e1_0.phone,e1_0.status,o2_0.order_date,o1_0.note,o1_0.price,o1_0.quantity from product p1_0 left join order_detail o1_0 on p1_0.product_id=o1_0.product_id left join orders o2_0 on o2_0.order_id=o1_0.order_id left join customer c1_0 on c1_0.cust_id=o2_0.cust_id left join employee e1_0 on e1_0.emp_id=o2_0.employee_id where p1_0.product_id=?
Hibernate: select o1_0.order_id,o1_0.product_id,p1_0.product_id,p1_0.description,p1_0.manufacturer_name,p1_0.name,p1_0.status,p1_0.unit,o1_0.note,o1_0.price,o1_0.quantity from order_detail o1_0 join product p1_0 on p1_0.product_id=o1_0.product_id where o1_0.order_id=?
Hibernate: select l1_0.employee_id,l1_0.order_id,c1_0.cust_id,c1_0.address,c1_0.email,c1_0.cust_name,c1_0.phone,l1_0.order_date from orders l1_0 left join customer c1_0 on c1_0.cust_id=l1_0.cust_id where l1_0.employee_id=?
Hibernate: select o1_0.order_id,o1_0.product_id,p1_0.product_id,p1_0.description,p1_0.manufacturer_name,p1_0.name,p1_0.status,p1_0.unit,o1_0.note,o1_0.price,o1_0.quantity from order_detail o1_0 join product p1_0 on p1_0.product_id=o1_0.product_id where o1_0.order_id=?
Hibernate: select l1_0.employee_id,l1_0.order_id,c1_0.cust_id,c1_0.address,c1_0.email,c1_0.cust_name,c1_0.phone,l1_0.order_date from orders l1_0 left join customer c1_0 on c1_0.cust_id=l1_0.cust_id where l1_0.employee_id=?
Hibernate: select o1_0.order_id,o1_0.product_id,p1_0.product_id,p1_0.description,p1_0.manufacturer_name,p1_0.name,p1_0.status,p1_0.unit,o1_0.note,o1_0.price,o1_0.quantity from order_detail o1_0 join product p1_0 on p1_0.product_id=o1_0.product_id where o1_0.order_id=?
Hibernate: select p1_0.product_id,p1_0.price_date_time,p1_0.note,p1_0.price from product_price p1_0 where p1_0.product_id=?
Hibernate: select p1_0.product_id,p1_0.image_id,p1_0.alternative,p1_0.path from product_image p1_0 where p1_0.product_id=?
Hibernate: select o1_0.order_id,o1_0.product_id,p1_0.product_id,p1_0.description,p1_0.manufacturer_name,p1_0.name,p1_0.status,p1_0.unit,o1_0.note,o1_0.price,o1_0.quantity from order_detail o1_0 join product p1_0 on p1_0.product_id=o1_0.product_id where o1_0.order_id=?
Hibernate: insert into order_detail (note,price,quantity,order_id,product_id) values (?,?,?,?,?)
Hibernate: select p1_0.product_id,p1_0.description,p1_0.manufacturer_name,p1_0.name,p1_0.status,p1_0.unit from product p1_0 where p1_0.product_id=?
Hibernate: select o1_0.order_id,o2_0.order_id,c1_0.cust_id,c1_0.address,c1_0.email,c1_0.cust_name,c1_0.phone,o2_0.employee_id,e1_0.emp_id,e1_0.address,e1_0.dob,e1_0.email,e1_0.full_name,e1_0.phone,e1_0.status,o2_0.order_date,o1_0.product_id,p1_0.product_id,p1_0.description,p1_0.manufacturer_name,p1_0.name,p1_0.status,p1_0.unit,p2_0.product_id,p2_0.image_id,p2_0.alternative,p2_0.path,o1_0.note,o1_0.price,o1_0.quantity from order_detail o1_0 join orders o2_0 on o2_0.order_id=o1_0.order_id left join customer c1_0 on c1_0.cust_id=o2_0.cust_id left join employee e1_0 on e1_0.emp_id=o2_0.employee_id join product p1_0 on p1_0.product_id=o1_0.product_id left join product_image p2_0 on p1_0.product_id=p2_0.product_id where (o1_0.order_id,o1_0.product_id) in ((?,?))
Hibernate: select o1_0.order_id,c1_0.cust_id,c1_0.address,c1_0.email,c1_0.cust_name,c1_0.phone,o1_0.employee_id,e1_0.emp_id,e1_0.address,e1_0.dob,e1_0.email,e1_0.full_name,e1_0.phone,e1_0.status,o1_0.order_date,o2_0.order_id,o2_0.product_id,p1_0.product_id,p1_0.description,p1_0.manufacturer_name,p1_0.name,p1_0.status,p1_0.unit,o2_0.note,o2_0.price,o2_0.quantity from orders o1_0 left join customer c1_0 on c1_0.cust_id=o1_0.cust_id join employee e1_0 on e1_0.emp_id=o1_0.employee_id left join order_detail o2_0 on o1_0.order_id=o2_0.order_id left join product p1_0 on p1_0.product_id=o2_0.product_id where o1_0.order_id=?
Hibernate: select p1_0.product_id,p1_0.price_date_time,p1_0.note,p1_0.price from product_price p1_0 where p1_0.product_id=?
Hibernate: select p1_0.product_id,p1_0.image_id,p1_0.alternative,p1_0.path from product_image p1_0 where p1_0.product_id=?
Hibernate: select o1_0.product_id,o1_0.order_id,o2_0.order_id,c1_0.cust_id,c1_0.address,c1_0.email,c1_0.cust_name,c1_0.phone,o2_0.employee_id,e1_0.emp_id,e1_0.address,e1_0.dob,e1_0.email,e1_0.full_name,e1_0.phone,e1_0.status,o2_0.order_date,o1_0.note,o1_0.price,o1_0.quantity from order_detail o1_0 join orders o2_0 on o2_0.order_id=o1_0.order_id left join customer c1_0 on c1_0.cust_id=o2_0.cust_id left join employee e1_0 on e1_0.emp_id=o2_0.employee_id where o1_0.product_id=?
Hibernate: select p1_0.product_id,p1_0.price_date_time,p1_0.note,p1_0.price from product_price p1_0 where p1_0.product_id=?
Hibernate: select p1_0.product_id,p1_0.image_id,p1_0.alternative,p1_0.path from product_image p1_0 where p1_0.product_id=?
Hibernate: select o1_0.product_id,o1_0.order_id,o2_0.order_id,c1_0.cust_id,c1_0.address,c1_0.email,c1_0.cust_name,c1_0.phone,o2_0.employee_id,e1_0.emp_id,e1_0.address,e1_0.dob,e1_0.email,e1_0.full_name,e1_0.phone,e1_0.status,o2_0.order_date,o1_0.note,o1_0.price,o1_0.quantity from order_detail o1_0 join orders o2_0 on o2_0.order_id=o1_0.order_id left join customer c1_0 on c1_0.cust_id=o2_0.cust_id left join employee e1_0 on e1_0.emp_id=o2_0.employee_id where o1_0.product_id=?
Hibernate: select l1_0.employee_id,l1_0.order_id,c1_0.cust_id,c1_0.address,c1_0.email,c1_0.cust_name,c1_0.phone,l1_0.order_date from orders l1_0 left join customer c1_0 on c1_0.cust_id=l1_0.cust_id where l1_0.employee_id=?
Hibernate: select p1_0.product_id,p1_0.description,p1_0.manufacturer_name,p1_0.name,p1_0.status,p1_0.unit,o1_0.product_id,o1_0.order_id,o2_0.order_id,c1_0.cust_id,c1_0.address,c1_0.email,c1_0.cust_name,c1_0.phone,o2_0.employee_id,e1_0.emp_id,e1_0.address,e1_0.dob,e1_0.email,e1_0.full_name,e1_0.phone,e1_0.status,o2_0.order_date,o1_0.note,o1_0.price,o1_0.quantity from product p1_0 left join order_detail o1_0 on p1_0.product_id=o1_0.product_id left join orders o2_0 on o2_0.order_id=o1_0.order_id left join customer c1_0 on c1_0.cust_id=o2_0.cust_id left join employee e1_0 on e1_0.emp_id=o2_0.employee_id where p1_0.product_id=?
Hibernate: select o1_0.order_id,o1_0.product_id,p1_0.product_id,p1_0.description,p1_0.manufacturer_name,p1_0.name,p1_0.status,p1_0.unit,o1_0.note,o1_0.price,o1_0.quantity from order_detail o1_0 join product p1_0 on p1_0.product_id=o1_0.product_id where o1_0.order_id=?
Hibernate: select o1_0.order_id,o1_0.product_id,p1_0.product_id,p1_0.description,p1_0.manufacturer_name,p1_0.name,p1_0.status,p1_0.unit,o1_0.note,o1_0.price,o1_0.quantity from order_detail o1_0 join product p1_0 on p1_0.product_id=o1_0.product_id where o1_0.order_id=?
Hibernate: select o1_0.order_id,o1_0.product_id,p1_0.product_id,p1_0.description,p1_0.manufacturer_name,p1_0.name,p1_0.status,p1_0.unit,o1_0.note,o1_0.price,o1_0.quantity from order_detail o1_0 join product p1_0 on p1_0.product_id=o1_0.product_id where o1_0.order_id=?
Hibernate: select o1_0.order_id,o1_0.product_id,p1_0.product_id,p1_0.description,p1_0.manufacturer_name,p1_0.name,p1_0.status,p1_0.unit,o1_0.note,o1_0.price,o1_0.quantity from order_detail o1_0 join product p1_0 on p1_0.product_id=o1_0.product_id where o1_0.order_id=?
Hibernate: select o1_0.order_id,o1_0.product_id,p1_0.product_id,p1_0.description,p1_0.manufacturer_name,p1_0.name,p1_0.status,p1_0.unit,o1_0.note,o1_0.price,o1_0.quantity from order_detail o1_0 join product p1_0 on p1_0.product_id=o1_0.product_id where o1_0.order_id=?
Hibernate: select o1_0.order_id,o1_0.product_id,p1_0.product_id,p1_0.description,p1_0.manufacturer_name,p1_0.name,p1_0.status,p1_0.unit,o1_0.note,o1_0.price,o1_0.quantity from order_detail o1_0 join product p1_0 on p1_0.product_id=o1_0.product_id where o1_0.order_id=?
Hibernate: select o1_0.order_id,o1_0.product_id,p1_0.product_id,p1_0.description,p1_0.manufacturer_name,p1_0.name,p1_0.status,p1_0.unit,o1_0.note,o1_0.price,o1_0.quantity from order_detail o1_0 join product p1_0 on p1_0.product_id=o1_0.product_id where o1_0.order_id=?
Hibernate: select l1_0.employee_id,l1_0.order_id,c1_0.cust_id,c1_0.address,c1_0.email,c1_0.cust_name,c1_0.phone,l1_0.order_date from orders l1_0 left join customer c1_0 on c1_0.cust_id=l1_0.cust_id where l1_0.employee_id=?
Hibernate: select o1_0.order_id,o1_0.product_id,p1_0.product_id,p1_0.description,p1_0.manufacturer_name,p1_0.name,p1_0.status,p1_0.unit,o1_0.note,o1_0.price,o1_0.quantity from order_detail o1_0 join product p1_0 on p1_0.product_id=o1_0.product_id where o1_0.order_id=?
Hibernate: select l1_0.employee_id,l1_0.order_id,c1_0.cust_id,c1_0.address,c1_0.email,c1_0.cust_name,c1_0.phone,l1_0.order_date from orders l1_0 left join customer c1_0 on c1_0.cust_id=l1_0.cust_id where l1_0.employee_id=?
Hibernate: select o1_0.order_id,o1_0.product_id,p1_0.product_id,p1_0.description,p1_0.manufacturer_name,p1_0.name,p1_0.status,p1_0.unit,o1_0.note,o1_0.price,o1_0.quantity from order_detail o1_0 join product p1_0 on p1_0.product_id=o1_0.product_id where o1_0.order_id=?
Hibernate: select p1_0.product_id,p1_0.price_date_time,p1_0.note,p1_0.price from product_price p1_0 where p1_0.product_id=?
Hibernate: select p1_0.product_id,p1_0.image_id,p1_0.alternative,p1_0.path from product_image p1_0 where p1_0.product_id=?
Hibernate: select o1_0.order_id,o1_0.product_id,p1_0.product_id,p1_0.description,p1_0.manufacturer_name,p1_0.name,p1_0.status,p1_0.unit,o1_0.note,o1_0.price,o1_0.quantity from order_detail o1_0 join product p1_0 on p1_0.product_id=o1_0.product_id where o1_0.order_id=?
Hibernate: insert into order_detail (note,price,quantity,order_id,product_id) values (?,?,?,?,?)
Hibernate: select e1_0.emp_id,e1_0.address,e1_0.dob,e1_0.email,e1_0.full_name,e1_0.phone,e1_0.status from employee e1_0 where e1_0.emp_id=?
Hibernate: select c1_0.cust_id,c1_0.address,c1_0.email,c1_0.cust_name,c1_0.phone from customer c1_0 where c1_0.cust_id=?
Hibernate: select o1_0.order_id,c1_0.cust_id,c1_0.address,c1_0.email,c1_0.cust_name,c1_0.phone,o1_0.employee_id,e1_0.emp_id,e1_0.address,e1_0.dob,e1_0.email,e1_0.full_name,e1_0.phone,e1_0.status,o1_0.order_date,o2_0.order_id,o2_0.product_id,p1_0.product_id,p1_0.description,p1_0.manufacturer_name,p1_0.name,p1_0.status,p1_0.unit,o2_0.note,o2_0.price,o2_0.quantity from orders o1_0 left join customer c1_0 on c1_0.cust_id=o1_0.cust_id join employee e1_0 on e1_0.emp_id=o1_0.employee_id left join order_detail o2_0 on o1_0.order_id=o2_0.order_id left join product p1_0 on p1_0.product_id=o2_0.product_id where o1_0.order_id=?
Hibernate: select c1_0.cust_id,c1_0.address,c1_0.email,c1_0.cust_name,c1_0.phone from customer c1_0 where c1_0.cust_id=?
Hibernate: select e1_0.emp_id,e1_0.address,e1_0.dob,e1_0.email,e1_0.full_name,e1_0.phone,e1_0.status from employee e1_0 where e1_0.emp_id=?
Hibernate: insert into orders (cust_id,employee_id,order_date,order_id) values (?,?,?,default)
Hibernate: select p1_0.product_id,p1_0.description,p1_0.manufacturer_name,p1_0.name,p1_0.status,p1_0.unit from product p1_0 where p1_0.product_id=?
Hibernate: select o1_0.order_id,o2_0.order_id,c1_0.cust_id,c1_0.address,c1_0.email,c1_0.cust_name,c1_0.phone,o2_0.employee_id,e1_0.emp_id,e1_0.address,e1_0.dob,e1_0.email,e1_0.full_name,e1_0.phone,e1_0.status,o2_0.order_date,o1_0.product_id,p1_0.product_id,p1_0.description,p1_0.manufacturer_name,p1_0.name,p1_0.status,p1_0.unit,p2_0.product_id,p2_0.image_id,p2_0.alternative,p2_0.path,o1_0.note,o1_0.price,o1_0.quantity from order_detail o1_0 join orders o2_0 on o2_0.order_id=o1_0.order_id left join customer c1_0 on c1_0.cust_id=o2_0.cust_id left join employee e1_0 on e1_0.emp_id=o2_0.employee_id join product p1_0 on p1_0.product_id=o1_0.product_id left join product_image p2_0 on p1_0.product_id=p2_0.product_id where (o1_0.order_id,o1_0.product_id) in ((?,?))
Hibernate: select o1_0.order_id,c1_0.cust_id,c1_0.address,c1_0.email,c1_0.cust_name,c1_0.phone,o1_0.employee_id,e1_0.emp_id,e1_0.address,e1_0.dob,e1_0.email,e1_0.full_name,e1_0.phone,e1_0.status,o1_0.order_date,o2_0.order_id,o2_0.product_id,p1_0.product_id,p1_0.description,p1_0.manufacturer_name,p1_0.name,p1_0.status,p1_0.unit,o2_0.note,o2_0.price,o2_0.quantity from orders o1_0 left join customer c1_0 on c1_0.cust_id=o1_0.cust_id join employee e1_0 on e1_0.emp_id=o1_0.employee_id left join order_detail o2_0 on o1_0.order_id=o2_0.order_id left join product p1_0 on p1_0.product_id=o2_0.product_id where o1_0.order_id=?
Hibernate: select l1_0.employee_id,l1_0.order_id,c1_0.cust_id,c1_0.address,c1_0.email,c1_0.cust_name,c1_0.phone,l1_0.order_date from orders l1_0 left join customer c1_0 on c1_0.cust_id=l1_0.cust_id where l1_0.employee_id=?
Hibernate: select p1_0.product_id,p1_0.description,p1_0.manufacturer_name,p1_0.name,p1_0.status,p1_0.unit,o1_0.product_id,o1_0.order_id,o2_0.order_id,c1_0.cust_id,c1_0.address,c1_0.email,c1_0.cust_name,c1_0.phone,o2_0.employee_id,e1_0.emp_id,e1_0.address,e1_0.dob,e1_0.email,e1_0.full_name,e1_0.phone,e1_0.status,o2_0.order_date,o1_0.note,o1_0.price,o1_0.quantity from product p1_0 left join order_detail o1_0 on p1_0.product_id=o1_0.product_id left join orders o2_0 on o2_0.order_id=o1_0.order_id left join customer c1_0 on c1_0.cust_id=o2_0.cust_id left join employee e1_0 on e1_0.emp_id=o2_0.employee_id where p1_0.product_id=?
Hibernate: select o1_0.order_id,o1_0.product_id,p1_0.product_id,p1_0.description,p1_0.manufacturer_name,p1_0.name,p1_0.status,p1_0.unit,o1_0.note,o1_0.price,o1_0.quantity from order_detail o1_0 join product p1_0 on p1_0.product_id=o1_0.product_id where o1_0.order_id=?
Hibernate: select l1_0.employee_id,l1_0.order_id,c1_0.cust_id,c1_0.address,c1_0.email,c1_0.cust_name,c1_0.phone,l1_0.order_date from orders l1_0 left join customer c1_0 on c1_0.cust_id=l1_0.cust_id where l1_0.employee_id=?
Hibernate: select o1_0.order_id,o1_0.product_id,p1_0.product_id,p1_0.description,p1_0.manufacturer_name,p1_0.name,p1_0.status,p1_0.unit,o1_0.note,o1_0.price,o1_0.quantity from order_detail o1_0 join product p1_0 on p1_0.product_id=o1_0.product_id where o1_0.order_id=?
Hibernate: select l1_0.employee_id,l1_0.order_id,c1_0.cust_id,c1_0.address,c1_0.email,c1_0.cust_name,c1_0.phone,l1_0.order_date from orders l1_0 left join customer c1_0 on c1_0.cust_id=l1_0.cust_id where l1_0.employee_id=?
Hibernate: select o1_0.order_id,o1_0.product_id,p1_0.product_id,p1_0.description,p1_0.manufacturer_name,p1_0.name,p1_0.status,p1_0.unit,o1_0.note,o1_0.price,o1_0.quantity from order_detail o1_0 join product p1_0 on p1_0.product_id=o1_0.product_id where o1_0.order_id=?
Hibernate: select l1_0.employee_id,l1_0.order_id,c1_0.cust_id,c1_0.address,c1_0.email,c1_0.cust_name,c1_0.phone,l1_0.order_date from orders l1_0 left join customer c1_0 on c1_0.cust_id=l1_0.cust_id where l1_0.employee_id=?
Hibernate: select o1_0.order_id,o1_0.product_id,p1_0.product_id,p1_0.description,p1_0.manufacturer_name,p1_0.name,p1_0.status,p1_0.unit,o1_0.note,o1_0.price,o1_0.quantity from order_detail o1_0 join product p1_0 on p1_0.product_id=o1_0.product_id where o1_0.order_id=?
Hibernate: select l1_0.employee_id,l1_0.order_id,c1_0.cust_id,c1_0.address,c1_0.email,c1_0.cust_name,c1_0.phone,l1_0.order_date from orders l1_0 left join customer c1_0 on c1_0.cust_id=l1_0.cust_id where l1_0.employee_id=?
Hibernate: select p1_0.product_id,p1_0.price_date_time,p1_0.note,p1_0.price from product_price p1_0 where p1_0.product_id=?
Hibernate: select p1_0.product_id,p1_0.image_id,p1_0.alternative,p1_0.path from product_image p1_0 where p1_0.product_id=?
Hibernate: select o1_0.order_id,o1_0.product_id,p1_0.product_id,p1_0.description,p1_0.manufacturer_name,p1_0.name,p1_0.status,p1_0.unit,o1_0.note,o1_0.price,o1_0.quantity from order_detail o1_0 join product p1_0 on p1_0.product_id=o1_0.product_id where o1_0.order_id=?
Hibernate: select l1_0.employee_id,l1_0.order_id,c1_0.cust_id,c1_0.address,c1_0.email,c1_0.cust_name,c1_0.phone,l1_0.order_date from orders l1_0 left join customer c1_0 on c1_0.cust_id=l1_0.cust_id where l1_0.employee_id=?
Hibernate: insert into order_detail (note,price,quantity,order_id,product_id) values (?,?,?,?,?)
Hibernate: select p1_0.product_id,p1_0.description,p1_0.manufacturer_name,p1_0.name,p1_0.status,p1_0.unit from product p1_0 where p1_0.product_id=?
Hibernate: select o1_0.order_id,o2_0.order_id,c1_0.cust_id,c1_0.address,c1_0.email,c1_0.cust_name,c1_0.phone,o2_0.employee_id,e1_0.emp_id,e1_0.address,e1_0.dob,e1_0.email,e1_0.full_name,e1_0.phone,e1_0.status,o2_0.order_date,o1_0.product_id,p1_0.product_id,p1_0.description,p1_0.manufacturer_name,p1_0.name,p1_0.status,p1_0.unit,p2_0.product_id,p2_0.image_id,p2_0.alternative,p2_0.path,o1_0.note,o1_0.price,o1_0.quantity from order_detail o1_0 join orders o2_0 on o2_0.order_id=o1_0.order_id left join customer c1_0 on c1_0.cust_id=o2_0.cust_id left join employee e1_0 on e1_0.emp_id=o2_0.employee_id join product p1_0 on p1_0.product_id=o1_0.product_id left join product_image p2_0 on p1_0.product_id=p2_0.product_id where (o1_0.order_id,o1_0.product_id) in ((?,?))
Hibernate: select o1_0.order_id,c1_0.cust_id,c1_0.address,c1_0.email,c1_0.cust_name,c1_0.phone,o1_0.employee_id,e1_0.emp_id,e1_0.address,e1_0.dob,e1_0.email,e1_0.full_name,e1_0.phone,e1_0.status,o1_0.order_date,o2_0.order_id,o2_0.product_id,p1_0.product_id,p1_0.description,p1_0.manufacturer_name,p1_0.name,p1_0.status,p1_0.unit,o2_0.note,o2_0.price,o2_0.quantity from orders o1_0 left join customer c1_0 on c1_0.cust_id=o1_0.cust_id join employee e1_0 on e1_0.emp_id=o1_0.employee_id left join order_detail o2_0 on o1_0.order_id=o2_0.order_id left join product p1_0 on p1_0.product_id=o2_0.product_id where o1_0.order_id=?
Hibernate: select p1_0.product_id,p1_0.price_date_time,p1_0.note,p1_0.price from product_price p1_0 where p1_0.product_id=?
Hibernate: select p1_0.product_id,p1_0.image_id,p1_0.alternative,p1_0.path from product_image p1_0 where p1_0.product_id=?
Hibernate: select o1_0.product_id,o1_0.order_id,o2_0.order_id,c1_0.cust_id,c1_0.address,c1_0.email,c1_0.cust_name,c1_0.phone,o2_0.employee_id,e1_0.emp_id,e1_0.address,e1_0.dob,e1_0.email,e1_0.full_name,e1_0.phone,e1_0.status,o2_0.order_date,o1_0.note,o1_0.price,o1_0.quantity from order_detail o1_0 join orders o2_0 on o2_0.order_id=o1_0.order_id left join customer c1_0 on c1_0.cust_id=o2_0.cust_id left join employee e1_0 on e1_0.emp_id=o2_0.employee_id where o1_0.product_id=?
Hibernate: select l1_0.employee_id,l1_0.order_id,c1_0.cust_id,c1_0.address,c1_0.email,c1_0.cust_name,c1_0.phone,l1_0.order_date from orders l1_0 left join customer c1_0 on c1_0.cust_id=l1_0.cust_id where l1_0.employee_id=?
Hibernate: select p1_0.product_id,p1_0.description,p1_0.manufacturer_name,p1_0.name,p1_0.status,p1_0.unit,o1_0.product_id,o1_0.order_id,o2_0.order_id,c1_0.cust_id,c1_0.address,c1_0.email,c1_0.cust_name,c1_0.phone,o2_0.employee_id,e1_0.emp_id,e1_0.address,e1_0.dob,e1_0.email,e1_0.full_name,e1_0.phone,e1_0.status,o2_0.order_date,o1_0.note,o1_0.price,o1_0.quantity from product p1_0 left join order_detail o1_0 on p1_0.product_id=o1_0.product_id left join orders o2_0 on o2_0.order_id=o1_0.order_id left join customer c1_0 on c1_0.cust_id=o2_0.cust_id left join employee e1_0 on e1_0.emp_id=o2_0.employee_id where p1_0.product_id=?
Hibernate: select o1_0.order_id,o1_0.product_id,p1_0.product_id,p1_0.description,p1_0.manufacturer_name,p1_0.name,p1_0.status,p1_0.unit,o1_0.note,o1_0.price,o1_0.quantity from order_detail o1_0 join product p1_0 on p1_0.product_id=o1_0.product_id where o1_0.order_id=?
Hibernate: select l1_0.employee_id,l1_0.order_id,c1_0.cust_id,c1_0.address,c1_0.email,c1_0.cust_name,c1_0.phone,l1_0.order_date from orders l1_0 left join customer c1_0 on c1_0.cust_id=l1_0.cust_id where l1_0.employee_id=?
Hibernate: select o1_0.order_id,o1_0.product_id,p1_0.product_id,p1_0.description,p1_0.manufacturer_name,p1_0.name,p1_0.status,p1_0.unit,o1_0.note,o1_0.price,o1_0.quantity from order_detail o1_0 join product p1_0 on p1_0.product_id=o1_0.product_id where o1_0.order_id=?
Hibernate: select l1_0.employee_id,l1_0.order_id,c1_0.cust_id,c1_0.address,c1_0.email,c1_0.cust_name,c1_0.phone,l1_0.order_date from orders l1_0 left join customer c1_0 on c1_0.cust_id=l1_0.cust_id where l1_0.employee_id=?
Hibernate: select o1_0.order_id,o1_0.product_id,p1_0.product_id,p1_0.description,p1_0.manufacturer_name,p1_0.name,p1_0.status,p1_0.unit,o1_0.note,o1_0.price,o1_0.quantity from order_detail o1_0 join product p1_0 on p1_0.product_id=o1_0.product_id where o1_0.order_id=?
Hibernate: select o1_0.order_id,o1_0.product_id,p1_0.product_id,p1_0.description,p1_0.manufacturer_name,p1_0.name,p1_0.status,p1_0.unit,o1_0.note,o1_0.price,o1_0.quantity from order_detail o1_0 join product p1_0 on p1_0.product_id=o1_0.product_id where o1_0.order_id=?
Hibernate: select o1_0.order_id,o1_0.product_id,p1_0.product_id,p1_0.description,p1_0.manufacturer_name,p1_0.name,p1_0.status,p1_0.unit,o1_0.note,o1_0.price,o1_0.quantity from order_detail o1_0 join product p1_0 on p1_0.product_id=o1_0.product_id where o1_0.order_id=?
Hibernate: select o1_0.order_id,o1_0.product_id,p1_0.product_id,p1_0.description,p1_0.manufacturer_name,p1_0.name,p1_0.status,p1_0.unit,o1_0.note,o1_0.price,o1_0.quantity from order_detail o1_0 join product p1_0 on p1_0.product_id=o1_0.product_id where o1_0.order_id=?
Hibernate: select l1_0.employee_id,l1_0.order_id,c1_0.cust_id,c1_0.address,c1_0.email,c1_0.cust_name,c1_0.phone,l1_0.order_date from orders l1_0 left join customer c1_0 on c1_0.cust_id=l1_0.cust_id where l1_0.employee_id=?
Hibernate: select p1_0.product_id,p1_0.price_date_time,p1_0.note,p1_0.price from product_price p1_0 where p1_0.product_id=?
Hibernate: select p1_0.product_id,p1_0.image_id,p1_0.alternative,p1_0.path from product_image p1_0 where p1_0.product_id=?
Hibernate: select o1_0.order_id,o1_0.product_id,p1_0.product_id,p1_0.description,p1_0.manufacturer_name,p1_0.name,p1_0.status,p1_0.unit,o1_0.note,o1_0.price,o1_0.quantity from order_detail o1_0 join product p1_0 on p1_0.product_id=o1_0.product_id where o1_0.order_id=?
Hibernate: insert into order_detail (note,price,quantity,order_id,product_id) values (?,?,?,?,?)
Hibernate: select p1_0.product_id,p1_0.description,p1_0.manufacturer_name,p1_0.name,p1_0.status,p1_0.unit from product p1_0 where p1_0.product_id=?
Hibernate: select o1_0.order_id,o2_0.order_id,c1_0.cust_id,c1_0.address,c1_0.email,c1_0.cust_name,c1_0.phone,o2_0.employee_id,e1_0.emp_id,e1_0.address,e1_0.dob,e1_0.email,e1_0.full_name,e1_0.phone,e1_0.status,o2_0.order_date,o1_0.product_id,p1_0.product_id,p1_0.description,p1_0.manufacturer_name,p1_0.name,p1_0.status,p1_0.unit,p2_0.product_id,p2_0.image_id,p2_0.alternative,p2_0.path,o1_0.note,o1_0.price,o1_0.quantity from order_detail o1_0 join orders o2_0 on o2_0.order_id=o1_0.order_id left join customer c1_0 on c1_0.cust_id=o2_0.cust_id left join employee e1_0 on e1_0.emp_id=o2_0.employee_id join product p1_0 on p1_0.product_id=o1_0.product_id left join product_image p2_0 on p1_0.product_id=p2_0.product_id where (o1_0.order_id,o1_0.product_id) in ((?,?))
Hibernate: select o1_0.order_id,c1_0.cust_id,c1_0.address,c1_0.email,c1_0.cust_name,c1_0.phone,o1_0.employee_id,e1_0.emp_id,e1_0.address,e1_0.dob,e1_0.email,e1_0.full_name,e1_0.phone,e1_0.status,o1_0.order_date,o2_0.order_id,o2_0.product_id,p1_0.product_id,p1_0.description,p1_0.manufacturer_name,p1_0.name,p1_0.status,p1_0.unit,o2_0.note,o2_0.price,o2_0.quantity from orders o1_0 left join customer c1_0 on c1_0.cust_id=o1_0.cust_id join employee e1_0 on e1_0.emp_id=o1_0.employee_id left join order_detail o2_0 on o1_0.order_id=o2_0.order_id left join product p1_0 on p1_0.product_id=o2_0.product_id where o1_0.order_id=?
Hibernate: select p1_0.product_id,p1_0.price_date_time,p1_0.note,p1_0.price from product_price p1_0 where p1_0.product_id=?
Hibernate: select p1_0.product_id,p1_0.image_id,p1_0.alternative,p1_0.path from product_image p1_0 where p1_0.product_id=?
Hibernate: select o1_0.product_id,o1_0.order_id,o2_0.order_id,c1_0.cust_id,c1_0.address,c1_0.email,c1_0.cust_name,c1_0.phone,o2_0.employee_id,e1_0.emp_id,e1_0.address,e1_0.dob,e1_0.email,e1_0.full_name,e1_0.phone,e1_0.status,o2_0.order_date,o1_0.note,o1_0.price,o1_0.quantity from order_detail o1_0 join orders o2_0 on o2_0.order_id=o1_0.order_id left join customer c1_0 on c1_0.cust_id=o2_0.cust_id left join employee e1_0 on e1_0.emp_id=o2_0.employee_id where o1_0.product_id=?
Hibernate: select p1_0.product_id,p1_0.price_date_time,p1_0.note,p1_0.price from product_price p1_0 where p1_0.product_id=?
Hibernate: select p1_0.product_id,p1_0.image_id,p1_0.alternative,p1_0.path from product_image p1_0 where p1_0.product_id=?
Hibernate: select o1_0.product_id,o1_0.order_id,o2_0.order_id,c1_0.cust_id,c1_0.address,c1_0.email,c1_0.cust_name,c1_0.phone,o2_0.employee_id,e1_0.emp_id,e1_0.address,e1_0.dob,e1_0.email,e1_0.full_name,e1_0.phone,e1_0.status,o2_0.order_date,o1_0.note,o1_0.price,o1_0.quantity from order_detail o1_0 join orders o2_0 on o2_0.order_id=o1_0.order_id left join customer c1_0 on c1_0.cust_id=o2_0.cust_id left join employee e1_0 on e1_0.emp_id=o2_0.employee_id where o1_0.product_id=?
Hibernate: select l1_0.employee_id,l1_0.order_id,c1_0.cust_id,c1_0.address,c1_0.email,c1_0.cust_name,c1_0.phone,l1_0.order_date from orders l1_0 left join customer c1_0 on c1_0.cust_id=l1_0.cust_id where l1_0.employee_id=?
Hibernate: select p1_0.product_id,p1_0.description,p1_0.manufacturer_name,p1_0.name,p1_0.status,p1_0.unit,o1_0.product_id,o1_0.order_id,o2_0.order_id,c1_0.cust_id,c1_0.address,c1_0.email,c1_0.cust_name,c1_0.phone,o2_0.employee_id,e1_0.emp_id,e1_0.address,e1_0.dob,e1_0.email,e1_0.full_name,e1_0.phone,e1_0.status,o2_0.order_date,o1_0.note,o1_0.price,o1_0.quantity from product p1_0 left join order_detail o1_0 on p1_0.product_id=o1_0.product_id left join orders o2_0 on o2_0.order_id=o1_0.order_id left join customer c1_0 on c1_0.cust_id=o2_0.cust_id left join employee e1_0 on e1_0.emp_id=o2_0.employee_id where p1_0.product_id=?
Hibernate: select o1_0.order_id,o1_0.product_id,p1_0.product_id,p1_0.description,p1_0.manufacturer_name,p1_0.name,p1_0.status,p1_0.unit,o1_0.note,o1_0.price,o1_0.quantity from order_detail o1_0 join product p1_0 on p1_0.product_id=o1_0.product_id where o1_0.order_id=?
Hibernate: select o1_0.order_id,o1_0.product_id,p1_0.product_id,p1_0.description,p1_0.manufacturer_name,p1_0.name,p1_0.status,p1_0.unit,o1_0.note,o1_0.price,o1_0.quantity from order_detail o1_0 join product p1_0 on p1_0.product_id=o1_0.product_id where o1_0.order_id=?
Hibernate: select o1_0.order_id,o1_0.product_id,p1_0.product_id,p1_0.description,p1_0.manufacturer_name,p1_0.name,p1_0.status,p1_0.unit,o1_0.note,o1_0.price,o1_0.quantity from order_detail o1_0 join product p1_0 on p1_0.product_id=o1_0.product_id where o1_0.order_id=?
Hibernate: select o1_0.order_id,o1_0.product_id,p1_0.product_id,p1_0.description,p1_0.manufacturer_name,p1_0.name,p1_0.status,p1_0.unit,o1_0.note,o1_0.price,o1_0.quantity from order_detail o1_0 join product p1_0 on p1_0.product_id=o1_0.product_id where o1_0.order_id=?
Hibernate: select o1_0.order_id,o1_0.product_id,p1_0.product_id,p1_0.description,p1_0.manufacturer_name,p1_0.name,p1_0.status,p1_0.unit,o1_0.note,o1_0.price,o1_0.quantity from order_detail o1_0 join product p1_0 on p1_0.product_id=o1_0.product_id where o1_0.order_id=?
Hibernate: select o1_0.order_id,o1_0.product_id,p1_0.product_id,p1_0.description,p1_0.manufacturer_name,p1_0.name,p1_0.status,p1_0.unit,o1_0.note,o1_0.price,o1_0.quantity from order_detail o1_0 join product p1_0 on p1_0.product_id=o1_0.product_id where o1_0.order_id=?
Hibernate: select p1_0.product_id,p1_0.price_date_time,p1_0.note,p1_0.price from product_price p1_0 where p1_0.product_id=?
Hibernate: select p1_0.product_id,p1_0.image_id,p1_0.alternative,p1_0.path from product_image p1_0 where p1_0.product_id=?
Hibernate: select o1_0.order_id,o1_0.product_id,p1_0.product_id,p1_0.description,p1_0.manufacturer_name,p1_0.name,p1_0.status,p1_0.unit,o1_0.note,o1_0.price,o1_0.quantity from order_detail o1_0 join product p1_0 on p1_0.product_id=o1_0.product_id where o1_0.order_id=?
Hibernate: insert into order_detail (note,price,quantity,order_id,product_id) values (?,?,?,?,?)
Hibernate: select e1_0.emp_id,e1_0.address,e1_0.dob,e1_0.email,e1_0.full_name,e1_0.phone,e1_0.status from employee e1_0 where e1_0.emp_id=?
Hibernate: select c1_0.cust_id,c1_0.address,c1_0.email,c1_0.cust_name,c1_0.phone from customer c1_0 where c1_0.cust_id=?
Hibernate: select o1_0.order_id,c1_0.cust_id,c1_0.address,c1_0.email,c1_0.cust_name,c1_0.phone,o1_0.employee_id,e1_0.emp_id,e1_0.address,e1_0.dob,e1_0.email,e1_0.full_name,e1_0.phone,e1_0.status,o1_0.order_date,o2_0.order_id,o2_0.product_id,p1_0.product_id,p1_0.description,p1_0.manufacturer_name,p1_0.name,p1_0.status,p1_0.unit,o2_0.note,o2_0.price,o2_0.quantity from orders o1_0 left join customer c1_0 on c1_0.cust_id=o1_0.cust_id join employee e1_0 on e1_0.emp_id=o1_0.employee_id left join order_detail o2_0 on o1_0.order_id=o2_0.order_id left join product p1_0 on p1_0.product_id=o2_0.product_id where o1_0.order_id=?
Hibernate: select c1_0.cust_id,c1_0.address,c1_0.email,c1_0.cust_name,c1_0.phone from customer c1_0 where c1_0.cust_id=?
Hibernate: select e1_0.emp_id,e1_0.address,e1_0.dob,e1_0.email,e1_0.full_name,e1_0.phone,e1_0.status from employee e1_0 where e1_0.emp_id=?
Hibernate: insert into orders (cust_id,employee_id,order_date,order_id) values (?,?,?,default)
Hibernate: select p1_0.product_id,p1_0.description,p1_0.manufacturer_name,p1_0.name,p1_0.status,p1_0.unit from product p1_0 where p1_0.product_id=?
Hibernate: select o1_0.order_id,o2_0.order_id,c1_0.cust_id,c1_0.address,c1_0.email,c1_0.cust_name,c1_0.phone,o2_0.employee_id,e1_0.emp_id,e1_0.address,e1_0.dob,e1_0.email,e1_0.full_name,e1_0.phone,e1_0.status,o2_0.order_date,o1_0.product_id,p1_0.product_id,p1_0.description,p1_0.manufacturer_name,p1_0.name,p1_0.status,p1_0.unit,p2_0.product_id,p2_0.image_id,p2_0.alternative,p2_0.path,o1_0.note,o1_0.price,o1_0.quantity from order_detail o1_0 join orders o2_0 on o2_0.order_id=o1_0.order_id left join customer c1_0 on c1_0.cust_id=o2_0.cust_id left join employee e1_0 on e1_0.emp_id=o2_0.employee_id join product p1_0 on p1_0.product_id=o1_0.product_id left join product_image p2_0 on p1_0.product_id=p2_0.product_id where (o1_0.order_id,o1_0.product_id) in ((?,?))
Hibernate: select o1_0.order_id,c1_0.cust_id,c1_0.address,c1_0.email,c1_0.cust_name,c1_0.phone,o1_0.employee_id,e1_0.emp_id,e1_0.address,e1_0.dob,e1_0.email,e1_0.full_name,e1_0.phone,e1_0.status,o1_0.order_date,o2_0.order_id,o2_0.product_id,p1_0.product_id,p1_0.description,p1_0.manufacturer_name,p1_0.name,p1_0.status,p1_0.unit,o2_0.note,o2_0.price,o2_0.quantity from orders o1_0 left join customer c1_0 on c1_0.cust_id=o1_0.cust_id join employee e1_0 on e1_0.emp_id=o1_0.employee_id left join order_detail o2_0 on o1_0.order_id=o2_0.order_id left join product p1_0 on p1_0.product_id=o2_0.product_id where o1_0.order_id=?
Hibernate: select l1_0.employee_id,l1_0.order_id,c1_0.cust_id,c1_0.address,c1_0.email,c1_0.cust_name,c1_0.phone,l1_0.order_date from orders l1_0 left join customer c1_0 on c1_0.cust_id=l1_0.cust_id where l1_0.employee_id=?
Hibernate: select p1_0.product_id,p1_0.description,p1_0.manufacturer_name,p1_0.name,p1_0.status,p1_0.unit,o1_0.product_id,o1_0.order_id,o2_0.order_id,c1_0.cust_id,c1_0.address,c1_0.email,c1_0.cust_name,c1_0.phone,o2_0.employee_id,e1_0.emp_id,e1_0.address,e1_0.dob,e1_0.email,e1_0.full_name,e1_0.phone,e1_0.status,o2_0.order_date,o1_0.note,o1_0.price,o1_0.quantity from product p1_0 left join order_detail o1_0 on p1_0.product_id=o1_0.product_id left join orders o2_0 on o2_0.order_id=o1_0.order_id left join customer c1_0 on c1_0.cust_id=o2_0.cust_id left join employee e1_0 on e1_0.emp_id=o2_0.employee_id where p1_0.product_id=?
Hibernate: select o1_0.order_id,o1_0.product_id,p1_0.product_id,p1_0.description,p1_0.manufacturer_name,p1_0.name,p1_0.status,p1_0.unit,o1_0.note,o1_0.price,o1_0.quantity from order_detail o1_0 join product p1_0 on p1_0.product_id=o1_0.product_id where o1_0.order_id=?
Hibernate: select o1_0.order_id,o1_0.product_id,p1_0.product_id,p1_0.description,p1_0.manufacturer_name,p1_0.name,p1_0.status,p1_0.unit,o1_0.note,o1_0.price,o1_0.quantity from order_detail o1_0 join product p1_0 on p1_0.product_id=o1_0.product_id where o1_0.order_id=?
Hibernate: select o1_0.order_id,o1_0.product_id,p1_0.product_id,p1_0.description,p1_0.manufacturer_name,p1_0.name,p1_0.status,p1_0.unit,o1_0.note,o1_0.price,o1_0.quantity from order_detail o1_0 join product p1_0 on p1_0.product_id=o1_0.product_id where o1_0.order_id=?
Hibernate: select l1_0.employee_id,l1_0.order_id,c1_0.cust_id,c1_0.address,c1_0.email,c1_0.cust_name,c1_0.phone,l1_0.order_date from orders l1_0 left join customer c1_0 on c1_0.cust_id=l1_0.cust_id where l1_0.employee_id=?
Hibernate: select o1_0.order_id,o1_0.product_id,p1_0.product_id,p1_0.description,p1_0.manufacturer_name,p1_0.name,p1_0.status,p1_0.unit,o1_0.note,o1_0.price,o1_0.quantity from order_detail o1_0 join product p1_0 on p1_0.product_id=o1_0.product_id where o1_0.order_id=?
Hibernate: select o1_0.order_id,o1_0.product_id,p1_0.product_id,p1_0.description,p1_0.manufacturer_name,p1_0.name,p1_0.status,p1_0.unit,o1_0.note,o1_0.price,o1_0.quantity from order_detail o1_0 join product p1_0 on p1_0.product_id=o1_0.product_id where o1_0.order_id=?
Hibernate: select l1_0.employee_id,l1_0.order_id,c1_0.cust_id,c1_0.address,c1_0.email,c1_0.cust_name,c1_0.phone,l1_0.order_date from orders l1_0 left join customer c1_0 on c1_0.cust_id=l1_0.cust_id where l1_0.employee_id=?
Hibernate: select o1_0.order_id,o1_0.product_id,p1_0.product_id,p1_0.description,p1_0.manufacturer_name,p1_0.name,p1_0.status,p1_0.unit,o1_0.note,o1_0.price,o1_0.quantity from order_detail o1_0 join product p1_0 on p1_0.product_id=o1_0.product_id where o1_0.order_id=?
Hibernate: select o1_0.order_id,o1_0.product_id,p1_0.product_id,p1_0.description,p1_0.manufacturer_name,p1_0.name,p1_0.status,p1_0.unit,o1_0.note,o1_0.price,o1_0.quantity from order_detail o1_0 join product p1_0 on p1_0.product_id=o1_0.product_id where o1_0.order_id=?
Hibernate: select o1_0.order_id,o1_0.product_id,p1_0.product_id,p1_0.description,p1_0.manufacturer_name,p1_0.name,p1_0.status,p1_0.unit,o1_0.note,o1_0.price,o1_0.quantity from order_detail o1_0 join product p1_0 on p1_0.product_id=o1_0.product_id where o1_0.order_id=?
Hibernate: select l1_0.employee_id,l1_0.order_id,c1_0.cust_id,c1_0.address,c1_0.email,c1_0.cust_name,c1_0.phone,l1_0.order_date from orders l1_0 left join customer c1_0 on c1_0.cust_id=l1_0.cust_id where l1_0.employee_id=?
Hibernate: select p1_0.product_id,p1_0.price_date_time,p1_0.note,p1_0.price from product_price p1_0 where p1_0.product_id=?
Hibernate: select p1_0.product_id,p1_0.image_id,p1_0.alternative,p1_0.path from product_image p1_0 where p1_0.product_id=?
Hibernate: select o1_0.order_id,o1_0.product_id,p1_0.product_id,p1_0.description,p1_0.manufacturer_name,p1_0.name,p1_0.status,p1_0.unit,o1_0.note,o1_0.price,o1_0.quantity from order_detail o1_0 join product p1_0 on p1_0.product_id=o1_0.product_id where o1_0.order_id=?
Hibernate: select l1_0.employee_id,l1_0.order_id,c1_0.cust_id,c1_0.address,c1_0.email,c1_0.cust_name,c1_0.phone,l1_0.order_date from orders l1_0 left join customer c1_0 on c1_0.cust_id=l1_0.cust_id where l1_0.employee_id=?
Hibernate: insert into order_detail (note,price,quantity,order_id,product_id) values (?,?,?,?,?)
Hibernate: select p1_0.product_id,p1_0.description,p1_0.manufacturer_name,p1_0.name,p1_0.status,p1_0.unit from product p1_0 where p1_0.product_id=?
Hibernate: select o1_0.order_id,o2_0.order_id,c1_0.cust_id,c1_0.address,c1_0.email,c1_0.cust_name,c1_0.phone,o2_0.employee_id,e1_0.emp_id,e1_0.address,e1_0.dob,e1_0.email,e1_0.full_name,e1_0.phone,e1_0.status,o2_0.order_date,o1_0.product_id,p1_0.product_id,p1_0.description,p1_0.manufacturer_name,p1_0.name,p1_0.status,p1_0.unit,p2_0.product_id,p2_0.image_id,p2_0.alternative,p2_0.path,o1_0.note,o1_0.price,o1_0.quantity from order_detail o1_0 join orders o2_0 on o2_0.order_id=o1_0.order_id left join customer c1_0 on c1_0.cust_id=o2_0.cust_id left join employee e1_0 on e1_0.emp_id=o2_0.employee_id join product p1_0 on p1_0.product_id=o1_0.product_id left join product_image p2_0 on p1_0.product_id=p2_0.product_id where (o1_0.order_id,o1_0.product_id) in ((?,?))
Hibernate: select o1_0.order_id,c1_0.cust_id,c1_0.address,c1_0.email,c1_0.cust_name,c1_0.phone,o1_0.employee_id,e1_0.emp_id,e1_0.address,e1_0.dob,e1_0.email,e1_0.full_name,e1_0.phone,e1_0.status,o1_0.order_date,o2_0.order_id,o2_0.product_id,p1_0.product_id,p1_0.description,p1_0.manufacturer_name,p1_0.name,p1_0.status,p1_0.unit,o2_0.note,o2_0.price,o2_0.quantity from orders o1_0 left join customer c1_0 on c1_0.cust_id=o1_0.cust_id join employee e1_0 on e1_0.emp_id=o1_0.employee_id left join order_detail o2_0 on o1_0.order_id=o2_0.order_id left join product p1_0 on p1_0.product_id=o2_0.product_id where o1_0.order_id=?
Hibernate: select p1_0.product_id,p1_0.price_date_time,p1_0.note,p1_0.price from product_price p1_0 where p1_0.product_id=?
Hibernate: select p1_0.product_id,p1_0.image_id,p1_0.alternative,p1_0.path from product_image p1_0 where p1_0.product_id=?
Hibernate: select o1_0.product_id,o1_0.order_id,o2_0.order_id,c1_0.cust_id,c1_0.address,c1_0.email,c1_0.cust_name,c1_0.phone,o2_0.employee_id,e1_0.emp_id,e1_0.address,e1_0.dob,e1_0.email,e1_0.full_name,e1_0.phone,e1_0.status,o2_0.order_date,o1_0.note,o1_0.price,o1_0.quantity from order_detail o1_0 join orders o2_0 on o2_0.order_id=o1_0.order_id left join customer c1_0 on c1_0.cust_id=o2_0.cust_id left join employee e1_0 on e1_0.emp_id=o2_0.employee_id where o1_0.product_id=?
Hibernate: select l1_0.employee_id,l1_0.order_id,c1_0.cust_id,c1_0.address,c1_0.email,c1_0.cust_name,c1_0.phone,l1_0.order_date from orders l1_0 left join customer c1_0 on c1_0.cust_id=l1_0.cust_id where l1_0.employee_id=?
Hibernate: select p1_0.product_id,p1_0.description,p1_0.manufacturer_name,p1_0.name,p1_0.status,p1_0.unit,o1_0.product_id,o1_0.order_id,o2_0.order_id,c1_0.cust_id,c1_0.address,c1_0.email,c1_0.cust_name,c1_0.phone,o2_0.employee_id,e1_0.emp_id,e1_0.address,e1_0.dob,e1_0.email,e1_0.full_name,e1_0.phone,e1_0.status,o2_0.order_date,o1_0.note,o1_0.price,o1_0.quantity from product p1_0 left join order_detail o1_0 on p1_0.product_id=o1_0.product_id left join orders o2_0 on o2_0.order_id=o1_0.order_id left join customer c1_0 on c1_0.cust_id=o2_0.cust_id left join employee e1_0 on e1_0.emp_id=o2_0.employee_id where p1_0.product_id=?
Hibernate: select o1_0.order_id,o1_0.product_id,p1_0.product_id,p1_0.description,p1_0.manufacturer_name,p1_0.name,p1_0.status,p1_0.unit,o1_0.note,o1_0.price,o1_0.quantity from order_detail o1_0 join product p1_0 on p1_0.product_id=o1_0.product_id where o1_0.order_id=?
Hibernate: select o1_0.order_id,o1_0.product_id,p1_0.product_id,p1_0.description,p1_0.manufacturer_name,p1_0.name,p1_0.status,p1_0.unit,o1_0.note,o1_0.price,o1_0.quantity from order_detail o1_0 join product p1_0 on p1_0.product_id=o1_0.product_id where o1_0.order_id=?
Hibernate: select o1_0.order_id,o1_0.product_id,p1_0.product_id,p1_0.description,p1_0.manufacturer_name,p1_0.name,p1_0.status,p1_0.unit,o1_0.note,o1_0.price,o1_0.quantity from order_detail o1_0 join product p1_0 on p1_0.product_id=o1_0.product_id where o1_0.order_id=?
Hibernate: select l1_0.employee_id,l1_0.order_id,c1_0.cust_id,c1_0.address,c1_0.email,c1_0.cust_name,c1_0.phone,l1_0.order_date from orders l1_0 left join customer c1_0 on c1_0.cust_id=l1_0.cust_id where l1_0.employee_id=?
Hibernate: select o1_0.order_id,o1_0.product_id,p1_0.product_id,p1_0.description,p1_0.manufacturer_name,p1_0.name,p1_0.status,p1_0.unit,o1_0.note,o1_0.price,o1_0.quantity from order_detail o1_0 join product p1_0 on p1_0.product_id=o1_0.product_id where o1_0.order_id=?
Hibernate: select l1_0.employee_id,l1_0.order_id,c1_0.cust_id,c1_0.address,c1_0.email,c1_0.cust_name,c1_0.phone,l1_0.order_date from orders l1_0 left join customer c1_0 on c1_0.cust_id=l1_0.cust_id where l1_0.employee_id=?
Hibernate: select p1_0.product_id,p1_0.price_date_time,p1_0.note,p1_0.price from product_price p1_0 where p1_0.product_id=?
Hibernate: select p1_0.product_id,p1_0.image_id,p1_0.alternative,p1_0.path from product_image p1_0 where p1_0.product_id=?
Hibernate: insert into order_detail (note,price,quantity,order_id,product_id) values (?,?,?,?,?)
Hibernate: select p1_0.product_id,p1_0.description,p1_0.manufacturer_name,p1_0.name,p1_0.status,p1_0.unit from product p1_0 where p1_0.product_id=?
Hibernate: select o1_0.order_id,o2_0.order_id,c1_0.cust_id,c1_0.address,c1_0.email,c1_0.cust_name,c1_0.phone,o2_0.employee_id,e1_0.emp_id,e1_0.address,e1_0.dob,e1_0.email,e1_0.full_name,e1_0.phone,e1_0.status,o2_0.order_date,o1_0.product_id,p1_0.product_id,p1_0.description,p1_0.manufacturer_name,p1_0.name,p1_0.status,p1_0.unit,p2_0.product_id,p2_0.image_id,p2_0.alternative,p2_0.path,o1_0.note,o1_0.price,o1_0.quantity from order_detail o1_0 join orders o2_0 on o2_0.order_id=o1_0.order_id left join customer c1_0 on c1_0.cust_id=o2_0.cust_id left join employee e1_0 on e1_0.emp_id=o2_0.employee_id join product p1_0 on p1_0.product_id=o1_0.product_id left join product_image p2_0 on p1_0.product_id=p2_0.product_id where (o1_0.order_id,o1_0.product_id) in ((?,?))
Hibernate: select o1_0.order_id,c1_0.cust_id,c1_0.address,c1_0.email,c1_0.cust_name,c1_0.phone,o1_0.employee_id,e1_0.emp_id,e1_0.address,e1_0.dob,e1_0.email,e1_0.full_name,e1_0.phone,e1_0.status,o1_0.order_date,o2_0.order_id,o2_0.product_id,p1_0.product_id,p1_0.description,p1_0.manufacturer_name,p1_0.name,p1_0.status,p1_0.unit,o2_0.note,o2_0.price,o2_0.quantity from orders o1_0 left join customer c1_0 on c1_0.cust_id=o1_0.cust_id join employee e1_0 on e1_0.emp_id=o1_0.employee_id left join order_detail o2_0 on o1_0.order_id=o2_0.order_id left join product p1_0 on p1_0.product_id=o2_0.product_id where o1_0.order_id=?
Hibernate: select p1_0.product_id,p1_0.price_date_time,p1_0.note,p1_0.price from product_price p1_0 where p1_0.product_id=?
Hibernate: select p1_0.product_id,p1_0.image_id,p1_0.alternative,p1_0.path from product_image p1_0 where p1_0.product_id=?
Hibernate: select o1_0.product_id,o1_0.order_id,o2_0.order_id,c1_0.cust_id,c1_0.address,c1_0.email,c1_0.cust_name,c1_0.phone,o2_0.employee_id,e1_0.emp_id,e1_0.address,e1_0.dob,e1_0.email,e1_0.full_name,e1_0.phone,e1_0.status,o2_0.order_date,o1_0.note,o1_0.price,o1_0.quantity from order_detail o1_0 join orders o2_0 on o2_0.order_id=o1_0.order_id left join customer c1_0 on c1_0.cust_id=o2_0.cust_id left join employee e1_0 on e1_0.emp_id=o2_0.employee_id where o1_0.product_id=?
Hibernate: select p1_0.product_id,p1_0.price_date_time,p1_0.note,p1_0.price from product_price p1_0 where p1_0.product_id=?
Hibernate: select p1_0.product_id,p1_0.image_id,p1_0.alternative,p1_0.path from product_image p1_0 where p1_0.product_id=?
Hibernate: select o1_0.product_id,o1_0.order_id,o2_0.order_id,c1_0.cust_id,c1_0.address,c1_0.email,c1_0.cust_name,c1_0.phone,o2_0.employee_id,e1_0.emp_id,e1_0.address,e1_0.dob,e1_0.email,e1_0.full_name,e1_0.phone,e1_0.status,o2_0.order_date,o1_0.note,o1_0.price,o1_0.quantity from order_detail o1_0 join orders o2_0 on o2_0.order_id=o1_0.order_id left join customer c1_0 on c1_0.cust_id=o2_0.cust_id left join employee e1_0 on e1_0.emp_id=o2_0.employee_id where o1_0.product_id=?
Hibernate: select l1_0.employee_id,l1_0.order_id,c1_0.cust_id,c1_0.address,c1_0.email,c1_0.cust_name,c1_0.phone,l1_0.order_date from orders l1_0 left join customer c1_0 on c1_0.cust_id=l1_0.cust_id where l1_0.employee_id=?
Hibernate: select p1_0.product_id,p1_0.description,p1_0.manufacturer_name,p1_0.name,p1_0.status,p1_0.unit,o1_0.product_id,o1_0.order_id,o2_0.order_id,c1_0.cust_id,c1_0.address,c1_0.email,c1_0.cust_name,c1_0.phone,o2_0.employee_id,e1_0.emp_id,e1_0.address,e1_0.dob,e1_0.email,e1_0.full_name,e1_0.phone,e1_0.status,o2_0.order_date,o1_0.note,o1_0.price,o1_0.quantity from product p1_0 left join order_detail o1_0 on p1_0.product_id=o1_0.product_id left join orders o2_0 on o2_0.order_id=o1_0.order_id left join customer c1_0 on c1_0.cust_id=o2_0.cust_id left join employee e1_0 on e1_0.emp_id=o2_0.employee_id where p1_0.product_id=?
Hibernate: select o1_0.order_id,o1_0.product_id,p1_0.product_id,p1_0.description,p1_0.manufacturer_name,p1_0.name,p1_0.status,p1_0.unit,o1_0.note,o1_0.price,o1_0.quantity from order_detail o1_0 join product p1_0 on p1_0.product_id=o1_0.product_id where o1_0.order_id=?
Hibernate: select o1_0.order_id,o1_0.product_id,p1_0.product_id,p1_0.description,p1_0.manufacturer_name,p1_0.name,p1_0.status,p1_0.unit,o1_0.note,o1_0.price,o1_0.quantity from order_detail o1_0 join product p1_0 on p1_0.product_id=o1_0.product_id where o1_0.order_id=?
Hibernate: select o1_0.order_id,o1_0.product_id,p1_0.product_id,p1_0.description,p1_0.manufacturer_name,p1_0.name,p1_0.status,p1_0.unit,o1_0.note,o1_0.price,o1_0.quantity from order_detail o1_0 join product p1_0 on p1_0.product_id=o1_0.product_id where o1_0.order_id=?
Hibernate: select l1_0.employee_id,l1_0.order_id,c1_0.cust_id,c1_0.address,c1_0.email,c1_0.cust_name,c1_0.phone,l1_0.order_date from orders l1_0 left join customer c1_0 on c1_0.cust_id=l1_0.cust_id where l1_0.employee_id=?
Hibernate: select p1_0.product_id,p1_0.price_date_time,p1_0.note,p1_0.price from product_price p1_0 where p1_0.product_id=?
Hibernate: select p1_0.product_id,p1_0.image_id,p1_0.alternative,p1_0.path from product_image p1_0 where p1_0.product_id=?
Hibernate: select o1_0.order_id,o1_0.product_id,p1_0.product_id,p1_0.description,p1_0.manufacturer_name,p1_0.name,p1_0.status,p1_0.unit,o1_0.note,o1_0.price,o1_0.quantity from order_detail o1_0 join product p1_0 on p1_0.product_id=o1_0.product_id where o1_0.order_id=?
Hibernate: insert into order_detail (note,price,quantity,order_id,product_id) values (?,?,?,?,?)
Hibernate: select e1_0.emp_id,e1_0.address,e1_0.dob,e1_0.email,e1_0.full_name,e1_0.phone,e1_0.status from employee e1_0 where e1_0.emp_id=?
Hibernate: select c1_0.cust_id,c1_0.address,c1_0.email,c1_0.cust_name,c1_0.phone from customer c1_0 where c1_0.cust_id=?
Hibernate: select o1_0.order_id,c1_0.cust_id,c1_0.address,c1_0.email,c1_0.cust_name,c1_0.phone,o1_0.employee_id,e1_0.emp_id,e1_0.address,e1_0.dob,e1_0.email,e1_0.full_name,e1_0.phone,e1_0.status,o1_0.order_date,o2_0.order_id,o2_0.product_id,p1_0.product_id,p1_0.description,p1_0.manufacturer_name,p1_0.name,p1_0.status,p1_0.unit,o2_0.note,o2_0.price,o2_0.quantity from orders o1_0 left join customer c1_0 on c1_0.cust_id=o1_0.cust_id join employee e1_0 on e1_0.emp_id=o1_0.employee_id left join order_detail o2_0 on o1_0.order_id=o2_0.order_id left join product p1_0 on p1_0.product_id=o2_0.product_id where o1_0.order_id=?
Hibernate: select c1_0.cust_id,c1_0.address,c1_0.email,c1_0.cust_name,c1_0.phone from customer c1_0 where c1_0.cust_id=?
Hibernate: select e1_0.emp_id,e1_0.address,e1_0.dob,e1_0.email,e1_0.full_name,e1_0.phone,e1_0.status from employee e1_0 where e1_0.emp_id=?
Hibernate: insert into orders (cust_id,employee_id,order_date,order_id) values (?,?,?,default)
Hibernate: select p1_0.product_id,p1_0.description,p1_0.manufacturer_name,p1_0.name,p1_0.status,p1_0.unit from product p1_0 where p1_0.product_id=?
Hibernate: select o1_0.order_id,o2_0.order_id,c1_0.cust_id,c1_0.address,c1_0.email,c1_0.cust_name,c1_0.phone,o2_0.employee_id,e1_0.emp_id,e1_0.address,e1_0.dob,e1_0.email,e1_0.full_name,e1_0.phone,e1_0.status,o2_0.order_date,o1_0.product_id,p1_0.product_id,p1_0.description,p1_0.manufacturer_name,p1_0.name,p1_0.status,p1_0.unit,p2_0.product_id,p2_0.image_id,p2_0.alternative,p2_0.path,o1_0.note,o1_0.price,o1_0.quantity from order_detail o1_0 join orders o2_0 on o2_0.order_id=o1_0.order_id left join customer c1_0 on c1_0.cust_id=o2_0.cust_id left join employee e1_0 on e1_0.emp_id=o2_0.employee_id join product p1_0 on p1_0.product_id=o1_0.product_id left join product_image p2_0 on p1_0.product_id=p2_0.product_id where (o1_0.order_id,o1_0.product_id) in ((?,?))
Hibernate: select o1_0.order_id,c1_0.cust_id,c1_0.address,c1_0.email,c1_0.cust_name,c1_0.phone,o1_0.employee_id,e1_0.emp_id,e1_0.address,e1_0.dob,e1_0.email,e1_0.full_name,e1_0.phone,e1_0.status,o1_0.order_date,o2_0.order_id,o2_0.product_id,p1_0.product_id,p1_0.description,p1_0.manufacturer_name,p1_0.name,p1_0.status,p1_0.unit,o2_0.note,o2_0.price,o2_0.quantity from orders o1_0 left join customer c1_0 on c1_0.cust_id=o1_0.cust_id join employee e1_0 on e1_0.emp_id=o1_0.employee_id left join order_detail o2_0 on o1_0.order_id=o2_0.order_id left join product p1_0 on p1_0.product_id=o2_0.product_id where o1_0.order_id=?
Hibernate: select l1_0.employee_id,l1_0.order_id,c1_0.cust_id,c1_0.address,c1_0.email,c1_0.cust_name,c1_0.phone,l1_0.order_date from orders l1_0 left join customer c1_0 on c1_0.cust_id=l1_0.cust_id where l1_0.employee_id=?
Hibernate: select p1_0.product_id,p1_0.description,p1_0.manufacturer_name,p1_0.name,p1_0.status,p1_0.unit,o1_0.product_id,o1_0.order_id,o2_0.order_id,c1_0.cust_id,c1_0.address,c1_0.email,c1_0.cust_name,c1_0.phone,o2_0.employee_id,e1_0.emp_id,e1_0.address,e1_0.dob,e1_0.email,e1_0.full_name,e1_0.phone,e1_0.status,o2_0.order_date,o1_0.note,o1_0.price,o1_0.quantity from product p1_0 left join order_detail o1_0 on p1_0.product_id=o1_0.product_id left join orders o2_0 on o2_0.order_id=o1_0.order_id left join customer c1_0 on c1_0.cust_id=o2_0.cust_id left join employee e1_0 on e1_0.emp_id=o2_0.employee_id where p1_0.product_id=?
Hibernate: select p1_0.product_id,p1_0.price_date_time,p1_0.note,p1_0.price from product_price p1_0 where p1_0.product_id=?
Hibernate: select p1_0.product_id,p1_0.image_id,p1_0.alternative,p1_0.path from product_image p1_0 where p1_0.product_id=?
Hibernate: insert into order_detail (note,price,quantity,order_id,product_id) values (?,?,?,?,?)
Hibernate: select p1_0.product_id,p1_0.description,p1_0.manufacturer_name,p1_0.name,p1_0.status,p1_0.unit from product p1_0 where p1_0.product_id=?
Hibernate: select o1_0.order_id,o2_0.order_id,c1_0.cust_id,c1_0.address,c1_0.email,c1_0.cust_name,c1_0.phone,o2_0.employee_id,e1_0.emp_id,e1_0.address,e1_0.dob,e1_0.email,e1_0.full_name,e1_0.phone,e1_0.status,o2_0.order_date,o1_0.product_id,p1_0.product_id,p1_0.description,p1_0.manufacturer_name,p1_0.name,p1_0.status,p1_0.unit,p2_0.product_id,p2_0.image_id,p2_0.alternative,p2_0.path,o1_0.note,o1_0.price,o1_0.quantity from order_detail o1_0 join orders o2_0 on o2_0.order_id=o1_0.order_id left join customer c1_0 on c1_0.cust_id=o2_0.cust_id left join employee e1_0 on e1_0.emp_id=o2_0.employee_id join product p1_0 on p1_0.product_id=o1_0.product_id left join product_image p2_0 on p1_0.product_id=p2_0.product_id where (o1_0.order_id,o1_0.product_id) in ((?,?))
Hibernate: select o1_0.order_id,c1_0.cust_id,c1_0.address,c1_0.email,c1_0.cust_name,c1_0.phone,o1_0.employee_id,e1_0.emp_id,e1_0.address,e1_0.dob,e1_0.email,e1_0.full_name,e1_0.phone,e1_0.status,o1_0.order_date,o2_0.order_id,o2_0.product_id,p1_0.product_id,p1_0.description,p1_0.manufacturer_name,p1_0.name,p1_0.status,p1_0.unit,o2_0.note,o2_0.price,o2_0.quantity from orders o1_0 left join customer c1_0 on c1_0.cust_id=o1_0.cust_id join employee e1_0 on e1_0.emp_id=o1_0.employee_id left join order_detail o2_0 on o1_0.order_id=o2_0.order_id left join product p1_0 on p1_0.product_id=o2_0.product_id where o1_0.order_id=?
Hibernate: select p1_0.product_id,p1_0.price_date_time,p1_0.note,p1_0.price from product_price p1_0 where p1_0.product_id=?
Hibernate: select p1_0.product_id,p1_0.image_id,p1_0.alternative,p1_0.path from product_image p1_0 where p1_0.product_id=?
Hibernate: select o1_0.product_id,o1_0.order_id,o2_0.order_id,c1_0.cust_id,c1_0.address,c1_0.email,c1_0.cust_name,c1_0.phone,o2_0.employee_id,e1_0.emp_id,e1_0.address,e1_0.dob,e1_0.email,e1_0.full_name,e1_0.phone,e1_0.status,o2_0.order_date,o1_0.note,o1_0.price,o1_0.quantity from order_detail o1_0 join orders o2_0 on o2_0.order_id=o1_0.order_id left join customer c1_0 on c1_0.cust_id=o2_0.cust_id left join employee e1_0 on e1_0.emp_id=o2_0.employee_id where o1_0.product_id=?
Hibernate: select l1_0.employee_id,l1_0.order_id,c1_0.cust_id,c1_0.address,c1_0.email,c1_0.cust_name,c1_0.phone,l1_0.order_date from orders l1_0 left join customer c1_0 on c1_0.cust_id=l1_0.cust_id where l1_0.employee_id=?
Hibernate: select p1_0.product_id,p1_0.description,p1_0.manufacturer_name,p1_0.name,p1_0.status,p1_0.unit,o1_0.product_id,o1_0.order_id,o2_0.order_id,c1_0.cust_id,c1_0.address,c1_0.email,c1_0.cust_name,c1_0.phone,o2_0.employee_id,e1_0.emp_id,e1_0.address,e1_0.dob,e1_0.email,e1_0.full_name,e1_0.phone,e1_0.status,o2_0.order_date,o1_0.note,o1_0.price,o1_0.quantity from product p1_0 left join order_detail o1_0 on p1_0.product_id=o1_0.product_id left join orders o2_0 on o2_0.order_id=o1_0.order_id left join customer c1_0 on c1_0.cust_id=o2_0.cust_id left join employee e1_0 on e1_0.emp_id=o2_0.employee_id where p1_0.product_id=?
Hibernate: select o1_0.order_id,o1_0.product_id,p1_0.product_id,p1_0.description,p1_0.manufacturer_name,p1_0.name,p1_0.status,p1_0.unit,o1_0.note,o1_0.price,o1_0.quantity from order_detail o1_0 join product p1_0 on p1_0.product_id=o1_0.product_id where o1_0.order_id=?
Hibernate: select o1_0.order_id,o1_0.product_id,p1_0.product_id,p1_0.description,p1_0.manufacturer_name,p1_0.name,p1_0.status,p1_0.unit,o1_0.note,o1_0.price,o1_0.quantity from order_detail o1_0 join product p1_0 on p1_0.product_id=o1_0.product_id where o1_0.order_id=?
Hibernate: select l1_0.employee_id,l1_0.order_id,c1_0.cust_id,c1_0.address,c1_0.email,c1_0.cust_name,c1_0.phone,l1_0.order_date from orders l1_0 left join customer c1_0 on c1_0.cust_id=l1_0.cust_id where l1_0.employee_id=?
Hibernate: select o1_0.order_id,o1_0.product_id,p1_0.product_id,p1_0.description,p1_0.manufacturer_name,p1_0.name,p1_0.status,p1_0.unit,o1_0.note,o1_0.price,o1_0.quantity from order_detail o1_0 join product p1_0 on p1_0.product_id=o1_0.product_id where o1_0.order_id=?
Hibernate: select o1_0.order_id,o1_0.product_id,p1_0.product_id,p1_0.description,p1_0.manufacturer_name,p1_0.name,p1_0.status,p1_0.unit,o1_0.note,o1_0.price,o1_0.quantity from order_detail o1_0 join product p1_0 on p1_0.product_id=o1_0.product_id where o1_0.order_id=?
Hibernate: select l1_0.employee_id,l1_0.order_id,c1_0.cust_id,c1_0.address,c1_0.email,c1_0.cust_name,c1_0.phone,l1_0.order_date from orders l1_0 left join customer c1_0 on c1_0.cust_id=l1_0.cust_id where l1_0.employee_id=?
Hibernate: select o1_0.order_id,o1_0.product_id,p1_0.product_id,p1_0.description,p1_0.manufacturer_name,p1_0.name,p1_0.status,p1_0.unit,o1_0.note,o1_0.price,o1_0.quantity from order_detail o1_0 join product p1_0 on p1_0.product_id=o1_0.product_id where o1_0.order_id=?
Hibernate: select o1_0.order_id,o1_0.product_id,p1_0.product_id,p1_0.description,p1_0.manufacturer_name,p1_0.name,p1_0.status,p1_0.unit,o1_0.note,o1_0.price,o1_0.quantity from order_detail o1_0 join product p1_0 on p1_0.product_id=o1_0.product_id where o1_0.order_id=?
Hibernate: select l1_0.employee_id,l1_0.order_id,c1_0.cust_id,c1_0.address,c1_0.email,c1_0.cust_name,c1_0.phone,l1_0.order_date from orders l1_0 left join customer c1_0 on c1_0.cust_id=l1_0.cust_id where l1_0.employee_id=?
Hibernate: select p1_0.product_id,p1_0.price_date_time,p1_0.note,p1_0.price from product_price p1_0 where p1_0.product_id=?
Hibernate: select p1_0.product_id,p1_0.image_id,p1_0.alternative,p1_0.path from product_image p1_0 where p1_0.product_id=?
Hibernate: select o1_0.order_id,o1_0.product_id,p1_0.product_id,p1_0.description,p1_0.manufacturer_name,p1_0.name,p1_0.status,p1_0.unit,o1_0.note,o1_0.price,o1_0.quantity from order_detail o1_0 join product p1_0 on p1_0.product_id=o1_0.product_id where o1_0.order_id=?
Hibernate: select l1_0.employee_id,l1_0.order_id,c1_0.cust_id,c1_0.address,c1_0.email,c1_0.cust_name,c1_0.phone,l1_0.order_date from orders l1_0 left join customer c1_0 on c1_0.cust_id=l1_0.cust_id where l1_0.employee_id=?
Hibernate: insert into order_detail (note,price,quantity,order_id,product_id) values (?,?,?,?,?)
Hibernate: select p1_0.product_id,p1_0.description,p1_0.manufacturer_name,p1_0.name,p1_0.status,p1_0.unit from product p1_0 where p1_0.product_id=?
Hibernate: select o1_0.order_id,o2_0.order_id,c1_0.cust_id,c1_0.address,c1_0.email,c1_0.cust_name,c1_0.phone,o2_0.employee_id,e1_0.emp_id,e1_0.address,e1_0.dob,e1_0.email,e1_0.full_name,e1_0.phone,e1_0.status,o2_0.order_date,o1_0.product_id,p1_0.product_id,p1_0.description,p1_0.manufacturer_name,p1_0.name,p1_0.status,p1_0.unit,p2_0.product_id,p2_0.image_id,p2_0.alternative,p2_0.path,o1_0.note,o1_0.price,o1_0.quantity from order_detail o1_0 join orders o2_0 on o2_0.order_id=o1_0.order_id left join customer c1_0 on c1_0.cust_id=o2_0.cust_id left join employee e1_0 on e1_0.emp_id=o2_0.employee_id join product p1_0 on p1_0.product_id=o1_0.product_id left join product_image p2_0 on p1_0.product_id=p2_0.product_id where (o1_0.order_id,o1_0.product_id) in ((?,?))
Hibernate: select o1_0.order_id,c1_0.cust_id,c1_0.address,c1_0.email,c1_0.cust_name,c1_0.phone,o1_0.employee_id,e1_0.emp_id,e1_0.address,e1_0.dob,e1_0.email,e1_0.full_name,e1_0.phone,e1_0.status,o1_0.order_date,o2_0.order_id,o2_0.product_id,p1_0.product_id,p1_0.description,p1_0.manufacturer_name,p1_0.name,p1_0.status,p1_0.unit,o2_0.note,o2_0.price,o2_0.quantity from orders o1_0 left join customer c1_0 on c1_0.cust_id=o1_0.cust_id join employee e1_0 on e1_0.emp_id=o1_0.employee_id left join order_detail o2_0 on o1_0.order_id=o2_0.order_id left join product p1_0 on p1_0.product_id=o2_0.product_id where o1_0.order_id=?
Hibernate: select p1_0.product_id,p1_0.price_date_time,p1_0.note,p1_0.price from product_price p1_0 where p1_0.product_id=?
Hibernate: select p1_0.product_id,p1_0.image_id,p1_0.alternative,p1_0.path from product_image p1_0 where p1_0.product_id=?
Hibernate: select o1_0.product_id,o1_0.order_id,o2_0.order_id,c1_0.cust_id,c1_0.address,c1_0.email,c1_0.cust_name,c1_0.phone,o2_0.employee_id,e1_0.emp_id,e1_0.address,e1_0.dob,e1_0.email,e1_0.full_name,e1_0.phone,e1_0.status,o2_0.order_date,o1_0.note,o1_0.price,o1_0.quantity from order_detail o1_0 join orders o2_0 on o2_0.order_id=o1_0.order_id left join customer c1_0 on c1_0.cust_id=o2_0.cust_id left join employee e1_0 on e1_0.emp_id=o2_0.employee_id where o1_0.product_id=?
Hibernate: select p1_0.product_id,p1_0.price_date_time,p1_0.note,p1_0.price from product_price p1_0 where p1_0.product_id=?
Hibernate: select p1_0.product_id,p1_0.image_id,p1_0.alternative,p1_0.path from product_image p1_0 where p1_0.product_id=?
Hibernate: select o1_0.product_id,o1_0.order_id,o2_0.order_id,c1_0.cust_id,c1_0.address,c1_0.email,c1_0.cust_name,c1_0.phone,o2_0.employee_id,e1_0.emp_id,e1_0.address,e1_0.dob,e1_0.email,e1_0.full_name,e1_0.phone,e1_0.status,o2_0.order_date,o1_0.note,o1_0.price,o1_0.quantity from order_detail o1_0 join orders o2_0 on o2_0.order_id=o1_0.order_id left join customer c1_0 on c1_0.cust_id=o2_0.cust_id left join employee e1_0 on e1_0.emp_id=o2_0.employee_id where o1_0.product_id=?
Hibernate: select l1_0.employee_id,l1_0.order_id,c1_0.cust_id,c1_0.address,c1_0.email,c1_0.cust_name,c1_0.phone,l1_0.order_date from orders l1_0 left join customer c1_0 on c1_0.cust_id=l1_0.cust_id where l1_0.employee_id=?
Hibernate: select p1_0.product_id,p1_0.description,p1_0.manufacturer_name,p1_0.name,p1_0.status,p1_0.unit,o1_0.product_id,o1_0.order_id,o2_0.order_id,c1_0.cust_id,c1_0.address,c1_0.email,c1_0.cust_name,c1_0.phone,o2_0.employee_id,e1_0.emp_id,e1_0.address,e1_0.dob,e1_0.email,e1_0.full_name,e1_0.phone,e1_0.status,o2_0.order_date,o1_0.note,o1_0.price,o1_0.quantity from product p1_0 left join order_detail o1_0 on p1_0.product_id=o1_0.product_id left join orders o2_0 on o2_0.order_id=o1_0.order_id left join customer c1_0 on c1_0.cust_id=o2_0.cust_id left join employee e1_0 on e1_0.emp_id=o2_0.employee_id where p1_0.product_id=?
Hibernate: select o1_0.order_id,o1_0.product_id,p1_0.product_id,p1_0.description,p1_0.manufacturer_name,p1_0.name,p1_0.status,p1_0.unit,o1_0.note,o1_0.price,o1_0.quantity from order_detail o1_0 join product p1_0 on p1_0.product_id=o1_0.product_id where o1_0.order_id=?
Hibernate: select o1_0.order_id,o1_0.product_id,p1_0.product_id,p1_0.description,p1_0.manufacturer_name,p1_0.name,p1_0.status,p1_0.unit,o1_0.note,o1_0.price,o1_0.quantity from order_detail o1_0 join product p1_0 on p1_0.product_id=o1_0.product_id where o1_0.order_id=?
Hibernate: select o1_0.order_id,o1_0.product_id,p1_0.product_id,p1_0.description,p1_0.manufacturer_name,p1_0.name,p1_0.status,p1_0.unit,o1_0.note,o1_0.price,o1_0.quantity from order_detail o1_0 join product p1_0 on p1_0.product_id=o1_0.product_id where o1_0.order_id=?
Hibernate: select o1_0.order_id,o1_0.product_id,p1_0.product_id,p1_0.description,p1_0.manufacturer_name,p1_0.name,p1_0.status,p1_0.unit,o1_0.note,o1_0.price,o1_0.quantity from order_detail o1_0 join product p1_0 on p1_0.product_id=o1_0.product_id where o1_0.order_id=?
Hibernate: select o1_0.order_id,o1_0.product_id,p1_0.product_id,p1_0.description,p1_0.manufacturer_name,p1_0.name,p1_0.status,p1_0.unit,o1_0.note,o1_0.price,o1_0.quantity from order_detail o1_0 join product p1_0 on p1_0.product_id=o1_0.product_id where o1_0.order_id=?
Hibernate: select o1_0.order_id,o1_0.product_id,p1_0.product_id,p1_0.description,p1_0.manufacturer_name,p1_0.name,p1_0.status,p1_0.unit,o1_0.note,o1_0.price,o1_0.quantity from order_detail o1_0 join product p1_0 on p1_0.product_id=o1_0.product_id where o1_0.order_id=?
Hibernate: select o1_0.order_id,o1_0.product_id,p1_0.product_id,p1_0.description,p1_0.manufacturer_name,p1_0.name,p1_0.status,p1_0.unit,o1_0.note,o1_0.price,o1_0.quantity from order_detail o1_0 join product p1_0 on p1_0.product_id=o1_0.product_id where o1_0.order_id=?
Hibernate: select o1_0.order_id,o1_0.product_id,p1_0.product_id,p1_0.description,p1_0.manufacturer_name,p1_0.name,p1_0.status,p1_0.unit,o1_0.note,o1_0.price,o1_0.quantity from order_detail o1_0 join product p1_0 on p1_0.product_id=o1_0.product_id where o1_0.order_id=?
Hibernate: select o1_0.order_id,o1_0.product_id,p1_0.product_id,p1_0.description,p1_0.manufacturer_name,p1_0.name,p1_0.status,p1_0.unit,o1_0.note,o1_0.price,o1_0.quantity from order_detail o1_0 join product p1_0 on p1_0.product_id=o1_0.product_id where o1_0.order_id=?
Hibernate: select l1_0.employee_id,l1_0.order_id,c1_0.cust_id,c1_0.address,c1_0.email,c1_0.cust_name,c1_0.phone,l1_0.order_date from orders l1_0 left join customer c1_0 on c1_0.cust_id=l1_0.cust_id where l1_0.employee_id=?
Hibernate: select p1_0.product_id,p1_0.price_date_time,p1_0.note,p1_0.price from product_price p1_0 where p1_0.product_id=?
Hibernate: select p1_0.product_id,p1_0.image_id,p1_0.alternative,p1_0.path from product_image p1_0 where p1_0.product_id=?
Hibernate: select o1_0.order_id,o1_0.product_id,p1_0.product_id,p1_0.description,p1_0.manufacturer_name,p1_0.name,p1_0.status,p1_0.unit,o1_0.note,o1_0.price,o1_0.quantity from order_detail o1_0 join product p1_0 on p1_0.product_id=o1_0.product_id where o1_0.order_id=?
Hibernate: select l1_0.employee_id,l1_0.order_id,c1_0.cust_id,c1_0.address,c1_0.email,c1_0.cust_name,c1_0.phone,l1_0.order_date from orders l1_0 left join customer c1_0 on c1_0.cust_id=l1_0.cust_id where l1_0.employee_id=?
Hibernate: insert into order_detail (note,price,quantity,order_id,product_id) values (?,?,?,?,?)
Hibernate: select e1_0.emp_id,e1_0.address,e1_0.dob,e1_0.email,e1_0.full_name,e1_0.phone,e1_0.status from employee e1_0 where e1_0.emp_id=?
Hibernate: select c1_0.cust_id,c1_0.address,c1_0.email,c1_0.cust_name,c1_0.phone from customer c1_0 where c1_0.cust_id=?
Hibernate: select o1_0.order_id,c1_0.cust_id,c1_0.address,c1_0.email,c1_0.cust_name,c1_0.phone,o1_0.employee_id,e1_0.emp_id,e1_0.address,e1_0.dob,e1_0.email,e1_0.full_name,e1_0.phone,e1_0.status,o1_0.order_date,o2_0.order_id,o2_0.product_id,p1_0.product_id,p1_0.description,p1_0.manufacturer_name,p1_0.name,p1_0.status,p1_0.unit,o2_0.note,o2_0.price,o2_0.quantity from orders o1_0 left join customer c1_0 on c1_0.cust_id=o1_0.cust_id join employee e1_0 on e1_0.emp_id=o1_0.employee_id left join order_detail o2_0 on o1_0.order_id=o2_0.order_id left join product p1_0 on p1_0.product_id=o2_0.product_id where o1_0.order_id=?
Hibernate: select c1_0.cust_id,c1_0.address,c1_0.email,c1_0.cust_name,c1_0.phone from customer c1_0 where c1_0.cust_id=?
Hibernate: select e1_0.emp_id,e1_0.address,e1_0.dob,e1_0.email,e1_0.full_name,e1_0.phone,e1_0.status from employee e1_0 where e1_0.emp_id=?
Hibernate: insert into orders (cust_id,employee_id,order_date,order_id) values (?,?,?,default)
Hibernate: select p1_0.product_id,p1_0.description,p1_0.manufacturer_name,p1_0.name,p1_0.status,p1_0.unit from product p1_0 where p1_0.product_id=?
Hibernate: select o1_0.order_id,o2_0.order_id,c1_0.cust_id,c1_0.address,c1_0.email,c1_0.cust_name,c1_0.phone,o2_0.employee_id,e1_0.emp_id,e1_0.address,e1_0.dob,e1_0.email,e1_0.full_name,e1_0.phone,e1_0.status,o2_0.order_date,o1_0.product_id,p1_0.product_id,p1_0.description,p1_0.manufacturer_name,p1_0.name,p1_0.status,p1_0.unit,p2_0.product_id,p2_0.image_id,p2_0.alternative,p2_0.path,o1_0.note,o1_0.price,o1_0.quantity from order_detail o1_0 join orders o2_0 on o2_0.order_id=o1_0.order_id left join customer c1_0 on c1_0.cust_id=o2_0.cust_id left join employee e1_0 on e1_0.emp_id=o2_0.employee_id join product p1_0 on p1_0.product_id=o1_0.product_id left join product_image p2_0 on p1_0.product_id=p2_0.product_id where (o1_0.order_id,o1_0.product_id) in ((?,?))
Hibernate: select o1_0.order_id,c1_0.cust_id,c1_0.address,c1_0.email,c1_0.cust_name,c1_0.phone,o1_0.employee_id,e1_0.emp_id,e1_0.address,e1_0.dob,e1_0.email,e1_0.full_name,e1_0.phone,e1_0.status,o1_0.order_date,o2_0.order_id,o2_0.product_id,p1_0.product_id,p1_0.description,p1_0.manufacturer_name,p1_0.name,p1_0.status,p1_0.unit,o2_0.note,o2_0.price,o2_0.quantity from orders o1_0 left join customer c1_0 on c1_0.cust_id=o1_0.cust_id join employee e1_0 on e1_0.emp_id=o1_0.employee_id left join order_detail o2_0 on o1_0.order_id=o2_0.order_id left join product p1_0 on p1_0.product_id=o2_0.product_id where o1_0.order_id=?
Hibernate: select l1_0.employee_id,l1_0.order_id,c1_0.cust_id,c1_0.address,c1_0.email,c1_0.cust_name,c1_0.phone,l1_0.order_date from orders l1_0 left join customer c1_0 on c1_0.cust_id=l1_0.cust_id where l1_0.employee_id=?
Hibernate: select p1_0.product_id,p1_0.description,p1_0.manufacturer_name,p1_0.name,p1_0.status,p1_0.unit,o1_0.product_id,o1_0.order_id,o2_0.order_id,c1_0.cust_id,c1_0.address,c1_0.email,c1_0.cust_name,c1_0.phone,o2_0.employee_id,e1_0.emp_id,e1_0.address,e1_0.dob,e1_0.email,e1_0.full_name,e1_0.phone,e1_0.status,o2_0.order_date,o1_0.note,o1_0.price,o1_0.quantity from product p1_0 left join order_detail o1_0 on p1_0.product_id=o1_0.product_id left join orders o2_0 on o2_0.order_id=o1_0.order_id left join customer c1_0 on c1_0.cust_id=o2_0.cust_id left join employee e1_0 on e1_0.emp_id=o2_0.employee_id where p1_0.product_id=?
Hibernate: select o1_0.order_id,o1_0.product_id,p1_0.product_id,p1_0.description,p1_0.manufacturer_name,p1_0.name,p1_0.status,p1_0.unit,o1_0.note,o1_0.price,o1_0.quantity from order_detail o1_0 join product p1_0 on p1_0.product_id=o1_0.product_id where o1_0.order_id=?
Hibernate: select l1_0.employee_id,l1_0.order_id,c1_0.cust_id,c1_0.address,c1_0.email,c1_0.cust_name,c1_0.phone,l1_0.order_date from orders l1_0 left join customer c1_0 on c1_0.cust_id=l1_0.cust_id where l1_0.employee_id=?
Hibernate: select o1_0.order_id,o1_0.product_id,p1_0.product_id,p1_0.description,p1_0.manufacturer_name,p1_0.name,p1_0.status,p1_0.unit,o1_0.note,o1_0.price,o1_0.quantity from order_detail o1_0 join product p1_0 on p1_0.product_id=o1_0.product_id where o1_0.order_id=?
Hibernate: select l1_0.employee_id,l1_0.order_id,c1_0.cust_id,c1_0.address,c1_0.email,c1_0.cust_name,c1_0.phone,l1_0.order_date from orders l1_0 left join customer c1_0 on c1_0.cust_id=l1_0.cust_id where l1_0.employee_id=?
Hibernate: select o1_0.order_id,o1_0.product_id,p1_0.product_id,p1_0.description,p1_0.manufacturer_name,p1_0.name,p1_0.status,p1_0.unit,o1_0.note,o1_0.price,o1_0.quantity from order_detail o1_0 join product p1_0 on p1_0.product_id=o1_0.product_id where o1_0.order_id=?
Hibernate: select l1_0.employee_id,l1_0.order_id,c1_0.cust_id,c1_0.address,c1_0.email,c1_0.cust_name,c1_0.phone,l1_0.order_date from orders l1_0 left join customer c1_0 on c1_0.cust_id=l1_0.cust_id where l1_0.employee_id=?
Hibernate: select o1_0.order_id,o1_0.product_id,p1_0.product_id,p1_0.description,p1_0.manufacturer_name,p1_0.name,p1_0.status,p1_0.unit,o1_0.note,o1_0.price,o1_0.quantity from order_detail o1_0 join product p1_0 on p1_0.product_id=o1_0.product_id where o1_0.order_id=?
Hibernate: select l1_0.employee_id,l1_0.order_id,c1_0.cust_id,c1_0.address,c1_0.email,c1_0.cust_name,c1_0.phone,l1_0.order_date from orders l1_0 left join customer c1_0 on c1_0.cust_id=l1_0.cust_id where l1_0.employee_id=?
Hibernate: select o1_0.order_id,o1_0.product_id,p1_0.product_id,p1_0.description,p1_0.manufacturer_name,p1_0.name,p1_0.status,p1_0.unit,o1_0.note,o1_0.price,o1_0.quantity from order_detail o1_0 join product p1_0 on p1_0.product_id=o1_0.product_id where o1_0.order_id=?
Hibernate: select l1_0.employee_id,l1_0.order_id,c1_0.cust_id,c1_0.address,c1_0.email,c1_0.cust_name,c1_0.phone,l1_0.order_date from orders l1_0 left join customer c1_0 on c1_0.cust_id=l1_0.cust_id where l1_0.employee_id=?
Hibernate: select o1_0.order_id,o1_0.product_id,p1_0.product_id,p1_0.description,p1_0.manufacturer_name,p1_0.name,p1_0.status,p1_0.unit,o1_0.note,o1_0.price,o1_0.quantity from order_detail o1_0 join product p1_0 on p1_0.product_id=o1_0.product_id where o1_0.order_id=?
Hibernate: select o1_0.order_id,o1_0.product_id,p1_0.product_id,p1_0.description,p1_0.manufacturer_name,p1_0.name,p1_0.status,p1_0.unit,o1_0.note,o1_0.price,o1_0.quantity from order_detail o1_0 join product p1_0 on p1_0.product_id=o1_0.product_id where o1_0.order_id=?
Hibernate: select l1_0.employee_id,l1_0.order_id,c1_0.cust_id,c1_0.address,c1_0.email,c1_0.cust_name,c1_0.phone,l1_0.order_date from orders l1_0 left join customer c1_0 on c1_0.cust_id=l1_0.cust_id where l1_0.employee_id=?
Hibernate: select p1_0.product_id,p1_0.price_date_time,p1_0.note,p1_0.price from product_price p1_0 where p1_0.product_id=?
Hibernate: select p1_0.product_id,p1_0.image_id,p1_0.alternative,p1_0.path from product_image p1_0 where p1_0.product_id=?
Hibernate: select o1_0.order_id,o1_0.product_id,p1_0.product_id,p1_0.description,p1_0.manufacturer_name,p1_0.name,p1_0.status,p1_0.unit,o1_0.note,o1_0.price,o1_0.quantity from order_detail o1_0 join product p1_0 on p1_0.product_id=o1_0.product_id where o1_0.order_id=?
Hibernate: select l1_0.employee_id,l1_0.order_id,c1_0.cust_id,c1_0.address,c1_0.email,c1_0.cust_name,c1_0.phone,l1_0.order_date from orders l1_0 left join customer c1_0 on c1_0.cust_id=l1_0.cust_id where l1_0.employee_id=?
Hibernate: insert into order_detail (note,price,quantity,order_id,product_id) values (?,?,?,?,?)
Hibernate: select p1_0.product_id,p1_0.description,p1_0.manufacturer_name,p1_0.name,p1_0.status,p1_0.unit from product p1_0 where p1_0.product_id=?
Hibernate: select o1_0.order_id,o2_0.order_id,c1_0.cust_id,c1_0.address,c1_0.email,c1_0.cust_name,c1_0.phone,o2_0.employee_id,e1_0.emp_id,e1_0.address,e1_0.dob,e1_0.email,e1_0.full_name,e1_0.phone,e1_0.status,o2_0.order_date,o1_0.product_id,p1_0.product_id,p1_0.description,p1_0.manufacturer_name,p1_0.name,p1_0.status,p1_0.unit,p2_0.product_id,p2_0.image_id,p2_0.alternative,p2_0.path,o1_0.note,o1_0.price,o1_0.quantity from order_detail o1_0 join orders o2_0 on o2_0.order_id=o1_0.order_id left join customer c1_0 on c1_0.cust_id=o2_0.cust_id left join employee e1_0 on e1_0.emp_id=o2_0.employee_id join product p1_0 on p1_0.product_id=o1_0.product_id left join product_image p2_0 on p1_0.product_id=p2_0.product_id where (o1_0.order_id,o1_0.product_id) in ((?,?))
Hibernate: select o1_0.order_id,c1_0.cust_id,c1_0.address,c1_0.email,c1_0.cust_name,c1_0.phone,o1_0.employee_id,e1_0.emp_id,e1_0.address,e1_0.dob,e1_0.email,e1_0.full_name,e1_0.phone,e1_0.status,o1_0.order_date,o2_0.order_id,o2_0.product_id,p1_0.product_id,p1_0.description,p1_0.manufacturer_name,p1_0.name,p1_0.status,p1_0.unit,o2_0.note,o2_0.price,o2_0.quantity from orders o1_0 left join customer c1_0 on c1_0.cust_id=o1_0.cust_id join employee e1_0 on e1_0.emp_id=o1_0.employee_id left join order_detail o2_0 on o1_0.order_id=o2_0.order_id left join product p1_0 on p1_0.product_id=o2_0.product_id where o1_0.order_id=?
Hibernate: select p1_0.product_id,p1_0.price_date_time,p1_0.note,p1_0.price from product_price p1_0 where p1_0.product_id=?
Hibernate: select p1_0.product_id,p1_0.image_id,p1_0.alternative,p1_0.path from product_image p1_0 where p1_0.product_id=?
Hibernate: select o1_0.product_id,o1_0.order_id,o2_0.order_id,c1_0.cust_id,c1_0.address,c1_0.email,c1_0.cust_name,c1_0.phone,o2_0.employee_id,e1_0.emp_id,e1_0.address,e1_0.dob,e1_0.email,e1_0.full_name,e1_0.phone,e1_0.status,o2_0.order_date,o1_0.note,o1_0.price,o1_0.quantity from order_detail o1_0 join orders o2_0 on o2_0.order_id=o1_0.order_id left join customer c1_0 on c1_0.cust_id=o2_0.cust_id left join employee e1_0 on e1_0.emp_id=o2_0.employee_id where o1_0.product_id=?
Hibernate: select l1_0.employee_id,l1_0.order_id,c1_0.cust_id,c1_0.address,c1_0.email,c1_0.cust_name,c1_0.phone,l1_0.order_date from orders l1_0 left join customer c1_0 on c1_0.cust_id=l1_0.cust_id where l1_0.employee_id=?
Hibernate: select p1_0.product_id,p1_0.description,p1_0.manufacturer_name,p1_0.name,p1_0.status,p1_0.unit,o1_0.product_id,o1_0.order_id,o2_0.order_id,c1_0.cust_id,c1_0.address,c1_0.email,c1_0.cust_name,c1_0.phone,o2_0.employee_id,e1_0.emp_id,e1_0.address,e1_0.dob,e1_0.email,e1_0.full_name,e1_0.phone,e1_0.status,o2_0.order_date,o1_0.note,o1_0.price,o1_0.quantity from product p1_0 left join order_detail o1_0 on p1_0.product_id=o1_0.product_id left join orders o2_0 on o2_0.order_id=o1_0.order_id left join customer c1_0 on c1_0.cust_id=o2_0.cust_id left join employee e1_0 on e1_0.emp_id=o2_0.employee_id where p1_0.product_id=?
Hibernate: select o1_0.order_id,o1_0.product_id,p1_0.product_id,p1_0.description,p1_0.manufacturer_name,p1_0.name,p1_0.status,p1_0.unit,o1_0.note,o1_0.price,o1_0.quantity from order_detail o1_0 join product p1_0 on p1_0.product_id=o1_0.product_id where o1_0.order_id=?
Hibernate: select o1_0.order_id,o1_0.product_id,p1_0.product_id,p1_0.description,p1_0.manufacturer_name,p1_0.name,p1_0.status,p1_0.unit,o1_0.note,o1_0.price,o1_0.quantity from order_detail o1_0 join product p1_0 on p1_0.product_id=o1_0.product_id where o1_0.order_id=?
Hibernate: select o1_0.order_id,o1_0.product_id,p1_0.product_id,p1_0.description,p1_0.manufacturer_name,p1_0.name,p1_0.status,p1_0.unit,o1_0.note,o1_0.price,o1_0.quantity from order_detail o1_0 join product p1_0 on p1_0.product_id=o1_0.product_id where o1_0.order_id=?
Hibernate: select o1_0.order_id,o1_0.product_id,p1_0.product_id,p1_0.description,p1_0.manufacturer_name,p1_0.name,p1_0.status,p1_0.unit,o1_0.note,o1_0.price,o1_0.quantity from order_detail o1_0 join product p1_0 on p1_0.product_id=o1_0.product_id where o1_0.order_id=?
Hibernate: select o1_0.order_id,o1_0.product_id,p1_0.product_id,p1_0.description,p1_0.manufacturer_name,p1_0.name,p1_0.status,p1_0.unit,o1_0.note,o1_0.price,o1_0.quantity from order_detail o1_0 join product p1_0 on p1_0.product_id=o1_0.product_id where o1_0.order_id=?
Hibernate: select o1_0.order_id,o1_0.product_id,p1_0.product_id,p1_0.description,p1_0.manufacturer_name,p1_0.name,p1_0.status,p1_0.unit,o1_0.note,o1_0.price,o1_0.quantity from order_detail o1_0 join product p1_0 on p1_0.product_id=o1_0.product_id where o1_0.order_id=?
Hibernate: select o1_0.order_id,o1_0.product_id,p1_0.product_id,p1_0.description,p1_0.manufacturer_name,p1_0.name,p1_0.status,p1_0.unit,o1_0.note,o1_0.price,o1_0.quantity from order_detail o1_0 join product p1_0 on p1_0.product_id=o1_0.product_id where o1_0.order_id=?
Hibernate: select l1_0.employee_id,l1_0.order_id,c1_0.cust_id,c1_0.address,c1_0.email,c1_0.cust_name,c1_0.phone,l1_0.order_date from orders l1_0 left join customer c1_0 on c1_0.cust_id=l1_0.cust_id where l1_0.employee_id=?
Hibernate: select o1_0.order_id,o1_0.product_id,p1_0.product_id,p1_0.description,p1_0.manufacturer_name,p1_0.name,p1_0.status,p1_0.unit,o1_0.note,o1_0.price,o1_0.quantity from order_detail o1_0 join product p1_0 on p1_0.product_id=o1_0.product_id where o1_0.order_id=?
Hibernate: select o1_0.order_id,o1_0.product_id,p1_0.product_id,p1_0.description,p1_0.manufacturer_name,p1_0.name,p1_0.status,p1_0.unit,o1_0.note,o1_0.price,o1_0.quantity from order_detail o1_0 join product p1_0 on p1_0.product_id=o1_0.product_id where o1_0.order_id=?
Hibernate: select p1_0.product_id,p1_0.price_date_time,p1_0.note,p1_0.price from product_price p1_0 where p1_0.product_id=?
Hibernate: select p1_0.product_id,p1_0.image_id,p1_0.alternative,p1_0.path from product_image p1_0 where p1_0.product_id=?
Hibernate: select o1_0.order_id,o1_0.product_id,p1_0.product_id,p1_0.description,p1_0.manufacturer_name,p1_0.name,p1_0.status,p1_0.unit,o1_0.note,o1_0.price,o1_0.quantity from order_detail o1_0 join product p1_0 on p1_0.product_id=o1_0.product_id where o1_0.order_id=?
Hibernate: insert into order_detail (note,price,quantity,order_id,product_id) values (?,?,?,?,?)
Hibernate: select p1_0.product_id,p1_0.description,p1_0.manufacturer_name,p1_0.name,p1_0.status,p1_0.unit from product p1_0 where p1_0.product_id=?
Hibernate: select o1_0.order_id,o2_0.order_id,c1_0.cust_id,c1_0.address,c1_0.email,c1_0.cust_name,c1_0.phone,o2_0.employee_id,e1_0.emp_id,e1_0.address,e1_0.dob,e1_0.email,e1_0.full_name,e1_0.phone,e1_0.status,o2_0.order_date,o1_0.product_id,p1_0.product_id,p1_0.description,p1_0.manufacturer_name,p1_0.name,p1_0.status,p1_0.unit,p2_0.product_id,p2_0.image_id,p2_0.alternative,p2_0.path,o1_0.note,o1_0.price,o1_0.quantity from order_detail o1_0 join orders o2_0 on o2_0.order_id=o1_0.order_id left join customer c1_0 on c1_0.cust_id=o2_0.cust_id left join employee e1_0 on e1_0.emp_id=o2_0.employee_id join product p1_0 on p1_0.product_id=o1_0.product_id left join product_image p2_0 on p1_0.product_id=p2_0.product_id where (o1_0.order_id,o1_0.product_id) in ((?,?))
Hibernate: select o1_0.order_id,c1_0.cust_id,c1_0.address,c1_0.email,c1_0.cust_name,c1_0.phone,o1_0.employee_id,e1_0.emp_id,e1_0.address,e1_0.dob,e1_0.email,e1_0.full_name,e1_0.phone,e1_0.status,o1_0.order_date,o2_0.order_id,o2_0.product_id,p1_0.product_id,p1_0.description,p1_0.manufacturer_name,p1_0.name,p1_0.status,p1_0.unit,o2_0.note,o2_0.price,o2_0.quantity from orders o1_0 left join customer c1_0 on c1_0.cust_id=o1_0.cust_id join employee e1_0 on e1_0.emp_id=o1_0.employee_id left join order_detail o2_0 on o1_0.order_id=o2_0.order_id left join product p1_0 on p1_0.product_id=o2_0.product_id where o1_0.order_id=?
Hibernate: select p1_0.product_id,p1_0.price_date_time,p1_0.note,p1_0.price from product_price p1_0 where p1_0.product_id=?
Hibernate: select p1_0.product_id,p1_0.image_id,p1_0.alternative,p1_0.path from product_image p1_0 where p1_0.product_id=?
Hibernate: select o1_0.product_id,o1_0.order_id,o2_0.order_id,c1_0.cust_id,c1_0.address,c1_0.email,c1_0.cust_name,c1_0.phone,o2_0.employee_id,e1_0.emp_id,e1_0.address,e1_0.dob,e1_0.email,e1_0.full_name,e1_0.phone,e1_0.status,o2_0.order_date,o1_0.note,o1_0.price,o1_0.quantity from order_detail o1_0 join orders o2_0 on o2_0.order_id=o1_0.order_id left join customer c1_0 on c1_0.cust_id=o2_0.cust_id left join employee e1_0 on e1_0.emp_id=o2_0.employee_id where o1_0.product_id=?
Hibernate: select p1_0.product_id,p1_0.price_date_time,p1_0.note,p1_0.price from product_price p1_0 where p1_0.product_id=?
Hibernate: select p1_0.product_id,p1_0.image_id,p1_0.alternative,p1_0.path from product_image p1_0 where p1_0.product_id=?
Hibernate: select o1_0.product_id,o1_0.order_id,o2_0.order_id,c1_0.cust_id,c1_0.address,c1_0.email,c1_0.cust_name,c1_0.phone,o2_0.employee_id,e1_0.emp_id,e1_0.address,e1_0.dob,e1_0.email,e1_0.full_name,e1_0.phone,e1_0.status,o2_0.order_date,o1_0.note,o1_0.price,o1_0.quantity from order_detail o1_0 join orders o2_0 on o2_0.order_id=o1_0.order_id left join customer c1_0 on c1_0.cust_id=o2_0.cust_id left join employee e1_0 on e1_0.emp_id=o2_0.employee_id where o1_0.product_id=?
Hibernate: select l1_0.employee_id,l1_0.order_id,c1_0.cust_id,c1_0.address,c1_0.email,c1_0.cust_name,c1_0.phone,l1_0.order_date from orders l1_0 left join customer c1_0 on c1_0.cust_id=l1_0.cust_id where l1_0.employee_id=?
Hibernate: select p1_0.product_id,p1_0.description,p1_0.manufacturer_name,p1_0.name,p1_0.status,p1_0.unit,o1_0.product_id,o1_0.order_id,o2_0.order_id,c1_0.cust_id,c1_0.address,c1_0.email,c1_0.cust_name,c1_0.phone,o2_0.employee_id,e1_0.emp_id,e1_0.address,e1_0.dob,e1_0.email,e1_0.full_name,e1_0.phone,e1_0.status,o2_0.order_date,o1_0.note,o1_0.price,o1_0.quantity from product p1_0 left join order_detail o1_0 on p1_0.product_id=o1_0.product_id left join orders o2_0 on o2_0.order_id=o1_0.order_id left join customer c1_0 on c1_0.cust_id=o2_0.cust_id left join employee e1_0 on e1_0.emp_id=o2_0.employee_id where p1_0.product_id=?
Hibernate: select o1_0.order_id,o1_0.product_id,p1_0.product_id,p1_0.description,p1_0.manufacturer_name,p1_0.name,p1_0.status,p1_0.unit,o1_0.note,o1_0.price,o1_0.quantity from order_detail o1_0 join product p1_0 on p1_0.product_id=o1_0.product_id where o1_0.order_id=?
Hibernate: select o1_0.order_id,o1_0.product_id,p1_0.product_id,p1_0.description,p1_0.manufacturer_name,p1_0.name,p1_0.status,p1_0.unit,o1_0.note,o1_0.price,o1_0.quantity from order_detail o1_0 join product p1_0 on p1_0.product_id=o1_0.product_id where o1_0.order_id=?
Hibernate: select o1_0.order_id,o1_0.product_id,p1_0.product_id,p1_0.description,p1_0.manufacturer_name,p1_0.name,p1_0.status,p1_0.unit,o1_0.note,o1_0.price,o1_0.quantity from order_detail o1_0 join product p1_0 on p1_0.product_id=o1_0.product_id where o1_0.order_id=?
Hibernate: select o1_0.order_id,o1_0.product_id,p1_0.product_id,p1_0.description,p1_0.manufacturer_name,p1_0.name,p1_0.status,p1_0.unit,o1_0.note,o1_0.price,o1_0.quantity from order_detail o1_0 join product p1_0 on p1_0.product_id=o1_0.product_id where o1_0.order_id=?
Hibernate: select o1_0.order_id,o1_0.product_id,p1_0.product_id,p1_0.description,p1_0.manufacturer_name,p1_0.name,p1_0.status,p1_0.unit,o1_0.note,o1_0.price,o1_0.quantity from order_detail o1_0 join product p1_0 on p1_0.product_id=o1_0.product_id where o1_0.order_id=?
Hibernate: select o1_0.order_id,o1_0.product_id,p1_0.product_id,p1_0.description,p1_0.manufacturer_name,p1_0.name,p1_0.status,p1_0.unit,o1_0.note,o1_0.price,o1_0.quantity from order_detail o1_0 join product p1_0 on p1_0.product_id=o1_0.product_id where o1_0.order_id=?
Hibernate: select o1_0.order_id,o1_0.product_id,p1_0.product_id,p1_0.description,p1_0.manufacturer_name,p1_0.name,p1_0.status,p1_0.unit,o1_0.note,o1_0.price,o1_0.quantity from order_detail o1_0 join product p1_0 on p1_0.product_id=o1_0.product_id where o1_0.order_id=?
Hibernate: select o1_0.order_id,o1_0.product_id,p1_0.product_id,p1_0.description,p1_0.manufacturer_name,p1_0.name,p1_0.status,p1_0.unit,o1_0.note,o1_0.price,o1_0.quantity from order_detail o1_0 join product p1_0 on p1_0.product_id=o1_0.product_id where o1_0.order_id=?
Hibernate: select o1_0.order_id,o1_0.product_id,p1_0.product_id,p1_0.description,p1_0.manufacturer_name,p1_0.name,p1_0.status,p1_0.unit,o1_0.note,o1_0.price,o1_0.quantity from order_detail o1_0 join product p1_0 on p1_0.product_id=o1_0.product_id where o1_0.order_id=?
Hibernate: select p1_0.product_id,p1_0.price_date_time,p1_0.note,p1_0.price from product_price p1_0 where p1_0.product_id=?
Hibernate: select p1_0.product_id,p1_0.image_id,p1_0.alternative,p1_0.path from product_image p1_0 where p1_0.product_id=?
Hibernate: select o1_0.order_id,o1_0.product_id,p1_0.product_id,p1_0.description,p1_0.manufacturer_name,p1_0.name,p1_0.status,p1_0.unit,o1_0.note,o1_0.price,o1_0.quantity from order_detail o1_0 join product p1_0 on p1_0.product_id=o1_0.product_id where o1_0.order_id=?
Hibernate: insert into order_detail (note,price,quantity,order_id,product_id) values (?,?,?,?,?)
Hibernate: select e1_0.emp_id,e1_0.address,e1_0.dob,e1_0.email,e1_0.full_name,e1_0.phone,e1_0.status from employee e1_0 where e1_0.emp_id=?
Hibernate: select c1_0.cust_id,c1_0.address,c1_0.email,c1_0.cust_name,c1_0.phone from customer c1_0 where c1_0.cust_id=?
Hibernate: select o1_0.order_id,c1_0.cust_id,c1_0.address,c1_0.email,c1_0.cust_name,c1_0.phone,o1_0.employee_id,e1_0.emp_id,e1_0.address,e1_0.dob,e1_0.email,e1_0.full_name,e1_0.phone,e1_0.status,o1_0.order_date,o2_0.order_id,o2_0.product_id,p1_0.product_id,p1_0.description,p1_0.manufacturer_name,p1_0.name,p1_0.status,p1_0.unit,o2_0.note,o2_0.price,o2_0.quantity from orders o1_0 left join customer c1_0 on c1_0.cust_id=o1_0.cust_id join employee e1_0 on e1_0.emp_id=o1_0.employee_id left join order_detail o2_0 on o1_0.order_id=o2_0.order_id left join product p1_0 on p1_0.product_id=o2_0.product_id where o1_0.order_id=?
Hibernate: select c1_0.cust_id,c1_0.address,c1_0.email,c1_0.cust_name,c1_0.phone from customer c1_0 where c1_0.cust_id=?
Hibernate: select e1_0.emp_id,e1_0.address,e1_0.dob,e1_0.email,e1_0.full_name,e1_0.phone,e1_0.status from employee e1_0 where e1_0.emp_id=?
Hibernate: insert into orders (cust_id,employee_id,order_date,order_id) values (?,?,?,default)
Hibernate: select p1_0.product_id,p1_0.description,p1_0.manufacturer_name,p1_0.name,p1_0.status,p1_0.unit from product p1_0 where p1_0.product_id=?
Hibernate: select o1_0.order_id,o2_0.order_id,c1_0.cust_id,c1_0.address,c1_0.email,c1_0.cust_name,c1_0.phone,o2_0.employee_id,e1_0.emp_id,e1_0.address,e1_0.dob,e1_0.email,e1_0.full_name,e1_0.phone,e1_0.status,o2_0.order_date,o1_0.product_id,p1_0.product_id,p1_0.description,p1_0.manufacturer_name,p1_0.name,p1_0.status,p1_0.unit,p2_0.product_id,p2_0.image_id,p2_0.alternative,p2_0.path,o1_0.note,o1_0.price,o1_0.quantity from order_detail o1_0 join orders o2_0 on o2_0.order_id=o1_0.order_id left join customer c1_0 on c1_0.cust_id=o2_0.cust_id left join employee e1_0 on e1_0.emp_id=o2_0.employee_id join product p1_0 on p1_0.product_id=o1_0.product_id left join product_image p2_0 on p1_0.product_id=p2_0.product_id where (o1_0.order_id,o1_0.product_id) in ((?,?))
Hibernate: select o1_0.order_id,c1_0.cust_id,c1_0.address,c1_0.email,c1_0.cust_name,c1_0.phone,o1_0.employee_id,e1_0.emp_id,e1_0.address,e1_0.dob,e1_0.email,e1_0.full_name,e1_0.phone,e1_0.status,o1_0.order_date,o2_0.order_id,o2_0.product_id,p1_0.product_id,p1_0.description,p1_0.manufacturer_name,p1_0.name,p1_0.status,p1_0.unit,o2_0.note,o2_0.price,o2_0.quantity from orders o1_0 left join customer c1_0 on c1_0.cust_id=o1_0.cust_id join employee e1_0 on e1_0.emp_id=o1_0.employee_id left join order_detail o2_0 on o1_0.order_id=o2_0.order_id left join product p1_0 on p1_0.product_id=o2_0.product_id where o1_0.order_id=?
Hibernate: select l1_0.employee_id,l1_0.order_id,c1_0.cust_id,c1_0.address,c1_0.email,c1_0.cust_name,c1_0.phone,l1_0.order_date from orders l1_0 left join customer c1_0 on c1_0.cust_id=l1_0.cust_id where l1_0.employee_id=?
Hibernate: select p1_0.product_id,p1_0.description,p1_0.manufacturer_name,p1_0.name,p1_0.status,p1_0.unit,o1_0.product_id,o1_0.order_id,o2_0.order_id,c1_0.cust_id,c1_0.address,c1_0.email,c1_0.cust_name,c1_0.phone,o2_0.employee_id,e1_0.emp_id,e1_0.address,e1_0.dob,e1_0.email,e1_0.full_name,e1_0.phone,e1_0.status,o2_0.order_date,o1_0.note,o1_0.price,o1_0.quantity from product p1_0 left join order_detail o1_0 on p1_0.product_id=o1_0.product_id left join orders o2_0 on o2_0.order_id=o1_0.order_id left join customer c1_0 on c1_0.cust_id=o2_0.cust_id left join employee e1_0 on e1_0.emp_id=o2_0.employee_id where p1_0.product_id=?
Hibernate: select o1_0.order_id,o1_0.product_id,p1_0.product_id,p1_0.description,p1_0.manufacturer_name,p1_0.name,p1_0.status,p1_0.unit,o1_0.note,o1_0.price,o1_0.quantity from order_detail o1_0 join product p1_0 on p1_0.product_id=o1_0.product_id where o1_0.order_id=?
Hibernate: select o1_0.order_id,o1_0.product_id,p1_0.product_id,p1_0.description,p1_0.manufacturer_name,p1_0.name,p1_0.status,p1_0.unit,o1_0.note,o1_0.price,o1_0.quantity from order_detail o1_0 join product p1_0 on p1_0.product_id=o1_0.product_id where o1_0.order_id=?
Hibernate: select o1_0.order_id,o1_0.product_id,p1_0.product_id,p1_0.description,p1_0.manufacturer_name,p1_0.name,p1_0.status,p1_0.unit,o1_0.note,o1_0.price,o1_0.quantity from order_detail o1_0 join product p1_0 on p1_0.product_id=o1_0.product_id where o1_0.order_id=?
Hibernate: select l1_0.employee_id,l1_0.order_id,c1_0.cust_id,c1_0.address,c1_0.email,c1_0.cust_name,c1_0.phone,l1_0.order_date from orders l1_0 left join customer c1_0 on c1_0.cust_id=l1_0.cust_id where l1_0.employee_id=?
Hibernate: select o1_0.order_id,o1_0.product_id,p1_0.product_id,p1_0.description,p1_0.manufacturer_name,p1_0.name,p1_0.status,p1_0.unit,o1_0.note,o1_0.price,o1_0.quantity from order_detail o1_0 join product p1_0 on p1_0.product_id=o1_0.product_id where o1_0.order_id=?
Hibernate: select l1_0.employee_id,l1_0.order_id,c1_0.cust_id,c1_0.address,c1_0.email,c1_0.cust_name,c1_0.phone,l1_0.order_date from orders l1_0 left join customer c1_0 on c1_0.cust_id=l1_0.cust_id where l1_0.employee_id=?
Hibernate: select o1_0.order_id,o1_0.product_id,p1_0.product_id,p1_0.description,p1_0.manufacturer_name,p1_0.name,p1_0.status,p1_0.unit,o1_0.note,o1_0.price,o1_0.quantity from order_detail o1_0 join product p1_0 on p1_0.product_id=o1_0.product_id where o1_0.order_id=?
Hibernate: select l1_0.employee_id,l1_0.order_id,c1_0.cust_id,c1_0.address,c1_0.email,c1_0.cust_name,c1_0.phone,l1_0.order_date from orders l1_0 left join customer c1_0 on c1_0.cust_id=l1_0.cust_id where l1_0.employee_id=?
Hibernate: select o1_0.order_id,o1_0.product_id,p1_0.product_id,p1_0.description,p1_0.manufacturer_name,p1_0.name,p1_0.status,p1_0.unit,o1_0.note,o1_0.price,o1_0.quantity from order_detail o1_0 join product p1_0 on p1_0.product_id=o1_0.product_id where o1_0.order_id=?
Hibernate: select l1_0.employee_id,l1_0.order_id,c1_0.cust_id,c1_0.address,c1_0.email,c1_0.cust_name,c1_0.phone,l1_0.order_date from orders l1_0 left join customer c1_0 on c1_0.cust_id=l1_0.cust_id where l1_0.employee_id=?
Hibernate: select o1_0.order_id,o1_0.product_id,p1_0.product_id,p1_0.description,p1_0.manufacturer_name,p1_0.name,p1_0.status,p1_0.unit,o1_0.note,o1_0.price,o1_0.quantity from order_detail o1_0 join product p1_0 on p1_0.product_id=o1_0.product_id where o1_0.order_id=?
Hibernate: select o1_0.order_id,o1_0.product_id,p1_0.product_id,p1_0.description,p1_0.manufacturer_name,p1_0.name,p1_0.status,p1_0.unit,o1_0.note,o1_0.price,o1_0.quantity from order_detail o1_0 join product p1_0 on p1_0.product_id=o1_0.product_id where o1_0.order_id=?
Hibernate: select l1_0.employee_id,l1_0.order_id,c1_0.cust_id,c1_0.address,c1_0.email,c1_0.cust_name,c1_0.phone,l1_0.order_date from orders l1_0 left join customer c1_0 on c1_0.cust_id=l1_0.cust_id where l1_0.employee_id=?
Hibernate: select p1_0.product_id,p1_0.price_date_time,p1_0.note,p1_0.price from product_price p1_0 where p1_0.product_id=?
Hibernate: select p1_0.product_id,p1_0.image_id,p1_0.alternative,p1_0.path from product_image p1_0 where p1_0.product_id=?
Hibernate: select o1_0.order_id,o1_0.product_id,p1_0.product_id,p1_0.description,p1_0.manufacturer_name,p1_0.name,p1_0.status,p1_0.unit,o1_0.note,o1_0.price,o1_0.quantity from order_detail o1_0 join product p1_0 on p1_0.product_id=o1_0.product_id where o1_0.order_id=?
Hibernate: select l1_0.employee_id,l1_0.order_id,c1_0.cust_id,c1_0.address,c1_0.email,c1_0.cust_name,c1_0.phone,l1_0.order_date from orders l1_0 left join customer c1_0 on c1_0.cust_id=l1_0.cust_id where l1_0.employee_id=?
Hibernate: insert into order_detail (note,price,quantity,order_id,product_id) values (?,?,?,?,?)
Hibernate: select p1_0.product_id,p1_0.description,p1_0.manufacturer_name,p1_0.name,p1_0.status,p1_0.unit from product p1_0 where p1_0.product_id=?
Hibernate: select o1_0.order_id,o2_0.order_id,c1_0.cust_id,c1_0.address,c1_0.email,c1_0.cust_name,c1_0.phone,o2_0.employee_id,e1_0.emp_id,e1_0.address,e1_0.dob,e1_0.email,e1_0.full_name,e1_0.phone,e1_0.status,o2_0.order_date,o1_0.product_id,p1_0.product_id,p1_0.description,p1_0.manufacturer_name,p1_0.name,p1_0.status,p1_0.unit,p2_0.product_id,p2_0.image_id,p2_0.alternative,p2_0.path,o1_0.note,o1_0.price,o1_0.quantity from order_detail o1_0 join orders o2_0 on o2_0.order_id=o1_0.order_id left join customer c1_0 on c1_0.cust_id=o2_0.cust_id left join employee e1_0 on e1_0.emp_id=o2_0.employee_id join product p1_0 on p1_0.product_id=o1_0.product_id left join product_image p2_0 on p1_0.product_id=p2_0.product_id where (o1_0.order_id,o1_0.product_id) in ((?,?))
Hibernate: select o1_0.order_id,c1_0.cust_id,c1_0.address,c1_0.email,c1_0.cust_name,c1_0.phone,o1_0.employee_id,e1_0.emp_id,e1_0.address,e1_0.dob,e1_0.email,e1_0.full_name,e1_0.phone,e1_0.status,o1_0.order_date,o2_0.order_id,o2_0.product_id,p1_0.product_id,p1_0.description,p1_0.manufacturer_name,p1_0.name,p1_0.status,p1_0.unit,o2_0.note,o2_0.price,o2_0.quantity from orders o1_0 left join customer c1_0 on c1_0.cust_id=o1_0.cust_id join employee e1_0 on e1_0.emp_id=o1_0.employee_id left join order_detail o2_0 on o1_0.order_id=o2_0.order_id left join product p1_0 on p1_0.product_id=o2_0.product_id where o1_0.order_id=?
Hibernate: select p1_0.product_id,p1_0.price_date_time,p1_0.note,p1_0.price from product_price p1_0 where p1_0.product_id=?
Hibernate: select p1_0.product_id,p1_0.image_id,p1_0.alternative,p1_0.path from product_image p1_0 where p1_0.product_id=?
Hibernate: select o1_0.product_id,o1_0.order_id,o2_0.order_id,c1_0.cust_id,c1_0.address,c1_0.email,c1_0.cust_name,c1_0.phone,o2_0.employee_id,e1_0.emp_id,e1_0.address,e1_0.dob,e1_0.email,e1_0.full_name,e1_0.phone,e1_0.status,o2_0.order_date,o1_0.note,o1_0.price,o1_0.quantity from order_detail o1_0 join orders o2_0 on o2_0.order_id=o1_0.order_id left join customer c1_0 on c1_0.cust_id=o2_0.cust_id left join employee e1_0 on e1_0.emp_id=o2_0.employee_id where o1_0.product_id=?
Hibernate: select l1_0.employee_id,l1_0.order_id,c1_0.cust_id,c1_0.address,c1_0.email,c1_0.cust_name,c1_0.phone,l1_0.order_date from orders l1_0 left join customer c1_0 on c1_0.cust_id=l1_0.cust_id where l1_0.employee_id=?
Hibernate: select p1_0.product_id,p1_0.description,p1_0.manufacturer_name,p1_0.name,p1_0.status,p1_0.unit,o1_0.product_id,o1_0.order_id,o2_0.order_id,c1_0.cust_id,c1_0.address,c1_0.email,c1_0.cust_name,c1_0.phone,o2_0.employee_id,e1_0.emp_id,e1_0.address,e1_0.dob,e1_0.email,e1_0.full_name,e1_0.phone,e1_0.status,o2_0.order_date,o1_0.note,o1_0.price,o1_0.quantity from product p1_0 left join order_detail o1_0 on p1_0.product_id=o1_0.product_id left join orders o2_0 on o2_0.order_id=o1_0.order_id left join customer c1_0 on c1_0.cust_id=o2_0.cust_id left join employee e1_0 on e1_0.emp_id=o2_0.employee_id where p1_0.product_id=?
Hibernate: select o1_0.order_id,o1_0.product_id,p1_0.product_id,p1_0.description,p1_0.manufacturer_name,p1_0.name,p1_0.status,p1_0.unit,o1_0.note,o1_0.price,o1_0.quantity from order_detail o1_0 join product p1_0 on p1_0.product_id=o1_0.product_id where o1_0.order_id=?
Hibernate: select o1_0.order_id,o1_0.product_id,p1_0.product_id,p1_0.description,p1_0.manufacturer_name,p1_0.name,p1_0.status,p1_0.unit,o1_0.note,o1_0.price,o1_0.quantity from order_detail o1_0 join product p1_0 on p1_0.product_id=o1_0.product_id where o1_0.order_id=?
Hibernate: select o1_0.order_id,o1_0.product_id,p1_0.product_id,p1_0.description,p1_0.manufacturer_name,p1_0.name,p1_0.status,p1_0.unit,o1_0.note,o1_0.price,o1_0.quantity from order_detail o1_0 join product p1_0 on p1_0.product_id=o1_0.product_id where o1_0.order_id=?
Hibernate: select l1_0.employee_id,l1_0.order_id,c1_0.cust_id,c1_0.address,c1_0.email,c1_0.cust_name,c1_0.phone,l1_0.order_date from orders l1_0 left join customer c1_0 on c1_0.cust_id=l1_0.cust_id where l1_0.employee_id=?
Hibernate: select o1_0.order_id,o1_0.product_id,p1_0.product_id,p1_0.description,p1_0.manufacturer_name,p1_0.name,p1_0.status,p1_0.unit,o1_0.note,o1_0.price,o1_0.quantity from order_detail o1_0 join product p1_0 on p1_0.product_id=o1_0.product_id where o1_0.order_id=?
Hibernate: select o1_0.order_id,o1_0.product_id,p1_0.product_id,p1_0.description,p1_0.manufacturer_name,p1_0.name,p1_0.status,p1_0.unit,o1_0.note,o1_0.price,o1_0.quantity from order_detail o1_0 join product p1_0 on p1_0.product_id=o1_0.product_id where o1_0.order_id=?
Hibernate: select p1_0.product_id,p1_0.price_date_time,p1_0.note,p1_0.price from product_price p1_0 where p1_0.product_id=?
Hibernate: select p1_0.product_id,p1_0.image_id,p1_0.alternative,p1_0.path from product_image p1_0 where p1_0.product_id=?
Hibernate: select o1_0.order_id,o1_0.product_id,p1_0.product_id,p1_0.description,p1_0.manufacturer_name,p1_0.name,p1_0.status,p1_0.unit,o1_0.note,o1_0.price,o1_0.quantity from order_detail o1_0 join product p1_0 on p1_0.product_id=o1_0.product_id where o1_0.order_id=?
Hibernate: select l1_0.employee_id,l1_0.order_id,c1_0.cust_id,c1_0.address,c1_0.email,c1_0.cust_name,c1_0.phone,l1_0.order_date from orders l1_0 left join customer c1_0 on c1_0.cust_id=l1_0.cust_id where l1_0.employee_id=?
Hibernate: insert into order_detail (note,price,quantity,order_id,product_id) values (?,?,?,?,?)
Hibernate: select p1_0.product_id,p1_0.description,p1_0.manufacturer_name,p1_0.name,p1_0.status,p1_0.unit from product p1_0 where p1_0.product_id=?
Hibernate: select o1_0.order_id,o2_0.order_id,c1_0.cust_id,c1_0.address,c1_0.email,c1_0.cust_name,c1_0.phone,o2_0.employee_id,e1_0.emp_id,e1_0.address,e1_0.dob,e1_0.email,e1_0.full_name,e1_0.phone,e1_0.status,o2_0.order_date,o1_0.product_id,p1_0.product_id,p1_0.description,p1_0.manufacturer_name,p1_0.name,p1_0.status,p1_0.unit,p2_0.product_id,p2_0.image_id,p2_0.alternative,p2_0.path,o1_0.note,o1_0.price,o1_0.quantity from order_detail o1_0 join orders o2_0 on o2_0.order_id=o1_0.order_id left join customer c1_0 on c1_0.cust_id=o2_0.cust_id left join employee e1_0 on e1_0.emp_id=o2_0.employee_id join product p1_0 on p1_0.product_id=o1_0.product_id left join product_image p2_0 on p1_0.product_id=p2_0.product_id where (o1_0.order_id,o1_0.product_id) in ((?,?))
Hibernate: select o1_0.order_id,c1_0.cust_id,c1_0.address,c1_0.email,c1_0.cust_name,c1_0.phone,o1_0.employee_id,e1_0.emp_id,e1_0.address,e1_0.dob,e1_0.email,e1_0.full_name,e1_0.phone,e1_0.status,o1_0.order_date,o2_0.order_id,o2_0.product_id,p1_0.product_id,p1_0.description,p1_0.manufacturer_name,p1_0.name,p1_0.status,p1_0.unit,o2_0.note,o2_0.price,o2_0.quantity from orders o1_0 left join customer c1_0 on c1_0.cust_id=o1_0.cust_id join employee e1_0 on e1_0.emp_id=o1_0.employee_id left join order_detail o2_0 on o1_0.order_id=o2_0.order_id left join product p1_0 on p1_0.product_id=o2_0.product_id where o1_0.order_id=?
Hibernate: select p1_0.product_id,p1_0.price_date_time,p1_0.note,p1_0.price from product_price p1_0 where p1_0.product_id=?
Hibernate: select p1_0.product_id,p1_0.image_id,p1_0.alternative,p1_0.path from product_image p1_0 where p1_0.product_id=?
Hibernate: select o1_0.product_id,o1_0.order_id,o2_0.order_id,c1_0.cust_id,c1_0.address,c1_0.email,c1_0.cust_name,c1_0.phone,o2_0.employee_id,e1_0.emp_id,e1_0.address,e1_0.dob,e1_0.email,e1_0.full_name,e1_0.phone,e1_0.status,o2_0.order_date,o1_0.note,o1_0.price,o1_0.quantity from order_detail o1_0 join orders o2_0 on o2_0.order_id=o1_0.order_id left join customer c1_0 on c1_0.cust_id=o2_0.cust_id left join employee e1_0 on e1_0.emp_id=o2_0.employee_id where o1_0.product_id=?
Hibernate: select p1_0.product_id,p1_0.price_date_time,p1_0.note,p1_0.price from product_price p1_0 where p1_0.product_id=?
Hibernate: select p1_0.product_id,p1_0.image_id,p1_0.alternative,p1_0.path from product_image p1_0 where p1_0.product_id=?
Hibernate: select o1_0.product_id,o1_0.order_id,o2_0.order_id,c1_0.cust_id,c1_0.address,c1_0.email,c1_0.cust_name,c1_0.phone,o2_0.employee_id,e1_0.emp_id,e1_0.address,e1_0.dob,e1_0.email,e1_0.full_name,e1_0.phone,e1_0.status,o2_0.order_date,o1_0.note,o1_0.price,o1_0.quantity from order_detail o1_0 join orders o2_0 on o2_0.order_id=o1_0.order_id left join customer c1_0 on c1_0.cust_id=o2_0.cust_id left join employee e1_0 on e1_0.emp_id=o2_0.employee_id where o1_0.product_id=?
Hibernate: select l1_0.employee_id,l1_0.order_id,c1_0.cust_id,c1_0.address,c1_0.email,c1_0.cust_name,c1_0.phone,l1_0.order_date from orders l1_0 left join customer c1_0 on c1_0.cust_id=l1_0.cust_id where l1_0.employee_id=?
Hibernate: select p1_0.product_id,p1_0.description,p1_0.manufacturer_name,p1_0.name,p1_0.status,p1_0.unit,o1_0.product_id,o1_0.order_id,o2_0.order_id,c1_0.cust_id,c1_0.address,c1_0.email,c1_0.cust_name,c1_0.phone,o2_0.employee_id,e1_0.emp_id,e1_0.address,e1_0.dob,e1_0.email,e1_0.full_name,e1_0.phone,e1_0.status,o2_0.order_date,o1_0.note,o1_0.price,o1_0.quantity from product p1_0 left join order_detail o1_0 on p1_0.product_id=o1_0.product_id left join orders o2_0 on o2_0.order_id=o1_0.order_id left join customer c1_0 on c1_0.cust_id=o2_0.cust_id left join employee e1_0 on e1_0.emp_id=o2_0.employee_id where p1_0.product_id=?
Hibernate: select o1_0.order_id,o1_0.product_id,p1_0.product_id,p1_0.description,p1_0.manufacturer_name,p1_0.name,p1_0.status,p1_0.unit,o1_0.note,o1_0.price,o1_0.quantity from order_detail o1_0 join product p1_0 on p1_0.product_id=o1_0.product_id where o1_0.order_id=?
Hibernate: select o1_0.order_id,o1_0.product_id,p1_0.product_id,p1_0.description,p1_0.manufacturer_name,p1_0.name,p1_0.status,p1_0.unit,o1_0.note,o1_0.price,o1_0.quantity from order_detail o1_0 join product p1_0 on p1_0.product_id=o1_0.product_id where o1_0.order_id=?
Hibernate: select o1_0.order_id,o1_0.product_id,p1_0.product_id,p1_0.description,p1_0.manufacturer_name,p1_0.name,p1_0.status,p1_0.unit,o1_0.note,o1_0.price,o1_0.quantity from order_detail o1_0 join product p1_0 on p1_0.product_id=o1_0.product_id where o1_0.order_id=?
Hibernate: select o1_0.order_id,o1_0.product_id,p1_0.product_id,p1_0.description,p1_0.manufacturer_name,p1_0.name,p1_0.status,p1_0.unit,o1_0.note,o1_0.price,o1_0.quantity from order_detail o1_0 join product p1_0 on p1_0.product_id=o1_0.product_id where o1_0.order_id=?
Hibernate: select p1_0.product_id,p1_0.price_date_time,p1_0.note,p1_0.price from product_price p1_0 where p1_0.product_id=?
Hibernate: select p1_0.product_id,p1_0.image_id,p1_0.alternative,p1_0.path from product_image p1_0 where p1_0.product_id=?
Hibernate: select o1_0.order_id,o1_0.product_id,p1_0.product_id,p1_0.description,p1_0.manufacturer_name,p1_0.name,p1_0.status,p1_0.unit,o1_0.note,o1_0.price,o1_0.quantity from order_detail o1_0 join product p1_0 on p1_0.product_id=o1_0.product_id where o1_0.order_id=?
Hibernate: insert into order_detail (note,price,quantity,order_id,product_id) values (?,?,?,?,?)
Hibernate: select e1_0.emp_id,e1_0.address,e1_0.dob,e1_0.email,e1_0.full_name,e1_0.phone,e1_0.status from employee e1_0 where e1_0.emp_id=?
Hibernate: select c1_0.cust_id,c1_0.address,c1_0.email,c1_0.cust_name,c1_0.phone from customer c1_0 where c1_0.cust_id=?
Hibernate: select o1_0.order_id,c1_0.cust_id,c1_0.address,c1_0.email,c1_0.cust_name,c1_0.phone,o1_0.employee_id,e1_0.emp_id,e1_0.address,e1_0.dob,e1_0.email,e1_0.full_name,e1_0.phone,e1_0.status,o1_0.order_date,o2_0.order_id,o2_0.product_id,p1_0.product_id,p1_0.description,p1_0.manufacturer_name,p1_0.name,p1_0.status,p1_0.unit,o2_0.note,o2_0.price,o2_0.quantity from orders o1_0 left join customer c1_0 on c1_0.cust_id=o1_0.cust_id join employee e1_0 on e1_0.emp_id=o1_0.employee_id left join order_detail o2_0 on o1_0.order_id=o2_0.order_id left join product p1_0 on p1_0.product_id=o2_0.product_id where o1_0.order_id=?
Hibernate: select c1_0.cust_id,c1_0.address,c1_0.email,c1_0.cust_name,c1_0.phone from customer c1_0 where c1_0.cust_id=?
Hibernate: select e1_0.emp_id,e1_0.address,e1_0.dob,e1_0.email,e1_0.full_name,e1_0.phone,e1_0.status from employee e1_0 where e1_0.emp_id=?
Hibernate: insert into orders (cust_id,employee_id,order_date,order_id) values (?,?,?,default)
Hibernate: select p1_0.product_id,p1_0.description,p1_0.manufacturer_name,p1_0.name,p1_0.status,p1_0.unit from product p1_0 where p1_0.product_id=?
Hibernate: select o1_0.order_id,o2_0.order_id,c1_0.cust_id,c1_0.address,c1_0.email,c1_0.cust_name,c1_0.phone,o2_0.employee_id,e1_0.emp_id,e1_0.address,e1_0.dob,e1_0.email,e1_0.full_name,e1_0.phone,e1_0.status,o2_0.order_date,o1_0.product_id,p1_0.product_id,p1_0.description,p1_0.manufacturer_name,p1_0.name,p1_0.status,p1_0.unit,p2_0.product_id,p2_0.image_id,p2_0.alternative,p2_0.path,o1_0.note,o1_0.price,o1_0.quantity from order_detail o1_0 join orders o2_0 on o2_0.order_id=o1_0.order_id left join customer c1_0 on c1_0.cust_id=o2_0.cust_id left join employee e1_0 on e1_0.emp_id=o2_0.employee_id join product p1_0 on p1_0.product_id=o1_0.product_id left join product_image p2_0 on p1_0.product_id=p2_0.product_id where (o1_0.order_id,o1_0.product_id) in ((?,?))
Hibernate: select o1_0.order_id,c1_0.cust_id,c1_0.address,c1_0.email,c1_0.cust_name,c1_0.phone,o1_0.employee_id,e1_0.emp_id,e1_0.address,e1_0.dob,e1_0.email,e1_0.full_name,e1_0.phone,e1_0.status,o1_0.order_date,o2_0.order_id,o2_0.product_id,p1_0.product_id,p1_0.description,p1_0.manufacturer_name,p1_0.name,p1_0.status,p1_0.unit,o2_0.note,o2_0.price,o2_0.quantity from orders o1_0 left join customer c1_0 on c1_0.cust_id=o1_0.cust_id join employee e1_0 on e1_0.emp_id=o1_0.employee_id left join order_detail o2_0 on o1_0.order_id=o2_0.order_id left join product p1_0 on p1_0.product_id=o2_0.product_id where o1_0.order_id=?
Hibernate: select l1_0.employee_id,l1_0.order_id,c1_0.cust_id,c1_0.address,c1_0.email,c1_0.cust_name,c1_0.phone,l1_0.order_date from orders l1_0 left join customer c1_0 on c1_0.cust_id=l1_0.cust_id where l1_0.employee_id=?
Hibernate: select p1_0.product_id,p1_0.description,p1_0.manufacturer_name,p1_0.name,p1_0.status,p1_0.unit,o1_0.product_id,o1_0.order_id,o2_0.order_id,c1_0.cust_id,c1_0.address,c1_0.email,c1_0.cust_name,c1_0.phone,o2_0.employee_id,e1_0.emp_id,e1_0.address,e1_0.dob,e1_0.email,e1_0.full_name,e1_0.phone,e1_0.status,o2_0.order_date,o1_0.note,o1_0.price,o1_0.quantity from product p1_0 left join order_detail o1_0 on p1_0.product_id=o1_0.product_id left join orders o2_0 on o2_0.order_id=o1_0.order_id left join customer c1_0 on c1_0.cust_id=o2_0.cust_id left join employee e1_0 on e1_0.emp_id=o2_0.employee_id where p1_0.product_id=?
Hibernate: select o1_0.order_id,o1_0.product_id,p1_0.product_id,p1_0.description,p1_0.manufacturer_name,p1_0.name,p1_0.status,p1_0.unit,o1_0.note,o1_0.price,o1_0.quantity from order_detail o1_0 join product p1_0 on p1_0.product_id=o1_0.product_id where o1_0.order_id=?
Hibernate: select o1_0.order_id,o1_0.product_id,p1_0.product_id,p1_0.description,p1_0.manufacturer_name,p1_0.name,p1_0.status,p1_0.unit,o1_0.note,o1_0.price,o1_0.quantity from order_detail o1_0 join product p1_0 on p1_0.product_id=o1_0.product_id where o1_0.order_id=?
Hibernate: select l1_0.employee_id,l1_0.order_id,c1_0.cust_id,c1_0.address,c1_0.email,c1_0.cust_name,c1_0.phone,l1_0.order_date from orders l1_0 left join customer c1_0 on c1_0.cust_id=l1_0.cust_id where l1_0.employee_id=?
Hibernate: select o1_0.order_id,o1_0.product_id,p1_0.product_id,p1_0.description,p1_0.manufacturer_name,p1_0.name,p1_0.status,p1_0.unit,o1_0.note,o1_0.price,o1_0.quantity from order_detail o1_0 join product p1_0 on p1_0.product_id=o1_0.product_id where o1_0.order_id=?
Hibernate: select l1_0.employee_id,l1_0.order_id,c1_0.cust_id,c1_0.address,c1_0.email,c1_0.cust_name,c1_0.phone,l1_0.order_date from orders l1_0 left join customer c1_0 on c1_0.cust_id=l1_0.cust_id where l1_0.employee_id=?
Hibernate: select p1_0.product_id,p1_0.price_date_time,p1_0.note,p1_0.price from product_price p1_0 where p1_0.product_id=?
Hibernate: select p1_0.product_id,p1_0.image_id,p1_0.alternative,p1_0.path from product_image p1_0 where p1_0.product_id=?
Hibernate: select o1_0.order_id,o1_0.product_id,p1_0.product_id,p1_0.description,p1_0.manufacturer_name,p1_0.name,p1_0.status,p1_0.unit,o1_0.note,o1_0.price,o1_0.quantity from order_detail o1_0 join product p1_0 on p1_0.product_id=o1_0.product_id where o1_0.order_id=?
Hibernate: select l1_0.employee_id,l1_0.order_id,c1_0.cust_id,c1_0.address,c1_0.email,c1_0.cust_name,c1_0.phone,l1_0.order_date from orders l1_0 left join customer c1_0 on c1_0.cust_id=l1_0.cust_id where l1_0.employee_id=?
Hibernate: insert into order_detail (note,price,quantity,order_id,product_id) values (?,?,?,?,?)
Hibernate: select p1_0.product_id,p1_0.description,p1_0.manufacturer_name,p1_0.name,p1_0.status,p1_0.unit from product p1_0 where p1_0.product_id=?
Hibernate: select o1_0.order_id,o2_0.order_id,c1_0.cust_id,c1_0.address,c1_0.email,c1_0.cust_name,c1_0.phone,o2_0.employee_id,e1_0.emp_id,e1_0.address,e1_0.dob,e1_0.email,e1_0.full_name,e1_0.phone,e1_0.status,o2_0.order_date,o1_0.product_id,p1_0.product_id,p1_0.description,p1_0.manufacturer_name,p1_0.name,p1_0.status,p1_0.unit,p2_0.product_id,p2_0.image_id,p2_0.alternative,p2_0.path,o1_0.note,o1_0.price,o1_0.quantity from order_detail o1_0 join orders o2_0 on o2_0.order_id=o1_0.order_id left join customer c1_0 on c1_0.cust_id=o2_0.cust_id left join employee e1_0 on e1_0.emp_id=o2_0.employee_id join product p1_0 on p1_0.product_id=o1_0.product_id left join product_image p2_0 on p1_0.product_id=p2_0.product_id where (o1_0.order_id,o1_0.product_id) in ((?,?))
Hibernate: select o1_0.order_id,c1_0.cust_id,c1_0.address,c1_0.email,c1_0.cust_name,c1_0.phone,o1_0.employee_id,e1_0.emp_id,e1_0.address,e1_0.dob,e1_0.email,e1_0.full_name,e1_0.phone,e1_0.status,o1_0.order_date,o2_0.order_id,o2_0.product_id,p1_0.product_id,p1_0.description,p1_0.manufacturer_name,p1_0.name,p1_0.status,p1_0.unit,o2_0.note,o2_0.price,o2_0.quantity from orders o1_0 left join customer c1_0 on c1_0.cust_id=o1_0.cust_id join employee e1_0 on e1_0.emp_id=o1_0.employee_id left join order_detail o2_0 on o1_0.order_id=o2_0.order_id left join product p1_0 on p1_0.product_id=o2_0.product_id where o1_0.order_id=?
Hibernate: select p1_0.product_id,p1_0.price_date_time,p1_0.note,p1_0.price from product_price p1_0 where p1_0.product_id=?
Hibernate: select p1_0.product_id,p1_0.image_id,p1_0.alternative,p1_0.path from product_image p1_0 where p1_0.product_id=?
Hibernate: select o1_0.product_id,o1_0.order_id,o2_0.order_id,c1_0.cust_id,c1_0.address,c1_0.email,c1_0.cust_name,c1_0.phone,o2_0.employee_id,e1_0.emp_id,e1_0.address,e1_0.dob,e1_0.email,e1_0.full_name,e1_0.phone,e1_0.status,o2_0.order_date,o1_0.note,o1_0.price,o1_0.quantity from order_detail o1_0 join orders o2_0 on o2_0.order_id=o1_0.order_id left join customer c1_0 on c1_0.cust_id=o2_0.cust_id left join employee e1_0 on e1_0.emp_id=o2_0.employee_id where o1_0.product_id=?
Hibernate: select l1_0.employee_id,l1_0.order_id,c1_0.cust_id,c1_0.address,c1_0.email,c1_0.cust_name,c1_0.phone,l1_0.order_date from orders l1_0 left join customer c1_0 on c1_0.cust_id=l1_0.cust_id where l1_0.employee_id=?
Hibernate: select p1_0.product_id,p1_0.description,p1_0.manufacturer_name,p1_0.name,p1_0.status,p1_0.unit,o1_0.product_id,o1_0.order_id,o2_0.order_id,c1_0.cust_id,c1_0.address,c1_0.email,c1_0.cust_name,c1_0.phone,o2_0.employee_id,e1_0.emp_id,e1_0.address,e1_0.dob,e1_0.email,e1_0.full_name,e1_0.phone,e1_0.status,o2_0.order_date,o1_0.note,o1_0.price,o1_0.quantity from product p1_0 left join order_detail o1_0 on p1_0.product_id=o1_0.product_id left join orders o2_0 on o2_0.order_id=o1_0.order_id left join customer c1_0 on c1_0.cust_id=o2_0.cust_id left join employee e1_0 on e1_0.emp_id=o2_0.employee_id where p1_0.product_id=?
Hibernate: select o1_0.order_id,o1_0.product_id,p1_0.product_id,p1_0.description,p1_0.manufacturer_name,p1_0.name,p1_0.status,p1_0.unit,o1_0.note,o1_0.price,o1_0.quantity from order_detail o1_0 join product p1_0 on p1_0.product_id=o1_0.product_id where o1_0.order_id=?
Hibernate: select o1_0.order_id,o1_0.product_id,p1_0.product_id,p1_0.description,p1_0.manufacturer_name,p1_0.name,p1_0.status,p1_0.unit,o1_0.note,o1_0.price,o1_0.quantity from order_detail o1_0 join product p1_0 on p1_0.product_id=o1_0.product_id where o1_0.order_id=?
Hibernate: select o1_0.order_id,o1_0.product_id,p1_0.product_id,p1_0.description,p1_0.manufacturer_name,p1_0.name,p1_0.status,p1_0.unit,o1_0.note,o1_0.price,o1_0.quantity from order_detail o1_0 join product p1_0 on p1_0.product_id=o1_0.product_id where o1_0.order_id=?
Hibernate: select o1_0.order_id,o1_0.product_id,p1_0.product_id,p1_0.description,p1_0.manufacturer_name,p1_0.name,p1_0.status,p1_0.unit,o1_0.note,o1_0.price,o1_0.quantity from order_detail o1_0 join product p1_0 on p1_0.product_id=o1_0.product_id where o1_0.order_id=?
Hibernate: select o1_0.order_id,o1_0.product_id,p1_0.product_id,p1_0.description,p1_0.manufacturer_name,p1_0.name,p1_0.status,p1_0.unit,o1_0.note,o1_0.price,o1_0.quantity from order_detail o1_0 join product p1_0 on p1_0.product_id=o1_0.product_id where o1_0.order_id=?
Hibernate: select l1_0.employee_id,l1_0.order_id,c1_0.cust_id,c1_0.address,c1_0.email,c1_0.cust_name,c1_0.phone,l1_0.order_date from orders l1_0 left join customer c1_0 on c1_0.cust_id=l1_0.cust_id where l1_0.employee_id=?
Hibernate: select o1_0.order_id,o1_0.product_id,p1_0.product_id,p1_0.description,p1_0.manufacturer_name,p1_0.name,p1_0.status,p1_0.unit,o1_0.note,o1_0.price,o1_0.quantity from order_detail o1_0 join product p1_0 on p1_0.product_id=o1_0.product_id where o1_0.order_id=?
Hibernate: select o1_0.order_id,o1_0.product_id,p1_0.product_id,p1_0.description,p1_0.manufacturer_name,p1_0.name,p1_0.status,p1_0.unit,o1_0.note,o1_0.price,o1_0.quantity from order_detail o1_0 join product p1_0 on p1_0.product_id=o1_0.product_id where o1_0.order_id=?
Hibernate: select l1_0.employee_id,l1_0.order_id,c1_0.cust_id,c1_0.address,c1_0.email,c1_0.cust_name,c1_0.phone,l1_0.order_date from orders l1_0 left join customer c1_0 on c1_0.cust_id=l1_0.cust_id where l1_0.employee_id=?
Hibernate: select o1_0.order_id,o1_0.product_id,p1_0.product_id,p1_0.description,p1_0.manufacturer_name,p1_0.name,p1_0.status,p1_0.unit,o1_0.note,o1_0.price,o1_0.quantity from order_detail o1_0 join product p1_0 on p1_0.product_id=o1_0.product_id where o1_0.order_id=?
Hibernate: select l1_0.employee_id,l1_0.order_id,c1_0.cust_id,c1_0.address,c1_0.email,c1_0.cust_name,c1_0.phone,l1_0.order_date from orders l1_0 left join customer c1_0 on c1_0.cust_id=l1_0.cust_id where l1_0.employee_id=?
Hibernate: select o1_0.order_id,o1_0.product_id,p1_0.product_id,p1_0.description,p1_0.manufacturer_name,p1_0.name,p1_0.status,p1_0.unit,o1_0.note,o1_0.price,o1_0.quantity from order_detail o1_0 join product p1_0 on p1_0.product_id=o1_0.product_id where o1_0.order_id=?
Hibernate: select l1_0.employee_id,l1_0.order_id,c1_0.cust_id,c1_0.address,c1_0.email,c1_0.cust_name,c1_0.phone,l1_0.order_date from orders l1_0 left join customer c1_0 on c1_0.cust_id=l1_0.cust_id where l1_0.employee_id=?
Hibernate: select p1_0.product_id,p1_0.price_date_time,p1_0.note,p1_0.price from product_price p1_0 where p1_0.product_id=?
Hibernate: select p1_0.product_id,p1_0.image_id,p1_0.alternative,p1_0.path from product_image p1_0 where p1_0.product_id=?
Hibernate: select o1_0.order_id,o1_0.product_id,p1_0.product_id,p1_0.description,p1_0.manufacturer_name,p1_0.name,p1_0.status,p1_0.unit,o1_0.note,o1_0.price,o1_0.quantity from order_detail o1_0 join product p1_0 on p1_0.product_id=o1_0.product_id where o1_0.order_id=?
Hibernate: select l1_0.employee_id,l1_0.order_id,c1_0.cust_id,c1_0.address,c1_0.email,c1_0.cust_name,c1_0.phone,l1_0.order_date from orders l1_0 left join customer c1_0 on c1_0.cust_id=l1_0.cust_id where l1_0.employee_id=?
Hibernate: insert into order_detail (note,price,quantity,order_id,product_id) values (?,?,?,?,?)
Hibernate: select p1_0.product_id,p1_0.description,p1_0.manufacturer_name,p1_0.name,p1_0.status,p1_0.unit from product p1_0 where p1_0.product_id=?
Hibernate: select o1_0.order_id,o2_0.order_id,c1_0.cust_id,c1_0.address,c1_0.email,c1_0.cust_name,c1_0.phone,o2_0.employee_id,e1_0.emp_id,e1_0.address,e1_0.dob,e1_0.email,e1_0.full_name,e1_0.phone,e1_0.status,o2_0.order_date,o1_0.product_id,p1_0.product_id,p1_0.description,p1_0.manufacturer_name,p1_0.name,p1_0.status,p1_0.unit,p2_0.product_id,p2_0.image_id,p2_0.alternative,p2_0.path,o1_0.note,o1_0.price,o1_0.quantity from order_detail o1_0 join orders o2_0 on o2_0.order_id=o1_0.order_id left join customer c1_0 on c1_0.cust_id=o2_0.cust_id left join employee e1_0 on e1_0.emp_id=o2_0.employee_id join product p1_0 on p1_0.product_id=o1_0.product_id left join product_image p2_0 on p1_0.product_id=p2_0.product_id where (o1_0.order_id,o1_0.product_id) in ((?,?))
Hibernate: select o1_0.order_id,c1_0.cust_id,c1_0.address,c1_0.email,c1_0.cust_name,c1_0.phone,o1_0.employee_id,e1_0.emp_id,e1_0.address,e1_0.dob,e1_0.email,e1_0.full_name,e1_0.phone,e1_0.status,o1_0.order_date,o2_0.order_id,o2_0.product_id,p1_0.product_id,p1_0.description,p1_0.manufacturer_name,p1_0.name,p1_0.status,p1_0.unit,o2_0.note,o2_0.price,o2_0.quantity from orders o1_0 left join customer c1_0 on c1_0.cust_id=o1_0.cust_id join employee e1_0 on e1_0.emp_id=o1_0.employee_id left join order_detail o2_0 on o1_0.order_id=o2_0.order_id left join product p1_0 on p1_0.product_id=o2_0.product_id where o1_0.order_id=?
Hibernate: select p1_0.product_id,p1_0.price_date_time,p1_0.note,p1_0.price from product_price p1_0 where p1_0.product_id=?
Hibernate: select p1_0.product_id,p1_0.image_id,p1_0.alternative,p1_0.path from product_image p1_0 where p1_0.product_id=?
Hibernate: select o1_0.product_id,o1_0.order_id,o2_0.order_id,c1_0.cust_id,c1_0.address,c1_0.email,c1_0.cust_name,c1_0.phone,o2_0.employee_id,e1_0.emp_id,e1_0.address,e1_0.dob,e1_0.email,e1_0.full_name,e1_0.phone,e1_0.status,o2_0.order_date,o1_0.note,o1_0.price,o1_0.quantity from order_detail o1_0 join orders o2_0 on o2_0.order_id=o1_0.order_id left join customer c1_0 on c1_0.cust_id=o2_0.cust_id left join employee e1_0 on e1_0.emp_id=o2_0.employee_id where o1_0.product_id=?
Hibernate: select p1_0.product_id,p1_0.price_date_time,p1_0.note,p1_0.price from product_price p1_0 where p1_0.product_id=?
Hibernate: select p1_0.product_id,p1_0.image_id,p1_0.alternative,p1_0.path from product_image p1_0 where p1_0.product_id=?
Hibernate: select o1_0.product_id,o1_0.order_id,o2_0.order_id,c1_0.cust_id,c1_0.address,c1_0.email,c1_0.cust_name,c1_0.phone,o2_0.employee_id,e1_0.emp_id,e1_0.address,e1_0.dob,e1_0.email,e1_0.full_name,e1_0.phone,e1_0.status,o2_0.order_date,o1_0.note,o1_0.price,o1_0.quantity from order_detail o1_0 join orders o2_0 on o2_0.order_id=o1_0.order_id left join customer c1_0 on c1_0.cust_id=o2_0.cust_id left join employee e1_0 on e1_0.emp_id=o2_0.employee_id where o1_0.product_id=?
Hibernate: select l1_0.employee_id,l1_0.order_id,c1_0.cust_id,c1_0.address,c1_0.email,c1_0.cust_name,c1_0.phone,l1_0.order_date from orders l1_0 left join customer c1_0 on c1_0.cust_id=l1_0.cust_id where l1_0.employee_id=?
Hibernate: select p1_0.product_id,p1_0.description,p1_0.manufacturer_name,p1_0.name,p1_0.status,p1_0.unit,o1_0.product_id,o1_0.order_id,o2_0.order_id,c1_0.cust_id,c1_0.address,c1_0.email,c1_0.cust_name,c1_0.phone,o2_0.employee_id,e1_0.emp_id,e1_0.address,e1_0.dob,e1_0.email,e1_0.full_name,e1_0.phone,e1_0.status,o2_0.order_date,o1_0.note,o1_0.price,o1_0.quantity from product p1_0 left join order_detail o1_0 on p1_0.product_id=o1_0.product_id left join orders o2_0 on o2_0.order_id=o1_0.order_id left join customer c1_0 on c1_0.cust_id=o2_0.cust_id left join employee e1_0 on e1_0.emp_id=o2_0.employee_id where p1_0.product_id=?
Hibernate: select o1_0.order_id,o1_0.product_id,p1_0.product_id,p1_0.description,p1_0.manufacturer_name,p1_0.name,p1_0.status,p1_0.unit,o1_0.note,o1_0.price,o1_0.quantity from order_detail o1_0 join product p1_0 on p1_0.product_id=o1_0.product_id where o1_0.order_id=?
Hibernate: select o1_0.order_id,o1_0.product_id,p1_0.product_id,p1_0.description,p1_0.manufacturer_name,p1_0.name,p1_0.status,p1_0.unit,o1_0.note,o1_0.price,o1_0.quantity from order_detail o1_0 join product p1_0 on p1_0.product_id=o1_0.product_id where o1_0.order_id=?
Hibernate: select o1_0.order_id,o1_0.product_id,p1_0.product_id,p1_0.description,p1_0.manufacturer_name,p1_0.name,p1_0.status,p1_0.unit,o1_0.note,o1_0.price,o1_0.quantity from order_detail o1_0 join product p1_0 on p1_0.product_id=o1_0.product_id where o1_0.order_id=?
Hibernate: select o1_0.order_id,o1_0.product_id,p1_0.product_id,p1_0.description,p1_0.manufacturer_name,p1_0.name,p1_0.status,p1_0.unit,o1_0.note,o1_0.price,o1_0.quantity from order_detail o1_0 join product p1_0 on p1_0.product_id=o1_0.product_id where o1_0.order_id=?
Hibernate: select o1_0.order_id,o1_0.product_id,p1_0.product_id,p1_0.description,p1_0.manufacturer_name,p1_0.name,p1_0.status,p1_0.unit,o1_0.note,o1_0.price,o1_0.quantity from order_detail o1_0 join product p1_0 on p1_0.product_id=o1_0.product_id where o1_0.order_id=?
Hibernate: select o1_0.order_id,o1_0.product_id,p1_0.product_id,p1_0.description,p1_0.manufacturer_name,p1_0.name,p1_0.status,p1_0.unit,o1_0.note,o1_0.price,o1_0.quantity from order_detail o1_0 join product p1_0 on p1_0.product_id=o1_0.product_id where o1_0.order_id=?
Hibernate: select o1_0.order_id,o1_0.product_id,p1_0.product_id,p1_0.description,p1_0.manufacturer_name,p1_0.name,p1_0.status,p1_0.unit,o1_0.note,o1_0.price,o1_0.quantity from order_detail o1_0 join product p1_0 on p1_0.product_id=o1_0.product_id where o1_0.order_id=?
Hibernate: select o1_0.order_id,o1_0.product_id,p1_0.product_id,p1_0.description,p1_0.manufacturer_name,p1_0.name,p1_0.status,p1_0.unit,o1_0.note,o1_0.price,o1_0.quantity from order_detail o1_0 join product p1_0 on p1_0.product_id=o1_0.product_id where o1_0.order_id=?
Hibernate: select o1_0.order_id,o1_0.product_id,p1_0.product_id,p1_0.description,p1_0.manufacturer_name,p1_0.name,p1_0.status,p1_0.unit,o1_0.note,o1_0.price,o1_0.quantity from order_detail o1_0 join product p1_0 on p1_0.product_id=o1_0.product_id where o1_0.order_id=?
Hibernate: select o1_0.order_id,o1_0.product_id,p1_0.product_id,p1_0.description,p1_0.manufacturer_name,p1_0.name,p1_0.status,p1_0.unit,o1_0.note,o1_0.price,o1_0.quantity from order_detail o1_0 join product p1_0 on p1_0.product_id=o1_0.product_id where o1_0.order_id=?
Hibernate: select o1_0.order_id,o1_0.product_id,p1_0.product_id,p1_0.description,p1_0.manufacturer_name,p1_0.name,p1_0.status,p1_0.unit,o1_0.note,o1_0.price,o1_0.quantity from order_detail o1_0 join product p1_0 on p1_0.product_id=o1_0.product_id where o1_0.order_id=?
Hibernate: select p1_0.product_id,p1_0.price_date_time,p1_0.note,p1_0.price from product_price p1_0 where p1_0.product_id=?
Hibernate: select p1_0.product_id,p1_0.image_id,p1_0.alternative,p1_0.path from product_image p1_0 where p1_0.product_id=?
Hibernate: select o1_0.order_id,o1_0.product_id,p1_0.product_id,p1_0.description,p1_0.manufacturer_name,p1_0.name,p1_0.status,p1_0.unit,o1_0.note,o1_0.price,o1_0.quantity from order_detail o1_0 join product p1_0 on p1_0.product_id=o1_0.product_id where o1_0.order_id=?
Hibernate: insert into order_detail (note,price,quantity,order_id,product_id) values (?,?,?,?,?)
Hibernate: select e1_0.emp_id,e1_0.address,e1_0.dob,e1_0.email,e1_0.full_name,e1_0.phone,e1_0.status from employee e1_0 where e1_0.emp_id=?
Hibernate: select c1_0.cust_id,c1_0.address,c1_0.email,c1_0.cust_name,c1_0.phone from customer c1_0 where c1_0.cust_id=?
Hibernate: select o1_0.order_id,c1_0.cust_id,c1_0.address,c1_0.email,c1_0.cust_name,c1_0.phone,o1_0.employee_id,e1_0.emp_id,e1_0.address,e1_0.dob,e1_0.email,e1_0.full_name,e1_0.phone,e1_0.status,o1_0.order_date,o2_0.order_id,o2_0.product_id,p1_0.product_id,p1_0.description,p1_0.manufacturer_name,p1_0.name,p1_0.status,p1_0.unit,o2_0.note,o2_0.price,o2_0.quantity from orders o1_0 left join customer c1_0 on c1_0.cust_id=o1_0.cust_id join employee e1_0 on e1_0.emp_id=o1_0.employee_id left join order_detail o2_0 on o1_0.order_id=o2_0.order_id left join product p1_0 on p1_0.product_id=o2_0.product_id where o1_0.order_id=?
Hibernate: select c1_0.cust_id,c1_0.address,c1_0.email,c1_0.cust_name,c1_0.phone from customer c1_0 where c1_0.cust_id=?
Hibernate: select e1_0.emp_id,e1_0.address,e1_0.dob,e1_0.email,e1_0.full_name,e1_0.phone,e1_0.status from employee e1_0 where e1_0.emp_id=?
Hibernate: insert into orders (cust_id,employee_id,order_date,order_id) values (?,?,?,default)
Hibernate: select p1_0.product_id,p1_0.description,p1_0.manufacturer_name,p1_0.name,p1_0.status,p1_0.unit from product p1_0 where p1_0.product_id=?
Hibernate: select o1_0.order_id,o2_0.order_id,c1_0.cust_id,c1_0.address,c1_0.email,c1_0.cust_name,c1_0.phone,o2_0.employee_id,e1_0.emp_id,e1_0.address,e1_0.dob,e1_0.email,e1_0.full_name,e1_0.phone,e1_0.status,o2_0.order_date,o1_0.product_id,p1_0.product_id,p1_0.description,p1_0.manufacturer_name,p1_0.name,p1_0.status,p1_0.unit,p2_0.product_id,p2_0.image_id,p2_0.alternative,p2_0.path,o1_0.note,o1_0.price,o1_0.quantity from order_detail o1_0 join orders o2_0 on o2_0.order_id=o1_0.order_id left join customer c1_0 on c1_0.cust_id=o2_0.cust_id left join employee e1_0 on e1_0.emp_id=o2_0.employee_id join product p1_0 on p1_0.product_id=o1_0.product_id left join product_image p2_0 on p1_0.product_id=p2_0.product_id where (o1_0.order_id,o1_0.product_id) in ((?,?))
Hibernate: select o1_0.order_id,c1_0.cust_id,c1_0.address,c1_0.email,c1_0.cust_name,c1_0.phone,o1_0.employee_id,e1_0.emp_id,e1_0.address,e1_0.dob,e1_0.email,e1_0.full_name,e1_0.phone,e1_0.status,o1_0.order_date,o2_0.order_id,o2_0.product_id,p1_0.product_id,p1_0.description,p1_0.manufacturer_name,p1_0.name,p1_0.status,p1_0.unit,o2_0.note,o2_0.price,o2_0.quantity from orders o1_0 left join customer c1_0 on c1_0.cust_id=o1_0.cust_id join employee e1_0 on e1_0.emp_id=o1_0.employee_id left join order_detail o2_0 on o1_0.order_id=o2_0.order_id left join product p1_0 on p1_0.product_id=o2_0.product_id where o1_0.order_id=?
Hibernate: select l1_0.employee_id,l1_0.order_id,c1_0.cust_id,c1_0.address,c1_0.email,c1_0.cust_name,c1_0.phone,l1_0.order_date from orders l1_0 left join customer c1_0 on c1_0.cust_id=l1_0.cust_id where l1_0.employee_id=?
Hibernate: select p1_0.product_id,p1_0.description,p1_0.manufacturer_name,p1_0.name,p1_0.status,p1_0.unit,o1_0.product_id,o1_0.order_id,o2_0.order_id,c1_0.cust_id,c1_0.address,c1_0.email,c1_0.cust_name,c1_0.phone,o2_0.employee_id,e1_0.emp_id,e1_0.address,e1_0.dob,e1_0.email,e1_0.full_name,e1_0.phone,e1_0.status,o2_0.order_date,o1_0.note,o1_0.price,o1_0.quantity from product p1_0 left join order_detail o1_0 on p1_0.product_id=o1_0.product_id left join orders o2_0 on o2_0.order_id=o1_0.order_id left join customer c1_0 on c1_0.cust_id=o2_0.cust_id left join employee e1_0 on e1_0.emp_id=o2_0.employee_id where p1_0.product_id=?
Hibernate: select o1_0.order_id,o1_0.product_id,p1_0.product_id,p1_0.description,p1_0.manufacturer_name,p1_0.name,p1_0.status,p1_0.unit,o1_0.note,o1_0.price,o1_0.quantity from order_detail o1_0 join product p1_0 on p1_0.product_id=o1_0.product_id where o1_0.order_id=?
Hibernate: select o1_0.order_id,o1_0.product_id,p1_0.product_id,p1_0.description,p1_0.manufacturer_name,p1_0.name,p1_0.status,p1_0.unit,o1_0.note,o1_0.price,o1_0.quantity from order_detail o1_0 join product p1_0 on p1_0.product_id=o1_0.product_id where o1_0.order_id=?
Hibernate: select l1_0.employee_id,l1_0.order_id,c1_0.cust_id,c1_0.address,c1_0.email,c1_0.cust_name,c1_0.phone,l1_0.order_date from orders l1_0 left join customer c1_0 on c1_0.cust_id=l1_0.cust_id where l1_0.employee_id=?
Hibernate: select o1_0.order_id,o1_0.product_id,p1_0.product_id,p1_0.description,p1_0.manufacturer_name,p1_0.name,p1_0.status,p1_0.unit,o1_0.note,o1_0.price,o1_0.quantity from order_detail o1_0 join product p1_0 on p1_0.product_id=o1_0.product_id where o1_0.order_id=?
Hibernate: select o1_0.order_id,o1_0.product_id,p1_0.product_id,p1_0.description,p1_0.manufacturer_name,p1_0.name,p1_0.status,p1_0.unit,o1_0.note,o1_0.price,o1_0.quantity from order_detail o1_0 join product p1_0 on p1_0.product_id=o1_0.product_id where o1_0.order_id=?
Hibernate: select l1_0.employee_id,l1_0.order_id,c1_0.cust_id,c1_0.address,c1_0.email,c1_0.cust_name,c1_0.phone,l1_0.order_date from orders l1_0 left join customer c1_0 on c1_0.cust_id=l1_0.cust_id where l1_0.employee_id=?
Hibernate: select o1_0.order_id,o1_0.product_id,p1_0.product_id,p1_0.description,p1_0.manufacturer_name,p1_0.name,p1_0.status,p1_0.unit,o1_0.note,o1_0.price,o1_0.quantity from order_detail o1_0 join product p1_0 on p1_0.product_id=o1_0.product_id where o1_0.order_id=?
Hibernate: select o1_0.order_id,o1_0.product_id,p1_0.product_id,p1_0.description,p1_0.manufacturer_name,p1_0.name,p1_0.status,p1_0.unit,o1_0.note,o1_0.price,o1_0.quantity from order_detail o1_0 join product p1_0 on p1_0.product_id=o1_0.product_id where o1_0.order_id=?
Hibernate: select l1_0.employee_id,l1_0.order_id,c1_0.cust_id,c1_0.address,c1_0.email,c1_0.cust_name,c1_0.phone,l1_0.order_date from orders l1_0 left join customer c1_0 on c1_0.cust_id=l1_0.cust_id where l1_0.employee_id=?
Hibernate: select p1_0.product_id,p1_0.price_date_time,p1_0.note,p1_0.price from product_price p1_0 where p1_0.product_id=?
Hibernate: select p1_0.product_id,p1_0.image_id,p1_0.alternative,p1_0.path from product_image p1_0 where p1_0.product_id=?
Hibernate: select o1_0.order_id,o1_0.product_id,p1_0.product_id,p1_0.description,p1_0.manufacturer_name,p1_0.name,p1_0.status,p1_0.unit,o1_0.note,o1_0.price,o1_0.quantity from order_detail o1_0 join product p1_0 on p1_0.product_id=o1_0.product_id where o1_0.order_id=?
Hibernate: select l1_0.employee_id,l1_0.order_id,c1_0.cust_id,c1_0.address,c1_0.email,c1_0.cust_name,c1_0.phone,l1_0.order_date from orders l1_0 left join customer c1_0 on c1_0.cust_id=l1_0.cust_id where l1_0.employee_id=?
Hibernate: insert into order_detail (note,price,quantity,order_id,product_id) values (?,?,?,?,?)
Hibernate: select p1_0.product_id,p1_0.description,p1_0.manufacturer_name,p1_0.name,p1_0.status,p1_0.unit from product p1_0 where p1_0.product_id=?
Hibernate: select o1_0.order_id,o2_0.order_id,c1_0.cust_id,c1_0.address,c1_0.email,c1_0.cust_name,c1_0.phone,o2_0.employee_id,e1_0.emp_id,e1_0.address,e1_0.dob,e1_0.email,e1_0.full_name,e1_0.phone,e1_0.status,o2_0.order_date,o1_0.product_id,p1_0.product_id,p1_0.description,p1_0.manufacturer_name,p1_0.name,p1_0.status,p1_0.unit,p2_0.product_id,p2_0.image_id,p2_0.alternative,p2_0.path,o1_0.note,o1_0.price,o1_0.quantity from order_detail o1_0 join orders o2_0 on o2_0.order_id=o1_0.order_id left join customer c1_0 on c1_0.cust_id=o2_0.cust_id left join employee e1_0 on e1_0.emp_id=o2_0.employee_id join product p1_0 on p1_0.product_id=o1_0.product_id left join product_image p2_0 on p1_0.product_id=p2_0.product_id where (o1_0.order_id,o1_0.product_id) in ((?,?))
Hibernate: select o1_0.order_id,c1_0.cust_id,c1_0.address,c1_0.email,c1_0.cust_name,c1_0.phone,o1_0.employee_id,e1_0.emp_id,e1_0.address,e1_0.dob,e1_0.email,e1_0.full_name,e1_0.phone,e1_0.status,o1_0.order_date,o2_0.order_id,o2_0.product_id,p1_0.product_id,p1_0.description,p1_0.manufacturer_name,p1_0.name,p1_0.status,p1_0.unit,o2_0.note,o2_0.price,o2_0.quantity from orders o1_0 left join customer c1_0 on c1_0.cust_id=o1_0.cust_id join employee e1_0 on e1_0.emp_id=o1_0.employee_id left join order_detail o2_0 on o1_0.order_id=o2_0.order_id left join product p1_0 on p1_0.product_id=o2_0.product_id where o1_0.order_id=?
Hibernate: select p1_0.product_id,p1_0.price_date_time,p1_0.note,p1_0.price from product_price p1_0 where p1_0.product_id=?
Hibernate: select p1_0.product_id,p1_0.image_id,p1_0.alternative,p1_0.path from product_image p1_0 where p1_0.product_id=?
Hibernate: select o1_0.product_id,o1_0.order_id,o2_0.order_id,c1_0.cust_id,c1_0.address,c1_0.email,c1_0.cust_name,c1_0.phone,o2_0.employee_id,e1_0.emp_id,e1_0.address,e1_0.dob,e1_0.email,e1_0.full_name,e1_0.phone,e1_0.status,o2_0.order_date,o1_0.note,o1_0.price,o1_0.quantity from order_detail o1_0 join orders o2_0 on o2_0.order_id=o1_0.order_id left join customer c1_0 on c1_0.cust_id=o2_0.cust_id left join employee e1_0 on e1_0.emp_id=o2_0.employee_id where o1_0.product_id=?
Hibernate: select l1_0.employee_id,l1_0.order_id,c1_0.cust_id,c1_0.address,c1_0.email,c1_0.cust_name,c1_0.phone,l1_0.order_date from orders l1_0 left join customer c1_0 on c1_0.cust_id=l1_0.cust_id where l1_0.employee_id=?
Hibernate: select p1_0.product_id,p1_0.description,p1_0.manufacturer_name,p1_0.name,p1_0.status,p1_0.unit,o1_0.product_id,o1_0.order_id,o2_0.order_id,c1_0.cust_id,c1_0.address,c1_0.email,c1_0.cust_name,c1_0.phone,o2_0.employee_id,e1_0.emp_id,e1_0.address,e1_0.dob,e1_0.email,e1_0.full_name,e1_0.phone,e1_0.status,o2_0.order_date,o1_0.note,o1_0.price,o1_0.quantity from product p1_0 left join order_detail o1_0 on p1_0.product_id=o1_0.product_id left join orders o2_0 on o2_0.order_id=o1_0.order_id left join customer c1_0 on c1_0.cust_id=o2_0.cust_id left join employee e1_0 on e1_0.emp_id=o2_0.employee_id where p1_0.product_id=?
Hibernate: select o1_0.order_id,o1_0.product_id,p1_0.product_id,p1_0.description,p1_0.manufacturer_name,p1_0.name,p1_0.status,p1_0.unit,o1_0.note,o1_0.price,o1_0.quantity from order_detail o1_0 join product p1_0 on p1_0.product_id=o1_0.product_id where o1_0.order_id=?
Hibernate: select o1_0.order_id,o1_0.product_id,p1_0.product_id,p1_0.description,p1_0.manufacturer_name,p1_0.name,p1_0.status,p1_0.unit,o1_0.note,o1_0.price,o1_0.quantity from order_detail o1_0 join product p1_0 on p1_0.product_id=o1_0.product_id where o1_0.order_id=?
Hibernate: select o1_0.order_id,o1_0.product_id,p1_0.product_id,p1_0.description,p1_0.manufacturer_name,p1_0.name,p1_0.status,p1_0.unit,o1_0.note,o1_0.price,o1_0.quantity from order_detail o1_0 join product p1_0 on p1_0.product_id=o1_0.product_id where o1_0.order_id=?
Hibernate: select o1_0.order_id,o1_0.product_id,p1_0.product_id,p1_0.description,p1_0.manufacturer_name,p1_0.name,p1_0.status,p1_0.unit,o1_0.note,o1_0.price,o1_0.quantity from order_detail o1_0 join product p1_0 on p1_0.product_id=o1_0.product_id where o1_0.order_id=?
Hibernate: select o1_0.order_id,o1_0.product_id,p1_0.product_id,p1_0.description,p1_0.manufacturer_name,p1_0.name,p1_0.status,p1_0.unit,o1_0.note,o1_0.price,o1_0.quantity from order_detail o1_0 join product p1_0 on p1_0.product_id=o1_0.product_id where o1_0.order_id=?
Hibernate: select o1_0.order_id,o1_0.product_id,p1_0.product_id,p1_0.description,p1_0.manufacturer_name,p1_0.name,p1_0.status,p1_0.unit,o1_0.note,o1_0.price,o1_0.quantity from order_detail o1_0 join product p1_0 on p1_0.product_id=o1_0.product_id where o1_0.order_id=?
Hibernate: select p1_0.product_id,p1_0.price_date_time,p1_0.note,p1_0.price from product_price p1_0 where p1_0.product_id=?
Hibernate: select p1_0.product_id,p1_0.image_id,p1_0.alternative,p1_0.path from product_image p1_0 where p1_0.product_id=?
Hibernate: select o1_0.order_id,o1_0.product_id,p1_0.product_id,p1_0.description,p1_0.manufacturer_name,p1_0.name,p1_0.status,p1_0.unit,o1_0.note,o1_0.price,o1_0.quantity from order_detail o1_0 join product p1_0 on p1_0.product_id=o1_0.product_id where o1_0.order_id=?
Hibernate: select l1_0.employee_id,l1_0.order_id,c1_0.cust_id,c1_0.address,c1_0.email,c1_0.cust_name,c1_0.phone,l1_0.order_date from orders l1_0 left join customer c1_0 on c1_0.cust_id=l1_0.cust_id where l1_0.employee_id=?
Hibernate: insert into order_detail (note,price,quantity,order_id,product_id) values (?,?,?,?,?)
Hibernate: select p1_0.product_id,p1_0.description,p1_0.manufacturer_name,p1_0.name,p1_0.status,p1_0.unit from product p1_0 where p1_0.product_id=?
Hibernate: select o1_0.order_id,o2_0.order_id,c1_0.cust_id,c1_0.address,c1_0.email,c1_0.cust_name,c1_0.phone,o2_0.employee_id,e1_0.emp_id,e1_0.address,e1_0.dob,e1_0.email,e1_0.full_name,e1_0.phone,e1_0.status,o2_0.order_date,o1_0.product_id,p1_0.product_id,p1_0.description,p1_0.manufacturer_name,p1_0.name,p1_0.status,p1_0.unit,p2_0.product_id,p2_0.image_id,p2_0.alternative,p2_0.path,o1_0.note,o1_0.price,o1_0.quantity from order_detail o1_0 join orders o2_0 on o2_0.order_id=o1_0.order_id left join customer c1_0 on c1_0.cust_id=o2_0.cust_id left join employee e1_0 on e1_0.emp_id=o2_0.employee_id join product p1_0 on p1_0.product_id=o1_0.product_id left join product_image p2_0 on p1_0.product_id=p2_0.product_id where (o1_0.order_id,o1_0.product_id) in ((?,?))
Hibernate: select o1_0.order_id,c1_0.cust_id,c1_0.address,c1_0.email,c1_0.cust_name,c1_0.phone,o1_0.employee_id,e1_0.emp_id,e1_0.address,e1_0.dob,e1_0.email,e1_0.full_name,e1_0.phone,e1_0.status,o1_0.order_date,o2_0.order_id,o2_0.product_id,p1_0.product_id,p1_0.description,p1_0.manufacturer_name,p1_0.name,p1_0.status,p1_0.unit,o2_0.note,o2_0.price,o2_0.quantity from orders o1_0 left join customer c1_0 on c1_0.cust_id=o1_0.cust_id join employee e1_0 on e1_0.emp_id=o1_0.employee_id left join order_detail o2_0 on o1_0.order_id=o2_0.order_id left join product p1_0 on p1_0.product_id=o2_0.product_id where o1_0.order_id=?
Hibernate: select p1_0.product_id,p1_0.price_date_time,p1_0.note,p1_0.price from product_price p1_0 where p1_0.product_id=?
Hibernate: select p1_0.product_id,p1_0.image_id,p1_0.alternative,p1_0.path from product_image p1_0 where p1_0.product_id=?
Hibernate: select o1_0.product_id,o1_0.order_id,o2_0.order_id,c1_0.cust_id,c1_0.address,c1_0.email,c1_0.cust_name,c1_0.phone,o2_0.employee_id,e1_0.emp_id,e1_0.address,e1_0.dob,e1_0.email,e1_0.full_name,e1_0.phone,e1_0.status,o2_0.order_date,o1_0.note,o1_0.price,o1_0.quantity from order_detail o1_0 join orders o2_0 on o2_0.order_id=o1_0.order_id left join customer c1_0 on c1_0.cust_id=o2_0.cust_id left join employee e1_0 on e1_0.emp_id=o2_0.employee_id where o1_0.product_id=?
Hibernate: select p1_0.product_id,p1_0.price_date_time,p1_0.note,p1_0.price from product_price p1_0 where p1_0.product_id=?
Hibernate: select p1_0.product_id,p1_0.image_id,p1_0.alternative,p1_0.path from product_image p1_0 where p1_0.product_id=?
Hibernate: select o1_0.product_id,o1_0.order_id,o2_0.order_id,c1_0.cust_id,c1_0.address,c1_0.email,c1_0.cust_name,c1_0.phone,o2_0.employee_id,e1_0.emp_id,e1_0.address,e1_0.dob,e1_0.email,e1_0.full_name,e1_0.phone,e1_0.status,o2_0.order_date,o1_0.note,o1_0.price,o1_0.quantity from order_detail o1_0 join orders o2_0 on o2_0.order_id=o1_0.order_id left join customer c1_0 on c1_0.cust_id=o2_0.cust_id left join employee e1_0 on e1_0.emp_id=o2_0.employee_id where o1_0.product_id=?
Hibernate: select l1_0.employee_id,l1_0.order_id,c1_0.cust_id,c1_0.address,c1_0.email,c1_0.cust_name,c1_0.phone,l1_0.order_date from orders l1_0 left join customer c1_0 on c1_0.cust_id=l1_0.cust_id where l1_0.employee_id=?
Hibernate: select p1_0.product_id,p1_0.description,p1_0.manufacturer_name,p1_0.name,p1_0.status,p1_0.unit,o1_0.product_id,o1_0.order_id,o2_0.order_id,c1_0.cust_id,c1_0.address,c1_0.email,c1_0.cust_name,c1_0.phone,o2_0.employee_id,e1_0.emp_id,e1_0.address,e1_0.dob,e1_0.email,e1_0.full_name,e1_0.phone,e1_0.status,o2_0.order_date,o1_0.note,o1_0.price,o1_0.quantity from product p1_0 left join order_detail o1_0 on p1_0.product_id=o1_0.product_id left join orders o2_0 on o2_0.order_id=o1_0.order_id left join customer c1_0 on c1_0.cust_id=o2_0.cust_id left join employee e1_0 on e1_0.emp_id=o2_0.employee_id where p1_0.product_id=?
Hibernate: select o1_0.order_id,o1_0.product_id,p1_0.product_id,p1_0.description,p1_0.manufacturer_name,p1_0.name,p1_0.status,p1_0.unit,o1_0.note,o1_0.price,o1_0.quantity from order_detail o1_0 join product p1_0 on p1_0.product_id=o1_0.product_id where o1_0.order_id=?
Hibernate: select o1_0.order_id,o1_0.product_id,p1_0.product_id,p1_0.description,p1_0.manufacturer_name,p1_0.name,p1_0.status,p1_0.unit,o1_0.note,o1_0.price,o1_0.quantity from order_detail o1_0 join product p1_0 on p1_0.product_id=o1_0.product_id where o1_0.order_id=?
Hibernate: select o1_0.order_id,o1_0.product_id,p1_0.product_id,p1_0.description,p1_0.manufacturer_name,p1_0.name,p1_0.status,p1_0.unit,o1_0.note,o1_0.price,o1_0.quantity from order_detail o1_0 join product p1_0 on p1_0.product_id=o1_0.product_id where o1_0.order_id=?
Hibernate: select o1_0.order_id,o1_0.product_id,p1_0.product_id,p1_0.description,p1_0.manufacturer_name,p1_0.name,p1_0.status,p1_0.unit,o1_0.note,o1_0.price,o1_0.quantity from order_detail o1_0 join product p1_0 on p1_0.product_id=o1_0.product_id where o1_0.order_id=?
Hibernate: select o1_0.order_id,o1_0.product_id,p1_0.product_id,p1_0.description,p1_0.manufacturer_name,p1_0.name,p1_0.status,p1_0.unit,o1_0.note,o1_0.price,o1_0.quantity from order_detail o1_0 join product p1_0 on p1_0.product_id=o1_0.product_id where o1_0.order_id=?
Hibernate: select o1_0.order_id,o1_0.product_id,p1_0.product_id,p1_0.description,p1_0.manufacturer_name,p1_0.name,p1_0.status,p1_0.unit,o1_0.note,o1_0.price,o1_0.quantity from order_detail o1_0 join product p1_0 on p1_0.product_id=o1_0.product_id where o1_0.order_id=?
Hibernate: select o1_0.order_id,o1_0.product_id,p1_0.product_id,p1_0.description,p1_0.manufacturer_name,p1_0.name,p1_0.status,p1_0.unit,o1_0.note,o1_0.price,o1_0.quantity from order_detail o1_0 join product p1_0 on p1_0.product_id=o1_0.product_id where o1_0.order_id=?
Hibernate: select p1_0.product_id,p1_0.price_date_time,p1_0.note,p1_0.price from product_price p1_0 where p1_0.product_id=?
Hibernate: select p1_0.product_id,p1_0.image_id,p1_0.alternative,p1_0.path from product_image p1_0 where p1_0.product_id=?
Hibernate: select o1_0.order_id,o1_0.product_id,p1_0.product_id,p1_0.description,p1_0.manufacturer_name,p1_0.name,p1_0.status,p1_0.unit,o1_0.note,o1_0.price,o1_0.quantity from order_detail o1_0 join product p1_0 on p1_0.product_id=o1_0.product_id where o1_0.order_id=?
Hibernate: select l1_0.employee_id,l1_0.order_id,c1_0.cust_id,c1_0.address,c1_0.email,c1_0.cust_name,c1_0.phone,l1_0.order_date from orders l1_0 left join customer c1_0 on c1_0.cust_id=l1_0.cust_id where l1_0.employee_id=?
Hibernate: insert into order_detail (note,price,quantity,order_id,product_id) values (?,?,?,?,?)
Hibernate: select e1_0.emp_id,e1_0.address,e1_0.dob,e1_0.email,e1_0.full_name,e1_0.phone,e1_0.status from employee e1_0 where e1_0.emp_id=?
Hibernate: select c1_0.cust_id,c1_0.address,c1_0.email,c1_0.cust_name,c1_0.phone from customer c1_0 where c1_0.cust_id=?
Hibernate: select o1_0.order_id,c1_0.cust_id,c1_0.address,c1_0.email,c1_0.cust_name,c1_0.phone,o1_0.employee_id,e1_0.emp_id,e1_0.address,e1_0.dob,e1_0.email,e1_0.full_name,e1_0.phone,e1_0.status,o1_0.order_date,o2_0.order_id,o2_0.product_id,p1_0.product_id,p1_0.description,p1_0.manufacturer_name,p1_0.name,p1_0.status,p1_0.unit,o2_0.note,o2_0.price,o2_0.quantity from orders o1_0 left join customer c1_0 on c1_0.cust_id=o1_0.cust_id join employee e1_0 on e1_0.emp_id=o1_0.employee_id left join order_detail o2_0 on o1_0.order_id=o2_0.order_id left join product p1_0 on p1_0.product_id=o2_0.product_id where o1_0.order_id=?
Hibernate: select c1_0.cust_id,c1_0.address,c1_0.email,c1_0.cust_name,c1_0.phone from customer c1_0 where c1_0.cust_id=?
Hibernate: select e1_0.emp_id,e1_0.address,e1_0.dob,e1_0.email,e1_0.full_name,e1_0.phone,e1_0.status from employee e1_0 where e1_0.emp_id=?
Hibernate: insert into orders (cust_id,employee_id,order_date,order_id) values (?,?,?,default)
Hibernate: select p1_0.product_id,p1_0.description,p1_0.manufacturer_name,p1_0.name,p1_0.status,p1_0.unit from product p1_0 where p1_0.product_id=?
Hibernate: select o1_0.order_id,o2_0.order_id,c1_0.cust_id,c1_0.address,c1_0.email,c1_0.cust_name,c1_0.phone,o2_0.employee_id,e1_0.emp_id,e1_0.address,e1_0.dob,e1_0.email,e1_0.full_name,e1_0.phone,e1_0.status,o2_0.order_date,o1_0.product_id,p1_0.product_id,p1_0.description,p1_0.manufacturer_name,p1_0.name,p1_0.status,p1_0.unit,p2_0.product_id,p2_0.image_id,p2_0.alternative,p2_0.path,o1_0.note,o1_0.price,o1_0.quantity from order_detail o1_0 join orders o2_0 on o2_0.order_id=o1_0.order_id left join customer c1_0 on c1_0.cust_id=o2_0.cust_id left join employee e1_0 on e1_0.emp_id=o2_0.employee_id join product p1_0 on p1_0.product_id=o1_0.product_id left join product_image p2_0 on p1_0.product_id=p2_0.product_id where (o1_0.order_id,o1_0.product_id) in ((?,?))
Hibernate: select o1_0.order_id,c1_0.cust_id,c1_0.address,c1_0.email,c1_0.cust_name,c1_0.phone,o1_0.employee_id,e1_0.emp_id,e1_0.address,e1_0.dob,e1_0.email,e1_0.full_name,e1_0.phone,e1_0.status,o1_0.order_date,o2_0.order_id,o2_0.product_id,p1_0.product_id,p1_0.description,p1_0.manufacturer_name,p1_0.name,p1_0.status,p1_0.unit,o2_0.note,o2_0.price,o2_0.quantity from orders o1_0 left join customer c1_0 on c1_0.cust_id=o1_0.cust_id join employee e1_0 on e1_0.emp_id=o1_0.employee_id left join order_detail o2_0 on o1_0.order_id=o2_0.order_id left join product p1_0 on p1_0.product_id=o2_0.product_id where o1_0.order_id=?
Hibernate: select l1_0.employee_id,l1_0.order_id,c1_0.cust_id,c1_0.address,c1_0.email,c1_0.cust_name,c1_0.phone,l1_0.order_date from orders l1_0 left join customer c1_0 on c1_0.cust_id=l1_0.cust_id where l1_0.employee_id=?
Hibernate: select p1_0.product_id,p1_0.description,p1_0.manufacturer_name,p1_0.name,p1_0.status,p1_0.unit,o1_0.product_id,o1_0.order_id,o2_0.order_id,c1_0.cust_id,c1_0.address,c1_0.email,c1_0.cust_name,c1_0.phone,o2_0.employee_id,e1_0.emp_id,e1_0.address,e1_0.dob,e1_0.email,e1_0.full_name,e1_0.phone,e1_0.status,o2_0.order_date,o1_0.note,o1_0.price,o1_0.quantity from product p1_0 left join order_detail o1_0 on p1_0.product_id=o1_0.product_id left join orders o2_0 on o2_0.order_id=o1_0.order_id left join customer c1_0 on c1_0.cust_id=o2_0.cust_id left join employee e1_0 on e1_0.emp_id=o2_0.employee_id where p1_0.product_id=?
Hibernate: select o1_0.order_id,o1_0.product_id,p1_0.product_id,p1_0.description,p1_0.manufacturer_name,p1_0.name,p1_0.status,p1_0.unit,o1_0.note,o1_0.price,o1_0.quantity from order_detail o1_0 join product p1_0 on p1_0.product_id=o1_0.product_id where o1_0.order_id=?
Hibernate: select o1_0.order_id,o1_0.product_id,p1_0.product_id,p1_0.description,p1_0.manufacturer_name,p1_0.name,p1_0.status,p1_0.unit,o1_0.note,o1_0.price,o1_0.quantity from order_detail o1_0 join product p1_0 on p1_0.product_id=o1_0.product_id where o1_0.order_id=?
Hibernate: select o1_0.order_id,o1_0.product_id,p1_0.product_id,p1_0.description,p1_0.manufacturer_name,p1_0.name,p1_0.status,p1_0.unit,o1_0.note,o1_0.price,o1_0.quantity from order_detail o1_0 join product p1_0 on p1_0.product_id=o1_0.product_id where o1_0.order_id=?
Hibernate: select l1_0.employee_id,l1_0.order_id,c1_0.cust_id,c1_0.address,c1_0.email,c1_0.cust_name,c1_0.phone,l1_0.order_date from orders l1_0 left join customer c1_0 on c1_0.cust_id=l1_0.cust_id where l1_0.employee_id=?
Hibernate: select o1_0.order_id,o1_0.product_id,p1_0.product_id,p1_0.description,p1_0.manufacturer_name,p1_0.name,p1_0.status,p1_0.unit,o1_0.note,o1_0.price,o1_0.quantity from order_detail o1_0 join product p1_0 on p1_0.product_id=o1_0.product_id where o1_0.order_id=?
Hibernate: select l1_0.employee_id,l1_0.order_id,c1_0.cust_id,c1_0.address,c1_0.email,c1_0.cust_name,c1_0.phone,l1_0.order_date from orders l1_0 left join customer c1_0 on c1_0.cust_id=l1_0.cust_id where l1_0.employee_id=?
Hibernate: select o1_0.order_id,o1_0.product_id,p1_0.product_id,p1_0.description,p1_0.manufacturer_name,p1_0.name,p1_0.status,p1_0.unit,o1_0.note,o1_0.price,o1_0.quantity from order_detail o1_0 join product p1_0 on p1_0.product_id=o1_0.product_id where o1_0.order_id=?
Hibernate: select l1_0.employee_id,l1_0.order_id,c1_0.cust_id,c1_0.address,c1_0.email,c1_0.cust_name,c1_0.phone,l1_0.order_date from orders l1_0 left join customer c1_0 on c1_0.cust_id=l1_0.cust_id where l1_0.employee_id=?
Hibernate: select p1_0.product_id,p1_0.price_date_time,p1_0.note,p1_0.price from product_price p1_0 where p1_0.product_id=?
Hibernate: select p1_0.product_id,p1_0.image_id,p1_0.alternative,p1_0.path from product_image p1_0 where p1_0.product_id=?
Hibernate: select o1_0.order_id,o1_0.product_id,p1_0.product_id,p1_0.description,p1_0.manufacturer_name,p1_0.name,p1_0.status,p1_0.unit,o1_0.note,o1_0.price,o1_0.quantity from order_detail o1_0 join product p1_0 on p1_0.product_id=o1_0.product_id where o1_0.order_id=?
Hibernate: select l1_0.employee_id,l1_0.order_id,c1_0.cust_id,c1_0.address,c1_0.email,c1_0.cust_name,c1_0.phone,l1_0.order_date from orders l1_0 left join customer c1_0 on c1_0.cust_id=l1_0.cust_id where l1_0.employee_id=?
Hibernate: insert into order_detail (note,price,quantity,order_id,product_id) values (?,?,?,?,?)
Hibernate: select p1_0.product_id,p1_0.description,p1_0.manufacturer_name,p1_0.name,p1_0.status,p1_0.unit from product p1_0 where p1_0.product_id=?
Hibernate: select o1_0.order_id,o2_0.order_id,c1_0.cust_id,c1_0.address,c1_0.email,c1_0.cust_name,c1_0.phone,o2_0.employee_id,e1_0.emp_id,e1_0.address,e1_0.dob,e1_0.email,e1_0.full_name,e1_0.phone,e1_0.status,o2_0.order_date,o1_0.product_id,p1_0.product_id,p1_0.description,p1_0.manufacturer_name,p1_0.name,p1_0.status,p1_0.unit,p2_0.product_id,p2_0.image_id,p2_0.alternative,p2_0.path,o1_0.note,o1_0.price,o1_0.quantity from order_detail o1_0 join orders o2_0 on o2_0.order_id=o1_0.order_id left join customer c1_0 on c1_0.cust_id=o2_0.cust_id left join employee e1_0 on e1_0.emp_id=o2_0.employee_id join product p1_0 on p1_0.product_id=o1_0.product_id left join product_image p2_0 on p1_0.product_id=p2_0.product_id where (o1_0.order_id,o1_0.product_id) in ((?,?))
Hibernate: select o1_0.order_id,c1_0.cust_id,c1_0.address,c1_0.email,c1_0.cust_name,c1_0.phone,o1_0.employee_id,e1_0.emp_id,e1_0.address,e1_0.dob,e1_0.email,e1_0.full_name,e1_0.phone,e1_0.status,o1_0.order_date,o2_0.order_id,o2_0.product_id,p1_0.product_id,p1_0.description,p1_0.manufacturer_name,p1_0.name,p1_0.status,p1_0.unit,o2_0.note,o2_0.price,o2_0.quantity from orders o1_0 left join customer c1_0 on c1_0.cust_id=o1_0.cust_id join employee e1_0 on e1_0.emp_id=o1_0.employee_id left join order_detail o2_0 on o1_0.order_id=o2_0.order_id left join product p1_0 on p1_0.product_id=o2_0.product_id where o1_0.order_id=?
Hibernate: select p1_0.product_id,p1_0.price_date_time,p1_0.note,p1_0.price from product_price p1_0 where p1_0.product_id=?
Hibernate: select p1_0.product_id,p1_0.image_id,p1_0.alternative,p1_0.path from product_image p1_0 where p1_0.product_id=?
Hibernate: select o1_0.product_id,o1_0.order_id,o2_0.order_id,c1_0.cust_id,c1_0.address,c1_0.email,c1_0.cust_name,c1_0.phone,o2_0.employee_id,e1_0.emp_id,e1_0.address,e1_0.dob,e1_0.email,e1_0.full_name,e1_0.phone,e1_0.status,o2_0.order_date,o1_0.note,o1_0.price,o1_0.quantity from order_detail o1_0 join orders o2_0 on o2_0.order_id=o1_0.order_id left join customer c1_0 on c1_0.cust_id=o2_0.cust_id left join employee e1_0 on e1_0.emp_id=o2_0.employee_id where o1_0.product_id=?
Hibernate: select l1_0.employee_id,l1_0.order_id,c1_0.cust_id,c1_0.address,c1_0.email,c1_0.cust_name,c1_0.phone,l1_0.order_date from orders l1_0 left join customer c1_0 on c1_0.cust_id=l1_0.cust_id where l1_0.employee_id=?
Hibernate: select p1_0.product_id,p1_0.description,p1_0.manufacturer_name,p1_0.name,p1_0.status,p1_0.unit,o1_0.product_id,o1_0.order_id,o2_0.order_id,c1_0.cust_id,c1_0.address,c1_0.email,c1_0.cust_name,c1_0.phone,o2_0.employee_id,e1_0.emp_id,e1_0.address,e1_0.dob,e1_0.email,e1_0.full_name,e1_0.phone,e1_0.status,o2_0.order_date,o1_0.note,o1_0.price,o1_0.quantity from product p1_0 left join order_detail o1_0 on p1_0.product_id=o1_0.product_id left join orders o2_0 on o2_0.order_id=o1_0.order_id left join customer c1_0 on c1_0.cust_id=o2_0.cust_id left join employee e1_0 on e1_0.emp_id=o2_0.employee_id where p1_0.product_id=?
Hibernate: select o1_0.order_id,o1_0.product_id,p1_0.product_id,p1_0.description,p1_0.manufacturer_name,p1_0.name,p1_0.status,p1_0.unit,o1_0.note,o1_0.price,o1_0.quantity from order_detail o1_0 join product p1_0 on p1_0.product_id=o1_0.product_id where o1_0.order_id=?
Hibernate: select o1_0.order_id,o1_0.product_id,p1_0.product_id,p1_0.description,p1_0.manufacturer_name,p1_0.name,p1_0.status,p1_0.unit,o1_0.note,o1_0.price,o1_0.quantity from order_detail o1_0 join product p1_0 on p1_0.product_id=o1_0.product_id where o1_0.order_id=?
Hibernate: select o1_0.order_id,o1_0.product_id,p1_0.product_id,p1_0.description,p1_0.manufacturer_name,p1_0.name,p1_0.status,p1_0.unit,o1_0.note,o1_0.price,o1_0.quantity from order_detail o1_0 join product p1_0 on p1_0.product_id=o1_0.product_id where o1_0.order_id=?
Hibernate: select p1_0.product_id,p1_0.price_date_time,p1_0.note,p1_0.price from product_price p1_0 where p1_0.product_id=?
Hibernate: select p1_0.product_id,p1_0.image_id,p1_0.alternative,p1_0.path from product_image p1_0 where p1_0.product_id=?
Hibernate: select o1_0.order_id,o1_0.product_id,p1_0.product_id,p1_0.description,p1_0.manufacturer_name,p1_0.name,p1_0.status,p1_0.unit,o1_0.note,o1_0.price,o1_0.quantity from order_detail o1_0 join product p1_0 on p1_0.product_id=o1_0.product_id where o1_0.order_id=?
Hibernate: select l1_0.employee_id,l1_0.order_id,c1_0.cust_id,c1_0.address,c1_0.email,c1_0.cust_name,c1_0.phone,l1_0.order_date from orders l1_0 left join customer c1_0 on c1_0.cust_id=l1_0.cust_id where l1_0.employee_id=?
Hibernate: insert into order_detail (note,price,quantity,order_id,product_id) values (?,?,?,?,?)
Hibernate: select p1_0.product_id,p1_0.description,p1_0.manufacturer_name,p1_0.name,p1_0.status,p1_0.unit from product p1_0 where p1_0.product_id=?
Hibernate: select o1_0.order_id,o2_0.order_id,c1_0.cust_id,c1_0.address,c1_0.email,c1_0.cust_name,c1_0.phone,o2_0.employee_id,e1_0.emp_id,e1_0.address,e1_0.dob,e1_0.email,e1_0.full_name,e1_0.phone,e1_0.status,o2_0.order_date,o1_0.product_id,p1_0.product_id,p1_0.description,p1_0.manufacturer_name,p1_0.name,p1_0.status,p1_0.unit,p2_0.product_id,p2_0.image_id,p2_0.alternative,p2_0.path,o1_0.note,o1_0.price,o1_0.quantity from order_detail o1_0 join orders o2_0 on o2_0.order_id=o1_0.order_id left join customer c1_0 on c1_0.cust_id=o2_0.cust_id left join employee e1_0 on e1_0.emp_id=o2_0.employee_id join product p1_0 on p1_0.product_id=o1_0.product_id left join product_image p2_0 on p1_0.product_id=p2_0.product_id where (o1_0.order_id,o1_0.product_id) in ((?,?))
Hibernate: select o1_0.order_id,c1_0.cust_id,c1_0.address,c1_0.email,c1_0.cust_name,c1_0.phone,o1_0.employee_id,e1_0.emp_id,e1_0.address,e1_0.dob,e1_0.email,e1_0.full_name,e1_0.phone,e1_0.status,o1_0.order_date,o2_0.order_id,o2_0.product_id,p1_0.product_id,p1_0.description,p1_0.manufacturer_name,p1_0.name,p1_0.status,p1_0.unit,o2_0.note,o2_0.price,o2_0.quantity from orders o1_0 left join customer c1_0 on c1_0.cust_id=o1_0.cust_id join employee e1_0 on e1_0.emp_id=o1_0.employee_id left join order_detail o2_0 on o1_0.order_id=o2_0.order_id left join product p1_0 on p1_0.product_id=o2_0.product_id where o1_0.order_id=?
Hibernate: select p1_0.product_id,p1_0.price_date_time,p1_0.note,p1_0.price from product_price p1_0 where p1_0.product_id=?
Hibernate: select p1_0.product_id,p1_0.image_id,p1_0.alternative,p1_0.path from product_image p1_0 where p1_0.product_id=?
Hibernate: select o1_0.product_id,o1_0.order_id,o2_0.order_id,c1_0.cust_id,c1_0.address,c1_0.email,c1_0.cust_name,c1_0.phone,o2_0.employee_id,e1_0.emp_id,e1_0.address,e1_0.dob,e1_0.email,e1_0.full_name,e1_0.phone,e1_0.status,o2_0.order_date,o1_0.note,o1_0.price,o1_0.quantity from order_detail o1_0 join orders o2_0 on o2_0.order_id=o1_0.order_id left join customer c1_0 on c1_0.cust_id=o2_0.cust_id left join employee e1_0 on e1_0.emp_id=o2_0.employee_id where o1_0.product_id=?
Hibernate: select p1_0.product_id,p1_0.price_date_time,p1_0.note,p1_0.price from product_price p1_0 where p1_0.product_id=?
Hibernate: select p1_0.product_id,p1_0.image_id,p1_0.alternative,p1_0.path from product_image p1_0 where p1_0.product_id=?
Hibernate: select o1_0.product_id,o1_0.order_id,o2_0.order_id,c1_0.cust_id,c1_0.address,c1_0.email,c1_0.cust_name,c1_0.phone,o2_0.employee_id,e1_0.emp_id,e1_0.address,e1_0.dob,e1_0.email,e1_0.full_name,e1_0.phone,e1_0.status,o2_0.order_date,o1_0.note,o1_0.price,o1_0.quantity from order_detail o1_0 join orders o2_0 on o2_0.order_id=o1_0.order_id left join customer c1_0 on c1_0.cust_id=o2_0.cust_id left join employee e1_0 on e1_0.emp_id=o2_0.employee_id where o1_0.product_id=?
Hibernate: select l1_0.employee_id,l1_0.order_id,c1_0.cust_id,c1_0.address,c1_0.email,c1_0.cust_name,c1_0.phone,l1_0.order_date from orders l1_0 left join customer c1_0 on c1_0.cust_id=l1_0.cust_id where l1_0.employee_id=?
Hibernate: select p1_0.product_id,p1_0.description,p1_0.manufacturer_name,p1_0.name,p1_0.status,p1_0.unit,o1_0.product_id,o1_0.order_id,o2_0.order_id,c1_0.cust_id,c1_0.address,c1_0.email,c1_0.cust_name,c1_0.phone,o2_0.employee_id,e1_0.emp_id,e1_0.address,e1_0.dob,e1_0.email,e1_0.full_name,e1_0.phone,e1_0.status,o2_0.order_date,o1_0.note,o1_0.price,o1_0.quantity from product p1_0 left join order_detail o1_0 on p1_0.product_id=o1_0.product_id left join orders o2_0 on o2_0.order_id=o1_0.order_id left join customer c1_0 on c1_0.cust_id=o2_0.cust_id left join employee e1_0 on e1_0.emp_id=o2_0.employee_id where p1_0.product_id=?
Hibernate: select o1_0.order_id,o1_0.product_id,p1_0.product_id,p1_0.description,p1_0.manufacturer_name,p1_0.name,p1_0.status,p1_0.unit,o1_0.note,o1_0.price,o1_0.quantity from order_detail o1_0 join product p1_0 on p1_0.product_id=o1_0.product_id where o1_0.order_id=?
Hibernate: select o1_0.order_id,o1_0.product_id,p1_0.product_id,p1_0.description,p1_0.manufacturer_name,p1_0.name,p1_0.status,p1_0.unit,o1_0.note,o1_0.price,o1_0.quantity from order_detail o1_0 join product p1_0 on p1_0.product_id=o1_0.product_id where o1_0.order_id=?
Hibernate: select l1_0.employee_id,l1_0.order_id,c1_0.cust_id,c1_0.address,c1_0.email,c1_0.cust_name,c1_0.phone,l1_0.order_date from orders l1_0 left join customer c1_0 on c1_0.cust_id=l1_0.cust_id where l1_0.employee_id=?
Hibernate: select o1_0.order_id,o1_0.product_id,p1_0.product_id,p1_0.description,p1_0.manufacturer_name,p1_0.name,p1_0.status,p1_0.unit,o1_0.note,o1_0.price,o1_0.quantity from order_detail o1_0 join product p1_0 on p1_0.product_id=o1_0.product_id where o1_0.order_id=?
Hibernate: select o1_0.order_id,o1_0.product_id,p1_0.product_id,p1_0.description,p1_0.manufacturer_name,p1_0.name,p1_0.status,p1_0.unit,o1_0.note,o1_0.price,o1_0.quantity from order_detail o1_0 join product p1_0 on p1_0.product_id=o1_0.product_id where o1_0.order_id=?
Hibernate: select p1_0.product_id,p1_0.price_date_time,p1_0.note,p1_0.price from product_price p1_0 where p1_0.product_id=?
Hibernate: select p1_0.product_id,p1_0.image_id,p1_0.alternative,p1_0.path from product_image p1_0 where p1_0.product_id=?
Hibernate: select o1_0.order_id,o1_0.product_id,p1_0.product_id,p1_0.description,p1_0.manufacturer_name,p1_0.name,p1_0.status,p1_0.unit,o1_0.note,o1_0.price,o1_0.quantity from order_detail o1_0 join product p1_0 on p1_0.product_id=o1_0.product_id where o1_0.order_id=?
Hibernate: select l1_0.employee_id,l1_0.order_id,c1_0.cust_id,c1_0.address,c1_0.email,c1_0.cust_name,c1_0.phone,l1_0.order_date from orders l1_0 left join customer c1_0 on c1_0.cust_id=l1_0.cust_id where l1_0.employee_id=?
Hibernate: insert into order_detail (note,price,quantity,order_id,product_id) values (?,?,?,?,?)
Hibernate: select e1_0.emp_id,e1_0.address,e1_0.dob,e1_0.email,e1_0.full_name,e1_0.phone,e1_0.status from employee e1_0 where e1_0.emp_id=?
Hibernate: select c1_0.cust_id,c1_0.address,c1_0.email,c1_0.cust_name,c1_0.phone from customer c1_0 where c1_0.cust_id=?
Hibernate: select o1_0.order_id,c1_0.cust_id,c1_0.address,c1_0.email,c1_0.cust_name,c1_0.phone,o1_0.employee_id,e1_0.emp_id,e1_0.address,e1_0.dob,e1_0.email,e1_0.full_name,e1_0.phone,e1_0.status,o1_0.order_date,o2_0.order_id,o2_0.product_id,p1_0.product_id,p1_0.description,p1_0.manufacturer_name,p1_0.name,p1_0.status,p1_0.unit,o2_0.note,o2_0.price,o2_0.quantity from orders o1_0 left join customer c1_0 on c1_0.cust_id=o1_0.cust_id join employee e1_0 on e1_0.emp_id=o1_0.employee_id left join order_detail o2_0 on o1_0.order_id=o2_0.order_id left join product p1_0 on p1_0.product_id=o2_0.product_id where o1_0.order_id=?
Hibernate: select c1_0.cust_id,c1_0.address,c1_0.email,c1_0.cust_name,c1_0.phone from customer c1_0 where c1_0.cust_id=?
Hibernate: select e1_0.emp_id,e1_0.address,e1_0.dob,e1_0.email,e1_0.full_name,e1_0.phone,e1_0.status from employee e1_0 where e1_0.emp_id=?
Hibernate: insert into orders (cust_id,employee_id,order_date,order_id) values (?,?,?,default)
Hibernate: select p1_0.product_id,p1_0.description,p1_0.manufacturer_name,p1_0.name,p1_0.status,p1_0.unit from product p1_0 where p1_0.product_id=?
Hibernate: select o1_0.order_id,o2_0.order_id,c1_0.cust_id,c1_0.address,c1_0.email,c1_0.cust_name,c1_0.phone,o2_0.employee_id,e1_0.emp_id,e1_0.address,e1_0.dob,e1_0.email,e1_0.full_name,e1_0.phone,e1_0.status,o2_0.order_date,o1_0.product_id,p1_0.product_id,p1_0.description,p1_0.manufacturer_name,p1_0.name,p1_0.status,p1_0.unit,p2_0.product_id,p2_0.image_id,p2_0.alternative,p2_0.path,o1_0.note,o1_0.price,o1_0.quantity from order_detail o1_0 join orders o2_0 on o2_0.order_id=o1_0.order_id left join customer c1_0 on c1_0.cust_id=o2_0.cust_id left join employee e1_0 on e1_0.emp_id=o2_0.employee_id join product p1_0 on p1_0.product_id=o1_0.product_id left join product_image p2_0 on p1_0.product_id=p2_0.product_id where (o1_0.order_id,o1_0.product_id) in ((?,?))
Hibernate: select o1_0.order_id,c1_0.cust_id,c1_0.address,c1_0.email,c1_0.cust_name,c1_0.phone,o1_0.employee_id,e1_0.emp_id,e1_0.address,e1_0.dob,e1_0.email,e1_0.full_name,e1_0.phone,e1_0.status,o1_0.order_date,o2_0.order_id,o2_0.product_id,p1_0.product_id,p1_0.description,p1_0.manufacturer_name,p1_0.name,p1_0.status,p1_0.unit,o2_0.note,o2_0.price,o2_0.quantity from orders o1_0 left join customer c1_0 on c1_0.cust_id=o1_0.cust_id join employee e1_0 on e1_0.emp_id=o1_0.employee_id left join order_detail o2_0 on o1_0.order_id=o2_0.order_id left join product p1_0 on p1_0.product_id=o2_0.product_id where o1_0.order_id=?
Hibernate: select l1_0.employee_id,l1_0.order_id,c1_0.cust_id,c1_0.address,c1_0.email,c1_0.cust_name,c1_0.phone,l1_0.order_date from orders l1_0 left join customer c1_0 on c1_0.cust_id=l1_0.cust_id where l1_0.employee_id=?
Hibernate: select p1_0.product_id,p1_0.description,p1_0.manufacturer_name,p1_0.name,p1_0.status,p1_0.unit,o1_0.product_id,o1_0.order_id,o2_0.order_id,c1_0.cust_id,c1_0.address,c1_0.email,c1_0.cust_name,c1_0.phone,o2_0.employee_id,e1_0.emp_id,e1_0.address,e1_0.dob,e1_0.email,e1_0.full_name,e1_0.phone,e1_0.status,o2_0.order_date,o1_0.note,o1_0.price,o1_0.quantity from product p1_0 left join order_detail o1_0 on p1_0.product_id=o1_0.product_id left join orders o2_0 on o2_0.order_id=o1_0.order_id left join customer c1_0 on c1_0.cust_id=o2_0.cust_id left join employee e1_0 on e1_0.emp_id=o2_0.employee_id where p1_0.product_id=?
Hibernate: select o1_0.order_id,o1_0.product_id,p1_0.product_id,p1_0.description,p1_0.manufacturer_name,p1_0.name,p1_0.status,p1_0.unit,o1_0.note,o1_0.price,o1_0.quantity from order_detail o1_0 join product p1_0 on p1_0.product_id=o1_0.product_id where o1_0.order_id=?
Hibernate: select l1_0.employee_id,l1_0.order_id,c1_0.cust_id,c1_0.address,c1_0.email,c1_0.cust_name,c1_0.phone,l1_0.order_date from orders l1_0 left join customer c1_0 on c1_0.cust_id=l1_0.cust_id where l1_0.employee_id=?
Hibernate: select o1_0.order_id,o1_0.product_id,p1_0.product_id,p1_0.description,p1_0.manufacturer_name,p1_0.name,p1_0.status,p1_0.unit,o1_0.note,o1_0.price,o1_0.quantity from order_detail o1_0 join product p1_0 on p1_0.product_id=o1_0.product_id where o1_0.order_id=?
Hibernate: select o1_0.order_id,o1_0.product_id,p1_0.product_id,p1_0.description,p1_0.manufacturer_name,p1_0.name,p1_0.status,p1_0.unit,o1_0.note,o1_0.price,o1_0.quantity from order_detail o1_0 join product p1_0 on p1_0.product_id=o1_0.product_id where o1_0.order_id=?
Hibernate: select l1_0.employee_id,l1_0.order_id,c1_0.cust_id,c1_0.address,c1_0.email,c1_0.cust_name,c1_0.phone,l1_0.order_date from orders l1_0 left join customer c1_0 on c1_0.cust_id=l1_0.cust_id where l1_0.employee_id=?
Hibernate: select o1_0.order_id,o1_0.product_id,p1_0.product_id,p1_0.description,p1_0.manufacturer_name,p1_0.name,p1_0.status,p1_0.unit,o1_0.note,o1_0.price,o1_0.quantity from order_detail o1_0 join product p1_0 on p1_0.product_id=o1_0.product_id where o1_0.order_id=?
Hibernate: select l1_0.employee_id,l1_0.order_id,c1_0.cust_id,c1_0.address,c1_0.email,c1_0.cust_name,c1_0.phone,l1_0.order_date from orders l1_0 left join customer c1_0 on c1_0.cust_id=l1_0.cust_id where l1_0.employee_id=?
Hibernate: select o1_0.order_id,o1_0.product_id,p1_0.product_id,p1_0.description,p1_0.manufacturer_name,p1_0.name,p1_0.status,p1_0.unit,o1_0.note,o1_0.price,o1_0.quantity from order_detail o1_0 join product p1_0 on p1_0.product_id=o1_0.product_id where o1_0.order_id=?
Hibernate: select l1_0.employee_id,l1_0.order_id,c1_0.cust_id,c1_0.address,c1_0.email,c1_0.cust_name,c1_0.phone,l1_0.order_date from orders l1_0 left join customer c1_0 on c1_0.cust_id=l1_0.cust_id where l1_0.employee_id=?
Hibernate: select o1_0.order_id,o1_0.product_id,p1_0.product_id,p1_0.description,p1_0.manufacturer_name,p1_0.name,p1_0.status,p1_0.unit,o1_0.note,o1_0.price,o1_0.quantity from order_detail o1_0 join product p1_0 on p1_0.product_id=o1_0.product_id where o1_0.order_id=?
Hibernate: select o1_0.order_id,o1_0.product_id,p1_0.product_id,p1_0.description,p1_0.manufacturer_name,p1_0.name,p1_0.status,p1_0.unit,o1_0.note,o1_0.price,o1_0.quantity from order_detail o1_0 join product p1_0 on p1_0.product_id=o1_0.product_id where o1_0.order_id=?
Hibernate: select o1_0.order_id,o1_0.product_id,p1_0.product_id,p1_0.description,p1_0.manufacturer_name,p1_0.name,p1_0.status,p1_0.unit,o1_0.note,o1_0.price,o1_0.quantity from order_detail o1_0 join product p1_0 on p1_0.product_id=o1_0.product_id where o1_0.order_id=?
Hibernate: select l1_0.employee_id,l1_0.order_id,c1_0.cust_id,c1_0.address,c1_0.email,c1_0.cust_name,c1_0.phone,l1_0.order_date from orders l1_0 left join customer c1_0 on c1_0.cust_id=l1_0.cust_id where l1_0.employee_id=?
Hibernate: select p1_0.product_id,p1_0.price_date_time,p1_0.note,p1_0.price from product_price p1_0 where p1_0.product_id=?
Hibernate: select p1_0.product_id,p1_0.image_id,p1_0.alternative,p1_0.path from product_image p1_0 where p1_0.product_id=?
Hibernate: select o1_0.order_id,o1_0.product_id,p1_0.product_id,p1_0.description,p1_0.manufacturer_name,p1_0.name,p1_0.status,p1_0.unit,o1_0.note,o1_0.price,o1_0.quantity from order_detail o1_0 join product p1_0 on p1_0.product_id=o1_0.product_id where o1_0.order_id=?
Hibernate: select l1_0.employee_id,l1_0.order_id,c1_0.cust_id,c1_0.address,c1_0.email,c1_0.cust_name,c1_0.phone,l1_0.order_date from orders l1_0 left join customer c1_0 on c1_0.cust_id=l1_0.cust_id where l1_0.employee_id=?
Hibernate: insert into order_detail (note,price,quantity,order_id,product_id) values (?,?,?,?,?)
Hibernate: select p1_0.product_id,p1_0.description,p1_0.manufacturer_name,p1_0.name,p1_0.status,p1_0.unit from product p1_0 where p1_0.product_id=?
Hibernate: select o1_0.order_id,o2_0.order_id,c1_0.cust_id,c1_0.address,c1_0.email,c1_0.cust_name,c1_0.phone,o2_0.employee_id,e1_0.emp_id,e1_0.address,e1_0.dob,e1_0.email,e1_0.full_name,e1_0.phone,e1_0.status,o2_0.order_date,o1_0.product_id,p1_0.product_id,p1_0.description,p1_0.manufacturer_name,p1_0.name,p1_0.status,p1_0.unit,p2_0.product_id,p2_0.image_id,p2_0.alternative,p2_0.path,o1_0.note,o1_0.price,o1_0.quantity from order_detail o1_0 join orders o2_0 on o2_0.order_id=o1_0.order_id left join customer c1_0 on c1_0.cust_id=o2_0.cust_id left join employee e1_0 on e1_0.emp_id=o2_0.employee_id join product p1_0 on p1_0.product_id=o1_0.product_id left join product_image p2_0 on p1_0.product_id=p2_0.product_id where (o1_0.order_id,o1_0.product_id) in ((?,?))
Hibernate: select o1_0.order_id,c1_0.cust_id,c1_0.address,c1_0.email,c1_0.cust_name,c1_0.phone,o1_0.employee_id,e1_0.emp_id,e1_0.address,e1_0.dob,e1_0.email,e1_0.full_name,e1_0.phone,e1_0.status,o1_0.order_date,o2_0.order_id,o2_0.product_id,p1_0.product_id,p1_0.description,p1_0.manufacturer_name,p1_0.name,p1_0.status,p1_0.unit,o2_0.note,o2_0.price,o2_0.quantity from orders o1_0 left join customer c1_0 on c1_0.cust_id=o1_0.cust_id join employee e1_0 on e1_0.emp_id=o1_0.employee_id left join order_detail o2_0 on o1_0.order_id=o2_0.order_id left join product p1_0 on p1_0.product_id=o2_0.product_id where o1_0.order_id=?
Hibernate: select p1_0.product_id,p1_0.price_date_time,p1_0.note,p1_0.price from product_price p1_0 where p1_0.product_id=?
Hibernate: select p1_0.product_id,p1_0.image_id,p1_0.alternative,p1_0.path from product_image p1_0 where p1_0.product_id=?
Hibernate: select o1_0.product_id,o1_0.order_id,o2_0.order_id,c1_0.cust_id,c1_0.address,c1_0.email,c1_0.cust_name,c1_0.phone,o2_0.employee_id,e1_0.emp_id,e1_0.address,e1_0.dob,e1_0.email,e1_0.full_name,e1_0.phone,e1_0.status,o2_0.order_date,o1_0.note,o1_0.price,o1_0.quantity from order_detail o1_0 join orders o2_0 on o2_0.order_id=o1_0.order_id left join customer c1_0 on c1_0.cust_id=o2_0.cust_id left join employee e1_0 on e1_0.emp_id=o2_0.employee_id where o1_0.product_id=?
Hibernate: select l1_0.employee_id,l1_0.order_id,c1_0.cust_id,c1_0.address,c1_0.email,c1_0.cust_name,c1_0.phone,l1_0.order_date from orders l1_0 left join customer c1_0 on c1_0.cust_id=l1_0.cust_id where l1_0.employee_id=?
Hibernate: select p1_0.product_id,p1_0.description,p1_0.manufacturer_name,p1_0.name,p1_0.status,p1_0.unit,o1_0.product_id,o1_0.order_id,o2_0.order_id,c1_0.cust_id,c1_0.address,c1_0.email,c1_0.cust_name,c1_0.phone,o2_0.employee_id,e1_0.emp_id,e1_0.address,e1_0.dob,e1_0.email,e1_0.full_name,e1_0.phone,e1_0.status,o2_0.order_date,o1_0.note,o1_0.price,o1_0.quantity from product p1_0 left join order_detail o1_0 on p1_0.product_id=o1_0.product_id left join orders o2_0 on o2_0.order_id=o1_0.order_id left join customer c1_0 on c1_0.cust_id=o2_0.cust_id left join employee e1_0 on e1_0.emp_id=o2_0.employee_id where p1_0.product_id=?
Hibernate: select o1_0.order_id,o1_0.product_id,p1_0.product_id,p1_0.description,p1_0.manufacturer_name,p1_0.name,p1_0.status,p1_0.unit,o1_0.note,o1_0.price,o1_0.quantity from order_detail o1_0 join product p1_0 on p1_0.product_id=o1_0.product_id where o1_0.order_id=?
Hibernate: select l1_0.employee_id,l1_0.order_id,c1_0.cust_id,c1_0.address,c1_0.email,c1_0.cust_name,c1_0.phone,l1_0.order_date from orders l1_0 left join customer c1_0 on c1_0.cust_id=l1_0.cust_id where l1_0.employee_id=?
Hibernate: select o1_0.order_id,o1_0.product_id,p1_0.product_id,p1_0.description,p1_0.manufacturer_name,p1_0.name,p1_0.status,p1_0.unit,o1_0.note,o1_0.price,o1_0.quantity from order_detail o1_0 join product p1_0 on p1_0.product_id=o1_0.product_id where o1_0.order_id=?
Hibernate: select o1_0.order_id,o1_0.product_id,p1_0.product_id,p1_0.description,p1_0.manufacturer_name,p1_0.name,p1_0.status,p1_0.unit,o1_0.note,o1_0.price,o1_0.quantity from order_detail o1_0 join product p1_0 on p1_0.product_id=o1_0.product_id where o1_0.order_id=?
Hibernate: select o1_0.order_id,o1_0.product_id,p1_0.product_id,p1_0.description,p1_0.manufacturer_name,p1_0.name,p1_0.status,p1_0.unit,o1_0.note,o1_0.price,o1_0.quantity from order_detail o1_0 join product p1_0 on p1_0.product_id=o1_0.product_id where o1_0.order_id=?
Hibernate: select o1_0.order_id,o1_0.product_id,p1_0.product_id,p1_0.description,p1_0.manufacturer_name,p1_0.name,p1_0.status,p1_0.unit,o1_0.note,o1_0.price,o1_0.quantity from order_detail o1_0 join product p1_0 on p1_0.product_id=o1_0.product_id where o1_0.order_id=?
Hibernate: select o1_0.order_id,o1_0.product_id,p1_0.product_id,p1_0.description,p1_0.manufacturer_name,p1_0.name,p1_0.status,p1_0.unit,o1_0.note,o1_0.price,o1_0.quantity from order_detail o1_0 join product p1_0 on p1_0.product_id=o1_0.product_id where o1_0.order_id=?
Hibernate: select o1_0.order_id,o1_0.product_id,p1_0.product_id,p1_0.description,p1_0.manufacturer_name,p1_0.name,p1_0.status,p1_0.unit,o1_0.note,o1_0.price,o1_0.quantity from order_detail o1_0 join product p1_0 on p1_0.product_id=o1_0.product_id where o1_0.order_id=?
Hibernate: select o1_0.order_id,o1_0.product_id,p1_0.product_id,p1_0.description,p1_0.manufacturer_name,p1_0.name,p1_0.status,p1_0.unit,o1_0.note,o1_0.price,o1_0.quantity from order_detail o1_0 join product p1_0 on p1_0.product_id=o1_0.product_id where o1_0.order_id=?
Hibernate: select p1_0.product_id,p1_0.price_date_time,p1_0.note,p1_0.price from product_price p1_0 where p1_0.product_id=?
Hibernate: select p1_0.product_id,p1_0.image_id,p1_0.alternative,p1_0.path from product_image p1_0 where p1_0.product_id=?
Hibernate: select o1_0.order_id,o1_0.product_id,p1_0.product_id,p1_0.description,p1_0.manufacturer_name,p1_0.name,p1_0.status,p1_0.unit,o1_0.note,o1_0.price,o1_0.quantity from order_detail o1_0 join product p1_0 on p1_0.product_id=o1_0.product_id where o1_0.order_id=?
Hibernate: insert into order_detail (note,price,quantity,order_id,product_id) values (?,?,?,?,?)
Hibernate: select p1_0.product_id,p1_0.description,p1_0.manufacturer_name,p1_0.name,p1_0.status,p1_0.unit from product p1_0 where p1_0.product_id=?
Hibernate: select o1_0.order_id,o2_0.order_id,c1_0.cust_id,c1_0.address,c1_0.email,c1_0.cust_name,c1_0.phone,o2_0.employee_id,e1_0.emp_id,e1_0.address,e1_0.dob,e1_0.email,e1_0.full_name,e1_0.phone,e1_0.status,o2_0.order_date,o1_0.product_id,p1_0.product_id,p1_0.description,p1_0.manufacturer_name,p1_0.name,p1_0.status,p1_0.unit,p2_0.product_id,p2_0.image_id,p2_0.alternative,p2_0.path,o1_0.note,o1_0.price,o1_0.quantity from order_detail o1_0 join orders o2_0 on o2_0.order_id=o1_0.order_id left join customer c1_0 on c1_0.cust_id=o2_0.cust_id left join employee e1_0 on e1_0.emp_id=o2_0.employee_id join product p1_0 on p1_0.product_id=o1_0.product_id left join product_image p2_0 on p1_0.product_id=p2_0.product_id where (o1_0.order_id,o1_0.product_id) in ((?,?))
Hibernate: select o1_0.order_id,c1_0.cust_id,c1_0.address,c1_0.email,c1_0.cust_name,c1_0.phone,o1_0.employee_id,e1_0.emp_id,e1_0.address,e1_0.dob,e1_0.email,e1_0.full_name,e1_0.phone,e1_0.status,o1_0.order_date,o2_0.order_id,o2_0.product_id,p1_0.product_id,p1_0.description,p1_0.manufacturer_name,p1_0.name,p1_0.status,p1_0.unit,o2_0.note,o2_0.price,o2_0.quantity from orders o1_0 left join customer c1_0 on c1_0.cust_id=o1_0.cust_id join employee e1_0 on e1_0.emp_id=o1_0.employee_id left join order_detail o2_0 on o1_0.order_id=o2_0.order_id left join product p1_0 on p1_0.product_id=o2_0.product_id where o1_0.order_id=?
Hibernate: select p1_0.product_id,p1_0.price_date_time,p1_0.note,p1_0.price from product_price p1_0 where p1_0.product_id=?
Hibernate: select p1_0.product_id,p1_0.image_id,p1_0.alternative,p1_0.path from product_image p1_0 where p1_0.product_id=?
Hibernate: select o1_0.product_id,o1_0.order_id,o2_0.order_id,c1_0.cust_id,c1_0.address,c1_0.email,c1_0.cust_name,c1_0.phone,o2_0.employee_id,e1_0.emp_id,e1_0.address,e1_0.dob,e1_0.email,e1_0.full_name,e1_0.phone,e1_0.status,o2_0.order_date,o1_0.note,o1_0.price,o1_0.quantity from order_detail o1_0 join orders o2_0 on o2_0.order_id=o1_0.order_id left join customer c1_0 on c1_0.cust_id=o2_0.cust_id left join employee e1_0 on e1_0.emp_id=o2_0.employee_id where o1_0.product_id=?
Hibernate: select p1_0.product_id,p1_0.price_date_time,p1_0.note,p1_0.price from product_price p1_0 where p1_0.product_id=?
Hibernate: select p1_0.product_id,p1_0.image_id,p1_0.alternative,p1_0.path from product_image p1_0 where p1_0.product_id=?
Hibernate: select o1_0.product_id,o1_0.order_id,o2_0.order_id,c1_0.cust_id,c1_0.address,c1_0.email,c1_0.cust_name,c1_0.phone,o2_0.employee_id,e1_0.emp_id,e1_0.address,e1_0.dob,e1_0.email,e1_0.full_name,e1_0.phone,e1_0.status,o2_0.order_date,o1_0.note,o1_0.price,o1_0.quantity from order_detail o1_0 join orders o2_0 on o2_0.order_id=o1_0.order_id left join customer c1_0 on c1_0.cust_id=o2_0.cust_id left join employee e1_0 on e1_0.emp_id=o2_0.employee_id where o1_0.product_id=?
Hibernate: select l1_0.employee_id,l1_0.order_id,c1_0.cust_id,c1_0.address,c1_0.email,c1_0.cust_name,c1_0.phone,l1_0.order_date from orders l1_0 left join customer c1_0 on c1_0.cust_id=l1_0.cust_id where l1_0.employee_id=?
Hibernate: select p1_0.product_id,p1_0.description,p1_0.manufacturer_name,p1_0.name,p1_0.status,p1_0.unit,o1_0.product_id,o1_0.order_id,o2_0.order_id,c1_0.cust_id,c1_0.address,c1_0.email,c1_0.cust_name,c1_0.phone,o2_0.employee_id,e1_0.emp_id,e1_0.address,e1_0.dob,e1_0.email,e1_0.full_name,e1_0.phone,e1_0.status,o2_0.order_date,o1_0.note,o1_0.price,o1_0.quantity from product p1_0 left join order_detail o1_0 on p1_0.product_id=o1_0.product_id left join orders o2_0 on o2_0.order_id=o1_0.order_id left join customer c1_0 on c1_0.cust_id=o2_0.cust_id left join employee e1_0 on e1_0.emp_id=o2_0.employee_id where p1_0.product_id=?
Hibernate: select o1_0.order_id,o1_0.product_id,p1_0.product_id,p1_0.description,p1_0.manufacturer_name,p1_0.name,p1_0.status,p1_0.unit,o1_0.note,o1_0.price,o1_0.quantity from order_detail o1_0 join product p1_0 on p1_0.product_id=o1_0.product_id where o1_0.order_id=?
Hibernate: select o1_0.order_id,o1_0.product_id,p1_0.product_id,p1_0.description,p1_0.manufacturer_name,p1_0.name,p1_0.status,p1_0.unit,o1_0.note,o1_0.price,o1_0.quantity from order_detail o1_0 join product p1_0 on p1_0.product_id=o1_0.product_id where o1_0.order_id=?
Hibernate: select o1_0.order_id,o1_0.product_id,p1_0.product_id,p1_0.description,p1_0.manufacturer_name,p1_0.name,p1_0.status,p1_0.unit,o1_0.note,o1_0.price,o1_0.quantity from order_detail o1_0 join product p1_0 on p1_0.product_id=o1_0.product_id where o1_0.order_id=?
Hibernate: select o1_0.order_id,o1_0.product_id,p1_0.product_id,p1_0.description,p1_0.manufacturer_name,p1_0.name,p1_0.status,p1_0.unit,o1_0.note,o1_0.price,o1_0.quantity from order_detail o1_0 join product p1_0 on p1_0.product_id=o1_0.product_id where o1_0.order_id=?
Hibernate: select o1_0.order_id,o1_0.product_id,p1_0.product_id,p1_0.description,p1_0.manufacturer_name,p1_0.name,p1_0.status,p1_0.unit,o1_0.note,o1_0.price,o1_0.quantity from order_detail o1_0 join product p1_0 on p1_0.product_id=o1_0.product_id where o1_0.order_id=?
Hibernate: select o1_0.order_id,o1_0.product_id,p1_0.product_id,p1_0.description,p1_0.manufacturer_name,p1_0.name,p1_0.status,p1_0.unit,o1_0.note,o1_0.price,o1_0.quantity from order_detail o1_0 join product p1_0 on p1_0.product_id=o1_0.product_id where o1_0.order_id=?
Hibernate: select o1_0.order_id,o1_0.product_id,p1_0.product_id,p1_0.description,p1_0.manufacturer_name,p1_0.name,p1_0.status,p1_0.unit,o1_0.note,o1_0.price,o1_0.quantity from order_detail o1_0 join product p1_0 on p1_0.product_id=o1_0.product_id where o1_0.order_id=?
Hibernate: select o1_0.order_id,o1_0.product_id,p1_0.product_id,p1_0.description,p1_0.manufacturer_name,p1_0.name,p1_0.status,p1_0.unit,o1_0.note,o1_0.price,o1_0.quantity from order_detail o1_0 join product p1_0 on p1_0.product_id=o1_0.product_id where o1_0.order_id=?
Hibernate: select o1_0.order_id,o1_0.product_id,p1_0.product_id,p1_0.description,p1_0.manufacturer_name,p1_0.name,p1_0.status,p1_0.unit,o1_0.note,o1_0.price,o1_0.quantity from order_detail o1_0 join product p1_0 on p1_0.product_id=o1_0.product_id where o1_0.order_id=?
Hibernate: select o1_0.order_id,o1_0.product_id,p1_0.product_id,p1_0.description,p1_0.manufacturer_name,p1_0.name,p1_0.status,p1_0.unit,o1_0.note,o1_0.price,o1_0.quantity from order_detail o1_0 join product p1_0 on p1_0.product_id=o1_0.product_id where o1_0.order_id=?
Hibernate: select p1_0.product_id,p1_0.price_date_time,p1_0.note,p1_0.price from product_price p1_0 where p1_0.product_id=?
Hibernate: select p1_0.product_id,p1_0.image_id,p1_0.alternative,p1_0.path from product_image p1_0 where p1_0.product_id=?
Hibernate: insert into order_detail (note,price,quantity,order_id,product_id) values (?,?,?,?,?)
Hibernate: select e1_0.emp_id,e1_0.address,e1_0.dob,e1_0.email,e1_0.full_name,e1_0.phone,e1_0.status from employee e1_0 where e1_0.emp_id=?
Hibernate: select c1_0.cust_id,c1_0.address,c1_0.email,c1_0.cust_name,c1_0.phone from customer c1_0 where c1_0.cust_id=?
Hibernate: select o1_0.order_id,c1_0.cust_id,c1_0.address,c1_0.email,c1_0.cust_name,c1_0.phone,o1_0.employee_id,e1_0.emp_id,e1_0.address,e1_0.dob,e1_0.email,e1_0.full_name,e1_0.phone,e1_0.status,o1_0.order_date,o2_0.order_id,o2_0.product_id,p1_0.product_id,p1_0.description,p1_0.manufacturer_name,p1_0.name,p1_0.status,p1_0.unit,o2_0.note,o2_0.price,o2_0.quantity from orders o1_0 left join customer c1_0 on c1_0.cust_id=o1_0.cust_id join employee e1_0 on e1_0.emp_id=o1_0.employee_id left join order_detail o2_0 on o1_0.order_id=o2_0.order_id left join product p1_0 on p1_0.product_id=o2_0.product_id where o1_0.order_id=?
Hibernate: select c1_0.cust_id,c1_0.address,c1_0.email,c1_0.cust_name,c1_0.phone from customer c1_0 where c1_0.cust_id=?
Hibernate: select e1_0.emp_id,e1_0.address,e1_0.dob,e1_0.email,e1_0.full_name,e1_0.phone,e1_0.status from employee e1_0 where e1_0.emp_id=?
Hibernate: insert into orders (cust_id,employee_id,order_date,order_id) values (?,?,?,default)
Hibernate: select p1_0.product_id,p1_0.description,p1_0.manufacturer_name,p1_0.name,p1_0.status,p1_0.unit from product p1_0 where p1_0.product_id=?
Hibernate: select o1_0.order_id,o2_0.order_id,c1_0.cust_id,c1_0.address,c1_0.email,c1_0.cust_name,c1_0.phone,o2_0.employee_id,e1_0.emp_id,e1_0.address,e1_0.dob,e1_0.email,e1_0.full_name,e1_0.phone,e1_0.status,o2_0.order_date,o1_0.product_id,p1_0.product_id,p1_0.description,p1_0.manufacturer_name,p1_0.name,p1_0.status,p1_0.unit,p2_0.product_id,p2_0.image_id,p2_0.alternative,p2_0.path,o1_0.note,o1_0.price,o1_0.quantity from order_detail o1_0 join orders o2_0 on o2_0.order_id=o1_0.order_id left join customer c1_0 on c1_0.cust_id=o2_0.cust_id left join employee e1_0 on e1_0.emp_id=o2_0.employee_id join product p1_0 on p1_0.product_id=o1_0.product_id left join product_image p2_0 on p1_0.product_id=p2_0.product_id where (o1_0.order_id,o1_0.product_id) in ((?,?))
Hibernate: select o1_0.order_id,c1_0.cust_id,c1_0.address,c1_0.email,c1_0.cust_name,c1_0.phone,o1_0.employee_id,e1_0.emp_id,e1_0.address,e1_0.dob,e1_0.email,e1_0.full_name,e1_0.phone,e1_0.status,o1_0.order_date,o2_0.order_id,o2_0.product_id,p1_0.product_id,p1_0.description,p1_0.manufacturer_name,p1_0.name,p1_0.status,p1_0.unit,o2_0.note,o2_0.price,o2_0.quantity from orders o1_0 left join customer c1_0 on c1_0.cust_id=o1_0.cust_id join employee e1_0 on e1_0.emp_id=o1_0.employee_id left join order_detail o2_0 on o1_0.order_id=o2_0.order_id left join product p1_0 on p1_0.product_id=o2_0.product_id where o1_0.order_id=?
Hibernate: select l1_0.employee_id,l1_0.order_id,c1_0.cust_id,c1_0.address,c1_0.email,c1_0.cust_name,c1_0.phone,l1_0.order_date from orders l1_0 left join customer c1_0 on c1_0.cust_id=l1_0.cust_id where l1_0.employee_id=?
Hibernate: select p1_0.product_id,p1_0.description,p1_0.manufacturer_name,p1_0.name,p1_0.status,p1_0.unit,o1_0.product_id,o1_0.order_id,o2_0.order_id,c1_0.cust_id,c1_0.address,c1_0.email,c1_0.cust_name,c1_0.phone,o2_0.employee_id,e1_0.emp_id,e1_0.address,e1_0.dob,e1_0.email,e1_0.full_name,e1_0.phone,e1_0.status,o2_0.order_date,o1_0.note,o1_0.price,o1_0.quantity from product p1_0 left join order_detail o1_0 on p1_0.product_id=o1_0.product_id left join orders o2_0 on o2_0.order_id=o1_0.order_id left join customer c1_0 on c1_0.cust_id=o2_0.cust_id left join employee e1_0 on e1_0.emp_id=o2_0.employee_id where p1_0.product_id=?
Hibernate: select o1_0.order_id,o1_0.product_id,p1_0.product_id,p1_0.description,p1_0.manufacturer_name,p1_0.name,p1_0.status,p1_0.unit,o1_0.note,o1_0.price,o1_0.quantity from order_detail o1_0 join product p1_0 on p1_0.product_id=o1_0.product_id where o1_0.order_id=?
Hibernate: select o1_0.order_id,o1_0.product_id,p1_0.product_id,p1_0.description,p1_0.manufacturer_name,p1_0.name,p1_0.status,p1_0.unit,o1_0.note,o1_0.price,o1_0.quantity from order_detail o1_0 join product p1_0 on p1_0.product_id=o1_0.product_id where o1_0.order_id=?
Hibernate: select l1_0.employee_id,l1_0.order_id,c1_0.cust_id,c1_0.address,c1_0.email,c1_0.cust_name,c1_0.phone,l1_0.order_date from orders l1_0 left join customer c1_0 on c1_0.cust_id=l1_0.cust_id where l1_0.employee_id=?
Hibernate: select o1_0.order_id,o1_0.product_id,p1_0.product_id,p1_0.description,p1_0.manufacturer_name,p1_0.name,p1_0.status,p1_0.unit,o1_0.note,o1_0.price,o1_0.quantity from order_detail o1_0 join product p1_0 on p1_0.product_id=o1_0.product_id where o1_0.order_id=?
Hibernate: select o1_0.order_id,o1_0.product_id,p1_0.product_id,p1_0.description,p1_0.manufacturer_name,p1_0.name,p1_0.status,p1_0.unit,o1_0.note,o1_0.price,o1_0.quantity from order_detail o1_0 join product p1_0 on p1_0.product_id=o1_0.product_id where o1_0.order_id=?
Hibernate: select l1_0.employee_id,l1_0.order_id,c1_0.cust_id,c1_0.address,c1_0.email,c1_0.cust_name,c1_0.phone,l1_0.order_date from orders l1_0 left join customer c1_0 on c1_0.cust_id=l1_0.cust_id where l1_0.employee_id=?
Hibernate: select o1_0.order_id,o1_0.product_id,p1_0.product_id,p1_0.description,p1_0.manufacturer_name,p1_0.name,p1_0.status,p1_0.unit,o1_0.note,o1_0.price,o1_0.quantity from order_detail o1_0 join product p1_0 on p1_0.product_id=o1_0.product_id where o1_0.order_id=?
Hibernate: select o1_0.order_id,o1_0.product_id,p1_0.product_id,p1_0.description,p1_0.manufacturer_name,p1_0.name,p1_0.status,p1_0.unit,o1_0.note,o1_0.price,o1_0.quantity from order_detail o1_0 join product p1_0 on p1_0.product_id=o1_0.product_id where o1_0.order_id=?
Hibernate: select l1_0.employee_id,l1_0.order_id,c1_0.cust_id,c1_0.address,c1_0.email,c1_0.cust_name,c1_0.phone,l1_0.order_date from orders l1_0 left join customer c1_0 on c1_0.cust_id=l1_0.cust_id where l1_0.employee_id=?
Hibernate: select o1_0.order_id,o1_0.product_id,p1_0.product_id,p1_0.description,p1_0.manufacturer_name,p1_0.name,p1_0.status,p1_0.unit,o1_0.note,o1_0.price,o1_0.quantity from order_detail o1_0 join product p1_0 on p1_0.product_id=o1_0.product_id where o1_0.order_id=?
Hibernate: select o1_0.order_id,o1_0.product_id,p1_0.product_id,p1_0.description,p1_0.manufacturer_name,p1_0.name,p1_0.status,p1_0.unit,o1_0.note,o1_0.price,o1_0.quantity from order_detail o1_0 join product p1_0 on p1_0.product_id=o1_0.product_id where o1_0.order_id=?
Hibernate: select o1_0.order_id,o1_0.product_id,p1_0.product_id,p1_0.description,p1_0.manufacturer_name,p1_0.name,p1_0.status,p1_0.unit,o1_0.note,o1_0.price,o1_0.quantity from order_detail o1_0 join product p1_0 on p1_0.product_id=o1_0.product_id where o1_0.order_id=?
Hibernate: select l1_0.employee_id,l1_0.order_id,c1_0.cust_id,c1_0.address,c1_0.email,c1_0.cust_name,c1_0.phone,l1_0.order_date from orders l1_0 left join customer c1_0 on c1_0.cust_id=l1_0.cust_id where l1_0.employee_id=?
Hibernate: select o1_0.order_id,o1_0.product_id,p1_0.product_id,p1_0.description,p1_0.manufacturer_name,p1_0.name,p1_0.status,p1_0.unit,o1_0.note,o1_0.price,o1_0.quantity from order_detail o1_0 join product p1_0 on p1_0.product_id=o1_0.product_id where o1_0.order_id=?
Hibernate: select l1_0.employee_id,l1_0.order_id,c1_0.cust_id,c1_0.address,c1_0.email,c1_0.cust_name,c1_0.phone,l1_0.order_date from orders l1_0 left join customer c1_0 on c1_0.cust_id=l1_0.cust_id where l1_0.employee_id=?
Hibernate: select o1_0.order_id,o1_0.product_id,p1_0.product_id,p1_0.description,p1_0.manufacturer_name,p1_0.name,p1_0.status,p1_0.unit,o1_0.note,o1_0.price,o1_0.quantity from order_detail o1_0 join product p1_0 on p1_0.product_id=o1_0.product_id where o1_0.order_id=?
Hibernate: select p1_0.product_id,p1_0.price_date_time,p1_0.note,p1_0.price from product_price p1_0 where p1_0.product_id=?
Hibernate: select p1_0.product_id,p1_0.image_id,p1_0.alternative,p1_0.path from product_image p1_0 where p1_0.product_id=?
Hibernate: select o1_0.order_id,o1_0.product_id,p1_0.product_id,p1_0.description,p1_0.manufacturer_name,p1_0.name,p1_0.status,p1_0.unit,o1_0.note,o1_0.price,o1_0.quantity from order_detail o1_0 join product p1_0 on p1_0.product_id=o1_0.product_id where o1_0.order_id=?
Hibernate: select l1_0.employee_id,l1_0.order_id,c1_0.cust_id,c1_0.address,c1_0.email,c1_0.cust_name,c1_0.phone,l1_0.order_date from orders l1_0 left join customer c1_0 on c1_0.cust_id=l1_0.cust_id where l1_0.employee_id=?
Hibernate: insert into order_detail (note,price,quantity,order_id,product_id) values (?,?,?,?,?)
Hibernate: select p1_0.product_id,p1_0.description,p1_0.manufacturer_name,p1_0.name,p1_0.status,p1_0.unit from product p1_0 where p1_0.product_id=?
Hibernate: select o1_0.order_id,o2_0.order_id,c1_0.cust_id,c1_0.address,c1_0.email,c1_0.cust_name,c1_0.phone,o2_0.employee_id,e1_0.emp_id,e1_0.address,e1_0.dob,e1_0.email,e1_0.full_name,e1_0.phone,e1_0.status,o2_0.order_date,o1_0.product_id,p1_0.product_id,p1_0.description,p1_0.manufacturer_name,p1_0.name,p1_0.status,p1_0.unit,p2_0.product_id,p2_0.image_id,p2_0.alternative,p2_0.path,o1_0.note,o1_0.price,o1_0.quantity from order_detail o1_0 join orders o2_0 on o2_0.order_id=o1_0.order_id left join customer c1_0 on c1_0.cust_id=o2_0.cust_id left join employee e1_0 on e1_0.emp_id=o2_0.employee_id join product p1_0 on p1_0.product_id=o1_0.product_id left join product_image p2_0 on p1_0.product_id=p2_0.product_id where (o1_0.order_id,o1_0.product_id) in ((?,?))
Hibernate: select o1_0.order_id,c1_0.cust_id,c1_0.address,c1_0.email,c1_0.cust_name,c1_0.phone,o1_0.employee_id,e1_0.emp_id,e1_0.address,e1_0.dob,e1_0.email,e1_0.full_name,e1_0.phone,e1_0.status,o1_0.order_date,o2_0.order_id,o2_0.product_id,p1_0.product_id,p1_0.description,p1_0.manufacturer_name,p1_0.name,p1_0.status,p1_0.unit,o2_0.note,o2_0.price,o2_0.quantity from orders o1_0 left join customer c1_0 on c1_0.cust_id=o1_0.cust_id join employee e1_0 on e1_0.emp_id=o1_0.employee_id left join order_detail o2_0 on o1_0.order_id=o2_0.order_id left join product p1_0 on p1_0.product_id=o2_0.product_id where o1_0.order_id=?
Hibernate: select p1_0.product_id,p1_0.price_date_time,p1_0.note,p1_0.price from product_price p1_0 where p1_0.product_id=?
Hibernate: select p1_0.product_id,p1_0.image_id,p1_0.alternative,p1_0.path from product_image p1_0 where p1_0.product_id=?
Hibernate: select o1_0.product_id,o1_0.order_id,o2_0.order_id,c1_0.cust_id,c1_0.address,c1_0.email,c1_0.cust_name,c1_0.phone,o2_0.employee_id,e1_0.emp_id,e1_0.address,e1_0.dob,e1_0.email,e1_0.full_name,e1_0.phone,e1_0.status,o2_0.order_date,o1_0.note,o1_0.price,o1_0.quantity from order_detail o1_0 join orders o2_0 on o2_0.order_id=o1_0.order_id left join customer c1_0 on c1_0.cust_id=o2_0.cust_id left join employee e1_0 on e1_0.emp_id=o2_0.employee_id where o1_0.product_id=?
Hibernate: select l1_0.employee_id,l1_0.order_id,c1_0.cust_id,c1_0.address,c1_0.email,c1_0.cust_name,c1_0.phone,l1_0.order_date from orders l1_0 left join customer c1_0 on c1_0.cust_id=l1_0.cust_id where l1_0.employee_id=?
Hibernate: select p1_0.product_id,p1_0.description,p1_0.manufacturer_name,p1_0.name,p1_0.status,p1_0.unit,o1_0.product_id,o1_0.order_id,o2_0.order_id,c1_0.cust_id,c1_0.address,c1_0.email,c1_0.cust_name,c1_0.phone,o2_0.employee_id,e1_0.emp_id,e1_0.address,e1_0.dob,e1_0.email,e1_0.full_name,e1_0.phone,e1_0.status,o2_0.order_date,o1_0.note,o1_0.price,o1_0.quantity from product p1_0 left join order_detail o1_0 on p1_0.product_id=o1_0.product_id left join orders o2_0 on o2_0.order_id=o1_0.order_id left join customer c1_0 on c1_0.cust_id=o2_0.cust_id left join employee e1_0 on e1_0.emp_id=o2_0.employee_id where p1_0.product_id=?
Hibernate: select o1_0.order_id,o1_0.product_id,p1_0.product_id,p1_0.description,p1_0.manufacturer_name,p1_0.name,p1_0.status,p1_0.unit,o1_0.note,o1_0.price,o1_0.quantity from order_detail o1_0 join product p1_0 on p1_0.product_id=o1_0.product_id where o1_0.order_id=?
Hibernate: select l1_0.employee_id,l1_0.order_id,c1_0.cust_id,c1_0.address,c1_0.email,c1_0.cust_name,c1_0.phone,l1_0.order_date from orders l1_0 left join customer c1_0 on c1_0.cust_id=l1_0.cust_id where l1_0.employee_id=?
Hibernate: select p1_0.product_id,p1_0.price_date_time,p1_0.note,p1_0.price from product_price p1_0 where p1_0.product_id=?
Hibernate: select p1_0.product_id,p1_0.image_id,p1_0.alternative,p1_0.path from product_image p1_0 where p1_0.product_id=?
Hibernate: select o1_0.order_id,o1_0.product_id,p1_0.product_id,p1_0.description,p1_0.manufacturer_name,p1_0.name,p1_0.status,p1_0.unit,o1_0.note,o1_0.price,o1_0.quantity from order_detail o1_0 join product p1_0 on p1_0.product_id=o1_0.product_id where o1_0.order_id=?
Hibernate: insert into order_detail (note,price,quantity,order_id,product_id) values (?,?,?,?,?)
Hibernate: select p1_0.product_id,p1_0.description,p1_0.manufacturer_name,p1_0.name,p1_0.status,p1_0.unit from product p1_0 where p1_0.product_id=?
Hibernate: select o1_0.order_id,o2_0.order_id,c1_0.cust_id,c1_0.address,c1_0.email,c1_0.cust_name,c1_0.phone,o2_0.employee_id,e1_0.emp_id,e1_0.address,e1_0.dob,e1_0.email,e1_0.full_name,e1_0.phone,e1_0.status,o2_0.order_date,o1_0.product_id,p1_0.product_id,p1_0.description,p1_0.manufacturer_name,p1_0.name,p1_0.status,p1_0.unit,p2_0.product_id,p2_0.image_id,p2_0.alternative,p2_0.path,o1_0.note,o1_0.price,o1_0.quantity from order_detail o1_0 join orders o2_0 on o2_0.order_id=o1_0.order_id left join customer c1_0 on c1_0.cust_id=o2_0.cust_id left join employee e1_0 on e1_0.emp_id=o2_0.employee_id join product p1_0 on p1_0.product_id=o1_0.product_id left join product_image p2_0 on p1_0.product_id=p2_0.product_id where (o1_0.order_id,o1_0.product_id) in ((?,?))
Hibernate: select o1_0.order_id,c1_0.cust_id,c1_0.address,c1_0.email,c1_0.cust_name,c1_0.phone,o1_0.employee_id,e1_0.emp_id,e1_0.address,e1_0.dob,e1_0.email,e1_0.full_name,e1_0.phone,e1_0.status,o1_0.order_date,o2_0.order_id,o2_0.product_id,p1_0.product_id,p1_0.description,p1_0.manufacturer_name,p1_0.name,p1_0.status,p1_0.unit,o2_0.note,o2_0.price,o2_0.quantity from orders o1_0 left join customer c1_0 on c1_0.cust_id=o1_0.cust_id join employee e1_0 on e1_0.emp_id=o1_0.employee_id left join order_detail o2_0 on o1_0.order_id=o2_0.order_id left join product p1_0 on p1_0.product_id=o2_0.product_id where o1_0.order_id=?
Hibernate: select p1_0.product_id,p1_0.price_date_time,p1_0.note,p1_0.price from product_price p1_0 where p1_0.product_id=?
Hibernate: select p1_0.product_id,p1_0.image_id,p1_0.alternative,p1_0.path from product_image p1_0 where p1_0.product_id=?
Hibernate: select o1_0.product_id,o1_0.order_id,o2_0.order_id,c1_0.cust_id,c1_0.address,c1_0.email,c1_0.cust_name,c1_0.phone,o2_0.employee_id,e1_0.emp_id,e1_0.address,e1_0.dob,e1_0.email,e1_0.full_name,e1_0.phone,e1_0.status,o2_0.order_date,o1_0.note,o1_0.price,o1_0.quantity from order_detail o1_0 join orders o2_0 on o2_0.order_id=o1_0.order_id left join customer c1_0 on c1_0.cust_id=o2_0.cust_id left join employee e1_0 on e1_0.emp_id=o2_0.employee_id where o1_0.product_id=?
Hibernate: select p1_0.product_id,p1_0.price_date_time,p1_0.note,p1_0.price from product_price p1_0 where p1_0.product_id=?
Hibernate: select p1_0.product_id,p1_0.image_id,p1_0.alternative,p1_0.path from product_image p1_0 where p1_0.product_id=?
Hibernate: select o1_0.product_id,o1_0.order_id,o2_0.order_id,c1_0.cust_id,c1_0.address,c1_0.email,c1_0.cust_name,c1_0.phone,o2_0.employee_id,e1_0.emp_id,e1_0.address,e1_0.dob,e1_0.email,e1_0.full_name,e1_0.phone,e1_0.status,o2_0.order_date,o1_0.note,o1_0.price,o1_0.quantity from order_detail o1_0 join orders o2_0 on o2_0.order_id=o1_0.order_id left join customer c1_0 on c1_0.cust_id=o2_0.cust_id left join employee e1_0 on e1_0.emp_id=o2_0.employee_id where o1_0.product_id=?
Hibernate: select l1_0.employee_id,l1_0.order_id,c1_0.cust_id,c1_0.address,c1_0.email,c1_0.cust_name,c1_0.phone,l1_0.order_date from orders l1_0 left join customer c1_0 on c1_0.cust_id=l1_0.cust_id where l1_0.employee_id=?
Hibernate: select p1_0.product_id,p1_0.description,p1_0.manufacturer_name,p1_0.name,p1_0.status,p1_0.unit,o1_0.product_id,o1_0.order_id,o2_0.order_id,c1_0.cust_id,c1_0.address,c1_0.email,c1_0.cust_name,c1_0.phone,o2_0.employee_id,e1_0.emp_id,e1_0.address,e1_0.dob,e1_0.email,e1_0.full_name,e1_0.phone,e1_0.status,o2_0.order_date,o1_0.note,o1_0.price,o1_0.quantity from product p1_0 left join order_detail o1_0 on p1_0.product_id=o1_0.product_id left join orders o2_0 on o2_0.order_id=o1_0.order_id left join customer c1_0 on c1_0.cust_id=o2_0.cust_id left join employee e1_0 on e1_0.emp_id=o2_0.employee_id where p1_0.product_id=?
Hibernate: select o1_0.order_id,o1_0.product_id,p1_0.product_id,p1_0.description,p1_0.manufacturer_name,p1_0.name,p1_0.status,p1_0.unit,o1_0.note,o1_0.price,o1_0.quantity from order_detail o1_0 join product p1_0 on p1_0.product_id=o1_0.product_id where o1_0.order_id=?
Hibernate: select p1_0.product_id,p1_0.price_date_time,p1_0.note,p1_0.price from product_price p1_0 where p1_0.product_id=?
Hibernate: select p1_0.product_id,p1_0.image_id,p1_0.alternative,p1_0.path from product_image p1_0 where p1_0.product_id=?
Hibernate: select o1_0.order_id,o1_0.product_id,p1_0.product_id,p1_0.description,p1_0.manufacturer_name,p1_0.name,p1_0.status,p1_0.unit,o1_0.note,o1_0.price,o1_0.quantity from order_detail o1_0 join product p1_0 on p1_0.product_id=o1_0.product_id where o1_0.order_id=?
Hibernate: insert into order_detail (note,price,quantity,order_id,product_id) values (?,?,?,?,?)
Hibernate: select e1_0.emp_id,e1_0.address,e1_0.dob,e1_0.email,e1_0.full_name,e1_0.phone,e1_0.status from employee e1_0 where e1_0.emp_id=?
Hibernate: select c1_0.cust_id,c1_0.address,c1_0.email,c1_0.cust_name,c1_0.phone from customer c1_0 where c1_0.cust_id=?
Hibernate: select o1_0.order_id,c1_0.cust_id,c1_0.address,c1_0.email,c1_0.cust_name,c1_0.phone,o1_0.employee_id,e1_0.emp_id,e1_0.address,e1_0.dob,e1_0.email,e1_0.full_name,e1_0.phone,e1_0.status,o1_0.order_date,o2_0.order_id,o2_0.product_id,p1_0.product_id,p1_0.description,p1_0.manufacturer_name,p1_0.name,p1_0.status,p1_0.unit,o2_0.note,o2_0.price,o2_0.quantity from orders o1_0 left join customer c1_0 on c1_0.cust_id=o1_0.cust_id join employee e1_0 on e1_0.emp_id=o1_0.employee_id left join order_detail o2_0 on o1_0.order_id=o2_0.order_id left join product p1_0 on p1_0.product_id=o2_0.product_id where o1_0.order_id=?
Hibernate: select c1_0.cust_id,c1_0.address,c1_0.email,c1_0.cust_name,c1_0.phone from customer c1_0 where c1_0.cust_id=?
Hibernate: select e1_0.emp_id,e1_0.address,e1_0.dob,e1_0.email,e1_0.full_name,e1_0.phone,e1_0.status from employee e1_0 where e1_0.emp_id=?
Hibernate: insert into orders (cust_id,employee_id,order_date,order_id) values (?,?,?,default)
Hibernate: select p1_0.product_id,p1_0.description,p1_0.manufacturer_name,p1_0.name,p1_0.status,p1_0.unit from product p1_0 where p1_0.product_id=?
Hibernate: select o1_0.order_id,o2_0.order_id,c1_0.cust_id,c1_0.address,c1_0.email,c1_0.cust_name,c1_0.phone,o2_0.employee_id,e1_0.emp_id,e1_0.address,e1_0.dob,e1_0.email,e1_0.full_name,e1_0.phone,e1_0.status,o2_0.order_date,o1_0.product_id,p1_0.product_id,p1_0.description,p1_0.manufacturer_name,p1_0.name,p1_0.status,p1_0.unit,p2_0.product_id,p2_0.image_id,p2_0.alternative,p2_0.path,o1_0.note,o1_0.price,o1_0.quantity from order_detail o1_0 join orders o2_0 on o2_0.order_id=o1_0.order_id left join customer c1_0 on c1_0.cust_id=o2_0.cust_id left join employee e1_0 on e1_0.emp_id=o2_0.employee_id join product p1_0 on p1_0.product_id=o1_0.product_id left join product_image p2_0 on p1_0.product_id=p2_0.product_id where (o1_0.order_id,o1_0.product_id) in ((?,?))
Hibernate: select o1_0.order_id,c1_0.cust_id,c1_0.address,c1_0.email,c1_0.cust_name,c1_0.phone,o1_0.employee_id,e1_0.emp_id,e1_0.address,e1_0.dob,e1_0.email,e1_0.full_name,e1_0.phone,e1_0.status,o1_0.order_date,o2_0.order_id,o2_0.product_id,p1_0.product_id,p1_0.description,p1_0.manufacturer_name,p1_0.name,p1_0.status,p1_0.unit,o2_0.note,o2_0.price,o2_0.quantity from orders o1_0 left join customer c1_0 on c1_0.cust_id=o1_0.cust_id join employee e1_0 on e1_0.emp_id=o1_0.employee_id left join order_detail o2_0 on o1_0.order_id=o2_0.order_id left join product p1_0 on p1_0.product_id=o2_0.product_id where o1_0.order_id=?
Hibernate: select l1_0.employee_id,l1_0.order_id,c1_0.cust_id,c1_0.address,c1_0.email,c1_0.cust_name,c1_0.phone,l1_0.order_date from orders l1_0 left join customer c1_0 on c1_0.cust_id=l1_0.cust_id where l1_0.employee_id=?
Hibernate: select p1_0.product_id,p1_0.description,p1_0.manufacturer_name,p1_0.name,p1_0.status,p1_0.unit,o1_0.product_id,o1_0.order_id,o2_0.order_id,c1_0.cust_id,c1_0.address,c1_0.email,c1_0.cust_name,c1_0.phone,o2_0.employee_id,e1_0.emp_id,e1_0.address,e1_0.dob,e1_0.email,e1_0.full_name,e1_0.phone,e1_0.status,o2_0.order_date,o1_0.note,o1_0.price,o1_0.quantity from product p1_0 left join order_detail o1_0 on p1_0.product_id=o1_0.product_id left join orders o2_0 on o2_0.order_id=o1_0.order_id left join customer c1_0 on c1_0.cust_id=o2_0.cust_id left join employee e1_0 on e1_0.emp_id=o2_0.employee_id where p1_0.product_id=?
Hibernate: select o1_0.order_id,o1_0.product_id,p1_0.product_id,p1_0.description,p1_0.manufacturer_name,p1_0.name,p1_0.status,p1_0.unit,o1_0.note,o1_0.price,o1_0.quantity from order_detail o1_0 join product p1_0 on p1_0.product_id=o1_0.product_id where o1_0.order_id=?
Hibernate: select l1_0.employee_id,l1_0.order_id,c1_0.cust_id,c1_0.address,c1_0.email,c1_0.cust_name,c1_0.phone,l1_0.order_date from orders l1_0 left join customer c1_0 on c1_0.cust_id=l1_0.cust_id where l1_0.employee_id=?
Hibernate: select o1_0.order_id,o1_0.product_id,p1_0.product_id,p1_0.description,p1_0.manufacturer_name,p1_0.name,p1_0.status,p1_0.unit,o1_0.note,o1_0.price,o1_0.quantity from order_detail o1_0 join product p1_0 on p1_0.product_id=o1_0.product_id where o1_0.order_id=?
Hibernate: select o1_0.order_id,o1_0.product_id,p1_0.product_id,p1_0.description,p1_0.manufacturer_name,p1_0.name,p1_0.status,p1_0.unit,o1_0.note,o1_0.price,o1_0.quantity from order_detail o1_0 join product p1_0 on p1_0.product_id=o1_0.product_id where o1_0.order_id=?
Hibernate: select l1_0.employee_id,l1_0.order_id,c1_0.cust_id,c1_0.address,c1_0.email,c1_0.cust_name,c1_0.phone,l1_0.order_date from orders l1_0 left join customer c1_0 on c1_0.cust_id=l1_0.cust_id where l1_0.employee_id=?
Hibernate: select o1_0.order_id,o1_0.product_id,p1_0.product_id,p1_0.description,p1_0.manufacturer_name,p1_0.name,p1_0.status,p1_0.unit,o1_0.note,o1_0.price,o1_0.quantity from order_detail o1_0 join product p1_0 on p1_0.product_id=o1_0.product_id where o1_0.order_id=?
Hibernate: select l1_0.employee_id,l1_0.order_id,c1_0.cust_id,c1_0.address,c1_0.email,c1_0.cust_name,c1_0.phone,l1_0.order_date from orders l1_0 left join customer c1_0 on c1_0.cust_id=l1_0.cust_id where l1_0.employee_id=?
Hibernate: select p1_0.product_id,p1_0.price_date_time,p1_0.note,p1_0.price from product_price p1_0 where p1_0.product_id=?
Hibernate: select p1_0.product_id,p1_0.image_id,p1_0.alternative,p1_0.path from product_image p1_0 where p1_0.product_id=?
Hibernate: select o1_0.order_id,o1_0.product_id,p1_0.product_id,p1_0.description,p1_0.manufacturer_name,p1_0.name,p1_0.status,p1_0.unit,o1_0.note,o1_0.price,o1_0.quantity from order_detail o1_0 join product p1_0 on p1_0.product_id=o1_0.product_id where o1_0.order_id=?
Hibernate: select l1_0.employee_id,l1_0.order_id,c1_0.cust_id,c1_0.address,c1_0.email,c1_0.cust_name,c1_0.phone,l1_0.order_date from orders l1_0 left join customer c1_0 on c1_0.cust_id=l1_0.cust_id where l1_0.employee_id=?
Hibernate: insert into order_detail (note,price,quantity,order_id,product_id) values (?,?,?,?,?)
Hibernate: select p1_0.product_id,p1_0.description,p1_0.manufacturer_name,p1_0.name,p1_0.status,p1_0.unit from product p1_0 where p1_0.product_id=?
Hibernate: select o1_0.order_id,o2_0.order_id,c1_0.cust_id,c1_0.address,c1_0.email,c1_0.cust_name,c1_0.phone,o2_0.employee_id,e1_0.emp_id,e1_0.address,e1_0.dob,e1_0.email,e1_0.full_name,e1_0.phone,e1_0.status,o2_0.order_date,o1_0.product_id,p1_0.product_id,p1_0.description,p1_0.manufacturer_name,p1_0.name,p1_0.status,p1_0.unit,p2_0.product_id,p2_0.image_id,p2_0.alternative,p2_0.path,o1_0.note,o1_0.price,o1_0.quantity from order_detail o1_0 join orders o2_0 on o2_0.order_id=o1_0.order_id left join customer c1_0 on c1_0.cust_id=o2_0.cust_id left join employee e1_0 on e1_0.emp_id=o2_0.employee_id join product p1_0 on p1_0.product_id=o1_0.product_id left join product_image p2_0 on p1_0.product_id=p2_0.product_id where (o1_0.order_id,o1_0.product_id) in ((?,?))
Hibernate: select o1_0.order_id,c1_0.cust_id,c1_0.address,c1_0.email,c1_0.cust_name,c1_0.phone,o1_0.employee_id,e1_0.emp_id,e1_0.address,e1_0.dob,e1_0.email,e1_0.full_name,e1_0.phone,e1_0.status,o1_0.order_date,o2_0.order_id,o2_0.product_id,p1_0.product_id,p1_0.description,p1_0.manufacturer_name,p1_0.name,p1_0.status,p1_0.unit,o2_0.note,o2_0.price,o2_0.quantity from orders o1_0 left join customer c1_0 on c1_0.cust_id=o1_0.cust_id join employee e1_0 on e1_0.emp_id=o1_0.employee_id left join order_detail o2_0 on o1_0.order_id=o2_0.order_id left join product p1_0 on p1_0.product_id=o2_0.product_id where o1_0.order_id=?
Hibernate: select p1_0.product_id,p1_0.price_date_time,p1_0.note,p1_0.price from product_price p1_0 where p1_0.product_id=?
Hibernate: select p1_0.product_id,p1_0.image_id,p1_0.alternative,p1_0.path from product_image p1_0 where p1_0.product_id=?
Hibernate: select o1_0.product_id,o1_0.order_id,o2_0.order_id,c1_0.cust_id,c1_0.address,c1_0.email,c1_0.cust_name,c1_0.phone,o2_0.employee_id,e1_0.emp_id,e1_0.address,e1_0.dob,e1_0.email,e1_0.full_name,e1_0.phone,e1_0.status,o2_0.order_date,o1_0.note,o1_0.price,o1_0.quantity from order_detail o1_0 join orders o2_0 on o2_0.order_id=o1_0.order_id left join customer c1_0 on c1_0.cust_id=o2_0.cust_id left join employee e1_0 on e1_0.emp_id=o2_0.employee_id where o1_0.product_id=?
Hibernate: select l1_0.employee_id,l1_0.order_id,c1_0.cust_id,c1_0.address,c1_0.email,c1_0.cust_name,c1_0.phone,l1_0.order_date from orders l1_0 left join customer c1_0 on c1_0.cust_id=l1_0.cust_id where l1_0.employee_id=?
Hibernate: select p1_0.product_id,p1_0.description,p1_0.manufacturer_name,p1_0.name,p1_0.status,p1_0.unit,o1_0.product_id,o1_0.order_id,o2_0.order_id,c1_0.cust_id,c1_0.address,c1_0.email,c1_0.cust_name,c1_0.phone,o2_0.employee_id,e1_0.emp_id,e1_0.address,e1_0.dob,e1_0.email,e1_0.full_name,e1_0.phone,e1_0.status,o2_0.order_date,o1_0.note,o1_0.price,o1_0.quantity from product p1_0 left join order_detail o1_0 on p1_0.product_id=o1_0.product_id left join orders o2_0 on o2_0.order_id=o1_0.order_id left join customer c1_0 on c1_0.cust_id=o2_0.cust_id left join employee e1_0 on e1_0.emp_id=o2_0.employee_id where p1_0.product_id=?
Hibernate: select o1_0.order_id,o1_0.product_id,p1_0.product_id,p1_0.description,p1_0.manufacturer_name,p1_0.name,p1_0.status,p1_0.unit,o1_0.note,o1_0.price,o1_0.quantity from order_detail o1_0 join product p1_0 on p1_0.product_id=o1_0.product_id where o1_0.order_id=?
Hibernate: select l1_0.employee_id,l1_0.order_id,c1_0.cust_id,c1_0.address,c1_0.email,c1_0.cust_name,c1_0.phone,l1_0.order_date from orders l1_0 left join customer c1_0 on c1_0.cust_id=l1_0.cust_id where l1_0.employee_id=?
Hibernate: select o1_0.order_id,o1_0.product_id,p1_0.product_id,p1_0.description,p1_0.manufacturer_name,p1_0.name,p1_0.status,p1_0.unit,o1_0.note,o1_0.price,o1_0.quantity from order_detail o1_0 join product p1_0 on p1_0.product_id=o1_0.product_id where o1_0.order_id=?
Hibernate: select o1_0.order_id,o1_0.product_id,p1_0.product_id,p1_0.description,p1_0.manufacturer_name,p1_0.name,p1_0.status,p1_0.unit,o1_0.note,o1_0.price,o1_0.quantity from order_detail o1_0 join product p1_0 on p1_0.product_id=o1_0.product_id where o1_0.order_id=?
Hibernate: select o1_0.order_id,o1_0.product_id,p1_0.product_id,p1_0.description,p1_0.manufacturer_name,p1_0.name,p1_0.status,p1_0.unit,o1_0.note,o1_0.price,o1_0.quantity from order_detail o1_0 join product p1_0 on p1_0.product_id=o1_0.product_id where o1_0.order_id=?
Hibernate: select o1_0.order_id,o1_0.product_id,p1_0.product_id,p1_0.description,p1_0.manufacturer_name,p1_0.name,p1_0.status,p1_0.unit,o1_0.note,o1_0.price,o1_0.quantity from order_detail o1_0 join product p1_0 on p1_0.product_id=o1_0.product_id where o1_0.order_id=?
Hibernate: select l1_0.employee_id,l1_0.order_id,c1_0.cust_id,c1_0.address,c1_0.email,c1_0.cust_name,c1_0.phone,l1_0.order_date from orders l1_0 left join customer c1_0 on c1_0.cust_id=l1_0.cust_id where l1_0.employee_id=?
Hibernate: select p1_0.product_id,p1_0.price_date_time,p1_0.note,p1_0.price from product_price p1_0 where p1_0.product_id=?
Hibernate: select p1_0.product_id,p1_0.image_id,p1_0.alternative,p1_0.path from product_image p1_0 where p1_0.product_id=?
Hibernate: select o1_0.order_id,o1_0.product_id,p1_0.product_id,p1_0.description,p1_0.manufacturer_name,p1_0.name,p1_0.status,p1_0.unit,o1_0.note,o1_0.price,o1_0.quantity from order_detail o1_0 join product p1_0 on p1_0.product_id=o1_0.product_id where o1_0.order_id=?
Hibernate: insert into order_detail (note,price,quantity,order_id,product_id) values (?,?,?,?,?)
Hibernate: select p1_0.product_id,p1_0.description,p1_0.manufacturer_name,p1_0.name,p1_0.status,p1_0.unit from product p1_0 where p1_0.product_id=?
Hibernate: select o1_0.order_id,o2_0.order_id,c1_0.cust_id,c1_0.address,c1_0.email,c1_0.cust_name,c1_0.phone,o2_0.employee_id,e1_0.emp_id,e1_0.address,e1_0.dob,e1_0.email,e1_0.full_name,e1_0.phone,e1_0.status,o2_0.order_date,o1_0.product_id,p1_0.product_id,p1_0.description,p1_0.manufacturer_name,p1_0.name,p1_0.status,p1_0.unit,p2_0.product_id,p2_0.image_id,p2_0.alternative,p2_0.path,o1_0.note,o1_0.price,o1_0.quantity from order_detail o1_0 join orders o2_0 on o2_0.order_id=o1_0.order_id left join customer c1_0 on c1_0.cust_id=o2_0.cust_id left join employee e1_0 on e1_0.emp_id=o2_0.employee_id join product p1_0 on p1_0.product_id=o1_0.product_id left join product_image p2_0 on p1_0.product_id=p2_0.product_id where (o1_0.order_id,o1_0.product_id) in ((?,?))
Hibernate: select o1_0.order_id,c1_0.cust_id,c1_0.address,c1_0.email,c1_0.cust_name,c1_0.phone,o1_0.employee_id,e1_0.emp_id,e1_0.address,e1_0.dob,e1_0.email,e1_0.full_name,e1_0.phone,e1_0.status,o1_0.order_date,o2_0.order_id,o2_0.product_id,p1_0.product_id,p1_0.description,p1_0.manufacturer_name,p1_0.name,p1_0.status,p1_0.unit,o2_0.note,o2_0.price,o2_0.quantity from orders o1_0 left join customer c1_0 on c1_0.cust_id=o1_0.cust_id join employee e1_0 on e1_0.emp_id=o1_0.employee_id left join order_detail o2_0 on o1_0.order_id=o2_0.order_id left join product p1_0 on p1_0.product_id=o2_0.product_id where o1_0.order_id=?
Hibernate: select p1_0.product_id,p1_0.price_date_time,p1_0.note,p1_0.price from product_price p1_0 where p1_0.product_id=?
Hibernate: select p1_0.product_id,p1_0.image_id,p1_0.alternative,p1_0.path from product_image p1_0 where p1_0.product_id=?
Hibernate: select o1_0.product_id,o1_0.order_id,o2_0.order_id,c1_0.cust_id,c1_0.address,c1_0.email,c1_0.cust_name,c1_0.phone,o2_0.employee_id,e1_0.emp_id,e1_0.address,e1_0.dob,e1_0.email,e1_0.full_name,e1_0.phone,e1_0.status,o2_0.order_date,o1_0.note,o1_0.price,o1_0.quantity from order_detail o1_0 join orders o2_0 on o2_0.order_id=o1_0.order_id left join customer c1_0 on c1_0.cust_id=o2_0.cust_id left join employee e1_0 on e1_0.emp_id=o2_0.employee_id where o1_0.product_id=?
Hibernate: select p1_0.product_id,p1_0.price_date_time,p1_0.note,p1_0.price from product_price p1_0 where p1_0.product_id=?
Hibernate: select p1_0.product_id,p1_0.image_id,p1_0.alternative,p1_0.path from product_image p1_0 where p1_0.product_id=?
Hibernate: select o1_0.product_id,o1_0.order_id,o2_0.order_id,c1_0.cust_id,c1_0.address,c1_0.email,c1_0.cust_name,c1_0.phone,o2_0.employee_id,e1_0.emp_id,e1_0.address,e1_0.dob,e1_0.email,e1_0.full_name,e1_0.phone,e1_0.status,o2_0.order_date,o1_0.note,o1_0.price,o1_0.quantity from order_detail o1_0 join orders o2_0 on o2_0.order_id=o1_0.order_id left join customer c1_0 on c1_0.cust_id=o2_0.cust_id left join employee e1_0 on e1_0.emp_id=o2_0.employee_id where o1_0.product_id=?
Hibernate: select l1_0.employee_id,l1_0.order_id,c1_0.cust_id,c1_0.address,c1_0.email,c1_0.cust_name,c1_0.phone,l1_0.order_date from orders l1_0 left join customer c1_0 on c1_0.cust_id=l1_0.cust_id where l1_0.employee_id=?
Hibernate: select p1_0.product_id,p1_0.description,p1_0.manufacturer_name,p1_0.name,p1_0.status,p1_0.unit,o1_0.product_id,o1_0.order_id,o2_0.order_id,c1_0.cust_id,c1_0.address,c1_0.email,c1_0.cust_name,c1_0.phone,o2_0.employee_id,e1_0.emp_id,e1_0.address,e1_0.dob,e1_0.email,e1_0.full_name,e1_0.phone,e1_0.status,o2_0.order_date,o1_0.note,o1_0.price,o1_0.quantity from product p1_0 left join order_detail o1_0 on p1_0.product_id=o1_0.product_id left join orders o2_0 on o2_0.order_id=o1_0.order_id left join customer c1_0 on c1_0.cust_id=o2_0.cust_id left join employee e1_0 on e1_0.emp_id=o2_0.employee_id where p1_0.product_id=?
Hibernate: select o1_0.order_id,o1_0.product_id,p1_0.product_id,p1_0.description,p1_0.manufacturer_name,p1_0.name,p1_0.status,p1_0.unit,o1_0.note,o1_0.price,o1_0.quantity from order_detail o1_0 join product p1_0 on p1_0.product_id=o1_0.product_id where o1_0.order_id=?
Hibernate: select o1_0.order_id,o1_0.product_id,p1_0.product_id,p1_0.description,p1_0.manufacturer_name,p1_0.name,p1_0.status,p1_0.unit,o1_0.note,o1_0.price,o1_0.quantity from order_detail o1_0 join product p1_0 on p1_0.product_id=o1_0.product_id where o1_0.order_id=?
Hibernate: select o1_0.order_id,o1_0.product_id,p1_0.product_id,p1_0.description,p1_0.manufacturer_name,p1_0.name,p1_0.status,p1_0.unit,o1_0.note,o1_0.price,o1_0.quantity from order_detail o1_0 join product p1_0 on p1_0.product_id=o1_0.product_id where o1_0.order_id=?
Hibernate: select p1_0.product_id,p1_0.price_date_time,p1_0.note,p1_0.price from product_price p1_0 where p1_0.product_id=?
Hibernate: select p1_0.product_id,p1_0.image_id,p1_0.alternative,p1_0.path from product_image p1_0 where p1_0.product_id=?
Hibernate: select o1_0.order_id,o1_0.product_id,p1_0.product_id,p1_0.description,p1_0.manufacturer_name,p1_0.name,p1_0.status,p1_0.unit,o1_0.note,o1_0.price,o1_0.quantity from order_detail o1_0 join product p1_0 on p1_0.product_id=o1_0.product_id where o1_0.order_id=?
Hibernate: select l1_0.employee_id,l1_0.order_id,c1_0.cust_id,c1_0.address,c1_0.email,c1_0.cust_name,c1_0.phone,l1_0.order_date from orders l1_0 left join customer c1_0 on c1_0.cust_id=l1_0.cust_id where l1_0.employee_id=?
Hibernate: insert into order_detail (note,price,quantity,order_id,product_id) values (?,?,?,?,?)
Hibernate: select e1_0.emp_id,e1_0.address,e1_0.dob,e1_0.email,e1_0.full_name,e1_0.phone,e1_0.status from employee e1_0 where e1_0.emp_id=?
Hibernate: select c1_0.cust_id,c1_0.address,c1_0.email,c1_0.cust_name,c1_0.phone from customer c1_0 where c1_0.cust_id=?
Hibernate: select o1_0.order_id,c1_0.cust_id,c1_0.address,c1_0.email,c1_0.cust_name,c1_0.phone,o1_0.employee_id,e1_0.emp_id,e1_0.address,e1_0.dob,e1_0.email,e1_0.full_name,e1_0.phone,e1_0.status,o1_0.order_date,o2_0.order_id,o2_0.product_id,p1_0.product_id,p1_0.description,p1_0.manufacturer_name,p1_0.name,p1_0.status,p1_0.unit,o2_0.note,o2_0.price,o2_0.quantity from orders o1_0 left join customer c1_0 on c1_0.cust_id=o1_0.cust_id join employee e1_0 on e1_0.emp_id=o1_0.employee_id left join order_detail o2_0 on o1_0.order_id=o2_0.order_id left join product p1_0 on p1_0.product_id=o2_0.product_id where o1_0.order_id=?
Hibernate: select c1_0.cust_id,c1_0.address,c1_0.email,c1_0.cust_name,c1_0.phone from customer c1_0 where c1_0.cust_id=?
Hibernate: select e1_0.emp_id,e1_0.address,e1_0.dob,e1_0.email,e1_0.full_name,e1_0.phone,e1_0.status from employee e1_0 where e1_0.emp_id=?
Hibernate: insert into orders (cust_id,employee_id,order_date,order_id) values (?,?,?,default)
Hibernate: select p1_0.product_id,p1_0.description,p1_0.manufacturer_name,p1_0.name,p1_0.status,p1_0.unit from product p1_0 where p1_0.product_id=?
Hibernate: select o1_0.order_id,o2_0.order_id,c1_0.cust_id,c1_0.address,c1_0.email,c1_0.cust_name,c1_0.phone,o2_0.employee_id,e1_0.emp_id,e1_0.address,e1_0.dob,e1_0.email,e1_0.full_name,e1_0.phone,e1_0.status,o2_0.order_date,o1_0.product_id,p1_0.product_id,p1_0.description,p1_0.manufacturer_name,p1_0.name,p1_0.status,p1_0.unit,p2_0.product_id,p2_0.image_id,p2_0.alternative,p2_0.path,o1_0.note,o1_0.price,o1_0.quantity from order_detail o1_0 join orders o2_0 on o2_0.order_id=o1_0.order_id left join customer c1_0 on c1_0.cust_id=o2_0.cust_id left join employee e1_0 on e1_0.emp_id=o2_0.employee_id join product p1_0 on p1_0.product_id=o1_0.product_id left join product_image p2_0 on p1_0.product_id=p2_0.product_id where (o1_0.order_id,o1_0.product_id) in ((?,?))
Hibernate: select o1_0.order_id,c1_0.cust_id,c1_0.address,c1_0.email,c1_0.cust_name,c1_0.phone,o1_0.employee_id,e1_0.emp_id,e1_0.address,e1_0.dob,e1_0.email,e1_0.full_name,e1_0.phone,e1_0.status,o1_0.order_date,o2_0.order_id,o2_0.product_id,p1_0.product_id,p1_0.description,p1_0.manufacturer_name,p1_0.name,p1_0.status,p1_0.unit,o2_0.note,o2_0.price,o2_0.quantity from orders o1_0 left join customer c1_0 on c1_0.cust_id=o1_0.cust_id join employee e1_0 on e1_0.emp_id=o1_0.employee_id left join order_detail o2_0 on o1_0.order_id=o2_0.order_id left join product p1_0 on p1_0.product_id=o2_0.product_id where o1_0.order_id=?
Hibernate: select l1_0.employee_id,l1_0.order_id,c1_0.cust_id,c1_0.address,c1_0.email,c1_0.cust_name,c1_0.phone,l1_0.order_date from orders l1_0 left join customer c1_0 on c1_0.cust_id=l1_0.cust_id where l1_0.employee_id=?
Hibernate: select p1_0.product_id,p1_0.description,p1_0.manufacturer_name,p1_0.name,p1_0.status,p1_0.unit,o1_0.product_id,o1_0.order_id,o2_0.order_id,c1_0.cust_id,c1_0.address,c1_0.email,c1_0.cust_name,c1_0.phone,o2_0.employee_id,e1_0.emp_id,e1_0.address,e1_0.dob,e1_0.email,e1_0.full_name,e1_0.phone,e1_0.status,o2_0.order_date,o1_0.note,o1_0.price,o1_0.quantity from product p1_0 left join order_detail o1_0 on p1_0.product_id=o1_0.product_id left join orders o2_0 on o2_0.order_id=o1_0.order_id left join customer c1_0 on c1_0.cust_id=o2_0.cust_id left join employee e1_0 on e1_0.emp_id=o2_0.employee_id where p1_0.product_id=?
Hibernate: select o1_0.order_id,o1_0.product_id,p1_0.product_id,p1_0.description,p1_0.manufacturer_name,p1_0.name,p1_0.status,p1_0.unit,o1_0.note,o1_0.price,o1_0.quantity from order_detail o1_0 join product p1_0 on p1_0.product_id=o1_0.product_id where o1_0.order_id=?
Hibernate: select l1_0.employee_id,l1_0.order_id,c1_0.cust_id,c1_0.address,c1_0.email,c1_0.cust_name,c1_0.phone,l1_0.order_date from orders l1_0 left join customer c1_0 on c1_0.cust_id=l1_0.cust_id where l1_0.employee_id=?
Hibernate: select p1_0.product_id,p1_0.price_date_time,p1_0.note,p1_0.price from product_price p1_0 where p1_0.product_id=?
Hibernate: select p1_0.product_id,p1_0.image_id,p1_0.alternative,p1_0.path from product_image p1_0 where p1_0.product_id=?
Hibernate: insert into order_detail (note,price,quantity,order_id,product_id) values (?,?,?,?,?)
Hibernate: select p1_0.product_id,p1_0.description,p1_0.manufacturer_name,p1_0.name,p1_0.status,p1_0.unit from product p1_0 where p1_0.product_id=?
Hibernate: select o1_0.order_id,o2_0.order_id,c1_0.cust_id,c1_0.address,c1_0.email,c1_0.cust_name,c1_0.phone,o2_0.employee_id,e1_0.emp_id,e1_0.address,e1_0.dob,e1_0.email,e1_0.full_name,e1_0.phone,e1_0.status,o2_0.order_date,o1_0.product_id,p1_0.product_id,p1_0.description,p1_0.manufacturer_name,p1_0.name,p1_0.status,p1_0.unit,p2_0.product_id,p2_0.image_id,p2_0.alternative,p2_0.path,o1_0.note,o1_0.price,o1_0.quantity from order_detail o1_0 join orders o2_0 on o2_0.order_id=o1_0.order_id left join customer c1_0 on c1_0.cust_id=o2_0.cust_id left join employee e1_0 on e1_0.emp_id=o2_0.employee_id join product p1_0 on p1_0.product_id=o1_0.product_id left join product_image p2_0 on p1_0.product_id=p2_0.product_id where (o1_0.order_id,o1_0.product_id) in ((?,?))
Hibernate: select o1_0.order_id,c1_0.cust_id,c1_0.address,c1_0.email,c1_0.cust_name,c1_0.phone,o1_0.employee_id,e1_0.emp_id,e1_0.address,e1_0.dob,e1_0.email,e1_0.full_name,e1_0.phone,e1_0.status,o1_0.order_date,o2_0.order_id,o2_0.product_id,p1_0.product_id,p1_0.description,p1_0.manufacturer_name,p1_0.name,p1_0.status,p1_0.unit,o2_0.note,o2_0.price,o2_0.quantity from orders o1_0 left join customer c1_0 on c1_0.cust_id=o1_0.cust_id join employee e1_0 on e1_0.emp_id=o1_0.employee_id left join order_detail o2_0 on o1_0.order_id=o2_0.order_id left join product p1_0 on p1_0.product_id=o2_0.product_id where o1_0.order_id=?
Hibernate: select p1_0.product_id,p1_0.price_date_time,p1_0.note,p1_0.price from product_price p1_0 where p1_0.product_id=?
Hibernate: select p1_0.product_id,p1_0.image_id,p1_0.alternative,p1_0.path from product_image p1_0 where p1_0.product_id=?
Hibernate: select o1_0.product_id,o1_0.order_id,o2_0.order_id,c1_0.cust_id,c1_0.address,c1_0.email,c1_0.cust_name,c1_0.phone,o2_0.employee_id,e1_0.emp_id,e1_0.address,e1_0.dob,e1_0.email,e1_0.full_name,e1_0.phone,e1_0.status,o2_0.order_date,o1_0.note,o1_0.price,o1_0.quantity from order_detail o1_0 join orders o2_0 on o2_0.order_id=o1_0.order_id left join customer c1_0 on c1_0.cust_id=o2_0.cust_id left join employee e1_0 on e1_0.emp_id=o2_0.employee_id where o1_0.product_id=?
Hibernate: select l1_0.employee_id,l1_0.order_id,c1_0.cust_id,c1_0.address,c1_0.email,c1_0.cust_name,c1_0.phone,l1_0.order_date from orders l1_0 left join customer c1_0 on c1_0.cust_id=l1_0.cust_id where l1_0.employee_id=?
Hibernate: select p1_0.product_id,p1_0.description,p1_0.manufacturer_name,p1_0.name,p1_0.status,p1_0.unit,o1_0.product_id,o1_0.order_id,o2_0.order_id,c1_0.cust_id,c1_0.address,c1_0.email,c1_0.cust_name,c1_0.phone,o2_0.employee_id,e1_0.emp_id,e1_0.address,e1_0.dob,e1_0.email,e1_0.full_name,e1_0.phone,e1_0.status,o2_0.order_date,o1_0.note,o1_0.price,o1_0.quantity from product p1_0 left join order_detail o1_0 on p1_0.product_id=o1_0.product_id left join orders o2_0 on o2_0.order_id=o1_0.order_id left join customer c1_0 on c1_0.cust_id=o2_0.cust_id left join employee e1_0 on e1_0.emp_id=o2_0.employee_id where p1_0.product_id=?
Hibernate: select o1_0.order_id,o1_0.product_id,p1_0.product_id,p1_0.description,p1_0.manufacturer_name,p1_0.name,p1_0.status,p1_0.unit,o1_0.note,o1_0.price,o1_0.quantity from order_detail o1_0 join product p1_0 on p1_0.product_id=o1_0.product_id where o1_0.order_id=?
Hibernate: select l1_0.employee_id,l1_0.order_id,c1_0.cust_id,c1_0.address,c1_0.email,c1_0.cust_name,c1_0.phone,l1_0.order_date from orders l1_0 left join customer c1_0 on c1_0.cust_id=l1_0.cust_id where l1_0.employee_id=?
Hibernate: select o1_0.order_id,o1_0.product_id,p1_0.product_id,p1_0.description,p1_0.manufacturer_name,p1_0.name,p1_0.status,p1_0.unit,o1_0.note,o1_0.price,o1_0.quantity from order_detail o1_0 join product p1_0 on p1_0.product_id=o1_0.product_id where o1_0.order_id=?
Hibernate: select o1_0.order_id,o1_0.product_id,p1_0.product_id,p1_0.description,p1_0.manufacturer_name,p1_0.name,p1_0.status,p1_0.unit,o1_0.note,o1_0.price,o1_0.quantity from order_detail o1_0 join product p1_0 on p1_0.product_id=o1_0.product_id where o1_0.order_id=?
Hibernate: select l1_0.employee_id,l1_0.order_id,c1_0.cust_id,c1_0.address,c1_0.email,c1_0.cust_name,c1_0.phone,l1_0.order_date from orders l1_0 left join customer c1_0 on c1_0.cust_id=l1_0.cust_id where l1_0.employee_id=?
Hibernate: select o1_0.order_id,o1_0.product_id,p1_0.product_id,p1_0.description,p1_0.manufacturer_name,p1_0.name,p1_0.status,p1_0.unit,o1_0.note,o1_0.price,o1_0.quantity from order_detail o1_0 join product p1_0 on p1_0.product_id=o1_0.product_id where o1_0.order_id=?
Hibernate: select l1_0.employee_id,l1_0.order_id,c1_0.cust_id,c1_0.address,c1_0.email,c1_0.cust_name,c1_0.phone,l1_0.order_date from orders l1_0 left join customer c1_0 on c1_0.cust_id=l1_0.cust_id where l1_0.employee_id=?
Hibernate: select p1_0.product_id,p1_0.price_date_time,p1_0.note,p1_0.price from product_price p1_0 where p1_0.product_id=?
Hibernate: select p1_0.product_id,p1_0.image_id,p1_0.alternative,p1_0.path from product_image p1_0 where p1_0.product_id=?
Hibernate: select o1_0.order_id,o1_0.product_id,p1_0.product_id,p1_0.description,p1_0.manufacturer_name,p1_0.name,p1_0.status,p1_0.unit,o1_0.note,o1_0.price,o1_0.quantity from order_detail o1_0 join product p1_0 on p1_0.product_id=o1_0.product_id where o1_0.order_id=?
Hibernate: insert into order_detail (note,price,quantity,order_id,product_id) values (?,?,?,?,?)
Hibernate: select p1_0.product_id,p1_0.description,p1_0.manufacturer_name,p1_0.name,p1_0.status,p1_0.unit from product p1_0 where p1_0.product_id=?
Hibernate: select o1_0.order_id,o2_0.order_id,c1_0.cust_id,c1_0.address,c1_0.email,c1_0.cust_name,c1_0.phone,o2_0.employee_id,e1_0.emp_id,e1_0.address,e1_0.dob,e1_0.email,e1_0.full_name,e1_0.phone,e1_0.status,o2_0.order_date,o1_0.product_id,p1_0.product_id,p1_0.description,p1_0.manufacturer_name,p1_0.name,p1_0.status,p1_0.unit,p2_0.product_id,p2_0.image_id,p2_0.alternative,p2_0.path,o1_0.note,o1_0.price,o1_0.quantity from order_detail o1_0 join orders o2_0 on o2_0.order_id=o1_0.order_id left join customer c1_0 on c1_0.cust_id=o2_0.cust_id left join employee e1_0 on e1_0.emp_id=o2_0.employee_id join product p1_0 on p1_0.product_id=o1_0.product_id left join product_image p2_0 on p1_0.product_id=p2_0.product_id where (o1_0.order_id,o1_0.product_id) in ((?,?))
Hibernate: select o1_0.order_id,c1_0.cust_id,c1_0.address,c1_0.email,c1_0.cust_name,c1_0.phone,o1_0.employee_id,e1_0.emp_id,e1_0.address,e1_0.dob,e1_0.email,e1_0.full_name,e1_0.phone,e1_0.status,o1_0.order_date,o2_0.order_id,o2_0.product_id,p1_0.product_id,p1_0.description,p1_0.manufacturer_name,p1_0.name,p1_0.status,p1_0.unit,o2_0.note,o2_0.price,o2_0.quantity from orders o1_0 left join customer c1_0 on c1_0.cust_id=o1_0.cust_id join employee e1_0 on e1_0.emp_id=o1_0.employee_id left join order_detail o2_0 on o1_0.order_id=o2_0.order_id left join product p1_0 on p1_0.product_id=o2_0.product_id where o1_0.order_id=?
Hibernate: select p1_0.product_id,p1_0.price_date_time,p1_0.note,p1_0.price from product_price p1_0 where p1_0.product_id=?
Hibernate: select p1_0.product_id,p1_0.image_id,p1_0.alternative,p1_0.path from product_image p1_0 where p1_0.product_id=?
Hibernate: select o1_0.product_id,o1_0.order_id,o2_0.order_id,c1_0.cust_id,c1_0.address,c1_0.email,c1_0.cust_name,c1_0.phone,o2_0.employee_id,e1_0.emp_id,e1_0.address,e1_0.dob,e1_0.email,e1_0.full_name,e1_0.phone,e1_0.status,o2_0.order_date,o1_0.note,o1_0.price,o1_0.quantity from order_detail o1_0 join orders o2_0 on o2_0.order_id=o1_0.order_id left join customer c1_0 on c1_0.cust_id=o2_0.cust_id left join employee e1_0 on e1_0.emp_id=o2_0.employee_id where o1_0.product_id=?
Hibernate: select p1_0.product_id,p1_0.price_date_time,p1_0.note,p1_0.price from product_price p1_0 where p1_0.product_id=?
Hibernate: select p1_0.product_id,p1_0.image_id,p1_0.alternative,p1_0.path from product_image p1_0 where p1_0.product_id=?
Hibernate: select o1_0.product_id,o1_0.order_id,o2_0.order_id,c1_0.cust_id,c1_0.address,c1_0.email,c1_0.cust_name,c1_0.phone,o2_0.employee_id,e1_0.emp_id,e1_0.address,e1_0.dob,e1_0.email,e1_0.full_name,e1_0.phone,e1_0.status,o2_0.order_date,o1_0.note,o1_0.price,o1_0.quantity from order_detail o1_0 join orders o2_0 on o2_0.order_id=o1_0.order_id left join customer c1_0 on c1_0.cust_id=o2_0.cust_id left join employee e1_0 on e1_0.emp_id=o2_0.employee_id where o1_0.product_id=?
Hibernate: select l1_0.employee_id,l1_0.order_id,c1_0.cust_id,c1_0.address,c1_0.email,c1_0.cust_name,c1_0.phone,l1_0.order_date from orders l1_0 left join customer c1_0 on c1_0.cust_id=l1_0.cust_id where l1_0.employee_id=?
Hibernate: select p1_0.product_id,p1_0.description,p1_0.manufacturer_name,p1_0.name,p1_0.status,p1_0.unit,o1_0.product_id,o1_0.order_id,o2_0.order_id,c1_0.cust_id,c1_0.address,c1_0.email,c1_0.cust_name,c1_0.phone,o2_0.employee_id,e1_0.emp_id,e1_0.address,e1_0.dob,e1_0.email,e1_0.full_name,e1_0.phone,e1_0.status,o2_0.order_date,o1_0.note,o1_0.price,o1_0.quantity from product p1_0 left join order_detail o1_0 on p1_0.product_id=o1_0.product_id left join orders o2_0 on o2_0.order_id=o1_0.order_id left join customer c1_0 on c1_0.cust_id=o2_0.cust_id left join employee e1_0 on e1_0.emp_id=o2_0.employee_id where p1_0.product_id=?
Hibernate: select o1_0.order_id,o1_0.product_id,p1_0.product_id,p1_0.description,p1_0.manufacturer_name,p1_0.name,p1_0.status,p1_0.unit,o1_0.note,o1_0.price,o1_0.quantity from order_detail o1_0 join product p1_0 on p1_0.product_id=o1_0.product_id where o1_0.order_id=?
Hibernate: select l1_0.employee_id,l1_0.order_id,c1_0.cust_id,c1_0.address,c1_0.email,c1_0.cust_name,c1_0.phone,l1_0.order_date from orders l1_0 left join customer c1_0 on c1_0.cust_id=l1_0.cust_id where l1_0.employee_id=?
Hibernate: select o1_0.order_id,o1_0.product_id,p1_0.product_id,p1_0.description,p1_0.manufacturer_name,p1_0.name,p1_0.status,p1_0.unit,o1_0.note,o1_0.price,o1_0.quantity from order_detail o1_0 join product p1_0 on p1_0.product_id=o1_0.product_id where o1_0.order_id=?
Hibernate: select o1_0.order_id,o1_0.product_id,p1_0.product_id,p1_0.description,p1_0.manufacturer_name,p1_0.name,p1_0.status,p1_0.unit,o1_0.note,o1_0.price,o1_0.quantity from order_detail o1_0 join product p1_0 on p1_0.product_id=o1_0.product_id where o1_0.order_id=?
Hibernate: select l1_0.employee_id,l1_0.order_id,c1_0.cust_id,c1_0.address,c1_0.email,c1_0.cust_name,c1_0.phone,l1_0.order_date from orders l1_0 left join customer c1_0 on c1_0.cust_id=l1_0.cust_id where l1_0.employee_id=?
Hibernate: select o1_0.order_id,o1_0.product_id,p1_0.product_id,p1_0.description,p1_0.manufacturer_name,p1_0.name,p1_0.status,p1_0.unit,o1_0.note,o1_0.price,o1_0.quantity from order_detail o1_0 join product p1_0 on p1_0.product_id=o1_0.product_id where o1_0.order_id=?
Hibernate: select o1_0.order_id,o1_0.product_id,p1_0.product_id,p1_0.description,p1_0.manufacturer_name,p1_0.name,p1_0.status,p1_0.unit,o1_0.note,o1_0.price,o1_0.quantity from order_detail o1_0 join product p1_0 on p1_0.product_id=o1_0.product_id where o1_0.order_id=?
Hibernate: select l1_0.employee_id,l1_0.order_id,c1_0.cust_id,c1_0.address,c1_0.email,c1_0.cust_name,c1_0.phone,l1_0.order_date from orders l1_0 left join customer c1_0 on c1_0.cust_id=l1_0.cust_id where l1_0.employee_id=?
Hibernate: select p1_0.product_id,p1_0.price_date_time,p1_0.note,p1_0.price from product_price p1_0 where p1_0.product_id=?
Hibernate: select p1_0.product_id,p1_0.image_id,p1_0.alternative,p1_0.path from product_image p1_0 where p1_0.product_id=?
Hibernate: select o1_0.order_id,o1_0.product_id,p1_0.product_id,p1_0.description,p1_0.manufacturer_name,p1_0.name,p1_0.status,p1_0.unit,o1_0.note,o1_0.price,o1_0.quantity from order_detail o1_0 join product p1_0 on p1_0.product_id=o1_0.product_id where o1_0.order_id=?
Hibernate: insert into order_detail (note,price,quantity,order_id,product_id) values (?,?,?,?,?)
Hibernate: select e1_0.emp_id,e1_0.address,e1_0.dob,e1_0.email,e1_0.full_name,e1_0.phone,e1_0.status from employee e1_0 where e1_0.emp_id=?
Hibernate: select c1_0.cust_id,c1_0.address,c1_0.email,c1_0.cust_name,c1_0.phone from customer c1_0 where c1_0.cust_id=?
Hibernate: select o1_0.order_id,c1_0.cust_id,c1_0.address,c1_0.email,c1_0.cust_name,c1_0.phone,o1_0.employee_id,e1_0.emp_id,e1_0.address,e1_0.dob,e1_0.email,e1_0.full_name,e1_0.phone,e1_0.status,o1_0.order_date,o2_0.order_id,o2_0.product_id,p1_0.product_id,p1_0.description,p1_0.manufacturer_name,p1_0.name,p1_0.status,p1_0.unit,o2_0.note,o2_0.price,o2_0.quantity from orders o1_0 left join customer c1_0 on c1_0.cust_id=o1_0.cust_id join employee e1_0 on e1_0.emp_id=o1_0.employee_id left join order_detail o2_0 on o1_0.order_id=o2_0.order_id left join product p1_0 on p1_0.product_id=o2_0.product_id where o1_0.order_id=?
Hibernate: select c1_0.cust_id,c1_0.address,c1_0.email,c1_0.cust_name,c1_0.phone from customer c1_0 where c1_0.cust_id=?
Hibernate: select e1_0.emp_id,e1_0.address,e1_0.dob,e1_0.email,e1_0.full_name,e1_0.phone,e1_0.status from employee e1_0 where e1_0.emp_id=?
Hibernate: insert into orders (cust_id,employee_id,order_date,order_id) values (?,?,?,default)
Hibernate: select p1_0.product_id,p1_0.description,p1_0.manufacturer_name,p1_0.name,p1_0.status,p1_0.unit from product p1_0 where p1_0.product_id=?
Hibernate: select o1_0.order_id,o2_0.order_id,c1_0.cust_id,c1_0.address,c1_0.email,c1_0.cust_name,c1_0.phone,o2_0.employee_id,e1_0.emp_id,e1_0.address,e1_0.dob,e1_0.email,e1_0.full_name,e1_0.phone,e1_0.status,o2_0.order_date,o1_0.product_id,p1_0.product_id,p1_0.description,p1_0.manufacturer_name,p1_0.name,p1_0.status,p1_0.unit,p2_0.product_id,p2_0.image_id,p2_0.alternative,p2_0.path,o1_0.note,o1_0.price,o1_0.quantity from order_detail o1_0 join orders o2_0 on o2_0.order_id=o1_0.order_id left join customer c1_0 on c1_0.cust_id=o2_0.cust_id left join employee e1_0 on e1_0.emp_id=o2_0.employee_id join product p1_0 on p1_0.product_id=o1_0.product_id left join product_image p2_0 on p1_0.product_id=p2_0.product_id where (o1_0.order_id,o1_0.product_id) in ((?,?))
Hibernate: select o1_0.order_id,c1_0.cust_id,c1_0.address,c1_0.email,c1_0.cust_name,c1_0.phone,o1_0.employee_id,e1_0.emp_id,e1_0.address,e1_0.dob,e1_0.email,e1_0.full_name,e1_0.phone,e1_0.status,o1_0.order_date,o2_0.order_id,o2_0.product_id,p1_0.product_id,p1_0.description,p1_0.manufacturer_name,p1_0.name,p1_0.status,p1_0.unit,o2_0.note,o2_0.price,o2_0.quantity from orders o1_0 left join customer c1_0 on c1_0.cust_id=o1_0.cust_id join employee e1_0 on e1_0.emp_id=o1_0.employee_id left join order_detail o2_0 on o1_0.order_id=o2_0.order_id left join product p1_0 on p1_0.product_id=o2_0.product_id where o1_0.order_id=?
Hibernate: select l1_0.employee_id,l1_0.order_id,c1_0.cust_id,c1_0.address,c1_0.email,c1_0.cust_name,c1_0.phone,l1_0.order_date from orders l1_0 left join customer c1_0 on c1_0.cust_id=l1_0.cust_id where l1_0.employee_id=?
Hibernate: select p1_0.product_id,p1_0.description,p1_0.manufacturer_name,p1_0.name,p1_0.status,p1_0.unit,o1_0.product_id,o1_0.order_id,o2_0.order_id,c1_0.cust_id,c1_0.address,c1_0.email,c1_0.cust_name,c1_0.phone,o2_0.employee_id,e1_0.emp_id,e1_0.address,e1_0.dob,e1_0.email,e1_0.full_name,e1_0.phone,e1_0.status,o2_0.order_date,o1_0.note,o1_0.price,o1_0.quantity from product p1_0 left join order_detail o1_0 on p1_0.product_id=o1_0.product_id left join orders o2_0 on o2_0.order_id=o1_0.order_id left join customer c1_0 on c1_0.cust_id=o2_0.cust_id left join employee e1_0 on e1_0.emp_id=o2_0.employee_id where p1_0.product_id=?
Hibernate: select o1_0.order_id,o1_0.product_id,p1_0.product_id,p1_0.description,p1_0.manufacturer_name,p1_0.name,p1_0.status,p1_0.unit,o1_0.note,o1_0.price,o1_0.quantity from order_detail o1_0 join product p1_0 on p1_0.product_id=o1_0.product_id where o1_0.order_id=?
Hibernate: select o1_0.order_id,o1_0.product_id,p1_0.product_id,p1_0.description,p1_0.manufacturer_name,p1_0.name,p1_0.status,p1_0.unit,o1_0.note,o1_0.price,o1_0.quantity from order_detail o1_0 join product p1_0 on p1_0.product_id=o1_0.product_id where o1_0.order_id=?
Hibernate: select o1_0.order_id,o1_0.product_id,p1_0.product_id,p1_0.description,p1_0.manufacturer_name,p1_0.name,p1_0.status,p1_0.unit,o1_0.note,o1_0.price,o1_0.quantity from order_detail o1_0 join product p1_0 on p1_0.product_id=o1_0.product_id where o1_0.order_id=?
Hibernate: select o1_0.order_id,o1_0.product_id,p1_0.product_id,p1_0.description,p1_0.manufacturer_name,p1_0.name,p1_0.status,p1_0.unit,o1_0.note,o1_0.price,o1_0.quantity from order_detail o1_0 join product p1_0 on p1_0.product_id=o1_0.product_id where o1_0.order_id=?
Hibernate: select l1_0.employee_id,l1_0.order_id,c1_0.cust_id,c1_0.address,c1_0.email,c1_0.cust_name,c1_0.phone,l1_0.order_date from orders l1_0 left join customer c1_0 on c1_0.cust_id=l1_0.cust_id where l1_0.employee_id=?
Hibernate: select o1_0.order_id,o1_0.product_id,p1_0.product_id,p1_0.description,p1_0.manufacturer_name,p1_0.name,p1_0.status,p1_0.unit,o1_0.note,o1_0.price,o1_0.quantity from order_detail o1_0 join product p1_0 on p1_0.product_id=o1_0.product_id where o1_0.order_id=?
Hibernate: select o1_0.order_id,o1_0.product_id,p1_0.product_id,p1_0.description,p1_0.manufacturer_name,p1_0.name,p1_0.status,p1_0.unit,o1_0.note,o1_0.price,o1_0.quantity from order_detail o1_0 join product p1_0 on p1_0.product_id=o1_0.product_id where o1_0.order_id=?
Hibernate: select l1_0.employee_id,l1_0.order_id,c1_0.cust_id,c1_0.address,c1_0.email,c1_0.cust_name,c1_0.phone,l1_0.order_date from orders l1_0 left join customer c1_0 on c1_0.cust_id=l1_0.cust_id where l1_0.employee_id=?
Hibernate: select o1_0.order_id,o1_0.product_id,p1_0.product_id,p1_0.description,p1_0.manufacturer_name,p1_0.name,p1_0.status,p1_0.unit,o1_0.note,o1_0.price,o1_0.quantity from order_detail o1_0 join product p1_0 on p1_0.product_id=o1_0.product_id where o1_0.order_id=?
Hibernate: select l1_0.employee_id,l1_0.order_id,c1_0.cust_id,c1_0.address,c1_0.email,c1_0.cust_name,c1_0.phone,l1_0.order_date from orders l1_0 left join customer c1_0 on c1_0.cust_id=l1_0.cust_id where l1_0.employee_id=?
Hibernate: select o1_0.order_id,o1_0.product_id,p1_0.product_id,p1_0.description,p1_0.manufacturer_name,p1_0.name,p1_0.status,p1_0.unit,o1_0.note,o1_0.price,o1_0.quantity from order_detail o1_0 join product p1_0 on p1_0.product_id=o1_0.product_id where o1_0.order_id=?
Hibernate: select l1_0.employee_id,l1_0.order_id,c1_0.cust_id,c1_0.address,c1_0.email,c1_0.cust_name,c1_0.phone,l1_0.order_date from orders l1_0 left join customer c1_0 on c1_0.cust_id=l1_0.cust_id where l1_0.employee_id=?
Hibernate: select p1_0.product_id,p1_0.price_date_time,p1_0.note,p1_0.price from product_price p1_0 where p1_0.product_id=?
Hibernate: select p1_0.product_id,p1_0.image_id,p1_0.alternative,p1_0.path from product_image p1_0 where p1_0.product_id=?
Hibernate: select o1_0.order_id,o1_0.product_id,p1_0.product_id,p1_0.description,p1_0.manufacturer_name,p1_0.name,p1_0.status,p1_0.unit,o1_0.note,o1_0.price,o1_0.quantity from order_detail o1_0 join product p1_0 on p1_0.product_id=o1_0.product_id where o1_0.order_id=?
Hibernate: select l1_0.employee_id,l1_0.order_id,c1_0.cust_id,c1_0.address,c1_0.email,c1_0.cust_name,c1_0.phone,l1_0.order_date from orders l1_0 left join customer c1_0 on c1_0.cust_id=l1_0.cust_id where l1_0.employee_id=?
Hibernate: insert into order_detail (note,price,quantity,order_id,product_id) values (?,?,?,?,?)
Hibernate: select p1_0.product_id,p1_0.description,p1_0.manufacturer_name,p1_0.name,p1_0.status,p1_0.unit from product p1_0 where p1_0.product_id=?
Hibernate: select o1_0.order_id,o2_0.order_id,c1_0.cust_id,c1_0.address,c1_0.email,c1_0.cust_name,c1_0.phone,o2_0.employee_id,e1_0.emp_id,e1_0.address,e1_0.dob,e1_0.email,e1_0.full_name,e1_0.phone,e1_0.status,o2_0.order_date,o1_0.product_id,p1_0.product_id,p1_0.description,p1_0.manufacturer_name,p1_0.name,p1_0.status,p1_0.unit,p2_0.product_id,p2_0.image_id,p2_0.alternative,p2_0.path,o1_0.note,o1_0.price,o1_0.quantity from order_detail o1_0 join orders o2_0 on o2_0.order_id=o1_0.order_id left join customer c1_0 on c1_0.cust_id=o2_0.cust_id left join employee e1_0 on e1_0.emp_id=o2_0.employee_id join product p1_0 on p1_0.product_id=o1_0.product_id left join product_image p2_0 on p1_0.product_id=p2_0.product_id where (o1_0.order_id,o1_0.product_id) in ((?,?))
Hibernate: select o1_0.order_id,c1_0.cust_id,c1_0.address,c1_0.email,c1_0.cust_name,c1_0.phone,o1_0.employee_id,e1_0.emp_id,e1_0.address,e1_0.dob,e1_0.email,e1_0.full_name,e1_0.phone,e1_0.status,o1_0.order_date,o2_0.order_id,o2_0.product_id,p1_0.product_id,p1_0.description,p1_0.manufacturer_name,p1_0.name,p1_0.status,p1_0.unit,o2_0.note,o2_0.price,o2_0.quantity from orders o1_0 left join customer c1_0 on c1_0.cust_id=o1_0.cust_id join employee e1_0 on e1_0.emp_id=o1_0.employee_id left join order_detail o2_0 on o1_0.order_id=o2_0.order_id left join product p1_0 on p1_0.product_id=o2_0.product_id where o1_0.order_id=?
Hibernate: select p1_0.product_id,p1_0.price_date_time,p1_0.note,p1_0.price from product_price p1_0 where p1_0.product_id=?
Hibernate: select p1_0.product_id,p1_0.image_id,p1_0.alternative,p1_0.path from product_image p1_0 where p1_0.product_id=?
Hibernate: select o1_0.product_id,o1_0.order_id,o2_0.order_id,c1_0.cust_id,c1_0.address,c1_0.email,c1_0.cust_name,c1_0.phone,o2_0.employee_id,e1_0.emp_id,e1_0.address,e1_0.dob,e1_0.email,e1_0.full_name,e1_0.phone,e1_0.status,o2_0.order_date,o1_0.note,o1_0.price,o1_0.quantity from order_detail o1_0 join orders o2_0 on o2_0.order_id=o1_0.order_id left join customer c1_0 on c1_0.cust_id=o2_0.cust_id left join employee e1_0 on e1_0.emp_id=o2_0.employee_id where o1_0.product_id=?
Hibernate: select l1_0.employee_id,l1_0.order_id,c1_0.cust_id,c1_0.address,c1_0.email,c1_0.cust_name,c1_0.phone,l1_0.order_date from orders l1_0 left join customer c1_0 on c1_0.cust_id=l1_0.cust_id where l1_0.employee_id=?
Hibernate: select p1_0.product_id,p1_0.description,p1_0.manufacturer_name,p1_0.name,p1_0.status,p1_0.unit,o1_0.product_id,o1_0.order_id,o2_0.order_id,c1_0.cust_id,c1_0.address,c1_0.email,c1_0.cust_name,c1_0.phone,o2_0.employee_id,e1_0.emp_id,e1_0.address,e1_0.dob,e1_0.email,e1_0.full_name,e1_0.phone,e1_0.status,o2_0.order_date,o1_0.note,o1_0.price,o1_0.quantity from product p1_0 left join order_detail o1_0 on p1_0.product_id=o1_0.product_id left join orders o2_0 on o2_0.order_id=o1_0.order_id left join customer c1_0 on c1_0.cust_id=o2_0.cust_id left join employee e1_0 on e1_0.emp_id=o2_0.employee_id where p1_0.product_id=?
Hibernate: select o1_0.order_id,o1_0.product_id,p1_0.product_id,p1_0.description,p1_0.manufacturer_name,p1_0.name,p1_0.status,p1_0.unit,o1_0.note,o1_0.price,o1_0.quantity from order_detail o1_0 join product p1_0 on p1_0.product_id=o1_0.product_id where o1_0.order_id=?
Hibernate: select o1_0.order_id,o1_0.product_id,p1_0.product_id,p1_0.description,p1_0.manufacturer_name,p1_0.name,p1_0.status,p1_0.unit,o1_0.note,o1_0.price,o1_0.quantity from order_detail o1_0 join product p1_0 on p1_0.product_id=o1_0.product_id where o1_0.order_id=?
Hibernate: select l1_0.employee_id,l1_0.order_id,c1_0.cust_id,c1_0.address,c1_0.email,c1_0.cust_name,c1_0.phone,l1_0.order_date from orders l1_0 left join customer c1_0 on c1_0.cust_id=l1_0.cust_id where l1_0.employee_id=?
Hibernate: select o1_0.order_id,o1_0.product_id,p1_0.product_id,p1_0.description,p1_0.manufacturer_name,p1_0.name,p1_0.status,p1_0.unit,o1_0.note,o1_0.price,o1_0.quantity from order_detail o1_0 join product p1_0 on p1_0.product_id=o1_0.product_id where o1_0.order_id=?
Hibernate: select l1_0.employee_id,l1_0.order_id,c1_0.cust_id,c1_0.address,c1_0.email,c1_0.cust_name,c1_0.phone,l1_0.order_date from orders l1_0 left join customer c1_0 on c1_0.cust_id=l1_0.cust_id where l1_0.employee_id=?
Hibernate: select o1_0.order_id,o1_0.product_id,p1_0.product_id,p1_0.description,p1_0.manufacturer_name,p1_0.name,p1_0.status,p1_0.unit,o1_0.note,o1_0.price,o1_0.quantity from order_detail o1_0 join product p1_0 on p1_0.product_id=o1_0.product_id where o1_0.order_id=?
Hibernate: select o1_0.order_id,o1_0.product_id,p1_0.product_id,p1_0.description,p1_0.manufacturer_name,p1_0.name,p1_0.status,p1_0.unit,o1_0.note,o1_0.price,o1_0.quantity from order_detail o1_0 join product p1_0 on p1_0.product_id=o1_0.product_id where o1_0.order_id=?
Hibernate: select p1_0.product_id,p1_0.price_date_time,p1_0.note,p1_0.price from product_price p1_0 where p1_0.product_id=?
Hibernate: select p1_0.product_id,p1_0.image_id,p1_0.alternative,p1_0.path from product_image p1_0 where p1_0.product_id=?
Hibernate: select o1_0.order_id,o1_0.product_id,p1_0.product_id,p1_0.description,p1_0.manufacturer_name,p1_0.name,p1_0.status,p1_0.unit,o1_0.note,o1_0.price,o1_0.quantity from order_detail o1_0 join product p1_0 on p1_0.product_id=o1_0.product_id where o1_0.order_id=?
Hibernate: insert into order_detail (note,price,quantity,order_id,product_id) values (?,?,?,?,?)
Hibernate: select p1_0.product_id,p1_0.description,p1_0.manufacturer_name,p1_0.name,p1_0.status,p1_0.unit from product p1_0 where p1_0.product_id=?
Hibernate: select o1_0.order_id,o2_0.order_id,c1_0.cust_id,c1_0.address,c1_0.email,c1_0.cust_name,c1_0.phone,o2_0.employee_id,e1_0.emp_id,e1_0.address,e1_0.dob,e1_0.email,e1_0.full_name,e1_0.phone,e1_0.status,o2_0.order_date,o1_0.product_id,p1_0.product_id,p1_0.description,p1_0.manufacturer_name,p1_0.name,p1_0.status,p1_0.unit,p2_0.product_id,p2_0.image_id,p2_0.alternative,p2_0.path,o1_0.note,o1_0.price,o1_0.quantity from order_detail o1_0 join orders o2_0 on o2_0.order_id=o1_0.order_id left join customer c1_0 on c1_0.cust_id=o2_0.cust_id left join employee e1_0 on e1_0.emp_id=o2_0.employee_id join product p1_0 on p1_0.product_id=o1_0.product_id left join product_image p2_0 on p1_0.product_id=p2_0.product_id where (o1_0.order_id,o1_0.product_id) in ((?,?))
Hibernate: select o1_0.order_id,c1_0.cust_id,c1_0.address,c1_0.email,c1_0.cust_name,c1_0.phone,o1_0.employee_id,e1_0.emp_id,e1_0.address,e1_0.dob,e1_0.email,e1_0.full_name,e1_0.phone,e1_0.status,o1_0.order_date,o2_0.order_id,o2_0.product_id,p1_0.product_id,p1_0.description,p1_0.manufacturer_name,p1_0.name,p1_0.status,p1_0.unit,o2_0.note,o2_0.price,o2_0.quantity from orders o1_0 left join customer c1_0 on c1_0.cust_id=o1_0.cust_id join employee e1_0 on e1_0.emp_id=o1_0.employee_id left join order_detail o2_0 on o1_0.order_id=o2_0.order_id left join product p1_0 on p1_0.product_id=o2_0.product_id where o1_0.order_id=?
Hibernate: select p1_0.product_id,p1_0.price_date_time,p1_0.note,p1_0.price from product_price p1_0 where p1_0.product_id=?
Hibernate: select p1_0.product_id,p1_0.image_id,p1_0.alternative,p1_0.path from product_image p1_0 where p1_0.product_id=?
Hibernate: select o1_0.product_id,o1_0.order_id,o2_0.order_id,c1_0.cust_id,c1_0.address,c1_0.email,c1_0.cust_name,c1_0.phone,o2_0.employee_id,e1_0.emp_id,e1_0.address,e1_0.dob,e1_0.email,e1_0.full_name,e1_0.phone,e1_0.status,o2_0.order_date,o1_0.note,o1_0.price,o1_0.quantity from order_detail o1_0 join orders o2_0 on o2_0.order_id=o1_0.order_id left join customer c1_0 on c1_0.cust_id=o2_0.cust_id left join employee e1_0 on e1_0.emp_id=o2_0.employee_id where o1_0.product_id=?
Hibernate: select p1_0.product_id,p1_0.price_date_time,p1_0.note,p1_0.price from product_price p1_0 where p1_0.product_id=?
Hibernate: select p1_0.product_id,p1_0.image_id,p1_0.alternative,p1_0.path from product_image p1_0 where p1_0.product_id=?
Hibernate: select o1_0.product_id,o1_0.order_id,o2_0.order_id,c1_0.cust_id,c1_0.address,c1_0.email,c1_0.cust_name,c1_0.phone,o2_0.employee_id,e1_0.emp_id,e1_0.address,e1_0.dob,e1_0.email,e1_0.full_name,e1_0.phone,e1_0.status,o2_0.order_date,o1_0.note,o1_0.price,o1_0.quantity from order_detail o1_0 join orders o2_0 on o2_0.order_id=o1_0.order_id left join customer c1_0 on c1_0.cust_id=o2_0.cust_id left join employee e1_0 on e1_0.emp_id=o2_0.employee_id where o1_0.product_id=?
Hibernate: select l1_0.employee_id,l1_0.order_id,c1_0.cust_id,c1_0.address,c1_0.email,c1_0.cust_name,c1_0.phone,l1_0.order_date from orders l1_0 left join customer c1_0 on c1_0.cust_id=l1_0.cust_id where l1_0.employee_id=?
Hibernate: select p1_0.product_id,p1_0.description,p1_0.manufacturer_name,p1_0.name,p1_0.status,p1_0.unit,o1_0.product_id,o1_0.order_id,o2_0.order_id,c1_0.cust_id,c1_0.address,c1_0.email,c1_0.cust_name,c1_0.phone,o2_0.employee_id,e1_0.emp_id,e1_0.address,e1_0.dob,e1_0.email,e1_0.full_name,e1_0.phone,e1_0.status,o2_0.order_date,o1_0.note,o1_0.price,o1_0.quantity from product p1_0 left join order_detail o1_0 on p1_0.product_id=o1_0.product_id left join orders o2_0 on o2_0.order_id=o1_0.order_id left join customer c1_0 on c1_0.cust_id=o2_0.cust_id left join employee e1_0 on e1_0.emp_id=o2_0.employee_id where p1_0.product_id=?
Hibernate: select o1_0.order_id,o1_0.product_id,p1_0.product_id,p1_0.description,p1_0.manufacturer_name,p1_0.name,p1_0.status,p1_0.unit,o1_0.note,o1_0.price,o1_0.quantity from order_detail o1_0 join product p1_0 on p1_0.product_id=o1_0.product_id where o1_0.order_id=?
Hibernate: select o1_0.order_id,o1_0.product_id,p1_0.product_id,p1_0.description,p1_0.manufacturer_name,p1_0.name,p1_0.status,p1_0.unit,o1_0.note,o1_0.price,o1_0.quantity from order_detail o1_0 join product p1_0 on p1_0.product_id=o1_0.product_id where o1_0.order_id=?
Hibernate: select o1_0.order_id,o1_0.product_id,p1_0.product_id,p1_0.description,p1_0.manufacturer_name,p1_0.name,p1_0.status,p1_0.unit,o1_0.note,o1_0.price,o1_0.quantity from order_detail o1_0 join product p1_0 on p1_0.product_id=o1_0.product_id where o1_0.order_id=?
Hibernate: select o1_0.order_id,o1_0.product_id,p1_0.product_id,p1_0.description,p1_0.manufacturer_name,p1_0.name,p1_0.status,p1_0.unit,o1_0.note,o1_0.price,o1_0.quantity from order_detail o1_0 join product p1_0 on p1_0.product_id=o1_0.product_id where o1_0.order_id=?
Hibernate: select o1_0.order_id,o1_0.product_id,p1_0.product_id,p1_0.description,p1_0.manufacturer_name,p1_0.name,p1_0.status,p1_0.unit,o1_0.note,o1_0.price,o1_0.quantity from order_detail o1_0 join product p1_0 on p1_0.product_id=o1_0.product_id where o1_0.order_id=?
Hibernate: select l1_0.employee_id,l1_0.order_id,c1_0.cust_id,c1_0.address,c1_0.email,c1_0.cust_name,c1_0.phone,l1_0.order_date from orders l1_0 left join customer c1_0 on c1_0.cust_id=l1_0.cust_id where l1_0.employee_id=?
Hibernate: select o1_0.order_id,o1_0.product_id,p1_0.product_id,p1_0.description,p1_0.manufacturer_name,p1_0.name,p1_0.status,p1_0.unit,o1_0.note,o1_0.price,o1_0.quantity from order_detail o1_0 join product p1_0 on p1_0.product_id=o1_0.product_id where o1_0.order_id=?
Hibernate: select o1_0.order_id,o1_0.product_id,p1_0.product_id,p1_0.description,p1_0.manufacturer_name,p1_0.name,p1_0.status,p1_0.unit,o1_0.note,o1_0.price,o1_0.quantity from order_detail o1_0 join product p1_0 on p1_0.product_id=o1_0.product_id where o1_0.order_id=?
Hibernate: select p1_0.product_id,p1_0.price_date_time,p1_0.note,p1_0.price from product_price p1_0 where p1_0.product_id=?
Hibernate: select p1_0.product_id,p1_0.image_id,p1_0.alternative,p1_0.path from product_image p1_0 where p1_0.product_id=?
Hibernate: select o1_0.order_id,o1_0.product_id,p1_0.product_id,p1_0.description,p1_0.manufacturer_name,p1_0.name,p1_0.status,p1_0.unit,o1_0.note,o1_0.price,o1_0.quantity from order_detail o1_0 join product p1_0 on p1_0.product_id=o1_0.product_id where o1_0.order_id=?
Hibernate: insert into order_detail (note,price,quantity,order_id,product_id) values (?,?,?,?,?)
Hibernate: select e1_0.emp_id,e1_0.address,e1_0.dob,e1_0.email,e1_0.full_name,e1_0.phone,e1_0.status from employee e1_0 where e1_0.emp_id=?
Hibernate: select c1_0.cust_id,c1_0.address,c1_0.email,c1_0.cust_name,c1_0.phone from customer c1_0 where c1_0.cust_id=?
Hibernate: select o1_0.order_id,c1_0.cust_id,c1_0.address,c1_0.email,c1_0.cust_name,c1_0.phone,o1_0.employee_id,e1_0.emp_id,e1_0.address,e1_0.dob,e1_0.email,e1_0.full_name,e1_0.phone,e1_0.status,o1_0.order_date,o2_0.order_id,o2_0.product_id,p1_0.product_id,p1_0.description,p1_0.manufacturer_name,p1_0.name,p1_0.status,p1_0.unit,o2_0.note,o2_0.price,o2_0.quantity from orders o1_0 left join customer c1_0 on c1_0.cust_id=o1_0.cust_id join employee e1_0 on e1_0.emp_id=o1_0.employee_id left join order_detail o2_0 on o1_0.order_id=o2_0.order_id left join product p1_0 on p1_0.product_id=o2_0.product_id where o1_0.order_id=?
Hibernate: select c1_0.cust_id,c1_0.address,c1_0.email,c1_0.cust_name,c1_0.phone from customer c1_0 where c1_0.cust_id=?
Hibernate: select e1_0.emp_id,e1_0.address,e1_0.dob,e1_0.email,e1_0.full_name,e1_0.phone,e1_0.status from employee e1_0 where e1_0.emp_id=?
Hibernate: insert into orders (cust_id,employee_id,order_date,order_id) values (?,?,?,default)
Hibernate: select p1_0.product_id,p1_0.description,p1_0.manufacturer_name,p1_0.name,p1_0.status,p1_0.unit from product p1_0 where p1_0.product_id=?
Hibernate: select o1_0.order_id,o2_0.order_id,c1_0.cust_id,c1_0.address,c1_0.email,c1_0.cust_name,c1_0.phone,o2_0.employee_id,e1_0.emp_id,e1_0.address,e1_0.dob,e1_0.email,e1_0.full_name,e1_0.phone,e1_0.status,o2_0.order_date,o1_0.product_id,p1_0.product_id,p1_0.description,p1_0.manufacturer_name,p1_0.name,p1_0.status,p1_0.unit,p2_0.product_id,p2_0.image_id,p2_0.alternative,p2_0.path,o1_0.note,o1_0.price,o1_0.quantity from order_detail o1_0 join orders o2_0 on o2_0.order_id=o1_0.order_id left join customer c1_0 on c1_0.cust_id=o2_0.cust_id left join employee e1_0 on e1_0.emp_id=o2_0.employee_id join product p1_0 on p1_0.product_id=o1_0.product_id left join product_image p2_0 on p1_0.product_id=p2_0.product_id where (o1_0.order_id,o1_0.product_id) in ((?,?))
Hibernate: select o1_0.order_id,c1_0.cust_id,c1_0.address,c1_0.email,c1_0.cust_name,c1_0.phone,o1_0.employee_id,e1_0.emp_id,e1_0.address,e1_0.dob,e1_0.email,e1_0.full_name,e1_0.phone,e1_0.status,o1_0.order_date,o2_0.order_id,o2_0.product_id,p1_0.product_id,p1_0.description,p1_0.manufacturer_name,p1_0.name,p1_0.status,p1_0.unit,o2_0.note,o2_0.price,o2_0.quantity from orders o1_0 left join customer c1_0 on c1_0.cust_id=o1_0.cust_id join employee e1_0 on e1_0.emp_id=o1_0.employee_id left join order_detail o2_0 on o1_0.order_id=o2_0.order_id left join product p1_0 on p1_0.product_id=o2_0.product_id where o1_0.order_id=?
Hibernate: select l1_0.employee_id,l1_0.order_id,c1_0.cust_id,c1_0.address,c1_0.email,c1_0.cust_name,c1_0.phone,l1_0.order_date from orders l1_0 left join customer c1_0 on c1_0.cust_id=l1_0.cust_id where l1_0.employee_id=?
Hibernate: select p1_0.product_id,p1_0.description,p1_0.manufacturer_name,p1_0.name,p1_0.status,p1_0.unit,o1_0.product_id,o1_0.order_id,o2_0.order_id,c1_0.cust_id,c1_0.address,c1_0.email,c1_0.cust_name,c1_0.phone,o2_0.employee_id,e1_0.emp_id,e1_0.address,e1_0.dob,e1_0.email,e1_0.full_name,e1_0.phone,e1_0.status,o2_0.order_date,o1_0.note,o1_0.price,o1_0.quantity from product p1_0 left join order_detail o1_0 on p1_0.product_id=o1_0.product_id left join orders o2_0 on o2_0.order_id=o1_0.order_id left join customer c1_0 on c1_0.cust_id=o2_0.cust_id left join employee e1_0 on e1_0.emp_id=o2_0.employee_id where p1_0.product_id=?
Hibernate: select o1_0.order_id,o1_0.product_id,p1_0.product_id,p1_0.description,p1_0.manufacturer_name,p1_0.name,p1_0.status,p1_0.unit,o1_0.note,o1_0.price,o1_0.quantity from order_detail o1_0 join product p1_0 on p1_0.product_id=o1_0.product_id where o1_0.order_id=?
Hibernate: select o1_0.order_id,o1_0.product_id,p1_0.product_id,p1_0.description,p1_0.manufacturer_name,p1_0.name,p1_0.status,p1_0.unit,o1_0.note,o1_0.price,o1_0.quantity from order_detail o1_0 join product p1_0 on p1_0.product_id=o1_0.product_id where o1_0.order_id=?
Hibernate: select l1_0.employee_id,l1_0.order_id,c1_0.cust_id,c1_0.address,c1_0.email,c1_0.cust_name,c1_0.phone,l1_0.order_date from orders l1_0 left join customer c1_0 on c1_0.cust_id=l1_0.cust_id where l1_0.employee_id=?
Hibernate: select o1_0.order_id,o1_0.product_id,p1_0.product_id,p1_0.description,p1_0.manufacturer_name,p1_0.name,p1_0.status,p1_0.unit,o1_0.note,o1_0.price,o1_0.quantity from order_detail o1_0 join product p1_0 on p1_0.product_id=o1_0.product_id where o1_0.order_id=?
Hibernate: select o1_0.order_id,o1_0.product_id,p1_0.product_id,p1_0.description,p1_0.manufacturer_name,p1_0.name,p1_0.status,p1_0.unit,o1_0.note,o1_0.price,o1_0.quantity from order_detail o1_0 join product p1_0 on p1_0.product_id=o1_0.product_id where o1_0.order_id=?
Hibernate: select l1_0.employee_id,l1_0.order_id,c1_0.cust_id,c1_0.address,c1_0.email,c1_0.cust_name,c1_0.phone,l1_0.order_date from orders l1_0 left join customer c1_0 on c1_0.cust_id=l1_0.cust_id where l1_0.employee_id=?
Hibernate: select o1_0.order_id,o1_0.product_id,p1_0.product_id,p1_0.description,p1_0.manufacturer_name,p1_0.name,p1_0.status,p1_0.unit,o1_0.note,o1_0.price,o1_0.quantity from order_detail o1_0 join product p1_0 on p1_0.product_id=o1_0.product_id where o1_0.order_id=?
Hibernate: select o1_0.order_id,o1_0.product_id,p1_0.product_id,p1_0.description,p1_0.manufacturer_name,p1_0.name,p1_0.status,p1_0.unit,o1_0.note,o1_0.price,o1_0.quantity from order_detail o1_0 join product p1_0 on p1_0.product_id=o1_0.product_id where o1_0.order_id=?
Hibernate: select o1_0.order_id,o1_0.product_id,p1_0.product_id,p1_0.description,p1_0.manufacturer_name,p1_0.name,p1_0.status,p1_0.unit,o1_0.note,o1_0.price,o1_0.quantity from order_detail o1_0 join product p1_0 on p1_0.product_id=o1_0.product_id where o1_0.order_id=?
Hibernate: select l1_0.employee_id,l1_0.order_id,c1_0.cust_id,c1_0.address,c1_0.email,c1_0.cust_name,c1_0.phone,l1_0.order_date from orders l1_0 left join customer c1_0 on c1_0.cust_id=l1_0.cust_id where l1_0.employee_id=?
Hibernate: select o1_0.order_id,o1_0.product_id,p1_0.product_id,p1_0.description,p1_0.manufacturer_name,p1_0.name,p1_0.status,p1_0.unit,o1_0.note,o1_0.price,o1_0.quantity from order_detail o1_0 join product p1_0 on p1_0.product_id=o1_0.product_id where o1_0.order_id=?
Hibernate: select l1_0.employee_id,l1_0.order_id,c1_0.cust_id,c1_0.address,c1_0.email,c1_0.cust_name,c1_0.phone,l1_0.order_date from orders l1_0 left join customer c1_0 on c1_0.cust_id=l1_0.cust_id where l1_0.employee_id=?
Hibernate: select o1_0.order_id,o1_0.product_id,p1_0.product_id,p1_0.description,p1_0.manufacturer_name,p1_0.name,p1_0.status,p1_0.unit,o1_0.note,o1_0.price,o1_0.quantity from order_detail o1_0 join product p1_0 on p1_0.product_id=o1_0.product_id where o1_0.order_id=?
Hibernate: select l1_0.employee_id,l1_0.order_id,c1_0.cust_id,c1_0.address,c1_0.email,c1_0.cust_name,c1_0.phone,l1_0.order_date from orders l1_0 left join customer c1_0 on c1_0.cust_id=l1_0.cust_id where l1_0.employee_id=?
Hibernate: select p1_0.product_id,p1_0.price_date_time,p1_0.note,p1_0.price from product_price p1_0 where p1_0.product_id=?
Hibernate: select p1_0.product_id,p1_0.image_id,p1_0.alternative,p1_0.path from product_image p1_0 where p1_0.product_id=?
Hibernate: select o1_0.order_id,o1_0.product_id,p1_0.product_id,p1_0.description,p1_0.manufacturer_name,p1_0.name,p1_0.status,p1_0.unit,o1_0.note,o1_0.price,o1_0.quantity from order_detail o1_0 join product p1_0 on p1_0.product_id=o1_0.product_id where o1_0.order_id=?
Hibernate: select l1_0.employee_id,l1_0.order_id,c1_0.cust_id,c1_0.address,c1_0.email,c1_0.cust_name,c1_0.phone,l1_0.order_date from orders l1_0 left join customer c1_0 on c1_0.cust_id=l1_0.cust_id where l1_0.employee_id=?
Hibernate: insert into order_detail (note,price,quantity,order_id,product_id) values (?,?,?,?,?)
Hibernate: select p1_0.product_id,p1_0.description,p1_0.manufacturer_name,p1_0.name,p1_0.status,p1_0.unit from product p1_0 where p1_0.product_id=?
Hibernate: select o1_0.order_id,o2_0.order_id,c1_0.cust_id,c1_0.address,c1_0.email,c1_0.cust_name,c1_0.phone,o2_0.employee_id,e1_0.emp_id,e1_0.address,e1_0.dob,e1_0.email,e1_0.full_name,e1_0.phone,e1_0.status,o2_0.order_date,o1_0.product_id,p1_0.product_id,p1_0.description,p1_0.manufacturer_name,p1_0.name,p1_0.status,p1_0.unit,p2_0.product_id,p2_0.image_id,p2_0.alternative,p2_0.path,o1_0.note,o1_0.price,o1_0.quantity from order_detail o1_0 join orders o2_0 on o2_0.order_id=o1_0.order_id left join customer c1_0 on c1_0.cust_id=o2_0.cust_id left join employee e1_0 on e1_0.emp_id=o2_0.employee_id join product p1_0 on p1_0.product_id=o1_0.product_id left join product_image p2_0 on p1_0.product_id=p2_0.product_id where (o1_0.order_id,o1_0.product_id) in ((?,?))
Hibernate: select o1_0.order_id,c1_0.cust_id,c1_0.address,c1_0.email,c1_0.cust_name,c1_0.phone,o1_0.employee_id,e1_0.emp_id,e1_0.address,e1_0.dob,e1_0.email,e1_0.full_name,e1_0.phone,e1_0.status,o1_0.order_date,o2_0.order_id,o2_0.product_id,p1_0.product_id,p1_0.description,p1_0.manufacturer_name,p1_0.name,p1_0.status,p1_0.unit,o2_0.note,o2_0.price,o2_0.quantity from orders o1_0 left join customer c1_0 on c1_0.cust_id=o1_0.cust_id join employee e1_0 on e1_0.emp_id=o1_0.employee_id left join order_detail o2_0 on o1_0.order_id=o2_0.order_id left join product p1_0 on p1_0.product_id=o2_0.product_id where o1_0.order_id=?
Hibernate: select p1_0.product_id,p1_0.price_date_time,p1_0.note,p1_0.price from product_price p1_0 where p1_0.product_id=?
Hibernate: select p1_0.product_id,p1_0.image_id,p1_0.alternative,p1_0.path from product_image p1_0 where p1_0.product_id=?
Hibernate: select o1_0.product_id,o1_0.order_id,o2_0.order_id,c1_0.cust_id,c1_0.address,c1_0.email,c1_0.cust_name,c1_0.phone,o2_0.employee_id,e1_0.emp_id,e1_0.address,e1_0.dob,e1_0.email,e1_0.full_name,e1_0.phone,e1_0.status,o2_0.order_date,o1_0.note,o1_0.price,o1_0.quantity from order_detail o1_0 join orders o2_0 on o2_0.order_id=o1_0.order_id left join customer c1_0 on c1_0.cust_id=o2_0.cust_id left join employee e1_0 on e1_0.emp_id=o2_0.employee_id where o1_0.product_id=?
Hibernate: select l1_0.employee_id,l1_0.order_id,c1_0.cust_id,c1_0.address,c1_0.email,c1_0.cust_name,c1_0.phone,l1_0.order_date from orders l1_0 left join customer c1_0 on c1_0.cust_id=l1_0.cust_id where l1_0.employee_id=?
Hibernate: select p1_0.product_id,p1_0.description,p1_0.manufacturer_name,p1_0.name,p1_0.status,p1_0.unit,o1_0.product_id,o1_0.order_id,o2_0.order_id,c1_0.cust_id,c1_0.address,c1_0.email,c1_0.cust_name,c1_0.phone,o2_0.employee_id,e1_0.emp_id,e1_0.address,e1_0.dob,e1_0.email,e1_0.full_name,e1_0.phone,e1_0.status,o2_0.order_date,o1_0.note,o1_0.price,o1_0.quantity from product p1_0 left join order_detail o1_0 on p1_0.product_id=o1_0.product_id left join orders o2_0 on o2_0.order_id=o1_0.order_id left join customer c1_0 on c1_0.cust_id=o2_0.cust_id left join employee e1_0 on e1_0.emp_id=o2_0.employee_id where p1_0.product_id=?
Hibernate: select o1_0.order_id,o1_0.product_id,p1_0.product_id,p1_0.description,p1_0.manufacturer_name,p1_0.name,p1_0.status,p1_0.unit,o1_0.note,o1_0.price,o1_0.quantity from order_detail o1_0 join product p1_0 on p1_0.product_id=o1_0.product_id where o1_0.order_id=?
Hibernate: select o1_0.order_id,o1_0.product_id,p1_0.product_id,p1_0.description,p1_0.manufacturer_name,p1_0.name,p1_0.status,p1_0.unit,o1_0.note,o1_0.price,o1_0.quantity from order_detail o1_0 join product p1_0 on p1_0.product_id=o1_0.product_id where o1_0.order_id=?
Hibernate: select o1_0.order_id,o1_0.product_id,p1_0.product_id,p1_0.description,p1_0.manufacturer_name,p1_0.name,p1_0.status,p1_0.unit,o1_0.note,o1_0.price,o1_0.quantity from order_detail o1_0 join product p1_0 on p1_0.product_id=o1_0.product_id where o1_0.order_id=?
Hibernate: select o1_0.order_id,o1_0.product_id,p1_0.product_id,p1_0.description,p1_0.manufacturer_name,p1_0.name,p1_0.status,p1_0.unit,o1_0.note,o1_0.price,o1_0.quantity from order_detail o1_0 join product p1_0 on p1_0.product_id=o1_0.product_id where o1_0.order_id=?
Hibernate: select o1_0.order_id,o1_0.product_id,p1_0.product_id,p1_0.description,p1_0.manufacturer_name,p1_0.name,p1_0.status,p1_0.unit,o1_0.note,o1_0.price,o1_0.quantity from order_detail o1_0 join product p1_0 on p1_0.product_id=o1_0.product_id where o1_0.order_id=?
Hibernate: select o1_0.order_id,o1_0.product_id,p1_0.product_id,p1_0.description,p1_0.manufacturer_name,p1_0.name,p1_0.status,p1_0.unit,o1_0.note,o1_0.price,o1_0.quantity from order_detail o1_0 join product p1_0 on p1_0.product_id=o1_0.product_id where o1_0.order_id=?
Hibernate: select o1_0.order_id,o1_0.product_id,p1_0.product_id,p1_0.description,p1_0.manufacturer_name,p1_0.name,p1_0.status,p1_0.unit,o1_0.note,o1_0.price,o1_0.quantity from order_detail o1_0 join product p1_0 on p1_0.product_id=o1_0.product_id where o1_0.order_id=?
Hibernate: select o1_0.order_id,o1_0.product_id,p1_0.product_id,p1_0.description,p1_0.manufacturer_name,p1_0.name,p1_0.status,p1_0.unit,o1_0.note,o1_0.price,o1_0.quantity from order_detail o1_0 join product p1_0 on p1_0.product_id=o1_0.product_id where o1_0.order_id=?
Hibernate: select l1_0.employee_id,l1_0.order_id,c1_0.cust_id,c1_0.address,c1_0.email,c1_0.cust_name,c1_0.phone,l1_0.order_date from orders l1_0 left join customer c1_0 on c1_0.cust_id=l1_0.cust_id where l1_0.employee_id=?
Hibernate: select p1_0.product_id,p1_0.price_date_time,p1_0.note,p1_0.price from product_price p1_0 where p1_0.product_id=?
Hibernate: select p1_0.product_id,p1_0.image_id,p1_0.alternative,p1_0.path from product_image p1_0 where p1_0.product_id=?
Hibernate: select o1_0.order_id,o1_0.product_id,p1_0.product_id,p1_0.description,p1_0.manufacturer_name,p1_0.name,p1_0.status,p1_0.unit,o1_0.note,o1_0.price,o1_0.quantity from order_detail o1_0 join product p1_0 on p1_0.product_id=o1_0.product_id where o1_0.order_id=?
Hibernate: insert into order_detail (note,price,quantity,order_id,product_id) values (?,?,?,?,?)
Hibernate: select p1_0.product_id,p1_0.description,p1_0.manufacturer_name,p1_0.name,p1_0.status,p1_0.unit from product p1_0 where p1_0.product_id=?
Hibernate: select o1_0.order_id,o2_0.order_id,c1_0.cust_id,c1_0.address,c1_0.email,c1_0.cust_name,c1_0.phone,o2_0.employee_id,e1_0.emp_id,e1_0.address,e1_0.dob,e1_0.email,e1_0.full_name,e1_0.phone,e1_0.status,o2_0.order_date,o1_0.product_id,p1_0.product_id,p1_0.description,p1_0.manufacturer_name,p1_0.name,p1_0.status,p1_0.unit,p2_0.product_id,p2_0.image_id,p2_0.alternative,p2_0.path,o1_0.note,o1_0.price,o1_0.quantity from order_detail o1_0 join orders o2_0 on o2_0.order_id=o1_0.order_id left join customer c1_0 on c1_0.cust_id=o2_0.cust_id left join employee e1_0 on e1_0.emp_id=o2_0.employee_id join product p1_0 on p1_0.product_id=o1_0.product_id left join product_image p2_0 on p1_0.product_id=p2_0.product_id where (o1_0.order_id,o1_0.product_id) in ((?,?))
Hibernate: select o1_0.order_id,c1_0.cust_id,c1_0.address,c1_0.email,c1_0.cust_name,c1_0.phone,o1_0.employee_id,e1_0.emp_id,e1_0.address,e1_0.dob,e1_0.email,e1_0.full_name,e1_0.phone,e1_0.status,o1_0.order_date,o2_0.order_id,o2_0.product_id,p1_0.product_id,p1_0.description,p1_0.manufacturer_name,p1_0.name,p1_0.status,p1_0.unit,o2_0.note,o2_0.price,o2_0.quantity from orders o1_0 left join customer c1_0 on c1_0.cust_id=o1_0.cust_id join employee e1_0 on e1_0.emp_id=o1_0.employee_id left join order_detail o2_0 on o1_0.order_id=o2_0.order_id left join product p1_0 on p1_0.product_id=o2_0.product_id where o1_0.order_id=?
Hibernate: select p1_0.product_id,p1_0.price_date_time,p1_0.note,p1_0.price from product_price p1_0 where p1_0.product_id=?
Hibernate: select p1_0.product_id,p1_0.image_id,p1_0.alternative,p1_0.path from product_image p1_0 where p1_0.product_id=?
Hibernate: select o1_0.product_id,o1_0.order_id,o2_0.order_id,c1_0.cust_id,c1_0.address,c1_0.email,c1_0.cust_name,c1_0.phone,o2_0.employee_id,e1_0.emp_id,e1_0.address,e1_0.dob,e1_0.email,e1_0.full_name,e1_0.phone,e1_0.status,o2_0.order_date,o1_0.note,o1_0.price,o1_0.quantity from order_detail o1_0 join orders o2_0 on o2_0.order_id=o1_0.order_id left join customer c1_0 on c1_0.cust_id=o2_0.cust_id left join employee e1_0 on e1_0.emp_id=o2_0.employee_id where o1_0.product_id=?
Hibernate: select p1_0.product_id,p1_0.price_date_time,p1_0.note,p1_0.price from product_price p1_0 where p1_0.product_id=?
Hibernate: select p1_0.product_id,p1_0.image_id,p1_0.alternative,p1_0.path from product_image p1_0 where p1_0.product_id=?
Hibernate: select o1_0.product_id,o1_0.order_id,o2_0.order_id,c1_0.cust_id,c1_0.address,c1_0.email,c1_0.cust_name,c1_0.phone,o2_0.employee_id,e1_0.emp_id,e1_0.address,e1_0.dob,e1_0.email,e1_0.full_name,e1_0.phone,e1_0.status,o2_0.order_date,o1_0.note,o1_0.price,o1_0.quantity from order_detail o1_0 join orders o2_0 on o2_0.order_id=o1_0.order_id left join customer c1_0 on c1_0.cust_id=o2_0.cust_id left join employee e1_0 on e1_0.emp_id=o2_0.employee_id where o1_0.product_id=?
Hibernate: select l1_0.employee_id,l1_0.order_id,c1_0.cust_id,c1_0.address,c1_0.email,c1_0.cust_name,c1_0.phone,l1_0.order_date from orders l1_0 left join customer c1_0 on c1_0.cust_id=l1_0.cust_id where l1_0.employee_id=?
Hibernate: select p1_0.product_id,p1_0.description,p1_0.manufacturer_name,p1_0.name,p1_0.status,p1_0.unit,o1_0.product_id,o1_0.order_id,o2_0.order_id,c1_0.cust_id,c1_0.address,c1_0.email,c1_0.cust_name,c1_0.phone,o2_0.employee_id,e1_0.emp_id,e1_0.address,e1_0.dob,e1_0.email,e1_0.full_name,e1_0.phone,e1_0.status,o2_0.order_date,o1_0.note,o1_0.price,o1_0.quantity from product p1_0 left join order_detail o1_0 on p1_0.product_id=o1_0.product_id left join orders o2_0 on o2_0.order_id=o1_0.order_id left join customer c1_0 on c1_0.cust_id=o2_0.cust_id left join employee e1_0 on e1_0.emp_id=o2_0.employee_id where p1_0.product_id=?
Hibernate: select o1_0.order_id,o1_0.product_id,p1_0.product_id,p1_0.description,p1_0.manufacturer_name,p1_0.name,p1_0.status,p1_0.unit,o1_0.note,o1_0.price,o1_0.quantity from order_detail o1_0 join product p1_0 on p1_0.product_id=o1_0.product_id where o1_0.order_id=?
Hibernate: select o1_0.order_id,o1_0.product_id,p1_0.product_id,p1_0.description,p1_0.manufacturer_name,p1_0.name,p1_0.status,p1_0.unit,o1_0.note,o1_0.price,o1_0.quantity from order_detail o1_0 join product p1_0 on p1_0.product_id=o1_0.product_id where o1_0.order_id=?
Hibernate: select l1_0.employee_id,l1_0.order_id,c1_0.cust_id,c1_0.address,c1_0.email,c1_0.cust_name,c1_0.phone,l1_0.order_date from orders l1_0 left join customer c1_0 on c1_0.cust_id=l1_0.cust_id where l1_0.employee_id=?
Hibernate: select o1_0.order_id,o1_0.product_id,p1_0.product_id,p1_0.description,p1_0.manufacturer_name,p1_0.name,p1_0.status,p1_0.unit,o1_0.note,o1_0.price,o1_0.quantity from order_detail o1_0 join product p1_0 on p1_0.product_id=o1_0.product_id where o1_0.order_id=?
Hibernate: select o1_0.order_id,o1_0.product_id,p1_0.product_id,p1_0.description,p1_0.manufacturer_name,p1_0.name,p1_0.status,p1_0.unit,o1_0.note,o1_0.price,o1_0.quantity from order_detail o1_0 join product p1_0 on p1_0.product_id=o1_0.product_id where o1_0.order_id=?
Hibernate: select o1_0.order_id,o1_0.product_id,p1_0.product_id,p1_0.description,p1_0.manufacturer_name,p1_0.name,p1_0.status,p1_0.unit,o1_0.note,o1_0.price,o1_0.quantity from order_detail o1_0 join product p1_0 on p1_0.product_id=o1_0.product_id where o1_0.order_id=?
Hibernate: select p1_0.product_id,p1_0.price_date_time,p1_0.note,p1_0.price from product_price p1_0 where p1_0.product_id=?
Hibernate: select p1_0.product_id,p1_0.image_id,p1_0.alternative,p1_0.path from product_image p1_0 where p1_0.product_id=?
Hibernate: select o1_0.order_id,o1_0.product_id,p1_0.product_id,p1_0.description,p1_0.manufacturer_name,p1_0.name,p1_0.status,p1_0.unit,o1_0.note,o1_0.price,o1_0.quantity from order_detail o1_0 join product p1_0 on p1_0.product_id=o1_0.product_id where o1_0.order_id=?
Hibernate: insert into order_detail (note,price,quantity,order_id,product_id) values (?,?,?,?,?)
Hibernate: select e1_0.emp_id,e1_0.address,e1_0.dob,e1_0.email,e1_0.full_name,e1_0.phone,e1_0.status from employee e1_0 where e1_0.emp_id=?
Hibernate: select c1_0.cust_id,c1_0.address,c1_0.email,c1_0.cust_name,c1_0.phone from customer c1_0 where c1_0.cust_id=?
Hibernate: select o1_0.order_id,c1_0.cust_id,c1_0.address,c1_0.email,c1_0.cust_name,c1_0.phone,o1_0.employee_id,e1_0.emp_id,e1_0.address,e1_0.dob,e1_0.email,e1_0.full_name,e1_0.phone,e1_0.status,o1_0.order_date,o2_0.order_id,o2_0.product_id,p1_0.product_id,p1_0.description,p1_0.manufacturer_name,p1_0.name,p1_0.status,p1_0.unit,o2_0.note,o2_0.price,o2_0.quantity from orders o1_0 left join customer c1_0 on c1_0.cust_id=o1_0.cust_id join employee e1_0 on e1_0.emp_id=o1_0.employee_id left join order_detail o2_0 on o1_0.order_id=o2_0.order_id left join product p1_0 on p1_0.product_id=o2_0.product_id where o1_0.order_id=?
Hibernate: select c1_0.cust_id,c1_0.address,c1_0.email,c1_0.cust_name,c1_0.phone from customer c1_0 where c1_0.cust_id=?
Hibernate: select e1_0.emp_id,e1_0.address,e1_0.dob,e1_0.email,e1_0.full_name,e1_0.phone,e1_0.status from employee e1_0 where e1_0.emp_id=?
Hibernate: insert into orders (cust_id,employee_id,order_date,order_id) values (?,?,?,default)
Hibernate: select p1_0.product_id,p1_0.description,p1_0.manufacturer_name,p1_0.name,p1_0.status,p1_0.unit from product p1_0 where p1_0.product_id=?
Hibernate: select o1_0.order_id,o2_0.order_id,c1_0.cust_id,c1_0.address,c1_0.email,c1_0.cust_name,c1_0.phone,o2_0.employee_id,e1_0.emp_id,e1_0.address,e1_0.dob,e1_0.email,e1_0.full_name,e1_0.phone,e1_0.status,o2_0.order_date,o1_0.product_id,p1_0.product_id,p1_0.description,p1_0.manufacturer_name,p1_0.name,p1_0.status,p1_0.unit,p2_0.product_id,p2_0.image_id,p2_0.alternative,p2_0.path,o1_0.note,o1_0.price,o1_0.quantity from order_detail o1_0 join orders o2_0 on o2_0.order_id=o1_0.order_id left join customer c1_0 on c1_0.cust_id=o2_0.cust_id left join employee e1_0 on e1_0.emp_id=o2_0.employee_id join product p1_0 on p1_0.product_id=o1_0.product_id left join product_image p2_0 on p1_0.product_id=p2_0.product_id where (o1_0.order_id,o1_0.product_id) in ((?,?))
Hibernate: select o1_0.order_id,c1_0.cust_id,c1_0.address,c1_0.email,c1_0.cust_name,c1_0.phone,o1_0.employee_id,e1_0.emp_id,e1_0.address,e1_0.dob,e1_0.email,e1_0.full_name,e1_0.phone,e1_0.status,o1_0.order_date,o2_0.order_id,o2_0.product_id,p1_0.product_id,p1_0.description,p1_0.manufacturer_name,p1_0.name,p1_0.status,p1_0.unit,o2_0.note,o2_0.price,o2_0.quantity from orders o1_0 left join customer c1_0 on c1_0.cust_id=o1_0.cust_id join employee e1_0 on e1_0.emp_id=o1_0.employee_id left join order_detail o2_0 on o1_0.order_id=o2_0.order_id left join product p1_0 on p1_0.product_id=o2_0.product_id where o1_0.order_id=?
Hibernate: select l1_0.employee_id,l1_0.order_id,c1_0.cust_id,c1_0.address,c1_0.email,c1_0.cust_name,c1_0.phone,l1_0.order_date from orders l1_0 left join customer c1_0 on c1_0.cust_id=l1_0.cust_id where l1_0.employee_id=?
Hibernate: select p1_0.product_id,p1_0.description,p1_0.manufacturer_name,p1_0.name,p1_0.status,p1_0.unit,o1_0.product_id,o1_0.order_id,o2_0.order_id,c1_0.cust_id,c1_0.address,c1_0.email,c1_0.cust_name,c1_0.phone,o2_0.employee_id,e1_0.emp_id,e1_0.address,e1_0.dob,e1_0.email,e1_0.full_name,e1_0.phone,e1_0.status,o2_0.order_date,o1_0.note,o1_0.price,o1_0.quantity from product p1_0 left join order_detail o1_0 on p1_0.product_id=o1_0.product_id left join orders o2_0 on o2_0.order_id=o1_0.order_id left join customer c1_0 on c1_0.cust_id=o2_0.cust_id left join employee e1_0 on e1_0.emp_id=o2_0.employee_id where p1_0.product_id=?
Hibernate: select o1_0.order_id,o1_0.product_id,p1_0.product_id,p1_0.description,p1_0.manufacturer_name,p1_0.name,p1_0.status,p1_0.unit,o1_0.note,o1_0.price,o1_0.quantity from order_detail o1_0 join product p1_0 on p1_0.product_id=o1_0.product_id where o1_0.order_id=?
Hibernate: select l1_0.employee_id,l1_0.order_id,c1_0.cust_id,c1_0.address,c1_0.email,c1_0.cust_name,c1_0.phone,l1_0.order_date from orders l1_0 left join customer c1_0 on c1_0.cust_id=l1_0.cust_id where l1_0.employee_id=?
Hibernate: select o1_0.order_id,o1_0.product_id,p1_0.product_id,p1_0.description,p1_0.manufacturer_name,p1_0.name,p1_0.status,p1_0.unit,o1_0.note,o1_0.price,o1_0.quantity from order_detail o1_0 join product p1_0 on p1_0.product_id=o1_0.product_id where o1_0.order_id=?
Hibernate: select o1_0.order_id,o1_0.product_id,p1_0.product_id,p1_0.description,p1_0.manufacturer_name,p1_0.name,p1_0.status,p1_0.unit,o1_0.note,o1_0.price,o1_0.quantity from order_detail o1_0 join product p1_0 on p1_0.product_id=o1_0.product_id where o1_0.order_id=?
Hibernate: select l1_0.employee_id,l1_0.order_id,c1_0.cust_id,c1_0.address,c1_0.email,c1_0.cust_name,c1_0.phone,l1_0.order_date from orders l1_0 left join customer c1_0 on c1_0.cust_id=l1_0.cust_id where l1_0.employee_id=?
Hibernate: select o1_0.order_id,o1_0.product_id,p1_0.product_id,p1_0.description,p1_0.manufacturer_name,p1_0.name,p1_0.status,p1_0.unit,o1_0.note,o1_0.price,o1_0.quantity from order_detail o1_0 join product p1_0 on p1_0.product_id=o1_0.product_id where o1_0.order_id=?
Hibernate: select o1_0.order_id,o1_0.product_id,p1_0.product_id,p1_0.description,p1_0.manufacturer_name,p1_0.name,p1_0.status,p1_0.unit,o1_0.note,o1_0.price,o1_0.quantity from order_detail o1_0 join product p1_0 on p1_0.product_id=o1_0.product_id where o1_0.order_id=?
Hibernate: select l1_0.employee_id,l1_0.order_id,c1_0.cust_id,c1_0.address,c1_0.email,c1_0.cust_name,c1_0.phone,l1_0.order_date from orders l1_0 left join customer c1_0 on c1_0.cust_id=l1_0.cust_id where l1_0.employee_id=?
Hibernate: select o1_0.order_id,o1_0.product_id,p1_0.product_id,p1_0.description,p1_0.manufacturer_name,p1_0.name,p1_0.status,p1_0.unit,o1_0.note,o1_0.price,o1_0.quantity from order_detail o1_0 join product p1_0 on p1_0.product_id=o1_0.product_id where o1_0.order_id=?
Hibernate: select o1_0.order_id,o1_0.product_id,p1_0.product_id,p1_0.description,p1_0.manufacturer_name,p1_0.name,p1_0.status,p1_0.unit,o1_0.note,o1_0.price,o1_0.quantity from order_detail o1_0 join product p1_0 on p1_0.product_id=o1_0.product_id where o1_0.order_id=?
Hibernate: select l1_0.employee_id,l1_0.order_id,c1_0.cust_id,c1_0.address,c1_0.email,c1_0.cust_name,c1_0.phone,l1_0.order_date from orders l1_0 left join customer c1_0 on c1_0.cust_id=l1_0.cust_id where l1_0.employee_id=?
Hibernate: select o1_0.order_id,o1_0.product_id,p1_0.product_id,p1_0.description,p1_0.manufacturer_name,p1_0.name,p1_0.status,p1_0.unit,o1_0.note,o1_0.price,o1_0.quantity from order_detail o1_0 join product p1_0 on p1_0.product_id=o1_0.product_id where o1_0.order_id=?
Hibernate: select o1_0.order_id,o1_0.product_id,p1_0.product_id,p1_0.description,p1_0.manufacturer_name,p1_0.name,p1_0.status,p1_0.unit,o1_0.note,o1_0.price,o1_0.quantity from order_detail o1_0 join product p1_0 on p1_0.product_id=o1_0.product_id where o1_0.order_id=?
Hibernate: select l1_0.employee_id,l1_0.order_id,c1_0.cust_id,c1_0.address,c1_0.email,c1_0.cust_name,c1_0.phone,l1_0.order_date from orders l1_0 left join customer c1_0 on c1_0.cust_id=l1_0.cust_id where l1_0.employee_id=?
Hibernate: select p1_0.product_id,p1_0.price_date_time,p1_0.note,p1_0.price from product_price p1_0 where p1_0.product_id=?
Hibernate: select p1_0.product_id,p1_0.image_id,p1_0.alternative,p1_0.path from product_image p1_0 where p1_0.product_id=?
Hibernate: select o1_0.order_id,o1_0.product_id,p1_0.product_id,p1_0.description,p1_0.manufacturer_name,p1_0.name,p1_0.status,p1_0.unit,o1_0.note,o1_0.price,o1_0.quantity from order_detail o1_0 join product p1_0 on p1_0.product_id=o1_0.product_id where o1_0.order_id=?
Hibernate: select l1_0.employee_id,l1_0.order_id,c1_0.cust_id,c1_0.address,c1_0.email,c1_0.cust_name,c1_0.phone,l1_0.order_date from orders l1_0 left join customer c1_0 on c1_0.cust_id=l1_0.cust_id where l1_0.employee_id=?
Hibernate: insert into order_detail (note,price,quantity,order_id,product_id) values (?,?,?,?,?)
Hibernate: select p1_0.product_id,p1_0.description,p1_0.manufacturer_name,p1_0.name,p1_0.status,p1_0.unit from product p1_0 where p1_0.product_id=?
Hibernate: select o1_0.order_id,o2_0.order_id,c1_0.cust_id,c1_0.address,c1_0.email,c1_0.cust_name,c1_0.phone,o2_0.employee_id,e1_0.emp_id,e1_0.address,e1_0.dob,e1_0.email,e1_0.full_name,e1_0.phone,e1_0.status,o2_0.order_date,o1_0.product_id,p1_0.product_id,p1_0.description,p1_0.manufacturer_name,p1_0.name,p1_0.status,p1_0.unit,p2_0.product_id,p2_0.image_id,p2_0.alternative,p2_0.path,o1_0.note,o1_0.price,o1_0.quantity from order_detail o1_0 join orders o2_0 on o2_0.order_id=o1_0.order_id left join customer c1_0 on c1_0.cust_id=o2_0.cust_id left join employee e1_0 on e1_0.emp_id=o2_0.employee_id join product p1_0 on p1_0.product_id=o1_0.product_id left join product_image p2_0 on p1_0.product_id=p2_0.product_id where (o1_0.order_id,o1_0.product_id) in ((?,?))
Hibernate: select o1_0.order_id,c1_0.cust_id,c1_0.address,c1_0.email,c1_0.cust_name,c1_0.phone,o1_0.employee_id,e1_0.emp_id,e1_0.address,e1_0.dob,e1_0.email,e1_0.full_name,e1_0.phone,e1_0.status,o1_0.order_date,o2_0.order_id,o2_0.product_id,p1_0.product_id,p1_0.description,p1_0.manufacturer_name,p1_0.name,p1_0.status,p1_0.unit,o2_0.note,o2_0.price,o2_0.quantity from orders o1_0 left join customer c1_0 on c1_0.cust_id=o1_0.cust_id join employee e1_0 on e1_0.emp_id=o1_0.employee_id left join order_detail o2_0 on o1_0.order_id=o2_0.order_id left join product p1_0 on p1_0.product_id=o2_0.product_id where o1_0.order_id=?
Hibernate: select p1_0.product_id,p1_0.price_date_time,p1_0.note,p1_0.price from product_price p1_0 where p1_0.product_id=?
Hibernate: select p1_0.product_id,p1_0.image_id,p1_0.alternative,p1_0.path from product_image p1_0 where p1_0.product_id=?
Hibernate: select o1_0.product_id,o1_0.order_id,o2_0.order_id,c1_0.cust_id,c1_0.address,c1_0.email,c1_0.cust_name,c1_0.phone,o2_0.employee_id,e1_0.emp_id,e1_0.address,e1_0.dob,e1_0.email,e1_0.full_name,e1_0.phone,e1_0.status,o2_0.order_date,o1_0.note,o1_0.price,o1_0.quantity from order_detail o1_0 join orders o2_0 on o2_0.order_id=o1_0.order_id left join customer c1_0 on c1_0.cust_id=o2_0.cust_id left join employee e1_0 on e1_0.emp_id=o2_0.employee_id where o1_0.product_id=?
Hibernate: select l1_0.employee_id,l1_0.order_id,c1_0.cust_id,c1_0.address,c1_0.email,c1_0.cust_name,c1_0.phone,l1_0.order_date from orders l1_0 left join customer c1_0 on c1_0.cust_id=l1_0.cust_id where l1_0.employee_id=?
Hibernate: select p1_0.product_id,p1_0.description,p1_0.manufacturer_name,p1_0.name,p1_0.status,p1_0.unit,o1_0.product_id,o1_0.order_id,o2_0.order_id,c1_0.cust_id,c1_0.address,c1_0.email,c1_0.cust_name,c1_0.phone,o2_0.employee_id,e1_0.emp_id,e1_0.address,e1_0.dob,e1_0.email,e1_0.full_name,e1_0.phone,e1_0.status,o2_0.order_date,o1_0.note,o1_0.price,o1_0.quantity from product p1_0 left join order_detail o1_0 on p1_0.product_id=o1_0.product_id left join orders o2_0 on o2_0.order_id=o1_0.order_id left join customer c1_0 on c1_0.cust_id=o2_0.cust_id left join employee e1_0 on e1_0.emp_id=o2_0.employee_id where p1_0.product_id=?
Hibernate: select o1_0.order_id,o1_0.product_id,p1_0.product_id,p1_0.description,p1_0.manufacturer_name,p1_0.name,p1_0.status,p1_0.unit,o1_0.note,o1_0.price,o1_0.quantity from order_detail o1_0 join product p1_0 on p1_0.product_id=o1_0.product_id where o1_0.order_id=?
Hibernate: select o1_0.order_id,o1_0.product_id,p1_0.product_id,p1_0.description,p1_0.manufacturer_name,p1_0.name,p1_0.status,p1_0.unit,o1_0.note,o1_0.price,o1_0.quantity from order_detail o1_0 join product p1_0 on p1_0.product_id=o1_0.product_id where o1_0.order_id=?
Hibernate: select o1_0.order_id,o1_0.product_id,p1_0.product_id,p1_0.description,p1_0.manufacturer_name,p1_0.name,p1_0.status,p1_0.unit,o1_0.note,o1_0.price,o1_0.quantity from order_detail o1_0 join product p1_0 on p1_0.product_id=o1_0.product_id where o1_0.order_id=?
Hibernate: select o1_0.order_id,o1_0.product_id,p1_0.product_id,p1_0.description,p1_0.manufacturer_name,p1_0.name,p1_0.status,p1_0.unit,o1_0.note,o1_0.price,o1_0.quantity from order_detail o1_0 join product p1_0 on p1_0.product_id=o1_0.product_id where o1_0.order_id=?
Hibernate: select o1_0.order_id,o1_0.product_id,p1_0.product_id,p1_0.description,p1_0.manufacturer_name,p1_0.name,p1_0.status,p1_0.unit,o1_0.note,o1_0.price,o1_0.quantity from order_detail o1_0 join product p1_0 on p1_0.product_id=o1_0.product_id where o1_0.order_id=?
Hibernate: select o1_0.order_id,o1_0.product_id,p1_0.product_id,p1_0.description,p1_0.manufacturer_name,p1_0.name,p1_0.status,p1_0.unit,o1_0.note,o1_0.price,o1_0.quantity from order_detail o1_0 join product p1_0 on p1_0.product_id=o1_0.product_id where o1_0.order_id=?
Hibernate: select p1_0.product_id,p1_0.price_date_time,p1_0.note,p1_0.price from product_price p1_0 where p1_0.product_id=?
Hibernate: select p1_0.product_id,p1_0.image_id,p1_0.alternative,p1_0.path from product_image p1_0 where p1_0.product_id=?
Hibernate: select o1_0.order_id,o1_0.product_id,p1_0.product_id,p1_0.description,p1_0.manufacturer_name,p1_0.name,p1_0.status,p1_0.unit,o1_0.note,o1_0.price,o1_0.quantity from order_detail o1_0 join product p1_0 on p1_0.product_id=o1_0.product_id where o1_0.order_id=?
Hibernate: insert into order_detail (note,price,quantity,order_id,product_id) values (?,?,?,?,?)
Hibernate: select p1_0.product_id,p1_0.description,p1_0.manufacturer_name,p1_0.name,p1_0.status,p1_0.unit from product p1_0 where p1_0.product_id=?
Hibernate: select o1_0.order_id,o2_0.order_id,c1_0.cust_id,c1_0.address,c1_0.email,c1_0.cust_name,c1_0.phone,o2_0.employee_id,e1_0.emp_id,e1_0.address,e1_0.dob,e1_0.email,e1_0.full_name,e1_0.phone,e1_0.status,o2_0.order_date,o1_0.product_id,p1_0.product_id,p1_0.description,p1_0.manufacturer_name,p1_0.name,p1_0.status,p1_0.unit,p2_0.product_id,p2_0.image_id,p2_0.alternative,p2_0.path,o1_0.note,o1_0.price,o1_0.quantity from order_detail o1_0 join orders o2_0 on o2_0.order_id=o1_0.order_id left join customer c1_0 on c1_0.cust_id=o2_0.cust_id left join employee e1_0 on e1_0.emp_id=o2_0.employee_id join product p1_0 on p1_0.product_id=o1_0.product_id left join product_image p2_0 on p1_0.product_id=p2_0.product_id where (o1_0.order_id,o1_0.product_id) in ((?,?))
Hibernate: select o1_0.order_id,c1_0.cust_id,c1_0.address,c1_0.email,c1_0.cust_name,c1_0.phone,o1_0.employee_id,e1_0.emp_id,e1_0.address,e1_0.dob,e1_0.email,e1_0.full_name,e1_0.phone,e1_0.status,o1_0.order_date,o2_0.order_id,o2_0.product_id,p1_0.product_id,p1_0.description,p1_0.manufacturer_name,p1_0.name,p1_0.status,p1_0.unit,o2_0.note,o2_0.price,o2_0.quantity from orders o1_0 left join customer c1_0 on c1_0.cust_id=o1_0.cust_id join employee e1_0 on e1_0.emp_id=o1_0.employee_id left join order_detail o2_0 on o1_0.order_id=o2_0.order_id left join product p1_0 on p1_0.product_id=o2_0.product_id where o1_0.order_id=?
Hibernate: select p1_0.product_id,p1_0.price_date_time,p1_0.note,p1_0.price from product_price p1_0 where p1_0.product_id=?
Hibernate: select p1_0.product_id,p1_0.image_id,p1_0.alternative,p1_0.path from product_image p1_0 where p1_0.product_id=?
Hibernate: select o1_0.product_id,o1_0.order_id,o2_0.order_id,c1_0.cust_id,c1_0.address,c1_0.email,c1_0.cust_name,c1_0.phone,o2_0.employee_id,e1_0.emp_id,e1_0.address,e1_0.dob,e1_0.email,e1_0.full_name,e1_0.phone,e1_0.status,o2_0.order_date,o1_0.note,o1_0.price,o1_0.quantity from order_detail o1_0 join orders o2_0 on o2_0.order_id=o1_0.order_id left join customer c1_0 on c1_0.cust_id=o2_0.cust_id left join employee e1_0 on e1_0.emp_id=o2_0.employee_id where o1_0.product_id=?
Hibernate: select p1_0.product_id,p1_0.price_date_time,p1_0.note,p1_0.price from product_price p1_0 where p1_0.product_id=?
Hibernate: select p1_0.product_id,p1_0.image_id,p1_0.alternative,p1_0.path from product_image p1_0 where p1_0.product_id=?
Hibernate: select o1_0.product_id,o1_0.order_id,o2_0.order_id,c1_0.cust_id,c1_0.address,c1_0.email,c1_0.cust_name,c1_0.phone,o2_0.employee_id,e1_0.emp_id,e1_0.address,e1_0.dob,e1_0.email,e1_0.full_name,e1_0.phone,e1_0.status,o2_0.order_date,o1_0.note,o1_0.price,o1_0.quantity from order_detail o1_0 join orders o2_0 on o2_0.order_id=o1_0.order_id left join customer c1_0 on c1_0.cust_id=o2_0.cust_id left join employee e1_0 on e1_0.emp_id=o2_0.employee_id where o1_0.product_id=?
Hibernate: select l1_0.employee_id,l1_0.order_id,c1_0.cust_id,c1_0.address,c1_0.email,c1_0.cust_name,c1_0.phone,l1_0.order_date from orders l1_0 left join customer c1_0 on c1_0.cust_id=l1_0.cust_id where l1_0.employee_id=?
Hibernate: select p1_0.product_id,p1_0.description,p1_0.manufacturer_name,p1_0.name,p1_0.status,p1_0.unit,o1_0.product_id,o1_0.order_id,o2_0.order_id,c1_0.cust_id,c1_0.address,c1_0.email,c1_0.cust_name,c1_0.phone,o2_0.employee_id,e1_0.emp_id,e1_0.address,e1_0.dob,e1_0.email,e1_0.full_name,e1_0.phone,e1_0.status,o2_0.order_date,o1_0.note,o1_0.price,o1_0.quantity from product p1_0 left join order_detail o1_0 on p1_0.product_id=o1_0.product_id left join orders o2_0 on o2_0.order_id=o1_0.order_id left join customer c1_0 on c1_0.cust_id=o2_0.cust_id left join employee e1_0 on e1_0.emp_id=o2_0.employee_id where p1_0.product_id=?
Hibernate: select o1_0.order_id,o1_0.product_id,p1_0.product_id,p1_0.description,p1_0.manufacturer_name,p1_0.name,p1_0.status,p1_0.unit,o1_0.note,o1_0.price,o1_0.quantity from order_detail o1_0 join product p1_0 on p1_0.product_id=o1_0.product_id where o1_0.order_id=?
Hibernate: select l1_0.employee_id,l1_0.order_id,c1_0.cust_id,c1_0.address,c1_0.email,c1_0.cust_name,c1_0.phone,l1_0.order_date from orders l1_0 left join customer c1_0 on c1_0.cust_id=l1_0.cust_id where l1_0.employee_id=?
Hibernate: select o1_0.order_id,o1_0.product_id,p1_0.product_id,p1_0.description,p1_0.manufacturer_name,p1_0.name,p1_0.status,p1_0.unit,o1_0.note,o1_0.price,o1_0.quantity from order_detail o1_0 join product p1_0 on p1_0.product_id=o1_0.product_id where o1_0.order_id=?
Hibernate: select o1_0.order_id,o1_0.product_id,p1_0.product_id,p1_0.description,p1_0.manufacturer_name,p1_0.name,p1_0.status,p1_0.unit,o1_0.note,o1_0.price,o1_0.quantity from order_detail o1_0 join product p1_0 on p1_0.product_id=o1_0.product_id where o1_0.order_id=?
Hibernate: select o1_0.order_id,o1_0.product_id,p1_0.product_id,p1_0.description,p1_0.manufacturer_name,p1_0.name,p1_0.status,p1_0.unit,o1_0.note,o1_0.price,o1_0.quantity from order_detail o1_0 join product p1_0 on p1_0.product_id=o1_0.product_id where o1_0.order_id=?
Hibernate: select o1_0.order_id,o1_0.product_id,p1_0.product_id,p1_0.description,p1_0.manufacturer_name,p1_0.name,p1_0.status,p1_0.unit,o1_0.note,o1_0.price,o1_0.quantity from order_detail o1_0 join product p1_0 on p1_0.product_id=o1_0.product_id where o1_0.order_id=?
Hibernate: select o1_0.order_id,o1_0.product_id,p1_0.product_id,p1_0.description,p1_0.manufacturer_name,p1_0.name,p1_0.status,p1_0.unit,o1_0.note,o1_0.price,o1_0.quantity from order_detail o1_0 join product p1_0 on p1_0.product_id=o1_0.product_id where o1_0.order_id=?
Hibernate: select o1_0.order_id,o1_0.product_id,p1_0.product_id,p1_0.description,p1_0.manufacturer_name,p1_0.name,p1_0.status,p1_0.unit,o1_0.note,o1_0.price,o1_0.quantity from order_detail o1_0 join product p1_0 on p1_0.product_id=o1_0.product_id where o1_0.order_id=?
Hibernate: select p1_0.product_id,p1_0.price_date_time,p1_0.note,p1_0.price from product_price p1_0 where p1_0.product_id=?
Hibernate: select p1_0.product_id,p1_0.image_id,p1_0.alternative,p1_0.path from product_image p1_0 where p1_0.product_id=?
Hibernate: select o1_0.order_id,o1_0.product_id,p1_0.product_id,p1_0.description,p1_0.manufacturer_name,p1_0.name,p1_0.status,p1_0.unit,o1_0.note,o1_0.price,o1_0.quantity from order_detail o1_0 join product p1_0 on p1_0.product_id=o1_0.product_id where o1_0.order_id=?
Hibernate: insert into order_detail (note,price,quantity,order_id,product_id) values (?,?,?,?,?)
Hibernate: select e1_0.emp_id,e1_0.address,e1_0.dob,e1_0.email,e1_0.full_name,e1_0.phone,e1_0.status from employee e1_0 where e1_0.emp_id=?
Hibernate: select c1_0.cust_id,c1_0.address,c1_0.email,c1_0.cust_name,c1_0.phone from customer c1_0 where c1_0.cust_id=?
Hibernate: select o1_0.order_id,c1_0.cust_id,c1_0.address,c1_0.email,c1_0.cust_name,c1_0.phone,o1_0.employee_id,e1_0.emp_id,e1_0.address,e1_0.dob,e1_0.email,e1_0.full_name,e1_0.phone,e1_0.status,o1_0.order_date,o2_0.order_id,o2_0.product_id,p1_0.product_id,p1_0.description,p1_0.manufacturer_name,p1_0.name,p1_0.status,p1_0.unit,o2_0.note,o2_0.price,o2_0.quantity from orders o1_0 left join customer c1_0 on c1_0.cust_id=o1_0.cust_id join employee e1_0 on e1_0.emp_id=o1_0.employee_id left join order_detail o2_0 on o1_0.order_id=o2_0.order_id left join product p1_0 on p1_0.product_id=o2_0.product_id where o1_0.order_id=?
Hibernate: select c1_0.cust_id,c1_0.address,c1_0.email,c1_0.cust_name,c1_0.phone from customer c1_0 where c1_0.cust_id=?
Hibernate: select e1_0.emp_id,e1_0.address,e1_0.dob,e1_0.email,e1_0.full_name,e1_0.phone,e1_0.status from employee e1_0 where e1_0.emp_id=?
Hibernate: insert into orders (cust_id,employee_id,order_date,order_id) values (?,?,?,default)
Hibernate: select p1_0.product_id,p1_0.description,p1_0.manufacturer_name,p1_0.name,p1_0.status,p1_0.unit from product p1_0 where p1_0.product_id=?
Hibernate: select o1_0.order_id,o2_0.order_id,c1_0.cust_id,c1_0.address,c1_0.email,c1_0.cust_name,c1_0.phone,o2_0.employee_id,e1_0.emp_id,e1_0.address,e1_0.dob,e1_0.email,e1_0.full_name,e1_0.phone,e1_0.status,o2_0.order_date,o1_0.product_id,p1_0.product_id,p1_0.description,p1_0.manufacturer_name,p1_0.name,p1_0.status,p1_0.unit,p2_0.product_id,p2_0.image_id,p2_0.alternative,p2_0.path,o1_0.note,o1_0.price,o1_0.quantity from order_detail o1_0 join orders o2_0 on o2_0.order_id=o1_0.order_id left join customer c1_0 on c1_0.cust_id=o2_0.cust_id left join employee e1_0 on e1_0.emp_id=o2_0.employee_id join product p1_0 on p1_0.product_id=o1_0.product_id left join product_image p2_0 on p1_0.product_id=p2_0.product_id where (o1_0.order_id,o1_0.product_id) in ((?,?))
Hibernate: select o1_0.order_id,c1_0.cust_id,c1_0.address,c1_0.email,c1_0.cust_name,c1_0.phone,o1_0.employee_id,e1_0.emp_id,e1_0.address,e1_0.dob,e1_0.email,e1_0.full_name,e1_0.phone,e1_0.status,o1_0.order_date,o2_0.order_id,o2_0.product_id,p1_0.product_id,p1_0.description,p1_0.manufacturer_name,p1_0.name,p1_0.status,p1_0.unit,o2_0.note,o2_0.price,o2_0.quantity from orders o1_0 left join customer c1_0 on c1_0.cust_id=o1_0.cust_id join employee e1_0 on e1_0.emp_id=o1_0.employee_id left join order_detail o2_0 on o1_0.order_id=o2_0.order_id left join product p1_0 on p1_0.product_id=o2_0.product_id where o1_0.order_id=?
Hibernate: select l1_0.employee_id,l1_0.order_id,c1_0.cust_id,c1_0.address,c1_0.email,c1_0.cust_name,c1_0.phone,l1_0.order_date from orders l1_0 left join customer c1_0 on c1_0.cust_id=l1_0.cust_id where l1_0.employee_id=?
Hibernate: select p1_0.product_id,p1_0.description,p1_0.manufacturer_name,p1_0.name,p1_0.status,p1_0.unit,o1_0.product_id,o1_0.order_id,o2_0.order_id,c1_0.cust_id,c1_0.address,c1_0.email,c1_0.cust_name,c1_0.phone,o2_0.employee_id,e1_0.emp_id,e1_0.address,e1_0.dob,e1_0.email,e1_0.full_name,e1_0.phone,e1_0.status,o2_0.order_date,o1_0.note,o1_0.price,o1_0.quantity from product p1_0 left join order_detail o1_0 on p1_0.product_id=o1_0.product_id left join orders o2_0 on o2_0.order_id=o1_0.order_id left join customer c1_0 on c1_0.cust_id=o2_0.cust_id left join employee e1_0 on e1_0.emp_id=o2_0.employee_id where p1_0.product_id=?
Hibernate: select o1_0.order_id,o1_0.product_id,p1_0.product_id,p1_0.description,p1_0.manufacturer_name,p1_0.name,p1_0.status,p1_0.unit,o1_0.note,o1_0.price,o1_0.quantity from order_detail o1_0 join product p1_0 on p1_0.product_id=o1_0.product_id where o1_0.order_id=?
Hibernate: select p1_0.product_id,p1_0.price_date_time,p1_0.note,p1_0.price from product_price p1_0 where p1_0.product_id=?
Hibernate: select p1_0.product_id,p1_0.image_id,p1_0.alternative,p1_0.path from product_image p1_0 where p1_0.product_id=?
Hibernate: select o1_0.order_id,o1_0.product_id,p1_0.product_id,p1_0.description,p1_0.manufacturer_name,p1_0.name,p1_0.status,p1_0.unit,o1_0.note,o1_0.price,o1_0.quantity from order_detail o1_0 join product p1_0 on p1_0.product_id=o1_0.product_id where o1_0.order_id=?
Hibernate: select l1_0.employee_id,l1_0.order_id,c1_0.cust_id,c1_0.address,c1_0.email,c1_0.cust_name,c1_0.phone,l1_0.order_date from orders l1_0 left join customer c1_0 on c1_0.cust_id=l1_0.cust_id where l1_0.employee_id=?
Hibernate: insert into order_detail (note,price,quantity,order_id,product_id) values (?,?,?,?,?)
Hibernate: select p1_0.product_id,p1_0.description,p1_0.manufacturer_name,p1_0.name,p1_0.status,p1_0.unit from product p1_0 where p1_0.product_id=?
Hibernate: select o1_0.order_id,o2_0.order_id,c1_0.cust_id,c1_0.address,c1_0.email,c1_0.cust_name,c1_0.phone,o2_0.employee_id,e1_0.emp_id,e1_0.address,e1_0.dob,e1_0.email,e1_0.full_name,e1_0.phone,e1_0.status,o2_0.order_date,o1_0.product_id,p1_0.product_id,p1_0.description,p1_0.manufacturer_name,p1_0.name,p1_0.status,p1_0.unit,p2_0.product_id,p2_0.image_id,p2_0.alternative,p2_0.path,o1_0.note,o1_0.price,o1_0.quantity from order_detail o1_0 join orders o2_0 on o2_0.order_id=o1_0.order_id left join customer c1_0 on c1_0.cust_id=o2_0.cust_id left join employee e1_0 on e1_0.emp_id=o2_0.employee_id join product p1_0 on p1_0.product_id=o1_0.product_id left join product_image p2_0 on p1_0.product_id=p2_0.product_id where (o1_0.order_id,o1_0.product_id) in ((?,?))
Hibernate: select o1_0.order_id,c1_0.cust_id,c1_0.address,c1_0.email,c1_0.cust_name,c1_0.phone,o1_0.employee_id,e1_0.emp_id,e1_0.address,e1_0.dob,e1_0.email,e1_0.full_name,e1_0.phone,e1_0.status,o1_0.order_date,o2_0.order_id,o2_0.product_id,p1_0.product_id,p1_0.description,p1_0.manufacturer_name,p1_0.name,p1_0.status,p1_0.unit,o2_0.note,o2_0.price,o2_0.quantity from orders o1_0 left join customer c1_0 on c1_0.cust_id=o1_0.cust_id join employee e1_0 on e1_0.emp_id=o1_0.employee_id left join order_detail o2_0 on o1_0.order_id=o2_0.order_id left join product p1_0 on p1_0.product_id=o2_0.product_id where o1_0.order_id=?
Hibernate: select p1_0.product_id,p1_0.price_date_time,p1_0.note,p1_0.price from product_price p1_0 where p1_0.product_id=?
Hibernate: select p1_0.product_id,p1_0.image_id,p1_0.alternative,p1_0.path from product_image p1_0 where p1_0.product_id=?
Hibernate: select o1_0.product_id,o1_0.order_id,o2_0.order_id,c1_0.cust_id,c1_0.address,c1_0.email,c1_0.cust_name,c1_0.phone,o2_0.employee_id,e1_0.emp_id,e1_0.address,e1_0.dob,e1_0.email,e1_0.full_name,e1_0.phone,e1_0.status,o2_0.order_date,o1_0.note,o1_0.price,o1_0.quantity from order_detail o1_0 join orders o2_0 on o2_0.order_id=o1_0.order_id left join customer c1_0 on c1_0.cust_id=o2_0.cust_id left join employee e1_0 on e1_0.emp_id=o2_0.employee_id where o1_0.product_id=?
Hibernate: select l1_0.employee_id,l1_0.order_id,c1_0.cust_id,c1_0.address,c1_0.email,c1_0.cust_name,c1_0.phone,l1_0.order_date from orders l1_0 left join customer c1_0 on c1_0.cust_id=l1_0.cust_id where l1_0.employee_id=?
Hibernate: select p1_0.product_id,p1_0.description,p1_0.manufacturer_name,p1_0.name,p1_0.status,p1_0.unit,o1_0.product_id,o1_0.order_id,o2_0.order_id,c1_0.cust_id,c1_0.address,c1_0.email,c1_0.cust_name,c1_0.phone,o2_0.employee_id,e1_0.emp_id,e1_0.address,e1_0.dob,e1_0.email,e1_0.full_name,e1_0.phone,e1_0.status,o2_0.order_date,o1_0.note,o1_0.price,o1_0.quantity from product p1_0 left join order_detail o1_0 on p1_0.product_id=o1_0.product_id left join orders o2_0 on o2_0.order_id=o1_0.order_id left join customer c1_0 on c1_0.cust_id=o2_0.cust_id left join employee e1_0 on e1_0.emp_id=o2_0.employee_id where p1_0.product_id=?
Hibernate: select o1_0.order_id,o1_0.product_id,p1_0.product_id,p1_0.description,p1_0.manufacturer_name,p1_0.name,p1_0.status,p1_0.unit,o1_0.note,o1_0.price,o1_0.quantity from order_detail o1_0 join product p1_0 on p1_0.product_id=o1_0.product_id where o1_0.order_id=?
Hibernate: select l1_0.employee_id,l1_0.order_id,c1_0.cust_id,c1_0.address,c1_0.email,c1_0.cust_name,c1_0.phone,l1_0.order_date from orders l1_0 left join customer c1_0 on c1_0.cust_id=l1_0.cust_id where l1_0.employee_id=?
Hibernate: select o1_0.order_id,o1_0.product_id,p1_0.product_id,p1_0.description,p1_0.manufacturer_name,p1_0.name,p1_0.status,p1_0.unit,o1_0.note,o1_0.price,o1_0.quantity from order_detail o1_0 join product p1_0 on p1_0.product_id=o1_0.product_id where o1_0.order_id=?
Hibernate: select o1_0.order_id,o1_0.product_id,p1_0.product_id,p1_0.description,p1_0.manufacturer_name,p1_0.name,p1_0.status,p1_0.unit,o1_0.note,o1_0.price,o1_0.quantity from order_detail o1_0 join product p1_0 on p1_0.product_id=o1_0.product_id where o1_0.order_id=?
Hibernate: select o1_0.order_id,o1_0.product_id,p1_0.product_id,p1_0.description,p1_0.manufacturer_name,p1_0.name,p1_0.status,p1_0.unit,o1_0.note,o1_0.price,o1_0.quantity from order_detail o1_0 join product p1_0 on p1_0.product_id=o1_0.product_id where o1_0.order_id=?
Hibernate: select l1_0.employee_id,l1_0.order_id,c1_0.cust_id,c1_0.address,c1_0.email,c1_0.cust_name,c1_0.phone,l1_0.order_date from orders l1_0 left join customer c1_0 on c1_0.cust_id=l1_0.cust_id where l1_0.employee_id=?
Hibernate: select o1_0.order_id,o1_0.product_id,p1_0.product_id,p1_0.description,p1_0.manufacturer_name,p1_0.name,p1_0.status,p1_0.unit,o1_0.note,o1_0.price,o1_0.quantity from order_detail o1_0 join product p1_0 on p1_0.product_id=o1_0.product_id where o1_0.order_id=?
Hibernate: select l1_0.employee_id,l1_0.order_id,c1_0.cust_id,c1_0.address,c1_0.email,c1_0.cust_name,c1_0.phone,l1_0.order_date from orders l1_0 left join customer c1_0 on c1_0.cust_id=l1_0.cust_id where l1_0.employee_id=?
Hibernate: select o1_0.order_id,o1_0.product_id,p1_0.product_id,p1_0.description,p1_0.manufacturer_name,p1_0.name,p1_0.status,p1_0.unit,o1_0.note,o1_0.price,o1_0.quantity from order_detail o1_0 join product p1_0 on p1_0.product_id=o1_0.product_id where o1_0.order_id=?
Hibernate: select l1_0.employee_id,l1_0.order_id,c1_0.cust_id,c1_0.address,c1_0.email,c1_0.cust_name,c1_0.phone,l1_0.order_date from orders l1_0 left join customer c1_0 on c1_0.cust_id=l1_0.cust_id where l1_0.employee_id=?
Hibernate: select o1_0.order_id,o1_0.product_id,p1_0.product_id,p1_0.description,p1_0.manufacturer_name,p1_0.name,p1_0.status,p1_0.unit,o1_0.note,o1_0.price,o1_0.quantity from order_detail o1_0 join product p1_0 on p1_0.product_id=o1_0.product_id where o1_0.order_id=?
Hibernate: select l1_0.employee_id,l1_0.order_id,c1_0.cust_id,c1_0.address,c1_0.email,c1_0.cust_name,c1_0.phone,l1_0.order_date from orders l1_0 left join customer c1_0 on c1_0.cust_id=l1_0.cust_id where l1_0.employee_id=?
Hibernate: select p1_0.product_id,p1_0.price_date_time,p1_0.note,p1_0.price from product_price p1_0 where p1_0.product_id=?
Hibernate: select p1_0.product_id,p1_0.image_id,p1_0.alternative,p1_0.path from product_image p1_0 where p1_0.product_id=?
Hibernate: insert into order_detail (note,price,quantity,order_id,product_id) values (?,?,?,?,?)
Hibernate: select p1_0.product_id,p1_0.description,p1_0.manufacturer_name,p1_0.name,p1_0.status,p1_0.unit from product p1_0 where p1_0.product_id=?
Hibernate: select o1_0.order_id,o2_0.order_id,c1_0.cust_id,c1_0.address,c1_0.email,c1_0.cust_name,c1_0.phone,o2_0.employee_id,e1_0.emp_id,e1_0.address,e1_0.dob,e1_0.email,e1_0.full_name,e1_0.phone,e1_0.status,o2_0.order_date,o1_0.product_id,p1_0.product_id,p1_0.description,p1_0.manufacturer_name,p1_0.name,p1_0.status,p1_0.unit,p2_0.product_id,p2_0.image_id,p2_0.alternative,p2_0.path,o1_0.note,o1_0.price,o1_0.quantity from order_detail o1_0 join orders o2_0 on o2_0.order_id=o1_0.order_id left join customer c1_0 on c1_0.cust_id=o2_0.cust_id left join employee e1_0 on e1_0.emp_id=o2_0.employee_id join product p1_0 on p1_0.product_id=o1_0.product_id left join product_image p2_0 on p1_0.product_id=p2_0.product_id where (o1_0.order_id,o1_0.product_id) in ((?,?))
Hibernate: select o1_0.order_id,c1_0.cust_id,c1_0.address,c1_0.email,c1_0.cust_name,c1_0.phone,o1_0.employee_id,e1_0.emp_id,e1_0.address,e1_0.dob,e1_0.email,e1_0.full_name,e1_0.phone,e1_0.status,o1_0.order_date,o2_0.order_id,o2_0.product_id,p1_0.product_id,p1_0.description,p1_0.manufacturer_name,p1_0.name,p1_0.status,p1_0.unit,o2_0.note,o2_0.price,o2_0.quantity from orders o1_0 left join customer c1_0 on c1_0.cust_id=o1_0.cust_id join employee e1_0 on e1_0.emp_id=o1_0.employee_id left join order_detail o2_0 on o1_0.order_id=o2_0.order_id left join product p1_0 on p1_0.product_id=o2_0.product_id where o1_0.order_id=?
Hibernate: select p1_0.product_id,p1_0.price_date_time,p1_0.note,p1_0.price from product_price p1_0 where p1_0.product_id=?
Hibernate: select p1_0.product_id,p1_0.image_id,p1_0.alternative,p1_0.path from product_image p1_0 where p1_0.product_id=?
Hibernate: select o1_0.product_id,o1_0.order_id,o2_0.order_id,c1_0.cust_id,c1_0.address,c1_0.email,c1_0.cust_name,c1_0.phone,o2_0.employee_id,e1_0.emp_id,e1_0.address,e1_0.dob,e1_0.email,e1_0.full_name,e1_0.phone,e1_0.status,o2_0.order_date,o1_0.note,o1_0.price,o1_0.quantity from order_detail o1_0 join orders o2_0 on o2_0.order_id=o1_0.order_id left join customer c1_0 on c1_0.cust_id=o2_0.cust_id left join employee e1_0 on e1_0.emp_id=o2_0.employee_id where o1_0.product_id=?
Hibernate: select p1_0.product_id,p1_0.price_date_time,p1_0.note,p1_0.price from product_price p1_0 where p1_0.product_id=?
Hibernate: select p1_0.product_id,p1_0.image_id,p1_0.alternative,p1_0.path from product_image p1_0 where p1_0.product_id=?
Hibernate: select o1_0.product_id,o1_0.order_id,o2_0.order_id,c1_0.cust_id,c1_0.address,c1_0.email,c1_0.cust_name,c1_0.phone,o2_0.employee_id,e1_0.emp_id,e1_0.address,e1_0.dob,e1_0.email,e1_0.full_name,e1_0.phone,e1_0.status,o2_0.order_date,o1_0.note,o1_0.price,o1_0.quantity from order_detail o1_0 join orders o2_0 on o2_0.order_id=o1_0.order_id left join customer c1_0 on c1_0.cust_id=o2_0.cust_id left join employee e1_0 on e1_0.emp_id=o2_0.employee_id where o1_0.product_id=?
Hibernate: select l1_0.employee_id,l1_0.order_id,c1_0.cust_id,c1_0.address,c1_0.email,c1_0.cust_name,c1_0.phone,l1_0.order_date from orders l1_0 left join customer c1_0 on c1_0.cust_id=l1_0.cust_id where l1_0.employee_id=?
Hibernate: select p1_0.product_id,p1_0.description,p1_0.manufacturer_name,p1_0.name,p1_0.status,p1_0.unit,o1_0.product_id,o1_0.order_id,o2_0.order_id,c1_0.cust_id,c1_0.address,c1_0.email,c1_0.cust_name,c1_0.phone,o2_0.employee_id,e1_0.emp_id,e1_0.address,e1_0.dob,e1_0.email,e1_0.full_name,e1_0.phone,e1_0.status,o2_0.order_date,o1_0.note,o1_0.price,o1_0.quantity from product p1_0 left join order_detail o1_0 on p1_0.product_id=o1_0.product_id left join orders o2_0 on o2_0.order_id=o1_0.order_id left join customer c1_0 on c1_0.cust_id=o2_0.cust_id left join employee e1_0 on e1_0.emp_id=o2_0.employee_id where p1_0.product_id=?
Hibernate: select o1_0.order_id,o1_0.product_id,p1_0.product_id,p1_0.description,p1_0.manufacturer_name,p1_0.name,p1_0.status,p1_0.unit,o1_0.note,o1_0.price,o1_0.quantity from order_detail o1_0 join product p1_0 on p1_0.product_id=o1_0.product_id where o1_0.order_id=?
Hibernate: select o1_0.order_id,o1_0.product_id,p1_0.product_id,p1_0.description,p1_0.manufacturer_name,p1_0.name,p1_0.status,p1_0.unit,o1_0.note,o1_0.price,o1_0.quantity from order_detail o1_0 join product p1_0 on p1_0.product_id=o1_0.product_id where o1_0.order_id=?
Hibernate: select o1_0.order_id,o1_0.product_id,p1_0.product_id,p1_0.description,p1_0.manufacturer_name,p1_0.name,p1_0.status,p1_0.unit,o1_0.note,o1_0.price,o1_0.quantity from order_detail o1_0 join product p1_0 on p1_0.product_id=o1_0.product_id where o1_0.order_id=?
Hibernate: select o1_0.order_id,o1_0.product_id,p1_0.product_id,p1_0.description,p1_0.manufacturer_name,p1_0.name,p1_0.status,p1_0.unit,o1_0.note,o1_0.price,o1_0.quantity from order_detail o1_0 join product p1_0 on p1_0.product_id=o1_0.product_id where o1_0.order_id=?
Hibernate: select o1_0.order_id,o1_0.product_id,p1_0.product_id,p1_0.description,p1_0.manufacturer_name,p1_0.name,p1_0.status,p1_0.unit,o1_0.note,o1_0.price,o1_0.quantity from order_detail o1_0 join product p1_0 on p1_0.product_id=o1_0.product_id where o1_0.order_id=?
Hibernate: select o1_0.order_id,o1_0.product_id,p1_0.product_id,p1_0.description,p1_0.manufacturer_name,p1_0.name,p1_0.status,p1_0.unit,o1_0.note,o1_0.price,o1_0.quantity from order_detail o1_0 join product p1_0 on p1_0.product_id=o1_0.product_id where o1_0.order_id=?
Hibernate: select o1_0.order_id,o1_0.product_id,p1_0.product_id,p1_0.description,p1_0.manufacturer_name,p1_0.name,p1_0.status,p1_0.unit,o1_0.note,o1_0.price,o1_0.quantity from order_detail o1_0 join product p1_0 on p1_0.product_id=o1_0.product_id where o1_0.order_id=?
Hibernate: select l1_0.employee_id,l1_0.order_id,c1_0.cust_id,c1_0.address,c1_0.email,c1_0.cust_name,c1_0.phone,l1_0.order_date from orders l1_0 left join customer c1_0 on c1_0.cust_id=l1_0.cust_id where l1_0.employee_id=?
Hibernate: select p1_0.product_id,p1_0.price_date_time,p1_0.note,p1_0.price from product_price p1_0 where p1_0.product_id=?
Hibernate: select p1_0.product_id,p1_0.image_id,p1_0.alternative,p1_0.path from product_image p1_0 where p1_0.product_id=?
Hibernate: select o1_0.order_id,o1_0.product_id,p1_0.product_id,p1_0.description,p1_0.manufacturer_name,p1_0.name,p1_0.status,p1_0.unit,o1_0.note,o1_0.price,o1_0.quantity from order_detail o1_0 join product p1_0 on p1_0.product_id=o1_0.product_id where o1_0.order_id=?
Hibernate: insert into order_detail (note,price,quantity,order_id,product_id) values (?,?,?,?,?)
Hibernate: select e1_0.emp_id,e1_0.address,e1_0.dob,e1_0.email,e1_0.full_name,e1_0.phone,e1_0.status from employee e1_0 where e1_0.emp_id=?
Hibernate: select c1_0.cust_id,c1_0.address,c1_0.email,c1_0.cust_name,c1_0.phone from customer c1_0 where c1_0.cust_id=?
Hibernate: select o1_0.order_id,c1_0.cust_id,c1_0.address,c1_0.email,c1_0.cust_name,c1_0.phone,o1_0.employee_id,e1_0.emp_id,e1_0.address,e1_0.dob,e1_0.email,e1_0.full_name,e1_0.phone,e1_0.status,o1_0.order_date,o2_0.order_id,o2_0.product_id,p1_0.product_id,p1_0.description,p1_0.manufacturer_name,p1_0.name,p1_0.status,p1_0.unit,o2_0.note,o2_0.price,o2_0.quantity from orders o1_0 left join customer c1_0 on c1_0.cust_id=o1_0.cust_id join employee e1_0 on e1_0.emp_id=o1_0.employee_id left join order_detail o2_0 on o1_0.order_id=o2_0.order_id left join product p1_0 on p1_0.product_id=o2_0.product_id where o1_0.order_id=?
Hibernate: select c1_0.cust_id,c1_0.address,c1_0.email,c1_0.cust_name,c1_0.phone from customer c1_0 where c1_0.cust_id=?
Hibernate: select e1_0.emp_id,e1_0.address,e1_0.dob,e1_0.email,e1_0.full_name,e1_0.phone,e1_0.status from employee e1_0 where e1_0.emp_id=?
Hibernate: insert into orders (cust_id,employee_id,order_date,order_id) values (?,?,?,default)
Hibernate: select p1_0.product_id,p1_0.description,p1_0.manufacturer_name,p1_0.name,p1_0.status,p1_0.unit from product p1_0 where p1_0.product_id=?
Hibernate: select o1_0.order_id,o2_0.order_id,c1_0.cust_id,c1_0.address,c1_0.email,c1_0.cust_name,c1_0.phone,o2_0.employee_id,e1_0.emp_id,e1_0.address,e1_0.dob,e1_0.email,e1_0.full_name,e1_0.phone,e1_0.status,o2_0.order_date,o1_0.product_id,p1_0.product_id,p1_0.description,p1_0.manufacturer_name,p1_0.name,p1_0.status,p1_0.unit,p2_0.product_id,p2_0.image_id,p2_0.alternative,p2_0.path,o1_0.note,o1_0.price,o1_0.quantity from order_detail o1_0 join orders o2_0 on o2_0.order_id=o1_0.order_id left join customer c1_0 on c1_0.cust_id=o2_0.cust_id left join employee e1_0 on e1_0.emp_id=o2_0.employee_id join product p1_0 on p1_0.product_id=o1_0.product_id left join product_image p2_0 on p1_0.product_id=p2_0.product_id where (o1_0.order_id,o1_0.product_id) in ((?,?))
Hibernate: select o1_0.order_id,c1_0.cust_id,c1_0.address,c1_0.email,c1_0.cust_name,c1_0.phone,o1_0.employee_id,e1_0.emp_id,e1_0.address,e1_0.dob,e1_0.email,e1_0.full_name,e1_0.phone,e1_0.status,o1_0.order_date,o2_0.order_id,o2_0.product_id,p1_0.product_id,p1_0.description,p1_0.manufacturer_name,p1_0.name,p1_0.status,p1_0.unit,o2_0.note,o2_0.price,o2_0.quantity from orders o1_0 left join customer c1_0 on c1_0.cust_id=o1_0.cust_id join employee e1_0 on e1_0.emp_id=o1_0.employee_id left join order_detail o2_0 on o1_0.order_id=o2_0.order_id left join product p1_0 on p1_0.product_id=o2_0.product_id where o1_0.order_id=?
Hibernate: select l1_0.employee_id,l1_0.order_id,c1_0.cust_id,c1_0.address,c1_0.email,c1_0.cust_name,c1_0.phone,l1_0.order_date from orders l1_0 left join customer c1_0 on c1_0.cust_id=l1_0.cust_id where l1_0.employee_id=?
Hibernate: select p1_0.product_id,p1_0.description,p1_0.manufacturer_name,p1_0.name,p1_0.status,p1_0.unit,o1_0.product_id,o1_0.order_id,o2_0.order_id,c1_0.cust_id,c1_0.address,c1_0.email,c1_0.cust_name,c1_0.phone,o2_0.employee_id,e1_0.emp_id,e1_0.address,e1_0.dob,e1_0.email,e1_0.full_name,e1_0.phone,e1_0.status,o2_0.order_date,o1_0.note,o1_0.price,o1_0.quantity from product p1_0 left join order_detail o1_0 on p1_0.product_id=o1_0.product_id left join orders o2_0 on o2_0.order_id=o1_0.order_id left join customer c1_0 on c1_0.cust_id=o2_0.cust_id left join employee e1_0 on e1_0.emp_id=o2_0.employee_id where p1_0.product_id=?
Hibernate: select o1_0.order_id,o1_0.product_id,p1_0.product_id,p1_0.description,p1_0.manufacturer_name,p1_0.name,p1_0.status,p1_0.unit,o1_0.note,o1_0.price,o1_0.quantity from order_detail o1_0 join product p1_0 on p1_0.product_id=o1_0.product_id where o1_0.order_id=?
Hibernate: select o1_0.order_id,o1_0.product_id,p1_0.product_id,p1_0.description,p1_0.manufacturer_name,p1_0.name,p1_0.status,p1_0.unit,o1_0.note,o1_0.price,o1_0.quantity from order_detail o1_0 join product p1_0 on p1_0.product_id=o1_0.product_id where o1_0.order_id=?
Hibernate: select o1_0.order_id,o1_0.product_id,p1_0.product_id,p1_0.description,p1_0.manufacturer_name,p1_0.name,p1_0.status,p1_0.unit,o1_0.note,o1_0.price,o1_0.quantity from order_detail o1_0 join product p1_0 on p1_0.product_id=o1_0.product_id where o1_0.order_id=?
Hibernate: select l1_0.employee_id,l1_0.order_id,c1_0.cust_id,c1_0.address,c1_0.email,c1_0.cust_name,c1_0.phone,l1_0.order_date from orders l1_0 left join customer c1_0 on c1_0.cust_id=l1_0.cust_id where l1_0.employee_id=?
Hibernate: select o1_0.order_id,o1_0.product_id,p1_0.product_id,p1_0.description,p1_0.manufacturer_name,p1_0.name,p1_0.status,p1_0.unit,o1_0.note,o1_0.price,o1_0.quantity from order_detail o1_0 join product p1_0 on p1_0.product_id=o1_0.product_id where o1_0.order_id=?
Hibernate: select l1_0.employee_id,l1_0.order_id,c1_0.cust_id,c1_0.address,c1_0.email,c1_0.cust_name,c1_0.phone,l1_0.order_date from orders l1_0 left join customer c1_0 on c1_0.cust_id=l1_0.cust_id where l1_0.employee_id=?
Hibernate: select o1_0.order_id,o1_0.product_id,p1_0.product_id,p1_0.description,p1_0.manufacturer_name,p1_0.name,p1_0.status,p1_0.unit,o1_0.note,o1_0.price,o1_0.quantity from order_detail o1_0 join product p1_0 on p1_0.product_id=o1_0.product_id where o1_0.order_id=?
Hibernate: select l1_0.employee_id,l1_0.order_id,c1_0.cust_id,c1_0.address,c1_0.email,c1_0.cust_name,c1_0.phone,l1_0.order_date from orders l1_0 left join customer c1_0 on c1_0.cust_id=l1_0.cust_id where l1_0.employee_id=?
Hibernate: select p1_0.product_id,p1_0.price_date_time,p1_0.note,p1_0.price from product_price p1_0 where p1_0.product_id=?
Hibernate: select p1_0.product_id,p1_0.image_id,p1_0.alternative,p1_0.path from product_image p1_0 where p1_0.product_id=?
Hibernate: insert into order_detail (note,price,quantity,order_id,product_id) values (?,?,?,?,?)
Hibernate: select p1_0.product_id,p1_0.description,p1_0.manufacturer_name,p1_0.name,p1_0.status,p1_0.unit from product p1_0 where p1_0.product_id=?
Hibernate: select o1_0.order_id,o2_0.order_id,c1_0.cust_id,c1_0.address,c1_0.email,c1_0.cust_name,c1_0.phone,o2_0.employee_id,e1_0.emp_id,e1_0.address,e1_0.dob,e1_0.email,e1_0.full_name,e1_0.phone,e1_0.status,o2_0.order_date,o1_0.product_id,p1_0.product_id,p1_0.description,p1_0.manufacturer_name,p1_0.name,p1_0.status,p1_0.unit,p2_0.product_id,p2_0.image_id,p2_0.alternative,p2_0.path,o1_0.note,o1_0.price,o1_0.quantity from order_detail o1_0 join orders o2_0 on o2_0.order_id=o1_0.order_id left join customer c1_0 on c1_0.cust_id=o2_0.cust_id left join employee e1_0 on e1_0.emp_id=o2_0.employee_id join product p1_0 on p1_0.product_id=o1_0.product_id left join product_image p2_0 on p1_0.product_id=p2_0.product_id where (o1_0.order_id,o1_0.product_id) in ((?,?))
Hibernate: select o1_0.order_id,c1_0.cust_id,c1_0.address,c1_0.email,c1_0.cust_name,c1_0.phone,o1_0.employee_id,e1_0.emp_id,e1_0.address,e1_0.dob,e1_0.email,e1_0.full_name,e1_0.phone,e1_0.status,o1_0.order_date,o2_0.order_id,o2_0.product_id,p1_0.product_id,p1_0.description,p1_0.manufacturer_name,p1_0.name,p1_0.status,p1_0.unit,o2_0.note,o2_0.price,o2_0.quantity from orders o1_0 left join customer c1_0 on c1_0.cust_id=o1_0.cust_id join employee e1_0 on e1_0.emp_id=o1_0.employee_id left join order_detail o2_0 on o1_0.order_id=o2_0.order_id left join product p1_0 on p1_0.product_id=o2_0.product_id where o1_0.order_id=?
Hibernate: select p1_0.product_id,p1_0.price_date_time,p1_0.note,p1_0.price from product_price p1_0 where p1_0.product_id=?
Hibernate: select p1_0.product_id,p1_0.image_id,p1_0.alternative,p1_0.path from product_image p1_0 where p1_0.product_id=?
Hibernate: select o1_0.product_id,o1_0.order_id,o2_0.order_id,c1_0.cust_id,c1_0.address,c1_0.email,c1_0.cust_name,c1_0.phone,o2_0.employee_id,e1_0.emp_id,e1_0.address,e1_0.dob,e1_0.email,e1_0.full_name,e1_0.phone,e1_0.status,o2_0.order_date,o1_0.note,o1_0.price,o1_0.quantity from order_detail o1_0 join orders o2_0 on o2_0.order_id=o1_0.order_id left join customer c1_0 on c1_0.cust_id=o2_0.cust_id left join employee e1_0 on e1_0.emp_id=o2_0.employee_id where o1_0.product_id=?
Hibernate: select l1_0.employee_id,l1_0.order_id,c1_0.cust_id,c1_0.address,c1_0.email,c1_0.cust_name,c1_0.phone,l1_0.order_date from orders l1_0 left join customer c1_0 on c1_0.cust_id=l1_0.cust_id where l1_0.employee_id=?
Hibernate: select p1_0.product_id,p1_0.description,p1_0.manufacturer_name,p1_0.name,p1_0.status,p1_0.unit,o1_0.product_id,o1_0.order_id,o2_0.order_id,c1_0.cust_id,c1_0.address,c1_0.email,c1_0.cust_name,c1_0.phone,o2_0.employee_id,e1_0.emp_id,e1_0.address,e1_0.dob,e1_0.email,e1_0.full_name,e1_0.phone,e1_0.status,o2_0.order_date,o1_0.note,o1_0.price,o1_0.quantity from product p1_0 left join order_detail o1_0 on p1_0.product_id=o1_0.product_id left join orders o2_0 on o2_0.order_id=o1_0.order_id left join customer c1_0 on c1_0.cust_id=o2_0.cust_id left join employee e1_0 on e1_0.emp_id=o2_0.employee_id where p1_0.product_id=?
Hibernate: select o1_0.order_id,o1_0.product_id,p1_0.product_id,p1_0.description,p1_0.manufacturer_name,p1_0.name,p1_0.status,p1_0.unit,o1_0.note,o1_0.price,o1_0.quantity from order_detail o1_0 join product p1_0 on p1_0.product_id=o1_0.product_id where o1_0.order_id=?
Hibernate: select o1_0.order_id,o1_0.product_id,p1_0.product_id,p1_0.description,p1_0.manufacturer_name,p1_0.name,p1_0.status,p1_0.unit,o1_0.note,o1_0.price,o1_0.quantity from order_detail o1_0 join product p1_0 on p1_0.product_id=o1_0.product_id where o1_0.order_id=?
Hibernate: select o1_0.order_id,o1_0.product_id,p1_0.product_id,p1_0.description,p1_0.manufacturer_name,p1_0.name,p1_0.status,p1_0.unit,o1_0.note,o1_0.price,o1_0.quantity from order_detail o1_0 join product p1_0 on p1_0.product_id=o1_0.product_id where o1_0.order_id=?
Hibernate: select o1_0.order_id,o1_0.product_id,p1_0.product_id,p1_0.description,p1_0.manufacturer_name,p1_0.name,p1_0.status,p1_0.unit,o1_0.note,o1_0.price,o1_0.quantity from order_detail o1_0 join product p1_0 on p1_0.product_id=o1_0.product_id where o1_0.order_id=?
Hibernate: select o1_0.order_id,o1_0.product_id,p1_0.product_id,p1_0.description,p1_0.manufacturer_name,p1_0.name,p1_0.status,p1_0.unit,o1_0.note,o1_0.price,o1_0.quantity from order_detail o1_0 join product p1_0 on p1_0.product_id=o1_0.product_id where o1_0.order_id=?
Hibernate: select l1_0.employee_id,l1_0.order_id,c1_0.cust_id,c1_0.address,c1_0.email,c1_0.cust_name,c1_0.phone,l1_0.order_date from orders l1_0 left join customer c1_0 on c1_0.cust_id=l1_0.cust_id where l1_0.employee_id=?
Hibernate: select p1_0.product_id,p1_0.price_date_time,p1_0.note,p1_0.price from product_price p1_0 where p1_0.product_id=?
Hibernate: select p1_0.product_id,p1_0.image_id,p1_0.alternative,p1_0.path from product_image p1_0 where p1_0.product_id=?
Hibernate: select o1_0.order_id,o1_0.product_id,p1_0.product_id,p1_0.description,p1_0.manufacturer_name,p1_0.name,p1_0.status,p1_0.unit,o1_0.note,o1_0.price,o1_0.quantity from order_detail o1_0 join product p1_0 on p1_0.product_id=o1_0.product_id where o1_0.order_id=?
Hibernate: select l1_0.employee_id,l1_0.order_id,c1_0.cust_id,c1_0.address,c1_0.email,c1_0.cust_name,c1_0.phone,l1_0.order_date from orders l1_0 left join customer c1_0 on c1_0.cust_id=l1_0.cust_id where l1_0.employee_id=?
Hibernate: insert into order_detail (note,price,quantity,order_id,product_id) values (?,?,?,?,?)
Hibernate: select p1_0.product_id,p1_0.description,p1_0.manufacturer_name,p1_0.name,p1_0.status,p1_0.unit from product p1_0 where p1_0.product_id=?
Hibernate: select o1_0.order_id,o2_0.order_id,c1_0.cust_id,c1_0.address,c1_0.email,c1_0.cust_name,c1_0.phone,o2_0.employee_id,e1_0.emp_id,e1_0.address,e1_0.dob,e1_0.email,e1_0.full_name,e1_0.phone,e1_0.status,o2_0.order_date,o1_0.product_id,p1_0.product_id,p1_0.description,p1_0.manufacturer_name,p1_0.name,p1_0.status,p1_0.unit,p2_0.product_id,p2_0.image_id,p2_0.alternative,p2_0.path,o1_0.note,o1_0.price,o1_0.quantity from order_detail o1_0 join orders o2_0 on o2_0.order_id=o1_0.order_id left join customer c1_0 on c1_0.cust_id=o2_0.cust_id left join employee e1_0 on e1_0.emp_id=o2_0.employee_id join product p1_0 on p1_0.product_id=o1_0.product_id left join product_image p2_0 on p1_0.product_id=p2_0.product_id where (o1_0.order_id,o1_0.product_id) in ((?,?))
Hibernate: select o1_0.order_id,c1_0.cust_id,c1_0.address,c1_0.email,c1_0.cust_name,c1_0.phone,o1_0.employee_id,e1_0.emp_id,e1_0.address,e1_0.dob,e1_0.email,e1_0.full_name,e1_0.phone,e1_0.status,o1_0.order_date,o2_0.order_id,o2_0.product_id,p1_0.product_id,p1_0.description,p1_0.manufacturer_name,p1_0.name,p1_0.status,p1_0.unit,o2_0.note,o2_0.price,o2_0.quantity from orders o1_0 left join customer c1_0 on c1_0.cust_id=o1_0.cust_id join employee e1_0 on e1_0.emp_id=o1_0.employee_id left join order_detail o2_0 on o1_0.order_id=o2_0.order_id left join product p1_0 on p1_0.product_id=o2_0.product_id where o1_0.order_id=?
Hibernate: select p1_0.product_id,p1_0.price_date_time,p1_0.note,p1_0.price from product_price p1_0 where p1_0.product_id=?
Hibernate: select p1_0.product_id,p1_0.image_id,p1_0.alternative,p1_0.path from product_image p1_0 where p1_0.product_id=?
Hibernate: select o1_0.product_id,o1_0.order_id,o2_0.order_id,c1_0.cust_id,c1_0.address,c1_0.email,c1_0.cust_name,c1_0.phone,o2_0.employee_id,e1_0.emp_id,e1_0.address,e1_0.dob,e1_0.email,e1_0.full_name,e1_0.phone,e1_0.status,o2_0.order_date,o1_0.note,o1_0.price,o1_0.quantity from order_detail o1_0 join orders o2_0 on o2_0.order_id=o1_0.order_id left join customer c1_0 on c1_0.cust_id=o2_0.cust_id left join employee e1_0 on e1_0.emp_id=o2_0.employee_id where o1_0.product_id=?
Hibernate: select p1_0.product_id,p1_0.price_date_time,p1_0.note,p1_0.price from product_price p1_0 where p1_0.product_id=?
Hibernate: select p1_0.product_id,p1_0.image_id,p1_0.alternative,p1_0.path from product_image p1_0 where p1_0.product_id=?
Hibernate: select o1_0.product_id,o1_0.order_id,o2_0.order_id,c1_0.cust_id,c1_0.address,c1_0.email,c1_0.cust_name,c1_0.phone,o2_0.employee_id,e1_0.emp_id,e1_0.address,e1_0.dob,e1_0.email,e1_0.full_name,e1_0.phone,e1_0.status,o2_0.order_date,o1_0.note,o1_0.price,o1_0.quantity from order_detail o1_0 join orders o2_0 on o2_0.order_id=o1_0.order_id left join customer c1_0 on c1_0.cust_id=o2_0.cust_id left join employee e1_0 on e1_0.emp_id=o2_0.employee_id where o1_0.product_id=?
Hibernate: select l1_0.employee_id,l1_0.order_id,c1_0.cust_id,c1_0.address,c1_0.email,c1_0.cust_name,c1_0.phone,l1_0.order_date from orders l1_0 left join customer c1_0 on c1_0.cust_id=l1_0.cust_id where l1_0.employee_id=?
Hibernate: select p1_0.product_id,p1_0.description,p1_0.manufacturer_name,p1_0.name,p1_0.status,p1_0.unit,o1_0.product_id,o1_0.order_id,o2_0.order_id,c1_0.cust_id,c1_0.address,c1_0.email,c1_0.cust_name,c1_0.phone,o2_0.employee_id,e1_0.emp_id,e1_0.address,e1_0.dob,e1_0.email,e1_0.full_name,e1_0.phone,e1_0.status,o2_0.order_date,o1_0.note,o1_0.price,o1_0.quantity from product p1_0 left join order_detail o1_0 on p1_0.product_id=o1_0.product_id left join orders o2_0 on o2_0.order_id=o1_0.order_id left join customer c1_0 on c1_0.cust_id=o2_0.cust_id left join employee e1_0 on e1_0.emp_id=o2_0.employee_id where p1_0.product_id=?
Hibernate: select o1_0.order_id,o1_0.product_id,p1_0.product_id,p1_0.description,p1_0.manufacturer_name,p1_0.name,p1_0.status,p1_0.unit,o1_0.note,o1_0.price,o1_0.quantity from order_detail o1_0 join product p1_0 on p1_0.product_id=o1_0.product_id where o1_0.order_id=?
Hibernate: select o1_0.order_id,o1_0.product_id,p1_0.product_id,p1_0.description,p1_0.manufacturer_name,p1_0.name,p1_0.status,p1_0.unit,o1_0.note,o1_0.price,o1_0.quantity from order_detail o1_0 join product p1_0 on p1_0.product_id=o1_0.product_id where o1_0.order_id=?
Hibernate: select o1_0.order_id,o1_0.product_id,p1_0.product_id,p1_0.description,p1_0.manufacturer_name,p1_0.name,p1_0.status,p1_0.unit,o1_0.note,o1_0.price,o1_0.quantity from order_detail o1_0 join product p1_0 on p1_0.product_id=o1_0.product_id where o1_0.order_id=?
Hibernate: select l1_0.employee_id,l1_0.order_id,c1_0.cust_id,c1_0.address,c1_0.email,c1_0.cust_name,c1_0.phone,l1_0.order_date from orders l1_0 left join customer c1_0 on c1_0.cust_id=l1_0.cust_id where l1_0.employee_id=?
Hibernate: select o1_0.order_id,o1_0.product_id,p1_0.product_id,p1_0.description,p1_0.manufacturer_name,p1_0.name,p1_0.status,p1_0.unit,o1_0.note,o1_0.price,o1_0.quantity from order_detail o1_0 join product p1_0 on p1_0.product_id=o1_0.product_id where o1_0.order_id=?
Hibernate: select o1_0.order_id,o1_0.product_id,p1_0.product_id,p1_0.description,p1_0.manufacturer_name,p1_0.name,p1_0.status,p1_0.unit,o1_0.note,o1_0.price,o1_0.quantity from order_detail o1_0 join product p1_0 on p1_0.product_id=o1_0.product_id where o1_0.order_id=?
Hibernate: select o1_0.order_id,o1_0.product_id,p1_0.product_id,p1_0.description,p1_0.manufacturer_name,p1_0.name,p1_0.status,p1_0.unit,o1_0.note,o1_0.price,o1_0.quantity from order_detail o1_0 join product p1_0 on p1_0.product_id=o1_0.product_id where o1_0.order_id=?
Hibernate: select o1_0.order_id,o1_0.product_id,p1_0.product_id,p1_0.description,p1_0.manufacturer_name,p1_0.name,p1_0.status,p1_0.unit,o1_0.note,o1_0.price,o1_0.quantity from order_detail o1_0 join product p1_0 on p1_0.product_id=o1_0.product_id where o1_0.order_id=?
Hibernate: select o1_0.order_id,o1_0.product_id,p1_0.product_id,p1_0.description,p1_0.manufacturer_name,p1_0.name,p1_0.status,p1_0.unit,o1_0.note,o1_0.price,o1_0.quantity from order_detail o1_0 join product p1_0 on p1_0.product_id=o1_0.product_id where o1_0.order_id=?
Hibernate: select l1_0.employee_id,l1_0.order_id,c1_0.cust_id,c1_0.address,c1_0.email,c1_0.cust_name,c1_0.phone,l1_0.order_date from orders l1_0 left join customer c1_0 on c1_0.cust_id=l1_0.cust_id where l1_0.employee_id=?
Hibernate: select o1_0.order_id,o1_0.product_id,p1_0.product_id,p1_0.description,p1_0.manufacturer_name,p1_0.name,p1_0.status,p1_0.unit,o1_0.note,o1_0.price,o1_0.quantity from order_detail o1_0 join product p1_0 on p1_0.product_id=o1_0.product_id where o1_0.order_id=?
Hibernate: select p1_0.product_id,p1_0.price_date_time,p1_0.note,p1_0.price from product_price p1_0 where p1_0.product_id=?
Hibernate: select p1_0.product_id,p1_0.image_id,p1_0.alternative,p1_0.path from product_image p1_0 where p1_0.product_id=?
Hibernate: select o1_0.order_id,o1_0.product_id,p1_0.product_id,p1_0.description,p1_0.manufacturer_name,p1_0.name,p1_0.status,p1_0.unit,o1_0.note,o1_0.price,o1_0.quantity from order_detail o1_0 join product p1_0 on p1_0.product_id=o1_0.product_id where o1_0.order_id=?
Hibernate: select l1_0.employee_id,l1_0.order_id,c1_0.cust_id,c1_0.address,c1_0.email,c1_0.cust_name,c1_0.phone,l1_0.order_date from orders l1_0 left join customer c1_0 on c1_0.cust_id=l1_0.cust_id where l1_0.employee_id=?
Hibernate: insert into order_detail (note,price,quantity,order_id,product_id) values (?,?,?,?,?)
Hibernate: select e1_0.emp_id,e1_0.address,e1_0.dob,e1_0.email,e1_0.full_name,e1_0.phone,e1_0.status from employee e1_0 where e1_0.emp_id=?
Hibernate: select c1_0.cust_id,c1_0.address,c1_0.email,c1_0.cust_name,c1_0.phone from customer c1_0 where c1_0.cust_id=?
Hibernate: select o1_0.order_id,c1_0.cust_id,c1_0.address,c1_0.email,c1_0.cust_name,c1_0.phone,o1_0.employee_id,e1_0.emp_id,e1_0.address,e1_0.dob,e1_0.email,e1_0.full_name,e1_0.phone,e1_0.status,o1_0.order_date,o2_0.order_id,o2_0.product_id,p1_0.product_id,p1_0.description,p1_0.manufacturer_name,p1_0.name,p1_0.status,p1_0.unit,o2_0.note,o2_0.price,o2_0.quantity from orders o1_0 left join customer c1_0 on c1_0.cust_id=o1_0.cust_id join employee e1_0 on e1_0.emp_id=o1_0.employee_id left join order_detail o2_0 on o1_0.order_id=o2_0.order_id left join product p1_0 on p1_0.product_id=o2_0.product_id where o1_0.order_id=?
Hibernate: select c1_0.cust_id,c1_0.address,c1_0.email,c1_0.cust_name,c1_0.phone from customer c1_0 where c1_0.cust_id=?
Hibernate: select e1_0.emp_id,e1_0.address,e1_0.dob,e1_0.email,e1_0.full_name,e1_0.phone,e1_0.status from employee e1_0 where e1_0.emp_id=?
Hibernate: insert into orders (cust_id,employee_id,order_date,order_id) values (?,?,?,default)
Hibernate: select p1_0.product_id,p1_0.description,p1_0.manufacturer_name,p1_0.name,p1_0.status,p1_0.unit from product p1_0 where p1_0.product_id=?
Hibernate: select o1_0.order_id,o2_0.order_id,c1_0.cust_id,c1_0.address,c1_0.email,c1_0.cust_name,c1_0.phone,o2_0.employee_id,e1_0.emp_id,e1_0.address,e1_0.dob,e1_0.email,e1_0.full_name,e1_0.phone,e1_0.status,o2_0.order_date,o1_0.product_id,p1_0.product_id,p1_0.description,p1_0.manufacturer_name,p1_0.name,p1_0.status,p1_0.unit,p2_0.product_id,p2_0.image_id,p2_0.alternative,p2_0.path,o1_0.note,o1_0.price,o1_0.quantity from order_detail o1_0 join orders o2_0 on o2_0.order_id=o1_0.order_id left join customer c1_0 on c1_0.cust_id=o2_0.cust_id left join employee e1_0 on e1_0.emp_id=o2_0.employee_id join product p1_0 on p1_0.product_id=o1_0.product_id left join product_image p2_0 on p1_0.product_id=p2_0.product_id where (o1_0.order_id,o1_0.product_id) in ((?,?))
Hibernate: select o1_0.order_id,c1_0.cust_id,c1_0.address,c1_0.email,c1_0.cust_name,c1_0.phone,o1_0.employee_id,e1_0.emp_id,e1_0.address,e1_0.dob,e1_0.email,e1_0.full_name,e1_0.phone,e1_0.status,o1_0.order_date,o2_0.order_id,o2_0.product_id,p1_0.product_id,p1_0.description,p1_0.manufacturer_name,p1_0.name,p1_0.status,p1_0.unit,o2_0.note,o2_0.price,o2_0.quantity from orders o1_0 left join customer c1_0 on c1_0.cust_id=o1_0.cust_id join employee e1_0 on e1_0.emp_id=o1_0.employee_id left join order_detail o2_0 on o1_0.order_id=o2_0.order_id left join product p1_0 on p1_0.product_id=o2_0.product_id where o1_0.order_id=?
Hibernate: select l1_0.employee_id,l1_0.order_id,c1_0.cust_id,c1_0.address,c1_0.email,c1_0.cust_name,c1_0.phone,l1_0.order_date from orders l1_0 left join customer c1_0 on c1_0.cust_id=l1_0.cust_id where l1_0.employee_id=?
Hibernate: select p1_0.product_id,p1_0.description,p1_0.manufacturer_name,p1_0.name,p1_0.status,p1_0.unit,o1_0.product_id,o1_0.order_id,o2_0.order_id,c1_0.cust_id,c1_0.address,c1_0.email,c1_0.cust_name,c1_0.phone,o2_0.employee_id,e1_0.emp_id,e1_0.address,e1_0.dob,e1_0.email,e1_0.full_name,e1_0.phone,e1_0.status,o2_0.order_date,o1_0.note,o1_0.price,o1_0.quantity from product p1_0 left join order_detail o1_0 on p1_0.product_id=o1_0.product_id left join orders o2_0 on o2_0.order_id=o1_0.order_id left join customer c1_0 on c1_0.cust_id=o2_0.cust_id left join employee e1_0 on e1_0.emp_id=o2_0.employee_id where p1_0.product_id=?
Hibernate: select o1_0.order_id,o1_0.product_id,p1_0.product_id,p1_0.description,p1_0.manufacturer_name,p1_0.name,p1_0.status,p1_0.unit,o1_0.note,o1_0.price,o1_0.quantity from order_detail o1_0 join product p1_0 on p1_0.product_id=o1_0.product_id where o1_0.order_id=?
Hibernate: select o1_0.order_id,o1_0.product_id,p1_0.product_id,p1_0.description,p1_0.manufacturer_name,p1_0.name,p1_0.status,p1_0.unit,o1_0.note,o1_0.price,o1_0.quantity from order_detail o1_0 join product p1_0 on p1_0.product_id=o1_0.product_id where o1_0.order_id=?
Hibernate: select o1_0.order_id,o1_0.product_id,p1_0.product_id,p1_0.description,p1_0.manufacturer_name,p1_0.name,p1_0.status,p1_0.unit,o1_0.note,o1_0.price,o1_0.quantity from order_detail o1_0 join product p1_0 on p1_0.product_id=o1_0.product_id where o1_0.order_id=?
Hibernate: select o1_0.order_id,o1_0.product_id,p1_0.product_id,p1_0.description,p1_0.manufacturer_name,p1_0.name,p1_0.status,p1_0.unit,o1_0.note,o1_0.price,o1_0.quantity from order_detail o1_0 join product p1_0 on p1_0.product_id=o1_0.product_id where o1_0.order_id=?
Hibernate: select l1_0.employee_id,l1_0.order_id,c1_0.cust_id,c1_0.address,c1_0.email,c1_0.cust_name,c1_0.phone,l1_0.order_date from orders l1_0 left join customer c1_0 on c1_0.cust_id=l1_0.cust_id where l1_0.employee_id=?
Hibernate: select o1_0.order_id,o1_0.product_id,p1_0.product_id,p1_0.description,p1_0.manufacturer_name,p1_0.name,p1_0.status,p1_0.unit,o1_0.note,o1_0.price,o1_0.quantity from order_detail o1_0 join product p1_0 on p1_0.product_id=o1_0.product_id where o1_0.order_id=?
Hibernate: select o1_0.order_id,o1_0.product_id,p1_0.product_id,p1_0.description,p1_0.manufacturer_name,p1_0.name,p1_0.status,p1_0.unit,o1_0.note,o1_0.price,o1_0.quantity from order_detail o1_0 join product p1_0 on p1_0.product_id=o1_0.product_id where o1_0.order_id=?
Hibernate: select o1_0.order_id,o1_0.product_id,p1_0.product_id,p1_0.description,p1_0.manufacturer_name,p1_0.name,p1_0.status,p1_0.unit,o1_0.note,o1_0.price,o1_0.quantity from order_detail o1_0 join product p1_0 on p1_0.product_id=o1_0.product_id where o1_0.order_id=?
Hibernate: select l1_0.employee_id,l1_0.order_id,c1_0.cust_id,c1_0.address,c1_0.email,c1_0.cust_name,c1_0.phone,l1_0.order_date from orders l1_0 left join customer c1_0 on c1_0.cust_id=l1_0.cust_id where l1_0.employee_id=?
Hibernate: select o1_0.order_id,o1_0.product_id,p1_0.product_id,p1_0.description,p1_0.manufacturer_name,p1_0.name,p1_0.status,p1_0.unit,o1_0.note,o1_0.price,o1_0.quantity from order_detail o1_0 join product p1_0 on p1_0.product_id=o1_0.product_id where o1_0.order_id=?
Hibernate: select l1_0.employee_id,l1_0.order_id,c1_0.cust_id,c1_0.address,c1_0.email,c1_0.cust_name,c1_0.phone,l1_0.order_date from orders l1_0 left join customer c1_0 on c1_0.cust_id=l1_0.cust_id where l1_0.employee_id=?
Hibernate: select o1_0.order_id,o1_0.product_id,p1_0.product_id,p1_0.description,p1_0.manufacturer_name,p1_0.name,p1_0.status,p1_0.unit,o1_0.note,o1_0.price,o1_0.quantity from order_detail o1_0 join product p1_0 on p1_0.product_id=o1_0.product_id where o1_0.order_id=?
Hibernate: select l1_0.employee_id,l1_0.order_id,c1_0.cust_id,c1_0.address,c1_0.email,c1_0.cust_name,c1_0.phone,l1_0.order_date from orders l1_0 left join customer c1_0 on c1_0.cust_id=l1_0.cust_id where l1_0.employee_id=?
Hibernate: select o1_0.order_id,o1_0.product_id,p1_0.product_id,p1_0.description,p1_0.manufacturer_name,p1_0.name,p1_0.status,p1_0.unit,o1_0.note,o1_0.price,o1_0.quantity from order_detail o1_0 join product p1_0 on p1_0.product_id=o1_0.product_id where o1_0.order_id=?
Hibernate: select l1_0.employee_id,l1_0.order_id,c1_0.cust_id,c1_0.address,c1_0.email,c1_0.cust_name,c1_0.phone,l1_0.order_date from orders l1_0 left join customer c1_0 on c1_0.cust_id=l1_0.cust_id where l1_0.employee_id=?
Hibernate: select p1_0.product_id,p1_0.price_date_time,p1_0.note,p1_0.price from product_price p1_0 where p1_0.product_id=?
Hibernate: select p1_0.product_id,p1_0.image_id,p1_0.alternative,p1_0.path from product_image p1_0 where p1_0.product_id=?
Hibernate: insert into order_detail (note,price,quantity,order_id,product_id) values (?,?,?,?,?)
Hibernate: select p1_0.product_id,p1_0.description,p1_0.manufacturer_name,p1_0.name,p1_0.status,p1_0.unit from product p1_0 where p1_0.product_id=?
Hibernate: select o1_0.order_id,o2_0.order_id,c1_0.cust_id,c1_0.address,c1_0.email,c1_0.cust_name,c1_0.phone,o2_0.employee_id,e1_0.emp_id,e1_0.address,e1_0.dob,e1_0.email,e1_0.full_name,e1_0.phone,e1_0.status,o2_0.order_date,o1_0.product_id,p1_0.product_id,p1_0.description,p1_0.manufacturer_name,p1_0.name,p1_0.status,p1_0.unit,p2_0.product_id,p2_0.image_id,p2_0.alternative,p2_0.path,o1_0.note,o1_0.price,o1_0.quantity from order_detail o1_0 join orders o2_0 on o2_0.order_id=o1_0.order_id left join customer c1_0 on c1_0.cust_id=o2_0.cust_id left join employee e1_0 on e1_0.emp_id=o2_0.employee_id join product p1_0 on p1_0.product_id=o1_0.product_id left join product_image p2_0 on p1_0.product_id=p2_0.product_id where (o1_0.order_id,o1_0.product_id) in ((?,?))
Hibernate: select o1_0.order_id,c1_0.cust_id,c1_0.address,c1_0.email,c1_0.cust_name,c1_0.phone,o1_0.employee_id,e1_0.emp_id,e1_0.address,e1_0.dob,e1_0.email,e1_0.full_name,e1_0.phone,e1_0.status,o1_0.order_date,o2_0.order_id,o2_0.product_id,p1_0.product_id,p1_0.description,p1_0.manufacturer_name,p1_0.name,p1_0.status,p1_0.unit,o2_0.note,o2_0.price,o2_0.quantity from orders o1_0 left join customer c1_0 on c1_0.cust_id=o1_0.cust_id join employee e1_0 on e1_0.emp_id=o1_0.employee_id left join order_detail o2_0 on o1_0.order_id=o2_0.order_id left join product p1_0 on p1_0.product_id=o2_0.product_id where o1_0.order_id=?
Hibernate: select p1_0.product_id,p1_0.price_date_time,p1_0.note,p1_0.price from product_price p1_0 where p1_0.product_id=?
Hibernate: select p1_0.product_id,p1_0.image_id,p1_0.alternative,p1_0.path from product_image p1_0 where p1_0.product_id=?
Hibernate: select o1_0.product_id,o1_0.order_id,o2_0.order_id,c1_0.cust_id,c1_0.address,c1_0.email,c1_0.cust_name,c1_0.phone,o2_0.employee_id,e1_0.emp_id,e1_0.address,e1_0.dob,e1_0.email,e1_0.full_name,e1_0.phone,e1_0.status,o2_0.order_date,o1_0.note,o1_0.price,o1_0.quantity from order_detail o1_0 join orders o2_0 on o2_0.order_id=o1_0.order_id left join customer c1_0 on c1_0.cust_id=o2_0.cust_id left join employee e1_0 on e1_0.emp_id=o2_0.employee_id where o1_0.product_id=?
Hibernate: select l1_0.employee_id,l1_0.order_id,c1_0.cust_id,c1_0.address,c1_0.email,c1_0.cust_name,c1_0.phone,l1_0.order_date from orders l1_0 left join customer c1_0 on c1_0.cust_id=l1_0.cust_id where l1_0.employee_id=?
Hibernate: select p1_0.product_id,p1_0.description,p1_0.manufacturer_name,p1_0.name,p1_0.status,p1_0.unit,o1_0.product_id,o1_0.order_id,o2_0.order_id,c1_0.cust_id,c1_0.address,c1_0.email,c1_0.cust_name,c1_0.phone,o2_0.employee_id,e1_0.emp_id,e1_0.address,e1_0.dob,e1_0.email,e1_0.full_name,e1_0.phone,e1_0.status,o2_0.order_date,o1_0.note,o1_0.price,o1_0.quantity from product p1_0 left join order_detail o1_0 on p1_0.product_id=o1_0.product_id left join orders o2_0 on o2_0.order_id=o1_0.order_id left join customer c1_0 on c1_0.cust_id=o2_0.cust_id left join employee e1_0 on e1_0.emp_id=o2_0.employee_id where p1_0.product_id=?
Hibernate: select o1_0.order_id,o1_0.product_id,p1_0.product_id,p1_0.description,p1_0.manufacturer_name,p1_0.name,p1_0.status,p1_0.unit,o1_0.note,o1_0.price,o1_0.quantity from order_detail o1_0 join product p1_0 on p1_0.product_id=o1_0.product_id where o1_0.order_id=?
Hibernate: select l1_0.employee_id,l1_0.order_id,c1_0.cust_id,c1_0.address,c1_0.email,c1_0.cust_name,c1_0.phone,l1_0.order_date from orders l1_0 left join customer c1_0 on c1_0.cust_id=l1_0.cust_id where l1_0.employee_id=?
Hibernate: select o1_0.order_id,o1_0.product_id,p1_0.product_id,p1_0.description,p1_0.manufacturer_name,p1_0.name,p1_0.status,p1_0.unit,o1_0.note,o1_0.price,o1_0.quantity from order_detail o1_0 join product p1_0 on p1_0.product_id=o1_0.product_id where o1_0.order_id=?
Hibernate: select l1_0.employee_id,l1_0.order_id,c1_0.cust_id,c1_0.address,c1_0.email,c1_0.cust_name,c1_0.phone,l1_0.order_date from orders l1_0 left join customer c1_0 on c1_0.cust_id=l1_0.cust_id where l1_0.employee_id=?
Hibernate: select o1_0.order_id,o1_0.product_id,p1_0.product_id,p1_0.description,p1_0.manufacturer_name,p1_0.name,p1_0.status,p1_0.unit,o1_0.note,o1_0.price,o1_0.quantity from order_detail o1_0 join product p1_0 on p1_0.product_id=o1_0.product_id where o1_0.order_id=?
Hibernate: select o1_0.order_id,o1_0.product_id,p1_0.product_id,p1_0.description,p1_0.manufacturer_name,p1_0.name,p1_0.status,p1_0.unit,o1_0.note,o1_0.price,o1_0.quantity from order_detail o1_0 join product p1_0 on p1_0.product_id=o1_0.product_id where o1_0.order_id=?
Hibernate: select o1_0.order_id,o1_0.product_id,p1_0.product_id,p1_0.description,p1_0.manufacturer_name,p1_0.name,p1_0.status,p1_0.unit,o1_0.note,o1_0.price,o1_0.quantity from order_detail o1_0 join product p1_0 on p1_0.product_id=o1_0.product_id where o1_0.order_id=?
Hibernate: select o1_0.order_id,o1_0.product_id,p1_0.product_id,p1_0.description,p1_0.manufacturer_name,p1_0.name,p1_0.status,p1_0.unit,o1_0.note,o1_0.price,o1_0.quantity from order_detail o1_0 join product p1_0 on p1_0.product_id=o1_0.product_id where o1_0.order_id=?
Hibernate: select o1_0.order_id,o1_0.product_id,p1_0.product_id,p1_0.description,p1_0.manufacturer_name,p1_0.name,p1_0.status,p1_0.unit,o1_0.note,o1_0.price,o1_0.quantity from order_detail o1_0 join product p1_0 on p1_0.product_id=o1_0.product_id where o1_0.order_id=?
Hibernate: select p1_0.product_id,p1_0.price_date_time,p1_0.note,p1_0.price from product_price p1_0 where p1_0.product_id=?
Hibernate: select p1_0.product_id,p1_0.image_id,p1_0.alternative,p1_0.path from product_image p1_0 where p1_0.product_id=?
Hibernate: select o1_0.order_id,o1_0.product_id,p1_0.product_id,p1_0.description,p1_0.manufacturer_name,p1_0.name,p1_0.status,p1_0.unit,o1_0.note,o1_0.price,o1_0.quantity from order_detail o1_0 join product p1_0 on p1_0.product_id=o1_0.product_id where o1_0.order_id=?
Hibernate: select l1_0.employee_id,l1_0.order_id,c1_0.cust_id,c1_0.address,c1_0.email,c1_0.cust_name,c1_0.phone,l1_0.order_date from orders l1_0 left join customer c1_0 on c1_0.cust_id=l1_0.cust_id where l1_0.employee_id=?
Hibernate: insert into order_detail (note,price,quantity,order_id,product_id) values (?,?,?,?,?)
Hibernate: select p1_0.product_id,p1_0.description,p1_0.manufacturer_name,p1_0.name,p1_0.status,p1_0.unit from product p1_0 where p1_0.product_id=?
Hibernate: select o1_0.order_id,o2_0.order_id,c1_0.cust_id,c1_0.address,c1_0.email,c1_0.cust_name,c1_0.phone,o2_0.employee_id,e1_0.emp_id,e1_0.address,e1_0.dob,e1_0.email,e1_0.full_name,e1_0.phone,e1_0.status,o2_0.order_date,o1_0.product_id,p1_0.product_id,p1_0.description,p1_0.manufacturer_name,p1_0.name,p1_0.status,p1_0.unit,p2_0.product_id,p2_0.image_id,p2_0.alternative,p2_0.path,o1_0.note,o1_0.price,o1_0.quantity from order_detail o1_0 join orders o2_0 on o2_0.order_id=o1_0.order_id left join customer c1_0 on c1_0.cust_id=o2_0.cust_id left join employee e1_0 on e1_0.emp_id=o2_0.employee_id join product p1_0 on p1_0.product_id=o1_0.product_id left join product_image p2_0 on p1_0.product_id=p2_0.product_id where (o1_0.order_id,o1_0.product_id) in ((?,?))
Hibernate: select o1_0.order_id,c1_0.cust_id,c1_0.address,c1_0.email,c1_0.cust_name,c1_0.phone,o1_0.employee_id,e1_0.emp_id,e1_0.address,e1_0.dob,e1_0.email,e1_0.full_name,e1_0.phone,e1_0.status,o1_0.order_date,o2_0.order_id,o2_0.product_id,p1_0.product_id,p1_0.description,p1_0.manufacturer_name,p1_0.name,p1_0.status,p1_0.unit,o2_0.note,o2_0.price,o2_0.quantity from orders o1_0 left join customer c1_0 on c1_0.cust_id=o1_0.cust_id join employee e1_0 on e1_0.emp_id=o1_0.employee_id left join order_detail o2_0 on o1_0.order_id=o2_0.order_id left join product p1_0 on p1_0.product_id=o2_0.product_id where o1_0.order_id=?
Hibernate: select p1_0.product_id,p1_0.price_date_time,p1_0.note,p1_0.price from product_price p1_0 where p1_0.product_id=?
Hibernate: select p1_0.product_id,p1_0.image_id,p1_0.alternative,p1_0.path from product_image p1_0 where p1_0.product_id=?
Hibernate: select o1_0.product_id,o1_0.order_id,o2_0.order_id,c1_0.cust_id,c1_0.address,c1_0.email,c1_0.cust_name,c1_0.phone,o2_0.employee_id,e1_0.emp_id,e1_0.address,e1_0.dob,e1_0.email,e1_0.full_name,e1_0.phone,e1_0.status,o2_0.order_date,o1_0.note,o1_0.price,o1_0.quantity from order_detail o1_0 join orders o2_0 on o2_0.order_id=o1_0.order_id left join customer c1_0 on c1_0.cust_id=o2_0.cust_id left join employee e1_0 on e1_0.emp_id=o2_0.employee_id where o1_0.product_id=?
Hibernate: select p1_0.product_id,p1_0.price_date_time,p1_0.note,p1_0.price from product_price p1_0 where p1_0.product_id=?
Hibernate: select p1_0.product_id,p1_0.image_id,p1_0.alternative,p1_0.path from product_image p1_0 where p1_0.product_id=?
Hibernate: select o1_0.product_id,o1_0.order_id,o2_0.order_id,c1_0.cust_id,c1_0.address,c1_0.email,c1_0.cust_name,c1_0.phone,o2_0.employee_id,e1_0.emp_id,e1_0.address,e1_0.dob,e1_0.email,e1_0.full_name,e1_0.phone,e1_0.status,o2_0.order_date,o1_0.note,o1_0.price,o1_0.quantity from order_detail o1_0 join orders o2_0 on o2_0.order_id=o1_0.order_id left join customer c1_0 on c1_0.cust_id=o2_0.cust_id left join employee e1_0 on e1_0.emp_id=o2_0.employee_id where o1_0.product_id=?
Hibernate: select l1_0.employee_id,l1_0.order_id,c1_0.cust_id,c1_0.address,c1_0.email,c1_0.cust_name,c1_0.phone,l1_0.order_date from orders l1_0 left join customer c1_0 on c1_0.cust_id=l1_0.cust_id where l1_0.employee_id=?
Hibernate: select p1_0.product_id,p1_0.description,p1_0.manufacturer_name,p1_0.name,p1_0.status,p1_0.unit,o1_0.product_id,o1_0.order_id,o2_0.order_id,c1_0.cust_id,c1_0.address,c1_0.email,c1_0.cust_name,c1_0.phone,o2_0.employee_id,e1_0.emp_id,e1_0.address,e1_0.dob,e1_0.email,e1_0.full_name,e1_0.phone,e1_0.status,o2_0.order_date,o1_0.note,o1_0.price,o1_0.quantity from product p1_0 left join order_detail o1_0 on p1_0.product_id=o1_0.product_id left join orders o2_0 on o2_0.order_id=o1_0.order_id left join customer c1_0 on c1_0.cust_id=o2_0.cust_id left join employee e1_0 on e1_0.emp_id=o2_0.employee_id where p1_0.product_id=?
Hibernate: select p1_0.product_id,p1_0.price_date_time,p1_0.note,p1_0.price from product_price p1_0 where p1_0.product_id=?
Hibernate: select p1_0.product_id,p1_0.image_id,p1_0.alternative,p1_0.path from product_image p1_0 where p1_0.product_id=?
Hibernate: select o1_0.order_id,o1_0.product_id,p1_0.product_id,p1_0.description,p1_0.manufacturer_name,p1_0.name,p1_0.status,p1_0.unit,o1_0.note,o1_0.price,o1_0.quantity from order_detail o1_0 join product p1_0 on p1_0.product_id=o1_0.product_id where o1_0.order_id=?
Hibernate: insert into order_detail (note,price,quantity,order_id,product_id) values (?,?,?,?,?)
Hibernate: select e1_0.emp_id,e1_0.address,e1_0.dob,e1_0.email,e1_0.full_name,e1_0.phone,e1_0.status from employee e1_0 where e1_0.emp_id=?
Hibernate: select c1_0.cust_id,c1_0.address,c1_0.email,c1_0.cust_name,c1_0.phone from customer c1_0 where c1_0.cust_id=?
Hibernate: select o1_0.order_id,c1_0.cust_id,c1_0.address,c1_0.email,c1_0.cust_name,c1_0.phone,o1_0.employee_id,e1_0.emp_id,e1_0.address,e1_0.dob,e1_0.email,e1_0.full_name,e1_0.phone,e1_0.status,o1_0.order_date,o2_0.order_id,o2_0.product_id,p1_0.product_id,p1_0.description,p1_0.manufacturer_name,p1_0.name,p1_0.status,p1_0.unit,o2_0.note,o2_0.price,o2_0.quantity from orders o1_0 left join customer c1_0 on c1_0.cust_id=o1_0.cust_id join employee e1_0 on e1_0.emp_id=o1_0.employee_id left join order_detail o2_0 on o1_0.order_id=o2_0.order_id left join product p1_0 on p1_0.product_id=o2_0.product_id where o1_0.order_id=?
Hibernate: select c1_0.cust_id,c1_0.address,c1_0.email,c1_0.cust_name,c1_0.phone from customer c1_0 where c1_0.cust_id=?
Hibernate: select e1_0.emp_id,e1_0.address,e1_0.dob,e1_0.email,e1_0.full_name,e1_0.phone,e1_0.status from employee e1_0 where e1_0.emp_id=?
Hibernate: insert into orders (cust_id,employee_id,order_date,order_id) values (?,?,?,default)
Hibernate: select p1_0.product_id,p1_0.description,p1_0.manufacturer_name,p1_0.name,p1_0.status,p1_0.unit from product p1_0 where p1_0.product_id=?
Hibernate: select o1_0.order_id,o2_0.order_id,c1_0.cust_id,c1_0.address,c1_0.email,c1_0.cust_name,c1_0.phone,o2_0.employee_id,e1_0.emp_id,e1_0.address,e1_0.dob,e1_0.email,e1_0.full_name,e1_0.phone,e1_0.status,o2_0.order_date,o1_0.product_id,p1_0.product_id,p1_0.description,p1_0.manufacturer_name,p1_0.name,p1_0.status,p1_0.unit,p2_0.product_id,p2_0.image_id,p2_0.alternative,p2_0.path,o1_0.note,o1_0.price,o1_0.quantity from order_detail o1_0 join orders o2_0 on o2_0.order_id=o1_0.order_id left join customer c1_0 on c1_0.cust_id=o2_0.cust_id left join employee e1_0 on e1_0.emp_id=o2_0.employee_id join product p1_0 on p1_0.product_id=o1_0.product_id left join product_image p2_0 on p1_0.product_id=p2_0.product_id where (o1_0.order_id,o1_0.product_id) in ((?,?))
Hibernate: select o1_0.order_id,c1_0.cust_id,c1_0.address,c1_0.email,c1_0.cust_name,c1_0.phone,o1_0.employee_id,e1_0.emp_id,e1_0.address,e1_0.dob,e1_0.email,e1_0.full_name,e1_0.phone,e1_0.status,o1_0.order_date,o2_0.order_id,o2_0.product_id,p1_0.product_id,p1_0.description,p1_0.manufacturer_name,p1_0.name,p1_0.status,p1_0.unit,o2_0.note,o2_0.price,o2_0.quantity from orders o1_0 left join customer c1_0 on c1_0.cust_id=o1_0.cust_id join employee e1_0 on e1_0.emp_id=o1_0.employee_id left join order_detail o2_0 on o1_0.order_id=o2_0.order_id left join product p1_0 on p1_0.product_id=o2_0.product_id where o1_0.order_id=?
Hibernate: select l1_0.employee_id,l1_0.order_id,c1_0.cust_id,c1_0.address,c1_0.email,c1_0.cust_name,c1_0.phone,l1_0.order_date from orders l1_0 left join customer c1_0 on c1_0.cust_id=l1_0.cust_id where l1_0.employee_id=?
Hibernate: select p1_0.product_id,p1_0.description,p1_0.manufacturer_name,p1_0.name,p1_0.status,p1_0.unit,o1_0.product_id,o1_0.order_id,o2_0.order_id,c1_0.cust_id,c1_0.address,c1_0.email,c1_0.cust_name,c1_0.phone,o2_0.employee_id,e1_0.emp_id,e1_0.address,e1_0.dob,e1_0.email,e1_0.full_name,e1_0.phone,e1_0.status,o2_0.order_date,o1_0.note,o1_0.price,o1_0.quantity from product p1_0 left join order_detail o1_0 on p1_0.product_id=o1_0.product_id left join orders o2_0 on o2_0.order_id=o1_0.order_id left join customer c1_0 on c1_0.cust_id=o2_0.cust_id left join employee e1_0 on e1_0.emp_id=o2_0.employee_id where p1_0.product_id=?
Hibernate: select o1_0.order_id,o1_0.product_id,p1_0.product_id,p1_0.description,p1_0.manufacturer_name,p1_0.name,p1_0.status,p1_0.unit,o1_0.note,o1_0.price,o1_0.quantity from order_detail o1_0 join product p1_0 on p1_0.product_id=o1_0.product_id where o1_0.order_id=?
Hibernate: select o1_0.order_id,o1_0.product_id,p1_0.product_id,p1_0.description,p1_0.manufacturer_name,p1_0.name,p1_0.status,p1_0.unit,o1_0.note,o1_0.price,o1_0.quantity from order_detail o1_0 join product p1_0 on p1_0.product_id=o1_0.product_id where o1_0.order_id=?
Hibernate: select o1_0.order_id,o1_0.product_id,p1_0.product_id,p1_0.description,p1_0.manufacturer_name,p1_0.name,p1_0.status,p1_0.unit,o1_0.note,o1_0.price,o1_0.quantity from order_detail o1_0 join product p1_0 on p1_0.product_id=o1_0.product_id where o1_0.order_id=?
Hibernate: select o1_0.order_id,o1_0.product_id,p1_0.product_id,p1_0.description,p1_0.manufacturer_name,p1_0.name,p1_0.status,p1_0.unit,o1_0.note,o1_0.price,o1_0.quantity from order_detail o1_0 join product p1_0 on p1_0.product_id=o1_0.product_id where o1_0.order_id=?
Hibernate: select l1_0.employee_id,l1_0.order_id,c1_0.cust_id,c1_0.address,c1_0.email,c1_0.cust_name,c1_0.phone,l1_0.order_date from orders l1_0 left join customer c1_0 on c1_0.cust_id=l1_0.cust_id where l1_0.employee_id=?
Hibernate: select o1_0.order_id,o1_0.product_id,p1_0.product_id,p1_0.description,p1_0.manufacturer_name,p1_0.name,p1_0.status,p1_0.unit,o1_0.note,o1_0.price,o1_0.quantity from order_detail o1_0 join product p1_0 on p1_0.product_id=o1_0.product_id where o1_0.order_id=?
Hibernate: select o1_0.order_id,o1_0.product_id,p1_0.product_id,p1_0.description,p1_0.manufacturer_name,p1_0.name,p1_0.status,p1_0.unit,o1_0.note,o1_0.price,o1_0.quantity from order_detail o1_0 join product p1_0 on p1_0.product_id=o1_0.product_id where o1_0.order_id=?
Hibernate: select o1_0.order_id,o1_0.product_id,p1_0.product_id,p1_0.description,p1_0.manufacturer_name,p1_0.name,p1_0.status,p1_0.unit,o1_0.note,o1_0.price,o1_0.quantity from order_detail o1_0 join product p1_0 on p1_0.product_id=o1_0.product_id where o1_0.order_id=?
Hibernate: select l1_0.employee_id,l1_0.order_id,c1_0.cust_id,c1_0.address,c1_0.email,c1_0.cust_name,c1_0.phone,l1_0.order_date from orders l1_0 left join customer c1_0 on c1_0.cust_id=l1_0.cust_id where l1_0.employee_id=?
Hibernate: select o1_0.order_id,o1_0.product_id,p1_0.product_id,p1_0.description,p1_0.manufacturer_name,p1_0.name,p1_0.status,p1_0.unit,o1_0.note,o1_0.price,o1_0.quantity from order_detail o1_0 join product p1_0 on p1_0.product_id=o1_0.product_id where o1_0.order_id=?
Hibernate: select l1_0.employee_id,l1_0.order_id,c1_0.cust_id,c1_0.address,c1_0.email,c1_0.cust_name,c1_0.phone,l1_0.order_date from orders l1_0 left join customer c1_0 on c1_0.cust_id=l1_0.cust_id where l1_0.employee_id=?
Hibernate: select o1_0.order_id,o1_0.product_id,p1_0.product_id,p1_0.description,p1_0.manufacturer_name,p1_0.name,p1_0.status,p1_0.unit,o1_0.note,o1_0.price,o1_0.quantity from order_detail o1_0 join product p1_0 on p1_0.product_id=o1_0.product_id where o1_0.order_id=?
Hibernate: select o1_0.order_id,o1_0.product_id,p1_0.product_id,p1_0.description,p1_0.manufacturer_name,p1_0.name,p1_0.status,p1_0.unit,o1_0.note,o1_0.price,o1_0.quantity from order_detail o1_0 join product p1_0 on p1_0.product_id=o1_0.product_id where o1_0.order_id=?
Hibernate: select l1_0.employee_id,l1_0.order_id,c1_0.cust_id,c1_0.address,c1_0.email,c1_0.cust_name,c1_0.phone,l1_0.order_date from orders l1_0 left join customer c1_0 on c1_0.cust_id=l1_0.cust_id where l1_0.employee_id=?
Hibernate: select p1_0.product_id,p1_0.price_date_time,p1_0.note,p1_0.price from product_price p1_0 where p1_0.product_id=?
Hibernate: select p1_0.product_id,p1_0.image_id,p1_0.alternative,p1_0.path from product_image p1_0 where p1_0.product_id=?
Hibernate: select o1_0.order_id,o1_0.product_id,p1_0.product_id,p1_0.description,p1_0.manufacturer_name,p1_0.name,p1_0.status,p1_0.unit,o1_0.note,o1_0.price,o1_0.quantity from order_detail o1_0 join product p1_0 on p1_0.product_id=o1_0.product_id where o1_0.order_id=?
Hibernate: select l1_0.employee_id,l1_0.order_id,c1_0.cust_id,c1_0.address,c1_0.email,c1_0.cust_name,c1_0.phone,l1_0.order_date from orders l1_0 left join customer c1_0 on c1_0.cust_id=l1_0.cust_id where l1_0.employee_id=?
Hibernate: insert into order_detail (note,price,quantity,order_id,product_id) values (?,?,?,?,?)
Hibernate: select p1_0.product_id,p1_0.description,p1_0.manufacturer_name,p1_0.name,p1_0.status,p1_0.unit from product p1_0 where p1_0.product_id=?
Hibernate: select o1_0.order_id,o2_0.order_id,c1_0.cust_id,c1_0.address,c1_0.email,c1_0.cust_name,c1_0.phone,o2_0.employee_id,e1_0.emp_id,e1_0.address,e1_0.dob,e1_0.email,e1_0.full_name,e1_0.phone,e1_0.status,o2_0.order_date,o1_0.product_id,p1_0.product_id,p1_0.description,p1_0.manufacturer_name,p1_0.name,p1_0.status,p1_0.unit,p2_0.product_id,p2_0.image_id,p2_0.alternative,p2_0.path,o1_0.note,o1_0.price,o1_0.quantity from order_detail o1_0 join orders o2_0 on o2_0.order_id=o1_0.order_id left join customer c1_0 on c1_0.cust_id=o2_0.cust_id left join employee e1_0 on e1_0.emp_id=o2_0.employee_id join product p1_0 on p1_0.product_id=o1_0.product_id left join product_image p2_0 on p1_0.product_id=p2_0.product_id where (o1_0.order_id,o1_0.product_id) in ((?,?))
Hibernate: select o1_0.order_id,c1_0.cust_id,c1_0.address,c1_0.email,c1_0.cust_name,c1_0.phone,o1_0.employee_id,e1_0.emp_id,e1_0.address,e1_0.dob,e1_0.email,e1_0.full_name,e1_0.phone,e1_0.status,o1_0.order_date,o2_0.order_id,o2_0.product_id,p1_0.product_id,p1_0.description,p1_0.manufacturer_name,p1_0.name,p1_0.status,p1_0.unit,o2_0.note,o2_0.price,o2_0.quantity from orders o1_0 left join customer c1_0 on c1_0.cust_id=o1_0.cust_id join employee e1_0 on e1_0.emp_id=o1_0.employee_id left join order_detail o2_0 on o1_0.order_id=o2_0.order_id left join product p1_0 on p1_0.product_id=o2_0.product_id where o1_0.order_id=?
Hibernate: select p1_0.product_id,p1_0.price_date_time,p1_0.note,p1_0.price from product_price p1_0 where p1_0.product_id=?
Hibernate: select p1_0.product_id,p1_0.image_id,p1_0.alternative,p1_0.path from product_image p1_0 where p1_0.product_id=?
Hibernate: select o1_0.product_id,o1_0.order_id,o2_0.order_id,c1_0.cust_id,c1_0.address,c1_0.email,c1_0.cust_name,c1_0.phone,o2_0.employee_id,e1_0.emp_id,e1_0.address,e1_0.dob,e1_0.email,e1_0.full_name,e1_0.phone,e1_0.status,o2_0.order_date,o1_0.note,o1_0.price,o1_0.quantity from order_detail o1_0 join orders o2_0 on o2_0.order_id=o1_0.order_id left join customer c1_0 on c1_0.cust_id=o2_0.cust_id left join employee e1_0 on e1_0.emp_id=o2_0.employee_id where o1_0.product_id=?
Hibernate: select l1_0.employee_id,l1_0.order_id,c1_0.cust_id,c1_0.address,c1_0.email,c1_0.cust_name,c1_0.phone,l1_0.order_date from orders l1_0 left join customer c1_0 on c1_0.cust_id=l1_0.cust_id where l1_0.employee_id=?
Hibernate: select p1_0.product_id,p1_0.description,p1_0.manufacturer_name,p1_0.name,p1_0.status,p1_0.unit,o1_0.product_id,o1_0.order_id,o2_0.order_id,c1_0.cust_id,c1_0.address,c1_0.email,c1_0.cust_name,c1_0.phone,o2_0.employee_id,e1_0.emp_id,e1_0.address,e1_0.dob,e1_0.email,e1_0.full_name,e1_0.phone,e1_0.status,o2_0.order_date,o1_0.note,o1_0.price,o1_0.quantity from product p1_0 left join order_detail o1_0 on p1_0.product_id=o1_0.product_id left join orders o2_0 on o2_0.order_id=o1_0.order_id left join customer c1_0 on c1_0.cust_id=o2_0.cust_id left join employee e1_0 on e1_0.emp_id=o2_0.employee_id where p1_0.product_id=?
Hibernate: select o1_0.order_id,o1_0.product_id,p1_0.product_id,p1_0.description,p1_0.manufacturer_name,p1_0.name,p1_0.status,p1_0.unit,o1_0.note,o1_0.price,o1_0.quantity from order_detail o1_0 join product p1_0 on p1_0.product_id=o1_0.product_id where o1_0.order_id=?
Hibernate: select l1_0.employee_id,l1_0.order_id,c1_0.cust_id,c1_0.address,c1_0.email,c1_0.cust_name,c1_0.phone,l1_0.order_date from orders l1_0 left join customer c1_0 on c1_0.cust_id=l1_0.cust_id where l1_0.employee_id=?
Hibernate: select o1_0.order_id,o1_0.product_id,p1_0.product_id,p1_0.description,p1_0.manufacturer_name,p1_0.name,p1_0.status,p1_0.unit,o1_0.note,o1_0.price,o1_0.quantity from order_detail o1_0 join product p1_0 on p1_0.product_id=o1_0.product_id where o1_0.order_id=?
Hibernate: select o1_0.order_id,o1_0.product_id,p1_0.product_id,p1_0.description,p1_0.manufacturer_name,p1_0.name,p1_0.status,p1_0.unit,o1_0.note,o1_0.price,o1_0.quantity from order_detail o1_0 join product p1_0 on p1_0.product_id=o1_0.product_id where o1_0.order_id=?
Hibernate: select o1_0.order_id,o1_0.product_id,p1_0.product_id,p1_0.description,p1_0.manufacturer_name,p1_0.name,p1_0.status,p1_0.unit,o1_0.note,o1_0.price,o1_0.quantity from order_detail o1_0 join product p1_0 on p1_0.product_id=o1_0.product_id where o1_0.order_id=?
Hibernate: select o1_0.order_id,o1_0.product_id,p1_0.product_id,p1_0.description,p1_0.manufacturer_name,p1_0.name,p1_0.status,p1_0.unit,o1_0.note,o1_0.price,o1_0.quantity from order_detail o1_0 join product p1_0 on p1_0.product_id=o1_0.product_id where o1_0.order_id=?
Hibernate: select o1_0.order_id,o1_0.product_id,p1_0.product_id,p1_0.description,p1_0.manufacturer_name,p1_0.name,p1_0.status,p1_0.unit,o1_0.note,o1_0.price,o1_0.quantity from order_detail o1_0 join product p1_0 on p1_0.product_id=o1_0.product_id where o1_0.order_id=?
Hibernate: select o1_0.order_id,o1_0.product_id,p1_0.product_id,p1_0.description,p1_0.manufacturer_name,p1_0.name,p1_0.status,p1_0.unit,o1_0.note,o1_0.price,o1_0.quantity from order_detail o1_0 join product p1_0 on p1_0.product_id=o1_0.product_id where o1_0.order_id=?
Hibernate: select o1_0.order_id,o1_0.product_id,p1_0.product_id,p1_0.description,p1_0.manufacturer_name,p1_0.name,p1_0.status,p1_0.unit,o1_0.note,o1_0.price,o1_0.quantity from order_detail o1_0 join product p1_0 on p1_0.product_id=o1_0.product_id where o1_0.order_id=?
Hibernate: select p1_0.product_id,p1_0.price_date_time,p1_0.note,p1_0.price from product_price p1_0 where p1_0.product_id=?
Hibernate: select p1_0.product_id,p1_0.image_id,p1_0.alternative,p1_0.path from product_image p1_0 where p1_0.product_id=?
Hibernate: select o1_0.order_id,o1_0.product_id,p1_0.product_id,p1_0.description,p1_0.manufacturer_name,p1_0.name,p1_0.status,p1_0.unit,o1_0.note,o1_0.price,o1_0.quantity from order_detail o1_0 join product p1_0 on p1_0.product_id=o1_0.product_id where o1_0.order_id=?
Hibernate: select l1_0.employee_id,l1_0.order_id,c1_0.cust_id,c1_0.address,c1_0.email,c1_0.cust_name,c1_0.phone,l1_0.order_date from orders l1_0 left join customer c1_0 on c1_0.cust_id=l1_0.cust_id where l1_0.employee_id=?
Hibernate: insert into order_detail (note,price,quantity,order_id,product_id) values (?,?,?,?,?)
Hibernate: select p1_0.product_id,p1_0.description,p1_0.manufacturer_name,p1_0.name,p1_0.status,p1_0.unit from product p1_0 where p1_0.product_id=?
Hibernate: select o1_0.order_id,o2_0.order_id,c1_0.cust_id,c1_0.address,c1_0.email,c1_0.cust_name,c1_0.phone,o2_0.employee_id,e1_0.emp_id,e1_0.address,e1_0.dob,e1_0.email,e1_0.full_name,e1_0.phone,e1_0.status,o2_0.order_date,o1_0.product_id,p1_0.product_id,p1_0.description,p1_0.manufacturer_name,p1_0.name,p1_0.status,p1_0.unit,p2_0.product_id,p2_0.image_id,p2_0.alternative,p2_0.path,o1_0.note,o1_0.price,o1_0.quantity from order_detail o1_0 join orders o2_0 on o2_0.order_id=o1_0.order_id left join customer c1_0 on c1_0.cust_id=o2_0.cust_id left join employee e1_0 on e1_0.emp_id=o2_0.employee_id join product p1_0 on p1_0.product_id=o1_0.product_id left join product_image p2_0 on p1_0.product_id=p2_0.product_id where (o1_0.order_id,o1_0.product_id) in ((?,?))
Hibernate: select o1_0.order_id,c1_0.cust_id,c1_0.address,c1_0.email,c1_0.cust_name,c1_0.phone,o1_0.employee_id,e1_0.emp_id,e1_0.address,e1_0.dob,e1_0.email,e1_0.full_name,e1_0.phone,e1_0.status,o1_0.order_date,o2_0.order_id,o2_0.product_id,p1_0.product_id,p1_0.description,p1_0.manufacturer_name,p1_0.name,p1_0.status,p1_0.unit,o2_0.note,o2_0.price,o2_0.quantity from orders o1_0 left join customer c1_0 on c1_0.cust_id=o1_0.cust_id join employee e1_0 on e1_0.emp_id=o1_0.employee_id left join order_detail o2_0 on o1_0.order_id=o2_0.order_id left join product p1_0 on p1_0.product_id=o2_0.product_id where o1_0.order_id=?
Hibernate: select p1_0.product_id,p1_0.price_date_time,p1_0.note,p1_0.price from product_price p1_0 where p1_0.product_id=?
Hibernate: select p1_0.product_id,p1_0.image_id,p1_0.alternative,p1_0.path from product_image p1_0 where p1_0.product_id=?
Hibernate: select o1_0.product_id,o1_0.order_id,o2_0.order_id,c1_0.cust_id,c1_0.address,c1_0.email,c1_0.cust_name,c1_0.phone,o2_0.employee_id,e1_0.emp_id,e1_0.address,e1_0.dob,e1_0.email,e1_0.full_name,e1_0.phone,e1_0.status,o2_0.order_date,o1_0.note,o1_0.price,o1_0.quantity from order_detail o1_0 join orders o2_0 on o2_0.order_id=o1_0.order_id left join customer c1_0 on c1_0.cust_id=o2_0.cust_id left join employee e1_0 on e1_0.emp_id=o2_0.employee_id where o1_0.product_id=?
Hibernate: select p1_0.product_id,p1_0.price_date_time,p1_0.note,p1_0.price from product_price p1_0 where p1_0.product_id=?
Hibernate: select p1_0.product_id,p1_0.image_id,p1_0.alternative,p1_0.path from product_image p1_0 where p1_0.product_id=?
Hibernate: select o1_0.product_id,o1_0.order_id,o2_0.order_id,c1_0.cust_id,c1_0.address,c1_0.email,c1_0.cust_name,c1_0.phone,o2_0.employee_id,e1_0.emp_id,e1_0.address,e1_0.dob,e1_0.email,e1_0.full_name,e1_0.phone,e1_0.status,o2_0.order_date,o1_0.note,o1_0.price,o1_0.quantity from order_detail o1_0 join orders o2_0 on o2_0.order_id=o1_0.order_id left join customer c1_0 on c1_0.cust_id=o2_0.cust_id left join employee e1_0 on e1_0.emp_id=o2_0.employee_id where o1_0.product_id=?
Hibernate: select l1_0.employee_id,l1_0.order_id,c1_0.cust_id,c1_0.address,c1_0.email,c1_0.cust_name,c1_0.phone,l1_0.order_date from orders l1_0 left join customer c1_0 on c1_0.cust_id=l1_0.cust_id where l1_0.employee_id=?
Hibernate: select p1_0.product_id,p1_0.description,p1_0.manufacturer_name,p1_0.name,p1_0.status,p1_0.unit,o1_0.product_id,o1_0.order_id,o2_0.order_id,c1_0.cust_id,c1_0.address,c1_0.email,c1_0.cust_name,c1_0.phone,o2_0.employee_id,e1_0.emp_id,e1_0.address,e1_0.dob,e1_0.email,e1_0.full_name,e1_0.phone,e1_0.status,o2_0.order_date,o1_0.note,o1_0.price,o1_0.quantity from product p1_0 left join order_detail o1_0 on p1_0.product_id=o1_0.product_id left join orders o2_0 on o2_0.order_id=o1_0.order_id left join customer c1_0 on c1_0.cust_id=o2_0.cust_id left join employee e1_0 on e1_0.emp_id=o2_0.employee_id where p1_0.product_id=?
Hibernate: select o1_0.order_id,o1_0.product_id,p1_0.product_id,p1_0.description,p1_0.manufacturer_name,p1_0.name,p1_0.status,p1_0.unit,o1_0.note,o1_0.price,o1_0.quantity from order_detail o1_0 join product p1_0 on p1_0.product_id=o1_0.product_id where o1_0.order_id=?
Hibernate: select o1_0.order_id,o1_0.product_id,p1_0.product_id,p1_0.description,p1_0.manufacturer_name,p1_0.name,p1_0.status,p1_0.unit,o1_0.note,o1_0.price,o1_0.quantity from order_detail o1_0 join product p1_0 on p1_0.product_id=o1_0.product_id where o1_0.order_id=?
Hibernate: select o1_0.order_id,o1_0.product_id,p1_0.product_id,p1_0.description,p1_0.manufacturer_name,p1_0.name,p1_0.status,p1_0.unit,o1_0.note,o1_0.price,o1_0.quantity from order_detail o1_0 join product p1_0 on p1_0.product_id=o1_0.product_id where o1_0.order_id=?
Hibernate: select o1_0.order_id,o1_0.product_id,p1_0.product_id,p1_0.description,p1_0.manufacturer_name,p1_0.name,p1_0.status,p1_0.unit,o1_0.note,o1_0.price,o1_0.quantity from order_detail o1_0 join product p1_0 on p1_0.product_id=o1_0.product_id where o1_0.order_id=?
Hibernate: select o1_0.order_id,o1_0.product_id,p1_0.product_id,p1_0.description,p1_0.manufacturer_name,p1_0.name,p1_0.status,p1_0.unit,o1_0.note,o1_0.price,o1_0.quantity from order_detail o1_0 join product p1_0 on p1_0.product_id=o1_0.product_id where o1_0.order_id=?
Hibernate: select o1_0.order_id,o1_0.product_id,p1_0.product_id,p1_0.description,p1_0.manufacturer_name,p1_0.name,p1_0.status,p1_0.unit,o1_0.note,o1_0.price,o1_0.quantity from order_detail o1_0 join product p1_0 on p1_0.product_id=o1_0.product_id where o1_0.order_id=?
Hibernate: select o1_0.order_id,o1_0.product_id,p1_0.product_id,p1_0.description,p1_0.manufacturer_name,p1_0.name,p1_0.status,p1_0.unit,o1_0.note,o1_0.price,o1_0.quantity from order_detail o1_0 join product p1_0 on p1_0.product_id=o1_0.product_id where o1_0.order_id=?
Hibernate: select p1_0.product_id,p1_0.price_date_time,p1_0.note,p1_0.price from product_price p1_0 where p1_0.product_id=?
Hibernate: select p1_0.product_id,p1_0.image_id,p1_0.alternative,p1_0.path from product_image p1_0 where p1_0.product_id=?
Hibernate: select o1_0.order_id,o1_0.product_id,p1_0.product_id,p1_0.description,p1_0.manufacturer_name,p1_0.name,p1_0.status,p1_0.unit,o1_0.note,o1_0.price,o1_0.quantity from order_detail o1_0 join product p1_0 on p1_0.product_id=o1_0.product_id where o1_0.order_id=?
Hibernate: select l1_0.employee_id,l1_0.order_id,c1_0.cust_id,c1_0.address,c1_0.email,c1_0.cust_name,c1_0.phone,l1_0.order_date from orders l1_0 left join customer c1_0 on c1_0.cust_id=l1_0.cust_id where l1_0.employee_id=?
Hibernate: insert into order_detail (note,price,quantity,order_id,product_id) values (?,?,?,?,?)
Hibernate: select e1_0.emp_id,e1_0.address,e1_0.dob,e1_0.email,e1_0.full_name,e1_0.phone,e1_0.status from employee e1_0 where e1_0.emp_id=?
Hibernate: select c1_0.cust_id,c1_0.address,c1_0.email,c1_0.cust_name,c1_0.phone from customer c1_0 where c1_0.cust_id=?
Hibernate: select o1_0.order_id,c1_0.cust_id,c1_0.address,c1_0.email,c1_0.cust_name,c1_0.phone,o1_0.employee_id,e1_0.emp_id,e1_0.address,e1_0.dob,e1_0.email,e1_0.full_name,e1_0.phone,e1_0.status,o1_0.order_date,o2_0.order_id,o2_0.product_id,p1_0.product_id,p1_0.description,p1_0.manufacturer_name,p1_0.name,p1_0.status,p1_0.unit,o2_0.note,o2_0.price,o2_0.quantity from orders o1_0 left join customer c1_0 on c1_0.cust_id=o1_0.cust_id join employee e1_0 on e1_0.emp_id=o1_0.employee_id left join order_detail o2_0 on o1_0.order_id=o2_0.order_id left join product p1_0 on p1_0.product_id=o2_0.product_id where o1_0.order_id=?
Hibernate: select c1_0.cust_id,c1_0.address,c1_0.email,c1_0.cust_name,c1_0.phone from customer c1_0 where c1_0.cust_id=?
Hibernate: select e1_0.emp_id,e1_0.address,e1_0.dob,e1_0.email,e1_0.full_name,e1_0.phone,e1_0.status from employee e1_0 where e1_0.emp_id=?
Hibernate: insert into orders (cust_id,employee_id,order_date,order_id) values (?,?,?,default)
Hibernate: select p1_0.product_id,p1_0.description,p1_0.manufacturer_name,p1_0.name,p1_0.status,p1_0.unit from product p1_0 where p1_0.product_id=?
Hibernate: select o1_0.order_id,o2_0.order_id,c1_0.cust_id,c1_0.address,c1_0.email,c1_0.cust_name,c1_0.phone,o2_0.employee_id,e1_0.emp_id,e1_0.address,e1_0.dob,e1_0.email,e1_0.full_name,e1_0.phone,e1_0.status,o2_0.order_date,o1_0.product_id,p1_0.product_id,p1_0.description,p1_0.manufacturer_name,p1_0.name,p1_0.status,p1_0.unit,p2_0.product_id,p2_0.image_id,p2_0.alternative,p2_0.path,o1_0.note,o1_0.price,o1_0.quantity from order_detail o1_0 join orders o2_0 on o2_0.order_id=o1_0.order_id left join customer c1_0 on c1_0.cust_id=o2_0.cust_id left join employee e1_0 on e1_0.emp_id=o2_0.employee_id join product p1_0 on p1_0.product_id=o1_0.product_id left join product_image p2_0 on p1_0.product_id=p2_0.product_id where (o1_0.order_id,o1_0.product_id) in ((?,?))
Hibernate: select o1_0.order_id,c1_0.cust_id,c1_0.address,c1_0.email,c1_0.cust_name,c1_0.phone,o1_0.employee_id,e1_0.emp_id,e1_0.address,e1_0.dob,e1_0.email,e1_0.full_name,e1_0.phone,e1_0.status,o1_0.order_date,o2_0.order_id,o2_0.product_id,p1_0.product_id,p1_0.description,p1_0.manufacturer_name,p1_0.name,p1_0.status,p1_0.unit,o2_0.note,o2_0.price,o2_0.quantity from orders o1_0 left join customer c1_0 on c1_0.cust_id=o1_0.cust_id join employee e1_0 on e1_0.emp_id=o1_0.employee_id left join order_detail o2_0 on o1_0.order_id=o2_0.order_id left join product p1_0 on p1_0.product_id=o2_0.product_id where o1_0.order_id=?
Hibernate: select l1_0.employee_id,l1_0.order_id,c1_0.cust_id,c1_0.address,c1_0.email,c1_0.cust_name,c1_0.phone,l1_0.order_date from orders l1_0 left join customer c1_0 on c1_0.cust_id=l1_0.cust_id where l1_0.employee_id=?
Hibernate: select p1_0.product_id,p1_0.description,p1_0.manufacturer_name,p1_0.name,p1_0.status,p1_0.unit,o1_0.product_id,o1_0.order_id,o2_0.order_id,c1_0.cust_id,c1_0.address,c1_0.email,c1_0.cust_name,c1_0.phone,o2_0.employee_id,e1_0.emp_id,e1_0.address,e1_0.dob,e1_0.email,e1_0.full_name,e1_0.phone,e1_0.status,o2_0.order_date,o1_0.note,o1_0.price,o1_0.quantity from product p1_0 left join order_detail o1_0 on p1_0.product_id=o1_0.product_id left join orders o2_0 on o2_0.order_id=o1_0.order_id left join customer c1_0 on c1_0.cust_id=o2_0.cust_id left join employee e1_0 on e1_0.emp_id=o2_0.employee_id where p1_0.product_id=?
Hibernate: select o1_0.order_id,o1_0.product_id,p1_0.product_id,p1_0.description,p1_0.manufacturer_name,p1_0.name,p1_0.status,p1_0.unit,o1_0.note,o1_0.price,o1_0.quantity from order_detail o1_0 join product p1_0 on p1_0.product_id=o1_0.product_id where o1_0.order_id=?
Hibernate: select l1_0.employee_id,l1_0.order_id,c1_0.cust_id,c1_0.address,c1_0.email,c1_0.cust_name,c1_0.phone,l1_0.order_date from orders l1_0 left join customer c1_0 on c1_0.cust_id=l1_0.cust_id where l1_0.employee_id=?
Hibernate: select o1_0.order_id,o1_0.product_id,p1_0.product_id,p1_0.description,p1_0.manufacturer_name,p1_0.name,p1_0.status,p1_0.unit,o1_0.note,o1_0.price,o1_0.quantity from order_detail o1_0 join product p1_0 on p1_0.product_id=o1_0.product_id where o1_0.order_id=?
Hibernate: select o1_0.order_id,o1_0.product_id,p1_0.product_id,p1_0.description,p1_0.manufacturer_name,p1_0.name,p1_0.status,p1_0.unit,o1_0.note,o1_0.price,o1_0.quantity from order_detail o1_0 join product p1_0 on p1_0.product_id=o1_0.product_id where o1_0.order_id=?
Hibernate: select l1_0.employee_id,l1_0.order_id,c1_0.cust_id,c1_0.address,c1_0.email,c1_0.cust_name,c1_0.phone,l1_0.order_date from orders l1_0 left join customer c1_0 on c1_0.cust_id=l1_0.cust_id where l1_0.employee_id=?
Hibernate: select o1_0.order_id,o1_0.product_id,p1_0.product_id,p1_0.description,p1_0.manufacturer_name,p1_0.name,p1_0.status,p1_0.unit,o1_0.note,o1_0.price,o1_0.quantity from order_detail o1_0 join product p1_0 on p1_0.product_id=o1_0.product_id where o1_0.order_id=?
Hibernate: select o1_0.order_id,o1_0.product_id,p1_0.product_id,p1_0.description,p1_0.manufacturer_name,p1_0.name,p1_0.status,p1_0.unit,o1_0.note,o1_0.price,o1_0.quantity from order_detail o1_0 join product p1_0 on p1_0.product_id=o1_0.product_id where o1_0.order_id=?
Hibernate: select l1_0.employee_id,l1_0.order_id,c1_0.cust_id,c1_0.address,c1_0.email,c1_0.cust_name,c1_0.phone,l1_0.order_date from orders l1_0 left join customer c1_0 on c1_0.cust_id=l1_0.cust_id where l1_0.employee_id=?
Hibernate: select o1_0.order_id,o1_0.product_id,p1_0.product_id,p1_0.description,p1_0.manufacturer_name,p1_0.name,p1_0.status,p1_0.unit,o1_0.note,o1_0.price,o1_0.quantity from order_detail o1_0 join product p1_0 on p1_0.product_id=o1_0.product_id where o1_0.order_id=?
Hibernate: select l1_0.employee_id,l1_0.order_id,c1_0.cust_id,c1_0.address,c1_0.email,c1_0.cust_name,c1_0.phone,l1_0.order_date from orders l1_0 left join customer c1_0 on c1_0.cust_id=l1_0.cust_id where l1_0.employee_id=?
Hibernate: select o1_0.order_id,o1_0.product_id,p1_0.product_id,p1_0.description,p1_0.manufacturer_name,p1_0.name,p1_0.status,p1_0.unit,o1_0.note,o1_0.price,o1_0.quantity from order_detail o1_0 join product p1_0 on p1_0.product_id=o1_0.product_id where o1_0.order_id=?
Hibernate: select p1_0.product_id,p1_0.price_date_time,p1_0.note,p1_0.price from product_price p1_0 where p1_0.product_id=?
Hibernate: select p1_0.product_id,p1_0.image_id,p1_0.alternative,p1_0.path from product_image p1_0 where p1_0.product_id=?
Hibernate: select o1_0.order_id,o1_0.product_id,p1_0.product_id,p1_0.description,p1_0.manufacturer_name,p1_0.name,p1_0.status,p1_0.unit,o1_0.note,o1_0.price,o1_0.quantity from order_detail o1_0 join product p1_0 on p1_0.product_id=o1_0.product_id where o1_0.order_id=?
Hibernate: select l1_0.employee_id,l1_0.order_id,c1_0.cust_id,c1_0.address,c1_0.email,c1_0.cust_name,c1_0.phone,l1_0.order_date from orders l1_0 left join customer c1_0 on c1_0.cust_id=l1_0.cust_id where l1_0.employee_id=?
Hibernate: insert into order_detail (note,price,quantity,order_id,product_id) values (?,?,?,?,?)
Hibernate: select p1_0.product_id,p1_0.description,p1_0.manufacturer_name,p1_0.name,p1_0.status,p1_0.unit from product p1_0 where p1_0.product_id=?
Hibernate: select o1_0.order_id,o2_0.order_id,c1_0.cust_id,c1_0.address,c1_0.email,c1_0.cust_name,c1_0.phone,o2_0.employee_id,e1_0.emp_id,e1_0.address,e1_0.dob,e1_0.email,e1_0.full_name,e1_0.phone,e1_0.status,o2_0.order_date,o1_0.product_id,p1_0.product_id,p1_0.description,p1_0.manufacturer_name,p1_0.name,p1_0.status,p1_0.unit,p2_0.product_id,p2_0.image_id,p2_0.alternative,p2_0.path,o1_0.note,o1_0.price,o1_0.quantity from order_detail o1_0 join orders o2_0 on o2_0.order_id=o1_0.order_id left join customer c1_0 on c1_0.cust_id=o2_0.cust_id left join employee e1_0 on e1_0.emp_id=o2_0.employee_id join product p1_0 on p1_0.product_id=o1_0.product_id left join product_image p2_0 on p1_0.product_id=p2_0.product_id where (o1_0.order_id,o1_0.product_id) in ((?,?))
Hibernate: select o1_0.order_id,c1_0.cust_id,c1_0.address,c1_0.email,c1_0.cust_name,c1_0.phone,o1_0.employee_id,e1_0.emp_id,e1_0.address,e1_0.dob,e1_0.email,e1_0.full_name,e1_0.phone,e1_0.status,o1_0.order_date,o2_0.order_id,o2_0.product_id,p1_0.product_id,p1_0.description,p1_0.manufacturer_name,p1_0.name,p1_0.status,p1_0.unit,o2_0.note,o2_0.price,o2_0.quantity from orders o1_0 left join customer c1_0 on c1_0.cust_id=o1_0.cust_id join employee e1_0 on e1_0.emp_id=o1_0.employee_id left join order_detail o2_0 on o1_0.order_id=o2_0.order_id left join product p1_0 on p1_0.product_id=o2_0.product_id where o1_0.order_id=?
Hibernate: select p1_0.product_id,p1_0.price_date_time,p1_0.note,p1_0.price from product_price p1_0 where p1_0.product_id=?
Hibernate: select p1_0.product_id,p1_0.image_id,p1_0.alternative,p1_0.path from product_image p1_0 where p1_0.product_id=?
Hibernate: select o1_0.product_id,o1_0.order_id,o2_0.order_id,c1_0.cust_id,c1_0.address,c1_0.email,c1_0.cust_name,c1_0.phone,o2_0.employee_id,e1_0.emp_id,e1_0.address,e1_0.dob,e1_0.email,e1_0.full_name,e1_0.phone,e1_0.status,o2_0.order_date,o1_0.note,o1_0.price,o1_0.quantity from order_detail o1_0 join orders o2_0 on o2_0.order_id=o1_0.order_id left join customer c1_0 on c1_0.cust_id=o2_0.cust_id left join employee e1_0 on e1_0.emp_id=o2_0.employee_id where o1_0.product_id=?
Hibernate: select l1_0.employee_id,l1_0.order_id,c1_0.cust_id,c1_0.address,c1_0.email,c1_0.cust_name,c1_0.phone,l1_0.order_date from orders l1_0 left join customer c1_0 on c1_0.cust_id=l1_0.cust_id where l1_0.employee_id=?
Hibernate: select p1_0.product_id,p1_0.description,p1_0.manufacturer_name,p1_0.name,p1_0.status,p1_0.unit,o1_0.product_id,o1_0.order_id,o2_0.order_id,c1_0.cust_id,c1_0.address,c1_0.email,c1_0.cust_name,c1_0.phone,o2_0.employee_id,e1_0.emp_id,e1_0.address,e1_0.dob,e1_0.email,e1_0.full_name,e1_0.phone,e1_0.status,o2_0.order_date,o1_0.note,o1_0.price,o1_0.quantity from product p1_0 left join order_detail o1_0 on p1_0.product_id=o1_0.product_id left join orders o2_0 on o2_0.order_id=o1_0.order_id left join customer c1_0 on c1_0.cust_id=o2_0.cust_id left join employee e1_0 on e1_0.emp_id=o2_0.employee_id where p1_0.product_id=?
Hibernate: select o1_0.order_id,o1_0.product_id,p1_0.product_id,p1_0.description,p1_0.manufacturer_name,p1_0.name,p1_0.status,p1_0.unit,o1_0.note,o1_0.price,o1_0.quantity from order_detail o1_0 join product p1_0 on p1_0.product_id=o1_0.product_id where o1_0.order_id=?
Hibernate: select o1_0.order_id,o1_0.product_id,p1_0.product_id,p1_0.description,p1_0.manufacturer_name,p1_0.name,p1_0.status,p1_0.unit,o1_0.note,o1_0.price,o1_0.quantity from order_detail o1_0 join product p1_0 on p1_0.product_id=o1_0.product_id where o1_0.order_id=?
Hibernate: select l1_0.employee_id,l1_0.order_id,c1_0.cust_id,c1_0.address,c1_0.email,c1_0.cust_name,c1_0.phone,l1_0.order_date from orders l1_0 left join customer c1_0 on c1_0.cust_id=l1_0.cust_id where l1_0.employee_id=?
Hibernate: select o1_0.order_id,o1_0.product_id,p1_0.product_id,p1_0.description,p1_0.manufacturer_name,p1_0.name,p1_0.status,p1_0.unit,o1_0.note,o1_0.price,o1_0.quantity from order_detail o1_0 join product p1_0 on p1_0.product_id=o1_0.product_id where o1_0.order_id=?
Hibernate: select p1_0.product_id,p1_0.price_date_time,p1_0.note,p1_0.price from product_price p1_0 where p1_0.product_id=?
Hibernate: select p1_0.product_id,p1_0.image_id,p1_0.alternative,p1_0.path from product_image p1_0 where p1_0.product_id=?
Hibernate: select o1_0.order_id,o1_0.product_id,p1_0.product_id,p1_0.description,p1_0.manufacturer_name,p1_0.name,p1_0.status,p1_0.unit,o1_0.note,o1_0.price,o1_0.quantity from order_detail o1_0 join product p1_0 on p1_0.product_id=o1_0.product_id where o1_0.order_id=?
Hibernate: insert into order_detail (note,price,quantity,order_id,product_id) values (?,?,?,?,?)
Hibernate: select p1_0.product_id,p1_0.description,p1_0.manufacturer_name,p1_0.name,p1_0.status,p1_0.unit from product p1_0 where p1_0.product_id=?
Hibernate: select o1_0.order_id,o2_0.order_id,c1_0.cust_id,c1_0.address,c1_0.email,c1_0.cust_name,c1_0.phone,o2_0.employee_id,e1_0.emp_id,e1_0.address,e1_0.dob,e1_0.email,e1_0.full_name,e1_0.phone,e1_0.status,o2_0.order_date,o1_0.product_id,p1_0.product_id,p1_0.description,p1_0.manufacturer_name,p1_0.name,p1_0.status,p1_0.unit,p2_0.product_id,p2_0.image_id,p2_0.alternative,p2_0.path,o1_0.note,o1_0.price,o1_0.quantity from order_detail o1_0 join orders o2_0 on o2_0.order_id=o1_0.order_id left join customer c1_0 on c1_0.cust_id=o2_0.cust_id left join employee e1_0 on e1_0.emp_id=o2_0.employee_id join product p1_0 on p1_0.product_id=o1_0.product_id left join product_image p2_0 on p1_0.product_id=p2_0.product_id where (o1_0.order_id,o1_0.product_id) in ((?,?))
Hibernate: select o1_0.order_id,c1_0.cust_id,c1_0.address,c1_0.email,c1_0.cust_name,c1_0.phone,o1_0.employee_id,e1_0.emp_id,e1_0.address,e1_0.dob,e1_0.email,e1_0.full_name,e1_0.phone,e1_0.status,o1_0.order_date,o2_0.order_id,o2_0.product_id,p1_0.product_id,p1_0.description,p1_0.manufacturer_name,p1_0.name,p1_0.status,p1_0.unit,o2_0.note,o2_0.price,o2_0.quantity from orders o1_0 left join customer c1_0 on c1_0.cust_id=o1_0.cust_id join employee e1_0 on e1_0.emp_id=o1_0.employee_id left join order_detail o2_0 on o1_0.order_id=o2_0.order_id left join product p1_0 on p1_0.product_id=o2_0.product_id where o1_0.order_id=?
Hibernate: select p1_0.product_id,p1_0.price_date_time,p1_0.note,p1_0.price from product_price p1_0 where p1_0.product_id=?
Hibernate: select p1_0.product_id,p1_0.image_id,p1_0.alternative,p1_0.path from product_image p1_0 where p1_0.product_id=?
Hibernate: select o1_0.product_id,o1_0.order_id,o2_0.order_id,c1_0.cust_id,c1_0.address,c1_0.email,c1_0.cust_name,c1_0.phone,o2_0.employee_id,e1_0.emp_id,e1_0.address,e1_0.dob,e1_0.email,e1_0.full_name,e1_0.phone,e1_0.status,o2_0.order_date,o1_0.note,o1_0.price,o1_0.quantity from order_detail o1_0 join orders o2_0 on o2_0.order_id=o1_0.order_id left join customer c1_0 on c1_0.cust_id=o2_0.cust_id left join employee e1_0 on e1_0.emp_id=o2_0.employee_id where o1_0.product_id=?
Hibernate: select p1_0.product_id,p1_0.price_date_time,p1_0.note,p1_0.price from product_price p1_0 where p1_0.product_id=?
Hibernate: select p1_0.product_id,p1_0.image_id,p1_0.alternative,p1_0.path from product_image p1_0 where p1_0.product_id=?
Hibernate: select o1_0.product_id,o1_0.order_id,o2_0.order_id,c1_0.cust_id,c1_0.address,c1_0.email,c1_0.cust_name,c1_0.phone,o2_0.employee_id,e1_0.emp_id,e1_0.address,e1_0.dob,e1_0.email,e1_0.full_name,e1_0.phone,e1_0.status,o2_0.order_date,o1_0.note,o1_0.price,o1_0.quantity from order_detail o1_0 join orders o2_0 on o2_0.order_id=o1_0.order_id left join customer c1_0 on c1_0.cust_id=o2_0.cust_id left join employee e1_0 on e1_0.emp_id=o2_0.employee_id where o1_0.product_id=?
Hibernate: select l1_0.employee_id,l1_0.order_id,c1_0.cust_id,c1_0.address,c1_0.email,c1_0.cust_name,c1_0.phone,l1_0.order_date from orders l1_0 left join customer c1_0 on c1_0.cust_id=l1_0.cust_id where l1_0.employee_id=?
Hibernate: select p1_0.product_id,p1_0.description,p1_0.manufacturer_name,p1_0.name,p1_0.status,p1_0.unit,o1_0.product_id,o1_0.order_id,o2_0.order_id,c1_0.cust_id,c1_0.address,c1_0.email,c1_0.cust_name,c1_0.phone,o2_0.employee_id,e1_0.emp_id,e1_0.address,e1_0.dob,e1_0.email,e1_0.full_name,e1_0.phone,e1_0.status,o2_0.order_date,o1_0.note,o1_0.price,o1_0.quantity from product p1_0 left join order_detail o1_0 on p1_0.product_id=o1_0.product_id left join orders o2_0 on o2_0.order_id=o1_0.order_id left join customer c1_0 on c1_0.cust_id=o2_0.cust_id left join employee e1_0 on e1_0.emp_id=o2_0.employee_id where p1_0.product_id=?
Hibernate: select o1_0.order_id,o1_0.product_id,p1_0.product_id,p1_0.description,p1_0.manufacturer_name,p1_0.name,p1_0.status,p1_0.unit,o1_0.note,o1_0.price,o1_0.quantity from order_detail o1_0 join product p1_0 on p1_0.product_id=o1_0.product_id where o1_0.order_id=?
Hibernate: select o1_0.order_id,o1_0.product_id,p1_0.product_id,p1_0.description,p1_0.manufacturer_name,p1_0.name,p1_0.status,p1_0.unit,o1_0.note,o1_0.price,o1_0.quantity from order_detail o1_0 join product p1_0 on p1_0.product_id=o1_0.product_id where o1_0.order_id=?
Hibernate: select l1_0.employee_id,l1_0.order_id,c1_0.cust_id,c1_0.address,c1_0.email,c1_0.cust_name,c1_0.phone,l1_0.order_date from orders l1_0 left join customer c1_0 on c1_0.cust_id=l1_0.cust_id where l1_0.employee_id=?
Hibernate: select o1_0.order_id,o1_0.product_id,p1_0.product_id,p1_0.description,p1_0.manufacturer_name,p1_0.name,p1_0.status,p1_0.unit,o1_0.note,o1_0.price,o1_0.quantity from order_detail o1_0 join product p1_0 on p1_0.product_id=o1_0.product_id where o1_0.order_id=?
Hibernate: select o1_0.order_id,o1_0.product_id,p1_0.product_id,p1_0.description,p1_0.manufacturer_name,p1_0.name,p1_0.status,p1_0.unit,o1_0.note,o1_0.price,o1_0.quantity from order_detail o1_0 join product p1_0 on p1_0.product_id=o1_0.product_id where o1_0.order_id=?
Hibernate: select p1_0.product_id,p1_0.price_date_time,p1_0.note,p1_0.price from product_price p1_0 where p1_0.product_id=?
Hibernate: select p1_0.product_id,p1_0.image_id,p1_0.alternative,p1_0.path from product_image p1_0 where p1_0.product_id=?
Hibernate: insert into order_detail (note,price,quantity,order_id,product_id) values (?,?,?,?,?)
Hibernate: select e1_0.emp_id,e1_0.address,e1_0.dob,e1_0.email,e1_0.full_name,e1_0.phone,e1_0.status from employee e1_0 where e1_0.emp_id=?
Hibernate: select c1_0.cust_id,c1_0.address,c1_0.email,c1_0.cust_name,c1_0.phone from customer c1_0 where c1_0.cust_id=?
Hibernate: select o1_0.order_id,c1_0.cust_id,c1_0.address,c1_0.email,c1_0.cust_name,c1_0.phone,o1_0.employee_id,e1_0.emp_id,e1_0.address,e1_0.dob,e1_0.email,e1_0.full_name,e1_0.phone,e1_0.status,o1_0.order_date,o2_0.order_id,o2_0.product_id,p1_0.product_id,p1_0.description,p1_0.manufacturer_name,p1_0.name,p1_0.status,p1_0.unit,o2_0.note,o2_0.price,o2_0.quantity from orders o1_0 left join customer c1_0 on c1_0.cust_id=o1_0.cust_id join employee e1_0 on e1_0.emp_id=o1_0.employee_id left join order_detail o2_0 on o1_0.order_id=o2_0.order_id left join product p1_0 on p1_0.product_id=o2_0.product_id where o1_0.order_id=?
Hibernate: select c1_0.cust_id,c1_0.address,c1_0.email,c1_0.cust_name,c1_0.phone from customer c1_0 where c1_0.cust_id=?
Hibernate: select e1_0.emp_id,e1_0.address,e1_0.dob,e1_0.email,e1_0.full_name,e1_0.phone,e1_0.status from employee e1_0 where e1_0.emp_id=?
Hibernate: insert into orders (cust_id,employee_id,order_date,order_id) values (?,?,?,default)
Hibernate: select p1_0.product_id,p1_0.description,p1_0.manufacturer_name,p1_0.name,p1_0.status,p1_0.unit from product p1_0 where p1_0.product_id=?
Hibernate: select o1_0.order_id,o2_0.order_id,c1_0.cust_id,c1_0.address,c1_0.email,c1_0.cust_name,c1_0.phone,o2_0.employee_id,e1_0.emp_id,e1_0.address,e1_0.dob,e1_0.email,e1_0.full_name,e1_0.phone,e1_0.status,o2_0.order_date,o1_0.product_id,p1_0.product_id,p1_0.description,p1_0.manufacturer_name,p1_0.name,p1_0.status,p1_0.unit,p2_0.product_id,p2_0.image_id,p2_0.alternative,p2_0.path,o1_0.note,o1_0.price,o1_0.quantity from order_detail o1_0 join orders o2_0 on o2_0.order_id=o1_0.order_id left join customer c1_0 on c1_0.cust_id=o2_0.cust_id left join employee e1_0 on e1_0.emp_id=o2_0.employee_id join product p1_0 on p1_0.product_id=o1_0.product_id left join product_image p2_0 on p1_0.product_id=p2_0.product_id where (o1_0.order_id,o1_0.product_id) in ((?,?))
Hibernate: select o1_0.order_id,c1_0.cust_id,c1_0.address,c1_0.email,c1_0.cust_name,c1_0.phone,o1_0.employee_id,e1_0.emp_id,e1_0.address,e1_0.dob,e1_0.email,e1_0.full_name,e1_0.phone,e1_0.status,o1_0.order_date,o2_0.order_id,o2_0.product_id,p1_0.product_id,p1_0.description,p1_0.manufacturer_name,p1_0.name,p1_0.status,p1_0.unit,o2_0.note,o2_0.price,o2_0.quantity from orders o1_0 left join customer c1_0 on c1_0.cust_id=o1_0.cust_id join employee e1_0 on e1_0.emp_id=o1_0.employee_id left join order_detail o2_0 on o1_0.order_id=o2_0.order_id left join product p1_0 on p1_0.product_id=o2_0.product_id where o1_0.order_id=?
Hibernate: select l1_0.employee_id,l1_0.order_id,c1_0.cust_id,c1_0.address,c1_0.email,c1_0.cust_name,c1_0.phone,l1_0.order_date from orders l1_0 left join customer c1_0 on c1_0.cust_id=l1_0.cust_id where l1_0.employee_id=?
Hibernate: select p1_0.product_id,p1_0.description,p1_0.manufacturer_name,p1_0.name,p1_0.status,p1_0.unit,o1_0.product_id,o1_0.order_id,o2_0.order_id,c1_0.cust_id,c1_0.address,c1_0.email,c1_0.cust_name,c1_0.phone,o2_0.employee_id,e1_0.emp_id,e1_0.address,e1_0.dob,e1_0.email,e1_0.full_name,e1_0.phone,e1_0.status,o2_0.order_date,o1_0.note,o1_0.price,o1_0.quantity from product p1_0 left join order_detail o1_0 on p1_0.product_id=o1_0.product_id left join orders o2_0 on o2_0.order_id=o1_0.order_id left join customer c1_0 on c1_0.cust_id=o2_0.cust_id left join employee e1_0 on e1_0.emp_id=o2_0.employee_id where p1_0.product_id=?
Hibernate: select o1_0.order_id,o1_0.product_id,p1_0.product_id,p1_0.description,p1_0.manufacturer_name,p1_0.name,p1_0.status,p1_0.unit,o1_0.note,o1_0.price,o1_0.quantity from order_detail o1_0 join product p1_0 on p1_0.product_id=o1_0.product_id where o1_0.order_id=?
Hibernate: select o1_0.order_id,o1_0.product_id,p1_0.product_id,p1_0.description,p1_0.manufacturer_name,p1_0.name,p1_0.status,p1_0.unit,o1_0.note,o1_0.price,o1_0.quantity from order_detail o1_0 join product p1_0 on p1_0.product_id=o1_0.product_id where o1_0.order_id=?
Hibernate: select l1_0.employee_id,l1_0.order_id,c1_0.cust_id,c1_0.address,c1_0.email,c1_0.cust_name,c1_0.phone,l1_0.order_date from orders l1_0 left join customer c1_0 on c1_0.cust_id=l1_0.cust_id where l1_0.employee_id=?
Hibernate: select o1_0.order_id,o1_0.product_id,p1_0.product_id,p1_0.description,p1_0.manufacturer_name,p1_0.name,p1_0.status,p1_0.unit,o1_0.note,o1_0.price,o1_0.quantity from order_detail o1_0 join product p1_0 on p1_0.product_id=o1_0.product_id where o1_0.order_id=?
Hibernate: select l1_0.employee_id,l1_0.order_id,c1_0.cust_id,c1_0.address,c1_0.email,c1_0.cust_name,c1_0.phone,l1_0.order_date from orders l1_0 left join customer c1_0 on c1_0.cust_id=l1_0.cust_id where l1_0.employee_id=?
Hibernate: select o1_0.order_id,o1_0.product_id,p1_0.product_id,p1_0.description,p1_0.manufacturer_name,p1_0.name,p1_0.status,p1_0.unit,o1_0.note,o1_0.price,o1_0.quantity from order_detail o1_0 join product p1_0 on p1_0.product_id=o1_0.product_id where o1_0.order_id=?
Hibernate: select o1_0.order_id,o1_0.product_id,p1_0.product_id,p1_0.description,p1_0.manufacturer_name,p1_0.name,p1_0.status,p1_0.unit,o1_0.note,o1_0.price,o1_0.quantity from order_detail o1_0 join product p1_0 on p1_0.product_id=o1_0.product_id where o1_0.order_id=?
Hibernate: select o1_0.order_id,o1_0.product_id,p1_0.product_id,p1_0.description,p1_0.manufacturer_name,p1_0.name,p1_0.status,p1_0.unit,o1_0.note,o1_0.price,o1_0.quantity from order_detail o1_0 join product p1_0 on p1_0.product_id=o1_0.product_id where o1_0.order_id=?
Hibernate: select o1_0.order_id,o1_0.product_id,p1_0.product_id,p1_0.description,p1_0.manufacturer_name,p1_0.name,p1_0.status,p1_0.unit,o1_0.note,o1_0.price,o1_0.quantity from order_detail o1_0 join product p1_0 on p1_0.product_id=o1_0.product_id where o1_0.order_id=?
Hibernate: select l1_0.employee_id,l1_0.order_id,c1_0.cust_id,c1_0.address,c1_0.email,c1_0.cust_name,c1_0.phone,l1_0.order_date from orders l1_0 left join customer c1_0 on c1_0.cust_id=l1_0.cust_id where l1_0.employee_id=?
Hibernate: select o1_0.order_id,o1_0.product_id,p1_0.product_id,p1_0.description,p1_0.manufacturer_name,p1_0.name,p1_0.status,p1_0.unit,o1_0.note,o1_0.price,o1_0.quantity from order_detail o1_0 join product p1_0 on p1_0.product_id=o1_0.product_id where o1_0.order_id=?
Hibernate: select l1_0.employee_id,l1_0.order_id,c1_0.cust_id,c1_0.address,c1_0.email,c1_0.cust_name,c1_0.phone,l1_0.order_date from orders l1_0 left join customer c1_0 on c1_0.cust_id=l1_0.cust_id where l1_0.employee_id=?
Hibernate: select o1_0.order_id,o1_0.product_id,p1_0.product_id,p1_0.description,p1_0.manufacturer_name,p1_0.name,p1_0.status,p1_0.unit,o1_0.note,o1_0.price,o1_0.quantity from order_detail o1_0 join product p1_0 on p1_0.product_id=o1_0.product_id where o1_0.order_id=?
Hibernate: select l1_0.employee_id,l1_0.order_id,c1_0.cust_id,c1_0.address,c1_0.email,c1_0.cust_name,c1_0.phone,l1_0.order_date from orders l1_0 left join customer c1_0 on c1_0.cust_id=l1_0.cust_id where l1_0.employee_id=?
Hibernate: select o1_0.order_id,o1_0.product_id,p1_0.product_id,p1_0.description,p1_0.manufacturer_name,p1_0.name,p1_0.status,p1_0.unit,o1_0.note,o1_0.price,o1_0.quantity from order_detail o1_0 join product p1_0 on p1_0.product_id=o1_0.product_id where o1_0.order_id=?
Hibernate: select l1_0.employee_id,l1_0.order_id,c1_0.cust_id,c1_0.address,c1_0.email,c1_0.cust_name,c1_0.phone,l1_0.order_date from orders l1_0 left join customer c1_0 on c1_0.cust_id=l1_0.cust_id where l1_0.employee_id=?
Hibernate: select p1_0.product_id,p1_0.price_date_time,p1_0.note,p1_0.price from product_price p1_0 where p1_0.product_id=?
Hibernate: select p1_0.product_id,p1_0.image_id,p1_0.alternative,p1_0.path from product_image p1_0 where p1_0.product_id=?
Hibernate: select o1_0.order_id,o1_0.product_id,p1_0.product_id,p1_0.description,p1_0.manufacturer_name,p1_0.name,p1_0.status,p1_0.unit,o1_0.note,o1_0.price,o1_0.quantity from order_detail o1_0 join product p1_0 on p1_0.product_id=o1_0.product_id where o1_0.order_id=?
Hibernate: select l1_0.employee_id,l1_0.order_id,c1_0.cust_id,c1_0.address,c1_0.email,c1_0.cust_name,c1_0.phone,l1_0.order_date from orders l1_0 left join customer c1_0 on c1_0.cust_id=l1_0.cust_id where l1_0.employee_id=?
Hibernate: insert into order_detail (note,price,quantity,order_id,product_id) values (?,?,?,?,?)
Hibernate: select p1_0.product_id,p1_0.description,p1_0.manufacturer_name,p1_0.name,p1_0.status,p1_0.unit from product p1_0 where p1_0.product_id=?
Hibernate: select o1_0.order_id,o2_0.order_id,c1_0.cust_id,c1_0.address,c1_0.email,c1_0.cust_name,c1_0.phone,o2_0.employee_id,e1_0.emp_id,e1_0.address,e1_0.dob,e1_0.email,e1_0.full_name,e1_0.phone,e1_0.status,o2_0.order_date,o1_0.product_id,p1_0.product_id,p1_0.description,p1_0.manufacturer_name,p1_0.name,p1_0.status,p1_0.unit,p2_0.product_id,p2_0.image_id,p2_0.alternative,p2_0.path,o1_0.note,o1_0.price,o1_0.quantity from order_detail o1_0 join orders o2_0 on o2_0.order_id=o1_0.order_id left join customer c1_0 on c1_0.cust_id=o2_0.cust_id left join employee e1_0 on e1_0.emp_id=o2_0.employee_id join product p1_0 on p1_0.product_id=o1_0.product_id left join product_image p2_0 on p1_0.product_id=p2_0.product_id where (o1_0.order_id,o1_0.product_id) in ((?,?))
Hibernate: select o1_0.order_id,c1_0.cust_id,c1_0.address,c1_0.email,c1_0.cust_name,c1_0.phone,o1_0.employee_id,e1_0.emp_id,e1_0.address,e1_0.dob,e1_0.email,e1_0.full_name,e1_0.phone,e1_0.status,o1_0.order_date,o2_0.order_id,o2_0.product_id,p1_0.product_id,p1_0.description,p1_0.manufacturer_name,p1_0.name,p1_0.status,p1_0.unit,o2_0.note,o2_0.price,o2_0.quantity from orders o1_0 left join customer c1_0 on c1_0.cust_id=o1_0.cust_id join employee e1_0 on e1_0.emp_id=o1_0.employee_id left join order_detail o2_0 on o1_0.order_id=o2_0.order_id left join product p1_0 on p1_0.product_id=o2_0.product_id where o1_0.order_id=?
Hibernate: select p1_0.product_id,p1_0.price_date_time,p1_0.note,p1_0.price from product_price p1_0 where p1_0.product_id=?
Hibernate: select p1_0.product_id,p1_0.image_id,p1_0.alternative,p1_0.path from product_image p1_0 where p1_0.product_id=?
Hibernate: select o1_0.product_id,o1_0.order_id,o2_0.order_id,c1_0.cust_id,c1_0.address,c1_0.email,c1_0.cust_name,c1_0.phone,o2_0.employee_id,e1_0.emp_id,e1_0.address,e1_0.dob,e1_0.email,e1_0.full_name,e1_0.phone,e1_0.status,o2_0.order_date,o1_0.note,o1_0.price,o1_0.quantity from order_detail o1_0 join orders o2_0 on o2_0.order_id=o1_0.order_id left join customer c1_0 on c1_0.cust_id=o2_0.cust_id left join employee e1_0 on e1_0.emp_id=o2_0.employee_id where o1_0.product_id=?
Hibernate: select l1_0.employee_id,l1_0.order_id,c1_0.cust_id,c1_0.address,c1_0.email,c1_0.cust_name,c1_0.phone,l1_0.order_date from orders l1_0 left join customer c1_0 on c1_0.cust_id=l1_0.cust_id where l1_0.employee_id=?
Hibernate: select p1_0.product_id,p1_0.description,p1_0.manufacturer_name,p1_0.name,p1_0.status,p1_0.unit,o1_0.product_id,o1_0.order_id,o2_0.order_id,c1_0.cust_id,c1_0.address,c1_0.email,c1_0.cust_name,c1_0.phone,o2_0.employee_id,e1_0.emp_id,e1_0.address,e1_0.dob,e1_0.email,e1_0.full_name,e1_0.phone,e1_0.status,o2_0.order_date,o1_0.note,o1_0.price,o1_0.quantity from product p1_0 left join order_detail o1_0 on p1_0.product_id=o1_0.product_id left join orders o2_0 on o2_0.order_id=o1_0.order_id left join customer c1_0 on c1_0.cust_id=o2_0.cust_id left join employee e1_0 on e1_0.emp_id=o2_0.employee_id where p1_0.product_id=?
Hibernate: select o1_0.order_id,o1_0.product_id,p1_0.product_id,p1_0.description,p1_0.manufacturer_name,p1_0.name,p1_0.status,p1_0.unit,o1_0.note,o1_0.price,o1_0.quantity from order_detail o1_0 join product p1_0 on p1_0.product_id=o1_0.product_id where o1_0.order_id=?
Hibernate: select o1_0.order_id,o1_0.product_id,p1_0.product_id,p1_0.description,p1_0.manufacturer_name,p1_0.name,p1_0.status,p1_0.unit,o1_0.note,o1_0.price,o1_0.quantity from order_detail o1_0 join product p1_0 on p1_0.product_id=o1_0.product_id where o1_0.order_id=?
Hibernate: select l1_0.employee_id,l1_0.order_id,c1_0.cust_id,c1_0.address,c1_0.email,c1_0.cust_name,c1_0.phone,l1_0.order_date from orders l1_0 left join customer c1_0 on c1_0.cust_id=l1_0.cust_id where l1_0.employee_id=?
Hibernate: select o1_0.order_id,o1_0.product_id,p1_0.product_id,p1_0.description,p1_0.manufacturer_name,p1_0.name,p1_0.status,p1_0.unit,o1_0.note,o1_0.price,o1_0.quantity from order_detail o1_0 join product p1_0 on p1_0.product_id=o1_0.product_id where o1_0.order_id=?
Hibernate: select o1_0.order_id,o1_0.product_id,p1_0.product_id,p1_0.description,p1_0.manufacturer_name,p1_0.name,p1_0.status,p1_0.unit,o1_0.note,o1_0.price,o1_0.quantity from order_detail o1_0 join product p1_0 on p1_0.product_id=o1_0.product_id where o1_0.order_id=?
Hibernate: select p1_0.product_id,p1_0.price_date_time,p1_0.note,p1_0.price from product_price p1_0 where p1_0.product_id=?
Hibernate: select p1_0.product_id,p1_0.image_id,p1_0.alternative,p1_0.path from product_image p1_0 where p1_0.product_id=?
Hibernate: select o1_0.order_id,o1_0.product_id,p1_0.product_id,p1_0.description,p1_0.manufacturer_name,p1_0.name,p1_0.status,p1_0.unit,o1_0.note,o1_0.price,o1_0.quantity from order_detail o1_0 join product p1_0 on p1_0.product_id=o1_0.product_id where o1_0.order_id=?
Hibernate: insert into order_detail (note,price,quantity,order_id,product_id) values (?,?,?,?,?)
Hibernate: select p1_0.product_id,p1_0.description,p1_0.manufacturer_name,p1_0.name,p1_0.status,p1_0.unit from product p1_0 where p1_0.product_id=?
Hibernate: select o1_0.order_id,o2_0.order_id,c1_0.cust_id,c1_0.address,c1_0.email,c1_0.cust_name,c1_0.phone,o2_0.employee_id,e1_0.emp_id,e1_0.address,e1_0.dob,e1_0.email,e1_0.full_name,e1_0.phone,e1_0.status,o2_0.order_date,o1_0.product_id,p1_0.product_id,p1_0.description,p1_0.manufacturer_name,p1_0.name,p1_0.status,p1_0.unit,p2_0.product_id,p2_0.image_id,p2_0.alternative,p2_0.path,o1_0.note,o1_0.price,o1_0.quantity from order_detail o1_0 join orders o2_0 on o2_0.order_id=o1_0.order_id left join customer c1_0 on c1_0.cust_id=o2_0.cust_id left join employee e1_0 on e1_0.emp_id=o2_0.employee_id join product p1_0 on p1_0.product_id=o1_0.product_id left join product_image p2_0 on p1_0.product_id=p2_0.product_id where (o1_0.order_id,o1_0.product_id) in ((?,?))
Hibernate: select o1_0.order_id,c1_0.cust_id,c1_0.address,c1_0.email,c1_0.cust_name,c1_0.phone,o1_0.employee_id,e1_0.emp_id,e1_0.address,e1_0.dob,e1_0.email,e1_0.full_name,e1_0.phone,e1_0.status,o1_0.order_date,o2_0.order_id,o2_0.product_id,p1_0.product_id,p1_0.description,p1_0.manufacturer_name,p1_0.name,p1_0.status,p1_0.unit,o2_0.note,o2_0.price,o2_0.quantity from orders o1_0 left join customer c1_0 on c1_0.cust_id=o1_0.cust_id join employee e1_0 on e1_0.emp_id=o1_0.employee_id left join order_detail o2_0 on o1_0.order_id=o2_0.order_id left join product p1_0 on p1_0.product_id=o2_0.product_id where o1_0.order_id=?
Hibernate: select p1_0.product_id,p1_0.price_date_time,p1_0.note,p1_0.price from product_price p1_0 where p1_0.product_id=?
Hibernate: select p1_0.product_id,p1_0.image_id,p1_0.alternative,p1_0.path from product_image p1_0 where p1_0.product_id=?
Hibernate: select o1_0.product_id,o1_0.order_id,o2_0.order_id,c1_0.cust_id,c1_0.address,c1_0.email,c1_0.cust_name,c1_0.phone,o2_0.employee_id,e1_0.emp_id,e1_0.address,e1_0.dob,e1_0.email,e1_0.full_name,e1_0.phone,e1_0.status,o2_0.order_date,o1_0.note,o1_0.price,o1_0.quantity from order_detail o1_0 join orders o2_0 on o2_0.order_id=o1_0.order_id left join customer c1_0 on c1_0.cust_id=o2_0.cust_id left join employee e1_0 on e1_0.emp_id=o2_0.employee_id where o1_0.product_id=?
Hibernate: select p1_0.product_id,p1_0.price_date_time,p1_0.note,p1_0.price from product_price p1_0 where p1_0.product_id=?
Hibernate: select p1_0.product_id,p1_0.image_id,p1_0.alternative,p1_0.path from product_image p1_0 where p1_0.product_id=?
Hibernate: select o1_0.product_id,o1_0.order_id,o2_0.order_id,c1_0.cust_id,c1_0.address,c1_0.email,c1_0.cust_name,c1_0.phone,o2_0.employee_id,e1_0.emp_id,e1_0.address,e1_0.dob,e1_0.email,e1_0.full_name,e1_0.phone,e1_0.status,o2_0.order_date,o1_0.note,o1_0.price,o1_0.quantity from order_detail o1_0 join orders o2_0 on o2_0.order_id=o1_0.order_id left join customer c1_0 on c1_0.cust_id=o2_0.cust_id left join employee e1_0 on e1_0.emp_id=o2_0.employee_id where o1_0.product_id=?
Hibernate: select l1_0.employee_id,l1_0.order_id,c1_0.cust_id,c1_0.address,c1_0.email,c1_0.cust_name,c1_0.phone,l1_0.order_date from orders l1_0 left join customer c1_0 on c1_0.cust_id=l1_0.cust_id where l1_0.employee_id=?
Hibernate: select p1_0.product_id,p1_0.description,p1_0.manufacturer_name,p1_0.name,p1_0.status,p1_0.unit,o1_0.product_id,o1_0.order_id,o2_0.order_id,c1_0.cust_id,c1_0.address,c1_0.email,c1_0.cust_name,c1_0.phone,o2_0.employee_id,e1_0.emp_id,e1_0.address,e1_0.dob,e1_0.email,e1_0.full_name,e1_0.phone,e1_0.status,o2_0.order_date,o1_0.note,o1_0.price,o1_0.quantity from product p1_0 left join order_detail o1_0 on p1_0.product_id=o1_0.product_id left join orders o2_0 on o2_0.order_id=o1_0.order_id left join customer c1_0 on c1_0.cust_id=o2_0.cust_id left join employee e1_0 on e1_0.emp_id=o2_0.employee_id where p1_0.product_id=?
Hibernate: select o1_0.order_id,o1_0.product_id,p1_0.product_id,p1_0.description,p1_0.manufacturer_name,p1_0.name,p1_0.status,p1_0.unit,o1_0.note,o1_0.price,o1_0.quantity from order_detail o1_0 join product p1_0 on p1_0.product_id=o1_0.product_id where o1_0.order_id=?
Hibernate: select o1_0.order_id,o1_0.product_id,p1_0.product_id,p1_0.description,p1_0.manufacturer_name,p1_0.name,p1_0.status,p1_0.unit,o1_0.note,o1_0.price,o1_0.quantity from order_detail o1_0 join product p1_0 on p1_0.product_id=o1_0.product_id where o1_0.order_id=?
Hibernate: select o1_0.order_id,o1_0.product_id,p1_0.product_id,p1_0.description,p1_0.manufacturer_name,p1_0.name,p1_0.status,p1_0.unit,o1_0.note,o1_0.price,o1_0.quantity from order_detail o1_0 join product p1_0 on p1_0.product_id=o1_0.product_id where o1_0.order_id=?
Hibernate: select p1_0.product_id,p1_0.price_date_time,p1_0.note,p1_0.price from product_price p1_0 where p1_0.product_id=?
Hibernate: select p1_0.product_id,p1_0.image_id,p1_0.alternative,p1_0.path from product_image p1_0 where p1_0.product_id=?
Hibernate: select o1_0.order_id,o1_0.product_id,p1_0.product_id,p1_0.description,p1_0.manufacturer_name,p1_0.name,p1_0.status,p1_0.unit,o1_0.note,o1_0.price,o1_0.quantity from order_detail o1_0 join product p1_0 on p1_0.product_id=o1_0.product_id where o1_0.order_id=?
Hibernate: insert into order_detail (note,price,quantity,order_id,product_id) values (?,?,?,?,?)
Hibernate: select e1_0.emp_id,e1_0.address,e1_0.dob,e1_0.email,e1_0.full_name,e1_0.phone,e1_0.status from employee e1_0 where e1_0.emp_id=?
Hibernate: select c1_0.cust_id,c1_0.address,c1_0.email,c1_0.cust_name,c1_0.phone from customer c1_0 where c1_0.cust_id=?
Hibernate: select o1_0.order_id,c1_0.cust_id,c1_0.address,c1_0.email,c1_0.cust_name,c1_0.phone,o1_0.employee_id,e1_0.emp_id,e1_0.address,e1_0.dob,e1_0.email,e1_0.full_name,e1_0.phone,e1_0.status,o1_0.order_date,o2_0.order_id,o2_0.product_id,p1_0.product_id,p1_0.description,p1_0.manufacturer_name,p1_0.name,p1_0.status,p1_0.unit,o2_0.note,o2_0.price,o2_0.quantity from orders o1_0 left join customer c1_0 on c1_0.cust_id=o1_0.cust_id join employee e1_0 on e1_0.emp_id=o1_0.employee_id left join order_detail o2_0 on o1_0.order_id=o2_0.order_id left join product p1_0 on p1_0.product_id=o2_0.product_id where o1_0.order_id=?
Hibernate: select c1_0.cust_id,c1_0.address,c1_0.email,c1_0.cust_name,c1_0.phone from customer c1_0 where c1_0.cust_id=?
Hibernate: select e1_0.emp_id,e1_0.address,e1_0.dob,e1_0.email,e1_0.full_name,e1_0.phone,e1_0.status from employee e1_0 where e1_0.emp_id=?
Hibernate: insert into orders (cust_id,employee_id,order_date,order_id) values (?,?,?,default)
Hibernate: select p1_0.product_id,p1_0.description,p1_0.manufacturer_name,p1_0.name,p1_0.status,p1_0.unit from product p1_0 where p1_0.product_id=?
Hibernate: select o1_0.order_id,o2_0.order_id,c1_0.cust_id,c1_0.address,c1_0.email,c1_0.cust_name,c1_0.phone,o2_0.employee_id,e1_0.emp_id,e1_0.address,e1_0.dob,e1_0.email,e1_0.full_name,e1_0.phone,e1_0.status,o2_0.order_date,o1_0.product_id,p1_0.product_id,p1_0.description,p1_0.manufacturer_name,p1_0.name,p1_0.status,p1_0.unit,p2_0.product_id,p2_0.image_id,p2_0.alternative,p2_0.path,o1_0.note,o1_0.price,o1_0.quantity from order_detail o1_0 join orders o2_0 on o2_0.order_id=o1_0.order_id left join customer c1_0 on c1_0.cust_id=o2_0.cust_id left join employee e1_0 on e1_0.emp_id=o2_0.employee_id join product p1_0 on p1_0.product_id=o1_0.product_id left join product_image p2_0 on p1_0.product_id=p2_0.product_id where (o1_0.order_id,o1_0.product_id) in ((?,?))
Hibernate: select o1_0.order_id,c1_0.cust_id,c1_0.address,c1_0.email,c1_0.cust_name,c1_0.phone,o1_0.employee_id,e1_0.emp_id,e1_0.address,e1_0.dob,e1_0.email,e1_0.full_name,e1_0.phone,e1_0.status,o1_0.order_date,o2_0.order_id,o2_0.product_id,p1_0.product_id,p1_0.description,p1_0.manufacturer_name,p1_0.name,p1_0.status,p1_0.unit,o2_0.note,o2_0.price,o2_0.quantity from orders o1_0 left join customer c1_0 on c1_0.cust_id=o1_0.cust_id join employee e1_0 on e1_0.emp_id=o1_0.employee_id left join order_detail o2_0 on o1_0.order_id=o2_0.order_id left join product p1_0 on p1_0.product_id=o2_0.product_id where o1_0.order_id=?
Hibernate: select l1_0.employee_id,l1_0.order_id,c1_0.cust_id,c1_0.address,c1_0.email,c1_0.cust_name,c1_0.phone,l1_0.order_date from orders l1_0 left join customer c1_0 on c1_0.cust_id=l1_0.cust_id where l1_0.employee_id=?
Hibernate: select p1_0.product_id,p1_0.description,p1_0.manufacturer_name,p1_0.name,p1_0.status,p1_0.unit,o1_0.product_id,o1_0.order_id,o2_0.order_id,c1_0.cust_id,c1_0.address,c1_0.email,c1_0.cust_name,c1_0.phone,o2_0.employee_id,e1_0.emp_id,e1_0.address,e1_0.dob,e1_0.email,e1_0.full_name,e1_0.phone,e1_0.status,o2_0.order_date,o1_0.note,o1_0.price,o1_0.quantity from product p1_0 left join order_detail o1_0 on p1_0.product_id=o1_0.product_id left join orders o2_0 on o2_0.order_id=o1_0.order_id left join customer c1_0 on c1_0.cust_id=o2_0.cust_id left join employee e1_0 on e1_0.emp_id=o2_0.employee_id where p1_0.product_id=?
Hibernate: select o1_0.order_id,o1_0.product_id,p1_0.product_id,p1_0.description,p1_0.manufacturer_name,p1_0.name,p1_0.status,p1_0.unit,o1_0.note,o1_0.price,o1_0.quantity from order_detail o1_0 join product p1_0 on p1_0.product_id=o1_0.product_id where o1_0.order_id=?
Hibernate: select l1_0.employee_id,l1_0.order_id,c1_0.cust_id,c1_0.address,c1_0.email,c1_0.cust_name,c1_0.phone,l1_0.order_date from orders l1_0 left join customer c1_0 on c1_0.cust_id=l1_0.cust_id where l1_0.employee_id=?
Hibernate: select o1_0.order_id,o1_0.product_id,p1_0.product_id,p1_0.description,p1_0.manufacturer_name,p1_0.name,p1_0.status,p1_0.unit,o1_0.note,o1_0.price,o1_0.quantity from order_detail o1_0 join product p1_0 on p1_0.product_id=o1_0.product_id where o1_0.order_id=?
Hibernate: select l1_0.employee_id,l1_0.order_id,c1_0.cust_id,c1_0.address,c1_0.email,c1_0.cust_name,c1_0.phone,l1_0.order_date from orders l1_0 left join customer c1_0 on c1_0.cust_id=l1_0.cust_id where l1_0.employee_id=?
Hibernate: select o1_0.order_id,o1_0.product_id,p1_0.product_id,p1_0.description,p1_0.manufacturer_name,p1_0.name,p1_0.status,p1_0.unit,o1_0.note,o1_0.price,o1_0.quantity from order_detail o1_0 join product p1_0 on p1_0.product_id=o1_0.product_id where o1_0.order_id=?
Hibernate: select o1_0.order_id,o1_0.product_id,p1_0.product_id,p1_0.description,p1_0.manufacturer_name,p1_0.name,p1_0.status,p1_0.unit,o1_0.note,o1_0.price,o1_0.quantity from order_detail o1_0 join product p1_0 on p1_0.product_id=o1_0.product_id where o1_0.order_id=?
Hibernate: select l1_0.employee_id,l1_0.order_id,c1_0.cust_id,c1_0.address,c1_0.email,c1_0.cust_name,c1_0.phone,l1_0.order_date from orders l1_0 left join customer c1_0 on c1_0.cust_id=l1_0.cust_id where l1_0.employee_id=?
Hibernate: select o1_0.order_id,o1_0.product_id,p1_0.product_id,p1_0.description,p1_0.manufacturer_name,p1_0.name,p1_0.status,p1_0.unit,o1_0.note,o1_0.price,o1_0.quantity from order_detail o1_0 join product p1_0 on p1_0.product_id=o1_0.product_id where o1_0.order_id=?
Hibernate: select l1_0.employee_id,l1_0.order_id,c1_0.cust_id,c1_0.address,c1_0.email,c1_0.cust_name,c1_0.phone,l1_0.order_date from orders l1_0 left join customer c1_0 on c1_0.cust_id=l1_0.cust_id where l1_0.employee_id=?
Hibernate: select o1_0.order_id,o1_0.product_id,p1_0.product_id,p1_0.description,p1_0.manufacturer_name,p1_0.name,p1_0.status,p1_0.unit,o1_0.note,o1_0.price,o1_0.quantity from order_detail o1_0 join product p1_0 on p1_0.product_id=o1_0.product_id where o1_0.order_id=?
Hibernate: select l1_0.employee_id,l1_0.order_id,c1_0.cust_id,c1_0.address,c1_0.email,c1_0.cust_name,c1_0.phone,l1_0.order_date from orders l1_0 left join customer c1_0 on c1_0.cust_id=l1_0.cust_id where l1_0.employee_id=?
Hibernate: select p1_0.product_id,p1_0.price_date_time,p1_0.note,p1_0.price from product_price p1_0 where p1_0.product_id=?
Hibernate: select p1_0.product_id,p1_0.image_id,p1_0.alternative,p1_0.path from product_image p1_0 where p1_0.product_id=?
Hibernate: select o1_0.order_id,o1_0.product_id,p1_0.product_id,p1_0.description,p1_0.manufacturer_name,p1_0.name,p1_0.status,p1_0.unit,o1_0.note,o1_0.price,o1_0.quantity from order_detail o1_0 join product p1_0 on p1_0.product_id=o1_0.product_id where o1_0.order_id=?
Hibernate: select l1_0.employee_id,l1_0.order_id,c1_0.cust_id,c1_0.address,c1_0.email,c1_0.cust_name,c1_0.phone,l1_0.order_date from orders l1_0 left join customer c1_0 on c1_0.cust_id=l1_0.cust_id where l1_0.employee_id=?
Hibernate: insert into order_detail (note,price,quantity,order_id,product_id) values (?,?,?,?,?)
Hibernate: select p1_0.product_id,p1_0.description,p1_0.manufacturer_name,p1_0.name,p1_0.status,p1_0.unit from product p1_0 where p1_0.product_id=?
Hibernate: select o1_0.order_id,o2_0.order_id,c1_0.cust_id,c1_0.address,c1_0.email,c1_0.cust_name,c1_0.phone,o2_0.employee_id,e1_0.emp_id,e1_0.address,e1_0.dob,e1_0.email,e1_0.full_name,e1_0.phone,e1_0.status,o2_0.order_date,o1_0.product_id,p1_0.product_id,p1_0.description,p1_0.manufacturer_name,p1_0.name,p1_0.status,p1_0.unit,p2_0.product_id,p2_0.image_id,p2_0.alternative,p2_0.path,o1_0.note,o1_0.price,o1_0.quantity from order_detail o1_0 join orders o2_0 on o2_0.order_id=o1_0.order_id left join customer c1_0 on c1_0.cust_id=o2_0.cust_id left join employee e1_0 on e1_0.emp_id=o2_0.employee_id join product p1_0 on p1_0.product_id=o1_0.product_id left join product_image p2_0 on p1_0.product_id=p2_0.product_id where (o1_0.order_id,o1_0.product_id) in ((?,?))
Hibernate: select o1_0.order_id,c1_0.cust_id,c1_0.address,c1_0.email,c1_0.cust_name,c1_0.phone,o1_0.employee_id,e1_0.emp_id,e1_0.address,e1_0.dob,e1_0.email,e1_0.full_name,e1_0.phone,e1_0.status,o1_0.order_date,o2_0.order_id,o2_0.product_id,p1_0.product_id,p1_0.description,p1_0.manufacturer_name,p1_0.name,p1_0.status,p1_0.unit,o2_0.note,o2_0.price,o2_0.quantity from orders o1_0 left join customer c1_0 on c1_0.cust_id=o1_0.cust_id join employee e1_0 on e1_0.emp_id=o1_0.employee_id left join order_detail o2_0 on o1_0.order_id=o2_0.order_id left join product p1_0 on p1_0.product_id=o2_0.product_id where o1_0.order_id=?
Hibernate: select p1_0.product_id,p1_0.price_date_time,p1_0.note,p1_0.price from product_price p1_0 where p1_0.product_id=?
Hibernate: select p1_0.product_id,p1_0.image_id,p1_0.alternative,p1_0.path from product_image p1_0 where p1_0.product_id=?
Hibernate: select o1_0.product_id,o1_0.order_id,o2_0.order_id,c1_0.cust_id,c1_0.address,c1_0.email,c1_0.cust_name,c1_0.phone,o2_0.employee_id,e1_0.emp_id,e1_0.address,e1_0.dob,e1_0.email,e1_0.full_name,e1_0.phone,e1_0.status,o2_0.order_date,o1_0.note,o1_0.price,o1_0.quantity from order_detail o1_0 join orders o2_0 on o2_0.order_id=o1_0.order_id left join customer c1_0 on c1_0.cust_id=o2_0.cust_id left join employee e1_0 on e1_0.emp_id=o2_0.employee_id where o1_0.product_id=?
Hibernate: select l1_0.employee_id,l1_0.order_id,c1_0.cust_id,c1_0.address,c1_0.email,c1_0.cust_name,c1_0.phone,l1_0.order_date from orders l1_0 left join customer c1_0 on c1_0.cust_id=l1_0.cust_id where l1_0.employee_id=?
Hibernate: select p1_0.product_id,p1_0.description,p1_0.manufacturer_name,p1_0.name,p1_0.status,p1_0.unit,o1_0.product_id,o1_0.order_id,o2_0.order_id,c1_0.cust_id,c1_0.address,c1_0.email,c1_0.cust_name,c1_0.phone,o2_0.employee_id,e1_0.emp_id,e1_0.address,e1_0.dob,e1_0.email,e1_0.full_name,e1_0.phone,e1_0.status,o2_0.order_date,o1_0.note,o1_0.price,o1_0.quantity from product p1_0 left join order_detail o1_0 on p1_0.product_id=o1_0.product_id left join orders o2_0 on o2_0.order_id=o1_0.order_id left join customer c1_0 on c1_0.cust_id=o2_0.cust_id left join employee e1_0 on e1_0.emp_id=o2_0.employee_id where p1_0.product_id=?
Hibernate: select o1_0.order_id,o1_0.product_id,p1_0.product_id,p1_0.description,p1_0.manufacturer_name,p1_0.name,p1_0.status,p1_0.unit,o1_0.note,o1_0.price,o1_0.quantity from order_detail o1_0 join product p1_0 on p1_0.product_id=o1_0.product_id where o1_0.order_id=?
Hibernate: select o1_0.order_id,o1_0.product_id,p1_0.product_id,p1_0.description,p1_0.manufacturer_name,p1_0.name,p1_0.status,p1_0.unit,o1_0.note,o1_0.price,o1_0.quantity from order_detail o1_0 join product p1_0 on p1_0.product_id=o1_0.product_id where o1_0.order_id=?
Hibernate: select p1_0.product_id,p1_0.price_date_time,p1_0.note,p1_0.price from product_price p1_0 where p1_0.product_id=?
Hibernate: select p1_0.product_id,p1_0.image_id,p1_0.alternative,p1_0.path from product_image p1_0 where p1_0.product_id=?
Hibernate: select o1_0.order_id,o1_0.product_id,p1_0.product_id,p1_0.description,p1_0.manufacturer_name,p1_0.name,p1_0.status,p1_0.unit,o1_0.note,o1_0.price,o1_0.quantity from order_detail o1_0 join product p1_0 on p1_0.product_id=o1_0.product_id where o1_0.order_id=?
Hibernate: insert into order_detail (note,price,quantity,order_id,product_id) values (?,?,?,?,?)
Hibernate: select p1_0.product_id,p1_0.description,p1_0.manufacturer_name,p1_0.name,p1_0.status,p1_0.unit from product p1_0 where p1_0.product_id=?
Hibernate: select o1_0.order_id,o2_0.order_id,c1_0.cust_id,c1_0.address,c1_0.email,c1_0.cust_name,c1_0.phone,o2_0.employee_id,e1_0.emp_id,e1_0.address,e1_0.dob,e1_0.email,e1_0.full_name,e1_0.phone,e1_0.status,o2_0.order_date,o1_0.product_id,p1_0.product_id,p1_0.description,p1_0.manufacturer_name,p1_0.name,p1_0.status,p1_0.unit,p2_0.product_id,p2_0.image_id,p2_0.alternative,p2_0.path,o1_0.note,o1_0.price,o1_0.quantity from order_detail o1_0 join orders o2_0 on o2_0.order_id=o1_0.order_id left join customer c1_0 on c1_0.cust_id=o2_0.cust_id left join employee e1_0 on e1_0.emp_id=o2_0.employee_id join product p1_0 on p1_0.product_id=o1_0.product_id left join product_image p2_0 on p1_0.product_id=p2_0.product_id where (o1_0.order_id,o1_0.product_id) in ((?,?))
Hibernate: select o1_0.order_id,c1_0.cust_id,c1_0.address,c1_0.email,c1_0.cust_name,c1_0.phone,o1_0.employee_id,e1_0.emp_id,e1_0.address,e1_0.dob,e1_0.email,e1_0.full_name,e1_0.phone,e1_0.status,o1_0.order_date,o2_0.order_id,o2_0.product_id,p1_0.product_id,p1_0.description,p1_0.manufacturer_name,p1_0.name,p1_0.status,p1_0.unit,o2_0.note,o2_0.price,o2_0.quantity from orders o1_0 left join customer c1_0 on c1_0.cust_id=o1_0.cust_id join employee e1_0 on e1_0.emp_id=o1_0.employee_id left join order_detail o2_0 on o1_0.order_id=o2_0.order_id left join product p1_0 on p1_0.product_id=o2_0.product_id where o1_0.order_id=?
Hibernate: select p1_0.product_id,p1_0.price_date_time,p1_0.note,p1_0.price from product_price p1_0 where p1_0.product_id=?
Hibernate: select p1_0.product_id,p1_0.image_id,p1_0.alternative,p1_0.path from product_image p1_0 where p1_0.product_id=?
Hibernate: select o1_0.product_id,o1_0.order_id,o2_0.order_id,c1_0.cust_id,c1_0.address,c1_0.email,c1_0.cust_name,c1_0.phone,o2_0.employee_id,e1_0.emp_id,e1_0.address,e1_0.dob,e1_0.email,e1_0.full_name,e1_0.phone,e1_0.status,o2_0.order_date,o1_0.note,o1_0.price,o1_0.quantity from order_detail o1_0 join orders o2_0 on o2_0.order_id=o1_0.order_id left join customer c1_0 on c1_0.cust_id=o2_0.cust_id left join employee e1_0 on e1_0.emp_id=o2_0.employee_id where o1_0.product_id=?
Hibernate: select p1_0.product_id,p1_0.price_date_time,p1_0.note,p1_0.price from product_price p1_0 where p1_0.product_id=?
Hibernate: select p1_0.product_id,p1_0.image_id,p1_0.alternative,p1_0.path from product_image p1_0 where p1_0.product_id=?
Hibernate: select o1_0.product_id,o1_0.order_id,o2_0.order_id,c1_0.cust_id,c1_0.address,c1_0.email,c1_0.cust_name,c1_0.phone,o2_0.employee_id,e1_0.emp_id,e1_0.address,e1_0.dob,e1_0.email,e1_0.full_name,e1_0.phone,e1_0.status,o2_0.order_date,o1_0.note,o1_0.price,o1_0.quantity from order_detail o1_0 join orders o2_0 on o2_0.order_id=o1_0.order_id left join customer c1_0 on c1_0.cust_id=o2_0.cust_id left join employee e1_0 on e1_0.emp_id=o2_0.employee_id where o1_0.product_id=?
Hibernate: select l1_0.employee_id,l1_0.order_id,c1_0.cust_id,c1_0.address,c1_0.email,c1_0.cust_name,c1_0.phone,l1_0.order_date from orders l1_0 left join customer c1_0 on c1_0.cust_id=l1_0.cust_id where l1_0.employee_id=?
Hibernate: select p1_0.product_id,p1_0.description,p1_0.manufacturer_name,p1_0.name,p1_0.status,p1_0.unit,o1_0.product_id,o1_0.order_id,o2_0.order_id,c1_0.cust_id,c1_0.address,c1_0.email,c1_0.cust_name,c1_0.phone,o2_0.employee_id,e1_0.emp_id,e1_0.address,e1_0.dob,e1_0.email,e1_0.full_name,e1_0.phone,e1_0.status,o2_0.order_date,o1_0.note,o1_0.price,o1_0.quantity from product p1_0 left join order_detail o1_0 on p1_0.product_id=o1_0.product_id left join orders o2_0 on o2_0.order_id=o1_0.order_id left join customer c1_0 on c1_0.cust_id=o2_0.cust_id left join employee e1_0 on e1_0.emp_id=o2_0.employee_id where p1_0.product_id=?
Hibernate: select o1_0.order_id,o1_0.product_id,p1_0.product_id,p1_0.description,p1_0.manufacturer_name,p1_0.name,p1_0.status,p1_0.unit,o1_0.note,o1_0.price,o1_0.quantity from order_detail o1_0 join product p1_0 on p1_0.product_id=o1_0.product_id where o1_0.order_id=?
Hibernate: select l1_0.employee_id,l1_0.order_id,c1_0.cust_id,c1_0.address,c1_0.email,c1_0.cust_name,c1_0.phone,l1_0.order_date from orders l1_0 left join customer c1_0 on c1_0.cust_id=l1_0.cust_id where l1_0.employee_id=?
Hibernate: select o1_0.order_id,o1_0.product_id,p1_0.product_id,p1_0.description,p1_0.manufacturer_name,p1_0.name,p1_0.status,p1_0.unit,o1_0.note,o1_0.price,o1_0.quantity from order_detail o1_0 join product p1_0 on p1_0.product_id=o1_0.product_id where o1_0.order_id=?
Hibernate: select o1_0.order_id,o1_0.product_id,p1_0.product_id,p1_0.description,p1_0.manufacturer_name,p1_0.name,p1_0.status,p1_0.unit,o1_0.note,o1_0.price,o1_0.quantity from order_detail o1_0 join product p1_0 on p1_0.product_id=o1_0.product_id where o1_0.order_id=?
Hibernate: select o1_0.order_id,o1_0.product_id,p1_0.product_id,p1_0.description,p1_0.manufacturer_name,p1_0.name,p1_0.status,p1_0.unit,o1_0.note,o1_0.price,o1_0.quantity from order_detail o1_0 join product p1_0 on p1_0.product_id=o1_0.product_id where o1_0.order_id=?
Hibernate: select o1_0.order_id,o1_0.product_id,p1_0.product_id,p1_0.description,p1_0.manufacturer_name,p1_0.name,p1_0.status,p1_0.unit,o1_0.note,o1_0.price,o1_0.quantity from order_detail o1_0 join product p1_0 on p1_0.product_id=o1_0.product_id where o1_0.order_id=?
Hibernate: select o1_0.order_id,o1_0.product_id,p1_0.product_id,p1_0.description,p1_0.manufacturer_name,p1_0.name,p1_0.status,p1_0.unit,o1_0.note,o1_0.price,o1_0.quantity from order_detail o1_0 join product p1_0 on p1_0.product_id=o1_0.product_id where o1_0.order_id=?
Hibernate: select o1_0.order_id,o1_0.product_id,p1_0.product_id,p1_0.description,p1_0.manufacturer_name,p1_0.name,p1_0.status,p1_0.unit,o1_0.note,o1_0.price,o1_0.quantity from order_detail o1_0 join product p1_0 on p1_0.product_id=o1_0.product_id where o1_0.order_id=?
Hibernate: select p1_0.product_id,p1_0.price_date_time,p1_0.note,p1_0.price from product_price p1_0 where p1_0.product_id=?
Hibernate: select p1_0.product_id,p1_0.image_id,p1_0.alternative,p1_0.path from product_image p1_0 where p1_0.product_id=?
Hibernate: select o1_0.order_id,o1_0.product_id,p1_0.product_id,p1_0.description,p1_0.manufacturer_name,p1_0.name,p1_0.status,p1_0.unit,o1_0.note,o1_0.price,o1_0.quantity from order_detail o1_0 join product p1_0 on p1_0.product_id=o1_0.product_id where o1_0.order_id=?
Hibernate: insert into order_detail (note,price,quantity,order_id,product_id) values (?,?,?,?,?)
Hibernate: select e1_0.emp_id,e1_0.address,e1_0.dob,e1_0.email,e1_0.full_name,e1_0.phone,e1_0.status from employee e1_0 where e1_0.emp_id=?
Hibernate: select c1_0.cust_id,c1_0.address,c1_0.email,c1_0.cust_name,c1_0.phone from customer c1_0 where c1_0.cust_id=?
Hibernate: select o1_0.order_id,c1_0.cust_id,c1_0.address,c1_0.email,c1_0.cust_name,c1_0.phone,o1_0.employee_id,e1_0.emp_id,e1_0.address,e1_0.dob,e1_0.email,e1_0.full_name,e1_0.phone,e1_0.status,o1_0.order_date,o2_0.order_id,o2_0.product_id,p1_0.product_id,p1_0.description,p1_0.manufacturer_name,p1_0.name,p1_0.status,p1_0.unit,o2_0.note,o2_0.price,o2_0.quantity from orders o1_0 left join customer c1_0 on c1_0.cust_id=o1_0.cust_id join employee e1_0 on e1_0.emp_id=o1_0.employee_id left join order_detail o2_0 on o1_0.order_id=o2_0.order_id left join product p1_0 on p1_0.product_id=o2_0.product_id where o1_0.order_id=?
Hibernate: select c1_0.cust_id,c1_0.address,c1_0.email,c1_0.cust_name,c1_0.phone from customer c1_0 where c1_0.cust_id=?
Hibernate: select e1_0.emp_id,e1_0.address,e1_0.dob,e1_0.email,e1_0.full_name,e1_0.phone,e1_0.status from employee e1_0 where e1_0.emp_id=?
Hibernate: insert into orders (cust_id,employee_id,order_date,order_id) values (?,?,?,default)
Hibernate: select p1_0.product_id,p1_0.description,p1_0.manufacturer_name,p1_0.name,p1_0.status,p1_0.unit from product p1_0 where p1_0.product_id=?
Hibernate: select o1_0.order_id,o2_0.order_id,c1_0.cust_id,c1_0.address,c1_0.email,c1_0.cust_name,c1_0.phone,o2_0.employee_id,e1_0.emp_id,e1_0.address,e1_0.dob,e1_0.email,e1_0.full_name,e1_0.phone,e1_0.status,o2_0.order_date,o1_0.product_id,p1_0.product_id,p1_0.description,p1_0.manufacturer_name,p1_0.name,p1_0.status,p1_0.unit,p2_0.product_id,p2_0.image_id,p2_0.alternative,p2_0.path,o1_0.note,o1_0.price,o1_0.quantity from order_detail o1_0 join orders o2_0 on o2_0.order_id=o1_0.order_id left join customer c1_0 on c1_0.cust_id=o2_0.cust_id left join employee e1_0 on e1_0.emp_id=o2_0.employee_id join product p1_0 on p1_0.product_id=o1_0.product_id left join product_image p2_0 on p1_0.product_id=p2_0.product_id where (o1_0.order_id,o1_0.product_id) in ((?,?))
Hibernate: select o1_0.order_id,c1_0.cust_id,c1_0.address,c1_0.email,c1_0.cust_name,c1_0.phone,o1_0.employee_id,e1_0.emp_id,e1_0.address,e1_0.dob,e1_0.email,e1_0.full_name,e1_0.phone,e1_0.status,o1_0.order_date,o2_0.order_id,o2_0.product_id,p1_0.product_id,p1_0.description,p1_0.manufacturer_name,p1_0.name,p1_0.status,p1_0.unit,o2_0.note,o2_0.price,o2_0.quantity from orders o1_0 left join customer c1_0 on c1_0.cust_id=o1_0.cust_id join employee e1_0 on e1_0.emp_id=o1_0.employee_id left join order_detail o2_0 on o1_0.order_id=o2_0.order_id left join product p1_0 on p1_0.product_id=o2_0.product_id where o1_0.order_id=?
Hibernate: select l1_0.employee_id,l1_0.order_id,c1_0.cust_id,c1_0.address,c1_0.email,c1_0.cust_name,c1_0.phone,l1_0.order_date from orders l1_0 left join customer c1_0 on c1_0.cust_id=l1_0.cust_id where l1_0.employee_id=?
Hibernate: select p1_0.product_id,p1_0.description,p1_0.manufacturer_name,p1_0.name,p1_0.status,p1_0.unit,o1_0.product_id,o1_0.order_id,o2_0.order_id,c1_0.cust_id,c1_0.address,c1_0.email,c1_0.cust_name,c1_0.phone,o2_0.employee_id,e1_0.emp_id,e1_0.address,e1_0.dob,e1_0.email,e1_0.full_name,e1_0.phone,e1_0.status,o2_0.order_date,o1_0.note,o1_0.price,o1_0.quantity from product p1_0 left join order_detail o1_0 on p1_0.product_id=o1_0.product_id left join orders o2_0 on o2_0.order_id=o1_0.order_id left join customer c1_0 on c1_0.cust_id=o2_0.cust_id left join employee e1_0 on e1_0.emp_id=o2_0.employee_id where p1_0.product_id=?
Hibernate: select o1_0.order_id,o1_0.product_id,p1_0.product_id,p1_0.description,p1_0.manufacturer_name,p1_0.name,p1_0.status,p1_0.unit,o1_0.note,o1_0.price,o1_0.quantity from order_detail o1_0 join product p1_0 on p1_0.product_id=o1_0.product_id where o1_0.order_id=?
Hibernate: select o1_0.order_id,o1_0.product_id,p1_0.product_id,p1_0.description,p1_0.manufacturer_name,p1_0.name,p1_0.status,p1_0.unit,o1_0.note,o1_0.price,o1_0.quantity from order_detail o1_0 join product p1_0 on p1_0.product_id=o1_0.product_id where o1_0.order_id=?
Hibernate: select l1_0.employee_id,l1_0.order_id,c1_0.cust_id,c1_0.address,c1_0.email,c1_0.cust_name,c1_0.phone,l1_0.order_date from orders l1_0 left join customer c1_0 on c1_0.cust_id=l1_0.cust_id where l1_0.employee_id=?
Hibernate: select o1_0.order_id,o1_0.product_id,p1_0.product_id,p1_0.description,p1_0.manufacturer_name,p1_0.name,p1_0.status,p1_0.unit,o1_0.note,o1_0.price,o1_0.quantity from order_detail o1_0 join product p1_0 on p1_0.product_id=o1_0.product_id where o1_0.order_id=?
Hibernate: select l1_0.employee_id,l1_0.order_id,c1_0.cust_id,c1_0.address,c1_0.email,c1_0.cust_name,c1_0.phone,l1_0.order_date from orders l1_0 left join customer c1_0 on c1_0.cust_id=l1_0.cust_id where l1_0.employee_id=?
Hibernate: select o1_0.order_id,o1_0.product_id,p1_0.product_id,p1_0.description,p1_0.manufacturer_name,p1_0.name,p1_0.status,p1_0.unit,o1_0.note,o1_0.price,o1_0.quantity from order_detail o1_0 join product p1_0 on p1_0.product_id=o1_0.product_id where o1_0.order_id=?
Hibernate: select p1_0.product_id,p1_0.price_date_time,p1_0.note,p1_0.price from product_price p1_0 where p1_0.product_id=?
Hibernate: select p1_0.product_id,p1_0.image_id,p1_0.alternative,p1_0.path from product_image p1_0 where p1_0.product_id=?
Hibernate: select o1_0.order_id,o1_0.product_id,p1_0.product_id,p1_0.description,p1_0.manufacturer_name,p1_0.name,p1_0.status,p1_0.unit,o1_0.note,o1_0.price,o1_0.quantity from order_detail o1_0 join product p1_0 on p1_0.product_id=o1_0.product_id where o1_0.order_id=?
Hibernate: select l1_0.employee_id,l1_0.order_id,c1_0.cust_id,c1_0.address,c1_0.email,c1_0.cust_name,c1_0.phone,l1_0.order_date from orders l1_0 left join customer c1_0 on c1_0.cust_id=l1_0.cust_id where l1_0.employee_id=?
Hibernate: insert into order_detail (note,price,quantity,order_id,product_id) values (?,?,?,?,?)
Hibernate: select p1_0.product_id,p1_0.description,p1_0.manufacturer_name,p1_0.name,p1_0.status,p1_0.unit from product p1_0 where p1_0.product_id=?
Hibernate: select o1_0.order_id,o2_0.order_id,c1_0.cust_id,c1_0.address,c1_0.email,c1_0.cust_name,c1_0.phone,o2_0.employee_id,e1_0.emp_id,e1_0.address,e1_0.dob,e1_0.email,e1_0.full_name,e1_0.phone,e1_0.status,o2_0.order_date,o1_0.product_id,p1_0.product_id,p1_0.description,p1_0.manufacturer_name,p1_0.name,p1_0.status,p1_0.unit,p2_0.product_id,p2_0.image_id,p2_0.alternative,p2_0.path,o1_0.note,o1_0.price,o1_0.quantity from order_detail o1_0 join orders o2_0 on o2_0.order_id=o1_0.order_id left join customer c1_0 on c1_0.cust_id=o2_0.cust_id left join employee e1_0 on e1_0.emp_id=o2_0.employee_id join product p1_0 on p1_0.product_id=o1_0.product_id left join product_image p2_0 on p1_0.product_id=p2_0.product_id where (o1_0.order_id,o1_0.product_id) in ((?,?))
Hibernate: select o1_0.order_id,c1_0.cust_id,c1_0.address,c1_0.email,c1_0.cust_name,c1_0.phone,o1_0.employee_id,e1_0.emp_id,e1_0.address,e1_0.dob,e1_0.email,e1_0.full_name,e1_0.phone,e1_0.status,o1_0.order_date,o2_0.order_id,o2_0.product_id,p1_0.product_id,p1_0.description,p1_0.manufacturer_name,p1_0.name,p1_0.status,p1_0.unit,o2_0.note,o2_0.price,o2_0.quantity from orders o1_0 left join customer c1_0 on c1_0.cust_id=o1_0.cust_id join employee e1_0 on e1_0.emp_id=o1_0.employee_id left join order_detail o2_0 on o1_0.order_id=o2_0.order_id left join product p1_0 on p1_0.product_id=o2_0.product_id where o1_0.order_id=?
Hibernate: select p1_0.product_id,p1_0.price_date_time,p1_0.note,p1_0.price from product_price p1_0 where p1_0.product_id=?
Hibernate: select p1_0.product_id,p1_0.image_id,p1_0.alternative,p1_0.path from product_image p1_0 where p1_0.product_id=?
Hibernate: select o1_0.product_id,o1_0.order_id,o2_0.order_id,c1_0.cust_id,c1_0.address,c1_0.email,c1_0.cust_name,c1_0.phone,o2_0.employee_id,e1_0.emp_id,e1_0.address,e1_0.dob,e1_0.email,e1_0.full_name,e1_0.phone,e1_0.status,o2_0.order_date,o1_0.note,o1_0.price,o1_0.quantity from order_detail o1_0 join orders o2_0 on o2_0.order_id=o1_0.order_id left join customer c1_0 on c1_0.cust_id=o2_0.cust_id left join employee e1_0 on e1_0.emp_id=o2_0.employee_id where o1_0.product_id=?
Hibernate: select l1_0.employee_id,l1_0.order_id,c1_0.cust_id,c1_0.address,c1_0.email,c1_0.cust_name,c1_0.phone,l1_0.order_date from orders l1_0 left join customer c1_0 on c1_0.cust_id=l1_0.cust_id where l1_0.employee_id=?
Hibernate: select p1_0.product_id,p1_0.description,p1_0.manufacturer_name,p1_0.name,p1_0.status,p1_0.unit,o1_0.product_id,o1_0.order_id,o2_0.order_id,c1_0.cust_id,c1_0.address,c1_0.email,c1_0.cust_name,c1_0.phone,o2_0.employee_id,e1_0.emp_id,e1_0.address,e1_0.dob,e1_0.email,e1_0.full_name,e1_0.phone,e1_0.status,o2_0.order_date,o1_0.note,o1_0.price,o1_0.quantity from product p1_0 left join order_detail o1_0 on p1_0.product_id=o1_0.product_id left join orders o2_0 on o2_0.order_id=o1_0.order_id left join customer c1_0 on c1_0.cust_id=o2_0.cust_id left join employee e1_0 on e1_0.emp_id=o2_0.employee_id where p1_0.product_id=?
Hibernate: select o1_0.order_id,o1_0.product_id,p1_0.product_id,p1_0.description,p1_0.manufacturer_name,p1_0.name,p1_0.status,p1_0.unit,o1_0.note,o1_0.price,o1_0.quantity from order_detail o1_0 join product p1_0 on p1_0.product_id=o1_0.product_id where o1_0.order_id=?
Hibernate: select l1_0.employee_id,l1_0.order_id,c1_0.cust_id,c1_0.address,c1_0.email,c1_0.cust_name,c1_0.phone,l1_0.order_date from orders l1_0 left join customer c1_0 on c1_0.cust_id=l1_0.cust_id where l1_0.employee_id=?
Hibernate: select o1_0.order_id,o1_0.product_id,p1_0.product_id,p1_0.description,p1_0.manufacturer_name,p1_0.name,p1_0.status,p1_0.unit,o1_0.note,o1_0.price,o1_0.quantity from order_detail o1_0 join product p1_0 on p1_0.product_id=o1_0.product_id where o1_0.order_id=?
Hibernate: select l1_0.employee_id,l1_0.order_id,c1_0.cust_id,c1_0.address,c1_0.email,c1_0.cust_name,c1_0.phone,l1_0.order_date from orders l1_0 left join customer c1_0 on c1_0.cust_id=l1_0.cust_id where l1_0.employee_id=?
Hibernate: select o1_0.order_id,o1_0.product_id,p1_0.product_id,p1_0.description,p1_0.manufacturer_name,p1_0.name,p1_0.status,p1_0.unit,o1_0.note,o1_0.price,o1_0.quantity from order_detail o1_0 join product p1_0 on p1_0.product_id=o1_0.product_id where o1_0.order_id=?
Hibernate: select l1_0.employee_id,l1_0.order_id,c1_0.cust_id,c1_0.address,c1_0.email,c1_0.cust_name,c1_0.phone,l1_0.order_date from orders l1_0 left join customer c1_0 on c1_0.cust_id=l1_0.cust_id where l1_0.employee_id=?
Hibernate: select o1_0.order_id,o1_0.product_id,p1_0.product_id,p1_0.description,p1_0.manufacturer_name,p1_0.name,p1_0.status,p1_0.unit,o1_0.note,o1_0.price,o1_0.quantity from order_detail o1_0 join product p1_0 on p1_0.product_id=o1_0.product_id where o1_0.order_id=?
Hibernate: select l1_0.employee_id,l1_0.order_id,c1_0.cust_id,c1_0.address,c1_0.email,c1_0.cust_name,c1_0.phone,l1_0.order_date from orders l1_0 left join customer c1_0 on c1_0.cust_id=l1_0.cust_id where l1_0.employee_id=?
Hibernate: select o1_0.order_id,o1_0.product_id,p1_0.product_id,p1_0.description,p1_0.manufacturer_name,p1_0.name,p1_0.status,p1_0.unit,o1_0.note,o1_0.price,o1_0.quantity from order_detail o1_0 join product p1_0 on p1_0.product_id=o1_0.product_id where o1_0.order_id=?
Hibernate: select o1_0.order_id,o1_0.product_id,p1_0.product_id,p1_0.description,p1_0.manufacturer_name,p1_0.name,p1_0.status,p1_0.unit,o1_0.note,o1_0.price,o1_0.quantity from order_detail o1_0 join product p1_0 on p1_0.product_id=o1_0.product_id where o1_0.order_id=?
Hibernate: select l1_0.employee_id,l1_0.order_id,c1_0.cust_id,c1_0.address,c1_0.email,c1_0.cust_name,c1_0.phone,l1_0.order_date from orders l1_0 left join customer c1_0 on c1_0.cust_id=l1_0.cust_id where l1_0.employee_id=?
Hibernate: select p1_0.product_id,p1_0.price_date_time,p1_0.note,p1_0.price from product_price p1_0 where p1_0.product_id=?
Hibernate: select p1_0.product_id,p1_0.image_id,p1_0.alternative,p1_0.path from product_image p1_0 where p1_0.product_id=?
Hibernate: insert into order_detail (note,price,quantity,order_id,product_id) values (?,?,?,?,?)
Hibernate: select p1_0.product_id,p1_0.description,p1_0.manufacturer_name,p1_0.name,p1_0.status,p1_0.unit from product p1_0 where p1_0.product_id=?
Hibernate: select o1_0.order_id,o2_0.order_id,c1_0.cust_id,c1_0.address,c1_0.email,c1_0.cust_name,c1_0.phone,o2_0.employee_id,e1_0.emp_id,e1_0.address,e1_0.dob,e1_0.email,e1_0.full_name,e1_0.phone,e1_0.status,o2_0.order_date,o1_0.product_id,p1_0.product_id,p1_0.description,p1_0.manufacturer_name,p1_0.name,p1_0.status,p1_0.unit,p2_0.product_id,p2_0.image_id,p2_0.alternative,p2_0.path,o1_0.note,o1_0.price,o1_0.quantity from order_detail o1_0 join orders o2_0 on o2_0.order_id=o1_0.order_id left join customer c1_0 on c1_0.cust_id=o2_0.cust_id left join employee e1_0 on e1_0.emp_id=o2_0.employee_id join product p1_0 on p1_0.product_id=o1_0.product_id left join product_image p2_0 on p1_0.product_id=p2_0.product_id where (o1_0.order_id,o1_0.product_id) in ((?,?))
Hibernate: select o1_0.order_id,c1_0.cust_id,c1_0.address,c1_0.email,c1_0.cust_name,c1_0.phone,o1_0.employee_id,e1_0.emp_id,e1_0.address,e1_0.dob,e1_0.email,e1_0.full_name,e1_0.phone,e1_0.status,o1_0.order_date,o2_0.order_id,o2_0.product_id,p1_0.product_id,p1_0.description,p1_0.manufacturer_name,p1_0.name,p1_0.status,p1_0.unit,o2_0.note,o2_0.price,o2_0.quantity from orders o1_0 left join customer c1_0 on c1_0.cust_id=o1_0.cust_id join employee e1_0 on e1_0.emp_id=o1_0.employee_id left join order_detail o2_0 on o1_0.order_id=o2_0.order_id left join product p1_0 on p1_0.product_id=o2_0.product_id where o1_0.order_id=?
Hibernate: select p1_0.product_id,p1_0.price_date_time,p1_0.note,p1_0.price from product_price p1_0 where p1_0.product_id=?
Hibernate: select p1_0.product_id,p1_0.image_id,p1_0.alternative,p1_0.path from product_image p1_0 where p1_0.product_id=?
Hibernate: select o1_0.product_id,o1_0.order_id,o2_0.order_id,c1_0.cust_id,c1_0.address,c1_0.email,c1_0.cust_name,c1_0.phone,o2_0.employee_id,e1_0.emp_id,e1_0.address,e1_0.dob,e1_0.email,e1_0.full_name,e1_0.phone,e1_0.status,o2_0.order_date,o1_0.note,o1_0.price,o1_0.quantity from order_detail o1_0 join orders o2_0 on o2_0.order_id=o1_0.order_id left join customer c1_0 on c1_0.cust_id=o2_0.cust_id left join employee e1_0 on e1_0.emp_id=o2_0.employee_id where o1_0.product_id=?
Hibernate: select p1_0.product_id,p1_0.price_date_time,p1_0.note,p1_0.price from product_price p1_0 where p1_0.product_id=?
Hibernate: select p1_0.product_id,p1_0.image_id,p1_0.alternative,p1_0.path from product_image p1_0 where p1_0.product_id=?
Hibernate: select o1_0.product_id,o1_0.order_id,o2_0.order_id,c1_0.cust_id,c1_0.address,c1_0.email,c1_0.cust_name,c1_0.phone,o2_0.employee_id,e1_0.emp_id,e1_0.address,e1_0.dob,e1_0.email,e1_0.full_name,e1_0.phone,e1_0.status,o2_0.order_date,o1_0.note,o1_0.price,o1_0.quantity from order_detail o1_0 join orders o2_0 on o2_0.order_id=o1_0.order_id left join customer c1_0 on c1_0.cust_id=o2_0.cust_id left join employee e1_0 on e1_0.emp_id=o2_0.employee_id where o1_0.product_id=?
Hibernate: select l1_0.employee_id,l1_0.order_id,c1_0.cust_id,c1_0.address,c1_0.email,c1_0.cust_name,c1_0.phone,l1_0.order_date from orders l1_0 left join customer c1_0 on c1_0.cust_id=l1_0.cust_id where l1_0.employee_id=?
Hibernate: select p1_0.product_id,p1_0.description,p1_0.manufacturer_name,p1_0.name,p1_0.status,p1_0.unit,o1_0.product_id,o1_0.order_id,o2_0.order_id,c1_0.cust_id,c1_0.address,c1_0.email,c1_0.cust_name,c1_0.phone,o2_0.employee_id,e1_0.emp_id,e1_0.address,e1_0.dob,e1_0.email,e1_0.full_name,e1_0.phone,e1_0.status,o2_0.order_date,o1_0.note,o1_0.price,o1_0.quantity from product p1_0 left join order_detail o1_0 on p1_0.product_id=o1_0.product_id left join orders o2_0 on o2_0.order_id=o1_0.order_id left join customer c1_0 on c1_0.cust_id=o2_0.cust_id left join employee e1_0 on e1_0.emp_id=o2_0.employee_id where p1_0.product_id=?
Hibernate: select o1_0.order_id,o1_0.product_id,p1_0.product_id,p1_0.description,p1_0.manufacturer_name,p1_0.name,p1_0.status,p1_0.unit,o1_0.note,o1_0.price,o1_0.quantity from order_detail o1_0 join product p1_0 on p1_0.product_id=o1_0.product_id where o1_0.order_id=?
Hibernate: select o1_0.order_id,o1_0.product_id,p1_0.product_id,p1_0.description,p1_0.manufacturer_name,p1_0.name,p1_0.status,p1_0.unit,o1_0.note,o1_0.price,o1_0.quantity from order_detail o1_0 join product p1_0 on p1_0.product_id=o1_0.product_id where o1_0.order_id=?
Hibernate: select o1_0.order_id,o1_0.product_id,p1_0.product_id,p1_0.description,p1_0.manufacturer_name,p1_0.name,p1_0.status,p1_0.unit,o1_0.note,o1_0.price,o1_0.quantity from order_detail o1_0 join product p1_0 on p1_0.product_id=o1_0.product_id where o1_0.order_id=?
Hibernate: select o1_0.order_id,o1_0.product_id,p1_0.product_id,p1_0.description,p1_0.manufacturer_name,p1_0.name,p1_0.status,p1_0.unit,o1_0.note,o1_0.price,o1_0.quantity from order_detail o1_0 join product p1_0 on p1_0.product_id=o1_0.product_id where o1_0.order_id=?
Hibernate: select o1_0.order_id,o1_0.product_id,p1_0.product_id,p1_0.description,p1_0.manufacturer_name,p1_0.name,p1_0.status,p1_0.unit,o1_0.note,o1_0.price,o1_0.quantity from order_detail o1_0 join product p1_0 on p1_0.product_id=o1_0.product_id where o1_0.order_id=?
Hibernate: select p1_0.product_id,p1_0.price_date_time,p1_0.note,p1_0.price from product_price p1_0 where p1_0.product_id=?
Hibernate: select p1_0.product_id,p1_0.image_id,p1_0.alternative,p1_0.path from product_image p1_0 where p1_0.product_id=?
Hibernate: select o1_0.order_id,o1_0.product_id,p1_0.product_id,p1_0.description,p1_0.manufacturer_name,p1_0.name,p1_0.status,p1_0.unit,o1_0.note,o1_0.price,o1_0.quantity from order_detail o1_0 join product p1_0 on p1_0.product_id=o1_0.product_id where o1_0.order_id=?
Hibernate: insert into order_detail (note,price,quantity,order_id,product_id) values (?,?,?,?,?)
Hibernate: select e1_0.emp_id,e1_0.address,e1_0.dob,e1_0.email,e1_0.full_name,e1_0.phone,e1_0.status from employee e1_0 where e1_0.emp_id=?
Hibernate: select c1_0.cust_id,c1_0.address,c1_0.email,c1_0.cust_name,c1_0.phone from customer c1_0 where c1_0.cust_id=?
Hibernate: select o1_0.order_id,c1_0.cust_id,c1_0.address,c1_0.email,c1_0.cust_name,c1_0.phone,o1_0.employee_id,e1_0.emp_id,e1_0.address,e1_0.dob,e1_0.email,e1_0.full_name,e1_0.phone,e1_0.status,o1_0.order_date,o2_0.order_id,o2_0.product_id,p1_0.product_id,p1_0.description,p1_0.manufacturer_name,p1_0.name,p1_0.status,p1_0.unit,o2_0.note,o2_0.price,o2_0.quantity from orders o1_0 left join customer c1_0 on c1_0.cust_id=o1_0.cust_id join employee e1_0 on e1_0.emp_id=o1_0.employee_id left join order_detail o2_0 on o1_0.order_id=o2_0.order_id left join product p1_0 on p1_0.product_id=o2_0.product_id where o1_0.order_id=?
Hibernate: select c1_0.cust_id,c1_0.address,c1_0.email,c1_0.cust_name,c1_0.phone from customer c1_0 where c1_0.cust_id=?
Hibernate: select e1_0.emp_id,e1_0.address,e1_0.dob,e1_0.email,e1_0.full_name,e1_0.phone,e1_0.status from employee e1_0 where e1_0.emp_id=?
Hibernate: insert into orders (cust_id,employee_id,order_date,order_id) values (?,?,?,default)
Hibernate: select p1_0.product_id,p1_0.description,p1_0.manufacturer_name,p1_0.name,p1_0.status,p1_0.unit from product p1_0 where p1_0.product_id=?
Hibernate: select o1_0.order_id,o2_0.order_id,c1_0.cust_id,c1_0.address,c1_0.email,c1_0.cust_name,c1_0.phone,o2_0.employee_id,e1_0.emp_id,e1_0.address,e1_0.dob,e1_0.email,e1_0.full_name,e1_0.phone,e1_0.status,o2_0.order_date,o1_0.product_id,p1_0.product_id,p1_0.description,p1_0.manufacturer_name,p1_0.name,p1_0.status,p1_0.unit,p2_0.product_id,p2_0.image_id,p2_0.alternative,p2_0.path,o1_0.note,o1_0.price,o1_0.quantity from order_detail o1_0 join orders o2_0 on o2_0.order_id=o1_0.order_id left join customer c1_0 on c1_0.cust_id=o2_0.cust_id left join employee e1_0 on e1_0.emp_id=o2_0.employee_id join product p1_0 on p1_0.product_id=o1_0.product_id left join product_image p2_0 on p1_0.product_id=p2_0.product_id where (o1_0.order_id,o1_0.product_id) in ((?,?))
Hibernate: select o1_0.order_id,c1_0.cust_id,c1_0.address,c1_0.email,c1_0.cust_name,c1_0.phone,o1_0.employee_id,e1_0.emp_id,e1_0.address,e1_0.dob,e1_0.email,e1_0.full_name,e1_0.phone,e1_0.status,o1_0.order_date,o2_0.order_id,o2_0.product_id,p1_0.product_id,p1_0.description,p1_0.manufacturer_name,p1_0.name,p1_0.status,p1_0.unit,o2_0.note,o2_0.price,o2_0.quantity from orders o1_0 left join customer c1_0 on c1_0.cust_id=o1_0.cust_id join employee e1_0 on e1_0.emp_id=o1_0.employee_id left join order_detail o2_0 on o1_0.order_id=o2_0.order_id left join product p1_0 on p1_0.product_id=o2_0.product_id where o1_0.order_id=?
Hibernate: select l1_0.employee_id,l1_0.order_id,c1_0.cust_id,c1_0.address,c1_0.email,c1_0.cust_name,c1_0.phone,l1_0.order_date from orders l1_0 left join customer c1_0 on c1_0.cust_id=l1_0.cust_id where l1_0.employee_id=?
Hibernate: select p1_0.product_id,p1_0.description,p1_0.manufacturer_name,p1_0.name,p1_0.status,p1_0.unit,o1_0.product_id,o1_0.order_id,o2_0.order_id,c1_0.cust_id,c1_0.address,c1_0.email,c1_0.cust_name,c1_0.phone,o2_0.employee_id,e1_0.emp_id,e1_0.address,e1_0.dob,e1_0.email,e1_0.full_name,e1_0.phone,e1_0.status,o2_0.order_date,o1_0.note,o1_0.price,o1_0.quantity from product p1_0 left join order_detail o1_0 on p1_0.product_id=o1_0.product_id left join orders o2_0 on o2_0.order_id=o1_0.order_id left join customer c1_0 on c1_0.cust_id=o2_0.cust_id left join employee e1_0 on e1_0.emp_id=o2_0.employee_id where p1_0.product_id=?
Hibernate: select o1_0.order_id,o1_0.product_id,p1_0.product_id,p1_0.description,p1_0.manufacturer_name,p1_0.name,p1_0.status,p1_0.unit,o1_0.note,o1_0.price,o1_0.quantity from order_detail o1_0 join product p1_0 on p1_0.product_id=o1_0.product_id where o1_0.order_id=?
Hibernate: select l1_0.employee_id,l1_0.order_id,c1_0.cust_id,c1_0.address,c1_0.email,c1_0.cust_name,c1_0.phone,l1_0.order_date from orders l1_0 left join customer c1_0 on c1_0.cust_id=l1_0.cust_id where l1_0.employee_id=?
Hibernate: select o1_0.order_id,o1_0.product_id,p1_0.product_id,p1_0.description,p1_0.manufacturer_name,p1_0.name,p1_0.status,p1_0.unit,o1_0.note,o1_0.price,o1_0.quantity from order_detail o1_0 join product p1_0 on p1_0.product_id=o1_0.product_id where o1_0.order_id=?
Hibernate: select o1_0.order_id,o1_0.product_id,p1_0.product_id,p1_0.description,p1_0.manufacturer_name,p1_0.name,p1_0.status,p1_0.unit,o1_0.note,o1_0.price,o1_0.quantity from order_detail o1_0 join product p1_0 on p1_0.product_id=o1_0.product_id where o1_0.order_id=?
Hibernate: select o1_0.order_id,o1_0.product_id,p1_0.product_id,p1_0.description,p1_0.manufacturer_name,p1_0.name,p1_0.status,p1_0.unit,o1_0.note,o1_0.price,o1_0.quantity from order_detail o1_0 join product p1_0 on p1_0.product_id=o1_0.product_id where o1_0.order_id=?
Hibernate: select l1_0.employee_id,l1_0.order_id,c1_0.cust_id,c1_0.address,c1_0.email,c1_0.cust_name,c1_0.phone,l1_0.order_date from orders l1_0 left join customer c1_0 on c1_0.cust_id=l1_0.cust_id where l1_0.employee_id=?
Hibernate: select o1_0.order_id,o1_0.product_id,p1_0.product_id,p1_0.description,p1_0.manufacturer_name,p1_0.name,p1_0.status,p1_0.unit,o1_0.note,o1_0.price,o1_0.quantity from order_detail o1_0 join product p1_0 on p1_0.product_id=o1_0.product_id where o1_0.order_id=?
Hibernate: select o1_0.order_id,o1_0.product_id,p1_0.product_id,p1_0.description,p1_0.manufacturer_name,p1_0.name,p1_0.status,p1_0.unit,o1_0.note,o1_0.price,o1_0.quantity from order_detail o1_0 join product p1_0 on p1_0.product_id=o1_0.product_id where o1_0.order_id=?
Hibernate: select o1_0.order_id,o1_0.product_id,p1_0.product_id,p1_0.description,p1_0.manufacturer_name,p1_0.name,p1_0.status,p1_0.unit,o1_0.note,o1_0.price,o1_0.quantity from order_detail o1_0 join product p1_0 on p1_0.product_id=o1_0.product_id where o1_0.order_id=?
Hibernate: select o1_0.order_id,o1_0.product_id,p1_0.product_id,p1_0.description,p1_0.manufacturer_name,p1_0.name,p1_0.status,p1_0.unit,o1_0.note,o1_0.price,o1_0.quantity from order_detail o1_0 join product p1_0 on p1_0.product_id=o1_0.product_id where o1_0.order_id=?
Hibernate: select l1_0.employee_id,l1_0.order_id,c1_0.cust_id,c1_0.address,c1_0.email,c1_0.cust_name,c1_0.phone,l1_0.order_date from orders l1_0 left join customer c1_0 on c1_0.cust_id=l1_0.cust_id where l1_0.employee_id=?
Hibernate: select o1_0.order_id,o1_0.product_id,p1_0.product_id,p1_0.description,p1_0.manufacturer_name,p1_0.name,p1_0.status,p1_0.unit,o1_0.note,o1_0.price,o1_0.quantity from order_detail o1_0 join product p1_0 on p1_0.product_id=o1_0.product_id where o1_0.order_id=?
Hibernate: select l1_0.employee_id,l1_0.order_id,c1_0.cust_id,c1_0.address,c1_0.email,c1_0.cust_name,c1_0.phone,l1_0.order_date from orders l1_0 left join customer c1_0 on c1_0.cust_id=l1_0.cust_id where l1_0.employee_id=?
Hibernate: select p1_0.product_id,p1_0.price_date_time,p1_0.note,p1_0.price from product_price p1_0 where p1_0.product_id=?
Hibernate: select p1_0.product_id,p1_0.image_id,p1_0.alternative,p1_0.path from product_image p1_0 where p1_0.product_id=?
Hibernate: select o1_0.order_id,o1_0.product_id,p1_0.product_id,p1_0.description,p1_0.manufacturer_name,p1_0.name,p1_0.status,p1_0.unit,o1_0.note,o1_0.price,o1_0.quantity from order_detail o1_0 join product p1_0 on p1_0.product_id=o1_0.product_id where o1_0.order_id=?
Hibernate: select l1_0.employee_id,l1_0.order_id,c1_0.cust_id,c1_0.address,c1_0.email,c1_0.cust_name,c1_0.phone,l1_0.order_date from orders l1_0 left join customer c1_0 on c1_0.cust_id=l1_0.cust_id where l1_0.employee_id=?
Hibernate: insert into order_detail (note,price,quantity,order_id,product_id) values (?,?,?,?,?)
Hibernate: select p1_0.product_id,p1_0.description,p1_0.manufacturer_name,p1_0.name,p1_0.status,p1_0.unit from product p1_0 where p1_0.product_id=?
Hibernate: select o1_0.order_id,o2_0.order_id,c1_0.cust_id,c1_0.address,c1_0.email,c1_0.cust_name,c1_0.phone,o2_0.employee_id,e1_0.emp_id,e1_0.address,e1_0.dob,e1_0.email,e1_0.full_name,e1_0.phone,e1_0.status,o2_0.order_date,o1_0.product_id,p1_0.product_id,p1_0.description,p1_0.manufacturer_name,p1_0.name,p1_0.status,p1_0.unit,p2_0.product_id,p2_0.image_id,p2_0.alternative,p2_0.path,o1_0.note,o1_0.price,o1_0.quantity from order_detail o1_0 join orders o2_0 on o2_0.order_id=o1_0.order_id left join customer c1_0 on c1_0.cust_id=o2_0.cust_id left join employee e1_0 on e1_0.emp_id=o2_0.employee_id join product p1_0 on p1_0.product_id=o1_0.product_id left join product_image p2_0 on p1_0.product_id=p2_0.product_id where (o1_0.order_id,o1_0.product_id) in ((?,?))
Hibernate: select o1_0.order_id,c1_0.cust_id,c1_0.address,c1_0.email,c1_0.cust_name,c1_0.phone,o1_0.employee_id,e1_0.emp_id,e1_0.address,e1_0.dob,e1_0.email,e1_0.full_name,e1_0.phone,e1_0.status,o1_0.order_date,o2_0.order_id,o2_0.product_id,p1_0.product_id,p1_0.description,p1_0.manufacturer_name,p1_0.name,p1_0.status,p1_0.unit,o2_0.note,o2_0.price,o2_0.quantity from orders o1_0 left join customer c1_0 on c1_0.cust_id=o1_0.cust_id join employee e1_0 on e1_0.emp_id=o1_0.employee_id left join order_detail o2_0 on o1_0.order_id=o2_0.order_id left join product p1_0 on p1_0.product_id=o2_0.product_id where o1_0.order_id=?
Hibernate: select p1_0.product_id,p1_0.price_date_time,p1_0.note,p1_0.price from product_price p1_0 where p1_0.product_id=?
Hibernate: select p1_0.product_id,p1_0.image_id,p1_0.alternative,p1_0.path from product_image p1_0 where p1_0.product_id=?
Hibernate: select o1_0.product_id,o1_0.order_id,o2_0.order_id,c1_0.cust_id,c1_0.address,c1_0.email,c1_0.cust_name,c1_0.phone,o2_0.employee_id,e1_0.emp_id,e1_0.address,e1_0.dob,e1_0.email,e1_0.full_name,e1_0.phone,e1_0.status,o2_0.order_date,o1_0.note,o1_0.price,o1_0.quantity from order_detail o1_0 join orders o2_0 on o2_0.order_id=o1_0.order_id left join customer c1_0 on c1_0.cust_id=o2_0.cust_id left join employee e1_0 on e1_0.emp_id=o2_0.employee_id where o1_0.product_id=?
Hibernate: select l1_0.employee_id,l1_0.order_id,c1_0.cust_id,c1_0.address,c1_0.email,c1_0.cust_name,c1_0.phone,l1_0.order_date from orders l1_0 left join customer c1_0 on c1_0.cust_id=l1_0.cust_id where l1_0.employee_id=?
Hibernate: select p1_0.product_id,p1_0.description,p1_0.manufacturer_name,p1_0.name,p1_0.status,p1_0.unit,o1_0.product_id,o1_0.order_id,o2_0.order_id,c1_0.cust_id,c1_0.address,c1_0.email,c1_0.cust_name,c1_0.phone,o2_0.employee_id,e1_0.emp_id,e1_0.address,e1_0.dob,e1_0.email,e1_0.full_name,e1_0.phone,e1_0.status,o2_0.order_date,o1_0.note,o1_0.price,o1_0.quantity from product p1_0 left join order_detail o1_0 on p1_0.product_id=o1_0.product_id left join orders o2_0 on o2_0.order_id=o1_0.order_id left join customer c1_0 on c1_0.cust_id=o2_0.cust_id left join employee e1_0 on e1_0.emp_id=o2_0.employee_id where p1_0.product_id=?
Hibernate: select o1_0.order_id,o1_0.product_id,p1_0.product_id,p1_0.description,p1_0.manufacturer_name,p1_0.name,p1_0.status,p1_0.unit,o1_0.note,o1_0.price,o1_0.quantity from order_detail o1_0 join product p1_0 on p1_0.product_id=o1_0.product_id where o1_0.order_id=?
Hibernate: select p1_0.product_id,p1_0.price_date_time,p1_0.note,p1_0.price from product_price p1_0 where p1_0.product_id=?
Hibernate: select p1_0.product_id,p1_0.image_id,p1_0.alternative,p1_0.path from product_image p1_0 where p1_0.product_id=?
Hibernate: select o1_0.order_id,o1_0.product_id,p1_0.product_id,p1_0.description,p1_0.manufacturer_name,p1_0.name,p1_0.status,p1_0.unit,o1_0.note,o1_0.price,o1_0.quantity from order_detail o1_0 join product p1_0 on p1_0.product_id=o1_0.product_id where o1_0.order_id=?
Hibernate: insert into order_detail (note,price,quantity,order_id,product_id) values (?,?,?,?,?)
Hibernate: select p1_0.product_id,p1_0.description,p1_0.manufacturer_name,p1_0.name,p1_0.status,p1_0.unit from product p1_0 where p1_0.product_id=?
Hibernate: select o1_0.order_id,o2_0.order_id,c1_0.cust_id,c1_0.address,c1_0.email,c1_0.cust_name,c1_0.phone,o2_0.employee_id,e1_0.emp_id,e1_0.address,e1_0.dob,e1_0.email,e1_0.full_name,e1_0.phone,e1_0.status,o2_0.order_date,o1_0.product_id,p1_0.product_id,p1_0.description,p1_0.manufacturer_name,p1_0.name,p1_0.status,p1_0.unit,p2_0.product_id,p2_0.image_id,p2_0.alternative,p2_0.path,o1_0.note,o1_0.price,o1_0.quantity from order_detail o1_0 join orders o2_0 on o2_0.order_id=o1_0.order_id left join customer c1_0 on c1_0.cust_id=o2_0.cust_id left join employee e1_0 on e1_0.emp_id=o2_0.employee_id join product p1_0 on p1_0.product_id=o1_0.product_id left join product_image p2_0 on p1_0.product_id=p2_0.product_id where (o1_0.order_id,o1_0.product_id) in ((?,?))
Hibernate: select o1_0.order_id,c1_0.cust_id,c1_0.address,c1_0.email,c1_0.cust_name,c1_0.phone,o1_0.employee_id,e1_0.emp_id,e1_0.address,e1_0.dob,e1_0.email,e1_0.full_name,e1_0.phone,e1_0.status,o1_0.order_date,o2_0.order_id,o2_0.product_id,p1_0.product_id,p1_0.description,p1_0.manufacturer_name,p1_0.name,p1_0.status,p1_0.unit,o2_0.note,o2_0.price,o2_0.quantity from orders o1_0 left join customer c1_0 on c1_0.cust_id=o1_0.cust_id join employee e1_0 on e1_0.emp_id=o1_0.employee_id left join order_detail o2_0 on o1_0.order_id=o2_0.order_id left join product p1_0 on p1_0.product_id=o2_0.product_id where o1_0.order_id=?
Hibernate: select p1_0.product_id,p1_0.price_date_time,p1_0.note,p1_0.price from product_price p1_0 where p1_0.product_id=?
Hibernate: select p1_0.product_id,p1_0.image_id,p1_0.alternative,p1_0.path from product_image p1_0 where p1_0.product_id=?
Hibernate: select o1_0.product_id,o1_0.order_id,o2_0.order_id,c1_0.cust_id,c1_0.address,c1_0.email,c1_0.cust_name,c1_0.phone,o2_0.employee_id,e1_0.emp_id,e1_0.address,e1_0.dob,e1_0.email,e1_0.full_name,e1_0.phone,e1_0.status,o2_0.order_date,o1_0.note,o1_0.price,o1_0.quantity from order_detail o1_0 join orders o2_0 on o2_0.order_id=o1_0.order_id left join customer c1_0 on c1_0.cust_id=o2_0.cust_id left join employee e1_0 on e1_0.emp_id=o2_0.employee_id where o1_0.product_id=?
Hibernate: select p1_0.product_id,p1_0.price_date_time,p1_0.note,p1_0.price from product_price p1_0 where p1_0.product_id=?
Hibernate: select p1_0.product_id,p1_0.image_id,p1_0.alternative,p1_0.path from product_image p1_0 where p1_0.product_id=?
Hibernate: select o1_0.product_id,o1_0.order_id,o2_0.order_id,c1_0.cust_id,c1_0.address,c1_0.email,c1_0.cust_name,c1_0.phone,o2_0.employee_id,e1_0.emp_id,e1_0.address,e1_0.dob,e1_0.email,e1_0.full_name,e1_0.phone,e1_0.status,o2_0.order_date,o1_0.note,o1_0.price,o1_0.quantity from order_detail o1_0 join orders o2_0 on o2_0.order_id=o1_0.order_id left join customer c1_0 on c1_0.cust_id=o2_0.cust_id left join employee e1_0 on e1_0.emp_id=o2_0.employee_id where o1_0.product_id=?
Hibernate: select l1_0.employee_id,l1_0.order_id,c1_0.cust_id,c1_0.address,c1_0.email,c1_0.cust_name,c1_0.phone,l1_0.order_date from orders l1_0 left join customer c1_0 on c1_0.cust_id=l1_0.cust_id where l1_0.employee_id=?
Hibernate: select p1_0.product_id,p1_0.description,p1_0.manufacturer_name,p1_0.name,p1_0.status,p1_0.unit,o1_0.product_id,o1_0.order_id,o2_0.order_id,c1_0.cust_id,c1_0.address,c1_0.email,c1_0.cust_name,c1_0.phone,o2_0.employee_id,e1_0.emp_id,e1_0.address,e1_0.dob,e1_0.email,e1_0.full_name,e1_0.phone,e1_0.status,o2_0.order_date,o1_0.note,o1_0.price,o1_0.quantity from product p1_0 left join order_detail o1_0 on p1_0.product_id=o1_0.product_id left join orders o2_0 on o2_0.order_id=o1_0.order_id left join customer c1_0 on c1_0.cust_id=o2_0.cust_id left join employee e1_0 on e1_0.emp_id=o2_0.employee_id where p1_0.product_id=?
Hibernate: select o1_0.order_id,o1_0.product_id,p1_0.product_id,p1_0.description,p1_0.manufacturer_name,p1_0.name,p1_0.status,p1_0.unit,o1_0.note,o1_0.price,o1_0.quantity from order_detail o1_0 join product p1_0 on p1_0.product_id=o1_0.product_id where o1_0.order_id=?
Hibernate: select o1_0.order_id,o1_0.product_id,p1_0.product_id,p1_0.description,p1_0.manufacturer_name,p1_0.name,p1_0.status,p1_0.unit,o1_0.note,o1_0.price,o1_0.quantity from order_detail o1_0 join product p1_0 on p1_0.product_id=o1_0.product_id where o1_0.order_id=?
Hibernate: select o1_0.order_id,o1_0.product_id,p1_0.product_id,p1_0.description,p1_0.manufacturer_name,p1_0.name,p1_0.status,p1_0.unit,o1_0.note,o1_0.price,o1_0.quantity from order_detail o1_0 join product p1_0 on p1_0.product_id=o1_0.product_id where o1_0.order_id=?
Hibernate: select o1_0.order_id,o1_0.product_id,p1_0.product_id,p1_0.description,p1_0.manufacturer_name,p1_0.name,p1_0.status,p1_0.unit,o1_0.note,o1_0.price,o1_0.quantity from order_detail o1_0 join product p1_0 on p1_0.product_id=o1_0.product_id where o1_0.order_id=?
Hibernate: select l1_0.employee_id,l1_0.order_id,c1_0.cust_id,c1_0.address,c1_0.email,c1_0.cust_name,c1_0.phone,l1_0.order_date from orders l1_0 left join customer c1_0 on c1_0.cust_id=l1_0.cust_id where l1_0.employee_id=?
Hibernate: select o1_0.order_id,o1_0.product_id,p1_0.product_id,p1_0.description,p1_0.manufacturer_name,p1_0.name,p1_0.status,p1_0.unit,o1_0.note,o1_0.price,o1_0.quantity from order_detail o1_0 join product p1_0 on p1_0.product_id=o1_0.product_id where o1_0.order_id=?
Hibernate: select o1_0.order_id,o1_0.product_id,p1_0.product_id,p1_0.description,p1_0.manufacturer_name,p1_0.name,p1_0.status,p1_0.unit,o1_0.note,o1_0.price,o1_0.quantity from order_detail o1_0 join product p1_0 on p1_0.product_id=o1_0.product_id where o1_0.order_id=?
Hibernate: select o1_0.order_id,o1_0.product_id,p1_0.product_id,p1_0.description,p1_0.manufacturer_name,p1_0.name,p1_0.status,p1_0.unit,o1_0.note,o1_0.price,o1_0.quantity from order_detail o1_0 join product p1_0 on p1_0.product_id=o1_0.product_id where o1_0.order_id=?
Hibernate: select o1_0.order_id,o1_0.product_id,p1_0.product_id,p1_0.description,p1_0.manufacturer_name,p1_0.name,p1_0.status,p1_0.unit,o1_0.note,o1_0.price,o1_0.quantity from order_detail o1_0 join product p1_0 on p1_0.product_id=o1_0.product_id where o1_0.order_id=?
Hibernate: select l1_0.employee_id,l1_0.order_id,c1_0.cust_id,c1_0.address,c1_0.email,c1_0.cust_name,c1_0.phone,l1_0.order_date from orders l1_0 left join customer c1_0 on c1_0.cust_id=l1_0.cust_id where l1_0.employee_id=?
Hibernate: select o1_0.order_id,o1_0.product_id,p1_0.product_id,p1_0.description,p1_0.manufacturer_name,p1_0.name,p1_0.status,p1_0.unit,o1_0.note,o1_0.price,o1_0.quantity from order_detail o1_0 join product p1_0 on p1_0.product_id=o1_0.product_id where o1_0.order_id=?
Hibernate: select o1_0.order_id,o1_0.product_id,p1_0.product_id,p1_0.description,p1_0.manufacturer_name,p1_0.name,p1_0.status,p1_0.unit,o1_0.note,o1_0.price,o1_0.quantity from order_detail o1_0 join product p1_0 on p1_0.product_id=o1_0.product_id where o1_0.order_id=?
Hibernate: select l1_0.employee_id,l1_0.order_id,c1_0.cust_id,c1_0.address,c1_0.email,c1_0.cust_name,c1_0.phone,l1_0.order_date from orders l1_0 left join customer c1_0 on c1_0.cust_id=l1_0.cust_id where l1_0.employee_id=?
Hibernate: select p1_0.product_id,p1_0.price_date_time,p1_0.note,p1_0.price from product_price p1_0 where p1_0.product_id=?
Hibernate: select p1_0.product_id,p1_0.image_id,p1_0.alternative,p1_0.path from product_image p1_0 where p1_0.product_id=?
Hibernate: select o1_0.order_id,o1_0.product_id,p1_0.product_id,p1_0.description,p1_0.manufacturer_name,p1_0.name,p1_0.status,p1_0.unit,o1_0.note,o1_0.price,o1_0.quantity from order_detail o1_0 join product p1_0 on p1_0.product_id=o1_0.product_id where o1_0.order_id=?
Hibernate: insert into order_detail (note,price,quantity,order_id,product_id) values (?,?,?,?,?)
Hibernate: select e1_0.emp_id,e1_0.address,e1_0.dob,e1_0.email,e1_0.full_name,e1_0.phone,e1_0.status from employee e1_0 where e1_0.emp_id=?
Hibernate: select c1_0.cust_id,c1_0.address,c1_0.email,c1_0.cust_name,c1_0.phone from customer c1_0 where c1_0.cust_id=?
Hibernate: select o1_0.order_id,c1_0.cust_id,c1_0.address,c1_0.email,c1_0.cust_name,c1_0.phone,o1_0.employee_id,e1_0.emp_id,e1_0.address,e1_0.dob,e1_0.email,e1_0.full_name,e1_0.phone,e1_0.status,o1_0.order_date,o2_0.order_id,o2_0.product_id,p1_0.product_id,p1_0.description,p1_0.manufacturer_name,p1_0.name,p1_0.status,p1_0.unit,o2_0.note,o2_0.price,o2_0.quantity from orders o1_0 left join customer c1_0 on c1_0.cust_id=o1_0.cust_id join employee e1_0 on e1_0.emp_id=o1_0.employee_id left join order_detail o2_0 on o1_0.order_id=o2_0.order_id left join product p1_0 on p1_0.product_id=o2_0.product_id where o1_0.order_id=?
Hibernate: select c1_0.cust_id,c1_0.address,c1_0.email,c1_0.cust_name,c1_0.phone from customer c1_0 where c1_0.cust_id=?
Hibernate: select e1_0.emp_id,e1_0.address,e1_0.dob,e1_0.email,e1_0.full_name,e1_0.phone,e1_0.status from employee e1_0 where e1_0.emp_id=?
Hibernate: insert into orders (cust_id,employee_id,order_date,order_id) values (?,?,?,default)
Hibernate: select p1_0.product_id,p1_0.description,p1_0.manufacturer_name,p1_0.name,p1_0.status,p1_0.unit from product p1_0 where p1_0.product_id=?
Hibernate: select o1_0.order_id,o2_0.order_id,c1_0.cust_id,c1_0.address,c1_0.email,c1_0.cust_name,c1_0.phone,o2_0.employee_id,e1_0.emp_id,e1_0.address,e1_0.dob,e1_0.email,e1_0.full_name,e1_0.phone,e1_0.status,o2_0.order_date,o1_0.product_id,p1_0.product_id,p1_0.description,p1_0.manufacturer_name,p1_0.name,p1_0.status,p1_0.unit,p2_0.product_id,p2_0.image_id,p2_0.alternative,p2_0.path,o1_0.note,o1_0.price,o1_0.quantity from order_detail o1_0 join orders o2_0 on o2_0.order_id=o1_0.order_id left join customer c1_0 on c1_0.cust_id=o2_0.cust_id left join employee e1_0 on e1_0.emp_id=o2_0.employee_id join product p1_0 on p1_0.product_id=o1_0.product_id left join product_image p2_0 on p1_0.product_id=p2_0.product_id where (o1_0.order_id,o1_0.product_id) in ((?,?))
Hibernate: select o1_0.order_id,c1_0.cust_id,c1_0.address,c1_0.email,c1_0.cust_name,c1_0.phone,o1_0.employee_id,e1_0.emp_id,e1_0.address,e1_0.dob,e1_0.email,e1_0.full_name,e1_0.phone,e1_0.status,o1_0.order_date,o2_0.order_id,o2_0.product_id,p1_0.product_id,p1_0.description,p1_0.manufacturer_name,p1_0.name,p1_0.status,p1_0.unit,o2_0.note,o2_0.price,o2_0.quantity from orders o1_0 left join customer c1_0 on c1_0.cust_id=o1_0.cust_id join employee e1_0 on e1_0.emp_id=o1_0.employee_id left join order_detail o2_0 on o1_0.order_id=o2_0.order_id left join product p1_0 on p1_0.product_id=o2_0.product_id where o1_0.order_id=?
Hibernate: select l1_0.employee_id,l1_0.order_id,c1_0.cust_id,c1_0.address,c1_0.email,c1_0.cust_name,c1_0.phone,l1_0.order_date from orders l1_0 left join customer c1_0 on c1_0.cust_id=l1_0.cust_id where l1_0.employee_id=?
Hibernate: select p1_0.product_id,p1_0.description,p1_0.manufacturer_name,p1_0.name,p1_0.status,p1_0.unit,o1_0.product_id,o1_0.order_id,o2_0.order_id,c1_0.cust_id,c1_0.address,c1_0.email,c1_0.cust_name,c1_0.phone,o2_0.employee_id,e1_0.emp_id,e1_0.address,e1_0.dob,e1_0.email,e1_0.full_name,e1_0.phone,e1_0.status,o2_0.order_date,o1_0.note,o1_0.price,o1_0.quantity from product p1_0 left join order_detail o1_0 on p1_0.product_id=o1_0.product_id left join orders o2_0 on o2_0.order_id=o1_0.order_id left join customer c1_0 on c1_0.cust_id=o2_0.cust_id left join employee e1_0 on e1_0.emp_id=o2_0.employee_id where p1_0.product_id=?
Hibernate: select o1_0.order_id,o1_0.product_id,p1_0.product_id,p1_0.description,p1_0.manufacturer_name,p1_0.name,p1_0.status,p1_0.unit,o1_0.note,o1_0.price,o1_0.quantity from order_detail o1_0 join product p1_0 on p1_0.product_id=o1_0.product_id where o1_0.order_id=?
Hibernate: select l1_0.employee_id,l1_0.order_id,c1_0.cust_id,c1_0.address,c1_0.email,c1_0.cust_name,c1_0.phone,l1_0.order_date from orders l1_0 left join customer c1_0 on c1_0.cust_id=l1_0.cust_id where l1_0.employee_id=?
Hibernate: select o1_0.order_id,o1_0.product_id,p1_0.product_id,p1_0.description,p1_0.manufacturer_name,p1_0.name,p1_0.status,p1_0.unit,o1_0.note,o1_0.price,o1_0.quantity from order_detail o1_0 join product p1_0 on p1_0.product_id=o1_0.product_id where o1_0.order_id=?
Hibernate: select p1_0.product_id,p1_0.price_date_time,p1_0.note,p1_0.price from product_price p1_0 where p1_0.product_id=?
Hibernate: select p1_0.product_id,p1_0.image_id,p1_0.alternative,p1_0.path from product_image p1_0 where p1_0.product_id=?
Hibernate: select o1_0.order_id,o1_0.product_id,p1_0.product_id,p1_0.description,p1_0.manufacturer_name,p1_0.name,p1_0.status,p1_0.unit,o1_0.note,o1_0.price,o1_0.quantity from order_detail o1_0 join product p1_0 on p1_0.product_id=o1_0.product_id where o1_0.order_id=?
Hibernate: select l1_0.employee_id,l1_0.order_id,c1_0.cust_id,c1_0.address,c1_0.email,c1_0.cust_name,c1_0.phone,l1_0.order_date from orders l1_0 left join customer c1_0 on c1_0.cust_id=l1_0.cust_id where l1_0.employee_id=?
Hibernate: insert into order_detail (note,price,quantity,order_id,product_id) values (?,?,?,?,?)
Hibernate: select p1_0.product_id,p1_0.description,p1_0.manufacturer_name,p1_0.name,p1_0.status,p1_0.unit from product p1_0 where p1_0.product_id=?
Hibernate: select o1_0.order_id,o2_0.order_id,c1_0.cust_id,c1_0.address,c1_0.email,c1_0.cust_name,c1_0.phone,o2_0.employee_id,e1_0.emp_id,e1_0.address,e1_0.dob,e1_0.email,e1_0.full_name,e1_0.phone,e1_0.status,o2_0.order_date,o1_0.product_id,p1_0.product_id,p1_0.description,p1_0.manufacturer_name,p1_0.name,p1_0.status,p1_0.unit,p2_0.product_id,p2_0.image_id,p2_0.alternative,p2_0.path,o1_0.note,o1_0.price,o1_0.quantity from order_detail o1_0 join orders o2_0 on o2_0.order_id=o1_0.order_id left join customer c1_0 on c1_0.cust_id=o2_0.cust_id left join employee e1_0 on e1_0.emp_id=o2_0.employee_id join product p1_0 on p1_0.product_id=o1_0.product_id left join product_image p2_0 on p1_0.product_id=p2_0.product_id where (o1_0.order_id,o1_0.product_id) in ((?,?))
Hibernate: select o1_0.order_id,c1_0.cust_id,c1_0.address,c1_0.email,c1_0.cust_name,c1_0.phone,o1_0.employee_id,e1_0.emp_id,e1_0.address,e1_0.dob,e1_0.email,e1_0.full_name,e1_0.phone,e1_0.status,o1_0.order_date,o2_0.order_id,o2_0.product_id,p1_0.product_id,p1_0.description,p1_0.manufacturer_name,p1_0.name,p1_0.status,p1_0.unit,o2_0.note,o2_0.price,o2_0.quantity from orders o1_0 left join customer c1_0 on c1_0.cust_id=o1_0.cust_id join employee e1_0 on e1_0.emp_id=o1_0.employee_id left join order_detail o2_0 on o1_0.order_id=o2_0.order_id left join product p1_0 on p1_0.product_id=o2_0.product_id where o1_0.order_id=?
Hibernate: select p1_0.product_id,p1_0.price_date_time,p1_0.note,p1_0.price from product_price p1_0 where p1_0.product_id=?
Hibernate: select p1_0.product_id,p1_0.image_id,p1_0.alternative,p1_0.path from product_image p1_0 where p1_0.product_id=?
Hibernate: select o1_0.product_id,o1_0.order_id,o2_0.order_id,c1_0.cust_id,c1_0.address,c1_0.email,c1_0.cust_name,c1_0.phone,o2_0.employee_id,e1_0.emp_id,e1_0.address,e1_0.dob,e1_0.email,e1_0.full_name,e1_0.phone,e1_0.status,o2_0.order_date,o1_0.note,o1_0.price,o1_0.quantity from order_detail o1_0 join orders o2_0 on o2_0.order_id=o1_0.order_id left join customer c1_0 on c1_0.cust_id=o2_0.cust_id left join employee e1_0 on e1_0.emp_id=o2_0.employee_id where o1_0.product_id=?
Hibernate: select l1_0.employee_id,l1_0.order_id,c1_0.cust_id,c1_0.address,c1_0.email,c1_0.cust_name,c1_0.phone,l1_0.order_date from orders l1_0 left join customer c1_0 on c1_0.cust_id=l1_0.cust_id where l1_0.employee_id=?
Hibernate: select p1_0.product_id,p1_0.description,p1_0.manufacturer_name,p1_0.name,p1_0.status,p1_0.unit,o1_0.product_id,o1_0.order_id,o2_0.order_id,c1_0.cust_id,c1_0.address,c1_0.email,c1_0.cust_name,c1_0.phone,o2_0.employee_id,e1_0.emp_id,e1_0.address,e1_0.dob,e1_0.email,e1_0.full_name,e1_0.phone,e1_0.status,o2_0.order_date,o1_0.note,o1_0.price,o1_0.quantity from product p1_0 left join order_detail o1_0 on p1_0.product_id=o1_0.product_id left join orders o2_0 on o2_0.order_id=o1_0.order_id left join customer c1_0 on c1_0.cust_id=o2_0.cust_id left join employee e1_0 on e1_0.emp_id=o2_0.employee_id where p1_0.product_id=?
Hibernate: select o1_0.order_id,o1_0.product_id,p1_0.product_id,p1_0.description,p1_0.manufacturer_name,p1_0.name,p1_0.status,p1_0.unit,o1_0.note,o1_0.price,o1_0.quantity from order_detail o1_0 join product p1_0 on p1_0.product_id=o1_0.product_id where o1_0.order_id=?
Hibernate: select o1_0.order_id,o1_0.product_id,p1_0.product_id,p1_0.description,p1_0.manufacturer_name,p1_0.name,p1_0.status,p1_0.unit,o1_0.note,o1_0.price,o1_0.quantity from order_detail o1_0 join product p1_0 on p1_0.product_id=o1_0.product_id where o1_0.order_id=?
Hibernate: select o1_0.order_id,o1_0.product_id,p1_0.product_id,p1_0.description,p1_0.manufacturer_name,p1_0.name,p1_0.status,p1_0.unit,o1_0.note,o1_0.price,o1_0.quantity from order_detail o1_0 join product p1_0 on p1_0.product_id=o1_0.product_id where o1_0.order_id=?
Hibernate: select o1_0.order_id,o1_0.product_id,p1_0.product_id,p1_0.description,p1_0.manufacturer_name,p1_0.name,p1_0.status,p1_0.unit,o1_0.note,o1_0.price,o1_0.quantity from order_detail o1_0 join product p1_0 on p1_0.product_id=o1_0.product_id where o1_0.order_id=?
Hibernate: select o1_0.order_id,o1_0.product_id,p1_0.product_id,p1_0.description,p1_0.manufacturer_name,p1_0.name,p1_0.status,p1_0.unit,o1_0.note,o1_0.price,o1_0.quantity from order_detail o1_0 join product p1_0 on p1_0.product_id=o1_0.product_id where o1_0.order_id=?
Hibernate: select o1_0.order_id,o1_0.product_id,p1_0.product_id,p1_0.description,p1_0.manufacturer_name,p1_0.name,p1_0.status,p1_0.unit,o1_0.note,o1_0.price,o1_0.quantity from order_detail o1_0 join product p1_0 on p1_0.product_id=o1_0.product_id where o1_0.order_id=?
Hibernate: select l1_0.employee_id,l1_0.order_id,c1_0.cust_id,c1_0.address,c1_0.email,c1_0.cust_name,c1_0.phone,l1_0.order_date from orders l1_0 left join customer c1_0 on c1_0.cust_id=l1_0.cust_id where l1_0.employee_id=?
Hibernate: select o1_0.order_id,o1_0.product_id,p1_0.product_id,p1_0.description,p1_0.manufacturer_name,p1_0.name,p1_0.status,p1_0.unit,o1_0.note,o1_0.price,o1_0.quantity from order_detail o1_0 join product p1_0 on p1_0.product_id=o1_0.product_id where o1_0.order_id=?
Hibernate: select o1_0.order_id,o1_0.product_id,p1_0.product_id,p1_0.description,p1_0.manufacturer_name,p1_0.name,p1_0.status,p1_0.unit,o1_0.note,o1_0.price,o1_0.quantity from order_detail o1_0 join product p1_0 on p1_0.product_id=o1_0.product_id where o1_0.order_id=?
Hibernate: select o1_0.order_id,o1_0.product_id,p1_0.product_id,p1_0.description,p1_0.manufacturer_name,p1_0.name,p1_0.status,p1_0.unit,o1_0.note,o1_0.price,o1_0.quantity from order_detail o1_0 join product p1_0 on p1_0.product_id=o1_0.product_id where o1_0.order_id=?
Hibernate: select l1_0.employee_id,l1_0.order_id,c1_0.cust_id,c1_0.address,c1_0.email,c1_0.cust_name,c1_0.phone,l1_0.order_date from orders l1_0 left join customer c1_0 on c1_0.cust_id=l1_0.cust_id where l1_0.employee_id=?
Hibernate: select p1_0.product_id,p1_0.price_date_time,p1_0.note,p1_0.price from product_price p1_0 where p1_0.product_id=?
Hibernate: select p1_0.product_id,p1_0.image_id,p1_0.alternative,p1_0.path from product_image p1_0 where p1_0.product_id=?
Hibernate: select o1_0.order_id,o1_0.product_id,p1_0.product_id,p1_0.description,p1_0.manufacturer_name,p1_0.name,p1_0.status,p1_0.unit,o1_0.note,o1_0.price,o1_0.quantity from order_detail o1_0 join product p1_0 on p1_0.product_id=o1_0.product_id where o1_0.order_id=?
Hibernate: select l1_0.employee_id,l1_0.order_id,c1_0.cust_id,c1_0.address,c1_0.email,c1_0.cust_name,c1_0.phone,l1_0.order_date from orders l1_0 left join customer c1_0 on c1_0.cust_id=l1_0.cust_id where l1_0.employee_id=?
Hibernate: insert into order_detail (note,price,quantity,order_id,product_id) values (?,?,?,?,?)
Hibernate: select p1_0.product_id,p1_0.description,p1_0.manufacturer_name,p1_0.name,p1_0.status,p1_0.unit from product p1_0 where p1_0.product_id=?
Hibernate: select o1_0.order_id,o2_0.order_id,c1_0.cust_id,c1_0.address,c1_0.email,c1_0.cust_name,c1_0.phone,o2_0.employee_id,e1_0.emp_id,e1_0.address,e1_0.dob,e1_0.email,e1_0.full_name,e1_0.phone,e1_0.status,o2_0.order_date,o1_0.product_id,p1_0.product_id,p1_0.description,p1_0.manufacturer_name,p1_0.name,p1_0.status,p1_0.unit,p2_0.product_id,p2_0.image_id,p2_0.alternative,p2_0.path,o1_0.note,o1_0.price,o1_0.quantity from order_detail o1_0 join orders o2_0 on o2_0.order_id=o1_0.order_id left join customer c1_0 on c1_0.cust_id=o2_0.cust_id left join employee e1_0 on e1_0.emp_id=o2_0.employee_id join product p1_0 on p1_0.product_id=o1_0.product_id left join product_image p2_0 on p1_0.product_id=p2_0.product_id where (o1_0.order_id,o1_0.product_id) in ((?,?))
Hibernate: select o1_0.order_id,c1_0.cust_id,c1_0.address,c1_0.email,c1_0.cust_name,c1_0.phone,o1_0.employee_id,e1_0.emp_id,e1_0.address,e1_0.dob,e1_0.email,e1_0.full_name,e1_0.phone,e1_0.status,o1_0.order_date,o2_0.order_id,o2_0.product_id,p1_0.product_id,p1_0.description,p1_0.manufacturer_name,p1_0.name,p1_0.status,p1_0.unit,o2_0.note,o2_0.price,o2_0.quantity from orders o1_0 left join customer c1_0 on c1_0.cust_id=o1_0.cust_id join employee e1_0 on e1_0.emp_id=o1_0.employee_id left join order_detail o2_0 on o1_0.order_id=o2_0.order_id left join product p1_0 on p1_0.product_id=o2_0.product_id where o1_0.order_id=?
Hibernate: select p1_0.product_id,p1_0.price_date_time,p1_0.note,p1_0.price from product_price p1_0 where p1_0.product_id=?
Hibernate: select p1_0.product_id,p1_0.image_id,p1_0.alternative,p1_0.path from product_image p1_0 where p1_0.product_id=?
Hibernate: select o1_0.product_id,o1_0.order_id,o2_0.order_id,c1_0.cust_id,c1_0.address,c1_0.email,c1_0.cust_name,c1_0.phone,o2_0.employee_id,e1_0.emp_id,e1_0.address,e1_0.dob,e1_0.email,e1_0.full_name,e1_0.phone,e1_0.status,o2_0.order_date,o1_0.note,o1_0.price,o1_0.quantity from order_detail o1_0 join orders o2_0 on o2_0.order_id=o1_0.order_id left join customer c1_0 on c1_0.cust_id=o2_0.cust_id left join employee e1_0 on e1_0.emp_id=o2_0.employee_id where o1_0.product_id=?
Hibernate: select p1_0.product_id,p1_0.price_date_time,p1_0.note,p1_0.price from product_price p1_0 where p1_0.product_id=?
Hibernate: select p1_0.product_id,p1_0.image_id,p1_0.alternative,p1_0.path from product_image p1_0 where p1_0.product_id=?
Hibernate: select o1_0.product_id,o1_0.order_id,o2_0.order_id,c1_0.cust_id,c1_0.address,c1_0.email,c1_0.cust_name,c1_0.phone,o2_0.employee_id,e1_0.emp_id,e1_0.address,e1_0.dob,e1_0.email,e1_0.full_name,e1_0.phone,e1_0.status,o2_0.order_date,o1_0.note,o1_0.price,o1_0.quantity from order_detail o1_0 join orders o2_0 on o2_0.order_id=o1_0.order_id left join customer c1_0 on c1_0.cust_id=o2_0.cust_id left join employee e1_0 on e1_0.emp_id=o2_0.employee_id where o1_0.product_id=?
Hibernate: select l1_0.employee_id,l1_0.order_id,c1_0.cust_id,c1_0.address,c1_0.email,c1_0.cust_name,c1_0.phone,l1_0.order_date from orders l1_0 left join customer c1_0 on c1_0.cust_id=l1_0.cust_id where l1_0.employee_id=?
Hibernate: select p1_0.product_id,p1_0.description,p1_0.manufacturer_name,p1_0.name,p1_0.status,p1_0.unit,o1_0.product_id,o1_0.order_id,o2_0.order_id,c1_0.cust_id,c1_0.address,c1_0.email,c1_0.cust_name,c1_0.phone,o2_0.employee_id,e1_0.emp_id,e1_0.address,e1_0.dob,e1_0.email,e1_0.full_name,e1_0.phone,e1_0.status,o2_0.order_date,o1_0.note,o1_0.price,o1_0.quantity from product p1_0 left join order_detail o1_0 on p1_0.product_id=o1_0.product_id left join orders o2_0 on o2_0.order_id=o1_0.order_id left join customer c1_0 on c1_0.cust_id=o2_0.cust_id left join employee e1_0 on e1_0.emp_id=o2_0.employee_id where p1_0.product_id=?
Hibernate: select o1_0.order_id,o1_0.product_id,p1_0.product_id,p1_0.description,p1_0.manufacturer_name,p1_0.name,p1_0.status,p1_0.unit,o1_0.note,o1_0.price,o1_0.quantity from order_detail o1_0 join product p1_0 on p1_0.product_id=o1_0.product_id where o1_0.order_id=?
Hibernate: select l1_0.employee_id,l1_0.order_id,c1_0.cust_id,c1_0.address,c1_0.email,c1_0.cust_name,c1_0.phone,l1_0.order_date from orders l1_0 left join customer c1_0 on c1_0.cust_id=l1_0.cust_id where l1_0.employee_id=?
Hibernate: select o1_0.order_id,o1_0.product_id,p1_0.product_id,p1_0.description,p1_0.manufacturer_name,p1_0.name,p1_0.status,p1_0.unit,o1_0.note,o1_0.price,o1_0.quantity from order_detail o1_0 join product p1_0 on p1_0.product_id=o1_0.product_id where o1_0.order_id=?
Hibernate: select l1_0.employee_id,l1_0.order_id,c1_0.cust_id,c1_0.address,c1_0.email,c1_0.cust_name,c1_0.phone,l1_0.order_date from orders l1_0 left join customer c1_0 on c1_0.cust_id=l1_0.cust_id where l1_0.employee_id=?
Hibernate: select o1_0.order_id,o1_0.product_id,p1_0.product_id,p1_0.description,p1_0.manufacturer_name,p1_0.name,p1_0.status,p1_0.unit,o1_0.note,o1_0.price,o1_0.quantity from order_detail o1_0 join product p1_0 on p1_0.product_id=o1_0.product_id where o1_0.order_id=?
Hibernate: select o1_0.order_id,o1_0.product_id,p1_0.product_id,p1_0.description,p1_0.manufacturer_name,p1_0.name,p1_0.status,p1_0.unit,o1_0.note,o1_0.price,o1_0.quantity from order_detail o1_0 join product p1_0 on p1_0.product_id=o1_0.product_id where o1_0.order_id=?
Hibernate: select o1_0.order_id,o1_0.product_id,p1_0.product_id,p1_0.description,p1_0.manufacturer_name,p1_0.name,p1_0.status,p1_0.unit,o1_0.note,o1_0.price,o1_0.quantity from order_detail o1_0 join product p1_0 on p1_0.product_id=o1_0.product_id where o1_0.order_id=?
Hibernate: select p1_0.product_id,p1_0.price_date_time,p1_0.note,p1_0.price from product_price p1_0 where p1_0.product_id=?
Hibernate: select p1_0.product_id,p1_0.image_id,p1_0.alternative,p1_0.path from product_image p1_0 where p1_0.product_id=?
Hibernate: select o1_0.order_id,o1_0.product_id,p1_0.product_id,p1_0.description,p1_0.manufacturer_name,p1_0.name,p1_0.status,p1_0.unit,o1_0.note,o1_0.price,o1_0.quantity from order_detail o1_0 join product p1_0 on p1_0.product_id=o1_0.product_id where o1_0.order_id=?
Hibernate: select l1_0.employee_id,l1_0.order_id,c1_0.cust_id,c1_0.address,c1_0.email,c1_0.cust_name,c1_0.phone,l1_0.order_date from orders l1_0 left join customer c1_0 on c1_0.cust_id=l1_0.cust_id where l1_0.employee_id=?
Hibernate: insert into order_detail (note,price,quantity,order_id,product_id) values (?,?,?,?,?)
Hibernate: select e1_0.emp_id,e1_0.address,e1_0.dob,e1_0.email,e1_0.full_name,e1_0.phone,e1_0.status from employee e1_0 where e1_0.emp_id=?
Hibernate: select c1_0.cust_id,c1_0.address,c1_0.email,c1_0.cust_name,c1_0.phone from customer c1_0 where c1_0.cust_id=?
Hibernate: select o1_0.order_id,c1_0.cust_id,c1_0.address,c1_0.email,c1_0.cust_name,c1_0.phone,o1_0.employee_id,e1_0.emp_id,e1_0.address,e1_0.dob,e1_0.email,e1_0.full_name,e1_0.phone,e1_0.status,o1_0.order_date,o2_0.order_id,o2_0.product_id,p1_0.product_id,p1_0.description,p1_0.manufacturer_name,p1_0.name,p1_0.status,p1_0.unit,o2_0.note,o2_0.price,o2_0.quantity from orders o1_0 left join customer c1_0 on c1_0.cust_id=o1_0.cust_id join employee e1_0 on e1_0.emp_id=o1_0.employee_id left join order_detail o2_0 on o1_0.order_id=o2_0.order_id left join product p1_0 on p1_0.product_id=o2_0.product_id where o1_0.order_id=?
Hibernate: select c1_0.cust_id,c1_0.address,c1_0.email,c1_0.cust_name,c1_0.phone from customer c1_0 where c1_0.cust_id=?
Hibernate: select e1_0.emp_id,e1_0.address,e1_0.dob,e1_0.email,e1_0.full_name,e1_0.phone,e1_0.status from employee e1_0 where e1_0.emp_id=?
Hibernate: insert into orders (cust_id,employee_id,order_date,order_id) values (?,?,?,default)
Hibernate: select p1_0.product_id,p1_0.description,p1_0.manufacturer_name,p1_0.name,p1_0.status,p1_0.unit from product p1_0 where p1_0.product_id=?
Hibernate: select o1_0.order_id,o2_0.order_id,c1_0.cust_id,c1_0.address,c1_0.email,c1_0.cust_name,c1_0.phone,o2_0.employee_id,e1_0.emp_id,e1_0.address,e1_0.dob,e1_0.email,e1_0.full_name,e1_0.phone,e1_0.status,o2_0.order_date,o1_0.product_id,p1_0.product_id,p1_0.description,p1_0.manufacturer_name,p1_0.name,p1_0.status,p1_0.unit,p2_0.product_id,p2_0.image_id,p2_0.alternative,p2_0.path,o1_0.note,o1_0.price,o1_0.quantity from order_detail o1_0 join orders o2_0 on o2_0.order_id=o1_0.order_id left join customer c1_0 on c1_0.cust_id=o2_0.cust_id left join employee e1_0 on e1_0.emp_id=o2_0.employee_id join product p1_0 on p1_0.product_id=o1_0.product_id left join product_image p2_0 on p1_0.product_id=p2_0.product_id where (o1_0.order_id,o1_0.product_id) in ((?,?))
Hibernate: select o1_0.order_id,c1_0.cust_id,c1_0.address,c1_0.email,c1_0.cust_name,c1_0.phone,o1_0.employee_id,e1_0.emp_id,e1_0.address,e1_0.dob,e1_0.email,e1_0.full_name,e1_0.phone,e1_0.status,o1_0.order_date,o2_0.order_id,o2_0.product_id,p1_0.product_id,p1_0.description,p1_0.manufacturer_name,p1_0.name,p1_0.status,p1_0.unit,o2_0.note,o2_0.price,o2_0.quantity from orders o1_0 left join customer c1_0 on c1_0.cust_id=o1_0.cust_id join employee e1_0 on e1_0.emp_id=o1_0.employee_id left join order_detail o2_0 on o1_0.order_id=o2_0.order_id left join product p1_0 on p1_0.product_id=o2_0.product_id where o1_0.order_id=?
Hibernate: select l1_0.employee_id,l1_0.order_id,c1_0.cust_id,c1_0.address,c1_0.email,c1_0.cust_name,c1_0.phone,l1_0.order_date from orders l1_0 left join customer c1_0 on c1_0.cust_id=l1_0.cust_id where l1_0.employee_id=?
Hibernate: select p1_0.product_id,p1_0.description,p1_0.manufacturer_name,p1_0.name,p1_0.status,p1_0.unit,o1_0.product_id,o1_0.order_id,o2_0.order_id,c1_0.cust_id,c1_0.address,c1_0.email,c1_0.cust_name,c1_0.phone,o2_0.employee_id,e1_0.emp_id,e1_0.address,e1_0.dob,e1_0.email,e1_0.full_name,e1_0.phone,e1_0.status,o2_0.order_date,o1_0.note,o1_0.price,o1_0.quantity from product p1_0 left join order_detail o1_0 on p1_0.product_id=o1_0.product_id left join orders o2_0 on o2_0.order_id=o1_0.order_id left join customer c1_0 on c1_0.cust_id=o2_0.cust_id left join employee e1_0 on e1_0.emp_id=o2_0.employee_id where p1_0.product_id=?
Hibernate: select o1_0.order_id,o1_0.product_id,p1_0.product_id,p1_0.description,p1_0.manufacturer_name,p1_0.name,p1_0.status,p1_0.unit,o1_0.note,o1_0.price,o1_0.quantity from order_detail o1_0 join product p1_0 on p1_0.product_id=o1_0.product_id where o1_0.order_id=?
Hibernate: select o1_0.order_id,o1_0.product_id,p1_0.product_id,p1_0.description,p1_0.manufacturer_name,p1_0.name,p1_0.status,p1_0.unit,o1_0.note,o1_0.price,o1_0.quantity from order_detail o1_0 join product p1_0 on p1_0.product_id=o1_0.product_id where o1_0.order_id=?
Hibernate: select o1_0.order_id,o1_0.product_id,p1_0.product_id,p1_0.description,p1_0.manufacturer_name,p1_0.name,p1_0.status,p1_0.unit,o1_0.note,o1_0.price,o1_0.quantity from order_detail o1_0 join product p1_0 on p1_0.product_id=o1_0.product_id where o1_0.order_id=?
Hibernate: select l1_0.employee_id,l1_0.order_id,c1_0.cust_id,c1_0.address,c1_0.email,c1_0.cust_name,c1_0.phone,l1_0.order_date from orders l1_0 left join customer c1_0 on c1_0.cust_id=l1_0.cust_id where l1_0.employee_id=?
Hibernate: select o1_0.order_id,o1_0.product_id,p1_0.product_id,p1_0.description,p1_0.manufacturer_name,p1_0.name,p1_0.status,p1_0.unit,o1_0.note,o1_0.price,o1_0.quantity from order_detail o1_0 join product p1_0 on p1_0.product_id=o1_0.product_id where o1_0.order_id=?
Hibernate: select l1_0.employee_id,l1_0.order_id,c1_0.cust_id,c1_0.address,c1_0.email,c1_0.cust_name,c1_0.phone,l1_0.order_date from orders l1_0 left join customer c1_0 on c1_0.cust_id=l1_0.cust_id where l1_0.employee_id=?
Hibernate: select o1_0.order_id,o1_0.product_id,p1_0.product_id,p1_0.description,p1_0.manufacturer_name,p1_0.name,p1_0.status,p1_0.unit,o1_0.note,o1_0.price,o1_0.quantity from order_detail o1_0 join product p1_0 on p1_0.product_id=o1_0.product_id where o1_0.order_id=?
Hibernate: select l1_0.employee_id,l1_0.order_id,c1_0.cust_id,c1_0.address,c1_0.email,c1_0.cust_name,c1_0.phone,l1_0.order_date from orders l1_0 left join customer c1_0 on c1_0.cust_id=l1_0.cust_id where l1_0.employee_id=?
Hibernate: select p1_0.product_id,p1_0.price_date_time,p1_0.note,p1_0.price from product_price p1_0 where p1_0.product_id=?
Hibernate: select p1_0.product_id,p1_0.image_id,p1_0.alternative,p1_0.path from product_image p1_0 where p1_0.product_id=?
Hibernate: select o1_0.order_id,o1_0.product_id,p1_0.product_id,p1_0.description,p1_0.manufacturer_name,p1_0.name,p1_0.status,p1_0.unit,o1_0.note,o1_0.price,o1_0.quantity from order_detail o1_0 join product p1_0 on p1_0.product_id=o1_0.product_id where o1_0.order_id=?
Hibernate: select l1_0.employee_id,l1_0.order_id,c1_0.cust_id,c1_0.address,c1_0.email,c1_0.cust_name,c1_0.phone,l1_0.order_date from orders l1_0 left join customer c1_0 on c1_0.cust_id=l1_0.cust_id where l1_0.employee_id=?
Hibernate: insert into order_detail (note,price,quantity,order_id,product_id) values (?,?,?,?,?)
Hibernate: select p1_0.product_id,p1_0.description,p1_0.manufacturer_name,p1_0.name,p1_0.status,p1_0.unit from product p1_0 where p1_0.product_id=?
Hibernate: select o1_0.order_id,o2_0.order_id,c1_0.cust_id,c1_0.address,c1_0.email,c1_0.cust_name,c1_0.phone,o2_0.employee_id,e1_0.emp_id,e1_0.address,e1_0.dob,e1_0.email,e1_0.full_name,e1_0.phone,e1_0.status,o2_0.order_date,o1_0.product_id,p1_0.product_id,p1_0.description,p1_0.manufacturer_name,p1_0.name,p1_0.status,p1_0.unit,p2_0.product_id,p2_0.image_id,p2_0.alternative,p2_0.path,o1_0.note,o1_0.price,o1_0.quantity from order_detail o1_0 join orders o2_0 on o2_0.order_id=o1_0.order_id left join customer c1_0 on c1_0.cust_id=o2_0.cust_id left join employee e1_0 on e1_0.emp_id=o2_0.employee_id join product p1_0 on p1_0.product_id=o1_0.product_id left join product_image p2_0 on p1_0.product_id=p2_0.product_id where (o1_0.order_id,o1_0.product_id) in ((?,?))
Hibernate: select o1_0.order_id,c1_0.cust_id,c1_0.address,c1_0.email,c1_0.cust_name,c1_0.phone,o1_0.employee_id,e1_0.emp_id,e1_0.address,e1_0.dob,e1_0.email,e1_0.full_name,e1_0.phone,e1_0.status,o1_0.order_date,o2_0.order_id,o2_0.product_id,p1_0.product_id,p1_0.description,p1_0.manufacturer_name,p1_0.name,p1_0.status,p1_0.unit,o2_0.note,o2_0.price,o2_0.quantity from orders o1_0 left join customer c1_0 on c1_0.cust_id=o1_0.cust_id join employee e1_0 on e1_0.emp_id=o1_0.employee_id left join order_detail o2_0 on o1_0.order_id=o2_0.order_id left join product p1_0 on p1_0.product_id=o2_0.product_id where o1_0.order_id=?
Hibernate: select p1_0.product_id,p1_0.price_date_time,p1_0.note,p1_0.price from product_price p1_0 where p1_0.product_id=?
Hibernate: select p1_0.product_id,p1_0.image_id,p1_0.alternative,p1_0.path from product_image p1_0 where p1_0.product_id=?
Hibernate: select o1_0.product_id,o1_0.order_id,o2_0.order_id,c1_0.cust_id,c1_0.address,c1_0.email,c1_0.cust_name,c1_0.phone,o2_0.employee_id,e1_0.emp_id,e1_0.address,e1_0.dob,e1_0.email,e1_0.full_name,e1_0.phone,e1_0.status,o2_0.order_date,o1_0.note,o1_0.price,o1_0.quantity from order_detail o1_0 join orders o2_0 on o2_0.order_id=o1_0.order_id left join customer c1_0 on c1_0.cust_id=o2_0.cust_id left join employee e1_0 on e1_0.emp_id=o2_0.employee_id where o1_0.product_id=?
Hibernate: select l1_0.employee_id,l1_0.order_id,c1_0.cust_id,c1_0.address,c1_0.email,c1_0.cust_name,c1_0.phone,l1_0.order_date from orders l1_0 left join customer c1_0 on c1_0.cust_id=l1_0.cust_id where l1_0.employee_id=?
Hibernate: select p1_0.product_id,p1_0.description,p1_0.manufacturer_name,p1_0.name,p1_0.status,p1_0.unit,o1_0.product_id,o1_0.order_id,o2_0.order_id,c1_0.cust_id,c1_0.address,c1_0.email,c1_0.cust_name,c1_0.phone,o2_0.employee_id,e1_0.emp_id,e1_0.address,e1_0.dob,e1_0.email,e1_0.full_name,e1_0.phone,e1_0.status,o2_0.order_date,o1_0.note,o1_0.price,o1_0.quantity from product p1_0 left join order_detail o1_0 on p1_0.product_id=o1_0.product_id left join orders o2_0 on o2_0.order_id=o1_0.order_id left join customer c1_0 on c1_0.cust_id=o2_0.cust_id left join employee e1_0 on e1_0.emp_id=o2_0.employee_id where p1_0.product_id=?
Hibernate: select o1_0.order_id,o1_0.product_id,p1_0.product_id,p1_0.description,p1_0.manufacturer_name,p1_0.name,p1_0.status,p1_0.unit,o1_0.note,o1_0.price,o1_0.quantity from order_detail o1_0 join product p1_0 on p1_0.product_id=o1_0.product_id where o1_0.order_id=?
Hibernate: select o1_0.order_id,o1_0.product_id,p1_0.product_id,p1_0.description,p1_0.manufacturer_name,p1_0.name,p1_0.status,p1_0.unit,o1_0.note,o1_0.price,o1_0.quantity from order_detail o1_0 join product p1_0 on p1_0.product_id=o1_0.product_id where o1_0.order_id=?
Hibernate: select l1_0.employee_id,l1_0.order_id,c1_0.cust_id,c1_0.address,c1_0.email,c1_0.cust_name,c1_0.phone,l1_0.order_date from orders l1_0 left join customer c1_0 on c1_0.cust_id=l1_0.cust_id where l1_0.employee_id=?
Hibernate: select o1_0.order_id,o1_0.product_id,p1_0.product_id,p1_0.description,p1_0.manufacturer_name,p1_0.name,p1_0.status,p1_0.unit,o1_0.note,o1_0.price,o1_0.quantity from order_detail o1_0 join product p1_0 on p1_0.product_id=o1_0.product_id where o1_0.order_id=?
Hibernate: select l1_0.employee_id,l1_0.order_id,c1_0.cust_id,c1_0.address,c1_0.email,c1_0.cust_name,c1_0.phone,l1_0.order_date from orders l1_0 left join customer c1_0 on c1_0.cust_id=l1_0.cust_id where l1_0.employee_id=?
Hibernate: select o1_0.order_id,o1_0.product_id,p1_0.product_id,p1_0.description,p1_0.manufacturer_name,p1_0.name,p1_0.status,p1_0.unit,o1_0.note,o1_0.price,o1_0.quantity from order_detail o1_0 join product p1_0 on p1_0.product_id=o1_0.product_id where o1_0.order_id=?
Hibernate: select l1_0.employee_id,l1_0.order_id,c1_0.cust_id,c1_0.address,c1_0.email,c1_0.cust_name,c1_0.phone,l1_0.order_date from orders l1_0 left join customer c1_0 on c1_0.cust_id=l1_0.cust_id where l1_0.employee_id=?
Hibernate: select o1_0.order_id,o1_0.product_id,p1_0.product_id,p1_0.description,p1_0.manufacturer_name,p1_0.name,p1_0.status,p1_0.unit,o1_0.note,o1_0.price,o1_0.quantity from order_detail o1_0 join product p1_0 on p1_0.product_id=o1_0.product_id where o1_0.order_id=?
Hibernate: select o1_0.order_id,o1_0.product_id,p1_0.product_id,p1_0.description,p1_0.manufacturer_name,p1_0.name,p1_0.status,p1_0.unit,o1_0.note,o1_0.price,o1_0.quantity from order_detail o1_0 join product p1_0 on p1_0.product_id=o1_0.product_id where o1_0.order_id=?
Hibernate: select o1_0.order_id,o1_0.product_id,p1_0.product_id,p1_0.description,p1_0.manufacturer_name,p1_0.name,p1_0.status,p1_0.unit,o1_0.note,o1_0.price,o1_0.quantity from order_detail o1_0 join product p1_0 on p1_0.product_id=o1_0.product_id where o1_0.order_id=?
Hibernate: select o1_0.order_id,o1_0.product_id,p1_0.product_id,p1_0.description,p1_0.manufacturer_name,p1_0.name,p1_0.status,p1_0.unit,o1_0.note,o1_0.price,o1_0.quantity from order_detail o1_0 join product p1_0 on p1_0.product_id=o1_0.product_id where o1_0.order_id=?
Hibernate: select p1_0.product_id,p1_0.price_date_time,p1_0.note,p1_0.price from product_price p1_0 where p1_0.product_id=?
Hibernate: select p1_0.product_id,p1_0.image_id,p1_0.alternative,p1_0.path from product_image p1_0 where p1_0.product_id=?
Hibernate: select o1_0.order_id,o1_0.product_id,p1_0.product_id,p1_0.description,p1_0.manufacturer_name,p1_0.name,p1_0.status,p1_0.unit,o1_0.note,o1_0.price,o1_0.quantity from order_detail o1_0 join product p1_0 on p1_0.product_id=o1_0.product_id where o1_0.order_id=?
Hibernate: select l1_0.employee_id,l1_0.order_id,c1_0.cust_id,c1_0.address,c1_0.email,c1_0.cust_name,c1_0.phone,l1_0.order_date from orders l1_0 left join customer c1_0 on c1_0.cust_id=l1_0.cust_id where l1_0.employee_id=?
Hibernate: insert into order_detail (note,price,quantity,order_id,product_id) values (?,?,?,?,?)
Hibernate: select p1_0.product_id,p1_0.description,p1_0.manufacturer_name,p1_0.name,p1_0.status,p1_0.unit from product p1_0 where p1_0.product_id=?
Hibernate: select o1_0.order_id,o2_0.order_id,c1_0.cust_id,c1_0.address,c1_0.email,c1_0.cust_name,c1_0.phone,o2_0.employee_id,e1_0.emp_id,e1_0.address,e1_0.dob,e1_0.email,e1_0.full_name,e1_0.phone,e1_0.status,o2_0.order_date,o1_0.product_id,p1_0.product_id,p1_0.description,p1_0.manufacturer_name,p1_0.name,p1_0.status,p1_0.unit,p2_0.product_id,p2_0.image_id,p2_0.alternative,p2_0.path,o1_0.note,o1_0.price,o1_0.quantity from order_detail o1_0 join orders o2_0 on o2_0.order_id=o1_0.order_id left join customer c1_0 on c1_0.cust_id=o2_0.cust_id left join employee e1_0 on e1_0.emp_id=o2_0.employee_id join product p1_0 on p1_0.product_id=o1_0.product_id left join product_image p2_0 on p1_0.product_id=p2_0.product_id where (o1_0.order_id,o1_0.product_id) in ((?,?))
Hibernate: select o1_0.order_id,c1_0.cust_id,c1_0.address,c1_0.email,c1_0.cust_name,c1_0.phone,o1_0.employee_id,e1_0.emp_id,e1_0.address,e1_0.dob,e1_0.email,e1_0.full_name,e1_0.phone,e1_0.status,o1_0.order_date,o2_0.order_id,o2_0.product_id,p1_0.product_id,p1_0.description,p1_0.manufacturer_name,p1_0.name,p1_0.status,p1_0.unit,o2_0.note,o2_0.price,o2_0.quantity from orders o1_0 left join customer c1_0 on c1_0.cust_id=o1_0.cust_id join employee e1_0 on e1_0.emp_id=o1_0.employee_id left join order_detail o2_0 on o1_0.order_id=o2_0.order_id left join product p1_0 on p1_0.product_id=o2_0.product_id where o1_0.order_id=?
Hibernate: select p1_0.product_id,p1_0.price_date_time,p1_0.note,p1_0.price from product_price p1_0 where p1_0.product_id=?
Hibernate: select p1_0.product_id,p1_0.image_id,p1_0.alternative,p1_0.path from product_image p1_0 where p1_0.product_id=?
Hibernate: select o1_0.product_id,o1_0.order_id,o2_0.order_id,c1_0.cust_id,c1_0.address,c1_0.email,c1_0.cust_name,c1_0.phone,o2_0.employee_id,e1_0.emp_id,e1_0.address,e1_0.dob,e1_0.email,e1_0.full_name,e1_0.phone,e1_0.status,o2_0.order_date,o1_0.note,o1_0.price,o1_0.quantity from order_detail o1_0 join orders o2_0 on o2_0.order_id=o1_0.order_id left join customer c1_0 on c1_0.cust_id=o2_0.cust_id left join employee e1_0 on e1_0.emp_id=o2_0.employee_id where o1_0.product_id=?
Hibernate: select p1_0.product_id,p1_0.price_date_time,p1_0.note,p1_0.price from product_price p1_0 where p1_0.product_id=?
Hibernate: select p1_0.product_id,p1_0.image_id,p1_0.alternative,p1_0.path from product_image p1_0 where p1_0.product_id=?
Hibernate: select o1_0.product_id,o1_0.order_id,o2_0.order_id,c1_0.cust_id,c1_0.address,c1_0.email,c1_0.cust_name,c1_0.phone,o2_0.employee_id,e1_0.emp_id,e1_0.address,e1_0.dob,e1_0.email,e1_0.full_name,e1_0.phone,e1_0.status,o2_0.order_date,o1_0.note,o1_0.price,o1_0.quantity from order_detail o1_0 join orders o2_0 on o2_0.order_id=o1_0.order_id left join customer c1_0 on c1_0.cust_id=o2_0.cust_id left join employee e1_0 on e1_0.emp_id=o2_0.employee_id where o1_0.product_id=?
Hibernate: select l1_0.employee_id,l1_0.order_id,c1_0.cust_id,c1_0.address,c1_0.email,c1_0.cust_name,c1_0.phone,l1_0.order_date from orders l1_0 left join customer c1_0 on c1_0.cust_id=l1_0.cust_id where l1_0.employee_id=?
Hibernate: select p1_0.product_id,p1_0.description,p1_0.manufacturer_name,p1_0.name,p1_0.status,p1_0.unit,o1_0.product_id,o1_0.order_id,o2_0.order_id,c1_0.cust_id,c1_0.address,c1_0.email,c1_0.cust_name,c1_0.phone,o2_0.employee_id,e1_0.emp_id,e1_0.address,e1_0.dob,e1_0.email,e1_0.full_name,e1_0.phone,e1_0.status,o2_0.order_date,o1_0.note,o1_0.price,o1_0.quantity from product p1_0 left join order_detail o1_0 on p1_0.product_id=o1_0.product_id left join orders o2_0 on o2_0.order_id=o1_0.order_id left join customer c1_0 on c1_0.cust_id=o2_0.cust_id left join employee e1_0 on e1_0.emp_id=o2_0.employee_id where p1_0.product_id=?
Hibernate: select o1_0.order_id,o1_0.product_id,p1_0.product_id,p1_0.description,p1_0.manufacturer_name,p1_0.name,p1_0.status,p1_0.unit,o1_0.note,o1_0.price,o1_0.quantity from order_detail o1_0 join product p1_0 on p1_0.product_id=o1_0.product_id where o1_0.order_id=?
Hibernate: select o1_0.order_id,o1_0.product_id,p1_0.product_id,p1_0.description,p1_0.manufacturer_name,p1_0.name,p1_0.status,p1_0.unit,o1_0.note,o1_0.price,o1_0.quantity from order_detail o1_0 join product p1_0 on p1_0.product_id=o1_0.product_id where o1_0.order_id=?
Hibernate: select o1_0.order_id,o1_0.product_id,p1_0.product_id,p1_0.description,p1_0.manufacturer_name,p1_0.name,p1_0.status,p1_0.unit,o1_0.note,o1_0.price,o1_0.quantity from order_detail o1_0 join product p1_0 on p1_0.product_id=o1_0.product_id where o1_0.order_id=?
Hibernate: select o1_0.order_id,o1_0.product_id,p1_0.product_id,p1_0.description,p1_0.manufacturer_name,p1_0.name,p1_0.status,p1_0.unit,o1_0.note,o1_0.price,o1_0.quantity from order_detail o1_0 join product p1_0 on p1_0.product_id=o1_0.product_id where o1_0.order_id=?
Hibernate: select o1_0.order_id,o1_0.product_id,p1_0.product_id,p1_0.description,p1_0.manufacturer_name,p1_0.name,p1_0.status,p1_0.unit,o1_0.note,o1_0.price,o1_0.quantity from order_detail o1_0 join product p1_0 on p1_0.product_id=o1_0.product_id where o1_0.order_id=?
Hibernate: select o1_0.order_id,o1_0.product_id,p1_0.product_id,p1_0.description,p1_0.manufacturer_name,p1_0.name,p1_0.status,p1_0.unit,o1_0.note,o1_0.price,o1_0.quantity from order_detail o1_0 join product p1_0 on p1_0.product_id=o1_0.product_id where o1_0.order_id=?
Hibernate: select o1_0.order_id,o1_0.product_id,p1_0.product_id,p1_0.description,p1_0.manufacturer_name,p1_0.name,p1_0.status,p1_0.unit,o1_0.note,o1_0.price,o1_0.quantity from order_detail o1_0 join product p1_0 on p1_0.product_id=o1_0.product_id where o1_0.order_id=?
Hibernate: select o1_0.order_id,o1_0.product_id,p1_0.product_id,p1_0.description,p1_0.manufacturer_name,p1_0.name,p1_0.status,p1_0.unit,o1_0.note,o1_0.price,o1_0.quantity from order_detail o1_0 join product p1_0 on p1_0.product_id=o1_0.product_id where o1_0.order_id=?
Hibernate: select o1_0.order_id,o1_0.product_id,p1_0.product_id,p1_0.description,p1_0.manufacturer_name,p1_0.name,p1_0.status,p1_0.unit,o1_0.note,o1_0.price,o1_0.quantity from order_detail o1_0 join product p1_0 on p1_0.product_id=o1_0.product_id where o1_0.order_id=?
Hibernate: select o1_0.order_id,o1_0.product_id,p1_0.product_id,p1_0.description,p1_0.manufacturer_name,p1_0.name,p1_0.status,p1_0.unit,o1_0.note,o1_0.price,o1_0.quantity from order_detail o1_0 join product p1_0 on p1_0.product_id=o1_0.product_id where o1_0.order_id=?
Hibernate: select o1_0.order_id,o1_0.product_id,p1_0.product_id,p1_0.description,p1_0.manufacturer_name,p1_0.name,p1_0.status,p1_0.unit,o1_0.note,o1_0.price,o1_0.quantity from order_detail o1_0 join product p1_0 on p1_0.product_id=o1_0.product_id where o1_0.order_id=?
Hibernate: select o1_0.order_id,o1_0.product_id,p1_0.product_id,p1_0.description,p1_0.manufacturer_name,p1_0.name,p1_0.status,p1_0.unit,o1_0.note,o1_0.price,o1_0.quantity from order_detail o1_0 join product p1_0 on p1_0.product_id=o1_0.product_id where o1_0.order_id=?
Hibernate: select p1_0.product_id,p1_0.price_date_time,p1_0.note,p1_0.price from product_price p1_0 where p1_0.product_id=?
Hibernate: select p1_0.product_id,p1_0.image_id,p1_0.alternative,p1_0.path from product_image p1_0 where p1_0.product_id=?
Hibernate: select o1_0.order_id,o1_0.product_id,p1_0.product_id,p1_0.description,p1_0.manufacturer_name,p1_0.name,p1_0.status,p1_0.unit,o1_0.note,o1_0.price,o1_0.quantity from order_detail o1_0 join product p1_0 on p1_0.product_id=o1_0.product_id where o1_0.order_id=?
Hibernate: insert into order_detail (note,price,quantity,order_id,product_id) values (?,?,?,?,?)
Hibernate: select e1_0.emp_id,e1_0.address,e1_0.dob,e1_0.email,e1_0.full_name,e1_0.phone,e1_0.status from employee e1_0 where e1_0.emp_id=?
Hibernate: select c1_0.cust_id,c1_0.address,c1_0.email,c1_0.cust_name,c1_0.phone from customer c1_0 where c1_0.cust_id=?
Hibernate: select o1_0.order_id,c1_0.cust_id,c1_0.address,c1_0.email,c1_0.cust_name,c1_0.phone,o1_0.employee_id,e1_0.emp_id,e1_0.address,e1_0.dob,e1_0.email,e1_0.full_name,e1_0.phone,e1_0.status,o1_0.order_date,o2_0.order_id,o2_0.product_id,p1_0.product_id,p1_0.description,p1_0.manufacturer_name,p1_0.name,p1_0.status,p1_0.unit,o2_0.note,o2_0.price,o2_0.quantity from orders o1_0 left join customer c1_0 on c1_0.cust_id=o1_0.cust_id join employee e1_0 on e1_0.emp_id=o1_0.employee_id left join order_detail o2_0 on o1_0.order_id=o2_0.order_id left join product p1_0 on p1_0.product_id=o2_0.product_id where o1_0.order_id=?
Hibernate: select c1_0.cust_id,c1_0.address,c1_0.email,c1_0.cust_name,c1_0.phone from customer c1_0 where c1_0.cust_id=?
Hibernate: select e1_0.emp_id,e1_0.address,e1_0.dob,e1_0.email,e1_0.full_name,e1_0.phone,e1_0.status from employee e1_0 where e1_0.emp_id=?
Hibernate: insert into orders (cust_id,employee_id,order_date,order_id) values (?,?,?,default)
Hibernate: select p1_0.product_id,p1_0.description,p1_0.manufacturer_name,p1_0.name,p1_0.status,p1_0.unit from product p1_0 where p1_0.product_id=?
Hibernate: select o1_0.order_id,o2_0.order_id,c1_0.cust_id,c1_0.address,c1_0.email,c1_0.cust_name,c1_0.phone,o2_0.employee_id,e1_0.emp_id,e1_0.address,e1_0.dob,e1_0.email,e1_0.full_name,e1_0.phone,e1_0.status,o2_0.order_date,o1_0.product_id,p1_0.product_id,p1_0.description,p1_0.manufacturer_name,p1_0.name,p1_0.status,p1_0.unit,p2_0.product_id,p2_0.image_id,p2_0.alternative,p2_0.path,o1_0.note,o1_0.price,o1_0.quantity from order_detail o1_0 join orders o2_0 on o2_0.order_id=o1_0.order_id left join customer c1_0 on c1_0.cust_id=o2_0.cust_id left join employee e1_0 on e1_0.emp_id=o2_0.employee_id join product p1_0 on p1_0.product_id=o1_0.product_id left join product_image p2_0 on p1_0.product_id=p2_0.product_id where (o1_0.order_id,o1_0.product_id) in ((?,?))
Hibernate: select o1_0.order_id,c1_0.cust_id,c1_0.address,c1_0.email,c1_0.cust_name,c1_0.phone,o1_0.employee_id,e1_0.emp_id,e1_0.address,e1_0.dob,e1_0.email,e1_0.full_name,e1_0.phone,e1_0.status,o1_0.order_date,o2_0.order_id,o2_0.product_id,p1_0.product_id,p1_0.description,p1_0.manufacturer_name,p1_0.name,p1_0.status,p1_0.unit,o2_0.note,o2_0.price,o2_0.quantity from orders o1_0 left join customer c1_0 on c1_0.cust_id=o1_0.cust_id join employee e1_0 on e1_0.emp_id=o1_0.employee_id left join order_detail o2_0 on o1_0.order_id=o2_0.order_id left join product p1_0 on p1_0.product_id=o2_0.product_id where o1_0.order_id=?
Hibernate: select l1_0.employee_id,l1_0.order_id,c1_0.cust_id,c1_0.address,c1_0.email,c1_0.cust_name,c1_0.phone,l1_0.order_date from orders l1_0 left join customer c1_0 on c1_0.cust_id=l1_0.cust_id where l1_0.employee_id=?
Hibernate: select p1_0.product_id,p1_0.description,p1_0.manufacturer_name,p1_0.name,p1_0.status,p1_0.unit,o1_0.product_id,o1_0.order_id,o2_0.order_id,c1_0.cust_id,c1_0.address,c1_0.email,c1_0.cust_name,c1_0.phone,o2_0.employee_id,e1_0.emp_id,e1_0.address,e1_0.dob,e1_0.email,e1_0.full_name,e1_0.phone,e1_0.status,o2_0.order_date,o1_0.note,o1_0.price,o1_0.quantity from product p1_0 left join order_detail o1_0 on p1_0.product_id=o1_0.product_id left join orders o2_0 on o2_0.order_id=o1_0.order_id left join customer c1_0 on c1_0.cust_id=o2_0.cust_id left join employee e1_0 on e1_0.emp_id=o2_0.employee_id where p1_0.product_id=?
Hibernate: select o1_0.order_id,o1_0.product_id,p1_0.product_id,p1_0.description,p1_0.manufacturer_name,p1_0.name,p1_0.status,p1_0.unit,o1_0.note,o1_0.price,o1_0.quantity from order_detail o1_0 join product p1_0 on p1_0.product_id=o1_0.product_id where o1_0.order_id=?
Hibernate: select o1_0.order_id,o1_0.product_id,p1_0.product_id,p1_0.description,p1_0.manufacturer_name,p1_0.name,p1_0.status,p1_0.unit,o1_0.note,o1_0.price,o1_0.quantity from order_detail o1_0 join product p1_0 on p1_0.product_id=o1_0.product_id where o1_0.order_id=?
Hibernate: select o1_0.order_id,o1_0.product_id,p1_0.product_id,p1_0.description,p1_0.manufacturer_name,p1_0.name,p1_0.status,p1_0.unit,o1_0.note,o1_0.price,o1_0.quantity from order_detail o1_0 join product p1_0 on p1_0.product_id=o1_0.product_id where o1_0.order_id=?
Hibernate: select o1_0.order_id,o1_0.product_id,p1_0.product_id,p1_0.description,p1_0.manufacturer_name,p1_0.name,p1_0.status,p1_0.unit,o1_0.note,o1_0.price,o1_0.quantity from order_detail o1_0 join product p1_0 on p1_0.product_id=o1_0.product_id where o1_0.order_id=?
Hibernate: select o1_0.order_id,o1_0.product_id,p1_0.product_id,p1_0.description,p1_0.manufacturer_name,p1_0.name,p1_0.status,p1_0.unit,o1_0.note,o1_0.price,o1_0.quantity from order_detail o1_0 join product p1_0 on p1_0.product_id=o1_0.product_id where o1_0.order_id=?
Hibernate: select o1_0.order_id,o1_0.product_id,p1_0.product_id,p1_0.description,p1_0.manufacturer_name,p1_0.name,p1_0.status,p1_0.unit,o1_0.note,o1_0.price,o1_0.quantity from order_detail o1_0 join product p1_0 on p1_0.product_id=o1_0.product_id where o1_0.order_id=?
Hibernate: select l1_0.employee_id,l1_0.order_id,c1_0.cust_id,c1_0.address,c1_0.email,c1_0.cust_name,c1_0.phone,l1_0.order_date from orders l1_0 left join customer c1_0 on c1_0.cust_id=l1_0.cust_id where l1_0.employee_id=?
Hibernate: select o1_0.order_id,o1_0.product_id,p1_0.product_id,p1_0.description,p1_0.manufacturer_name,p1_0.name,p1_0.status,p1_0.unit,o1_0.note,o1_0.price,o1_0.quantity from order_detail o1_0 join product p1_0 on p1_0.product_id=o1_0.product_id where o1_0.order_id=?
Hibernate: select l1_0.employee_id,l1_0.order_id,c1_0.cust_id,c1_0.address,c1_0.email,c1_0.cust_name,c1_0.phone,l1_0.order_date from orders l1_0 left join customer c1_0 on c1_0.cust_id=l1_0.cust_id where l1_0.employee_id=?
Hibernate: select o1_0.order_id,o1_0.product_id,p1_0.product_id,p1_0.description,p1_0.manufacturer_name,p1_0.name,p1_0.status,p1_0.unit,o1_0.note,o1_0.price,o1_0.quantity from order_detail o1_0 join product p1_0 on p1_0.product_id=o1_0.product_id where o1_0.order_id=?
Hibernate: select l1_0.employee_id,l1_0.order_id,c1_0.cust_id,c1_0.address,c1_0.email,c1_0.cust_name,c1_0.phone,l1_0.order_date from orders l1_0 left join customer c1_0 on c1_0.cust_id=l1_0.cust_id where l1_0.employee_id=?
Hibernate: select p1_0.product_id,p1_0.price_date_time,p1_0.note,p1_0.price from product_price p1_0 where p1_0.product_id=?
Hibernate: select p1_0.product_id,p1_0.image_id,p1_0.alternative,p1_0.path from product_image p1_0 where p1_0.product_id=?
Hibernate: select o1_0.order_id,o1_0.product_id,p1_0.product_id,p1_0.description,p1_0.manufacturer_name,p1_0.name,p1_0.status,p1_0.unit,o1_0.note,o1_0.price,o1_0.quantity from order_detail o1_0 join product p1_0 on p1_0.product_id=o1_0.product_id where o1_0.order_id=?
Hibernate: select l1_0.employee_id,l1_0.order_id,c1_0.cust_id,c1_0.address,c1_0.email,c1_0.cust_name,c1_0.phone,l1_0.order_date from orders l1_0 left join customer c1_0 on c1_0.cust_id=l1_0.cust_id where l1_0.employee_id=?
Hibernate: insert into order_detail (note,price,quantity,order_id,product_id) values (?,?,?,?,?)
Hibernate: select p1_0.product_id,p1_0.description,p1_0.manufacturer_name,p1_0.name,p1_0.status,p1_0.unit from product p1_0 where p1_0.product_id=?
Hibernate: select o1_0.order_id,o2_0.order_id,c1_0.cust_id,c1_0.address,c1_0.email,c1_0.cust_name,c1_0.phone,o2_0.employee_id,e1_0.emp_id,e1_0.address,e1_0.dob,e1_0.email,e1_0.full_name,e1_0.phone,e1_0.status,o2_0.order_date,o1_0.product_id,p1_0.product_id,p1_0.description,p1_0.manufacturer_name,p1_0.name,p1_0.status,p1_0.unit,p2_0.product_id,p2_0.image_id,p2_0.alternative,p2_0.path,o1_0.note,o1_0.price,o1_0.quantity from order_detail o1_0 join orders o2_0 on o2_0.order_id=o1_0.order_id left join customer c1_0 on c1_0.cust_id=o2_0.cust_id left join employee e1_0 on e1_0.emp_id=o2_0.employee_id join product p1_0 on p1_0.product_id=o1_0.product_id left join product_image p2_0 on p1_0.product_id=p2_0.product_id where (o1_0.order_id,o1_0.product_id) in ((?,?))
Hibernate: select o1_0.order_id,c1_0.cust_id,c1_0.address,c1_0.email,c1_0.cust_name,c1_0.phone,o1_0.employee_id,e1_0.emp_id,e1_0.address,e1_0.dob,e1_0.email,e1_0.full_name,e1_0.phone,e1_0.status,o1_0.order_date,o2_0.order_id,o2_0.product_id,p1_0.product_id,p1_0.description,p1_0.manufacturer_name,p1_0.name,p1_0.status,p1_0.unit,o2_0.note,o2_0.price,o2_0.quantity from orders o1_0 left join customer c1_0 on c1_0.cust_id=o1_0.cust_id join employee e1_0 on e1_0.emp_id=o1_0.employee_id left join order_detail o2_0 on o1_0.order_id=o2_0.order_id left join product p1_0 on p1_0.product_id=o2_0.product_id where o1_0.order_id=?
Hibernate: select p1_0.product_id,p1_0.price_date_time,p1_0.note,p1_0.price from product_price p1_0 where p1_0.product_id=?
Hibernate: select p1_0.product_id,p1_0.image_id,p1_0.alternative,p1_0.path from product_image p1_0 where p1_0.product_id=?
Hibernate: select o1_0.product_id,o1_0.order_id,o2_0.order_id,c1_0.cust_id,c1_0.address,c1_0.email,c1_0.cust_name,c1_0.phone,o2_0.employee_id,e1_0.emp_id,e1_0.address,e1_0.dob,e1_0.email,e1_0.full_name,e1_0.phone,e1_0.status,o2_0.order_date,o1_0.note,o1_0.price,o1_0.quantity from order_detail o1_0 join orders o2_0 on o2_0.order_id=o1_0.order_id left join customer c1_0 on c1_0.cust_id=o2_0.cust_id left join employee e1_0 on e1_0.emp_id=o2_0.employee_id where o1_0.product_id=?
Hibernate: select l1_0.employee_id,l1_0.order_id,c1_0.cust_id,c1_0.address,c1_0.email,c1_0.cust_name,c1_0.phone,l1_0.order_date from orders l1_0 left join customer c1_0 on c1_0.cust_id=l1_0.cust_id where l1_0.employee_id=?
Hibernate: select p1_0.product_id,p1_0.description,p1_0.manufacturer_name,p1_0.name,p1_0.status,p1_0.unit,o1_0.product_id,o1_0.order_id,o2_0.order_id,c1_0.cust_id,c1_0.address,c1_0.email,c1_0.cust_name,c1_0.phone,o2_0.employee_id,e1_0.emp_id,e1_0.address,e1_0.dob,e1_0.email,e1_0.full_name,e1_0.phone,e1_0.status,o2_0.order_date,o1_0.note,o1_0.price,o1_0.quantity from product p1_0 left join order_detail o1_0 on p1_0.product_id=o1_0.product_id left join orders o2_0 on o2_0.order_id=o1_0.order_id left join customer c1_0 on c1_0.cust_id=o2_0.cust_id left join employee e1_0 on e1_0.emp_id=o2_0.employee_id where p1_0.product_id=?
Hibernate: select o1_0.order_id,o1_0.product_id,p1_0.product_id,p1_0.description,p1_0.manufacturer_name,p1_0.name,p1_0.status,p1_0.unit,o1_0.note,o1_0.price,o1_0.quantity from order_detail o1_0 join product p1_0 on p1_0.product_id=o1_0.product_id where o1_0.order_id=?
Hibernate: select o1_0.order_id,o1_0.product_id,p1_0.product_id,p1_0.description,p1_0.manufacturer_name,p1_0.name,p1_0.status,p1_0.unit,o1_0.note,o1_0.price,o1_0.quantity from order_detail o1_0 join product p1_0 on p1_0.product_id=o1_0.product_id where o1_0.order_id=?
Hibernate: select o1_0.order_id,o1_0.product_id,p1_0.product_id,p1_0.description,p1_0.manufacturer_name,p1_0.name,p1_0.status,p1_0.unit,o1_0.note,o1_0.price,o1_0.quantity from order_detail o1_0 join product p1_0 on p1_0.product_id=o1_0.product_id where o1_0.order_id=?
Hibernate: select o1_0.order_id,o1_0.product_id,p1_0.product_id,p1_0.description,p1_0.manufacturer_name,p1_0.name,p1_0.status,p1_0.unit,o1_0.note,o1_0.price,o1_0.quantity from order_detail o1_0 join product p1_0 on p1_0.product_id=o1_0.product_id where o1_0.order_id=?
Hibernate: select o1_0.order_id,o1_0.product_id,p1_0.product_id,p1_0.description,p1_0.manufacturer_name,p1_0.name,p1_0.status,p1_0.unit,o1_0.note,o1_0.price,o1_0.quantity from order_detail o1_0 join product p1_0 on p1_0.product_id=o1_0.product_id where o1_0.order_id=?
Hibernate: select o1_0.order_id,o1_0.product_id,p1_0.product_id,p1_0.description,p1_0.manufacturer_name,p1_0.name,p1_0.status,p1_0.unit,o1_0.note,o1_0.price,o1_0.quantity from order_detail o1_0 join product p1_0 on p1_0.product_id=o1_0.product_id where o1_0.order_id=?
Hibernate: select l1_0.employee_id,l1_0.order_id,c1_0.cust_id,c1_0.address,c1_0.email,c1_0.cust_name,c1_0.phone,l1_0.order_date from orders l1_0 left join customer c1_0 on c1_0.cust_id=l1_0.cust_id where l1_0.employee_id=?
Hibernate: select p1_0.product_id,p1_0.price_date_time,p1_0.note,p1_0.price from product_price p1_0 where p1_0.product_id=?
Hibernate: select p1_0.product_id,p1_0.image_id,p1_0.alternative,p1_0.path from product_image p1_0 where p1_0.product_id=?
Hibernate: select o1_0.order_id,o1_0.product_id,p1_0.product_id,p1_0.description,p1_0.manufacturer_name,p1_0.name,p1_0.status,p1_0.unit,o1_0.note,o1_0.price,o1_0.quantity from order_detail o1_0 join product p1_0 on p1_0.product_id=o1_0.product_id where o1_0.order_id=?
Hibernate: insert into order_detail (note,price,quantity,order_id,product_id) values (?,?,?,?,?)
Hibernate: select p1_0.product_id,p1_0.description,p1_0.manufacturer_name,p1_0.name,p1_0.status,p1_0.unit from product p1_0 where p1_0.product_id=?
Hibernate: select o1_0.order_id,o2_0.order_id,c1_0.cust_id,c1_0.address,c1_0.email,c1_0.cust_name,c1_0.phone,o2_0.employee_id,e1_0.emp_id,e1_0.address,e1_0.dob,e1_0.email,e1_0.full_name,e1_0.phone,e1_0.status,o2_0.order_date,o1_0.product_id,p1_0.product_id,p1_0.description,p1_0.manufacturer_name,p1_0.name,p1_0.status,p1_0.unit,p2_0.product_id,p2_0.image_id,p2_0.alternative,p2_0.path,o1_0.note,o1_0.price,o1_0.quantity from order_detail o1_0 join orders o2_0 on o2_0.order_id=o1_0.order_id left join customer c1_0 on c1_0.cust_id=o2_0.cust_id left join employee e1_0 on e1_0.emp_id=o2_0.employee_id join product p1_0 on p1_0.product_id=o1_0.product_id left join product_image p2_0 on p1_0.product_id=p2_0.product_id where (o1_0.order_id,o1_0.product_id) in ((?,?))
Hibernate: select o1_0.order_id,c1_0.cust_id,c1_0.address,c1_0.email,c1_0.cust_name,c1_0.phone,o1_0.employee_id,e1_0.emp_id,e1_0.address,e1_0.dob,e1_0.email,e1_0.full_name,e1_0.phone,e1_0.status,o1_0.order_date,o2_0.order_id,o2_0.product_id,p1_0.product_id,p1_0.description,p1_0.manufacturer_name,p1_0.name,p1_0.status,p1_0.unit,o2_0.note,o2_0.price,o2_0.quantity from orders o1_0 left join customer c1_0 on c1_0.cust_id=o1_0.cust_id join employee e1_0 on e1_0.emp_id=o1_0.employee_id left join order_detail o2_0 on o1_0.order_id=o2_0.order_id left join product p1_0 on p1_0.product_id=o2_0.product_id where o1_0.order_id=?
Hibernate: select p1_0.product_id,p1_0.price_date_time,p1_0.note,p1_0.price from product_price p1_0 where p1_0.product_id=?
Hibernate: select p1_0.product_id,p1_0.image_id,p1_0.alternative,p1_0.path from product_image p1_0 where p1_0.product_id=?
Hibernate: select o1_0.product_id,o1_0.order_id,o2_0.order_id,c1_0.cust_id,c1_0.address,c1_0.email,c1_0.cust_name,c1_0.phone,o2_0.employee_id,e1_0.emp_id,e1_0.address,e1_0.dob,e1_0.email,e1_0.full_name,e1_0.phone,e1_0.status,o2_0.order_date,o1_0.note,o1_0.price,o1_0.quantity from order_detail o1_0 join orders o2_0 on o2_0.order_id=o1_0.order_id left join customer c1_0 on c1_0.cust_id=o2_0.cust_id left join employee e1_0 on e1_0.emp_id=o2_0.employee_id where o1_0.product_id=?
Hibernate: select p1_0.product_id,p1_0.price_date_time,p1_0.note,p1_0.price from product_price p1_0 where p1_0.product_id=?
Hibernate: select p1_0.product_id,p1_0.image_id,p1_0.alternative,p1_0.path from product_image p1_0 where p1_0.product_id=?
Hibernate: select o1_0.product_id,o1_0.order_id,o2_0.order_id,c1_0.cust_id,c1_0.address,c1_0.email,c1_0.cust_name,c1_0.phone,o2_0.employee_id,e1_0.emp_id,e1_0.address,e1_0.dob,e1_0.email,e1_0.full_name,e1_0.phone,e1_0.status,o2_0.order_date,o1_0.note,o1_0.price,o1_0.quantity from order_detail o1_0 join orders o2_0 on o2_0.order_id=o1_0.order_id left join customer c1_0 on c1_0.cust_id=o2_0.cust_id left join employee e1_0 on e1_0.emp_id=o2_0.employee_id where o1_0.product_id=?
Hibernate: select l1_0.employee_id,l1_0.order_id,c1_0.cust_id,c1_0.address,c1_0.email,c1_0.cust_name,c1_0.phone,l1_0.order_date from orders l1_0 left join customer c1_0 on c1_0.cust_id=l1_0.cust_id where l1_0.employee_id=?
Hibernate: select p1_0.product_id,p1_0.description,p1_0.manufacturer_name,p1_0.name,p1_0.status,p1_0.unit,o1_0.product_id,o1_0.order_id,o2_0.order_id,c1_0.cust_id,c1_0.address,c1_0.email,c1_0.cust_name,c1_0.phone,o2_0.employee_id,e1_0.emp_id,e1_0.address,e1_0.dob,e1_0.email,e1_0.full_name,e1_0.phone,e1_0.status,o2_0.order_date,o1_0.note,o1_0.price,o1_0.quantity from product p1_0 left join order_detail o1_0 on p1_0.product_id=o1_0.product_id left join orders o2_0 on o2_0.order_id=o1_0.order_id left join customer c1_0 on c1_0.cust_id=o2_0.cust_id left join employee e1_0 on e1_0.emp_id=o2_0.employee_id where p1_0.product_id=?
Hibernate: select o1_0.order_id,o1_0.product_id,p1_0.product_id,p1_0.description,p1_0.manufacturer_name,p1_0.name,p1_0.status,p1_0.unit,o1_0.note,o1_0.price,o1_0.quantity from order_detail o1_0 join product p1_0 on p1_0.product_id=o1_0.product_id where o1_0.order_id=?
Hibernate: select o1_0.order_id,o1_0.product_id,p1_0.product_id,p1_0.description,p1_0.manufacturer_name,p1_0.name,p1_0.status,p1_0.unit,o1_0.note,o1_0.price,o1_0.quantity from order_detail o1_0 join product p1_0 on p1_0.product_id=o1_0.product_id where o1_0.order_id=?
Hibernate: select o1_0.order_id,o1_0.product_id,p1_0.product_id,p1_0.description,p1_0.manufacturer_name,p1_0.name,p1_0.status,p1_0.unit,o1_0.note,o1_0.price,o1_0.quantity from order_detail o1_0 join product p1_0 on p1_0.product_id=o1_0.product_id where o1_0.order_id=?
Hibernate: select p1_0.product_id,p1_0.price_date_time,p1_0.note,p1_0.price from product_price p1_0 where p1_0.product_id=?
Hibernate: select p1_0.product_id,p1_0.image_id,p1_0.alternative,p1_0.path from product_image p1_0 where p1_0.product_id=?
Hibernate: insert into order_detail (note,price,quantity,order_id,product_id) values (?,?,?,?,?)
Hibernate: select e1_0.emp_id,e1_0.address,e1_0.dob,e1_0.email,e1_0.full_name,e1_0.phone,e1_0.status from employee e1_0 where e1_0.emp_id=?
Hibernate: select c1_0.cust_id,c1_0.address,c1_0.email,c1_0.cust_name,c1_0.phone from customer c1_0 where c1_0.cust_id=?
Hibernate: select o1_0.order_id,c1_0.cust_id,c1_0.address,c1_0.email,c1_0.cust_name,c1_0.phone,o1_0.employee_id,e1_0.emp_id,e1_0.address,e1_0.dob,e1_0.email,e1_0.full_name,e1_0.phone,e1_0.status,o1_0.order_date,o2_0.order_id,o2_0.product_id,p1_0.product_id,p1_0.description,p1_0.manufacturer_name,p1_0.name,p1_0.status,p1_0.unit,o2_0.note,o2_0.price,o2_0.quantity from orders o1_0 left join customer c1_0 on c1_0.cust_id=o1_0.cust_id join employee e1_0 on e1_0.emp_id=o1_0.employee_id left join order_detail o2_0 on o1_0.order_id=o2_0.order_id left join product p1_0 on p1_0.product_id=o2_0.product_id where o1_0.order_id=?
Hibernate: select c1_0.cust_id,c1_0.address,c1_0.email,c1_0.cust_name,c1_0.phone from customer c1_0 where c1_0.cust_id=?
Hibernate: select e1_0.emp_id,e1_0.address,e1_0.dob,e1_0.email,e1_0.full_name,e1_0.phone,e1_0.status from employee e1_0 where e1_0.emp_id=?
Hibernate: insert into orders (cust_id,employee_id,order_date,order_id) values (?,?,?,default)
Hibernate: select p1_0.product_id,p1_0.description,p1_0.manufacturer_name,p1_0.name,p1_0.status,p1_0.unit from product p1_0 where p1_0.product_id=?
Hibernate: select o1_0.order_id,o2_0.order_id,c1_0.cust_id,c1_0.address,c1_0.email,c1_0.cust_name,c1_0.phone,o2_0.employee_id,e1_0.emp_id,e1_0.address,e1_0.dob,e1_0.email,e1_0.full_name,e1_0.phone,e1_0.status,o2_0.order_date,o1_0.product_id,p1_0.product_id,p1_0.description,p1_0.manufacturer_name,p1_0.name,p1_0.status,p1_0.unit,p2_0.product_id,p2_0.image_id,p2_0.alternative,p2_0.path,o1_0.note,o1_0.price,o1_0.quantity from order_detail o1_0 join orders o2_0 on o2_0.order_id=o1_0.order_id left join customer c1_0 on c1_0.cust_id=o2_0.cust_id left join employee e1_0 on e1_0.emp_id=o2_0.employee_id join product p1_0 on p1_0.product_id=o1_0.product_id left join product_image p2_0 on p1_0.product_id=p2_0.product_id where (o1_0.order_id,o1_0.product_id) in ((?,?))
Hibernate: select o1_0.order_id,c1_0.cust_id,c1_0.address,c1_0.email,c1_0.cust_name,c1_0.phone,o1_0.employee_id,e1_0.emp_id,e1_0.address,e1_0.dob,e1_0.email,e1_0.full_name,e1_0.phone,e1_0.status,o1_0.order_date,o2_0.order_id,o2_0.product_id,p1_0.product_id,p1_0.description,p1_0.manufacturer_name,p1_0.name,p1_0.status,p1_0.unit,o2_0.note,o2_0.price,o2_0.quantity from orders o1_0 left join customer c1_0 on c1_0.cust_id=o1_0.cust_id join employee e1_0 on e1_0.emp_id=o1_0.employee_id left join order_detail o2_0 on o1_0.order_id=o2_0.order_id left join product p1_0 on p1_0.product_id=o2_0.product_id where o1_0.order_id=?
Hibernate: select l1_0.employee_id,l1_0.order_id,c1_0.cust_id,c1_0.address,c1_0.email,c1_0.cust_name,c1_0.phone,l1_0.order_date from orders l1_0 left join customer c1_0 on c1_0.cust_id=l1_0.cust_id where l1_0.employee_id=?
Hibernate: select p1_0.product_id,p1_0.description,p1_0.manufacturer_name,p1_0.name,p1_0.status,p1_0.unit,o1_0.product_id,o1_0.order_id,o2_0.order_id,c1_0.cust_id,c1_0.address,c1_0.email,c1_0.cust_name,c1_0.phone,o2_0.employee_id,e1_0.emp_id,e1_0.address,e1_0.dob,e1_0.email,e1_0.full_name,e1_0.phone,e1_0.status,o2_0.order_date,o1_0.note,o1_0.price,o1_0.quantity from product p1_0 left join order_detail o1_0 on p1_0.product_id=o1_0.product_id left join orders o2_0 on o2_0.order_id=o1_0.order_id left join customer c1_0 on c1_0.cust_id=o2_0.cust_id left join employee e1_0 on e1_0.emp_id=o2_0.employee_id where p1_0.product_id=?
Hibernate: select o1_0.order_id,o1_0.product_id,p1_0.product_id,p1_0.description,p1_0.manufacturer_name,p1_0.name,p1_0.status,p1_0.unit,o1_0.note,o1_0.price,o1_0.quantity from order_detail o1_0 join product p1_0 on p1_0.product_id=o1_0.product_id where o1_0.order_id=?
Hibernate: select l1_0.employee_id,l1_0.order_id,c1_0.cust_id,c1_0.address,c1_0.email,c1_0.cust_name,c1_0.phone,l1_0.order_date from orders l1_0 left join customer c1_0 on c1_0.cust_id=l1_0.cust_id where l1_0.employee_id=?
Hibernate: select o1_0.order_id,o1_0.product_id,p1_0.product_id,p1_0.description,p1_0.manufacturer_name,p1_0.name,p1_0.status,p1_0.unit,o1_0.note,o1_0.price,o1_0.quantity from order_detail o1_0 join product p1_0 on p1_0.product_id=o1_0.product_id where o1_0.order_id=?
Hibernate: select o1_0.order_id,o1_0.product_id,p1_0.product_id,p1_0.description,p1_0.manufacturer_name,p1_0.name,p1_0.status,p1_0.unit,o1_0.note,o1_0.price,o1_0.quantity from order_detail o1_0 join product p1_0 on p1_0.product_id=o1_0.product_id where o1_0.order_id=?
Hibernate: select o1_0.order_id,o1_0.product_id,p1_0.product_id,p1_0.description,p1_0.manufacturer_name,p1_0.name,p1_0.status,p1_0.unit,o1_0.note,o1_0.price,o1_0.quantity from order_detail o1_0 join product p1_0 on p1_0.product_id=o1_0.product_id where o1_0.order_id=?
Hibernate: select l1_0.employee_id,l1_0.order_id,c1_0.cust_id,c1_0.address,c1_0.email,c1_0.cust_name,c1_0.phone,l1_0.order_date from orders l1_0 left join customer c1_0 on c1_0.cust_id=l1_0.cust_id where l1_0.employee_id=?
Hibernate: select o1_0.order_id,o1_0.product_id,p1_0.product_id,p1_0.description,p1_0.manufacturer_name,p1_0.name,p1_0.status,p1_0.unit,o1_0.note,o1_0.price,o1_0.quantity from order_detail o1_0 join product p1_0 on p1_0.product_id=o1_0.product_id where o1_0.order_id=?
Hibernate: select l1_0.employee_id,l1_0.order_id,c1_0.cust_id,c1_0.address,c1_0.email,c1_0.cust_name,c1_0.phone,l1_0.order_date from orders l1_0 left join customer c1_0 on c1_0.cust_id=l1_0.cust_id where l1_0.employee_id=?
Hibernate: select p1_0.product_id,p1_0.price_date_time,p1_0.note,p1_0.price from product_price p1_0 where p1_0.product_id=?
Hibernate: select p1_0.product_id,p1_0.image_id,p1_0.alternative,p1_0.path from product_image p1_0 where p1_0.product_id=?
Hibernate: select o1_0.order_id,o1_0.product_id,p1_0.product_id,p1_0.description,p1_0.manufacturer_name,p1_0.name,p1_0.status,p1_0.unit,o1_0.note,o1_0.price,o1_0.quantity from order_detail o1_0 join product p1_0 on p1_0.product_id=o1_0.product_id where o1_0.order_id=?
Hibernate: select l1_0.employee_id,l1_0.order_id,c1_0.cust_id,c1_0.address,c1_0.email,c1_0.cust_name,c1_0.phone,l1_0.order_date from orders l1_0 left join customer c1_0 on c1_0.cust_id=l1_0.cust_id where l1_0.employee_id=?
Hibernate: insert into order_detail (note,price,quantity,order_id,product_id) values (?,?,?,?,?)
Hibernate: select p1_0.product_id,p1_0.description,p1_0.manufacturer_name,p1_0.name,p1_0.status,p1_0.unit from product p1_0 where p1_0.product_id=?
Hibernate: select o1_0.order_id,o2_0.order_id,c1_0.cust_id,c1_0.address,c1_0.email,c1_0.cust_name,c1_0.phone,o2_0.employee_id,e1_0.emp_id,e1_0.address,e1_0.dob,e1_0.email,e1_0.full_name,e1_0.phone,e1_0.status,o2_0.order_date,o1_0.product_id,p1_0.product_id,p1_0.description,p1_0.manufacturer_name,p1_0.name,p1_0.status,p1_0.unit,p2_0.product_id,p2_0.image_id,p2_0.alternative,p2_0.path,o1_0.note,o1_0.price,o1_0.quantity from order_detail o1_0 join orders o2_0 on o2_0.order_id=o1_0.order_id left join customer c1_0 on c1_0.cust_id=o2_0.cust_id left join employee e1_0 on e1_0.emp_id=o2_0.employee_id join product p1_0 on p1_0.product_id=o1_0.product_id left join product_image p2_0 on p1_0.product_id=p2_0.product_id where (o1_0.order_id,o1_0.product_id) in ((?,?))
Hibernate: select o1_0.order_id,c1_0.cust_id,c1_0.address,c1_0.email,c1_0.cust_name,c1_0.phone,o1_0.employee_id,e1_0.emp_id,e1_0.address,e1_0.dob,e1_0.email,e1_0.full_name,e1_0.phone,e1_0.status,o1_0.order_date,o2_0.order_id,o2_0.product_id,p1_0.product_id,p1_0.description,p1_0.manufacturer_name,p1_0.name,p1_0.status,p1_0.unit,o2_0.note,o2_0.price,o2_0.quantity from orders o1_0 left join customer c1_0 on c1_0.cust_id=o1_0.cust_id join employee e1_0 on e1_0.emp_id=o1_0.employee_id left join order_detail o2_0 on o1_0.order_id=o2_0.order_id left join product p1_0 on p1_0.product_id=o2_0.product_id where o1_0.order_id=?
Hibernate: select p1_0.product_id,p1_0.price_date_time,p1_0.note,p1_0.price from product_price p1_0 where p1_0.product_id=?
Hibernate: select p1_0.product_id,p1_0.image_id,p1_0.alternative,p1_0.path from product_image p1_0 where p1_0.product_id=?
Hibernate: select o1_0.product_id,o1_0.order_id,o2_0.order_id,c1_0.cust_id,c1_0.address,c1_0.email,c1_0.cust_name,c1_0.phone,o2_0.employee_id,e1_0.emp_id,e1_0.address,e1_0.dob,e1_0.email,e1_0.full_name,e1_0.phone,e1_0.status,o2_0.order_date,o1_0.note,o1_0.price,o1_0.quantity from order_detail o1_0 join orders o2_0 on o2_0.order_id=o1_0.order_id left join customer c1_0 on c1_0.cust_id=o2_0.cust_id left join employee e1_0 on e1_0.emp_id=o2_0.employee_id where o1_0.product_id=?
Hibernate: select l1_0.employee_id,l1_0.order_id,c1_0.cust_id,c1_0.address,c1_0.email,c1_0.cust_name,c1_0.phone,l1_0.order_date from orders l1_0 left join customer c1_0 on c1_0.cust_id=l1_0.cust_id where l1_0.employee_id=?
Hibernate: select p1_0.product_id,p1_0.description,p1_0.manufacturer_name,p1_0.name,p1_0.status,p1_0.unit,o1_0.product_id,o1_0.order_id,o2_0.order_id,c1_0.cust_id,c1_0.address,c1_0.email,c1_0.cust_name,c1_0.phone,o2_0.employee_id,e1_0.emp_id,e1_0.address,e1_0.dob,e1_0.email,e1_0.full_name,e1_0.phone,e1_0.status,o2_0.order_date,o1_0.note,o1_0.price,o1_0.quantity from product p1_0 left join order_detail o1_0 on p1_0.product_id=o1_0.product_id left join orders o2_0 on o2_0.order_id=o1_0.order_id left join customer c1_0 on c1_0.cust_id=o2_0.cust_id left join employee e1_0 on e1_0.emp_id=o2_0.employee_id where p1_0.product_id=?
Hibernate: select o1_0.order_id,o1_0.product_id,p1_0.product_id,p1_0.description,p1_0.manufacturer_name,p1_0.name,p1_0.status,p1_0.unit,o1_0.note,o1_0.price,o1_0.quantity from order_detail o1_0 join product p1_0 on p1_0.product_id=o1_0.product_id where o1_0.order_id=?
Hibernate: select o1_0.order_id,o1_0.product_id,p1_0.product_id,p1_0.description,p1_0.manufacturer_name,p1_0.name,p1_0.status,p1_0.unit,o1_0.note,o1_0.price,o1_0.quantity from order_detail o1_0 join product p1_0 on p1_0.product_id=o1_0.product_id where o1_0.order_id=?
Hibernate: select o1_0.order_id,o1_0.product_id,p1_0.product_id,p1_0.description,p1_0.manufacturer_name,p1_0.name,p1_0.status,p1_0.unit,o1_0.note,o1_0.price,o1_0.quantity from order_detail o1_0 join product p1_0 on p1_0.product_id=o1_0.product_id where o1_0.order_id=?
Hibernate: select o1_0.order_id,o1_0.product_id,p1_0.product_id,p1_0.description,p1_0.manufacturer_name,p1_0.name,p1_0.status,p1_0.unit,o1_0.note,o1_0.price,o1_0.quantity from order_detail o1_0 join product p1_0 on p1_0.product_id=o1_0.product_id where o1_0.order_id=?
Hibernate: select l1_0.employee_id,l1_0.order_id,c1_0.cust_id,c1_0.address,c1_0.email,c1_0.cust_name,c1_0.phone,l1_0.order_date from orders l1_0 left join customer c1_0 on c1_0.cust_id=l1_0.cust_id where l1_0.employee_id=?
Hibernate: select o1_0.order_id,o1_0.product_id,p1_0.product_id,p1_0.description,p1_0.manufacturer_name,p1_0.name,p1_0.status,p1_0.unit,o1_0.note,o1_0.price,o1_0.quantity from order_detail o1_0 join product p1_0 on p1_0.product_id=o1_0.product_id where o1_0.order_id=?
Hibernate: select o1_0.order_id,o1_0.product_id,p1_0.product_id,p1_0.description,p1_0.manufacturer_name,p1_0.name,p1_0.status,p1_0.unit,o1_0.note,o1_0.price,o1_0.quantity from order_detail o1_0 join product p1_0 on p1_0.product_id=o1_0.product_id where o1_0.order_id=?
Hibernate: select o1_0.order_id,o1_0.product_id,p1_0.product_id,p1_0.description,p1_0.manufacturer_name,p1_0.name,p1_0.status,p1_0.unit,o1_0.note,o1_0.price,o1_0.quantity from order_detail o1_0 join product p1_0 on p1_0.product_id=o1_0.product_id where o1_0.order_id=?
Hibernate: select o1_0.order_id,o1_0.product_id,p1_0.product_id,p1_0.description,p1_0.manufacturer_name,p1_0.name,p1_0.status,p1_0.unit,o1_0.note,o1_0.price,o1_0.quantity from order_detail o1_0 join product p1_0 on p1_0.product_id=o1_0.product_id where o1_0.order_id=?
Hibernate: select l1_0.employee_id,l1_0.order_id,c1_0.cust_id,c1_0.address,c1_0.email,c1_0.cust_name,c1_0.phone,l1_0.order_date from orders l1_0 left join customer c1_0 on c1_0.cust_id=l1_0.cust_id where l1_0.employee_id=?
Hibernate: select o1_0.order_id,o1_0.product_id,p1_0.product_id,p1_0.description,p1_0.manufacturer_name,p1_0.name,p1_0.status,p1_0.unit,o1_0.note,o1_0.price,o1_0.quantity from order_detail o1_0 join product p1_0 on p1_0.product_id=o1_0.product_id where o1_0.order_id=?
Hibernate: select p1_0.product_id,p1_0.price_date_time,p1_0.note,p1_0.price from product_price p1_0 where p1_0.product_id=?
Hibernate: select p1_0.product_id,p1_0.image_id,p1_0.alternative,p1_0.path from product_image p1_0 where p1_0.product_id=?
Hibernate: select o1_0.order_id,o1_0.product_id,p1_0.product_id,p1_0.description,p1_0.manufacturer_name,p1_0.name,p1_0.status,p1_0.unit,o1_0.note,o1_0.price,o1_0.quantity from order_detail o1_0 join product p1_0 on p1_0.product_id=o1_0.product_id where o1_0.order_id=?
Hibernate: insert into order_detail (note,price,quantity,order_id,product_id) values (?,?,?,?,?)
Hibernate: select p1_0.product_id,p1_0.description,p1_0.manufacturer_name,p1_0.name,p1_0.status,p1_0.unit from product p1_0 where p1_0.product_id=?
Hibernate: select o1_0.order_id,o2_0.order_id,c1_0.cust_id,c1_0.address,c1_0.email,c1_0.cust_name,c1_0.phone,o2_0.employee_id,e1_0.emp_id,e1_0.address,e1_0.dob,e1_0.email,e1_0.full_name,e1_0.phone,e1_0.status,o2_0.order_date,o1_0.product_id,p1_0.product_id,p1_0.description,p1_0.manufacturer_name,p1_0.name,p1_0.status,p1_0.unit,p2_0.product_id,p2_0.image_id,p2_0.alternative,p2_0.path,o1_0.note,o1_0.price,o1_0.quantity from order_detail o1_0 join orders o2_0 on o2_0.order_id=o1_0.order_id left join customer c1_0 on c1_0.cust_id=o2_0.cust_id left join employee e1_0 on e1_0.emp_id=o2_0.employee_id join product p1_0 on p1_0.product_id=o1_0.product_id left join product_image p2_0 on p1_0.product_id=p2_0.product_id where (o1_0.order_id,o1_0.product_id) in ((?,?))
Hibernate: select o1_0.order_id,c1_0.cust_id,c1_0.address,c1_0.email,c1_0.cust_name,c1_0.phone,o1_0.employee_id,e1_0.emp_id,e1_0.address,e1_0.dob,e1_0.email,e1_0.full_name,e1_0.phone,e1_0.status,o1_0.order_date,o2_0.order_id,o2_0.product_id,p1_0.product_id,p1_0.description,p1_0.manufacturer_name,p1_0.name,p1_0.status,p1_0.unit,o2_0.note,o2_0.price,o2_0.quantity from orders o1_0 left join customer c1_0 on c1_0.cust_id=o1_0.cust_id join employee e1_0 on e1_0.emp_id=o1_0.employee_id left join order_detail o2_0 on o1_0.order_id=o2_0.order_id left join product p1_0 on p1_0.product_id=o2_0.product_id where o1_0.order_id=?
Hibernate: select p1_0.product_id,p1_0.price_date_time,p1_0.note,p1_0.price from product_price p1_0 where p1_0.product_id=?
Hibernate: select p1_0.product_id,p1_0.image_id,p1_0.alternative,p1_0.path from product_image p1_0 where p1_0.product_id=?
Hibernate: select o1_0.product_id,o1_0.order_id,o2_0.order_id,c1_0.cust_id,c1_0.address,c1_0.email,c1_0.cust_name,c1_0.phone,o2_0.employee_id,e1_0.emp_id,e1_0.address,e1_0.dob,e1_0.email,e1_0.full_name,e1_0.phone,e1_0.status,o2_0.order_date,o1_0.note,o1_0.price,o1_0.quantity from order_detail o1_0 join orders o2_0 on o2_0.order_id=o1_0.order_id left join customer c1_0 on c1_0.cust_id=o2_0.cust_id left join employee e1_0 on e1_0.emp_id=o2_0.employee_id where o1_0.product_id=?
Hibernate: select p1_0.product_id,p1_0.price_date_time,p1_0.note,p1_0.price from product_price p1_0 where p1_0.product_id=?
Hibernate: select p1_0.product_id,p1_0.image_id,p1_0.alternative,p1_0.path from product_image p1_0 where p1_0.product_id=?
Hibernate: select o1_0.product_id,o1_0.order_id,o2_0.order_id,c1_0.cust_id,c1_0.address,c1_0.email,c1_0.cust_name,c1_0.phone,o2_0.employee_id,e1_0.emp_id,e1_0.address,e1_0.dob,e1_0.email,e1_0.full_name,e1_0.phone,e1_0.status,o2_0.order_date,o1_0.note,o1_0.price,o1_0.quantity from order_detail o1_0 join orders o2_0 on o2_0.order_id=o1_0.order_id left join customer c1_0 on c1_0.cust_id=o2_0.cust_id left join employee e1_0 on e1_0.emp_id=o2_0.employee_id where o1_0.product_id=?
Hibernate: select l1_0.employee_id,l1_0.order_id,c1_0.cust_id,c1_0.address,c1_0.email,c1_0.cust_name,c1_0.phone,l1_0.order_date from orders l1_0 left join customer c1_0 on c1_0.cust_id=l1_0.cust_id where l1_0.employee_id=?
Hibernate: select p1_0.product_id,p1_0.description,p1_0.manufacturer_name,p1_0.name,p1_0.status,p1_0.unit,o1_0.product_id,o1_0.order_id,o2_0.order_id,c1_0.cust_id,c1_0.address,c1_0.email,c1_0.cust_name,c1_0.phone,o2_0.employee_id,e1_0.emp_id,e1_0.address,e1_0.dob,e1_0.email,e1_0.full_name,e1_0.phone,e1_0.status,o2_0.order_date,o1_0.note,o1_0.price,o1_0.quantity from product p1_0 left join order_detail o1_0 on p1_0.product_id=o1_0.product_id left join orders o2_0 on o2_0.order_id=o1_0.order_id left join customer c1_0 on c1_0.cust_id=o2_0.cust_id left join employee e1_0 on e1_0.emp_id=o2_0.employee_id where p1_0.product_id=?
Hibernate: select o1_0.order_id,o1_0.product_id,p1_0.product_id,p1_0.description,p1_0.manufacturer_name,p1_0.name,p1_0.status,p1_0.unit,o1_0.note,o1_0.price,o1_0.quantity from order_detail o1_0 join product p1_0 on p1_0.product_id=o1_0.product_id where o1_0.order_id=?
Hibernate: select o1_0.order_id,o1_0.product_id,p1_0.product_id,p1_0.description,p1_0.manufacturer_name,p1_0.name,p1_0.status,p1_0.unit,o1_0.note,o1_0.price,o1_0.quantity from order_detail o1_0 join product p1_0 on p1_0.product_id=o1_0.product_id where o1_0.order_id=?
Hibernate: select o1_0.order_id,o1_0.product_id,p1_0.product_id,p1_0.description,p1_0.manufacturer_name,p1_0.name,p1_0.status,p1_0.unit,o1_0.note,o1_0.price,o1_0.quantity from order_detail o1_0 join product p1_0 on p1_0.product_id=o1_0.product_id where o1_0.order_id=?
Hibernate: select o1_0.order_id,o1_0.product_id,p1_0.product_id,p1_0.description,p1_0.manufacturer_name,p1_0.name,p1_0.status,p1_0.unit,o1_0.note,o1_0.price,o1_0.quantity from order_detail o1_0 join product p1_0 on p1_0.product_id=o1_0.product_id where o1_0.order_id=?
Hibernate: select o1_0.order_id,o1_0.product_id,p1_0.product_id,p1_0.description,p1_0.manufacturer_name,p1_0.name,p1_0.status,p1_0.unit,o1_0.note,o1_0.price,o1_0.quantity from order_detail o1_0 join product p1_0 on p1_0.product_id=o1_0.product_id where o1_0.order_id=?
Hibernate: select p1_0.product_id,p1_0.price_date_time,p1_0.note,p1_0.price from product_price p1_0 where p1_0.product_id=?
Hibernate: select p1_0.product_id,p1_0.image_id,p1_0.alternative,p1_0.path from product_image p1_0 where p1_0.product_id=?
Hibernate: select o1_0.order_id,o1_0.product_id,p1_0.product_id,p1_0.description,p1_0.manufacturer_name,p1_0.name,p1_0.status,p1_0.unit,o1_0.note,o1_0.price,o1_0.quantity from order_detail o1_0 join product p1_0 on p1_0.product_id=o1_0.product_id where o1_0.order_id=?
Hibernate: insert into order_detail (note,price,quantity,order_id,product_id) values (?,?,?,?,?)
Hibernate: select e1_0.emp_id,e1_0.address,e1_0.dob,e1_0.email,e1_0.full_name,e1_0.phone,e1_0.status from employee e1_0 where e1_0.emp_id=?
Hibernate: select c1_0.cust_id,c1_0.address,c1_0.email,c1_0.cust_name,c1_0.phone from customer c1_0 where c1_0.cust_id=?
Hibernate: select o1_0.order_id,c1_0.cust_id,c1_0.address,c1_0.email,c1_0.cust_name,c1_0.phone,o1_0.employee_id,e1_0.emp_id,e1_0.address,e1_0.dob,e1_0.email,e1_0.full_name,e1_0.phone,e1_0.status,o1_0.order_date,o2_0.order_id,o2_0.product_id,p1_0.product_id,p1_0.description,p1_0.manufacturer_name,p1_0.name,p1_0.status,p1_0.unit,o2_0.note,o2_0.price,o2_0.quantity from orders o1_0 left join customer c1_0 on c1_0.cust_id=o1_0.cust_id join employee e1_0 on e1_0.emp_id=o1_0.employee_id left join order_detail o2_0 on o1_0.order_id=o2_0.order_id left join product p1_0 on p1_0.product_id=o2_0.product_id where o1_0.order_id=?
Hibernate: select c1_0.cust_id,c1_0.address,c1_0.email,c1_0.cust_name,c1_0.phone from customer c1_0 where c1_0.cust_id=?
Hibernate: select e1_0.emp_id,e1_0.address,e1_0.dob,e1_0.email,e1_0.full_name,e1_0.phone,e1_0.status from employee e1_0 where e1_0.emp_id=?
Hibernate: insert into orders (cust_id,employee_id,order_date,order_id) values (?,?,?,default)
Hibernate: select p1_0.product_id,p1_0.description,p1_0.manufacturer_name,p1_0.name,p1_0.status,p1_0.unit from product p1_0 where p1_0.product_id=?
Hibernate: select o1_0.order_id,o2_0.order_id,c1_0.cust_id,c1_0.address,c1_0.email,c1_0.cust_name,c1_0.phone,o2_0.employee_id,e1_0.emp_id,e1_0.address,e1_0.dob,e1_0.email,e1_0.full_name,e1_0.phone,e1_0.status,o2_0.order_date,o1_0.product_id,p1_0.product_id,p1_0.description,p1_0.manufacturer_name,p1_0.name,p1_0.status,p1_0.unit,p2_0.product_id,p2_0.image_id,p2_0.alternative,p2_0.path,o1_0.note,o1_0.price,o1_0.quantity from order_detail o1_0 join orders o2_0 on o2_0.order_id=o1_0.order_id left join customer c1_0 on c1_0.cust_id=o2_0.cust_id left join employee e1_0 on e1_0.emp_id=o2_0.employee_id join product p1_0 on p1_0.product_id=o1_0.product_id left join product_image p2_0 on p1_0.product_id=p2_0.product_id where (o1_0.order_id,o1_0.product_id) in ((?,?))
Hibernate: select o1_0.order_id,c1_0.cust_id,c1_0.address,c1_0.email,c1_0.cust_name,c1_0.phone,o1_0.employee_id,e1_0.emp_id,e1_0.address,e1_0.dob,e1_0.email,e1_0.full_name,e1_0.phone,e1_0.status,o1_0.order_date,o2_0.order_id,o2_0.product_id,p1_0.product_id,p1_0.description,p1_0.manufacturer_name,p1_0.name,p1_0.status,p1_0.unit,o2_0.note,o2_0.price,o2_0.quantity from orders o1_0 left join customer c1_0 on c1_0.cust_id=o1_0.cust_id join employee e1_0 on e1_0.emp_id=o1_0.employee_id left join order_detail o2_0 on o1_0.order_id=o2_0.order_id left join product p1_0 on p1_0.product_id=o2_0.product_id where o1_0.order_id=?
Hibernate: select l1_0.employee_id,l1_0.order_id,c1_0.cust_id,c1_0.address,c1_0.email,c1_0.cust_name,c1_0.phone,l1_0.order_date from orders l1_0 left join customer c1_0 on c1_0.cust_id=l1_0.cust_id where l1_0.employee_id=?
Hibernate: select p1_0.product_id,p1_0.description,p1_0.manufacturer_name,p1_0.name,p1_0.status,p1_0.unit,o1_0.product_id,o1_0.order_id,o2_0.order_id,c1_0.cust_id,c1_0.address,c1_0.email,c1_0.cust_name,c1_0.phone,o2_0.employee_id,e1_0.emp_id,e1_0.address,e1_0.dob,e1_0.email,e1_0.full_name,e1_0.phone,e1_0.status,o2_0.order_date,o1_0.note,o1_0.price,o1_0.quantity from product p1_0 left join order_detail o1_0 on p1_0.product_id=o1_0.product_id left join orders o2_0 on o2_0.order_id=o1_0.order_id left join customer c1_0 on c1_0.cust_id=o2_0.cust_id left join employee e1_0 on e1_0.emp_id=o2_0.employee_id where p1_0.product_id=?
Hibernate: select o1_0.order_id,o1_0.product_id,p1_0.product_id,p1_0.description,p1_0.manufacturer_name,p1_0.name,p1_0.status,p1_0.unit,o1_0.note,o1_0.price,o1_0.quantity from order_detail o1_0 join product p1_0 on p1_0.product_id=o1_0.product_id where o1_0.order_id=?
Hibernate: select o1_0.order_id,o1_0.product_id,p1_0.product_id,p1_0.description,p1_0.manufacturer_name,p1_0.name,p1_0.status,p1_0.unit,o1_0.note,o1_0.price,o1_0.quantity from order_detail o1_0 join product p1_0 on p1_0.product_id=o1_0.product_id where o1_0.order_id=?
Hibernate: select l1_0.employee_id,l1_0.order_id,c1_0.cust_id,c1_0.address,c1_0.email,c1_0.cust_name,c1_0.phone,l1_0.order_date from orders l1_0 left join customer c1_0 on c1_0.cust_id=l1_0.cust_id where l1_0.employee_id=?
Hibernate: select o1_0.order_id,o1_0.product_id,p1_0.product_id,p1_0.description,p1_0.manufacturer_name,p1_0.name,p1_0.status,p1_0.unit,o1_0.note,o1_0.price,o1_0.quantity from order_detail o1_0 join product p1_0 on p1_0.product_id=o1_0.product_id where o1_0.order_id=?
Hibernate: select o1_0.order_id,o1_0.product_id,p1_0.product_id,p1_0.description,p1_0.manufacturer_name,p1_0.name,p1_0.status,p1_0.unit,o1_0.note,o1_0.price,o1_0.quantity from order_detail o1_0 join product p1_0 on p1_0.product_id=o1_0.product_id where o1_0.order_id=?
Hibernate: select p1_0.product_id,p1_0.price_date_time,p1_0.note,p1_0.price from product_price p1_0 where p1_0.product_id=?
Hibernate: select p1_0.product_id,p1_0.image_id,p1_0.alternative,p1_0.path from product_image p1_0 where p1_0.product_id=?
Hibernate: select o1_0.order_id,o1_0.product_id,p1_0.product_id,p1_0.description,p1_0.manufacturer_name,p1_0.name,p1_0.status,p1_0.unit,o1_0.note,o1_0.price,o1_0.quantity from order_detail o1_0 join product p1_0 on p1_0.product_id=o1_0.product_id where o1_0.order_id=?
Hibernate: select l1_0.employee_id,l1_0.order_id,c1_0.cust_id,c1_0.address,c1_0.email,c1_0.cust_name,c1_0.phone,l1_0.order_date from orders l1_0 left join customer c1_0 on c1_0.cust_id=l1_0.cust_id where l1_0.employee_id=?
Hibernate: insert into order_detail (note,price,quantity,order_id,product_id) values (?,?,?,?,?)
Hibernate: select p1_0.product_id,p1_0.description,p1_0.manufacturer_name,p1_0.name,p1_0.status,p1_0.unit from product p1_0 where p1_0.product_id=?
Hibernate: select o1_0.order_id,o2_0.order_id,c1_0.cust_id,c1_0.address,c1_0.email,c1_0.cust_name,c1_0.phone,o2_0.employee_id,e1_0.emp_id,e1_0.address,e1_0.dob,e1_0.email,e1_0.full_name,e1_0.phone,e1_0.status,o2_0.order_date,o1_0.product_id,p1_0.product_id,p1_0.description,p1_0.manufacturer_name,p1_0.name,p1_0.status,p1_0.unit,p2_0.product_id,p2_0.image_id,p2_0.alternative,p2_0.path,o1_0.note,o1_0.price,o1_0.quantity from order_detail o1_0 join orders o2_0 on o2_0.order_id=o1_0.order_id left join customer c1_0 on c1_0.cust_id=o2_0.cust_id left join employee e1_0 on e1_0.emp_id=o2_0.employee_id join product p1_0 on p1_0.product_id=o1_0.product_id left join product_image p2_0 on p1_0.product_id=p2_0.product_id where (o1_0.order_id,o1_0.product_id) in ((?,?))
Hibernate: select o1_0.order_id,c1_0.cust_id,c1_0.address,c1_0.email,c1_0.cust_name,c1_0.phone,o1_0.employee_id,e1_0.emp_id,e1_0.address,e1_0.dob,e1_0.email,e1_0.full_name,e1_0.phone,e1_0.status,o1_0.order_date,o2_0.order_id,o2_0.product_id,p1_0.product_id,p1_0.description,p1_0.manufacturer_name,p1_0.name,p1_0.status,p1_0.unit,o2_0.note,o2_0.price,o2_0.quantity from orders o1_0 left join customer c1_0 on c1_0.cust_id=o1_0.cust_id join employee e1_0 on e1_0.emp_id=o1_0.employee_id left join order_detail o2_0 on o1_0.order_id=o2_0.order_id left join product p1_0 on p1_0.product_id=o2_0.product_id where o1_0.order_id=?
Hibernate: select p1_0.product_id,p1_0.price_date_time,p1_0.note,p1_0.price from product_price p1_0 where p1_0.product_id=?
Hibernate: select p1_0.product_id,p1_0.image_id,p1_0.alternative,p1_0.path from product_image p1_0 where p1_0.product_id=?
Hibernate: select o1_0.product_id,o1_0.order_id,o2_0.order_id,c1_0.cust_id,c1_0.address,c1_0.email,c1_0.cust_name,c1_0.phone,o2_0.employee_id,e1_0.emp_id,e1_0.address,e1_0.dob,e1_0.email,e1_0.full_name,e1_0.phone,e1_0.status,o2_0.order_date,o1_0.note,o1_0.price,o1_0.quantity from order_detail o1_0 join orders o2_0 on o2_0.order_id=o1_0.order_id left join customer c1_0 on c1_0.cust_id=o2_0.cust_id left join employee e1_0 on e1_0.emp_id=o2_0.employee_id where o1_0.product_id=?
Hibernate: select l1_0.employee_id,l1_0.order_id,c1_0.cust_id,c1_0.address,c1_0.email,c1_0.cust_name,c1_0.phone,l1_0.order_date from orders l1_0 left join customer c1_0 on c1_0.cust_id=l1_0.cust_id where l1_0.employee_id=?
Hibernate: select p1_0.product_id,p1_0.description,p1_0.manufacturer_name,p1_0.name,p1_0.status,p1_0.unit,o1_0.product_id,o1_0.order_id,o2_0.order_id,c1_0.cust_id,c1_0.address,c1_0.email,c1_0.cust_name,c1_0.phone,o2_0.employee_id,e1_0.emp_id,e1_0.address,e1_0.dob,e1_0.email,e1_0.full_name,e1_0.phone,e1_0.status,o2_0.order_date,o1_0.note,o1_0.price,o1_0.quantity from product p1_0 left join order_detail o1_0 on p1_0.product_id=o1_0.product_id left join orders o2_0 on o2_0.order_id=o1_0.order_id left join customer c1_0 on c1_0.cust_id=o2_0.cust_id left join employee e1_0 on e1_0.emp_id=o2_0.employee_id where p1_0.product_id=?
Hibernate: select o1_0.order_id,o1_0.product_id,p1_0.product_id,p1_0.description,p1_0.manufacturer_name,p1_0.name,p1_0.status,p1_0.unit,o1_0.note,o1_0.price,o1_0.quantity from order_detail o1_0 join product p1_0 on p1_0.product_id=o1_0.product_id where o1_0.order_id=?
Hibernate: select l1_0.employee_id,l1_0.order_id,c1_0.cust_id,c1_0.address,c1_0.email,c1_0.cust_name,c1_0.phone,l1_0.order_date from orders l1_0 left join customer c1_0 on c1_0.cust_id=l1_0.cust_id where l1_0.employee_id=?
Hibernate: select o1_0.order_id,o1_0.product_id,p1_0.product_id,p1_0.description,p1_0.manufacturer_name,p1_0.name,p1_0.status,p1_0.unit,o1_0.note,o1_0.price,o1_0.quantity from order_detail o1_0 join product p1_0 on p1_0.product_id=o1_0.product_id where o1_0.order_id=?
Hibernate: select l1_0.employee_id,l1_0.order_id,c1_0.cust_id,c1_0.address,c1_0.email,c1_0.cust_name,c1_0.phone,l1_0.order_date from orders l1_0 left join customer c1_0 on c1_0.cust_id=l1_0.cust_id where l1_0.employee_id=?
Hibernate: select o1_0.order_id,o1_0.product_id,p1_0.product_id,p1_0.description,p1_0.manufacturer_name,p1_0.name,p1_0.status,p1_0.unit,o1_0.note,o1_0.price,o1_0.quantity from order_detail o1_0 join product p1_0 on p1_0.product_id=o1_0.product_id where o1_0.order_id=?
Hibernate: select l1_0.employee_id,l1_0.order_id,c1_0.cust_id,c1_0.address,c1_0.email,c1_0.cust_name,c1_0.phone,l1_0.order_date from orders l1_0 left join customer c1_0 on c1_0.cust_id=l1_0.cust_id where l1_0.employee_id=?
Hibernate: select o1_0.order_id,o1_0.product_id,p1_0.product_id,p1_0.description,p1_0.manufacturer_name,p1_0.name,p1_0.status,p1_0.unit,o1_0.note,o1_0.price,o1_0.quantity from order_detail o1_0 join product p1_0 on p1_0.product_id=o1_0.product_id where o1_0.order_id=?
Hibernate: select o1_0.order_id,o1_0.product_id,p1_0.product_id,p1_0.description,p1_0.manufacturer_name,p1_0.name,p1_0.status,p1_0.unit,o1_0.note,o1_0.price,o1_0.quantity from order_detail o1_0 join product p1_0 on p1_0.product_id=o1_0.product_id where o1_0.order_id=?
Hibernate: select p1_0.product_id,p1_0.price_date_time,p1_0.note,p1_0.price from product_price p1_0 where p1_0.product_id=?
Hibernate: select p1_0.product_id,p1_0.image_id,p1_0.alternative,p1_0.path from product_image p1_0 where p1_0.product_id=?
Hibernate: select o1_0.order_id,o1_0.product_id,p1_0.product_id,p1_0.description,p1_0.manufacturer_name,p1_0.name,p1_0.status,p1_0.unit,o1_0.note,o1_0.price,o1_0.quantity from order_detail o1_0 join product p1_0 on p1_0.product_id=o1_0.product_id where o1_0.order_id=?
Hibernate: select l1_0.employee_id,l1_0.order_id,c1_0.cust_id,c1_0.address,c1_0.email,c1_0.cust_name,c1_0.phone,l1_0.order_date from orders l1_0 left join customer c1_0 on c1_0.cust_id=l1_0.cust_id where l1_0.employee_id=?
Hibernate: insert into order_detail (note,price,quantity,order_id,product_id) values (?,?,?,?,?)
Hibernate: select p1_0.product_id,p1_0.description,p1_0.manufacturer_name,p1_0.name,p1_0.status,p1_0.unit from product p1_0 where p1_0.product_id=?
Hibernate: select o1_0.order_id,o2_0.order_id,c1_0.cust_id,c1_0.address,c1_0.email,c1_0.cust_name,c1_0.phone,o2_0.employee_id,e1_0.emp_id,e1_0.address,e1_0.dob,e1_0.email,e1_0.full_name,e1_0.phone,e1_0.status,o2_0.order_date,o1_0.product_id,p1_0.product_id,p1_0.description,p1_0.manufacturer_name,p1_0.name,p1_0.status,p1_0.unit,p2_0.product_id,p2_0.image_id,p2_0.alternative,p2_0.path,o1_0.note,o1_0.price,o1_0.quantity from order_detail o1_0 join orders o2_0 on o2_0.order_id=o1_0.order_id left join customer c1_0 on c1_0.cust_id=o2_0.cust_id left join employee e1_0 on e1_0.emp_id=o2_0.employee_id join product p1_0 on p1_0.product_id=o1_0.product_id left join product_image p2_0 on p1_0.product_id=p2_0.product_id where (o1_0.order_id,o1_0.product_id) in ((?,?))
Hibernate: select o1_0.order_id,c1_0.cust_id,c1_0.address,c1_0.email,c1_0.cust_name,c1_0.phone,o1_0.employee_id,e1_0.emp_id,e1_0.address,e1_0.dob,e1_0.email,e1_0.full_name,e1_0.phone,e1_0.status,o1_0.order_date,o2_0.order_id,o2_0.product_id,p1_0.product_id,p1_0.description,p1_0.manufacturer_name,p1_0.name,p1_0.status,p1_0.unit,o2_0.note,o2_0.price,o2_0.quantity from orders o1_0 left join customer c1_0 on c1_0.cust_id=o1_0.cust_id join employee e1_0 on e1_0.emp_id=o1_0.employee_id left join order_detail o2_0 on o1_0.order_id=o2_0.order_id left join product p1_0 on p1_0.product_id=o2_0.product_id where o1_0.order_id=?
Hibernate: select p1_0.product_id,p1_0.price_date_time,p1_0.note,p1_0.price from product_price p1_0 where p1_0.product_id=?
Hibernate: select p1_0.product_id,p1_0.image_id,p1_0.alternative,p1_0.path from product_image p1_0 where p1_0.product_id=?
Hibernate: select o1_0.product_id,o1_0.order_id,o2_0.order_id,c1_0.cust_id,c1_0.address,c1_0.email,c1_0.cust_name,c1_0.phone,o2_0.employee_id,e1_0.emp_id,e1_0.address,e1_0.dob,e1_0.email,e1_0.full_name,e1_0.phone,e1_0.status,o2_0.order_date,o1_0.note,o1_0.price,o1_0.quantity from order_detail o1_0 join orders o2_0 on o2_0.order_id=o1_0.order_id left join customer c1_0 on c1_0.cust_id=o2_0.cust_id left join employee e1_0 on e1_0.emp_id=o2_0.employee_id where o1_0.product_id=?
Hibernate: select p1_0.product_id,p1_0.price_date_time,p1_0.note,p1_0.price from product_price p1_0 where p1_0.product_id=?
Hibernate: select p1_0.product_id,p1_0.image_id,p1_0.alternative,p1_0.path from product_image p1_0 where p1_0.product_id=?
Hibernate: select o1_0.product_id,o1_0.order_id,o2_0.order_id,c1_0.cust_id,c1_0.address,c1_0.email,c1_0.cust_name,c1_0.phone,o2_0.employee_id,e1_0.emp_id,e1_0.address,e1_0.dob,e1_0.email,e1_0.full_name,e1_0.phone,e1_0.status,o2_0.order_date,o1_0.note,o1_0.price,o1_0.quantity from order_detail o1_0 join orders o2_0 on o2_0.order_id=o1_0.order_id left join customer c1_0 on c1_0.cust_id=o2_0.cust_id left join employee e1_0 on e1_0.emp_id=o2_0.employee_id where o1_0.product_id=?
Hibernate: select l1_0.employee_id,l1_0.order_id,c1_0.cust_id,c1_0.address,c1_0.email,c1_0.cust_name,c1_0.phone,l1_0.order_date from orders l1_0 left join customer c1_0 on c1_0.cust_id=l1_0.cust_id where l1_0.employee_id=?
Hibernate: select p1_0.product_id,p1_0.description,p1_0.manufacturer_name,p1_0.name,p1_0.status,p1_0.unit,o1_0.product_id,o1_0.order_id,o2_0.order_id,c1_0.cust_id,c1_0.address,c1_0.email,c1_0.cust_name,c1_0.phone,o2_0.employee_id,e1_0.emp_id,e1_0.address,e1_0.dob,e1_0.email,e1_0.full_name,e1_0.phone,e1_0.status,o2_0.order_date,o1_0.note,o1_0.price,o1_0.quantity from product p1_0 left join order_detail o1_0 on p1_0.product_id=o1_0.product_id left join orders o2_0 on o2_0.order_id=o1_0.order_id left join customer c1_0 on c1_0.cust_id=o2_0.cust_id left join employee e1_0 on e1_0.emp_id=o2_0.employee_id where p1_0.product_id=?
Hibernate: select o1_0.order_id,o1_0.product_id,p1_0.product_id,p1_0.description,p1_0.manufacturer_name,p1_0.name,p1_0.status,p1_0.unit,o1_0.note,o1_0.price,o1_0.quantity from order_detail o1_0 join product p1_0 on p1_0.product_id=o1_0.product_id where o1_0.order_id=?
Hibernate: select o1_0.order_id,o1_0.product_id,p1_0.product_id,p1_0.description,p1_0.manufacturer_name,p1_0.name,p1_0.status,p1_0.unit,o1_0.note,o1_0.price,o1_0.quantity from order_detail o1_0 join product p1_0 on p1_0.product_id=o1_0.product_id where o1_0.order_id=?
Hibernate: select o1_0.order_id,o1_0.product_id,p1_0.product_id,p1_0.description,p1_0.manufacturer_name,p1_0.name,p1_0.status,p1_0.unit,o1_0.note,o1_0.price,o1_0.quantity from order_detail o1_0 join product p1_0 on p1_0.product_id=o1_0.product_id where o1_0.order_id=?
Hibernate: select o1_0.order_id,o1_0.product_id,p1_0.product_id,p1_0.description,p1_0.manufacturer_name,p1_0.name,p1_0.status,p1_0.unit,o1_0.note,o1_0.price,o1_0.quantity from order_detail o1_0 join product p1_0 on p1_0.product_id=o1_0.product_id where o1_0.order_id=?
Hibernate: select o1_0.order_id,o1_0.product_id,p1_0.product_id,p1_0.description,p1_0.manufacturer_name,p1_0.name,p1_0.status,p1_0.unit,o1_0.note,o1_0.price,o1_0.quantity from order_detail o1_0 join product p1_0 on p1_0.product_id=o1_0.product_id where o1_0.order_id=?
Hibernate: select p1_0.product_id,p1_0.price_date_time,p1_0.note,p1_0.price from product_price p1_0 where p1_0.product_id=?
Hibernate: select p1_0.product_id,p1_0.image_id,p1_0.alternative,p1_0.path from product_image p1_0 where p1_0.product_id=?
Hibernate: select o1_0.order_id,o1_0.product_id,p1_0.product_id,p1_0.description,p1_0.manufacturer_name,p1_0.name,p1_0.status,p1_0.unit,o1_0.note,o1_0.price,o1_0.quantity from order_detail o1_0 join product p1_0 on p1_0.product_id=o1_0.product_id where o1_0.order_id=?
Hibernate: insert into order_detail (note,price,quantity,order_id,product_id) values (?,?,?,?,?)
Hibernate: select e1_0.emp_id,e1_0.address,e1_0.dob,e1_0.email,e1_0.full_name,e1_0.phone,e1_0.status from employee e1_0 where e1_0.emp_id=?
Hibernate: select c1_0.cust_id,c1_0.address,c1_0.email,c1_0.cust_name,c1_0.phone from customer c1_0 where c1_0.cust_id=?
Hibernate: select o1_0.order_id,c1_0.cust_id,c1_0.address,c1_0.email,c1_0.cust_name,c1_0.phone,o1_0.employee_id,e1_0.emp_id,e1_0.address,e1_0.dob,e1_0.email,e1_0.full_name,e1_0.phone,e1_0.status,o1_0.order_date,o2_0.order_id,o2_0.product_id,p1_0.product_id,p1_0.description,p1_0.manufacturer_name,p1_0.name,p1_0.status,p1_0.unit,o2_0.note,o2_0.price,o2_0.quantity from orders o1_0 left join customer c1_0 on c1_0.cust_id=o1_0.cust_id join employee e1_0 on e1_0.emp_id=o1_0.employee_id left join order_detail o2_0 on o1_0.order_id=o2_0.order_id left join product p1_0 on p1_0.product_id=o2_0.product_id where o1_0.order_id=?
Hibernate: select c1_0.cust_id,c1_0.address,c1_0.email,c1_0.cust_name,c1_0.phone from customer c1_0 where c1_0.cust_id=?
Hibernate: select e1_0.emp_id,e1_0.address,e1_0.dob,e1_0.email,e1_0.full_name,e1_0.phone,e1_0.status from employee e1_0 where e1_0.emp_id=?
Hibernate: insert into orders (cust_id,employee_id,order_date,order_id) values (?,?,?,default)
Hibernate: select p1_0.product_id,p1_0.description,p1_0.manufacturer_name,p1_0.name,p1_0.status,p1_0.unit from product p1_0 where p1_0.product_id=?
Hibernate: select o1_0.order_id,o2_0.order_id,c1_0.cust_id,c1_0.address,c1_0.email,c1_0.cust_name,c1_0.phone,o2_0.employee_id,e1_0.emp_id,e1_0.address,e1_0.dob,e1_0.email,e1_0.full_name,e1_0.phone,e1_0.status,o2_0.order_date,o1_0.product_id,p1_0.product_id,p1_0.description,p1_0.manufacturer_name,p1_0.name,p1_0.status,p1_0.unit,p2_0.product_id,p2_0.image_id,p2_0.alternative,p2_0.path,o1_0.note,o1_0.price,o1_0.quantity from order_detail o1_0 join orders o2_0 on o2_0.order_id=o1_0.order_id left join customer c1_0 on c1_0.cust_id=o2_0.cust_id left join employee e1_0 on e1_0.emp_id=o2_0.employee_id join product p1_0 on p1_0.product_id=o1_0.product_id left join product_image p2_0 on p1_0.product_id=p2_0.product_id where (o1_0.order_id,o1_0.product_id) in ((?,?))
Hibernate: select o1_0.order_id,c1_0.cust_id,c1_0.address,c1_0.email,c1_0.cust_name,c1_0.phone,o1_0.employee_id,e1_0.emp_id,e1_0.address,e1_0.dob,e1_0.email,e1_0.full_name,e1_0.phone,e1_0.status,o1_0.order_date,o2_0.order_id,o2_0.product_id,p1_0.product_id,p1_0.description,p1_0.manufacturer_name,p1_0.name,p1_0.status,p1_0.unit,o2_0.note,o2_0.price,o2_0.quantity from orders o1_0 left join customer c1_0 on c1_0.cust_id=o1_0.cust_id join employee e1_0 on e1_0.emp_id=o1_0.employee_id left join order_detail o2_0 on o1_0.order_id=o2_0.order_id left join product p1_0 on p1_0.product_id=o2_0.product_id where o1_0.order_id=?
Hibernate: select l1_0.employee_id,l1_0.order_id,c1_0.cust_id,c1_0.address,c1_0.email,c1_0.cust_name,c1_0.phone,l1_0.order_date from orders l1_0 left join customer c1_0 on c1_0.cust_id=l1_0.cust_id where l1_0.employee_id=?
Hibernate: select p1_0.product_id,p1_0.description,p1_0.manufacturer_name,p1_0.name,p1_0.status,p1_0.unit,o1_0.product_id,o1_0.order_id,o2_0.order_id,c1_0.cust_id,c1_0.address,c1_0.email,c1_0.cust_name,c1_0.phone,o2_0.employee_id,e1_0.emp_id,e1_0.address,e1_0.dob,e1_0.email,e1_0.full_name,e1_0.phone,e1_0.status,o2_0.order_date,o1_0.note,o1_0.price,o1_0.quantity from product p1_0 left join order_detail o1_0 on p1_0.product_id=o1_0.product_id left join orders o2_0 on o2_0.order_id=o1_0.order_id left join customer c1_0 on c1_0.cust_id=o2_0.cust_id left join employee e1_0 on e1_0.emp_id=o2_0.employee_id where p1_0.product_id=?
Hibernate: select o1_0.order_id,o1_0.product_id,p1_0.product_id,p1_0.description,p1_0.manufacturer_name,p1_0.name,p1_0.status,p1_0.unit,o1_0.note,o1_0.price,o1_0.quantity from order_detail o1_0 join product p1_0 on p1_0.product_id=o1_0.product_id where o1_0.order_id=?
Hibernate: select l1_0.employee_id,l1_0.order_id,c1_0.cust_id,c1_0.address,c1_0.email,c1_0.cust_name,c1_0.phone,l1_0.order_date from orders l1_0 left join customer c1_0 on c1_0.cust_id=l1_0.cust_id where l1_0.employee_id=?
Hibernate: select o1_0.order_id,o1_0.product_id,p1_0.product_id,p1_0.description,p1_0.manufacturer_name,p1_0.name,p1_0.status,p1_0.unit,o1_0.note,o1_0.price,o1_0.quantity from order_detail o1_0 join product p1_0 on p1_0.product_id=o1_0.product_id where o1_0.order_id=?
Hibernate: select l1_0.employee_id,l1_0.order_id,c1_0.cust_id,c1_0.address,c1_0.email,c1_0.cust_name,c1_0.phone,l1_0.order_date from orders l1_0 left join customer c1_0 on c1_0.cust_id=l1_0.cust_id where l1_0.employee_id=?
Hibernate: select o1_0.order_id,o1_0.product_id,p1_0.product_id,p1_0.description,p1_0.manufacturer_name,p1_0.name,p1_0.status,p1_0.unit,o1_0.note,o1_0.price,o1_0.quantity from order_detail o1_0 join product p1_0 on p1_0.product_id=o1_0.product_id where o1_0.order_id=?
Hibernate: select o1_0.order_id,o1_0.product_id,p1_0.product_id,p1_0.description,p1_0.manufacturer_name,p1_0.name,p1_0.status,p1_0.unit,o1_0.note,o1_0.price,o1_0.quantity from order_detail o1_0 join product p1_0 on p1_0.product_id=o1_0.product_id where o1_0.order_id=?
Hibernate: select l1_0.employee_id,l1_0.order_id,c1_0.cust_id,c1_0.address,c1_0.email,c1_0.cust_name,c1_0.phone,l1_0.order_date from orders l1_0 left join customer c1_0 on c1_0.cust_id=l1_0.cust_id where l1_0.employee_id=?
Hibernate: select p1_0.product_id,p1_0.price_date_time,p1_0.note,p1_0.price from product_price p1_0 where p1_0.product_id=?
Hibernate: select p1_0.product_id,p1_0.image_id,p1_0.alternative,p1_0.path from product_image p1_0 where p1_0.product_id=?
Hibernate: select o1_0.order_id,o1_0.product_id,p1_0.product_id,p1_0.description,p1_0.manufacturer_name,p1_0.name,p1_0.status,p1_0.unit,o1_0.note,o1_0.price,o1_0.quantity from order_detail o1_0 join product p1_0 on p1_0.product_id=o1_0.product_id where o1_0.order_id=?
Hibernate: select l1_0.employee_id,l1_0.order_id,c1_0.cust_id,c1_0.address,c1_0.email,c1_0.cust_name,c1_0.phone,l1_0.order_date from orders l1_0 left join customer c1_0 on c1_0.cust_id=l1_0.cust_id where l1_0.employee_id=?
Hibernate: insert into order_detail (note,price,quantity,order_id,product_id) values (?,?,?,?,?)
Hibernate: select p1_0.product_id,p1_0.description,p1_0.manufacturer_name,p1_0.name,p1_0.status,p1_0.unit from product p1_0 where p1_0.product_id=?
Hibernate: select o1_0.order_id,o2_0.order_id,c1_0.cust_id,c1_0.address,c1_0.email,c1_0.cust_name,c1_0.phone,o2_0.employee_id,e1_0.emp_id,e1_0.address,e1_0.dob,e1_0.email,e1_0.full_name,e1_0.phone,e1_0.status,o2_0.order_date,o1_0.product_id,p1_0.product_id,p1_0.description,p1_0.manufacturer_name,p1_0.name,p1_0.status,p1_0.unit,p2_0.product_id,p2_0.image_id,p2_0.alternative,p2_0.path,o1_0.note,o1_0.price,o1_0.quantity from order_detail o1_0 join orders o2_0 on o2_0.order_id=o1_0.order_id left join customer c1_0 on c1_0.cust_id=o2_0.cust_id left join employee e1_0 on e1_0.emp_id=o2_0.employee_id join product p1_0 on p1_0.product_id=o1_0.product_id left join product_image p2_0 on p1_0.product_id=p2_0.product_id where (o1_0.order_id,o1_0.product_id) in ((?,?))
Hibernate: select o1_0.order_id,c1_0.cust_id,c1_0.address,c1_0.email,c1_0.cust_name,c1_0.phone,o1_0.employee_id,e1_0.emp_id,e1_0.address,e1_0.dob,e1_0.email,e1_0.full_name,e1_0.phone,e1_0.status,o1_0.order_date,o2_0.order_id,o2_0.product_id,p1_0.product_id,p1_0.description,p1_0.manufacturer_name,p1_0.name,p1_0.status,p1_0.unit,o2_0.note,o2_0.price,o2_0.quantity from orders o1_0 left join customer c1_0 on c1_0.cust_id=o1_0.cust_id join employee e1_0 on e1_0.emp_id=o1_0.employee_id left join order_detail o2_0 on o1_0.order_id=o2_0.order_id left join product p1_0 on p1_0.product_id=o2_0.product_id where o1_0.order_id=?
Hibernate: select p1_0.product_id,p1_0.price_date_time,p1_0.note,p1_0.price from product_price p1_0 where p1_0.product_id=?
Hibernate: select p1_0.product_id,p1_0.image_id,p1_0.alternative,p1_0.path from product_image p1_0 where p1_0.product_id=?
Hibernate: select o1_0.product_id,o1_0.order_id,o2_0.order_id,c1_0.cust_id,c1_0.address,c1_0.email,c1_0.cust_name,c1_0.phone,o2_0.employee_id,e1_0.emp_id,e1_0.address,e1_0.dob,e1_0.email,e1_0.full_name,e1_0.phone,e1_0.status,o2_0.order_date,o1_0.note,o1_0.price,o1_0.quantity from order_detail o1_0 join orders o2_0 on o2_0.order_id=o1_0.order_id left join customer c1_0 on c1_0.cust_id=o2_0.cust_id left join employee e1_0 on e1_0.emp_id=o2_0.employee_id where o1_0.product_id=?
Hibernate: select l1_0.employee_id,l1_0.order_id,c1_0.cust_id,c1_0.address,c1_0.email,c1_0.cust_name,c1_0.phone,l1_0.order_date from orders l1_0 left join customer c1_0 on c1_0.cust_id=l1_0.cust_id where l1_0.employee_id=?
Hibernate: select p1_0.product_id,p1_0.description,p1_0.manufacturer_name,p1_0.name,p1_0.status,p1_0.unit,o1_0.product_id,o1_0.order_id,o2_0.order_id,c1_0.cust_id,c1_0.address,c1_0.email,c1_0.cust_name,c1_0.phone,o2_0.employee_id,e1_0.emp_id,e1_0.address,e1_0.dob,e1_0.email,e1_0.full_name,e1_0.phone,e1_0.status,o2_0.order_date,o1_0.note,o1_0.price,o1_0.quantity from product p1_0 left join order_detail o1_0 on p1_0.product_id=o1_0.product_id left join orders o2_0 on o2_0.order_id=o1_0.order_id left join customer c1_0 on c1_0.cust_id=o2_0.cust_id left join employee e1_0 on e1_0.emp_id=o2_0.employee_id where p1_0.product_id=?
Hibernate: select o1_0.order_id,o1_0.product_id,p1_0.product_id,p1_0.description,p1_0.manufacturer_name,p1_0.name,p1_0.status,p1_0.unit,o1_0.note,o1_0.price,o1_0.quantity from order_detail o1_0 join product p1_0 on p1_0.product_id=o1_0.product_id where o1_0.order_id=?
Hibernate: select o1_0.order_id,o1_0.product_id,p1_0.product_id,p1_0.description,p1_0.manufacturer_name,p1_0.name,p1_0.status,p1_0.unit,o1_0.note,o1_0.price,o1_0.quantity from order_detail o1_0 join product p1_0 on p1_0.product_id=o1_0.product_id where o1_0.order_id=?
Hibernate: select o1_0.order_id,o1_0.product_id,p1_0.product_id,p1_0.description,p1_0.manufacturer_name,p1_0.name,p1_0.status,p1_0.unit,o1_0.note,o1_0.price,o1_0.quantity from order_detail o1_0 join product p1_0 on p1_0.product_id=o1_0.product_id where o1_0.order_id=?
Hibernate: select o1_0.order_id,o1_0.product_id,p1_0.product_id,p1_0.description,p1_0.manufacturer_name,p1_0.name,p1_0.status,p1_0.unit,o1_0.note,o1_0.price,o1_0.quantity from order_detail o1_0 join product p1_0 on p1_0.product_id=o1_0.product_id where o1_0.order_id=?
Hibernate: select o1_0.order_id,o1_0.product_id,p1_0.product_id,p1_0.description,p1_0.manufacturer_name,p1_0.name,p1_0.status,p1_0.unit,o1_0.note,o1_0.price,o1_0.quantity from order_detail o1_0 join product p1_0 on p1_0.product_id=o1_0.product_id where o1_0.order_id=?
Hibernate: select o1_0.order_id,o1_0.product_id,p1_0.product_id,p1_0.description,p1_0.manufacturer_name,p1_0.name,p1_0.status,p1_0.unit,o1_0.note,o1_0.price,o1_0.quantity from order_detail o1_0 join product p1_0 on p1_0.product_id=o1_0.product_id where o1_0.order_id=?
Hibernate: select o1_0.order_id,o1_0.product_id,p1_0.product_id,p1_0.description,p1_0.manufacturer_name,p1_0.name,p1_0.status,p1_0.unit,o1_0.note,o1_0.price,o1_0.quantity from order_detail o1_0 join product p1_0 on p1_0.product_id=o1_0.product_id where o1_0.order_id=?
Hibernate: select l1_0.employee_id,l1_0.order_id,c1_0.cust_id,c1_0.address,c1_0.email,c1_0.cust_name,c1_0.phone,l1_0.order_date from orders l1_0 left join customer c1_0 on c1_0.cust_id=l1_0.cust_id where l1_0.employee_id=?
Hibernate: select o1_0.order_id,o1_0.product_id,p1_0.product_id,p1_0.description,p1_0.manufacturer_name,p1_0.name,p1_0.status,p1_0.unit,o1_0.note,o1_0.price,o1_0.quantity from order_detail o1_0 join product p1_0 on p1_0.product_id=o1_0.product_id where o1_0.order_id=?
Hibernate: select l1_0.employee_id,l1_0.order_id,c1_0.cust_id,c1_0.address,c1_0.email,c1_0.cust_name,c1_0.phone,l1_0.order_date from orders l1_0 left join customer c1_0 on c1_0.cust_id=l1_0.cust_id where l1_0.employee_id=?
Hibernate: select p1_0.product_id,p1_0.price_date_time,p1_0.note,p1_0.price from product_price p1_0 where p1_0.product_id=?
Hibernate: select p1_0.product_id,p1_0.image_id,p1_0.alternative,p1_0.path from product_image p1_0 where p1_0.product_id=?
Hibernate: select o1_0.order_id,o1_0.product_id,p1_0.product_id,p1_0.description,p1_0.manufacturer_name,p1_0.name,p1_0.status,p1_0.unit,o1_0.note,o1_0.price,o1_0.quantity from order_detail o1_0 join product p1_0 on p1_0.product_id=o1_0.product_id where o1_0.order_id=?
Hibernate: insert into order_detail (note,price,quantity,order_id,product_id) values (?,?,?,?,?)
Hibernate: select p1_0.product_id,p1_0.description,p1_0.manufacturer_name,p1_0.name,p1_0.status,p1_0.unit from product p1_0 where p1_0.product_id=?
Hibernate: select o1_0.order_id,o2_0.order_id,c1_0.cust_id,c1_0.address,c1_0.email,c1_0.cust_name,c1_0.phone,o2_0.employee_id,e1_0.emp_id,e1_0.address,e1_0.dob,e1_0.email,e1_0.full_name,e1_0.phone,e1_0.status,o2_0.order_date,o1_0.product_id,p1_0.product_id,p1_0.description,p1_0.manufacturer_name,p1_0.name,p1_0.status,p1_0.unit,p2_0.product_id,p2_0.image_id,p2_0.alternative,p2_0.path,o1_0.note,o1_0.price,o1_0.quantity from order_detail o1_0 join orders o2_0 on o2_0.order_id=o1_0.order_id left join customer c1_0 on c1_0.cust_id=o2_0.cust_id left join employee e1_0 on e1_0.emp_id=o2_0.employee_id join product p1_0 on p1_0.product_id=o1_0.product_id left join product_image p2_0 on p1_0.product_id=p2_0.product_id where (o1_0.order_id,o1_0.product_id) in ((?,?))
Hibernate: select o1_0.order_id,c1_0.cust_id,c1_0.address,c1_0.email,c1_0.cust_name,c1_0.phone,o1_0.employee_id,e1_0.emp_id,e1_0.address,e1_0.dob,e1_0.email,e1_0.full_name,e1_0.phone,e1_0.status,o1_0.order_date,o2_0.order_id,o2_0.product_id,p1_0.product_id,p1_0.description,p1_0.manufacturer_name,p1_0.name,p1_0.status,p1_0.unit,o2_0.note,o2_0.price,o2_0.quantity from orders o1_0 left join customer c1_0 on c1_0.cust_id=o1_0.cust_id join employee e1_0 on e1_0.emp_id=o1_0.employee_id left join order_detail o2_0 on o1_0.order_id=o2_0.order_id left join product p1_0 on p1_0.product_id=o2_0.product_id where o1_0.order_id=?
Hibernate: select p1_0.product_id,p1_0.price_date_time,p1_0.note,p1_0.price from product_price p1_0 where p1_0.product_id=?
Hibernate: select p1_0.product_id,p1_0.image_id,p1_0.alternative,p1_0.path from product_image p1_0 where p1_0.product_id=?
Hibernate: select o1_0.product_id,o1_0.order_id,o2_0.order_id,c1_0.cust_id,c1_0.address,c1_0.email,c1_0.cust_name,c1_0.phone,o2_0.employee_id,e1_0.emp_id,e1_0.address,e1_0.dob,e1_0.email,e1_0.full_name,e1_0.phone,e1_0.status,o2_0.order_date,o1_0.note,o1_0.price,o1_0.quantity from order_detail o1_0 join orders o2_0 on o2_0.order_id=o1_0.order_id left join customer c1_0 on c1_0.cust_id=o2_0.cust_id left join employee e1_0 on e1_0.emp_id=o2_0.employee_id where o1_0.product_id=?
Hibernate: select p1_0.product_id,p1_0.price_date_time,p1_0.note,p1_0.price from product_price p1_0 where p1_0.product_id=?
Hibernate: select p1_0.product_id,p1_0.image_id,p1_0.alternative,p1_0.path from product_image p1_0 where p1_0.product_id=?
Hibernate: select o1_0.product_id,o1_0.order_id,o2_0.order_id,c1_0.cust_id,c1_0.address,c1_0.email,c1_0.cust_name,c1_0.phone,o2_0.employee_id,e1_0.emp_id,e1_0.address,e1_0.dob,e1_0.email,e1_0.full_name,e1_0.phone,e1_0.status,o2_0.order_date,o1_0.note,o1_0.price,o1_0.quantity from order_detail o1_0 join orders o2_0 on o2_0.order_id=o1_0.order_id left join customer c1_0 on c1_0.cust_id=o2_0.cust_id left join employee e1_0 on e1_0.emp_id=o2_0.employee_id where o1_0.product_id=?
Hibernate: select l1_0.employee_id,l1_0.order_id,c1_0.cust_id,c1_0.address,c1_0.email,c1_0.cust_name,c1_0.phone,l1_0.order_date from orders l1_0 left join customer c1_0 on c1_0.cust_id=l1_0.cust_id where l1_0.employee_id=?
Hibernate: select p1_0.product_id,p1_0.description,p1_0.manufacturer_name,p1_0.name,p1_0.status,p1_0.unit,o1_0.product_id,o1_0.order_id,o2_0.order_id,c1_0.cust_id,c1_0.address,c1_0.email,c1_0.cust_name,c1_0.phone,o2_0.employee_id,e1_0.emp_id,e1_0.address,e1_0.dob,e1_0.email,e1_0.full_name,e1_0.phone,e1_0.status,o2_0.order_date,o1_0.note,o1_0.price,o1_0.quantity from product p1_0 left join order_detail o1_0 on p1_0.product_id=o1_0.product_id left join orders o2_0 on o2_0.order_id=o1_0.order_id left join customer c1_0 on c1_0.cust_id=o2_0.cust_id left join employee e1_0 on e1_0.emp_id=o2_0.employee_id where p1_0.product_id=?
Hibernate: select o1_0.order_id,o1_0.product_id,p1_0.product_id,p1_0.description,p1_0.manufacturer_name,p1_0.name,p1_0.status,p1_0.unit,o1_0.note,o1_0.price,o1_0.quantity from order_detail o1_0 join product p1_0 on p1_0.product_id=o1_0.product_id where o1_0.order_id=?
Hibernate: select o1_0.order_id,o1_0.product_id,p1_0.product_id,p1_0.description,p1_0.manufacturer_name,p1_0.name,p1_0.status,p1_0.unit,o1_0.note,o1_0.price,o1_0.quantity from order_detail o1_0 join product p1_0 on p1_0.product_id=o1_0.product_id where o1_0.order_id=?
Hibernate: select o1_0.order_id,o1_0.product_id,p1_0.product_id,p1_0.description,p1_0.manufacturer_name,p1_0.name,p1_0.status,p1_0.unit,o1_0.note,o1_0.price,o1_0.quantity from order_detail o1_0 join product p1_0 on p1_0.product_id=o1_0.product_id where o1_0.order_id=?
Hibernate: select o1_0.order_id,o1_0.product_id,p1_0.product_id,p1_0.description,p1_0.manufacturer_name,p1_0.name,p1_0.status,p1_0.unit,o1_0.note,o1_0.price,o1_0.quantity from order_detail o1_0 join product p1_0 on p1_0.product_id=o1_0.product_id where o1_0.order_id=?
Hibernate: select p1_0.product_id,p1_0.price_date_time,p1_0.note,p1_0.price from product_price p1_0 where p1_0.product_id=?
Hibernate: select p1_0.product_id,p1_0.image_id,p1_0.alternative,p1_0.path from product_image p1_0 where p1_0.product_id=?
Hibernate: select o1_0.order_id,o1_0.product_id,p1_0.product_id,p1_0.description,p1_0.manufacturer_name,p1_0.name,p1_0.status,p1_0.unit,o1_0.note,o1_0.price,o1_0.quantity from order_detail o1_0 join product p1_0 on p1_0.product_id=o1_0.product_id where o1_0.order_id=?
Hibernate: insert into order_detail (note,price,quantity,order_id,product_id) values (?,?,?,?,?)
Hibernate: select e1_0.emp_id,e1_0.address,e1_0.dob,e1_0.email,e1_0.full_name,e1_0.phone,e1_0.status from employee e1_0 where e1_0.emp_id=?
Hibernate: select c1_0.cust_id,c1_0.address,c1_0.email,c1_0.cust_name,c1_0.phone from customer c1_0 where c1_0.cust_id=?
Hibernate: select o1_0.order_id,c1_0.cust_id,c1_0.address,c1_0.email,c1_0.cust_name,c1_0.phone,o1_0.employee_id,e1_0.emp_id,e1_0.address,e1_0.dob,e1_0.email,e1_0.full_name,e1_0.phone,e1_0.status,o1_0.order_date,o2_0.order_id,o2_0.product_id,p1_0.product_id,p1_0.description,p1_0.manufacturer_name,p1_0.name,p1_0.status,p1_0.unit,o2_0.note,o2_0.price,o2_0.quantity from orders o1_0 left join customer c1_0 on c1_0.cust_id=o1_0.cust_id join employee e1_0 on e1_0.emp_id=o1_0.employee_id left join order_detail o2_0 on o1_0.order_id=o2_0.order_id left join product p1_0 on p1_0.product_id=o2_0.product_id where o1_0.order_id=?
Hibernate: select c1_0.cust_id,c1_0.address,c1_0.email,c1_0.cust_name,c1_0.phone from customer c1_0 where c1_0.cust_id=?
Hibernate: select e1_0.emp_id,e1_0.address,e1_0.dob,e1_0.email,e1_0.full_name,e1_0.phone,e1_0.status from employee e1_0 where e1_0.emp_id=?
Hibernate: insert into orders (cust_id,employee_id,order_date,order_id) values (?,?,?,default)
Hibernate: select p1_0.product_id,p1_0.description,p1_0.manufacturer_name,p1_0.name,p1_0.status,p1_0.unit from product p1_0 where p1_0.product_id=?
Hibernate: select o1_0.order_id,o2_0.order_id,c1_0.cust_id,c1_0.address,c1_0.email,c1_0.cust_name,c1_0.phone,o2_0.employee_id,e1_0.emp_id,e1_0.address,e1_0.dob,e1_0.email,e1_0.full_name,e1_0.phone,e1_0.status,o2_0.order_date,o1_0.product_id,p1_0.product_id,p1_0.description,p1_0.manufacturer_name,p1_0.name,p1_0.status,p1_0.unit,p2_0.product_id,p2_0.image_id,p2_0.alternative,p2_0.path,o1_0.note,o1_0.price,o1_0.quantity from order_detail o1_0 join orders o2_0 on o2_0.order_id=o1_0.order_id left join customer c1_0 on c1_0.cust_id=o2_0.cust_id left join employee e1_0 on e1_0.emp_id=o2_0.employee_id join product p1_0 on p1_0.product_id=o1_0.product_id left join product_image p2_0 on p1_0.product_id=p2_0.product_id where (o1_0.order_id,o1_0.product_id) in ((?,?))
Hibernate: select o1_0.order_id,c1_0.cust_id,c1_0.address,c1_0.email,c1_0.cust_name,c1_0.phone,o1_0.employee_id,e1_0.emp_id,e1_0.address,e1_0.dob,e1_0.email,e1_0.full_name,e1_0.phone,e1_0.status,o1_0.order_date,o2_0.order_id,o2_0.product_id,p1_0.product_id,p1_0.description,p1_0.manufacturer_name,p1_0.name,p1_0.status,p1_0.unit,o2_0.note,o2_0.price,o2_0.quantity from orders o1_0 left join customer c1_0 on c1_0.cust_id=o1_0.cust_id join employee e1_0 on e1_0.emp_id=o1_0.employee_id left join order_detail o2_0 on o1_0.order_id=o2_0.order_id left join product p1_0 on p1_0.product_id=o2_0.product_id where o1_0.order_id=?
Hibernate: select l1_0.employee_id,l1_0.order_id,c1_0.cust_id,c1_0.address,c1_0.email,c1_0.cust_name,c1_0.phone,l1_0.order_date from orders l1_0 left join customer c1_0 on c1_0.cust_id=l1_0.cust_id where l1_0.employee_id=?
Hibernate: select p1_0.product_id,p1_0.description,p1_0.manufacturer_name,p1_0.name,p1_0.status,p1_0.unit,o1_0.product_id,o1_0.order_id,o2_0.order_id,c1_0.cust_id,c1_0.address,c1_0.email,c1_0.cust_name,c1_0.phone,o2_0.employee_id,e1_0.emp_id,e1_0.address,e1_0.dob,e1_0.email,e1_0.full_name,e1_0.phone,e1_0.status,o2_0.order_date,o1_0.note,o1_0.price,o1_0.quantity from product p1_0 left join order_detail o1_0 on p1_0.product_id=o1_0.product_id left join orders o2_0 on o2_0.order_id=o1_0.order_id left join customer c1_0 on c1_0.cust_id=o2_0.cust_id left join employee e1_0 on e1_0.emp_id=o2_0.employee_id where p1_0.product_id=?
Hibernate: select o1_0.order_id,o1_0.product_id,p1_0.product_id,p1_0.description,p1_0.manufacturer_name,p1_0.name,p1_0.status,p1_0.unit,o1_0.note,o1_0.price,o1_0.quantity from order_detail o1_0 join product p1_0 on p1_0.product_id=o1_0.product_id where o1_0.order_id=?
Hibernate: select o1_0.order_id,o1_0.product_id,p1_0.product_id,p1_0.description,p1_0.manufacturer_name,p1_0.name,p1_0.status,p1_0.unit,o1_0.note,o1_0.price,o1_0.quantity from order_detail o1_0 join product p1_0 on p1_0.product_id=o1_0.product_id where o1_0.order_id=?
Hibernate: select o1_0.order_id,o1_0.product_id,p1_0.product_id,p1_0.description,p1_0.manufacturer_name,p1_0.name,p1_0.status,p1_0.unit,o1_0.note,o1_0.price,o1_0.quantity from order_detail o1_0 join product p1_0 on p1_0.product_id=o1_0.product_id where o1_0.order_id=?
Hibernate: select o1_0.order_id,o1_0.product_id,p1_0.product_id,p1_0.description,p1_0.manufacturer_name,p1_0.name,p1_0.status,p1_0.unit,o1_0.note,o1_0.price,o1_0.quantity from order_detail o1_0 join product p1_0 on p1_0.product_id=o1_0.product_id where o1_0.order_id=?
Hibernate: select o1_0.order_id,o1_0.product_id,p1_0.product_id,p1_0.description,p1_0.manufacturer_name,p1_0.name,p1_0.status,p1_0.unit,o1_0.note,o1_0.price,o1_0.quantity from order_detail o1_0 join product p1_0 on p1_0.product_id=o1_0.product_id where o1_0.order_id=?
Hibernate: select o1_0.order_id,o1_0.product_id,p1_0.product_id,p1_0.description,p1_0.manufacturer_name,p1_0.name,p1_0.status,p1_0.unit,o1_0.note,o1_0.price,o1_0.quantity from order_detail o1_0 join product p1_0 on p1_0.product_id=o1_0.product_id where o1_0.order_id=?
Hibernate: select l1_0.employee_id,l1_0.order_id,c1_0.cust_id,c1_0.address,c1_0.email,c1_0.cust_name,c1_0.phone,l1_0.order_date from orders l1_0 left join customer c1_0 on c1_0.cust_id=l1_0.cust_id where l1_0.employee_id=?
Hibernate: select o1_0.order_id,o1_0.product_id,p1_0.product_id,p1_0.description,p1_0.manufacturer_name,p1_0.name,p1_0.status,p1_0.unit,o1_0.note,o1_0.price,o1_0.quantity from order_detail o1_0 join product p1_0 on p1_0.product_id=o1_0.product_id where o1_0.order_id=?
Hibernate: select l1_0.employee_id,l1_0.order_id,c1_0.cust_id,c1_0.address,c1_0.email,c1_0.cust_name,c1_0.phone,l1_0.order_date from orders l1_0 left join customer c1_0 on c1_0.cust_id=l1_0.cust_id where l1_0.employee_id=?
Hibernate: select o1_0.order_id,o1_0.product_id,p1_0.product_id,p1_0.description,p1_0.manufacturer_name,p1_0.name,p1_0.status,p1_0.unit,o1_0.note,o1_0.price,o1_0.quantity from order_detail o1_0 join product p1_0 on p1_0.product_id=o1_0.product_id where o1_0.order_id=?
Hibernate: select l1_0.employee_id,l1_0.order_id,c1_0.cust_id,c1_0.address,c1_0.email,c1_0.cust_name,c1_0.phone,l1_0.order_date from orders l1_0 left join customer c1_0 on c1_0.cust_id=l1_0.cust_id where l1_0.employee_id=?
Hibernate: select p1_0.product_id,p1_0.price_date_time,p1_0.note,p1_0.price from product_price p1_0 where p1_0.product_id=?
Hibernate: select p1_0.product_id,p1_0.image_id,p1_0.alternative,p1_0.path from product_image p1_0 where p1_0.product_id=?
Hibernate: insert into order_detail (note,price,quantity,order_id,product_id) values (?,?,?,?,?)
Hibernate: select p1_0.product_id,p1_0.description,p1_0.manufacturer_name,p1_0.name,p1_0.status,p1_0.unit from product p1_0 where p1_0.product_id=?
Hibernate: select o1_0.order_id,o2_0.order_id,c1_0.cust_id,c1_0.address,c1_0.email,c1_0.cust_name,c1_0.phone,o2_0.employee_id,e1_0.emp_id,e1_0.address,e1_0.dob,e1_0.email,e1_0.full_name,e1_0.phone,e1_0.status,o2_0.order_date,o1_0.product_id,p1_0.product_id,p1_0.description,p1_0.manufacturer_name,p1_0.name,p1_0.status,p1_0.unit,p2_0.product_id,p2_0.image_id,p2_0.alternative,p2_0.path,o1_0.note,o1_0.price,o1_0.quantity from order_detail o1_0 join orders o2_0 on o2_0.order_id=o1_0.order_id left join customer c1_0 on c1_0.cust_id=o2_0.cust_id left join employee e1_0 on e1_0.emp_id=o2_0.employee_id join product p1_0 on p1_0.product_id=o1_0.product_id left join product_image p2_0 on p1_0.product_id=p2_0.product_id where (o1_0.order_id,o1_0.product_id) in ((?,?))
Hibernate: select o1_0.order_id,c1_0.cust_id,c1_0.address,c1_0.email,c1_0.cust_name,c1_0.phone,o1_0.employee_id,e1_0.emp_id,e1_0.address,e1_0.dob,e1_0.email,e1_0.full_name,e1_0.phone,e1_0.status,o1_0.order_date,o2_0.order_id,o2_0.product_id,p1_0.product_id,p1_0.description,p1_0.manufacturer_name,p1_0.name,p1_0.status,p1_0.unit,o2_0.note,o2_0.price,o2_0.quantity from orders o1_0 left join customer c1_0 on c1_0.cust_id=o1_0.cust_id join employee e1_0 on e1_0.emp_id=o1_0.employee_id left join order_detail o2_0 on o1_0.order_id=o2_0.order_id left join product p1_0 on p1_0.product_id=o2_0.product_id where o1_0.order_id=?
Hibernate: select p1_0.product_id,p1_0.price_date_time,p1_0.note,p1_0.price from product_price p1_0 where p1_0.product_id=?
Hibernate: select p1_0.product_id,p1_0.image_id,p1_0.alternative,p1_0.path from product_image p1_0 where p1_0.product_id=?
Hibernate: select o1_0.product_id,o1_0.order_id,o2_0.order_id,c1_0.cust_id,c1_0.address,c1_0.email,c1_0.cust_name,c1_0.phone,o2_0.employee_id,e1_0.emp_id,e1_0.address,e1_0.dob,e1_0.email,e1_0.full_name,e1_0.phone,e1_0.status,o2_0.order_date,o1_0.note,o1_0.price,o1_0.quantity from order_detail o1_0 join orders o2_0 on o2_0.order_id=o1_0.order_id left join customer c1_0 on c1_0.cust_id=o2_0.cust_id left join employee e1_0 on e1_0.emp_id=o2_0.employee_id where o1_0.product_id=?
Hibernate: select l1_0.employee_id,l1_0.order_id,c1_0.cust_id,c1_0.address,c1_0.email,c1_0.cust_name,c1_0.phone,l1_0.order_date from orders l1_0 left join customer c1_0 on c1_0.cust_id=l1_0.cust_id where l1_0.employee_id=?
Hibernate: select p1_0.product_id,p1_0.description,p1_0.manufacturer_name,p1_0.name,p1_0.status,p1_0.unit,o1_0.product_id,o1_0.order_id,o2_0.order_id,c1_0.cust_id,c1_0.address,c1_0.email,c1_0.cust_name,c1_0.phone,o2_0.employee_id,e1_0.emp_id,e1_0.address,e1_0.dob,e1_0.email,e1_0.full_name,e1_0.phone,e1_0.status,o2_0.order_date,o1_0.note,o1_0.price,o1_0.quantity from product p1_0 left join order_detail o1_0 on p1_0.product_id=o1_0.product_id left join orders o2_0 on o2_0.order_id=o1_0.order_id left join customer c1_0 on c1_0.cust_id=o2_0.cust_id left join employee e1_0 on e1_0.emp_id=o2_0.employee_id where p1_0.product_id=?
Hibernate: select o1_0.order_id,o1_0.product_id,p1_0.product_id,p1_0.description,p1_0.manufacturer_name,p1_0.name,p1_0.status,p1_0.unit,o1_0.note,o1_0.price,o1_0.quantity from order_detail o1_0 join product p1_0 on p1_0.product_id=o1_0.product_id where o1_0.order_id=?
Hibernate: select o1_0.order_id,o1_0.product_id,p1_0.product_id,p1_0.description,p1_0.manufacturer_name,p1_0.name,p1_0.status,p1_0.unit,o1_0.note,o1_0.price,o1_0.quantity from order_detail o1_0 join product p1_0 on p1_0.product_id=o1_0.product_id where o1_0.order_id=?
Hibernate: select l1_0.employee_id,l1_0.order_id,c1_0.cust_id,c1_0.address,c1_0.email,c1_0.cust_name,c1_0.phone,l1_0.order_date from orders l1_0 left join customer c1_0 on c1_0.cust_id=l1_0.cust_id where l1_0.employee_id=?
Hibernate: select o1_0.order_id,o1_0.product_id,p1_0.product_id,p1_0.description,p1_0.manufacturer_name,p1_0.name,p1_0.status,p1_0.unit,o1_0.note,o1_0.price,o1_0.quantity from order_detail o1_0 join product p1_0 on p1_0.product_id=o1_0.product_id where o1_0.order_id=?
Hibernate: select l1_0.employee_id,l1_0.order_id,c1_0.cust_id,c1_0.address,c1_0.email,c1_0.cust_name,c1_0.phone,l1_0.order_date from orders l1_0 left join customer c1_0 on c1_0.cust_id=l1_0.cust_id where l1_0.employee_id=?
Hibernate: select o1_0.order_id,o1_0.product_id,p1_0.product_id,p1_0.description,p1_0.manufacturer_name,p1_0.name,p1_0.status,p1_0.unit,o1_0.note,o1_0.price,o1_0.quantity from order_detail o1_0 join product p1_0 on p1_0.product_id=o1_0.product_id where o1_0.order_id=?
Hibernate: select l1_0.employee_id,l1_0.order_id,c1_0.cust_id,c1_0.address,c1_0.email,c1_0.cust_name,c1_0.phone,l1_0.order_date from orders l1_0 left join customer c1_0 on c1_0.cust_id=l1_0.cust_id where l1_0.employee_id=?
Hibernate: select o1_0.order_id,o1_0.product_id,p1_0.product_id,p1_0.description,p1_0.manufacturer_name,p1_0.name,p1_0.status,p1_0.unit,o1_0.note,o1_0.price,o1_0.quantity from order_detail o1_0 join product p1_0 on p1_0.product_id=o1_0.product_id where o1_0.order_id=?
Hibernate: select l1_0.employee_id,l1_0.order_id,c1_0.cust_id,c1_0.address,c1_0.email,c1_0.cust_name,c1_0.phone,l1_0.order_date from orders l1_0 left join customer c1_0 on c1_0.cust_id=l1_0.cust_id where l1_0.employee_id=?
Hibernate: select p1_0.product_id,p1_0.price_date_time,p1_0.note,p1_0.price from product_price p1_0 where p1_0.product_id=?
Hibernate: select p1_0.product_id,p1_0.image_id,p1_0.alternative,p1_0.path from product_image p1_0 where p1_0.product_id=?
Hibernate: select o1_0.order_id,o1_0.product_id,p1_0.product_id,p1_0.description,p1_0.manufacturer_name,p1_0.name,p1_0.status,p1_0.unit,o1_0.note,o1_0.price,o1_0.quantity from order_detail o1_0 join product p1_0 on p1_0.product_id=o1_0.product_id where o1_0.order_id=?
Hibernate: insert into order_detail (note,price,quantity,order_id,product_id) values (?,?,?,?,?)
Hibernate: select p1_0.product_id,p1_0.description,p1_0.manufacturer_name,p1_0.name,p1_0.status,p1_0.unit from product p1_0 where p1_0.product_id=?
Hibernate: select o1_0.order_id,o2_0.order_id,c1_0.cust_id,c1_0.address,c1_0.email,c1_0.cust_name,c1_0.phone,o2_0.employee_id,e1_0.emp_id,e1_0.address,e1_0.dob,e1_0.email,e1_0.full_name,e1_0.phone,e1_0.status,o2_0.order_date,o1_0.product_id,p1_0.product_id,p1_0.description,p1_0.manufacturer_name,p1_0.name,p1_0.status,p1_0.unit,p2_0.product_id,p2_0.image_id,p2_0.alternative,p2_0.path,o1_0.note,o1_0.price,o1_0.quantity from order_detail o1_0 join orders o2_0 on o2_0.order_id=o1_0.order_id left join customer c1_0 on c1_0.cust_id=o2_0.cust_id left join employee e1_0 on e1_0.emp_id=o2_0.employee_id join product p1_0 on p1_0.product_id=o1_0.product_id left join product_image p2_0 on p1_0.product_id=p2_0.product_id where (o1_0.order_id,o1_0.product_id) in ((?,?))
Hibernate: select o1_0.order_id,c1_0.cust_id,c1_0.address,c1_0.email,c1_0.cust_name,c1_0.phone,o1_0.employee_id,e1_0.emp_id,e1_0.address,e1_0.dob,e1_0.email,e1_0.full_name,e1_0.phone,e1_0.status,o1_0.order_date,o2_0.order_id,o2_0.product_id,p1_0.product_id,p1_0.description,p1_0.manufacturer_name,p1_0.name,p1_0.status,p1_0.unit,o2_0.note,o2_0.price,o2_0.quantity from orders o1_0 left join customer c1_0 on c1_0.cust_id=o1_0.cust_id join employee e1_0 on e1_0.emp_id=o1_0.employee_id left join order_detail o2_0 on o1_0.order_id=o2_0.order_id left join product p1_0 on p1_0.product_id=o2_0.product_id where o1_0.order_id=?
Hibernate: select p1_0.product_id,p1_0.price_date_time,p1_0.note,p1_0.price from product_price p1_0 where p1_0.product_id=?
Hibernate: select p1_0.product_id,p1_0.image_id,p1_0.alternative,p1_0.path from product_image p1_0 where p1_0.product_id=?
Hibernate: select o1_0.product_id,o1_0.order_id,o2_0.order_id,c1_0.cust_id,c1_0.address,c1_0.email,c1_0.cust_name,c1_0.phone,o2_0.employee_id,e1_0.emp_id,e1_0.address,e1_0.dob,e1_0.email,e1_0.full_name,e1_0.phone,e1_0.status,o2_0.order_date,o1_0.note,o1_0.price,o1_0.quantity from order_detail o1_0 join orders o2_0 on o2_0.order_id=o1_0.order_id left join customer c1_0 on c1_0.cust_id=o2_0.cust_id left join employee e1_0 on e1_0.emp_id=o2_0.employee_id where o1_0.product_id=?
Hibernate: select p1_0.product_id,p1_0.price_date_time,p1_0.note,p1_0.price from product_price p1_0 where p1_0.product_id=?
Hibernate: select p1_0.product_id,p1_0.image_id,p1_0.alternative,p1_0.path from product_image p1_0 where p1_0.product_id=?
Hibernate: select o1_0.product_id,o1_0.order_id,o2_0.order_id,c1_0.cust_id,c1_0.address,c1_0.email,c1_0.cust_name,c1_0.phone,o2_0.employee_id,e1_0.emp_id,e1_0.address,e1_0.dob,e1_0.email,e1_0.full_name,e1_0.phone,e1_0.status,o2_0.order_date,o1_0.note,o1_0.price,o1_0.quantity from order_detail o1_0 join orders o2_0 on o2_0.order_id=o1_0.order_id left join customer c1_0 on c1_0.cust_id=o2_0.cust_id left join employee e1_0 on e1_0.emp_id=o2_0.employee_id where o1_0.product_id=?
Hibernate: select l1_0.employee_id,l1_0.order_id,c1_0.cust_id,c1_0.address,c1_0.email,c1_0.cust_name,c1_0.phone,l1_0.order_date from orders l1_0 left join customer c1_0 on c1_0.cust_id=l1_0.cust_id where l1_0.employee_id=?
Hibernate: select p1_0.product_id,p1_0.description,p1_0.manufacturer_name,p1_0.name,p1_0.status,p1_0.unit,o1_0.product_id,o1_0.order_id,o2_0.order_id,c1_0.cust_id,c1_0.address,c1_0.email,c1_0.cust_name,c1_0.phone,o2_0.employee_id,e1_0.emp_id,e1_0.address,e1_0.dob,e1_0.email,e1_0.full_name,e1_0.phone,e1_0.status,o2_0.order_date,o1_0.note,o1_0.price,o1_0.quantity from product p1_0 left join order_detail o1_0 on p1_0.product_id=o1_0.product_id left join orders o2_0 on o2_0.order_id=o1_0.order_id left join customer c1_0 on c1_0.cust_id=o2_0.cust_id left join employee e1_0 on e1_0.emp_id=o2_0.employee_id where p1_0.product_id=?
Hibernate: select o1_0.order_id,o1_0.product_id,p1_0.product_id,p1_0.description,p1_0.manufacturer_name,p1_0.name,p1_0.status,p1_0.unit,o1_0.note,o1_0.price,o1_0.quantity from order_detail o1_0 join product p1_0 on p1_0.product_id=o1_0.product_id where o1_0.order_id=?
Hibernate: select o1_0.order_id,o1_0.product_id,p1_0.product_id,p1_0.description,p1_0.manufacturer_name,p1_0.name,p1_0.status,p1_0.unit,o1_0.note,o1_0.price,o1_0.quantity from order_detail o1_0 join product p1_0 on p1_0.product_id=o1_0.product_id where o1_0.order_id=?
Hibernate: select o1_0.order_id,o1_0.product_id,p1_0.product_id,p1_0.description,p1_0.manufacturer_name,p1_0.name,p1_0.status,p1_0.unit,o1_0.note,o1_0.price,o1_0.quantity from order_detail o1_0 join product p1_0 on p1_0.product_id=o1_0.product_id where o1_0.order_id=?
Hibernate: select o1_0.order_id,o1_0.product_id,p1_0.product_id,p1_0.description,p1_0.manufacturer_name,p1_0.name,p1_0.status,p1_0.unit,o1_0.note,o1_0.price,o1_0.quantity from order_detail o1_0 join product p1_0 on p1_0.product_id=o1_0.product_id where o1_0.order_id=?
Hibernate: select o1_0.order_id,o1_0.product_id,p1_0.product_id,p1_0.description,p1_0.manufacturer_name,p1_0.name,p1_0.status,p1_0.unit,o1_0.note,o1_0.price,o1_0.quantity from order_detail o1_0 join product p1_0 on p1_0.product_id=o1_0.product_id where o1_0.order_id=?
Hibernate: select o1_0.order_id,o1_0.product_id,p1_0.product_id,p1_0.description,p1_0.manufacturer_name,p1_0.name,p1_0.status,p1_0.unit,o1_0.note,o1_0.price,o1_0.quantity from order_detail o1_0 join product p1_0 on p1_0.product_id=o1_0.product_id where o1_0.order_id=?
Hibernate: select o1_0.order_id,o1_0.product_id,p1_0.product_id,p1_0.description,p1_0.manufacturer_name,p1_0.name,p1_0.status,p1_0.unit,o1_0.note,o1_0.price,o1_0.quantity from order_detail o1_0 join product p1_0 on p1_0.product_id=o1_0.product_id where o1_0.order_id=?
Hibernate: select o1_0.order_id,o1_0.product_id,p1_0.product_id,p1_0.description,p1_0.manufacturer_name,p1_0.name,p1_0.status,p1_0.unit,o1_0.note,o1_0.price,o1_0.quantity from order_detail o1_0 join product p1_0 on p1_0.product_id=o1_0.product_id where o1_0.order_id=?
Hibernate: select o1_0.order_id,o1_0.product_id,p1_0.product_id,p1_0.description,p1_0.manufacturer_name,p1_0.name,p1_0.status,p1_0.unit,o1_0.note,o1_0.price,o1_0.quantity from order_detail o1_0 join product p1_0 on p1_0.product_id=o1_0.product_id where o1_0.order_id=?
Hibernate: select p1_0.product_id,p1_0.price_date_time,p1_0.note,p1_0.price from product_price p1_0 where p1_0.product_id=?
Hibernate: select p1_0.product_id,p1_0.image_id,p1_0.alternative,p1_0.path from product_image p1_0 where p1_0.product_id=?
Hibernate: select o1_0.order_id,o1_0.product_id,p1_0.product_id,p1_0.description,p1_0.manufacturer_name,p1_0.name,p1_0.status,p1_0.unit,o1_0.note,o1_0.price,o1_0.quantity from order_detail o1_0 join product p1_0 on p1_0.product_id=o1_0.product_id where o1_0.order_id=?
Hibernate: insert into order_detail (note,price,quantity,order_id,product_id) values (?,?,?,?,?)
Hibernate: select e1_0.emp_id,e1_0.address,e1_0.dob,e1_0.email,e1_0.full_name,e1_0.phone,e1_0.status from employee e1_0 where e1_0.emp_id=?
Hibernate: select c1_0.cust_id,c1_0.address,c1_0.email,c1_0.cust_name,c1_0.phone from customer c1_0 where c1_0.cust_id=?
Hibernate: select o1_0.order_id,c1_0.cust_id,c1_0.address,c1_0.email,c1_0.cust_name,c1_0.phone,o1_0.employee_id,e1_0.emp_id,e1_0.address,e1_0.dob,e1_0.email,e1_0.full_name,e1_0.phone,e1_0.status,o1_0.order_date,o2_0.order_id,o2_0.product_id,p1_0.product_id,p1_0.description,p1_0.manufacturer_name,p1_0.name,p1_0.status,p1_0.unit,o2_0.note,o2_0.price,o2_0.quantity from orders o1_0 left join customer c1_0 on c1_0.cust_id=o1_0.cust_id join employee e1_0 on e1_0.emp_id=o1_0.employee_id left join order_detail o2_0 on o1_0.order_id=o2_0.order_id left join product p1_0 on p1_0.product_id=o2_0.product_id where o1_0.order_id=?
Hibernate: select c1_0.cust_id,c1_0.address,c1_0.email,c1_0.cust_name,c1_0.phone from customer c1_0 where c1_0.cust_id=?
Hibernate: select e1_0.emp_id,e1_0.address,e1_0.dob,e1_0.email,e1_0.full_name,e1_0.phone,e1_0.status from employee e1_0 where e1_0.emp_id=?
Hibernate: insert into orders (cust_id,employee_id,order_date,order_id) values (?,?,?,default)
Hibernate: select p1_0.product_id,p1_0.description,p1_0.manufacturer_name,p1_0.name,p1_0.status,p1_0.unit from product p1_0 where p1_0.product_id=?
Hibernate: select o1_0.order_id,o2_0.order_id,c1_0.cust_id,c1_0.address,c1_0.email,c1_0.cust_name,c1_0.phone,o2_0.employee_id,e1_0.emp_id,e1_0.address,e1_0.dob,e1_0.email,e1_0.full_name,e1_0.phone,e1_0.status,o2_0.order_date,o1_0.product_id,p1_0.product_id,p1_0.description,p1_0.manufacturer_name,p1_0.name,p1_0.status,p1_0.unit,p2_0.product_id,p2_0.image_id,p2_0.alternative,p2_0.path,o1_0.note,o1_0.price,o1_0.quantity from order_detail o1_0 join orders o2_0 on o2_0.order_id=o1_0.order_id left join customer c1_0 on c1_0.cust_id=o2_0.cust_id left join employee e1_0 on e1_0.emp_id=o2_0.employee_id join product p1_0 on p1_0.product_id=o1_0.product_id left join product_image p2_0 on p1_0.product_id=p2_0.product_id where (o1_0.order_id,o1_0.product_id) in ((?,?))
Hibernate: select o1_0.order_id,c1_0.cust_id,c1_0.address,c1_0.email,c1_0.cust_name,c1_0.phone,o1_0.employee_id,e1_0.emp_id,e1_0.address,e1_0.dob,e1_0.email,e1_0.full_name,e1_0.phone,e1_0.status,o1_0.order_date,o2_0.order_id,o2_0.product_id,p1_0.product_id,p1_0.description,p1_0.manufacturer_name,p1_0.name,p1_0.status,p1_0.unit,o2_0.note,o2_0.price,o2_0.quantity from orders o1_0 left join customer c1_0 on c1_0.cust_id=o1_0.cust_id join employee e1_0 on e1_0.emp_id=o1_0.employee_id left join order_detail o2_0 on o1_0.order_id=o2_0.order_id left join product p1_0 on p1_0.product_id=o2_0.product_id where o1_0.order_id=?
Hibernate: select l1_0.employee_id,l1_0.order_id,c1_0.cust_id,c1_0.address,c1_0.email,c1_0.cust_name,c1_0.phone,l1_0.order_date from orders l1_0 left join customer c1_0 on c1_0.cust_id=l1_0.cust_id where l1_0.employee_id=?
Hibernate: select p1_0.product_id,p1_0.description,p1_0.manufacturer_name,p1_0.name,p1_0.status,p1_0.unit,o1_0.product_id,o1_0.order_id,o2_0.order_id,c1_0.cust_id,c1_0.address,c1_0.email,c1_0.cust_name,c1_0.phone,o2_0.employee_id,e1_0.emp_id,e1_0.address,e1_0.dob,e1_0.email,e1_0.full_name,e1_0.phone,e1_0.status,o2_0.order_date,o1_0.note,o1_0.price,o1_0.quantity from product p1_0 left join order_detail o1_0 on p1_0.product_id=o1_0.product_id left join orders o2_0 on o2_0.order_id=o1_0.order_id left join customer c1_0 on c1_0.cust_id=o2_0.cust_id left join employee e1_0 on e1_0.emp_id=o2_0.employee_id where p1_0.product_id=?
Hibernate: select o1_0.order_id,o1_0.product_id,p1_0.product_id,p1_0.description,p1_0.manufacturer_name,p1_0.name,p1_0.status,p1_0.unit,o1_0.note,o1_0.price,o1_0.quantity from order_detail o1_0 join product p1_0 on p1_0.product_id=o1_0.product_id where o1_0.order_id=?
Hibernate: select o1_0.order_id,o1_0.product_id,p1_0.product_id,p1_0.description,p1_0.manufacturer_name,p1_0.name,p1_0.status,p1_0.unit,o1_0.note,o1_0.price,o1_0.quantity from order_detail o1_0 join product p1_0 on p1_0.product_id=o1_0.product_id where o1_0.order_id=?
Hibernate: select l1_0.employee_id,l1_0.order_id,c1_0.cust_id,c1_0.address,c1_0.email,c1_0.cust_name,c1_0.phone,l1_0.order_date from orders l1_0 left join customer c1_0 on c1_0.cust_id=l1_0.cust_id where l1_0.employee_id=?
Hibernate: select o1_0.order_id,o1_0.product_id,p1_0.product_id,p1_0.description,p1_0.manufacturer_name,p1_0.name,p1_0.status,p1_0.unit,o1_0.note,o1_0.price,o1_0.quantity from order_detail o1_0 join product p1_0 on p1_0.product_id=o1_0.product_id where o1_0.order_id=?
Hibernate: select o1_0.order_id,o1_0.product_id,p1_0.product_id,p1_0.description,p1_0.manufacturer_name,p1_0.name,p1_0.status,p1_0.unit,o1_0.note,o1_0.price,o1_0.quantity from order_detail o1_0 join product p1_0 on p1_0.product_id=o1_0.product_id where o1_0.order_id=?
Hibernate: select l1_0.employee_id,l1_0.order_id,c1_0.cust_id,c1_0.address,c1_0.email,c1_0.cust_name,c1_0.phone,l1_0.order_date from orders l1_0 left join customer c1_0 on c1_0.cust_id=l1_0.cust_id where l1_0.employee_id=?
Hibernate: select p1_0.product_id,p1_0.price_date_time,p1_0.note,p1_0.price from product_price p1_0 where p1_0.product_id=?
Hibernate: select p1_0.product_id,p1_0.image_id,p1_0.alternative,p1_0.path from product_image p1_0 where p1_0.product_id=?
Hibernate: select o1_0.order_id,o1_0.product_id,p1_0.product_id,p1_0.description,p1_0.manufacturer_name,p1_0.name,p1_0.status,p1_0.unit,o1_0.note,o1_0.price,o1_0.quantity from order_detail o1_0 join product p1_0 on p1_0.product_id=o1_0.product_id where o1_0.order_id=?
Hibernate: select l1_0.employee_id,l1_0.order_id,c1_0.cust_id,c1_0.address,c1_0.email,c1_0.cust_name,c1_0.phone,l1_0.order_date from orders l1_0 left join customer c1_0 on c1_0.cust_id=l1_0.cust_id where l1_0.employee_id=?
Hibernate: insert into order_detail (note,price,quantity,order_id,product_id) values (?,?,?,?,?)
Hibernate: select p1_0.product_id,p1_0.description,p1_0.manufacturer_name,p1_0.name,p1_0.status,p1_0.unit from product p1_0 where p1_0.product_id=?
Hibernate: select o1_0.order_id,o2_0.order_id,c1_0.cust_id,c1_0.address,c1_0.email,c1_0.cust_name,c1_0.phone,o2_0.employee_id,e1_0.emp_id,e1_0.address,e1_0.dob,e1_0.email,e1_0.full_name,e1_0.phone,e1_0.status,o2_0.order_date,o1_0.product_id,p1_0.product_id,p1_0.description,p1_0.manufacturer_name,p1_0.name,p1_0.status,p1_0.unit,p2_0.product_id,p2_0.image_id,p2_0.alternative,p2_0.path,o1_0.note,o1_0.price,o1_0.quantity from order_detail o1_0 join orders o2_0 on o2_0.order_id=o1_0.order_id left join customer c1_0 on c1_0.cust_id=o2_0.cust_id left join employee e1_0 on e1_0.emp_id=o2_0.employee_id join product p1_0 on p1_0.product_id=o1_0.product_id left join product_image p2_0 on p1_0.product_id=p2_0.product_id where (o1_0.order_id,o1_0.product_id) in ((?,?))
Hibernate: select o1_0.order_id,c1_0.cust_id,c1_0.address,c1_0.email,c1_0.cust_name,c1_0.phone,o1_0.employee_id,e1_0.emp_id,e1_0.address,e1_0.dob,e1_0.email,e1_0.full_name,e1_0.phone,e1_0.status,o1_0.order_date,o2_0.order_id,o2_0.product_id,p1_0.product_id,p1_0.description,p1_0.manufacturer_name,p1_0.name,p1_0.status,p1_0.unit,o2_0.note,o2_0.price,o2_0.quantity from orders o1_0 left join customer c1_0 on c1_0.cust_id=o1_0.cust_id join employee e1_0 on e1_0.emp_id=o1_0.employee_id left join order_detail o2_0 on o1_0.order_id=o2_0.order_id left join product p1_0 on p1_0.product_id=o2_0.product_id where o1_0.order_id=?
Hibernate: select p1_0.product_id,p1_0.price_date_time,p1_0.note,p1_0.price from product_price p1_0 where p1_0.product_id=?
Hibernate: select p1_0.product_id,p1_0.image_id,p1_0.alternative,p1_0.path from product_image p1_0 where p1_0.product_id=?
Hibernate: select o1_0.product_id,o1_0.order_id,o2_0.order_id,c1_0.cust_id,c1_0.address,c1_0.email,c1_0.cust_name,c1_0.phone,o2_0.employee_id,e1_0.emp_id,e1_0.address,e1_0.dob,e1_0.email,e1_0.full_name,e1_0.phone,e1_0.status,o2_0.order_date,o1_0.note,o1_0.price,o1_0.quantity from order_detail o1_0 join orders o2_0 on o2_0.order_id=o1_0.order_id left join customer c1_0 on c1_0.cust_id=o2_0.cust_id left join employee e1_0 on e1_0.emp_id=o2_0.employee_id where o1_0.product_id=?
Hibernate: select l1_0.employee_id,l1_0.order_id,c1_0.cust_id,c1_0.address,c1_0.email,c1_0.cust_name,c1_0.phone,l1_0.order_date from orders l1_0 left join customer c1_0 on c1_0.cust_id=l1_0.cust_id where l1_0.employee_id=?
Hibernate: select p1_0.product_id,p1_0.description,p1_0.manufacturer_name,p1_0.name,p1_0.status,p1_0.unit,o1_0.product_id,o1_0.order_id,o2_0.order_id,c1_0.cust_id,c1_0.address,c1_0.email,c1_0.cust_name,c1_0.phone,o2_0.employee_id,e1_0.emp_id,e1_0.address,e1_0.dob,e1_0.email,e1_0.full_name,e1_0.phone,e1_0.status,o2_0.order_date,o1_0.note,o1_0.price,o1_0.quantity from product p1_0 left join order_detail o1_0 on p1_0.product_id=o1_0.product_id left join orders o2_0 on o2_0.order_id=o1_0.order_id left join customer c1_0 on c1_0.cust_id=o2_0.cust_id left join employee e1_0 on e1_0.emp_id=o2_0.employee_id where p1_0.product_id=?
Hibernate: select o1_0.order_id,o1_0.product_id,p1_0.product_id,p1_0.description,p1_0.manufacturer_name,p1_0.name,p1_0.status,p1_0.unit,o1_0.note,o1_0.price,o1_0.quantity from order_detail o1_0 join product p1_0 on p1_0.product_id=o1_0.product_id where o1_0.order_id=?
Hibernate: select l1_0.employee_id,l1_0.order_id,c1_0.cust_id,c1_0.address,c1_0.email,c1_0.cust_name,c1_0.phone,l1_0.order_date from orders l1_0 left join customer c1_0 on c1_0.cust_id=l1_0.cust_id where l1_0.employee_id=?
Hibernate: select o1_0.order_id,o1_0.product_id,p1_0.product_id,p1_0.description,p1_0.manufacturer_name,p1_0.name,p1_0.status,p1_0.unit,o1_0.note,o1_0.price,o1_0.quantity from order_detail o1_0 join product p1_0 on p1_0.product_id=o1_0.product_id where o1_0.order_id=?
Hibernate: select l1_0.employee_id,l1_0.order_id,c1_0.cust_id,c1_0.address,c1_0.email,c1_0.cust_name,c1_0.phone,l1_0.order_date from orders l1_0 left join customer c1_0 on c1_0.cust_id=l1_0.cust_id where l1_0.employee_id=?
Hibernate: select o1_0.order_id,o1_0.product_id,p1_0.product_id,p1_0.description,p1_0.manufacturer_name,p1_0.name,p1_0.status,p1_0.unit,o1_0.note,o1_0.price,o1_0.quantity from order_detail o1_0 join product p1_0 on p1_0.product_id=o1_0.product_id where o1_0.order_id=?
Hibernate: select o1_0.order_id,o1_0.product_id,p1_0.product_id,p1_0.description,p1_0.manufacturer_name,p1_0.name,p1_0.status,p1_0.unit,o1_0.note,o1_0.price,o1_0.quantity from order_detail o1_0 join product p1_0 on p1_0.product_id=o1_0.product_id where o1_0.order_id=?
Hibernate: select l1_0.employee_id,l1_0.order_id,c1_0.cust_id,c1_0.address,c1_0.email,c1_0.cust_name,c1_0.phone,l1_0.order_date from orders l1_0 left join customer c1_0 on c1_0.cust_id=l1_0.cust_id where l1_0.employee_id=?
Hibernate: select o1_0.order_id,o1_0.product_id,p1_0.product_id,p1_0.description,p1_0.manufacturer_name,p1_0.name,p1_0.status,p1_0.unit,o1_0.note,o1_0.price,o1_0.quantity from order_detail o1_0 join product p1_0 on p1_0.product_id=o1_0.product_id where o1_0.order_id=?
Hibernate: select l1_0.employee_id,l1_0.order_id,c1_0.cust_id,c1_0.address,c1_0.email,c1_0.cust_name,c1_0.phone,l1_0.order_date from orders l1_0 left join customer c1_0 on c1_0.cust_id=l1_0.cust_id where l1_0.employee_id=?
Hibernate: select o1_0.order_id,o1_0.product_id,p1_0.product_id,p1_0.description,p1_0.manufacturer_name,p1_0.name,p1_0.status,p1_0.unit,o1_0.note,o1_0.price,o1_0.quantity from order_detail o1_0 join product p1_0 on p1_0.product_id=o1_0.product_id where o1_0.order_id=?
Hibernate: select p1_0.product_id,p1_0.price_date_time,p1_0.note,p1_0.price from product_price p1_0 where p1_0.product_id=?
Hibernate: select p1_0.product_id,p1_0.image_id,p1_0.alternative,p1_0.path from product_image p1_0 where p1_0.product_id=?
Hibernate: insert into order_detail (note,price,quantity,order_id,product_id) values (?,?,?,?,?)
Hibernate: select p1_0.product_id,p1_0.description,p1_0.manufacturer_name,p1_0.name,p1_0.status,p1_0.unit from product p1_0 where p1_0.product_id=?
Hibernate: select o1_0.order_id,o2_0.order_id,c1_0.cust_id,c1_0.address,c1_0.email,c1_0.cust_name,c1_0.phone,o2_0.employee_id,e1_0.emp_id,e1_0.address,e1_0.dob,e1_0.email,e1_0.full_name,e1_0.phone,e1_0.status,o2_0.order_date,o1_0.product_id,p1_0.product_id,p1_0.description,p1_0.manufacturer_name,p1_0.name,p1_0.status,p1_0.unit,p2_0.product_id,p2_0.image_id,p2_0.alternative,p2_0.path,o1_0.note,o1_0.price,o1_0.quantity from order_detail o1_0 join orders o2_0 on o2_0.order_id=o1_0.order_id left join customer c1_0 on c1_0.cust_id=o2_0.cust_id left join employee e1_0 on e1_0.emp_id=o2_0.employee_id join product p1_0 on p1_0.product_id=o1_0.product_id left join product_image p2_0 on p1_0.product_id=p2_0.product_id where (o1_0.order_id,o1_0.product_id) in ((?,?))
Hibernate: select o1_0.order_id,c1_0.cust_id,c1_0.address,c1_0.email,c1_0.cust_name,c1_0.phone,o1_0.employee_id,e1_0.emp_id,e1_0.address,e1_0.dob,e1_0.email,e1_0.full_name,e1_0.phone,e1_0.status,o1_0.order_date,o2_0.order_id,o2_0.product_id,p1_0.product_id,p1_0.description,p1_0.manufacturer_name,p1_0.name,p1_0.status,p1_0.unit,o2_0.note,o2_0.price,o2_0.quantity from orders o1_0 left join customer c1_0 on c1_0.cust_id=o1_0.cust_id join employee e1_0 on e1_0.emp_id=o1_0.employee_id left join order_detail o2_0 on o1_0.order_id=o2_0.order_id left join product p1_0 on p1_0.product_id=o2_0.product_id where o1_0.order_id=?
Hibernate: select p1_0.product_id,p1_0.price_date_time,p1_0.note,p1_0.price from product_price p1_0 where p1_0.product_id=?
Hibernate: select p1_0.product_id,p1_0.image_id,p1_0.alternative,p1_0.path from product_image p1_0 where p1_0.product_id=?
Hibernate: select o1_0.product_id,o1_0.order_id,o2_0.order_id,c1_0.cust_id,c1_0.address,c1_0.email,c1_0.cust_name,c1_0.phone,o2_0.employee_id,e1_0.emp_id,e1_0.address,e1_0.dob,e1_0.email,e1_0.full_name,e1_0.phone,e1_0.status,o2_0.order_date,o1_0.note,o1_0.price,o1_0.quantity from order_detail o1_0 join orders o2_0 on o2_0.order_id=o1_0.order_id left join customer c1_0 on c1_0.cust_id=o2_0.cust_id left join employee e1_0 on e1_0.emp_id=o2_0.employee_id where o1_0.product_id=?
Hibernate: select p1_0.product_id,p1_0.price_date_time,p1_0.note,p1_0.price from product_price p1_0 where p1_0.product_id=?
Hibernate: select p1_0.product_id,p1_0.image_id,p1_0.alternative,p1_0.path from product_image p1_0 where p1_0.product_id=?
Hibernate: select o1_0.product_id,o1_0.order_id,o2_0.order_id,c1_0.cust_id,c1_0.address,c1_0.email,c1_0.cust_name,c1_0.phone,o2_0.employee_id,e1_0.emp_id,e1_0.address,e1_0.dob,e1_0.email,e1_0.full_name,e1_0.phone,e1_0.status,o2_0.order_date,o1_0.note,o1_0.price,o1_0.quantity from order_detail o1_0 join orders o2_0 on o2_0.order_id=o1_0.order_id left join customer c1_0 on c1_0.cust_id=o2_0.cust_id left join employee e1_0 on e1_0.emp_id=o2_0.employee_id where o1_0.product_id=?
Hibernate: select l1_0.employee_id,l1_0.order_id,c1_0.cust_id,c1_0.address,c1_0.email,c1_0.cust_name,c1_0.phone,l1_0.order_date from orders l1_0 left join customer c1_0 on c1_0.cust_id=l1_0.cust_id where l1_0.employee_id=?
Hibernate: select p1_0.product_id,p1_0.description,p1_0.manufacturer_name,p1_0.name,p1_0.status,p1_0.unit,o1_0.product_id,o1_0.order_id,o2_0.order_id,c1_0.cust_id,c1_0.address,c1_0.email,c1_0.cust_name,c1_0.phone,o2_0.employee_id,e1_0.emp_id,e1_0.address,e1_0.dob,e1_0.email,e1_0.full_name,e1_0.phone,e1_0.status,o2_0.order_date,o1_0.note,o1_0.price,o1_0.quantity from product p1_0 left join order_detail o1_0 on p1_0.product_id=o1_0.product_id left join orders o2_0 on o2_0.order_id=o1_0.order_id left join customer c1_0 on c1_0.cust_id=o2_0.cust_id left join employee e1_0 on e1_0.emp_id=o2_0.employee_id where p1_0.product_id=?
Hibernate: select o1_0.order_id,o1_0.product_id,p1_0.product_id,p1_0.description,p1_0.manufacturer_name,p1_0.name,p1_0.status,p1_0.unit,o1_0.note,o1_0.price,o1_0.quantity from order_detail o1_0 join product p1_0 on p1_0.product_id=o1_0.product_id where o1_0.order_id=?
Hibernate: select o1_0.order_id,o1_0.product_id,p1_0.product_id,p1_0.description,p1_0.manufacturer_name,p1_0.name,p1_0.status,p1_0.unit,o1_0.note,o1_0.price,o1_0.quantity from order_detail o1_0 join product p1_0 on p1_0.product_id=o1_0.product_id where o1_0.order_id=?
Hibernate: select o1_0.order_id,o1_0.product_id,p1_0.product_id,p1_0.description,p1_0.manufacturer_name,p1_0.name,p1_0.status,p1_0.unit,o1_0.note,o1_0.price,o1_0.quantity from order_detail o1_0 join product p1_0 on p1_0.product_id=o1_0.product_id where o1_0.order_id=?
Hibernate: select o1_0.order_id,o1_0.product_id,p1_0.product_id,p1_0.description,p1_0.manufacturer_name,p1_0.name,p1_0.status,p1_0.unit,o1_0.note,o1_0.price,o1_0.quantity from order_detail o1_0 join product p1_0 on p1_0.product_id=o1_0.product_id where o1_0.order_id=?
Hibernate: select o1_0.order_id,o1_0.product_id,p1_0.product_id,p1_0.description,p1_0.manufacturer_name,p1_0.name,p1_0.status,p1_0.unit,o1_0.note,o1_0.price,o1_0.quantity from order_detail o1_0 join product p1_0 on p1_0.product_id=o1_0.product_id where o1_0.order_id=?
Hibernate: select o1_0.order_id,o1_0.product_id,p1_0.product_id,p1_0.description,p1_0.manufacturer_name,p1_0.name,p1_0.status,p1_0.unit,o1_0.note,o1_0.price,o1_0.quantity from order_detail o1_0 join product p1_0 on p1_0.product_id=o1_0.product_id where o1_0.order_id=?
Hibernate: select p1_0.product_id,p1_0.price_date_time,p1_0.note,p1_0.price from product_price p1_0 where p1_0.product_id=?
Hibernate: select p1_0.product_id,p1_0.image_id,p1_0.alternative,p1_0.path from product_image p1_0 where p1_0.product_id=?
Hibernate: select o1_0.order_id,o1_0.product_id,p1_0.product_id,p1_0.description,p1_0.manufacturer_name,p1_0.name,p1_0.status,p1_0.unit,o1_0.note,o1_0.price,o1_0.quantity from order_detail o1_0 join product p1_0 on p1_0.product_id=o1_0.product_id where o1_0.order_id=?
Hibernate: insert into order_detail (note,price,quantity,order_id,product_id) values (?,?,?,?,?)
Hibernate: select e1_0.emp_id,e1_0.address,e1_0.dob,e1_0.email,e1_0.full_name,e1_0.phone,e1_0.status from employee e1_0 where e1_0.emp_id=?
Hibernate: select c1_0.cust_id,c1_0.address,c1_0.email,c1_0.cust_name,c1_0.phone from customer c1_0 where c1_0.cust_id=?
Hibernate: select o1_0.order_id,c1_0.cust_id,c1_0.address,c1_0.email,c1_0.cust_name,c1_0.phone,o1_0.employee_id,e1_0.emp_id,e1_0.address,e1_0.dob,e1_0.email,e1_0.full_name,e1_0.phone,e1_0.status,o1_0.order_date,o2_0.order_id,o2_0.product_id,p1_0.product_id,p1_0.description,p1_0.manufacturer_name,p1_0.name,p1_0.status,p1_0.unit,o2_0.note,o2_0.price,o2_0.quantity from orders o1_0 left join customer c1_0 on c1_0.cust_id=o1_0.cust_id join employee e1_0 on e1_0.emp_id=o1_0.employee_id left join order_detail o2_0 on o1_0.order_id=o2_0.order_id left join product p1_0 on p1_0.product_id=o2_0.product_id where o1_0.order_id=?
Hibernate: select c1_0.cust_id,c1_0.address,c1_0.email,c1_0.cust_name,c1_0.phone from customer c1_0 where c1_0.cust_id=?
Hibernate: select e1_0.emp_id,e1_0.address,e1_0.dob,e1_0.email,e1_0.full_name,e1_0.phone,e1_0.status from employee e1_0 where e1_0.emp_id=?
Hibernate: insert into orders (cust_id,employee_id,order_date,order_id) values (?,?,?,default)
Hibernate: select p1_0.product_id,p1_0.description,p1_0.manufacturer_name,p1_0.name,p1_0.status,p1_0.unit from product p1_0 where p1_0.product_id=?
Hibernate: select o1_0.order_id,o2_0.order_id,c1_0.cust_id,c1_0.address,c1_0.email,c1_0.cust_name,c1_0.phone,o2_0.employee_id,e1_0.emp_id,e1_0.address,e1_0.dob,e1_0.email,e1_0.full_name,e1_0.phone,e1_0.status,o2_0.order_date,o1_0.product_id,p1_0.product_id,p1_0.description,p1_0.manufacturer_name,p1_0.name,p1_0.status,p1_0.unit,p2_0.product_id,p2_0.image_id,p2_0.alternative,p2_0.path,o1_0.note,o1_0.price,o1_0.quantity from order_detail o1_0 join orders o2_0 on o2_0.order_id=o1_0.order_id left join customer c1_0 on c1_0.cust_id=o2_0.cust_id left join employee e1_0 on e1_0.emp_id=o2_0.employee_id join product p1_0 on p1_0.product_id=o1_0.product_id left join product_image p2_0 on p1_0.product_id=p2_0.product_id where (o1_0.order_id,o1_0.product_id) in ((?,?))
Hibernate: select o1_0.order_id,c1_0.cust_id,c1_0.address,c1_0.email,c1_0.cust_name,c1_0.phone,o1_0.employee_id,e1_0.emp_id,e1_0.address,e1_0.dob,e1_0.email,e1_0.full_name,e1_0.phone,e1_0.status,o1_0.order_date,o2_0.order_id,o2_0.product_id,p1_0.product_id,p1_0.description,p1_0.manufacturer_name,p1_0.name,p1_0.status,p1_0.unit,o2_0.note,o2_0.price,o2_0.quantity from orders o1_0 left join customer c1_0 on c1_0.cust_id=o1_0.cust_id join employee e1_0 on e1_0.emp_id=o1_0.employee_id left join order_detail o2_0 on o1_0.order_id=o2_0.order_id left join product p1_0 on p1_0.product_id=o2_0.product_id where o1_0.order_id=?
Hibernate: select l1_0.employee_id,l1_0.order_id,c1_0.cust_id,c1_0.address,c1_0.email,c1_0.cust_name,c1_0.phone,l1_0.order_date from orders l1_0 left join customer c1_0 on c1_0.cust_id=l1_0.cust_id where l1_0.employee_id=?
Hibernate: select p1_0.product_id,p1_0.description,p1_0.manufacturer_name,p1_0.name,p1_0.status,p1_0.unit,o1_0.product_id,o1_0.order_id,o2_0.order_id,c1_0.cust_id,c1_0.address,c1_0.email,c1_0.cust_name,c1_0.phone,o2_0.employee_id,e1_0.emp_id,e1_0.address,e1_0.dob,e1_0.email,e1_0.full_name,e1_0.phone,e1_0.status,o2_0.order_date,o1_0.note,o1_0.price,o1_0.quantity from product p1_0 left join order_detail o1_0 on p1_0.product_id=o1_0.product_id left join orders o2_0 on o2_0.order_id=o1_0.order_id left join customer c1_0 on c1_0.cust_id=o2_0.cust_id left join employee e1_0 on e1_0.emp_id=o2_0.employee_id where p1_0.product_id=?
Hibernate: select o1_0.order_id,o1_0.product_id,p1_0.product_id,p1_0.description,p1_0.manufacturer_name,p1_0.name,p1_0.status,p1_0.unit,o1_0.note,o1_0.price,o1_0.quantity from order_detail o1_0 join product p1_0 on p1_0.product_id=o1_0.product_id where o1_0.order_id=?
Hibernate: select l1_0.employee_id,l1_0.order_id,c1_0.cust_id,c1_0.address,c1_0.email,c1_0.cust_name,c1_0.phone,l1_0.order_date from orders l1_0 left join customer c1_0 on c1_0.cust_id=l1_0.cust_id where l1_0.employee_id=?
Hibernate: select o1_0.order_id,o1_0.product_id,p1_0.product_id,p1_0.description,p1_0.manufacturer_name,p1_0.name,p1_0.status,p1_0.unit,o1_0.note,o1_0.price,o1_0.quantity from order_detail o1_0 join product p1_0 on p1_0.product_id=o1_0.product_id where o1_0.order_id=?
Hibernate: select l1_0.employee_id,l1_0.order_id,c1_0.cust_id,c1_0.address,c1_0.email,c1_0.cust_name,c1_0.phone,l1_0.order_date from orders l1_0 left join customer c1_0 on c1_0.cust_id=l1_0.cust_id where l1_0.employee_id=?
Hibernate: select o1_0.order_id,o1_0.product_id,p1_0.product_id,p1_0.description,p1_0.manufacturer_name,p1_0.name,p1_0.status,p1_0.unit,o1_0.note,o1_0.price,o1_0.quantity from order_detail o1_0 join product p1_0 on p1_0.product_id=o1_0.product_id where o1_0.order_id=?
Hibernate: select p1_0.product_id,p1_0.price_date_time,p1_0.note,p1_0.price from product_price p1_0 where p1_0.product_id=?
Hibernate: select p1_0.product_id,p1_0.image_id,p1_0.alternative,p1_0.path from product_image p1_0 where p1_0.product_id=?
Hibernate: select o1_0.order_id,o1_0.product_id,p1_0.product_id,p1_0.description,p1_0.manufacturer_name,p1_0.name,p1_0.status,p1_0.unit,o1_0.note,o1_0.price,o1_0.quantity from order_detail o1_0 join product p1_0 on p1_0.product_id=o1_0.product_id where o1_0.order_id=?
Hibernate: select l1_0.employee_id,l1_0.order_id,c1_0.cust_id,c1_0.address,c1_0.email,c1_0.cust_name,c1_0.phone,l1_0.order_date from orders l1_0 left join customer c1_0 on c1_0.cust_id=l1_0.cust_id where l1_0.employee_id=?
Hibernate: insert into order_detail (note,price,quantity,order_id,product_id) values (?,?,?,?,?)
Hibernate: select p1_0.product_id,p1_0.description,p1_0.manufacturer_name,p1_0.name,p1_0.status,p1_0.unit from product p1_0 where p1_0.product_id=?
Hibernate: select o1_0.order_id,o2_0.order_id,c1_0.cust_id,c1_0.address,c1_0.email,c1_0.cust_name,c1_0.phone,o2_0.employee_id,e1_0.emp_id,e1_0.address,e1_0.dob,e1_0.email,e1_0.full_name,e1_0.phone,e1_0.status,o2_0.order_date,o1_0.product_id,p1_0.product_id,p1_0.description,p1_0.manufacturer_name,p1_0.name,p1_0.status,p1_0.unit,p2_0.product_id,p2_0.image_id,p2_0.alternative,p2_0.path,o1_0.note,o1_0.price,o1_0.quantity from order_detail o1_0 join orders o2_0 on o2_0.order_id=o1_0.order_id left join customer c1_0 on c1_0.cust_id=o2_0.cust_id left join employee e1_0 on e1_0.emp_id=o2_0.employee_id join product p1_0 on p1_0.product_id=o1_0.product_id left join product_image p2_0 on p1_0.product_id=p2_0.product_id where (o1_0.order_id,o1_0.product_id) in ((?,?))
Hibernate: select o1_0.order_id,c1_0.cust_id,c1_0.address,c1_0.email,c1_0.cust_name,c1_0.phone,o1_0.employee_id,e1_0.emp_id,e1_0.address,e1_0.dob,e1_0.email,e1_0.full_name,e1_0.phone,e1_0.status,o1_0.order_date,o2_0.order_id,o2_0.product_id,p1_0.product_id,p1_0.description,p1_0.manufacturer_name,p1_0.name,p1_0.status,p1_0.unit,o2_0.note,o2_0.price,o2_0.quantity from orders o1_0 left join customer c1_0 on c1_0.cust_id=o1_0.cust_id join employee e1_0 on e1_0.emp_id=o1_0.employee_id left join order_detail o2_0 on o1_0.order_id=o2_0.order_id left join product p1_0 on p1_0.product_id=o2_0.product_id where o1_0.order_id=?
Hibernate: select p1_0.product_id,p1_0.price_date_time,p1_0.note,p1_0.price from product_price p1_0 where p1_0.product_id=?
Hibernate: select p1_0.product_id,p1_0.image_id,p1_0.alternative,p1_0.path from product_image p1_0 where p1_0.product_id=?
Hibernate: select o1_0.product_id,o1_0.order_id,o2_0.order_id,c1_0.cust_id,c1_0.address,c1_0.email,c1_0.cust_name,c1_0.phone,o2_0.employee_id,e1_0.emp_id,e1_0.address,e1_0.dob,e1_0.email,e1_0.full_name,e1_0.phone,e1_0.status,o2_0.order_date,o1_0.note,o1_0.price,o1_0.quantity from order_detail o1_0 join orders o2_0 on o2_0.order_id=o1_0.order_id left join customer c1_0 on c1_0.cust_id=o2_0.cust_id left join employee e1_0 on e1_0.emp_id=o2_0.employee_id where o1_0.product_id=?
Hibernate: select l1_0.employee_id,l1_0.order_id,c1_0.cust_id,c1_0.address,c1_0.email,c1_0.cust_name,c1_0.phone,l1_0.order_date from orders l1_0 left join customer c1_0 on c1_0.cust_id=l1_0.cust_id where l1_0.employee_id=?
Hibernate: select p1_0.product_id,p1_0.description,p1_0.manufacturer_name,p1_0.name,p1_0.status,p1_0.unit,o1_0.product_id,o1_0.order_id,o2_0.order_id,c1_0.cust_id,c1_0.address,c1_0.email,c1_0.cust_name,c1_0.phone,o2_0.employee_id,e1_0.emp_id,e1_0.address,e1_0.dob,e1_0.email,e1_0.full_name,e1_0.phone,e1_0.status,o2_0.order_date,o1_0.note,o1_0.price,o1_0.quantity from product p1_0 left join order_detail o1_0 on p1_0.product_id=o1_0.product_id left join orders o2_0 on o2_0.order_id=o1_0.order_id left join customer c1_0 on c1_0.cust_id=o2_0.cust_id left join employee e1_0 on e1_0.emp_id=o2_0.employee_id where p1_0.product_id=?
Hibernate: select o1_0.order_id,o1_0.product_id,p1_0.product_id,p1_0.description,p1_0.manufacturer_name,p1_0.name,p1_0.status,p1_0.unit,o1_0.note,o1_0.price,o1_0.quantity from order_detail o1_0 join product p1_0 on p1_0.product_id=o1_0.product_id where o1_0.order_id=?
Hibernate: select l1_0.employee_id,l1_0.order_id,c1_0.cust_id,c1_0.address,c1_0.email,c1_0.cust_name,c1_0.phone,l1_0.order_date from orders l1_0 left join customer c1_0 on c1_0.cust_id=l1_0.cust_id where l1_0.employee_id=?
Hibernate: select o1_0.order_id,o1_0.product_id,p1_0.product_id,p1_0.description,p1_0.manufacturer_name,p1_0.name,p1_0.status,p1_0.unit,o1_0.note,o1_0.price,o1_0.quantity from order_detail o1_0 join product p1_0 on p1_0.product_id=o1_0.product_id where o1_0.order_id=?
Hibernate: select o1_0.order_id,o1_0.product_id,p1_0.product_id,p1_0.description,p1_0.manufacturer_name,p1_0.name,p1_0.status,p1_0.unit,o1_0.note,o1_0.price,o1_0.quantity from order_detail o1_0 join product p1_0 on p1_0.product_id=o1_0.product_id where o1_0.order_id=?
Hibernate: select l1_0.employee_id,l1_0.order_id,c1_0.cust_id,c1_0.address,c1_0.email,c1_0.cust_name,c1_0.phone,l1_0.order_date from orders l1_0 left join customer c1_0 on c1_0.cust_id=l1_0.cust_id where l1_0.employee_id=?
Hibernate: select o1_0.order_id,o1_0.product_id,p1_0.product_id,p1_0.description,p1_0.manufacturer_name,p1_0.name,p1_0.status,p1_0.unit,o1_0.note,o1_0.price,o1_0.quantity from order_detail o1_0 join product p1_0 on p1_0.product_id=o1_0.product_id where o1_0.order_id=?
Hibernate: select l1_0.employee_id,l1_0.order_id,c1_0.cust_id,c1_0.address,c1_0.email,c1_0.cust_name,c1_0.phone,l1_0.order_date from orders l1_0 left join customer c1_0 on c1_0.cust_id=l1_0.cust_id where l1_0.employee_id=?
Hibernate: select p1_0.product_id,p1_0.price_date_time,p1_0.note,p1_0.price from product_price p1_0 where p1_0.product_id=?
Hibernate: select p1_0.product_id,p1_0.image_id,p1_0.alternative,p1_0.path from product_image p1_0 where p1_0.product_id=?
Hibernate: select o1_0.order_id,o1_0.product_id,p1_0.product_id,p1_0.description,p1_0.manufacturer_name,p1_0.name,p1_0.status,p1_0.unit,o1_0.note,o1_0.price,o1_0.quantity from order_detail o1_0 join product p1_0 on p1_0.product_id=o1_0.product_id where o1_0.order_id=?
Hibernate: insert into order_detail (note,price,quantity,order_id,product_id) values (?,?,?,?,?)
Hibernate: select p1_0.product_id,p1_0.description,p1_0.manufacturer_name,p1_0.name,p1_0.status,p1_0.unit from product p1_0 where p1_0.product_id=?
Hibernate: select o1_0.order_id,o2_0.order_id,c1_0.cust_id,c1_0.address,c1_0.email,c1_0.cust_name,c1_0.phone,o2_0.employee_id,e1_0.emp_id,e1_0.address,e1_0.dob,e1_0.email,e1_0.full_name,e1_0.phone,e1_0.status,o2_0.order_date,o1_0.product_id,p1_0.product_id,p1_0.description,p1_0.manufacturer_name,p1_0.name,p1_0.status,p1_0.unit,p2_0.product_id,p2_0.image_id,p2_0.alternative,p2_0.path,o1_0.note,o1_0.price,o1_0.quantity from order_detail o1_0 join orders o2_0 on o2_0.order_id=o1_0.order_id left join customer c1_0 on c1_0.cust_id=o2_0.cust_id left join employee e1_0 on e1_0.emp_id=o2_0.employee_id join product p1_0 on p1_0.product_id=o1_0.product_id left join product_image p2_0 on p1_0.product_id=p2_0.product_id where (o1_0.order_id,o1_0.product_id) in ((?,?))
Hibernate: select o1_0.order_id,c1_0.cust_id,c1_0.address,c1_0.email,c1_0.cust_name,c1_0.phone,o1_0.employee_id,e1_0.emp_id,e1_0.address,e1_0.dob,e1_0.email,e1_0.full_name,e1_0.phone,e1_0.status,o1_0.order_date,o2_0.order_id,o2_0.product_id,p1_0.product_id,p1_0.description,p1_0.manufacturer_name,p1_0.name,p1_0.status,p1_0.unit,o2_0.note,o2_0.price,o2_0.quantity from orders o1_0 left join customer c1_0 on c1_0.cust_id=o1_0.cust_id join employee e1_0 on e1_0.emp_id=o1_0.employee_id left join order_detail o2_0 on o1_0.order_id=o2_0.order_id left join product p1_0 on p1_0.product_id=o2_0.product_id where o1_0.order_id=?
Hibernate: select p1_0.product_id,p1_0.price_date_time,p1_0.note,p1_0.price from product_price p1_0 where p1_0.product_id=?
Hibernate: select p1_0.product_id,p1_0.image_id,p1_0.alternative,p1_0.path from product_image p1_0 where p1_0.product_id=?
Hibernate: select o1_0.product_id,o1_0.order_id,o2_0.order_id,c1_0.cust_id,c1_0.address,c1_0.email,c1_0.cust_name,c1_0.phone,o2_0.employee_id,e1_0.emp_id,e1_0.address,e1_0.dob,e1_0.email,e1_0.full_name,e1_0.phone,e1_0.status,o2_0.order_date,o1_0.note,o1_0.price,o1_0.quantity from order_detail o1_0 join orders o2_0 on o2_0.order_id=o1_0.order_id left join customer c1_0 on c1_0.cust_id=o2_0.cust_id left join employee e1_0 on e1_0.emp_id=o2_0.employee_id where o1_0.product_id=?
Hibernate: select p1_0.product_id,p1_0.price_date_time,p1_0.note,p1_0.price from product_price p1_0 where p1_0.product_id=?
Hibernate: select p1_0.product_id,p1_0.image_id,p1_0.alternative,p1_0.path from product_image p1_0 where p1_0.product_id=?
Hibernate: select o1_0.product_id,o1_0.order_id,o2_0.order_id,c1_0.cust_id,c1_0.address,c1_0.email,c1_0.cust_name,c1_0.phone,o2_0.employee_id,e1_0.emp_id,e1_0.address,e1_0.dob,e1_0.email,e1_0.full_name,e1_0.phone,e1_0.status,o2_0.order_date,o1_0.note,o1_0.price,o1_0.quantity from order_detail o1_0 join orders o2_0 on o2_0.order_id=o1_0.order_id left join customer c1_0 on c1_0.cust_id=o2_0.cust_id left join employee e1_0 on e1_0.emp_id=o2_0.employee_id where o1_0.product_id=?
Hibernate: select l1_0.employee_id,l1_0.order_id,c1_0.cust_id,c1_0.address,c1_0.email,c1_0.cust_name,c1_0.phone,l1_0.order_date from orders l1_0 left join customer c1_0 on c1_0.cust_id=l1_0.cust_id where l1_0.employee_id=?
Hibernate: select p1_0.product_id,p1_0.description,p1_0.manufacturer_name,p1_0.name,p1_0.status,p1_0.unit,o1_0.product_id,o1_0.order_id,o2_0.order_id,c1_0.cust_id,c1_0.address,c1_0.email,c1_0.cust_name,c1_0.phone,o2_0.employee_id,e1_0.emp_id,e1_0.address,e1_0.dob,e1_0.email,e1_0.full_name,e1_0.phone,e1_0.status,o2_0.order_date,o1_0.note,o1_0.price,o1_0.quantity from product p1_0 left join order_detail o1_0 on p1_0.product_id=o1_0.product_id left join orders o2_0 on o2_0.order_id=o1_0.order_id left join customer c1_0 on c1_0.cust_id=o2_0.cust_id left join employee e1_0 on e1_0.emp_id=o2_0.employee_id where p1_0.product_id=?
Hibernate: select o1_0.order_id,o1_0.product_id,p1_0.product_id,p1_0.description,p1_0.manufacturer_name,p1_0.name,p1_0.status,p1_0.unit,o1_0.note,o1_0.price,o1_0.quantity from order_detail o1_0 join product p1_0 on p1_0.product_id=o1_0.product_id where o1_0.order_id=?
Hibernate: select o1_0.order_id,o1_0.product_id,p1_0.product_id,p1_0.description,p1_0.manufacturer_name,p1_0.name,p1_0.status,p1_0.unit,o1_0.note,o1_0.price,o1_0.quantity from order_detail o1_0 join product p1_0 on p1_0.product_id=o1_0.product_id where o1_0.order_id=?
Hibernate: select o1_0.order_id,o1_0.product_id,p1_0.product_id,p1_0.description,p1_0.manufacturer_name,p1_0.name,p1_0.status,p1_0.unit,o1_0.note,o1_0.price,o1_0.quantity from order_detail o1_0 join product p1_0 on p1_0.product_id=o1_0.product_id where o1_0.order_id=?
Hibernate: select l1_0.employee_id,l1_0.order_id,c1_0.cust_id,c1_0.address,c1_0.email,c1_0.cust_name,c1_0.phone,l1_0.order_date from orders l1_0 left join customer c1_0 on c1_0.cust_id=l1_0.cust_id where l1_0.employee_id=?
Hibernate: select o1_0.order_id,o1_0.product_id,p1_0.product_id,p1_0.description,p1_0.manufacturer_name,p1_0.name,p1_0.status,p1_0.unit,o1_0.note,o1_0.price,o1_0.quantity from order_detail o1_0 join product p1_0 on p1_0.product_id=o1_0.product_id where o1_0.order_id=?
Hibernate: select o1_0.order_id,o1_0.product_id,p1_0.product_id,p1_0.description,p1_0.manufacturer_name,p1_0.name,p1_0.status,p1_0.unit,o1_0.note,o1_0.price,o1_0.quantity from order_detail o1_0 join product p1_0 on p1_0.product_id=o1_0.product_id where o1_0.order_id=?
Hibernate: select o1_0.order_id,o1_0.product_id,p1_0.product_id,p1_0.description,p1_0.manufacturer_name,p1_0.name,p1_0.status,p1_0.unit,o1_0.note,o1_0.price,o1_0.quantity from order_detail o1_0 join product p1_0 on p1_0.product_id=o1_0.product_id where o1_0.order_id=?
Hibernate: select o1_0.order_id,o1_0.product_id,p1_0.product_id,p1_0.description,p1_0.manufacturer_name,p1_0.name,p1_0.status,p1_0.unit,o1_0.note,o1_0.price,o1_0.quantity from order_detail o1_0 join product p1_0 on p1_0.product_id=o1_0.product_id where o1_0.order_id=?
Hibernate: select o1_0.order_id,o1_0.product_id,p1_0.product_id,p1_0.description,p1_0.manufacturer_name,p1_0.name,p1_0.status,p1_0.unit,o1_0.note,o1_0.price,o1_0.quantity from order_detail o1_0 join product p1_0 on p1_0.product_id=o1_0.product_id where o1_0.order_id=?
Hibernate: select o1_0.order_id,o1_0.product_id,p1_0.product_id,p1_0.description,p1_0.manufacturer_name,p1_0.name,p1_0.status,p1_0.unit,o1_0.note,o1_0.price,o1_0.quantity from order_detail o1_0 join product p1_0 on p1_0.product_id=o1_0.product_id where o1_0.order_id=?
Hibernate: select o1_0.order_id,o1_0.product_id,p1_0.product_id,p1_0.description,p1_0.manufacturer_name,p1_0.name,p1_0.status,p1_0.unit,o1_0.note,o1_0.price,o1_0.quantity from order_detail o1_0 join product p1_0 on p1_0.product_id=o1_0.product_id where o1_0.order_id=?
Hibernate: select o1_0.order_id,o1_0.product_id,p1_0.product_id,p1_0.description,p1_0.manufacturer_name,p1_0.name,p1_0.status,p1_0.unit,o1_0.note,o1_0.price,o1_0.quantity from order_detail o1_0 join product p1_0 on p1_0.product_id=o1_0.product_id where o1_0.order_id=?
Hibernate: select p1_0.product_id,p1_0.price_date_time,p1_0.note,p1_0.price from product_price p1_0 where p1_0.product_id=?
Hibernate: select p1_0.product_id,p1_0.image_id,p1_0.alternative,p1_0.path from product_image p1_0 where p1_0.product_id=?
Hibernate: insert into order_detail (note,price,quantity,order_id,product_id) values (?,?,?,?,?)
Hibernate: select e1_0.emp_id,e1_0.address,e1_0.dob,e1_0.email,e1_0.full_name,e1_0.phone,e1_0.status from employee e1_0 where e1_0.emp_id=?
Hibernate: select c1_0.cust_id,c1_0.address,c1_0.email,c1_0.cust_name,c1_0.phone from customer c1_0 where c1_0.cust_id=?
Hibernate: select o1_0.order_id,c1_0.cust_id,c1_0.address,c1_0.email,c1_0.cust_name,c1_0.phone,o1_0.employee_id,e1_0.emp_id,e1_0.address,e1_0.dob,e1_0.email,e1_0.full_name,e1_0.phone,e1_0.status,o1_0.order_date,o2_0.order_id,o2_0.product_id,p1_0.product_id,p1_0.description,p1_0.manufacturer_name,p1_0.name,p1_0.status,p1_0.unit,o2_0.note,o2_0.price,o2_0.quantity from orders o1_0 left join customer c1_0 on c1_0.cust_id=o1_0.cust_id join employee e1_0 on e1_0.emp_id=o1_0.employee_id left join order_detail o2_0 on o1_0.order_id=o2_0.order_id left join product p1_0 on p1_0.product_id=o2_0.product_id where o1_0.order_id=?
Hibernate: select c1_0.cust_id,c1_0.address,c1_0.email,c1_0.cust_name,c1_0.phone from customer c1_0 where c1_0.cust_id=?
Hibernate: select e1_0.emp_id,e1_0.address,e1_0.dob,e1_0.email,e1_0.full_name,e1_0.phone,e1_0.status from employee e1_0 where e1_0.emp_id=?
Hibernate: insert into orders (cust_id,employee_id,order_date,order_id) values (?,?,?,default)
Hibernate: select p1_0.product_id,p1_0.description,p1_0.manufacturer_name,p1_0.name,p1_0.status,p1_0.unit from product p1_0 where p1_0.product_id=?
Hibernate: select o1_0.order_id,o2_0.order_id,c1_0.cust_id,c1_0.address,c1_0.email,c1_0.cust_name,c1_0.phone,o2_0.employee_id,e1_0.emp_id,e1_0.address,e1_0.dob,e1_0.email,e1_0.full_name,e1_0.phone,e1_0.status,o2_0.order_date,o1_0.product_id,p1_0.product_id,p1_0.description,p1_0.manufacturer_name,p1_0.name,p1_0.status,p1_0.unit,p2_0.product_id,p2_0.image_id,p2_0.alternative,p2_0.path,o1_0.note,o1_0.price,o1_0.quantity from order_detail o1_0 join orders o2_0 on o2_0.order_id=o1_0.order_id left join customer c1_0 on c1_0.cust_id=o2_0.cust_id left join employee e1_0 on e1_0.emp_id=o2_0.employee_id join product p1_0 on p1_0.product_id=o1_0.product_id left join product_image p2_0 on p1_0.product_id=p2_0.product_id where (o1_0.order_id,o1_0.product_id) in ((?,?))
Hibernate: select o1_0.order_id,c1_0.cust_id,c1_0.address,c1_0.email,c1_0.cust_name,c1_0.phone,o1_0.employee_id,e1_0.emp_id,e1_0.address,e1_0.dob,e1_0.email,e1_0.full_name,e1_0.phone,e1_0.status,o1_0.order_date,o2_0.order_id,o2_0.product_id,p1_0.product_id,p1_0.description,p1_0.manufacturer_name,p1_0.name,p1_0.status,p1_0.unit,o2_0.note,o2_0.price,o2_0.quantity from orders o1_0 left join customer c1_0 on c1_0.cust_id=o1_0.cust_id join employee e1_0 on e1_0.emp_id=o1_0.employee_id left join order_detail o2_0 on o1_0.order_id=o2_0.order_id left join product p1_0 on p1_0.product_id=o2_0.product_id where o1_0.order_id=?
Hibernate: select l1_0.employee_id,l1_0.order_id,c1_0.cust_id,c1_0.address,c1_0.email,c1_0.cust_name,c1_0.phone,l1_0.order_date from orders l1_0 left join customer c1_0 on c1_0.cust_id=l1_0.cust_id where l1_0.employee_id=?
Hibernate: select p1_0.product_id,p1_0.description,p1_0.manufacturer_name,p1_0.name,p1_0.status,p1_0.unit,o1_0.product_id,o1_0.order_id,o2_0.order_id,c1_0.cust_id,c1_0.address,c1_0.email,c1_0.cust_name,c1_0.phone,o2_0.employee_id,e1_0.emp_id,e1_0.address,e1_0.dob,e1_0.email,e1_0.full_name,e1_0.phone,e1_0.status,o2_0.order_date,o1_0.note,o1_0.price,o1_0.quantity from product p1_0 left join order_detail o1_0 on p1_0.product_id=o1_0.product_id left join orders o2_0 on o2_0.order_id=o1_0.order_id left join customer c1_0 on c1_0.cust_id=o2_0.cust_id left join employee e1_0 on e1_0.emp_id=o2_0.employee_id where p1_0.product_id=?
Hibernate: select o1_0.order_id,o1_0.product_id,p1_0.product_id,p1_0.description,p1_0.manufacturer_name,p1_0.name,p1_0.status,p1_0.unit,o1_0.note,o1_0.price,o1_0.quantity from order_detail o1_0 join product p1_0 on p1_0.product_id=o1_0.product_id where o1_0.order_id=?
Hibernate: select o1_0.order_id,o1_0.product_id,p1_0.product_id,p1_0.description,p1_0.manufacturer_name,p1_0.name,p1_0.status,p1_0.unit,o1_0.note,o1_0.price,o1_0.quantity from order_detail o1_0 join product p1_0 on p1_0.product_id=o1_0.product_id where o1_0.order_id=?
Hibernate: select o1_0.order_id,o1_0.product_id,p1_0.product_id,p1_0.description,p1_0.manufacturer_name,p1_0.name,p1_0.status,p1_0.unit,o1_0.note,o1_0.price,o1_0.quantity from order_detail o1_0 join product p1_0 on p1_0.product_id=o1_0.product_id where o1_0.order_id=?
Hibernate: select o1_0.order_id,o1_0.product_id,p1_0.product_id,p1_0.description,p1_0.manufacturer_name,p1_0.name,p1_0.status,p1_0.unit,o1_0.note,o1_0.price,o1_0.quantity from order_detail o1_0 join product p1_0 on p1_0.product_id=o1_0.product_id where o1_0.order_id=?
Hibernate: select l1_0.employee_id,l1_0.order_id,c1_0.cust_id,c1_0.address,c1_0.email,c1_0.cust_name,c1_0.phone,l1_0.order_date from orders l1_0 left join customer c1_0 on c1_0.cust_id=l1_0.cust_id where l1_0.employee_id=?
Hibernate: select o1_0.order_id,o1_0.product_id,p1_0.product_id,p1_0.description,p1_0.manufacturer_name,p1_0.name,p1_0.status,p1_0.unit,o1_0.note,o1_0.price,o1_0.quantity from order_detail o1_0 join product p1_0 on p1_0.product_id=o1_0.product_id where o1_0.order_id=?
Hibernate: select l1_0.employee_id,l1_0.order_id,c1_0.cust_id,c1_0.address,c1_0.email,c1_0.cust_name,c1_0.phone,l1_0.order_date from orders l1_0 left join customer c1_0 on c1_0.cust_id=l1_0.cust_id where l1_0.employee_id=?
Hibernate: select o1_0.order_id,o1_0.product_id,p1_0.product_id,p1_0.description,p1_0.manufacturer_name,p1_0.name,p1_0.status,p1_0.unit,o1_0.note,o1_0.price,o1_0.quantity from order_detail o1_0 join product p1_0 on p1_0.product_id=o1_0.product_id where o1_0.order_id=?
Hibernate: select l1_0.employee_id,l1_0.order_id,c1_0.cust_id,c1_0.address,c1_0.email,c1_0.cust_name,c1_0.phone,l1_0.order_date from orders l1_0 left join customer c1_0 on c1_0.cust_id=l1_0.cust_id where l1_0.employee_id=?
Hibernate: select o1_0.order_id,o1_0.product_id,p1_0.product_id,p1_0.description,p1_0.manufacturer_name,p1_0.name,p1_0.status,p1_0.unit,o1_0.note,o1_0.price,o1_0.quantity from order_detail o1_0 join product p1_0 on p1_0.product_id=o1_0.product_id where o1_0.order_id=?
Hibernate: select l1_0.employee_id,l1_0.order_id,c1_0.cust_id,c1_0.address,c1_0.email,c1_0.cust_name,c1_0.phone,l1_0.order_date from orders l1_0 left join customer c1_0 on c1_0.cust_id=l1_0.cust_id where l1_0.employee_id=?
Hibernate: select o1_0.order_id,o1_0.product_id,p1_0.product_id,p1_0.description,p1_0.manufacturer_name,p1_0.name,p1_0.status,p1_0.unit,o1_0.note,o1_0.price,o1_0.quantity from order_detail o1_0 join product p1_0 on p1_0.product_id=o1_0.product_id where o1_0.order_id=?
Hibernate: select l1_0.employee_id,l1_0.order_id,c1_0.cust_id,c1_0.address,c1_0.email,c1_0.cust_name,c1_0.phone,l1_0.order_date from orders l1_0 left join customer c1_0 on c1_0.cust_id=l1_0.cust_id where l1_0.employee_id=?
Hibernate: select p1_0.product_id,p1_0.price_date_time,p1_0.note,p1_0.price from product_price p1_0 where p1_0.product_id=?
Hibernate: select p1_0.product_id,p1_0.image_id,p1_0.alternative,p1_0.path from product_image p1_0 where p1_0.product_id=?
Hibernate: select o1_0.order_id,o1_0.product_id,p1_0.product_id,p1_0.description,p1_0.manufacturer_name,p1_0.name,p1_0.status,p1_0.unit,o1_0.note,o1_0.price,o1_0.quantity from order_detail o1_0 join product p1_0 on p1_0.product_id=o1_0.product_id where o1_0.order_id=?
Hibernate: select l1_0.employee_id,l1_0.order_id,c1_0.cust_id,c1_0.address,c1_0.email,c1_0.cust_name,c1_0.phone,l1_0.order_date from orders l1_0 left join customer c1_0 on c1_0.cust_id=l1_0.cust_id where l1_0.employee_id=?
Hibernate: insert into order_detail (note,price,quantity,order_id,product_id) values (?,?,?,?,?)
Hibernate: select p1_0.product_id,p1_0.description,p1_0.manufacturer_name,p1_0.name,p1_0.status,p1_0.unit from product p1_0 where p1_0.product_id=?
Hibernate: select o1_0.order_id,o2_0.order_id,c1_0.cust_id,c1_0.address,c1_0.email,c1_0.cust_name,c1_0.phone,o2_0.employee_id,e1_0.emp_id,e1_0.address,e1_0.dob,e1_0.email,e1_0.full_name,e1_0.phone,e1_0.status,o2_0.order_date,o1_0.product_id,p1_0.product_id,p1_0.description,p1_0.manufacturer_name,p1_0.name,p1_0.status,p1_0.unit,p2_0.product_id,p2_0.image_id,p2_0.alternative,p2_0.path,o1_0.note,o1_0.price,o1_0.quantity from order_detail o1_0 join orders o2_0 on o2_0.order_id=o1_0.order_id left join customer c1_0 on c1_0.cust_id=o2_0.cust_id left join employee e1_0 on e1_0.emp_id=o2_0.employee_id join product p1_0 on p1_0.product_id=o1_0.product_id left join product_image p2_0 on p1_0.product_id=p2_0.product_id where (o1_0.order_id,o1_0.product_id) in ((?,?))
Hibernate: select o1_0.order_id,c1_0.cust_id,c1_0.address,c1_0.email,c1_0.cust_name,c1_0.phone,o1_0.employee_id,e1_0.emp_id,e1_0.address,e1_0.dob,e1_0.email,e1_0.full_name,e1_0.phone,e1_0.status,o1_0.order_date,o2_0.order_id,o2_0.product_id,p1_0.product_id,p1_0.description,p1_0.manufacturer_name,p1_0.name,p1_0.status,p1_0.unit,o2_0.note,o2_0.price,o2_0.quantity from orders o1_0 left join customer c1_0 on c1_0.cust_id=o1_0.cust_id join employee e1_0 on e1_0.emp_id=o1_0.employee_id left join order_detail o2_0 on o1_0.order_id=o2_0.order_id left join product p1_0 on p1_0.product_id=o2_0.product_id where o1_0.order_id=?
Hibernate: select p1_0.product_id,p1_0.price_date_time,p1_0.note,p1_0.price from product_price p1_0 where p1_0.product_id=?
Hibernate: select p1_0.product_id,p1_0.image_id,p1_0.alternative,p1_0.path from product_image p1_0 where p1_0.product_id=?
Hibernate: select o1_0.product_id,o1_0.order_id,o2_0.order_id,c1_0.cust_id,c1_0.address,c1_0.email,c1_0.cust_name,c1_0.phone,o2_0.employee_id,e1_0.emp_id,e1_0.address,e1_0.dob,e1_0.email,e1_0.full_name,e1_0.phone,e1_0.status,o2_0.order_date,o1_0.note,o1_0.price,o1_0.quantity from order_detail o1_0 join orders o2_0 on o2_0.order_id=o1_0.order_id left join customer c1_0 on c1_0.cust_id=o2_0.cust_id left join employee e1_0 on e1_0.emp_id=o2_0.employee_id where o1_0.product_id=?
Hibernate: select l1_0.employee_id,l1_0.order_id,c1_0.cust_id,c1_0.address,c1_0.email,c1_0.cust_name,c1_0.phone,l1_0.order_date from orders l1_0 left join customer c1_0 on c1_0.cust_id=l1_0.cust_id where l1_0.employee_id=?
Hibernate: select p1_0.product_id,p1_0.description,p1_0.manufacturer_name,p1_0.name,p1_0.status,p1_0.unit,o1_0.product_id,o1_0.order_id,o2_0.order_id,c1_0.cust_id,c1_0.address,c1_0.email,c1_0.cust_name,c1_0.phone,o2_0.employee_id,e1_0.emp_id,e1_0.address,e1_0.dob,e1_0.email,e1_0.full_name,e1_0.phone,e1_0.status,o2_0.order_date,o1_0.note,o1_0.price,o1_0.quantity from product p1_0 left join order_detail o1_0 on p1_0.product_id=o1_0.product_id left join orders o2_0 on o2_0.order_id=o1_0.order_id left join customer c1_0 on c1_0.cust_id=o2_0.cust_id left join employee e1_0 on e1_0.emp_id=o2_0.employee_id where p1_0.product_id=?
Hibernate: select o1_0.order_id,o1_0.product_id,p1_0.product_id,p1_0.description,p1_0.manufacturer_name,p1_0.name,p1_0.status,p1_0.unit,o1_0.note,o1_0.price,o1_0.quantity from order_detail o1_0 join product p1_0 on p1_0.product_id=o1_0.product_id where o1_0.order_id=?
Hibernate: select o1_0.order_id,o1_0.product_id,p1_0.product_id,p1_0.description,p1_0.manufacturer_name,p1_0.name,p1_0.status,p1_0.unit,o1_0.note,o1_0.price,o1_0.quantity from order_detail o1_0 join product p1_0 on p1_0.product_id=o1_0.product_id where o1_0.order_id=?
Hibernate: select l1_0.employee_id,l1_0.order_id,c1_0.cust_id,c1_0.address,c1_0.email,c1_0.cust_name,c1_0.phone,l1_0.order_date from orders l1_0 left join customer c1_0 on c1_0.cust_id=l1_0.cust_id where l1_0.employee_id=?
Hibernate: select o1_0.order_id,o1_0.product_id,p1_0.product_id,p1_0.description,p1_0.manufacturer_name,p1_0.name,p1_0.status,p1_0.unit,o1_0.note,o1_0.price,o1_0.quantity from order_detail o1_0 join product p1_0 on p1_0.product_id=o1_0.product_id where o1_0.order_id=?
Hibernate: select l1_0.employee_id,l1_0.order_id,c1_0.cust_id,c1_0.address,c1_0.email,c1_0.cust_name,c1_0.phone,l1_0.order_date from orders l1_0 left join customer c1_0 on c1_0.cust_id=l1_0.cust_id where l1_0.employee_id=?
Hibernate: select o1_0.order_id,o1_0.product_id,p1_0.product_id,p1_0.description,p1_0.manufacturer_name,p1_0.name,p1_0.status,p1_0.unit,o1_0.note,o1_0.price,o1_0.quantity from order_detail o1_0 join product p1_0 on p1_0.product_id=o1_0.product_id where o1_0.order_id=?
Hibernate: select o1_0.order_id,o1_0.product_id,p1_0.product_id,p1_0.description,p1_0.manufacturer_name,p1_0.name,p1_0.status,p1_0.unit,o1_0.note,o1_0.price,o1_0.quantity from order_detail o1_0 join product p1_0 on p1_0.product_id=o1_0.product_id where o1_0.order_id=?
Hibernate: select p1_0.product_id,p1_0.price_date_time,p1_0.note,p1_0.price from product_price p1_0 where p1_0.product_id=?
Hibernate: select p1_0.product_id,p1_0.image_id,p1_0.alternative,p1_0.path from product_image p1_0 where p1_0.product_id=?
Hibernate: select o1_0.order_id,o1_0.product_id,p1_0.product_id,p1_0.description,p1_0.manufacturer_name,p1_0.name,p1_0.status,p1_0.unit,o1_0.note,o1_0.price,o1_0.quantity from order_detail o1_0 join product p1_0 on p1_0.product_id=o1_0.product_id where o1_0.order_id=?
Hibernate: insert into order_detail (note,price,quantity,order_id,product_id) values (?,?,?,?,?)
Hibernate: select p1_0.product_id,p1_0.description,p1_0.manufacturer_name,p1_0.name,p1_0.status,p1_0.unit from product p1_0 where p1_0.product_id=?
Hibernate: select o1_0.order_id,o2_0.order_id,c1_0.cust_id,c1_0.address,c1_0.email,c1_0.cust_name,c1_0.phone,o2_0.employee_id,e1_0.emp_id,e1_0.address,e1_0.dob,e1_0.email,e1_0.full_name,e1_0.phone,e1_0.status,o2_0.order_date,o1_0.product_id,p1_0.product_id,p1_0.description,p1_0.manufacturer_name,p1_0.name,p1_0.status,p1_0.unit,p2_0.product_id,p2_0.image_id,p2_0.alternative,p2_0.path,o1_0.note,o1_0.price,o1_0.quantity from order_detail o1_0 join orders o2_0 on o2_0.order_id=o1_0.order_id left join customer c1_0 on c1_0.cust_id=o2_0.cust_id left join employee e1_0 on e1_0.emp_id=o2_0.employee_id join product p1_0 on p1_0.product_id=o1_0.product_id left join product_image p2_0 on p1_0.product_id=p2_0.product_id where (o1_0.order_id,o1_0.product_id) in ((?,?))
Hibernate: select o1_0.order_id,c1_0.cust_id,c1_0.address,c1_0.email,c1_0.cust_name,c1_0.phone,o1_0.employee_id,e1_0.emp_id,e1_0.address,e1_0.dob,e1_0.email,e1_0.full_name,e1_0.phone,e1_0.status,o1_0.order_date,o2_0.order_id,o2_0.product_id,p1_0.product_id,p1_0.description,p1_0.manufacturer_name,p1_0.name,p1_0.status,p1_0.unit,o2_0.note,o2_0.price,o2_0.quantity from orders o1_0 left join customer c1_0 on c1_0.cust_id=o1_0.cust_id join employee e1_0 on e1_0.emp_id=o1_0.employee_id left join order_detail o2_0 on o1_0.order_id=o2_0.order_id left join product p1_0 on p1_0.product_id=o2_0.product_id where o1_0.order_id=?
Hibernate: select p1_0.product_id,p1_0.price_date_time,p1_0.note,p1_0.price from product_price p1_0 where p1_0.product_id=?
Hibernate: select p1_0.product_id,p1_0.image_id,p1_0.alternative,p1_0.path from product_image p1_0 where p1_0.product_id=?
Hibernate: select o1_0.product_id,o1_0.order_id,o2_0.order_id,c1_0.cust_id,c1_0.address,c1_0.email,c1_0.cust_name,c1_0.phone,o2_0.employee_id,e1_0.emp_id,e1_0.address,e1_0.dob,e1_0.email,e1_0.full_name,e1_0.phone,e1_0.status,o2_0.order_date,o1_0.note,o1_0.price,o1_0.quantity from order_detail o1_0 join orders o2_0 on o2_0.order_id=o1_0.order_id left join customer c1_0 on c1_0.cust_id=o2_0.cust_id left join employee e1_0 on e1_0.emp_id=o2_0.employee_id where o1_0.product_id=?
Hibernate: select p1_0.product_id,p1_0.price_date_time,p1_0.note,p1_0.price from product_price p1_0 where p1_0.product_id=?
Hibernate: select p1_0.product_id,p1_0.image_id,p1_0.alternative,p1_0.path from product_image p1_0 where p1_0.product_id=?
Hibernate: select o1_0.product_id,o1_0.order_id,o2_0.order_id,c1_0.cust_id,c1_0.address,c1_0.email,c1_0.cust_name,c1_0.phone,o2_0.employee_id,e1_0.emp_id,e1_0.address,e1_0.dob,e1_0.email,e1_0.full_name,e1_0.phone,e1_0.status,o2_0.order_date,o1_0.note,o1_0.price,o1_0.quantity from order_detail o1_0 join orders o2_0 on o2_0.order_id=o1_0.order_id left join customer c1_0 on c1_0.cust_id=o2_0.cust_id left join employee e1_0 on e1_0.emp_id=o2_0.employee_id where o1_0.product_id=?
Hibernate: select l1_0.employee_id,l1_0.order_id,c1_0.cust_id,c1_0.address,c1_0.email,c1_0.cust_name,c1_0.phone,l1_0.order_date from orders l1_0 left join customer c1_0 on c1_0.cust_id=l1_0.cust_id where l1_0.employee_id=?
Hibernate: select p1_0.product_id,p1_0.description,p1_0.manufacturer_name,p1_0.name,p1_0.status,p1_0.unit,o1_0.product_id,o1_0.order_id,o2_0.order_id,c1_0.cust_id,c1_0.address,c1_0.email,c1_0.cust_name,c1_0.phone,o2_0.employee_id,e1_0.emp_id,e1_0.address,e1_0.dob,e1_0.email,e1_0.full_name,e1_0.phone,e1_0.status,o2_0.order_date,o1_0.note,o1_0.price,o1_0.quantity from product p1_0 left join order_detail o1_0 on p1_0.product_id=o1_0.product_id left join orders o2_0 on o2_0.order_id=o1_0.order_id left join customer c1_0 on c1_0.cust_id=o2_0.cust_id left join employee e1_0 on e1_0.emp_id=o2_0.employee_id where p1_0.product_id=?
Hibernate: select o1_0.order_id,o1_0.product_id,p1_0.product_id,p1_0.description,p1_0.manufacturer_name,p1_0.name,p1_0.status,p1_0.unit,o1_0.note,o1_0.price,o1_0.quantity from order_detail o1_0 join product p1_0 on p1_0.product_id=o1_0.product_id where o1_0.order_id=?
Hibernate: select o1_0.order_id,o1_0.product_id,p1_0.product_id,p1_0.description,p1_0.manufacturer_name,p1_0.name,p1_0.status,p1_0.unit,o1_0.note,o1_0.price,o1_0.quantity from order_detail o1_0 join product p1_0 on p1_0.product_id=o1_0.product_id where o1_0.order_id=?
Hibernate: select o1_0.order_id,o1_0.product_id,p1_0.product_id,p1_0.description,p1_0.manufacturer_name,p1_0.name,p1_0.status,p1_0.unit,o1_0.note,o1_0.price,o1_0.quantity from order_detail o1_0 join product p1_0 on p1_0.product_id=o1_0.product_id where o1_0.order_id=?
Hibernate: select o1_0.order_id,o1_0.product_id,p1_0.product_id,p1_0.description,p1_0.manufacturer_name,p1_0.name,p1_0.status,p1_0.unit,o1_0.note,o1_0.price,o1_0.quantity from order_detail o1_0 join product p1_0 on p1_0.product_id=o1_0.product_id where o1_0.order_id=?
Hibernate: select o1_0.order_id,o1_0.product_id,p1_0.product_id,p1_0.description,p1_0.manufacturer_name,p1_0.name,p1_0.status,p1_0.unit,o1_0.note,o1_0.price,o1_0.quantity from order_detail o1_0 join product p1_0 on p1_0.product_id=o1_0.product_id where o1_0.order_id=?
Hibernate: select o1_0.order_id,o1_0.product_id,p1_0.product_id,p1_0.description,p1_0.manufacturer_name,p1_0.name,p1_0.status,p1_0.unit,o1_0.note,o1_0.price,o1_0.quantity from order_detail o1_0 join product p1_0 on p1_0.product_id=o1_0.product_id where o1_0.order_id=?
Hibernate: select p1_0.product_id,p1_0.price_date_time,p1_0.note,p1_0.price from product_price p1_0 where p1_0.product_id=?
Hibernate: select p1_0.product_id,p1_0.image_id,p1_0.alternative,p1_0.path from product_image p1_0 where p1_0.product_id=?
Hibernate: insert into order_detail (note,price,quantity,order_id,product_id) values (?,?,?,?,?)
Hibernate: select e1_0.emp_id,e1_0.address,e1_0.dob,e1_0.email,e1_0.full_name,e1_0.phone,e1_0.status from employee e1_0 where e1_0.emp_id=?
Hibernate: select c1_0.cust_id,c1_0.address,c1_0.email,c1_0.cust_name,c1_0.phone from customer c1_0 where c1_0.cust_id=?
Hibernate: select o1_0.order_id,c1_0.cust_id,c1_0.address,c1_0.email,c1_0.cust_name,c1_0.phone,o1_0.employee_id,e1_0.emp_id,e1_0.address,e1_0.dob,e1_0.email,e1_0.full_name,e1_0.phone,e1_0.status,o1_0.order_date,o2_0.order_id,o2_0.product_id,p1_0.product_id,p1_0.description,p1_0.manufacturer_name,p1_0.name,p1_0.status,p1_0.unit,o2_0.note,o2_0.price,o2_0.quantity from orders o1_0 left join customer c1_0 on c1_0.cust_id=o1_0.cust_id join employee e1_0 on e1_0.emp_id=o1_0.employee_id left join order_detail o2_0 on o1_0.order_id=o2_0.order_id left join product p1_0 on p1_0.product_id=o2_0.product_id where o1_0.order_id=?
Hibernate: select c1_0.cust_id,c1_0.address,c1_0.email,c1_0.cust_name,c1_0.phone from customer c1_0 where c1_0.cust_id=?
Hibernate: select e1_0.emp_id,e1_0.address,e1_0.dob,e1_0.email,e1_0.full_name,e1_0.phone,e1_0.status from employee e1_0 where e1_0.emp_id=?
Hibernate: insert into orders (cust_id,employee_id,order_date,order_id) values (?,?,?,default)
Hibernate: select p1_0.product_id,p1_0.description,p1_0.manufacturer_name,p1_0.name,p1_0.status,p1_0.unit from product p1_0 where p1_0.product_id=?
Hibernate: select o1_0.order_id,o2_0.order_id,c1_0.cust_id,c1_0.address,c1_0.email,c1_0.cust_name,c1_0.phone,o2_0.employee_id,e1_0.emp_id,e1_0.address,e1_0.dob,e1_0.email,e1_0.full_name,e1_0.phone,e1_0.status,o2_0.order_date,o1_0.product_id,p1_0.product_id,p1_0.description,p1_0.manufacturer_name,p1_0.name,p1_0.status,p1_0.unit,p2_0.product_id,p2_0.image_id,p2_0.alternative,p2_0.path,o1_0.note,o1_0.price,o1_0.quantity from order_detail o1_0 join orders o2_0 on o2_0.order_id=o1_0.order_id left join customer c1_0 on c1_0.cust_id=o2_0.cust_id left join employee e1_0 on e1_0.emp_id=o2_0.employee_id join product p1_0 on p1_0.product_id=o1_0.product_id left join product_image p2_0 on p1_0.product_id=p2_0.product_id where (o1_0.order_id,o1_0.product_id) in ((?,?))
Hibernate: select o1_0.order_id,c1_0.cust_id,c1_0.address,c1_0.email,c1_0.cust_name,c1_0.phone,o1_0.employee_id,e1_0.emp_id,e1_0.address,e1_0.dob,e1_0.email,e1_0.full_name,e1_0.phone,e1_0.status,o1_0.order_date,o2_0.order_id,o2_0.product_id,p1_0.product_id,p1_0.description,p1_0.manufacturer_name,p1_0.name,p1_0.status,p1_0.unit,o2_0.note,o2_0.price,o2_0.quantity from orders o1_0 left join customer c1_0 on c1_0.cust_id=o1_0.cust_id join employee e1_0 on e1_0.emp_id=o1_0.employee_id left join order_detail o2_0 on o1_0.order_id=o2_0.order_id left join product p1_0 on p1_0.product_id=o2_0.product_id where o1_0.order_id=?
Hibernate: select l1_0.employee_id,l1_0.order_id,c1_0.cust_id,c1_0.address,c1_0.email,c1_0.cust_name,c1_0.phone,l1_0.order_date from orders l1_0 left join customer c1_0 on c1_0.cust_id=l1_0.cust_id where l1_0.employee_id=?
Hibernate: select p1_0.product_id,p1_0.description,p1_0.manufacturer_name,p1_0.name,p1_0.status,p1_0.unit,o1_0.product_id,o1_0.order_id,o2_0.order_id,c1_0.cust_id,c1_0.address,c1_0.email,c1_0.cust_name,c1_0.phone,o2_0.employee_id,e1_0.emp_id,e1_0.address,e1_0.dob,e1_0.email,e1_0.full_name,e1_0.phone,e1_0.status,o2_0.order_date,o1_0.note,o1_0.price,o1_0.quantity from product p1_0 left join order_detail o1_0 on p1_0.product_id=o1_0.product_id left join orders o2_0 on o2_0.order_id=o1_0.order_id left join customer c1_0 on c1_0.cust_id=o2_0.cust_id left join employee e1_0 on e1_0.emp_id=o2_0.employee_id where p1_0.product_id=?
Hibernate: select o1_0.order_id,o1_0.product_id,p1_0.product_id,p1_0.description,p1_0.manufacturer_name,p1_0.name,p1_0.status,p1_0.unit,o1_0.note,o1_0.price,o1_0.quantity from order_detail o1_0 join product p1_0 on p1_0.product_id=o1_0.product_id where o1_0.order_id=?
Hibernate: select o1_0.order_id,o1_0.product_id,p1_0.product_id,p1_0.description,p1_0.manufacturer_name,p1_0.name,p1_0.status,p1_0.unit,o1_0.note,o1_0.price,o1_0.quantity from order_detail o1_0 join product p1_0 on p1_0.product_id=o1_0.product_id where o1_0.order_id=?
Hibernate: select o1_0.order_id,o1_0.product_id,p1_0.product_id,p1_0.description,p1_0.manufacturer_name,p1_0.name,p1_0.status,p1_0.unit,o1_0.note,o1_0.price,o1_0.quantity from order_detail o1_0 join product p1_0 on p1_0.product_id=o1_0.product_id where o1_0.order_id=?
Hibernate: select o1_0.order_id,o1_0.product_id,p1_0.product_id,p1_0.description,p1_0.manufacturer_name,p1_0.name,p1_0.status,p1_0.unit,o1_0.note,o1_0.price,o1_0.quantity from order_detail o1_0 join product p1_0 on p1_0.product_id=o1_0.product_id where o1_0.order_id=?
Hibernate: select o1_0.order_id,o1_0.product_id,p1_0.product_id,p1_0.description,p1_0.manufacturer_name,p1_0.name,p1_0.status,p1_0.unit,o1_0.note,o1_0.price,o1_0.quantity from order_detail o1_0 join product p1_0 on p1_0.product_id=o1_0.product_id where o1_0.order_id=?
Hibernate: select o1_0.order_id,o1_0.product_id,p1_0.product_id,p1_0.description,p1_0.manufacturer_name,p1_0.name,p1_0.status,p1_0.unit,o1_0.note,o1_0.price,o1_0.quantity from order_detail o1_0 join product p1_0 on p1_0.product_id=o1_0.product_id where o1_0.order_id=?
Hibernate: select l1_0.employee_id,l1_0.order_id,c1_0.cust_id,c1_0.address,c1_0.email,c1_0.cust_name,c1_0.phone,l1_0.order_date from orders l1_0 left join customer c1_0 on c1_0.cust_id=l1_0.cust_id where l1_0.employee_id=?
Hibernate: select o1_0.order_id,o1_0.product_id,p1_0.product_id,p1_0.description,p1_0.manufacturer_name,p1_0.name,p1_0.status,p1_0.unit,o1_0.note,o1_0.price,o1_0.quantity from order_detail o1_0 join product p1_0 on p1_0.product_id=o1_0.product_id where o1_0.order_id=?
Hibernate: select o1_0.order_id,o1_0.product_id,p1_0.product_id,p1_0.description,p1_0.manufacturer_name,p1_0.name,p1_0.status,p1_0.unit,o1_0.note,o1_0.price,o1_0.quantity from order_detail o1_0 join product p1_0 on p1_0.product_id=o1_0.product_id where o1_0.order_id=?
Hibernate: select o1_0.order_id,o1_0.product_id,p1_0.product_id,p1_0.description,p1_0.manufacturer_name,p1_0.name,p1_0.status,p1_0.unit,o1_0.note,o1_0.price,o1_0.quantity from order_detail o1_0 join product p1_0 on p1_0.product_id=o1_0.product_id where o1_0.order_id=?
Hibernate: select l1_0.employee_id,l1_0.order_id,c1_0.cust_id,c1_0.address,c1_0.email,c1_0.cust_name,c1_0.phone,l1_0.order_date from orders l1_0 left join customer c1_0 on c1_0.cust_id=l1_0.cust_id where l1_0.employee_id=?
Hibernate: select o1_0.order_id,o1_0.product_id,p1_0.product_id,p1_0.description,p1_0.manufacturer_name,p1_0.name,p1_0.status,p1_0.unit,o1_0.note,o1_0.price,o1_0.quantity from order_detail o1_0 join product p1_0 on p1_0.product_id=o1_0.product_id where o1_0.order_id=?
Hibernate: select l1_0.employee_id,l1_0.order_id,c1_0.cust_id,c1_0.address,c1_0.email,c1_0.cust_name,c1_0.phone,l1_0.order_date from orders l1_0 left join customer c1_0 on c1_0.cust_id=l1_0.cust_id where l1_0.employee_id=?
Hibernate: select o1_0.order_id,o1_0.product_id,p1_0.product_id,p1_0.description,p1_0.manufacturer_name,p1_0.name,p1_0.status,p1_0.unit,o1_0.note,o1_0.price,o1_0.quantity from order_detail o1_0 join product p1_0 on p1_0.product_id=o1_0.product_id where o1_0.order_id=?
Hibernate: select l1_0.employee_id,l1_0.order_id,c1_0.cust_id,c1_0.address,c1_0.email,c1_0.cust_name,c1_0.phone,l1_0.order_date from orders l1_0 left join customer c1_0 on c1_0.cust_id=l1_0.cust_id where l1_0.employee_id=?
Hibernate: select o1_0.order_id,o1_0.product_id,p1_0.product_id,p1_0.description,p1_0.manufacturer_name,p1_0.name,p1_0.status,p1_0.unit,o1_0.note,o1_0.price,o1_0.quantity from order_detail o1_0 join product p1_0 on p1_0.product_id=o1_0.product_id where o1_0.order_id=?
Hibernate: select l1_0.employee_id,l1_0.order_id,c1_0.cust_id,c1_0.address,c1_0.email,c1_0.cust_name,c1_0.phone,l1_0.order_date from orders l1_0 left join customer c1_0 on c1_0.cust_id=l1_0.cust_id where l1_0.employee_id=?
Hibernate: select p1_0.product_id,p1_0.price_date_time,p1_0.note,p1_0.price from product_price p1_0 where p1_0.product_id=?
Hibernate: select p1_0.product_id,p1_0.image_id,p1_0.alternative,p1_0.path from product_image p1_0 where p1_0.product_id=?
Hibernate: select o1_0.order_id,o1_0.product_id,p1_0.product_id,p1_0.description,p1_0.manufacturer_name,p1_0.name,p1_0.status,p1_0.unit,o1_0.note,o1_0.price,o1_0.quantity from order_detail o1_0 join product p1_0 on p1_0.product_id=o1_0.product_id where o1_0.order_id=?
Hibernate: select l1_0.employee_id,l1_0.order_id,c1_0.cust_id,c1_0.address,c1_0.email,c1_0.cust_name,c1_0.phone,l1_0.order_date from orders l1_0 left join customer c1_0 on c1_0.cust_id=l1_0.cust_id where l1_0.employee_id=?
Hibernate: insert into order_detail (note,price,quantity,order_id,product_id) values (?,?,?,?,?)
Hibernate: select p1_0.product_id,p1_0.description,p1_0.manufacturer_name,p1_0.name,p1_0.status,p1_0.unit from product p1_0 where p1_0.product_id=?
Hibernate: select o1_0.order_id,o2_0.order_id,c1_0.cust_id,c1_0.address,c1_0.email,c1_0.cust_name,c1_0.phone,o2_0.employee_id,e1_0.emp_id,e1_0.address,e1_0.dob,e1_0.email,e1_0.full_name,e1_0.phone,e1_0.status,o2_0.order_date,o1_0.product_id,p1_0.product_id,p1_0.description,p1_0.manufacturer_name,p1_0.name,p1_0.status,p1_0.unit,p2_0.product_id,p2_0.image_id,p2_0.alternative,p2_0.path,o1_0.note,o1_0.price,o1_0.quantity from order_detail o1_0 join orders o2_0 on o2_0.order_id=o1_0.order_id left join customer c1_0 on c1_0.cust_id=o2_0.cust_id left join employee e1_0 on e1_0.emp_id=o2_0.employee_id join product p1_0 on p1_0.product_id=o1_0.product_id left join product_image p2_0 on p1_0.product_id=p2_0.product_id where (o1_0.order_id,o1_0.product_id) in ((?,?))
Hibernate: select o1_0.order_id,c1_0.cust_id,c1_0.address,c1_0.email,c1_0.cust_name,c1_0.phone,o1_0.employee_id,e1_0.emp_id,e1_0.address,e1_0.dob,e1_0.email,e1_0.full_name,e1_0.phone,e1_0.status,o1_0.order_date,o2_0.order_id,o2_0.product_id,p1_0.product_id,p1_0.description,p1_0.manufacturer_name,p1_0.name,p1_0.status,p1_0.unit,o2_0.note,o2_0.price,o2_0.quantity from orders o1_0 left join customer c1_0 on c1_0.cust_id=o1_0.cust_id join employee e1_0 on e1_0.emp_id=o1_0.employee_id left join order_detail o2_0 on o1_0.order_id=o2_0.order_id left join product p1_0 on p1_0.product_id=o2_0.product_id where o1_0.order_id=?
Hibernate: select p1_0.product_id,p1_0.price_date_time,p1_0.note,p1_0.price from product_price p1_0 where p1_0.product_id=?
Hibernate: select p1_0.product_id,p1_0.image_id,p1_0.alternative,p1_0.path from product_image p1_0 where p1_0.product_id=?
Hibernate: select o1_0.product_id,o1_0.order_id,o2_0.order_id,c1_0.cust_id,c1_0.address,c1_0.email,c1_0.cust_name,c1_0.phone,o2_0.employee_id,e1_0.emp_id,e1_0.address,e1_0.dob,e1_0.email,e1_0.full_name,e1_0.phone,e1_0.status,o2_0.order_date,o1_0.note,o1_0.price,o1_0.quantity from order_detail o1_0 join orders o2_0 on o2_0.order_id=o1_0.order_id left join customer c1_0 on c1_0.cust_id=o2_0.cust_id left join employee e1_0 on e1_0.emp_id=o2_0.employee_id where o1_0.product_id=?
Hibernate: select l1_0.employee_id,l1_0.order_id,c1_0.cust_id,c1_0.address,c1_0.email,c1_0.cust_name,c1_0.phone,l1_0.order_date from orders l1_0 left join customer c1_0 on c1_0.cust_id=l1_0.cust_id where l1_0.employee_id=?
Hibernate: select p1_0.product_id,p1_0.description,p1_0.manufacturer_name,p1_0.name,p1_0.status,p1_0.unit,o1_0.product_id,o1_0.order_id,o2_0.order_id,c1_0.cust_id,c1_0.address,c1_0.email,c1_0.cust_name,c1_0.phone,o2_0.employee_id,e1_0.emp_id,e1_0.address,e1_0.dob,e1_0.email,e1_0.full_name,e1_0.phone,e1_0.status,o2_0.order_date,o1_0.note,o1_0.price,o1_0.quantity from product p1_0 left join order_detail o1_0 on p1_0.product_id=o1_0.product_id left join orders o2_0 on o2_0.order_id=o1_0.order_id left join customer c1_0 on c1_0.cust_id=o2_0.cust_id left join employee e1_0 on e1_0.emp_id=o2_0.employee_id where p1_0.product_id=?
Hibernate: select o1_0.order_id,o1_0.product_id,p1_0.product_id,p1_0.description,p1_0.manufacturer_name,p1_0.name,p1_0.status,p1_0.unit,o1_0.note,o1_0.price,o1_0.quantity from order_detail o1_0 join product p1_0 on p1_0.product_id=o1_0.product_id where o1_0.order_id=?
Hibernate: select l1_0.employee_id,l1_0.order_id,c1_0.cust_id,c1_0.address,c1_0.email,c1_0.cust_name,c1_0.phone,l1_0.order_date from orders l1_0 left join customer c1_0 on c1_0.cust_id=l1_0.cust_id where l1_0.employee_id=?
Hibernate: select o1_0.order_id,o1_0.product_id,p1_0.product_id,p1_0.description,p1_0.manufacturer_name,p1_0.name,p1_0.status,p1_0.unit,o1_0.note,o1_0.price,o1_0.quantity from order_detail o1_0 join product p1_0 on p1_0.product_id=o1_0.product_id where o1_0.order_id=?
Hibernate: select o1_0.order_id,o1_0.product_id,p1_0.product_id,p1_0.description,p1_0.manufacturer_name,p1_0.name,p1_0.status,p1_0.unit,o1_0.note,o1_0.price,o1_0.quantity from order_detail o1_0 join product p1_0 on p1_0.product_id=o1_0.product_id where o1_0.order_id=?
Hibernate: select l1_0.employee_id,l1_0.order_id,c1_0.cust_id,c1_0.address,c1_0.email,c1_0.cust_name,c1_0.phone,l1_0.order_date from orders l1_0 left join customer c1_0 on c1_0.cust_id=l1_0.cust_id where l1_0.employee_id=?
Hibernate: select o1_0.order_id,o1_0.product_id,p1_0.product_id,p1_0.description,p1_0.manufacturer_name,p1_0.name,p1_0.status,p1_0.unit,o1_0.note,o1_0.price,o1_0.quantity from order_detail o1_0 join product p1_0 on p1_0.product_id=o1_0.product_id where o1_0.order_id=?
Hibernate: select o1_0.order_id,o1_0.product_id,p1_0.product_id,p1_0.description,p1_0.manufacturer_name,p1_0.name,p1_0.status,p1_0.unit,o1_0.note,o1_0.price,o1_0.quantity from order_detail o1_0 join product p1_0 on p1_0.product_id=o1_0.product_id where o1_0.order_id=?
Hibernate: select p1_0.product_id,p1_0.price_date_time,p1_0.note,p1_0.price from product_price p1_0 where p1_0.product_id=?
Hibernate: select p1_0.product_id,p1_0.image_id,p1_0.alternative,p1_0.path from product_image p1_0 where p1_0.product_id=?
Hibernate: select o1_0.order_id,o1_0.product_id,p1_0.product_id,p1_0.description,p1_0.manufacturer_name,p1_0.name,p1_0.status,p1_0.unit,o1_0.note,o1_0.price,o1_0.quantity from order_detail o1_0 join product p1_0 on p1_0.product_id=o1_0.product_id where o1_0.order_id=?
Hibernate: insert into order_detail (note,price,quantity,order_id,product_id) values (?,?,?,?,?)
Hibernate: select p1_0.product_id,p1_0.description,p1_0.manufacturer_name,p1_0.name,p1_0.status,p1_0.unit from product p1_0 where p1_0.product_id=?
Hibernate: select o1_0.order_id,o2_0.order_id,c1_0.cust_id,c1_0.address,c1_0.email,c1_0.cust_name,c1_0.phone,o2_0.employee_id,e1_0.emp_id,e1_0.address,e1_0.dob,e1_0.email,e1_0.full_name,e1_0.phone,e1_0.status,o2_0.order_date,o1_0.product_id,p1_0.product_id,p1_0.description,p1_0.manufacturer_name,p1_0.name,p1_0.status,p1_0.unit,p2_0.product_id,p2_0.image_id,p2_0.alternative,p2_0.path,o1_0.note,o1_0.price,o1_0.quantity from order_detail o1_0 join orders o2_0 on o2_0.order_id=o1_0.order_id left join customer c1_0 on c1_0.cust_id=o2_0.cust_id left join employee e1_0 on e1_0.emp_id=o2_0.employee_id join product p1_0 on p1_0.product_id=o1_0.product_id left join product_image p2_0 on p1_0.product_id=p2_0.product_id where (o1_0.order_id,o1_0.product_id) in ((?,?))
Hibernate: select o1_0.order_id,c1_0.cust_id,c1_0.address,c1_0.email,c1_0.cust_name,c1_0.phone,o1_0.employee_id,e1_0.emp_id,e1_0.address,e1_0.dob,e1_0.email,e1_0.full_name,e1_0.phone,e1_0.status,o1_0.order_date,o2_0.order_id,o2_0.product_id,p1_0.product_id,p1_0.description,p1_0.manufacturer_name,p1_0.name,p1_0.status,p1_0.unit,o2_0.note,o2_0.price,o2_0.quantity from orders o1_0 left join customer c1_0 on c1_0.cust_id=o1_0.cust_id join employee e1_0 on e1_0.emp_id=o1_0.employee_id left join order_detail o2_0 on o1_0.order_id=o2_0.order_id left join product p1_0 on p1_0.product_id=o2_0.product_id where o1_0.order_id=?
Hibernate: select p1_0.product_id,p1_0.price_date_time,p1_0.note,p1_0.price from product_price p1_0 where p1_0.product_id=?
Hibernate: select p1_0.product_id,p1_0.image_id,p1_0.alternative,p1_0.path from product_image p1_0 where p1_0.product_id=?
Hibernate: select o1_0.product_id,o1_0.order_id,o2_0.order_id,c1_0.cust_id,c1_0.address,c1_0.email,c1_0.cust_name,c1_0.phone,o2_0.employee_id,e1_0.emp_id,e1_0.address,e1_0.dob,e1_0.email,e1_0.full_name,e1_0.phone,e1_0.status,o2_0.order_date,o1_0.note,o1_0.price,o1_0.quantity from order_detail o1_0 join orders o2_0 on o2_0.order_id=o1_0.order_id left join customer c1_0 on c1_0.cust_id=o2_0.cust_id left join employee e1_0 on e1_0.emp_id=o2_0.employee_id where o1_0.product_id=?
Hibernate: select p1_0.product_id,p1_0.price_date_time,p1_0.note,p1_0.price from product_price p1_0 where p1_0.product_id=?
Hibernate: select p1_0.product_id,p1_0.image_id,p1_0.alternative,p1_0.path from product_image p1_0 where p1_0.product_id=?
Hibernate: select o1_0.product_id,o1_0.order_id,o2_0.order_id,c1_0.cust_id,c1_0.address,c1_0.email,c1_0.cust_name,c1_0.phone,o2_0.employee_id,e1_0.emp_id,e1_0.address,e1_0.dob,e1_0.email,e1_0.full_name,e1_0.phone,e1_0.status,o2_0.order_date,o1_0.note,o1_0.price,o1_0.quantity from order_detail o1_0 join orders o2_0 on o2_0.order_id=o1_0.order_id left join customer c1_0 on c1_0.cust_id=o2_0.cust_id left join employee e1_0 on e1_0.emp_id=o2_0.employee_id where o1_0.product_id=?
Hibernate: select l1_0.employee_id,l1_0.order_id,c1_0.cust_id,c1_0.address,c1_0.email,c1_0.cust_name,c1_0.phone,l1_0.order_date from orders l1_0 left join customer c1_0 on c1_0.cust_id=l1_0.cust_id where l1_0.employee_id=?
Hibernate: select p1_0.product_id,p1_0.description,p1_0.manufacturer_name,p1_0.name,p1_0.status,p1_0.unit,o1_0.product_id,o1_0.order_id,o2_0.order_id,c1_0.cust_id,c1_0.address,c1_0.email,c1_0.cust_name,c1_0.phone,o2_0.employee_id,e1_0.emp_id,e1_0.address,e1_0.dob,e1_0.email,e1_0.full_name,e1_0.phone,e1_0.status,o2_0.order_date,o1_0.note,o1_0.price,o1_0.quantity from product p1_0 left join order_detail o1_0 on p1_0.product_id=o1_0.product_id left join orders o2_0 on o2_0.order_id=o1_0.order_id left join customer c1_0 on c1_0.cust_id=o2_0.cust_id left join employee e1_0 on e1_0.emp_id=o2_0.employee_id where p1_0.product_id=?
Hibernate: select o1_0.order_id,o1_0.product_id,p1_0.product_id,p1_0.description,p1_0.manufacturer_name,p1_0.name,p1_0.status,p1_0.unit,o1_0.note,o1_0.price,o1_0.quantity from order_detail o1_0 join product p1_0 on p1_0.product_id=o1_0.product_id where o1_0.order_id=?
Hibernate: select o1_0.order_id,o1_0.product_id,p1_0.product_id,p1_0.description,p1_0.manufacturer_name,p1_0.name,p1_0.status,p1_0.unit,o1_0.note,o1_0.price,o1_0.quantity from order_detail o1_0 join product p1_0 on p1_0.product_id=o1_0.product_id where o1_0.order_id=?
Hibernate: select o1_0.order_id,o1_0.product_id,p1_0.product_id,p1_0.description,p1_0.manufacturer_name,p1_0.name,p1_0.status,p1_0.unit,o1_0.note,o1_0.price,o1_0.quantity from order_detail o1_0 join product p1_0 on p1_0.product_id=o1_0.product_id where o1_0.order_id=?
Hibernate: select p1_0.product_id,p1_0.price_date_time,p1_0.note,p1_0.price from product_price p1_0 where p1_0.product_id=?
Hibernate: select p1_0.product_id,p1_0.image_id,p1_0.alternative,p1_0.path from product_image p1_0 where p1_0.product_id=?
Hibernate: select o1_0.order_id,o1_0.product_id,p1_0.product_id,p1_0.description,p1_0.manufacturer_name,p1_0.name,p1_0.status,p1_0.unit,o1_0.note,o1_0.price,o1_0.quantity from order_detail o1_0 join product p1_0 on p1_0.product_id=o1_0.product_id where o1_0.order_id=?
Hibernate: insert into order_detail (note,price,quantity,order_id,product_id) values (?,?,?,?,?)
Hibernate: select e1_0.emp_id,e1_0.address,e1_0.dob,e1_0.email,e1_0.full_name,e1_0.phone,e1_0.status from employee e1_0 where e1_0.emp_id=?
Hibernate: select c1_0.cust_id,c1_0.address,c1_0.email,c1_0.cust_name,c1_0.phone from customer c1_0 where c1_0.cust_id=?
Hibernate: select o1_0.order_id,c1_0.cust_id,c1_0.address,c1_0.email,c1_0.cust_name,c1_0.phone,o1_0.employee_id,e1_0.emp_id,e1_0.address,e1_0.dob,e1_0.email,e1_0.full_name,e1_0.phone,e1_0.status,o1_0.order_date,o2_0.order_id,o2_0.product_id,p1_0.product_id,p1_0.description,p1_0.manufacturer_name,p1_0.name,p1_0.status,p1_0.unit,o2_0.note,o2_0.price,o2_0.quantity from orders o1_0 left join customer c1_0 on c1_0.cust_id=o1_0.cust_id join employee e1_0 on e1_0.emp_id=o1_0.employee_id left join order_detail o2_0 on o1_0.order_id=o2_0.order_id left join product p1_0 on p1_0.product_id=o2_0.product_id where o1_0.order_id=?
Hibernate: select c1_0.cust_id,c1_0.address,c1_0.email,c1_0.cust_name,c1_0.phone from customer c1_0 where c1_0.cust_id=?
Hibernate: select e1_0.emp_id,e1_0.address,e1_0.dob,e1_0.email,e1_0.full_name,e1_0.phone,e1_0.status from employee e1_0 where e1_0.emp_id=?
Hibernate: insert into orders (cust_id,employee_id,order_date,order_id) values (?,?,?,default)
Hibernate: select p1_0.product_id,p1_0.description,p1_0.manufacturer_name,p1_0.name,p1_0.status,p1_0.unit from product p1_0 where p1_0.product_id=?
Hibernate: select o1_0.order_id,o2_0.order_id,c1_0.cust_id,c1_0.address,c1_0.email,c1_0.cust_name,c1_0.phone,o2_0.employee_id,e1_0.emp_id,e1_0.address,e1_0.dob,e1_0.email,e1_0.full_name,e1_0.phone,e1_0.status,o2_0.order_date,o1_0.product_id,p1_0.product_id,p1_0.description,p1_0.manufacturer_name,p1_0.name,p1_0.status,p1_0.unit,p2_0.product_id,p2_0.image_id,p2_0.alternative,p2_0.path,o1_0.note,o1_0.price,o1_0.quantity from order_detail o1_0 join orders o2_0 on o2_0.order_id=o1_0.order_id left join customer c1_0 on c1_0.cust_id=o2_0.cust_id left join employee e1_0 on e1_0.emp_id=o2_0.employee_id join product p1_0 on p1_0.product_id=o1_0.product_id left join product_image p2_0 on p1_0.product_id=p2_0.product_id where (o1_0.order_id,o1_0.product_id) in ((?,?))
Hibernate: select o1_0.order_id,c1_0.cust_id,c1_0.address,c1_0.email,c1_0.cust_name,c1_0.phone,o1_0.employee_id,e1_0.emp_id,e1_0.address,e1_0.dob,e1_0.email,e1_0.full_name,e1_0.phone,e1_0.status,o1_0.order_date,o2_0.order_id,o2_0.product_id,p1_0.product_id,p1_0.description,p1_0.manufacturer_name,p1_0.name,p1_0.status,p1_0.unit,o2_0.note,o2_0.price,o2_0.quantity from orders o1_0 left join customer c1_0 on c1_0.cust_id=o1_0.cust_id join employee e1_0 on e1_0.emp_id=o1_0.employee_id left join order_detail o2_0 on o1_0.order_id=o2_0.order_id left join product p1_0 on p1_0.product_id=o2_0.product_id where o1_0.order_id=?
Hibernate: select l1_0.employee_id,l1_0.order_id,c1_0.cust_id,c1_0.address,c1_0.email,c1_0.cust_name,c1_0.phone,l1_0.order_date from orders l1_0 left join customer c1_0 on c1_0.cust_id=l1_0.cust_id where l1_0.employee_id=?
Hibernate: select p1_0.product_id,p1_0.description,p1_0.manufacturer_name,p1_0.name,p1_0.status,p1_0.unit,o1_0.product_id,o1_0.order_id,o2_0.order_id,c1_0.cust_id,c1_0.address,c1_0.email,c1_0.cust_name,c1_0.phone,o2_0.employee_id,e1_0.emp_id,e1_0.address,e1_0.dob,e1_0.email,e1_0.full_name,e1_0.phone,e1_0.status,o2_0.order_date,o1_0.note,o1_0.price,o1_0.quantity from product p1_0 left join order_detail o1_0 on p1_0.product_id=o1_0.product_id left join orders o2_0 on o2_0.order_id=o1_0.order_id left join customer c1_0 on c1_0.cust_id=o2_0.cust_id left join employee e1_0 on e1_0.emp_id=o2_0.employee_id where p1_0.product_id=?
Hibernate: select o1_0.order_id,o1_0.product_id,p1_0.product_id,p1_0.description,p1_0.manufacturer_name,p1_0.name,p1_0.status,p1_0.unit,o1_0.note,o1_0.price,o1_0.quantity from order_detail o1_0 join product p1_0 on p1_0.product_id=o1_0.product_id where o1_0.order_id=?
Hibernate: select l1_0.employee_id,l1_0.order_id,c1_0.cust_id,c1_0.address,c1_0.email,c1_0.cust_name,c1_0.phone,l1_0.order_date from orders l1_0 left join customer c1_0 on c1_0.cust_id=l1_0.cust_id where l1_0.employee_id=?
Hibernate: select p1_0.product_id,p1_0.price_date_time,p1_0.note,p1_0.price from product_price p1_0 where p1_0.product_id=?
Hibernate: select p1_0.product_id,p1_0.image_id,p1_0.alternative,p1_0.path from product_image p1_0 where p1_0.product_id=?
Hibernate: select o1_0.order_id,o1_0.product_id,p1_0.product_id,p1_0.description,p1_0.manufacturer_name,p1_0.name,p1_0.status,p1_0.unit,o1_0.note,o1_0.price,o1_0.quantity from order_detail o1_0 join product p1_0 on p1_0.product_id=o1_0.product_id where o1_0.order_id=?
Hibernate: select l1_0.employee_id,l1_0.order_id,c1_0.cust_id,c1_0.address,c1_0.email,c1_0.cust_name,c1_0.phone,l1_0.order_date from orders l1_0 left join customer c1_0 on c1_0.cust_id=l1_0.cust_id where l1_0.employee_id=?
Hibernate: insert into order_detail (note,price,quantity,order_id,product_id) values (?,?,?,?,?)
Hibernate: select p1_0.product_id,p1_0.description,p1_0.manufacturer_name,p1_0.name,p1_0.status,p1_0.unit from product p1_0 where p1_0.product_id=?
Hibernate: select o1_0.order_id,o2_0.order_id,c1_0.cust_id,c1_0.address,c1_0.email,c1_0.cust_name,c1_0.phone,o2_0.employee_id,e1_0.emp_id,e1_0.address,e1_0.dob,e1_0.email,e1_0.full_name,e1_0.phone,e1_0.status,o2_0.order_date,o1_0.product_id,p1_0.product_id,p1_0.description,p1_0.manufacturer_name,p1_0.name,p1_0.status,p1_0.unit,p2_0.product_id,p2_0.image_id,p2_0.alternative,p2_0.path,o1_0.note,o1_0.price,o1_0.quantity from order_detail o1_0 join orders o2_0 on o2_0.order_id=o1_0.order_id left join customer c1_0 on c1_0.cust_id=o2_0.cust_id left join employee e1_0 on e1_0.emp_id=o2_0.employee_id join product p1_0 on p1_0.product_id=o1_0.product_id left join product_image p2_0 on p1_0.product_id=p2_0.product_id where (o1_0.order_id,o1_0.product_id) in ((?,?))
Hibernate: select o1_0.order_id,c1_0.cust_id,c1_0.address,c1_0.email,c1_0.cust_name,c1_0.phone,o1_0.employee_id,e1_0.emp_id,e1_0.address,e1_0.dob,e1_0.email,e1_0.full_name,e1_0.phone,e1_0.status,o1_0.order_date,o2_0.order_id,o2_0.product_id,p1_0.product_id,p1_0.description,p1_0.manufacturer_name,p1_0.name,p1_0.status,p1_0.unit,o2_0.note,o2_0.price,o2_0.quantity from orders o1_0 left join customer c1_0 on c1_0.cust_id=o1_0.cust_id join employee e1_0 on e1_0.emp_id=o1_0.employee_id left join order_detail o2_0 on o1_0.order_id=o2_0.order_id left join product p1_0 on p1_0.product_id=o2_0.product_id where o1_0.order_id=?
Hibernate: select p1_0.product_id,p1_0.price_date_time,p1_0.note,p1_0.price from product_price p1_0 where p1_0.product_id=?
Hibernate: select p1_0.product_id,p1_0.image_id,p1_0.alternative,p1_0.path from product_image p1_0 where p1_0.product_id=?
Hibernate: select o1_0.product_id,o1_0.order_id,o2_0.order_id,c1_0.cust_id,c1_0.address,c1_0.email,c1_0.cust_name,c1_0.phone,o2_0.employee_id,e1_0.emp_id,e1_0.address,e1_0.dob,e1_0.email,e1_0.full_name,e1_0.phone,e1_0.status,o2_0.order_date,o1_0.note,o1_0.price,o1_0.quantity from order_detail o1_0 join orders o2_0 on o2_0.order_id=o1_0.order_id left join customer c1_0 on c1_0.cust_id=o2_0.cust_id left join employee e1_0 on e1_0.emp_id=o2_0.employee_id where o1_0.product_id=?
Hibernate: select l1_0.employee_id,l1_0.order_id,c1_0.cust_id,c1_0.address,c1_0.email,c1_0.cust_name,c1_0.phone,l1_0.order_date from orders l1_0 left join customer c1_0 on c1_0.cust_id=l1_0.cust_id where l1_0.employee_id=?
Hibernate: select p1_0.product_id,p1_0.description,p1_0.manufacturer_name,p1_0.name,p1_0.status,p1_0.unit,o1_0.product_id,o1_0.order_id,o2_0.order_id,c1_0.cust_id,c1_0.address,c1_0.email,c1_0.cust_name,c1_0.phone,o2_0.employee_id,e1_0.emp_id,e1_0.address,e1_0.dob,e1_0.email,e1_0.full_name,e1_0.phone,e1_0.status,o2_0.order_date,o1_0.note,o1_0.price,o1_0.quantity from product p1_0 left join order_detail o1_0 on p1_0.product_id=o1_0.product_id left join orders o2_0 on o2_0.order_id=o1_0.order_id left join customer c1_0 on c1_0.cust_id=o2_0.cust_id left join employee e1_0 on e1_0.emp_id=o2_0.employee_id where p1_0.product_id=?
Hibernate: select o1_0.order_id,o1_0.product_id,p1_0.product_id,p1_0.description,p1_0.manufacturer_name,p1_0.name,p1_0.status,p1_0.unit,o1_0.note,o1_0.price,o1_0.quantity from order_detail o1_0 join product p1_0 on p1_0.product_id=o1_0.product_id where o1_0.order_id=?
Hibernate: select l1_0.employee_id,l1_0.order_id,c1_0.cust_id,c1_0.address,c1_0.email,c1_0.cust_name,c1_0.phone,l1_0.order_date from orders l1_0 left join customer c1_0 on c1_0.cust_id=l1_0.cust_id where l1_0.employee_id=?
Hibernate: select o1_0.order_id,o1_0.product_id,p1_0.product_id,p1_0.description,p1_0.manufacturer_name,p1_0.name,p1_0.status,p1_0.unit,o1_0.note,o1_0.price,o1_0.quantity from order_detail o1_0 join product p1_0 on p1_0.product_id=o1_0.product_id where o1_0.order_id=?
Hibernate: select o1_0.order_id,o1_0.product_id,p1_0.product_id,p1_0.description,p1_0.manufacturer_name,p1_0.name,p1_0.status,p1_0.unit,o1_0.note,o1_0.price,o1_0.quantity from order_detail o1_0 join product p1_0 on p1_0.product_id=o1_0.product_id where o1_0.order_id=?
Hibernate: select l1_0.employee_id,l1_0.order_id,c1_0.cust_id,c1_0.address,c1_0.email,c1_0.cust_name,c1_0.phone,l1_0.order_date from orders l1_0 left join customer c1_0 on c1_0.cust_id=l1_0.cust_id where l1_0.employee_id=?
Hibernate: select o1_0.order_id,o1_0.product_id,p1_0.product_id,p1_0.description,p1_0.manufacturer_name,p1_0.name,p1_0.status,p1_0.unit,o1_0.note,o1_0.price,o1_0.quantity from order_detail o1_0 join product p1_0 on p1_0.product_id=o1_0.product_id where o1_0.order_id=?
Hibernate: select o1_0.order_id,o1_0.product_id,p1_0.product_id,p1_0.description,p1_0.manufacturer_name,p1_0.name,p1_0.status,p1_0.unit,o1_0.note,o1_0.price,o1_0.quantity from order_detail o1_0 join product p1_0 on p1_0.product_id=o1_0.product_id where o1_0.order_id=?
Hibernate: select l1_0.employee_id,l1_0.order_id,c1_0.cust_id,c1_0.address,c1_0.email,c1_0.cust_name,c1_0.phone,l1_0.order_date from orders l1_0 left join customer c1_0 on c1_0.cust_id=l1_0.cust_id where l1_0.employee_id=?
Hibernate: select p1_0.product_id,p1_0.price_date_time,p1_0.note,p1_0.price from product_price p1_0 where p1_0.product_id=?
Hibernate: select p1_0.product_id,p1_0.image_id,p1_0.alternative,p1_0.path from product_image p1_0 where p1_0.product_id=?
Hibernate: select o1_0.order_id,o1_0.product_id,p1_0.product_id,p1_0.description,p1_0.manufacturer_name,p1_0.name,p1_0.status,p1_0.unit,o1_0.note,o1_0.price,o1_0.quantity from order_detail o1_0 join product p1_0 on p1_0.product_id=o1_0.product_id where o1_0.order_id=?
Hibernate: select l1_0.employee_id,l1_0.order_id,c1_0.cust_id,c1_0.address,c1_0.email,c1_0.cust_name,c1_0.phone,l1_0.order_date from orders l1_0 left join customer c1_0 on c1_0.cust_id=l1_0.cust_id where l1_0.employee_id=?
Hibernate: insert into order_detail (note,price,quantity,order_id,product_id) values (?,?,?,?,?)
Hibernate: select p1_0.product_id,p1_0.description,p1_0.manufacturer_name,p1_0.name,p1_0.status,p1_0.unit from product p1_0 where p1_0.product_id=?
Hibernate: select o1_0.order_id,o2_0.order_id,c1_0.cust_id,c1_0.address,c1_0.email,c1_0.cust_name,c1_0.phone,o2_0.employee_id,e1_0.emp_id,e1_0.address,e1_0.dob,e1_0.email,e1_0.full_name,e1_0.phone,e1_0.status,o2_0.order_date,o1_0.product_id,p1_0.product_id,p1_0.description,p1_0.manufacturer_name,p1_0.name,p1_0.status,p1_0.unit,p2_0.product_id,p2_0.image_id,p2_0.alternative,p2_0.path,o1_0.note,o1_0.price,o1_0.quantity from order_detail o1_0 join orders o2_0 on o2_0.order_id=o1_0.order_id left join customer c1_0 on c1_0.cust_id=o2_0.cust_id left join employee e1_0 on e1_0.emp_id=o2_0.employee_id join product p1_0 on p1_0.product_id=o1_0.product_id left join product_image p2_0 on p1_0.product_id=p2_0.product_id where (o1_0.order_id,o1_0.product_id) in ((?,?))
Hibernate: select o1_0.order_id,c1_0.cust_id,c1_0.address,c1_0.email,c1_0.cust_name,c1_0.phone,o1_0.employee_id,e1_0.emp_id,e1_0.address,e1_0.dob,e1_0.email,e1_0.full_name,e1_0.phone,e1_0.status,o1_0.order_date,o2_0.order_id,o2_0.product_id,p1_0.product_id,p1_0.description,p1_0.manufacturer_name,p1_0.name,p1_0.status,p1_0.unit,o2_0.note,o2_0.price,o2_0.quantity from orders o1_0 left join customer c1_0 on c1_0.cust_id=o1_0.cust_id join employee e1_0 on e1_0.emp_id=o1_0.employee_id left join order_detail o2_0 on o1_0.order_id=o2_0.order_id left join product p1_0 on p1_0.product_id=o2_0.product_id where o1_0.order_id=?
Hibernate: select p1_0.product_id,p1_0.price_date_time,p1_0.note,p1_0.price from product_price p1_0 where p1_0.product_id=?
Hibernate: select p1_0.product_id,p1_0.image_id,p1_0.alternative,p1_0.path from product_image p1_0 where p1_0.product_id=?
Hibernate: select o1_0.product_id,o1_0.order_id,o2_0.order_id,c1_0.cust_id,c1_0.address,c1_0.email,c1_0.cust_name,c1_0.phone,o2_0.employee_id,e1_0.emp_id,e1_0.address,e1_0.dob,e1_0.email,e1_0.full_name,e1_0.phone,e1_0.status,o2_0.order_date,o1_0.note,o1_0.price,o1_0.quantity from order_detail o1_0 join orders o2_0 on o2_0.order_id=o1_0.order_id left join customer c1_0 on c1_0.cust_id=o2_0.cust_id left join employee e1_0 on e1_0.emp_id=o2_0.employee_id where o1_0.product_id=?
Hibernate: select p1_0.product_id,p1_0.price_date_time,p1_0.note,p1_0.price from product_price p1_0 where p1_0.product_id=?
Hibernate: select p1_0.product_id,p1_0.image_id,p1_0.alternative,p1_0.path from product_image p1_0 where p1_0.product_id=?
Hibernate: select o1_0.product_id,o1_0.order_id,o2_0.order_id,c1_0.cust_id,c1_0.address,c1_0.email,c1_0.cust_name,c1_0.phone,o2_0.employee_id,e1_0.emp_id,e1_0.address,e1_0.dob,e1_0.email,e1_0.full_name,e1_0.phone,e1_0.status,o2_0.order_date,o1_0.note,o1_0.price,o1_0.quantity from order_detail o1_0 join orders o2_0 on o2_0.order_id=o1_0.order_id left join customer c1_0 on c1_0.cust_id=o2_0.cust_id left join employee e1_0 on e1_0.emp_id=o2_0.employee_id where o1_0.product_id=?
Hibernate: select l1_0.employee_id,l1_0.order_id,c1_0.cust_id,c1_0.address,c1_0.email,c1_0.cust_name,c1_0.phone,l1_0.order_date from orders l1_0 left join customer c1_0 on c1_0.cust_id=l1_0.cust_id where l1_0.employee_id=?
Hibernate: select p1_0.product_id,p1_0.description,p1_0.manufacturer_name,p1_0.name,p1_0.status,p1_0.unit,o1_0.product_id,o1_0.order_id,o2_0.order_id,c1_0.cust_id,c1_0.address,c1_0.email,c1_0.cust_name,c1_0.phone,o2_0.employee_id,e1_0.emp_id,e1_0.address,e1_0.dob,e1_0.email,e1_0.full_name,e1_0.phone,e1_0.status,o2_0.order_date,o1_0.note,o1_0.price,o1_0.quantity from product p1_0 left join order_detail o1_0 on p1_0.product_id=o1_0.product_id left join orders o2_0 on o2_0.order_id=o1_0.order_id left join customer c1_0 on c1_0.cust_id=o2_0.cust_id left join employee e1_0 on e1_0.emp_id=o2_0.employee_id where p1_0.product_id=?
Hibernate: select o1_0.order_id,o1_0.product_id,p1_0.product_id,p1_0.description,p1_0.manufacturer_name,p1_0.name,p1_0.status,p1_0.unit,o1_0.note,o1_0.price,o1_0.quantity from order_detail o1_0 join product p1_0 on p1_0.product_id=o1_0.product_id where o1_0.order_id=?
Hibernate: select o1_0.order_id,o1_0.product_id,p1_0.product_id,p1_0.description,p1_0.manufacturer_name,p1_0.name,p1_0.status,p1_0.unit,o1_0.note,o1_0.price,o1_0.quantity from order_detail o1_0 join product p1_0 on p1_0.product_id=o1_0.product_id where o1_0.order_id=?
Hibernate: select o1_0.order_id,o1_0.product_id,p1_0.product_id,p1_0.description,p1_0.manufacturer_name,p1_0.name,p1_0.status,p1_0.unit,o1_0.note,o1_0.price,o1_0.quantity from order_detail o1_0 join product p1_0 on p1_0.product_id=o1_0.product_id where o1_0.order_id=?
Hibernate: select o1_0.order_id,o1_0.product_id,p1_0.product_id,p1_0.description,p1_0.manufacturer_name,p1_0.name,p1_0.status,p1_0.unit,o1_0.note,o1_0.price,o1_0.quantity from order_detail o1_0 join product p1_0 on p1_0.product_id=o1_0.product_id where o1_0.order_id=?
Hibernate: select o1_0.order_id,o1_0.product_id,p1_0.product_id,p1_0.description,p1_0.manufacturer_name,p1_0.name,p1_0.status,p1_0.unit,o1_0.note,o1_0.price,o1_0.quantity from order_detail o1_0 join product p1_0 on p1_0.product_id=o1_0.product_id where o1_0.order_id=?
Hibernate: select o1_0.order_id,o1_0.product_id,p1_0.product_id,p1_0.description,p1_0.manufacturer_name,p1_0.name,p1_0.status,p1_0.unit,o1_0.note,o1_0.price,o1_0.quantity from order_detail o1_0 join product p1_0 on p1_0.product_id=o1_0.product_id where o1_0.order_id=?
Hibernate: select o1_0.order_id,o1_0.product_id,p1_0.product_id,p1_0.description,p1_0.manufacturer_name,p1_0.name,p1_0.status,p1_0.unit,o1_0.note,o1_0.price,o1_0.quantity from order_detail o1_0 join product p1_0 on p1_0.product_id=o1_0.product_id where o1_0.order_id=?
Hibernate: select o1_0.order_id,o1_0.product_id,p1_0.product_id,p1_0.description,p1_0.manufacturer_name,p1_0.name,p1_0.status,p1_0.unit,o1_0.note,o1_0.price,o1_0.quantity from order_detail o1_0 join product p1_0 on p1_0.product_id=o1_0.product_id where o1_0.order_id=?
Hibernate: select l1_0.employee_id,l1_0.order_id,c1_0.cust_id,c1_0.address,c1_0.email,c1_0.cust_name,c1_0.phone,l1_0.order_date from orders l1_0 left join customer c1_0 on c1_0.cust_id=l1_0.cust_id where l1_0.employee_id=?
Hibernate: select p1_0.product_id,p1_0.price_date_time,p1_0.note,p1_0.price from product_price p1_0 where p1_0.product_id=?
Hibernate: select p1_0.product_id,p1_0.image_id,p1_0.alternative,p1_0.path from product_image p1_0 where p1_0.product_id=?
Hibernate: select o1_0.order_id,o1_0.product_id,p1_0.product_id,p1_0.description,p1_0.manufacturer_name,p1_0.name,p1_0.status,p1_0.unit,o1_0.note,o1_0.price,o1_0.quantity from order_detail o1_0 join product p1_0 on p1_0.product_id=o1_0.product_id where o1_0.order_id=?
Hibernate: select l1_0.employee_id,l1_0.order_id,c1_0.cust_id,c1_0.address,c1_0.email,c1_0.cust_name,c1_0.phone,l1_0.order_date from orders l1_0 left join customer c1_0 on c1_0.cust_id=l1_0.cust_id where l1_0.employee_id=?
Hibernate: insert into order_detail (note,price,quantity,order_id,product_id) values (?,?,?,?,?)
Hibernate: select e1_0.emp_id,e1_0.address,e1_0.dob,e1_0.email,e1_0.full_name,e1_0.phone,e1_0.status from employee e1_0 where e1_0.emp_id=?
Hibernate: select c1_0.cust_id,c1_0.address,c1_0.email,c1_0.cust_name,c1_0.phone from customer c1_0 where c1_0.cust_id=?
Hibernate: select o1_0.order_id,c1_0.cust_id,c1_0.address,c1_0.email,c1_0.cust_name,c1_0.phone,o1_0.employee_id,e1_0.emp_id,e1_0.address,e1_0.dob,e1_0.email,e1_0.full_name,e1_0.phone,e1_0.status,o1_0.order_date,o2_0.order_id,o2_0.product_id,p1_0.product_id,p1_0.description,p1_0.manufacturer_name,p1_0.name,p1_0.status,p1_0.unit,o2_0.note,o2_0.price,o2_0.quantity from orders o1_0 left join customer c1_0 on c1_0.cust_id=o1_0.cust_id join employee e1_0 on e1_0.emp_id=o1_0.employee_id left join order_detail o2_0 on o1_0.order_id=o2_0.order_id left join product p1_0 on p1_0.product_id=o2_0.product_id where o1_0.order_id=?
Hibernate: select c1_0.cust_id,c1_0.address,c1_0.email,c1_0.cust_name,c1_0.phone from customer c1_0 where c1_0.cust_id=?
Hibernate: select e1_0.emp_id,e1_0.address,e1_0.dob,e1_0.email,e1_0.full_name,e1_0.phone,e1_0.status from employee e1_0 where e1_0.emp_id=?
Hibernate: insert into orders (cust_id,employee_id,order_date,order_id) values (?,?,?,default)
Hibernate: select p1_0.product_id,p1_0.description,p1_0.manufacturer_name,p1_0.name,p1_0.status,p1_0.unit from product p1_0 where p1_0.product_id=?
Hibernate: select o1_0.order_id,o2_0.order_id,c1_0.cust_id,c1_0.address,c1_0.email,c1_0.cust_name,c1_0.phone,o2_0.employee_id,e1_0.emp_id,e1_0.address,e1_0.dob,e1_0.email,e1_0.full_name,e1_0.phone,e1_0.status,o2_0.order_date,o1_0.product_id,p1_0.product_id,p1_0.description,p1_0.manufacturer_name,p1_0.name,p1_0.status,p1_0.unit,p2_0.product_id,p2_0.image_id,p2_0.alternative,p2_0.path,o1_0.note,o1_0.price,o1_0.quantity from order_detail o1_0 join orders o2_0 on o2_0.order_id=o1_0.order_id left join customer c1_0 on c1_0.cust_id=o2_0.cust_id left join employee e1_0 on e1_0.emp_id=o2_0.employee_id join product p1_0 on p1_0.product_id=o1_0.product_id left join product_image p2_0 on p1_0.product_id=p2_0.product_id where (o1_0.order_id,o1_0.product_id) in ((?,?))
Hibernate: select o1_0.order_id,c1_0.cust_id,c1_0.address,c1_0.email,c1_0.cust_name,c1_0.phone,o1_0.employee_id,e1_0.emp_id,e1_0.address,e1_0.dob,e1_0.email,e1_0.full_name,e1_0.phone,e1_0.status,o1_0.order_date,o2_0.order_id,o2_0.product_id,p1_0.product_id,p1_0.description,p1_0.manufacturer_name,p1_0.name,p1_0.status,p1_0.unit,o2_0.note,o2_0.price,o2_0.quantity from orders o1_0 left join customer c1_0 on c1_0.cust_id=o1_0.cust_id join employee e1_0 on e1_0.emp_id=o1_0.employee_id left join order_detail o2_0 on o1_0.order_id=o2_0.order_id left join product p1_0 on p1_0.product_id=o2_0.product_id where o1_0.order_id=?
Hibernate: select l1_0.employee_id,l1_0.order_id,c1_0.cust_id,c1_0.address,c1_0.email,c1_0.cust_name,c1_0.phone,l1_0.order_date from orders l1_0 left join customer c1_0 on c1_0.cust_id=l1_0.cust_id where l1_0.employee_id=?
Hibernate: select p1_0.product_id,p1_0.description,p1_0.manufacturer_name,p1_0.name,p1_0.status,p1_0.unit,o1_0.product_id,o1_0.order_id,o2_0.order_id,c1_0.cust_id,c1_0.address,c1_0.email,c1_0.cust_name,c1_0.phone,o2_0.employee_id,e1_0.emp_id,e1_0.address,e1_0.dob,e1_0.email,e1_0.full_name,e1_0.phone,e1_0.status,o2_0.order_date,o1_0.note,o1_0.price,o1_0.quantity from product p1_0 left join order_detail o1_0 on p1_0.product_id=o1_0.product_id left join orders o2_0 on o2_0.order_id=o1_0.order_id left join customer c1_0 on c1_0.cust_id=o2_0.cust_id left join employee e1_0 on e1_0.emp_id=o2_0.employee_id where p1_0.product_id=?
Hibernate: select o1_0.order_id,o1_0.product_id,p1_0.product_id,p1_0.description,p1_0.manufacturer_name,p1_0.name,p1_0.status,p1_0.unit,o1_0.note,o1_0.price,o1_0.quantity from order_detail o1_0 join product p1_0 on p1_0.product_id=o1_0.product_id where o1_0.order_id=?
Hibernate: select l1_0.employee_id,l1_0.order_id,c1_0.cust_id,c1_0.address,c1_0.email,c1_0.cust_name,c1_0.phone,l1_0.order_date from orders l1_0 left join customer c1_0 on c1_0.cust_id=l1_0.cust_id where l1_0.employee_id=?
Hibernate: select o1_0.order_id,o1_0.product_id,p1_0.product_id,p1_0.description,p1_0.manufacturer_name,p1_0.name,p1_0.status,p1_0.unit,o1_0.note,o1_0.price,o1_0.quantity from order_detail o1_0 join product p1_0 on p1_0.product_id=o1_0.product_id where o1_0.order_id=?
Hibernate: select l1_0.employee_id,l1_0.order_id,c1_0.cust_id,c1_0.address,c1_0.email,c1_0.cust_name,c1_0.phone,l1_0.order_date from orders l1_0 left join customer c1_0 on c1_0.cust_id=l1_0.cust_id where l1_0.employee_id=?
Hibernate: select o1_0.order_id,o1_0.product_id,p1_0.product_id,p1_0.description,p1_0.manufacturer_name,p1_0.name,p1_0.status,p1_0.unit,o1_0.note,o1_0.price,o1_0.quantity from order_detail o1_0 join product p1_0 on p1_0.product_id=o1_0.product_id where o1_0.order_id=?
Hibernate: select l1_0.employee_id,l1_0.order_id,c1_0.cust_id,c1_0.address,c1_0.email,c1_0.cust_name,c1_0.phone,l1_0.order_date from orders l1_0 left join customer c1_0 on c1_0.cust_id=l1_0.cust_id where l1_0.employee_id=?
Hibernate: select o1_0.order_id,o1_0.product_id,p1_0.product_id,p1_0.description,p1_0.manufacturer_name,p1_0.name,p1_0.status,p1_0.unit,o1_0.note,o1_0.price,o1_0.quantity from order_detail o1_0 join product p1_0 on p1_0.product_id=o1_0.product_id where o1_0.order_id=?
Hibernate: select o1_0.order_id,o1_0.product_id,p1_0.product_id,p1_0.description,p1_0.manufacturer_name,p1_0.name,p1_0.status,p1_0.unit,o1_0.note,o1_0.price,o1_0.quantity from order_detail o1_0 join product p1_0 on p1_0.product_id=o1_0.product_id where o1_0.order_id=?
Hibernate: select o1_0.order_id,o1_0.product_id,p1_0.product_id,p1_0.description,p1_0.manufacturer_name,p1_0.name,p1_0.status,p1_0.unit,o1_0.note,o1_0.price,o1_0.quantity from order_detail o1_0 join product p1_0 on p1_0.product_id=o1_0.product_id where o1_0.order_id=?
Hibernate: select l1_0.employee_id,l1_0.order_id,c1_0.cust_id,c1_0.address,c1_0.email,c1_0.cust_name,c1_0.phone,l1_0.order_date from orders l1_0 left join customer c1_0 on c1_0.cust_id=l1_0.cust_id where l1_0.employee_id=?
Hibernate: select o1_0.order_id,o1_0.product_id,p1_0.product_id,p1_0.description,p1_0.manufacturer_name,p1_0.name,p1_0.status,p1_0.unit,o1_0.note,o1_0.price,o1_0.quantity from order_detail o1_0 join product p1_0 on p1_0.product_id=o1_0.product_id where o1_0.order_id=?
Hibernate: select l1_0.employee_id,l1_0.order_id,c1_0.cust_id,c1_0.address,c1_0.email,c1_0.cust_name,c1_0.phone,l1_0.order_date from orders l1_0 left join customer c1_0 on c1_0.cust_id=l1_0.cust_id where l1_0.employee_id=?
Hibernate: select o1_0.order_id,o1_0.product_id,p1_0.product_id,p1_0.description,p1_0.manufacturer_name,p1_0.name,p1_0.status,p1_0.unit,o1_0.note,o1_0.price,o1_0.quantity from order_detail o1_0 join product p1_0 on p1_0.product_id=o1_0.product_id where o1_0.order_id=?
Hibernate: select l1_0.employee_id,l1_0.order_id,c1_0.cust_id,c1_0.address,c1_0.email,c1_0.cust_name,c1_0.phone,l1_0.order_date from orders l1_0 left join customer c1_0 on c1_0.cust_id=l1_0.cust_id where l1_0.employee_id=?
Hibernate: select o1_0.order_id,o1_0.product_id,p1_0.product_id,p1_0.description,p1_0.manufacturer_name,p1_0.name,p1_0.status,p1_0.unit,o1_0.note,o1_0.price,o1_0.quantity from order_detail o1_0 join product p1_0 on p1_0.product_id=o1_0.product_id where o1_0.order_id=?
Hibernate: select l1_0.employee_id,l1_0.order_id,c1_0.cust_id,c1_0.address,c1_0.email,c1_0.cust_name,c1_0.phone,l1_0.order_date from orders l1_0 left join customer c1_0 on c1_0.cust_id=l1_0.cust_id where l1_0.employee_id=?
Hibernate: select p1_0.product_id,p1_0.price_date_time,p1_0.note,p1_0.price from product_price p1_0 where p1_0.product_id=?
Hibernate: select p1_0.product_id,p1_0.image_id,p1_0.alternative,p1_0.path from product_image p1_0 where p1_0.product_id=?
Hibernate: select o1_0.order_id,o1_0.product_id,p1_0.product_id,p1_0.description,p1_0.manufacturer_name,p1_0.name,p1_0.status,p1_0.unit,o1_0.note,o1_0.price,o1_0.quantity from order_detail o1_0 join product p1_0 on p1_0.product_id=o1_0.product_id where o1_0.order_id=?
Hibernate: select l1_0.employee_id,l1_0.order_id,c1_0.cust_id,c1_0.address,c1_0.email,c1_0.cust_name,c1_0.phone,l1_0.order_date from orders l1_0 left join customer c1_0 on c1_0.cust_id=l1_0.cust_id where l1_0.employee_id=?
Hibernate: insert into order_detail (note,price,quantity,order_id,product_id) values (?,?,?,?,?)
Hibernate: select p1_0.product_id,p1_0.description,p1_0.manufacturer_name,p1_0.name,p1_0.status,p1_0.unit from product p1_0 where p1_0.product_id=?
Hibernate: select o1_0.order_id,o2_0.order_id,c1_0.cust_id,c1_0.address,c1_0.email,c1_0.cust_name,c1_0.phone,o2_0.employee_id,e1_0.emp_id,e1_0.address,e1_0.dob,e1_0.email,e1_0.full_name,e1_0.phone,e1_0.status,o2_0.order_date,o1_0.product_id,p1_0.product_id,p1_0.description,p1_0.manufacturer_name,p1_0.name,p1_0.status,p1_0.unit,p2_0.product_id,p2_0.image_id,p2_0.alternative,p2_0.path,o1_0.note,o1_0.price,o1_0.quantity from order_detail o1_0 join orders o2_0 on o2_0.order_id=o1_0.order_id left join customer c1_0 on c1_0.cust_id=o2_0.cust_id left join employee e1_0 on e1_0.emp_id=o2_0.employee_id join product p1_0 on p1_0.product_id=o1_0.product_id left join product_image p2_0 on p1_0.product_id=p2_0.product_id where (o1_0.order_id,o1_0.product_id) in ((?,?))
Hibernate: select o1_0.order_id,c1_0.cust_id,c1_0.address,c1_0.email,c1_0.cust_name,c1_0.phone,o1_0.employee_id,e1_0.emp_id,e1_0.address,e1_0.dob,e1_0.email,e1_0.full_name,e1_0.phone,e1_0.status,o1_0.order_date,o2_0.order_id,o2_0.product_id,p1_0.product_id,p1_0.description,p1_0.manufacturer_name,p1_0.name,p1_0.status,p1_0.unit,o2_0.note,o2_0.price,o2_0.quantity from orders o1_0 left join customer c1_0 on c1_0.cust_id=o1_0.cust_id join employee e1_0 on e1_0.emp_id=o1_0.employee_id left join order_detail o2_0 on o1_0.order_id=o2_0.order_id left join product p1_0 on p1_0.product_id=o2_0.product_id where o1_0.order_id=?
Hibernate: select p1_0.product_id,p1_0.price_date_time,p1_0.note,p1_0.price from product_price p1_0 where p1_0.product_id=?
Hibernate: select p1_0.product_id,p1_0.image_id,p1_0.alternative,p1_0.path from product_image p1_0 where p1_0.product_id=?
Hibernate: select o1_0.product_id,o1_0.order_id,o2_0.order_id,c1_0.cust_id,c1_0.address,c1_0.email,c1_0.cust_name,c1_0.phone,o2_0.employee_id,e1_0.emp_id,e1_0.address,e1_0.dob,e1_0.email,e1_0.full_name,e1_0.phone,e1_0.status,o2_0.order_date,o1_0.note,o1_0.price,o1_0.quantity from order_detail o1_0 join orders o2_0 on o2_0.order_id=o1_0.order_id left join customer c1_0 on c1_0.cust_id=o2_0.cust_id left join employee e1_0 on e1_0.emp_id=o2_0.employee_id where o1_0.product_id=?
Hibernate: select l1_0.employee_id,l1_0.order_id,c1_0.cust_id,c1_0.address,c1_0.email,c1_0.cust_name,c1_0.phone,l1_0.order_date from orders l1_0 left join customer c1_0 on c1_0.cust_id=l1_0.cust_id where l1_0.employee_id=?
Hibernate: select p1_0.product_id,p1_0.description,p1_0.manufacturer_name,p1_0.name,p1_0.status,p1_0.unit,o1_0.product_id,o1_0.order_id,o2_0.order_id,c1_0.cust_id,c1_0.address,c1_0.email,c1_0.cust_name,c1_0.phone,o2_0.employee_id,e1_0.emp_id,e1_0.address,e1_0.dob,e1_0.email,e1_0.full_name,e1_0.phone,e1_0.status,o2_0.order_date,o1_0.note,o1_0.price,o1_0.quantity from product p1_0 left join order_detail o1_0 on p1_0.product_id=o1_0.product_id left join orders o2_0 on o2_0.order_id=o1_0.order_id left join customer c1_0 on c1_0.cust_id=o2_0.cust_id left join employee e1_0 on e1_0.emp_id=o2_0.employee_id where p1_0.product_id=?
Hibernate: select o1_0.order_id,o1_0.product_id,p1_0.product_id,p1_0.description,p1_0.manufacturer_name,p1_0.name,p1_0.status,p1_0.unit,o1_0.note,o1_0.price,o1_0.quantity from order_detail o1_0 join product p1_0 on p1_0.product_id=o1_0.product_id where o1_0.order_id=?
Hibernate: select o1_0.order_id,o1_0.product_id,p1_0.product_id,p1_0.description,p1_0.manufacturer_name,p1_0.name,p1_0.status,p1_0.unit,o1_0.note,o1_0.price,o1_0.quantity from order_detail o1_0 join product p1_0 on p1_0.product_id=o1_0.product_id where o1_0.order_id=?
Hibernate: select p1_0.product_id,p1_0.price_date_time,p1_0.note,p1_0.price from product_price p1_0 where p1_0.product_id=?
Hibernate: select p1_0.product_id,p1_0.image_id,p1_0.alternative,p1_0.path from product_image p1_0 where p1_0.product_id=?
Hibernate: select o1_0.order_id,o1_0.product_id,p1_0.product_id,p1_0.description,p1_0.manufacturer_name,p1_0.name,p1_0.status,p1_0.unit,o1_0.note,o1_0.price,o1_0.quantity from order_detail o1_0 join product p1_0 on p1_0.product_id=o1_0.product_id where o1_0.order_id=?
Hibernate: insert into order_detail (note,price,quantity,order_id,product_id) values (?,?,?,?,?)
Hibernate: select p1_0.product_id,p1_0.description,p1_0.manufacturer_name,p1_0.name,p1_0.status,p1_0.unit from product p1_0 where p1_0.product_id=?
Hibernate: select o1_0.order_id,o2_0.order_id,c1_0.cust_id,c1_0.address,c1_0.email,c1_0.cust_name,c1_0.phone,o2_0.employee_id,e1_0.emp_id,e1_0.address,e1_0.dob,e1_0.email,e1_0.full_name,e1_0.phone,e1_0.status,o2_0.order_date,o1_0.product_id,p1_0.product_id,p1_0.description,p1_0.manufacturer_name,p1_0.name,p1_0.status,p1_0.unit,p2_0.product_id,p2_0.image_id,p2_0.alternative,p2_0.path,o1_0.note,o1_0.price,o1_0.quantity from order_detail o1_0 join orders o2_0 on o2_0.order_id=o1_0.order_id left join customer c1_0 on c1_0.cust_id=o2_0.cust_id left join employee e1_0 on e1_0.emp_id=o2_0.employee_id join product p1_0 on p1_0.product_id=o1_0.product_id left join product_image p2_0 on p1_0.product_id=p2_0.product_id where (o1_0.order_id,o1_0.product_id) in ((?,?))
Hibernate: select o1_0.order_id,c1_0.cust_id,c1_0.address,c1_0.email,c1_0.cust_name,c1_0.phone,o1_0.employee_id,e1_0.emp_id,e1_0.address,e1_0.dob,e1_0.email,e1_0.full_name,e1_0.phone,e1_0.status,o1_0.order_date,o2_0.order_id,o2_0.product_id,p1_0.product_id,p1_0.description,p1_0.manufacturer_name,p1_0.name,p1_0.status,p1_0.unit,o2_0.note,o2_0.price,o2_0.quantity from orders o1_0 left join customer c1_0 on c1_0.cust_id=o1_0.cust_id join employee e1_0 on e1_0.emp_id=o1_0.employee_id left join order_detail o2_0 on o1_0.order_id=o2_0.order_id left join product p1_0 on p1_0.product_id=o2_0.product_id where o1_0.order_id=?
Hibernate: select p1_0.product_id,p1_0.price_date_time,p1_0.note,p1_0.price from product_price p1_0 where p1_0.product_id=?
Hibernate: select p1_0.product_id,p1_0.image_id,p1_0.alternative,p1_0.path from product_image p1_0 where p1_0.product_id=?
Hibernate: select o1_0.product_id,o1_0.order_id,o2_0.order_id,c1_0.cust_id,c1_0.address,c1_0.email,c1_0.cust_name,c1_0.phone,o2_0.employee_id,e1_0.emp_id,e1_0.address,e1_0.dob,e1_0.email,e1_0.full_name,e1_0.phone,e1_0.status,o2_0.order_date,o1_0.note,o1_0.price,o1_0.quantity from order_detail o1_0 join orders o2_0 on o2_0.order_id=o1_0.order_id left join customer c1_0 on c1_0.cust_id=o2_0.cust_id left join employee e1_0 on e1_0.emp_id=o2_0.employee_id where o1_0.product_id=?
Hibernate: select p1_0.product_id,p1_0.price_date_time,p1_0.note,p1_0.price from product_price p1_0 where p1_0.product_id=?
Hibernate: select p1_0.product_id,p1_0.image_id,p1_0.alternative,p1_0.path from product_image p1_0 where p1_0.product_id=?
Hibernate: select o1_0.product_id,o1_0.order_id,o2_0.order_id,c1_0.cust_id,c1_0.address,c1_0.email,c1_0.cust_name,c1_0.phone,o2_0.employee_id,e1_0.emp_id,e1_0.address,e1_0.dob,e1_0.email,e1_0.full_name,e1_0.phone,e1_0.status,o2_0.order_date,o1_0.note,o1_0.price,o1_0.quantity from order_detail o1_0 join orders o2_0 on o2_0.order_id=o1_0.order_id left join customer c1_0 on c1_0.cust_id=o2_0.cust_id left join employee e1_0 on e1_0.emp_id=o2_0.employee_id where o1_0.product_id=?
Hibernate: select l1_0.employee_id,l1_0.order_id,c1_0.cust_id,c1_0.address,c1_0.email,c1_0.cust_name,c1_0.phone,l1_0.order_date from orders l1_0 left join customer c1_0 on c1_0.cust_id=l1_0.cust_id where l1_0.employee_id=?
Hibernate: select p1_0.product_id,p1_0.description,p1_0.manufacturer_name,p1_0.name,p1_0.status,p1_0.unit,o1_0.product_id,o1_0.order_id,o2_0.order_id,c1_0.cust_id,c1_0.address,c1_0.email,c1_0.cust_name,c1_0.phone,o2_0.employee_id,e1_0.emp_id,e1_0.address,e1_0.dob,e1_0.email,e1_0.full_name,e1_0.phone,e1_0.status,o2_0.order_date,o1_0.note,o1_0.price,o1_0.quantity from product p1_0 left join order_detail o1_0 on p1_0.product_id=o1_0.product_id left join orders o2_0 on o2_0.order_id=o1_0.order_id left join customer c1_0 on c1_0.cust_id=o2_0.cust_id left join employee e1_0 on e1_0.emp_id=o2_0.employee_id where p1_0.product_id=?
Hibernate: select o1_0.order_id,o1_0.product_id,p1_0.product_id,p1_0.description,p1_0.manufacturer_name,p1_0.name,p1_0.status,p1_0.unit,o1_0.note,o1_0.price,o1_0.quantity from order_detail o1_0 join product p1_0 on p1_0.product_id=o1_0.product_id where o1_0.order_id=?
Hibernate: select o1_0.order_id,o1_0.product_id,p1_0.product_id,p1_0.description,p1_0.manufacturer_name,p1_0.name,p1_0.status,p1_0.unit,o1_0.note,o1_0.price,o1_0.quantity from order_detail o1_0 join product p1_0 on p1_0.product_id=o1_0.product_id where o1_0.order_id=?
Hibernate: select o1_0.order_id,o1_0.product_id,p1_0.product_id,p1_0.description,p1_0.manufacturer_name,p1_0.name,p1_0.status,p1_0.unit,o1_0.note,o1_0.price,o1_0.quantity from order_detail o1_0 join product p1_0 on p1_0.product_id=o1_0.product_id where o1_0.order_id=?
Hibernate: select o1_0.order_id,o1_0.product_id,p1_0.product_id,p1_0.description,p1_0.manufacturer_name,p1_0.name,p1_0.status,p1_0.unit,o1_0.note,o1_0.price,o1_0.quantity from order_detail o1_0 join product p1_0 on p1_0.product_id=o1_0.product_id where o1_0.order_id=?
Hibernate: select o1_0.order_id,o1_0.product_id,p1_0.product_id,p1_0.description,p1_0.manufacturer_name,p1_0.name,p1_0.status,p1_0.unit,o1_0.note,o1_0.price,o1_0.quantity from order_detail o1_0 join product p1_0 on p1_0.product_id=o1_0.product_id where o1_0.order_id=?
Hibernate: select o1_0.order_id,o1_0.product_id,p1_0.product_id,p1_0.description,p1_0.manufacturer_name,p1_0.name,p1_0.status,p1_0.unit,o1_0.note,o1_0.price,o1_0.quantity from order_detail o1_0 join product p1_0 on p1_0.product_id=o1_0.product_id where o1_0.order_id=?
Hibernate: select o1_0.order_id,o1_0.product_id,p1_0.product_id,p1_0.description,p1_0.manufacturer_name,p1_0.name,p1_0.status,p1_0.unit,o1_0.note,o1_0.price,o1_0.quantity from order_detail o1_0 join product p1_0 on p1_0.product_id=o1_0.product_id where o1_0.order_id=?
Hibernate: select o1_0.order_id,o1_0.product_id,p1_0.product_id,p1_0.description,p1_0.manufacturer_name,p1_0.name,p1_0.status,p1_0.unit,o1_0.note,o1_0.price,o1_0.quantity from order_detail o1_0 join product p1_0 on p1_0.product_id=o1_0.product_id where o1_0.order_id=?
Hibernate: select o1_0.order_id,o1_0.product_id,p1_0.product_id,p1_0.description,p1_0.manufacturer_name,p1_0.name,p1_0.status,p1_0.unit,o1_0.note,o1_0.price,o1_0.quantity from order_detail o1_0 join product p1_0 on p1_0.product_id=o1_0.product_id where o1_0.order_id=?
Hibernate: select p1_0.product_id,p1_0.price_date_time,p1_0.note,p1_0.price from product_price p1_0 where p1_0.product_id=?
Hibernate: select p1_0.product_id,p1_0.image_id,p1_0.alternative,p1_0.path from product_image p1_0 where p1_0.product_id=?
Hibernate: select o1_0.order_id,o1_0.product_id,p1_0.product_id,p1_0.description,p1_0.manufacturer_name,p1_0.name,p1_0.status,p1_0.unit,o1_0.note,o1_0.price,o1_0.quantity from order_detail o1_0 join product p1_0 on p1_0.product_id=o1_0.product_id where o1_0.order_id=?
Hibernate: insert into order_detail (note,price,quantity,order_id,product_id) values (?,?,?,?,?)
Hibernate: select e1_0.emp_id,e1_0.address,e1_0.dob,e1_0.email,e1_0.full_name,e1_0.phone,e1_0.status from employee e1_0 where e1_0.emp_id=?
Hibernate: select c1_0.cust_id,c1_0.address,c1_0.email,c1_0.cust_name,c1_0.phone from customer c1_0 where c1_0.cust_id=?
Hibernate: select o1_0.order_id,c1_0.cust_id,c1_0.address,c1_0.email,c1_0.cust_name,c1_0.phone,o1_0.employee_id,e1_0.emp_id,e1_0.address,e1_0.dob,e1_0.email,e1_0.full_name,e1_0.phone,e1_0.status,o1_0.order_date,o2_0.order_id,o2_0.product_id,p1_0.product_id,p1_0.description,p1_0.manufacturer_name,p1_0.name,p1_0.status,p1_0.unit,o2_0.note,o2_0.price,o2_0.quantity from orders o1_0 left join customer c1_0 on c1_0.cust_id=o1_0.cust_id join employee e1_0 on e1_0.emp_id=o1_0.employee_id left join order_detail o2_0 on o1_0.order_id=o2_0.order_id left join product p1_0 on p1_0.product_id=o2_0.product_id where o1_0.order_id=?
Hibernate: select c1_0.cust_id,c1_0.address,c1_0.email,c1_0.cust_name,c1_0.phone from customer c1_0 where c1_0.cust_id=?
Hibernate: select e1_0.emp_id,e1_0.address,e1_0.dob,e1_0.email,e1_0.full_name,e1_0.phone,e1_0.status from employee e1_0 where e1_0.emp_id=?
Hibernate: insert into orders (cust_id,employee_id,order_date,order_id) values (?,?,?,default)
Hibernate: select p1_0.product_id,p1_0.description,p1_0.manufacturer_name,p1_0.name,p1_0.status,p1_0.unit from product p1_0 where p1_0.product_id=?
Hibernate: select o1_0.order_id,o2_0.order_id,c1_0.cust_id,c1_0.address,c1_0.email,c1_0.cust_name,c1_0.phone,o2_0.employee_id,e1_0.emp_id,e1_0.address,e1_0.dob,e1_0.email,e1_0.full_name,e1_0.phone,e1_0.status,o2_0.order_date,o1_0.product_id,p1_0.product_id,p1_0.description,p1_0.manufacturer_name,p1_0.name,p1_0.status,p1_0.unit,p2_0.product_id,p2_0.image_id,p2_0.alternative,p2_0.path,o1_0.note,o1_0.price,o1_0.quantity from order_detail o1_0 join orders o2_0 on o2_0.order_id=o1_0.order_id left join customer c1_0 on c1_0.cust_id=o2_0.cust_id left join employee e1_0 on e1_0.emp_id=o2_0.employee_id join product p1_0 on p1_0.product_id=o1_0.product_id left join product_image p2_0 on p1_0.product_id=p2_0.product_id where (o1_0.order_id,o1_0.product_id) in ((?,?))
Hibernate: select o1_0.order_id,c1_0.cust_id,c1_0.address,c1_0.email,c1_0.cust_name,c1_0.phone,o1_0.employee_id,e1_0.emp_id,e1_0.address,e1_0.dob,e1_0.email,e1_0.full_name,e1_0.phone,e1_0.status,o1_0.order_date,o2_0.order_id,o2_0.product_id,p1_0.product_id,p1_0.description,p1_0.manufacturer_name,p1_0.name,p1_0.status,p1_0.unit,o2_0.note,o2_0.price,o2_0.quantity from orders o1_0 left join customer c1_0 on c1_0.cust_id=o1_0.cust_id join employee e1_0 on e1_0.emp_id=o1_0.employee_id left join order_detail o2_0 on o1_0.order_id=o2_0.order_id left join product p1_0 on p1_0.product_id=o2_0.product_id where o1_0.order_id=?
Hibernate: select l1_0.employee_id,l1_0.order_id,c1_0.cust_id,c1_0.address,c1_0.email,c1_0.cust_name,c1_0.phone,l1_0.order_date from orders l1_0 left join customer c1_0 on c1_0.cust_id=l1_0.cust_id where l1_0.employee_id=?
Hibernate: select p1_0.product_id,p1_0.description,p1_0.manufacturer_name,p1_0.name,p1_0.status,p1_0.unit,o1_0.product_id,o1_0.order_id,o2_0.order_id,c1_0.cust_id,c1_0.address,c1_0.email,c1_0.cust_name,c1_0.phone,o2_0.employee_id,e1_0.emp_id,e1_0.address,e1_0.dob,e1_0.email,e1_0.full_name,e1_0.phone,e1_0.status,o2_0.order_date,o1_0.note,o1_0.price,o1_0.quantity from product p1_0 left join order_detail o1_0 on p1_0.product_id=o1_0.product_id left join orders o2_0 on o2_0.order_id=o1_0.order_id left join customer c1_0 on c1_0.cust_id=o2_0.cust_id left join employee e1_0 on e1_0.emp_id=o2_0.employee_id where p1_0.product_id=?
Hibernate: select o1_0.order_id,o1_0.product_id,p1_0.product_id,p1_0.description,p1_0.manufacturer_name,p1_0.name,p1_0.status,p1_0.unit,o1_0.note,o1_0.price,o1_0.quantity from order_detail o1_0 join product p1_0 on p1_0.product_id=o1_0.product_id where o1_0.order_id=?
Hibernate: select l1_0.employee_id,l1_0.order_id,c1_0.cust_id,c1_0.address,c1_0.email,c1_0.cust_name,c1_0.phone,l1_0.order_date from orders l1_0 left join customer c1_0 on c1_0.cust_id=l1_0.cust_id where l1_0.employee_id=?
Hibernate: select o1_0.order_id,o1_0.product_id,p1_0.product_id,p1_0.description,p1_0.manufacturer_name,p1_0.name,p1_0.status,p1_0.unit,o1_0.note,o1_0.price,o1_0.quantity from order_detail o1_0 join product p1_0 on p1_0.product_id=o1_0.product_id where o1_0.order_id=?
Hibernate: select o1_0.order_id,o1_0.product_id,p1_0.product_id,p1_0.description,p1_0.manufacturer_name,p1_0.name,p1_0.status,p1_0.unit,o1_0.note,o1_0.price,o1_0.quantity from order_detail o1_0 join product p1_0 on p1_0.product_id=o1_0.product_id where o1_0.order_id=?
Hibernate: select l1_0.employee_id,l1_0.order_id,c1_0.cust_id,c1_0.address,c1_0.email,c1_0.cust_name,c1_0.phone,l1_0.order_date from orders l1_0 left join customer c1_0 on c1_0.cust_id=l1_0.cust_id where l1_0.employee_id=?
Hibernate: select o1_0.order_id,o1_0.product_id,p1_0.product_id,p1_0.description,p1_0.manufacturer_name,p1_0.name,p1_0.status,p1_0.unit,o1_0.note,o1_0.price,o1_0.quantity from order_detail o1_0 join product p1_0 on p1_0.product_id=o1_0.product_id where o1_0.order_id=?
Hibernate: select o1_0.order_id,o1_0.product_id,p1_0.product_id,p1_0.description,p1_0.manufacturer_name,p1_0.name,p1_0.status,p1_0.unit,o1_0.note,o1_0.price,o1_0.quantity from order_detail o1_0 join product p1_0 on p1_0.product_id=o1_0.product_id where o1_0.order_id=?
Hibernate: select l1_0.employee_id,l1_0.order_id,c1_0.cust_id,c1_0.address,c1_0.email,c1_0.cust_name,c1_0.phone,l1_0.order_date from orders l1_0 left join customer c1_0 on c1_0.cust_id=l1_0.cust_id where l1_0.employee_id=?
Hibernate: select o1_0.order_id,o1_0.product_id,p1_0.product_id,p1_0.description,p1_0.manufacturer_name,p1_0.name,p1_0.status,p1_0.unit,o1_0.note,o1_0.price,o1_0.quantity from order_detail o1_0 join product p1_0 on p1_0.product_id=o1_0.product_id where o1_0.order_id=?
Hibernate: select o1_0.order_id,o1_0.product_id,p1_0.product_id,p1_0.description,p1_0.manufacturer_name,p1_0.name,p1_0.status,p1_0.unit,o1_0.note,o1_0.price,o1_0.quantity from order_detail o1_0 join product p1_0 on p1_0.product_id=o1_0.product_id where o1_0.order_id=?
Hibernate: select l1_0.employee_id,l1_0.order_id,c1_0.cust_id,c1_0.address,c1_0.email,c1_0.cust_name,c1_0.phone,l1_0.order_date from orders l1_0 left join customer c1_0 on c1_0.cust_id=l1_0.cust_id where l1_0.employee_id=?
Hibernate: select p1_0.product_id,p1_0.price_date_time,p1_0.note,p1_0.price from product_price p1_0 where p1_0.product_id=?
Hibernate: select p1_0.product_id,p1_0.image_id,p1_0.alternative,p1_0.path from product_image p1_0 where p1_0.product_id=?
Hibernate: select o1_0.order_id,o1_0.product_id,p1_0.product_id,p1_0.description,p1_0.manufacturer_name,p1_0.name,p1_0.status,p1_0.unit,o1_0.note,o1_0.price,o1_0.quantity from order_detail o1_0 join product p1_0 on p1_0.product_id=o1_0.product_id where o1_0.order_id=?
Hibernate: select l1_0.employee_id,l1_0.order_id,c1_0.cust_id,c1_0.address,c1_0.email,c1_0.cust_name,c1_0.phone,l1_0.order_date from orders l1_0 left join customer c1_0 on c1_0.cust_id=l1_0.cust_id where l1_0.employee_id=?
Hibernate: insert into order_detail (note,price,quantity,order_id,product_id) values (?,?,?,?,?)
Hibernate: select p1_0.product_id,p1_0.description,p1_0.manufacturer_name,p1_0.name,p1_0.status,p1_0.unit from product p1_0 where p1_0.product_id=?
Hibernate: select o1_0.order_id,o2_0.order_id,c1_0.cust_id,c1_0.address,c1_0.email,c1_0.cust_name,c1_0.phone,o2_0.employee_id,e1_0.emp_id,e1_0.address,e1_0.dob,e1_0.email,e1_0.full_name,e1_0.phone,e1_0.status,o2_0.order_date,o1_0.product_id,p1_0.product_id,p1_0.description,p1_0.manufacturer_name,p1_0.name,p1_0.status,p1_0.unit,p2_0.product_id,p2_0.image_id,p2_0.alternative,p2_0.path,o1_0.note,o1_0.price,o1_0.quantity from order_detail o1_0 join orders o2_0 on o2_0.order_id=o1_0.order_id left join customer c1_0 on c1_0.cust_id=o2_0.cust_id left join employee e1_0 on e1_0.emp_id=o2_0.employee_id join product p1_0 on p1_0.product_id=o1_0.product_id left join product_image p2_0 on p1_0.product_id=p2_0.product_id where (o1_0.order_id,o1_0.product_id) in ((?,?))
Hibernate: select o1_0.order_id,c1_0.cust_id,c1_0.address,c1_0.email,c1_0.cust_name,c1_0.phone,o1_0.employee_id,e1_0.emp_id,e1_0.address,e1_0.dob,e1_0.email,e1_0.full_name,e1_0.phone,e1_0.status,o1_0.order_date,o2_0.order_id,o2_0.product_id,p1_0.product_id,p1_0.description,p1_0.manufacturer_name,p1_0.name,p1_0.status,p1_0.unit,o2_0.note,o2_0.price,o2_0.quantity from orders o1_0 left join customer c1_0 on c1_0.cust_id=o1_0.cust_id join employee e1_0 on e1_0.emp_id=o1_0.employee_id left join order_detail o2_0 on o1_0.order_id=o2_0.order_id left join product p1_0 on p1_0.product_id=o2_0.product_id where o1_0.order_id=?
Hibernate: select p1_0.product_id,p1_0.price_date_time,p1_0.note,p1_0.price from product_price p1_0 where p1_0.product_id=?
Hibernate: select p1_0.product_id,p1_0.image_id,p1_0.alternative,p1_0.path from product_image p1_0 where p1_0.product_id=?
Hibernate: select o1_0.product_id,o1_0.order_id,o2_0.order_id,c1_0.cust_id,c1_0.address,c1_0.email,c1_0.cust_name,c1_0.phone,o2_0.employee_id,e1_0.emp_id,e1_0.address,e1_0.dob,e1_0.email,e1_0.full_name,e1_0.phone,e1_0.status,o2_0.order_date,o1_0.note,o1_0.price,o1_0.quantity from order_detail o1_0 join orders o2_0 on o2_0.order_id=o1_0.order_id left join customer c1_0 on c1_0.cust_id=o2_0.cust_id left join employee e1_0 on e1_0.emp_id=o2_0.employee_id where o1_0.product_id=?
Hibernate: select l1_0.employee_id,l1_0.order_id,c1_0.cust_id,c1_0.address,c1_0.email,c1_0.cust_name,c1_0.phone,l1_0.order_date from orders l1_0 left join customer c1_0 on c1_0.cust_id=l1_0.cust_id where l1_0.employee_id=?
Hibernate: select p1_0.product_id,p1_0.description,p1_0.manufacturer_name,p1_0.name,p1_0.status,p1_0.unit,o1_0.product_id,o1_0.order_id,o2_0.order_id,c1_0.cust_id,c1_0.address,c1_0.email,c1_0.cust_name,c1_0.phone,o2_0.employee_id,e1_0.emp_id,e1_0.address,e1_0.dob,e1_0.email,e1_0.full_name,e1_0.phone,e1_0.status,o2_0.order_date,o1_0.note,o1_0.price,o1_0.quantity from product p1_0 left join order_detail o1_0 on p1_0.product_id=o1_0.product_id left join orders o2_0 on o2_0.order_id=o1_0.order_id left join customer c1_0 on c1_0.cust_id=o2_0.cust_id left join employee e1_0 on e1_0.emp_id=o2_0.employee_id where p1_0.product_id=?
Hibernate: select o1_0.order_id,o1_0.product_id,p1_0.product_id,p1_0.description,p1_0.manufacturer_name,p1_0.name,p1_0.status,p1_0.unit,o1_0.note,o1_0.price,o1_0.quantity from order_detail o1_0 join product p1_0 on p1_0.product_id=o1_0.product_id where o1_0.order_id=?
Hibernate: select o1_0.order_id,o1_0.product_id,p1_0.product_id,p1_0.description,p1_0.manufacturer_name,p1_0.name,p1_0.status,p1_0.unit,o1_0.note,o1_0.price,o1_0.quantity from order_detail o1_0 join product p1_0 on p1_0.product_id=o1_0.product_id where o1_0.order_id=?
Hibernate: select o1_0.order_id,o1_0.product_id,p1_0.product_id,p1_0.description,p1_0.manufacturer_name,p1_0.name,p1_0.status,p1_0.unit,o1_0.note,o1_0.price,o1_0.quantity from order_detail o1_0 join product p1_0 on p1_0.product_id=o1_0.product_id where o1_0.order_id=?
Hibernate: select l1_0.employee_id,l1_0.order_id,c1_0.cust_id,c1_0.address,c1_0.email,c1_0.cust_name,c1_0.phone,l1_0.order_date from orders l1_0 left join customer c1_0 on c1_0.cust_id=l1_0.cust_id where l1_0.employee_id=?
Hibernate: select o1_0.order_id,o1_0.product_id,p1_0.product_id,p1_0.description,p1_0.manufacturer_name,p1_0.name,p1_0.status,p1_0.unit,o1_0.note,o1_0.price,o1_0.quantity from order_detail o1_0 join product p1_0 on p1_0.product_id=o1_0.product_id where o1_0.order_id=?
Hibernate: select l1_0.employee_id,l1_0.order_id,c1_0.cust_id,c1_0.address,c1_0.email,c1_0.cust_name,c1_0.phone,l1_0.order_date from orders l1_0 left join customer c1_0 on c1_0.cust_id=l1_0.cust_id where l1_0.employee_id=?
Hibernate: select o1_0.order_id,o1_0.product_id,p1_0.product_id,p1_0.description,p1_0.manufacturer_name,p1_0.name,p1_0.status,p1_0.unit,o1_0.note,o1_0.price,o1_0.quantity from order_detail o1_0 join product p1_0 on p1_0.product_id=o1_0.product_id where o1_0.order_id=?
Hibernate: select o1_0.order_id,o1_0.product_id,p1_0.product_id,p1_0.description,p1_0.manufacturer_name,p1_0.name,p1_0.status,p1_0.unit,o1_0.note,o1_0.price,o1_0.quantity from order_detail o1_0 join product p1_0 on p1_0.product_id=o1_0.product_id where o1_0.order_id=?
Hibernate: select o1_0.order_id,o1_0.product_id,p1_0.product_id,p1_0.description,p1_0.manufacturer_name,p1_0.name,p1_0.status,p1_0.unit,o1_0.note,o1_0.price,o1_0.quantity from order_detail o1_0 join product p1_0 on p1_0.product_id=o1_0.product_id where o1_0.order_id=?
Hibernate: select o1_0.order_id,o1_0.product_id,p1_0.product_id,p1_0.description,p1_0.manufacturer_name,p1_0.name,p1_0.status,p1_0.unit,o1_0.note,o1_0.price,o1_0.quantity from order_detail o1_0 join product p1_0 on p1_0.product_id=o1_0.product_id where o1_0.order_id=?
Hibernate: select o1_0.order_id,o1_0.product_id,p1_0.product_id,p1_0.description,p1_0.manufacturer_name,p1_0.name,p1_0.status,p1_0.unit,o1_0.note,o1_0.price,o1_0.quantity from order_detail o1_0 join product p1_0 on p1_0.product_id=o1_0.product_id where o1_0.order_id=?
Hibernate: select o1_0.order_id,o1_0.product_id,p1_0.product_id,p1_0.description,p1_0.manufacturer_name,p1_0.name,p1_0.status,p1_0.unit,o1_0.note,o1_0.price,o1_0.quantity from order_detail o1_0 join product p1_0 on p1_0.product_id=o1_0.product_id where o1_0.order_id=?
Hibernate: select l1_0.employee_id,l1_0.order_id,c1_0.cust_id,c1_0.address,c1_0.email,c1_0.cust_name,c1_0.phone,l1_0.order_date from orders l1_0 left join customer c1_0 on c1_0.cust_id=l1_0.cust_id where l1_0.employee_id=?
Hibernate: select p1_0.product_id,p1_0.price_date_time,p1_0.note,p1_0.price from product_price p1_0 where p1_0.product_id=?
Hibernate: select p1_0.product_id,p1_0.image_id,p1_0.alternative,p1_0.path from product_image p1_0 where p1_0.product_id=?
Hibernate: insert into order_detail (note,price,quantity,order_id,product_id) values (?,?,?,?,?)
Hibernate: select p1_0.product_id,p1_0.description,p1_0.manufacturer_name,p1_0.name,p1_0.status,p1_0.unit from product p1_0 where p1_0.product_id=?
Hibernate: select o1_0.order_id,o2_0.order_id,c1_0.cust_id,c1_0.address,c1_0.email,c1_0.cust_name,c1_0.phone,o2_0.employee_id,e1_0.emp_id,e1_0.address,e1_0.dob,e1_0.email,e1_0.full_name,e1_0.phone,e1_0.status,o2_0.order_date,o1_0.product_id,p1_0.product_id,p1_0.description,p1_0.manufacturer_name,p1_0.name,p1_0.status,p1_0.unit,p2_0.product_id,p2_0.image_id,p2_0.alternative,p2_0.path,o1_0.note,o1_0.price,o1_0.quantity from order_detail o1_0 join orders o2_0 on o2_0.order_id=o1_0.order_id left join customer c1_0 on c1_0.cust_id=o2_0.cust_id left join employee e1_0 on e1_0.emp_id=o2_0.employee_id join product p1_0 on p1_0.product_id=o1_0.product_id left join product_image p2_0 on p1_0.product_id=p2_0.product_id where (o1_0.order_id,o1_0.product_id) in ((?,?))
Hibernate: select o1_0.order_id,c1_0.cust_id,c1_0.address,c1_0.email,c1_0.cust_name,c1_0.phone,o1_0.employee_id,e1_0.emp_id,e1_0.address,e1_0.dob,e1_0.email,e1_0.full_name,e1_0.phone,e1_0.status,o1_0.order_date,o2_0.order_id,o2_0.product_id,p1_0.product_id,p1_0.description,p1_0.manufacturer_name,p1_0.name,p1_0.status,p1_0.unit,o2_0.note,o2_0.price,o2_0.quantity from orders o1_0 left join customer c1_0 on c1_0.cust_id=o1_0.cust_id join employee e1_0 on e1_0.emp_id=o1_0.employee_id left join order_detail o2_0 on o1_0.order_id=o2_0.order_id left join product p1_0 on p1_0.product_id=o2_0.product_id where o1_0.order_id=?
Hibernate: select p1_0.product_id,p1_0.price_date_time,p1_0.note,p1_0.price from product_price p1_0 where p1_0.product_id=?
Hibernate: select p1_0.product_id,p1_0.image_id,p1_0.alternative,p1_0.path from product_image p1_0 where p1_0.product_id=?
Hibernate: select o1_0.product_id,o1_0.order_id,o2_0.order_id,c1_0.cust_id,c1_0.address,c1_0.email,c1_0.cust_name,c1_0.phone,o2_0.employee_id,e1_0.emp_id,e1_0.address,e1_0.dob,e1_0.email,e1_0.full_name,e1_0.phone,e1_0.status,o2_0.order_date,o1_0.note,o1_0.price,o1_0.quantity from order_detail o1_0 join orders o2_0 on o2_0.order_id=o1_0.order_id left join customer c1_0 on c1_0.cust_id=o2_0.cust_id left join employee e1_0 on e1_0.emp_id=o2_0.employee_id where o1_0.product_id=?
Hibernate: select p1_0.product_id,p1_0.price_date_time,p1_0.note,p1_0.price from product_price p1_0 where p1_0.product_id=?
Hibernate: select p1_0.product_id,p1_0.image_id,p1_0.alternative,p1_0.path from product_image p1_0 where p1_0.product_id=?
Hibernate: select o1_0.product_id,o1_0.order_id,o2_0.order_id,c1_0.cust_id,c1_0.address,c1_0.email,c1_0.cust_name,c1_0.phone,o2_0.employee_id,e1_0.emp_id,e1_0.address,e1_0.dob,e1_0.email,e1_0.full_name,e1_0.phone,e1_0.status,o2_0.order_date,o1_0.note,o1_0.price,o1_0.quantity from order_detail o1_0 join orders o2_0 on o2_0.order_id=o1_0.order_id left join customer c1_0 on c1_0.cust_id=o2_0.cust_id left join employee e1_0 on e1_0.emp_id=o2_0.employee_id where o1_0.product_id=?
Hibernate: select l1_0.employee_id,l1_0.order_id,c1_0.cust_id,c1_0.address,c1_0.email,c1_0.cust_name,c1_0.phone,l1_0.order_date from orders l1_0 left join customer c1_0 on c1_0.cust_id=l1_0.cust_id where l1_0.employee_id=?
Hibernate: select p1_0.product_id,p1_0.description,p1_0.manufacturer_name,p1_0.name,p1_0.status,p1_0.unit,o1_0.product_id,o1_0.order_id,o2_0.order_id,c1_0.cust_id,c1_0.address,c1_0.email,c1_0.cust_name,c1_0.phone,o2_0.employee_id,e1_0.emp_id,e1_0.address,e1_0.dob,e1_0.email,e1_0.full_name,e1_0.phone,e1_0.status,o2_0.order_date,o1_0.note,o1_0.price,o1_0.quantity from product p1_0 left join order_detail o1_0 on p1_0.product_id=o1_0.product_id left join orders o2_0 on o2_0.order_id=o1_0.order_id left join customer c1_0 on c1_0.cust_id=o2_0.cust_id left join employee e1_0 on e1_0.emp_id=o2_0.employee_id where p1_0.product_id=?
Hibernate: select o1_0.order_id,o1_0.product_id,p1_0.product_id,p1_0.description,p1_0.manufacturer_name,p1_0.name,p1_0.status,p1_0.unit,o1_0.note,o1_0.price,o1_0.quantity from order_detail o1_0 join product p1_0 on p1_0.product_id=o1_0.product_id where o1_0.order_id=?
Hibernate: select o1_0.order_id,o1_0.product_id,p1_0.product_id,p1_0.description,p1_0.manufacturer_name,p1_0.name,p1_0.status,p1_0.unit,o1_0.note,o1_0.price,o1_0.quantity from order_detail o1_0 join product p1_0 on p1_0.product_id=o1_0.product_id where o1_0.order_id=?
Hibernate: select o1_0.order_id,o1_0.product_id,p1_0.product_id,p1_0.description,p1_0.manufacturer_name,p1_0.name,p1_0.status,p1_0.unit,o1_0.note,o1_0.price,o1_0.quantity from order_detail o1_0 join product p1_0 on p1_0.product_id=o1_0.product_id where o1_0.order_id=?
Hibernate: select o1_0.order_id,o1_0.product_id,p1_0.product_id,p1_0.description,p1_0.manufacturer_name,p1_0.name,p1_0.status,p1_0.unit,o1_0.note,o1_0.price,o1_0.quantity from order_detail o1_0 join product p1_0 on p1_0.product_id=o1_0.product_id where o1_0.order_id=?
Hibernate: select o1_0.order_id,o1_0.product_id,p1_0.product_id,p1_0.description,p1_0.manufacturer_name,p1_0.name,p1_0.status,p1_0.unit,o1_0.note,o1_0.price,o1_0.quantity from order_detail o1_0 join product p1_0 on p1_0.product_id=o1_0.product_id where o1_0.order_id=?
Hibernate: select p1_0.product_id,p1_0.price_date_time,p1_0.note,p1_0.price from product_price p1_0 where p1_0.product_id=?
Hibernate: select p1_0.product_id,p1_0.image_id,p1_0.alternative,p1_0.path from product_image p1_0 where p1_0.product_id=?
Hibernate: select o1_0.order_id,o1_0.product_id,p1_0.product_id,p1_0.description,p1_0.manufacturer_name,p1_0.name,p1_0.status,p1_0.unit,o1_0.note,o1_0.price,o1_0.quantity from order_detail o1_0 join product p1_0 on p1_0.product_id=o1_0.product_id where o1_0.order_id=?
Hibernate: insert into order_detail (note,price,quantity,order_id,product_id) values (?,?,?,?,?)
Hibernate: select e1_0.emp_id,e1_0.address,e1_0.dob,e1_0.email,e1_0.full_name,e1_0.phone,e1_0.status from employee e1_0 where e1_0.emp_id=?
Hibernate: select c1_0.cust_id,c1_0.address,c1_0.email,c1_0.cust_name,c1_0.phone from customer c1_0 where c1_0.cust_id=?
Hibernate: select o1_0.order_id,c1_0.cust_id,c1_0.address,c1_0.email,c1_0.cust_name,c1_0.phone,o1_0.employee_id,e1_0.emp_id,e1_0.address,e1_0.dob,e1_0.email,e1_0.full_name,e1_0.phone,e1_0.status,o1_0.order_date,o2_0.order_id,o2_0.product_id,p1_0.product_id,p1_0.description,p1_0.manufacturer_name,p1_0.name,p1_0.status,p1_0.unit,o2_0.note,o2_0.price,o2_0.quantity from orders o1_0 left join customer c1_0 on c1_0.cust_id=o1_0.cust_id join employee e1_0 on e1_0.emp_id=o1_0.employee_id left join order_detail o2_0 on o1_0.order_id=o2_0.order_id left join product p1_0 on p1_0.product_id=o2_0.product_id where o1_0.order_id=?
Hibernate: select c1_0.cust_id,c1_0.address,c1_0.email,c1_0.cust_name,c1_0.phone from customer c1_0 where c1_0.cust_id=?
Hibernate: select e1_0.emp_id,e1_0.address,e1_0.dob,e1_0.email,e1_0.full_name,e1_0.phone,e1_0.status from employee e1_0 where e1_0.emp_id=?
Hibernate: insert into orders (cust_id,employee_id,order_date,order_id) values (?,?,?,default)
Hibernate: select p1_0.product_id,p1_0.description,p1_0.manufacturer_name,p1_0.name,p1_0.status,p1_0.unit from product p1_0 where p1_0.product_id=?
Hibernate: select o1_0.order_id,o2_0.order_id,c1_0.cust_id,c1_0.address,c1_0.email,c1_0.cust_name,c1_0.phone,o2_0.employee_id,e1_0.emp_id,e1_0.address,e1_0.dob,e1_0.email,e1_0.full_name,e1_0.phone,e1_0.status,o2_0.order_date,o1_0.product_id,p1_0.product_id,p1_0.description,p1_0.manufacturer_name,p1_0.name,p1_0.status,p1_0.unit,p2_0.product_id,p2_0.image_id,p2_0.alternative,p2_0.path,o1_0.note,o1_0.price,o1_0.quantity from order_detail o1_0 join orders o2_0 on o2_0.order_id=o1_0.order_id left join customer c1_0 on c1_0.cust_id=o2_0.cust_id left join employee e1_0 on e1_0.emp_id=o2_0.employee_id join product p1_0 on p1_0.product_id=o1_0.product_id left join product_image p2_0 on p1_0.product_id=p2_0.product_id where (o1_0.order_id,o1_0.product_id) in ((?,?))
Hibernate: select o1_0.order_id,c1_0.cust_id,c1_0.address,c1_0.email,c1_0.cust_name,c1_0.phone,o1_0.employee_id,e1_0.emp_id,e1_0.address,e1_0.dob,e1_0.email,e1_0.full_name,e1_0.phone,e1_0.status,o1_0.order_date,o2_0.order_id,o2_0.product_id,p1_0.product_id,p1_0.description,p1_0.manufacturer_name,p1_0.name,p1_0.status,p1_0.unit,o2_0.note,o2_0.price,o2_0.quantity from orders o1_0 left join customer c1_0 on c1_0.cust_id=o1_0.cust_id join employee e1_0 on e1_0.emp_id=o1_0.employee_id left join order_detail o2_0 on o1_0.order_id=o2_0.order_id left join product p1_0 on p1_0.product_id=o2_0.product_id where o1_0.order_id=?
Hibernate: select l1_0.employee_id,l1_0.order_id,c1_0.cust_id,c1_0.address,c1_0.email,c1_0.cust_name,c1_0.phone,l1_0.order_date from orders l1_0 left join customer c1_0 on c1_0.cust_id=l1_0.cust_id where l1_0.employee_id=?
Hibernate: select p1_0.product_id,p1_0.description,p1_0.manufacturer_name,p1_0.name,p1_0.status,p1_0.unit,o1_0.product_id,o1_0.order_id,o2_0.order_id,c1_0.cust_id,c1_0.address,c1_0.email,c1_0.cust_name,c1_0.phone,o2_0.employee_id,e1_0.emp_id,e1_0.address,e1_0.dob,e1_0.email,e1_0.full_name,e1_0.phone,e1_0.status,o2_0.order_date,o1_0.note,o1_0.price,o1_0.quantity from product p1_0 left join order_detail o1_0 on p1_0.product_id=o1_0.product_id left join orders o2_0 on o2_0.order_id=o1_0.order_id left join customer c1_0 on c1_0.cust_id=o2_0.cust_id left join employee e1_0 on e1_0.emp_id=o2_0.employee_id where p1_0.product_id=?
Hibernate: select o1_0.order_id,o1_0.product_id,p1_0.product_id,p1_0.description,p1_0.manufacturer_name,p1_0.name,p1_0.status,p1_0.unit,o1_0.note,o1_0.price,o1_0.quantity from order_detail o1_0 join product p1_0 on p1_0.product_id=o1_0.product_id where o1_0.order_id=?
Hibernate: select l1_0.employee_id,l1_0.order_id,c1_0.cust_id,c1_0.address,c1_0.email,c1_0.cust_name,c1_0.phone,l1_0.order_date from orders l1_0 left join customer c1_0 on c1_0.cust_id=l1_0.cust_id where l1_0.employee_id=?
Hibernate: select o1_0.order_id,o1_0.product_id,p1_0.product_id,p1_0.description,p1_0.manufacturer_name,p1_0.name,p1_0.status,p1_0.unit,o1_0.note,o1_0.price,o1_0.quantity from order_detail o1_0 join product p1_0 on p1_0.product_id=o1_0.product_id where o1_0.order_id=?
Hibernate: select l1_0.employee_id,l1_0.order_id,c1_0.cust_id,c1_0.address,c1_0.email,c1_0.cust_name,c1_0.phone,l1_0.order_date from orders l1_0 left join customer c1_0 on c1_0.cust_id=l1_0.cust_id where l1_0.employee_id=?
Hibernate: select o1_0.order_id,o1_0.product_id,p1_0.product_id,p1_0.description,p1_0.manufacturer_name,p1_0.name,p1_0.status,p1_0.unit,o1_0.note,o1_0.price,o1_0.quantity from order_detail o1_0 join product p1_0 on p1_0.product_id=o1_0.product_id where o1_0.order_id=?
Hibernate: select l1_0.employee_id,l1_0.order_id,c1_0.cust_id,c1_0.address,c1_0.email,c1_0.cust_name,c1_0.phone,l1_0.order_date from orders l1_0 left join customer c1_0 on c1_0.cust_id=l1_0.cust_id where l1_0.employee_id=?
Hibernate: select o1_0.order_id,o1_0.product_id,p1_0.product_id,p1_0.description,p1_0.manufacturer_name,p1_0.name,p1_0.status,p1_0.unit,o1_0.note,o1_0.price,o1_0.quantity from order_detail o1_0 join product p1_0 on p1_0.product_id=o1_0.product_id where o1_0.order_id=?
Hibernate: select l1_0.employee_id,l1_0.order_id,c1_0.cust_id,c1_0.address,c1_0.email,c1_0.cust_name,c1_0.phone,l1_0.order_date from orders l1_0 left join customer c1_0 on c1_0.cust_id=l1_0.cust_id where l1_0.employee_id=?
Hibernate: select o1_0.order_id,o1_0.product_id,p1_0.product_id,p1_0.description,p1_0.manufacturer_name,p1_0.name,p1_0.status,p1_0.unit,o1_0.note,o1_0.price,o1_0.quantity from order_detail o1_0 join product p1_0 on p1_0.product_id=o1_0.product_id where o1_0.order_id=?
Hibernate: select l1_0.employee_id,l1_0.order_id,c1_0.cust_id,c1_0.address,c1_0.email,c1_0.cust_name,c1_0.phone,l1_0.order_date from orders l1_0 left join customer c1_0 on c1_0.cust_id=l1_0.cust_id where l1_0.employee_id=?
Hibernate: select o1_0.order_id,o1_0.product_id,p1_0.product_id,p1_0.description,p1_0.manufacturer_name,p1_0.name,p1_0.status,p1_0.unit,o1_0.note,o1_0.price,o1_0.quantity from order_detail o1_0 join product p1_0 on p1_0.product_id=o1_0.product_id where o1_0.order_id=?
Hibernate: select l1_0.employee_id,l1_0.order_id,c1_0.cust_id,c1_0.address,c1_0.email,c1_0.cust_name,c1_0.phone,l1_0.order_date from orders l1_0 left join customer c1_0 on c1_0.cust_id=l1_0.cust_id where l1_0.employee_id=?
Hibernate: select p1_0.product_id,p1_0.price_date_time,p1_0.note,p1_0.price from product_price p1_0 where p1_0.product_id=?
Hibernate: select p1_0.product_id,p1_0.image_id,p1_0.alternative,p1_0.path from product_image p1_0 where p1_0.product_id=?
Hibernate: insert into order_detail (note,price,quantity,order_id,product_id) values (?,?,?,?,?)
Hibernate: select p1_0.product_id,p1_0.description,p1_0.manufacturer_name,p1_0.name,p1_0.status,p1_0.unit from product p1_0 where p1_0.product_id=?
Hibernate: select o1_0.order_id,o2_0.order_id,c1_0.cust_id,c1_0.address,c1_0.email,c1_0.cust_name,c1_0.phone,o2_0.employee_id,e1_0.emp_id,e1_0.address,e1_0.dob,e1_0.email,e1_0.full_name,e1_0.phone,e1_0.status,o2_0.order_date,o1_0.product_id,p1_0.product_id,p1_0.description,p1_0.manufacturer_name,p1_0.name,p1_0.status,p1_0.unit,p2_0.product_id,p2_0.image_id,p2_0.alternative,p2_0.path,o1_0.note,o1_0.price,o1_0.quantity from order_detail o1_0 join orders o2_0 on o2_0.order_id=o1_0.order_id left join customer c1_0 on c1_0.cust_id=o2_0.cust_id left join employee e1_0 on e1_0.emp_id=o2_0.employee_id join product p1_0 on p1_0.product_id=o1_0.product_id left join product_image p2_0 on p1_0.product_id=p2_0.product_id where (o1_0.order_id,o1_0.product_id) in ((?,?))
Hibernate: select o1_0.order_id,c1_0.cust_id,c1_0.address,c1_0.email,c1_0.cust_name,c1_0.phone,o1_0.employee_id,e1_0.emp_id,e1_0.address,e1_0.dob,e1_0.email,e1_0.full_name,e1_0.phone,e1_0.status,o1_0.order_date,o2_0.order_id,o2_0.product_id,p1_0.product_id,p1_0.description,p1_0.manufacturer_name,p1_0.name,p1_0.status,p1_0.unit,o2_0.note,o2_0.price,o2_0.quantity from orders o1_0 left join customer c1_0 on c1_0.cust_id=o1_0.cust_id join employee e1_0 on e1_0.emp_id=o1_0.employee_id left join order_detail o2_0 on o1_0.order_id=o2_0.order_id left join product p1_0 on p1_0.product_id=o2_0.product_id where o1_0.order_id=?
Hibernate: select p1_0.product_id,p1_0.price_date_time,p1_0.note,p1_0.price from product_price p1_0 where p1_0.product_id=?
Hibernate: select p1_0.product_id,p1_0.image_id,p1_0.alternative,p1_0.path from product_image p1_0 where p1_0.product_id=?
Hibernate: select o1_0.product_id,o1_0.order_id,o2_0.order_id,c1_0.cust_id,c1_0.address,c1_0.email,c1_0.cust_name,c1_0.phone,o2_0.employee_id,e1_0.emp_id,e1_0.address,e1_0.dob,e1_0.email,e1_0.full_name,e1_0.phone,e1_0.status,o2_0.order_date,o1_0.note,o1_0.price,o1_0.quantity from order_detail o1_0 join orders o2_0 on o2_0.order_id=o1_0.order_id left join customer c1_0 on c1_0.cust_id=o2_0.cust_id left join employee e1_0 on e1_0.emp_id=o2_0.employee_id where o1_0.product_id=?
Hibernate: select l1_0.employee_id,l1_0.order_id,c1_0.cust_id,c1_0.address,c1_0.email,c1_0.cust_name,c1_0.phone,l1_0.order_date from orders l1_0 left join customer c1_0 on c1_0.cust_id=l1_0.cust_id where l1_0.employee_id=?
Hibernate: select p1_0.product_id,p1_0.description,p1_0.manufacturer_name,p1_0.name,p1_0.status,p1_0.unit,o1_0.product_id,o1_0.order_id,o2_0.order_id,c1_0.cust_id,c1_0.address,c1_0.email,c1_0.cust_name,c1_0.phone,o2_0.employee_id,e1_0.emp_id,e1_0.address,e1_0.dob,e1_0.email,e1_0.full_name,e1_0.phone,e1_0.status,o2_0.order_date,o1_0.note,o1_0.price,o1_0.quantity from product p1_0 left join order_detail o1_0 on p1_0.product_id=o1_0.product_id left join orders o2_0 on o2_0.order_id=o1_0.order_id left join customer c1_0 on c1_0.cust_id=o2_0.cust_id left join employee e1_0 on e1_0.emp_id=o2_0.employee_id where p1_0.product_id=?
Hibernate: select o1_0.order_id,o1_0.product_id,p1_0.product_id,p1_0.description,p1_0.manufacturer_name,p1_0.name,p1_0.status,p1_0.unit,o1_0.note,o1_0.price,o1_0.quantity from order_detail o1_0 join product p1_0 on p1_0.product_id=o1_0.product_id where o1_0.order_id=?
Hibernate: select l1_0.employee_id,l1_0.order_id,c1_0.cust_id,c1_0.address,c1_0.email,c1_0.cust_name,c1_0.phone,l1_0.order_date from orders l1_0 left join customer c1_0 on c1_0.cust_id=l1_0.cust_id where l1_0.employee_id=?
Hibernate: select o1_0.order_id,o1_0.product_id,p1_0.product_id,p1_0.description,p1_0.manufacturer_name,p1_0.name,p1_0.status,p1_0.unit,o1_0.note,o1_0.price,o1_0.quantity from order_detail o1_0 join product p1_0 on p1_0.product_id=o1_0.product_id where o1_0.order_id=?
Hibernate: select o1_0.order_id,o1_0.product_id,p1_0.product_id,p1_0.description,p1_0.manufacturer_name,p1_0.name,p1_0.status,p1_0.unit,o1_0.note,o1_0.price,o1_0.quantity from order_detail o1_0 join product p1_0 on p1_0.product_id=o1_0.product_id where o1_0.order_id=?
Hibernate: select o1_0.order_id,o1_0.product_id,p1_0.product_id,p1_0.description,p1_0.manufacturer_name,p1_0.name,p1_0.status,p1_0.unit,o1_0.note,o1_0.price,o1_0.quantity from order_detail o1_0 join product p1_0 on p1_0.product_id=o1_0.product_id where o1_0.order_id=?
Hibernate: select o1_0.order_id,o1_0.product_id,p1_0.product_id,p1_0.description,p1_0.manufacturer_name,p1_0.name,p1_0.status,p1_0.unit,o1_0.note,o1_0.price,o1_0.quantity from order_detail o1_0 join product p1_0 on p1_0.product_id=o1_0.product_id where o1_0.order_id=?
Hibernate: select o1_0.order_id,o1_0.product_id,p1_0.product_id,p1_0.description,p1_0.manufacturer_name,p1_0.name,p1_0.status,p1_0.unit,o1_0.note,o1_0.price,o1_0.quantity from order_detail o1_0 join product p1_0 on p1_0.product_id=o1_0.product_id where o1_0.order_id=?
Hibernate: select l1_0.employee_id,l1_0.order_id,c1_0.cust_id,c1_0.address,c1_0.email,c1_0.cust_name,c1_0.phone,l1_0.order_date from orders l1_0 left join customer c1_0 on c1_0.cust_id=l1_0.cust_id where l1_0.employee_id=?
Hibernate: select p1_0.product_id,p1_0.price_date_time,p1_0.note,p1_0.price from product_price p1_0 where p1_0.product_id=?
Hibernate: select p1_0.product_id,p1_0.image_id,p1_0.alternative,p1_0.path from product_image p1_0 where p1_0.product_id=?
Hibernate: select o1_0.order_id,o1_0.product_id,p1_0.product_id,p1_0.description,p1_0.manufacturer_name,p1_0.name,p1_0.status,p1_0.unit,o1_0.note,o1_0.price,o1_0.quantity from order_detail o1_0 join product p1_0 on p1_0.product_id=o1_0.product_id where o1_0.order_id=?
Hibernate: insert into order_detail (note,price,quantity,order_id,product_id) values (?,?,?,?,?)
Hibernate: select p1_0.product_id,p1_0.description,p1_0.manufacturer_name,p1_0.name,p1_0.status,p1_0.unit from product p1_0 where p1_0.product_id=?
Hibernate: select o1_0.order_id,o2_0.order_id,c1_0.cust_id,c1_0.address,c1_0.email,c1_0.cust_name,c1_0.phone,o2_0.employee_id,e1_0.emp_id,e1_0.address,e1_0.dob,e1_0.email,e1_0.full_name,e1_0.phone,e1_0.status,o2_0.order_date,o1_0.product_id,p1_0.product_id,p1_0.description,p1_0.manufacturer_name,p1_0.name,p1_0.status,p1_0.unit,p2_0.product_id,p2_0.image_id,p2_0.alternative,p2_0.path,o1_0.note,o1_0.price,o1_0.quantity from order_detail o1_0 join orders o2_0 on o2_0.order_id=o1_0.order_id left join customer c1_0 on c1_0.cust_id=o2_0.cust_id left join employee e1_0 on e1_0.emp_id=o2_0.employee_id join product p1_0 on p1_0.product_id=o1_0.product_id left join product_image p2_0 on p1_0.product_id=p2_0.product_id where (o1_0.order_id,o1_0.product_id) in ((?,?))
Hibernate: select o1_0.order_id,c1_0.cust_id,c1_0.address,c1_0.email,c1_0.cust_name,c1_0.phone,o1_0.employee_id,e1_0.emp_id,e1_0.address,e1_0.dob,e1_0.email,e1_0.full_name,e1_0.phone,e1_0.status,o1_0.order_date,o2_0.order_id,o2_0.product_id,p1_0.product_id,p1_0.description,p1_0.manufacturer_name,p1_0.name,p1_0.status,p1_0.unit,o2_0.note,o2_0.price,o2_0.quantity from orders o1_0 left join customer c1_0 on c1_0.cust_id=o1_0.cust_id join employee e1_0 on e1_0.emp_id=o1_0.employee_id left join order_detail o2_0 on o1_0.order_id=o2_0.order_id left join product p1_0 on p1_0.product_id=o2_0.product_id where o1_0.order_id=?
Hibernate: select p1_0.product_id,p1_0.price_date_time,p1_0.note,p1_0.price from product_price p1_0 where p1_0.product_id=?
Hibernate: select p1_0.product_id,p1_0.image_id,p1_0.alternative,p1_0.path from product_image p1_0 where p1_0.product_id=?
Hibernate: select o1_0.product_id,o1_0.order_id,o2_0.order_id,c1_0.cust_id,c1_0.address,c1_0.email,c1_0.cust_name,c1_0.phone,o2_0.employee_id,e1_0.emp_id,e1_0.address,e1_0.dob,e1_0.email,e1_0.full_name,e1_0.phone,e1_0.status,o2_0.order_date,o1_0.note,o1_0.price,o1_0.quantity from order_detail o1_0 join orders o2_0 on o2_0.order_id=o1_0.order_id left join customer c1_0 on c1_0.cust_id=o2_0.cust_id left join employee e1_0 on e1_0.emp_id=o2_0.employee_id where o1_0.product_id=?
Hibernate: select p1_0.product_id,p1_0.price_date_time,p1_0.note,p1_0.price from product_price p1_0 where p1_0.product_id=?
Hibernate: select p1_0.product_id,p1_0.image_id,p1_0.alternative,p1_0.path from product_image p1_0 where p1_0.product_id=?
Hibernate: select o1_0.product_id,o1_0.order_id,o2_0.order_id,c1_0.cust_id,c1_0.address,c1_0.email,c1_0.cust_name,c1_0.phone,o2_0.employee_id,e1_0.emp_id,e1_0.address,e1_0.dob,e1_0.email,e1_0.full_name,e1_0.phone,e1_0.status,o2_0.order_date,o1_0.note,o1_0.price,o1_0.quantity from order_detail o1_0 join orders o2_0 on o2_0.order_id=o1_0.order_id left join customer c1_0 on c1_0.cust_id=o2_0.cust_id left join employee e1_0 on e1_0.emp_id=o2_0.employee_id where o1_0.product_id=?
Hibernate: select l1_0.employee_id,l1_0.order_id,c1_0.cust_id,c1_0.address,c1_0.email,c1_0.cust_name,c1_0.phone,l1_0.order_date from orders l1_0 left join customer c1_0 on c1_0.cust_id=l1_0.cust_id where l1_0.employee_id=?
Hibernate: select p1_0.product_id,p1_0.description,p1_0.manufacturer_name,p1_0.name,p1_0.status,p1_0.unit,o1_0.product_id,o1_0.order_id,o2_0.order_id,c1_0.cust_id,c1_0.address,c1_0.email,c1_0.cust_name,c1_0.phone,o2_0.employee_id,e1_0.emp_id,e1_0.address,e1_0.dob,e1_0.email,e1_0.full_name,e1_0.phone,e1_0.status,o2_0.order_date,o1_0.note,o1_0.price,o1_0.quantity from product p1_0 left join order_detail o1_0 on p1_0.product_id=o1_0.product_id left join orders o2_0 on o2_0.order_id=o1_0.order_id left join customer c1_0 on c1_0.cust_id=o2_0.cust_id left join employee e1_0 on e1_0.emp_id=o2_0.employee_id where p1_0.product_id=?
Hibernate: select o1_0.order_id,o1_0.product_id,p1_0.product_id,p1_0.description,p1_0.manufacturer_name,p1_0.name,p1_0.status,p1_0.unit,o1_0.note,o1_0.price,o1_0.quantity from order_detail o1_0 join product p1_0 on p1_0.product_id=o1_0.product_id where o1_0.order_id=?
Hibernate: select o1_0.order_id,o1_0.product_id,p1_0.product_id,p1_0.description,p1_0.manufacturer_name,p1_0.name,p1_0.status,p1_0.unit,o1_0.note,o1_0.price,o1_0.quantity from order_detail o1_0 join product p1_0 on p1_0.product_id=o1_0.product_id where o1_0.order_id=?
Hibernate: select o1_0.order_id,o1_0.product_id,p1_0.product_id,p1_0.description,p1_0.manufacturer_name,p1_0.name,p1_0.status,p1_0.unit,o1_0.note,o1_0.price,o1_0.quantity from order_detail o1_0 join product p1_0 on p1_0.product_id=o1_0.product_id where o1_0.order_id=?
Hibernate: select o1_0.order_id,o1_0.product_id,p1_0.product_id,p1_0.description,p1_0.manufacturer_name,p1_0.name,p1_0.status,p1_0.unit,o1_0.note,o1_0.price,o1_0.quantity from order_detail o1_0 join product p1_0 on p1_0.product_id=o1_0.product_id where o1_0.order_id=?
Hibernate: select o1_0.order_id,o1_0.product_id,p1_0.product_id,p1_0.description,p1_0.manufacturer_name,p1_0.name,p1_0.status,p1_0.unit,o1_0.note,o1_0.price,o1_0.quantity from order_detail o1_0 join product p1_0 on p1_0.product_id=o1_0.product_id where o1_0.order_id=?
Hibernate: select p1_0.product_id,p1_0.price_date_time,p1_0.note,p1_0.price from product_price p1_0 where p1_0.product_id=?
Hibernate: select p1_0.product_id,p1_0.image_id,p1_0.alternative,p1_0.path from product_image p1_0 where p1_0.product_id=?
Hibernate: select o1_0.order_id,o1_0.product_id,p1_0.product_id,p1_0.description,p1_0.manufacturer_name,p1_0.name,p1_0.status,p1_0.unit,o1_0.note,o1_0.price,o1_0.quantity from order_detail o1_0 join product p1_0 on p1_0.product_id=o1_0.product_id where o1_0.order_id=?
Hibernate: insert into order_detail (note,price,quantity,order_id,product_id) values (?,?,?,?,?)
Hibernate: select e1_0.emp_id,e1_0.address,e1_0.dob,e1_0.email,e1_0.full_name,e1_0.phone,e1_0.status from employee e1_0 where e1_0.emp_id=?
Hibernate: select c1_0.cust_id,c1_0.address,c1_0.email,c1_0.cust_name,c1_0.phone from customer c1_0 where c1_0.cust_id=?
Hibernate: select o1_0.order_id,c1_0.cust_id,c1_0.address,c1_0.email,c1_0.cust_name,c1_0.phone,o1_0.employee_id,e1_0.emp_id,e1_0.address,e1_0.dob,e1_0.email,e1_0.full_name,e1_0.phone,e1_0.status,o1_0.order_date,o2_0.order_id,o2_0.product_id,p1_0.product_id,p1_0.description,p1_0.manufacturer_name,p1_0.name,p1_0.status,p1_0.unit,o2_0.note,o2_0.price,o2_0.quantity from orders o1_0 left join customer c1_0 on c1_0.cust_id=o1_0.cust_id join employee e1_0 on e1_0.emp_id=o1_0.employee_id left join order_detail o2_0 on o1_0.order_id=o2_0.order_id left join product p1_0 on p1_0.product_id=o2_0.product_id where o1_0.order_id=?
Hibernate: select c1_0.cust_id,c1_0.address,c1_0.email,c1_0.cust_name,c1_0.phone from customer c1_0 where c1_0.cust_id=?
Hibernate: select e1_0.emp_id,e1_0.address,e1_0.dob,e1_0.email,e1_0.full_name,e1_0.phone,e1_0.status from employee e1_0 where e1_0.emp_id=?
Hibernate: insert into orders (cust_id,employee_id,order_date,order_id) values (?,?,?,default)
Hibernate: select p1_0.product_id,p1_0.description,p1_0.manufacturer_name,p1_0.name,p1_0.status,p1_0.unit from product p1_0 where p1_0.product_id=?
Hibernate: select o1_0.order_id,o2_0.order_id,c1_0.cust_id,c1_0.address,c1_0.email,c1_0.cust_name,c1_0.phone,o2_0.employee_id,e1_0.emp_id,e1_0.address,e1_0.dob,e1_0.email,e1_0.full_name,e1_0.phone,e1_0.status,o2_0.order_date,o1_0.product_id,p1_0.product_id,p1_0.description,p1_0.manufacturer_name,p1_0.name,p1_0.status,p1_0.unit,p2_0.product_id,p2_0.image_id,p2_0.alternative,p2_0.path,o1_0.note,o1_0.price,o1_0.quantity from order_detail o1_0 join orders o2_0 on o2_0.order_id=o1_0.order_id left join customer c1_0 on c1_0.cust_id=o2_0.cust_id left join employee e1_0 on e1_0.emp_id=o2_0.employee_id join product p1_0 on p1_0.product_id=o1_0.product_id left join product_image p2_0 on p1_0.product_id=p2_0.product_id where (o1_0.order_id,o1_0.product_id) in ((?,?))
Hibernate: select o1_0.order_id,c1_0.cust_id,c1_0.address,c1_0.email,c1_0.cust_name,c1_0.phone,o1_0.employee_id,e1_0.emp_id,e1_0.address,e1_0.dob,e1_0.email,e1_0.full_name,e1_0.phone,e1_0.status,o1_0.order_date,o2_0.order_id,o2_0.product_id,p1_0.product_id,p1_0.description,p1_0.manufacturer_name,p1_0.name,p1_0.status,p1_0.unit,o2_0.note,o2_0.price,o2_0.quantity from orders o1_0 left join customer c1_0 on c1_0.cust_id=o1_0.cust_id join employee e1_0 on e1_0.emp_id=o1_0.employee_id left join order_detail o2_0 on o1_0.order_id=o2_0.order_id left join product p1_0 on p1_0.product_id=o2_0.product_id where o1_0.order_id=?
Hibernate: select l1_0.employee_id,l1_0.order_id,c1_0.cust_id,c1_0.address,c1_0.email,c1_0.cust_name,c1_0.phone,l1_0.order_date from orders l1_0 left join customer c1_0 on c1_0.cust_id=l1_0.cust_id where l1_0.employee_id=?
Hibernate: select p1_0.product_id,p1_0.description,p1_0.manufacturer_name,p1_0.name,p1_0.status,p1_0.unit,o1_0.product_id,o1_0.order_id,o2_0.order_id,c1_0.cust_id,c1_0.address,c1_0.email,c1_0.cust_name,c1_0.phone,o2_0.employee_id,e1_0.emp_id,e1_0.address,e1_0.dob,e1_0.email,e1_0.full_name,e1_0.phone,e1_0.status,o2_0.order_date,o1_0.note,o1_0.price,o1_0.quantity from product p1_0 left join order_detail o1_0 on p1_0.product_id=o1_0.product_id left join orders o2_0 on o2_0.order_id=o1_0.order_id left join customer c1_0 on c1_0.cust_id=o2_0.cust_id left join employee e1_0 on e1_0.emp_id=o2_0.employee_id where p1_0.product_id=?
Hibernate: select o1_0.order_id,o1_0.product_id,p1_0.product_id,p1_0.description,p1_0.manufacturer_name,p1_0.name,p1_0.status,p1_0.unit,o1_0.note,o1_0.price,o1_0.quantity from order_detail o1_0 join product p1_0 on p1_0.product_id=o1_0.product_id where o1_0.order_id=?
Hibernate: select l1_0.employee_id,l1_0.order_id,c1_0.cust_id,c1_0.address,c1_0.email,c1_0.cust_name,c1_0.phone,l1_0.order_date from orders l1_0 left join customer c1_0 on c1_0.cust_id=l1_0.cust_id where l1_0.employee_id=?
Hibernate: select o1_0.order_id,o1_0.product_id,p1_0.product_id,p1_0.description,p1_0.manufacturer_name,p1_0.name,p1_0.status,p1_0.unit,o1_0.note,o1_0.price,o1_0.quantity from order_detail o1_0 join product p1_0 on p1_0.product_id=o1_0.product_id where o1_0.order_id=?
Hibernate: select l1_0.employee_id,l1_0.order_id,c1_0.cust_id,c1_0.address,c1_0.email,c1_0.cust_name,c1_0.phone,l1_0.order_date from orders l1_0 left join customer c1_0 on c1_0.cust_id=l1_0.cust_id where l1_0.employee_id=?
Hibernate: select o1_0.order_id,o1_0.product_id,p1_0.product_id,p1_0.description,p1_0.manufacturer_name,p1_0.name,p1_0.status,p1_0.unit,o1_0.note,o1_0.price,o1_0.quantity from order_detail o1_0 join product p1_0 on p1_0.product_id=o1_0.product_id where o1_0.order_id=?
Hibernate: select o1_0.order_id,o1_0.product_id,p1_0.product_id,p1_0.description,p1_0.manufacturer_name,p1_0.name,p1_0.status,p1_0.unit,o1_0.note,o1_0.price,o1_0.quantity from order_detail o1_0 join product p1_0 on p1_0.product_id=o1_0.product_id where o1_0.order_id=?
Hibernate: select l1_0.employee_id,l1_0.order_id,c1_0.cust_id,c1_0.address,c1_0.email,c1_0.cust_name,c1_0.phone,l1_0.order_date from orders l1_0 left join customer c1_0 on c1_0.cust_id=l1_0.cust_id where l1_0.employee_id=?
Hibernate: select o1_0.order_id,o1_0.product_id,p1_0.product_id,p1_0.description,p1_0.manufacturer_name,p1_0.name,p1_0.status,p1_0.unit,o1_0.note,o1_0.price,o1_0.quantity from order_detail o1_0 join product p1_0 on p1_0.product_id=o1_0.product_id where o1_0.order_id=?
Hibernate: select l1_0.employee_id,l1_0.order_id,c1_0.cust_id,c1_0.address,c1_0.email,c1_0.cust_name,c1_0.phone,l1_0.order_date from orders l1_0 left join customer c1_0 on c1_0.cust_id=l1_0.cust_id where l1_0.employee_id=?
Hibernate: select o1_0.order_id,o1_0.product_id,p1_0.product_id,p1_0.description,p1_0.manufacturer_name,p1_0.name,p1_0.status,p1_0.unit,o1_0.note,o1_0.price,o1_0.quantity from order_detail o1_0 join product p1_0 on p1_0.product_id=o1_0.product_id where o1_0.order_id=?
Hibernate: select l1_0.employee_id,l1_0.order_id,c1_0.cust_id,c1_0.address,c1_0.email,c1_0.cust_name,c1_0.phone,l1_0.order_date from orders l1_0 left join customer c1_0 on c1_0.cust_id=l1_0.cust_id where l1_0.employee_id=?
Hibernate: select p1_0.product_id,p1_0.price_date_time,p1_0.note,p1_0.price from product_price p1_0 where p1_0.product_id=?
Hibernate: select p1_0.product_id,p1_0.image_id,p1_0.alternative,p1_0.path from product_image p1_0 where p1_0.product_id=?
Hibernate: select o1_0.order_id,o1_0.product_id,p1_0.product_id,p1_0.description,p1_0.manufacturer_name,p1_0.name,p1_0.status,p1_0.unit,o1_0.note,o1_0.price,o1_0.quantity from order_detail o1_0 join product p1_0 on p1_0.product_id=o1_0.product_id where o1_0.order_id=?
Hibernate: select l1_0.employee_id,l1_0.order_id,c1_0.cust_id,c1_0.address,c1_0.email,c1_0.cust_name,c1_0.phone,l1_0.order_date from orders l1_0 left join customer c1_0 on c1_0.cust_id=l1_0.cust_id where l1_0.employee_id=?
Hibernate: insert into order_detail (note,price,quantity,order_id,product_id) values (?,?,?,?,?)
Hibernate: select p1_0.product_id,p1_0.description,p1_0.manufacturer_name,p1_0.name,p1_0.status,p1_0.unit from product p1_0 where p1_0.product_id=?
Hibernate: select o1_0.order_id,o2_0.order_id,c1_0.cust_id,c1_0.address,c1_0.email,c1_0.cust_name,c1_0.phone,o2_0.employee_id,e1_0.emp_id,e1_0.address,e1_0.dob,e1_0.email,e1_0.full_name,e1_0.phone,e1_0.status,o2_0.order_date,o1_0.product_id,p1_0.product_id,p1_0.description,p1_0.manufacturer_name,p1_0.name,p1_0.status,p1_0.unit,p2_0.product_id,p2_0.image_id,p2_0.alternative,p2_0.path,o1_0.note,o1_0.price,o1_0.quantity from order_detail o1_0 join orders o2_0 on o2_0.order_id=o1_0.order_id left join customer c1_0 on c1_0.cust_id=o2_0.cust_id left join employee e1_0 on e1_0.emp_id=o2_0.employee_id join product p1_0 on p1_0.product_id=o1_0.product_id left join product_image p2_0 on p1_0.product_id=p2_0.product_id where (o1_0.order_id,o1_0.product_id) in ((?,?))
Hibernate: select o1_0.order_id,c1_0.cust_id,c1_0.address,c1_0.email,c1_0.cust_name,c1_0.phone,o1_0.employee_id,e1_0.emp_id,e1_0.address,e1_0.dob,e1_0.email,e1_0.full_name,e1_0.phone,e1_0.status,o1_0.order_date,o2_0.order_id,o2_0.product_id,p1_0.product_id,p1_0.description,p1_0.manufacturer_name,p1_0.name,p1_0.status,p1_0.unit,o2_0.note,o2_0.price,o2_0.quantity from orders o1_0 left join customer c1_0 on c1_0.cust_id=o1_0.cust_id join employee e1_0 on e1_0.emp_id=o1_0.employee_id left join order_detail o2_0 on o1_0.order_id=o2_0.order_id left join product p1_0 on p1_0.product_id=o2_0.product_id where o1_0.order_id=?
Hibernate: select p1_0.product_id,p1_0.price_date_time,p1_0.note,p1_0.price from product_price p1_0 where p1_0.product_id=?
Hibernate: select p1_0.product_id,p1_0.image_id,p1_0.alternative,p1_0.path from product_image p1_0 where p1_0.product_id=?
Hibernate: select o1_0.product_id,o1_0.order_id,o2_0.order_id,c1_0.cust_id,c1_0.address,c1_0.email,c1_0.cust_name,c1_0.phone,o2_0.employee_id,e1_0.emp_id,e1_0.address,e1_0.dob,e1_0.email,e1_0.full_name,e1_0.phone,e1_0.status,o2_0.order_date,o1_0.note,o1_0.price,o1_0.quantity from order_detail o1_0 join orders o2_0 on o2_0.order_id=o1_0.order_id left join customer c1_0 on c1_0.cust_id=o2_0.cust_id left join employee e1_0 on e1_0.emp_id=o2_0.employee_id where o1_0.product_id=?
Hibernate: select l1_0.employee_id,l1_0.order_id,c1_0.cust_id,c1_0.address,c1_0.email,c1_0.cust_name,c1_0.phone,l1_0.order_date from orders l1_0 left join customer c1_0 on c1_0.cust_id=l1_0.cust_id where l1_0.employee_id=?
Hibernate: select p1_0.product_id,p1_0.description,p1_0.manufacturer_name,p1_0.name,p1_0.status,p1_0.unit,o1_0.product_id,o1_0.order_id,o2_0.order_id,c1_0.cust_id,c1_0.address,c1_0.email,c1_0.cust_name,c1_0.phone,o2_0.employee_id,e1_0.emp_id,e1_0.address,e1_0.dob,e1_0.email,e1_0.full_name,e1_0.phone,e1_0.status,o2_0.order_date,o1_0.note,o1_0.price,o1_0.quantity from product p1_0 left join order_detail o1_0 on p1_0.product_id=o1_0.product_id left join orders o2_0 on o2_0.order_id=o1_0.order_id left join customer c1_0 on c1_0.cust_id=o2_0.cust_id left join employee e1_0 on e1_0.emp_id=o2_0.employee_id where p1_0.product_id=?
Hibernate: select o1_0.order_id,o1_0.product_id,p1_0.product_id,p1_0.description,p1_0.manufacturer_name,p1_0.name,p1_0.status,p1_0.unit,o1_0.note,o1_0.price,o1_0.quantity from order_detail o1_0 join product p1_0 on p1_0.product_id=o1_0.product_id where o1_0.order_id=?
Hibernate: select o1_0.order_id,o1_0.product_id,p1_0.product_id,p1_0.description,p1_0.manufacturer_name,p1_0.name,p1_0.status,p1_0.unit,o1_0.note,o1_0.price,o1_0.quantity from order_detail o1_0 join product p1_0 on p1_0.product_id=o1_0.product_id where o1_0.order_id=?
Hibernate: select l1_0.employee_id,l1_0.order_id,c1_0.cust_id,c1_0.address,c1_0.email,c1_0.cust_name,c1_0.phone,l1_0.order_date from orders l1_0 left join customer c1_0 on c1_0.cust_id=l1_0.cust_id where l1_0.employee_id=?
Hibernate: select o1_0.order_id,o1_0.product_id,p1_0.product_id,p1_0.description,p1_0.manufacturer_name,p1_0.name,p1_0.status,p1_0.unit,o1_0.note,o1_0.price,o1_0.quantity from order_detail o1_0 join product p1_0 on p1_0.product_id=o1_0.product_id where o1_0.order_id=?
Hibernate: select o1_0.order_id,o1_0.product_id,p1_0.product_id,p1_0.description,p1_0.manufacturer_name,p1_0.name,p1_0.status,p1_0.unit,o1_0.note,o1_0.price,o1_0.quantity from order_detail o1_0 join product p1_0 on p1_0.product_id=o1_0.product_id where o1_0.order_id=?
Hibernate: select o1_0.order_id,o1_0.product_id,p1_0.product_id,p1_0.description,p1_0.manufacturer_name,p1_0.name,p1_0.status,p1_0.unit,o1_0.note,o1_0.price,o1_0.quantity from order_detail o1_0 join product p1_0 on p1_0.product_id=o1_0.product_id where o1_0.order_id=?
Hibernate: select p1_0.product_id,p1_0.price_date_time,p1_0.note,p1_0.price from product_price p1_0 where p1_0.product_id=?
Hibernate: select p1_0.product_id,p1_0.image_id,p1_0.alternative,p1_0.path from product_image p1_0 where p1_0.product_id=?
Hibernate: select o1_0.order_id,o1_0.product_id,p1_0.product_id,p1_0.description,p1_0.manufacturer_name,p1_0.name,p1_0.status,p1_0.unit,o1_0.note,o1_0.price,o1_0.quantity from order_detail o1_0 join product p1_0 on p1_0.product_id=o1_0.product_id where o1_0.order_id=?
Hibernate: insert into order_detail (note,price,quantity,order_id,product_id) values (?,?,?,?,?)
Hibernate: select p1_0.product_id,p1_0.description,p1_0.manufacturer_name,p1_0.name,p1_0.status,p1_0.unit from product p1_0 where p1_0.product_id=?
Hibernate: select o1_0.order_id,o2_0.order_id,c1_0.cust_id,c1_0.address,c1_0.email,c1_0.cust_name,c1_0.phone,o2_0.employee_id,e1_0.emp_id,e1_0.address,e1_0.dob,e1_0.email,e1_0.full_name,e1_0.phone,e1_0.status,o2_0.order_date,o1_0.product_id,p1_0.product_id,p1_0.description,p1_0.manufacturer_name,p1_0.name,p1_0.status,p1_0.unit,p2_0.product_id,p2_0.image_id,p2_0.alternative,p2_0.path,o1_0.note,o1_0.price,o1_0.quantity from order_detail o1_0 join orders o2_0 on o2_0.order_id=o1_0.order_id left join customer c1_0 on c1_0.cust_id=o2_0.cust_id left join employee e1_0 on e1_0.emp_id=o2_0.employee_id join product p1_0 on p1_0.product_id=o1_0.product_id left join product_image p2_0 on p1_0.product_id=p2_0.product_id where (o1_0.order_id,o1_0.product_id) in ((?,?))
Hibernate: select o1_0.order_id,c1_0.cust_id,c1_0.address,c1_0.email,c1_0.cust_name,c1_0.phone,o1_0.employee_id,e1_0.emp_id,e1_0.address,e1_0.dob,e1_0.email,e1_0.full_name,e1_0.phone,e1_0.status,o1_0.order_date,o2_0.order_id,o2_0.product_id,p1_0.product_id,p1_0.description,p1_0.manufacturer_name,p1_0.name,p1_0.status,p1_0.unit,o2_0.note,o2_0.price,o2_0.quantity from orders o1_0 left join customer c1_0 on c1_0.cust_id=o1_0.cust_id join employee e1_0 on e1_0.emp_id=o1_0.employee_id left join order_detail o2_0 on o1_0.order_id=o2_0.order_id left join product p1_0 on p1_0.product_id=o2_0.product_id where o1_0.order_id=?
Hibernate: select p1_0.product_id,p1_0.price_date_time,p1_0.note,p1_0.price from product_price p1_0 where p1_0.product_id=?
Hibernate: select p1_0.product_id,p1_0.image_id,p1_0.alternative,p1_0.path from product_image p1_0 where p1_0.product_id=?
Hibernate: select o1_0.product_id,o1_0.order_id,o2_0.order_id,c1_0.cust_id,c1_0.address,c1_0.email,c1_0.cust_name,c1_0.phone,o2_0.employee_id,e1_0.emp_id,e1_0.address,e1_0.dob,e1_0.email,e1_0.full_name,e1_0.phone,e1_0.status,o2_0.order_date,o1_0.note,o1_0.price,o1_0.quantity from order_detail o1_0 join orders o2_0 on o2_0.order_id=o1_0.order_id left join customer c1_0 on c1_0.cust_id=o2_0.cust_id left join employee e1_0 on e1_0.emp_id=o2_0.employee_id where o1_0.product_id=?
Hibernate: select p1_0.product_id,p1_0.price_date_time,p1_0.note,p1_0.price from product_price p1_0 where p1_0.product_id=?
Hibernate: select p1_0.product_id,p1_0.image_id,p1_0.alternative,p1_0.path from product_image p1_0 where p1_0.product_id=?
Hibernate: select o1_0.product_id,o1_0.order_id,o2_0.order_id,c1_0.cust_id,c1_0.address,c1_0.email,c1_0.cust_name,c1_0.phone,o2_0.employee_id,e1_0.emp_id,e1_0.address,e1_0.dob,e1_0.email,e1_0.full_name,e1_0.phone,e1_0.status,o2_0.order_date,o1_0.note,o1_0.price,o1_0.quantity from order_detail o1_0 join orders o2_0 on o2_0.order_id=o1_0.order_id left join customer c1_0 on c1_0.cust_id=o2_0.cust_id left join employee e1_0 on e1_0.emp_id=o2_0.employee_id where o1_0.product_id=?
Hibernate: select l1_0.employee_id,l1_0.order_id,c1_0.cust_id,c1_0.address,c1_0.email,c1_0.cust_name,c1_0.phone,l1_0.order_date from orders l1_0 left join customer c1_0 on c1_0.cust_id=l1_0.cust_id where l1_0.employee_id=?
Hibernate: select p1_0.product_id,p1_0.description,p1_0.manufacturer_name,p1_0.name,p1_0.status,p1_0.unit,o1_0.product_id,o1_0.order_id,o2_0.order_id,c1_0.cust_id,c1_0.address,c1_0.email,c1_0.cust_name,c1_0.phone,o2_0.employee_id,e1_0.emp_id,e1_0.address,e1_0.dob,e1_0.email,e1_0.full_name,e1_0.phone,e1_0.status,o2_0.order_date,o1_0.note,o1_0.price,o1_0.quantity from product p1_0 left join order_detail o1_0 on p1_0.product_id=o1_0.product_id left join orders o2_0 on o2_0.order_id=o1_0.order_id left join customer c1_0 on c1_0.cust_id=o2_0.cust_id left join employee e1_0 on e1_0.emp_id=o2_0.employee_id where p1_0.product_id=?
Hibernate: select o1_0.order_id,o1_0.product_id,p1_0.product_id,p1_0.description,p1_0.manufacturer_name,p1_0.name,p1_0.status,p1_0.unit,o1_0.note,o1_0.price,o1_0.quantity from order_detail o1_0 join product p1_0 on p1_0.product_id=o1_0.product_id where o1_0.order_id=?
Hibernate: select o1_0.order_id,o1_0.product_id,p1_0.product_id,p1_0.description,p1_0.manufacturer_name,p1_0.name,p1_0.status,p1_0.unit,o1_0.note,o1_0.price,o1_0.quantity from order_detail o1_0 join product p1_0 on p1_0.product_id=o1_0.product_id where o1_0.order_id=?
Hibernate: select o1_0.order_id,o1_0.product_id,p1_0.product_id,p1_0.description,p1_0.manufacturer_name,p1_0.name,p1_0.status,p1_0.unit,o1_0.note,o1_0.price,o1_0.quantity from order_detail o1_0 join product p1_0 on p1_0.product_id=o1_0.product_id where o1_0.order_id=?
Hibernate: select o1_0.order_id,o1_0.product_id,p1_0.product_id,p1_0.description,p1_0.manufacturer_name,p1_0.name,p1_0.status,p1_0.unit,o1_0.note,o1_0.price,o1_0.quantity from order_detail o1_0 join product p1_0 on p1_0.product_id=o1_0.product_id where o1_0.order_id=?
Hibernate: select o1_0.order_id,o1_0.product_id,p1_0.product_id,p1_0.description,p1_0.manufacturer_name,p1_0.name,p1_0.status,p1_0.unit,o1_0.note,o1_0.price,o1_0.quantity from order_detail o1_0 join product p1_0 on p1_0.product_id=o1_0.product_id where o1_0.order_id=?
Hibernate: select o1_0.order_id,o1_0.product_id,p1_0.product_id,p1_0.description,p1_0.manufacturer_name,p1_0.name,p1_0.status,p1_0.unit,o1_0.note,o1_0.price,o1_0.quantity from order_detail o1_0 join product p1_0 on p1_0.product_id=o1_0.product_id where o1_0.order_id=?
Hibernate: select o1_0.order_id,o1_0.product_id,p1_0.product_id,p1_0.description,p1_0.manufacturer_name,p1_0.name,p1_0.status,p1_0.unit,o1_0.note,o1_0.price,o1_0.quantity from order_detail o1_0 join product p1_0 on p1_0.product_id=o1_0.product_id where o1_0.order_id=?
Hibernate: select o1_0.order_id,o1_0.product_id,p1_0.product_id,p1_0.description,p1_0.manufacturer_name,p1_0.name,p1_0.status,p1_0.unit,o1_0.note,o1_0.price,o1_0.quantity from order_detail o1_0 join product p1_0 on p1_0.product_id=o1_0.product_id where o1_0.order_id=?
Hibernate: select o1_0.order_id,o1_0.product_id,p1_0.product_id,p1_0.description,p1_0.manufacturer_name,p1_0.name,p1_0.status,p1_0.unit,o1_0.note,o1_0.price,o1_0.quantity from order_detail o1_0 join product p1_0 on p1_0.product_id=o1_0.product_id where o1_0.order_id=?
Hibernate: select p1_0.product_id,p1_0.price_date_time,p1_0.note,p1_0.price from product_price p1_0 where p1_0.product_id=?
Hibernate: select p1_0.product_id,p1_0.image_id,p1_0.alternative,p1_0.path from product_image p1_0 where p1_0.product_id=?
Hibernate: select o1_0.order_id,o1_0.product_id,p1_0.product_id,p1_0.description,p1_0.manufacturer_name,p1_0.name,p1_0.status,p1_0.unit,o1_0.note,o1_0.price,o1_0.quantity from order_detail o1_0 join product p1_0 on p1_0.product_id=o1_0.product_id where o1_0.order_id=?
Hibernate: insert into order_detail (note,price,quantity,order_id,product_id) values (?,?,?,?,?)
Hibernate: select e1_0.emp_id,e1_0.address,e1_0.dob,e1_0.email,e1_0.full_name,e1_0.phone,e1_0.status from employee e1_0 where e1_0.emp_id=?
Hibernate: select c1_0.cust_id,c1_0.address,c1_0.email,c1_0.cust_name,c1_0.phone from customer c1_0 where c1_0.cust_id=?
Hibernate: select o1_0.order_id,c1_0.cust_id,c1_0.address,c1_0.email,c1_0.cust_name,c1_0.phone,o1_0.employee_id,e1_0.emp_id,e1_0.address,e1_0.dob,e1_0.email,e1_0.full_name,e1_0.phone,e1_0.status,o1_0.order_date,o2_0.order_id,o2_0.product_id,p1_0.product_id,p1_0.description,p1_0.manufacturer_name,p1_0.name,p1_0.status,p1_0.unit,o2_0.note,o2_0.price,o2_0.quantity from orders o1_0 left join customer c1_0 on c1_0.cust_id=o1_0.cust_id join employee e1_0 on e1_0.emp_id=o1_0.employee_id left join order_detail o2_0 on o1_0.order_id=o2_0.order_id left join product p1_0 on p1_0.product_id=o2_0.product_id where o1_0.order_id=?
Hibernate: select c1_0.cust_id,c1_0.address,c1_0.email,c1_0.cust_name,c1_0.phone from customer c1_0 where c1_0.cust_id=?
Hibernate: select e1_0.emp_id,e1_0.address,e1_0.dob,e1_0.email,e1_0.full_name,e1_0.phone,e1_0.status from employee e1_0 where e1_0.emp_id=?
Hibernate: insert into orders (cust_id,employee_id,order_date,order_id) values (?,?,?,default)
Hibernate: select p1_0.product_id,p1_0.description,p1_0.manufacturer_name,p1_0.name,p1_0.status,p1_0.unit from product p1_0 where p1_0.product_id=?
Hibernate: select o1_0.order_id,o2_0.order_id,c1_0.cust_id,c1_0.address,c1_0.email,c1_0.cust_name,c1_0.phone,o2_0.employee_id,e1_0.emp_id,e1_0.address,e1_0.dob,e1_0.email,e1_0.full_name,e1_0.phone,e1_0.status,o2_0.order_date,o1_0.product_id,p1_0.product_id,p1_0.description,p1_0.manufacturer_name,p1_0.name,p1_0.status,p1_0.unit,p2_0.product_id,p2_0.image_id,p2_0.alternative,p2_0.path,o1_0.note,o1_0.price,o1_0.quantity from order_detail o1_0 join orders o2_0 on o2_0.order_id=o1_0.order_id left join customer c1_0 on c1_0.cust_id=o2_0.cust_id left join employee e1_0 on e1_0.emp_id=o2_0.employee_id join product p1_0 on p1_0.product_id=o1_0.product_id left join product_image p2_0 on p1_0.product_id=p2_0.product_id where (o1_0.order_id,o1_0.product_id) in ((?,?))
Hibernate: select o1_0.order_id,c1_0.cust_id,c1_0.address,c1_0.email,c1_0.cust_name,c1_0.phone,o1_0.employee_id,e1_0.emp_id,e1_0.address,e1_0.dob,e1_0.email,e1_0.full_name,e1_0.phone,e1_0.status,o1_0.order_date,o2_0.order_id,o2_0.product_id,p1_0.product_id,p1_0.description,p1_0.manufacturer_name,p1_0.name,p1_0.status,p1_0.unit,o2_0.note,o2_0.price,o2_0.quantity from orders o1_0 left join customer c1_0 on c1_0.cust_id=o1_0.cust_id join employee e1_0 on e1_0.emp_id=o1_0.employee_id left join order_detail o2_0 on o1_0.order_id=o2_0.order_id left join product p1_0 on p1_0.product_id=o2_0.product_id where o1_0.order_id=?
Hibernate: select l1_0.employee_id,l1_0.order_id,c1_0.cust_id,c1_0.address,c1_0.email,c1_0.cust_name,c1_0.phone,l1_0.order_date from orders l1_0 left join customer c1_0 on c1_0.cust_id=l1_0.cust_id where l1_0.employee_id=?
Hibernate: select p1_0.product_id,p1_0.description,p1_0.manufacturer_name,p1_0.name,p1_0.status,p1_0.unit,o1_0.product_id,o1_0.order_id,o2_0.order_id,c1_0.cust_id,c1_0.address,c1_0.email,c1_0.cust_name,c1_0.phone,o2_0.employee_id,e1_0.emp_id,e1_0.address,e1_0.dob,e1_0.email,e1_0.full_name,e1_0.phone,e1_0.status,o2_0.order_date,o1_0.note,o1_0.price,o1_0.quantity from product p1_0 left join order_detail o1_0 on p1_0.product_id=o1_0.product_id left join orders o2_0 on o2_0.order_id=o1_0.order_id left join customer c1_0 on c1_0.cust_id=o2_0.cust_id left join employee e1_0 on e1_0.emp_id=o2_0.employee_id where p1_0.product_id=?
Hibernate: select o1_0.order_id,o1_0.product_id,p1_0.product_id,p1_0.description,p1_0.manufacturer_name,p1_0.name,p1_0.status,p1_0.unit,o1_0.note,o1_0.price,o1_0.quantity from order_detail o1_0 join product p1_0 on p1_0.product_id=o1_0.product_id where o1_0.order_id=?
Hibernate: select o1_0.order_id,o1_0.product_id,p1_0.product_id,p1_0.description,p1_0.manufacturer_name,p1_0.name,p1_0.status,p1_0.unit,o1_0.note,o1_0.price,o1_0.quantity from order_detail o1_0 join product p1_0 on p1_0.product_id=o1_0.product_id where o1_0.order_id=?
Hibernate: select o1_0.order_id,o1_0.product_id,p1_0.product_id,p1_0.description,p1_0.manufacturer_name,p1_0.name,p1_0.status,p1_0.unit,o1_0.note,o1_0.price,o1_0.quantity from order_detail o1_0 join product p1_0 on p1_0.product_id=o1_0.product_id where o1_0.order_id=?
Hibernate: select o1_0.order_id,o1_0.product_id,p1_0.product_id,p1_0.description,p1_0.manufacturer_name,p1_0.name,p1_0.status,p1_0.unit,o1_0.note,o1_0.price,o1_0.quantity from order_detail o1_0 join product p1_0 on p1_0.product_id=o1_0.product_id where o1_0.order_id=?
Hibernate: select l1_0.employee_id,l1_0.order_id,c1_0.cust_id,c1_0.address,c1_0.email,c1_0.cust_name,c1_0.phone,l1_0.order_date from orders l1_0 left join customer c1_0 on c1_0.cust_id=l1_0.cust_id where l1_0.employee_id=?
Hibernate: select o1_0.order_id,o1_0.product_id,p1_0.product_id,p1_0.description,p1_0.manufacturer_name,p1_0.name,p1_0.status,p1_0.unit,o1_0.note,o1_0.price,o1_0.quantity from order_detail o1_0 join product p1_0 on p1_0.product_id=o1_0.product_id where o1_0.order_id=?
Hibernate: select o1_0.order_id,o1_0.product_id,p1_0.product_id,p1_0.description,p1_0.manufacturer_name,p1_0.name,p1_0.status,p1_0.unit,o1_0.note,o1_0.price,o1_0.quantity from order_detail o1_0 join product p1_0 on p1_0.product_id=o1_0.product_id where o1_0.order_id=?
Hibernate: select o1_0.order_id,o1_0.product_id,p1_0.product_id,p1_0.description,p1_0.manufacturer_name,p1_0.name,p1_0.status,p1_0.unit,o1_0.note,o1_0.price,o1_0.quantity from order_detail o1_0 join product p1_0 on p1_0.product_id=o1_0.product_id where o1_0.order_id=?
Hibernate: select o1_0.order_id,o1_0.product_id,p1_0.product_id,p1_0.description,p1_0.manufacturer_name,p1_0.name,p1_0.status,p1_0.unit,o1_0.note,o1_0.price,o1_0.quantity from order_detail o1_0 join product p1_0 on p1_0.product_id=o1_0.product_id where o1_0.order_id=?
Hibernate: select o1_0.order_id,o1_0.product_id,p1_0.product_id,p1_0.description,p1_0.manufacturer_name,p1_0.name,p1_0.status,p1_0.unit,o1_0.note,o1_0.price,o1_0.quantity from order_detail o1_0 join product p1_0 on p1_0.product_id=o1_0.product_id where o1_0.order_id=?
Hibernate: select l1_0.employee_id,l1_0.order_id,c1_0.cust_id,c1_0.address,c1_0.email,c1_0.cust_name,c1_0.phone,l1_0.order_date from orders l1_0 left join customer c1_0 on c1_0.cust_id=l1_0.cust_id where l1_0.employee_id=?
Hibernate: select o1_0.order_id,o1_0.product_id,p1_0.product_id,p1_0.description,p1_0.manufacturer_name,p1_0.name,p1_0.status,p1_0.unit,o1_0.note,o1_0.price,o1_0.quantity from order_detail o1_0 join product p1_0 on p1_0.product_id=o1_0.product_id where o1_0.order_id=?
Hibernate: select o1_0.order_id,o1_0.product_id,p1_0.product_id,p1_0.description,p1_0.manufacturer_name,p1_0.name,p1_0.status,p1_0.unit,o1_0.note,o1_0.price,o1_0.quantity from order_detail o1_0 join product p1_0 on p1_0.product_id=o1_0.product_id where o1_0.order_id=?
Hibernate: select l1_0.employee_id,l1_0.order_id,c1_0.cust_id,c1_0.address,c1_0.email,c1_0.cust_name,c1_0.phone,l1_0.order_date from orders l1_0 left join customer c1_0 on c1_0.cust_id=l1_0.cust_id where l1_0.employee_id=?
Hibernate: select o1_0.order_id,o1_0.product_id,p1_0.product_id,p1_0.description,p1_0.manufacturer_name,p1_0.name,p1_0.status,p1_0.unit,o1_0.note,o1_0.price,o1_0.quantity from order_detail o1_0 join product p1_0 on p1_0.product_id=o1_0.product_id where o1_0.order_id=?
Hibernate: select l1_0.employee_id,l1_0.order_id,c1_0.cust_id,c1_0.address,c1_0.email,c1_0.cust_name,c1_0.phone,l1_0.order_date from orders l1_0 left join customer c1_0 on c1_0.cust_id=l1_0.cust_id where l1_0.employee_id=?
Hibernate: select p1_0.product_id,p1_0.price_date_time,p1_0.note,p1_0.price from product_price p1_0 where p1_0.product_id=?
Hibernate: select p1_0.product_id,p1_0.image_id,p1_0.alternative,p1_0.path from product_image p1_0 where p1_0.product_id=?
Hibernate: select o1_0.order_id,o1_0.product_id,p1_0.product_id,p1_0.description,p1_0.manufacturer_name,p1_0.name,p1_0.status,p1_0.unit,o1_0.note,o1_0.price,o1_0.quantity from order_detail o1_0 join product p1_0 on p1_0.product_id=o1_0.product_id where o1_0.order_id=?
Hibernate: select l1_0.employee_id,l1_0.order_id,c1_0.cust_id,c1_0.address,c1_0.email,c1_0.cust_name,c1_0.phone,l1_0.order_date from orders l1_0 left join customer c1_0 on c1_0.cust_id=l1_0.cust_id where l1_0.employee_id=?
Hibernate: insert into order_detail (note,price,quantity,order_id,product_id) values (?,?,?,?,?)
Hibernate: select p1_0.product_id,p1_0.description,p1_0.manufacturer_name,p1_0.name,p1_0.status,p1_0.unit from product p1_0 where p1_0.product_id=?
Hibernate: select o1_0.order_id,o2_0.order_id,c1_0.cust_id,c1_0.address,c1_0.email,c1_0.cust_name,c1_0.phone,o2_0.employee_id,e1_0.emp_id,e1_0.address,e1_0.dob,e1_0.email,e1_0.full_name,e1_0.phone,e1_0.status,o2_0.order_date,o1_0.product_id,p1_0.product_id,p1_0.description,p1_0.manufacturer_name,p1_0.name,p1_0.status,p1_0.unit,p2_0.product_id,p2_0.image_id,p2_0.alternative,p2_0.path,o1_0.note,o1_0.price,o1_0.quantity from order_detail o1_0 join orders o2_0 on o2_0.order_id=o1_0.order_id left join customer c1_0 on c1_0.cust_id=o2_0.cust_id left join employee e1_0 on e1_0.emp_id=o2_0.employee_id join product p1_0 on p1_0.product_id=o1_0.product_id left join product_image p2_0 on p1_0.product_id=p2_0.product_id where (o1_0.order_id,o1_0.product_id) in ((?,?))
Hibernate: select o1_0.order_id,c1_0.cust_id,c1_0.address,c1_0.email,c1_0.cust_name,c1_0.phone,o1_0.employee_id,e1_0.emp_id,e1_0.address,e1_0.dob,e1_0.email,e1_0.full_name,e1_0.phone,e1_0.status,o1_0.order_date,o2_0.order_id,o2_0.product_id,p1_0.product_id,p1_0.description,p1_0.manufacturer_name,p1_0.name,p1_0.status,p1_0.unit,o2_0.note,o2_0.price,o2_0.quantity from orders o1_0 left join customer c1_0 on c1_0.cust_id=o1_0.cust_id join employee e1_0 on e1_0.emp_id=o1_0.employee_id left join order_detail o2_0 on o1_0.order_id=o2_0.order_id left join product p1_0 on p1_0.product_id=o2_0.product_id where o1_0.order_id=?
Hibernate: select p1_0.product_id,p1_0.price_date_time,p1_0.note,p1_0.price from product_price p1_0 where p1_0.product_id=?
Hibernate: select p1_0.product_id,p1_0.image_id,p1_0.alternative,p1_0.path from product_image p1_0 where p1_0.product_id=?
Hibernate: select o1_0.product_id,o1_0.order_id,o2_0.order_id,c1_0.cust_id,c1_0.address,c1_0.email,c1_0.cust_name,c1_0.phone,o2_0.employee_id,e1_0.emp_id,e1_0.address,e1_0.dob,e1_0.email,e1_0.full_name,e1_0.phone,e1_0.status,o2_0.order_date,o1_0.note,o1_0.price,o1_0.quantity from order_detail o1_0 join orders o2_0 on o2_0.order_id=o1_0.order_id left join customer c1_0 on c1_0.cust_id=o2_0.cust_id left join employee e1_0 on e1_0.emp_id=o2_0.employee_id where o1_0.product_id=?
Hibernate: select l1_0.employee_id,l1_0.order_id,c1_0.cust_id,c1_0.address,c1_0.email,c1_0.cust_name,c1_0.phone,l1_0.order_date from orders l1_0 left join customer c1_0 on c1_0.cust_id=l1_0.cust_id where l1_0.employee_id=?
Hibernate: select p1_0.product_id,p1_0.description,p1_0.manufacturer_name,p1_0.name,p1_0.status,p1_0.unit,o1_0.product_id,o1_0.order_id,o2_0.order_id,c1_0.cust_id,c1_0.address,c1_0.email,c1_0.cust_name,c1_0.phone,o2_0.employee_id,e1_0.emp_id,e1_0.address,e1_0.dob,e1_0.email,e1_0.full_name,e1_0.phone,e1_0.status,o2_0.order_date,o1_0.note,o1_0.price,o1_0.quantity from product p1_0 left join order_detail o1_0 on p1_0.product_id=o1_0.product_id left join orders o2_0 on o2_0.order_id=o1_0.order_id left join customer c1_0 on c1_0.cust_id=o2_0.cust_id left join employee e1_0 on e1_0.emp_id=o2_0.employee_id where p1_0.product_id=?
Hibernate: select o1_0.order_id,o1_0.product_id,p1_0.product_id,p1_0.description,p1_0.manufacturer_name,p1_0.name,p1_0.status,p1_0.unit,o1_0.note,o1_0.price,o1_0.quantity from order_detail o1_0 join product p1_0 on p1_0.product_id=o1_0.product_id where o1_0.order_id=?
Hibernate: select o1_0.order_id,o1_0.product_id,p1_0.product_id,p1_0.description,p1_0.manufacturer_name,p1_0.name,p1_0.status,p1_0.unit,o1_0.note,o1_0.price,o1_0.quantity from order_detail o1_0 join product p1_0 on p1_0.product_id=o1_0.product_id where o1_0.order_id=?
Hibernate: select o1_0.order_id,o1_0.product_id,p1_0.product_id,p1_0.description,p1_0.manufacturer_name,p1_0.name,p1_0.status,p1_0.unit,o1_0.note,o1_0.price,o1_0.quantity from order_detail o1_0 join product p1_0 on p1_0.product_id=o1_0.product_id where o1_0.order_id=?
Hibernate: select o1_0.order_id,o1_0.product_id,p1_0.product_id,p1_0.description,p1_0.manufacturer_name,p1_0.name,p1_0.status,p1_0.unit,o1_0.note,o1_0.price,o1_0.quantity from order_detail o1_0 join product p1_0 on p1_0.product_id=o1_0.product_id where o1_0.order_id=?
Hibernate: select l1_0.employee_id,l1_0.order_id,c1_0.cust_id,c1_0.address,c1_0.email,c1_0.cust_name,c1_0.phone,l1_0.order_date from orders l1_0 left join customer c1_0 on c1_0.cust_id=l1_0.cust_id where l1_0.employee_id=?
Hibernate: select p1_0.product_id,p1_0.price_date_time,p1_0.note,p1_0.price from product_price p1_0 where p1_0.product_id=?
Hibernate: select p1_0.product_id,p1_0.image_id,p1_0.alternative,p1_0.path from product_image p1_0 where p1_0.product_id=?
Hibernate: select o1_0.order_id,o1_0.product_id,p1_0.product_id,p1_0.description,p1_0.manufacturer_name,p1_0.name,p1_0.status,p1_0.unit,o1_0.note,o1_0.price,o1_0.quantity from order_detail o1_0 join product p1_0 on p1_0.product_id=o1_0.product_id where o1_0.order_id=?
Hibernate: select l1_0.employee_id,l1_0.order_id,c1_0.cust_id,c1_0.address,c1_0.email,c1_0.cust_name,c1_0.phone,l1_0.order_date from orders l1_0 left join customer c1_0 on c1_0.cust_id=l1_0.cust_id where l1_0.employee_id=?
Hibernate: insert into order_detail (note,price,quantity,order_id,product_id) values (?,?,?,?,?)
Hibernate: select p1_0.product_id,p1_0.description,p1_0.manufacturer_name,p1_0.name,p1_0.status,p1_0.unit from product p1_0 where p1_0.product_id=?
Hibernate: select o1_0.order_id,o2_0.order_id,c1_0.cust_id,c1_0.address,c1_0.email,c1_0.cust_name,c1_0.phone,o2_0.employee_id,e1_0.emp_id,e1_0.address,e1_0.dob,e1_0.email,e1_0.full_name,e1_0.phone,e1_0.status,o2_0.order_date,o1_0.product_id,p1_0.product_id,p1_0.description,p1_0.manufacturer_name,p1_0.name,p1_0.status,p1_0.unit,p2_0.product_id,p2_0.image_id,p2_0.alternative,p2_0.path,o1_0.note,o1_0.price,o1_0.quantity from order_detail o1_0 join orders o2_0 on o2_0.order_id=o1_0.order_id left join customer c1_0 on c1_0.cust_id=o2_0.cust_id left join employee e1_0 on e1_0.emp_id=o2_0.employee_id join product p1_0 on p1_0.product_id=o1_0.product_id left join product_image p2_0 on p1_0.product_id=p2_0.product_id where (o1_0.order_id,o1_0.product_id) in ((?,?))
Hibernate: select o1_0.order_id,c1_0.cust_id,c1_0.address,c1_0.email,c1_0.cust_name,c1_0.phone,o1_0.employee_id,e1_0.emp_id,e1_0.address,e1_0.dob,e1_0.email,e1_0.full_name,e1_0.phone,e1_0.status,o1_0.order_date,o2_0.order_id,o2_0.product_id,p1_0.product_id,p1_0.description,p1_0.manufacturer_name,p1_0.name,p1_0.status,p1_0.unit,o2_0.note,o2_0.price,o2_0.quantity from orders o1_0 left join customer c1_0 on c1_0.cust_id=o1_0.cust_id join employee e1_0 on e1_0.emp_id=o1_0.employee_id left join order_detail o2_0 on o1_0.order_id=o2_0.order_id left join product p1_0 on p1_0.product_id=o2_0.product_id where o1_0.order_id=?
Hibernate: select p1_0.product_id,p1_0.price_date_time,p1_0.note,p1_0.price from product_price p1_0 where p1_0.product_id=?
Hibernate: select p1_0.product_id,p1_0.image_id,p1_0.alternative,p1_0.path from product_image p1_0 where p1_0.product_id=?
Hibernate: select o1_0.product_id,o1_0.order_id,o2_0.order_id,c1_0.cust_id,c1_0.address,c1_0.email,c1_0.cust_name,c1_0.phone,o2_0.employee_id,e1_0.emp_id,e1_0.address,e1_0.dob,e1_0.email,e1_0.full_name,e1_0.phone,e1_0.status,o2_0.order_date,o1_0.note,o1_0.price,o1_0.quantity from order_detail o1_0 join orders o2_0 on o2_0.order_id=o1_0.order_id left join customer c1_0 on c1_0.cust_id=o2_0.cust_id left join employee e1_0 on e1_0.emp_id=o2_0.employee_id where o1_0.product_id=?
Hibernate: select p1_0.product_id,p1_0.price_date_time,p1_0.note,p1_0.price from product_price p1_0 where p1_0.product_id=?
Hibernate: select p1_0.product_id,p1_0.image_id,p1_0.alternative,p1_0.path from product_image p1_0 where p1_0.product_id=?
Hibernate: select o1_0.product_id,o1_0.order_id,o2_0.order_id,c1_0.cust_id,c1_0.address,c1_0.email,c1_0.cust_name,c1_0.phone,o2_0.employee_id,e1_0.emp_id,e1_0.address,e1_0.dob,e1_0.email,e1_0.full_name,e1_0.phone,e1_0.status,o2_0.order_date,o1_0.note,o1_0.price,o1_0.quantity from order_detail o1_0 join orders o2_0 on o2_0.order_id=o1_0.order_id left join customer c1_0 on c1_0.cust_id=o2_0.cust_id left join employee e1_0 on e1_0.emp_id=o2_0.employee_id where o1_0.product_id=?
Hibernate: select l1_0.employee_id,l1_0.order_id,c1_0.cust_id,c1_0.address,c1_0.email,c1_0.cust_name,c1_0.phone,l1_0.order_date from orders l1_0 left join customer c1_0 on c1_0.cust_id=l1_0.cust_id where l1_0.employee_id=?
Hibernate: select p1_0.product_id,p1_0.description,p1_0.manufacturer_name,p1_0.name,p1_0.status,p1_0.unit,o1_0.product_id,o1_0.order_id,o2_0.order_id,c1_0.cust_id,c1_0.address,c1_0.email,c1_0.cust_name,c1_0.phone,o2_0.employee_id,e1_0.emp_id,e1_0.address,e1_0.dob,e1_0.email,e1_0.full_name,e1_0.phone,e1_0.status,o2_0.order_date,o1_0.note,o1_0.price,o1_0.quantity from product p1_0 left join order_detail o1_0 on p1_0.product_id=o1_0.product_id left join orders o2_0 on o2_0.order_id=o1_0.order_id left join customer c1_0 on c1_0.cust_id=o2_0.cust_id left join employee e1_0 on e1_0.emp_id=o2_0.employee_id where p1_0.product_id=?
Hibernate: select o1_0.order_id,o1_0.product_id,p1_0.product_id,p1_0.description,p1_0.manufacturer_name,p1_0.name,p1_0.status,p1_0.unit,o1_0.note,o1_0.price,o1_0.quantity from order_detail o1_0 join product p1_0 on p1_0.product_id=o1_0.product_id where o1_0.order_id=?
Hibernate: select o1_0.order_id,o1_0.product_id,p1_0.product_id,p1_0.description,p1_0.manufacturer_name,p1_0.name,p1_0.status,p1_0.unit,o1_0.note,o1_0.price,o1_0.quantity from order_detail o1_0 join product p1_0 on p1_0.product_id=o1_0.product_id where o1_0.order_id=?
Hibernate: select o1_0.order_id,o1_0.product_id,p1_0.product_id,p1_0.description,p1_0.manufacturer_name,p1_0.name,p1_0.status,p1_0.unit,o1_0.note,o1_0.price,o1_0.quantity from order_detail o1_0 join product p1_0 on p1_0.product_id=o1_0.product_id where o1_0.order_id=?
Hibernate: select o1_0.order_id,o1_0.product_id,p1_0.product_id,p1_0.description,p1_0.manufacturer_name,p1_0.name,p1_0.status,p1_0.unit,o1_0.note,o1_0.price,o1_0.quantity from order_detail o1_0 join product p1_0 on p1_0.product_id=o1_0.product_id where o1_0.order_id=?
Hibernate: select o1_0.order_id,o1_0.product_id,p1_0.product_id,p1_0.description,p1_0.manufacturer_name,p1_0.name,p1_0.status,p1_0.unit,o1_0.note,o1_0.price,o1_0.quantity from order_detail o1_0 join product p1_0 on p1_0.product_id=o1_0.product_id where o1_0.order_id=?
Hibernate: select p1_0.product_id,p1_0.price_date_time,p1_0.note,p1_0.price from product_price p1_0 where p1_0.product_id=?
Hibernate: select p1_0.product_id,p1_0.image_id,p1_0.alternative,p1_0.path from product_image p1_0 where p1_0.product_id=?
Hibernate: select o1_0.order_id,o1_0.product_id,p1_0.product_id,p1_0.description,p1_0.manufacturer_name,p1_0.name,p1_0.status,p1_0.unit,o1_0.note,o1_0.price,o1_0.quantity from order_detail o1_0 join product p1_0 on p1_0.product_id=o1_0.product_id where o1_0.order_id=?
Hibernate: insert into order_detail (note,price,quantity,order_id,product_id) values (?,?,?,?,?)
Hibernate: select e1_0.emp_id,e1_0.address,e1_0.dob,e1_0.email,e1_0.full_name,e1_0.phone,e1_0.status from employee e1_0 where e1_0.emp_id=?
Hibernate: select c1_0.cust_id,c1_0.address,c1_0.email,c1_0.cust_name,c1_0.phone from customer c1_0 where c1_0.cust_id=?
Hibernate: select o1_0.order_id,c1_0.cust_id,c1_0.address,c1_0.email,c1_0.cust_name,c1_0.phone,o1_0.employee_id,e1_0.emp_id,e1_0.address,e1_0.dob,e1_0.email,e1_0.full_name,e1_0.phone,e1_0.status,o1_0.order_date,o2_0.order_id,o2_0.product_id,p1_0.product_id,p1_0.description,p1_0.manufacturer_name,p1_0.name,p1_0.status,p1_0.unit,o2_0.note,o2_0.price,o2_0.quantity from orders o1_0 left join customer c1_0 on c1_0.cust_id=o1_0.cust_id join employee e1_0 on e1_0.emp_id=o1_0.employee_id left join order_detail o2_0 on o1_0.order_id=o2_0.order_id left join product p1_0 on p1_0.product_id=o2_0.product_id where o1_0.order_id=?
Hibernate: select c1_0.cust_id,c1_0.address,c1_0.email,c1_0.cust_name,c1_0.phone from customer c1_0 where c1_0.cust_id=?
Hibernate: select e1_0.emp_id,e1_0.address,e1_0.dob,e1_0.email,e1_0.full_name,e1_0.phone,e1_0.status from employee e1_0 where e1_0.emp_id=?
Hibernate: insert into orders (cust_id,employee_id,order_date,order_id) values (?,?,?,default)
Hibernate: select p1_0.product_id,p1_0.description,p1_0.manufacturer_name,p1_0.name,p1_0.status,p1_0.unit from product p1_0 where p1_0.product_id=?
Hibernate: select o1_0.order_id,o2_0.order_id,c1_0.cust_id,c1_0.address,c1_0.email,c1_0.cust_name,c1_0.phone,o2_0.employee_id,e1_0.emp_id,e1_0.address,e1_0.dob,e1_0.email,e1_0.full_name,e1_0.phone,e1_0.status,o2_0.order_date,o1_0.product_id,p1_0.product_id,p1_0.description,p1_0.manufacturer_name,p1_0.name,p1_0.status,p1_0.unit,p2_0.product_id,p2_0.image_id,p2_0.alternative,p2_0.path,o1_0.note,o1_0.price,o1_0.quantity from order_detail o1_0 join orders o2_0 on o2_0.order_id=o1_0.order_id left join customer c1_0 on c1_0.cust_id=o2_0.cust_id left join employee e1_0 on e1_0.emp_id=o2_0.employee_id join product p1_0 on p1_0.product_id=o1_0.product_id left join product_image p2_0 on p1_0.product_id=p2_0.product_id where (o1_0.order_id,o1_0.product_id) in ((?,?))
Hibernate: select o1_0.order_id,c1_0.cust_id,c1_0.address,c1_0.email,c1_0.cust_name,c1_0.phone,o1_0.employee_id,e1_0.emp_id,e1_0.address,e1_0.dob,e1_0.email,e1_0.full_name,e1_0.phone,e1_0.status,o1_0.order_date,o2_0.order_id,o2_0.product_id,p1_0.product_id,p1_0.description,p1_0.manufacturer_name,p1_0.name,p1_0.status,p1_0.unit,o2_0.note,o2_0.price,o2_0.quantity from orders o1_0 left join customer c1_0 on c1_0.cust_id=o1_0.cust_id join employee e1_0 on e1_0.emp_id=o1_0.employee_id left join order_detail o2_0 on o1_0.order_id=o2_0.order_id left join product p1_0 on p1_0.product_id=o2_0.product_id where o1_0.order_id=?
Hibernate: select l1_0.employee_id,l1_0.order_id,c1_0.cust_id,c1_0.address,c1_0.email,c1_0.cust_name,c1_0.phone,l1_0.order_date from orders l1_0 left join customer c1_0 on c1_0.cust_id=l1_0.cust_id where l1_0.employee_id=?
Hibernate: select p1_0.product_id,p1_0.description,p1_0.manufacturer_name,p1_0.name,p1_0.status,p1_0.unit,o1_0.product_id,o1_0.order_id,o2_0.order_id,c1_0.cust_id,c1_0.address,c1_0.email,c1_0.cust_name,c1_0.phone,o2_0.employee_id,e1_0.emp_id,e1_0.address,e1_0.dob,e1_0.email,e1_0.full_name,e1_0.phone,e1_0.status,o2_0.order_date,o1_0.note,o1_0.price,o1_0.quantity from product p1_0 left join order_detail o1_0 on p1_0.product_id=o1_0.product_id left join orders o2_0 on o2_0.order_id=o1_0.order_id left join customer c1_0 on c1_0.cust_id=o2_0.cust_id left join employee e1_0 on e1_0.emp_id=o2_0.employee_id where p1_0.product_id=?
Hibernate: select o1_0.order_id,o1_0.product_id,p1_0.product_id,p1_0.description,p1_0.manufacturer_name,p1_0.name,p1_0.status,p1_0.unit,o1_0.note,o1_0.price,o1_0.quantity from order_detail o1_0 join product p1_0 on p1_0.product_id=o1_0.product_id where o1_0.order_id=?
Hibernate: select l1_0.employee_id,l1_0.order_id,c1_0.cust_id,c1_0.address,c1_0.email,c1_0.cust_name,c1_0.phone,l1_0.order_date from orders l1_0 left join customer c1_0 on c1_0.cust_id=l1_0.cust_id where l1_0.employee_id=?
Hibernate: select o1_0.order_id,o1_0.product_id,p1_0.product_id,p1_0.description,p1_0.manufacturer_name,p1_0.name,p1_0.status,p1_0.unit,o1_0.note,o1_0.price,o1_0.quantity from order_detail o1_0 join product p1_0 on p1_0.product_id=o1_0.product_id where o1_0.order_id=?
Hibernate: select l1_0.employee_id,l1_0.order_id,c1_0.cust_id,c1_0.address,c1_0.email,c1_0.cust_name,c1_0.phone,l1_0.order_date from orders l1_0 left join customer c1_0 on c1_0.cust_id=l1_0.cust_id where l1_0.employee_id=?
Hibernate: select o1_0.order_id,o1_0.product_id,p1_0.product_id,p1_0.description,p1_0.manufacturer_name,p1_0.name,p1_0.status,p1_0.unit,o1_0.note,o1_0.price,o1_0.quantity from order_detail o1_0 join product p1_0 on p1_0.product_id=o1_0.product_id where o1_0.order_id=?
Hibernate: select l1_0.employee_id,l1_0.order_id,c1_0.cust_id,c1_0.address,c1_0.email,c1_0.cust_name,c1_0.phone,l1_0.order_date from orders l1_0 left join customer c1_0 on c1_0.cust_id=l1_0.cust_id where l1_0.employee_id=?
Hibernate: select o1_0.order_id,o1_0.product_id,p1_0.product_id,p1_0.description,p1_0.manufacturer_name,p1_0.name,p1_0.status,p1_0.unit,o1_0.note,o1_0.price,o1_0.quantity from order_detail o1_0 join product p1_0 on p1_0.product_id=o1_0.product_id where o1_0.order_id=?
Hibernate: select l1_0.employee_id,l1_0.order_id,c1_0.cust_id,c1_0.address,c1_0.email,c1_0.cust_name,c1_0.phone,l1_0.order_date from orders l1_0 left join customer c1_0 on c1_0.cust_id=l1_0.cust_id where l1_0.employee_id=?
Hibernate: select o1_0.order_id,o1_0.product_id,p1_0.product_id,p1_0.description,p1_0.manufacturer_name,p1_0.name,p1_0.status,p1_0.unit,o1_0.note,o1_0.price,o1_0.quantity from order_detail o1_0 join product p1_0 on p1_0.product_id=o1_0.product_id where o1_0.order_id=?
Hibernate: select l1_0.employee_id,l1_0.order_id,c1_0.cust_id,c1_0.address,c1_0.email,c1_0.cust_name,c1_0.phone,l1_0.order_date from orders l1_0 left join customer c1_0 on c1_0.cust_id=l1_0.cust_id where l1_0.employee_id=?
Hibernate: select o1_0.order_id,o1_0.product_id,p1_0.product_id,p1_0.description,p1_0.manufacturer_name,p1_0.name,p1_0.status,p1_0.unit,o1_0.note,o1_0.price,o1_0.quantity from order_detail o1_0 join product p1_0 on p1_0.product_id=o1_0.product_id where o1_0.order_id=?
Hibernate: select o1_0.order_id,o1_0.product_id,p1_0.product_id,p1_0.description,p1_0.manufacturer_name,p1_0.name,p1_0.status,p1_0.unit,o1_0.note,o1_0.price,o1_0.quantity from order_detail o1_0 join product p1_0 on p1_0.product_id=o1_0.product_id where o1_0.order_id=?
Hibernate: select p1_0.product_id,p1_0.price_date_time,p1_0.note,p1_0.price from product_price p1_0 where p1_0.product_id=?
Hibernate: select p1_0.product_id,p1_0.image_id,p1_0.alternative,p1_0.path from product_image p1_0 where p1_0.product_id=?
Hibernate: select o1_0.order_id,o1_0.product_id,p1_0.product_id,p1_0.description,p1_0.manufacturer_name,p1_0.name,p1_0.status,p1_0.unit,o1_0.note,o1_0.price,o1_0.quantity from order_detail o1_0 join product p1_0 on p1_0.product_id=o1_0.product_id where o1_0.order_id=?
Hibernate: select l1_0.employee_id,l1_0.order_id,c1_0.cust_id,c1_0.address,c1_0.email,c1_0.cust_name,c1_0.phone,l1_0.order_date from orders l1_0 left join customer c1_0 on c1_0.cust_id=l1_0.cust_id where l1_0.employee_id=?
Hibernate: insert into order_detail (note,price,quantity,order_id,product_id) values (?,?,?,?,?)
Hibernate: select p1_0.product_id,p1_0.description,p1_0.manufacturer_name,p1_0.name,p1_0.status,p1_0.unit from product p1_0 where p1_0.product_id=?
Hibernate: select o1_0.order_id,o2_0.order_id,c1_0.cust_id,c1_0.address,c1_0.email,c1_0.cust_name,c1_0.phone,o2_0.employee_id,e1_0.emp_id,e1_0.address,e1_0.dob,e1_0.email,e1_0.full_name,e1_0.phone,e1_0.status,o2_0.order_date,o1_0.product_id,p1_0.product_id,p1_0.description,p1_0.manufacturer_name,p1_0.name,p1_0.status,p1_0.unit,p2_0.product_id,p2_0.image_id,p2_0.alternative,p2_0.path,o1_0.note,o1_0.price,o1_0.quantity from order_detail o1_0 join orders o2_0 on o2_0.order_id=o1_0.order_id left join customer c1_0 on c1_0.cust_id=o2_0.cust_id left join employee e1_0 on e1_0.emp_id=o2_0.employee_id join product p1_0 on p1_0.product_id=o1_0.product_id left join product_image p2_0 on p1_0.product_id=p2_0.product_id where (o1_0.order_id,o1_0.product_id) in ((?,?))
Hibernate: select o1_0.order_id,c1_0.cust_id,c1_0.address,c1_0.email,c1_0.cust_name,c1_0.phone,o1_0.employee_id,e1_0.emp_id,e1_0.address,e1_0.dob,e1_0.email,e1_0.full_name,e1_0.phone,e1_0.status,o1_0.order_date,o2_0.order_id,o2_0.product_id,p1_0.product_id,p1_0.description,p1_0.manufacturer_name,p1_0.name,p1_0.status,p1_0.unit,o2_0.note,o2_0.price,o2_0.quantity from orders o1_0 left join customer c1_0 on c1_0.cust_id=o1_0.cust_id join employee e1_0 on e1_0.emp_id=o1_0.employee_id left join order_detail o2_0 on o1_0.order_id=o2_0.order_id left join product p1_0 on p1_0.product_id=o2_0.product_id where o1_0.order_id=?
Hibernate: select p1_0.product_id,p1_0.price_date_time,p1_0.note,p1_0.price from product_price p1_0 where p1_0.product_id=?
Hibernate: select p1_0.product_id,p1_0.image_id,p1_0.alternative,p1_0.path from product_image p1_0 where p1_0.product_id=?
Hibernate: select o1_0.product_id,o1_0.order_id,o2_0.order_id,c1_0.cust_id,c1_0.address,c1_0.email,c1_0.cust_name,c1_0.phone,o2_0.employee_id,e1_0.emp_id,e1_0.address,e1_0.dob,e1_0.email,e1_0.full_name,e1_0.phone,e1_0.status,o2_0.order_date,o1_0.note,o1_0.price,o1_0.quantity from order_detail o1_0 join orders o2_0 on o2_0.order_id=o1_0.order_id left join customer c1_0 on c1_0.cust_id=o2_0.cust_id left join employee e1_0 on e1_0.emp_id=o2_0.employee_id where o1_0.product_id=?
Hibernate: select l1_0.employee_id,l1_0.order_id,c1_0.cust_id,c1_0.address,c1_0.email,c1_0.cust_name,c1_0.phone,l1_0.order_date from orders l1_0 left join customer c1_0 on c1_0.cust_id=l1_0.cust_id where l1_0.employee_id=?
Hibernate: select p1_0.product_id,p1_0.description,p1_0.manufacturer_name,p1_0.name,p1_0.status,p1_0.unit,o1_0.product_id,o1_0.order_id,o2_0.order_id,c1_0.cust_id,c1_0.address,c1_0.email,c1_0.cust_name,c1_0.phone,o2_0.employee_id,e1_0.emp_id,e1_0.address,e1_0.dob,e1_0.email,e1_0.full_name,e1_0.phone,e1_0.status,o2_0.order_date,o1_0.note,o1_0.price,o1_0.quantity from product p1_0 left join order_detail o1_0 on p1_0.product_id=o1_0.product_id left join orders o2_0 on o2_0.order_id=o1_0.order_id left join customer c1_0 on c1_0.cust_id=o2_0.cust_id left join employee e1_0 on e1_0.emp_id=o2_0.employee_id where p1_0.product_id=?
Hibernate: select o1_0.order_id,o1_0.product_id,p1_0.product_id,p1_0.description,p1_0.manufacturer_name,p1_0.name,p1_0.status,p1_0.unit,o1_0.note,o1_0.price,o1_0.quantity from order_detail o1_0 join product p1_0 on p1_0.product_id=o1_0.product_id where o1_0.order_id=?
Hibernate: select o1_0.order_id,o1_0.product_id,p1_0.product_id,p1_0.description,p1_0.manufacturer_name,p1_0.name,p1_0.status,p1_0.unit,o1_0.note,o1_0.price,o1_0.quantity from order_detail o1_0 join product p1_0 on p1_0.product_id=o1_0.product_id where o1_0.order_id=?
Hibernate: select o1_0.order_id,o1_0.product_id,p1_0.product_id,p1_0.description,p1_0.manufacturer_name,p1_0.name,p1_0.status,p1_0.unit,o1_0.note,o1_0.price,o1_0.quantity from order_detail o1_0 join product p1_0 on p1_0.product_id=o1_0.product_id where o1_0.order_id=?
Hibernate: select o1_0.order_id,o1_0.product_id,p1_0.product_id,p1_0.description,p1_0.manufacturer_name,p1_0.name,p1_0.status,p1_0.unit,o1_0.note,o1_0.price,o1_0.quantity from order_detail o1_0 join product p1_0 on p1_0.product_id=o1_0.product_id where o1_0.order_id=?
Hibernate: select o1_0.order_id,o1_0.product_id,p1_0.product_id,p1_0.description,p1_0.manufacturer_name,p1_0.name,p1_0.status,p1_0.unit,o1_0.note,o1_0.price,o1_0.quantity from order_detail o1_0 join product p1_0 on p1_0.product_id=o1_0.product_id where o1_0.order_id=?
Hibernate: select o1_0.order_id,o1_0.product_id,p1_0.product_id,p1_0.description,p1_0.manufacturer_name,p1_0.name,p1_0.status,p1_0.unit,o1_0.note,o1_0.price,o1_0.quantity from order_detail o1_0 join product p1_0 on p1_0.product_id=o1_0.product_id where o1_0.order_id=?
Hibernate: select l1_0.employee_id,l1_0.order_id,c1_0.cust_id,c1_0.address,c1_0.email,c1_0.cust_name,c1_0.phone,l1_0.order_date from orders l1_0 left join customer c1_0 on c1_0.cust_id=l1_0.cust_id where l1_0.employee_id=?
Hibernate: select p1_0.product_id,p1_0.price_date_time,p1_0.note,p1_0.price from product_price p1_0 where p1_0.product_id=?
Hibernate: select p1_0.product_id,p1_0.image_id,p1_0.alternative,p1_0.path from product_image p1_0 where p1_0.product_id=?
Hibernate: select o1_0.order_id,o1_0.product_id,p1_0.product_id,p1_0.description,p1_0.manufacturer_name,p1_0.name,p1_0.status,p1_0.unit,o1_0.note,o1_0.price,o1_0.quantity from order_detail o1_0 join product p1_0 on p1_0.product_id=o1_0.product_id where o1_0.order_id=?
Hibernate: insert into order_detail (note,price,quantity,order_id,product_id) values (?,?,?,?,?)
Hibernate: select p1_0.product_id,p1_0.description,p1_0.manufacturer_name,p1_0.name,p1_0.status,p1_0.unit from product p1_0 where p1_0.product_id=?
Hibernate: select o1_0.order_id,o2_0.order_id,c1_0.cust_id,c1_0.address,c1_0.email,c1_0.cust_name,c1_0.phone,o2_0.employee_id,e1_0.emp_id,e1_0.address,e1_0.dob,e1_0.email,e1_0.full_name,e1_0.phone,e1_0.status,o2_0.order_date,o1_0.product_id,p1_0.product_id,p1_0.description,p1_0.manufacturer_name,p1_0.name,p1_0.status,p1_0.unit,p2_0.product_id,p2_0.image_id,p2_0.alternative,p2_0.path,o1_0.note,o1_0.price,o1_0.quantity from order_detail o1_0 join orders o2_0 on o2_0.order_id=o1_0.order_id left join customer c1_0 on c1_0.cust_id=o2_0.cust_id left join employee e1_0 on e1_0.emp_id=o2_0.employee_id join product p1_0 on p1_0.product_id=o1_0.product_id left join product_image p2_0 on p1_0.product_id=p2_0.product_id where (o1_0.order_id,o1_0.product_id) in ((?,?))
Hibernate: select o1_0.order_id,c1_0.cust_id,c1_0.address,c1_0.email,c1_0.cust_name,c1_0.phone,o1_0.employee_id,e1_0.emp_id,e1_0.address,e1_0.dob,e1_0.email,e1_0.full_name,e1_0.phone,e1_0.status,o1_0.order_date,o2_0.order_id,o2_0.product_id,p1_0.product_id,p1_0.description,p1_0.manufacturer_name,p1_0.name,p1_0.status,p1_0.unit,o2_0.note,o2_0.price,o2_0.quantity from orders o1_0 left join customer c1_0 on c1_0.cust_id=o1_0.cust_id join employee e1_0 on e1_0.emp_id=o1_0.employee_id left join order_detail o2_0 on o1_0.order_id=o2_0.order_id left join product p1_0 on p1_0.product_id=o2_0.product_id where o1_0.order_id=?
Hibernate: select p1_0.product_id,p1_0.price_date_time,p1_0.note,p1_0.price from product_price p1_0 where p1_0.product_id=?
Hibernate: select p1_0.product_id,p1_0.image_id,p1_0.alternative,p1_0.path from product_image p1_0 where p1_0.product_id=?
Hibernate: select o1_0.product_id,o1_0.order_id,o2_0.order_id,c1_0.cust_id,c1_0.address,c1_0.email,c1_0.cust_name,c1_0.phone,o2_0.employee_id,e1_0.emp_id,e1_0.address,e1_0.dob,e1_0.email,e1_0.full_name,e1_0.phone,e1_0.status,o2_0.order_date,o1_0.note,o1_0.price,o1_0.quantity from order_detail o1_0 join orders o2_0 on o2_0.order_id=o1_0.order_id left join customer c1_0 on c1_0.cust_id=o2_0.cust_id left join employee e1_0 on e1_0.emp_id=o2_0.employee_id where o1_0.product_id=?
Hibernate: select p1_0.product_id,p1_0.price_date_time,p1_0.note,p1_0.price from product_price p1_0 where p1_0.product_id=?
Hibernate: select p1_0.product_id,p1_0.image_id,p1_0.alternative,p1_0.path from product_image p1_0 where p1_0.product_id=?
Hibernate: select o1_0.product_id,o1_0.order_id,o2_0.order_id,c1_0.cust_id,c1_0.address,c1_0.email,c1_0.cust_name,c1_0.phone,o2_0.employee_id,e1_0.emp_id,e1_0.address,e1_0.dob,e1_0.email,e1_0.full_name,e1_0.phone,e1_0.status,o2_0.order_date,o1_0.note,o1_0.price,o1_0.quantity from order_detail o1_0 join orders o2_0 on o2_0.order_id=o1_0.order_id left join customer c1_0 on c1_0.cust_id=o2_0.cust_id left join employee e1_0 on e1_0.emp_id=o2_0.employee_id where o1_0.product_id=?
Hibernate: select l1_0.employee_id,l1_0.order_id,c1_0.cust_id,c1_0.address,c1_0.email,c1_0.cust_name,c1_0.phone,l1_0.order_date from orders l1_0 left join customer c1_0 on c1_0.cust_id=l1_0.cust_id where l1_0.employee_id=?
Hibernate: select p1_0.product_id,p1_0.description,p1_0.manufacturer_name,p1_0.name,p1_0.status,p1_0.unit,o1_0.product_id,o1_0.order_id,o2_0.order_id,c1_0.cust_id,c1_0.address,c1_0.email,c1_0.cust_name,c1_0.phone,o2_0.employee_id,e1_0.emp_id,e1_0.address,e1_0.dob,e1_0.email,e1_0.full_name,e1_0.phone,e1_0.status,o2_0.order_date,o1_0.note,o1_0.price,o1_0.quantity from product p1_0 left join order_detail o1_0 on p1_0.product_id=o1_0.product_id left join orders o2_0 on o2_0.order_id=o1_0.order_id left join customer c1_0 on c1_0.cust_id=o2_0.cust_id left join employee e1_0 on e1_0.emp_id=o2_0.employee_id where p1_0.product_id=?
Hibernate: select o1_0.order_id,o1_0.product_id,p1_0.product_id,p1_0.description,p1_0.manufacturer_name,p1_0.name,p1_0.status,p1_0.unit,o1_0.note,o1_0.price,o1_0.quantity from order_detail o1_0 join product p1_0 on p1_0.product_id=o1_0.product_id where o1_0.order_id=?
Hibernate: select o1_0.order_id,o1_0.product_id,p1_0.product_id,p1_0.description,p1_0.manufacturer_name,p1_0.name,p1_0.status,p1_0.unit,o1_0.note,o1_0.price,o1_0.quantity from order_detail o1_0 join product p1_0 on p1_0.product_id=o1_0.product_id where o1_0.order_id=?
Hibernate: select l1_0.employee_id,l1_0.order_id,c1_0.cust_id,c1_0.address,c1_0.email,c1_0.cust_name,c1_0.phone,l1_0.order_date from orders l1_0 left join customer c1_0 on c1_0.cust_id=l1_0.cust_id where l1_0.employee_id=?
Hibernate: select o1_0.order_id,o1_0.product_id,p1_0.product_id,p1_0.description,p1_0.manufacturer_name,p1_0.name,p1_0.status,p1_0.unit,o1_0.note,o1_0.price,o1_0.quantity from order_detail o1_0 join product p1_0 on p1_0.product_id=o1_0.product_id where o1_0.order_id=?
Hibernate: select o1_0.order_id,o1_0.product_id,p1_0.product_id,p1_0.description,p1_0.manufacturer_name,p1_0.name,p1_0.status,p1_0.unit,o1_0.note,o1_0.price,o1_0.quantity from order_detail o1_0 join product p1_0 on p1_0.product_id=o1_0.product_id where o1_0.order_id=?
Hibernate: select o1_0.order_id,o1_0.product_id,p1_0.product_id,p1_0.description,p1_0.manufacturer_name,p1_0.name,p1_0.status,p1_0.unit,o1_0.note,o1_0.price,o1_0.quantity from order_detail o1_0 join product p1_0 on p1_0.product_id=o1_0.product_id where o1_0.order_id=?
Hibernate: select p1_0.product_id,p1_0.price_date_time,p1_0.note,p1_0.price from product_price p1_0 where p1_0.product_id=?
Hibernate: select p1_0.product_id,p1_0.image_id,p1_0.alternative,p1_0.path from product_image p1_0 where p1_0.product_id=?
Hibernate: select o1_0.order_id,o1_0.product_id,p1_0.product_id,p1_0.description,p1_0.manufacturer_name,p1_0.name,p1_0.status,p1_0.unit,o1_0.note,o1_0.price,o1_0.quantity from order_detail o1_0 join product p1_0 on p1_0.product_id=o1_0.product_id where o1_0.order_id=?
Hibernate: insert into order_detail (note,price,quantity,order_id,product_id) values (?,?,?,?,?)
Hibernate: select e1_0.emp_id,e1_0.address,e1_0.dob,e1_0.email,e1_0.full_name,e1_0.phone,e1_0.status from employee e1_0 where e1_0.emp_id=?
Hibernate: select c1_0.cust_id,c1_0.address,c1_0.email,c1_0.cust_name,c1_0.phone from customer c1_0 where c1_0.cust_id=?
Hibernate: select o1_0.order_id,c1_0.cust_id,c1_0.address,c1_0.email,c1_0.cust_name,c1_0.phone,o1_0.employee_id,e1_0.emp_id,e1_0.address,e1_0.dob,e1_0.email,e1_0.full_name,e1_0.phone,e1_0.status,o1_0.order_date,o2_0.order_id,o2_0.product_id,p1_0.product_id,p1_0.description,p1_0.manufacturer_name,p1_0.name,p1_0.status,p1_0.unit,o2_0.note,o2_0.price,o2_0.quantity from orders o1_0 left join customer c1_0 on c1_0.cust_id=o1_0.cust_id join employee e1_0 on e1_0.emp_id=o1_0.employee_id left join order_detail o2_0 on o1_0.order_id=o2_0.order_id left join product p1_0 on p1_0.product_id=o2_0.product_id where o1_0.order_id=?
Hibernate: select c1_0.cust_id,c1_0.address,c1_0.email,c1_0.cust_name,c1_0.phone from customer c1_0 where c1_0.cust_id=?
Hibernate: select e1_0.emp_id,e1_0.address,e1_0.dob,e1_0.email,e1_0.full_name,e1_0.phone,e1_0.status from employee e1_0 where e1_0.emp_id=?
Hibernate: insert into orders (cust_id,employee_id,order_date,order_id) values (?,?,?,default)
Hibernate: select p1_0.product_id,p1_0.description,p1_0.manufacturer_name,p1_0.name,p1_0.status,p1_0.unit from product p1_0 where p1_0.product_id=?
Hibernate: select o1_0.order_id,o2_0.order_id,c1_0.cust_id,c1_0.address,c1_0.email,c1_0.cust_name,c1_0.phone,o2_0.employee_id,e1_0.emp_id,e1_0.address,e1_0.dob,e1_0.email,e1_0.full_name,e1_0.phone,e1_0.status,o2_0.order_date,o1_0.product_id,p1_0.product_id,p1_0.description,p1_0.manufacturer_name,p1_0.name,p1_0.status,p1_0.unit,p2_0.product_id,p2_0.image_id,p2_0.alternative,p2_0.path,o1_0.note,o1_0.price,o1_0.quantity from order_detail o1_0 join orders o2_0 on o2_0.order_id=o1_0.order_id left join customer c1_0 on c1_0.cust_id=o2_0.cust_id left join employee e1_0 on e1_0.emp_id=o2_0.employee_id join product p1_0 on p1_0.product_id=o1_0.product_id left join product_image p2_0 on p1_0.product_id=p2_0.product_id where (o1_0.order_id,o1_0.product_id) in ((?,?))
Hibernate: select o1_0.order_id,c1_0.cust_id,c1_0.address,c1_0.email,c1_0.cust_name,c1_0.phone,o1_0.employee_id,e1_0.emp_id,e1_0.address,e1_0.dob,e1_0.email,e1_0.full_name,e1_0.phone,e1_0.status,o1_0.order_date,o2_0.order_id,o2_0.product_id,p1_0.product_id,p1_0.description,p1_0.manufacturer_name,p1_0.name,p1_0.status,p1_0.unit,o2_0.note,o2_0.price,o2_0.quantity from orders o1_0 left join customer c1_0 on c1_0.cust_id=o1_0.cust_id join employee e1_0 on e1_0.emp_id=o1_0.employee_id left join order_detail o2_0 on o1_0.order_id=o2_0.order_id left join product p1_0 on p1_0.product_id=o2_0.product_id where o1_0.order_id=?
Hibernate: select l1_0.employee_id,l1_0.order_id,c1_0.cust_id,c1_0.address,c1_0.email,c1_0.cust_name,c1_0.phone,l1_0.order_date from orders l1_0 left join customer c1_0 on c1_0.cust_id=l1_0.cust_id where l1_0.employee_id=?
Hibernate: select p1_0.product_id,p1_0.description,p1_0.manufacturer_name,p1_0.name,p1_0.status,p1_0.unit,o1_0.product_id,o1_0.order_id,o2_0.order_id,c1_0.cust_id,c1_0.address,c1_0.email,c1_0.cust_name,c1_0.phone,o2_0.employee_id,e1_0.emp_id,e1_0.address,e1_0.dob,e1_0.email,e1_0.full_name,e1_0.phone,e1_0.status,o2_0.order_date,o1_0.note,o1_0.price,o1_0.quantity from product p1_0 left join order_detail o1_0 on p1_0.product_id=o1_0.product_id left join orders o2_0 on o2_0.order_id=o1_0.order_id left join customer c1_0 on c1_0.cust_id=o2_0.cust_id left join employee e1_0 on e1_0.emp_id=o2_0.employee_id where p1_0.product_id=?
Hibernate: select o1_0.order_id,o1_0.product_id,p1_0.product_id,p1_0.description,p1_0.manufacturer_name,p1_0.name,p1_0.status,p1_0.unit,o1_0.note,o1_0.price,o1_0.quantity from order_detail o1_0 join product p1_0 on p1_0.product_id=o1_0.product_id where o1_0.order_id=?
Hibernate: select l1_0.employee_id,l1_0.order_id,c1_0.cust_id,c1_0.address,c1_0.email,c1_0.cust_name,c1_0.phone,l1_0.order_date from orders l1_0 left join customer c1_0 on c1_0.cust_id=l1_0.cust_id where l1_0.employee_id=?
Hibernate: select o1_0.order_id,o1_0.product_id,p1_0.product_id,p1_0.description,p1_0.manufacturer_name,p1_0.name,p1_0.status,p1_0.unit,o1_0.note,o1_0.price,o1_0.quantity from order_detail o1_0 join product p1_0 on p1_0.product_id=o1_0.product_id where o1_0.order_id=?
Hibernate: select o1_0.order_id,o1_0.product_id,p1_0.product_id,p1_0.description,p1_0.manufacturer_name,p1_0.name,p1_0.status,p1_0.unit,o1_0.note,o1_0.price,o1_0.quantity from order_detail o1_0 join product p1_0 on p1_0.product_id=o1_0.product_id where o1_0.order_id=?
Hibernate: select o1_0.order_id,o1_0.product_id,p1_0.product_id,p1_0.description,p1_0.manufacturer_name,p1_0.name,p1_0.status,p1_0.unit,o1_0.note,o1_0.price,o1_0.quantity from order_detail o1_0 join product p1_0 on p1_0.product_id=o1_0.product_id where o1_0.order_id=?
Hibernate: select l1_0.employee_id,l1_0.order_id,c1_0.cust_id,c1_0.address,c1_0.email,c1_0.cust_name,c1_0.phone,l1_0.order_date from orders l1_0 left join customer c1_0 on c1_0.cust_id=l1_0.cust_id where l1_0.employee_id=?
Hibernate: select p1_0.product_id,p1_0.price_date_time,p1_0.note,p1_0.price from product_price p1_0 where p1_0.product_id=?
Hibernate: select p1_0.product_id,p1_0.image_id,p1_0.alternative,p1_0.path from product_image p1_0 where p1_0.product_id=?
Hibernate: select o1_0.order_id,o1_0.product_id,p1_0.product_id,p1_0.description,p1_0.manufacturer_name,p1_0.name,p1_0.status,p1_0.unit,o1_0.note,o1_0.price,o1_0.quantity from order_detail o1_0 join product p1_0 on p1_0.product_id=o1_0.product_id where o1_0.order_id=?
Hibernate: select l1_0.employee_id,l1_0.order_id,c1_0.cust_id,c1_0.address,c1_0.email,c1_0.cust_name,c1_0.phone,l1_0.order_date from orders l1_0 left join customer c1_0 on c1_0.cust_id=l1_0.cust_id where l1_0.employee_id=?
Hibernate: insert into order_detail (note,price,quantity,order_id,product_id) values (?,?,?,?,?)
Hibernate: select p1_0.product_id,p1_0.description,p1_0.manufacturer_name,p1_0.name,p1_0.status,p1_0.unit from product p1_0 where p1_0.product_id=?
Hibernate: select o1_0.order_id,o2_0.order_id,c1_0.cust_id,c1_0.address,c1_0.email,c1_0.cust_name,c1_0.phone,o2_0.employee_id,e1_0.emp_id,e1_0.address,e1_0.dob,e1_0.email,e1_0.full_name,e1_0.phone,e1_0.status,o2_0.order_date,o1_0.product_id,p1_0.product_id,p1_0.description,p1_0.manufacturer_name,p1_0.name,p1_0.status,p1_0.unit,p2_0.product_id,p2_0.image_id,p2_0.alternative,p2_0.path,o1_0.note,o1_0.price,o1_0.quantity from order_detail o1_0 join orders o2_0 on o2_0.order_id=o1_0.order_id left join customer c1_0 on c1_0.cust_id=o2_0.cust_id left join employee e1_0 on e1_0.emp_id=o2_0.employee_id join product p1_0 on p1_0.product_id=o1_0.product_id left join product_image p2_0 on p1_0.product_id=p2_0.product_id where (o1_0.order_id,o1_0.product_id) in ((?,?))
Hibernate: select o1_0.order_id,c1_0.cust_id,c1_0.address,c1_0.email,c1_0.cust_name,c1_0.phone,o1_0.employee_id,e1_0.emp_id,e1_0.address,e1_0.dob,e1_0.email,e1_0.full_name,e1_0.phone,e1_0.status,o1_0.order_date,o2_0.order_id,o2_0.product_id,p1_0.product_id,p1_0.description,p1_0.manufacturer_name,p1_0.name,p1_0.status,p1_0.unit,o2_0.note,o2_0.price,o2_0.quantity from orders o1_0 left join customer c1_0 on c1_0.cust_id=o1_0.cust_id join employee e1_0 on e1_0.emp_id=o1_0.employee_id left join order_detail o2_0 on o1_0.order_id=o2_0.order_id left join product p1_0 on p1_0.product_id=o2_0.product_id where o1_0.order_id=?
Hibernate: select p1_0.product_id,p1_0.price_date_time,p1_0.note,p1_0.price from product_price p1_0 where p1_0.product_id=?
Hibernate: select p1_0.product_id,p1_0.image_id,p1_0.alternative,p1_0.path from product_image p1_0 where p1_0.product_id=?
Hibernate: select o1_0.product_id,o1_0.order_id,o2_0.order_id,c1_0.cust_id,c1_0.address,c1_0.email,c1_0.cust_name,c1_0.phone,o2_0.employee_id,e1_0.emp_id,e1_0.address,e1_0.dob,e1_0.email,e1_0.full_name,e1_0.phone,e1_0.status,o2_0.order_date,o1_0.note,o1_0.price,o1_0.quantity from order_detail o1_0 join orders o2_0 on o2_0.order_id=o1_0.order_id left join customer c1_0 on c1_0.cust_id=o2_0.cust_id left join employee e1_0 on e1_0.emp_id=o2_0.employee_id where o1_0.product_id=?
Hibernate: select l1_0.employee_id,l1_0.order_id,c1_0.cust_id,c1_0.address,c1_0.email,c1_0.cust_name,c1_0.phone,l1_0.order_date from orders l1_0 left join customer c1_0 on c1_0.cust_id=l1_0.cust_id where l1_0.employee_id=?
Hibernate: select p1_0.product_id,p1_0.description,p1_0.manufacturer_name,p1_0.name,p1_0.status,p1_0.unit,o1_0.product_id,o1_0.order_id,o2_0.order_id,c1_0.cust_id,c1_0.address,c1_0.email,c1_0.cust_name,c1_0.phone,o2_0.employee_id,e1_0.emp_id,e1_0.address,e1_0.dob,e1_0.email,e1_0.full_name,e1_0.phone,e1_0.status,o2_0.order_date,o1_0.note,o1_0.price,o1_0.quantity from product p1_0 left join order_detail o1_0 on p1_0.product_id=o1_0.product_id left join orders o2_0 on o2_0.order_id=o1_0.order_id left join customer c1_0 on c1_0.cust_id=o2_0.cust_id left join employee e1_0 on e1_0.emp_id=o2_0.employee_id where p1_0.product_id=?
Hibernate: select o1_0.order_id,o1_0.product_id,p1_0.product_id,p1_0.description,p1_0.manufacturer_name,p1_0.name,p1_0.status,p1_0.unit,o1_0.note,o1_0.price,o1_0.quantity from order_detail o1_0 join product p1_0 on p1_0.product_id=o1_0.product_id where o1_0.order_id=?
Hibernate: select l1_0.employee_id,l1_0.order_id,c1_0.cust_id,c1_0.address,c1_0.email,c1_0.cust_name,c1_0.phone,l1_0.order_date from orders l1_0 left join customer c1_0 on c1_0.cust_id=l1_0.cust_id where l1_0.employee_id=?
Hibernate: select o1_0.order_id,o1_0.product_id,p1_0.product_id,p1_0.description,p1_0.manufacturer_name,p1_0.name,p1_0.status,p1_0.unit,o1_0.note,o1_0.price,o1_0.quantity from order_detail o1_0 join product p1_0 on p1_0.product_id=o1_0.product_id where o1_0.order_id=?
Hibernate: select l1_0.employee_id,l1_0.order_id,c1_0.cust_id,c1_0.address,c1_0.email,c1_0.cust_name,c1_0.phone,l1_0.order_date from orders l1_0 left join customer c1_0 on c1_0.cust_id=l1_0.cust_id where l1_0.employee_id=?
Hibernate: select o1_0.order_id,o1_0.product_id,p1_0.product_id,p1_0.description,p1_0.manufacturer_name,p1_0.name,p1_0.status,p1_0.unit,o1_0.note,o1_0.price,o1_0.quantity from order_detail o1_0 join product p1_0 on p1_0.product_id=o1_0.product_id where o1_0.order_id=?
Hibernate: select l1_0.employee_id,l1_0.order_id,c1_0.cust_id,c1_0.address,c1_0.email,c1_0.cust_name,c1_0.phone,l1_0.order_date from orders l1_0 left join customer c1_0 on c1_0.cust_id=l1_0.cust_id where l1_0.employee_id=?
Hibernate: select o1_0.order_id,o1_0.product_id,p1_0.product_id,p1_0.description,p1_0.manufacturer_name,p1_0.name,p1_0.status,p1_0.unit,o1_0.note,o1_0.price,o1_0.quantity from order_detail o1_0 join product p1_0 on p1_0.product_id=o1_0.product_id where o1_0.order_id=?
Hibernate: select l1_0.employee_id,l1_0.order_id,c1_0.cust_id,c1_0.address,c1_0.email,c1_0.cust_name,c1_0.phone,l1_0.order_date from orders l1_0 left join customer c1_0 on c1_0.cust_id=l1_0.cust_id where l1_0.employee_id=?
Hibernate: select o1_0.order_id,o1_0.product_id,p1_0.product_id,p1_0.description,p1_0.manufacturer_name,p1_0.name,p1_0.status,p1_0.unit,o1_0.note,o1_0.price,o1_0.quantity from order_detail o1_0 join product p1_0 on p1_0.product_id=o1_0.product_id where o1_0.order_id=?
Hibernate: select o1_0.order_id,o1_0.product_id,p1_0.product_id,p1_0.description,p1_0.manufacturer_name,p1_0.name,p1_0.status,p1_0.unit,o1_0.note,o1_0.price,o1_0.quantity from order_detail o1_0 join product p1_0 on p1_0.product_id=o1_0.product_id where o1_0.order_id=?
Hibernate: select o1_0.order_id,o1_0.product_id,p1_0.product_id,p1_0.description,p1_0.manufacturer_name,p1_0.name,p1_0.status,p1_0.unit,o1_0.note,o1_0.price,o1_0.quantity from order_detail o1_0 join product p1_0 on p1_0.product_id=o1_0.product_id where o1_0.order_id=?
Hibernate: select p1_0.product_id,p1_0.price_date_time,p1_0.note,p1_0.price from product_price p1_0 where p1_0.product_id=?
Hibernate: select p1_0.product_id,p1_0.image_id,p1_0.alternative,p1_0.path from product_image p1_0 where p1_0.product_id=?
Hibernate: select o1_0.order_id,o1_0.product_id,p1_0.product_id,p1_0.description,p1_0.manufacturer_name,p1_0.name,p1_0.status,p1_0.unit,o1_0.note,o1_0.price,o1_0.quantity from order_detail o1_0 join product p1_0 on p1_0.product_id=o1_0.product_id where o1_0.order_id=?
Hibernate: select l1_0.employee_id,l1_0.order_id,c1_0.cust_id,c1_0.address,c1_0.email,c1_0.cust_name,c1_0.phone,l1_0.order_date from orders l1_0 left join customer c1_0 on c1_0.cust_id=l1_0.cust_id where l1_0.employee_id=?
Hibernate: insert into order_detail (note,price,quantity,order_id,product_id) values (?,?,?,?,?)
Hibernate: select p1_0.product_id,p1_0.description,p1_0.manufacturer_name,p1_0.name,p1_0.status,p1_0.unit from product p1_0 where p1_0.product_id=?
Hibernate: select o1_0.order_id,o2_0.order_id,c1_0.cust_id,c1_0.address,c1_0.email,c1_0.cust_name,c1_0.phone,o2_0.employee_id,e1_0.emp_id,e1_0.address,e1_0.dob,e1_0.email,e1_0.full_name,e1_0.phone,e1_0.status,o2_0.order_date,o1_0.product_id,p1_0.product_id,p1_0.description,p1_0.manufacturer_name,p1_0.name,p1_0.status,p1_0.unit,p2_0.product_id,p2_0.image_id,p2_0.alternative,p2_0.path,o1_0.note,o1_0.price,o1_0.quantity from order_detail o1_0 join orders o2_0 on o2_0.order_id=o1_0.order_id left join customer c1_0 on c1_0.cust_id=o2_0.cust_id left join employee e1_0 on e1_0.emp_id=o2_0.employee_id join product p1_0 on p1_0.product_id=o1_0.product_id left join product_image p2_0 on p1_0.product_id=p2_0.product_id where (o1_0.order_id,o1_0.product_id) in ((?,?))
Hibernate: select o1_0.order_id,c1_0.cust_id,c1_0.address,c1_0.email,c1_0.cust_name,c1_0.phone,o1_0.employee_id,e1_0.emp_id,e1_0.address,e1_0.dob,e1_0.email,e1_0.full_name,e1_0.phone,e1_0.status,o1_0.order_date,o2_0.order_id,o2_0.product_id,p1_0.product_id,p1_0.description,p1_0.manufacturer_name,p1_0.name,p1_0.status,p1_0.unit,o2_0.note,o2_0.price,o2_0.quantity from orders o1_0 left join customer c1_0 on c1_0.cust_id=o1_0.cust_id join employee e1_0 on e1_0.emp_id=o1_0.employee_id left join order_detail o2_0 on o1_0.order_id=o2_0.order_id left join product p1_0 on p1_0.product_id=o2_0.product_id where o1_0.order_id=?
Hibernate: select p1_0.product_id,p1_0.price_date_time,p1_0.note,p1_0.price from product_price p1_0 where p1_0.product_id=?
Hibernate: select p1_0.product_id,p1_0.image_id,p1_0.alternative,p1_0.path from product_image p1_0 where p1_0.product_id=?
Hibernate: select o1_0.product_id,o1_0.order_id,o2_0.order_id,c1_0.cust_id,c1_0.address,c1_0.email,c1_0.cust_name,c1_0.phone,o2_0.employee_id,e1_0.emp_id,e1_0.address,e1_0.dob,e1_0.email,e1_0.full_name,e1_0.phone,e1_0.status,o2_0.order_date,o1_0.note,o1_0.price,o1_0.quantity from order_detail o1_0 join orders o2_0 on o2_0.order_id=o1_0.order_id left join customer c1_0 on c1_0.cust_id=o2_0.cust_id left join employee e1_0 on e1_0.emp_id=o2_0.employee_id where o1_0.product_id=?
Hibernate: select p1_0.product_id,p1_0.price_date_time,p1_0.note,p1_0.price from product_price p1_0 where p1_0.product_id=?
Hibernate: select p1_0.product_id,p1_0.image_id,p1_0.alternative,p1_0.path from product_image p1_0 where p1_0.product_id=?
Hibernate: select o1_0.product_id,o1_0.order_id,o2_0.order_id,c1_0.cust_id,c1_0.address,c1_0.email,c1_0.cust_name,c1_0.phone,o2_0.employee_id,e1_0.emp_id,e1_0.address,e1_0.dob,e1_0.email,e1_0.full_name,e1_0.phone,e1_0.status,o2_0.order_date,o1_0.note,o1_0.price,o1_0.quantity from order_detail o1_0 join orders o2_0 on o2_0.order_id=o1_0.order_id left join customer c1_0 on c1_0.cust_id=o2_0.cust_id left join employee e1_0 on e1_0.emp_id=o2_0.employee_id where o1_0.product_id=?
Hibernate: select l1_0.employee_id,l1_0.order_id,c1_0.cust_id,c1_0.address,c1_0.email,c1_0.cust_name,c1_0.phone,l1_0.order_date from orders l1_0 left join customer c1_0 on c1_0.cust_id=l1_0.cust_id where l1_0.employee_id=?
Hibernate: select p1_0.product_id,p1_0.description,p1_0.manufacturer_name,p1_0.name,p1_0.status,p1_0.unit,o1_0.product_id,o1_0.order_id,o2_0.order_id,c1_0.cust_id,c1_0.address,c1_0.email,c1_0.cust_name,c1_0.phone,o2_0.employee_id,e1_0.emp_id,e1_0.address,e1_0.dob,e1_0.email,e1_0.full_name,e1_0.phone,e1_0.status,o2_0.order_date,o1_0.note,o1_0.price,o1_0.quantity from product p1_0 left join order_detail o1_0 on p1_0.product_id=o1_0.product_id left join orders o2_0 on o2_0.order_id=o1_0.order_id left join customer c1_0 on c1_0.cust_id=o2_0.cust_id left join employee e1_0 on e1_0.emp_id=o2_0.employee_id where p1_0.product_id=?
Hibernate: select o1_0.order_id,o1_0.product_id,p1_0.product_id,p1_0.description,p1_0.manufacturer_name,p1_0.name,p1_0.status,p1_0.unit,o1_0.note,o1_0.price,o1_0.quantity from order_detail o1_0 join product p1_0 on p1_0.product_id=o1_0.product_id where o1_0.order_id=?
Hibernate: select o1_0.order_id,o1_0.product_id,p1_0.product_id,p1_0.description,p1_0.manufacturer_name,p1_0.name,p1_0.status,p1_0.unit,o1_0.note,o1_0.price,o1_0.quantity from order_detail o1_0 join product p1_0 on p1_0.product_id=o1_0.product_id where o1_0.order_id=?
Hibernate: select o1_0.order_id,o1_0.product_id,p1_0.product_id,p1_0.description,p1_0.manufacturer_name,p1_0.name,p1_0.status,p1_0.unit,o1_0.note,o1_0.price,o1_0.quantity from order_detail o1_0 join product p1_0 on p1_0.product_id=o1_0.product_id where o1_0.order_id=?
Hibernate: select o1_0.order_id,o1_0.product_id,p1_0.product_id,p1_0.description,p1_0.manufacturer_name,p1_0.name,p1_0.status,p1_0.unit,o1_0.note,o1_0.price,o1_0.quantity from order_detail o1_0 join product p1_0 on p1_0.product_id=o1_0.product_id where o1_0.order_id=?
Hibernate: select o1_0.order_id,o1_0.product_id,p1_0.product_id,p1_0.description,p1_0.manufacturer_name,p1_0.name,p1_0.status,p1_0.unit,o1_0.note,o1_0.price,o1_0.quantity from order_detail o1_0 join product p1_0 on p1_0.product_id=o1_0.product_id where o1_0.order_id=?
Hibernate: select o1_0.order_id,o1_0.product_id,p1_0.product_id,p1_0.description,p1_0.manufacturer_name,p1_0.name,p1_0.status,p1_0.unit,o1_0.note,o1_0.price,o1_0.quantity from order_detail o1_0 join product p1_0 on p1_0.product_id=o1_0.product_id where o1_0.order_id=?
Hibernate: select o1_0.order_id,o1_0.product_id,p1_0.product_id,p1_0.description,p1_0.manufacturer_name,p1_0.name,p1_0.status,p1_0.unit,o1_0.note,o1_0.price,o1_0.quantity from order_detail o1_0 join product p1_0 on p1_0.product_id=o1_0.product_id where o1_0.order_id=?
Hibernate: select o1_0.order_id,o1_0.product_id,p1_0.product_id,p1_0.description,p1_0.manufacturer_name,p1_0.name,p1_0.status,p1_0.unit,o1_0.note,o1_0.price,o1_0.quantity from order_detail o1_0 join product p1_0 on p1_0.product_id=o1_0.product_id where o1_0.order_id=?
Hibernate: select o1_0.order_id,o1_0.product_id,p1_0.product_id,p1_0.description,p1_0.manufacturer_name,p1_0.name,p1_0.status,p1_0.unit,o1_0.note,o1_0.price,o1_0.quantity from order_detail o1_0 join product p1_0 on p1_0.product_id=o1_0.product_id where o1_0.order_id=?
Hibernate: select o1_0.order_id,o1_0.product_id,p1_0.product_id,p1_0.description,p1_0.manufacturer_name,p1_0.name,p1_0.status,p1_0.unit,o1_0.note,o1_0.price,o1_0.quantity from order_detail o1_0 join product p1_0 on p1_0.product_id=o1_0.product_id where o1_0.order_id=?
Hibernate: select p1_0.product_id,p1_0.price_date_time,p1_0.note,p1_0.price from product_price p1_0 where p1_0.product_id=?
Hibernate: select p1_0.product_id,p1_0.image_id,p1_0.alternative,p1_0.path from product_image p1_0 where p1_0.product_id=?
Hibernate: select o1_0.order_id,o1_0.product_id,p1_0.product_id,p1_0.description,p1_0.manufacturer_name,p1_0.name,p1_0.status,p1_0.unit,o1_0.note,o1_0.price,o1_0.quantity from order_detail o1_0 join product p1_0 on p1_0.product_id=o1_0.product_id where o1_0.order_id=?
Hibernate: insert into order_detail (note,price,quantity,order_id,product_id) values (?,?,?,?,?)
Hibernate: select e1_0.emp_id,e1_0.address,e1_0.dob,e1_0.email,e1_0.full_name,e1_0.phone,e1_0.status from employee e1_0 where e1_0.emp_id=?
Hibernate: select c1_0.cust_id,c1_0.address,c1_0.email,c1_0.cust_name,c1_0.phone from customer c1_0 where c1_0.cust_id=?
Hibernate: select o1_0.order_id,c1_0.cust_id,c1_0.address,c1_0.email,c1_0.cust_name,c1_0.phone,o1_0.employee_id,e1_0.emp_id,e1_0.address,e1_0.dob,e1_0.email,e1_0.full_name,e1_0.phone,e1_0.status,o1_0.order_date,o2_0.order_id,o2_0.product_id,p1_0.product_id,p1_0.description,p1_0.manufacturer_name,p1_0.name,p1_0.status,p1_0.unit,o2_0.note,o2_0.price,o2_0.quantity from orders o1_0 left join customer c1_0 on c1_0.cust_id=o1_0.cust_id join employee e1_0 on e1_0.emp_id=o1_0.employee_id left join order_detail o2_0 on o1_0.order_id=o2_0.order_id left join product p1_0 on p1_0.product_id=o2_0.product_id where o1_0.order_id=?
Hibernate: select c1_0.cust_id,c1_0.address,c1_0.email,c1_0.cust_name,c1_0.phone from customer c1_0 where c1_0.cust_id=?
Hibernate: select e1_0.emp_id,e1_0.address,e1_0.dob,e1_0.email,e1_0.full_name,e1_0.phone,e1_0.status from employee e1_0 where e1_0.emp_id=?
Hibernate: insert into orders (cust_id,employee_id,order_date,order_id) values (?,?,?,default)
Hibernate: select p1_0.product_id,p1_0.description,p1_0.manufacturer_name,p1_0.name,p1_0.status,p1_0.unit from product p1_0 where p1_0.product_id=?
Hibernate: select o1_0.order_id,o2_0.order_id,c1_0.cust_id,c1_0.address,c1_0.email,c1_0.cust_name,c1_0.phone,o2_0.employee_id,e1_0.emp_id,e1_0.address,e1_0.dob,e1_0.email,e1_0.full_name,e1_0.phone,e1_0.status,o2_0.order_date,o1_0.product_id,p1_0.product_id,p1_0.description,p1_0.manufacturer_name,p1_0.name,p1_0.status,p1_0.unit,p2_0.product_id,p2_0.image_id,p2_0.alternative,p2_0.path,o1_0.note,o1_0.price,o1_0.quantity from order_detail o1_0 join orders o2_0 on o2_0.order_id=o1_0.order_id left join customer c1_0 on c1_0.cust_id=o2_0.cust_id left join employee e1_0 on e1_0.emp_id=o2_0.employee_id join product p1_0 on p1_0.product_id=o1_0.product_id left join product_image p2_0 on p1_0.product_id=p2_0.product_id where (o1_0.order_id,o1_0.product_id) in ((?,?))
Hibernate: select o1_0.order_id,c1_0.cust_id,c1_0.address,c1_0.email,c1_0.cust_name,c1_0.phone,o1_0.employee_id,e1_0.emp_id,e1_0.address,e1_0.dob,e1_0.email,e1_0.full_name,e1_0.phone,e1_0.status,o1_0.order_date,o2_0.order_id,o2_0.product_id,p1_0.product_id,p1_0.description,p1_0.manufacturer_name,p1_0.name,p1_0.status,p1_0.unit,o2_0.note,o2_0.price,o2_0.quantity from orders o1_0 left join customer c1_0 on c1_0.cust_id=o1_0.cust_id join employee e1_0 on e1_0.emp_id=o1_0.employee_id left join order_detail o2_0 on o1_0.order_id=o2_0.order_id left join product p1_0 on p1_0.product_id=o2_0.product_id where o1_0.order_id=?
Hibernate: select l1_0.employee_id,l1_0.order_id,c1_0.cust_id,c1_0.address,c1_0.email,c1_0.cust_name,c1_0.phone,l1_0.order_date from orders l1_0 left join customer c1_0 on c1_0.cust_id=l1_0.cust_id where l1_0.employee_id=?
Hibernate: select p1_0.product_id,p1_0.description,p1_0.manufacturer_name,p1_0.name,p1_0.status,p1_0.unit,o1_0.product_id,o1_0.order_id,o2_0.order_id,c1_0.cust_id,c1_0.address,c1_0.email,c1_0.cust_name,c1_0.phone,o2_0.employee_id,e1_0.emp_id,e1_0.address,e1_0.dob,e1_0.email,e1_0.full_name,e1_0.phone,e1_0.status,o2_0.order_date,o1_0.note,o1_0.price,o1_0.quantity from product p1_0 left join order_detail o1_0 on p1_0.product_id=o1_0.product_id left join orders o2_0 on o2_0.order_id=o1_0.order_id left join customer c1_0 on c1_0.cust_id=o2_0.cust_id left join employee e1_0 on e1_0.emp_id=o2_0.employee_id where p1_0.product_id=?
Hibernate: select o1_0.order_id,o1_0.product_id,p1_0.product_id,p1_0.description,p1_0.manufacturer_name,p1_0.name,p1_0.status,p1_0.unit,o1_0.note,o1_0.price,o1_0.quantity from order_detail o1_0 join product p1_0 on p1_0.product_id=o1_0.product_id where o1_0.order_id=?
Hibernate: select o1_0.order_id,o1_0.product_id,p1_0.product_id,p1_0.description,p1_0.manufacturer_name,p1_0.name,p1_0.status,p1_0.unit,o1_0.note,o1_0.price,o1_0.quantity from order_detail o1_0 join product p1_0 on p1_0.product_id=o1_0.product_id where o1_0.order_id=?
Hibernate: select l1_0.employee_id,l1_0.order_id,c1_0.cust_id,c1_0.address,c1_0.email,c1_0.cust_name,c1_0.phone,l1_0.order_date from orders l1_0 left join customer c1_0 on c1_0.cust_id=l1_0.cust_id where l1_0.employee_id=?
Hibernate: select o1_0.order_id,o1_0.product_id,p1_0.product_id,p1_0.description,p1_0.manufacturer_name,p1_0.name,p1_0.status,p1_0.unit,o1_0.note,o1_0.price,o1_0.quantity from order_detail o1_0 join product p1_0 on p1_0.product_id=o1_0.product_id where o1_0.order_id=?
Hibernate: select l1_0.employee_id,l1_0.order_id,c1_0.cust_id,c1_0.address,c1_0.email,c1_0.cust_name,c1_0.phone,l1_0.order_date from orders l1_0 left join customer c1_0 on c1_0.cust_id=l1_0.cust_id where l1_0.employee_id=?
Hibernate: select o1_0.order_id,o1_0.product_id,p1_0.product_id,p1_0.description,p1_0.manufacturer_name,p1_0.name,p1_0.status,p1_0.unit,o1_0.note,o1_0.price,o1_0.quantity from order_detail o1_0 join product p1_0 on p1_0.product_id=o1_0.product_id where o1_0.order_id=?
Hibernate: select l1_0.employee_id,l1_0.order_id,c1_0.cust_id,c1_0.address,c1_0.email,c1_0.cust_name,c1_0.phone,l1_0.order_date from orders l1_0 left join customer c1_0 on c1_0.cust_id=l1_0.cust_id where l1_0.employee_id=?
Hibernate: select o1_0.order_id,o1_0.product_id,p1_0.product_id,p1_0.description,p1_0.manufacturer_name,p1_0.name,p1_0.status,p1_0.unit,o1_0.note,o1_0.price,o1_0.quantity from order_detail o1_0 join product p1_0 on p1_0.product_id=o1_0.product_id where o1_0.order_id=?
Hibernate: select l1_0.employee_id,l1_0.order_id,c1_0.cust_id,c1_0.address,c1_0.email,c1_0.cust_name,c1_0.phone,l1_0.order_date from orders l1_0 left join customer c1_0 on c1_0.cust_id=l1_0.cust_id where l1_0.employee_id=?
Hibernate: select p1_0.product_id,p1_0.price_date_time,p1_0.note,p1_0.price from product_price p1_0 where p1_0.product_id=?
Hibernate: select p1_0.product_id,p1_0.image_id,p1_0.alternative,p1_0.path from product_image p1_0 where p1_0.product_id=?
Hibernate: select o1_0.order_id,o1_0.product_id,p1_0.product_id,p1_0.description,p1_0.manufacturer_name,p1_0.name,p1_0.status,p1_0.unit,o1_0.note,o1_0.price,o1_0.quantity from order_detail o1_0 join product p1_0 on p1_0.product_id=o1_0.product_id where o1_0.order_id=?
Hibernate: select l1_0.employee_id,l1_0.order_id,c1_0.cust_id,c1_0.address,c1_0.email,c1_0.cust_name,c1_0.phone,l1_0.order_date from orders l1_0 left join customer c1_0 on c1_0.cust_id=l1_0.cust_id where l1_0.employee_id=?
Hibernate: insert into order_detail (note,price,quantity,order_id,product_id) values (?,?,?,?,?)
Hibernate: select p1_0.product_id,p1_0.description,p1_0.manufacturer_name,p1_0.name,p1_0.status,p1_0.unit from product p1_0 where p1_0.product_id=?
Hibernate: select o1_0.order_id,o2_0.order_id,c1_0.cust_id,c1_0.address,c1_0.email,c1_0.cust_name,c1_0.phone,o2_0.employee_id,e1_0.emp_id,e1_0.address,e1_0.dob,e1_0.email,e1_0.full_name,e1_0.phone,e1_0.status,o2_0.order_date,o1_0.product_id,p1_0.product_id,p1_0.description,p1_0.manufacturer_name,p1_0.name,p1_0.status,p1_0.unit,p2_0.product_id,p2_0.image_id,p2_0.alternative,p2_0.path,o1_0.note,o1_0.price,o1_0.quantity from order_detail o1_0 join orders o2_0 on o2_0.order_id=o1_0.order_id left join customer c1_0 on c1_0.cust_id=o2_0.cust_id left join employee e1_0 on e1_0.emp_id=o2_0.employee_id join product p1_0 on p1_0.product_id=o1_0.product_id left join product_image p2_0 on p1_0.product_id=p2_0.product_id where (o1_0.order_id,o1_0.product_id) in ((?,?))
Hibernate: select o1_0.order_id,c1_0.cust_id,c1_0.address,c1_0.email,c1_0.cust_name,c1_0.phone,o1_0.employee_id,e1_0.emp_id,e1_0.address,e1_0.dob,e1_0.email,e1_0.full_name,e1_0.phone,e1_0.status,o1_0.order_date,o2_0.order_id,o2_0.product_id,p1_0.product_id,p1_0.description,p1_0.manufacturer_name,p1_0.name,p1_0.status,p1_0.unit,o2_0.note,o2_0.price,o2_0.quantity from orders o1_0 left join customer c1_0 on c1_0.cust_id=o1_0.cust_id join employee e1_0 on e1_0.emp_id=o1_0.employee_id left join order_detail o2_0 on o1_0.order_id=o2_0.order_id left join product p1_0 on p1_0.product_id=o2_0.product_id where o1_0.order_id=?
Hibernate: select p1_0.product_id,p1_0.price_date_time,p1_0.note,p1_0.price from product_price p1_0 where p1_0.product_id=?
Hibernate: select p1_0.product_id,p1_0.image_id,p1_0.alternative,p1_0.path from product_image p1_0 where p1_0.product_id=?
Hibernate: select o1_0.product_id,o1_0.order_id,o2_0.order_id,c1_0.cust_id,c1_0.address,c1_0.email,c1_0.cust_name,c1_0.phone,o2_0.employee_id,e1_0.emp_id,e1_0.address,e1_0.dob,e1_0.email,e1_0.full_name,e1_0.phone,e1_0.status,o2_0.order_date,o1_0.note,o1_0.price,o1_0.quantity from order_detail o1_0 join orders o2_0 on o2_0.order_id=o1_0.order_id left join customer c1_0 on c1_0.cust_id=o2_0.cust_id left join employee e1_0 on e1_0.emp_id=o2_0.employee_id where o1_0.product_id=?
Hibernate: select l1_0.employee_id,l1_0.order_id,c1_0.cust_id,c1_0.address,c1_0.email,c1_0.cust_name,c1_0.phone,l1_0.order_date from orders l1_0 left join customer c1_0 on c1_0.cust_id=l1_0.cust_id where l1_0.employee_id=?
Hibernate: select p1_0.product_id,p1_0.description,p1_0.manufacturer_name,p1_0.name,p1_0.status,p1_0.unit,o1_0.product_id,o1_0.order_id,o2_0.order_id,c1_0.cust_id,c1_0.address,c1_0.email,c1_0.cust_name,c1_0.phone,o2_0.employee_id,e1_0.emp_id,e1_0.address,e1_0.dob,e1_0.email,e1_0.full_name,e1_0.phone,e1_0.status,o2_0.order_date,o1_0.note,o1_0.price,o1_0.quantity from product p1_0 left join order_detail o1_0 on p1_0.product_id=o1_0.product_id left join orders o2_0 on o2_0.order_id=o1_0.order_id left join customer c1_0 on c1_0.cust_id=o2_0.cust_id left join employee e1_0 on e1_0.emp_id=o2_0.employee_id where p1_0.product_id=?
Hibernate: select o1_0.order_id,o1_0.product_id,p1_0.product_id,p1_0.description,p1_0.manufacturer_name,p1_0.name,p1_0.status,p1_0.unit,o1_0.note,o1_0.price,o1_0.quantity from order_detail o1_0 join product p1_0 on p1_0.product_id=o1_0.product_id where o1_0.order_id=?
Hibernate: select o1_0.order_id,o1_0.product_id,p1_0.product_id,p1_0.description,p1_0.manufacturer_name,p1_0.name,p1_0.status,p1_0.unit,o1_0.note,o1_0.price,o1_0.quantity from order_detail o1_0 join product p1_0 on p1_0.product_id=o1_0.product_id where o1_0.order_id=?
Hibernate: select o1_0.order_id,o1_0.product_id,p1_0.product_id,p1_0.description,p1_0.manufacturer_name,p1_0.name,p1_0.status,p1_0.unit,o1_0.note,o1_0.price,o1_0.quantity from order_detail o1_0 join product p1_0 on p1_0.product_id=o1_0.product_id where o1_0.order_id=?
Hibernate: select o1_0.order_id,o1_0.product_id,p1_0.product_id,p1_0.description,p1_0.manufacturer_name,p1_0.name,p1_0.status,p1_0.unit,o1_0.note,o1_0.price,o1_0.quantity from order_detail o1_0 join product p1_0 on p1_0.product_id=o1_0.product_id where o1_0.order_id=?
Hibernate: select l1_0.employee_id,l1_0.order_id,c1_0.cust_id,c1_0.address,c1_0.email,c1_0.cust_name,c1_0.phone,l1_0.order_date from orders l1_0 left join customer c1_0 on c1_0.cust_id=l1_0.cust_id where l1_0.employee_id=?
Hibernate: select p1_0.product_id,p1_0.price_date_time,p1_0.note,p1_0.price from product_price p1_0 where p1_0.product_id=?
Hibernate: select p1_0.product_id,p1_0.image_id,p1_0.alternative,p1_0.path from product_image p1_0 where p1_0.product_id=?
Hibernate: select o1_0.order_id,o1_0.product_id,p1_0.product_id,p1_0.description,p1_0.manufacturer_name,p1_0.name,p1_0.status,p1_0.unit,o1_0.note,o1_0.price,o1_0.quantity from order_detail o1_0 join product p1_0 on p1_0.product_id=o1_0.product_id where o1_0.order_id=?
Hibernate: select l1_0.employee_id,l1_0.order_id,c1_0.cust_id,c1_0.address,c1_0.email,c1_0.cust_name,c1_0.phone,l1_0.order_date from orders l1_0 left join customer c1_0 on c1_0.cust_id=l1_0.cust_id where l1_0.employee_id=?
Hibernate: insert into order_detail (note,price,quantity,order_id,product_id) values (?,?,?,?,?)
Hibernate: select p1_0.product_id,p1_0.description,p1_0.manufacturer_name,p1_0.name,p1_0.status,p1_0.unit from product p1_0 where p1_0.product_id=?
Hibernate: select o1_0.order_id,o2_0.order_id,c1_0.cust_id,c1_0.address,c1_0.email,c1_0.cust_name,c1_0.phone,o2_0.employee_id,e1_0.emp_id,e1_0.address,e1_0.dob,e1_0.email,e1_0.full_name,e1_0.phone,e1_0.status,o2_0.order_date,o1_0.product_id,p1_0.product_id,p1_0.description,p1_0.manufacturer_name,p1_0.name,p1_0.status,p1_0.unit,p2_0.product_id,p2_0.image_id,p2_0.alternative,p2_0.path,o1_0.note,o1_0.price,o1_0.quantity from order_detail o1_0 join orders o2_0 on o2_0.order_id=o1_0.order_id left join customer c1_0 on c1_0.cust_id=o2_0.cust_id left join employee e1_0 on e1_0.emp_id=o2_0.employee_id join product p1_0 on p1_0.product_id=o1_0.product_id left join product_image p2_0 on p1_0.product_id=p2_0.product_id where (o1_0.order_id,o1_0.product_id) in ((?,?))
Hibernate: select o1_0.order_id,c1_0.cust_id,c1_0.address,c1_0.email,c1_0.cust_name,c1_0.phone,o1_0.employee_id,e1_0.emp_id,e1_0.address,e1_0.dob,e1_0.email,e1_0.full_name,e1_0.phone,e1_0.status,o1_0.order_date,o2_0.order_id,o2_0.product_id,p1_0.product_id,p1_0.description,p1_0.manufacturer_name,p1_0.name,p1_0.status,p1_0.unit,o2_0.note,o2_0.price,o2_0.quantity from orders o1_0 left join customer c1_0 on c1_0.cust_id=o1_0.cust_id join employee e1_0 on e1_0.emp_id=o1_0.employee_id left join order_detail o2_0 on o1_0.order_id=o2_0.order_id left join product p1_0 on p1_0.product_id=o2_0.product_id where o1_0.order_id=?
Hibernate: select p1_0.product_id,p1_0.price_date_time,p1_0.note,p1_0.price from product_price p1_0 where p1_0.product_id=?
Hibernate: select p1_0.product_id,p1_0.image_id,p1_0.alternative,p1_0.path from product_image p1_0 where p1_0.product_id=?
Hibernate: select o1_0.product_id,o1_0.order_id,o2_0.order_id,c1_0.cust_id,c1_0.address,c1_0.email,c1_0.cust_name,c1_0.phone,o2_0.employee_id,e1_0.emp_id,e1_0.address,e1_0.dob,e1_0.email,e1_0.full_name,e1_0.phone,e1_0.status,o2_0.order_date,o1_0.note,o1_0.price,o1_0.quantity from order_detail o1_0 join orders o2_0 on o2_0.order_id=o1_0.order_id left join customer c1_0 on c1_0.cust_id=o2_0.cust_id left join employee e1_0 on e1_0.emp_id=o2_0.employee_id where o1_0.product_id=?
Hibernate: select p1_0.product_id,p1_0.price_date_time,p1_0.note,p1_0.price from product_price p1_0 where p1_0.product_id=?
Hibernate: select p1_0.product_id,p1_0.image_id,p1_0.alternative,p1_0.path from product_image p1_0 where p1_0.product_id=?
Hibernate: select o1_0.product_id,o1_0.order_id,o2_0.order_id,c1_0.cust_id,c1_0.address,c1_0.email,c1_0.cust_name,c1_0.phone,o2_0.employee_id,e1_0.emp_id,e1_0.address,e1_0.dob,e1_0.email,e1_0.full_name,e1_0.phone,e1_0.status,o2_0.order_date,o1_0.note,o1_0.price,o1_0.quantity from order_detail o1_0 join orders o2_0 on o2_0.order_id=o1_0.order_id left join customer c1_0 on c1_0.cust_id=o2_0.cust_id left join employee e1_0 on e1_0.emp_id=o2_0.employee_id where o1_0.product_id=?
Hibernate: select l1_0.employee_id,l1_0.order_id,c1_0.cust_id,c1_0.address,c1_0.email,c1_0.cust_name,c1_0.phone,l1_0.order_date from orders l1_0 left join customer c1_0 on c1_0.cust_id=l1_0.cust_id where l1_0.employee_id=?
Hibernate: select p1_0.product_id,p1_0.description,p1_0.manufacturer_name,p1_0.name,p1_0.status,p1_0.unit,o1_0.product_id,o1_0.order_id,o2_0.order_id,c1_0.cust_id,c1_0.address,c1_0.email,c1_0.cust_name,c1_0.phone,o2_0.employee_id,e1_0.emp_id,e1_0.address,e1_0.dob,e1_0.email,e1_0.full_name,e1_0.phone,e1_0.status,o2_0.order_date,o1_0.note,o1_0.price,o1_0.quantity from product p1_0 left join order_detail o1_0 on p1_0.product_id=o1_0.product_id left join orders o2_0 on o2_0.order_id=o1_0.order_id left join customer c1_0 on c1_0.cust_id=o2_0.cust_id left join employee e1_0 on e1_0.emp_id=o2_0.employee_id where p1_0.product_id=?
Hibernate: select o1_0.order_id,o1_0.product_id,p1_0.product_id,p1_0.description,p1_0.manufacturer_name,p1_0.name,p1_0.status,p1_0.unit,o1_0.note,o1_0.price,o1_0.quantity from order_detail o1_0 join product p1_0 on p1_0.product_id=o1_0.product_id where o1_0.order_id=?
Hibernate: select o1_0.order_id,o1_0.product_id,p1_0.product_id,p1_0.description,p1_0.manufacturer_name,p1_0.name,p1_0.status,p1_0.unit,o1_0.note,o1_0.price,o1_0.quantity from order_detail o1_0 join product p1_0 on p1_0.product_id=o1_0.product_id where o1_0.order_id=?
Hibernate: select o1_0.order_id,o1_0.product_id,p1_0.product_id,p1_0.description,p1_0.manufacturer_name,p1_0.name,p1_0.status,p1_0.unit,o1_0.note,o1_0.price,o1_0.quantity from order_detail o1_0 join product p1_0 on p1_0.product_id=o1_0.product_id where o1_0.order_id=?
Hibernate: select o1_0.order_id,o1_0.product_id,p1_0.product_id,p1_0.description,p1_0.manufacturer_name,p1_0.name,p1_0.status,p1_0.unit,o1_0.note,o1_0.price,o1_0.quantity from order_detail o1_0 join product p1_0 on p1_0.product_id=o1_0.product_id where o1_0.order_id=?
Hibernate: select o1_0.order_id,o1_0.product_id,p1_0.product_id,p1_0.description,p1_0.manufacturer_name,p1_0.name,p1_0.status,p1_0.unit,o1_0.note,o1_0.price,o1_0.quantity from order_detail o1_0 join product p1_0 on p1_0.product_id=o1_0.product_id where o1_0.order_id=?
Hibernate: select o1_0.order_id,o1_0.product_id,p1_0.product_id,p1_0.description,p1_0.manufacturer_name,p1_0.name,p1_0.status,p1_0.unit,o1_0.note,o1_0.price,o1_0.quantity from order_detail o1_0 join product p1_0 on p1_0.product_id=o1_0.product_id where o1_0.order_id=?
Hibernate: select o1_0.order_id,o1_0.product_id,p1_0.product_id,p1_0.description,p1_0.manufacturer_name,p1_0.name,p1_0.status,p1_0.unit,o1_0.note,o1_0.price,o1_0.quantity from order_detail o1_0 join product p1_0 on p1_0.product_id=o1_0.product_id where o1_0.order_id=?
Hibernate: select o1_0.order_id,o1_0.product_id,p1_0.product_id,p1_0.description,p1_0.manufacturer_name,p1_0.name,p1_0.status,p1_0.unit,o1_0.note,o1_0.price,o1_0.quantity from order_detail o1_0 join product p1_0 on p1_0.product_id=o1_0.product_id where o1_0.order_id=?
Hibernate: select o1_0.order_id,o1_0.product_id,p1_0.product_id,p1_0.description,p1_0.manufacturer_name,p1_0.name,p1_0.status,p1_0.unit,o1_0.note,o1_0.price,o1_0.quantity from order_detail o1_0 join product p1_0 on p1_0.product_id=o1_0.product_id where o1_0.order_id=?
Hibernate: select l1_0.employee_id,l1_0.order_id,c1_0.cust_id,c1_0.address,c1_0.email,c1_0.cust_name,c1_0.phone,l1_0.order_date from orders l1_0 left join customer c1_0 on c1_0.cust_id=l1_0.cust_id where l1_0.employee_id=?
Hibernate: select o1_0.order_id,o1_0.product_id,p1_0.product_id,p1_0.description,p1_0.manufacturer_name,p1_0.name,p1_0.status,p1_0.unit,o1_0.note,o1_0.price,o1_0.quantity from order_detail o1_0 join product p1_0 on p1_0.product_id=o1_0.product_id where o1_0.order_id=?
Hibernate: select p1_0.product_id,p1_0.price_date_time,p1_0.note,p1_0.price from product_price p1_0 where p1_0.product_id=?
Hibernate: select p1_0.product_id,p1_0.image_id,p1_0.alternative,p1_0.path from product_image p1_0 where p1_0.product_id=?
Hibernate: select o1_0.order_id,o1_0.product_id,p1_0.product_id,p1_0.description,p1_0.manufacturer_name,p1_0.name,p1_0.status,p1_0.unit,o1_0.note,o1_0.price,o1_0.quantity from order_detail o1_0 join product p1_0 on p1_0.product_id=o1_0.product_id where o1_0.order_id=?
Hibernate: insert into order_detail (note,price,quantity,order_id,product_id) values (?,?,?,?,?)
Hibernate: select e1_0.emp_id,e1_0.address,e1_0.dob,e1_0.email,e1_0.full_name,e1_0.phone,e1_0.status from employee e1_0 where e1_0.emp_id=?
Hibernate: select c1_0.cust_id,c1_0.address,c1_0.email,c1_0.cust_name,c1_0.phone from customer c1_0 where c1_0.cust_id=?
Hibernate: select o1_0.order_id,c1_0.cust_id,c1_0.address,c1_0.email,c1_0.cust_name,c1_0.phone,o1_0.employee_id,e1_0.emp_id,e1_0.address,e1_0.dob,e1_0.email,e1_0.full_name,e1_0.phone,e1_0.status,o1_0.order_date,o2_0.order_id,o2_0.product_id,p1_0.product_id,p1_0.description,p1_0.manufacturer_name,p1_0.name,p1_0.status,p1_0.unit,o2_0.note,o2_0.price,o2_0.quantity from orders o1_0 left join customer c1_0 on c1_0.cust_id=o1_0.cust_id join employee e1_0 on e1_0.emp_id=o1_0.employee_id left join order_detail o2_0 on o1_0.order_id=o2_0.order_id left join product p1_0 on p1_0.product_id=o2_0.product_id where o1_0.order_id=?
Hibernate: select c1_0.cust_id,c1_0.address,c1_0.email,c1_0.cust_name,c1_0.phone from customer c1_0 where c1_0.cust_id=?
Hibernate: select e1_0.emp_id,e1_0.address,e1_0.dob,e1_0.email,e1_0.full_name,e1_0.phone,e1_0.status from employee e1_0 where e1_0.emp_id=?
Hibernate: insert into orders (cust_id,employee_id,order_date,order_id) values (?,?,?,default)
Hibernate: select p1_0.product_id,p1_0.description,p1_0.manufacturer_name,p1_0.name,p1_0.status,p1_0.unit from product p1_0 where p1_0.product_id=?
Hibernate: select o1_0.order_id,o2_0.order_id,c1_0.cust_id,c1_0.address,c1_0.email,c1_0.cust_name,c1_0.phone,o2_0.employee_id,e1_0.emp_id,e1_0.address,e1_0.dob,e1_0.email,e1_0.full_name,e1_0.phone,e1_0.status,o2_0.order_date,o1_0.product_id,p1_0.product_id,p1_0.description,p1_0.manufacturer_name,p1_0.name,p1_0.status,p1_0.unit,p2_0.product_id,p2_0.image_id,p2_0.alternative,p2_0.path,o1_0.note,o1_0.price,o1_0.quantity from order_detail o1_0 join orders o2_0 on o2_0.order_id=o1_0.order_id left join customer c1_0 on c1_0.cust_id=o2_0.cust_id left join employee e1_0 on e1_0.emp_id=o2_0.employee_id join product p1_0 on p1_0.product_id=o1_0.product_id left join product_image p2_0 on p1_0.product_id=p2_0.product_id where (o1_0.order_id,o1_0.product_id) in ((?,?))
Hibernate: select o1_0.order_id,c1_0.cust_id,c1_0.address,c1_0.email,c1_0.cust_name,c1_0.phone,o1_0.employee_id,e1_0.emp_id,e1_0.address,e1_0.dob,e1_0.email,e1_0.full_name,e1_0.phone,e1_0.status,o1_0.order_date,o2_0.order_id,o2_0.product_id,p1_0.product_id,p1_0.description,p1_0.manufacturer_name,p1_0.name,p1_0.status,p1_0.unit,o2_0.note,o2_0.price,o2_0.quantity from orders o1_0 left join customer c1_0 on c1_0.cust_id=o1_0.cust_id join employee e1_0 on e1_0.emp_id=o1_0.employee_id left join order_detail o2_0 on o1_0.order_id=o2_0.order_id left join product p1_0 on p1_0.product_id=o2_0.product_id where o1_0.order_id=?
Hibernate: select l1_0.employee_id,l1_0.order_id,c1_0.cust_id,c1_0.address,c1_0.email,c1_0.cust_name,c1_0.phone,l1_0.order_date from orders l1_0 left join customer c1_0 on c1_0.cust_id=l1_0.cust_id where l1_0.employee_id=?
Hibernate: select p1_0.product_id,p1_0.description,p1_0.manufacturer_name,p1_0.name,p1_0.status,p1_0.unit,o1_0.product_id,o1_0.order_id,o2_0.order_id,c1_0.cust_id,c1_0.address,c1_0.email,c1_0.cust_name,c1_0.phone,o2_0.employee_id,e1_0.emp_id,e1_0.address,e1_0.dob,e1_0.email,e1_0.full_name,e1_0.phone,e1_0.status,o2_0.order_date,o1_0.note,o1_0.price,o1_0.quantity from product p1_0 left join order_detail o1_0 on p1_0.product_id=o1_0.product_id left join orders o2_0 on o2_0.order_id=o1_0.order_id left join customer c1_0 on c1_0.cust_id=o2_0.cust_id left join employee e1_0 on e1_0.emp_id=o2_0.employee_id where p1_0.product_id=?
Hibernate: select o1_0.order_id,o1_0.product_id,p1_0.product_id,p1_0.description,p1_0.manufacturer_name,p1_0.name,p1_0.status,p1_0.unit,o1_0.note,o1_0.price,o1_0.quantity from order_detail o1_0 join product p1_0 on p1_0.product_id=o1_0.product_id where o1_0.order_id=?
Hibernate: select l1_0.employee_id,l1_0.order_id,c1_0.cust_id,c1_0.address,c1_0.email,c1_0.cust_name,c1_0.phone,l1_0.order_date from orders l1_0 left join customer c1_0 on c1_0.cust_id=l1_0.cust_id where l1_0.employee_id=?
Hibernate: select o1_0.order_id,o1_0.product_id,p1_0.product_id,p1_0.description,p1_0.manufacturer_name,p1_0.name,p1_0.status,p1_0.unit,o1_0.note,o1_0.price,o1_0.quantity from order_detail o1_0 join product p1_0 on p1_0.product_id=o1_0.product_id where o1_0.order_id=?
Hibernate: select o1_0.order_id,o1_0.product_id,p1_0.product_id,p1_0.description,p1_0.manufacturer_name,p1_0.name,p1_0.status,p1_0.unit,o1_0.note,o1_0.price,o1_0.quantity from order_detail o1_0 join product p1_0 on p1_0.product_id=o1_0.product_id where o1_0.order_id=?
Hibernate: select l1_0.employee_id,l1_0.order_id,c1_0.cust_id,c1_0.address,c1_0.email,c1_0.cust_name,c1_0.phone,l1_0.order_date from orders l1_0 left join customer c1_0 on c1_0.cust_id=l1_0.cust_id where l1_0.employee_id=?
Hibernate: select o1_0.order_id,o1_0.product_id,p1_0.product_id,p1_0.description,p1_0.manufacturer_name,p1_0.name,p1_0.status,p1_0.unit,o1_0.note,o1_0.price,o1_0.quantity from order_detail o1_0 join product p1_0 on p1_0.product_id=o1_0.product_id where o1_0.order_id=?
Hibernate: select l1_0.employee_id,l1_0.order_id,c1_0.cust_id,c1_0.address,c1_0.email,c1_0.cust_name,c1_0.phone,l1_0.order_date from orders l1_0 left join customer c1_0 on c1_0.cust_id=l1_0.cust_id where l1_0.employee_id=?
Hibernate: select o1_0.order_id,o1_0.product_id,p1_0.product_id,p1_0.description,p1_0.manufacturer_name,p1_0.name,p1_0.status,p1_0.unit,o1_0.note,o1_0.price,o1_0.quantity from order_detail o1_0 join product p1_0 on p1_0.product_id=o1_0.product_id where o1_0.order_id=?
Hibernate: select p1_0.product_id,p1_0.price_date_time,p1_0.note,p1_0.price from product_price p1_0 where p1_0.product_id=?
Hibernate: select p1_0.product_id,p1_0.image_id,p1_0.alternative,p1_0.path from product_image p1_0 where p1_0.product_id=?
Hibernate: select o1_0.order_id,o1_0.product_id,p1_0.product_id,p1_0.description,p1_0.manufacturer_name,p1_0.name,p1_0.status,p1_0.unit,o1_0.note,o1_0.price,o1_0.quantity from order_detail o1_0 join product p1_0 on p1_0.product_id=o1_0.product_id where o1_0.order_id=?
Hibernate: select l1_0.employee_id,l1_0.order_id,c1_0.cust_id,c1_0.address,c1_0.email,c1_0.cust_name,c1_0.phone,l1_0.order_date from orders l1_0 left join customer c1_0 on c1_0.cust_id=l1_0.cust_id where l1_0.employee_id=?
Hibernate: insert into order_detail (note,price,quantity,order_id,product_id) values (?,?,?,?,?)
Hibernate: select p1_0.product_id,p1_0.description,p1_0.manufacturer_name,p1_0.name,p1_0.status,p1_0.unit from product p1_0 where p1_0.product_id=?
Hibernate: select o1_0.order_id,o2_0.order_id,c1_0.cust_id,c1_0.address,c1_0.email,c1_0.cust_name,c1_0.phone,o2_0.employee_id,e1_0.emp_id,e1_0.address,e1_0.dob,e1_0.email,e1_0.full_name,e1_0.phone,e1_0.status,o2_0.order_date,o1_0.product_id,p1_0.product_id,p1_0.description,p1_0.manufacturer_name,p1_0.name,p1_0.status,p1_0.unit,p2_0.product_id,p2_0.image_id,p2_0.alternative,p2_0.path,o1_0.note,o1_0.price,o1_0.quantity from order_detail o1_0 join orders o2_0 on o2_0.order_id=o1_0.order_id left join customer c1_0 on c1_0.cust_id=o2_0.cust_id left join employee e1_0 on e1_0.emp_id=o2_0.employee_id join product p1_0 on p1_0.product_id=o1_0.product_id left join product_image p2_0 on p1_0.product_id=p2_0.product_id where (o1_0.order_id,o1_0.product_id) in ((?,?))
Hibernate: select o1_0.order_id,c1_0.cust_id,c1_0.address,c1_0.email,c1_0.cust_name,c1_0.phone,o1_0.employee_id,e1_0.emp_id,e1_0.address,e1_0.dob,e1_0.email,e1_0.full_name,e1_0.phone,e1_0.status,o1_0.order_date,o2_0.order_id,o2_0.product_id,p1_0.product_id,p1_0.description,p1_0.manufacturer_name,p1_0.name,p1_0.status,p1_0.unit,o2_0.note,o2_0.price,o2_0.quantity from orders o1_0 left join customer c1_0 on c1_0.cust_id=o1_0.cust_id join employee e1_0 on e1_0.emp_id=o1_0.employee_id left join order_detail o2_0 on o1_0.order_id=o2_0.order_id left join product p1_0 on p1_0.product_id=o2_0.product_id where o1_0.order_id=?
Hibernate: select p1_0.product_id,p1_0.price_date_time,p1_0.note,p1_0.price from product_price p1_0 where p1_0.product_id=?
Hibernate: select p1_0.product_id,p1_0.image_id,p1_0.alternative,p1_0.path from product_image p1_0 where p1_0.product_id=?
Hibernate: select o1_0.product_id,o1_0.order_id,o2_0.order_id,c1_0.cust_id,c1_0.address,c1_0.email,c1_0.cust_name,c1_0.phone,o2_0.employee_id,e1_0.emp_id,e1_0.address,e1_0.dob,e1_0.email,e1_0.full_name,e1_0.phone,e1_0.status,o2_0.order_date,o1_0.note,o1_0.price,o1_0.quantity from order_detail o1_0 join orders o2_0 on o2_0.order_id=o1_0.order_id left join customer c1_0 on c1_0.cust_id=o2_0.cust_id left join employee e1_0 on e1_0.emp_id=o2_0.employee_id where o1_0.product_id=?
Hibernate: select l1_0.employee_id,l1_0.order_id,c1_0.cust_id,c1_0.address,c1_0.email,c1_0.cust_name,c1_0.phone,l1_0.order_date from orders l1_0 left join customer c1_0 on c1_0.cust_id=l1_0.cust_id where l1_0.employee_id=?
Hibernate: select p1_0.product_id,p1_0.description,p1_0.manufacturer_name,p1_0.name,p1_0.status,p1_0.unit,o1_0.product_id,o1_0.order_id,o2_0.order_id,c1_0.cust_id,c1_0.address,c1_0.email,c1_0.cust_name,c1_0.phone,o2_0.employee_id,e1_0.emp_id,e1_0.address,e1_0.dob,e1_0.email,e1_0.full_name,e1_0.phone,e1_0.status,o2_0.order_date,o1_0.note,o1_0.price,o1_0.quantity from product p1_0 left join order_detail o1_0 on p1_0.product_id=o1_0.product_id left join orders o2_0 on o2_0.order_id=o1_0.order_id left join customer c1_0 on c1_0.cust_id=o2_0.cust_id left join employee e1_0 on e1_0.emp_id=o2_0.employee_id where p1_0.product_id=?
Hibernate: select o1_0.order_id,o1_0.product_id,p1_0.product_id,p1_0.description,p1_0.manufacturer_name,p1_0.name,p1_0.status,p1_0.unit,o1_0.note,o1_0.price,o1_0.quantity from order_detail o1_0 join product p1_0 on p1_0.product_id=o1_0.product_id where o1_0.order_id=?
Hibernate: select o1_0.order_id,o1_0.product_id,p1_0.product_id,p1_0.description,p1_0.manufacturer_name,p1_0.name,p1_0.status,p1_0.unit,o1_0.note,o1_0.price,o1_0.quantity from order_detail o1_0 join product p1_0 on p1_0.product_id=o1_0.product_id where o1_0.order_id=?
Hibernate: select l1_0.employee_id,l1_0.order_id,c1_0.cust_id,c1_0.address,c1_0.email,c1_0.cust_name,c1_0.phone,l1_0.order_date from orders l1_0 left join customer c1_0 on c1_0.cust_id=l1_0.cust_id where l1_0.employee_id=?
Hibernate: select o1_0.order_id,o1_0.product_id,p1_0.product_id,p1_0.description,p1_0.manufacturer_name,p1_0.name,p1_0.status,p1_0.unit,o1_0.note,o1_0.price,o1_0.quantity from order_detail o1_0 join product p1_0 on p1_0.product_id=o1_0.product_id where o1_0.order_id=?
Hibernate: select o1_0.order_id,o1_0.product_id,p1_0.product_id,p1_0.description,p1_0.manufacturer_name,p1_0.name,p1_0.status,p1_0.unit,o1_0.note,o1_0.price,o1_0.quantity from order_detail o1_0 join product p1_0 on p1_0.product_id=o1_0.product_id where o1_0.order_id=?
Hibernate: select o1_0.order_id,o1_0.product_id,p1_0.product_id,p1_0.description,p1_0.manufacturer_name,p1_0.name,p1_0.status,p1_0.unit,o1_0.note,o1_0.price,o1_0.quantity from order_detail o1_0 join product p1_0 on p1_0.product_id=o1_0.product_id where o1_0.order_id=?
Hibernate: select l1_0.employee_id,l1_0.order_id,c1_0.cust_id,c1_0.address,c1_0.email,c1_0.cust_name,c1_0.phone,l1_0.order_date from orders l1_0 left join customer c1_0 on c1_0.cust_id=l1_0.cust_id where l1_0.employee_id=?
Hibernate: select o1_0.order_id,o1_0.product_id,p1_0.product_id,p1_0.description,p1_0.manufacturer_name,p1_0.name,p1_0.status,p1_0.unit,o1_0.note,o1_0.price,o1_0.quantity from order_detail o1_0 join product p1_0 on p1_0.product_id=o1_0.product_id where o1_0.order_id=?
Hibernate: select o1_0.order_id,o1_0.product_id,p1_0.product_id,p1_0.description,p1_0.manufacturer_name,p1_0.name,p1_0.status,p1_0.unit,o1_0.note,o1_0.price,o1_0.quantity from order_detail o1_0 join product p1_0 on p1_0.product_id=o1_0.product_id where o1_0.order_id=?
Hibernate: select o1_0.order_id,o1_0.product_id,p1_0.product_id,p1_0.description,p1_0.manufacturer_name,p1_0.name,p1_0.status,p1_0.unit,o1_0.note,o1_0.price,o1_0.quantity from order_detail o1_0 join product p1_0 on p1_0.product_id=o1_0.product_id where o1_0.order_id=?
Hibernate: select o1_0.order_id,o1_0.product_id,p1_0.product_id,p1_0.description,p1_0.manufacturer_name,p1_0.name,p1_0.status,p1_0.unit,o1_0.note,o1_0.price,o1_0.quantity from order_detail o1_0 join product p1_0 on p1_0.product_id=o1_0.product_id where o1_0.order_id=?
Hibernate: select p1_0.product_id,p1_0.price_date_time,p1_0.note,p1_0.price from product_price p1_0 where p1_0.product_id=?
Hibernate: select p1_0.product_id,p1_0.image_id,p1_0.alternative,p1_0.path from product_image p1_0 where p1_0.product_id=?
Hibernate: select o1_0.order_id,o1_0.product_id,p1_0.product_id,p1_0.description,p1_0.manufacturer_name,p1_0.name,p1_0.status,p1_0.unit,o1_0.note,o1_0.price,o1_0.quantity from order_detail o1_0 join product p1_0 on p1_0.product_id=o1_0.product_id where o1_0.order_id=?
Hibernate: insert into order_detail (note,price,quantity,order_id,product_id) values (?,?,?,?,?)
Hibernate: select p1_0.product_id,p1_0.description,p1_0.manufacturer_name,p1_0.name,p1_0.status,p1_0.unit from product p1_0 where p1_0.product_id=?
Hibernate: select o1_0.order_id,o2_0.order_id,c1_0.cust_id,c1_0.address,c1_0.email,c1_0.cust_name,c1_0.phone,o2_0.employee_id,e1_0.emp_id,e1_0.address,e1_0.dob,e1_0.email,e1_0.full_name,e1_0.phone,e1_0.status,o2_0.order_date,o1_0.product_id,p1_0.product_id,p1_0.description,p1_0.manufacturer_name,p1_0.name,p1_0.status,p1_0.unit,p2_0.product_id,p2_0.image_id,p2_0.alternative,p2_0.path,o1_0.note,o1_0.price,o1_0.quantity from order_detail o1_0 join orders o2_0 on o2_0.order_id=o1_0.order_id left join customer c1_0 on c1_0.cust_id=o2_0.cust_id left join employee e1_0 on e1_0.emp_id=o2_0.employee_id join product p1_0 on p1_0.product_id=o1_0.product_id left join product_image p2_0 on p1_0.product_id=p2_0.product_id where (o1_0.order_id,o1_0.product_id) in ((?,?))
Hibernate: select o1_0.order_id,c1_0.cust_id,c1_0.address,c1_0.email,c1_0.cust_name,c1_0.phone,o1_0.employee_id,e1_0.emp_id,e1_0.address,e1_0.dob,e1_0.email,e1_0.full_name,e1_0.phone,e1_0.status,o1_0.order_date,o2_0.order_id,o2_0.product_id,p1_0.product_id,p1_0.description,p1_0.manufacturer_name,p1_0.name,p1_0.status,p1_0.unit,o2_0.note,o2_0.price,o2_0.quantity from orders o1_0 left join customer c1_0 on c1_0.cust_id=o1_0.cust_id join employee e1_0 on e1_0.emp_id=o1_0.employee_id left join order_detail o2_0 on o1_0.order_id=o2_0.order_id left join product p1_0 on p1_0.product_id=o2_0.product_id where o1_0.order_id=?
Hibernate: select p1_0.product_id,p1_0.price_date_time,p1_0.note,p1_0.price from product_price p1_0 where p1_0.product_id=?
Hibernate: select p1_0.product_id,p1_0.image_id,p1_0.alternative,p1_0.path from product_image p1_0 where p1_0.product_id=?
Hibernate: select o1_0.product_id,o1_0.order_id,o2_0.order_id,c1_0.cust_id,c1_0.address,c1_0.email,c1_0.cust_name,c1_0.phone,o2_0.employee_id,e1_0.emp_id,e1_0.address,e1_0.dob,e1_0.email,e1_0.full_name,e1_0.phone,e1_0.status,o2_0.order_date,o1_0.note,o1_0.price,o1_0.quantity from order_detail o1_0 join orders o2_0 on o2_0.order_id=o1_0.order_id left join customer c1_0 on c1_0.cust_id=o2_0.cust_id left join employee e1_0 on e1_0.emp_id=o2_0.employee_id where o1_0.product_id=?
Hibernate: select p1_0.product_id,p1_0.price_date_time,p1_0.note,p1_0.price from product_price p1_0 where p1_0.product_id=?
Hibernate: select p1_0.product_id,p1_0.image_id,p1_0.alternative,p1_0.path from product_image p1_0 where p1_0.product_id=?
Hibernate: select o1_0.product_id,o1_0.order_id,o2_0.order_id,c1_0.cust_id,c1_0.address,c1_0.email,c1_0.cust_name,c1_0.phone,o2_0.employee_id,e1_0.emp_id,e1_0.address,e1_0.dob,e1_0.email,e1_0.full_name,e1_0.phone,e1_0.status,o2_0.order_date,o1_0.note,o1_0.price,o1_0.quantity from order_detail o1_0 join orders o2_0 on o2_0.order_id=o1_0.order_id left join customer c1_0 on c1_0.cust_id=o2_0.cust_id left join employee e1_0 on e1_0.emp_id=o2_0.employee_id where o1_0.product_id=?
Hibernate: select l1_0.employee_id,l1_0.order_id,c1_0.cust_id,c1_0.address,c1_0.email,c1_0.cust_name,c1_0.phone,l1_0.order_date from orders l1_0 left join customer c1_0 on c1_0.cust_id=l1_0.cust_id where l1_0.employee_id=?
Hibernate: select p1_0.product_id,p1_0.description,p1_0.manufacturer_name,p1_0.name,p1_0.status,p1_0.unit,o1_0.product_id,o1_0.order_id,o2_0.order_id,c1_0.cust_id,c1_0.address,c1_0.email,c1_0.cust_name,c1_0.phone,o2_0.employee_id,e1_0.emp_id,e1_0.address,e1_0.dob,e1_0.email,e1_0.full_name,e1_0.phone,e1_0.status,o2_0.order_date,o1_0.note,o1_0.price,o1_0.quantity from product p1_0 left join order_detail o1_0 on p1_0.product_id=o1_0.product_id left join orders o2_0 on o2_0.order_id=o1_0.order_id left join customer c1_0 on c1_0.cust_id=o2_0.cust_id left join employee e1_0 on e1_0.emp_id=o2_0.employee_id where p1_0.product_id=?
Hibernate: select o1_0.order_id,o1_0.product_id,p1_0.product_id,p1_0.description,p1_0.manufacturer_name,p1_0.name,p1_0.status,p1_0.unit,o1_0.note,o1_0.price,o1_0.quantity from order_detail o1_0 join product p1_0 on p1_0.product_id=o1_0.product_id where o1_0.order_id=?
Hibernate: select o1_0.order_id,o1_0.product_id,p1_0.product_id,p1_0.description,p1_0.manufacturer_name,p1_0.name,p1_0.status,p1_0.unit,o1_0.note,o1_0.price,o1_0.quantity from order_detail o1_0 join product p1_0 on p1_0.product_id=o1_0.product_id where o1_0.order_id=?
Hibernate: select o1_0.order_id,o1_0.product_id,p1_0.product_id,p1_0.description,p1_0.manufacturer_name,p1_0.name,p1_0.status,p1_0.unit,o1_0.note,o1_0.price,o1_0.quantity from order_detail o1_0 join product p1_0 on p1_0.product_id=o1_0.product_id where o1_0.order_id=?
Hibernate: select o1_0.order_id,o1_0.product_id,p1_0.product_id,p1_0.description,p1_0.manufacturer_name,p1_0.name,p1_0.status,p1_0.unit,o1_0.note,o1_0.price,o1_0.quantity from order_detail o1_0 join product p1_0 on p1_0.product_id=o1_0.product_id where o1_0.order_id=?
Hibernate: select o1_0.order_id,o1_0.product_id,p1_0.product_id,p1_0.description,p1_0.manufacturer_name,p1_0.name,p1_0.status,p1_0.unit,o1_0.note,o1_0.price,o1_0.quantity from order_detail o1_0 join product p1_0 on p1_0.product_id=o1_0.product_id where o1_0.order_id=?
Hibernate: select o1_0.order_id,o1_0.product_id,p1_0.product_id,p1_0.description,p1_0.manufacturer_name,p1_0.name,p1_0.status,p1_0.unit,o1_0.note,o1_0.price,o1_0.quantity from order_detail o1_0 join product p1_0 on p1_0.product_id=o1_0.product_id where o1_0.order_id=?
Hibernate: select o1_0.order_id,o1_0.product_id,p1_0.product_id,p1_0.description,p1_0.manufacturer_name,p1_0.name,p1_0.status,p1_0.unit,o1_0.note,o1_0.price,o1_0.quantity from order_detail o1_0 join product p1_0 on p1_0.product_id=o1_0.product_id where o1_0.order_id=?
Hibernate: select o1_0.order_id,o1_0.product_id,p1_0.product_id,p1_0.description,p1_0.manufacturer_name,p1_0.name,p1_0.status,p1_0.unit,o1_0.note,o1_0.price,o1_0.quantity from order_detail o1_0 join product p1_0 on p1_0.product_id=o1_0.product_id where o1_0.order_id=?
Hibernate: select o1_0.order_id,o1_0.product_id,p1_0.product_id,p1_0.description,p1_0.manufacturer_name,p1_0.name,p1_0.status,p1_0.unit,o1_0.note,o1_0.price,o1_0.quantity from order_detail o1_0 join product p1_0 on p1_0.product_id=o1_0.product_id where o1_0.order_id=?
Hibernate: select o1_0.order_id,o1_0.product_id,p1_0.product_id,p1_0.description,p1_0.manufacturer_name,p1_0.name,p1_0.status,p1_0.unit,o1_0.note,o1_0.price,o1_0.quantity from order_detail o1_0 join product p1_0 on p1_0.product_id=o1_0.product_id where o1_0.order_id=?
Hibernate: select o1_0.order_id,o1_0.product_id,p1_0.product_id,p1_0.description,p1_0.manufacturer_name,p1_0.name,p1_0.status,p1_0.unit,o1_0.note,o1_0.price,o1_0.quantity from order_detail o1_0 join product p1_0 on p1_0.product_id=o1_0.product_id where o1_0.order_id=?
Hibernate: select l1_0.employee_id,l1_0.order_id,c1_0.cust_id,c1_0.address,c1_0.email,c1_0.cust_name,c1_0.phone,l1_0.order_date from orders l1_0 left join customer c1_0 on c1_0.cust_id=l1_0.cust_id where l1_0.employee_id=?
Hibernate: select p1_0.product_id,p1_0.price_date_time,p1_0.note,p1_0.price from product_price p1_0 where p1_0.product_id=?
Hibernate: select p1_0.product_id,p1_0.image_id,p1_0.alternative,p1_0.path from product_image p1_0 where p1_0.product_id=?
Hibernate: select o1_0.order_id,o1_0.product_id,p1_0.product_id,p1_0.description,p1_0.manufacturer_name,p1_0.name,p1_0.status,p1_0.unit,o1_0.note,o1_0.price,o1_0.quantity from order_detail o1_0 join product p1_0 on p1_0.product_id=o1_0.product_id where o1_0.order_id=?
Hibernate: insert into order_detail (note,price,quantity,order_id,product_id) values (?,?,?,?,?)
Hibernate: select e1_0.emp_id,e1_0.address,e1_0.dob,e1_0.email,e1_0.full_name,e1_0.phone,e1_0.status from employee e1_0 where e1_0.emp_id=?
Hibernate: select c1_0.cust_id,c1_0.address,c1_0.email,c1_0.cust_name,c1_0.phone from customer c1_0 where c1_0.cust_id=?
Hibernate: select o1_0.order_id,c1_0.cust_id,c1_0.address,c1_0.email,c1_0.cust_name,c1_0.phone,o1_0.employee_id,e1_0.emp_id,e1_0.address,e1_0.dob,e1_0.email,e1_0.full_name,e1_0.phone,e1_0.status,o1_0.order_date,o2_0.order_id,o2_0.product_id,p1_0.product_id,p1_0.description,p1_0.manufacturer_name,p1_0.name,p1_0.status,p1_0.unit,o2_0.note,o2_0.price,o2_0.quantity from orders o1_0 left join customer c1_0 on c1_0.cust_id=o1_0.cust_id join employee e1_0 on e1_0.emp_id=o1_0.employee_id left join order_detail o2_0 on o1_0.order_id=o2_0.order_id left join product p1_0 on p1_0.product_id=o2_0.product_id where o1_0.order_id=?
Hibernate: select c1_0.cust_id,c1_0.address,c1_0.email,c1_0.cust_name,c1_0.phone from customer c1_0 where c1_0.cust_id=?
Hibernate: select e1_0.emp_id,e1_0.address,e1_0.dob,e1_0.email,e1_0.full_name,e1_0.phone,e1_0.status from employee e1_0 where e1_0.emp_id=?
Hibernate: insert into orders (cust_id,employee_id,order_date,order_id) values (?,?,?,default)
Hibernate: select p1_0.product_id,p1_0.description,p1_0.manufacturer_name,p1_0.name,p1_0.status,p1_0.unit from product p1_0 where p1_0.product_id=?
Hibernate: select o1_0.order_id,o2_0.order_id,c1_0.cust_id,c1_0.address,c1_0.email,c1_0.cust_name,c1_0.phone,o2_0.employee_id,e1_0.emp_id,e1_0.address,e1_0.dob,e1_0.email,e1_0.full_name,e1_0.phone,e1_0.status,o2_0.order_date,o1_0.product_id,p1_0.product_id,p1_0.description,p1_0.manufacturer_name,p1_0.name,p1_0.status,p1_0.unit,p2_0.product_id,p2_0.image_id,p2_0.alternative,p2_0.path,o1_0.note,o1_0.price,o1_0.quantity from order_detail o1_0 join orders o2_0 on o2_0.order_id=o1_0.order_id left join customer c1_0 on c1_0.cust_id=o2_0.cust_id left join employee e1_0 on e1_0.emp_id=o2_0.employee_id join product p1_0 on p1_0.product_id=o1_0.product_id left join product_image p2_0 on p1_0.product_id=p2_0.product_id where (o1_0.order_id,o1_0.product_id) in ((?,?))
Hibernate: select o1_0.order_id,c1_0.cust_id,c1_0.address,c1_0.email,c1_0.cust_name,c1_0.phone,o1_0.employee_id,e1_0.emp_id,e1_0.address,e1_0.dob,e1_0.email,e1_0.full_name,e1_0.phone,e1_0.status,o1_0.order_date,o2_0.order_id,o2_0.product_id,p1_0.product_id,p1_0.description,p1_0.manufacturer_name,p1_0.name,p1_0.status,p1_0.unit,o2_0.note,o2_0.price,o2_0.quantity from orders o1_0 left join customer c1_0 on c1_0.cust_id=o1_0.cust_id join employee e1_0 on e1_0.emp_id=o1_0.employee_id left join order_detail o2_0 on o1_0.order_id=o2_0.order_id left join product p1_0 on p1_0.product_id=o2_0.product_id where o1_0.order_id=?
Hibernate: select l1_0.employee_id,l1_0.order_id,c1_0.cust_id,c1_0.address,c1_0.email,c1_0.cust_name,c1_0.phone,l1_0.order_date from orders l1_0 left join customer c1_0 on c1_0.cust_id=l1_0.cust_id where l1_0.employee_id=?
Hibernate: select p1_0.product_id,p1_0.description,p1_0.manufacturer_name,p1_0.name,p1_0.status,p1_0.unit,o1_0.product_id,o1_0.order_id,o2_0.order_id,c1_0.cust_id,c1_0.address,c1_0.email,c1_0.cust_name,c1_0.phone,o2_0.employee_id,e1_0.emp_id,e1_0.address,e1_0.dob,e1_0.email,e1_0.full_name,e1_0.phone,e1_0.status,o2_0.order_date,o1_0.note,o1_0.price,o1_0.quantity from product p1_0 left join order_detail o1_0 on p1_0.product_id=o1_0.product_id left join orders o2_0 on o2_0.order_id=o1_0.order_id left join customer c1_0 on c1_0.cust_id=o2_0.cust_id left join employee e1_0 on e1_0.emp_id=o2_0.employee_id where p1_0.product_id=?
Hibernate: select o1_0.order_id,o1_0.product_id,p1_0.product_id,p1_0.description,p1_0.manufacturer_name,p1_0.name,p1_0.status,p1_0.unit,o1_0.note,o1_0.price,o1_0.quantity from order_detail o1_0 join product p1_0 on p1_0.product_id=o1_0.product_id where o1_0.order_id=?
Hibernate: select l1_0.employee_id,l1_0.order_id,c1_0.cust_id,c1_0.address,c1_0.email,c1_0.cust_name,c1_0.phone,l1_0.order_date from orders l1_0 left join customer c1_0 on c1_0.cust_id=l1_0.cust_id where l1_0.employee_id=?
Hibernate: select o1_0.order_id,o1_0.product_id,p1_0.product_id,p1_0.description,p1_0.manufacturer_name,p1_0.name,p1_0.status,p1_0.unit,o1_0.note,o1_0.price,o1_0.quantity from order_detail o1_0 join product p1_0 on p1_0.product_id=o1_0.product_id where o1_0.order_id=?
Hibernate: select o1_0.order_id,o1_0.product_id,p1_0.product_id,p1_0.description,p1_0.manufacturer_name,p1_0.name,p1_0.status,p1_0.unit,o1_0.note,o1_0.price,o1_0.quantity from order_detail o1_0 join product p1_0 on p1_0.product_id=o1_0.product_id where o1_0.order_id=?
Hibernate: select l1_0.employee_id,l1_0.order_id,c1_0.cust_id,c1_0.address,c1_0.email,c1_0.cust_name,c1_0.phone,l1_0.order_date from orders l1_0 left join customer c1_0 on c1_0.cust_id=l1_0.cust_id where l1_0.employee_id=?
Hibernate: select o1_0.order_id,o1_0.product_id,p1_0.product_id,p1_0.description,p1_0.manufacturer_name,p1_0.name,p1_0.status,p1_0.unit,o1_0.note,o1_0.price,o1_0.quantity from order_detail o1_0 join product p1_0 on p1_0.product_id=o1_0.product_id where o1_0.order_id=?
Hibernate: select l1_0.employee_id,l1_0.order_id,c1_0.cust_id,c1_0.address,c1_0.email,c1_0.cust_name,c1_0.phone,l1_0.order_date from orders l1_0 left join customer c1_0 on c1_0.cust_id=l1_0.cust_id where l1_0.employee_id=?
Hibernate: select p1_0.product_id,p1_0.price_date_time,p1_0.note,p1_0.price from product_price p1_0 where p1_0.product_id=?
Hibernate: select p1_0.product_id,p1_0.image_id,p1_0.alternative,p1_0.path from product_image p1_0 where p1_0.product_id=?
Hibernate: select o1_0.order_id,o1_0.product_id,p1_0.product_id,p1_0.description,p1_0.manufacturer_name,p1_0.name,p1_0.status,p1_0.unit,o1_0.note,o1_0.price,o1_0.quantity from order_detail o1_0 join product p1_0 on p1_0.product_id=o1_0.product_id where o1_0.order_id=?
Hibernate: select l1_0.employee_id,l1_0.order_id,c1_0.cust_id,c1_0.address,c1_0.email,c1_0.cust_name,c1_0.phone,l1_0.order_date from orders l1_0 left join customer c1_0 on c1_0.cust_id=l1_0.cust_id where l1_0.employee_id=?
Hibernate: insert into order_detail (note,price,quantity,order_id,product_id) values (?,?,?,?,?)
Hibernate: select p1_0.product_id,p1_0.description,p1_0.manufacturer_name,p1_0.name,p1_0.status,p1_0.unit from product p1_0 where p1_0.product_id=?
Hibernate: select o1_0.order_id,o2_0.order_id,c1_0.cust_id,c1_0.address,c1_0.email,c1_0.cust_name,c1_0.phone,o2_0.employee_id,e1_0.emp_id,e1_0.address,e1_0.dob,e1_0.email,e1_0.full_name,e1_0.phone,e1_0.status,o2_0.order_date,o1_0.product_id,p1_0.product_id,p1_0.description,p1_0.manufacturer_name,p1_0.name,p1_0.status,p1_0.unit,p2_0.product_id,p2_0.image_id,p2_0.alternative,p2_0.path,o1_0.note,o1_0.price,o1_0.quantity from order_detail o1_0 join orders o2_0 on o2_0.order_id=o1_0.order_id left join customer c1_0 on c1_0.cust_id=o2_0.cust_id left join employee e1_0 on e1_0.emp_id=o2_0.employee_id join product p1_0 on p1_0.product_id=o1_0.product_id left join product_image p2_0 on p1_0.product_id=p2_0.product_id where (o1_0.order_id,o1_0.product_id) in ((?,?))
Hibernate: select o1_0.order_id,c1_0.cust_id,c1_0.address,c1_0.email,c1_0.cust_name,c1_0.phone,o1_0.employee_id,e1_0.emp_id,e1_0.address,e1_0.dob,e1_0.email,e1_0.full_name,e1_0.phone,e1_0.status,o1_0.order_date,o2_0.order_id,o2_0.product_id,p1_0.product_id,p1_0.description,p1_0.manufacturer_name,p1_0.name,p1_0.status,p1_0.unit,o2_0.note,o2_0.price,o2_0.quantity from orders o1_0 left join customer c1_0 on c1_0.cust_id=o1_0.cust_id join employee e1_0 on e1_0.emp_id=o1_0.employee_id left join order_detail o2_0 on o1_0.order_id=o2_0.order_id left join product p1_0 on p1_0.product_id=o2_0.product_id where o1_0.order_id=?
Hibernate: select p1_0.product_id,p1_0.price_date_time,p1_0.note,p1_0.price from product_price p1_0 where p1_0.product_id=?
Hibernate: select p1_0.product_id,p1_0.image_id,p1_0.alternative,p1_0.path from product_image p1_0 where p1_0.product_id=?
Hibernate: select o1_0.product_id,o1_0.order_id,o2_0.order_id,c1_0.cust_id,c1_0.address,c1_0.email,c1_0.cust_name,c1_0.phone,o2_0.employee_id,e1_0.emp_id,e1_0.address,e1_0.dob,e1_0.email,e1_0.full_name,e1_0.phone,e1_0.status,o2_0.order_date,o1_0.note,o1_0.price,o1_0.quantity from order_detail o1_0 join orders o2_0 on o2_0.order_id=o1_0.order_id left join customer c1_0 on c1_0.cust_id=o2_0.cust_id left join employee e1_0 on e1_0.emp_id=o2_0.employee_id where o1_0.product_id=?
Hibernate: select l1_0.employee_id,l1_0.order_id,c1_0.cust_id,c1_0.address,c1_0.email,c1_0.cust_name,c1_0.phone,l1_0.order_date from orders l1_0 left join customer c1_0 on c1_0.cust_id=l1_0.cust_id where l1_0.employee_id=?
Hibernate: select p1_0.product_id,p1_0.description,p1_0.manufacturer_name,p1_0.name,p1_0.status,p1_0.unit,o1_0.product_id,o1_0.order_id,o2_0.order_id,c1_0.cust_id,c1_0.address,c1_0.email,c1_0.cust_name,c1_0.phone,o2_0.employee_id,e1_0.emp_id,e1_0.address,e1_0.dob,e1_0.email,e1_0.full_name,e1_0.phone,e1_0.status,o2_0.order_date,o1_0.note,o1_0.price,o1_0.quantity from product p1_0 left join order_detail o1_0 on p1_0.product_id=o1_0.product_id left join orders o2_0 on o2_0.order_id=o1_0.order_id left join customer c1_0 on c1_0.cust_id=o2_0.cust_id left join employee e1_0 on e1_0.emp_id=o2_0.employee_id where p1_0.product_id=?
Hibernate: select o1_0.order_id,o1_0.product_id,p1_0.product_id,p1_0.description,p1_0.manufacturer_name,p1_0.name,p1_0.status,p1_0.unit,o1_0.note,o1_0.price,o1_0.quantity from order_detail o1_0 join product p1_0 on p1_0.product_id=o1_0.product_id where o1_0.order_id=?
Hibernate: select o1_0.order_id,o1_0.product_id,p1_0.product_id,p1_0.description,p1_0.manufacturer_name,p1_0.name,p1_0.status,p1_0.unit,o1_0.note,o1_0.price,o1_0.quantity from order_detail o1_0 join product p1_0 on p1_0.product_id=o1_0.product_id where o1_0.order_id=?
Hibernate: select o1_0.order_id,o1_0.product_id,p1_0.product_id,p1_0.description,p1_0.manufacturer_name,p1_0.name,p1_0.status,p1_0.unit,o1_0.note,o1_0.price,o1_0.quantity from order_detail o1_0 join product p1_0 on p1_0.product_id=o1_0.product_id where o1_0.order_id=?
Hibernate: select o1_0.order_id,o1_0.product_id,p1_0.product_id,p1_0.description,p1_0.manufacturer_name,p1_0.name,p1_0.status,p1_0.unit,o1_0.note,o1_0.price,o1_0.quantity from order_detail o1_0 join product p1_0 on p1_0.product_id=o1_0.product_id where o1_0.order_id=?
Hibernate: select l1_0.employee_id,l1_0.order_id,c1_0.cust_id,c1_0.address,c1_0.email,c1_0.cust_name,c1_0.phone,l1_0.order_date from orders l1_0 left join customer c1_0 on c1_0.cust_id=l1_0.cust_id where l1_0.employee_id=?
Hibernate: select o1_0.order_id,o1_0.product_id,p1_0.product_id,p1_0.description,p1_0.manufacturer_name,p1_0.name,p1_0.status,p1_0.unit,o1_0.note,o1_0.price,o1_0.quantity from order_detail o1_0 join product p1_0 on p1_0.product_id=o1_0.product_id where o1_0.order_id=?
Hibernate: select l1_0.employee_id,l1_0.order_id,c1_0.cust_id,c1_0.address,c1_0.email,c1_0.cust_name,c1_0.phone,l1_0.order_date from orders l1_0 left join customer c1_0 on c1_0.cust_id=l1_0.cust_id where l1_0.employee_id=?
Hibernate: select o1_0.order_id,o1_0.product_id,p1_0.product_id,p1_0.description,p1_0.manufacturer_name,p1_0.name,p1_0.status,p1_0.unit,o1_0.note,o1_0.price,o1_0.quantity from order_detail o1_0 join product p1_0 on p1_0.product_id=o1_0.product_id where o1_0.order_id=?
Hibernate: select l1_0.employee_id,l1_0.order_id,c1_0.cust_id,c1_0.address,c1_0.email,c1_0.cust_name,c1_0.phone,l1_0.order_date from orders l1_0 left join customer c1_0 on c1_0.cust_id=l1_0.cust_id where l1_0.employee_id=?
Hibernate: select o1_0.order_id,o1_0.product_id,p1_0.product_id,p1_0.description,p1_0.manufacturer_name,p1_0.name,p1_0.status,p1_0.unit,o1_0.note,o1_0.price,o1_0.quantity from order_detail o1_0 join product p1_0 on p1_0.product_id=o1_0.product_id where o1_0.order_id=?
Hibernate: select l1_0.employee_id,l1_0.order_id,c1_0.cust_id,c1_0.address,c1_0.email,c1_0.cust_name,c1_0.phone,l1_0.order_date from orders l1_0 left join customer c1_0 on c1_0.cust_id=l1_0.cust_id where l1_0.employee_id=?
Hibernate: select p1_0.product_id,p1_0.price_date_time,p1_0.note,p1_0.price from product_price p1_0 where p1_0.product_id=?
Hibernate: select p1_0.product_id,p1_0.image_id,p1_0.alternative,p1_0.path from product_image p1_0 where p1_0.product_id=?
Hibernate: select o1_0.order_id,o1_0.product_id,p1_0.product_id,p1_0.description,p1_0.manufacturer_name,p1_0.name,p1_0.status,p1_0.unit,o1_0.note,o1_0.price,o1_0.quantity from order_detail o1_0 join product p1_0 on p1_0.product_id=o1_0.product_id where o1_0.order_id=?
Hibernate: insert into order_detail (note,price,quantity,order_id,product_id) values (?,?,?,?,?)
Hibernate: select p1_0.product_id,p1_0.description,p1_0.manufacturer_name,p1_0.name,p1_0.status,p1_0.unit from product p1_0 where p1_0.product_id=?
Hibernate: select o1_0.order_id,o2_0.order_id,c1_0.cust_id,c1_0.address,c1_0.email,c1_0.cust_name,c1_0.phone,o2_0.employee_id,e1_0.emp_id,e1_0.address,e1_0.dob,e1_0.email,e1_0.full_name,e1_0.phone,e1_0.status,o2_0.order_date,o1_0.product_id,p1_0.product_id,p1_0.description,p1_0.manufacturer_name,p1_0.name,p1_0.status,p1_0.unit,p2_0.product_id,p2_0.image_id,p2_0.alternative,p2_0.path,o1_0.note,o1_0.price,o1_0.quantity from order_detail o1_0 join orders o2_0 on o2_0.order_id=o1_0.order_id left join customer c1_0 on c1_0.cust_id=o2_0.cust_id left join employee e1_0 on e1_0.emp_id=o2_0.employee_id join product p1_0 on p1_0.product_id=o1_0.product_id left join product_image p2_0 on p1_0.product_id=p2_0.product_id where (o1_0.order_id,o1_0.product_id) in ((?,?))
Hibernate: select o1_0.order_id,c1_0.cust_id,c1_0.address,c1_0.email,c1_0.cust_name,c1_0.phone,o1_0.employee_id,e1_0.emp_id,e1_0.address,e1_0.dob,e1_0.email,e1_0.full_name,e1_0.phone,e1_0.status,o1_0.order_date,o2_0.order_id,o2_0.product_id,p1_0.product_id,p1_0.description,p1_0.manufacturer_name,p1_0.name,p1_0.status,p1_0.unit,o2_0.note,o2_0.price,o2_0.quantity from orders o1_0 left join customer c1_0 on c1_0.cust_id=o1_0.cust_id join employee e1_0 on e1_0.emp_id=o1_0.employee_id left join order_detail o2_0 on o1_0.order_id=o2_0.order_id left join product p1_0 on p1_0.product_id=o2_0.product_id where o1_0.order_id=?
Hibernate: select p1_0.product_id,p1_0.price_date_time,p1_0.note,p1_0.price from product_price p1_0 where p1_0.product_id=?
Hibernate: select p1_0.product_id,p1_0.image_id,p1_0.alternative,p1_0.path from product_image p1_0 where p1_0.product_id=?
Hibernate: select o1_0.product_id,o1_0.order_id,o2_0.order_id,c1_0.cust_id,c1_0.address,c1_0.email,c1_0.cust_name,c1_0.phone,o2_0.employee_id,e1_0.emp_id,e1_0.address,e1_0.dob,e1_0.email,e1_0.full_name,e1_0.phone,e1_0.status,o2_0.order_date,o1_0.note,o1_0.price,o1_0.quantity from order_detail o1_0 join orders o2_0 on o2_0.order_id=o1_0.order_id left join customer c1_0 on c1_0.cust_id=o2_0.cust_id left join employee e1_0 on e1_0.emp_id=o2_0.employee_id where o1_0.product_id=?
Hibernate: select p1_0.product_id,p1_0.price_date_time,p1_0.note,p1_0.price from product_price p1_0 where p1_0.product_id=?
Hibernate: select p1_0.product_id,p1_0.image_id,p1_0.alternative,p1_0.path from product_image p1_0 where p1_0.product_id=?
Hibernate: select o1_0.product_id,o1_0.order_id,o2_0.order_id,c1_0.cust_id,c1_0.address,c1_0.email,c1_0.cust_name,c1_0.phone,o2_0.employee_id,e1_0.emp_id,e1_0.address,e1_0.dob,e1_0.email,e1_0.full_name,e1_0.phone,e1_0.status,o2_0.order_date,o1_0.note,o1_0.price,o1_0.quantity from order_detail o1_0 join orders o2_0 on o2_0.order_id=o1_0.order_id left join customer c1_0 on c1_0.cust_id=o2_0.cust_id left join employee e1_0 on e1_0.emp_id=o2_0.employee_id where o1_0.product_id=?
Hibernate: select l1_0.employee_id,l1_0.order_id,c1_0.cust_id,c1_0.address,c1_0.email,c1_0.cust_name,c1_0.phone,l1_0.order_date from orders l1_0 left join customer c1_0 on c1_0.cust_id=l1_0.cust_id where l1_0.employee_id=?
Hibernate: select p1_0.product_id,p1_0.description,p1_0.manufacturer_name,p1_0.name,p1_0.status,p1_0.unit,o1_0.product_id,o1_0.order_id,o2_0.order_id,c1_0.cust_id,c1_0.address,c1_0.email,c1_0.cust_name,c1_0.phone,o2_0.employee_id,e1_0.emp_id,e1_0.address,e1_0.dob,e1_0.email,e1_0.full_name,e1_0.phone,e1_0.status,o2_0.order_date,o1_0.note,o1_0.price,o1_0.quantity from product p1_0 left join order_detail o1_0 on p1_0.product_id=o1_0.product_id left join orders o2_0 on o2_0.order_id=o1_0.order_id left join customer c1_0 on c1_0.cust_id=o2_0.cust_id left join employee e1_0 on e1_0.emp_id=o2_0.employee_id where p1_0.product_id=?
Hibernate: select o1_0.order_id,o1_0.product_id,p1_0.product_id,p1_0.description,p1_0.manufacturer_name,p1_0.name,p1_0.status,p1_0.unit,o1_0.note,o1_0.price,o1_0.quantity from order_detail o1_0 join product p1_0 on p1_0.product_id=o1_0.product_id where o1_0.order_id=?
Hibernate: select o1_0.order_id,o1_0.product_id,p1_0.product_id,p1_0.description,p1_0.manufacturer_name,p1_0.name,p1_0.status,p1_0.unit,o1_0.note,o1_0.price,o1_0.quantity from order_detail o1_0 join product p1_0 on p1_0.product_id=o1_0.product_id where o1_0.order_id=?
Hibernate: select o1_0.order_id,o1_0.product_id,p1_0.product_id,p1_0.description,p1_0.manufacturer_name,p1_0.name,p1_0.status,p1_0.unit,o1_0.note,o1_0.price,o1_0.quantity from order_detail o1_0 join product p1_0 on p1_0.product_id=o1_0.product_id where o1_0.order_id=?
Hibernate: select p1_0.product_id,p1_0.price_date_time,p1_0.note,p1_0.price from product_price p1_0 where p1_0.product_id=?
Hibernate: select p1_0.product_id,p1_0.image_id,p1_0.alternative,p1_0.path from product_image p1_0 where p1_0.product_id=?
Hibernate: select o1_0.order_id,o1_0.product_id,p1_0.product_id,p1_0.description,p1_0.manufacturer_name,p1_0.name,p1_0.status,p1_0.unit,o1_0.note,o1_0.price,o1_0.quantity from order_detail o1_0 join product p1_0 on p1_0.product_id=o1_0.product_id where o1_0.order_id=?
Hibernate: insert into order_detail (note,price,quantity,order_id,product_id) values (?,?,?,?,?)
Hibernate: select e1_0.emp_id,e1_0.address,e1_0.dob,e1_0.email,e1_0.full_name,e1_0.phone,e1_0.status from employee e1_0 where e1_0.emp_id=?
Hibernate: select c1_0.cust_id,c1_0.address,c1_0.email,c1_0.cust_name,c1_0.phone from customer c1_0 where c1_0.cust_id=?
Hibernate: select o1_0.order_id,c1_0.cust_id,c1_0.address,c1_0.email,c1_0.cust_name,c1_0.phone,o1_0.employee_id,e1_0.emp_id,e1_0.address,e1_0.dob,e1_0.email,e1_0.full_name,e1_0.phone,e1_0.status,o1_0.order_date,o2_0.order_id,o2_0.product_id,p1_0.product_id,p1_0.description,p1_0.manufacturer_name,p1_0.name,p1_0.status,p1_0.unit,o2_0.note,o2_0.price,o2_0.quantity from orders o1_0 left join customer c1_0 on c1_0.cust_id=o1_0.cust_id join employee e1_0 on e1_0.emp_id=o1_0.employee_id left join order_detail o2_0 on o1_0.order_id=o2_0.order_id left join product p1_0 on p1_0.product_id=o2_0.product_id where o1_0.order_id=?
Hibernate: select c1_0.cust_id,c1_0.address,c1_0.email,c1_0.cust_name,c1_0.phone from customer c1_0 where c1_0.cust_id=?
Hibernate: select e1_0.emp_id,e1_0.address,e1_0.dob,e1_0.email,e1_0.full_name,e1_0.phone,e1_0.status from employee e1_0 where e1_0.emp_id=?
Hibernate: insert into orders (cust_id,employee_id,order_date,order_id) values (?,?,?,default)
Hibernate: select p1_0.product_id,p1_0.description,p1_0.manufacturer_name,p1_0.name,p1_0.status,p1_0.unit from product p1_0 where p1_0.product_id=?
Hibernate: select o1_0.order_id,o2_0.order_id,c1_0.cust_id,c1_0.address,c1_0.email,c1_0.cust_name,c1_0.phone,o2_0.employee_id,e1_0.emp_id,e1_0.address,e1_0.dob,e1_0.email,e1_0.full_name,e1_0.phone,e1_0.status,o2_0.order_date,o1_0.product_id,p1_0.product_id,p1_0.description,p1_0.manufacturer_name,p1_0.name,p1_0.status,p1_0.unit,p2_0.product_id,p2_0.image_id,p2_0.alternative,p2_0.path,o1_0.note,o1_0.price,o1_0.quantity from order_detail o1_0 join orders o2_0 on o2_0.order_id=o1_0.order_id left join customer c1_0 on c1_0.cust_id=o2_0.cust_id left join employee e1_0 on e1_0.emp_id=o2_0.employee_id join product p1_0 on p1_0.product_id=o1_0.product_id left join product_image p2_0 on p1_0.product_id=p2_0.product_id where (o1_0.order_id,o1_0.product_id) in ((?,?))
Hibernate: select o1_0.order_id,c1_0.cust_id,c1_0.address,c1_0.email,c1_0.cust_name,c1_0.phone,o1_0.employee_id,e1_0.emp_id,e1_0.address,e1_0.dob,e1_0.email,e1_0.full_name,e1_0.phone,e1_0.status,o1_0.order_date,o2_0.order_id,o2_0.product_id,p1_0.product_id,p1_0.description,p1_0.manufacturer_name,p1_0.name,p1_0.status,p1_0.unit,o2_0.note,o2_0.price,o2_0.quantity from orders o1_0 left join customer c1_0 on c1_0.cust_id=o1_0.cust_id join employee e1_0 on e1_0.emp_id=o1_0.employee_id left join order_detail o2_0 on o1_0.order_id=o2_0.order_id left join product p1_0 on p1_0.product_id=o2_0.product_id where o1_0.order_id=?
Hibernate: select l1_0.employee_id,l1_0.order_id,c1_0.cust_id,c1_0.address,c1_0.email,c1_0.cust_name,c1_0.phone,l1_0.order_date from orders l1_0 left join customer c1_0 on c1_0.cust_id=l1_0.cust_id where l1_0.employee_id=?
Hibernate: select p1_0.product_id,p1_0.description,p1_0.manufacturer_name,p1_0.name,p1_0.status,p1_0.unit,o1_0.product_id,o1_0.order_id,o2_0.order_id,c1_0.cust_id,c1_0.address,c1_0.email,c1_0.cust_name,c1_0.phone,o2_0.employee_id,e1_0.emp_id,e1_0.address,e1_0.dob,e1_0.email,e1_0.full_name,e1_0.phone,e1_0.status,o2_0.order_date,o1_0.note,o1_0.price,o1_0.quantity from product p1_0 left join order_detail o1_0 on p1_0.product_id=o1_0.product_id left join orders o2_0 on o2_0.order_id=o1_0.order_id left join customer c1_0 on c1_0.cust_id=o2_0.cust_id left join employee e1_0 on e1_0.emp_id=o2_0.employee_id where p1_0.product_id=?
Hibernate: select o1_0.order_id,o1_0.product_id,p1_0.product_id,p1_0.description,p1_0.manufacturer_name,p1_0.name,p1_0.status,p1_0.unit,o1_0.note,o1_0.price,o1_0.quantity from order_detail o1_0 join product p1_0 on p1_0.product_id=o1_0.product_id where o1_0.order_id=?
Hibernate: select l1_0.employee_id,l1_0.order_id,c1_0.cust_id,c1_0.address,c1_0.email,c1_0.cust_name,c1_0.phone,l1_0.order_date from orders l1_0 left join customer c1_0 on c1_0.cust_id=l1_0.cust_id where l1_0.employee_id=?
Hibernate: select o1_0.order_id,o1_0.product_id,p1_0.product_id,p1_0.description,p1_0.manufacturer_name,p1_0.name,p1_0.status,p1_0.unit,o1_0.note,o1_0.price,o1_0.quantity from order_detail o1_0 join product p1_0 on p1_0.product_id=o1_0.product_id where o1_0.order_id=?
Hibernate: select l1_0.employee_id,l1_0.order_id,c1_0.cust_id,c1_0.address,c1_0.email,c1_0.cust_name,c1_0.phone,l1_0.order_date from orders l1_0 left join customer c1_0 on c1_0.cust_id=l1_0.cust_id where l1_0.employee_id=?
Hibernate: select o1_0.order_id,o1_0.product_id,p1_0.product_id,p1_0.description,p1_0.manufacturer_name,p1_0.name,p1_0.status,p1_0.unit,o1_0.note,o1_0.price,o1_0.quantity from order_detail o1_0 join product p1_0 on p1_0.product_id=o1_0.product_id where o1_0.order_id=?
Hibernate: select l1_0.employee_id,l1_0.order_id,c1_0.cust_id,c1_0.address,c1_0.email,c1_0.cust_name,c1_0.phone,l1_0.order_date from orders l1_0 left join customer c1_0 on c1_0.cust_id=l1_0.cust_id where l1_0.employee_id=?
Hibernate: select p1_0.product_id,p1_0.price_date_time,p1_0.note,p1_0.price from product_price p1_0 where p1_0.product_id=?
Hibernate: select p1_0.product_id,p1_0.image_id,p1_0.alternative,p1_0.path from product_image p1_0 where p1_0.product_id=?
Hibernate: insert into order_detail (note,price,quantity,order_id,product_id) values (?,?,?,?,?)
Hibernate: select p1_0.product_id,p1_0.description,p1_0.manufacturer_name,p1_0.name,p1_0.status,p1_0.unit from product p1_0 where p1_0.product_id=?
Hibernate: select o1_0.order_id,o2_0.order_id,c1_0.cust_id,c1_0.address,c1_0.email,c1_0.cust_name,c1_0.phone,o2_0.employee_id,e1_0.emp_id,e1_0.address,e1_0.dob,e1_0.email,e1_0.full_name,e1_0.phone,e1_0.status,o2_0.order_date,o1_0.product_id,p1_0.product_id,p1_0.description,p1_0.manufacturer_name,p1_0.name,p1_0.status,p1_0.unit,p2_0.product_id,p2_0.image_id,p2_0.alternative,p2_0.path,o1_0.note,o1_0.price,o1_0.quantity from order_detail o1_0 join orders o2_0 on o2_0.order_id=o1_0.order_id left join customer c1_0 on c1_0.cust_id=o2_0.cust_id left join employee e1_0 on e1_0.emp_id=o2_0.employee_id join product p1_0 on p1_0.product_id=o1_0.product_id left join product_image p2_0 on p1_0.product_id=p2_0.product_id where (o1_0.order_id,o1_0.product_id) in ((?,?))
Hibernate: select o1_0.order_id,c1_0.cust_id,c1_0.address,c1_0.email,c1_0.cust_name,c1_0.phone,o1_0.employee_id,e1_0.emp_id,e1_0.address,e1_0.dob,e1_0.email,e1_0.full_name,e1_0.phone,e1_0.status,o1_0.order_date,o2_0.order_id,o2_0.product_id,p1_0.product_id,p1_0.description,p1_0.manufacturer_name,p1_0.name,p1_0.status,p1_0.unit,o2_0.note,o2_0.price,o2_0.quantity from orders o1_0 left join customer c1_0 on c1_0.cust_id=o1_0.cust_id join employee e1_0 on e1_0.emp_id=o1_0.employee_id left join order_detail o2_0 on o1_0.order_id=o2_0.order_id left join product p1_0 on p1_0.product_id=o2_0.product_id where o1_0.order_id=?
Hibernate: select p1_0.product_id,p1_0.price_date_time,p1_0.note,p1_0.price from product_price p1_0 where p1_0.product_id=?
Hibernate: select p1_0.product_id,p1_0.image_id,p1_0.alternative,p1_0.path from product_image p1_0 where p1_0.product_id=?
Hibernate: select o1_0.product_id,o1_0.order_id,o2_0.order_id,c1_0.cust_id,c1_0.address,c1_0.email,c1_0.cust_name,c1_0.phone,o2_0.employee_id,e1_0.emp_id,e1_0.address,e1_0.dob,e1_0.email,e1_0.full_name,e1_0.phone,e1_0.status,o2_0.order_date,o1_0.note,o1_0.price,o1_0.quantity from order_detail o1_0 join orders o2_0 on o2_0.order_id=o1_0.order_id left join customer c1_0 on c1_0.cust_id=o2_0.cust_id left join employee e1_0 on e1_0.emp_id=o2_0.employee_id where o1_0.product_id=?
Hibernate: select l1_0.employee_id,l1_0.order_id,c1_0.cust_id,c1_0.address,c1_0.email,c1_0.cust_name,c1_0.phone,l1_0.order_date from orders l1_0 left join customer c1_0 on c1_0.cust_id=l1_0.cust_id where l1_0.employee_id=?
Hibernate: select p1_0.product_id,p1_0.description,p1_0.manufacturer_name,p1_0.name,p1_0.status,p1_0.unit,o1_0.product_id,o1_0.order_id,o2_0.order_id,c1_0.cust_id,c1_0.address,c1_0.email,c1_0.cust_name,c1_0.phone,o2_0.employee_id,e1_0.emp_id,e1_0.address,e1_0.dob,e1_0.email,e1_0.full_name,e1_0.phone,e1_0.status,o2_0.order_date,o1_0.note,o1_0.price,o1_0.quantity from product p1_0 left join order_detail o1_0 on p1_0.product_id=o1_0.product_id left join orders o2_0 on o2_0.order_id=o1_0.order_id left join customer c1_0 on c1_0.cust_id=o2_0.cust_id left join employee e1_0 on e1_0.emp_id=o2_0.employee_id where p1_0.product_id=?
Hibernate: select o1_0.order_id,o1_0.product_id,p1_0.product_id,p1_0.description,p1_0.manufacturer_name,p1_0.name,p1_0.status,p1_0.unit,o1_0.note,o1_0.price,o1_0.quantity from order_detail o1_0 join product p1_0 on p1_0.product_id=o1_0.product_id where o1_0.order_id=?
Hibernate: select o1_0.order_id,o1_0.product_id,p1_0.product_id,p1_0.description,p1_0.manufacturer_name,p1_0.name,p1_0.status,p1_0.unit,o1_0.note,o1_0.price,o1_0.quantity from order_detail o1_0 join product p1_0 on p1_0.product_id=o1_0.product_id where o1_0.order_id=?
Hibernate: select o1_0.order_id,o1_0.product_id,p1_0.product_id,p1_0.description,p1_0.manufacturer_name,p1_0.name,p1_0.status,p1_0.unit,o1_0.note,o1_0.price,o1_0.quantity from order_detail o1_0 join product p1_0 on p1_0.product_id=o1_0.product_id where o1_0.order_id=?
Hibernate: select o1_0.order_id,o1_0.product_id,p1_0.product_id,p1_0.description,p1_0.manufacturer_name,p1_0.name,p1_0.status,p1_0.unit,o1_0.note,o1_0.price,o1_0.quantity from order_detail o1_0 join product p1_0 on p1_0.product_id=o1_0.product_id where o1_0.order_id=?
Hibernate: select l1_0.employee_id,l1_0.order_id,c1_0.cust_id,c1_0.address,c1_0.email,c1_0.cust_name,c1_0.phone,l1_0.order_date from orders l1_0 left join customer c1_0 on c1_0.cust_id=l1_0.cust_id where l1_0.employee_id=?
Hibernate: select o1_0.order_id,o1_0.product_id,p1_0.product_id,p1_0.description,p1_0.manufacturer_name,p1_0.name,p1_0.status,p1_0.unit,o1_0.note,o1_0.price,o1_0.quantity from order_detail o1_0 join product p1_0 on p1_0.product_id=o1_0.product_id where o1_0.order_id=?
Hibernate: select o1_0.order_id,o1_0.product_id,p1_0.product_id,p1_0.description,p1_0.manufacturer_name,p1_0.name,p1_0.status,p1_0.unit,o1_0.note,o1_0.price,o1_0.quantity from order_detail o1_0 join product p1_0 on p1_0.product_id=o1_0.product_id where o1_0.order_id=?
Hibernate: select o1_0.order_id,o1_0.product_id,p1_0.product_id,p1_0.description,p1_0.manufacturer_name,p1_0.name,p1_0.status,p1_0.unit,o1_0.note,o1_0.price,o1_0.quantity from order_detail o1_0 join product p1_0 on p1_0.product_id=o1_0.product_id where o1_0.order_id=?
Hibernate: select o1_0.order_id,o1_0.product_id,p1_0.product_id,p1_0.description,p1_0.manufacturer_name,p1_0.name,p1_0.status,p1_0.unit,o1_0.note,o1_0.price,o1_0.quantity from order_detail o1_0 join product p1_0 on p1_0.product_id=o1_0.product_id where o1_0.order_id=?
Hibernate: select l1_0.employee_id,l1_0.order_id,c1_0.cust_id,c1_0.address,c1_0.email,c1_0.cust_name,c1_0.phone,l1_0.order_date from orders l1_0 left join customer c1_0 on c1_0.cust_id=l1_0.cust_id where l1_0.employee_id=?
Hibernate: select o1_0.order_id,o1_0.product_id,p1_0.product_id,p1_0.description,p1_0.manufacturer_name,p1_0.name,p1_0.status,p1_0.unit,o1_0.note,o1_0.price,o1_0.quantity from order_detail o1_0 join product p1_0 on p1_0.product_id=o1_0.product_id where o1_0.order_id=?
Hibernate: select l1_0.employee_id,l1_0.order_id,c1_0.cust_id,c1_0.address,c1_0.email,c1_0.cust_name,c1_0.phone,l1_0.order_date from orders l1_0 left join customer c1_0 on c1_0.cust_id=l1_0.cust_id where l1_0.employee_id=?
Hibernate: select p1_0.product_id,p1_0.price_date_time,p1_0.note,p1_0.price from product_price p1_0 where p1_0.product_id=?
Hibernate: select p1_0.product_id,p1_0.image_id,p1_0.alternative,p1_0.path from product_image p1_0 where p1_0.product_id=?
Hibernate: select o1_0.order_id,o1_0.product_id,p1_0.product_id,p1_0.description,p1_0.manufacturer_name,p1_0.name,p1_0.status,p1_0.unit,o1_0.note,o1_0.price,o1_0.quantity from order_detail o1_0 join product p1_0 on p1_0.product_id=o1_0.product_id where o1_0.order_id=?
Hibernate: select l1_0.employee_id,l1_0.order_id,c1_0.cust_id,c1_0.address,c1_0.email,c1_0.cust_name,c1_0.phone,l1_0.order_date from orders l1_0 left join customer c1_0 on c1_0.cust_id=l1_0.cust_id where l1_0.employee_id=?
Hibernate: insert into order_detail (note,price,quantity,order_id,product_id) values (?,?,?,?,?)
Hibernate: select p1_0.product_id,p1_0.description,p1_0.manufacturer_name,p1_0.name,p1_0.status,p1_0.unit from product p1_0 where p1_0.product_id=?
Hibernate: select o1_0.order_id,o2_0.order_id,c1_0.cust_id,c1_0.address,c1_0.email,c1_0.cust_name,c1_0.phone,o2_0.employee_id,e1_0.emp_id,e1_0.address,e1_0.dob,e1_0.email,e1_0.full_name,e1_0.phone,e1_0.status,o2_0.order_date,o1_0.product_id,p1_0.product_id,p1_0.description,p1_0.manufacturer_name,p1_0.name,p1_0.status,p1_0.unit,p2_0.product_id,p2_0.image_id,p2_0.alternative,p2_0.path,o1_0.note,o1_0.price,o1_0.quantity from order_detail o1_0 join orders o2_0 on o2_0.order_id=o1_0.order_id left join customer c1_0 on c1_0.cust_id=o2_0.cust_id left join employee e1_0 on e1_0.emp_id=o2_0.employee_id join product p1_0 on p1_0.product_id=o1_0.product_id left join product_image p2_0 on p1_0.product_id=p2_0.product_id where (o1_0.order_id,o1_0.product_id) in ((?,?))
Hibernate: select o1_0.order_id,c1_0.cust_id,c1_0.address,c1_0.email,c1_0.cust_name,c1_0.phone,o1_0.employee_id,e1_0.emp_id,e1_0.address,e1_0.dob,e1_0.email,e1_0.full_name,e1_0.phone,e1_0.status,o1_0.order_date,o2_0.order_id,o2_0.product_id,p1_0.product_id,p1_0.description,p1_0.manufacturer_name,p1_0.name,p1_0.status,p1_0.unit,o2_0.note,o2_0.price,o2_0.quantity from orders o1_0 left join customer c1_0 on c1_0.cust_id=o1_0.cust_id join employee e1_0 on e1_0.emp_id=o1_0.employee_id left join order_detail o2_0 on o1_0.order_id=o2_0.order_id left join product p1_0 on p1_0.product_id=o2_0.product_id where o1_0.order_id=?
Hibernate: select p1_0.product_id,p1_0.price_date_time,p1_0.note,p1_0.price from product_price p1_0 where p1_0.product_id=?
Hibernate: select p1_0.product_id,p1_0.image_id,p1_0.alternative,p1_0.path from product_image p1_0 where p1_0.product_id=?
Hibernate: select o1_0.product_id,o1_0.order_id,o2_0.order_id,c1_0.cust_id,c1_0.address,c1_0.email,c1_0.cust_name,c1_0.phone,o2_0.employee_id,e1_0.emp_id,e1_0.address,e1_0.dob,e1_0.email,e1_0.full_name,e1_0.phone,e1_0.status,o2_0.order_date,o1_0.note,o1_0.price,o1_0.quantity from order_detail o1_0 join orders o2_0 on o2_0.order_id=o1_0.order_id left join customer c1_0 on c1_0.cust_id=o2_0.cust_id left join employee e1_0 on e1_0.emp_id=o2_0.employee_id where o1_0.product_id=?
Hibernate: select p1_0.product_id,p1_0.price_date_time,p1_0.note,p1_0.price from product_price p1_0 where p1_0.product_id=?
Hibernate: select p1_0.product_id,p1_0.image_id,p1_0.alternative,p1_0.path from product_image p1_0 where p1_0.product_id=?
Hibernate: select o1_0.product_id,o1_0.order_id,o2_0.order_id,c1_0.cust_id,c1_0.address,c1_0.email,c1_0.cust_name,c1_0.phone,o2_0.employee_id,e1_0.emp_id,e1_0.address,e1_0.dob,e1_0.email,e1_0.full_name,e1_0.phone,e1_0.status,o2_0.order_date,o1_0.note,o1_0.price,o1_0.quantity from order_detail o1_0 join orders o2_0 on o2_0.order_id=o1_0.order_id left join customer c1_0 on c1_0.cust_id=o2_0.cust_id left join employee e1_0 on e1_0.emp_id=o2_0.employee_id where o1_0.product_id=?
Hibernate: select l1_0.employee_id,l1_0.order_id,c1_0.cust_id,c1_0.address,c1_0.email,c1_0.cust_name,c1_0.phone,l1_0.order_date from orders l1_0 left join customer c1_0 on c1_0.cust_id=l1_0.cust_id where l1_0.employee_id=?
Hibernate: select p1_0.product_id,p1_0.description,p1_0.manufacturer_name,p1_0.name,p1_0.status,p1_0.unit,o1_0.product_id,o1_0.order_id,o2_0.order_id,c1_0.cust_id,c1_0.address,c1_0.email,c1_0.cust_name,c1_0.phone,o2_0.employee_id,e1_0.emp_id,e1_0.address,e1_0.dob,e1_0.email,e1_0.full_name,e1_0.phone,e1_0.status,o2_0.order_date,o1_0.note,o1_0.price,o1_0.quantity from product p1_0 left join order_detail o1_0 on p1_0.product_id=o1_0.product_id left join orders o2_0 on o2_0.order_id=o1_0.order_id left join customer c1_0 on c1_0.cust_id=o2_0.cust_id left join employee e1_0 on e1_0.emp_id=o2_0.employee_id where p1_0.product_id=?
Hibernate: select o1_0.order_id,o1_0.product_id,p1_0.product_id,p1_0.description,p1_0.manufacturer_name,p1_0.name,p1_0.status,p1_0.unit,o1_0.note,o1_0.price,o1_0.quantity from order_detail o1_0 join product p1_0 on p1_0.product_id=o1_0.product_id where o1_0.order_id=?
Hibernate: select o1_0.order_id,o1_0.product_id,p1_0.product_id,p1_0.description,p1_0.manufacturer_name,p1_0.name,p1_0.status,p1_0.unit,o1_0.note,o1_0.price,o1_0.quantity from order_detail o1_0 join product p1_0 on p1_0.product_id=o1_0.product_id where o1_0.order_id=?
Hibernate: select o1_0.order_id,o1_0.product_id,p1_0.product_id,p1_0.description,p1_0.manufacturer_name,p1_0.name,p1_0.status,p1_0.unit,o1_0.note,o1_0.price,o1_0.quantity from order_detail o1_0 join product p1_0 on p1_0.product_id=o1_0.product_id where o1_0.order_id=?
Hibernate: select o1_0.order_id,o1_0.product_id,p1_0.product_id,p1_0.description,p1_0.manufacturer_name,p1_0.name,p1_0.status,p1_0.unit,o1_0.note,o1_0.price,o1_0.quantity from order_detail o1_0 join product p1_0 on p1_0.product_id=o1_0.product_id where o1_0.order_id=?
Hibernate: select o1_0.order_id,o1_0.product_id,p1_0.product_id,p1_0.description,p1_0.manufacturer_name,p1_0.name,p1_0.status,p1_0.unit,o1_0.note,o1_0.price,o1_0.quantity from order_detail o1_0 join product p1_0 on p1_0.product_id=o1_0.product_id where o1_0.order_id=?
Hibernate: select o1_0.order_id,o1_0.product_id,p1_0.product_id,p1_0.description,p1_0.manufacturer_name,p1_0.name,p1_0.status,p1_0.unit,o1_0.note,o1_0.price,o1_0.quantity from order_detail o1_0 join product p1_0 on p1_0.product_id=o1_0.product_id where o1_0.order_id=?
Hibernate: select o1_0.order_id,o1_0.product_id,p1_0.product_id,p1_0.description,p1_0.manufacturer_name,p1_0.name,p1_0.status,p1_0.unit,o1_0.note,o1_0.price,o1_0.quantity from order_detail o1_0 join product p1_0 on p1_0.product_id=o1_0.product_id where o1_0.order_id=?
Hibernate: select o1_0.order_id,o1_0.product_id,p1_0.product_id,p1_0.description,p1_0.manufacturer_name,p1_0.name,p1_0.status,p1_0.unit,o1_0.note,o1_0.price,o1_0.quantity from order_detail o1_0 join product p1_0 on p1_0.product_id=o1_0.product_id where o1_0.order_id=?
Hibernate: select o1_0.order_id,o1_0.product_id,p1_0.product_id,p1_0.description,p1_0.manufacturer_name,p1_0.name,p1_0.status,p1_0.unit,o1_0.note,o1_0.price,o1_0.quantity from order_detail o1_0 join product p1_0 on p1_0.product_id=o1_0.product_id where o1_0.order_id=?
Hibernate: select o1_0.order_id,o1_0.product_id,p1_0.product_id,p1_0.description,p1_0.manufacturer_name,p1_0.name,p1_0.status,p1_0.unit,o1_0.note,o1_0.price,o1_0.quantity from order_detail o1_0 join product p1_0 on p1_0.product_id=o1_0.product_id where o1_0.order_id=?
Hibernate: select p1_0.product_id,p1_0.price_date_time,p1_0.note,p1_0.price from product_price p1_0 where p1_0.product_id=?
Hibernate: select p1_0.product_id,p1_0.image_id,p1_0.alternative,p1_0.path from product_image p1_0 where p1_0.product_id=?
Hibernate: select o1_0.order_id,o1_0.product_id,p1_0.product_id,p1_0.description,p1_0.manufacturer_name,p1_0.name,p1_0.status,p1_0.unit,o1_0.note,o1_0.price,o1_0.quantity from order_detail o1_0 join product p1_0 on p1_0.product_id=o1_0.product_id where o1_0.order_id=?
Hibernate: insert into order_detail (note,price,quantity,order_id,product_id) values (?,?,?,?,?)
Hibernate: select e1_0.emp_id,e1_0.address,e1_0.dob,e1_0.email,e1_0.full_name,e1_0.phone,e1_0.status from employee e1_0 where e1_0.emp_id=?
Hibernate: select c1_0.cust_id,c1_0.address,c1_0.email,c1_0.cust_name,c1_0.phone from customer c1_0 where c1_0.cust_id=?
Hibernate: select o1_0.order_id,c1_0.cust_id,c1_0.address,c1_0.email,c1_0.cust_name,c1_0.phone,o1_0.employee_id,e1_0.emp_id,e1_0.address,e1_0.dob,e1_0.email,e1_0.full_name,e1_0.phone,e1_0.status,o1_0.order_date,o2_0.order_id,o2_0.product_id,p1_0.product_id,p1_0.description,p1_0.manufacturer_name,p1_0.name,p1_0.status,p1_0.unit,o2_0.note,o2_0.price,o2_0.quantity from orders o1_0 left join customer c1_0 on c1_0.cust_id=o1_0.cust_id join employee e1_0 on e1_0.emp_id=o1_0.employee_id left join order_detail o2_0 on o1_0.order_id=o2_0.order_id left join product p1_0 on p1_0.product_id=o2_0.product_id where o1_0.order_id=?
Hibernate: select c1_0.cust_id,c1_0.address,c1_0.email,c1_0.cust_name,c1_0.phone from customer c1_0 where c1_0.cust_id=?
Hibernate: select e1_0.emp_id,e1_0.address,e1_0.dob,e1_0.email,e1_0.full_name,e1_0.phone,e1_0.status from employee e1_0 where e1_0.emp_id=?
Hibernate: insert into orders (cust_id,employee_id,order_date,order_id) values (?,?,?,default)
Hibernate: select p1_0.product_id,p1_0.description,p1_0.manufacturer_name,p1_0.name,p1_0.status,p1_0.unit from product p1_0 where p1_0.product_id=?
Hibernate: select o1_0.order_id,o2_0.order_id,c1_0.cust_id,c1_0.address,c1_0.email,c1_0.cust_name,c1_0.phone,o2_0.employee_id,e1_0.emp_id,e1_0.address,e1_0.dob,e1_0.email,e1_0.full_name,e1_0.phone,e1_0.status,o2_0.order_date,o1_0.product_id,p1_0.product_id,p1_0.description,p1_0.manufacturer_name,p1_0.name,p1_0.status,p1_0.unit,p2_0.product_id,p2_0.image_id,p2_0.alternative,p2_0.path,o1_0.note,o1_0.price,o1_0.quantity from order_detail o1_0 join orders o2_0 on o2_0.order_id=o1_0.order_id left join customer c1_0 on c1_0.cust_id=o2_0.cust_id left join employee e1_0 on e1_0.emp_id=o2_0.employee_id join product p1_0 on p1_0.product_id=o1_0.product_id left join product_image p2_0 on p1_0.product_id=p2_0.product_id where (o1_0.order_id,o1_0.product_id) in ((?,?))
Hibernate: select o1_0.order_id,c1_0.cust_id,c1_0.address,c1_0.email,c1_0.cust_name,c1_0.phone,o1_0.employee_id,e1_0.emp_id,e1_0.address,e1_0.dob,e1_0.email,e1_0.full_name,e1_0.phone,e1_0.status,o1_0.order_date,o2_0.order_id,o2_0.product_id,p1_0.product_id,p1_0.description,p1_0.manufacturer_name,p1_0.name,p1_0.status,p1_0.unit,o2_0.note,o2_0.price,o2_0.quantity from orders o1_0 left join customer c1_0 on c1_0.cust_id=o1_0.cust_id join employee e1_0 on e1_0.emp_id=o1_0.employee_id left join order_detail o2_0 on o1_0.order_id=o2_0.order_id left join product p1_0 on p1_0.product_id=o2_0.product_id where o1_0.order_id=?
Hibernate: select l1_0.employee_id,l1_0.order_id,c1_0.cust_id,c1_0.address,c1_0.email,c1_0.cust_name,c1_0.phone,l1_0.order_date from orders l1_0 left join customer c1_0 on c1_0.cust_id=l1_0.cust_id where l1_0.employee_id=?
Hibernate: select p1_0.product_id,p1_0.description,p1_0.manufacturer_name,p1_0.name,p1_0.status,p1_0.unit,o1_0.product_id,o1_0.order_id,o2_0.order_id,c1_0.cust_id,c1_0.address,c1_0.email,c1_0.cust_name,c1_0.phone,o2_0.employee_id,e1_0.emp_id,e1_0.address,e1_0.dob,e1_0.email,e1_0.full_name,e1_0.phone,e1_0.status,o2_0.order_date,o1_0.note,o1_0.price,o1_0.quantity from product p1_0 left join order_detail o1_0 on p1_0.product_id=o1_0.product_id left join orders o2_0 on o2_0.order_id=o1_0.order_id left join customer c1_0 on c1_0.cust_id=o2_0.cust_id left join employee e1_0 on e1_0.emp_id=o2_0.employee_id where p1_0.product_id=?
Hibernate: select o1_0.order_id,o1_0.product_id,p1_0.product_id,p1_0.description,p1_0.manufacturer_name,p1_0.name,p1_0.status,p1_0.unit,o1_0.note,o1_0.price,o1_0.quantity from order_detail o1_0 join product p1_0 on p1_0.product_id=o1_0.product_id where o1_0.order_id=?
Hibernate: select l1_0.employee_id,l1_0.order_id,c1_0.cust_id,c1_0.address,c1_0.email,c1_0.cust_name,c1_0.phone,l1_0.order_date from orders l1_0 left join customer c1_0 on c1_0.cust_id=l1_0.cust_id where l1_0.employee_id=?
Hibernate: select o1_0.order_id,o1_0.product_id,p1_0.product_id,p1_0.description,p1_0.manufacturer_name,p1_0.name,p1_0.status,p1_0.unit,o1_0.note,o1_0.price,o1_0.quantity from order_detail o1_0 join product p1_0 on p1_0.product_id=o1_0.product_id where o1_0.order_id=?
Hibernate: select l1_0.employee_id,l1_0.order_id,c1_0.cust_id,c1_0.address,c1_0.email,c1_0.cust_name,c1_0.phone,l1_0.order_date from orders l1_0 left join customer c1_0 on c1_0.cust_id=l1_0.cust_id where l1_0.employee_id=?
Hibernate: select o1_0.order_id,o1_0.product_id,p1_0.product_id,p1_0.description,p1_0.manufacturer_name,p1_0.name,p1_0.status,p1_0.unit,o1_0.note,o1_0.price,o1_0.quantity from order_detail o1_0 join product p1_0 on p1_0.product_id=o1_0.product_id where o1_0.order_id=?
Hibernate: select l1_0.employee_id,l1_0.order_id,c1_0.cust_id,c1_0.address,c1_0.email,c1_0.cust_name,c1_0.phone,l1_0.order_date from orders l1_0 left join customer c1_0 on c1_0.cust_id=l1_0.cust_id where l1_0.employee_id=?
Hibernate: select o1_0.order_id,o1_0.product_id,p1_0.product_id,p1_0.description,p1_0.manufacturer_name,p1_0.name,p1_0.status,p1_0.unit,o1_0.note,o1_0.price,o1_0.quantity from order_detail o1_0 join product p1_0 on p1_0.product_id=o1_0.product_id where o1_0.order_id=?
Hibernate: select l1_0.employee_id,l1_0.order_id,c1_0.cust_id,c1_0.address,c1_0.email,c1_0.cust_name,c1_0.phone,l1_0.order_date from orders l1_0 left join customer c1_0 on c1_0.cust_id=l1_0.cust_id where l1_0.employee_id=?
Hibernate: select o1_0.order_id,o1_0.product_id,p1_0.product_id,p1_0.description,p1_0.manufacturer_name,p1_0.name,p1_0.status,p1_0.unit,o1_0.note,o1_0.price,o1_0.quantity from order_detail o1_0 join product p1_0 on p1_0.product_id=o1_0.product_id where o1_0.order_id=?
Hibernate: select l1_0.employee_id,l1_0.order_id,c1_0.cust_id,c1_0.address,c1_0.email,c1_0.cust_name,c1_0.phone,l1_0.order_date from orders l1_0 left join customer c1_0 on c1_0.cust_id=l1_0.cust_id where l1_0.employee_id=?
Hibernate: select o1_0.order_id,o1_0.product_id,p1_0.product_id,p1_0.description,p1_0.manufacturer_name,p1_0.name,p1_0.status,p1_0.unit,o1_0.note,o1_0.price,o1_0.quantity from order_detail o1_0 join product p1_0 on p1_0.product_id=o1_0.product_id where o1_0.order_id=?
Hibernate: select l1_0.employee_id,l1_0.order_id,c1_0.cust_id,c1_0.address,c1_0.email,c1_0.cust_name,c1_0.phone,l1_0.order_date from orders l1_0 left join customer c1_0 on c1_0.cust_id=l1_0.cust_id where l1_0.employee_id=?
Hibernate: select p1_0.product_id,p1_0.price_date_time,p1_0.note,p1_0.price from product_price p1_0 where p1_0.product_id=?
Hibernate: select p1_0.product_id,p1_0.image_id,p1_0.alternative,p1_0.path from product_image p1_0 where p1_0.product_id=?
Hibernate: insert into order_detail (note,price,quantity,order_id,product_id) values (?,?,?,?,?)
Hibernate: select p1_0.product_id,p1_0.description,p1_0.manufacturer_name,p1_0.name,p1_0.status,p1_0.unit from product p1_0 where p1_0.product_id=?
Hibernate: select o1_0.order_id,o2_0.order_id,c1_0.cust_id,c1_0.address,c1_0.email,c1_0.cust_name,c1_0.phone,o2_0.employee_id,e1_0.emp_id,e1_0.address,e1_0.dob,e1_0.email,e1_0.full_name,e1_0.phone,e1_0.status,o2_0.order_date,o1_0.product_id,p1_0.product_id,p1_0.description,p1_0.manufacturer_name,p1_0.name,p1_0.status,p1_0.unit,p2_0.product_id,p2_0.image_id,p2_0.alternative,p2_0.path,o1_0.note,o1_0.price,o1_0.quantity from order_detail o1_0 join orders o2_0 on o2_0.order_id=o1_0.order_id left join customer c1_0 on c1_0.cust_id=o2_0.cust_id left join employee e1_0 on e1_0.emp_id=o2_0.employee_id join product p1_0 on p1_0.product_id=o1_0.product_id left join product_image p2_0 on p1_0.product_id=p2_0.product_id where (o1_0.order_id,o1_0.product_id) in ((?,?))
Hibernate: select o1_0.order_id,c1_0.cust_id,c1_0.address,c1_0.email,c1_0.cust_name,c1_0.phone,o1_0.employee_id,e1_0.emp_id,e1_0.address,e1_0.dob,e1_0.email,e1_0.full_name,e1_0.phone,e1_0.status,o1_0.order_date,o2_0.order_id,o2_0.product_id,p1_0.product_id,p1_0.description,p1_0.manufacturer_name,p1_0.name,p1_0.status,p1_0.unit,o2_0.note,o2_0.price,o2_0.quantity from orders o1_0 left join customer c1_0 on c1_0.cust_id=o1_0.cust_id join employee e1_0 on e1_0.emp_id=o1_0.employee_id left join order_detail o2_0 on o1_0.order_id=o2_0.order_id left join product p1_0 on p1_0.product_id=o2_0.product_id where o1_0.order_id=?
Hibernate: select p1_0.product_id,p1_0.price_date_time,p1_0.note,p1_0.price from product_price p1_0 where p1_0.product_id=?
Hibernate: select p1_0.product_id,p1_0.image_id,p1_0.alternative,p1_0.path from product_image p1_0 where p1_0.product_id=?
Hibernate: select o1_0.product_id,o1_0.order_id,o2_0.order_id,c1_0.cust_id,c1_0.address,c1_0.email,c1_0.cust_name,c1_0.phone,o2_0.employee_id,e1_0.emp_id,e1_0.address,e1_0.dob,e1_0.email,e1_0.full_name,e1_0.phone,e1_0.status,o2_0.order_date,o1_0.note,o1_0.price,o1_0.quantity from order_detail o1_0 join orders o2_0 on o2_0.order_id=o1_0.order_id left join customer c1_0 on c1_0.cust_id=o2_0.cust_id left join employee e1_0 on e1_0.emp_id=o2_0.employee_id where o1_0.product_id=?
Hibernate: select l1_0.employee_id,l1_0.order_id,c1_0.cust_id,c1_0.address,c1_0.email,c1_0.cust_name,c1_0.phone,l1_0.order_date from orders l1_0 left join customer c1_0 on c1_0.cust_id=l1_0.cust_id where l1_0.employee_id=?
Hibernate: select p1_0.product_id,p1_0.description,p1_0.manufacturer_name,p1_0.name,p1_0.status,p1_0.unit,o1_0.product_id,o1_0.order_id,o2_0.order_id,c1_0.cust_id,c1_0.address,c1_0.email,c1_0.cust_name,c1_0.phone,o2_0.employee_id,e1_0.emp_id,e1_0.address,e1_0.dob,e1_0.email,e1_0.full_name,e1_0.phone,e1_0.status,o2_0.order_date,o1_0.note,o1_0.price,o1_0.quantity from product p1_0 left join order_detail o1_0 on p1_0.product_id=o1_0.product_id left join orders o2_0 on o2_0.order_id=o1_0.order_id left join customer c1_0 on c1_0.cust_id=o2_0.cust_id left join employee e1_0 on e1_0.emp_id=o2_0.employee_id where p1_0.product_id=?
Hibernate: select o1_0.order_id,o1_0.product_id,p1_0.product_id,p1_0.description,p1_0.manufacturer_name,p1_0.name,p1_0.status,p1_0.unit,o1_0.note,o1_0.price,o1_0.quantity from order_detail o1_0 join product p1_0 on p1_0.product_id=o1_0.product_id where o1_0.order_id=?
Hibernate: select o1_0.order_id,o1_0.product_id,p1_0.product_id,p1_0.description,p1_0.manufacturer_name,p1_0.name,p1_0.status,p1_0.unit,o1_0.note,o1_0.price,o1_0.quantity from order_detail o1_0 join product p1_0 on p1_0.product_id=o1_0.product_id where o1_0.order_id=?
Hibernate: select o1_0.order_id,o1_0.product_id,p1_0.product_id,p1_0.description,p1_0.manufacturer_name,p1_0.name,p1_0.status,p1_0.unit,o1_0.note,o1_0.price,o1_0.quantity from order_detail o1_0 join product p1_0 on p1_0.product_id=o1_0.product_id where o1_0.order_id=?
Hibernate: select o1_0.order_id,o1_0.product_id,p1_0.product_id,p1_0.description,p1_0.manufacturer_name,p1_0.name,p1_0.status,p1_0.unit,o1_0.note,o1_0.price,o1_0.quantity from order_detail o1_0 join product p1_0 on p1_0.product_id=o1_0.product_id where o1_0.order_id=?
Hibernate: select o1_0.order_id,o1_0.product_id,p1_0.product_id,p1_0.description,p1_0.manufacturer_name,p1_0.name,p1_0.status,p1_0.unit,o1_0.note,o1_0.price,o1_0.quantity from order_detail o1_0 join product p1_0 on p1_0.product_id=o1_0.product_id where o1_0.order_id=?
Hibernate: select l1_0.employee_id,l1_0.order_id,c1_0.cust_id,c1_0.address,c1_0.email,c1_0.cust_name,c1_0.phone,l1_0.order_date from orders l1_0 left join customer c1_0 on c1_0.cust_id=l1_0.cust_id where l1_0.employee_id=?
Hibernate: select o1_0.order_id,o1_0.product_id,p1_0.product_id,p1_0.description,p1_0.manufacturer_name,p1_0.name,p1_0.status,p1_0.unit,o1_0.note,o1_0.price,o1_0.quantity from order_detail o1_0 join product p1_0 on p1_0.product_id=o1_0.product_id where o1_0.order_id=?
Hibernate: select o1_0.order_id,o1_0.product_id,p1_0.product_id,p1_0.description,p1_0.manufacturer_name,p1_0.name,p1_0.status,p1_0.unit,o1_0.note,o1_0.price,o1_0.quantity from order_detail o1_0 join product p1_0 on p1_0.product_id=o1_0.product_id where o1_0.order_id=?
Hibernate: select o1_0.order_id,o1_0.product_id,p1_0.product_id,p1_0.description,p1_0.manufacturer_name,p1_0.name,p1_0.status,p1_0.unit,o1_0.note,o1_0.price,o1_0.quantity from order_detail o1_0 join product p1_0 on p1_0.product_id=o1_0.product_id where o1_0.order_id=?
Hibernate: select o1_0.order_id,o1_0.product_id,p1_0.product_id,p1_0.description,p1_0.manufacturer_name,p1_0.name,p1_0.status,p1_0.unit,o1_0.note,o1_0.price,o1_0.quantity from order_detail o1_0 join product p1_0 on p1_0.product_id=o1_0.product_id where o1_0.order_id=?
Hibernate: select p1_0.product_id,p1_0.price_date_time,p1_0.note,p1_0.price from product_price p1_0 where p1_0.product_id=?
Hibernate: select p1_0.product_id,p1_0.image_id,p1_0.alternative,p1_0.path from product_image p1_0 where p1_0.product_id=?
Hibernate: select o1_0.order_id,o1_0.product_id,p1_0.product_id,p1_0.description,p1_0.manufacturer_name,p1_0.name,p1_0.status,p1_0.unit,o1_0.note,o1_0.price,o1_0.quantity from order_detail o1_0 join product p1_0 on p1_0.product_id=o1_0.product_id where o1_0.order_id=?
Hibernate: insert into order_detail (note,price,quantity,order_id,product_id) values (?,?,?,?,?)
Hibernate: select p1_0.product_id,p1_0.description,p1_0.manufacturer_name,p1_0.name,p1_0.status,p1_0.unit from product p1_0 where p1_0.product_id=?
Hibernate: select o1_0.order_id,o2_0.order_id,c1_0.cust_id,c1_0.address,c1_0.email,c1_0.cust_name,c1_0.phone,o2_0.employee_id,e1_0.emp_id,e1_0.address,e1_0.dob,e1_0.email,e1_0.full_name,e1_0.phone,e1_0.status,o2_0.order_date,o1_0.product_id,p1_0.product_id,p1_0.description,p1_0.manufacturer_name,p1_0.name,p1_0.status,p1_0.unit,p2_0.product_id,p2_0.image_id,p2_0.alternative,p2_0.path,o1_0.note,o1_0.price,o1_0.quantity from order_detail o1_0 join orders o2_0 on o2_0.order_id=o1_0.order_id left join customer c1_0 on c1_0.cust_id=o2_0.cust_id left join employee e1_0 on e1_0.emp_id=o2_0.employee_id join product p1_0 on p1_0.product_id=o1_0.product_id left join product_image p2_0 on p1_0.product_id=p2_0.product_id where (o1_0.order_id,o1_0.product_id) in ((?,?))
Hibernate: select o1_0.order_id,c1_0.cust_id,c1_0.address,c1_0.email,c1_0.cust_name,c1_0.phone,o1_0.employee_id,e1_0.emp_id,e1_0.address,e1_0.dob,e1_0.email,e1_0.full_name,e1_0.phone,e1_0.status,o1_0.order_date,o2_0.order_id,o2_0.product_id,p1_0.product_id,p1_0.description,p1_0.manufacturer_name,p1_0.name,p1_0.status,p1_0.unit,o2_0.note,o2_0.price,o2_0.quantity from orders o1_0 left join customer c1_0 on c1_0.cust_id=o1_0.cust_id join employee e1_0 on e1_0.emp_id=o1_0.employee_id left join order_detail o2_0 on o1_0.order_id=o2_0.order_id left join product p1_0 on p1_0.product_id=o2_0.product_id where o1_0.order_id=?
Hibernate: select p1_0.product_id,p1_0.price_date_time,p1_0.note,p1_0.price from product_price p1_0 where p1_0.product_id=?
Hibernate: select p1_0.product_id,p1_0.image_id,p1_0.alternative,p1_0.path from product_image p1_0 where p1_0.product_id=?
Hibernate: select o1_0.product_id,o1_0.order_id,o2_0.order_id,c1_0.cust_id,c1_0.address,c1_0.email,c1_0.cust_name,c1_0.phone,o2_0.employee_id,e1_0.emp_id,e1_0.address,e1_0.dob,e1_0.email,e1_0.full_name,e1_0.phone,e1_0.status,o2_0.order_date,o1_0.note,o1_0.price,o1_0.quantity from order_detail o1_0 join orders o2_0 on o2_0.order_id=o1_0.order_id left join customer c1_0 on c1_0.cust_id=o2_0.cust_id left join employee e1_0 on e1_0.emp_id=o2_0.employee_id where o1_0.product_id=?
Hibernate: select p1_0.product_id,p1_0.price_date_time,p1_0.note,p1_0.price from product_price p1_0 where p1_0.product_id=?
Hibernate: select p1_0.product_id,p1_0.image_id,p1_0.alternative,p1_0.path from product_image p1_0 where p1_0.product_id=?
Hibernate: select o1_0.product_id,o1_0.order_id,o2_0.order_id,c1_0.cust_id,c1_0.address,c1_0.email,c1_0.cust_name,c1_0.phone,o2_0.employee_id,e1_0.emp_id,e1_0.address,e1_0.dob,e1_0.email,e1_0.full_name,e1_0.phone,e1_0.status,o2_0.order_date,o1_0.note,o1_0.price,o1_0.quantity from order_detail o1_0 join orders o2_0 on o2_0.order_id=o1_0.order_id left join customer c1_0 on c1_0.cust_id=o2_0.cust_id left join employee e1_0 on e1_0.emp_id=o2_0.employee_id where o1_0.product_id=?
Hibernate: select l1_0.employee_id,l1_0.order_id,c1_0.cust_id,c1_0.address,c1_0.email,c1_0.cust_name,c1_0.phone,l1_0.order_date from orders l1_0 left join customer c1_0 on c1_0.cust_id=l1_0.cust_id where l1_0.employee_id=?
Hibernate: select p1_0.product_id,p1_0.description,p1_0.manufacturer_name,p1_0.name,p1_0.status,p1_0.unit,o1_0.product_id,o1_0.order_id,o2_0.order_id,c1_0.cust_id,c1_0.address,c1_0.email,c1_0.cust_name,c1_0.phone,o2_0.employee_id,e1_0.emp_id,e1_0.address,e1_0.dob,e1_0.email,e1_0.full_name,e1_0.phone,e1_0.status,o2_0.order_date,o1_0.note,o1_0.price,o1_0.quantity from product p1_0 left join order_detail o1_0 on p1_0.product_id=o1_0.product_id left join orders o2_0 on o2_0.order_id=o1_0.order_id left join customer c1_0 on c1_0.cust_id=o2_0.cust_id left join employee e1_0 on e1_0.emp_id=o2_0.employee_id where p1_0.product_id=?
Hibernate: select o1_0.order_id,o1_0.product_id,p1_0.product_id,p1_0.description,p1_0.manufacturer_name,p1_0.name,p1_0.status,p1_0.unit,o1_0.note,o1_0.price,o1_0.quantity from order_detail o1_0 join product p1_0 on p1_0.product_id=o1_0.product_id where o1_0.order_id=?
Hibernate: select o1_0.order_id,o1_0.product_id,p1_0.product_id,p1_0.description,p1_0.manufacturer_name,p1_0.name,p1_0.status,p1_0.unit,o1_0.note,o1_0.price,o1_0.quantity from order_detail o1_0 join product p1_0 on p1_0.product_id=o1_0.product_id where o1_0.order_id=?
Hibernate: select o1_0.order_id,o1_0.product_id,p1_0.product_id,p1_0.description,p1_0.manufacturer_name,p1_0.name,p1_0.status,p1_0.unit,o1_0.note,o1_0.price,o1_0.quantity from order_detail o1_0 join product p1_0 on p1_0.product_id=o1_0.product_id where o1_0.order_id=?
Hibernate: select o1_0.order_id,o1_0.product_id,p1_0.product_id,p1_0.description,p1_0.manufacturer_name,p1_0.name,p1_0.status,p1_0.unit,o1_0.note,o1_0.price,o1_0.quantity from order_detail o1_0 join product p1_0 on p1_0.product_id=o1_0.product_id where o1_0.order_id=?
Hibernate: select o1_0.order_id,o1_0.product_id,p1_0.product_id,p1_0.description,p1_0.manufacturer_name,p1_0.name,p1_0.status,p1_0.unit,o1_0.note,o1_0.price,o1_0.quantity from order_detail o1_0 join product p1_0 on p1_0.product_id=o1_0.product_id where o1_0.order_id=?
Hibernate: select o1_0.order_id,o1_0.product_id,p1_0.product_id,p1_0.description,p1_0.manufacturer_name,p1_0.name,p1_0.status,p1_0.unit,o1_0.note,o1_0.price,o1_0.quantity from order_detail o1_0 join product p1_0 on p1_0.product_id=o1_0.product_id where o1_0.order_id=?
Hibernate: select o1_0.order_id,o1_0.product_id,p1_0.product_id,p1_0.description,p1_0.manufacturer_name,p1_0.name,p1_0.status,p1_0.unit,o1_0.note,o1_0.price,o1_0.quantity from order_detail o1_0 join product p1_0 on p1_0.product_id=o1_0.product_id where o1_0.order_id=?
Hibernate: select o1_0.order_id,o1_0.product_id,p1_0.product_id,p1_0.description,p1_0.manufacturer_name,p1_0.name,p1_0.status,p1_0.unit,o1_0.note,o1_0.price,o1_0.quantity from order_detail o1_0 join product p1_0 on p1_0.product_id=o1_0.product_id where o1_0.order_id=?
Hibernate: select o1_0.order_id,o1_0.product_id,p1_0.product_id,p1_0.description,p1_0.manufacturer_name,p1_0.name,p1_0.status,p1_0.unit,o1_0.note,o1_0.price,o1_0.quantity from order_detail o1_0 join product p1_0 on p1_0.product_id=o1_0.product_id where o1_0.order_id=?
Hibernate: select o1_0.order_id,o1_0.product_id,p1_0.product_id,p1_0.description,p1_0.manufacturer_name,p1_0.name,p1_0.status,p1_0.unit,o1_0.note,o1_0.price,o1_0.quantity from order_detail o1_0 join product p1_0 on p1_0.product_id=o1_0.product_id where o1_0.order_id=?
Hibernate: select o1_0.order_id,o1_0.product_id,p1_0.product_id,p1_0.description,p1_0.manufacturer_name,p1_0.name,p1_0.status,p1_0.unit,o1_0.note,o1_0.price,o1_0.quantity from order_detail o1_0 join product p1_0 on p1_0.product_id=o1_0.product_id where o1_0.order_id=?
Hibernate: select o1_0.order_id,o1_0.product_id,p1_0.product_id,p1_0.description,p1_0.manufacturer_name,p1_0.name,p1_0.status,p1_0.unit,o1_0.note,o1_0.price,o1_0.quantity from order_detail o1_0 join product p1_0 on p1_0.product_id=o1_0.product_id where o1_0.order_id=?
Hibernate: select o1_0.order_id,o1_0.product_id,p1_0.product_id,p1_0.description,p1_0.manufacturer_name,p1_0.name,p1_0.status,p1_0.unit,o1_0.note,o1_0.price,o1_0.quantity from order_detail o1_0 join product p1_0 on p1_0.product_id=o1_0.product_id where o1_0.order_id=?
Hibernate: select l1_0.employee_id,l1_0.order_id,c1_0.cust_id,c1_0.address,c1_0.email,c1_0.cust_name,c1_0.phone,l1_0.order_date from orders l1_0 left join customer c1_0 on c1_0.cust_id=l1_0.cust_id where l1_0.employee_id=?
Hibernate: select p1_0.product_id,p1_0.price_date_time,p1_0.note,p1_0.price from product_price p1_0 where p1_0.product_id=?
Hibernate: select p1_0.product_id,p1_0.image_id,p1_0.alternative,p1_0.path from product_image p1_0 where p1_0.product_id=?
Hibernate: insert into order_detail (note,price,quantity,order_id,product_id) values (?,?,?,?,?)
Hibernate: select e1_0.emp_id,e1_0.address,e1_0.dob,e1_0.email,e1_0.full_name,e1_0.phone,e1_0.status from employee e1_0 where e1_0.emp_id=?
Hibernate: select c1_0.cust_id,c1_0.address,c1_0.email,c1_0.cust_name,c1_0.phone from customer c1_0 where c1_0.cust_id=?
Hibernate: select o1_0.order_id,c1_0.cust_id,c1_0.address,c1_0.email,c1_0.cust_name,c1_0.phone,o1_0.employee_id,e1_0.emp_id,e1_0.address,e1_0.dob,e1_0.email,e1_0.full_name,e1_0.phone,e1_0.status,o1_0.order_date,o2_0.order_id,o2_0.product_id,p1_0.product_id,p1_0.description,p1_0.manufacturer_name,p1_0.name,p1_0.status,p1_0.unit,o2_0.note,o2_0.price,o2_0.quantity from orders o1_0 left join customer c1_0 on c1_0.cust_id=o1_0.cust_id join employee e1_0 on e1_0.emp_id=o1_0.employee_id left join order_detail o2_0 on o1_0.order_id=o2_0.order_id left join product p1_0 on p1_0.product_id=o2_0.product_id where o1_0.order_id=?
Hibernate: select c1_0.cust_id,c1_0.address,c1_0.email,c1_0.cust_name,c1_0.phone from customer c1_0 where c1_0.cust_id=?
Hibernate: select e1_0.emp_id,e1_0.address,e1_0.dob,e1_0.email,e1_0.full_name,e1_0.phone,e1_0.status from employee e1_0 where e1_0.emp_id=?
Hibernate: insert into orders (cust_id,employee_id,order_date,order_id) values (?,?,?,default)
Hibernate: select p1_0.product_id,p1_0.description,p1_0.manufacturer_name,p1_0.name,p1_0.status,p1_0.unit from product p1_0 where p1_0.product_id=?
Hibernate: select o1_0.order_id,o2_0.order_id,c1_0.cust_id,c1_0.address,c1_0.email,c1_0.cust_name,c1_0.phone,o2_0.employee_id,e1_0.emp_id,e1_0.address,e1_0.dob,e1_0.email,e1_0.full_name,e1_0.phone,e1_0.status,o2_0.order_date,o1_0.product_id,p1_0.product_id,p1_0.description,p1_0.manufacturer_name,p1_0.name,p1_0.status,p1_0.unit,p2_0.product_id,p2_0.image_id,p2_0.alternative,p2_0.path,o1_0.note,o1_0.price,o1_0.quantity from order_detail o1_0 join orders o2_0 on o2_0.order_id=o1_0.order_id left join customer c1_0 on c1_0.cust_id=o2_0.cust_id left join employee e1_0 on e1_0.emp_id=o2_0.employee_id join product p1_0 on p1_0.product_id=o1_0.product_id left join product_image p2_0 on p1_0.product_id=p2_0.product_id where (o1_0.order_id,o1_0.product_id) in ((?,?))
Hibernate: select o1_0.order_id,c1_0.cust_id,c1_0.address,c1_0.email,c1_0.cust_name,c1_0.phone,o1_0.employee_id,e1_0.emp_id,e1_0.address,e1_0.dob,e1_0.email,e1_0.full_name,e1_0.phone,e1_0.status,o1_0.order_date,o2_0.order_id,o2_0.product_id,p1_0.product_id,p1_0.description,p1_0.manufacturer_name,p1_0.name,p1_0.status,p1_0.unit,o2_0.note,o2_0.price,o2_0.quantity from orders o1_0 left join customer c1_0 on c1_0.cust_id=o1_0.cust_id join employee e1_0 on e1_0.emp_id=o1_0.employee_id left join order_detail o2_0 on o1_0.order_id=o2_0.order_id left join product p1_0 on p1_0.product_id=o2_0.product_id where o1_0.order_id=?
Hibernate: select l1_0.employee_id,l1_0.order_id,c1_0.cust_id,c1_0.address,c1_0.email,c1_0.cust_name,c1_0.phone,l1_0.order_date from orders l1_0 left join customer c1_0 on c1_0.cust_id=l1_0.cust_id where l1_0.employee_id=?
Hibernate: select p1_0.product_id,p1_0.description,p1_0.manufacturer_name,p1_0.name,p1_0.status,p1_0.unit,o1_0.product_id,o1_0.order_id,o2_0.order_id,c1_0.cust_id,c1_0.address,c1_0.email,c1_0.cust_name,c1_0.phone,o2_0.employee_id,e1_0.emp_id,e1_0.address,e1_0.dob,e1_0.email,e1_0.full_name,e1_0.phone,e1_0.status,o2_0.order_date,o1_0.note,o1_0.price,o1_0.quantity from product p1_0 left join order_detail o1_0 on p1_0.product_id=o1_0.product_id left join orders o2_0 on o2_0.order_id=o1_0.order_id left join customer c1_0 on c1_0.cust_id=o2_0.cust_id left join employee e1_0 on e1_0.emp_id=o2_0.employee_id where p1_0.product_id=?
Hibernate: select o1_0.order_id,o1_0.product_id,p1_0.product_id,p1_0.description,p1_0.manufacturer_name,p1_0.name,p1_0.status,p1_0.unit,o1_0.note,o1_0.price,o1_0.quantity from order_detail o1_0 join product p1_0 on p1_0.product_id=o1_0.product_id where o1_0.order_id=?
Hibernate: select l1_0.employee_id,l1_0.order_id,c1_0.cust_id,c1_0.address,c1_0.email,c1_0.cust_name,c1_0.phone,l1_0.order_date from orders l1_0 left join customer c1_0 on c1_0.cust_id=l1_0.cust_id where l1_0.employee_id=?
Hibernate: select o1_0.order_id,o1_0.product_id,p1_0.product_id,p1_0.description,p1_0.manufacturer_name,p1_0.name,p1_0.status,p1_0.unit,o1_0.note,o1_0.price,o1_0.quantity from order_detail o1_0 join product p1_0 on p1_0.product_id=o1_0.product_id where o1_0.order_id=?
Hibernate: select l1_0.employee_id,l1_0.order_id,c1_0.cust_id,c1_0.address,c1_0.email,c1_0.cust_name,c1_0.phone,l1_0.order_date from orders l1_0 left join customer c1_0 on c1_0.cust_id=l1_0.cust_id where l1_0.employee_id=?
Hibernate: select p1_0.product_id,p1_0.price_date_time,p1_0.note,p1_0.price from product_price p1_0 where p1_0.product_id=?
Hibernate: select p1_0.product_id,p1_0.image_id,p1_0.alternative,p1_0.path from product_image p1_0 where p1_0.product_id=?
Hibernate: select o1_0.order_id,o1_0.product_id,p1_0.product_id,p1_0.description,p1_0.manufacturer_name,p1_0.name,p1_0.status,p1_0.unit,o1_0.note,o1_0.price,o1_0.quantity from order_detail o1_0 join product p1_0 on p1_0.product_id=o1_0.product_id where o1_0.order_id=?
Hibernate: select l1_0.employee_id,l1_0.order_id,c1_0.cust_id,c1_0.address,c1_0.email,c1_0.cust_name,c1_0.phone,l1_0.order_date from orders l1_0 left join customer c1_0 on c1_0.cust_id=l1_0.cust_id where l1_0.employee_id=?
Hibernate: insert into order_detail (note,price,quantity,order_id,product_id) values (?,?,?,?,?)
Hibernate: select p1_0.product_id,p1_0.description,p1_0.manufacturer_name,p1_0.name,p1_0.status,p1_0.unit from product p1_0 where p1_0.product_id=?
Hibernate: select o1_0.order_id,o2_0.order_id,c1_0.cust_id,c1_0.address,c1_0.email,c1_0.cust_name,c1_0.phone,o2_0.employee_id,e1_0.emp_id,e1_0.address,e1_0.dob,e1_0.email,e1_0.full_name,e1_0.phone,e1_0.status,o2_0.order_date,o1_0.product_id,p1_0.product_id,p1_0.description,p1_0.manufacturer_name,p1_0.name,p1_0.status,p1_0.unit,p2_0.product_id,p2_0.image_id,p2_0.alternative,p2_0.path,o1_0.note,o1_0.price,o1_0.quantity from order_detail o1_0 join orders o2_0 on o2_0.order_id=o1_0.order_id left join customer c1_0 on c1_0.cust_id=o2_0.cust_id left join employee e1_0 on e1_0.emp_id=o2_0.employee_id join product p1_0 on p1_0.product_id=o1_0.product_id left join product_image p2_0 on p1_0.product_id=p2_0.product_id where (o1_0.order_id,o1_0.product_id) in ((?,?))
Hibernate: select o1_0.order_id,c1_0.cust_id,c1_0.address,c1_0.email,c1_0.cust_name,c1_0.phone,o1_0.employee_id,e1_0.emp_id,e1_0.address,e1_0.dob,e1_0.email,e1_0.full_name,e1_0.phone,e1_0.status,o1_0.order_date,o2_0.order_id,o2_0.product_id,p1_0.product_id,p1_0.description,p1_0.manufacturer_name,p1_0.name,p1_0.status,p1_0.unit,o2_0.note,o2_0.price,o2_0.quantity from orders o1_0 left join customer c1_0 on c1_0.cust_id=o1_0.cust_id join employee e1_0 on e1_0.emp_id=o1_0.employee_id left join order_detail o2_0 on o1_0.order_id=o2_0.order_id left join product p1_0 on p1_0.product_id=o2_0.product_id where o1_0.order_id=?
Hibernate: select p1_0.product_id,p1_0.price_date_time,p1_0.note,p1_0.price from product_price p1_0 where p1_0.product_id=?
Hibernate: select p1_0.product_id,p1_0.image_id,p1_0.alternative,p1_0.path from product_image p1_0 where p1_0.product_id=?
Hibernate: select o1_0.product_id,o1_0.order_id,o2_0.order_id,c1_0.cust_id,c1_0.address,c1_0.email,c1_0.cust_name,c1_0.phone,o2_0.employee_id,e1_0.emp_id,e1_0.address,e1_0.dob,e1_0.email,e1_0.full_name,e1_0.phone,e1_0.status,o2_0.order_date,o1_0.note,o1_0.price,o1_0.quantity from order_detail o1_0 join orders o2_0 on o2_0.order_id=o1_0.order_id left join customer c1_0 on c1_0.cust_id=o2_0.cust_id left join employee e1_0 on e1_0.emp_id=o2_0.employee_id where o1_0.product_id=?
Hibernate: select l1_0.employee_id,l1_0.order_id,c1_0.cust_id,c1_0.address,c1_0.email,c1_0.cust_name,c1_0.phone,l1_0.order_date from orders l1_0 left join customer c1_0 on c1_0.cust_id=l1_0.cust_id where l1_0.employee_id=?
Hibernate: select p1_0.product_id,p1_0.description,p1_0.manufacturer_name,p1_0.name,p1_0.status,p1_0.unit,o1_0.product_id,o1_0.order_id,o2_0.order_id,c1_0.cust_id,c1_0.address,c1_0.email,c1_0.cust_name,c1_0.phone,o2_0.employee_id,e1_0.emp_id,e1_0.address,e1_0.dob,e1_0.email,e1_0.full_name,e1_0.phone,e1_0.status,o2_0.order_date,o1_0.note,o1_0.price,o1_0.quantity from product p1_0 left join order_detail o1_0 on p1_0.product_id=o1_0.product_id left join orders o2_0 on o2_0.order_id=o1_0.order_id left join customer c1_0 on c1_0.cust_id=o2_0.cust_id left join employee e1_0 on e1_0.emp_id=o2_0.employee_id where p1_0.product_id=?
Hibernate: select o1_0.order_id,o1_0.product_id,p1_0.product_id,p1_0.description,p1_0.manufacturer_name,p1_0.name,p1_0.status,p1_0.unit,o1_0.note,o1_0.price,o1_0.quantity from order_detail o1_0 join product p1_0 on p1_0.product_id=o1_0.product_id where o1_0.order_id=?
Hibernate: select o1_0.order_id,o1_0.product_id,p1_0.product_id,p1_0.description,p1_0.manufacturer_name,p1_0.name,p1_0.status,p1_0.unit,o1_0.note,o1_0.price,o1_0.quantity from order_detail o1_0 join product p1_0 on p1_0.product_id=o1_0.product_id where o1_0.order_id=?
Hibernate: select o1_0.order_id,o1_0.product_id,p1_0.product_id,p1_0.description,p1_0.manufacturer_name,p1_0.name,p1_0.status,p1_0.unit,o1_0.note,o1_0.price,o1_0.quantity from order_detail o1_0 join product p1_0 on p1_0.product_id=o1_0.product_id where o1_0.order_id=?
Hibernate: select o1_0.order_id,o1_0.product_id,p1_0.product_id,p1_0.description,p1_0.manufacturer_name,p1_0.name,p1_0.status,p1_0.unit,o1_0.note,o1_0.price,o1_0.quantity from order_detail o1_0 join product p1_0 on p1_0.product_id=o1_0.product_id where o1_0.order_id=?
Hibernate: select l1_0.employee_id,l1_0.order_id,c1_0.cust_id,c1_0.address,c1_0.email,c1_0.cust_name,c1_0.phone,l1_0.order_date from orders l1_0 left join customer c1_0 on c1_0.cust_id=l1_0.cust_id where l1_0.employee_id=?
Hibernate: select o1_0.order_id,o1_0.product_id,p1_0.product_id,p1_0.description,p1_0.manufacturer_name,p1_0.name,p1_0.status,p1_0.unit,o1_0.note,o1_0.price,o1_0.quantity from order_detail o1_0 join product p1_0 on p1_0.product_id=o1_0.product_id where o1_0.order_id=?
Hibernate: select l1_0.employee_id,l1_0.order_id,c1_0.cust_id,c1_0.address,c1_0.email,c1_0.cust_name,c1_0.phone,l1_0.order_date from orders l1_0 left join customer c1_0 on c1_0.cust_id=l1_0.cust_id where l1_0.employee_id=?
Hibernate: select p1_0.product_id,p1_0.price_date_time,p1_0.note,p1_0.price from product_price p1_0 where p1_0.product_id=?
Hibernate: select p1_0.product_id,p1_0.image_id,p1_0.alternative,p1_0.path from product_image p1_0 where p1_0.product_id=?
Hibernate: select o1_0.order_id,o1_0.product_id,p1_0.product_id,p1_0.description,p1_0.manufacturer_name,p1_0.name,p1_0.status,p1_0.unit,o1_0.note,o1_0.price,o1_0.quantity from order_detail o1_0 join product p1_0 on p1_0.product_id=o1_0.product_id where o1_0.order_id=?
Hibernate: insert into order_detail (note,price,quantity,order_id,product_id) values (?,?,?,?,?)
Hibernate: select p1_0.product_id,p1_0.description,p1_0.manufacturer_name,p1_0.name,p1_0.status,p1_0.unit from product p1_0 where p1_0.product_id=?
Hibernate: select o1_0.order_id,o2_0.order_id,c1_0.cust_id,c1_0.address,c1_0.email,c1_0.cust_name,c1_0.phone,o2_0.employee_id,e1_0.emp_id,e1_0.address,e1_0.dob,e1_0.email,e1_0.full_name,e1_0.phone,e1_0.status,o2_0.order_date,o1_0.product_id,p1_0.product_id,p1_0.description,p1_0.manufacturer_name,p1_0.name,p1_0.status,p1_0.unit,p2_0.product_id,p2_0.image_id,p2_0.alternative,p2_0.path,o1_0.note,o1_0.price,o1_0.quantity from order_detail o1_0 join orders o2_0 on o2_0.order_id=o1_0.order_id left join customer c1_0 on c1_0.cust_id=o2_0.cust_id left join employee e1_0 on e1_0.emp_id=o2_0.employee_id join product p1_0 on p1_0.product_id=o1_0.product_id left join product_image p2_0 on p1_0.product_id=p2_0.product_id where (o1_0.order_id,o1_0.product_id) in ((?,?))
Hibernate: select o1_0.order_id,c1_0.cust_id,c1_0.address,c1_0.email,c1_0.cust_name,c1_0.phone,o1_0.employee_id,e1_0.emp_id,e1_0.address,e1_0.dob,e1_0.email,e1_0.full_name,e1_0.phone,e1_0.status,o1_0.order_date,o2_0.order_id,o2_0.product_id,p1_0.product_id,p1_0.description,p1_0.manufacturer_name,p1_0.name,p1_0.status,p1_0.unit,o2_0.note,o2_0.price,o2_0.quantity from orders o1_0 left join customer c1_0 on c1_0.cust_id=o1_0.cust_id join employee e1_0 on e1_0.emp_id=o1_0.employee_id left join order_detail o2_0 on o1_0.order_id=o2_0.order_id left join product p1_0 on p1_0.product_id=o2_0.product_id where o1_0.order_id=?
Hibernate: select p1_0.product_id,p1_0.price_date_time,p1_0.note,p1_0.price from product_price p1_0 where p1_0.product_id=?
Hibernate: select p1_0.product_id,p1_0.image_id,p1_0.alternative,p1_0.path from product_image p1_0 where p1_0.product_id=?
Hibernate: select o1_0.product_id,o1_0.order_id,o2_0.order_id,c1_0.cust_id,c1_0.address,c1_0.email,c1_0.cust_name,c1_0.phone,o2_0.employee_id,e1_0.emp_id,e1_0.address,e1_0.dob,e1_0.email,e1_0.full_name,e1_0.phone,e1_0.status,o2_0.order_date,o1_0.note,o1_0.price,o1_0.quantity from order_detail o1_0 join orders o2_0 on o2_0.order_id=o1_0.order_id left join customer c1_0 on c1_0.cust_id=o2_0.cust_id left join employee e1_0 on e1_0.emp_id=o2_0.employee_id where o1_0.product_id=?
Hibernate: select p1_0.product_id,p1_0.price_date_time,p1_0.note,p1_0.price from product_price p1_0 where p1_0.product_id=?
Hibernate: select p1_0.product_id,p1_0.image_id,p1_0.alternative,p1_0.path from product_image p1_0 where p1_0.product_id=?
Hibernate: select o1_0.product_id,o1_0.order_id,o2_0.order_id,c1_0.cust_id,c1_0.address,c1_0.email,c1_0.cust_name,c1_0.phone,o2_0.employee_id,e1_0.emp_id,e1_0.address,e1_0.dob,e1_0.email,e1_0.full_name,e1_0.phone,e1_0.status,o2_0.order_date,o1_0.note,o1_0.price,o1_0.quantity from order_detail o1_0 join orders o2_0 on o2_0.order_id=o1_0.order_id left join customer c1_0 on c1_0.cust_id=o2_0.cust_id left join employee e1_0 on e1_0.emp_id=o2_0.employee_id where o1_0.product_id=?
Hibernate: select l1_0.employee_id,l1_0.order_id,c1_0.cust_id,c1_0.address,c1_0.email,c1_0.cust_name,c1_0.phone,l1_0.order_date from orders l1_0 left join customer c1_0 on c1_0.cust_id=l1_0.cust_id where l1_0.employee_id=?
Hibernate: select p1_0.product_id,p1_0.description,p1_0.manufacturer_name,p1_0.name,p1_0.status,p1_0.unit,o1_0.product_id,o1_0.order_id,o2_0.order_id,c1_0.cust_id,c1_0.address,c1_0.email,c1_0.cust_name,c1_0.phone,o2_0.employee_id,e1_0.emp_id,e1_0.address,e1_0.dob,e1_0.email,e1_0.full_name,e1_0.phone,e1_0.status,o2_0.order_date,o1_0.note,o1_0.price,o1_0.quantity from product p1_0 left join order_detail o1_0 on p1_0.product_id=o1_0.product_id left join orders o2_0 on o2_0.order_id=o1_0.order_id left join customer c1_0 on c1_0.cust_id=o2_0.cust_id left join employee e1_0 on e1_0.emp_id=o2_0.employee_id where p1_0.product_id=?
Hibernate: select o1_0.order_id,o1_0.product_id,p1_0.product_id,p1_0.description,p1_0.manufacturer_name,p1_0.name,p1_0.status,p1_0.unit,o1_0.note,o1_0.price,o1_0.quantity from order_detail o1_0 join product p1_0 on p1_0.product_id=o1_0.product_id where o1_0.order_id=?
Hibernate: select o1_0.order_id,o1_0.product_id,p1_0.product_id,p1_0.description,p1_0.manufacturer_name,p1_0.name,p1_0.status,p1_0.unit,o1_0.note,o1_0.price,o1_0.quantity from order_detail o1_0 join product p1_0 on p1_0.product_id=o1_0.product_id where o1_0.order_id=?
Hibernate: select o1_0.order_id,o1_0.product_id,p1_0.product_id,p1_0.description,p1_0.manufacturer_name,p1_0.name,p1_0.status,p1_0.unit,o1_0.note,o1_0.price,o1_0.quantity from order_detail o1_0 join product p1_0 on p1_0.product_id=o1_0.product_id where o1_0.order_id=?
Hibernate: select p1_0.product_id,p1_0.price_date_time,p1_0.note,p1_0.price from product_price p1_0 where p1_0.product_id=?
Hibernate: select p1_0.product_id,p1_0.image_id,p1_0.alternative,p1_0.path from product_image p1_0 where p1_0.product_id=?
Hibernate: select o1_0.order_id,o1_0.product_id,p1_0.product_id,p1_0.description,p1_0.manufacturer_name,p1_0.name,p1_0.status,p1_0.unit,o1_0.note,o1_0.price,o1_0.quantity from order_detail o1_0 join product p1_0 on p1_0.product_id=o1_0.product_id where o1_0.order_id=?
Hibernate: insert into order_detail (note,price,quantity,order_id,product_id) values (?,?,?,?,?)
Hibernate: select e1_0.emp_id,e1_0.address,e1_0.dob,e1_0.email,e1_0.full_name,e1_0.phone,e1_0.status from employee e1_0 where e1_0.emp_id=?
Hibernate: select c1_0.cust_id,c1_0.address,c1_0.email,c1_0.cust_name,c1_0.phone from customer c1_0 where c1_0.cust_id=?
Hibernate: select o1_0.order_id,c1_0.cust_id,c1_0.address,c1_0.email,c1_0.cust_name,c1_0.phone,o1_0.employee_id,e1_0.emp_id,e1_0.address,e1_0.dob,e1_0.email,e1_0.full_name,e1_0.phone,e1_0.status,o1_0.order_date,o2_0.order_id,o2_0.product_id,p1_0.product_id,p1_0.description,p1_0.manufacturer_name,p1_0.name,p1_0.status,p1_0.unit,o2_0.note,o2_0.price,o2_0.quantity from orders o1_0 left join customer c1_0 on c1_0.cust_id=o1_0.cust_id join employee e1_0 on e1_0.emp_id=o1_0.employee_id left join order_detail o2_0 on o1_0.order_id=o2_0.order_id left join product p1_0 on p1_0.product_id=o2_0.product_id where o1_0.order_id=?
Hibernate: select c1_0.cust_id,c1_0.address,c1_0.email,c1_0.cust_name,c1_0.phone from customer c1_0 where c1_0.cust_id=?
Hibernate: select e1_0.emp_id,e1_0.address,e1_0.dob,e1_0.email,e1_0.full_name,e1_0.phone,e1_0.status from employee e1_0 where e1_0.emp_id=?
Hibernate: insert into orders (cust_id,employee_id,order_date,order_id) values (?,?,?,default)
Hibernate: select p1_0.product_id,p1_0.description,p1_0.manufacturer_name,p1_0.name,p1_0.status,p1_0.unit from product p1_0 where p1_0.product_id=?
Hibernate: select o1_0.order_id,o2_0.order_id,c1_0.cust_id,c1_0.address,c1_0.email,c1_0.cust_name,c1_0.phone,o2_0.employee_id,e1_0.emp_id,e1_0.address,e1_0.dob,e1_0.email,e1_0.full_name,e1_0.phone,e1_0.status,o2_0.order_date,o1_0.product_id,p1_0.product_id,p1_0.description,p1_0.manufacturer_name,p1_0.name,p1_0.status,p1_0.unit,p2_0.product_id,p2_0.image_id,p2_0.alternative,p2_0.path,o1_0.note,o1_0.price,o1_0.quantity from order_detail o1_0 join orders o2_0 on o2_0.order_id=o1_0.order_id left join customer c1_0 on c1_0.cust_id=o2_0.cust_id left join employee e1_0 on e1_0.emp_id=o2_0.employee_id join product p1_0 on p1_0.product_id=o1_0.product_id left join product_image p2_0 on p1_0.product_id=p2_0.product_id where (o1_0.order_id,o1_0.product_id) in ((?,?))
Hibernate: select o1_0.order_id,c1_0.cust_id,c1_0.address,c1_0.email,c1_0.cust_name,c1_0.phone,o1_0.employee_id,e1_0.emp_id,e1_0.address,e1_0.dob,e1_0.email,e1_0.full_name,e1_0.phone,e1_0.status,o1_0.order_date,o2_0.order_id,o2_0.product_id,p1_0.product_id,p1_0.description,p1_0.manufacturer_name,p1_0.name,p1_0.status,p1_0.unit,o2_0.note,o2_0.price,o2_0.quantity from orders o1_0 left join customer c1_0 on c1_0.cust_id=o1_0.cust_id join employee e1_0 on e1_0.emp_id=o1_0.employee_id left join order_detail o2_0 on o1_0.order_id=o2_0.order_id left join product p1_0 on p1_0.product_id=o2_0.product_id where o1_0.order_id=?
Hibernate: select l1_0.employee_id,l1_0.order_id,c1_0.cust_id,c1_0.address,c1_0.email,c1_0.cust_name,c1_0.phone,l1_0.order_date from orders l1_0 left join customer c1_0 on c1_0.cust_id=l1_0.cust_id where l1_0.employee_id=?
Hibernate: select p1_0.product_id,p1_0.description,p1_0.manufacturer_name,p1_0.name,p1_0.status,p1_0.unit,o1_0.product_id,o1_0.order_id,o2_0.order_id,c1_0.cust_id,c1_0.address,c1_0.email,c1_0.cust_name,c1_0.phone,o2_0.employee_id,e1_0.emp_id,e1_0.address,e1_0.dob,e1_0.email,e1_0.full_name,e1_0.phone,e1_0.status,o2_0.order_date,o1_0.note,o1_0.price,o1_0.quantity from product p1_0 left join order_detail o1_0 on p1_0.product_id=o1_0.product_id left join orders o2_0 on o2_0.order_id=o1_0.order_id left join customer c1_0 on c1_0.cust_id=o2_0.cust_id left join employee e1_0 on e1_0.emp_id=o2_0.employee_id where p1_0.product_id=?
Hibernate: select o1_0.order_id,o1_0.product_id,p1_0.product_id,p1_0.description,p1_0.manufacturer_name,p1_0.name,p1_0.status,p1_0.unit,o1_0.note,o1_0.price,o1_0.quantity from order_detail o1_0 join product p1_0 on p1_0.product_id=o1_0.product_id where o1_0.order_id=?
Hibernate: select o1_0.order_id,o1_0.product_id,p1_0.product_id,p1_0.description,p1_0.manufacturer_name,p1_0.name,p1_0.status,p1_0.unit,o1_0.note,o1_0.price,o1_0.quantity from order_detail o1_0 join product p1_0 on p1_0.product_id=o1_0.product_id where o1_0.order_id=?
Hibernate: select l1_0.employee_id,l1_0.order_id,c1_0.cust_id,c1_0.address,c1_0.email,c1_0.cust_name,c1_0.phone,l1_0.order_date from orders l1_0 left join customer c1_0 on c1_0.cust_id=l1_0.cust_id where l1_0.employee_id=?
Hibernate: select o1_0.order_id,o1_0.product_id,p1_0.product_id,p1_0.description,p1_0.manufacturer_name,p1_0.name,p1_0.status,p1_0.unit,o1_0.note,o1_0.price,o1_0.quantity from order_detail o1_0 join product p1_0 on p1_0.product_id=o1_0.product_id where o1_0.order_id=?
Hibernate: select l1_0.employee_id,l1_0.order_id,c1_0.cust_id,c1_0.address,c1_0.email,c1_0.cust_name,c1_0.phone,l1_0.order_date from orders l1_0 left join customer c1_0 on c1_0.cust_id=l1_0.cust_id where l1_0.employee_id=?
Hibernate: select o1_0.order_id,o1_0.product_id,p1_0.product_id,p1_0.description,p1_0.manufacturer_name,p1_0.name,p1_0.status,p1_0.unit,o1_0.note,o1_0.price,o1_0.quantity from order_detail o1_0 join product p1_0 on p1_0.product_id=o1_0.product_id where o1_0.order_id=?
Hibernate: select o1_0.order_id,o1_0.product_id,p1_0.product_id,p1_0.description,p1_0.manufacturer_name,p1_0.name,p1_0.status,p1_0.unit,o1_0.note,o1_0.price,o1_0.quantity from order_detail o1_0 join product p1_0 on p1_0.product_id=o1_0.product_id where o1_0.order_id=?
Hibernate: select l1_0.employee_id,l1_0.order_id,c1_0.cust_id,c1_0.address,c1_0.email,c1_0.cust_name,c1_0.phone,l1_0.order_date from orders l1_0 left join customer c1_0 on c1_0.cust_id=l1_0.cust_id where l1_0.employee_id=?
Hibernate: select o1_0.order_id,o1_0.product_id,p1_0.product_id,p1_0.description,p1_0.manufacturer_name,p1_0.name,p1_0.status,p1_0.unit,o1_0.note,o1_0.price,o1_0.quantity from order_detail o1_0 join product p1_0 on p1_0.product_id=o1_0.product_id where o1_0.order_id=?
Hibernate: select l1_0.employee_id,l1_0.order_id,c1_0.cust_id,c1_0.address,c1_0.email,c1_0.cust_name,c1_0.phone,l1_0.order_date from orders l1_0 left join customer c1_0 on c1_0.cust_id=l1_0.cust_id where l1_0.employee_id=?
Hibernate: select p1_0.product_id,p1_0.price_date_time,p1_0.note,p1_0.price from product_price p1_0 where p1_0.product_id=?
Hibernate: select p1_0.product_id,p1_0.image_id,p1_0.alternative,p1_0.path from product_image p1_0 where p1_0.product_id=?
Hibernate: select o1_0.order_id,o1_0.product_id,p1_0.product_id,p1_0.description,p1_0.manufacturer_name,p1_0.name,p1_0.status,p1_0.unit,o1_0.note,o1_0.price,o1_0.quantity from order_detail o1_0 join product p1_0 on p1_0.product_id=o1_0.product_id where o1_0.order_id=?
Hibernate: select l1_0.employee_id,l1_0.order_id,c1_0.cust_id,c1_0.address,c1_0.email,c1_0.cust_name,c1_0.phone,l1_0.order_date from orders l1_0 left join customer c1_0 on c1_0.cust_id=l1_0.cust_id where l1_0.employee_id=?
Hibernate: insert into order_detail (note,price,quantity,order_id,product_id) values (?,?,?,?,?)
Hibernate: select p1_0.product_id,p1_0.description,p1_0.manufacturer_name,p1_0.name,p1_0.status,p1_0.unit from product p1_0 where p1_0.product_id=?
Hibernate: select o1_0.order_id,o2_0.order_id,c1_0.cust_id,c1_0.address,c1_0.email,c1_0.cust_name,c1_0.phone,o2_0.employee_id,e1_0.emp_id,e1_0.address,e1_0.dob,e1_0.email,e1_0.full_name,e1_0.phone,e1_0.status,o2_0.order_date,o1_0.product_id,p1_0.product_id,p1_0.description,p1_0.manufacturer_name,p1_0.name,p1_0.status,p1_0.unit,p2_0.product_id,p2_0.image_id,p2_0.alternative,p2_0.path,o1_0.note,o1_0.price,o1_0.quantity from order_detail o1_0 join orders o2_0 on o2_0.order_id=o1_0.order_id left join customer c1_0 on c1_0.cust_id=o2_0.cust_id left join employee e1_0 on e1_0.emp_id=o2_0.employee_id join product p1_0 on p1_0.product_id=o1_0.product_id left join product_image p2_0 on p1_0.product_id=p2_0.product_id where (o1_0.order_id,o1_0.product_id) in ((?,?))
Hibernate: select o1_0.order_id,c1_0.cust_id,c1_0.address,c1_0.email,c1_0.cust_name,c1_0.phone,o1_0.employee_id,e1_0.emp_id,e1_0.address,e1_0.dob,e1_0.email,e1_0.full_name,e1_0.phone,e1_0.status,o1_0.order_date,o2_0.order_id,o2_0.product_id,p1_0.product_id,p1_0.description,p1_0.manufacturer_name,p1_0.name,p1_0.status,p1_0.unit,o2_0.note,o2_0.price,o2_0.quantity from orders o1_0 left join customer c1_0 on c1_0.cust_id=o1_0.cust_id join employee e1_0 on e1_0.emp_id=o1_0.employee_id left join order_detail o2_0 on o1_0.order_id=o2_0.order_id left join product p1_0 on p1_0.product_id=o2_0.product_id where o1_0.order_id=?
Hibernate: select p1_0.product_id,p1_0.price_date_time,p1_0.note,p1_0.price from product_price p1_0 where p1_0.product_id=?
Hibernate: select p1_0.product_id,p1_0.image_id,p1_0.alternative,p1_0.path from product_image p1_0 where p1_0.product_id=?
Hibernate: select o1_0.product_id,o1_0.order_id,o2_0.order_id,c1_0.cust_id,c1_0.address,c1_0.email,c1_0.cust_name,c1_0.phone,o2_0.employee_id,e1_0.emp_id,e1_0.address,e1_0.dob,e1_0.email,e1_0.full_name,e1_0.phone,e1_0.status,o2_0.order_date,o1_0.note,o1_0.price,o1_0.quantity from order_detail o1_0 join orders o2_0 on o2_0.order_id=o1_0.order_id left join customer c1_0 on c1_0.cust_id=o2_0.cust_id left join employee e1_0 on e1_0.emp_id=o2_0.employee_id where o1_0.product_id=?
Hibernate: select l1_0.employee_id,l1_0.order_id,c1_0.cust_id,c1_0.address,c1_0.email,c1_0.cust_name,c1_0.phone,l1_0.order_date from orders l1_0 left join customer c1_0 on c1_0.cust_id=l1_0.cust_id where l1_0.employee_id=?
Hibernate: select p1_0.product_id,p1_0.description,p1_0.manufacturer_name,p1_0.name,p1_0.status,p1_0.unit,o1_0.product_id,o1_0.order_id,o2_0.order_id,c1_0.cust_id,c1_0.address,c1_0.email,c1_0.cust_name,c1_0.phone,o2_0.employee_id,e1_0.emp_id,e1_0.address,e1_0.dob,e1_0.email,e1_0.full_name,e1_0.phone,e1_0.status,o2_0.order_date,o1_0.note,o1_0.price,o1_0.quantity from product p1_0 left join order_detail o1_0 on p1_0.product_id=o1_0.product_id left join orders o2_0 on o2_0.order_id=o1_0.order_id left join customer c1_0 on c1_0.cust_id=o2_0.cust_id left join employee e1_0 on e1_0.emp_id=o2_0.employee_id where p1_0.product_id=?
Hibernate: select o1_0.order_id,o1_0.product_id,p1_0.product_id,p1_0.description,p1_0.manufacturer_name,p1_0.name,p1_0.status,p1_0.unit,o1_0.note,o1_0.price,o1_0.quantity from order_detail o1_0 join product p1_0 on p1_0.product_id=o1_0.product_id where o1_0.order_id=?
Hibernate: select o1_0.order_id,o1_0.product_id,p1_0.product_id,p1_0.description,p1_0.manufacturer_name,p1_0.name,p1_0.status,p1_0.unit,o1_0.note,o1_0.price,o1_0.quantity from order_detail o1_0 join product p1_0 on p1_0.product_id=o1_0.product_id where o1_0.order_id=?
Hibernate: select o1_0.order_id,o1_0.product_id,p1_0.product_id,p1_0.description,p1_0.manufacturer_name,p1_0.name,p1_0.status,p1_0.unit,o1_0.note,o1_0.price,o1_0.quantity from order_detail o1_0 join product p1_0 on p1_0.product_id=o1_0.product_id where o1_0.order_id=?
Hibernate: select l1_0.employee_id,l1_0.order_id,c1_0.cust_id,c1_0.address,c1_0.email,c1_0.cust_name,c1_0.phone,l1_0.order_date from orders l1_0 left join customer c1_0 on c1_0.cust_id=l1_0.cust_id where l1_0.employee_id=?
Hibernate: select o1_0.order_id,o1_0.product_id,p1_0.product_id,p1_0.description,p1_0.manufacturer_name,p1_0.name,p1_0.status,p1_0.unit,o1_0.note,o1_0.price,o1_0.quantity from order_detail o1_0 join product p1_0 on p1_0.product_id=o1_0.product_id where o1_0.order_id=?
Hibernate: select o1_0.order_id,o1_0.product_id,p1_0.product_id,p1_0.description,p1_0.manufacturer_name,p1_0.name,p1_0.status,p1_0.unit,o1_0.note,o1_0.price,o1_0.quantity from order_detail o1_0 join product p1_0 on p1_0.product_id=o1_0.product_id where o1_0.order_id=?
Hibernate: select o1_0.order_id,o1_0.product_id,p1_0.product_id,p1_0.description,p1_0.manufacturer_name,p1_0.name,p1_0.status,p1_0.unit,o1_0.note,o1_0.price,o1_0.quantity from order_detail o1_0 join product p1_0 on p1_0.product_id=o1_0.product_id where o1_0.order_id=?
Hibernate: select l1_0.employee_id,l1_0.order_id,c1_0.cust_id,c1_0.address,c1_0.email,c1_0.cust_name,c1_0.phone,l1_0.order_date from orders l1_0 left join customer c1_0 on c1_0.cust_id=l1_0.cust_id where l1_0.employee_id=?
Hibernate: select o1_0.order_id,o1_0.product_id,p1_0.product_id,p1_0.description,p1_0.manufacturer_name,p1_0.name,p1_0.status,p1_0.unit,o1_0.note,o1_0.price,o1_0.quantity from order_detail o1_0 join product p1_0 on p1_0.product_id=o1_0.product_id where o1_0.order_id=?
Hibernate: select l1_0.employee_id,l1_0.order_id,c1_0.cust_id,c1_0.address,c1_0.email,c1_0.cust_name,c1_0.phone,l1_0.order_date from orders l1_0 left join customer c1_0 on c1_0.cust_id=l1_0.cust_id where l1_0.employee_id=?
Hibernate: select p1_0.product_id,p1_0.price_date_time,p1_0.note,p1_0.price from product_price p1_0 where p1_0.product_id=?
Hibernate: select p1_0.product_id,p1_0.image_id,p1_0.alternative,p1_0.path from product_image p1_0 where p1_0.product_id=?
Hibernate: select o1_0.order_id,o1_0.product_id,p1_0.product_id,p1_0.description,p1_0.manufacturer_name,p1_0.name,p1_0.status,p1_0.unit,o1_0.note,o1_0.price,o1_0.quantity from order_detail o1_0 join product p1_0 on p1_0.product_id=o1_0.product_id where o1_0.order_id=?
Hibernate: insert into order_detail (note,price,quantity,order_id,product_id) values (?,?,?,?,?)
Hibernate: select p1_0.product_id,p1_0.description,p1_0.manufacturer_name,p1_0.name,p1_0.status,p1_0.unit from product p1_0 where p1_0.product_id=?
Hibernate: select o1_0.order_id,o2_0.order_id,c1_0.cust_id,c1_0.address,c1_0.email,c1_0.cust_name,c1_0.phone,o2_0.employee_id,e1_0.emp_id,e1_0.address,e1_0.dob,e1_0.email,e1_0.full_name,e1_0.phone,e1_0.status,o2_0.order_date,o1_0.product_id,p1_0.product_id,p1_0.description,p1_0.manufacturer_name,p1_0.name,p1_0.status,p1_0.unit,p2_0.product_id,p2_0.image_id,p2_0.alternative,p2_0.path,o1_0.note,o1_0.price,o1_0.quantity from order_detail o1_0 join orders o2_0 on o2_0.order_id=o1_0.order_id left join customer c1_0 on c1_0.cust_id=o2_0.cust_id left join employee e1_0 on e1_0.emp_id=o2_0.employee_id join product p1_0 on p1_0.product_id=o1_0.product_id left join product_image p2_0 on p1_0.product_id=p2_0.product_id where (o1_0.order_id,o1_0.product_id) in ((?,?))
Hibernate: select o1_0.order_id,c1_0.cust_id,c1_0.address,c1_0.email,c1_0.cust_name,c1_0.phone,o1_0.employee_id,e1_0.emp_id,e1_0.address,e1_0.dob,e1_0.email,e1_0.full_name,e1_0.phone,e1_0.status,o1_0.order_date,o2_0.order_id,o2_0.product_id,p1_0.product_id,p1_0.description,p1_0.manufacturer_name,p1_0.name,p1_0.status,p1_0.unit,o2_0.note,o2_0.price,o2_0.quantity from orders o1_0 left join customer c1_0 on c1_0.cust_id=o1_0.cust_id join employee e1_0 on e1_0.emp_id=o1_0.employee_id left join order_detail o2_0 on o1_0.order_id=o2_0.order_id left join product p1_0 on p1_0.product_id=o2_0.product_id where o1_0.order_id=?
Hibernate: select p1_0.product_id,p1_0.price_date_time,p1_0.note,p1_0.price from product_price p1_0 where p1_0.product_id=?
Hibernate: select p1_0.product_id,p1_0.image_id,p1_0.alternative,p1_0.path from product_image p1_0 where p1_0.product_id=?
Hibernate: select o1_0.product_id,o1_0.order_id,o2_0.order_id,c1_0.cust_id,c1_0.address,c1_0.email,c1_0.cust_name,c1_0.phone,o2_0.employee_id,e1_0.emp_id,e1_0.address,e1_0.dob,e1_0.email,e1_0.full_name,e1_0.phone,e1_0.status,o2_0.order_date,o1_0.note,o1_0.price,o1_0.quantity from order_detail o1_0 join orders o2_0 on o2_0.order_id=o1_0.order_id left join customer c1_0 on c1_0.cust_id=o2_0.cust_id left join employee e1_0 on e1_0.emp_id=o2_0.employee_id where o1_0.product_id=?
Hibernate: select p1_0.product_id,p1_0.price_date_time,p1_0.note,p1_0.price from product_price p1_0 where p1_0.product_id=?
Hibernate: select p1_0.product_id,p1_0.image_id,p1_0.alternative,p1_0.path from product_image p1_0 where p1_0.product_id=?
Hibernate: select o1_0.product_id,o1_0.order_id,o2_0.order_id,c1_0.cust_id,c1_0.address,c1_0.email,c1_0.cust_name,c1_0.phone,o2_0.employee_id,e1_0.emp_id,e1_0.address,e1_0.dob,e1_0.email,e1_0.full_name,e1_0.phone,e1_0.status,o2_0.order_date,o1_0.note,o1_0.price,o1_0.quantity from order_detail o1_0 join orders o2_0 on o2_0.order_id=o1_0.order_id left join customer c1_0 on c1_0.cust_id=o2_0.cust_id left join employee e1_0 on e1_0.emp_id=o2_0.employee_id where o1_0.product_id=?
Hibernate: select l1_0.employee_id,l1_0.order_id,c1_0.cust_id,c1_0.address,c1_0.email,c1_0.cust_name,c1_0.phone,l1_0.order_date from orders l1_0 left join customer c1_0 on c1_0.cust_id=l1_0.cust_id where l1_0.employee_id=?
Hibernate: select p1_0.product_id,p1_0.description,p1_0.manufacturer_name,p1_0.name,p1_0.status,p1_0.unit,o1_0.product_id,o1_0.order_id,o2_0.order_id,c1_0.cust_id,c1_0.address,c1_0.email,c1_0.cust_name,c1_0.phone,o2_0.employee_id,e1_0.emp_id,e1_0.address,e1_0.dob,e1_0.email,e1_0.full_name,e1_0.phone,e1_0.status,o2_0.order_date,o1_0.note,o1_0.price,o1_0.quantity from product p1_0 left join order_detail o1_0 on p1_0.product_id=o1_0.product_id left join orders o2_0 on o2_0.order_id=o1_0.order_id left join customer c1_0 on c1_0.cust_id=o2_0.cust_id left join employee e1_0 on e1_0.emp_id=o2_0.employee_id where p1_0.product_id=?
Hibernate: select o1_0.order_id,o1_0.product_id,p1_0.product_id,p1_0.description,p1_0.manufacturer_name,p1_0.name,p1_0.status,p1_0.unit,o1_0.note,o1_0.price,o1_0.quantity from order_detail o1_0 join product p1_0 on p1_0.product_id=o1_0.product_id where o1_0.order_id=?
Hibernate: select o1_0.order_id,o1_0.product_id,p1_0.product_id,p1_0.description,p1_0.manufacturer_name,p1_0.name,p1_0.status,p1_0.unit,o1_0.note,o1_0.price,o1_0.quantity from order_detail o1_0 join product p1_0 on p1_0.product_id=o1_0.product_id where o1_0.order_id=?
Hibernate: select o1_0.order_id,o1_0.product_id,p1_0.product_id,p1_0.description,p1_0.manufacturer_name,p1_0.name,p1_0.status,p1_0.unit,o1_0.note,o1_0.price,o1_0.quantity from order_detail o1_0 join product p1_0 on p1_0.product_id=o1_0.product_id where o1_0.order_id=?
Hibernate: select o1_0.order_id,o1_0.product_id,p1_0.product_id,p1_0.description,p1_0.manufacturer_name,p1_0.name,p1_0.status,p1_0.unit,o1_0.note,o1_0.price,o1_0.quantity from order_detail o1_0 join product p1_0 on p1_0.product_id=o1_0.product_id where o1_0.order_id=?
Hibernate: select o1_0.order_id,o1_0.product_id,p1_0.product_id,p1_0.description,p1_0.manufacturer_name,p1_0.name,p1_0.status,p1_0.unit,o1_0.note,o1_0.price,o1_0.quantity from order_detail o1_0 join product p1_0 on p1_0.product_id=o1_0.product_id where o1_0.order_id=?
Hibernate: select o1_0.order_id,o1_0.product_id,p1_0.product_id,p1_0.description,p1_0.manufacturer_name,p1_0.name,p1_0.status,p1_0.unit,o1_0.note,o1_0.price,o1_0.quantity from order_detail o1_0 join product p1_0 on p1_0.product_id=o1_0.product_id where o1_0.order_id=?
Hibernate: select o1_0.order_id,o1_0.product_id,p1_0.product_id,p1_0.description,p1_0.manufacturer_name,p1_0.name,p1_0.status,p1_0.unit,o1_0.note,o1_0.price,o1_0.quantity from order_detail o1_0 join product p1_0 on p1_0.product_id=o1_0.product_id where o1_0.order_id=?
Hibernate: select o1_0.order_id,o1_0.product_id,p1_0.product_id,p1_0.description,p1_0.manufacturer_name,p1_0.name,p1_0.status,p1_0.unit,o1_0.note,o1_0.price,o1_0.quantity from order_detail o1_0 join product p1_0 on p1_0.product_id=o1_0.product_id where o1_0.order_id=?
Hibernate: select o1_0.order_id,o1_0.product_id,p1_0.product_id,p1_0.description,p1_0.manufacturer_name,p1_0.name,p1_0.status,p1_0.unit,o1_0.note,o1_0.price,o1_0.quantity from order_detail o1_0 join product p1_0 on p1_0.product_id=o1_0.product_id where o1_0.order_id=?
Hibernate: select p1_0.product_id,p1_0.price_date_time,p1_0.note,p1_0.price from product_price p1_0 where p1_0.product_id=?
Hibernate: select p1_0.product_id,p1_0.image_id,p1_0.alternative,p1_0.path from product_image p1_0 where p1_0.product_id=?
Hibernate: select o1_0.order_id,o1_0.product_id,p1_0.product_id,p1_0.description,p1_0.manufacturer_name,p1_0.name,p1_0.status,p1_0.unit,o1_0.note,o1_0.price,o1_0.quantity from order_detail o1_0 join product p1_0 on p1_0.product_id=o1_0.product_id where o1_0.order_id=?
Hibernate: insert into order_detail (note,price,quantity,order_id,product_id) values (?,?,?,?,?)
Hibernate: select e1_0.emp_id,e1_0.address,e1_0.dob,e1_0.email,e1_0.full_name,e1_0.phone,e1_0.status from employee e1_0 where e1_0.emp_id=?
Hibernate: select c1_0.cust_id,c1_0.address,c1_0.email,c1_0.cust_name,c1_0.phone from customer c1_0 where c1_0.cust_id=?
Hibernate: select o1_0.order_id,c1_0.cust_id,c1_0.address,c1_0.email,c1_0.cust_name,c1_0.phone,o1_0.employee_id,e1_0.emp_id,e1_0.address,e1_0.dob,e1_0.email,e1_0.full_name,e1_0.phone,e1_0.status,o1_0.order_date,o2_0.order_id,o2_0.product_id,p1_0.product_id,p1_0.description,p1_0.manufacturer_name,p1_0.name,p1_0.status,p1_0.unit,o2_0.note,o2_0.price,o2_0.quantity from orders o1_0 left join customer c1_0 on c1_0.cust_id=o1_0.cust_id join employee e1_0 on e1_0.emp_id=o1_0.employee_id left join order_detail o2_0 on o1_0.order_id=o2_0.order_id left join product p1_0 on p1_0.product_id=o2_0.product_id where o1_0.order_id=?
Hibernate: select c1_0.cust_id,c1_0.address,c1_0.email,c1_0.cust_name,c1_0.phone from customer c1_0 where c1_0.cust_id=?
Hibernate: select e1_0.emp_id,e1_0.address,e1_0.dob,e1_0.email,e1_0.full_name,e1_0.phone,e1_0.status from employee e1_0 where e1_0.emp_id=?
Hibernate: insert into orders (cust_id,employee_id,order_date,order_id) values (?,?,?,default)
Hibernate: select p1_0.product_id,p1_0.description,p1_0.manufacturer_name,p1_0.name,p1_0.status,p1_0.unit from product p1_0 where p1_0.product_id=?
Hibernate: select o1_0.order_id,o2_0.order_id,c1_0.cust_id,c1_0.address,c1_0.email,c1_0.cust_name,c1_0.phone,o2_0.employee_id,e1_0.emp_id,e1_0.address,e1_0.dob,e1_0.email,e1_0.full_name,e1_0.phone,e1_0.status,o2_0.order_date,o1_0.product_id,p1_0.product_id,p1_0.description,p1_0.manufacturer_name,p1_0.name,p1_0.status,p1_0.unit,p2_0.product_id,p2_0.image_id,p2_0.alternative,p2_0.path,o1_0.note,o1_0.price,o1_0.quantity from order_detail o1_0 join orders o2_0 on o2_0.order_id=o1_0.order_id left join customer c1_0 on c1_0.cust_id=o2_0.cust_id left join employee e1_0 on e1_0.emp_id=o2_0.employee_id join product p1_0 on p1_0.product_id=o1_0.product_id left join product_image p2_0 on p1_0.product_id=p2_0.product_id where (o1_0.order_id,o1_0.product_id) in ((?,?))
Hibernate: select o1_0.order_id,c1_0.cust_id,c1_0.address,c1_0.email,c1_0.cust_name,c1_0.phone,o1_0.employee_id,e1_0.emp_id,e1_0.address,e1_0.dob,e1_0.email,e1_0.full_name,e1_0.phone,e1_0.status,o1_0.order_date,o2_0.order_id,o2_0.product_id,p1_0.product_id,p1_0.description,p1_0.manufacturer_name,p1_0.name,p1_0.status,p1_0.unit,o2_0.note,o2_0.price,o2_0.quantity from orders o1_0 left join customer c1_0 on c1_0.cust_id=o1_0.cust_id join employee e1_0 on e1_0.emp_id=o1_0.employee_id left join order_detail o2_0 on o1_0.order_id=o2_0.order_id left join product p1_0 on p1_0.product_id=o2_0.product_id where o1_0.order_id=?
Hibernate: select l1_0.employee_id,l1_0.order_id,c1_0.cust_id,c1_0.address,c1_0.email,c1_0.cust_name,c1_0.phone,l1_0.order_date from orders l1_0 left join customer c1_0 on c1_0.cust_id=l1_0.cust_id where l1_0.employee_id=?
Hibernate: select p1_0.product_id,p1_0.description,p1_0.manufacturer_name,p1_0.name,p1_0.status,p1_0.unit,o1_0.product_id,o1_0.order_id,o2_0.order_id,c1_0.cust_id,c1_0.address,c1_0.email,c1_0.cust_name,c1_0.phone,o2_0.employee_id,e1_0.emp_id,e1_0.address,e1_0.dob,e1_0.email,e1_0.full_name,e1_0.phone,e1_0.status,o2_0.order_date,o1_0.note,o1_0.price,o1_0.quantity from product p1_0 left join order_detail o1_0 on p1_0.product_id=o1_0.product_id left join orders o2_0 on o2_0.order_id=o1_0.order_id left join customer c1_0 on c1_0.cust_id=o2_0.cust_id left join employee e1_0 on e1_0.emp_id=o2_0.employee_id where p1_0.product_id=?
Hibernate: select o1_0.order_id,o1_0.product_id,p1_0.product_id,p1_0.description,p1_0.manufacturer_name,p1_0.name,p1_0.status,p1_0.unit,o1_0.note,o1_0.price,o1_0.quantity from order_detail o1_0 join product p1_0 on p1_0.product_id=o1_0.product_id where o1_0.order_id=?
Hibernate: select o1_0.order_id,o1_0.product_id,p1_0.product_id,p1_0.description,p1_0.manufacturer_name,p1_0.name,p1_0.status,p1_0.unit,o1_0.note,o1_0.price,o1_0.quantity from order_detail o1_0 join product p1_0 on p1_0.product_id=o1_0.product_id where o1_0.order_id=?
Hibernate: select l1_0.employee_id,l1_0.order_id,c1_0.cust_id,c1_0.address,c1_0.email,c1_0.cust_name,c1_0.phone,l1_0.order_date from orders l1_0 left join customer c1_0 on c1_0.cust_id=l1_0.cust_id where l1_0.employee_id=?
Hibernate: select o1_0.order_id,o1_0.product_id,p1_0.product_id,p1_0.description,p1_0.manufacturer_name,p1_0.name,p1_0.status,p1_0.unit,o1_0.note,o1_0.price,o1_0.quantity from order_detail o1_0 join product p1_0 on p1_0.product_id=o1_0.product_id where o1_0.order_id=?
Hibernate: select o1_0.order_id,o1_0.product_id,p1_0.product_id,p1_0.description,p1_0.manufacturer_name,p1_0.name,p1_0.status,p1_0.unit,o1_0.note,o1_0.price,o1_0.quantity from order_detail o1_0 join product p1_0 on p1_0.product_id=o1_0.product_id where o1_0.order_id=?
Hibernate: select l1_0.employee_id,l1_0.order_id,c1_0.cust_id,c1_0.address,c1_0.email,c1_0.cust_name,c1_0.phone,l1_0.order_date from orders l1_0 left join customer c1_0 on c1_0.cust_id=l1_0.cust_id where l1_0.employee_id=?
Hibernate: select p1_0.product_id,p1_0.price_date_time,p1_0.note,p1_0.price from product_price p1_0 where p1_0.product_id=?
Hibernate: select p1_0.product_id,p1_0.image_id,p1_0.alternative,p1_0.path from product_image p1_0 where p1_0.product_id=?
Hibernate: select o1_0.order_id,o1_0.product_id,p1_0.product_id,p1_0.description,p1_0.manufacturer_name,p1_0.name,p1_0.status,p1_0.unit,o1_0.note,o1_0.price,o1_0.quantity from order_detail o1_0 join product p1_0 on p1_0.product_id=o1_0.product_id where o1_0.order_id=?
Hibernate: select l1_0.employee_id,l1_0.order_id,c1_0.cust_id,c1_0.address,c1_0.email,c1_0.cust_name,c1_0.phone,l1_0.order_date from orders l1_0 left join customer c1_0 on c1_0.cust_id=l1_0.cust_id where l1_0.employee_id=?
Hibernate: insert into order_detail (note,price,quantity,order_id,product_id) values (?,?,?,?,?)
Hibernate: select p1_0.product_id,p1_0.description,p1_0.manufacturer_name,p1_0.name,p1_0.status,p1_0.unit from product p1_0 where p1_0.product_id=?
Hibernate: select o1_0.order_id,o2_0.order_id,c1_0.cust_id,c1_0.address,c1_0.email,c1_0.cust_name,c1_0.phone,o2_0.employee_id,e1_0.emp_id,e1_0.address,e1_0.dob,e1_0.email,e1_0.full_name,e1_0.phone,e1_0.status,o2_0.order_date,o1_0.product_id,p1_0.product_id,p1_0.description,p1_0.manufacturer_name,p1_0.name,p1_0.status,p1_0.unit,p2_0.product_id,p2_0.image_id,p2_0.alternative,p2_0.path,o1_0.note,o1_0.price,o1_0.quantity from order_detail o1_0 join orders o2_0 on o2_0.order_id=o1_0.order_id left join customer c1_0 on c1_0.cust_id=o2_0.cust_id left join employee e1_0 on e1_0.emp_id=o2_0.employee_id join product p1_0 on p1_0.product_id=o1_0.product_id left join product_image p2_0 on p1_0.product_id=p2_0.product_id where (o1_0.order_id,o1_0.product_id) in ((?,?))
Hibernate: select o1_0.order_id,c1_0.cust_id,c1_0.address,c1_0.email,c1_0.cust_name,c1_0.phone,o1_0.employee_id,e1_0.emp_id,e1_0.address,e1_0.dob,e1_0.email,e1_0.full_name,e1_0.phone,e1_0.status,o1_0.order_date,o2_0.order_id,o2_0.product_id,p1_0.product_id,p1_0.description,p1_0.manufacturer_name,p1_0.name,p1_0.status,p1_0.unit,o2_0.note,o2_0.price,o2_0.quantity from orders o1_0 left join customer c1_0 on c1_0.cust_id=o1_0.cust_id join employee e1_0 on e1_0.emp_id=o1_0.employee_id left join order_detail o2_0 on o1_0.order_id=o2_0.order_id left join product p1_0 on p1_0.product_id=o2_0.product_id where o1_0.order_id=?
Hibernate: select p1_0.product_id,p1_0.price_date_time,p1_0.note,p1_0.price from product_price p1_0 where p1_0.product_id=?
Hibernate: select p1_0.product_id,p1_0.image_id,p1_0.alternative,p1_0.path from product_image p1_0 where p1_0.product_id=?
Hibernate: select o1_0.product_id,o1_0.order_id,o2_0.order_id,c1_0.cust_id,c1_0.address,c1_0.email,c1_0.cust_name,c1_0.phone,o2_0.employee_id,e1_0.emp_id,e1_0.address,e1_0.dob,e1_0.email,e1_0.full_name,e1_0.phone,e1_0.status,o2_0.order_date,o1_0.note,o1_0.price,o1_0.quantity from order_detail o1_0 join orders o2_0 on o2_0.order_id=o1_0.order_id left join customer c1_0 on c1_0.cust_id=o2_0.cust_id left join employee e1_0 on e1_0.emp_id=o2_0.employee_id where o1_0.product_id=?
Hibernate: select l1_0.employee_id,l1_0.order_id,c1_0.cust_id,c1_0.address,c1_0.email,c1_0.cust_name,c1_0.phone,l1_0.order_date from orders l1_0 left join customer c1_0 on c1_0.cust_id=l1_0.cust_id where l1_0.employee_id=?
Hibernate: select p1_0.product_id,p1_0.description,p1_0.manufacturer_name,p1_0.name,p1_0.status,p1_0.unit,o1_0.product_id,o1_0.order_id,o2_0.order_id,c1_0.cust_id,c1_0.address,c1_0.email,c1_0.cust_name,c1_0.phone,o2_0.employee_id,e1_0.emp_id,e1_0.address,e1_0.dob,e1_0.email,e1_0.full_name,e1_0.phone,e1_0.status,o2_0.order_date,o1_0.note,o1_0.price,o1_0.quantity from product p1_0 left join order_detail o1_0 on p1_0.product_id=o1_0.product_id left join orders o2_0 on o2_0.order_id=o1_0.order_id left join customer c1_0 on c1_0.cust_id=o2_0.cust_id left join employee e1_0 on e1_0.emp_id=o2_0.employee_id where p1_0.product_id=?
Hibernate: select o1_0.order_id,o1_0.product_id,p1_0.product_id,p1_0.description,p1_0.manufacturer_name,p1_0.name,p1_0.status,p1_0.unit,o1_0.note,o1_0.price,o1_0.quantity from order_detail o1_0 join product p1_0 on p1_0.product_id=o1_0.product_id where o1_0.order_id=?
Hibernate: select o1_0.order_id,o1_0.product_id,p1_0.product_id,p1_0.description,p1_0.manufacturer_name,p1_0.name,p1_0.status,p1_0.unit,o1_0.note,o1_0.price,o1_0.quantity from order_detail o1_0 join product p1_0 on p1_0.product_id=o1_0.product_id where o1_0.order_id=?
Hibernate: select o1_0.order_id,o1_0.product_id,p1_0.product_id,p1_0.description,p1_0.manufacturer_name,p1_0.name,p1_0.status,p1_0.unit,o1_0.note,o1_0.price,o1_0.quantity from order_detail o1_0 join product p1_0 on p1_0.product_id=o1_0.product_id where o1_0.order_id=?
Hibernate: select l1_0.employee_id,l1_0.order_id,c1_0.cust_id,c1_0.address,c1_0.email,c1_0.cust_name,c1_0.phone,l1_0.order_date from orders l1_0 left join customer c1_0 on c1_0.cust_id=l1_0.cust_id where l1_0.employee_id=?
Hibernate: select o1_0.order_id,o1_0.product_id,p1_0.product_id,p1_0.description,p1_0.manufacturer_name,p1_0.name,p1_0.status,p1_0.unit,o1_0.note,o1_0.price,o1_0.quantity from order_detail o1_0 join product p1_0 on p1_0.product_id=o1_0.product_id where o1_0.order_id=?
Hibernate: select l1_0.employee_id,l1_0.order_id,c1_0.cust_id,c1_0.address,c1_0.email,c1_0.cust_name,c1_0.phone,l1_0.order_date from orders l1_0 left join customer c1_0 on c1_0.cust_id=l1_0.cust_id where l1_0.employee_id=?
Hibernate: select p1_0.product_id,p1_0.price_date_time,p1_0.note,p1_0.price from product_price p1_0 where p1_0.product_id=?
Hibernate: select p1_0.product_id,p1_0.image_id,p1_0.alternative,p1_0.path from product_image p1_0 where p1_0.product_id=?
Hibernate: select o1_0.order_id,o1_0.product_id,p1_0.product_id,p1_0.description,p1_0.manufacturer_name,p1_0.name,p1_0.status,p1_0.unit,o1_0.note,o1_0.price,o1_0.quantity from order_detail o1_0 join product p1_0 on p1_0.product_id=o1_0.product_id where o1_0.order_id=?
Hibernate: insert into order_detail (note,price,quantity,order_id,product_id) values (?,?,?,?,?)
Hibernate: select p1_0.product_id,p1_0.description,p1_0.manufacturer_name,p1_0.name,p1_0.status,p1_0.unit from product p1_0 where p1_0.product_id=?
Hibernate: select o1_0.order_id,o2_0.order_id,c1_0.cust_id,c1_0.address,c1_0.email,c1_0.cust_name,c1_0.phone,o2_0.employee_id,e1_0.emp_id,e1_0.address,e1_0.dob,e1_0.email,e1_0.full_name,e1_0.phone,e1_0.status,o2_0.order_date,o1_0.product_id,p1_0.product_id,p1_0.description,p1_0.manufacturer_name,p1_0.name,p1_0.status,p1_0.unit,p2_0.product_id,p2_0.image_id,p2_0.alternative,p2_0.path,o1_0.note,o1_0.price,o1_0.quantity from order_detail o1_0 join orders o2_0 on o2_0.order_id=o1_0.order_id left join customer c1_0 on c1_0.cust_id=o2_0.cust_id left join employee e1_0 on e1_0.emp_id=o2_0.employee_id join product p1_0 on p1_0.product_id=o1_0.product_id left join product_image p2_0 on p1_0.product_id=p2_0.product_id where (o1_0.order_id,o1_0.product_id) in ((?,?))
Hibernate: select o1_0.order_id,c1_0.cust_id,c1_0.address,c1_0.email,c1_0.cust_name,c1_0.phone,o1_0.employee_id,e1_0.emp_id,e1_0.address,e1_0.dob,e1_0.email,e1_0.full_name,e1_0.phone,e1_0.status,o1_0.order_date,o2_0.order_id,o2_0.product_id,p1_0.product_id,p1_0.description,p1_0.manufacturer_name,p1_0.name,p1_0.status,p1_0.unit,o2_0.note,o2_0.price,o2_0.quantity from orders o1_0 left join customer c1_0 on c1_0.cust_id=o1_0.cust_id join employee e1_0 on e1_0.emp_id=o1_0.employee_id left join order_detail o2_0 on o1_0.order_id=o2_0.order_id left join product p1_0 on p1_0.product_id=o2_0.product_id where o1_0.order_id=?
Hibernate: select p1_0.product_id,p1_0.price_date_time,p1_0.note,p1_0.price from product_price p1_0 where p1_0.product_id=?
Hibernate: select p1_0.product_id,p1_0.image_id,p1_0.alternative,p1_0.path from product_image p1_0 where p1_0.product_id=?
Hibernate: select o1_0.product_id,o1_0.order_id,o2_0.order_id,c1_0.cust_id,c1_0.address,c1_0.email,c1_0.cust_name,c1_0.phone,o2_0.employee_id,e1_0.emp_id,e1_0.address,e1_0.dob,e1_0.email,e1_0.full_name,e1_0.phone,e1_0.status,o2_0.order_date,o1_0.note,o1_0.price,o1_0.quantity from order_detail o1_0 join orders o2_0 on o2_0.order_id=o1_0.order_id left join customer c1_0 on c1_0.cust_id=o2_0.cust_id left join employee e1_0 on e1_0.emp_id=o2_0.employee_id where o1_0.product_id=?
Hibernate: select p1_0.product_id,p1_0.price_date_time,p1_0.note,p1_0.price from product_price p1_0 where p1_0.product_id=?
Hibernate: select p1_0.product_id,p1_0.image_id,p1_0.alternative,p1_0.path from product_image p1_0 where p1_0.product_id=?
Hibernate: select o1_0.product_id,o1_0.order_id,o2_0.order_id,c1_0.cust_id,c1_0.address,c1_0.email,c1_0.cust_name,c1_0.phone,o2_0.employee_id,e1_0.emp_id,e1_0.address,e1_0.dob,e1_0.email,e1_0.full_name,e1_0.phone,e1_0.status,o2_0.order_date,o1_0.note,o1_0.price,o1_0.quantity from order_detail o1_0 join orders o2_0 on o2_0.order_id=o1_0.order_id left join customer c1_0 on c1_0.cust_id=o2_0.cust_id left join employee e1_0 on e1_0.emp_id=o2_0.employee_id where o1_0.product_id=?
Hibernate: select l1_0.employee_id,l1_0.order_id,c1_0.cust_id,c1_0.address,c1_0.email,c1_0.cust_name,c1_0.phone,l1_0.order_date from orders l1_0 left join customer c1_0 on c1_0.cust_id=l1_0.cust_id where l1_0.employee_id=?
Hibernate: select p1_0.product_id,p1_0.description,p1_0.manufacturer_name,p1_0.name,p1_0.status,p1_0.unit,o1_0.product_id,o1_0.order_id,o2_0.order_id,c1_0.cust_id,c1_0.address,c1_0.email,c1_0.cust_name,c1_0.phone,o2_0.employee_id,e1_0.emp_id,e1_0.address,e1_0.dob,e1_0.email,e1_0.full_name,e1_0.phone,e1_0.status,o2_0.order_date,o1_0.note,o1_0.price,o1_0.quantity from product p1_0 left join order_detail o1_0 on p1_0.product_id=o1_0.product_id left join orders o2_0 on o2_0.order_id=o1_0.order_id left join customer c1_0 on c1_0.cust_id=o2_0.cust_id left join employee e1_0 on e1_0.emp_id=o2_0.employee_id where p1_0.product_id=?
Hibernate: select o1_0.order_id,o1_0.product_id,p1_0.product_id,p1_0.description,p1_0.manufacturer_name,p1_0.name,p1_0.status,p1_0.unit,o1_0.note,o1_0.price,o1_0.quantity from order_detail o1_0 join product p1_0 on p1_0.product_id=o1_0.product_id where o1_0.order_id=?
Hibernate: select o1_0.order_id,o1_0.product_id,p1_0.product_id,p1_0.description,p1_0.manufacturer_name,p1_0.name,p1_0.status,p1_0.unit,o1_0.note,o1_0.price,o1_0.quantity from order_detail o1_0 join product p1_0 on p1_0.product_id=o1_0.product_id where o1_0.order_id=?
Hibernate: select o1_0.order_id,o1_0.product_id,p1_0.product_id,p1_0.description,p1_0.manufacturer_name,p1_0.name,p1_0.status,p1_0.unit,o1_0.note,o1_0.price,o1_0.quantity from order_detail o1_0 join product p1_0 on p1_0.product_id=o1_0.product_id where o1_0.order_id=?
Hibernate: select o1_0.order_id,o1_0.product_id,p1_0.product_id,p1_0.description,p1_0.manufacturer_name,p1_0.name,p1_0.status,p1_0.unit,o1_0.note,o1_0.price,o1_0.quantity from order_detail o1_0 join product p1_0 on p1_0.product_id=o1_0.product_id where o1_0.order_id=?
Hibernate: select o1_0.order_id,o1_0.product_id,p1_0.product_id,p1_0.description,p1_0.manufacturer_name,p1_0.name,p1_0.status,p1_0.unit,o1_0.note,o1_0.price,o1_0.quantity from order_detail o1_0 join product p1_0 on p1_0.product_id=o1_0.product_id where o1_0.order_id=?
Hibernate: select o1_0.order_id,o1_0.product_id,p1_0.product_id,p1_0.description,p1_0.manufacturer_name,p1_0.name,p1_0.status,p1_0.unit,o1_0.note,o1_0.price,o1_0.quantity from order_detail o1_0 join product p1_0 on p1_0.product_id=o1_0.product_id where o1_0.order_id=?
Hibernate: select p1_0.product_id,p1_0.price_date_time,p1_0.note,p1_0.price from product_price p1_0 where p1_0.product_id=?
Hibernate: select p1_0.product_id,p1_0.image_id,p1_0.alternative,p1_0.path from product_image p1_0 where p1_0.product_id=?
Hibernate: select o1_0.order_id,o1_0.product_id,p1_0.product_id,p1_0.description,p1_0.manufacturer_name,p1_0.name,p1_0.status,p1_0.unit,o1_0.note,o1_0.price,o1_0.quantity from order_detail o1_0 join product p1_0 on p1_0.product_id=o1_0.product_id where o1_0.order_id=?
Hibernate: insert into order_detail (note,price,quantity,order_id,product_id) values (?,?,?,?,?)
Hibernate: select e1_0.emp_id,e1_0.address,e1_0.dob,e1_0.email,e1_0.full_name,e1_0.phone,e1_0.status from employee e1_0 where e1_0.emp_id=?
Hibernate: select c1_0.cust_id,c1_0.address,c1_0.email,c1_0.cust_name,c1_0.phone from customer c1_0 where c1_0.cust_id=?
Hibernate: select o1_0.order_id,c1_0.cust_id,c1_0.address,c1_0.email,c1_0.cust_name,c1_0.phone,o1_0.employee_id,e1_0.emp_id,e1_0.address,e1_0.dob,e1_0.email,e1_0.full_name,e1_0.phone,e1_0.status,o1_0.order_date,o2_0.order_id,o2_0.product_id,p1_0.product_id,p1_0.description,p1_0.manufacturer_name,p1_0.name,p1_0.status,p1_0.unit,o2_0.note,o2_0.price,o2_0.quantity from orders o1_0 left join customer c1_0 on c1_0.cust_id=o1_0.cust_id join employee e1_0 on e1_0.emp_id=o1_0.employee_id left join order_detail o2_0 on o1_0.order_id=o2_0.order_id left join product p1_0 on p1_0.product_id=o2_0.product_id where o1_0.order_id=?
Hibernate: select c1_0.cust_id,c1_0.address,c1_0.email,c1_0.cust_name,c1_0.phone from customer c1_0 where c1_0.cust_id=?
Hibernate: select e1_0.emp_id,e1_0.address,e1_0.dob,e1_0.email,e1_0.full_name,e1_0.phone,e1_0.status from employee e1_0 where e1_0.emp_id=?
Hibernate: insert into orders (cust_id,employee_id,order_date,order_id) values (?,?,?,default)
Hibernate: select p1_0.product_id,p1_0.description,p1_0.manufacturer_name,p1_0.name,p1_0.status,p1_0.unit from product p1_0 where p1_0.product_id=?
Hibernate: select o1_0.order_id,o2_0.order_id,c1_0.cust_id,c1_0.address,c1_0.email,c1_0.cust_name,c1_0.phone,o2_0.employee_id,e1_0.emp_id,e1_0.address,e1_0.dob,e1_0.email,e1_0.full_name,e1_0.phone,e1_0.status,o2_0.order_date,o1_0.product_id,p1_0.product_id,p1_0.description,p1_0.manufacturer_name,p1_0.name,p1_0.status,p1_0.unit,p2_0.product_id,p2_0.image_id,p2_0.alternative,p2_0.path,o1_0.note,o1_0.price,o1_0.quantity from order_detail o1_0 join orders o2_0 on o2_0.order_id=o1_0.order_id left join customer c1_0 on c1_0.cust_id=o2_0.cust_id left join employee e1_0 on e1_0.emp_id=o2_0.employee_id join product p1_0 on p1_0.product_id=o1_0.product_id left join product_image p2_0 on p1_0.product_id=p2_0.product_id where (o1_0.order_id,o1_0.product_id) in ((?,?))
Hibernate: select o1_0.order_id,c1_0.cust_id,c1_0.address,c1_0.email,c1_0.cust_name,c1_0.phone,o1_0.employee_id,e1_0.emp_id,e1_0.address,e1_0.dob,e1_0.email,e1_0.full_name,e1_0.phone,e1_0.status,o1_0.order_date,o2_0.order_id,o2_0.product_id,p1_0.product_id,p1_0.description,p1_0.manufacturer_name,p1_0.name,p1_0.status,p1_0.unit,o2_0.note,o2_0.price,o2_0.quantity from orders o1_0 left join customer c1_0 on c1_0.cust_id=o1_0.cust_id join employee e1_0 on e1_0.emp_id=o1_0.employee_id left join order_detail o2_0 on o1_0.order_id=o2_0.order_id left join product p1_0 on p1_0.product_id=o2_0.product_id where o1_0.order_id=?
Hibernate: select l1_0.employee_id,l1_0.order_id,c1_0.cust_id,c1_0.address,c1_0.email,c1_0.cust_name,c1_0.phone,l1_0.order_date from orders l1_0 left join customer c1_0 on c1_0.cust_id=l1_0.cust_id where l1_0.employee_id=?
Hibernate: select p1_0.product_id,p1_0.description,p1_0.manufacturer_name,p1_0.name,p1_0.status,p1_0.unit,o1_0.product_id,o1_0.order_id,o2_0.order_id,c1_0.cust_id,c1_0.address,c1_0.email,c1_0.cust_name,c1_0.phone,o2_0.employee_id,e1_0.emp_id,e1_0.address,e1_0.dob,e1_0.email,e1_0.full_name,e1_0.phone,e1_0.status,o2_0.order_date,o1_0.note,o1_0.price,o1_0.quantity from product p1_0 left join order_detail o1_0 on p1_0.product_id=o1_0.product_id left join orders o2_0 on o2_0.order_id=o1_0.order_id left join customer c1_0 on c1_0.cust_id=o2_0.cust_id left join employee e1_0 on e1_0.emp_id=o2_0.employee_id where p1_0.product_id=?
Hibernate: select o1_0.order_id,o1_0.product_id,p1_0.product_id,p1_0.description,p1_0.manufacturer_name,p1_0.name,p1_0.status,p1_0.unit,o1_0.note,o1_0.price,o1_0.quantity from order_detail o1_0 join product p1_0 on p1_0.product_id=o1_0.product_id where o1_0.order_id=?
Hibernate: select o1_0.order_id,o1_0.product_id,p1_0.product_id,p1_0.description,p1_0.manufacturer_name,p1_0.name,p1_0.status,p1_0.unit,o1_0.note,o1_0.price,o1_0.quantity from order_detail o1_0 join product p1_0 on p1_0.product_id=o1_0.product_id where o1_0.order_id=?
Hibernate: select o1_0.order_id,o1_0.product_id,p1_0.product_id,p1_0.description,p1_0.manufacturer_name,p1_0.name,p1_0.status,p1_0.unit,o1_0.note,o1_0.price,o1_0.quantity from order_detail o1_0 join product p1_0 on p1_0.product_id=o1_0.product_id where o1_0.order_id=?
Hibernate: select l1_0.employee_id,l1_0.order_id,c1_0.cust_id,c1_0.address,c1_0.email,c1_0.cust_name,c1_0.phone,l1_0.order_date from orders l1_0 left join customer c1_0 on c1_0.cust_id=l1_0.cust_id where l1_0.employee_id=?
Hibernate: select o1_0.order_id,o1_0.product_id,p1_0.product_id,p1_0.description,p1_0.manufacturer_name,p1_0.name,p1_0.status,p1_0.unit,o1_0.note,o1_0.price,o1_0.quantity from order_detail o1_0 join product p1_0 on p1_0.product_id=o1_0.product_id where o1_0.order_id=?
Hibernate: select o1_0.order_id,o1_0.product_id,p1_0.product_id,p1_0.description,p1_0.manufacturer_name,p1_0.name,p1_0.status,p1_0.unit,o1_0.note,o1_0.price,o1_0.quantity from order_detail o1_0 join product p1_0 on p1_0.product_id=o1_0.product_id where o1_0.order_id=?
Hibernate: select l1_0.employee_id,l1_0.order_id,c1_0.cust_id,c1_0.address,c1_0.email,c1_0.cust_name,c1_0.phone,l1_0.order_date from orders l1_0 left join customer c1_0 on c1_0.cust_id=l1_0.cust_id where l1_0.employee_id=?
Hibernate: select o1_0.order_id,o1_0.product_id,p1_0.product_id,p1_0.description,p1_0.manufacturer_name,p1_0.name,p1_0.status,p1_0.unit,o1_0.note,o1_0.price,o1_0.quantity from order_detail o1_0 join product p1_0 on p1_0.product_id=o1_0.product_id where o1_0.order_id=?
Hibernate: select l1_0.employee_id,l1_0.order_id,c1_0.cust_id,c1_0.address,c1_0.email,c1_0.cust_name,c1_0.phone,l1_0.order_date from orders l1_0 left join customer c1_0 on c1_0.cust_id=l1_0.cust_id where l1_0.employee_id=?
Hibernate: select o1_0.order_id,o1_0.product_id,p1_0.product_id,p1_0.description,p1_0.manufacturer_name,p1_0.name,p1_0.status,p1_0.unit,o1_0.note,o1_0.price,o1_0.quantity from order_detail o1_0 join product p1_0 on p1_0.product_id=o1_0.product_id where o1_0.order_id=?
Hibernate: select l1_0.employee_id,l1_0.order_id,c1_0.cust_id,c1_0.address,c1_0.email,c1_0.cust_name,c1_0.phone,l1_0.order_date from orders l1_0 left join customer c1_0 on c1_0.cust_id=l1_0.cust_id where l1_0.employee_id=?
Hibernate: select o1_0.order_id,o1_0.product_id,p1_0.product_id,p1_0.description,p1_0.manufacturer_name,p1_0.name,p1_0.status,p1_0.unit,o1_0.note,o1_0.price,o1_0.quantity from order_detail o1_0 join product p1_0 on p1_0.product_id=o1_0.product_id where o1_0.order_id=?
Hibernate: select o1_0.order_id,o1_0.product_id,p1_0.product_id,p1_0.description,p1_0.manufacturer_name,p1_0.name,p1_0.status,p1_0.unit,o1_0.note,o1_0.price,o1_0.quantity from order_detail o1_0 join product p1_0 on p1_0.product_id=o1_0.product_id where o1_0.order_id=?
Hibernate: select o1_0.order_id,o1_0.product_id,p1_0.product_id,p1_0.description,p1_0.manufacturer_name,p1_0.name,p1_0.status,p1_0.unit,o1_0.note,o1_0.price,o1_0.quantity from order_detail o1_0 join product p1_0 on p1_0.product_id=o1_0.product_id where o1_0.order_id=?
Hibernate: select o1_0.order_id,o1_0.product_id,p1_0.product_id,p1_0.description,p1_0.manufacturer_name,p1_0.name,p1_0.status,p1_0.unit,o1_0.note,o1_0.price,o1_0.quantity from order_detail o1_0 join product p1_0 on p1_0.product_id=o1_0.product_id where o1_0.order_id=?
Hibernate: select l1_0.employee_id,l1_0.order_id,c1_0.cust_id,c1_0.address,c1_0.email,c1_0.cust_name,c1_0.phone,l1_0.order_date from orders l1_0 left join customer c1_0 on c1_0.cust_id=l1_0.cust_id where l1_0.employee_id=?
Hibernate: select o1_0.order_id,o1_0.product_id,p1_0.product_id,p1_0.description,p1_0.manufacturer_name,p1_0.name,p1_0.status,p1_0.unit,o1_0.note,o1_0.price,o1_0.quantity from order_detail o1_0 join product p1_0 on p1_0.product_id=o1_0.product_id where o1_0.order_id=?
Hibernate: select l1_0.employee_id,l1_0.order_id,c1_0.cust_id,c1_0.address,c1_0.email,c1_0.cust_name,c1_0.phone,l1_0.order_date from orders l1_0 left join customer c1_0 on c1_0.cust_id=l1_0.cust_id where l1_0.employee_id=?
Hibernate: select p1_0.product_id,p1_0.price_date_time,p1_0.note,p1_0.price from product_price p1_0 where p1_0.product_id=?
Hibernate: select p1_0.product_id,p1_0.image_id,p1_0.alternative,p1_0.path from product_image p1_0 where p1_0.product_id=?
Hibernate: select o1_0.order_id,o1_0.product_id,p1_0.product_id,p1_0.description,p1_0.manufacturer_name,p1_0.name,p1_0.status,p1_0.unit,o1_0.note,o1_0.price,o1_0.quantity from order_detail o1_0 join product p1_0 on p1_0.product_id=o1_0.product_id where o1_0.order_id=?
Hibernate: select l1_0.employee_id,l1_0.order_id,c1_0.cust_id,c1_0.address,c1_0.email,c1_0.cust_name,c1_0.phone,l1_0.order_date from orders l1_0 left join customer c1_0 on c1_0.cust_id=l1_0.cust_id where l1_0.employee_id=?
Hibernate: insert into order_detail (note,price,quantity,order_id,product_id) values (?,?,?,?,?)
Hibernate: select p1_0.product_id,p1_0.description,p1_0.manufacturer_name,p1_0.name,p1_0.status,p1_0.unit from product p1_0 where p1_0.product_id=?
Hibernate: select o1_0.order_id,o2_0.order_id,c1_0.cust_id,c1_0.address,c1_0.email,c1_0.cust_name,c1_0.phone,o2_0.employee_id,e1_0.emp_id,e1_0.address,e1_0.dob,e1_0.email,e1_0.full_name,e1_0.phone,e1_0.status,o2_0.order_date,o1_0.product_id,p1_0.product_id,p1_0.description,p1_0.manufacturer_name,p1_0.name,p1_0.status,p1_0.unit,p2_0.product_id,p2_0.image_id,p2_0.alternative,p2_0.path,o1_0.note,o1_0.price,o1_0.quantity from order_detail o1_0 join orders o2_0 on o2_0.order_id=o1_0.order_id left join customer c1_0 on c1_0.cust_id=o2_0.cust_id left join employee e1_0 on e1_0.emp_id=o2_0.employee_id join product p1_0 on p1_0.product_id=o1_0.product_id left join product_image p2_0 on p1_0.product_id=p2_0.product_id where (o1_0.order_id,o1_0.product_id) in ((?,?))
Hibernate: select o1_0.order_id,c1_0.cust_id,c1_0.address,c1_0.email,c1_0.cust_name,c1_0.phone,o1_0.employee_id,e1_0.emp_id,e1_0.address,e1_0.dob,e1_0.email,e1_0.full_name,e1_0.phone,e1_0.status,o1_0.order_date,o2_0.order_id,o2_0.product_id,p1_0.product_id,p1_0.description,p1_0.manufacturer_name,p1_0.name,p1_0.status,p1_0.unit,o2_0.note,o2_0.price,o2_0.quantity from orders o1_0 left join customer c1_0 on c1_0.cust_id=o1_0.cust_id join employee e1_0 on e1_0.emp_id=o1_0.employee_id left join order_detail o2_0 on o1_0.order_id=o2_0.order_id left join product p1_0 on p1_0.product_id=o2_0.product_id where o1_0.order_id=?
Hibernate: select p1_0.product_id,p1_0.price_date_time,p1_0.note,p1_0.price from product_price p1_0 where p1_0.product_id=?
Hibernate: select p1_0.product_id,p1_0.image_id,p1_0.alternative,p1_0.path from product_image p1_0 where p1_0.product_id=?
Hibernate: select o1_0.product_id,o1_0.order_id,o2_0.order_id,c1_0.cust_id,c1_0.address,c1_0.email,c1_0.cust_name,c1_0.phone,o2_0.employee_id,e1_0.emp_id,e1_0.address,e1_0.dob,e1_0.email,e1_0.full_name,e1_0.phone,e1_0.status,o2_0.order_date,o1_0.note,o1_0.price,o1_0.quantity from order_detail o1_0 join orders o2_0 on o2_0.order_id=o1_0.order_id left join customer c1_0 on c1_0.cust_id=o2_0.cust_id left join employee e1_0 on e1_0.emp_id=o2_0.employee_id where o1_0.product_id=?
Hibernate: select l1_0.employee_id,l1_0.order_id,c1_0.cust_id,c1_0.address,c1_0.email,c1_0.cust_name,c1_0.phone,l1_0.order_date from orders l1_0 left join customer c1_0 on c1_0.cust_id=l1_0.cust_id where l1_0.employee_id=?
Hibernate: select p1_0.product_id,p1_0.description,p1_0.manufacturer_name,p1_0.name,p1_0.status,p1_0.unit,o1_0.product_id,o1_0.order_id,o2_0.order_id,c1_0.cust_id,c1_0.address,c1_0.email,c1_0.cust_name,c1_0.phone,o2_0.employee_id,e1_0.emp_id,e1_0.address,e1_0.dob,e1_0.email,e1_0.full_name,e1_0.phone,e1_0.status,o2_0.order_date,o1_0.note,o1_0.price,o1_0.quantity from product p1_0 left join order_detail o1_0 on p1_0.product_id=o1_0.product_id left join orders o2_0 on o2_0.order_id=o1_0.order_id left join customer c1_0 on c1_0.cust_id=o2_0.cust_id left join employee e1_0 on e1_0.emp_id=o2_0.employee_id where p1_0.product_id=?
Hibernate: select o1_0.order_id,o1_0.product_id,p1_0.product_id,p1_0.description,p1_0.manufacturer_name,p1_0.name,p1_0.status,p1_0.unit,o1_0.note,o1_0.price,o1_0.quantity from order_detail o1_0 join product p1_0 on p1_0.product_id=o1_0.product_id where o1_0.order_id=?
Hibernate: select o1_0.order_id,o1_0.product_id,p1_0.product_id,p1_0.description,p1_0.manufacturer_name,p1_0.name,p1_0.status,p1_0.unit,o1_0.note,o1_0.price,o1_0.quantity from order_detail o1_0 join product p1_0 on p1_0.product_id=o1_0.product_id where o1_0.order_id=?
Hibernate: select o1_0.order_id,o1_0.product_id,p1_0.product_id,p1_0.description,p1_0.manufacturer_name,p1_0.name,p1_0.status,p1_0.unit,o1_0.note,o1_0.price,o1_0.quantity from order_detail o1_0 join product p1_0 on p1_0.product_id=o1_0.product_id where o1_0.order_id=?
Hibernate: select o1_0.order_id,o1_0.product_id,p1_0.product_id,p1_0.description,p1_0.manufacturer_name,p1_0.name,p1_0.status,p1_0.unit,o1_0.note,o1_0.price,o1_0.quantity from order_detail o1_0 join product p1_0 on p1_0.product_id=o1_0.product_id where o1_0.order_id=?
Hibernate: select o1_0.order_id,o1_0.product_id,p1_0.product_id,p1_0.description,p1_0.manufacturer_name,p1_0.name,p1_0.status,p1_0.unit,o1_0.note,o1_0.price,o1_0.quantity from order_detail o1_0 join product p1_0 on p1_0.product_id=o1_0.product_id where o1_0.order_id=?
Hibernate: select o1_0.order_id,o1_0.product_id,p1_0.product_id,p1_0.description,p1_0.manufacturer_name,p1_0.name,p1_0.status,p1_0.unit,o1_0.note,o1_0.price,o1_0.quantity from order_detail o1_0 join product p1_0 on p1_0.product_id=o1_0.product_id where o1_0.order_id=?
Hibernate: select o1_0.order_id,o1_0.product_id,p1_0.product_id,p1_0.description,p1_0.manufacturer_name,p1_0.name,p1_0.status,p1_0.unit,o1_0.note,o1_0.price,o1_0.quantity from order_detail o1_0 join product p1_0 on p1_0.product_id=o1_0.product_id where o1_0.order_id=?
Hibernate: select o1_0.order_id,o1_0.product_id,p1_0.product_id,p1_0.description,p1_0.manufacturer_name,p1_0.name,p1_0.status,p1_0.unit,o1_0.note,o1_0.price,o1_0.quantity from order_detail o1_0 join product p1_0 on p1_0.product_id=o1_0.product_id where o1_0.order_id=?
Hibernate: select l1_0.employee_id,l1_0.order_id,c1_0.cust_id,c1_0.address,c1_0.email,c1_0.cust_name,c1_0.phone,l1_0.order_date from orders l1_0 left join customer c1_0 on c1_0.cust_id=l1_0.cust_id where l1_0.employee_id=?
Hibernate: select o1_0.order_id,o1_0.product_id,p1_0.product_id,p1_0.description,p1_0.manufacturer_name,p1_0.name,p1_0.status,p1_0.unit,o1_0.note,o1_0.price,o1_0.quantity from order_detail o1_0 join product p1_0 on p1_0.product_id=o1_0.product_id where o1_0.order_id=?
Hibernate: select p1_0.product_id,p1_0.price_date_time,p1_0.note,p1_0.price from product_price p1_0 where p1_0.product_id=?
Hibernate: select p1_0.product_id,p1_0.image_id,p1_0.alternative,p1_0.path from product_image p1_0 where p1_0.product_id=?
Hibernate: insert into order_detail (note,price,quantity,order_id,product_id) values (?,?,?,?,?)
Hibernate: select p1_0.product_id,p1_0.description,p1_0.manufacturer_name,p1_0.name,p1_0.status,p1_0.unit from product p1_0 where p1_0.product_id=?
Hibernate: select o1_0.order_id,o2_0.order_id,c1_0.cust_id,c1_0.address,c1_0.email,c1_0.cust_name,c1_0.phone,o2_0.employee_id,e1_0.emp_id,e1_0.address,e1_0.dob,e1_0.email,e1_0.full_name,e1_0.phone,e1_0.status,o2_0.order_date,o1_0.product_id,p1_0.product_id,p1_0.description,p1_0.manufacturer_name,p1_0.name,p1_0.status,p1_0.unit,p2_0.product_id,p2_0.image_id,p2_0.alternative,p2_0.path,o1_0.note,o1_0.price,o1_0.quantity from order_detail o1_0 join orders o2_0 on o2_0.order_id=o1_0.order_id left join customer c1_0 on c1_0.cust_id=o2_0.cust_id left join employee e1_0 on e1_0.emp_id=o2_0.employee_id join product p1_0 on p1_0.product_id=o1_0.product_id left join product_image p2_0 on p1_0.product_id=p2_0.product_id where (o1_0.order_id,o1_0.product_id) in ((?,?))
Hibernate: select o1_0.order_id,c1_0.cust_id,c1_0.address,c1_0.email,c1_0.cust_name,c1_0.phone,o1_0.employee_id,e1_0.emp_id,e1_0.address,e1_0.dob,e1_0.email,e1_0.full_name,e1_0.phone,e1_0.status,o1_0.order_date,o2_0.order_id,o2_0.product_id,p1_0.product_id,p1_0.description,p1_0.manufacturer_name,p1_0.name,p1_0.status,p1_0.unit,o2_0.note,o2_0.price,o2_0.quantity from orders o1_0 left join customer c1_0 on c1_0.cust_id=o1_0.cust_id join employee e1_0 on e1_0.emp_id=o1_0.employee_id left join order_detail o2_0 on o1_0.order_id=o2_0.order_id left join product p1_0 on p1_0.product_id=o2_0.product_id where o1_0.order_id=?
Hibernate: select p1_0.product_id,p1_0.price_date_time,p1_0.note,p1_0.price from product_price p1_0 where p1_0.product_id=?
Hibernate: select p1_0.product_id,p1_0.image_id,p1_0.alternative,p1_0.path from product_image p1_0 where p1_0.product_id=?
Hibernate: select o1_0.product_id,o1_0.order_id,o2_0.order_id,c1_0.cust_id,c1_0.address,c1_0.email,c1_0.cust_name,c1_0.phone,o2_0.employee_id,e1_0.emp_id,e1_0.address,e1_0.dob,e1_0.email,e1_0.full_name,e1_0.phone,e1_0.status,o2_0.order_date,o1_0.note,o1_0.price,o1_0.quantity from order_detail o1_0 join orders o2_0 on o2_0.order_id=o1_0.order_id left join customer c1_0 on c1_0.cust_id=o2_0.cust_id left join employee e1_0 on e1_0.emp_id=o2_0.employee_id where o1_0.product_id=?
Hibernate: select p1_0.product_id,p1_0.price_date_time,p1_0.note,p1_0.price from product_price p1_0 where p1_0.product_id=?
Hibernate: select p1_0.product_id,p1_0.image_id,p1_0.alternative,p1_0.path from product_image p1_0 where p1_0.product_id=?
Hibernate: select o1_0.product_id,o1_0.order_id,o2_0.order_id,c1_0.cust_id,c1_0.address,c1_0.email,c1_0.cust_name,c1_0.phone,o2_0.employee_id,e1_0.emp_id,e1_0.address,e1_0.dob,e1_0.email,e1_0.full_name,e1_0.phone,e1_0.status,o2_0.order_date,o1_0.note,o1_0.price,o1_0.quantity from order_detail o1_0 join orders o2_0 on o2_0.order_id=o1_0.order_id left join customer c1_0 on c1_0.cust_id=o2_0.cust_id left join employee e1_0 on e1_0.emp_id=o2_0.employee_id where o1_0.product_id=?
Hibernate: select l1_0.employee_id,l1_0.order_id,c1_0.cust_id,c1_0.address,c1_0.email,c1_0.cust_name,c1_0.phone,l1_0.order_date from orders l1_0 left join customer c1_0 on c1_0.cust_id=l1_0.cust_id where l1_0.employee_id=?
Hibernate: select p1_0.product_id,p1_0.description,p1_0.manufacturer_name,p1_0.name,p1_0.status,p1_0.unit,o1_0.product_id,o1_0.order_id,o2_0.order_id,c1_0.cust_id,c1_0.address,c1_0.email,c1_0.cust_name,c1_0.phone,o2_0.employee_id,e1_0.emp_id,e1_0.address,e1_0.dob,e1_0.email,e1_0.full_name,e1_0.phone,e1_0.status,o2_0.order_date,o1_0.note,o1_0.price,o1_0.quantity from product p1_0 left join order_detail o1_0 on p1_0.product_id=o1_0.product_id left join orders o2_0 on o2_0.order_id=o1_0.order_id left join customer c1_0 on c1_0.cust_id=o2_0.cust_id left join employee e1_0 on e1_0.emp_id=o2_0.employee_id where p1_0.product_id=?
Hibernate: select o1_0.order_id,o1_0.product_id,p1_0.product_id,p1_0.description,p1_0.manufacturer_name,p1_0.name,p1_0.status,p1_0.unit,o1_0.note,o1_0.price,o1_0.quantity from order_detail o1_0 join product p1_0 on p1_0.product_id=o1_0.product_id where o1_0.order_id=?
Hibernate: select o1_0.order_id,o1_0.product_id,p1_0.product_id,p1_0.description,p1_0.manufacturer_name,p1_0.name,p1_0.status,p1_0.unit,o1_0.note,o1_0.price,o1_0.quantity from order_detail o1_0 join product p1_0 on p1_0.product_id=o1_0.product_id where o1_0.order_id=?
Hibernate: select o1_0.order_id,o1_0.product_id,p1_0.product_id,p1_0.description,p1_0.manufacturer_name,p1_0.name,p1_0.status,p1_0.unit,o1_0.note,o1_0.price,o1_0.quantity from order_detail o1_0 join product p1_0 on p1_0.product_id=o1_0.product_id where o1_0.order_id=?
Hibernate: select o1_0.order_id,o1_0.product_id,p1_0.product_id,p1_0.description,p1_0.manufacturer_name,p1_0.name,p1_0.status,p1_0.unit,o1_0.note,o1_0.price,o1_0.quantity from order_detail o1_0 join product p1_0 on p1_0.product_id=o1_0.product_id where o1_0.order_id=?
Hibernate: select o1_0.order_id,o1_0.product_id,p1_0.product_id,p1_0.description,p1_0.manufacturer_name,p1_0.name,p1_0.status,p1_0.unit,o1_0.note,o1_0.price,o1_0.quantity from order_detail o1_0 join product p1_0 on p1_0.product_id=o1_0.product_id where o1_0.order_id=?
Hibernate: select p1_0.product_id,p1_0.price_date_time,p1_0.note,p1_0.price from product_price p1_0 where p1_0.product_id=?
Hibernate: select p1_0.product_id,p1_0.image_id,p1_0.alternative,p1_0.path from product_image p1_0 where p1_0.product_id=?
Hibernate: select o1_0.order_id,o1_0.product_id,p1_0.product_id,p1_0.description,p1_0.manufacturer_name,p1_0.name,p1_0.status,p1_0.unit,o1_0.note,o1_0.price,o1_0.quantity from order_detail o1_0 join product p1_0 on p1_0.product_id=o1_0.product_id where o1_0.order_id=?
Hibernate: insert into order_detail (note,price,quantity,order_id,product_id) values (?,?,?,?,?)
Hibernate: select e1_0.emp_id,e1_0.address,e1_0.dob,e1_0.email,e1_0.full_name,e1_0.phone,e1_0.status from employee e1_0 where e1_0.emp_id=?
Hibernate: select c1_0.cust_id,c1_0.address,c1_0.email,c1_0.cust_name,c1_0.phone from customer c1_0 where c1_0.cust_id=?
Hibernate: select o1_0.order_id,c1_0.cust_id,c1_0.address,c1_0.email,c1_0.cust_name,c1_0.phone,o1_0.employee_id,e1_0.emp_id,e1_0.address,e1_0.dob,e1_0.email,e1_0.full_name,e1_0.phone,e1_0.status,o1_0.order_date,o2_0.order_id,o2_0.product_id,p1_0.product_id,p1_0.description,p1_0.manufacturer_name,p1_0.name,p1_0.status,p1_0.unit,o2_0.note,o2_0.price,o2_0.quantity from orders o1_0 left join customer c1_0 on c1_0.cust_id=o1_0.cust_id join employee e1_0 on e1_0.emp_id=o1_0.employee_id left join order_detail o2_0 on o1_0.order_id=o2_0.order_id left join product p1_0 on p1_0.product_id=o2_0.product_id where o1_0.order_id=?
Hibernate: select c1_0.cust_id,c1_0.address,c1_0.email,c1_0.cust_name,c1_0.phone from customer c1_0 where c1_0.cust_id=?
Hibernate: select e1_0.emp_id,e1_0.address,e1_0.dob,e1_0.email,e1_0.full_name,e1_0.phone,e1_0.status from employee e1_0 where e1_0.emp_id=?
Hibernate: insert into orders (cust_id,employee_id,order_date,order_id) values (?,?,?,default)
Hibernate: select p1_0.product_id,p1_0.description,p1_0.manufacturer_name,p1_0.name,p1_0.status,p1_0.unit from product p1_0 where p1_0.product_id=?
Hibernate: select o1_0.order_id,o2_0.order_id,c1_0.cust_id,c1_0.address,c1_0.email,c1_0.cust_name,c1_0.phone,o2_0.employee_id,e1_0.emp_id,e1_0.address,e1_0.dob,e1_0.email,e1_0.full_name,e1_0.phone,e1_0.status,o2_0.order_date,o1_0.product_id,p1_0.product_id,p1_0.description,p1_0.manufacturer_name,p1_0.name,p1_0.status,p1_0.unit,p2_0.product_id,p2_0.image_id,p2_0.alternative,p2_0.path,o1_0.note,o1_0.price,o1_0.quantity from order_detail o1_0 join orders o2_0 on o2_0.order_id=o1_0.order_id left join customer c1_0 on c1_0.cust_id=o2_0.cust_id left join employee e1_0 on e1_0.emp_id=o2_0.employee_id join product p1_0 on p1_0.product_id=o1_0.product_id left join product_image p2_0 on p1_0.product_id=p2_0.product_id where (o1_0.order_id,o1_0.product_id) in ((?,?))
Hibernate: select o1_0.order_id,c1_0.cust_id,c1_0.address,c1_0.email,c1_0.cust_name,c1_0.phone,o1_0.employee_id,e1_0.emp_id,e1_0.address,e1_0.dob,e1_0.email,e1_0.full_name,e1_0.phone,e1_0.status,o1_0.order_date,o2_0.order_id,o2_0.product_id,p1_0.product_id,p1_0.description,p1_0.manufacturer_name,p1_0.name,p1_0.status,p1_0.unit,o2_0.note,o2_0.price,o2_0.quantity from orders o1_0 left join customer c1_0 on c1_0.cust_id=o1_0.cust_id join employee e1_0 on e1_0.emp_id=o1_0.employee_id left join order_detail o2_0 on o1_0.order_id=o2_0.order_id left join product p1_0 on p1_0.product_id=o2_0.product_id where o1_0.order_id=?
Hibernate: select l1_0.employee_id,l1_0.order_id,c1_0.cust_id,c1_0.address,c1_0.email,c1_0.cust_name,c1_0.phone,l1_0.order_date from orders l1_0 left join customer c1_0 on c1_0.cust_id=l1_0.cust_id where l1_0.employee_id=?
Hibernate: select p1_0.product_id,p1_0.description,p1_0.manufacturer_name,p1_0.name,p1_0.status,p1_0.unit,o1_0.product_id,o1_0.order_id,o2_0.order_id,c1_0.cust_id,c1_0.address,c1_0.email,c1_0.cust_name,c1_0.phone,o2_0.employee_id,e1_0.emp_id,e1_0.address,e1_0.dob,e1_0.email,e1_0.full_name,e1_0.phone,e1_0.status,o2_0.order_date,o1_0.note,o1_0.price,o1_0.quantity from product p1_0 left join order_detail o1_0 on p1_0.product_id=o1_0.product_id left join orders o2_0 on o2_0.order_id=o1_0.order_id left join customer c1_0 on c1_0.cust_id=o2_0.cust_id left join employee e1_0 on e1_0.emp_id=o2_0.employee_id where p1_0.product_id=?
Hibernate: select o1_0.order_id,o1_0.product_id,p1_0.product_id,p1_0.description,p1_0.manufacturer_name,p1_0.name,p1_0.status,p1_0.unit,o1_0.note,o1_0.price,o1_0.quantity from order_detail o1_0 join product p1_0 on p1_0.product_id=o1_0.product_id where o1_0.order_id=?
Hibernate: select o1_0.order_id,o1_0.product_id,p1_0.product_id,p1_0.description,p1_0.manufacturer_name,p1_0.name,p1_0.status,p1_0.unit,o1_0.note,o1_0.price,o1_0.quantity from order_detail o1_0 join product p1_0 on p1_0.product_id=o1_0.product_id where o1_0.order_id=?
Hibernate: select o1_0.order_id,o1_0.product_id,p1_0.product_id,p1_0.description,p1_0.manufacturer_name,p1_0.name,p1_0.status,p1_0.unit,o1_0.note,o1_0.price,o1_0.quantity from order_detail o1_0 join product p1_0 on p1_0.product_id=o1_0.product_id where o1_0.order_id=?
Hibernate: select o1_0.order_id,o1_0.product_id,p1_0.product_id,p1_0.description,p1_0.manufacturer_name,p1_0.name,p1_0.status,p1_0.unit,o1_0.note,o1_0.price,o1_0.quantity from order_detail o1_0 join product p1_0 on p1_0.product_id=o1_0.product_id where o1_0.order_id=?
Hibernate: select o1_0.order_id,o1_0.product_id,p1_0.product_id,p1_0.description,p1_0.manufacturer_name,p1_0.name,p1_0.status,p1_0.unit,o1_0.note,o1_0.price,o1_0.quantity from order_detail o1_0 join product p1_0 on p1_0.product_id=o1_0.product_id where o1_0.order_id=?
Hibernate: select o1_0.order_id,o1_0.product_id,p1_0.product_id,p1_0.description,p1_0.manufacturer_name,p1_0.name,p1_0.status,p1_0.unit,o1_0.note,o1_0.price,o1_0.quantity from order_detail o1_0 join product p1_0 on p1_0.product_id=o1_0.product_id where o1_0.order_id=?
Hibernate: select o1_0.order_id,o1_0.product_id,p1_0.product_id,p1_0.description,p1_0.manufacturer_name,p1_0.name,p1_0.status,p1_0.unit,o1_0.note,o1_0.price,o1_0.quantity from order_detail o1_0 join product p1_0 on p1_0.product_id=o1_0.product_id where o1_0.order_id=?
Hibernate: select o1_0.order_id,o1_0.product_id,p1_0.product_id,p1_0.description,p1_0.manufacturer_name,p1_0.name,p1_0.status,p1_0.unit,o1_0.note,o1_0.price,o1_0.quantity from order_detail o1_0 join product p1_0 on p1_0.product_id=o1_0.product_id where o1_0.order_id=?
Hibernate: select l1_0.employee_id,l1_0.order_id,c1_0.cust_id,c1_0.address,c1_0.email,c1_0.cust_name,c1_0.phone,l1_0.order_date from orders l1_0 left join customer c1_0 on c1_0.cust_id=l1_0.cust_id where l1_0.employee_id=?
Hibernate: select o1_0.order_id,o1_0.product_id,p1_0.product_id,p1_0.description,p1_0.manufacturer_name,p1_0.name,p1_0.status,p1_0.unit,o1_0.note,o1_0.price,o1_0.quantity from order_detail o1_0 join product p1_0 on p1_0.product_id=o1_0.product_id where o1_0.order_id=?
Hibernate: select l1_0.employee_id,l1_0.order_id,c1_0.cust_id,c1_0.address,c1_0.email,c1_0.cust_name,c1_0.phone,l1_0.order_date from orders l1_0 left join customer c1_0 on c1_0.cust_id=l1_0.cust_id where l1_0.employee_id=?
Hibernate: select o1_0.order_id,o1_0.product_id,p1_0.product_id,p1_0.description,p1_0.manufacturer_name,p1_0.name,p1_0.status,p1_0.unit,o1_0.note,o1_0.price,o1_0.quantity from order_detail o1_0 join product p1_0 on p1_0.product_id=o1_0.product_id where o1_0.order_id=?
Hibernate: select l1_0.employee_id,l1_0.order_id,c1_0.cust_id,c1_0.address,c1_0.email,c1_0.cust_name,c1_0.phone,l1_0.order_date from orders l1_0 left join customer c1_0 on c1_0.cust_id=l1_0.cust_id where l1_0.employee_id=?
Hibernate: select o1_0.order_id,o1_0.product_id,p1_0.product_id,p1_0.description,p1_0.manufacturer_name,p1_0.name,p1_0.status,p1_0.unit,o1_0.note,o1_0.price,o1_0.quantity from order_detail o1_0 join product p1_0 on p1_0.product_id=o1_0.product_id where o1_0.order_id=?
Hibernate: select l1_0.employee_id,l1_0.order_id,c1_0.cust_id,c1_0.address,c1_0.email,c1_0.cust_name,c1_0.phone,l1_0.order_date from orders l1_0 left join customer c1_0 on c1_0.cust_id=l1_0.cust_id where l1_0.employee_id=?
Hibernate: select p1_0.product_id,p1_0.price_date_time,p1_0.note,p1_0.price from product_price p1_0 where p1_0.product_id=?
Hibernate: select p1_0.product_id,p1_0.image_id,p1_0.alternative,p1_0.path from product_image p1_0 where p1_0.product_id=?
Hibernate: select o1_0.order_id,o1_0.product_id,p1_0.product_id,p1_0.description,p1_0.manufacturer_name,p1_0.name,p1_0.status,p1_0.unit,o1_0.note,o1_0.price,o1_0.quantity from order_detail o1_0 join product p1_0 on p1_0.product_id=o1_0.product_id where o1_0.order_id=?
Hibernate: select l1_0.employee_id,l1_0.order_id,c1_0.cust_id,c1_0.address,c1_0.email,c1_0.cust_name,c1_0.phone,l1_0.order_date from orders l1_0 left join customer c1_0 on c1_0.cust_id=l1_0.cust_id where l1_0.employee_id=?
Hibernate: insert into order_detail (note,price,quantity,order_id,product_id) values (?,?,?,?,?)
Hibernate: select p1_0.product_id,p1_0.description,p1_0.manufacturer_name,p1_0.name,p1_0.status,p1_0.unit from product p1_0 where p1_0.product_id=?
Hibernate: select o1_0.order_id,o2_0.order_id,c1_0.cust_id,c1_0.address,c1_0.email,c1_0.cust_name,c1_0.phone,o2_0.employee_id,e1_0.emp_id,e1_0.address,e1_0.dob,e1_0.email,e1_0.full_name,e1_0.phone,e1_0.status,o2_0.order_date,o1_0.product_id,p1_0.product_id,p1_0.description,p1_0.manufacturer_name,p1_0.name,p1_0.status,p1_0.unit,p2_0.product_id,p2_0.image_id,p2_0.alternative,p2_0.path,o1_0.note,o1_0.price,o1_0.quantity from order_detail o1_0 join orders o2_0 on o2_0.order_id=o1_0.order_id left join customer c1_0 on c1_0.cust_id=o2_0.cust_id left join employee e1_0 on e1_0.emp_id=o2_0.employee_id join product p1_0 on p1_0.product_id=o1_0.product_id left join product_image p2_0 on p1_0.product_id=p2_0.product_id where (o1_0.order_id,o1_0.product_id) in ((?,?))
Hibernate: select o1_0.order_id,c1_0.cust_id,c1_0.address,c1_0.email,c1_0.cust_name,c1_0.phone,o1_0.employee_id,e1_0.emp_id,e1_0.address,e1_0.dob,e1_0.email,e1_0.full_name,e1_0.phone,e1_0.status,o1_0.order_date,o2_0.order_id,o2_0.product_id,p1_0.product_id,p1_0.description,p1_0.manufacturer_name,p1_0.name,p1_0.status,p1_0.unit,o2_0.note,o2_0.price,o2_0.quantity from orders o1_0 left join customer c1_0 on c1_0.cust_id=o1_0.cust_id join employee e1_0 on e1_0.emp_id=o1_0.employee_id left join order_detail o2_0 on o1_0.order_id=o2_0.order_id left join product p1_0 on p1_0.product_id=o2_0.product_id where o1_0.order_id=?
Hibernate: select p1_0.product_id,p1_0.price_date_time,p1_0.note,p1_0.price from product_price p1_0 where p1_0.product_id=?
Hibernate: select p1_0.product_id,p1_0.image_id,p1_0.alternative,p1_0.path from product_image p1_0 where p1_0.product_id=?
Hibernate: select o1_0.product_id,o1_0.order_id,o2_0.order_id,c1_0.cust_id,c1_0.address,c1_0.email,c1_0.cust_name,c1_0.phone,o2_0.employee_id,e1_0.emp_id,e1_0.address,e1_0.dob,e1_0.email,e1_0.full_name,e1_0.phone,e1_0.status,o2_0.order_date,o1_0.note,o1_0.price,o1_0.quantity from order_detail o1_0 join orders o2_0 on o2_0.order_id=o1_0.order_id left join customer c1_0 on c1_0.cust_id=o2_0.cust_id left join employee e1_0 on e1_0.emp_id=o2_0.employee_id where o1_0.product_id=?
Hibernate: select l1_0.employee_id,l1_0.order_id,c1_0.cust_id,c1_0.address,c1_0.email,c1_0.cust_name,c1_0.phone,l1_0.order_date from orders l1_0 left join customer c1_0 on c1_0.cust_id=l1_0.cust_id where l1_0.employee_id=?
Hibernate: select p1_0.product_id,p1_0.description,p1_0.manufacturer_name,p1_0.name,p1_0.status,p1_0.unit,o1_0.product_id,o1_0.order_id,o2_0.order_id,c1_0.cust_id,c1_0.address,c1_0.email,c1_0.cust_name,c1_0.phone,o2_0.employee_id,e1_0.emp_id,e1_0.address,e1_0.dob,e1_0.email,e1_0.full_name,e1_0.phone,e1_0.status,o2_0.order_date,o1_0.note,o1_0.price,o1_0.quantity from product p1_0 left join order_detail o1_0 on p1_0.product_id=o1_0.product_id left join orders o2_0 on o2_0.order_id=o1_0.order_id left join customer c1_0 on c1_0.cust_id=o2_0.cust_id left join employee e1_0 on e1_0.emp_id=o2_0.employee_id where p1_0.product_id=?
Hibernate: select o1_0.order_id,o1_0.product_id,p1_0.product_id,p1_0.description,p1_0.manufacturer_name,p1_0.name,p1_0.status,p1_0.unit,o1_0.note,o1_0.price,o1_0.quantity from order_detail o1_0 join product p1_0 on p1_0.product_id=o1_0.product_id where o1_0.order_id=?
Hibernate: select l1_0.employee_id,l1_0.order_id,c1_0.cust_id,c1_0.address,c1_0.email,c1_0.cust_name,c1_0.phone,l1_0.order_date from orders l1_0 left join customer c1_0 on c1_0.cust_id=l1_0.cust_id where l1_0.employee_id=?
Hibernate: select o1_0.order_id,o1_0.product_id,p1_0.product_id,p1_0.description,p1_0.manufacturer_name,p1_0.name,p1_0.status,p1_0.unit,o1_0.note,o1_0.price,o1_0.quantity from order_detail o1_0 join product p1_0 on p1_0.product_id=o1_0.product_id where o1_0.order_id=?
Hibernate: select o1_0.order_id,o1_0.product_id,p1_0.product_id,p1_0.description,p1_0.manufacturer_name,p1_0.name,p1_0.status,p1_0.unit,o1_0.note,o1_0.price,o1_0.quantity from order_detail o1_0 join product p1_0 on p1_0.product_id=o1_0.product_id where o1_0.order_id=?
Hibernate: select o1_0.order_id,o1_0.product_id,p1_0.product_id,p1_0.description,p1_0.manufacturer_name,p1_0.name,p1_0.status,p1_0.unit,o1_0.note,o1_0.price,o1_0.quantity from order_detail o1_0 join product p1_0 on p1_0.product_id=o1_0.product_id where o1_0.order_id=?
Hibernate: select o1_0.order_id,o1_0.product_id,p1_0.product_id,p1_0.description,p1_0.manufacturer_name,p1_0.name,p1_0.status,p1_0.unit,o1_0.note,o1_0.price,o1_0.quantity from order_detail o1_0 join product p1_0 on p1_0.product_id=o1_0.product_id where o1_0.order_id=?
Hibernate: select o1_0.order_id,o1_0.product_id,p1_0.product_id,p1_0.description,p1_0.manufacturer_name,p1_0.name,p1_0.status,p1_0.unit,o1_0.note,o1_0.price,o1_0.quantity from order_detail o1_0 join product p1_0 on p1_0.product_id=o1_0.product_id where o1_0.order_id=?
Hibernate: select o1_0.order_id,o1_0.product_id,p1_0.product_id,p1_0.description,p1_0.manufacturer_name,p1_0.name,p1_0.status,p1_0.unit,o1_0.note,o1_0.price,o1_0.quantity from order_detail o1_0 join product p1_0 on p1_0.product_id=o1_0.product_id where o1_0.order_id=?
Hibernate: select l1_0.employee_id,l1_0.order_id,c1_0.cust_id,c1_0.address,c1_0.email,c1_0.cust_name,c1_0.phone,l1_0.order_date from orders l1_0 left join customer c1_0 on c1_0.cust_id=l1_0.cust_id where l1_0.employee_id=?
Hibernate: select o1_0.order_id,o1_0.product_id,p1_0.product_id,p1_0.description,p1_0.manufacturer_name,p1_0.name,p1_0.status,p1_0.unit,o1_0.note,o1_0.price,o1_0.quantity from order_detail o1_0 join product p1_0 on p1_0.product_id=o1_0.product_id where o1_0.order_id=?
Hibernate: select o1_0.order_id,o1_0.product_id,p1_0.product_id,p1_0.description,p1_0.manufacturer_name,p1_0.name,p1_0.status,p1_0.unit,o1_0.note,o1_0.price,o1_0.quantity from order_detail o1_0 join product p1_0 on p1_0.product_id=o1_0.product_id where o1_0.order_id=?
Hibernate: select o1_0.order_id,o1_0.product_id,p1_0.product_id,p1_0.description,p1_0.manufacturer_name,p1_0.name,p1_0.status,p1_0.unit,o1_0.note,o1_0.price,o1_0.quantity from order_detail o1_0 join product p1_0 on p1_0.product_id=o1_0.product_id where o1_0.order_id=?
Hibernate: select o1_0.order_id,o1_0.product_id,p1_0.product_id,p1_0.description,p1_0.manufacturer_name,p1_0.name,p1_0.status,p1_0.unit,o1_0.note,o1_0.price,o1_0.quantity from order_detail o1_0 join product p1_0 on p1_0.product_id=o1_0.product_id where o1_0.order_id=?
Hibernate: select l1_0.employee_id,l1_0.order_id,c1_0.cust_id,c1_0.address,c1_0.email,c1_0.cust_name,c1_0.phone,l1_0.order_date from orders l1_0 left join customer c1_0 on c1_0.cust_id=l1_0.cust_id where l1_0.employee_id=?
Hibernate: select p1_0.product_id,p1_0.price_date_time,p1_0.note,p1_0.price from product_price p1_0 where p1_0.product_id=?
Hibernate: select p1_0.product_id,p1_0.image_id,p1_0.alternative,p1_0.path from product_image p1_0 where p1_0.product_id=?
Hibernate: select o1_0.order_id,o1_0.product_id,p1_0.product_id,p1_0.description,p1_0.manufacturer_name,p1_0.name,p1_0.status,p1_0.unit,o1_0.note,o1_0.price,o1_0.quantity from order_detail o1_0 join product p1_0 on p1_0.product_id=o1_0.product_id where o1_0.order_id=?
Hibernate: insert into order_detail (note,price,quantity,order_id,product_id) values (?,?,?,?,?)
Hibernate: select p1_0.product_id,p1_0.description,p1_0.manufacturer_name,p1_0.name,p1_0.status,p1_0.unit from product p1_0 where p1_0.product_id=?
Hibernate: select o1_0.order_id,o2_0.order_id,c1_0.cust_id,c1_0.address,c1_0.email,c1_0.cust_name,c1_0.phone,o2_0.employee_id,e1_0.emp_id,e1_0.address,e1_0.dob,e1_0.email,e1_0.full_name,e1_0.phone,e1_0.status,o2_0.order_date,o1_0.product_id,p1_0.product_id,p1_0.description,p1_0.manufacturer_name,p1_0.name,p1_0.status,p1_0.unit,p2_0.product_id,p2_0.image_id,p2_0.alternative,p2_0.path,o1_0.note,o1_0.price,o1_0.quantity from order_detail o1_0 join orders o2_0 on o2_0.order_id=o1_0.order_id left join customer c1_0 on c1_0.cust_id=o2_0.cust_id left join employee e1_0 on e1_0.emp_id=o2_0.employee_id join product p1_0 on p1_0.product_id=o1_0.product_id left join product_image p2_0 on p1_0.product_id=p2_0.product_id where (o1_0.order_id,o1_0.product_id) in ((?,?))
Hibernate: select o1_0.order_id,c1_0.cust_id,c1_0.address,c1_0.email,c1_0.cust_name,c1_0.phone,o1_0.employee_id,e1_0.emp_id,e1_0.address,e1_0.dob,e1_0.email,e1_0.full_name,e1_0.phone,e1_0.status,o1_0.order_date,o2_0.order_id,o2_0.product_id,p1_0.product_id,p1_0.description,p1_0.manufacturer_name,p1_0.name,p1_0.status,p1_0.unit,o2_0.note,o2_0.price,o2_0.quantity from orders o1_0 left join customer c1_0 on c1_0.cust_id=o1_0.cust_id join employee e1_0 on e1_0.emp_id=o1_0.employee_id left join order_detail o2_0 on o1_0.order_id=o2_0.order_id left join product p1_0 on p1_0.product_id=o2_0.product_id where o1_0.order_id=?
Hibernate: select p1_0.product_id,p1_0.price_date_time,p1_0.note,p1_0.price from product_price p1_0 where p1_0.product_id=?
Hibernate: select p1_0.product_id,p1_0.image_id,p1_0.alternative,p1_0.path from product_image p1_0 where p1_0.product_id=?
Hibernate: select o1_0.product_id,o1_0.order_id,o2_0.order_id,c1_0.cust_id,c1_0.address,c1_0.email,c1_0.cust_name,c1_0.phone,o2_0.employee_id,e1_0.emp_id,e1_0.address,e1_0.dob,e1_0.email,e1_0.full_name,e1_0.phone,e1_0.status,o2_0.order_date,o1_0.note,o1_0.price,o1_0.quantity from order_detail o1_0 join orders o2_0 on o2_0.order_id=o1_0.order_id left join customer c1_0 on c1_0.cust_id=o2_0.cust_id left join employee e1_0 on e1_0.emp_id=o2_0.employee_id where o1_0.product_id=?
Hibernate: select p1_0.product_id,p1_0.price_date_time,p1_0.note,p1_0.price from product_price p1_0 where p1_0.product_id=?
Hibernate: select p1_0.product_id,p1_0.image_id,p1_0.alternative,p1_0.path from product_image p1_0 where p1_0.product_id=?
Hibernate: select o1_0.product_id,o1_0.order_id,o2_0.order_id,c1_0.cust_id,c1_0.address,c1_0.email,c1_0.cust_name,c1_0.phone,o2_0.employee_id,e1_0.emp_id,e1_0.address,e1_0.dob,e1_0.email,e1_0.full_name,e1_0.phone,e1_0.status,o2_0.order_date,o1_0.note,o1_0.price,o1_0.quantity from order_detail o1_0 join orders o2_0 on o2_0.order_id=o1_0.order_id left join customer c1_0 on c1_0.cust_id=o2_0.cust_id left join employee e1_0 on e1_0.emp_id=o2_0.employee_id where o1_0.product_id=?
Hibernate: select l1_0.employee_id,l1_0.order_id,c1_0.cust_id,c1_0.address,c1_0.email,c1_0.cust_name,c1_0.phone,l1_0.order_date from orders l1_0 left join customer c1_0 on c1_0.cust_id=l1_0.cust_id where l1_0.employee_id=?
Hibernate: select p1_0.product_id,p1_0.description,p1_0.manufacturer_name,p1_0.name,p1_0.status,p1_0.unit,o1_0.product_id,o1_0.order_id,o2_0.order_id,c1_0.cust_id,c1_0.address,c1_0.email,c1_0.cust_name,c1_0.phone,o2_0.employee_id,e1_0.emp_id,e1_0.address,e1_0.dob,e1_0.email,e1_0.full_name,e1_0.phone,e1_0.status,o2_0.order_date,o1_0.note,o1_0.price,o1_0.quantity from product p1_0 left join order_detail o1_0 on p1_0.product_id=o1_0.product_id left join orders o2_0 on o2_0.order_id=o1_0.order_id left join customer c1_0 on c1_0.cust_id=o2_0.cust_id left join employee e1_0 on e1_0.emp_id=o2_0.employee_id where p1_0.product_id=?
Hibernate: select o1_0.order_id,o1_0.product_id,p1_0.product_id,p1_0.description,p1_0.manufacturer_name,p1_0.name,p1_0.status,p1_0.unit,o1_0.note,o1_0.price,o1_0.quantity from order_detail o1_0 join product p1_0 on p1_0.product_id=o1_0.product_id where o1_0.order_id=?
Hibernate: select o1_0.order_id,o1_0.product_id,p1_0.product_id,p1_0.description,p1_0.manufacturer_name,p1_0.name,p1_0.status,p1_0.unit,o1_0.note,o1_0.price,o1_0.quantity from order_detail o1_0 join product p1_0 on p1_0.product_id=o1_0.product_id where o1_0.order_id=?
Hibernate: select o1_0.order_id,o1_0.product_id,p1_0.product_id,p1_0.description,p1_0.manufacturer_name,p1_0.name,p1_0.status,p1_0.unit,o1_0.note,o1_0.price,o1_0.quantity from order_detail o1_0 join product p1_0 on p1_0.product_id=o1_0.product_id where o1_0.order_id=?
Hibernate: select o1_0.order_id,o1_0.product_id,p1_0.product_id,p1_0.description,p1_0.manufacturer_name,p1_0.name,p1_0.status,p1_0.unit,o1_0.note,o1_0.price,o1_0.quantity from order_detail o1_0 join product p1_0 on p1_0.product_id=o1_0.product_id where o1_0.order_id=?
Hibernate: select o1_0.order_id,o1_0.product_id,p1_0.product_id,p1_0.description,p1_0.manufacturer_name,p1_0.name,p1_0.status,p1_0.unit,o1_0.note,o1_0.price,o1_0.quantity from order_detail o1_0 join product p1_0 on p1_0.product_id=o1_0.product_id where o1_0.order_id=?
Hibernate: select o1_0.order_id,o1_0.product_id,p1_0.product_id,p1_0.description,p1_0.manufacturer_name,p1_0.name,p1_0.status,p1_0.unit,o1_0.note,o1_0.price,o1_0.quantity from order_detail o1_0 join product p1_0 on p1_0.product_id=o1_0.product_id where o1_0.order_id=?
Hibernate: select p1_0.product_id,p1_0.price_date_time,p1_0.note,p1_0.price from product_price p1_0 where p1_0.product_id=?
Hibernate: select p1_0.product_id,p1_0.image_id,p1_0.alternative,p1_0.path from product_image p1_0 where p1_0.product_id=?
Hibernate: select o1_0.order_id,o1_0.product_id,p1_0.product_id,p1_0.description,p1_0.manufacturer_name,p1_0.name,p1_0.status,p1_0.unit,o1_0.note,o1_0.price,o1_0.quantity from order_detail o1_0 join product p1_0 on p1_0.product_id=o1_0.product_id where o1_0.order_id=?
Hibernate: insert into order_detail (note,price,quantity,order_id,product_id) values (?,?,?,?,?)
Hibernate: select e1_0.emp_id,e1_0.address,e1_0.dob,e1_0.email,e1_0.full_name,e1_0.phone,e1_0.status from employee e1_0 where e1_0.emp_id=?
Hibernate: select c1_0.cust_id,c1_0.address,c1_0.email,c1_0.cust_name,c1_0.phone from customer c1_0 where c1_0.cust_id=?
Hibernate: select o1_0.order_id,c1_0.cust_id,c1_0.address,c1_0.email,c1_0.cust_name,c1_0.phone,o1_0.employee_id,e1_0.emp_id,e1_0.address,e1_0.dob,e1_0.email,e1_0.full_name,e1_0.phone,e1_0.status,o1_0.order_date,o2_0.order_id,o2_0.product_id,p1_0.product_id,p1_0.description,p1_0.manufacturer_name,p1_0.name,p1_0.status,p1_0.unit,o2_0.note,o2_0.price,o2_0.quantity from orders o1_0 left join customer c1_0 on c1_0.cust_id=o1_0.cust_id join employee e1_0 on e1_0.emp_id=o1_0.employee_id left join order_detail o2_0 on o1_0.order_id=o2_0.order_id left join product p1_0 on p1_0.product_id=o2_0.product_id where o1_0.order_id=?
Hibernate: select c1_0.cust_id,c1_0.address,c1_0.email,c1_0.cust_name,c1_0.phone from customer c1_0 where c1_0.cust_id=?
Hibernate: select e1_0.emp_id,e1_0.address,e1_0.dob,e1_0.email,e1_0.full_name,e1_0.phone,e1_0.status from employee e1_0 where e1_0.emp_id=?
Hibernate: insert into orders (cust_id,employee_id,order_date,order_id) values (?,?,?,default)
Hibernate: select p1_0.product_id,p1_0.description,p1_0.manufacturer_name,p1_0.name,p1_0.status,p1_0.unit from product p1_0 where p1_0.product_id=?
Hibernate: select o1_0.order_id,o2_0.order_id,c1_0.cust_id,c1_0.address,c1_0.email,c1_0.cust_name,c1_0.phone,o2_0.employee_id,e1_0.emp_id,e1_0.address,e1_0.dob,e1_0.email,e1_0.full_name,e1_0.phone,e1_0.status,o2_0.order_date,o1_0.product_id,p1_0.product_id,p1_0.description,p1_0.manufacturer_name,p1_0.name,p1_0.status,p1_0.unit,p2_0.product_id,p2_0.image_id,p2_0.alternative,p2_0.path,o1_0.note,o1_0.price,o1_0.quantity from order_detail o1_0 join orders o2_0 on o2_0.order_id=o1_0.order_id left join customer c1_0 on c1_0.cust_id=o2_0.cust_id left join employee e1_0 on e1_0.emp_id=o2_0.employee_id join product p1_0 on p1_0.product_id=o1_0.product_id left join product_image p2_0 on p1_0.product_id=p2_0.product_id where (o1_0.order_id,o1_0.product_id) in ((?,?))
Hibernate: select o1_0.order_id,c1_0.cust_id,c1_0.address,c1_0.email,c1_0.cust_name,c1_0.phone,o1_0.employee_id,e1_0.emp_id,e1_0.address,e1_0.dob,e1_0.email,e1_0.full_name,e1_0.phone,e1_0.status,o1_0.order_date,o2_0.order_id,o2_0.product_id,p1_0.product_id,p1_0.description,p1_0.manufacturer_name,p1_0.name,p1_0.status,p1_0.unit,o2_0.note,o2_0.price,o2_0.quantity from orders o1_0 left join customer c1_0 on c1_0.cust_id=o1_0.cust_id join employee e1_0 on e1_0.emp_id=o1_0.employee_id left join order_detail o2_0 on o1_0.order_id=o2_0.order_id left join product p1_0 on p1_0.product_id=o2_0.product_id where o1_0.order_id=?
Hibernate: select l1_0.employee_id,l1_0.order_id,c1_0.cust_id,c1_0.address,c1_0.email,c1_0.cust_name,c1_0.phone,l1_0.order_date from orders l1_0 left join customer c1_0 on c1_0.cust_id=l1_0.cust_id where l1_0.employee_id=?
Hibernate: select p1_0.product_id,p1_0.description,p1_0.manufacturer_name,p1_0.name,p1_0.status,p1_0.unit,o1_0.product_id,o1_0.order_id,o2_0.order_id,c1_0.cust_id,c1_0.address,c1_0.email,c1_0.cust_name,c1_0.phone,o2_0.employee_id,e1_0.emp_id,e1_0.address,e1_0.dob,e1_0.email,e1_0.full_name,e1_0.phone,e1_0.status,o2_0.order_date,o1_0.note,o1_0.price,o1_0.quantity from product p1_0 left join order_detail o1_0 on p1_0.product_id=o1_0.product_id left join orders o2_0 on o2_0.order_id=o1_0.order_id left join customer c1_0 on c1_0.cust_id=o2_0.cust_id left join employee e1_0 on e1_0.emp_id=o2_0.employee_id where p1_0.product_id=?
Hibernate: select o1_0.order_id,o1_0.product_id,p1_0.product_id,p1_0.description,p1_0.manufacturer_name,p1_0.name,p1_0.status,p1_0.unit,o1_0.note,o1_0.price,o1_0.quantity from order_detail o1_0 join product p1_0 on p1_0.product_id=o1_0.product_id where o1_0.order_id=?
Hibernate: select o1_0.order_id,o1_0.product_id,p1_0.product_id,p1_0.description,p1_0.manufacturer_name,p1_0.name,p1_0.status,p1_0.unit,o1_0.note,o1_0.price,o1_0.quantity from order_detail o1_0 join product p1_0 on p1_0.product_id=o1_0.product_id where o1_0.order_id=?
Hibernate: select o1_0.order_id,o1_0.product_id,p1_0.product_id,p1_0.description,p1_0.manufacturer_name,p1_0.name,p1_0.status,p1_0.unit,o1_0.note,o1_0.price,o1_0.quantity from order_detail o1_0 join product p1_0 on p1_0.product_id=o1_0.product_id where o1_0.order_id=?
Hibernate: select l1_0.employee_id,l1_0.order_id,c1_0.cust_id,c1_0.address,c1_0.email,c1_0.cust_name,c1_0.phone,l1_0.order_date from orders l1_0 left join customer c1_0 on c1_0.cust_id=l1_0.cust_id where l1_0.employee_id=?
Hibernate: select o1_0.order_id,o1_0.product_id,p1_0.product_id,p1_0.description,p1_0.manufacturer_name,p1_0.name,p1_0.status,p1_0.unit,o1_0.note,o1_0.price,o1_0.quantity from order_detail o1_0 join product p1_0 on p1_0.product_id=o1_0.product_id where o1_0.order_id=?
Hibernate: select o1_0.order_id,o1_0.product_id,p1_0.product_id,p1_0.description,p1_0.manufacturer_name,p1_0.name,p1_0.status,p1_0.unit,o1_0.note,o1_0.price,o1_0.quantity from order_detail o1_0 join product p1_0 on p1_0.product_id=o1_0.product_id where o1_0.order_id=?
Hibernate: select l1_0.employee_id,l1_0.order_id,c1_0.cust_id,c1_0.address,c1_0.email,c1_0.cust_name,c1_0.phone,l1_0.order_date from orders l1_0 left join customer c1_0 on c1_0.cust_id=l1_0.cust_id where l1_0.employee_id=?
Hibernate: select o1_0.order_id,o1_0.product_id,p1_0.product_id,p1_0.description,p1_0.manufacturer_name,p1_0.name,p1_0.status,p1_0.unit,o1_0.note,o1_0.price,o1_0.quantity from order_detail o1_0 join product p1_0 on p1_0.product_id=o1_0.product_id where o1_0.order_id=?
Hibernate: select l1_0.employee_id,l1_0.order_id,c1_0.cust_id,c1_0.address,c1_0.email,c1_0.cust_name,c1_0.phone,l1_0.order_date from orders l1_0 left join customer c1_0 on c1_0.cust_id=l1_0.cust_id where l1_0.employee_id=?
Hibernate: select o1_0.order_id,o1_0.product_id,p1_0.product_id,p1_0.description,p1_0.manufacturer_name,p1_0.name,p1_0.status,p1_0.unit,o1_0.note,o1_0.price,o1_0.quantity from order_detail o1_0 join product p1_0 on p1_0.product_id=o1_0.product_id where o1_0.order_id=?
Hibernate: select l1_0.employee_id,l1_0.order_id,c1_0.cust_id,c1_0.address,c1_0.email,c1_0.cust_name,c1_0.phone,l1_0.order_date from orders l1_0 left join customer c1_0 on c1_0.cust_id=l1_0.cust_id where l1_0.employee_id=?
Hibernate: select o1_0.order_id,o1_0.product_id,p1_0.product_id,p1_0.description,p1_0.manufacturer_name,p1_0.name,p1_0.status,p1_0.unit,o1_0.note,o1_0.price,o1_0.quantity from order_detail o1_0 join product p1_0 on p1_0.product_id=o1_0.product_id where o1_0.order_id=?
Hibernate: select p1_0.product_id,p1_0.price_date_time,p1_0.note,p1_0.price from product_price p1_0 where p1_0.product_id=?
Hibernate: select p1_0.product_id,p1_0.image_id,p1_0.alternative,p1_0.path from product_image p1_0 where p1_0.product_id=?
Hibernate: select o1_0.order_id,o1_0.product_id,p1_0.product_id,p1_0.description,p1_0.manufacturer_name,p1_0.name,p1_0.status,p1_0.unit,o1_0.note,o1_0.price,o1_0.quantity from order_detail o1_0 join product p1_0 on p1_0.product_id=o1_0.product_id where o1_0.order_id=?
Hibernate: select l1_0.employee_id,l1_0.order_id,c1_0.cust_id,c1_0.address,c1_0.email,c1_0.cust_name,c1_0.phone,l1_0.order_date from orders l1_0 left join customer c1_0 on c1_0.cust_id=l1_0.cust_id where l1_0.employee_id=?
Hibernate: insert into order_detail (note,price,quantity,order_id,product_id) values (?,?,?,?,?)
Hibernate: select p1_0.product_id,p1_0.description,p1_0.manufacturer_name,p1_0.name,p1_0.status,p1_0.unit from product p1_0 where p1_0.product_id=?
Hibernate: select o1_0.order_id,o2_0.order_id,c1_0.cust_id,c1_0.address,c1_0.email,c1_0.cust_name,c1_0.phone,o2_0.employee_id,e1_0.emp_id,e1_0.address,e1_0.dob,e1_0.email,e1_0.full_name,e1_0.phone,e1_0.status,o2_0.order_date,o1_0.product_id,p1_0.product_id,p1_0.description,p1_0.manufacturer_name,p1_0.name,p1_0.status,p1_0.unit,p2_0.product_id,p2_0.image_id,p2_0.alternative,p2_0.path,o1_0.note,o1_0.price,o1_0.quantity from order_detail o1_0 join orders o2_0 on o2_0.order_id=o1_0.order_id left join customer c1_0 on c1_0.cust_id=o2_0.cust_id left join employee e1_0 on e1_0.emp_id=o2_0.employee_id join product p1_0 on p1_0.product_id=o1_0.product_id left join product_image p2_0 on p1_0.product_id=p2_0.product_id where (o1_0.order_id,o1_0.product_id) in ((?,?))
Hibernate: select o1_0.order_id,c1_0.cust_id,c1_0.address,c1_0.email,c1_0.cust_name,c1_0.phone,o1_0.employee_id,e1_0.emp_id,e1_0.address,e1_0.dob,e1_0.email,e1_0.full_name,e1_0.phone,e1_0.status,o1_0.order_date,o2_0.order_id,o2_0.product_id,p1_0.product_id,p1_0.description,p1_0.manufacturer_name,p1_0.name,p1_0.status,p1_0.unit,o2_0.note,o2_0.price,o2_0.quantity from orders o1_0 left join customer c1_0 on c1_0.cust_id=o1_0.cust_id join employee e1_0 on e1_0.emp_id=o1_0.employee_id left join order_detail o2_0 on o1_0.order_id=o2_0.order_id left join product p1_0 on p1_0.product_id=o2_0.product_id where o1_0.order_id=?
Hibernate: select p1_0.product_id,p1_0.price_date_time,p1_0.note,p1_0.price from product_price p1_0 where p1_0.product_id=?
Hibernate: select p1_0.product_id,p1_0.image_id,p1_0.alternative,p1_0.path from product_image p1_0 where p1_0.product_id=?
Hibernate: select o1_0.product_id,o1_0.order_id,o2_0.order_id,c1_0.cust_id,c1_0.address,c1_0.email,c1_0.cust_name,c1_0.phone,o2_0.employee_id,e1_0.emp_id,e1_0.address,e1_0.dob,e1_0.email,e1_0.full_name,e1_0.phone,e1_0.status,o2_0.order_date,o1_0.note,o1_0.price,o1_0.quantity from order_detail o1_0 join orders o2_0 on o2_0.order_id=o1_0.order_id left join customer c1_0 on c1_0.cust_id=o2_0.cust_id left join employee e1_0 on e1_0.emp_id=o2_0.employee_id where o1_0.product_id=?
Hibernate: select l1_0.employee_id,l1_0.order_id,c1_0.cust_id,c1_0.address,c1_0.email,c1_0.cust_name,c1_0.phone,l1_0.order_date from orders l1_0 left join customer c1_0 on c1_0.cust_id=l1_0.cust_id where l1_0.employee_id=?
Hibernate: select p1_0.product_id,p1_0.description,p1_0.manufacturer_name,p1_0.name,p1_0.status,p1_0.unit,o1_0.product_id,o1_0.order_id,o2_0.order_id,c1_0.cust_id,c1_0.address,c1_0.email,c1_0.cust_name,c1_0.phone,o2_0.employee_id,e1_0.emp_id,e1_0.address,e1_0.dob,e1_0.email,e1_0.full_name,e1_0.phone,e1_0.status,o2_0.order_date,o1_0.note,o1_0.price,o1_0.quantity from product p1_0 left join order_detail o1_0 on p1_0.product_id=o1_0.product_id left join orders o2_0 on o2_0.order_id=o1_0.order_id left join customer c1_0 on c1_0.cust_id=o2_0.cust_id left join employee e1_0 on e1_0.emp_id=o2_0.employee_id where p1_0.product_id=?
Hibernate: select o1_0.order_id,o1_0.product_id,p1_0.product_id,p1_0.description,p1_0.manufacturer_name,p1_0.name,p1_0.status,p1_0.unit,o1_0.note,o1_0.price,o1_0.quantity from order_detail o1_0 join product p1_0 on p1_0.product_id=o1_0.product_id where o1_0.order_id=?
Hibernate: select o1_0.order_id,o1_0.product_id,p1_0.product_id,p1_0.description,p1_0.manufacturer_name,p1_0.name,p1_0.status,p1_0.unit,o1_0.note,o1_0.price,o1_0.quantity from order_detail o1_0 join product p1_0 on p1_0.product_id=o1_0.product_id where o1_0.order_id=?
Hibernate: select l1_0.employee_id,l1_0.order_id,c1_0.cust_id,c1_0.address,c1_0.email,c1_0.cust_name,c1_0.phone,l1_0.order_date from orders l1_0 left join customer c1_0 on c1_0.cust_id=l1_0.cust_id where l1_0.employee_id=?
Hibernate: select o1_0.order_id,o1_0.product_id,p1_0.product_id,p1_0.description,p1_0.manufacturer_name,p1_0.name,p1_0.status,p1_0.unit,o1_0.note,o1_0.price,o1_0.quantity from order_detail o1_0 join product p1_0 on p1_0.product_id=o1_0.product_id where o1_0.order_id=?
Hibernate: select o1_0.order_id,o1_0.product_id,p1_0.product_id,p1_0.description,p1_0.manufacturer_name,p1_0.name,p1_0.status,p1_0.unit,o1_0.note,o1_0.price,o1_0.quantity from order_detail o1_0 join product p1_0 on p1_0.product_id=o1_0.product_id where o1_0.order_id=?
Hibernate: select o1_0.order_id,o1_0.product_id,p1_0.product_id,p1_0.description,p1_0.manufacturer_name,p1_0.name,p1_0.status,p1_0.unit,o1_0.note,o1_0.price,o1_0.quantity from order_detail o1_0 join product p1_0 on p1_0.product_id=o1_0.product_id where o1_0.order_id=?
Hibernate: select o1_0.order_id,o1_0.product_id,p1_0.product_id,p1_0.description,p1_0.manufacturer_name,p1_0.name,p1_0.status,p1_0.unit,o1_0.note,o1_0.price,o1_0.quantity from order_detail o1_0 join product p1_0 on p1_0.product_id=o1_0.product_id where o1_0.order_id=?
Hibernate: select o1_0.order_id,o1_0.product_id,p1_0.product_id,p1_0.description,p1_0.manufacturer_name,p1_0.name,p1_0.status,p1_0.unit,o1_0.note,o1_0.price,o1_0.quantity from order_detail o1_0 join product p1_0 on p1_0.product_id=o1_0.product_id where o1_0.order_id=?
Hibernate: select p1_0.product_id,p1_0.price_date_time,p1_0.note,p1_0.price from product_price p1_0 where p1_0.product_id=?
Hibernate: select p1_0.product_id,p1_0.image_id,p1_0.alternative,p1_0.path from product_image p1_0 where p1_0.product_id=?
Hibernate: select o1_0.order_id,o1_0.product_id,p1_0.product_id,p1_0.description,p1_0.manufacturer_name,p1_0.name,p1_0.status,p1_0.unit,o1_0.note,o1_0.price,o1_0.quantity from order_detail o1_0 join product p1_0 on p1_0.product_id=o1_0.product_id where o1_0.order_id=?
Hibernate: insert into order_detail (note,price,quantity,order_id,product_id) values (?,?,?,?,?)
Hibernate: select p1_0.product_id,p1_0.description,p1_0.manufacturer_name,p1_0.name,p1_0.status,p1_0.unit from product p1_0 where p1_0.product_id=?
Hibernate: select o1_0.order_id,o2_0.order_id,c1_0.cust_id,c1_0.address,c1_0.email,c1_0.cust_name,c1_0.phone,o2_0.employee_id,e1_0.emp_id,e1_0.address,e1_0.dob,e1_0.email,e1_0.full_name,e1_0.phone,e1_0.status,o2_0.order_date,o1_0.product_id,p1_0.product_id,p1_0.description,p1_0.manufacturer_name,p1_0.name,p1_0.status,p1_0.unit,p2_0.product_id,p2_0.image_id,p2_0.alternative,p2_0.path,o1_0.note,o1_0.price,o1_0.quantity from order_detail o1_0 join orders o2_0 on o2_0.order_id=o1_0.order_id left join customer c1_0 on c1_0.cust_id=o2_0.cust_id left join employee e1_0 on e1_0.emp_id=o2_0.employee_id join product p1_0 on p1_0.product_id=o1_0.product_id left join product_image p2_0 on p1_0.product_id=p2_0.product_id where (o1_0.order_id,o1_0.product_id) in ((?,?))
Hibernate: select o1_0.order_id,c1_0.cust_id,c1_0.address,c1_0.email,c1_0.cust_name,c1_0.phone,o1_0.employee_id,e1_0.emp_id,e1_0.address,e1_0.dob,e1_0.email,e1_0.full_name,e1_0.phone,e1_0.status,o1_0.order_date,o2_0.order_id,o2_0.product_id,p1_0.product_id,p1_0.description,p1_0.manufacturer_name,p1_0.name,p1_0.status,p1_0.unit,o2_0.note,o2_0.price,o2_0.quantity from orders o1_0 left join customer c1_0 on c1_0.cust_id=o1_0.cust_id join employee e1_0 on e1_0.emp_id=o1_0.employee_id left join order_detail o2_0 on o1_0.order_id=o2_0.order_id left join product p1_0 on p1_0.product_id=o2_0.product_id where o1_0.order_id=?
Hibernate: select p1_0.product_id,p1_0.price_date_time,p1_0.note,p1_0.price from product_price p1_0 where p1_0.product_id=?
Hibernate: select p1_0.product_id,p1_0.image_id,p1_0.alternative,p1_0.path from product_image p1_0 where p1_0.product_id=?
Hibernate: select o1_0.product_id,o1_0.order_id,o2_0.order_id,c1_0.cust_id,c1_0.address,c1_0.email,c1_0.cust_name,c1_0.phone,o2_0.employee_id,e1_0.emp_id,e1_0.address,e1_0.dob,e1_0.email,e1_0.full_name,e1_0.phone,e1_0.status,o2_0.order_date,o1_0.note,o1_0.price,o1_0.quantity from order_detail o1_0 join orders o2_0 on o2_0.order_id=o1_0.order_id left join customer c1_0 on c1_0.cust_id=o2_0.cust_id left join employee e1_0 on e1_0.emp_id=o2_0.employee_id where o1_0.product_id=?
Hibernate: select p1_0.product_id,p1_0.price_date_time,p1_0.note,p1_0.price from product_price p1_0 where p1_0.product_id=?
Hibernate: select p1_0.product_id,p1_0.image_id,p1_0.alternative,p1_0.path from product_image p1_0 where p1_0.product_id=?
Hibernate: select o1_0.product_id,o1_0.order_id,o2_0.order_id,c1_0.cust_id,c1_0.address,c1_0.email,c1_0.cust_name,c1_0.phone,o2_0.employee_id,e1_0.emp_id,e1_0.address,e1_0.dob,e1_0.email,e1_0.full_name,e1_0.phone,e1_0.status,o2_0.order_date,o1_0.note,o1_0.price,o1_0.quantity from order_detail o1_0 join orders o2_0 on o2_0.order_id=o1_0.order_id left join customer c1_0 on c1_0.cust_id=o2_0.cust_id left join employee e1_0 on e1_0.emp_id=o2_0.employee_id where o1_0.product_id=?
Hibernate: select l1_0.employee_id,l1_0.order_id,c1_0.cust_id,c1_0.address,c1_0.email,c1_0.cust_name,c1_0.phone,l1_0.order_date from orders l1_0 left join customer c1_0 on c1_0.cust_id=l1_0.cust_id where l1_0.employee_id=?
Hibernate: select p1_0.product_id,p1_0.description,p1_0.manufacturer_name,p1_0.name,p1_0.status,p1_0.unit,o1_0.product_id,o1_0.order_id,o2_0.order_id,c1_0.cust_id,c1_0.address,c1_0.email,c1_0.cust_name,c1_0.phone,o2_0.employee_id,e1_0.emp_id,e1_0.address,e1_0.dob,e1_0.email,e1_0.full_name,e1_0.phone,e1_0.status,o2_0.order_date,o1_0.note,o1_0.price,o1_0.quantity from product p1_0 left join order_detail o1_0 on p1_0.product_id=o1_0.product_id left join orders o2_0 on o2_0.order_id=o1_0.order_id left join customer c1_0 on c1_0.cust_id=o2_0.cust_id left join employee e1_0 on e1_0.emp_id=o2_0.employee_id where p1_0.product_id=?
Hibernate: select o1_0.order_id,o1_0.product_id,p1_0.product_id,p1_0.description,p1_0.manufacturer_name,p1_0.name,p1_0.status,p1_0.unit,o1_0.note,o1_0.price,o1_0.quantity from order_detail o1_0 join product p1_0 on p1_0.product_id=o1_0.product_id where o1_0.order_id=?
Hibernate: select o1_0.order_id,o1_0.product_id,p1_0.product_id,p1_0.description,p1_0.manufacturer_name,p1_0.name,p1_0.status,p1_0.unit,o1_0.note,o1_0.price,o1_0.quantity from order_detail o1_0 join product p1_0 on p1_0.product_id=o1_0.product_id where o1_0.order_id=?
Hibernate: select o1_0.order_id,o1_0.product_id,p1_0.product_id,p1_0.description,p1_0.manufacturer_name,p1_0.name,p1_0.status,p1_0.unit,o1_0.note,o1_0.price,o1_0.quantity from order_detail o1_0 join product p1_0 on p1_0.product_id=o1_0.product_id where o1_0.order_id=?
Hibernate: select o1_0.order_id,o1_0.product_id,p1_0.product_id,p1_0.description,p1_0.manufacturer_name,p1_0.name,p1_0.status,p1_0.unit,o1_0.note,o1_0.price,o1_0.quantity from order_detail o1_0 join product p1_0 on p1_0.product_id=o1_0.product_id where o1_0.order_id=?
Hibernate: select l1_0.employee_id,l1_0.order_id,c1_0.cust_id,c1_0.address,c1_0.email,c1_0.cust_name,c1_0.phone,l1_0.order_date from orders l1_0 left join customer c1_0 on c1_0.cust_id=l1_0.cust_id where l1_0.employee_id=?
Hibernate: select o1_0.order_id,o1_0.product_id,p1_0.product_id,p1_0.description,p1_0.manufacturer_name,p1_0.name,p1_0.status,p1_0.unit,o1_0.note,o1_0.price,o1_0.quantity from order_detail o1_0 join product p1_0 on p1_0.product_id=o1_0.product_id where o1_0.order_id=?
Hibernate: select o1_0.order_id,o1_0.product_id,p1_0.product_id,p1_0.description,p1_0.manufacturer_name,p1_0.name,p1_0.status,p1_0.unit,o1_0.note,o1_0.price,o1_0.quantity from order_detail o1_0 join product p1_0 on p1_0.product_id=o1_0.product_id where o1_0.order_id=?
Hibernate: select l1_0.employee_id,l1_0.order_id,c1_0.cust_id,c1_0.address,c1_0.email,c1_0.cust_name,c1_0.phone,l1_0.order_date from orders l1_0 left join customer c1_0 on c1_0.cust_id=l1_0.cust_id where l1_0.employee_id=?
Hibernate: select p1_0.product_id,p1_0.price_date_time,p1_0.note,p1_0.price from product_price p1_0 where p1_0.product_id=?
Hibernate: select p1_0.product_id,p1_0.image_id,p1_0.alternative,p1_0.path from product_image p1_0 where p1_0.product_id=?
Hibernate: select o1_0.order_id,o1_0.product_id,p1_0.product_id,p1_0.description,p1_0.manufacturer_name,p1_0.name,p1_0.status,p1_0.unit,o1_0.note,o1_0.price,o1_0.quantity from order_detail o1_0 join product p1_0 on p1_0.product_id=o1_0.product_id where o1_0.order_id=?
Hibernate: insert into order_detail (note,price,quantity,order_id,product_id) values (?,?,?,?,?)
Hibernate: select e1_0.emp_id,e1_0.address,e1_0.dob,e1_0.email,e1_0.full_name,e1_0.phone,e1_0.status from employee e1_0 where e1_0.emp_id=?
Hibernate: select c1_0.cust_id,c1_0.address,c1_0.email,c1_0.cust_name,c1_0.phone from customer c1_0 where c1_0.cust_id=?
Hibernate: select o1_0.order_id,c1_0.cust_id,c1_0.address,c1_0.email,c1_0.cust_name,c1_0.phone,o1_0.employee_id,e1_0.emp_id,e1_0.address,e1_0.dob,e1_0.email,e1_0.full_name,e1_0.phone,e1_0.status,o1_0.order_date,o2_0.order_id,o2_0.product_id,p1_0.product_id,p1_0.description,p1_0.manufacturer_name,p1_0.name,p1_0.status,p1_0.unit,o2_0.note,o2_0.price,o2_0.quantity from orders o1_0 left join customer c1_0 on c1_0.cust_id=o1_0.cust_id join employee e1_0 on e1_0.emp_id=o1_0.employee_id left join order_detail o2_0 on o1_0.order_id=o2_0.order_id left join product p1_0 on p1_0.product_id=o2_0.product_id where o1_0.order_id=?
Hibernate: select c1_0.cust_id,c1_0.address,c1_0.email,c1_0.cust_name,c1_0.phone from customer c1_0 where c1_0.cust_id=?
Hibernate: select e1_0.emp_id,e1_0.address,e1_0.dob,e1_0.email,e1_0.full_name,e1_0.phone,e1_0.status from employee e1_0 where e1_0.emp_id=?
Hibernate: insert into orders (cust_id,employee_id,order_date,order_id) values (?,?,?,default)
Hibernate: select p1_0.product_id,p1_0.description,p1_0.manufacturer_name,p1_0.name,p1_0.status,p1_0.unit from product p1_0 where p1_0.product_id=?
Hibernate: select o1_0.order_id,o2_0.order_id,c1_0.cust_id,c1_0.address,c1_0.email,c1_0.cust_name,c1_0.phone,o2_0.employee_id,e1_0.emp_id,e1_0.address,e1_0.dob,e1_0.email,e1_0.full_name,e1_0.phone,e1_0.status,o2_0.order_date,o1_0.product_id,p1_0.product_id,p1_0.description,p1_0.manufacturer_name,p1_0.name,p1_0.status,p1_0.unit,p2_0.product_id,p2_0.image_id,p2_0.alternative,p2_0.path,o1_0.note,o1_0.price,o1_0.quantity from order_detail o1_0 join orders o2_0 on o2_0.order_id=o1_0.order_id left join customer c1_0 on c1_0.cust_id=o2_0.cust_id left join employee e1_0 on e1_0.emp_id=o2_0.employee_id join product p1_0 on p1_0.product_id=o1_0.product_id left join product_image p2_0 on p1_0.product_id=p2_0.product_id where (o1_0.order_id,o1_0.product_id) in ((?,?))
Hibernate: select o1_0.order_id,c1_0.cust_id,c1_0.address,c1_0.email,c1_0.cust_name,c1_0.phone,o1_0.employee_id,e1_0.emp_id,e1_0.address,e1_0.dob,e1_0.email,e1_0.full_name,e1_0.phone,e1_0.status,o1_0.order_date,o2_0.order_id,o2_0.product_id,p1_0.product_id,p1_0.description,p1_0.manufacturer_name,p1_0.name,p1_0.status,p1_0.unit,o2_0.note,o2_0.price,o2_0.quantity from orders o1_0 left join customer c1_0 on c1_0.cust_id=o1_0.cust_id join employee e1_0 on e1_0.emp_id=o1_0.employee_id left join order_detail o2_0 on o1_0.order_id=o2_0.order_id left join product p1_0 on p1_0.product_id=o2_0.product_id where o1_0.order_id=?
Hibernate: select l1_0.employee_id,l1_0.order_id,c1_0.cust_id,c1_0.address,c1_0.email,c1_0.cust_name,c1_0.phone,l1_0.order_date from orders l1_0 left join customer c1_0 on c1_0.cust_id=l1_0.cust_id where l1_0.employee_id=?
Hibernate: select p1_0.product_id,p1_0.description,p1_0.manufacturer_name,p1_0.name,p1_0.status,p1_0.unit,o1_0.product_id,o1_0.order_id,o2_0.order_id,c1_0.cust_id,c1_0.address,c1_0.email,c1_0.cust_name,c1_0.phone,o2_0.employee_id,e1_0.emp_id,e1_0.address,e1_0.dob,e1_0.email,e1_0.full_name,e1_0.phone,e1_0.status,o2_0.order_date,o1_0.note,o1_0.price,o1_0.quantity from product p1_0 left join order_detail o1_0 on p1_0.product_id=o1_0.product_id left join orders o2_0 on o2_0.order_id=o1_0.order_id left join customer c1_0 on c1_0.cust_id=o2_0.cust_id left join employee e1_0 on e1_0.emp_id=o2_0.employee_id where p1_0.product_id=?
Hibernate: select o1_0.order_id,o1_0.product_id,p1_0.product_id,p1_0.description,p1_0.manufacturer_name,p1_0.name,p1_0.status,p1_0.unit,o1_0.note,o1_0.price,o1_0.quantity from order_detail o1_0 join product p1_0 on p1_0.product_id=o1_0.product_id where o1_0.order_id=?
Hibernate: select o1_0.order_id,o1_0.product_id,p1_0.product_id,p1_0.description,p1_0.manufacturer_name,p1_0.name,p1_0.status,p1_0.unit,o1_0.note,o1_0.price,o1_0.quantity from order_detail o1_0 join product p1_0 on p1_0.product_id=o1_0.product_id where o1_0.order_id=?
Hibernate: select o1_0.order_id,o1_0.product_id,p1_0.product_id,p1_0.description,p1_0.manufacturer_name,p1_0.name,p1_0.status,p1_0.unit,o1_0.note,o1_0.price,o1_0.quantity from order_detail o1_0 join product p1_0 on p1_0.product_id=o1_0.product_id where o1_0.order_id=?
Hibernate: select l1_0.employee_id,l1_0.order_id,c1_0.cust_id,c1_0.address,c1_0.email,c1_0.cust_name,c1_0.phone,l1_0.order_date from orders l1_0 left join customer c1_0 on c1_0.cust_id=l1_0.cust_id where l1_0.employee_id=?
Hibernate: select o1_0.order_id,o1_0.product_id,p1_0.product_id,p1_0.description,p1_0.manufacturer_name,p1_0.name,p1_0.status,p1_0.unit,o1_0.note,o1_0.price,o1_0.quantity from order_detail o1_0 join product p1_0 on p1_0.product_id=o1_0.product_id where o1_0.order_id=?
Hibernate: select o1_0.order_id,o1_0.product_id,p1_0.product_id,p1_0.description,p1_0.manufacturer_name,p1_0.name,p1_0.status,p1_0.unit,o1_0.note,o1_0.price,o1_0.quantity from order_detail o1_0 join product p1_0 on p1_0.product_id=o1_0.product_id where o1_0.order_id=?
Hibernate: select l1_0.employee_id,l1_0.order_id,c1_0.cust_id,c1_0.address,c1_0.email,c1_0.cust_name,c1_0.phone,l1_0.order_date from orders l1_0 left join customer c1_0 on c1_0.cust_id=l1_0.cust_id where l1_0.employee_id=?
Hibernate: select o1_0.order_id,o1_0.product_id,p1_0.product_id,p1_0.description,p1_0.manufacturer_name,p1_0.name,p1_0.status,p1_0.unit,o1_0.note,o1_0.price,o1_0.quantity from order_detail o1_0 join product p1_0 on p1_0.product_id=o1_0.product_id where o1_0.order_id=?
Hibernate: select l1_0.employee_id,l1_0.order_id,c1_0.cust_id,c1_0.address,c1_0.email,c1_0.cust_name,c1_0.phone,l1_0.order_date from orders l1_0 left join customer c1_0 on c1_0.cust_id=l1_0.cust_id where l1_0.employee_id=?
Hibernate: select p1_0.product_id,p1_0.price_date_time,p1_0.note,p1_0.price from product_price p1_0 where p1_0.product_id=?
Hibernate: select p1_0.product_id,p1_0.image_id,p1_0.alternative,p1_0.path from product_image p1_0 where p1_0.product_id=?
Hibernate: select o1_0.order_id,o1_0.product_id,p1_0.product_id,p1_0.description,p1_0.manufacturer_name,p1_0.name,p1_0.status,p1_0.unit,o1_0.note,o1_0.price,o1_0.quantity from order_detail o1_0 join product p1_0 on p1_0.product_id=o1_0.product_id where o1_0.order_id=?
Hibernate: select l1_0.employee_id,l1_0.order_id,c1_0.cust_id,c1_0.address,c1_0.email,c1_0.cust_name,c1_0.phone,l1_0.order_date from orders l1_0 left join customer c1_0 on c1_0.cust_id=l1_0.cust_id where l1_0.employee_id=?
Hibernate: insert into order_detail (note,price,quantity,order_id,product_id) values (?,?,?,?,?)
Hibernate: select p1_0.product_id,p1_0.description,p1_0.manufacturer_name,p1_0.name,p1_0.status,p1_0.unit from product p1_0 where p1_0.product_id=?
Hibernate: select o1_0.order_id,o2_0.order_id,c1_0.cust_id,c1_0.address,c1_0.email,c1_0.cust_name,c1_0.phone,o2_0.employee_id,e1_0.emp_id,e1_0.address,e1_0.dob,e1_0.email,e1_0.full_name,e1_0.phone,e1_0.status,o2_0.order_date,o1_0.product_id,p1_0.product_id,p1_0.description,p1_0.manufacturer_name,p1_0.name,p1_0.status,p1_0.unit,p2_0.product_id,p2_0.image_id,p2_0.alternative,p2_0.path,o1_0.note,o1_0.price,o1_0.quantity from order_detail o1_0 join orders o2_0 on o2_0.order_id=o1_0.order_id left join customer c1_0 on c1_0.cust_id=o2_0.cust_id left join employee e1_0 on e1_0.emp_id=o2_0.employee_id join product p1_0 on p1_0.product_id=o1_0.product_id left join product_image p2_0 on p1_0.product_id=p2_0.product_id where (o1_0.order_id,o1_0.product_id) in ((?,?))
Hibernate: select o1_0.order_id,c1_0.cust_id,c1_0.address,c1_0.email,c1_0.cust_name,c1_0.phone,o1_0.employee_id,e1_0.emp_id,e1_0.address,e1_0.dob,e1_0.email,e1_0.full_name,e1_0.phone,e1_0.status,o1_0.order_date,o2_0.order_id,o2_0.product_id,p1_0.product_id,p1_0.description,p1_0.manufacturer_name,p1_0.name,p1_0.status,p1_0.unit,o2_0.note,o2_0.price,o2_0.quantity from orders o1_0 left join customer c1_0 on c1_0.cust_id=o1_0.cust_id join employee e1_0 on e1_0.emp_id=o1_0.employee_id left join order_detail o2_0 on o1_0.order_id=o2_0.order_id left join product p1_0 on p1_0.product_id=o2_0.product_id where o1_0.order_id=?
Hibernate: select p1_0.product_id,p1_0.price_date_time,p1_0.note,p1_0.price from product_price p1_0 where p1_0.product_id=?
Hibernate: select p1_0.product_id,p1_0.image_id,p1_0.alternative,p1_0.path from product_image p1_0 where p1_0.product_id=?
Hibernate: select o1_0.product_id,o1_0.order_id,o2_0.order_id,c1_0.cust_id,c1_0.address,c1_0.email,c1_0.cust_name,c1_0.phone,o2_0.employee_id,e1_0.emp_id,e1_0.address,e1_0.dob,e1_0.email,e1_0.full_name,e1_0.phone,e1_0.status,o2_0.order_date,o1_0.note,o1_0.price,o1_0.quantity from order_detail o1_0 join orders o2_0 on o2_0.order_id=o1_0.order_id left join customer c1_0 on c1_0.cust_id=o2_0.cust_id left join employee e1_0 on e1_0.emp_id=o2_0.employee_id where o1_0.product_id=?
Hibernate: select l1_0.employee_id,l1_0.order_id,c1_0.cust_id,c1_0.address,c1_0.email,c1_0.cust_name,c1_0.phone,l1_0.order_date from orders l1_0 left join customer c1_0 on c1_0.cust_id=l1_0.cust_id where l1_0.employee_id=?
Hibernate: select p1_0.product_id,p1_0.description,p1_0.manufacturer_name,p1_0.name,p1_0.status,p1_0.unit,o1_0.product_id,o1_0.order_id,o2_0.order_id,c1_0.cust_id,c1_0.address,c1_0.email,c1_0.cust_name,c1_0.phone,o2_0.employee_id,e1_0.emp_id,e1_0.address,e1_0.dob,e1_0.email,e1_0.full_name,e1_0.phone,e1_0.status,o2_0.order_date,o1_0.note,o1_0.price,o1_0.quantity from product p1_0 left join order_detail o1_0 on p1_0.product_id=o1_0.product_id left join orders o2_0 on o2_0.order_id=o1_0.order_id left join customer c1_0 on c1_0.cust_id=o2_0.cust_id left join employee e1_0 on e1_0.emp_id=o2_0.employee_id where p1_0.product_id=?
Hibernate: select o1_0.order_id,o1_0.product_id,p1_0.product_id,p1_0.description,p1_0.manufacturer_name,p1_0.name,p1_0.status,p1_0.unit,o1_0.note,o1_0.price,o1_0.quantity from order_detail o1_0 join product p1_0 on p1_0.product_id=o1_0.product_id where o1_0.order_id=?
Hibernate: select o1_0.order_id,o1_0.product_id,p1_0.product_id,p1_0.description,p1_0.manufacturer_name,p1_0.name,p1_0.status,p1_0.unit,o1_0.note,o1_0.price,o1_0.quantity from order_detail o1_0 join product p1_0 on p1_0.product_id=o1_0.product_id where o1_0.order_id=?
Hibernate: select o1_0.order_id,o1_0.product_id,p1_0.product_id,p1_0.description,p1_0.manufacturer_name,p1_0.name,p1_0.status,p1_0.unit,o1_0.note,o1_0.price,o1_0.quantity from order_detail o1_0 join product p1_0 on p1_0.product_id=o1_0.product_id where o1_0.order_id=?
Hibernate: select l1_0.employee_id,l1_0.order_id,c1_0.cust_id,c1_0.address,c1_0.email,c1_0.cust_name,c1_0.phone,l1_0.order_date from orders l1_0 left join customer c1_0 on c1_0.cust_id=l1_0.cust_id where l1_0.employee_id=?
Hibernate: select o1_0.order_id,o1_0.product_id,p1_0.product_id,p1_0.description,p1_0.manufacturer_name,p1_0.name,p1_0.status,p1_0.unit,o1_0.note,o1_0.price,o1_0.quantity from order_detail o1_0 join product p1_0 on p1_0.product_id=o1_0.product_id where o1_0.order_id=?
Hibernate: select o1_0.order_id,o1_0.product_id,p1_0.product_id,p1_0.description,p1_0.manufacturer_name,p1_0.name,p1_0.status,p1_0.unit,o1_0.note,o1_0.price,o1_0.quantity from order_detail o1_0 join product p1_0 on p1_0.product_id=o1_0.product_id where o1_0.order_id=?
Hibernate: select o1_0.order_id,o1_0.product_id,p1_0.product_id,p1_0.description,p1_0.manufacturer_name,p1_0.name,p1_0.status,p1_0.unit,o1_0.note,o1_0.price,o1_0.quantity from order_detail o1_0 join product p1_0 on p1_0.product_id=o1_0.product_id where o1_0.order_id=?
Hibernate: select o1_0.order_id,o1_0.product_id,p1_0.product_id,p1_0.description,p1_0.manufacturer_name,p1_0.name,p1_0.status,p1_0.unit,o1_0.note,o1_0.price,o1_0.quantity from order_detail o1_0 join product p1_0 on p1_0.product_id=o1_0.product_id where o1_0.order_id=?
Hibernate: select o1_0.order_id,o1_0.product_id,p1_0.product_id,p1_0.description,p1_0.manufacturer_name,p1_0.name,p1_0.status,p1_0.unit,o1_0.note,o1_0.price,o1_0.quantity from order_detail o1_0 join product p1_0 on p1_0.product_id=o1_0.product_id where o1_0.order_id=?
Hibernate: select o1_0.order_id,o1_0.product_id,p1_0.product_id,p1_0.description,p1_0.manufacturer_name,p1_0.name,p1_0.status,p1_0.unit,o1_0.note,o1_0.price,o1_0.quantity from order_detail o1_0 join product p1_0 on p1_0.product_id=o1_0.product_id where o1_0.order_id=?
Hibernate: select o1_0.order_id,o1_0.product_id,p1_0.product_id,p1_0.description,p1_0.manufacturer_name,p1_0.name,p1_0.status,p1_0.unit,o1_0.note,o1_0.price,o1_0.quantity from order_detail o1_0 join product p1_0 on p1_0.product_id=o1_0.product_id where o1_0.order_id=?
Hibernate: select l1_0.employee_id,l1_0.order_id,c1_0.cust_id,c1_0.address,c1_0.email,c1_0.cust_name,c1_0.phone,l1_0.order_date from orders l1_0 left join customer c1_0 on c1_0.cust_id=l1_0.cust_id where l1_0.employee_id=?
Hibernate: select p1_0.product_id,p1_0.price_date_time,p1_0.note,p1_0.price from product_price p1_0 where p1_0.product_id=?
Hibernate: select p1_0.product_id,p1_0.image_id,p1_0.alternative,p1_0.path from product_image p1_0 where p1_0.product_id=?
Hibernate: select o1_0.order_id,o1_0.product_id,p1_0.product_id,p1_0.description,p1_0.manufacturer_name,p1_0.name,p1_0.status,p1_0.unit,o1_0.note,o1_0.price,o1_0.quantity from order_detail o1_0 join product p1_0 on p1_0.product_id=o1_0.product_id where o1_0.order_id=?
Hibernate: select l1_0.employee_id,l1_0.order_id,c1_0.cust_id,c1_0.address,c1_0.email,c1_0.cust_name,c1_0.phone,l1_0.order_date from orders l1_0 left join customer c1_0 on c1_0.cust_id=l1_0.cust_id where l1_0.employee_id=?
Hibernate: insert into order_detail (note,price,quantity,order_id,product_id) values (?,?,?,?,?)
Hibernate: select p1_0.product_id,p1_0.description,p1_0.manufacturer_name,p1_0.name,p1_0.status,p1_0.unit from product p1_0 where p1_0.product_id=?
Hibernate: select o1_0.order_id,o2_0.order_id,c1_0.cust_id,c1_0.address,c1_0.email,c1_0.cust_name,c1_0.phone,o2_0.employee_id,e1_0.emp_id,e1_0.address,e1_0.dob,e1_0.email,e1_0.full_name,e1_0.phone,e1_0.status,o2_0.order_date,o1_0.product_id,p1_0.product_id,p1_0.description,p1_0.manufacturer_name,p1_0.name,p1_0.status,p1_0.unit,p2_0.product_id,p2_0.image_id,p2_0.alternative,p2_0.path,o1_0.note,o1_0.price,o1_0.quantity from order_detail o1_0 join orders o2_0 on o2_0.order_id=o1_0.order_id left join customer c1_0 on c1_0.cust_id=o2_0.cust_id left join employee e1_0 on e1_0.emp_id=o2_0.employee_id join product p1_0 on p1_0.product_id=o1_0.product_id left join product_image p2_0 on p1_0.product_id=p2_0.product_id where (o1_0.order_id,o1_0.product_id) in ((?,?))
Hibernate: select o1_0.order_id,c1_0.cust_id,c1_0.address,c1_0.email,c1_0.cust_name,c1_0.phone,o1_0.employee_id,e1_0.emp_id,e1_0.address,e1_0.dob,e1_0.email,e1_0.full_name,e1_0.phone,e1_0.status,o1_0.order_date,o2_0.order_id,o2_0.product_id,p1_0.product_id,p1_0.description,p1_0.manufacturer_name,p1_0.name,p1_0.status,p1_0.unit,o2_0.note,o2_0.price,o2_0.quantity from orders o1_0 left join customer c1_0 on c1_0.cust_id=o1_0.cust_id join employee e1_0 on e1_0.emp_id=o1_0.employee_id left join order_detail o2_0 on o1_0.order_id=o2_0.order_id left join product p1_0 on p1_0.product_id=o2_0.product_id where o1_0.order_id=?
Hibernate: select p1_0.product_id,p1_0.price_date_time,p1_0.note,p1_0.price from product_price p1_0 where p1_0.product_id=?
Hibernate: select p1_0.product_id,p1_0.image_id,p1_0.alternative,p1_0.path from product_image p1_0 where p1_0.product_id=?
Hibernate: select o1_0.product_id,o1_0.order_id,o2_0.order_id,c1_0.cust_id,c1_0.address,c1_0.email,c1_0.cust_name,c1_0.phone,o2_0.employee_id,e1_0.emp_id,e1_0.address,e1_0.dob,e1_0.email,e1_0.full_name,e1_0.phone,e1_0.status,o2_0.order_date,o1_0.note,o1_0.price,o1_0.quantity from order_detail o1_0 join orders o2_0 on o2_0.order_id=o1_0.order_id left join customer c1_0 on c1_0.cust_id=o2_0.cust_id left join employee e1_0 on e1_0.emp_id=o2_0.employee_id where o1_0.product_id=?
Hibernate: select p1_0.product_id,p1_0.price_date_time,p1_0.note,p1_0.price from product_price p1_0 where p1_0.product_id=?
Hibernate: select p1_0.product_id,p1_0.image_id,p1_0.alternative,p1_0.path from product_image p1_0 where p1_0.product_id=?
Hibernate: select o1_0.product_id,o1_0.order_id,o2_0.order_id,c1_0.cust_id,c1_0.address,c1_0.email,c1_0.cust_name,c1_0.phone,o2_0.employee_id,e1_0.emp_id,e1_0.address,e1_0.dob,e1_0.email,e1_0.full_name,e1_0.phone,e1_0.status,o2_0.order_date,o1_0.note,o1_0.price,o1_0.quantity from order_detail o1_0 join orders o2_0 on o2_0.order_id=o1_0.order_id left join customer c1_0 on c1_0.cust_id=o2_0.cust_id left join employee e1_0 on e1_0.emp_id=o2_0.employee_id where o1_0.product_id=?
Hibernate: select l1_0.employee_id,l1_0.order_id,c1_0.cust_id,c1_0.address,c1_0.email,c1_0.cust_name,c1_0.phone,l1_0.order_date from orders l1_0 left join customer c1_0 on c1_0.cust_id=l1_0.cust_id where l1_0.employee_id=?
Hibernate: select p1_0.product_id,p1_0.description,p1_0.manufacturer_name,p1_0.name,p1_0.status,p1_0.unit,o1_0.product_id,o1_0.order_id,o2_0.order_id,c1_0.cust_id,c1_0.address,c1_0.email,c1_0.cust_name,c1_0.phone,o2_0.employee_id,e1_0.emp_id,e1_0.address,e1_0.dob,e1_0.email,e1_0.full_name,e1_0.phone,e1_0.status,o2_0.order_date,o1_0.note,o1_0.price,o1_0.quantity from product p1_0 left join order_detail o1_0 on p1_0.product_id=o1_0.product_id left join orders o2_0 on o2_0.order_id=o1_0.order_id left join customer c1_0 on c1_0.cust_id=o2_0.cust_id left join employee e1_0 on e1_0.emp_id=o2_0.employee_id where p1_0.product_id=?
Hibernate: select o1_0.order_id,o1_0.product_id,p1_0.product_id,p1_0.description,p1_0.manufacturer_name,p1_0.name,p1_0.status,p1_0.unit,o1_0.note,o1_0.price,o1_0.quantity from order_detail o1_0 join product p1_0 on p1_0.product_id=o1_0.product_id where o1_0.order_id=?
Hibernate: select o1_0.order_id,o1_0.product_id,p1_0.product_id,p1_0.description,p1_0.manufacturer_name,p1_0.name,p1_0.status,p1_0.unit,o1_0.note,o1_0.price,o1_0.quantity from order_detail o1_0 join product p1_0 on p1_0.product_id=o1_0.product_id where o1_0.order_id=?
Hibernate: select o1_0.order_id,o1_0.product_id,p1_0.product_id,p1_0.description,p1_0.manufacturer_name,p1_0.name,p1_0.status,p1_0.unit,o1_0.note,o1_0.price,o1_0.quantity from order_detail o1_0 join product p1_0 on p1_0.product_id=o1_0.product_id where o1_0.order_id=?
Hibernate: select l1_0.employee_id,l1_0.order_id,c1_0.cust_id,c1_0.address,c1_0.email,c1_0.cust_name,c1_0.phone,l1_0.order_date from orders l1_0 left join customer c1_0 on c1_0.cust_id=l1_0.cust_id where l1_0.employee_id=?
Hibernate: select o1_0.order_id,o1_0.product_id,p1_0.product_id,p1_0.description,p1_0.manufacturer_name,p1_0.name,p1_0.status,p1_0.unit,o1_0.note,o1_0.price,o1_0.quantity from order_detail o1_0 join product p1_0 on p1_0.product_id=o1_0.product_id where o1_0.order_id=?
Hibernate: select o1_0.order_id,o1_0.product_id,p1_0.product_id,p1_0.description,p1_0.manufacturer_name,p1_0.name,p1_0.status,p1_0.unit,o1_0.note,o1_0.price,o1_0.quantity from order_detail o1_0 join product p1_0 on p1_0.product_id=o1_0.product_id where o1_0.order_id=?
Hibernate: select o1_0.order_id,o1_0.product_id,p1_0.product_id,p1_0.description,p1_0.manufacturer_name,p1_0.name,p1_0.status,p1_0.unit,o1_0.note,o1_0.price,o1_0.quantity from order_detail o1_0 join product p1_0 on p1_0.product_id=o1_0.product_id where o1_0.order_id=?
Hibernate: select o1_0.order_id,o1_0.product_id,p1_0.product_id,p1_0.description,p1_0.manufacturer_name,p1_0.name,p1_0.status,p1_0.unit,o1_0.note,o1_0.price,o1_0.quantity from order_detail o1_0 join product p1_0 on p1_0.product_id=o1_0.product_id where o1_0.order_id=?
Hibernate: select p1_0.product_id,p1_0.price_date_time,p1_0.note,p1_0.price from product_price p1_0 where p1_0.product_id=?
Hibernate: select p1_0.product_id,p1_0.image_id,p1_0.alternative,p1_0.path from product_image p1_0 where p1_0.product_id=?
Hibernate: select o1_0.order_id,o1_0.product_id,p1_0.product_id,p1_0.description,p1_0.manufacturer_name,p1_0.name,p1_0.status,p1_0.unit,o1_0.note,o1_0.price,o1_0.quantity from order_detail o1_0 join product p1_0 on p1_0.product_id=o1_0.product_id where o1_0.order_id=?
Hibernate: insert into order_detail (note,price,quantity,order_id,product_id) values (?,?,?,?,?)
Hibernate: select e1_0.emp_id,e1_0.address,e1_0.dob,e1_0.email,e1_0.full_name,e1_0.phone,e1_0.status from employee e1_0 where e1_0.emp_id=?
Hibernate: select c1_0.cust_id,c1_0.address,c1_0.email,c1_0.cust_name,c1_0.phone from customer c1_0 where c1_0.cust_id=?
Hibernate: select o1_0.order_id,c1_0.cust_id,c1_0.address,c1_0.email,c1_0.cust_name,c1_0.phone,o1_0.employee_id,e1_0.emp_id,e1_0.address,e1_0.dob,e1_0.email,e1_0.full_name,e1_0.phone,e1_0.status,o1_0.order_date,o2_0.order_id,o2_0.product_id,p1_0.product_id,p1_0.description,p1_0.manufacturer_name,p1_0.name,p1_0.status,p1_0.unit,o2_0.note,o2_0.price,o2_0.quantity from orders o1_0 left join customer c1_0 on c1_0.cust_id=o1_0.cust_id join employee e1_0 on e1_0.emp_id=o1_0.employee_id left join order_detail o2_0 on o1_0.order_id=o2_0.order_id left join product p1_0 on p1_0.product_id=o2_0.product_id where o1_0.order_id=?
Hibernate: select c1_0.cust_id,c1_0.address,c1_0.email,c1_0.cust_name,c1_0.phone from customer c1_0 where c1_0.cust_id=?
Hibernate: select e1_0.emp_id,e1_0.address,e1_0.dob,e1_0.email,e1_0.full_name,e1_0.phone,e1_0.status from employee e1_0 where e1_0.emp_id=?
Hibernate: insert into orders (cust_id,employee_id,order_date,order_id) values (?,?,?,default)
Hibernate: select p1_0.product_id,p1_0.description,p1_0.manufacturer_name,p1_0.name,p1_0.status,p1_0.unit from product p1_0 where p1_0.product_id=?
Hibernate: select o1_0.order_id,o2_0.order_id,c1_0.cust_id,c1_0.address,c1_0.email,c1_0.cust_name,c1_0.phone,o2_0.employee_id,e1_0.emp_id,e1_0.address,e1_0.dob,e1_0.email,e1_0.full_name,e1_0.phone,e1_0.status,o2_0.order_date,o1_0.product_id,p1_0.product_id,p1_0.description,p1_0.manufacturer_name,p1_0.name,p1_0.status,p1_0.unit,p2_0.product_id,p2_0.image_id,p2_0.alternative,p2_0.path,o1_0.note,o1_0.price,o1_0.quantity from order_detail o1_0 join orders o2_0 on o2_0.order_id=o1_0.order_id left join customer c1_0 on c1_0.cust_id=o2_0.cust_id left join employee e1_0 on e1_0.emp_id=o2_0.employee_id join product p1_0 on p1_0.product_id=o1_0.product_id left join product_image p2_0 on p1_0.product_id=p2_0.product_id where (o1_0.order_id,o1_0.product_id) in ((?,?))
Hibernate: select o1_0.order_id,c1_0.cust_id,c1_0.address,c1_0.email,c1_0.cust_name,c1_0.phone,o1_0.employee_id,e1_0.emp_id,e1_0.address,e1_0.dob,e1_0.email,e1_0.full_name,e1_0.phone,e1_0.status,o1_0.order_date,o2_0.order_id,o2_0.product_id,p1_0.product_id,p1_0.description,p1_0.manufacturer_name,p1_0.name,p1_0.status,p1_0.unit,o2_0.note,o2_0.price,o2_0.quantity from orders o1_0 left join customer c1_0 on c1_0.cust_id=o1_0.cust_id join employee e1_0 on e1_0.emp_id=o1_0.employee_id left join order_detail o2_0 on o1_0.order_id=o2_0.order_id left join product p1_0 on p1_0.product_id=o2_0.product_id where o1_0.order_id=?
Hibernate: select l1_0.employee_id,l1_0.order_id,c1_0.cust_id,c1_0.address,c1_0.email,c1_0.cust_name,c1_0.phone,l1_0.order_date from orders l1_0 left join customer c1_0 on c1_0.cust_id=l1_0.cust_id where l1_0.employee_id=?
Hibernate: select p1_0.product_id,p1_0.description,p1_0.manufacturer_name,p1_0.name,p1_0.status,p1_0.unit,o1_0.product_id,o1_0.order_id,o2_0.order_id,c1_0.cust_id,c1_0.address,c1_0.email,c1_0.cust_name,c1_0.phone,o2_0.employee_id,e1_0.emp_id,e1_0.address,e1_0.dob,e1_0.email,e1_0.full_name,e1_0.phone,e1_0.status,o2_0.order_date,o1_0.note,o1_0.price,o1_0.quantity from product p1_0 left join order_detail o1_0 on p1_0.product_id=o1_0.product_id left join orders o2_0 on o2_0.order_id=o1_0.order_id left join customer c1_0 on c1_0.cust_id=o2_0.cust_id left join employee e1_0 on e1_0.emp_id=o2_0.employee_id where p1_0.product_id=?
Hibernate: select o1_0.order_id,o1_0.product_id,p1_0.product_id,p1_0.description,p1_0.manufacturer_name,p1_0.name,p1_0.status,p1_0.unit,o1_0.note,o1_0.price,o1_0.quantity from order_detail o1_0 join product p1_0 on p1_0.product_id=o1_0.product_id where o1_0.order_id=?
Hibernate: select o1_0.order_id,o1_0.product_id,p1_0.product_id,p1_0.description,p1_0.manufacturer_name,p1_0.name,p1_0.status,p1_0.unit,o1_0.note,o1_0.price,o1_0.quantity from order_detail o1_0 join product p1_0 on p1_0.product_id=o1_0.product_id where o1_0.order_id=?
Hibernate: select o1_0.order_id,o1_0.product_id,p1_0.product_id,p1_0.description,p1_0.manufacturer_name,p1_0.name,p1_0.status,p1_0.unit,o1_0.note,o1_0.price,o1_0.quantity from order_detail o1_0 join product p1_0 on p1_0.product_id=o1_0.product_id where o1_0.order_id=?
Hibernate: select l1_0.employee_id,l1_0.order_id,c1_0.cust_id,c1_0.address,c1_0.email,c1_0.cust_name,c1_0.phone,l1_0.order_date from orders l1_0 left join customer c1_0 on c1_0.cust_id=l1_0.cust_id where l1_0.employee_id=?
Hibernate: select o1_0.order_id,o1_0.product_id,p1_0.product_id,p1_0.description,p1_0.manufacturer_name,p1_0.name,p1_0.status,p1_0.unit,o1_0.note,o1_0.price,o1_0.quantity from order_detail o1_0 join product p1_0 on p1_0.product_id=o1_0.product_id where o1_0.order_id=?
Hibernate: select l1_0.employee_id,l1_0.order_id,c1_0.cust_id,c1_0.address,c1_0.email,c1_0.cust_name,c1_0.phone,l1_0.order_date from orders l1_0 left join customer c1_0 on c1_0.cust_id=l1_0.cust_id where l1_0.employee_id=?
Hibernate: select o1_0.order_id,o1_0.product_id,p1_0.product_id,p1_0.description,p1_0.manufacturer_name,p1_0.name,p1_0.status,p1_0.unit,o1_0.note,o1_0.price,o1_0.quantity from order_detail o1_0 join product p1_0 on p1_0.product_id=o1_0.product_id where o1_0.order_id=?
Hibernate: select l1_0.employee_id,l1_0.order_id,c1_0.cust_id,c1_0.address,c1_0.email,c1_0.cust_name,c1_0.phone,l1_0.order_date from orders l1_0 left join customer c1_0 on c1_0.cust_id=l1_0.cust_id where l1_0.employee_id=?
Hibernate: select o1_0.order_id,o1_0.product_id,p1_0.product_id,p1_0.description,p1_0.manufacturer_name,p1_0.name,p1_0.status,p1_0.unit,o1_0.note,o1_0.price,o1_0.quantity from order_detail o1_0 join product p1_0 on p1_0.product_id=o1_0.product_id where o1_0.order_id=?
Hibernate: select o1_0.order_id,o1_0.product_id,p1_0.product_id,p1_0.description,p1_0.manufacturer_name,p1_0.name,p1_0.status,p1_0.unit,o1_0.note,o1_0.price,o1_0.quantity from order_detail o1_0 join product p1_0 on p1_0.product_id=o1_0.product_id where o1_0.order_id=?
Hibernate: select l1_0.employee_id,l1_0.order_id,c1_0.cust_id,c1_0.address,c1_0.email,c1_0.cust_name,c1_0.phone,l1_0.order_date from orders l1_0 left join customer c1_0 on c1_0.cust_id=l1_0.cust_id where l1_0.employee_id=?
Hibernate: select p1_0.product_id,p1_0.price_date_time,p1_0.note,p1_0.price from product_price p1_0 where p1_0.product_id=?
Hibernate: select p1_0.product_id,p1_0.image_id,p1_0.alternative,p1_0.path from product_image p1_0 where p1_0.product_id=?
Hibernate: select o1_0.order_id,o1_0.product_id,p1_0.product_id,p1_0.description,p1_0.manufacturer_name,p1_0.name,p1_0.status,p1_0.unit,o1_0.note,o1_0.price,o1_0.quantity from order_detail o1_0 join product p1_0 on p1_0.product_id=o1_0.product_id where o1_0.order_id=?
Hibernate: select l1_0.employee_id,l1_0.order_id,c1_0.cust_id,c1_0.address,c1_0.email,c1_0.cust_name,c1_0.phone,l1_0.order_date from orders l1_0 left join customer c1_0 on c1_0.cust_id=l1_0.cust_id where l1_0.employee_id=?
Hibernate: insert into order_detail (note,price,quantity,order_id,product_id) values (?,?,?,?,?)
Hibernate: select p1_0.product_id,p1_0.description,p1_0.manufacturer_name,p1_0.name,p1_0.status,p1_0.unit from product p1_0 where p1_0.product_id=?
Hibernate: select o1_0.order_id,o2_0.order_id,c1_0.cust_id,c1_0.address,c1_0.email,c1_0.cust_name,c1_0.phone,o2_0.employee_id,e1_0.emp_id,e1_0.address,e1_0.dob,e1_0.email,e1_0.full_name,e1_0.phone,e1_0.status,o2_0.order_date,o1_0.product_id,p1_0.product_id,p1_0.description,p1_0.manufacturer_name,p1_0.name,p1_0.status,p1_0.unit,p2_0.product_id,p2_0.image_id,p2_0.alternative,p2_0.path,o1_0.note,o1_0.price,o1_0.quantity from order_detail o1_0 join orders o2_0 on o2_0.order_id=o1_0.order_id left join customer c1_0 on c1_0.cust_id=o2_0.cust_id left join employee e1_0 on e1_0.emp_id=o2_0.employee_id join product p1_0 on p1_0.product_id=o1_0.product_id left join product_image p2_0 on p1_0.product_id=p2_0.product_id where (o1_0.order_id,o1_0.product_id) in ((?,?))
Hibernate: select o1_0.order_id,c1_0.cust_id,c1_0.address,c1_0.email,c1_0.cust_name,c1_0.phone,o1_0.employee_id,e1_0.emp_id,e1_0.address,e1_0.dob,e1_0.email,e1_0.full_name,e1_0.phone,e1_0.status,o1_0.order_date,o2_0.order_id,o2_0.product_id,p1_0.product_id,p1_0.description,p1_0.manufacturer_name,p1_0.name,p1_0.status,p1_0.unit,o2_0.note,o2_0.price,o2_0.quantity from orders o1_0 left join customer c1_0 on c1_0.cust_id=o1_0.cust_id join employee e1_0 on e1_0.emp_id=o1_0.employee_id left join order_detail o2_0 on o1_0.order_id=o2_0.order_id left join product p1_0 on p1_0.product_id=o2_0.product_id where o1_0.order_id=?
Hibernate: select p1_0.product_id,p1_0.price_date_time,p1_0.note,p1_0.price from product_price p1_0 where p1_0.product_id=?
Hibernate: select p1_0.product_id,p1_0.image_id,p1_0.alternative,p1_0.path from product_image p1_0 where p1_0.product_id=?
Hibernate: select o1_0.product_id,o1_0.order_id,o2_0.order_id,c1_0.cust_id,c1_0.address,c1_0.email,c1_0.cust_name,c1_0.phone,o2_0.employee_id,e1_0.emp_id,e1_0.address,e1_0.dob,e1_0.email,e1_0.full_name,e1_0.phone,e1_0.status,o2_0.order_date,o1_0.note,o1_0.price,o1_0.quantity from order_detail o1_0 join orders o2_0 on o2_0.order_id=o1_0.order_id left join customer c1_0 on c1_0.cust_id=o2_0.cust_id left join employee e1_0 on e1_0.emp_id=o2_0.employee_id where o1_0.product_id=?
Hibernate: select l1_0.employee_id,l1_0.order_id,c1_0.cust_id,c1_0.address,c1_0.email,c1_0.cust_name,c1_0.phone,l1_0.order_date from orders l1_0 left join customer c1_0 on c1_0.cust_id=l1_0.cust_id where l1_0.employee_id=?
Hibernate: select p1_0.product_id,p1_0.description,p1_0.manufacturer_name,p1_0.name,p1_0.status,p1_0.unit,o1_0.product_id,o1_0.order_id,o2_0.order_id,c1_0.cust_id,c1_0.address,c1_0.email,c1_0.cust_name,c1_0.phone,o2_0.employee_id,e1_0.emp_id,e1_0.address,e1_0.dob,e1_0.email,e1_0.full_name,e1_0.phone,e1_0.status,o2_0.order_date,o1_0.note,o1_0.price,o1_0.quantity from product p1_0 left join order_detail o1_0 on p1_0.product_id=o1_0.product_id left join orders o2_0 on o2_0.order_id=o1_0.order_id left join customer c1_0 on c1_0.cust_id=o2_0.cust_id left join employee e1_0 on e1_0.emp_id=o2_0.employee_id where p1_0.product_id=?
Hibernate: select o1_0.order_id,o1_0.product_id,p1_0.product_id,p1_0.description,p1_0.manufacturer_name,p1_0.name,p1_0.status,p1_0.unit,o1_0.note,o1_0.price,o1_0.quantity from order_detail o1_0 join product p1_0 on p1_0.product_id=o1_0.product_id where o1_0.order_id=?
Hibernate: select o1_0.order_id,o1_0.product_id,p1_0.product_id,p1_0.description,p1_0.manufacturer_name,p1_0.name,p1_0.status,p1_0.unit,o1_0.note,o1_0.price,o1_0.quantity from order_detail o1_0 join product p1_0 on p1_0.product_id=o1_0.product_id where o1_0.order_id=?
Hibernate: select o1_0.order_id,o1_0.product_id,p1_0.product_id,p1_0.description,p1_0.manufacturer_name,p1_0.name,p1_0.status,p1_0.unit,o1_0.note,o1_0.price,o1_0.quantity from order_detail o1_0 join product p1_0 on p1_0.product_id=o1_0.product_id where o1_0.order_id=?
Hibernate: select l1_0.employee_id,l1_0.order_id,c1_0.cust_id,c1_0.address,c1_0.email,c1_0.cust_name,c1_0.phone,l1_0.order_date from orders l1_0 left join customer c1_0 on c1_0.cust_id=l1_0.cust_id where l1_0.employee_id=?
Hibernate: select o1_0.order_id,o1_0.product_id,p1_0.product_id,p1_0.description,p1_0.manufacturer_name,p1_0.name,p1_0.status,p1_0.unit,o1_0.note,o1_0.price,o1_0.quantity from order_detail o1_0 join product p1_0 on p1_0.product_id=o1_0.product_id where o1_0.order_id=?
Hibernate: select o1_0.order_id,o1_0.product_id,p1_0.product_id,p1_0.description,p1_0.manufacturer_name,p1_0.name,p1_0.status,p1_0.unit,o1_0.note,o1_0.price,o1_0.quantity from order_detail o1_0 join product p1_0 on p1_0.product_id=o1_0.product_id where o1_0.order_id=?
Hibernate: select o1_0.order_id,o1_0.product_id,p1_0.product_id,p1_0.description,p1_0.manufacturer_name,p1_0.name,p1_0.status,p1_0.unit,o1_0.note,o1_0.price,o1_0.quantity from order_detail o1_0 join product p1_0 on p1_0.product_id=o1_0.product_id where o1_0.order_id=?
Hibernate: select o1_0.order_id,o1_0.product_id,p1_0.product_id,p1_0.description,p1_0.manufacturer_name,p1_0.name,p1_0.status,p1_0.unit,o1_0.note,o1_0.price,o1_0.quantity from order_detail o1_0 join product p1_0 on p1_0.product_id=o1_0.product_id where o1_0.order_id=?
Hibernate: select p1_0.product_id,p1_0.price_date_time,p1_0.note,p1_0.price from product_price p1_0 where p1_0.product_id=?
Hibernate: select p1_0.product_id,p1_0.image_id,p1_0.alternative,p1_0.path from product_image p1_0 where p1_0.product_id=?
Hibernate: select o1_0.order_id,o1_0.product_id,p1_0.product_id,p1_0.description,p1_0.manufacturer_name,p1_0.name,p1_0.status,p1_0.unit,o1_0.note,o1_0.price,o1_0.quantity from order_detail o1_0 join product p1_0 on p1_0.product_id=o1_0.product_id where o1_0.order_id=?
Hibernate: insert into order_detail (note,price,quantity,order_id,product_id) values (?,?,?,?,?)
Hibernate: select p1_0.product_id,p1_0.description,p1_0.manufacturer_name,p1_0.name,p1_0.status,p1_0.unit from product p1_0 where p1_0.product_id=?
Hibernate: select o1_0.order_id,o2_0.order_id,c1_0.cust_id,c1_0.address,c1_0.email,c1_0.cust_name,c1_0.phone,o2_0.employee_id,e1_0.emp_id,e1_0.address,e1_0.dob,e1_0.email,e1_0.full_name,e1_0.phone,e1_0.status,o2_0.order_date,o1_0.product_id,p1_0.product_id,p1_0.description,p1_0.manufacturer_name,p1_0.name,p1_0.status,p1_0.unit,p2_0.product_id,p2_0.image_id,p2_0.alternative,p2_0.path,o1_0.note,o1_0.price,o1_0.quantity from order_detail o1_0 join orders o2_0 on o2_0.order_id=o1_0.order_id left join customer c1_0 on c1_0.cust_id=o2_0.cust_id left join employee e1_0 on e1_0.emp_id=o2_0.employee_id join product p1_0 on p1_0.product_id=o1_0.product_id left join product_image p2_0 on p1_0.product_id=p2_0.product_id where (o1_0.order_id,o1_0.product_id) in ((?,?))
Hibernate: select o1_0.order_id,c1_0.cust_id,c1_0.address,c1_0.email,c1_0.cust_name,c1_0.phone,o1_0.employee_id,e1_0.emp_id,e1_0.address,e1_0.dob,e1_0.email,e1_0.full_name,e1_0.phone,e1_0.status,o1_0.order_date,o2_0.order_id,o2_0.product_id,p1_0.product_id,p1_0.description,p1_0.manufacturer_name,p1_0.name,p1_0.status,p1_0.unit,o2_0.note,o2_0.price,o2_0.quantity from orders o1_0 left join customer c1_0 on c1_0.cust_id=o1_0.cust_id join employee e1_0 on e1_0.emp_id=o1_0.employee_id left join order_detail o2_0 on o1_0.order_id=o2_0.order_id left join product p1_0 on p1_0.product_id=o2_0.product_id where o1_0.order_id=?
Hibernate: select p1_0.product_id,p1_0.price_date_time,p1_0.note,p1_0.price from product_price p1_0 where p1_0.product_id=?
Hibernate: select p1_0.product_id,p1_0.image_id,p1_0.alternative,p1_0.path from product_image p1_0 where p1_0.product_id=?
Hibernate: select o1_0.product_id,o1_0.order_id,o2_0.order_id,c1_0.cust_id,c1_0.address,c1_0.email,c1_0.cust_name,c1_0.phone,o2_0.employee_id,e1_0.emp_id,e1_0.address,e1_0.dob,e1_0.email,e1_0.full_name,e1_0.phone,e1_0.status,o2_0.order_date,o1_0.note,o1_0.price,o1_0.quantity from order_detail o1_0 join orders o2_0 on o2_0.order_id=o1_0.order_id left join customer c1_0 on c1_0.cust_id=o2_0.cust_id left join employee e1_0 on e1_0.emp_id=o2_0.employee_id where o1_0.product_id=?
Hibernate: select p1_0.product_id,p1_0.price_date_time,p1_0.note,p1_0.price from product_price p1_0 where p1_0.product_id=?
Hibernate: select p1_0.product_id,p1_0.image_id,p1_0.alternative,p1_0.path from product_image p1_0 where p1_0.product_id=?
Hibernate: select o1_0.product_id,o1_0.order_id,o2_0.order_id,c1_0.cust_id,c1_0.address,c1_0.email,c1_0.cust_name,c1_0.phone,o2_0.employee_id,e1_0.emp_id,e1_0.address,e1_0.dob,e1_0.email,e1_0.full_name,e1_0.phone,e1_0.status,o2_0.order_date,o1_0.note,o1_0.price,o1_0.quantity from order_detail o1_0 join orders o2_0 on o2_0.order_id=o1_0.order_id left join customer c1_0 on c1_0.cust_id=o2_0.cust_id left join employee e1_0 on e1_0.emp_id=o2_0.employee_id where o1_0.product_id=?
Hibernate: select l1_0.employee_id,l1_0.order_id,c1_0.cust_id,c1_0.address,c1_0.email,c1_0.cust_name,c1_0.phone,l1_0.order_date from orders l1_0 left join customer c1_0 on c1_0.cust_id=l1_0.cust_id where l1_0.employee_id=?
Hibernate: select p1_0.product_id,p1_0.description,p1_0.manufacturer_name,p1_0.name,p1_0.status,p1_0.unit,o1_0.product_id,o1_0.order_id,o2_0.order_id,c1_0.cust_id,c1_0.address,c1_0.email,c1_0.cust_name,c1_0.phone,o2_0.employee_id,e1_0.emp_id,e1_0.address,e1_0.dob,e1_0.email,e1_0.full_name,e1_0.phone,e1_0.status,o2_0.order_date,o1_0.note,o1_0.price,o1_0.quantity from product p1_0 left join order_detail o1_0 on p1_0.product_id=o1_0.product_id left join orders o2_0 on o2_0.order_id=o1_0.order_id left join customer c1_0 on c1_0.cust_id=o2_0.cust_id left join employee e1_0 on e1_0.emp_id=o2_0.employee_id where p1_0.product_id=?
Hibernate: select o1_0.order_id,o1_0.product_id,p1_0.product_id,p1_0.description,p1_0.manufacturer_name,p1_0.name,p1_0.status,p1_0.unit,o1_0.note,o1_0.price,o1_0.quantity from order_detail o1_0 join product p1_0 on p1_0.product_id=o1_0.product_id where o1_0.order_id=?
Hibernate: select o1_0.order_id,o1_0.product_id,p1_0.product_id,p1_0.description,p1_0.manufacturer_name,p1_0.name,p1_0.status,p1_0.unit,o1_0.note,o1_0.price,o1_0.quantity from order_detail o1_0 join product p1_0 on p1_0.product_id=o1_0.product_id where o1_0.order_id=?
Hibernate: select o1_0.order_id,o1_0.product_id,p1_0.product_id,p1_0.description,p1_0.manufacturer_name,p1_0.name,p1_0.status,p1_0.unit,o1_0.note,o1_0.price,o1_0.quantity from order_detail o1_0 join product p1_0 on p1_0.product_id=o1_0.product_id where o1_0.order_id=?
Hibernate: select o1_0.order_id,o1_0.product_id,p1_0.product_id,p1_0.description,p1_0.manufacturer_name,p1_0.name,p1_0.status,p1_0.unit,o1_0.note,o1_0.price,o1_0.quantity from order_detail o1_0 join product p1_0 on p1_0.product_id=o1_0.product_id where o1_0.order_id=?
Hibernate: select o1_0.order_id,o1_0.product_id,p1_0.product_id,p1_0.description,p1_0.manufacturer_name,p1_0.name,p1_0.status,p1_0.unit,o1_0.note,o1_0.price,o1_0.quantity from order_detail o1_0 join product p1_0 on p1_0.product_id=o1_0.product_id where o1_0.order_id=?
Hibernate: select p1_0.product_id,p1_0.price_date_time,p1_0.note,p1_0.price from product_price p1_0 where p1_0.product_id=?
Hibernate: select p1_0.product_id,p1_0.image_id,p1_0.alternative,p1_0.path from product_image p1_0 where p1_0.product_id=?
Hibernate: select o1_0.order_id,o1_0.product_id,p1_0.product_id,p1_0.description,p1_0.manufacturer_name,p1_0.name,p1_0.status,p1_0.unit,o1_0.note,o1_0.price,o1_0.quantity from order_detail o1_0 join product p1_0 on p1_0.product_id=o1_0.product_id where o1_0.order_id=?
Hibernate: select l1_0.employee_id,l1_0.order_id,c1_0.cust_id,c1_0.address,c1_0.email,c1_0.cust_name,c1_0.phone,l1_0.order_date from orders l1_0 left join customer c1_0 on c1_0.cust_id=l1_0.cust_id where l1_0.employee_id=?
Hibernate: insert into order_detail (note,price,quantity,order_id,product_id) values (?,?,?,?,?)
Hibernate: select e1_0.emp_id,e1_0.address,e1_0.dob,e1_0.email,e1_0.full_name,e1_0.phone,e1_0.status from employee e1_0 where e1_0.emp_id=?
Hibernate: select c1_0.cust_id,c1_0.address,c1_0.email,c1_0.cust_name,c1_0.phone from customer c1_0 where c1_0.cust_id=?
Hibernate: select o1_0.order_id,c1_0.cust_id,c1_0.address,c1_0.email,c1_0.cust_name,c1_0.phone,o1_0.employee_id,e1_0.emp_id,e1_0.address,e1_0.dob,e1_0.email,e1_0.full_name,e1_0.phone,e1_0.status,o1_0.order_date,o2_0.order_id,o2_0.product_id,p1_0.product_id,p1_0.description,p1_0.manufacturer_name,p1_0.name,p1_0.status,p1_0.unit,o2_0.note,o2_0.price,o2_0.quantity from orders o1_0 left join customer c1_0 on c1_0.cust_id=o1_0.cust_id join employee e1_0 on e1_0.emp_id=o1_0.employee_id left join order_detail o2_0 on o1_0.order_id=o2_0.order_id left join product p1_0 on p1_0.product_id=o2_0.product_id where o1_0.order_id=?
Hibernate: select c1_0.cust_id,c1_0.address,c1_0.email,c1_0.cust_name,c1_0.phone from customer c1_0 where c1_0.cust_id=?
Hibernate: select e1_0.emp_id,e1_0.address,e1_0.dob,e1_0.email,e1_0.full_name,e1_0.phone,e1_0.status from employee e1_0 where e1_0.emp_id=?
Hibernate: insert into orders (cust_id,employee_id,order_date,order_id) values (?,?,?,default)
Hibernate: select p1_0.product_id,p1_0.description,p1_0.manufacturer_name,p1_0.name,p1_0.status,p1_0.unit from product p1_0 where p1_0.product_id=?
Hibernate: select o1_0.order_id,o2_0.order_id,c1_0.cust_id,c1_0.address,c1_0.email,c1_0.cust_name,c1_0.phone,o2_0.employee_id,e1_0.emp_id,e1_0.address,e1_0.dob,e1_0.email,e1_0.full_name,e1_0.phone,e1_0.status,o2_0.order_date,o1_0.product_id,p1_0.product_id,p1_0.description,p1_0.manufacturer_name,p1_0.name,p1_0.status,p1_0.unit,p2_0.product_id,p2_0.image_id,p2_0.alternative,p2_0.path,o1_0.note,o1_0.price,o1_0.quantity from order_detail o1_0 join orders o2_0 on o2_0.order_id=o1_0.order_id left join customer c1_0 on c1_0.cust_id=o2_0.cust_id left join employee e1_0 on e1_0.emp_id=o2_0.employee_id join product p1_0 on p1_0.product_id=o1_0.product_id left join product_image p2_0 on p1_0.product_id=p2_0.product_id where (o1_0.order_id,o1_0.product_id) in ((?,?))
Hibernate: select o1_0.order_id,c1_0.cust_id,c1_0.address,c1_0.email,c1_0.cust_name,c1_0.phone,o1_0.employee_id,e1_0.emp_id,e1_0.address,e1_0.dob,e1_0.email,e1_0.full_name,e1_0.phone,e1_0.status,o1_0.order_date,o2_0.order_id,o2_0.product_id,p1_0.product_id,p1_0.description,p1_0.manufacturer_name,p1_0.name,p1_0.status,p1_0.unit,o2_0.note,o2_0.price,o2_0.quantity from orders o1_0 left join customer c1_0 on c1_0.cust_id=o1_0.cust_id join employee e1_0 on e1_0.emp_id=o1_0.employee_id left join order_detail o2_0 on o1_0.order_id=o2_0.order_id left join product p1_0 on p1_0.product_id=o2_0.product_id where o1_0.order_id=?
Hibernate: select l1_0.employee_id,l1_0.order_id,c1_0.cust_id,c1_0.address,c1_0.email,c1_0.cust_name,c1_0.phone,l1_0.order_date from orders l1_0 left join customer c1_0 on c1_0.cust_id=l1_0.cust_id where l1_0.employee_id=?
Hibernate: select p1_0.product_id,p1_0.description,p1_0.manufacturer_name,p1_0.name,p1_0.status,p1_0.unit,o1_0.product_id,o1_0.order_id,o2_0.order_id,c1_0.cust_id,c1_0.address,c1_0.email,c1_0.cust_name,c1_0.phone,o2_0.employee_id,e1_0.emp_id,e1_0.address,e1_0.dob,e1_0.email,e1_0.full_name,e1_0.phone,e1_0.status,o2_0.order_date,o1_0.note,o1_0.price,o1_0.quantity from product p1_0 left join order_detail o1_0 on p1_0.product_id=o1_0.product_id left join orders o2_0 on o2_0.order_id=o1_0.order_id left join customer c1_0 on c1_0.cust_id=o2_0.cust_id left join employee e1_0 on e1_0.emp_id=o2_0.employee_id where p1_0.product_id=?
Hibernate: select o1_0.order_id,o1_0.product_id,p1_0.product_id,p1_0.description,p1_0.manufacturer_name,p1_0.name,p1_0.status,p1_0.unit,o1_0.note,o1_0.price,o1_0.quantity from order_detail o1_0 join product p1_0 on p1_0.product_id=o1_0.product_id where o1_0.order_id=?
Hibernate: select o1_0.order_id,o1_0.product_id,p1_0.product_id,p1_0.description,p1_0.manufacturer_name,p1_0.name,p1_0.status,p1_0.unit,o1_0.note,o1_0.price,o1_0.quantity from order_detail o1_0 join product p1_0 on p1_0.product_id=o1_0.product_id where o1_0.order_id=?
Hibernate: select o1_0.order_id,o1_0.product_id,p1_0.product_id,p1_0.description,p1_0.manufacturer_name,p1_0.name,p1_0.status,p1_0.unit,o1_0.note,o1_0.price,o1_0.quantity from order_detail o1_0 join product p1_0 on p1_0.product_id=o1_0.product_id where o1_0.order_id=?
Hibernate: select o1_0.order_id,o1_0.product_id,p1_0.product_id,p1_0.description,p1_0.manufacturer_name,p1_0.name,p1_0.status,p1_0.unit,o1_0.note,o1_0.price,o1_0.quantity from order_detail o1_0 join product p1_0 on p1_0.product_id=o1_0.product_id where o1_0.order_id=?
Hibernate: select o1_0.order_id,o1_0.product_id,p1_0.product_id,p1_0.description,p1_0.manufacturer_name,p1_0.name,p1_0.status,p1_0.unit,o1_0.note,o1_0.price,o1_0.quantity from order_detail o1_0 join product p1_0 on p1_0.product_id=o1_0.product_id where o1_0.order_id=?
Hibernate: select o1_0.order_id,o1_0.product_id,p1_0.product_id,p1_0.description,p1_0.manufacturer_name,p1_0.name,p1_0.status,p1_0.unit,o1_0.note,o1_0.price,o1_0.quantity from order_detail o1_0 join product p1_0 on p1_0.product_id=o1_0.product_id where o1_0.order_id=?
Hibernate: select o1_0.order_id,o1_0.product_id,p1_0.product_id,p1_0.description,p1_0.manufacturer_name,p1_0.name,p1_0.status,p1_0.unit,o1_0.note,o1_0.price,o1_0.quantity from order_detail o1_0 join product p1_0 on p1_0.product_id=o1_0.product_id where o1_0.order_id=?
Hibernate: select l1_0.employee_id,l1_0.order_id,c1_0.cust_id,c1_0.address,c1_0.email,c1_0.cust_name,c1_0.phone,l1_0.order_date from orders l1_0 left join customer c1_0 on c1_0.cust_id=l1_0.cust_id where l1_0.employee_id=?
Hibernate: select o1_0.order_id,o1_0.product_id,p1_0.product_id,p1_0.description,p1_0.manufacturer_name,p1_0.name,p1_0.status,p1_0.unit,o1_0.note,o1_0.price,o1_0.quantity from order_detail o1_0 join product p1_0 on p1_0.product_id=o1_0.product_id where o1_0.order_id=?
Hibernate: select l1_0.employee_id,l1_0.order_id,c1_0.cust_id,c1_0.address,c1_0.email,c1_0.cust_name,c1_0.phone,l1_0.order_date from orders l1_0 left join customer c1_0 on c1_0.cust_id=l1_0.cust_id where l1_0.employee_id=?
Hibernate: select o1_0.order_id,o1_0.product_id,p1_0.product_id,p1_0.description,p1_0.manufacturer_name,p1_0.name,p1_0.status,p1_0.unit,o1_0.note,o1_0.price,o1_0.quantity from order_detail o1_0 join product p1_0 on p1_0.product_id=o1_0.product_id where o1_0.order_id=?
Hibernate: select l1_0.employee_id,l1_0.order_id,c1_0.cust_id,c1_0.address,c1_0.email,c1_0.cust_name,c1_0.phone,l1_0.order_date from orders l1_0 left join customer c1_0 on c1_0.cust_id=l1_0.cust_id where l1_0.employee_id=?
Hibernate: select o1_0.order_id,o1_0.product_id,p1_0.product_id,p1_0.description,p1_0.manufacturer_name,p1_0.name,p1_0.status,p1_0.unit,o1_0.note,o1_0.price,o1_0.quantity from order_detail o1_0 join product p1_0 on p1_0.product_id=o1_0.product_id where o1_0.order_id=?
Hibernate: select o1_0.order_id,o1_0.product_id,p1_0.product_id,p1_0.description,p1_0.manufacturer_name,p1_0.name,p1_0.status,p1_0.unit,o1_0.note,o1_0.price,o1_0.quantity from order_detail o1_0 join product p1_0 on p1_0.product_id=o1_0.product_id where o1_0.order_id=?
Hibernate: select l1_0.employee_id,l1_0.order_id,c1_0.cust_id,c1_0.address,c1_0.email,c1_0.cust_name,c1_0.phone,l1_0.order_date from orders l1_0 left join customer c1_0 on c1_0.cust_id=l1_0.cust_id where l1_0.employee_id=?
Hibernate: select p1_0.product_id,p1_0.price_date_time,p1_0.note,p1_0.price from product_price p1_0 where p1_0.product_id=?
Hibernate: select p1_0.product_id,p1_0.image_id,p1_0.alternative,p1_0.path from product_image p1_0 where p1_0.product_id=?
Hibernate: select o1_0.order_id,o1_0.product_id,p1_0.product_id,p1_0.description,p1_0.manufacturer_name,p1_0.name,p1_0.status,p1_0.unit,o1_0.note,o1_0.price,o1_0.quantity from order_detail o1_0 join product p1_0 on p1_0.product_id=o1_0.product_id where o1_0.order_id=?
Hibernate: select l1_0.employee_id,l1_0.order_id,c1_0.cust_id,c1_0.address,c1_0.email,c1_0.cust_name,c1_0.phone,l1_0.order_date from orders l1_0 left join customer c1_0 on c1_0.cust_id=l1_0.cust_id where l1_0.employee_id=?
Hibernate: insert into order_detail (note,price,quantity,order_id,product_id) values (?,?,?,?,?)
Hibernate: select p1_0.product_id,p1_0.description,p1_0.manufacturer_name,p1_0.name,p1_0.status,p1_0.unit from product p1_0 where p1_0.product_id=?
Hibernate: select o1_0.order_id,o2_0.order_id,c1_0.cust_id,c1_0.address,c1_0.email,c1_0.cust_name,c1_0.phone,o2_0.employee_id,e1_0.emp_id,e1_0.address,e1_0.dob,e1_0.email,e1_0.full_name,e1_0.phone,e1_0.status,o2_0.order_date,o1_0.product_id,p1_0.product_id,p1_0.description,p1_0.manufacturer_name,p1_0.name,p1_0.status,p1_0.unit,p2_0.product_id,p2_0.image_id,p2_0.alternative,p2_0.path,o1_0.note,o1_0.price,o1_0.quantity from order_detail o1_0 join orders o2_0 on o2_0.order_id=o1_0.order_id left join customer c1_0 on c1_0.cust_id=o2_0.cust_id left join employee e1_0 on e1_0.emp_id=o2_0.employee_id join product p1_0 on p1_0.product_id=o1_0.product_id left join product_image p2_0 on p1_0.product_id=p2_0.product_id where (o1_0.order_id,o1_0.product_id) in ((?,?))
Hibernate: select o1_0.order_id,c1_0.cust_id,c1_0.address,c1_0.email,c1_0.cust_name,c1_0.phone,o1_0.employee_id,e1_0.emp_id,e1_0.address,e1_0.dob,e1_0.email,e1_0.full_name,e1_0.phone,e1_0.status,o1_0.order_date,o2_0.order_id,o2_0.product_id,p1_0.product_id,p1_0.description,p1_0.manufacturer_name,p1_0.name,p1_0.status,p1_0.unit,o2_0.note,o2_0.price,o2_0.quantity from orders o1_0 left join customer c1_0 on c1_0.cust_id=o1_0.cust_id join employee e1_0 on e1_0.emp_id=o1_0.employee_id left join order_detail o2_0 on o1_0.order_id=o2_0.order_id left join product p1_0 on p1_0.product_id=o2_0.product_id where o1_0.order_id=?
Hibernate: select p1_0.product_id,p1_0.price_date_time,p1_0.note,p1_0.price from product_price p1_0 where p1_0.product_id=?
Hibernate: select p1_0.product_id,p1_0.image_id,p1_0.alternative,p1_0.path from product_image p1_0 where p1_0.product_id=?
Hibernate: select o1_0.product_id,o1_0.order_id,o2_0.order_id,c1_0.cust_id,c1_0.address,c1_0.email,c1_0.cust_name,c1_0.phone,o2_0.employee_id,e1_0.emp_id,e1_0.address,e1_0.dob,e1_0.email,e1_0.full_name,e1_0.phone,e1_0.status,o2_0.order_date,o1_0.note,o1_0.price,o1_0.quantity from order_detail o1_0 join orders o2_0 on o2_0.order_id=o1_0.order_id left join customer c1_0 on c1_0.cust_id=o2_0.cust_id left join employee e1_0 on e1_0.emp_id=o2_0.employee_id where o1_0.product_id=?
Hibernate: select l1_0.employee_id,l1_0.order_id,c1_0.cust_id,c1_0.address,c1_0.email,c1_0.cust_name,c1_0.phone,l1_0.order_date from orders l1_0 left join customer c1_0 on c1_0.cust_id=l1_0.cust_id where l1_0.employee_id=?
Hibernate: select p1_0.product_id,p1_0.description,p1_0.manufacturer_name,p1_0.name,p1_0.status,p1_0.unit,o1_0.product_id,o1_0.order_id,o2_0.order_id,c1_0.cust_id,c1_0.address,c1_0.email,c1_0.cust_name,c1_0.phone,o2_0.employee_id,e1_0.emp_id,e1_0.address,e1_0.dob,e1_0.email,e1_0.full_name,e1_0.phone,e1_0.status,o2_0.order_date,o1_0.note,o1_0.price,o1_0.quantity from product p1_0 left join order_detail o1_0 on p1_0.product_id=o1_0.product_id left join orders o2_0 on o2_0.order_id=o1_0.order_id left join customer c1_0 on c1_0.cust_id=o2_0.cust_id left join employee e1_0 on e1_0.emp_id=o2_0.employee_id where p1_0.product_id=?
Hibernate: select o1_0.order_id,o1_0.product_id,p1_0.product_id,p1_0.description,p1_0.manufacturer_name,p1_0.name,p1_0.status,p1_0.unit,o1_0.note,o1_0.price,o1_0.quantity from order_detail o1_0 join product p1_0 on p1_0.product_id=o1_0.product_id where o1_0.order_id=?
Hibernate: select o1_0.order_id,o1_0.product_id,p1_0.product_id,p1_0.description,p1_0.manufacturer_name,p1_0.name,p1_0.status,p1_0.unit,o1_0.note,o1_0.price,o1_0.quantity from order_detail o1_0 join product p1_0 on p1_0.product_id=o1_0.product_id where o1_0.order_id=?
Hibernate: select o1_0.order_id,o1_0.product_id,p1_0.product_id,p1_0.description,p1_0.manufacturer_name,p1_0.name,p1_0.status,p1_0.unit,o1_0.note,o1_0.price,o1_0.quantity from order_detail o1_0 join product p1_0 on p1_0.product_id=o1_0.product_id where o1_0.order_id=?
Hibernate: select o1_0.order_id,o1_0.product_id,p1_0.product_id,p1_0.description,p1_0.manufacturer_name,p1_0.name,p1_0.status,p1_0.unit,o1_0.note,o1_0.price,o1_0.quantity from order_detail o1_0 join product p1_0 on p1_0.product_id=o1_0.product_id where o1_0.order_id=?
Hibernate: select l1_0.employee_id,l1_0.order_id,c1_0.cust_id,c1_0.address,c1_0.email,c1_0.cust_name,c1_0.phone,l1_0.order_date from orders l1_0 left join customer c1_0 on c1_0.cust_id=l1_0.cust_id where l1_0.employee_id=?
Hibernate: select o1_0.order_id,o1_0.product_id,p1_0.product_id,p1_0.description,p1_0.manufacturer_name,p1_0.name,p1_0.status,p1_0.unit,o1_0.note,o1_0.price,o1_0.quantity from order_detail o1_0 join product p1_0 on p1_0.product_id=o1_0.product_id where o1_0.order_id=?
Hibernate: select p1_0.product_id,p1_0.price_date_time,p1_0.note,p1_0.price from product_price p1_0 where p1_0.product_id=?
Hibernate: select p1_0.product_id,p1_0.image_id,p1_0.alternative,p1_0.path from product_image p1_0 where p1_0.product_id=?
Hibernate: select o1_0.order_id,o1_0.product_id,p1_0.product_id,p1_0.description,p1_0.manufacturer_name,p1_0.name,p1_0.status,p1_0.unit,o1_0.note,o1_0.price,o1_0.quantity from order_detail o1_0 join product p1_0 on p1_0.product_id=o1_0.product_id where o1_0.order_id=?
Hibernate: insert into order_detail (note,price,quantity,order_id,product_id) values (?,?,?,?,?)
Hibernate: select p1_0.product_id,p1_0.description,p1_0.manufacturer_name,p1_0.name,p1_0.status,p1_0.unit from product p1_0 where p1_0.product_id=?
Hibernate: select o1_0.order_id,o2_0.order_id,c1_0.cust_id,c1_0.address,c1_0.email,c1_0.cust_name,c1_0.phone,o2_0.employee_id,e1_0.emp_id,e1_0.address,e1_0.dob,e1_0.email,e1_0.full_name,e1_0.phone,e1_0.status,o2_0.order_date,o1_0.product_id,p1_0.product_id,p1_0.description,p1_0.manufacturer_name,p1_0.name,p1_0.status,p1_0.unit,p2_0.product_id,p2_0.image_id,p2_0.alternative,p2_0.path,o1_0.note,o1_0.price,o1_0.quantity from order_detail o1_0 join orders o2_0 on o2_0.order_id=o1_0.order_id left join customer c1_0 on c1_0.cust_id=o2_0.cust_id left join employee e1_0 on e1_0.emp_id=o2_0.employee_id join product p1_0 on p1_0.product_id=o1_0.product_id left join product_image p2_0 on p1_0.product_id=p2_0.product_id where (o1_0.order_id,o1_0.product_id) in ((?,?))
Hibernate: select o1_0.order_id,c1_0.cust_id,c1_0.address,c1_0.email,c1_0.cust_name,c1_0.phone,o1_0.employee_id,e1_0.emp_id,e1_0.address,e1_0.dob,e1_0.email,e1_0.full_name,e1_0.phone,e1_0.status,o1_0.order_date,o2_0.order_id,o2_0.product_id,p1_0.product_id,p1_0.description,p1_0.manufacturer_name,p1_0.name,p1_0.status,p1_0.unit,o2_0.note,o2_0.price,o2_0.quantity from orders o1_0 left join customer c1_0 on c1_0.cust_id=o1_0.cust_id join employee e1_0 on e1_0.emp_id=o1_0.employee_id left join order_detail o2_0 on o1_0.order_id=o2_0.order_id left join product p1_0 on p1_0.product_id=o2_0.product_id where o1_0.order_id=?
Hibernate: select p1_0.product_id,p1_0.price_date_time,p1_0.note,p1_0.price from product_price p1_0 where p1_0.product_id=?
Hibernate: select p1_0.product_id,p1_0.image_id,p1_0.alternative,p1_0.path from product_image p1_0 where p1_0.product_id=?
Hibernate: select o1_0.product_id,o1_0.order_id,o2_0.order_id,c1_0.cust_id,c1_0.address,c1_0.email,c1_0.cust_name,c1_0.phone,o2_0.employee_id,e1_0.emp_id,e1_0.address,e1_0.dob,e1_0.email,e1_0.full_name,e1_0.phone,e1_0.status,o2_0.order_date,o1_0.note,o1_0.price,o1_0.quantity from order_detail o1_0 join orders o2_0 on o2_0.order_id=o1_0.order_id left join customer c1_0 on c1_0.cust_id=o2_0.cust_id left join employee e1_0 on e1_0.emp_id=o2_0.employee_id where o1_0.product_id=?
Hibernate: select p1_0.product_id,p1_0.price_date_time,p1_0.note,p1_0.price from product_price p1_0 where p1_0.product_id=?
Hibernate: select p1_0.product_id,p1_0.image_id,p1_0.alternative,p1_0.path from product_image p1_0 where p1_0.product_id=?
Hibernate: select o1_0.product_id,o1_0.order_id,o2_0.order_id,c1_0.cust_id,c1_0.address,c1_0.email,c1_0.cust_name,c1_0.phone,o2_0.employee_id,e1_0.emp_id,e1_0.address,e1_0.dob,e1_0.email,e1_0.full_name,e1_0.phone,e1_0.status,o2_0.order_date,o1_0.note,o1_0.price,o1_0.quantity from order_detail o1_0 join orders o2_0 on o2_0.order_id=o1_0.order_id left join customer c1_0 on c1_0.cust_id=o2_0.cust_id left join employee e1_0 on e1_0.emp_id=o2_0.employee_id where o1_0.product_id=?
Hibernate: select l1_0.employee_id,l1_0.order_id,c1_0.cust_id,c1_0.address,c1_0.email,c1_0.cust_name,c1_0.phone,l1_0.order_date from orders l1_0 left join customer c1_0 on c1_0.cust_id=l1_0.cust_id where l1_0.employee_id=?
Hibernate: select p1_0.product_id,p1_0.description,p1_0.manufacturer_name,p1_0.name,p1_0.status,p1_0.unit,o1_0.product_id,o1_0.order_id,o2_0.order_id,c1_0.cust_id,c1_0.address,c1_0.email,c1_0.cust_name,c1_0.phone,o2_0.employee_id,e1_0.emp_id,e1_0.address,e1_0.dob,e1_0.email,e1_0.full_name,e1_0.phone,e1_0.status,o2_0.order_date,o1_0.note,o1_0.price,o1_0.quantity from product p1_0 left join order_detail o1_0 on p1_0.product_id=o1_0.product_id left join orders o2_0 on o2_0.order_id=o1_0.order_id left join customer c1_0 on c1_0.cust_id=o2_0.cust_id left join employee e1_0 on e1_0.emp_id=o2_0.employee_id where p1_0.product_id=?
Hibernate: select o1_0.order_id,o1_0.product_id,p1_0.product_id,p1_0.description,p1_0.manufacturer_name,p1_0.name,p1_0.status,p1_0.unit,o1_0.note,o1_0.price,o1_0.quantity from order_detail o1_0 join product p1_0 on p1_0.product_id=o1_0.product_id where o1_0.order_id=?
Hibernate: select o1_0.order_id,o1_0.product_id,p1_0.product_id,p1_0.description,p1_0.manufacturer_name,p1_0.name,p1_0.status,p1_0.unit,o1_0.note,o1_0.price,o1_0.quantity from order_detail o1_0 join product p1_0 on p1_0.product_id=o1_0.product_id where o1_0.order_id=?
Hibernate: select o1_0.order_id,o1_0.product_id,p1_0.product_id,p1_0.description,p1_0.manufacturer_name,p1_0.name,p1_0.status,p1_0.unit,o1_0.note,o1_0.price,o1_0.quantity from order_detail o1_0 join product p1_0 on p1_0.product_id=o1_0.product_id where o1_0.order_id=?
Hibernate: select l1_0.employee_id,l1_0.order_id,c1_0.cust_id,c1_0.address,c1_0.email,c1_0.cust_name,c1_0.phone,l1_0.order_date from orders l1_0 left join customer c1_0 on c1_0.cust_id=l1_0.cust_id where l1_0.employee_id=?
Hibernate: select o1_0.order_id,o1_0.product_id,p1_0.product_id,p1_0.description,p1_0.manufacturer_name,p1_0.name,p1_0.status,p1_0.unit,o1_0.note,o1_0.price,o1_0.quantity from order_detail o1_0 join product p1_0 on p1_0.product_id=o1_0.product_id where o1_0.order_id=?
Hibernate: select o1_0.order_id,o1_0.product_id,p1_0.product_id,p1_0.description,p1_0.manufacturer_name,p1_0.name,p1_0.status,p1_0.unit,o1_0.note,o1_0.price,o1_0.quantity from order_detail o1_0 join product p1_0 on p1_0.product_id=o1_0.product_id where o1_0.order_id=?
Hibernate: select l1_0.employee_id,l1_0.order_id,c1_0.cust_id,c1_0.address,c1_0.email,c1_0.cust_name,c1_0.phone,l1_0.order_date from orders l1_0 left join customer c1_0 on c1_0.cust_id=l1_0.cust_id where l1_0.employee_id=?
Hibernate: select o1_0.order_id,o1_0.product_id,p1_0.product_id,p1_0.description,p1_0.manufacturer_name,p1_0.name,p1_0.status,p1_0.unit,o1_0.note,o1_0.price,o1_0.quantity from order_detail o1_0 join product p1_0 on p1_0.product_id=o1_0.product_id where o1_0.order_id=?
Hibernate: select p1_0.product_id,p1_0.price_date_time,p1_0.note,p1_0.price from product_price p1_0 where p1_0.product_id=?
Hibernate: select p1_0.product_id,p1_0.image_id,p1_0.alternative,p1_0.path from product_image p1_0 where p1_0.product_id=?
Hibernate: insert into order_detail (note,price,quantity,order_id,product_id) values (?,?,?,?,?)
Hibernate: select e1_0.emp_id,e1_0.address,e1_0.dob,e1_0.email,e1_0.full_name,e1_0.phone,e1_0.status from employee e1_0 where e1_0.emp_id=?
Hibernate: select c1_0.cust_id,c1_0.address,c1_0.email,c1_0.cust_name,c1_0.phone from customer c1_0 where c1_0.cust_id=?
Hibernate: select o1_0.order_id,c1_0.cust_id,c1_0.address,c1_0.email,c1_0.cust_name,c1_0.phone,o1_0.employee_id,e1_0.emp_id,e1_0.address,e1_0.dob,e1_0.email,e1_0.full_name,e1_0.phone,e1_0.status,o1_0.order_date,o2_0.order_id,o2_0.product_id,p1_0.product_id,p1_0.description,p1_0.manufacturer_name,p1_0.name,p1_0.status,p1_0.unit,o2_0.note,o2_0.price,o2_0.quantity from orders o1_0 left join customer c1_0 on c1_0.cust_id=o1_0.cust_id join employee e1_0 on e1_0.emp_id=o1_0.employee_id left join order_detail o2_0 on o1_0.order_id=o2_0.order_id left join product p1_0 on p1_0.product_id=o2_0.product_id where o1_0.order_id=?
Hibernate: select c1_0.cust_id,c1_0.address,c1_0.email,c1_0.cust_name,c1_0.phone from customer c1_0 where c1_0.cust_id=?
Hibernate: select e1_0.emp_id,e1_0.address,e1_0.dob,e1_0.email,e1_0.full_name,e1_0.phone,e1_0.status from employee e1_0 where e1_0.emp_id=?
Hibernate: insert into orders (cust_id,employee_id,order_date,order_id) values (?,?,?,default)
Hibernate: select p1_0.product_id,p1_0.description,p1_0.manufacturer_name,p1_0.name,p1_0.status,p1_0.unit from product p1_0 where p1_0.product_id=?
Hibernate: select o1_0.order_id,o2_0.order_id,c1_0.cust_id,c1_0.address,c1_0.email,c1_0.cust_name,c1_0.phone,o2_0.employee_id,e1_0.emp_id,e1_0.address,e1_0.dob,e1_0.email,e1_0.full_name,e1_0.phone,e1_0.status,o2_0.order_date,o1_0.product_id,p1_0.product_id,p1_0.description,p1_0.manufacturer_name,p1_0.name,p1_0.status,p1_0.unit,p2_0.product_id,p2_0.image_id,p2_0.alternative,p2_0.path,o1_0.note,o1_0.price,o1_0.quantity from order_detail o1_0 join orders o2_0 on o2_0.order_id=o1_0.order_id left join customer c1_0 on c1_0.cust_id=o2_0.cust_id left join employee e1_0 on e1_0.emp_id=o2_0.employee_id join product p1_0 on p1_0.product_id=o1_0.product_id left join product_image p2_0 on p1_0.product_id=p2_0.product_id where (o1_0.order_id,o1_0.product_id) in ((?,?))
Hibernate: select o1_0.order_id,c1_0.cust_id,c1_0.address,c1_0.email,c1_0.cust_name,c1_0.phone,o1_0.employee_id,e1_0.emp_id,e1_0.address,e1_0.dob,e1_0.email,e1_0.full_name,e1_0.phone,e1_0.status,o1_0.order_date,o2_0.order_id,o2_0.product_id,p1_0.product_id,p1_0.description,p1_0.manufacturer_name,p1_0.name,p1_0.status,p1_0.unit,o2_0.note,o2_0.price,o2_0.quantity from orders o1_0 left join customer c1_0 on c1_0.cust_id=o1_0.cust_id join employee e1_0 on e1_0.emp_id=o1_0.employee_id left join order_detail o2_0 on o1_0.order_id=o2_0.order_id left join product p1_0 on p1_0.product_id=o2_0.product_id where o1_0.order_id=?
Hibernate: select l1_0.employee_id,l1_0.order_id,c1_0.cust_id,c1_0.address,c1_0.email,c1_0.cust_name,c1_0.phone,l1_0.order_date from orders l1_0 left join customer c1_0 on c1_0.cust_id=l1_0.cust_id where l1_0.employee_id=?
Hibernate: select p1_0.product_id,p1_0.description,p1_0.manufacturer_name,p1_0.name,p1_0.status,p1_0.unit,o1_0.product_id,o1_0.order_id,o2_0.order_id,c1_0.cust_id,c1_0.address,c1_0.email,c1_0.cust_name,c1_0.phone,o2_0.employee_id,e1_0.emp_id,e1_0.address,e1_0.dob,e1_0.email,e1_0.full_name,e1_0.phone,e1_0.status,o2_0.order_date,o1_0.note,o1_0.price,o1_0.quantity from product p1_0 left join order_detail o1_0 on p1_0.product_id=o1_0.product_id left join orders o2_0 on o2_0.order_id=o1_0.order_id left join customer c1_0 on c1_0.cust_id=o2_0.cust_id left join employee e1_0 on e1_0.emp_id=o2_0.employee_id where p1_0.product_id=?
Hibernate: select o1_0.order_id,o1_0.product_id,p1_0.product_id,p1_0.description,p1_0.manufacturer_name,p1_0.name,p1_0.status,p1_0.unit,o1_0.note,o1_0.price,o1_0.quantity from order_detail o1_0 join product p1_0 on p1_0.product_id=o1_0.product_id where o1_0.order_id=?
Hibernate: select l1_0.employee_id,l1_0.order_id,c1_0.cust_id,c1_0.address,c1_0.email,c1_0.cust_name,c1_0.phone,l1_0.order_date from orders l1_0 left join customer c1_0 on c1_0.cust_id=l1_0.cust_id where l1_0.employee_id=?
Hibernate: select o1_0.order_id,o1_0.product_id,p1_0.product_id,p1_0.description,p1_0.manufacturer_name,p1_0.name,p1_0.status,p1_0.unit,o1_0.note,o1_0.price,o1_0.quantity from order_detail o1_0 join product p1_0 on p1_0.product_id=o1_0.product_id where o1_0.order_id=?
Hibernate: select o1_0.order_id,o1_0.product_id,p1_0.product_id,p1_0.description,p1_0.manufacturer_name,p1_0.name,p1_0.status,p1_0.unit,o1_0.note,o1_0.price,o1_0.quantity from order_detail o1_0 join product p1_0 on p1_0.product_id=o1_0.product_id where o1_0.order_id=?
Hibernate: select o1_0.order_id,o1_0.product_id,p1_0.product_id,p1_0.description,p1_0.manufacturer_name,p1_0.name,p1_0.status,p1_0.unit,o1_0.note,o1_0.price,o1_0.quantity from order_detail o1_0 join product p1_0 on p1_0.product_id=o1_0.product_id where o1_0.order_id=?
Hibernate: select o1_0.order_id,o1_0.product_id,p1_0.product_id,p1_0.description,p1_0.manufacturer_name,p1_0.name,p1_0.status,p1_0.unit,o1_0.note,o1_0.price,o1_0.quantity from order_detail o1_0 join product p1_0 on p1_0.product_id=o1_0.product_id where o1_0.order_id=?
Hibernate: select o1_0.order_id,o1_0.product_id,p1_0.product_id,p1_0.description,p1_0.manufacturer_name,p1_0.name,p1_0.status,p1_0.unit,o1_0.note,o1_0.price,o1_0.quantity from order_detail o1_0 join product p1_0 on p1_0.product_id=o1_0.product_id where o1_0.order_id=?
Hibernate: select o1_0.order_id,o1_0.product_id,p1_0.product_id,p1_0.description,p1_0.manufacturer_name,p1_0.name,p1_0.status,p1_0.unit,o1_0.note,o1_0.price,o1_0.quantity from order_detail o1_0 join product p1_0 on p1_0.product_id=o1_0.product_id where o1_0.order_id=?
Hibernate: select l1_0.employee_id,l1_0.order_id,c1_0.cust_id,c1_0.address,c1_0.email,c1_0.cust_name,c1_0.phone,l1_0.order_date from orders l1_0 left join customer c1_0 on c1_0.cust_id=l1_0.cust_id where l1_0.employee_id=?
Hibernate: select o1_0.order_id,o1_0.product_id,p1_0.product_id,p1_0.description,p1_0.manufacturer_name,p1_0.name,p1_0.status,p1_0.unit,o1_0.note,o1_0.price,o1_0.quantity from order_detail o1_0 join product p1_0 on p1_0.product_id=o1_0.product_id where o1_0.order_id=?
Hibernate: select l1_0.employee_id,l1_0.order_id,c1_0.cust_id,c1_0.address,c1_0.email,c1_0.cust_name,c1_0.phone,l1_0.order_date from orders l1_0 left join customer c1_0 on c1_0.cust_id=l1_0.cust_id where l1_0.employee_id=?
Hibernate: select o1_0.order_id,o1_0.product_id,p1_0.product_id,p1_0.description,p1_0.manufacturer_name,p1_0.name,p1_0.status,p1_0.unit,o1_0.note,o1_0.price,o1_0.quantity from order_detail o1_0 join product p1_0 on p1_0.product_id=o1_0.product_id where o1_0.order_id=?
Hibernate: select l1_0.employee_id,l1_0.order_id,c1_0.cust_id,c1_0.address,c1_0.email,c1_0.cust_name,c1_0.phone,l1_0.order_date from orders l1_0 left join customer c1_0 on c1_0.cust_id=l1_0.cust_id where l1_0.employee_id=?
Hibernate: select p1_0.product_id,p1_0.price_date_time,p1_0.note,p1_0.price from product_price p1_0 where p1_0.product_id=?
Hibernate: select p1_0.product_id,p1_0.image_id,p1_0.alternative,p1_0.path from product_image p1_0 where p1_0.product_id=?
Hibernate: insert into order_detail (note,price,quantity,order_id,product_id) values (?,?,?,?,?)
Hibernate: select p1_0.product_id,p1_0.description,p1_0.manufacturer_name,p1_0.name,p1_0.status,p1_0.unit from product p1_0 where p1_0.product_id=?
Hibernate: select o1_0.order_id,o2_0.order_id,c1_0.cust_id,c1_0.address,c1_0.email,c1_0.cust_name,c1_0.phone,o2_0.employee_id,e1_0.emp_id,e1_0.address,e1_0.dob,e1_0.email,e1_0.full_name,e1_0.phone,e1_0.status,o2_0.order_date,o1_0.product_id,p1_0.product_id,p1_0.description,p1_0.manufacturer_name,p1_0.name,p1_0.status,p1_0.unit,p2_0.product_id,p2_0.image_id,p2_0.alternative,p2_0.path,o1_0.note,o1_0.price,o1_0.quantity from order_detail o1_0 join orders o2_0 on o2_0.order_id=o1_0.order_id left join customer c1_0 on c1_0.cust_id=o2_0.cust_id left join employee e1_0 on e1_0.emp_id=o2_0.employee_id join product p1_0 on p1_0.product_id=o1_0.product_id left join product_image p2_0 on p1_0.product_id=p2_0.product_id where (o1_0.order_id,o1_0.product_id) in ((?,?))
Hibernate: select o1_0.order_id,c1_0.cust_id,c1_0.address,c1_0.email,c1_0.cust_name,c1_0.phone,o1_0.employee_id,e1_0.emp_id,e1_0.address,e1_0.dob,e1_0.email,e1_0.full_name,e1_0.phone,e1_0.status,o1_0.order_date,o2_0.order_id,o2_0.product_id,p1_0.product_id,p1_0.description,p1_0.manufacturer_name,p1_0.name,p1_0.status,p1_0.unit,o2_0.note,o2_0.price,o2_0.quantity from orders o1_0 left join customer c1_0 on c1_0.cust_id=o1_0.cust_id join employee e1_0 on e1_0.emp_id=o1_0.employee_id left join order_detail o2_0 on o1_0.order_id=o2_0.order_id left join product p1_0 on p1_0.product_id=o2_0.product_id where o1_0.order_id=?
Hibernate: select p1_0.product_id,p1_0.price_date_time,p1_0.note,p1_0.price from product_price p1_0 where p1_0.product_id=?
Hibernate: select p1_0.product_id,p1_0.image_id,p1_0.alternative,p1_0.path from product_image p1_0 where p1_0.product_id=?
Hibernate: select o1_0.product_id,o1_0.order_id,o2_0.order_id,c1_0.cust_id,c1_0.address,c1_0.email,c1_0.cust_name,c1_0.phone,o2_0.employee_id,e1_0.emp_id,e1_0.address,e1_0.dob,e1_0.email,e1_0.full_name,e1_0.phone,e1_0.status,o2_0.order_date,o1_0.note,o1_0.price,o1_0.quantity from order_detail o1_0 join orders o2_0 on o2_0.order_id=o1_0.order_id left join customer c1_0 on c1_0.cust_id=o2_0.cust_id left join employee e1_0 on e1_0.emp_id=o2_0.employee_id where o1_0.product_id=?
Hibernate: select l1_0.employee_id,l1_0.order_id,c1_0.cust_id,c1_0.address,c1_0.email,c1_0.cust_name,c1_0.phone,l1_0.order_date from orders l1_0 left join customer c1_0 on c1_0.cust_id=l1_0.cust_id where l1_0.employee_id=?
Hibernate: select p1_0.product_id,p1_0.description,p1_0.manufacturer_name,p1_0.name,p1_0.status,p1_0.unit,o1_0.product_id,o1_0.order_id,o2_0.order_id,c1_0.cust_id,c1_0.address,c1_0.email,c1_0.cust_name,c1_0.phone,o2_0.employee_id,e1_0.emp_id,e1_0.address,e1_0.dob,e1_0.email,e1_0.full_name,e1_0.phone,e1_0.status,o2_0.order_date,o1_0.note,o1_0.price,o1_0.quantity from product p1_0 left join order_detail o1_0 on p1_0.product_id=o1_0.product_id left join orders o2_0 on o2_0.order_id=o1_0.order_id left join customer c1_0 on c1_0.cust_id=o2_0.cust_id left join employee e1_0 on e1_0.emp_id=o2_0.employee_id where p1_0.product_id=?
Hibernate: select o1_0.order_id,o1_0.product_id,p1_0.product_id,p1_0.description,p1_0.manufacturer_name,p1_0.name,p1_0.status,p1_0.unit,o1_0.note,o1_0.price,o1_0.quantity from order_detail o1_0 join product p1_0 on p1_0.product_id=o1_0.product_id where o1_0.order_id=?
Hibernate: select l1_0.employee_id,l1_0.order_id,c1_0.cust_id,c1_0.address,c1_0.email,c1_0.cust_name,c1_0.phone,l1_0.order_date from orders l1_0 left join customer c1_0 on c1_0.cust_id=l1_0.cust_id where l1_0.employee_id=?
Hibernate: select o1_0.order_id,o1_0.product_id,p1_0.product_id,p1_0.description,p1_0.manufacturer_name,p1_0.name,p1_0.status,p1_0.unit,o1_0.note,o1_0.price,o1_0.quantity from order_detail o1_0 join product p1_0 on p1_0.product_id=o1_0.product_id where o1_0.order_id=?
Hibernate: select o1_0.order_id,o1_0.product_id,p1_0.product_id,p1_0.description,p1_0.manufacturer_name,p1_0.name,p1_0.status,p1_0.unit,o1_0.note,o1_0.price,o1_0.quantity from order_detail o1_0 join product p1_0 on p1_0.product_id=o1_0.product_id where o1_0.order_id=?
Hibernate: select o1_0.order_id,o1_0.product_id,p1_0.product_id,p1_0.description,p1_0.manufacturer_name,p1_0.name,p1_0.status,p1_0.unit,o1_0.note,o1_0.price,o1_0.quantity from order_detail o1_0 join product p1_0 on p1_0.product_id=o1_0.product_id where o1_0.order_id=?
Hibernate: select o1_0.order_id,o1_0.product_id,p1_0.product_id,p1_0.description,p1_0.manufacturer_name,p1_0.name,p1_0.status,p1_0.unit,o1_0.note,o1_0.price,o1_0.quantity from order_detail o1_0 join product p1_0 on p1_0.product_id=o1_0.product_id where o1_0.order_id=?
Hibernate: select p1_0.product_id,p1_0.price_date_time,p1_0.note,p1_0.price from product_price p1_0 where p1_0.product_id=?
Hibernate: select p1_0.product_id,p1_0.image_id,p1_0.alternative,p1_0.path from product_image p1_0 where p1_0.product_id=?
Hibernate: select o1_0.order_id,o1_0.product_id,p1_0.product_id,p1_0.description,p1_0.manufacturer_name,p1_0.name,p1_0.status,p1_0.unit,o1_0.note,o1_0.price,o1_0.quantity from order_detail o1_0 join product p1_0 on p1_0.product_id=o1_0.product_id where o1_0.order_id=?
Hibernate: select l1_0.employee_id,l1_0.order_id,c1_0.cust_id,c1_0.address,c1_0.email,c1_0.cust_name,c1_0.phone,l1_0.order_date from orders l1_0 left join customer c1_0 on c1_0.cust_id=l1_0.cust_id where l1_0.employee_id=?
Hibernate: insert into order_detail (note,price,quantity,order_id,product_id) values (?,?,?,?,?)
Hibernate: select p1_0.product_id,p1_0.description,p1_0.manufacturer_name,p1_0.name,p1_0.status,p1_0.unit from product p1_0 where p1_0.product_id=?
Hibernate: select o1_0.order_id,o2_0.order_id,c1_0.cust_id,c1_0.address,c1_0.email,c1_0.cust_name,c1_0.phone,o2_0.employee_id,e1_0.emp_id,e1_0.address,e1_0.dob,e1_0.email,e1_0.full_name,e1_0.phone,e1_0.status,o2_0.order_date,o1_0.product_id,p1_0.product_id,p1_0.description,p1_0.manufacturer_name,p1_0.name,p1_0.status,p1_0.unit,p2_0.product_id,p2_0.image_id,p2_0.alternative,p2_0.path,o1_0.note,o1_0.price,o1_0.quantity from order_detail o1_0 join orders o2_0 on o2_0.order_id=o1_0.order_id left join customer c1_0 on c1_0.cust_id=o2_0.cust_id left join employee e1_0 on e1_0.emp_id=o2_0.employee_id join product p1_0 on p1_0.product_id=o1_0.product_id left join product_image p2_0 on p1_0.product_id=p2_0.product_id where (o1_0.order_id,o1_0.product_id) in ((?,?))
Hibernate: select o1_0.order_id,c1_0.cust_id,c1_0.address,c1_0.email,c1_0.cust_name,c1_0.phone,o1_0.employee_id,e1_0.emp_id,e1_0.address,e1_0.dob,e1_0.email,e1_0.full_name,e1_0.phone,e1_0.status,o1_0.order_date,o2_0.order_id,o2_0.product_id,p1_0.product_id,p1_0.description,p1_0.manufacturer_name,p1_0.name,p1_0.status,p1_0.unit,o2_0.note,o2_0.price,o2_0.quantity from orders o1_0 left join customer c1_0 on c1_0.cust_id=o1_0.cust_id join employee e1_0 on e1_0.emp_id=o1_0.employee_id left join order_detail o2_0 on o1_0.order_id=o2_0.order_id left join product p1_0 on p1_0.product_id=o2_0.product_id where o1_0.order_id=?
Hibernate: select p1_0.product_id,p1_0.price_date_time,p1_0.note,p1_0.price from product_price p1_0 where p1_0.product_id=?
Hibernate: select p1_0.product_id,p1_0.image_id,p1_0.alternative,p1_0.path from product_image p1_0 where p1_0.product_id=?
Hibernate: select o1_0.product_id,o1_0.order_id,o2_0.order_id,c1_0.cust_id,c1_0.address,c1_0.email,c1_0.cust_name,c1_0.phone,o2_0.employee_id,e1_0.emp_id,e1_0.address,e1_0.dob,e1_0.email,e1_0.full_name,e1_0.phone,e1_0.status,o2_0.order_date,o1_0.note,o1_0.price,o1_0.quantity from order_detail o1_0 join orders o2_0 on o2_0.order_id=o1_0.order_id left join customer c1_0 on c1_0.cust_id=o2_0.cust_id left join employee e1_0 on e1_0.emp_id=o2_0.employee_id where o1_0.product_id=?
Hibernate: select p1_0.product_id,p1_0.price_date_time,p1_0.note,p1_0.price from product_price p1_0 where p1_0.product_id=?
Hibernate: select p1_0.product_id,p1_0.image_id,p1_0.alternative,p1_0.path from product_image p1_0 where p1_0.product_id=?
Hibernate: select o1_0.product_id,o1_0.order_id,o2_0.order_id,c1_0.cust_id,c1_0.address,c1_0.email,c1_0.cust_name,c1_0.phone,o2_0.employee_id,e1_0.emp_id,e1_0.address,e1_0.dob,e1_0.email,e1_0.full_name,e1_0.phone,e1_0.status,o2_0.order_date,o1_0.note,o1_0.price,o1_0.quantity from order_detail o1_0 join orders o2_0 on o2_0.order_id=o1_0.order_id left join customer c1_0 on c1_0.cust_id=o2_0.cust_id left join employee e1_0 on e1_0.emp_id=o2_0.employee_id where o1_0.product_id=?
Hibernate: select l1_0.employee_id,l1_0.order_id,c1_0.cust_id,c1_0.address,c1_0.email,c1_0.cust_name,c1_0.phone,l1_0.order_date from orders l1_0 left join customer c1_0 on c1_0.cust_id=l1_0.cust_id where l1_0.employee_id=?
Hibernate: select p1_0.product_id,p1_0.description,p1_0.manufacturer_name,p1_0.name,p1_0.status,p1_0.unit,o1_0.product_id,o1_0.order_id,o2_0.order_id,c1_0.cust_id,c1_0.address,c1_0.email,c1_0.cust_name,c1_0.phone,o2_0.employee_id,e1_0.emp_id,e1_0.address,e1_0.dob,e1_0.email,e1_0.full_name,e1_0.phone,e1_0.status,o2_0.order_date,o1_0.note,o1_0.price,o1_0.quantity from product p1_0 left join order_detail o1_0 on p1_0.product_id=o1_0.product_id left join orders o2_0 on o2_0.order_id=o1_0.order_id left join customer c1_0 on c1_0.cust_id=o2_0.cust_id left join employee e1_0 on e1_0.emp_id=o2_0.employee_id where p1_0.product_id=?
Hibernate: select o1_0.order_id,o1_0.product_id,p1_0.product_id,p1_0.description,p1_0.manufacturer_name,p1_0.name,p1_0.status,p1_0.unit,o1_0.note,o1_0.price,o1_0.quantity from order_detail o1_0 join product p1_0 on p1_0.product_id=o1_0.product_id where o1_0.order_id=?
Hibernate: select o1_0.order_id,o1_0.product_id,p1_0.product_id,p1_0.description,p1_0.manufacturer_name,p1_0.name,p1_0.status,p1_0.unit,o1_0.note,o1_0.price,o1_0.quantity from order_detail o1_0 join product p1_0 on p1_0.product_id=o1_0.product_id where o1_0.order_id=?
Hibernate: select l1_0.employee_id,l1_0.order_id,c1_0.cust_id,c1_0.address,c1_0.email,c1_0.cust_name,c1_0.phone,l1_0.order_date from orders l1_0 left join customer c1_0 on c1_0.cust_id=l1_0.cust_id where l1_0.employee_id=?
Hibernate: select o1_0.order_id,o1_0.product_id,p1_0.product_id,p1_0.description,p1_0.manufacturer_name,p1_0.name,p1_0.status,p1_0.unit,o1_0.note,o1_0.price,o1_0.quantity from order_detail o1_0 join product p1_0 on p1_0.product_id=o1_0.product_id where o1_0.order_id=?
Hibernate: select l1_0.employee_id,l1_0.order_id,c1_0.cust_id,c1_0.address,c1_0.email,c1_0.cust_name,c1_0.phone,l1_0.order_date from orders l1_0 left join customer c1_0 on c1_0.cust_id=l1_0.cust_id where l1_0.employee_id=?
Hibernate: select p1_0.product_id,p1_0.price_date_time,p1_0.note,p1_0.price from product_price p1_0 where p1_0.product_id=?
Hibernate: select p1_0.product_id,p1_0.image_id,p1_0.alternative,p1_0.path from product_image p1_0 where p1_0.product_id=?
Hibernate: insert into order_detail (note,price,quantity,order_id,product_id) values (?,?,?,?,?)
Hibernate: select e1_0.emp_id,e1_0.address,e1_0.dob,e1_0.email,e1_0.full_name,e1_0.phone,e1_0.status from employee e1_0 where e1_0.emp_id=?
Hibernate: select c1_0.cust_id,c1_0.address,c1_0.email,c1_0.cust_name,c1_0.phone from customer c1_0 where c1_0.cust_id=?
Hibernate: select o1_0.order_id,c1_0.cust_id,c1_0.address,c1_0.email,c1_0.cust_name,c1_0.phone,o1_0.employee_id,e1_0.emp_id,e1_0.address,e1_0.dob,e1_0.email,e1_0.full_name,e1_0.phone,e1_0.status,o1_0.order_date,o2_0.order_id,o2_0.product_id,p1_0.product_id,p1_0.description,p1_0.manufacturer_name,p1_0.name,p1_0.status,p1_0.unit,o2_0.note,o2_0.price,o2_0.quantity from orders o1_0 left join customer c1_0 on c1_0.cust_id=o1_0.cust_id join employee e1_0 on e1_0.emp_id=o1_0.employee_id left join order_detail o2_0 on o1_0.order_id=o2_0.order_id left join product p1_0 on p1_0.product_id=o2_0.product_id where o1_0.order_id=?
Hibernate: select c1_0.cust_id,c1_0.address,c1_0.email,c1_0.cust_name,c1_0.phone from customer c1_0 where c1_0.cust_id=?
Hibernate: select e1_0.emp_id,e1_0.address,e1_0.dob,e1_0.email,e1_0.full_name,e1_0.phone,e1_0.status from employee e1_0 where e1_0.emp_id=?
Hibernate: insert into orders (cust_id,employee_id,order_date,order_id) values (?,?,?,default)
Hibernate: select p1_0.product_id,p1_0.description,p1_0.manufacturer_name,p1_0.name,p1_0.status,p1_0.unit from product p1_0 where p1_0.product_id=?
Hibernate: select o1_0.order_id,o2_0.order_id,c1_0.cust_id,c1_0.address,c1_0.email,c1_0.cust_name,c1_0.phone,o2_0.employee_id,e1_0.emp_id,e1_0.address,e1_0.dob,e1_0.email,e1_0.full_name,e1_0.phone,e1_0.status,o2_0.order_date,o1_0.product_id,p1_0.product_id,p1_0.description,p1_0.manufacturer_name,p1_0.name,p1_0.status,p1_0.unit,p2_0.product_id,p2_0.image_id,p2_0.alternative,p2_0.path,o1_0.note,o1_0.price,o1_0.quantity from order_detail o1_0 join orders o2_0 on o2_0.order_id=o1_0.order_id left join customer c1_0 on c1_0.cust_id=o2_0.cust_id left join employee e1_0 on e1_0.emp_id=o2_0.employee_id join product p1_0 on p1_0.product_id=o1_0.product_id left join product_image p2_0 on p1_0.product_id=p2_0.product_id where (o1_0.order_id,o1_0.product_id) in ((?,?))
Hibernate: select o1_0.order_id,c1_0.cust_id,c1_0.address,c1_0.email,c1_0.cust_name,c1_0.phone,o1_0.employee_id,e1_0.emp_id,e1_0.address,e1_0.dob,e1_0.email,e1_0.full_name,e1_0.phone,e1_0.status,o1_0.order_date,o2_0.order_id,o2_0.product_id,p1_0.product_id,p1_0.description,p1_0.manufacturer_name,p1_0.name,p1_0.status,p1_0.unit,o2_0.note,o2_0.price,o2_0.quantity from orders o1_0 left join customer c1_0 on c1_0.cust_id=o1_0.cust_id join employee e1_0 on e1_0.emp_id=o1_0.employee_id left join order_detail o2_0 on o1_0.order_id=o2_0.order_id left join product p1_0 on p1_0.product_id=o2_0.product_id where o1_0.order_id=?
Hibernate: select l1_0.employee_id,l1_0.order_id,c1_0.cust_id,c1_0.address,c1_0.email,c1_0.cust_name,c1_0.phone,l1_0.order_date from orders l1_0 left join customer c1_0 on c1_0.cust_id=l1_0.cust_id where l1_0.employee_id=?
Hibernate: select p1_0.product_id,p1_0.description,p1_0.manufacturer_name,p1_0.name,p1_0.status,p1_0.unit,o1_0.product_id,o1_0.order_id,o2_0.order_id,c1_0.cust_id,c1_0.address,c1_0.email,c1_0.cust_name,c1_0.phone,o2_0.employee_id,e1_0.emp_id,e1_0.address,e1_0.dob,e1_0.email,e1_0.full_name,e1_0.phone,e1_0.status,o2_0.order_date,o1_0.note,o1_0.price,o1_0.quantity from product p1_0 left join order_detail o1_0 on p1_0.product_id=o1_0.product_id left join orders o2_0 on o2_0.order_id=o1_0.order_id left join customer c1_0 on c1_0.cust_id=o2_0.cust_id left join employee e1_0 on e1_0.emp_id=o2_0.employee_id where p1_0.product_id=?
Hibernate: select o1_0.order_id,o1_0.product_id,p1_0.product_id,p1_0.description,p1_0.manufacturer_name,p1_0.name,p1_0.status,p1_0.unit,o1_0.note,o1_0.price,o1_0.quantity from order_detail o1_0 join product p1_0 on p1_0.product_id=o1_0.product_id where o1_0.order_id=?
Hibernate: select o1_0.order_id,o1_0.product_id,p1_0.product_id,p1_0.description,p1_0.manufacturer_name,p1_0.name,p1_0.status,p1_0.unit,o1_0.note,o1_0.price,o1_0.quantity from order_detail o1_0 join product p1_0 on p1_0.product_id=o1_0.product_id where o1_0.order_id=?
Hibernate: select o1_0.order_id,o1_0.product_id,p1_0.product_id,p1_0.description,p1_0.manufacturer_name,p1_0.name,p1_0.status,p1_0.unit,o1_0.note,o1_0.price,o1_0.quantity from order_detail o1_0 join product p1_0 on p1_0.product_id=o1_0.product_id where o1_0.order_id=?
Hibernate: select o1_0.order_id,o1_0.product_id,p1_0.product_id,p1_0.description,p1_0.manufacturer_name,p1_0.name,p1_0.status,p1_0.unit,o1_0.note,o1_0.price,o1_0.quantity from order_detail o1_0 join product p1_0 on p1_0.product_id=o1_0.product_id where o1_0.order_id=?
Hibernate: select l1_0.employee_id,l1_0.order_id,c1_0.cust_id,c1_0.address,c1_0.email,c1_0.cust_name,c1_0.phone,l1_0.order_date from orders l1_0 left join customer c1_0 on c1_0.cust_id=l1_0.cust_id where l1_0.employee_id=?
Hibernate: select o1_0.order_id,o1_0.product_id,p1_0.product_id,p1_0.description,p1_0.manufacturer_name,p1_0.name,p1_0.status,p1_0.unit,o1_0.note,o1_0.price,o1_0.quantity from order_detail o1_0 join product p1_0 on p1_0.product_id=o1_0.product_id where o1_0.order_id=?
Hibernate: select l1_0.employee_id,l1_0.order_id,c1_0.cust_id,c1_0.address,c1_0.email,c1_0.cust_name,c1_0.phone,l1_0.order_date from orders l1_0 left join customer c1_0 on c1_0.cust_id=l1_0.cust_id where l1_0.employee_id=?
Hibernate: select p1_0.product_id,p1_0.price_date_time,p1_0.note,p1_0.price from product_price p1_0 where p1_0.product_id=?
Hibernate: select p1_0.product_id,p1_0.image_id,p1_0.alternative,p1_0.path from product_image p1_0 where p1_0.product_id=?
Hibernate: select o1_0.order_id,o1_0.product_id,p1_0.product_id,p1_0.description,p1_0.manufacturer_name,p1_0.name,p1_0.status,p1_0.unit,o1_0.note,o1_0.price,o1_0.quantity from order_detail o1_0 join product p1_0 on p1_0.product_id=o1_0.product_id where o1_0.order_id=?
Hibernate: select l1_0.employee_id,l1_0.order_id,c1_0.cust_id,c1_0.address,c1_0.email,c1_0.cust_name,c1_0.phone,l1_0.order_date from orders l1_0 left join customer c1_0 on c1_0.cust_id=l1_0.cust_id where l1_0.employee_id=?
Hibernate: insert into order_detail (note,price,quantity,order_id,product_id) values (?,?,?,?,?)
Hibernate: select p1_0.product_id,p1_0.description,p1_0.manufacturer_name,p1_0.name,p1_0.status,p1_0.unit from product p1_0 where p1_0.product_id=?
Hibernate: select o1_0.order_id,o2_0.order_id,c1_0.cust_id,c1_0.address,c1_0.email,c1_0.cust_name,c1_0.phone,o2_0.employee_id,e1_0.emp_id,e1_0.address,e1_0.dob,e1_0.email,e1_0.full_name,e1_0.phone,e1_0.status,o2_0.order_date,o1_0.product_id,p1_0.product_id,p1_0.description,p1_0.manufacturer_name,p1_0.name,p1_0.status,p1_0.unit,p2_0.product_id,p2_0.image_id,p2_0.alternative,p2_0.path,o1_0.note,o1_0.price,o1_0.quantity from order_detail o1_0 join orders o2_0 on o2_0.order_id=o1_0.order_id left join customer c1_0 on c1_0.cust_id=o2_0.cust_id left join employee e1_0 on e1_0.emp_id=o2_0.employee_id join product p1_0 on p1_0.product_id=o1_0.product_id left join product_image p2_0 on p1_0.product_id=p2_0.product_id where (o1_0.order_id,o1_0.product_id) in ((?,?))
Hibernate: select o1_0.order_id,c1_0.cust_id,c1_0.address,c1_0.email,c1_0.cust_name,c1_0.phone,o1_0.employee_id,e1_0.emp_id,e1_0.address,e1_0.dob,e1_0.email,e1_0.full_name,e1_0.phone,e1_0.status,o1_0.order_date,o2_0.order_id,o2_0.product_id,p1_0.product_id,p1_0.description,p1_0.manufacturer_name,p1_0.name,p1_0.status,p1_0.unit,o2_0.note,o2_0.price,o2_0.quantity from orders o1_0 left join customer c1_0 on c1_0.cust_id=o1_0.cust_id join employee e1_0 on e1_0.emp_id=o1_0.employee_id left join order_detail o2_0 on o1_0.order_id=o2_0.order_id left join product p1_0 on p1_0.product_id=o2_0.product_id where o1_0.order_id=?
Hibernate: select p1_0.product_id,p1_0.price_date_time,p1_0.note,p1_0.price from product_price p1_0 where p1_0.product_id=?
Hibernate: select p1_0.product_id,p1_0.image_id,p1_0.alternative,p1_0.path from product_image p1_0 where p1_0.product_id=?
Hibernate: select o1_0.product_id,o1_0.order_id,o2_0.order_id,c1_0.cust_id,c1_0.address,c1_0.email,c1_0.cust_name,c1_0.phone,o2_0.employee_id,e1_0.emp_id,e1_0.address,e1_0.dob,e1_0.email,e1_0.full_name,e1_0.phone,e1_0.status,o2_0.order_date,o1_0.note,o1_0.price,o1_0.quantity from order_detail o1_0 join orders o2_0 on o2_0.order_id=o1_0.order_id left join customer c1_0 on c1_0.cust_id=o2_0.cust_id left join employee e1_0 on e1_0.emp_id=o2_0.employee_id where o1_0.product_id=?
Hibernate: select l1_0.employee_id,l1_0.order_id,c1_0.cust_id,c1_0.address,c1_0.email,c1_0.cust_name,c1_0.phone,l1_0.order_date from orders l1_0 left join customer c1_0 on c1_0.cust_id=l1_0.cust_id where l1_0.employee_id=?
Hibernate: select p1_0.product_id,p1_0.description,p1_0.manufacturer_name,p1_0.name,p1_0.status,p1_0.unit,o1_0.product_id,o1_0.order_id,o2_0.order_id,c1_0.cust_id,c1_0.address,c1_0.email,c1_0.cust_name,c1_0.phone,o2_0.employee_id,e1_0.emp_id,e1_0.address,e1_0.dob,e1_0.email,e1_0.full_name,e1_0.phone,e1_0.status,o2_0.order_date,o1_0.note,o1_0.price,o1_0.quantity from product p1_0 left join order_detail o1_0 on p1_0.product_id=o1_0.product_id left join orders o2_0 on o2_0.order_id=o1_0.order_id left join customer c1_0 on c1_0.cust_id=o2_0.cust_id left join employee e1_0 on e1_0.emp_id=o2_0.employee_id where p1_0.product_id=?
Hibernate: select o1_0.order_id,o1_0.product_id,p1_0.product_id,p1_0.description,p1_0.manufacturer_name,p1_0.name,p1_0.status,p1_0.unit,o1_0.note,o1_0.price,o1_0.quantity from order_detail o1_0 join product p1_0 on p1_0.product_id=o1_0.product_id where o1_0.order_id=?
Hibernate: select l1_0.employee_id,l1_0.order_id,c1_0.cust_id,c1_0.address,c1_0.email,c1_0.cust_name,c1_0.phone,l1_0.order_date from orders l1_0 left join customer c1_0 on c1_0.cust_id=l1_0.cust_id where l1_0.employee_id=?
Hibernate: select o1_0.order_id,o1_0.product_id,p1_0.product_id,p1_0.description,p1_0.manufacturer_name,p1_0.name,p1_0.status,p1_0.unit,o1_0.note,o1_0.price,o1_0.quantity from order_detail o1_0 join product p1_0 on p1_0.product_id=o1_0.product_id where o1_0.order_id=?
Hibernate: select o1_0.order_id,o1_0.product_id,p1_0.product_id,p1_0.description,p1_0.manufacturer_name,p1_0.name,p1_0.status,p1_0.unit,o1_0.note,o1_0.price,o1_0.quantity from order_detail o1_0 join product p1_0 on p1_0.product_id=o1_0.product_id where o1_0.order_id=?
Hibernate: select o1_0.order_id,o1_0.product_id,p1_0.product_id,p1_0.description,p1_0.manufacturer_name,p1_0.name,p1_0.status,p1_0.unit,o1_0.note,o1_0.price,o1_0.quantity from order_detail o1_0 join product p1_0 on p1_0.product_id=o1_0.product_id where o1_0.order_id=?
Hibernate: select l1_0.employee_id,l1_0.order_id,c1_0.cust_id,c1_0.address,c1_0.email,c1_0.cust_name,c1_0.phone,l1_0.order_date from orders l1_0 left join customer c1_0 on c1_0.cust_id=l1_0.cust_id where l1_0.employee_id=?
Hibernate: select o1_0.order_id,o1_0.product_id,p1_0.product_id,p1_0.description,p1_0.manufacturer_name,p1_0.name,p1_0.status,p1_0.unit,o1_0.note,o1_0.price,o1_0.quantity from order_detail o1_0 join product p1_0 on p1_0.product_id=o1_0.product_id where o1_0.order_id=?
Hibernate: select o1_0.order_id,o1_0.product_id,p1_0.product_id,p1_0.description,p1_0.manufacturer_name,p1_0.name,p1_0.status,p1_0.unit,o1_0.note,o1_0.price,o1_0.quantity from order_detail o1_0 join product p1_0 on p1_0.product_id=o1_0.product_id where o1_0.order_id=?
Hibernate: select p1_0.product_id,p1_0.price_date_time,p1_0.note,p1_0.price from product_price p1_0 where p1_0.product_id=?
Hibernate: select p1_0.product_id,p1_0.image_id,p1_0.alternative,p1_0.path from product_image p1_0 where p1_0.product_id=?
Hibernate: select o1_0.order_id,o1_0.product_id,p1_0.product_id,p1_0.description,p1_0.manufacturer_name,p1_0.name,p1_0.status,p1_0.unit,o1_0.note,o1_0.price,o1_0.quantity from order_detail o1_0 join product p1_0 on p1_0.product_id=o1_0.product_id where o1_0.order_id=?
Hibernate: select l1_0.employee_id,l1_0.order_id,c1_0.cust_id,c1_0.address,c1_0.email,c1_0.cust_name,c1_0.phone,l1_0.order_date from orders l1_0 left join customer c1_0 on c1_0.cust_id=l1_0.cust_id where l1_0.employee_id=?
Hibernate: insert into order_detail (note,price,quantity,order_id,product_id) values (?,?,?,?,?)
Hibernate: select p1_0.product_id,p1_0.description,p1_0.manufacturer_name,p1_0.name,p1_0.status,p1_0.unit from product p1_0 where p1_0.product_id=?
Hibernate: select o1_0.order_id,o2_0.order_id,c1_0.cust_id,c1_0.address,c1_0.email,c1_0.cust_name,c1_0.phone,o2_0.employee_id,e1_0.emp_id,e1_0.address,e1_0.dob,e1_0.email,e1_0.full_name,e1_0.phone,e1_0.status,o2_0.order_date,o1_0.product_id,p1_0.product_id,p1_0.description,p1_0.manufacturer_name,p1_0.name,p1_0.status,p1_0.unit,p2_0.product_id,p2_0.image_id,p2_0.alternative,p2_0.path,o1_0.note,o1_0.price,o1_0.quantity from order_detail o1_0 join orders o2_0 on o2_0.order_id=o1_0.order_id left join customer c1_0 on c1_0.cust_id=o2_0.cust_id left join employee e1_0 on e1_0.emp_id=o2_0.employee_id join product p1_0 on p1_0.product_id=o1_0.product_id left join product_image p2_0 on p1_0.product_id=p2_0.product_id where (o1_0.order_id,o1_0.product_id) in ((?,?))
Hibernate: select o1_0.order_id,c1_0.cust_id,c1_0.address,c1_0.email,c1_0.cust_name,c1_0.phone,o1_0.employee_id,e1_0.emp_id,e1_0.address,e1_0.dob,e1_0.email,e1_0.full_name,e1_0.phone,e1_0.status,o1_0.order_date,o2_0.order_id,o2_0.product_id,p1_0.product_id,p1_0.description,p1_0.manufacturer_name,p1_0.name,p1_0.status,p1_0.unit,o2_0.note,o2_0.price,o2_0.quantity from orders o1_0 left join customer c1_0 on c1_0.cust_id=o1_0.cust_id join employee e1_0 on e1_0.emp_id=o1_0.employee_id left join order_detail o2_0 on o1_0.order_id=o2_0.order_id left join product p1_0 on p1_0.product_id=o2_0.product_id where o1_0.order_id=?
Hibernate: select p1_0.product_id,p1_0.price_date_time,p1_0.note,p1_0.price from product_price p1_0 where p1_0.product_id=?
Hibernate: select p1_0.product_id,p1_0.image_id,p1_0.alternative,p1_0.path from product_image p1_0 where p1_0.product_id=?
Hibernate: select o1_0.product_id,o1_0.order_id,o2_0.order_id,c1_0.cust_id,c1_0.address,c1_0.email,c1_0.cust_name,c1_0.phone,o2_0.employee_id,e1_0.emp_id,e1_0.address,e1_0.dob,e1_0.email,e1_0.full_name,e1_0.phone,e1_0.status,o2_0.order_date,o1_0.note,o1_0.price,o1_0.quantity from order_detail o1_0 join orders o2_0 on o2_0.order_id=o1_0.order_id left join customer c1_0 on c1_0.cust_id=o2_0.cust_id left join employee e1_0 on e1_0.emp_id=o2_0.employee_id where o1_0.product_id=?
Hibernate: select p1_0.product_id,p1_0.price_date_time,p1_0.note,p1_0.price from product_price p1_0 where p1_0.product_id=?
Hibernate: select p1_0.product_id,p1_0.image_id,p1_0.alternative,p1_0.path from product_image p1_0 where p1_0.product_id=?
Hibernate: select o1_0.product_id,o1_0.order_id,o2_0.order_id,c1_0.cust_id,c1_0.address,c1_0.email,c1_0.cust_name,c1_0.phone,o2_0.employee_id,e1_0.emp_id,e1_0.address,e1_0.dob,e1_0.email,e1_0.full_name,e1_0.phone,e1_0.status,o2_0.order_date,o1_0.note,o1_0.price,o1_0.quantity from order_detail o1_0 join orders o2_0 on o2_0.order_id=o1_0.order_id left join customer c1_0 on c1_0.cust_id=o2_0.cust_id left join employee e1_0 on e1_0.emp_id=o2_0.employee_id where o1_0.product_id=?
Hibernate: select l1_0.employee_id,l1_0.order_id,c1_0.cust_id,c1_0.address,c1_0.email,c1_0.cust_name,c1_0.phone,l1_0.order_date from orders l1_0 left join customer c1_0 on c1_0.cust_id=l1_0.cust_id where l1_0.employee_id=?
Hibernate: select p1_0.product_id,p1_0.description,p1_0.manufacturer_name,p1_0.name,p1_0.status,p1_0.unit,o1_0.product_id,o1_0.order_id,o2_0.order_id,c1_0.cust_id,c1_0.address,c1_0.email,c1_0.cust_name,c1_0.phone,o2_0.employee_id,e1_0.emp_id,e1_0.address,e1_0.dob,e1_0.email,e1_0.full_name,e1_0.phone,e1_0.status,o2_0.order_date,o1_0.note,o1_0.price,o1_0.quantity from product p1_0 left join order_detail o1_0 on p1_0.product_id=o1_0.product_id left join orders o2_0 on o2_0.order_id=o1_0.order_id left join customer c1_0 on c1_0.cust_id=o2_0.cust_id left join employee e1_0 on e1_0.emp_id=o2_0.employee_id where p1_0.product_id=?
Hibernate: select o1_0.order_id,o1_0.product_id,p1_0.product_id,p1_0.description,p1_0.manufacturer_name,p1_0.name,p1_0.status,p1_0.unit,o1_0.note,o1_0.price,o1_0.quantity from order_detail o1_0 join product p1_0 on p1_0.product_id=o1_0.product_id where o1_0.order_id=?
Hibernate: select o1_0.order_id,o1_0.product_id,p1_0.product_id,p1_0.description,p1_0.manufacturer_name,p1_0.name,p1_0.status,p1_0.unit,o1_0.note,o1_0.price,o1_0.quantity from order_detail o1_0 join product p1_0 on p1_0.product_id=o1_0.product_id where o1_0.order_id=?
Hibernate: select o1_0.order_id,o1_0.product_id,p1_0.product_id,p1_0.description,p1_0.manufacturer_name,p1_0.name,p1_0.status,p1_0.unit,o1_0.note,o1_0.price,o1_0.quantity from order_detail o1_0 join product p1_0 on p1_0.product_id=o1_0.product_id where o1_0.order_id=?
Hibernate: select o1_0.order_id,o1_0.product_id,p1_0.product_id,p1_0.description,p1_0.manufacturer_name,p1_0.name,p1_0.status,p1_0.unit,o1_0.note,o1_0.price,o1_0.quantity from order_detail o1_0 join product p1_0 on p1_0.product_id=o1_0.product_id where o1_0.order_id=?
Hibernate: select p1_0.product_id,p1_0.price_date_time,p1_0.note,p1_0.price from product_price p1_0 where p1_0.product_id=?
Hibernate: select p1_0.product_id,p1_0.image_id,p1_0.alternative,p1_0.path from product_image p1_0 where p1_0.product_id=?
Hibernate: select o1_0.order_id,o1_0.product_id,p1_0.product_id,p1_0.description,p1_0.manufacturer_name,p1_0.name,p1_0.status,p1_0.unit,o1_0.note,o1_0.price,o1_0.quantity from order_detail o1_0 join product p1_0 on p1_0.product_id=o1_0.product_id where o1_0.order_id=?
Hibernate: insert into order_detail (note,price,quantity,order_id,product_id) values (?,?,?,?,?)
Hibernate: select e1_0.emp_id,e1_0.address,e1_0.dob,e1_0.email,e1_0.full_name,e1_0.phone,e1_0.status from employee e1_0 where e1_0.emp_id=?
Hibernate: select c1_0.cust_id,c1_0.address,c1_0.email,c1_0.cust_name,c1_0.phone from customer c1_0 where c1_0.cust_id=?
Hibernate: select o1_0.order_id,c1_0.cust_id,c1_0.address,c1_0.email,c1_0.cust_name,c1_0.phone,o1_0.employee_id,e1_0.emp_id,e1_0.address,e1_0.dob,e1_0.email,e1_0.full_name,e1_0.phone,e1_0.status,o1_0.order_date,o2_0.order_id,o2_0.product_id,p1_0.product_id,p1_0.description,p1_0.manufacturer_name,p1_0.name,p1_0.status,p1_0.unit,o2_0.note,o2_0.price,o2_0.quantity from orders o1_0 left join customer c1_0 on c1_0.cust_id=o1_0.cust_id join employee e1_0 on e1_0.emp_id=o1_0.employee_id left join order_detail o2_0 on o1_0.order_id=o2_0.order_id left join product p1_0 on p1_0.product_id=o2_0.product_id where o1_0.order_id=?
Hibernate: select c1_0.cust_id,c1_0.address,c1_0.email,c1_0.cust_name,c1_0.phone from customer c1_0 where c1_0.cust_id=?
Hibernate: select e1_0.emp_id,e1_0.address,e1_0.dob,e1_0.email,e1_0.full_name,e1_0.phone,e1_0.status from employee e1_0 where e1_0.emp_id=?
Hibernate: insert into orders (cust_id,employee_id,order_date,order_id) values (?,?,?,default)
Hibernate: select p1_0.product_id,p1_0.description,p1_0.manufacturer_name,p1_0.name,p1_0.status,p1_0.unit from product p1_0 where p1_0.product_id=?
Hibernate: select o1_0.order_id,o2_0.order_id,c1_0.cust_id,c1_0.address,c1_0.email,c1_0.cust_name,c1_0.phone,o2_0.employee_id,e1_0.emp_id,e1_0.address,e1_0.dob,e1_0.email,e1_0.full_name,e1_0.phone,e1_0.status,o2_0.order_date,o1_0.product_id,p1_0.product_id,p1_0.description,p1_0.manufacturer_name,p1_0.name,p1_0.status,p1_0.unit,p2_0.product_id,p2_0.image_id,p2_0.alternative,p2_0.path,o1_0.note,o1_0.price,o1_0.quantity from order_detail o1_0 join orders o2_0 on o2_0.order_id=o1_0.order_id left join customer c1_0 on c1_0.cust_id=o2_0.cust_id left join employee e1_0 on e1_0.emp_id=o2_0.employee_id join product p1_0 on p1_0.product_id=o1_0.product_id left join product_image p2_0 on p1_0.product_id=p2_0.product_id where (o1_0.order_id,o1_0.product_id) in ((?,?))
Hibernate: select o1_0.order_id,c1_0.cust_id,c1_0.address,c1_0.email,c1_0.cust_name,c1_0.phone,o1_0.employee_id,e1_0.emp_id,e1_0.address,e1_0.dob,e1_0.email,e1_0.full_name,e1_0.phone,e1_0.status,o1_0.order_date,o2_0.order_id,o2_0.product_id,p1_0.product_id,p1_0.description,p1_0.manufacturer_name,p1_0.name,p1_0.status,p1_0.unit,o2_0.note,o2_0.price,o2_0.quantity from orders o1_0 left join customer c1_0 on c1_0.cust_id=o1_0.cust_id join employee e1_0 on e1_0.emp_id=o1_0.employee_id left join order_detail o2_0 on o1_0.order_id=o2_0.order_id left join product p1_0 on p1_0.product_id=o2_0.product_id where o1_0.order_id=?
Hibernate: select l1_0.employee_id,l1_0.order_id,c1_0.cust_id,c1_0.address,c1_0.email,c1_0.cust_name,c1_0.phone,l1_0.order_date from orders l1_0 left join customer c1_0 on c1_0.cust_id=l1_0.cust_id where l1_0.employee_id=?
Hibernate: select p1_0.product_id,p1_0.description,p1_0.manufacturer_name,p1_0.name,p1_0.status,p1_0.unit,o1_0.product_id,o1_0.order_id,o2_0.order_id,c1_0.cust_id,c1_0.address,c1_0.email,c1_0.cust_name,c1_0.phone,o2_0.employee_id,e1_0.emp_id,e1_0.address,e1_0.dob,e1_0.email,e1_0.full_name,e1_0.phone,e1_0.status,o2_0.order_date,o1_0.note,o1_0.price,o1_0.quantity from product p1_0 left join order_detail o1_0 on p1_0.product_id=o1_0.product_id left join orders o2_0 on o2_0.order_id=o1_0.order_id left join customer c1_0 on c1_0.cust_id=o2_0.cust_id left join employee e1_0 on e1_0.emp_id=o2_0.employee_id where p1_0.product_id=?
Hibernate: select o1_0.order_id,o1_0.product_id,p1_0.product_id,p1_0.description,p1_0.manufacturer_name,p1_0.name,p1_0.status,p1_0.unit,o1_0.note,o1_0.price,o1_0.quantity from order_detail o1_0 join product p1_0 on p1_0.product_id=o1_0.product_id where o1_0.order_id=?
Hibernate: select o1_0.order_id,o1_0.product_id,p1_0.product_id,p1_0.description,p1_0.manufacturer_name,p1_0.name,p1_0.status,p1_0.unit,o1_0.note,o1_0.price,o1_0.quantity from order_detail o1_0 join product p1_0 on p1_0.product_id=o1_0.product_id where o1_0.order_id=?
Hibernate: select l1_0.employee_id,l1_0.order_id,c1_0.cust_id,c1_0.address,c1_0.email,c1_0.cust_name,c1_0.phone,l1_0.order_date from orders l1_0 left join customer c1_0 on c1_0.cust_id=l1_0.cust_id where l1_0.employee_id=?
Hibernate: select o1_0.order_id,o1_0.product_id,p1_0.product_id,p1_0.description,p1_0.manufacturer_name,p1_0.name,p1_0.status,p1_0.unit,o1_0.note,o1_0.price,o1_0.quantity from order_detail o1_0 join product p1_0 on p1_0.product_id=o1_0.product_id where o1_0.order_id=?
Hibernate: select l1_0.employee_id,l1_0.order_id,c1_0.cust_id,c1_0.address,c1_0.email,c1_0.cust_name,c1_0.phone,l1_0.order_date from orders l1_0 left join customer c1_0 on c1_0.cust_id=l1_0.cust_id where l1_0.employee_id=?
Hibernate: select o1_0.order_id,o1_0.product_id,p1_0.product_id,p1_0.description,p1_0.manufacturer_name,p1_0.name,p1_0.status,p1_0.unit,o1_0.note,o1_0.price,o1_0.quantity from order_detail o1_0 join product p1_0 on p1_0.product_id=o1_0.product_id where o1_0.order_id=?
Hibernate: select o1_0.order_id,o1_0.product_id,p1_0.product_id,p1_0.description,p1_0.manufacturer_name,p1_0.name,p1_0.status,p1_0.unit,o1_0.note,o1_0.price,o1_0.quantity from order_detail o1_0 join product p1_0 on p1_0.product_id=o1_0.product_id where o1_0.order_id=?
Hibernate: select l1_0.employee_id,l1_0.order_id,c1_0.cust_id,c1_0.address,c1_0.email,c1_0.cust_name,c1_0.phone,l1_0.order_date from orders l1_0 left join customer c1_0 on c1_0.cust_id=l1_0.cust_id where l1_0.employee_id=?
Hibernate: select o1_0.order_id,o1_0.product_id,p1_0.product_id,p1_0.description,p1_0.manufacturer_name,p1_0.name,p1_0.status,p1_0.unit,o1_0.note,o1_0.price,o1_0.quantity from order_detail o1_0 join product p1_0 on p1_0.product_id=o1_0.product_id where o1_0.order_id=?
Hibernate: select o1_0.order_id,o1_0.product_id,p1_0.product_id,p1_0.description,p1_0.manufacturer_name,p1_0.name,p1_0.status,p1_0.unit,o1_0.note,o1_0.price,o1_0.quantity from order_detail o1_0 join product p1_0 on p1_0.product_id=o1_0.product_id where o1_0.order_id=?
Hibernate: select l1_0.employee_id,l1_0.order_id,c1_0.cust_id,c1_0.address,c1_0.email,c1_0.cust_name,c1_0.phone,l1_0.order_date from orders l1_0 left join customer c1_0 on c1_0.cust_id=l1_0.cust_id where l1_0.employee_id=?
Hibernate: select o1_0.order_id,o1_0.product_id,p1_0.product_id,p1_0.description,p1_0.manufacturer_name,p1_0.name,p1_0.status,p1_0.unit,o1_0.note,o1_0.price,o1_0.quantity from order_detail o1_0 join product p1_0 on p1_0.product_id=o1_0.product_id where o1_0.order_id=?
Hibernate: select o1_0.order_id,o1_0.product_id,p1_0.product_id,p1_0.description,p1_0.manufacturer_name,p1_0.name,p1_0.status,p1_0.unit,o1_0.note,o1_0.price,o1_0.quantity from order_detail o1_0 join product p1_0 on p1_0.product_id=o1_0.product_id where o1_0.order_id=?
Hibernate: select l1_0.employee_id,l1_0.order_id,c1_0.cust_id,c1_0.address,c1_0.email,c1_0.cust_name,c1_0.phone,l1_0.order_date from orders l1_0 left join customer c1_0 on c1_0.cust_id=l1_0.cust_id where l1_0.employee_id=?
Hibernate: select p1_0.product_id,p1_0.price_date_time,p1_0.note,p1_0.price from product_price p1_0 where p1_0.product_id=?
Hibernate: select p1_0.product_id,p1_0.image_id,p1_0.alternative,p1_0.path from product_image p1_0 where p1_0.product_id=?
Hibernate: select o1_0.order_id,o1_0.product_id,p1_0.product_id,p1_0.description,p1_0.manufacturer_name,p1_0.name,p1_0.status,p1_0.unit,o1_0.note,o1_0.price,o1_0.quantity from order_detail o1_0 join product p1_0 on p1_0.product_id=o1_0.product_id where o1_0.order_id=?
Hibernate: select l1_0.employee_id,l1_0.order_id,c1_0.cust_id,c1_0.address,c1_0.email,c1_0.cust_name,c1_0.phone,l1_0.order_date from orders l1_0 left join customer c1_0 on c1_0.cust_id=l1_0.cust_id where l1_0.employee_id=?
Hibernate: insert into order_detail (note,price,quantity,order_id,product_id) values (?,?,?,?,?)
Hibernate: select p1_0.product_id,p1_0.description,p1_0.manufacturer_name,p1_0.name,p1_0.status,p1_0.unit from product p1_0 where p1_0.product_id=?
Hibernate: select o1_0.order_id,o2_0.order_id,c1_0.cust_id,c1_0.address,c1_0.email,c1_0.cust_name,c1_0.phone,o2_0.employee_id,e1_0.emp_id,e1_0.address,e1_0.dob,e1_0.email,e1_0.full_name,e1_0.phone,e1_0.status,o2_0.order_date,o1_0.product_id,p1_0.product_id,p1_0.description,p1_0.manufacturer_name,p1_0.name,p1_0.status,p1_0.unit,p2_0.product_id,p2_0.image_id,p2_0.alternative,p2_0.path,o1_0.note,o1_0.price,o1_0.quantity from order_detail o1_0 join orders o2_0 on o2_0.order_id=o1_0.order_id left join customer c1_0 on c1_0.cust_id=o2_0.cust_id left join employee e1_0 on e1_0.emp_id=o2_0.employee_id join product p1_0 on p1_0.product_id=o1_0.product_id left join product_image p2_0 on p1_0.product_id=p2_0.product_id where (o1_0.order_id,o1_0.product_id) in ((?,?))
Hibernate: select o1_0.order_id,c1_0.cust_id,c1_0.address,c1_0.email,c1_0.cust_name,c1_0.phone,o1_0.employee_id,e1_0.emp_id,e1_0.address,e1_0.dob,e1_0.email,e1_0.full_name,e1_0.phone,e1_0.status,o1_0.order_date,o2_0.order_id,o2_0.product_id,p1_0.product_id,p1_0.description,p1_0.manufacturer_name,p1_0.name,p1_0.status,p1_0.unit,o2_0.note,o2_0.price,o2_0.quantity from orders o1_0 left join customer c1_0 on c1_0.cust_id=o1_0.cust_id join employee e1_0 on e1_0.emp_id=o1_0.employee_id left join order_detail o2_0 on o1_0.order_id=o2_0.order_id left join product p1_0 on p1_0.product_id=o2_0.product_id where o1_0.order_id=?
Hibernate: select p1_0.product_id,p1_0.price_date_time,p1_0.note,p1_0.price from product_price p1_0 where p1_0.product_id=?
Hibernate: select p1_0.product_id,p1_0.image_id,p1_0.alternative,p1_0.path from product_image p1_0 where p1_0.product_id=?
Hibernate: select o1_0.product_id,o1_0.order_id,o2_0.order_id,c1_0.cust_id,c1_0.address,c1_0.email,c1_0.cust_name,c1_0.phone,o2_0.employee_id,e1_0.emp_id,e1_0.address,e1_0.dob,e1_0.email,e1_0.full_name,e1_0.phone,e1_0.status,o2_0.order_date,o1_0.note,o1_0.price,o1_0.quantity from order_detail o1_0 join orders o2_0 on o2_0.order_id=o1_0.order_id left join customer c1_0 on c1_0.cust_id=o2_0.cust_id left join employee e1_0 on e1_0.emp_id=o2_0.employee_id where o1_0.product_id=?
Hibernate: select l1_0.employee_id,l1_0.order_id,c1_0.cust_id,c1_0.address,c1_0.email,c1_0.cust_name,c1_0.phone,l1_0.order_date from orders l1_0 left join customer c1_0 on c1_0.cust_id=l1_0.cust_id where l1_0.employee_id=?
Hibernate: select p1_0.product_id,p1_0.description,p1_0.manufacturer_name,p1_0.name,p1_0.status,p1_0.unit,o1_0.product_id,o1_0.order_id,o2_0.order_id,c1_0.cust_id,c1_0.address,c1_0.email,c1_0.cust_name,c1_0.phone,o2_0.employee_id,e1_0.emp_id,e1_0.address,e1_0.dob,e1_0.email,e1_0.full_name,e1_0.phone,e1_0.status,o2_0.order_date,o1_0.note,o1_0.price,o1_0.quantity from product p1_0 left join order_detail o1_0 on p1_0.product_id=o1_0.product_id left join orders o2_0 on o2_0.order_id=o1_0.order_id left join customer c1_0 on c1_0.cust_id=o2_0.cust_id left join employee e1_0 on e1_0.emp_id=o2_0.employee_id where p1_0.product_id=?
Hibernate: select o1_0.order_id,o1_0.product_id,p1_0.product_id,p1_0.description,p1_0.manufacturer_name,p1_0.name,p1_0.status,p1_0.unit,o1_0.note,o1_0.price,o1_0.quantity from order_detail o1_0 join product p1_0 on p1_0.product_id=o1_0.product_id where o1_0.order_id=?
Hibernate: select o1_0.order_id,o1_0.product_id,p1_0.product_id,p1_0.description,p1_0.manufacturer_name,p1_0.name,p1_0.status,p1_0.unit,o1_0.note,o1_0.price,o1_0.quantity from order_detail o1_0 join product p1_0 on p1_0.product_id=o1_0.product_id where o1_0.order_id=?
Hibernate: select o1_0.order_id,o1_0.product_id,p1_0.product_id,p1_0.description,p1_0.manufacturer_name,p1_0.name,p1_0.status,p1_0.unit,o1_0.note,o1_0.price,o1_0.quantity from order_detail o1_0 join product p1_0 on p1_0.product_id=o1_0.product_id where o1_0.order_id=?
Hibernate: select l1_0.employee_id,l1_0.order_id,c1_0.cust_id,c1_0.address,c1_0.email,c1_0.cust_name,c1_0.phone,l1_0.order_date from orders l1_0 left join customer c1_0 on c1_0.cust_id=l1_0.cust_id where l1_0.employee_id=?
Hibernate: select o1_0.order_id,o1_0.product_id,p1_0.product_id,p1_0.description,p1_0.manufacturer_name,p1_0.name,p1_0.status,p1_0.unit,o1_0.note,o1_0.price,o1_0.quantity from order_detail o1_0 join product p1_0 on p1_0.product_id=o1_0.product_id where o1_0.order_id=?
Hibernate: select o1_0.order_id,o1_0.product_id,p1_0.product_id,p1_0.description,p1_0.manufacturer_name,p1_0.name,p1_0.status,p1_0.unit,o1_0.note,o1_0.price,o1_0.quantity from order_detail o1_0 join product p1_0 on p1_0.product_id=o1_0.product_id where o1_0.order_id=?
Hibernate: select o1_0.order_id,o1_0.product_id,p1_0.product_id,p1_0.description,p1_0.manufacturer_name,p1_0.name,p1_0.status,p1_0.unit,o1_0.note,o1_0.price,o1_0.quantity from order_detail o1_0 join product p1_0 on p1_0.product_id=o1_0.product_id where o1_0.order_id=?
Hibernate: select p1_0.product_id,p1_0.price_date_time,p1_0.note,p1_0.price from product_price p1_0 where p1_0.product_id=?
Hibernate: select p1_0.product_id,p1_0.image_id,p1_0.alternative,p1_0.path from product_image p1_0 where p1_0.product_id=?
Hibernate: select o1_0.order_id,o1_0.product_id,p1_0.product_id,p1_0.description,p1_0.manufacturer_name,p1_0.name,p1_0.status,p1_0.unit,o1_0.note,o1_0.price,o1_0.quantity from order_detail o1_0 join product p1_0 on p1_0.product_id=o1_0.product_id where o1_0.order_id=?
Hibernate: insert into order_detail (note,price,quantity,order_id,product_id) values (?,?,?,?,?)
Hibernate: select p1_0.product_id,p1_0.description,p1_0.manufacturer_name,p1_0.name,p1_0.status,p1_0.unit from product p1_0 where p1_0.product_id=?
Hibernate: select o1_0.order_id,o2_0.order_id,c1_0.cust_id,c1_0.address,c1_0.email,c1_0.cust_name,c1_0.phone,o2_0.employee_id,e1_0.emp_id,e1_0.address,e1_0.dob,e1_0.email,e1_0.full_name,e1_0.phone,e1_0.status,o2_0.order_date,o1_0.product_id,p1_0.product_id,p1_0.description,p1_0.manufacturer_name,p1_0.name,p1_0.status,p1_0.unit,p2_0.product_id,p2_0.image_id,p2_0.alternative,p2_0.path,o1_0.note,o1_0.price,o1_0.quantity from order_detail o1_0 join orders o2_0 on o2_0.order_id=o1_0.order_id left join customer c1_0 on c1_0.cust_id=o2_0.cust_id left join employee e1_0 on e1_0.emp_id=o2_0.employee_id join product p1_0 on p1_0.product_id=o1_0.product_id left join product_image p2_0 on p1_0.product_id=p2_0.product_id where (o1_0.order_id,o1_0.product_id) in ((?,?))
Hibernate: select o1_0.order_id,c1_0.cust_id,c1_0.address,c1_0.email,c1_0.cust_name,c1_0.phone,o1_0.employee_id,e1_0.emp_id,e1_0.address,e1_0.dob,e1_0.email,e1_0.full_name,e1_0.phone,e1_0.status,o1_0.order_date,o2_0.order_id,o2_0.product_id,p1_0.product_id,p1_0.description,p1_0.manufacturer_name,p1_0.name,p1_0.status,p1_0.unit,o2_0.note,o2_0.price,o2_0.quantity from orders o1_0 left join customer c1_0 on c1_0.cust_id=o1_0.cust_id join employee e1_0 on e1_0.emp_id=o1_0.employee_id left join order_detail o2_0 on o1_0.order_id=o2_0.order_id left join product p1_0 on p1_0.product_id=o2_0.product_id where o1_0.order_id=?
Hibernate: select p1_0.product_id,p1_0.price_date_time,p1_0.note,p1_0.price from product_price p1_0 where p1_0.product_id=?
Hibernate: select p1_0.product_id,p1_0.image_id,p1_0.alternative,p1_0.path from product_image p1_0 where p1_0.product_id=?
Hibernate: select o1_0.product_id,o1_0.order_id,o2_0.order_id,c1_0.cust_id,c1_0.address,c1_0.email,c1_0.cust_name,c1_0.phone,o2_0.employee_id,e1_0.emp_id,e1_0.address,e1_0.dob,e1_0.email,e1_0.full_name,e1_0.phone,e1_0.status,o2_0.order_date,o1_0.note,o1_0.price,o1_0.quantity from order_detail o1_0 join orders o2_0 on o2_0.order_id=o1_0.order_id left join customer c1_0 on c1_0.cust_id=o2_0.cust_id left join employee e1_0 on e1_0.emp_id=o2_0.employee_id where o1_0.product_id=?
Hibernate: select p1_0.product_id,p1_0.price_date_time,p1_0.note,p1_0.price from product_price p1_0 where p1_0.product_id=?
Hibernate: select p1_0.product_id,p1_0.image_id,p1_0.alternative,p1_0.path from product_image p1_0 where p1_0.product_id=?
Hibernate: select o1_0.product_id,o1_0.order_id,o2_0.order_id,c1_0.cust_id,c1_0.address,c1_0.email,c1_0.cust_name,c1_0.phone,o2_0.employee_id,e1_0.emp_id,e1_0.address,e1_0.dob,e1_0.email,e1_0.full_name,e1_0.phone,e1_0.status,o2_0.order_date,o1_0.note,o1_0.price,o1_0.quantity from order_detail o1_0 join orders o2_0 on o2_0.order_id=o1_0.order_id left join customer c1_0 on c1_0.cust_id=o2_0.cust_id left join employee e1_0 on e1_0.emp_id=o2_0.employee_id where o1_0.product_id=?
Hibernate: select l1_0.employee_id,l1_0.order_id,c1_0.cust_id,c1_0.address,c1_0.email,c1_0.cust_name,c1_0.phone,l1_0.order_date from orders l1_0 left join customer c1_0 on c1_0.cust_id=l1_0.cust_id where l1_0.employee_id=?
Hibernate: select p1_0.product_id,p1_0.description,p1_0.manufacturer_name,p1_0.name,p1_0.status,p1_0.unit,o1_0.product_id,o1_0.order_id,o2_0.order_id,c1_0.cust_id,c1_0.address,c1_0.email,c1_0.cust_name,c1_0.phone,o2_0.employee_id,e1_0.emp_id,e1_0.address,e1_0.dob,e1_0.email,e1_0.full_name,e1_0.phone,e1_0.status,o2_0.order_date,o1_0.note,o1_0.price,o1_0.quantity from product p1_0 left join order_detail o1_0 on p1_0.product_id=o1_0.product_id left join orders o2_0 on o2_0.order_id=o1_0.order_id left join customer c1_0 on c1_0.cust_id=o2_0.cust_id left join employee e1_0 on e1_0.emp_id=o2_0.employee_id where p1_0.product_id=?
Hibernate: select o1_0.order_id,o1_0.product_id,p1_0.product_id,p1_0.description,p1_0.manufacturer_name,p1_0.name,p1_0.status,p1_0.unit,o1_0.note,o1_0.price,o1_0.quantity from order_detail o1_0 join product p1_0 on p1_0.product_id=o1_0.product_id where o1_0.order_id=?
Hibernate: select o1_0.order_id,o1_0.product_id,p1_0.product_id,p1_0.description,p1_0.manufacturer_name,p1_0.name,p1_0.status,p1_0.unit,o1_0.note,o1_0.price,o1_0.quantity from order_detail o1_0 join product p1_0 on p1_0.product_id=o1_0.product_id where o1_0.order_id=?
Hibernate: select o1_0.order_id,o1_0.product_id,p1_0.product_id,p1_0.description,p1_0.manufacturer_name,p1_0.name,p1_0.status,p1_0.unit,o1_0.note,o1_0.price,o1_0.quantity from order_detail o1_0 join product p1_0 on p1_0.product_id=o1_0.product_id where o1_0.order_id=?
Hibernate: select o1_0.order_id,o1_0.product_id,p1_0.product_id,p1_0.description,p1_0.manufacturer_name,p1_0.name,p1_0.status,p1_0.unit,o1_0.note,o1_0.price,o1_0.quantity from order_detail o1_0 join product p1_0 on p1_0.product_id=o1_0.product_id where o1_0.order_id=?
Hibernate: select o1_0.order_id,o1_0.product_id,p1_0.product_id,p1_0.description,p1_0.manufacturer_name,p1_0.name,p1_0.status,p1_0.unit,o1_0.note,o1_0.price,o1_0.quantity from order_detail o1_0 join product p1_0 on p1_0.product_id=o1_0.product_id where o1_0.order_id=?
Hibernate: select o1_0.order_id,o1_0.product_id,p1_0.product_id,p1_0.description,p1_0.manufacturer_name,p1_0.name,p1_0.status,p1_0.unit,o1_0.note,o1_0.price,o1_0.quantity from order_detail o1_0 join product p1_0 on p1_0.product_id=o1_0.product_id where o1_0.order_id=?
Hibernate: select o1_0.order_id,o1_0.product_id,p1_0.product_id,p1_0.description,p1_0.manufacturer_name,p1_0.name,p1_0.status,p1_0.unit,o1_0.note,o1_0.price,o1_0.quantity from order_detail o1_0 join product p1_0 on p1_0.product_id=o1_0.product_id where o1_0.order_id=?
Hibernate: select p1_0.product_id,p1_0.price_date_time,p1_0.note,p1_0.price from product_price p1_0 where p1_0.product_id=?
Hibernate: select p1_0.product_id,p1_0.image_id,p1_0.alternative,p1_0.path from product_image p1_0 where p1_0.product_id=?
Hibernate: select o1_0.order_id,o1_0.product_id,p1_0.product_id,p1_0.description,p1_0.manufacturer_name,p1_0.name,p1_0.status,p1_0.unit,o1_0.note,o1_0.price,o1_0.quantity from order_detail o1_0 join product p1_0 on p1_0.product_id=o1_0.product_id where o1_0.order_id=?
Hibernate: select l1_0.employee_id,l1_0.order_id,c1_0.cust_id,c1_0.address,c1_0.email,c1_0.cust_name,c1_0.phone,l1_0.order_date from orders l1_0 left join customer c1_0 on c1_0.cust_id=l1_0.cust_id where l1_0.employee_id=?
Hibernate: insert into order_detail (note,price,quantity,order_id,product_id) values (?,?,?,?,?)
Hibernate: select e1_0.emp_id,e1_0.address,e1_0.dob,e1_0.email,e1_0.full_name,e1_0.phone,e1_0.status from employee e1_0 where e1_0.emp_id=?
Hibernate: select c1_0.cust_id,c1_0.address,c1_0.email,c1_0.cust_name,c1_0.phone from customer c1_0 where c1_0.cust_id=?
Hibernate: select o1_0.order_id,c1_0.cust_id,c1_0.address,c1_0.email,c1_0.cust_name,c1_0.phone,o1_0.employee_id,e1_0.emp_id,e1_0.address,e1_0.dob,e1_0.email,e1_0.full_name,e1_0.phone,e1_0.status,o1_0.order_date,o2_0.order_id,o2_0.product_id,p1_0.product_id,p1_0.description,p1_0.manufacturer_name,p1_0.name,p1_0.status,p1_0.unit,o2_0.note,o2_0.price,o2_0.quantity from orders o1_0 left join customer c1_0 on c1_0.cust_id=o1_0.cust_id join employee e1_0 on e1_0.emp_id=o1_0.employee_id left join order_detail o2_0 on o1_0.order_id=o2_0.order_id left join product p1_0 on p1_0.product_id=o2_0.product_id where o1_0.order_id=?
Hibernate: select c1_0.cust_id,c1_0.address,c1_0.email,c1_0.cust_name,c1_0.phone from customer c1_0 where c1_0.cust_id=?
Hibernate: select e1_0.emp_id,e1_0.address,e1_0.dob,e1_0.email,e1_0.full_name,e1_0.phone,e1_0.status from employee e1_0 where e1_0.emp_id=?
Hibernate: insert into orders (cust_id,employee_id,order_date,order_id) values (?,?,?,default)
Hibernate: select p1_0.product_id,p1_0.description,p1_0.manufacturer_name,p1_0.name,p1_0.status,p1_0.unit from product p1_0 where p1_0.product_id=?
Hibernate: select o1_0.order_id,o2_0.order_id,c1_0.cust_id,c1_0.address,c1_0.email,c1_0.cust_name,c1_0.phone,o2_0.employee_id,e1_0.emp_id,e1_0.address,e1_0.dob,e1_0.email,e1_0.full_name,e1_0.phone,e1_0.status,o2_0.order_date,o1_0.product_id,p1_0.product_id,p1_0.description,p1_0.manufacturer_name,p1_0.name,p1_0.status,p1_0.unit,p2_0.product_id,p2_0.image_id,p2_0.alternative,p2_0.path,o1_0.note,o1_0.price,o1_0.quantity from order_detail o1_0 join orders o2_0 on o2_0.order_id=o1_0.order_id left join customer c1_0 on c1_0.cust_id=o2_0.cust_id left join employee e1_0 on e1_0.emp_id=o2_0.employee_id join product p1_0 on p1_0.product_id=o1_0.product_id left join product_image p2_0 on p1_0.product_id=p2_0.product_id where (o1_0.order_id,o1_0.product_id) in ((?,?))
Hibernate: select o1_0.order_id,c1_0.cust_id,c1_0.address,c1_0.email,c1_0.cust_name,c1_0.phone,o1_0.employee_id,e1_0.emp_id,e1_0.address,e1_0.dob,e1_0.email,e1_0.full_name,e1_0.phone,e1_0.status,o1_0.order_date,o2_0.order_id,o2_0.product_id,p1_0.product_id,p1_0.description,p1_0.manufacturer_name,p1_0.name,p1_0.status,p1_0.unit,o2_0.note,o2_0.price,o2_0.quantity from orders o1_0 left join customer c1_0 on c1_0.cust_id=o1_0.cust_id join employee e1_0 on e1_0.emp_id=o1_0.employee_id left join order_detail o2_0 on o1_0.order_id=o2_0.order_id left join product p1_0 on p1_0.product_id=o2_0.product_id where o1_0.order_id=?
Hibernate: select l1_0.employee_id,l1_0.order_id,c1_0.cust_id,c1_0.address,c1_0.email,c1_0.cust_name,c1_0.phone,l1_0.order_date from orders l1_0 left join customer c1_0 on c1_0.cust_id=l1_0.cust_id where l1_0.employee_id=?
Hibernate: select p1_0.product_id,p1_0.description,p1_0.manufacturer_name,p1_0.name,p1_0.status,p1_0.unit,o1_0.product_id,o1_0.order_id,o2_0.order_id,c1_0.cust_id,c1_0.address,c1_0.email,c1_0.cust_name,c1_0.phone,o2_0.employee_id,e1_0.emp_id,e1_0.address,e1_0.dob,e1_0.email,e1_0.full_name,e1_0.phone,e1_0.status,o2_0.order_date,o1_0.note,o1_0.price,o1_0.quantity from product p1_0 left join order_detail o1_0 on p1_0.product_id=o1_0.product_id left join orders o2_0 on o2_0.order_id=o1_0.order_id left join customer c1_0 on c1_0.cust_id=o2_0.cust_id left join employee e1_0 on e1_0.emp_id=o2_0.employee_id where p1_0.product_id=?
Hibernate: select o1_0.order_id,o1_0.product_id,p1_0.product_id,p1_0.description,p1_0.manufacturer_name,p1_0.name,p1_0.status,p1_0.unit,o1_0.note,o1_0.price,o1_0.quantity from order_detail o1_0 join product p1_0 on p1_0.product_id=o1_0.product_id where o1_0.order_id=?
Hibernate: select l1_0.employee_id,l1_0.order_id,c1_0.cust_id,c1_0.address,c1_0.email,c1_0.cust_name,c1_0.phone,l1_0.order_date from orders l1_0 left join customer c1_0 on c1_0.cust_id=l1_0.cust_id where l1_0.employee_id=?
Hibernate: select o1_0.order_id,o1_0.product_id,p1_0.product_id,p1_0.description,p1_0.manufacturer_name,p1_0.name,p1_0.status,p1_0.unit,o1_0.note,o1_0.price,o1_0.quantity from order_detail o1_0 join product p1_0 on p1_0.product_id=o1_0.product_id where o1_0.order_id=?
Hibernate: select l1_0.employee_id,l1_0.order_id,c1_0.cust_id,c1_0.address,c1_0.email,c1_0.cust_name,c1_0.phone,l1_0.order_date from orders l1_0 left join customer c1_0 on c1_0.cust_id=l1_0.cust_id where l1_0.employee_id=?
Hibernate: select o1_0.order_id,o1_0.product_id,p1_0.product_id,p1_0.description,p1_0.manufacturer_name,p1_0.name,p1_0.status,p1_0.unit,o1_0.note,o1_0.price,o1_0.quantity from order_detail o1_0 join product p1_0 on p1_0.product_id=o1_0.product_id where o1_0.order_id=?
Hibernate: select l1_0.employee_id,l1_0.order_id,c1_0.cust_id,c1_0.address,c1_0.email,c1_0.cust_name,c1_0.phone,l1_0.order_date from orders l1_0 left join customer c1_0 on c1_0.cust_id=l1_0.cust_id where l1_0.employee_id=?
Hibernate: select o1_0.order_id,o1_0.product_id,p1_0.product_id,p1_0.description,p1_0.manufacturer_name,p1_0.name,p1_0.status,p1_0.unit,o1_0.note,o1_0.price,o1_0.quantity from order_detail o1_0 join product p1_0 on p1_0.product_id=o1_0.product_id where o1_0.order_id=?
Hibernate: select o1_0.order_id,o1_0.product_id,p1_0.product_id,p1_0.description,p1_0.manufacturer_name,p1_0.name,p1_0.status,p1_0.unit,o1_0.note,o1_0.price,o1_0.quantity from order_detail o1_0 join product p1_0 on p1_0.product_id=o1_0.product_id where o1_0.order_id=?
Hibernate: select l1_0.employee_id,l1_0.order_id,c1_0.cust_id,c1_0.address,c1_0.email,c1_0.cust_name,c1_0.phone,l1_0.order_date from orders l1_0 left join customer c1_0 on c1_0.cust_id=l1_0.cust_id where l1_0.employee_id=?
Hibernate: select p1_0.product_id,p1_0.price_date_time,p1_0.note,p1_0.price from product_price p1_0 where p1_0.product_id=?
Hibernate: select p1_0.product_id,p1_0.image_id,p1_0.alternative,p1_0.path from product_image p1_0 where p1_0.product_id=?
Hibernate: select o1_0.order_id,o1_0.product_id,p1_0.product_id,p1_0.description,p1_0.manufacturer_name,p1_0.name,p1_0.status,p1_0.unit,o1_0.note,o1_0.price,o1_0.quantity from order_detail o1_0 join product p1_0 on p1_0.product_id=o1_0.product_id where o1_0.order_id=?
Hibernate: select l1_0.employee_id,l1_0.order_id,c1_0.cust_id,c1_0.address,c1_0.email,c1_0.cust_name,c1_0.phone,l1_0.order_date from orders l1_0 left join customer c1_0 on c1_0.cust_id=l1_0.cust_id where l1_0.employee_id=?
Hibernate: insert into order_detail (note,price,quantity,order_id,product_id) values (?,?,?,?,?)
Hibernate: select p1_0.product_id,p1_0.description,p1_0.manufacturer_name,p1_0.name,p1_0.status,p1_0.unit from product p1_0 where p1_0.product_id=?
Hibernate: select o1_0.order_id,o2_0.order_id,c1_0.cust_id,c1_0.address,c1_0.email,c1_0.cust_name,c1_0.phone,o2_0.employee_id,e1_0.emp_id,e1_0.address,e1_0.dob,e1_0.email,e1_0.full_name,e1_0.phone,e1_0.status,o2_0.order_date,o1_0.product_id,p1_0.product_id,p1_0.description,p1_0.manufacturer_name,p1_0.name,p1_0.status,p1_0.unit,p2_0.product_id,p2_0.image_id,p2_0.alternative,p2_0.path,o1_0.note,o1_0.price,o1_0.quantity from order_detail o1_0 join orders o2_0 on o2_0.order_id=o1_0.order_id left join customer c1_0 on c1_0.cust_id=o2_0.cust_id left join employee e1_0 on e1_0.emp_id=o2_0.employee_id join product p1_0 on p1_0.product_id=o1_0.product_id left join product_image p2_0 on p1_0.product_id=p2_0.product_id where (o1_0.order_id,o1_0.product_id) in ((?,?))
Hibernate: select o1_0.order_id,c1_0.cust_id,c1_0.address,c1_0.email,c1_0.cust_name,c1_0.phone,o1_0.employee_id,e1_0.emp_id,e1_0.address,e1_0.dob,e1_0.email,e1_0.full_name,e1_0.phone,e1_0.status,o1_0.order_date,o2_0.order_id,o2_0.product_id,p1_0.product_id,p1_0.description,p1_0.manufacturer_name,p1_0.name,p1_0.status,p1_0.unit,o2_0.note,o2_0.price,o2_0.quantity from orders o1_0 left join customer c1_0 on c1_0.cust_id=o1_0.cust_id join employee e1_0 on e1_0.emp_id=o1_0.employee_id left join order_detail o2_0 on o1_0.order_id=o2_0.order_id left join product p1_0 on p1_0.product_id=o2_0.product_id where o1_0.order_id=?
Hibernate: select p1_0.product_id,p1_0.price_date_time,p1_0.note,p1_0.price from product_price p1_0 where p1_0.product_id=?
Hibernate: select p1_0.product_id,p1_0.image_id,p1_0.alternative,p1_0.path from product_image p1_0 where p1_0.product_id=?
Hibernate: select o1_0.product_id,o1_0.order_id,o2_0.order_id,c1_0.cust_id,c1_0.address,c1_0.email,c1_0.cust_name,c1_0.phone,o2_0.employee_id,e1_0.emp_id,e1_0.address,e1_0.dob,e1_0.email,e1_0.full_name,e1_0.phone,e1_0.status,o2_0.order_date,o1_0.note,o1_0.price,o1_0.quantity from order_detail o1_0 join orders o2_0 on o2_0.order_id=o1_0.order_id left join customer c1_0 on c1_0.cust_id=o2_0.cust_id left join employee e1_0 on e1_0.emp_id=o2_0.employee_id where o1_0.product_id=?
Hibernate: select l1_0.employee_id,l1_0.order_id,c1_0.cust_id,c1_0.address,c1_0.email,c1_0.cust_name,c1_0.phone,l1_0.order_date from orders l1_0 left join customer c1_0 on c1_0.cust_id=l1_0.cust_id where l1_0.employee_id=?
Hibernate: select p1_0.product_id,p1_0.description,p1_0.manufacturer_name,p1_0.name,p1_0.status,p1_0.unit,o1_0.product_id,o1_0.order_id,o2_0.order_id,c1_0.cust_id,c1_0.address,c1_0.email,c1_0.cust_name,c1_0.phone,o2_0.employee_id,e1_0.emp_id,e1_0.address,e1_0.dob,e1_0.email,e1_0.full_name,e1_0.phone,e1_0.status,o2_0.order_date,o1_0.note,o1_0.price,o1_0.quantity from product p1_0 left join order_detail o1_0 on p1_0.product_id=o1_0.product_id left join orders o2_0 on o2_0.order_id=o1_0.order_id left join customer c1_0 on c1_0.cust_id=o2_0.cust_id left join employee e1_0 on e1_0.emp_id=o2_0.employee_id where p1_0.product_id=?
Hibernate: select o1_0.order_id,o1_0.product_id,p1_0.product_id,p1_0.description,p1_0.manufacturer_name,p1_0.name,p1_0.status,p1_0.unit,o1_0.note,o1_0.price,o1_0.quantity from order_detail o1_0 join product p1_0 on p1_0.product_id=o1_0.product_id where o1_0.order_id=?
Hibernate: select o1_0.order_id,o1_0.product_id,p1_0.product_id,p1_0.description,p1_0.manufacturer_name,p1_0.name,p1_0.status,p1_0.unit,o1_0.note,o1_0.price,o1_0.quantity from order_detail o1_0 join product p1_0 on p1_0.product_id=o1_0.product_id where o1_0.order_id=?
Hibernate: select o1_0.order_id,o1_0.product_id,p1_0.product_id,p1_0.description,p1_0.manufacturer_name,p1_0.name,p1_0.status,p1_0.unit,o1_0.note,o1_0.price,o1_0.quantity from order_detail o1_0 join product p1_0 on p1_0.product_id=o1_0.product_id where o1_0.order_id=?
Hibernate: select o1_0.order_id,o1_0.product_id,p1_0.product_id,p1_0.description,p1_0.manufacturer_name,p1_0.name,p1_0.status,p1_0.unit,o1_0.note,o1_0.price,o1_0.quantity from order_detail o1_0 join product p1_0 on p1_0.product_id=o1_0.product_id where o1_0.order_id=?
Hibernate: select o1_0.order_id,o1_0.product_id,p1_0.product_id,p1_0.description,p1_0.manufacturer_name,p1_0.name,p1_0.status,p1_0.unit,o1_0.note,o1_0.price,o1_0.quantity from order_detail o1_0 join product p1_0 on p1_0.product_id=o1_0.product_id where o1_0.order_id=?
Hibernate: select l1_0.employee_id,l1_0.order_id,c1_0.cust_id,c1_0.address,c1_0.email,c1_0.cust_name,c1_0.phone,l1_0.order_date from orders l1_0 left join customer c1_0 on c1_0.cust_id=l1_0.cust_id where l1_0.employee_id=?
Hibernate: select o1_0.order_id,o1_0.product_id,p1_0.product_id,p1_0.description,p1_0.manufacturer_name,p1_0.name,p1_0.status,p1_0.unit,o1_0.note,o1_0.price,o1_0.quantity from order_detail o1_0 join product p1_0 on p1_0.product_id=o1_0.product_id where o1_0.order_id=?
Hibernate: select o1_0.order_id,o1_0.product_id,p1_0.product_id,p1_0.description,p1_0.manufacturer_name,p1_0.name,p1_0.status,p1_0.unit,o1_0.note,o1_0.price,o1_0.quantity from order_detail o1_0 join product p1_0 on p1_0.product_id=o1_0.product_id where o1_0.order_id=?
Hibernate: select o1_0.order_id,o1_0.product_id,p1_0.product_id,p1_0.description,p1_0.manufacturer_name,p1_0.name,p1_0.status,p1_0.unit,o1_0.note,o1_0.price,o1_0.quantity from order_detail o1_0 join product p1_0 on p1_0.product_id=o1_0.product_id where o1_0.order_id=?
Hibernate: select o1_0.order_id,o1_0.product_id,p1_0.product_id,p1_0.description,p1_0.manufacturer_name,p1_0.name,p1_0.status,p1_0.unit,o1_0.note,o1_0.price,o1_0.quantity from order_detail o1_0 join product p1_0 on p1_0.product_id=o1_0.product_id where o1_0.order_id=?
Hibernate: select l1_0.employee_id,l1_0.order_id,c1_0.cust_id,c1_0.address,c1_0.email,c1_0.cust_name,c1_0.phone,l1_0.order_date from orders l1_0 left join customer c1_0 on c1_0.cust_id=l1_0.cust_id where l1_0.employee_id=?
Hibernate: select o1_0.order_id,o1_0.product_id,p1_0.product_id,p1_0.description,p1_0.manufacturer_name,p1_0.name,p1_0.status,p1_0.unit,o1_0.note,o1_0.price,o1_0.quantity from order_detail o1_0 join product p1_0 on p1_0.product_id=o1_0.product_id where o1_0.order_id=?
Hibernate: select l1_0.employee_id,l1_0.order_id,c1_0.cust_id,c1_0.address,c1_0.email,c1_0.cust_name,c1_0.phone,l1_0.order_date from orders l1_0 left join customer c1_0 on c1_0.cust_id=l1_0.cust_id where l1_0.employee_id=?
Hibernate: select p1_0.product_id,p1_0.price_date_time,p1_0.note,p1_0.price from product_price p1_0 where p1_0.product_id=?
Hibernate: select p1_0.product_id,p1_0.image_id,p1_0.alternative,p1_0.path from product_image p1_0 where p1_0.product_id=?
Hibernate: insert into order_detail (note,price,quantity,order_id,product_id) values (?,?,?,?,?)
Hibernate: select p1_0.product_id,p1_0.description,p1_0.manufacturer_name,p1_0.name,p1_0.status,p1_0.unit from product p1_0 where p1_0.product_id=?
Hibernate: select o1_0.order_id,o2_0.order_id,c1_0.cust_id,c1_0.address,c1_0.email,c1_0.cust_name,c1_0.phone,o2_0.employee_id,e1_0.emp_id,e1_0.address,e1_0.dob,e1_0.email,e1_0.full_name,e1_0.phone,e1_0.status,o2_0.order_date,o1_0.product_id,p1_0.product_id,p1_0.description,p1_0.manufacturer_name,p1_0.name,p1_0.status,p1_0.unit,p2_0.product_id,p2_0.image_id,p2_0.alternative,p2_0.path,o1_0.note,o1_0.price,o1_0.quantity from order_detail o1_0 join orders o2_0 on o2_0.order_id=o1_0.order_id left join customer c1_0 on c1_0.cust_id=o2_0.cust_id left join employee e1_0 on e1_0.emp_id=o2_0.employee_id join product p1_0 on p1_0.product_id=o1_0.product_id left join product_image p2_0 on p1_0.product_id=p2_0.product_id where (o1_0.order_id,o1_0.product_id) in ((?,?))
Hibernate: select o1_0.order_id,c1_0.cust_id,c1_0.address,c1_0.email,c1_0.cust_name,c1_0.phone,o1_0.employee_id,e1_0.emp_id,e1_0.address,e1_0.dob,e1_0.email,e1_0.full_name,e1_0.phone,e1_0.status,o1_0.order_date,o2_0.order_id,o2_0.product_id,p1_0.product_id,p1_0.description,p1_0.manufacturer_name,p1_0.name,p1_0.status,p1_0.unit,o2_0.note,o2_0.price,o2_0.quantity from orders o1_0 left join customer c1_0 on c1_0.cust_id=o1_0.cust_id join employee e1_0 on e1_0.emp_id=o1_0.employee_id left join order_detail o2_0 on o1_0.order_id=o2_0.order_id left join product p1_0 on p1_0.product_id=o2_0.product_id where o1_0.order_id=?
Hibernate: select p1_0.product_id,p1_0.price_date_time,p1_0.note,p1_0.price from product_price p1_0 where p1_0.product_id=?
Hibernate: select p1_0.product_id,p1_0.image_id,p1_0.alternative,p1_0.path from product_image p1_0 where p1_0.product_id=?
Hibernate: select o1_0.product_id,o1_0.order_id,o2_0.order_id,c1_0.cust_id,c1_0.address,c1_0.email,c1_0.cust_name,c1_0.phone,o2_0.employee_id,e1_0.emp_id,e1_0.address,e1_0.dob,e1_0.email,e1_0.full_name,e1_0.phone,e1_0.status,o2_0.order_date,o1_0.note,o1_0.price,o1_0.quantity from order_detail o1_0 join orders o2_0 on o2_0.order_id=o1_0.order_id left join customer c1_0 on c1_0.cust_id=o2_0.cust_id left join employee e1_0 on e1_0.emp_id=o2_0.employee_id where o1_0.product_id=?
Hibernate: select p1_0.product_id,p1_0.price_date_time,p1_0.note,p1_0.price from product_price p1_0 where p1_0.product_id=?
Hibernate: select p1_0.product_id,p1_0.image_id,p1_0.alternative,p1_0.path from product_image p1_0 where p1_0.product_id=?
Hibernate: select o1_0.product_id,o1_0.order_id,o2_0.order_id,c1_0.cust_id,c1_0.address,c1_0.email,c1_0.cust_name,c1_0.phone,o2_0.employee_id,e1_0.emp_id,e1_0.address,e1_0.dob,e1_0.email,e1_0.full_name,e1_0.phone,e1_0.status,o2_0.order_date,o1_0.note,o1_0.price,o1_0.quantity from order_detail o1_0 join orders o2_0 on o2_0.order_id=o1_0.order_id left join customer c1_0 on c1_0.cust_id=o2_0.cust_id left join employee e1_0 on e1_0.emp_id=o2_0.employee_id where o1_0.product_id=?
Hibernate: select l1_0.employee_id,l1_0.order_id,c1_0.cust_id,c1_0.address,c1_0.email,c1_0.cust_name,c1_0.phone,l1_0.order_date from orders l1_0 left join customer c1_0 on c1_0.cust_id=l1_0.cust_id where l1_0.employee_id=?
Hibernate: select p1_0.product_id,p1_0.description,p1_0.manufacturer_name,p1_0.name,p1_0.status,p1_0.unit,o1_0.product_id,o1_0.order_id,o2_0.order_id,c1_0.cust_id,c1_0.address,c1_0.email,c1_0.cust_name,c1_0.phone,o2_0.employee_id,e1_0.emp_id,e1_0.address,e1_0.dob,e1_0.email,e1_0.full_name,e1_0.phone,e1_0.status,o2_0.order_date,o1_0.note,o1_0.price,o1_0.quantity from product p1_0 left join order_detail o1_0 on p1_0.product_id=o1_0.product_id left join orders o2_0 on o2_0.order_id=o1_0.order_id left join customer c1_0 on c1_0.cust_id=o2_0.cust_id left join employee e1_0 on e1_0.emp_id=o2_0.employee_id where p1_0.product_id=?
Hibernate: select o1_0.order_id,o1_0.product_id,p1_0.product_id,p1_0.description,p1_0.manufacturer_name,p1_0.name,p1_0.status,p1_0.unit,o1_0.note,o1_0.price,o1_0.quantity from order_detail o1_0 join product p1_0 on p1_0.product_id=o1_0.product_id where o1_0.order_id=?
Hibernate: select o1_0.order_id,o1_0.product_id,p1_0.product_id,p1_0.description,p1_0.manufacturer_name,p1_0.name,p1_0.status,p1_0.unit,o1_0.note,o1_0.price,o1_0.quantity from order_detail o1_0 join product p1_0 on p1_0.product_id=o1_0.product_id where o1_0.order_id=?
Hibernate: select o1_0.order_id,o1_0.product_id,p1_0.product_id,p1_0.description,p1_0.manufacturer_name,p1_0.name,p1_0.status,p1_0.unit,o1_0.note,o1_0.price,o1_0.quantity from order_detail o1_0 join product p1_0 on p1_0.product_id=o1_0.product_id where o1_0.order_id=?
Hibernate: select o1_0.order_id,o1_0.product_id,p1_0.product_id,p1_0.description,p1_0.manufacturer_name,p1_0.name,p1_0.status,p1_0.unit,o1_0.note,o1_0.price,o1_0.quantity from order_detail o1_0 join product p1_0 on p1_0.product_id=o1_0.product_id where o1_0.order_id=?
Hibernate: select o1_0.order_id,o1_0.product_id,p1_0.product_id,p1_0.description,p1_0.manufacturer_name,p1_0.name,p1_0.status,p1_0.unit,o1_0.note,o1_0.price,o1_0.quantity from order_detail o1_0 join product p1_0 on p1_0.product_id=o1_0.product_id where o1_0.order_id=?
Hibernate: select p1_0.product_id,p1_0.price_date_time,p1_0.note,p1_0.price from product_price p1_0 where p1_0.product_id=?
Hibernate: select p1_0.product_id,p1_0.image_id,p1_0.alternative,p1_0.path from product_image p1_0 where p1_0.product_id=?
Hibernate: select o1_0.order_id,o1_0.product_id,p1_0.product_id,p1_0.description,p1_0.manufacturer_name,p1_0.name,p1_0.status,p1_0.unit,o1_0.note,o1_0.price,o1_0.quantity from order_detail o1_0 join product p1_0 on p1_0.product_id=o1_0.product_id where o1_0.order_id=?
Hibernate: insert into order_detail (note,price,quantity,order_id,product_id) values (?,?,?,?,?)
Hibernate: select e1_0.emp_id,e1_0.address,e1_0.dob,e1_0.email,e1_0.full_name,e1_0.phone,e1_0.status from employee e1_0 where e1_0.emp_id=?
Hibernate: select c1_0.cust_id,c1_0.address,c1_0.email,c1_0.cust_name,c1_0.phone from customer c1_0 where c1_0.cust_id=?
Hibernate: select o1_0.order_id,c1_0.cust_id,c1_0.address,c1_0.email,c1_0.cust_name,c1_0.phone,o1_0.employee_id,e1_0.emp_id,e1_0.address,e1_0.dob,e1_0.email,e1_0.full_name,e1_0.phone,e1_0.status,o1_0.order_date,o2_0.order_id,o2_0.product_id,p1_0.product_id,p1_0.description,p1_0.manufacturer_name,p1_0.name,p1_0.status,p1_0.unit,o2_0.note,o2_0.price,o2_0.quantity from orders o1_0 left join customer c1_0 on c1_0.cust_id=o1_0.cust_id join employee e1_0 on e1_0.emp_id=o1_0.employee_id left join order_detail o2_0 on o1_0.order_id=o2_0.order_id left join product p1_0 on p1_0.product_id=o2_0.product_id where o1_0.order_id=?
Hibernate: select c1_0.cust_id,c1_0.address,c1_0.email,c1_0.cust_name,c1_0.phone from customer c1_0 where c1_0.cust_id=?
Hibernate: select e1_0.emp_id,e1_0.address,e1_0.dob,e1_0.email,e1_0.full_name,e1_0.phone,e1_0.status from employee e1_0 where e1_0.emp_id=?
Hibernate: insert into orders (cust_id,employee_id,order_date,order_id) values (?,?,?,default)
Hibernate: select p1_0.product_id,p1_0.description,p1_0.manufacturer_name,p1_0.name,p1_0.status,p1_0.unit from product p1_0 where p1_0.product_id=?
Hibernate: select o1_0.order_id,o2_0.order_id,c1_0.cust_id,c1_0.address,c1_0.email,c1_0.cust_name,c1_0.phone,o2_0.employee_id,e1_0.emp_id,e1_0.address,e1_0.dob,e1_0.email,e1_0.full_name,e1_0.phone,e1_0.status,o2_0.order_date,o1_0.product_id,p1_0.product_id,p1_0.description,p1_0.manufacturer_name,p1_0.name,p1_0.status,p1_0.unit,p2_0.product_id,p2_0.image_id,p2_0.alternative,p2_0.path,o1_0.note,o1_0.price,o1_0.quantity from order_detail o1_0 join orders o2_0 on o2_0.order_id=o1_0.order_id left join customer c1_0 on c1_0.cust_id=o2_0.cust_id left join employee e1_0 on e1_0.emp_id=o2_0.employee_id join product p1_0 on p1_0.product_id=o1_0.product_id left join product_image p2_0 on p1_0.product_id=p2_0.product_id where (o1_0.order_id,o1_0.product_id) in ((?,?))
Hibernate: select o1_0.order_id,c1_0.cust_id,c1_0.address,c1_0.email,c1_0.cust_name,c1_0.phone,o1_0.employee_id,e1_0.emp_id,e1_0.address,e1_0.dob,e1_0.email,e1_0.full_name,e1_0.phone,e1_0.status,o1_0.order_date,o2_0.order_id,o2_0.product_id,p1_0.product_id,p1_0.description,p1_0.manufacturer_name,p1_0.name,p1_0.status,p1_0.unit,o2_0.note,o2_0.price,o2_0.quantity from orders o1_0 left join customer c1_0 on c1_0.cust_id=o1_0.cust_id join employee e1_0 on e1_0.emp_id=o1_0.employee_id left join order_detail o2_0 on o1_0.order_id=o2_0.order_id left join product p1_0 on p1_0.product_id=o2_0.product_id where o1_0.order_id=?
Hibernate: select l1_0.employee_id,l1_0.order_id,c1_0.cust_id,c1_0.address,c1_0.email,c1_0.cust_name,c1_0.phone,l1_0.order_date from orders l1_0 left join customer c1_0 on c1_0.cust_id=l1_0.cust_id where l1_0.employee_id=?
Hibernate: select p1_0.product_id,p1_0.description,p1_0.manufacturer_name,p1_0.name,p1_0.status,p1_0.unit,o1_0.product_id,o1_0.order_id,o2_0.order_id,c1_0.cust_id,c1_0.address,c1_0.email,c1_0.cust_name,c1_0.phone,o2_0.employee_id,e1_0.emp_id,e1_0.address,e1_0.dob,e1_0.email,e1_0.full_name,e1_0.phone,e1_0.status,o2_0.order_date,o1_0.note,o1_0.price,o1_0.quantity from product p1_0 left join order_detail o1_0 on p1_0.product_id=o1_0.product_id left join orders o2_0 on o2_0.order_id=o1_0.order_id left join customer c1_0 on c1_0.cust_id=o2_0.cust_id left join employee e1_0 on e1_0.emp_id=o2_0.employee_id where p1_0.product_id=?
Hibernate: select o1_0.order_id,o1_0.product_id,p1_0.product_id,p1_0.description,p1_0.manufacturer_name,p1_0.name,p1_0.status,p1_0.unit,o1_0.note,o1_0.price,o1_0.quantity from order_detail o1_0 join product p1_0 on p1_0.product_id=o1_0.product_id where o1_0.order_id=?
Hibernate: select l1_0.employee_id,l1_0.order_id,c1_0.cust_id,c1_0.address,c1_0.email,c1_0.cust_name,c1_0.phone,l1_0.order_date from orders l1_0 left join customer c1_0 on c1_0.cust_id=l1_0.cust_id where l1_0.employee_id=?
Hibernate: select o1_0.order_id,o1_0.product_id,p1_0.product_id,p1_0.description,p1_0.manufacturer_name,p1_0.name,p1_0.status,p1_0.unit,o1_0.note,o1_0.price,o1_0.quantity from order_detail o1_0 join product p1_0 on p1_0.product_id=o1_0.product_id where o1_0.order_id=?
Hibernate: select l1_0.employee_id,l1_0.order_id,c1_0.cust_id,c1_0.address,c1_0.email,c1_0.cust_name,c1_0.phone,l1_0.order_date from orders l1_0 left join customer c1_0 on c1_0.cust_id=l1_0.cust_id where l1_0.employee_id=?
Hibernate: select o1_0.order_id,o1_0.product_id,p1_0.product_id,p1_0.description,p1_0.manufacturer_name,p1_0.name,p1_0.status,p1_0.unit,o1_0.note,o1_0.price,o1_0.quantity from order_detail o1_0 join product p1_0 on p1_0.product_id=o1_0.product_id where o1_0.order_id=?
Hibernate: select l1_0.employee_id,l1_0.order_id,c1_0.cust_id,c1_0.address,c1_0.email,c1_0.cust_name,c1_0.phone,l1_0.order_date from orders l1_0 left join customer c1_0 on c1_0.cust_id=l1_0.cust_id where l1_0.employee_id=?
Hibernate: select o1_0.order_id,o1_0.product_id,p1_0.product_id,p1_0.description,p1_0.manufacturer_name,p1_0.name,p1_0.status,p1_0.unit,o1_0.note,o1_0.price,o1_0.quantity from order_detail o1_0 join product p1_0 on p1_0.product_id=o1_0.product_id where o1_0.order_id=?
Hibernate: select o1_0.order_id,o1_0.product_id,p1_0.product_id,p1_0.description,p1_0.manufacturer_name,p1_0.name,p1_0.status,p1_0.unit,o1_0.note,o1_0.price,o1_0.quantity from order_detail o1_0 join product p1_0 on p1_0.product_id=o1_0.product_id where o1_0.order_id=?
Hibernate: select l1_0.employee_id,l1_0.order_id,c1_0.cust_id,c1_0.address,c1_0.email,c1_0.cust_name,c1_0.phone,l1_0.order_date from orders l1_0 left join customer c1_0 on c1_0.cust_id=l1_0.cust_id where l1_0.employee_id=?
Hibernate: select o1_0.order_id,o1_0.product_id,p1_0.product_id,p1_0.description,p1_0.manufacturer_name,p1_0.name,p1_0.status,p1_0.unit,o1_0.note,o1_0.price,o1_0.quantity from order_detail o1_0 join product p1_0 on p1_0.product_id=o1_0.product_id where o1_0.order_id=?
Hibernate: select l1_0.employee_id,l1_0.order_id,c1_0.cust_id,c1_0.address,c1_0.email,c1_0.cust_name,c1_0.phone,l1_0.order_date from orders l1_0 left join customer c1_0 on c1_0.cust_id=l1_0.cust_id where l1_0.employee_id=?
Hibernate: select p1_0.product_id,p1_0.price_date_time,p1_0.note,p1_0.price from product_price p1_0 where p1_0.product_id=?
Hibernate: select p1_0.product_id,p1_0.image_id,p1_0.alternative,p1_0.path from product_image p1_0 where p1_0.product_id=?
Hibernate: select o1_0.order_id,o1_0.product_id,p1_0.product_id,p1_0.description,p1_0.manufacturer_name,p1_0.name,p1_0.status,p1_0.unit,o1_0.note,o1_0.price,o1_0.quantity from order_detail o1_0 join product p1_0 on p1_0.product_id=o1_0.product_id where o1_0.order_id=?
Hibernate: select l1_0.employee_id,l1_0.order_id,c1_0.cust_id,c1_0.address,c1_0.email,c1_0.cust_name,c1_0.phone,l1_0.order_date from orders l1_0 left join customer c1_0 on c1_0.cust_id=l1_0.cust_id where l1_0.employee_id=?
Hibernate: insert into order_detail (note,price,quantity,order_id,product_id) values (?,?,?,?,?)
Hibernate: select p1_0.product_id,p1_0.description,p1_0.manufacturer_name,p1_0.name,p1_0.status,p1_0.unit from product p1_0 where p1_0.product_id=?
Hibernate: select o1_0.order_id,o2_0.order_id,c1_0.cust_id,c1_0.address,c1_0.email,c1_0.cust_name,c1_0.phone,o2_0.employee_id,e1_0.emp_id,e1_0.address,e1_0.dob,e1_0.email,e1_0.full_name,e1_0.phone,e1_0.status,o2_0.order_date,o1_0.product_id,p1_0.product_id,p1_0.description,p1_0.manufacturer_name,p1_0.name,p1_0.status,p1_0.unit,p2_0.product_id,p2_0.image_id,p2_0.alternative,p2_0.path,o1_0.note,o1_0.price,o1_0.quantity from order_detail o1_0 join orders o2_0 on o2_0.order_id=o1_0.order_id left join customer c1_0 on c1_0.cust_id=o2_0.cust_id left join employee e1_0 on e1_0.emp_id=o2_0.employee_id join product p1_0 on p1_0.product_id=o1_0.product_id left join product_image p2_0 on p1_0.product_id=p2_0.product_id where (o1_0.order_id,o1_0.product_id) in ((?,?))
Hibernate: select o1_0.order_id,c1_0.cust_id,c1_0.address,c1_0.email,c1_0.cust_name,c1_0.phone,o1_0.employee_id,e1_0.emp_id,e1_0.address,e1_0.dob,e1_0.email,e1_0.full_name,e1_0.phone,e1_0.status,o1_0.order_date,o2_0.order_id,o2_0.product_id,p1_0.product_id,p1_0.description,p1_0.manufacturer_name,p1_0.name,p1_0.status,p1_0.unit,o2_0.note,o2_0.price,o2_0.quantity from orders o1_0 left join customer c1_0 on c1_0.cust_id=o1_0.cust_id join employee e1_0 on e1_0.emp_id=o1_0.employee_id left join order_detail o2_0 on o1_0.order_id=o2_0.order_id left join product p1_0 on p1_0.product_id=o2_0.product_id where o1_0.order_id=?
Hibernate: select p1_0.product_id,p1_0.price_date_time,p1_0.note,p1_0.price from product_price p1_0 where p1_0.product_id=?
Hibernate: select p1_0.product_id,p1_0.image_id,p1_0.alternative,p1_0.path from product_image p1_0 where p1_0.product_id=?
Hibernate: select o1_0.product_id,o1_0.order_id,o2_0.order_id,c1_0.cust_id,c1_0.address,c1_0.email,c1_0.cust_name,c1_0.phone,o2_0.employee_id,e1_0.emp_id,e1_0.address,e1_0.dob,e1_0.email,e1_0.full_name,e1_0.phone,e1_0.status,o2_0.order_date,o1_0.note,o1_0.price,o1_0.quantity from order_detail o1_0 join orders o2_0 on o2_0.order_id=o1_0.order_id left join customer c1_0 on c1_0.cust_id=o2_0.cust_id left join employee e1_0 on e1_0.emp_id=o2_0.employee_id where o1_0.product_id=?
Hibernate: select l1_0.employee_id,l1_0.order_id,c1_0.cust_id,c1_0.address,c1_0.email,c1_0.cust_name,c1_0.phone,l1_0.order_date from orders l1_0 left join customer c1_0 on c1_0.cust_id=l1_0.cust_id where l1_0.employee_id=?
Hibernate: select p1_0.product_id,p1_0.description,p1_0.manufacturer_name,p1_0.name,p1_0.status,p1_0.unit,o1_0.product_id,o1_0.order_id,o2_0.order_id,c1_0.cust_id,c1_0.address,c1_0.email,c1_0.cust_name,c1_0.phone,o2_0.employee_id,e1_0.emp_id,e1_0.address,e1_0.dob,e1_0.email,e1_0.full_name,e1_0.phone,e1_0.status,o2_0.order_date,o1_0.note,o1_0.price,o1_0.quantity from product p1_0 left join order_detail o1_0 on p1_0.product_id=o1_0.product_id left join orders o2_0 on o2_0.order_id=o1_0.order_id left join customer c1_0 on c1_0.cust_id=o2_0.cust_id left join employee e1_0 on e1_0.emp_id=o2_0.employee_id where p1_0.product_id=?
Hibernate: select o1_0.order_id,o1_0.product_id,p1_0.product_id,p1_0.description,p1_0.manufacturer_name,p1_0.name,p1_0.status,p1_0.unit,o1_0.note,o1_0.price,o1_0.quantity from order_detail o1_0 join product p1_0 on p1_0.product_id=o1_0.product_id where o1_0.order_id=?
Hibernate: select o1_0.order_id,o1_0.product_id,p1_0.product_id,p1_0.description,p1_0.manufacturer_name,p1_0.name,p1_0.status,p1_0.unit,o1_0.note,o1_0.price,o1_0.quantity from order_detail o1_0 join product p1_0 on p1_0.product_id=o1_0.product_id where o1_0.order_id=?
Hibernate: select o1_0.order_id,o1_0.product_id,p1_0.product_id,p1_0.description,p1_0.manufacturer_name,p1_0.name,p1_0.status,p1_0.unit,o1_0.note,o1_0.price,o1_0.quantity from order_detail o1_0 join product p1_0 on p1_0.product_id=o1_0.product_id where o1_0.order_id=?
Hibernate: select o1_0.order_id,o1_0.product_id,p1_0.product_id,p1_0.description,p1_0.manufacturer_name,p1_0.name,p1_0.status,p1_0.unit,o1_0.note,o1_0.price,o1_0.quantity from order_detail o1_0 join product p1_0 on p1_0.product_id=o1_0.product_id where o1_0.order_id=?
Hibernate: select o1_0.order_id,o1_0.product_id,p1_0.product_id,p1_0.description,p1_0.manufacturer_name,p1_0.name,p1_0.status,p1_0.unit,o1_0.note,o1_0.price,o1_0.quantity from order_detail o1_0 join product p1_0 on p1_0.product_id=o1_0.product_id where o1_0.order_id=?
Hibernate: select o1_0.order_id,o1_0.product_id,p1_0.product_id,p1_0.description,p1_0.manufacturer_name,p1_0.name,p1_0.status,p1_0.unit,o1_0.note,o1_0.price,o1_0.quantity from order_detail o1_0 join product p1_0 on p1_0.product_id=o1_0.product_id where o1_0.order_id=?
Hibernate: select p1_0.product_id,p1_0.price_date_time,p1_0.note,p1_0.price from product_price p1_0 where p1_0.product_id=?
Hibernate: select p1_0.product_id,p1_0.image_id,p1_0.alternative,p1_0.path from product_image p1_0 where p1_0.product_id=?
Hibernate: select o1_0.order_id,o1_0.product_id,p1_0.product_id,p1_0.description,p1_0.manufacturer_name,p1_0.name,p1_0.status,p1_0.unit,o1_0.note,o1_0.price,o1_0.quantity from order_detail o1_0 join product p1_0 on p1_0.product_id=o1_0.product_id where o1_0.order_id=?
Hibernate: insert into order_detail (note,price,quantity,order_id,product_id) values (?,?,?,?,?)
Hibernate: select p1_0.product_id,p1_0.description,p1_0.manufacturer_name,p1_0.name,p1_0.status,p1_0.unit from product p1_0 where p1_0.product_id=?
Hibernate: select o1_0.order_id,o2_0.order_id,c1_0.cust_id,c1_0.address,c1_0.email,c1_0.cust_name,c1_0.phone,o2_0.employee_id,e1_0.emp_id,e1_0.address,e1_0.dob,e1_0.email,e1_0.full_name,e1_0.phone,e1_0.status,o2_0.order_date,o1_0.product_id,p1_0.product_id,p1_0.description,p1_0.manufacturer_name,p1_0.name,p1_0.status,p1_0.unit,p2_0.product_id,p2_0.image_id,p2_0.alternative,p2_0.path,o1_0.note,o1_0.price,o1_0.quantity from order_detail o1_0 join orders o2_0 on o2_0.order_id=o1_0.order_id left join customer c1_0 on c1_0.cust_id=o2_0.cust_id left join employee e1_0 on e1_0.emp_id=o2_0.employee_id join product p1_0 on p1_0.product_id=o1_0.product_id left join product_image p2_0 on p1_0.product_id=p2_0.product_id where (o1_0.order_id,o1_0.product_id) in ((?,?))
Hibernate: select o1_0.order_id,c1_0.cust_id,c1_0.address,c1_0.email,c1_0.cust_name,c1_0.phone,o1_0.employee_id,e1_0.emp_id,e1_0.address,e1_0.dob,e1_0.email,e1_0.full_name,e1_0.phone,e1_0.status,o1_0.order_date,o2_0.order_id,o2_0.product_id,p1_0.product_id,p1_0.description,p1_0.manufacturer_name,p1_0.name,p1_0.status,p1_0.unit,o2_0.note,o2_0.price,o2_0.quantity from orders o1_0 left join customer c1_0 on c1_0.cust_id=o1_0.cust_id join employee e1_0 on e1_0.emp_id=o1_0.employee_id left join order_detail o2_0 on o1_0.order_id=o2_0.order_id left join product p1_0 on p1_0.product_id=o2_0.product_id where o1_0.order_id=?
Hibernate: select p1_0.product_id,p1_0.price_date_time,p1_0.note,p1_0.price from product_price p1_0 where p1_0.product_id=?
Hibernate: select p1_0.product_id,p1_0.image_id,p1_0.alternative,p1_0.path from product_image p1_0 where p1_0.product_id=?
Hibernate: select o1_0.product_id,o1_0.order_id,o2_0.order_id,c1_0.cust_id,c1_0.address,c1_0.email,c1_0.cust_name,c1_0.phone,o2_0.employee_id,e1_0.emp_id,e1_0.address,e1_0.dob,e1_0.email,e1_0.full_name,e1_0.phone,e1_0.status,o2_0.order_date,o1_0.note,o1_0.price,o1_0.quantity from order_detail o1_0 join orders o2_0 on o2_0.order_id=o1_0.order_id left join customer c1_0 on c1_0.cust_id=o2_0.cust_id left join employee e1_0 on e1_0.emp_id=o2_0.employee_id where o1_0.product_id=?
Hibernate: select p1_0.product_id,p1_0.price_date_time,p1_0.note,p1_0.price from product_price p1_0 where p1_0.product_id=?
Hibernate: select p1_0.product_id,p1_0.image_id,p1_0.alternative,p1_0.path from product_image p1_0 where p1_0.product_id=?
Hibernate: select o1_0.product_id,o1_0.order_id,o2_0.order_id,c1_0.cust_id,c1_0.address,c1_0.email,c1_0.cust_name,c1_0.phone,o2_0.employee_id,e1_0.emp_id,e1_0.address,e1_0.dob,e1_0.email,e1_0.full_name,e1_0.phone,e1_0.status,o2_0.order_date,o1_0.note,o1_0.price,o1_0.quantity from order_detail o1_0 join orders o2_0 on o2_0.order_id=o1_0.order_id left join customer c1_0 on c1_0.cust_id=o2_0.cust_id left join employee e1_0 on e1_0.emp_id=o2_0.employee_id where o1_0.product_id=?
Hibernate: select l1_0.employee_id,l1_0.order_id,c1_0.cust_id,c1_0.address,c1_0.email,c1_0.cust_name,c1_0.phone,l1_0.order_date from orders l1_0 left join customer c1_0 on c1_0.cust_id=l1_0.cust_id where l1_0.employee_id=?
Hibernate: select p1_0.product_id,p1_0.description,p1_0.manufacturer_name,p1_0.name,p1_0.status,p1_0.unit,o1_0.product_id,o1_0.order_id,o2_0.order_id,c1_0.cust_id,c1_0.address,c1_0.email,c1_0.cust_name,c1_0.phone,o2_0.employee_id,e1_0.emp_id,e1_0.address,e1_0.dob,e1_0.email,e1_0.full_name,e1_0.phone,e1_0.status,o2_0.order_date,o1_0.note,o1_0.price,o1_0.quantity from product p1_0 left join order_detail o1_0 on p1_0.product_id=o1_0.product_id left join orders o2_0 on o2_0.order_id=o1_0.order_id left join customer c1_0 on c1_0.cust_id=o2_0.cust_id left join employee e1_0 on e1_0.emp_id=o2_0.employee_id where p1_0.product_id=?
Hibernate: select o1_0.order_id,o1_0.product_id,p1_0.product_id,p1_0.description,p1_0.manufacturer_name,p1_0.name,p1_0.status,p1_0.unit,o1_0.note,o1_0.price,o1_0.quantity from order_detail o1_0 join product p1_0 on p1_0.product_id=o1_0.product_id where o1_0.order_id=?
Hibernate: select o1_0.order_id,o1_0.product_id,p1_0.product_id,p1_0.description,p1_0.manufacturer_name,p1_0.name,p1_0.status,p1_0.unit,o1_0.note,o1_0.price,o1_0.quantity from order_detail o1_0 join product p1_0 on p1_0.product_id=o1_0.product_id where o1_0.order_id=?
Hibernate: select o1_0.order_id,o1_0.product_id,p1_0.product_id,p1_0.description,p1_0.manufacturer_name,p1_0.name,p1_0.status,p1_0.unit,o1_0.note,o1_0.price,o1_0.quantity from order_detail o1_0 join product p1_0 on p1_0.product_id=o1_0.product_id where o1_0.order_id=?
Hibernate: select o1_0.order_id,o1_0.product_id,p1_0.product_id,p1_0.description,p1_0.manufacturer_name,p1_0.name,p1_0.status,p1_0.unit,o1_0.note,o1_0.price,o1_0.quantity from order_detail o1_0 join product p1_0 on p1_0.product_id=o1_0.product_id where o1_0.order_id=?
Hibernate: select o1_0.order_id,o1_0.product_id,p1_0.product_id,p1_0.description,p1_0.manufacturer_name,p1_0.name,p1_0.status,p1_0.unit,o1_0.note,o1_0.price,o1_0.quantity from order_detail o1_0 join product p1_0 on p1_0.product_id=o1_0.product_id where o1_0.order_id=?
Hibernate: select o1_0.order_id,o1_0.product_id,p1_0.product_id,p1_0.description,p1_0.manufacturer_name,p1_0.name,p1_0.status,p1_0.unit,o1_0.note,o1_0.price,o1_0.quantity from order_detail o1_0 join product p1_0 on p1_0.product_id=o1_0.product_id where o1_0.order_id=?
Hibernate: select o1_0.order_id,o1_0.product_id,p1_0.product_id,p1_0.description,p1_0.manufacturer_name,p1_0.name,p1_0.status,p1_0.unit,o1_0.note,o1_0.price,o1_0.quantity from order_detail o1_0 join product p1_0 on p1_0.product_id=o1_0.product_id where o1_0.order_id=?
Hibernate: select o1_0.order_id,o1_0.product_id,p1_0.product_id,p1_0.description,p1_0.manufacturer_name,p1_0.name,p1_0.status,p1_0.unit,o1_0.note,o1_0.price,o1_0.quantity from order_detail o1_0 join product p1_0 on p1_0.product_id=o1_0.product_id where o1_0.order_id=?
Hibernate: select o1_0.order_id,o1_0.product_id,p1_0.product_id,p1_0.description,p1_0.manufacturer_name,p1_0.name,p1_0.status,p1_0.unit,o1_0.note,o1_0.price,o1_0.quantity from order_detail o1_0 join product p1_0 on p1_0.product_id=o1_0.product_id where o1_0.order_id=?
Hibernate: select o1_0.order_id,o1_0.product_id,p1_0.product_id,p1_0.description,p1_0.manufacturer_name,p1_0.name,p1_0.status,p1_0.unit,o1_0.note,o1_0.price,o1_0.quantity from order_detail o1_0 join product p1_0 on p1_0.product_id=o1_0.product_id where o1_0.order_id=?
Hibernate: select p1_0.product_id,p1_0.price_date_time,p1_0.note,p1_0.price from product_price p1_0 where p1_0.product_id=?
Hibernate: select p1_0.product_id,p1_0.image_id,p1_0.alternative,p1_0.path from product_image p1_0 where p1_0.product_id=?
Hibernate: select o1_0.order_id,o1_0.product_id,p1_0.product_id,p1_0.description,p1_0.manufacturer_name,p1_0.name,p1_0.status,p1_0.unit,o1_0.note,o1_0.price,o1_0.quantity from order_detail o1_0 join product p1_0 on p1_0.product_id=o1_0.product_id where o1_0.order_id=?
Hibernate: select l1_0.employee_id,l1_0.order_id,c1_0.cust_id,c1_0.address,c1_0.email,c1_0.cust_name,c1_0.phone,l1_0.order_date from orders l1_0 left join customer c1_0 on c1_0.cust_id=l1_0.cust_id where l1_0.employee_id=?
Hibernate: insert into order_detail (note,price,quantity,order_id,product_id) values (?,?,?,?,?)
Hibernate: select e1_0.emp_id,e1_0.address,e1_0.dob,e1_0.email,e1_0.full_name,e1_0.phone,e1_0.status from employee e1_0 where e1_0.emp_id=?
Hibernate: select c1_0.cust_id,c1_0.address,c1_0.email,c1_0.cust_name,c1_0.phone from customer c1_0 where c1_0.cust_id=?
Hibernate: select o1_0.order_id,c1_0.cust_id,c1_0.address,c1_0.email,c1_0.cust_name,c1_0.phone,o1_0.employee_id,e1_0.emp_id,e1_0.address,e1_0.dob,e1_0.email,e1_0.full_name,e1_0.phone,e1_0.status,o1_0.order_date,o2_0.order_id,o2_0.product_id,p1_0.product_id,p1_0.description,p1_0.manufacturer_name,p1_0.name,p1_0.status,p1_0.unit,o2_0.note,o2_0.price,o2_0.quantity from orders o1_0 left join customer c1_0 on c1_0.cust_id=o1_0.cust_id join employee e1_0 on e1_0.emp_id=o1_0.employee_id left join order_detail o2_0 on o1_0.order_id=o2_0.order_id left join product p1_0 on p1_0.product_id=o2_0.product_id where o1_0.order_id=?
Hibernate: select c1_0.cust_id,c1_0.address,c1_0.email,c1_0.cust_name,c1_0.phone from customer c1_0 where c1_0.cust_id=?
Hibernate: select e1_0.emp_id,e1_0.address,e1_0.dob,e1_0.email,e1_0.full_name,e1_0.phone,e1_0.status from employee e1_0 where e1_0.emp_id=?
Hibernate: insert into orders (cust_id,employee_id,order_date,order_id) values (?,?,?,default)
Hibernate: select p1_0.product_id,p1_0.description,p1_0.manufacturer_name,p1_0.name,p1_0.status,p1_0.unit from product p1_0 where p1_0.product_id=?
Hibernate: select o1_0.order_id,o2_0.order_id,c1_0.cust_id,c1_0.address,c1_0.email,c1_0.cust_name,c1_0.phone,o2_0.employee_id,e1_0.emp_id,e1_0.address,e1_0.dob,e1_0.email,e1_0.full_name,e1_0.phone,e1_0.status,o2_0.order_date,o1_0.product_id,p1_0.product_id,p1_0.description,p1_0.manufacturer_name,p1_0.name,p1_0.status,p1_0.unit,p2_0.product_id,p2_0.image_id,p2_0.alternative,p2_0.path,o1_0.note,o1_0.price,o1_0.quantity from order_detail o1_0 join orders o2_0 on o2_0.order_id=o1_0.order_id left join customer c1_0 on c1_0.cust_id=o2_0.cust_id left join employee e1_0 on e1_0.emp_id=o2_0.employee_id join product p1_0 on p1_0.product_id=o1_0.product_id left join product_image p2_0 on p1_0.product_id=p2_0.product_id where (o1_0.order_id,o1_0.product_id) in ((?,?))
Hibernate: select o1_0.order_id,c1_0.cust_id,c1_0.address,c1_0.email,c1_0.cust_name,c1_0.phone,o1_0.employee_id,e1_0.emp_id,e1_0.address,e1_0.dob,e1_0.email,e1_0.full_name,e1_0.phone,e1_0.status,o1_0.order_date,o2_0.order_id,o2_0.product_id,p1_0.product_id,p1_0.description,p1_0.manufacturer_name,p1_0.name,p1_0.status,p1_0.unit,o2_0.note,o2_0.price,o2_0.quantity from orders o1_0 left join customer c1_0 on c1_0.cust_id=o1_0.cust_id join employee e1_0 on e1_0.emp_id=o1_0.employee_id left join order_detail o2_0 on o1_0.order_id=o2_0.order_id left join product p1_0 on p1_0.product_id=o2_0.product_id where o1_0.order_id=?
Hibernate: select l1_0.employee_id,l1_0.order_id,c1_0.cust_id,c1_0.address,c1_0.email,c1_0.cust_name,c1_0.phone,l1_0.order_date from orders l1_0 left join customer c1_0 on c1_0.cust_id=l1_0.cust_id where l1_0.employee_id=?
Hibernate: select p1_0.product_id,p1_0.description,p1_0.manufacturer_name,p1_0.name,p1_0.status,p1_0.unit,o1_0.product_id,o1_0.order_id,o2_0.order_id,c1_0.cust_id,c1_0.address,c1_0.email,c1_0.cust_name,c1_0.phone,o2_0.employee_id,e1_0.emp_id,e1_0.address,e1_0.dob,e1_0.email,e1_0.full_name,e1_0.phone,e1_0.status,o2_0.order_date,o1_0.note,o1_0.price,o1_0.quantity from product p1_0 left join order_detail o1_0 on p1_0.product_id=o1_0.product_id left join orders o2_0 on o2_0.order_id=o1_0.order_id left join customer c1_0 on c1_0.cust_id=o2_0.cust_id left join employee e1_0 on e1_0.emp_id=o2_0.employee_id where p1_0.product_id=?
Hibernate: select o1_0.order_id,o1_0.product_id,p1_0.product_id,p1_0.description,p1_0.manufacturer_name,p1_0.name,p1_0.status,p1_0.unit,o1_0.note,o1_0.price,o1_0.quantity from order_detail o1_0 join product p1_0 on p1_0.product_id=o1_0.product_id where o1_0.order_id=?
Hibernate: select o1_0.order_id,o1_0.product_id,p1_0.product_id,p1_0.description,p1_0.manufacturer_name,p1_0.name,p1_0.status,p1_0.unit,o1_0.note,o1_0.price,o1_0.quantity from order_detail o1_0 join product p1_0 on p1_0.product_id=o1_0.product_id where o1_0.order_id=?
Hibernate: select l1_0.employee_id,l1_0.order_id,c1_0.cust_id,c1_0.address,c1_0.email,c1_0.cust_name,c1_0.phone,l1_0.order_date from orders l1_0 left join customer c1_0 on c1_0.cust_id=l1_0.cust_id where l1_0.employee_id=?
Hibernate: select o1_0.order_id,o1_0.product_id,p1_0.product_id,p1_0.description,p1_0.manufacturer_name,p1_0.name,p1_0.status,p1_0.unit,o1_0.note,o1_0.price,o1_0.quantity from order_detail o1_0 join product p1_0 on p1_0.product_id=o1_0.product_id where o1_0.order_id=?
Hibernate: select l1_0.employee_id,l1_0.order_id,c1_0.cust_id,c1_0.address,c1_0.email,c1_0.cust_name,c1_0.phone,l1_0.order_date from orders l1_0 left join customer c1_0 on c1_0.cust_id=l1_0.cust_id where l1_0.employee_id=?
Hibernate: select p1_0.product_id,p1_0.price_date_time,p1_0.note,p1_0.price from product_price p1_0 where p1_0.product_id=?
Hibernate: select p1_0.product_id,p1_0.image_id,p1_0.alternative,p1_0.path from product_image p1_0 where p1_0.product_id=?
Hibernate: insert into order_detail (note,price,quantity,order_id,product_id) values (?,?,?,?,?)
Hibernate: select p1_0.product_id,p1_0.description,p1_0.manufacturer_name,p1_0.name,p1_0.status,p1_0.unit from product p1_0 where p1_0.product_id=?
Hibernate: select o1_0.order_id,o2_0.order_id,c1_0.cust_id,c1_0.address,c1_0.email,c1_0.cust_name,c1_0.phone,o2_0.employee_id,e1_0.emp_id,e1_0.address,e1_0.dob,e1_0.email,e1_0.full_name,e1_0.phone,e1_0.status,o2_0.order_date,o1_0.product_id,p1_0.product_id,p1_0.description,p1_0.manufacturer_name,p1_0.name,p1_0.status,p1_0.unit,p2_0.product_id,p2_0.image_id,p2_0.alternative,p2_0.path,o1_0.note,o1_0.price,o1_0.quantity from order_detail o1_0 join orders o2_0 on o2_0.order_id=o1_0.order_id left join customer c1_0 on c1_0.cust_id=o2_0.cust_id left join employee e1_0 on e1_0.emp_id=o2_0.employee_id join product p1_0 on p1_0.product_id=o1_0.product_id left join product_image p2_0 on p1_0.product_id=p2_0.product_id where (o1_0.order_id,o1_0.product_id) in ((?,?))
Hibernate: select o1_0.order_id,c1_0.cust_id,c1_0.address,c1_0.email,c1_0.cust_name,c1_0.phone,o1_0.employee_id,e1_0.emp_id,e1_0.address,e1_0.dob,e1_0.email,e1_0.full_name,e1_0.phone,e1_0.status,o1_0.order_date,o2_0.order_id,o2_0.product_id,p1_0.product_id,p1_0.description,p1_0.manufacturer_name,p1_0.name,p1_0.status,p1_0.unit,o2_0.note,o2_0.price,o2_0.quantity from orders o1_0 left join customer c1_0 on c1_0.cust_id=o1_0.cust_id join employee e1_0 on e1_0.emp_id=o1_0.employee_id left join order_detail o2_0 on o1_0.order_id=o2_0.order_id left join product p1_0 on p1_0.product_id=o2_0.product_id where o1_0.order_id=?
Hibernate: select p1_0.product_id,p1_0.price_date_time,p1_0.note,p1_0.price from product_price p1_0 where p1_0.product_id=?
Hibernate: select p1_0.product_id,p1_0.image_id,p1_0.alternative,p1_0.path from product_image p1_0 where p1_0.product_id=?
Hibernate: select o1_0.product_id,o1_0.order_id,o2_0.order_id,c1_0.cust_id,c1_0.address,c1_0.email,c1_0.cust_name,c1_0.phone,o2_0.employee_id,e1_0.emp_id,e1_0.address,e1_0.dob,e1_0.email,e1_0.full_name,e1_0.phone,e1_0.status,o2_0.order_date,o1_0.note,o1_0.price,o1_0.quantity from order_detail o1_0 join orders o2_0 on o2_0.order_id=o1_0.order_id left join customer c1_0 on c1_0.cust_id=o2_0.cust_id left join employee e1_0 on e1_0.emp_id=o2_0.employee_id where o1_0.product_id=?
Hibernate: select l1_0.employee_id,l1_0.order_id,c1_0.cust_id,c1_0.address,c1_0.email,c1_0.cust_name,c1_0.phone,l1_0.order_date from orders l1_0 left join customer c1_0 on c1_0.cust_id=l1_0.cust_id where l1_0.employee_id=?
Hibernate: select p1_0.product_id,p1_0.description,p1_0.manufacturer_name,p1_0.name,p1_0.status,p1_0.unit,o1_0.product_id,o1_0.order_id,o2_0.order_id,c1_0.cust_id,c1_0.address,c1_0.email,c1_0.cust_name,c1_0.phone,o2_0.employee_id,e1_0.emp_id,e1_0.address,e1_0.dob,e1_0.email,e1_0.full_name,e1_0.phone,e1_0.status,o2_0.order_date,o1_0.note,o1_0.price,o1_0.quantity from product p1_0 left join order_detail o1_0 on p1_0.product_id=o1_0.product_id left join orders o2_0 on o2_0.order_id=o1_0.order_id left join customer c1_0 on c1_0.cust_id=o2_0.cust_id left join employee e1_0 on e1_0.emp_id=o2_0.employee_id where p1_0.product_id=?
Hibernate: select o1_0.order_id,o1_0.product_id,p1_0.product_id,p1_0.description,p1_0.manufacturer_name,p1_0.name,p1_0.status,p1_0.unit,o1_0.note,o1_0.price,o1_0.quantity from order_detail o1_0 join product p1_0 on p1_0.product_id=o1_0.product_id where o1_0.order_id=?
Hibernate: select o1_0.order_id,o1_0.product_id,p1_0.product_id,p1_0.description,p1_0.manufacturer_name,p1_0.name,p1_0.status,p1_0.unit,o1_0.note,o1_0.price,o1_0.quantity from order_detail o1_0 join product p1_0 on p1_0.product_id=o1_0.product_id where o1_0.order_id=?
Hibernate: select l1_0.employee_id,l1_0.order_id,c1_0.cust_id,c1_0.address,c1_0.email,c1_0.cust_name,c1_0.phone,l1_0.order_date from orders l1_0 left join customer c1_0 on c1_0.cust_id=l1_0.cust_id where l1_0.employee_id=?
Hibernate: select o1_0.order_id,o1_0.product_id,p1_0.product_id,p1_0.description,p1_0.manufacturer_name,p1_0.name,p1_0.status,p1_0.unit,o1_0.note,o1_0.price,o1_0.quantity from order_detail o1_0 join product p1_0 on p1_0.product_id=o1_0.product_id where o1_0.order_id=?
Hibernate: select l1_0.employee_id,l1_0.order_id,c1_0.cust_id,c1_0.address,c1_0.email,c1_0.cust_name,c1_0.phone,l1_0.order_date from orders l1_0 left join customer c1_0 on c1_0.cust_id=l1_0.cust_id where l1_0.employee_id=?
Hibernate: select o1_0.order_id,o1_0.product_id,p1_0.product_id,p1_0.description,p1_0.manufacturer_name,p1_0.name,p1_0.status,p1_0.unit,o1_0.note,o1_0.price,o1_0.quantity from order_detail o1_0 join product p1_0 on p1_0.product_id=o1_0.product_id where o1_0.order_id=?
Hibernate: select o1_0.order_id,o1_0.product_id,p1_0.product_id,p1_0.description,p1_0.manufacturer_name,p1_0.name,p1_0.status,p1_0.unit,o1_0.note,o1_0.price,o1_0.quantity from order_detail o1_0 join product p1_0 on p1_0.product_id=o1_0.product_id where o1_0.order_id=?
Hibernate: select o1_0.order_id,o1_0.product_id,p1_0.product_id,p1_0.description,p1_0.manufacturer_name,p1_0.name,p1_0.status,p1_0.unit,o1_0.note,o1_0.price,o1_0.quantity from order_detail o1_0 join product p1_0 on p1_0.product_id=o1_0.product_id where o1_0.order_id=?
Hibernate: select l1_0.employee_id,l1_0.order_id,c1_0.cust_id,c1_0.address,c1_0.email,c1_0.cust_name,c1_0.phone,l1_0.order_date from orders l1_0 left join customer c1_0 on c1_0.cust_id=l1_0.cust_id where l1_0.employee_id=?
Hibernate: select p1_0.product_id,p1_0.price_date_time,p1_0.note,p1_0.price from product_price p1_0 where p1_0.product_id=?
Hibernate: select p1_0.product_id,p1_0.image_id,p1_0.alternative,p1_0.path from product_image p1_0 where p1_0.product_id=?
Hibernate: select o1_0.order_id,o1_0.product_id,p1_0.product_id,p1_0.description,p1_0.manufacturer_name,p1_0.name,p1_0.status,p1_0.unit,o1_0.note,o1_0.price,o1_0.quantity from order_detail o1_0 join product p1_0 on p1_0.product_id=o1_0.product_id where o1_0.order_id=?
Hibernate: insert into order_detail (note,price,quantity,order_id,product_id) values (?,?,?,?,?)
Hibernate: select p1_0.product_id,p1_0.description,p1_0.manufacturer_name,p1_0.name,p1_0.status,p1_0.unit from product p1_0 where p1_0.product_id=?
Hibernate: select o1_0.order_id,o2_0.order_id,c1_0.cust_id,c1_0.address,c1_0.email,c1_0.cust_name,c1_0.phone,o2_0.employee_id,e1_0.emp_id,e1_0.address,e1_0.dob,e1_0.email,e1_0.full_name,e1_0.phone,e1_0.status,o2_0.order_date,o1_0.product_id,p1_0.product_id,p1_0.description,p1_0.manufacturer_name,p1_0.name,p1_0.status,p1_0.unit,p2_0.product_id,p2_0.image_id,p2_0.alternative,p2_0.path,o1_0.note,o1_0.price,o1_0.quantity from order_detail o1_0 join orders o2_0 on o2_0.order_id=o1_0.order_id left join customer c1_0 on c1_0.cust_id=o2_0.cust_id left join employee e1_0 on e1_0.emp_id=o2_0.employee_id join product p1_0 on p1_0.product_id=o1_0.product_id left join product_image p2_0 on p1_0.product_id=p2_0.product_id where (o1_0.order_id,o1_0.product_id) in ((?,?))
Hibernate: select o1_0.order_id,c1_0.cust_id,c1_0.address,c1_0.email,c1_0.cust_name,c1_0.phone,o1_0.employee_id,e1_0.emp_id,e1_0.address,e1_0.dob,e1_0.email,e1_0.full_name,e1_0.phone,e1_0.status,o1_0.order_date,o2_0.order_id,o2_0.product_id,p1_0.product_id,p1_0.description,p1_0.manufacturer_name,p1_0.name,p1_0.status,p1_0.unit,o2_0.note,o2_0.price,o2_0.quantity from orders o1_0 left join customer c1_0 on c1_0.cust_id=o1_0.cust_id join employee e1_0 on e1_0.emp_id=o1_0.employee_id left join order_detail o2_0 on o1_0.order_id=o2_0.order_id left join product p1_0 on p1_0.product_id=o2_0.product_id where o1_0.order_id=?
Hibernate: select p1_0.product_id,p1_0.price_date_time,p1_0.note,p1_0.price from product_price p1_0 where p1_0.product_id=?
Hibernate: select p1_0.product_id,p1_0.image_id,p1_0.alternative,p1_0.path from product_image p1_0 where p1_0.product_id=?
Hibernate: select o1_0.product_id,o1_0.order_id,o2_0.order_id,c1_0.cust_id,c1_0.address,c1_0.email,c1_0.cust_name,c1_0.phone,o2_0.employee_id,e1_0.emp_id,e1_0.address,e1_0.dob,e1_0.email,e1_0.full_name,e1_0.phone,e1_0.status,o2_0.order_date,o1_0.note,o1_0.price,o1_0.quantity from order_detail o1_0 join orders o2_0 on o2_0.order_id=o1_0.order_id left join customer c1_0 on c1_0.cust_id=o2_0.cust_id left join employee e1_0 on e1_0.emp_id=o2_0.employee_id where o1_0.product_id=?
Hibernate: select p1_0.product_id,p1_0.price_date_time,p1_0.note,p1_0.price from product_price p1_0 where p1_0.product_id=?
Hibernate: select p1_0.product_id,p1_0.image_id,p1_0.alternative,p1_0.path from product_image p1_0 where p1_0.product_id=?
Hibernate: select o1_0.product_id,o1_0.order_id,o2_0.order_id,c1_0.cust_id,c1_0.address,c1_0.email,c1_0.cust_name,c1_0.phone,o2_0.employee_id,e1_0.emp_id,e1_0.address,e1_0.dob,e1_0.email,e1_0.full_name,e1_0.phone,e1_0.status,o2_0.order_date,o1_0.note,o1_0.price,o1_0.quantity from order_detail o1_0 join orders o2_0 on o2_0.order_id=o1_0.order_id left join customer c1_0 on c1_0.cust_id=o2_0.cust_id left join employee e1_0 on e1_0.emp_id=o2_0.employee_id where o1_0.product_id=?
Hibernate: select l1_0.employee_id,l1_0.order_id,c1_0.cust_id,c1_0.address,c1_0.email,c1_0.cust_name,c1_0.phone,l1_0.order_date from orders l1_0 left join customer c1_0 on c1_0.cust_id=l1_0.cust_id where l1_0.employee_id=?
Hibernate: select p1_0.product_id,p1_0.description,p1_0.manufacturer_name,p1_0.name,p1_0.status,p1_0.unit,o1_0.product_id,o1_0.order_id,o2_0.order_id,c1_0.cust_id,c1_0.address,c1_0.email,c1_0.cust_name,c1_0.phone,o2_0.employee_id,e1_0.emp_id,e1_0.address,e1_0.dob,e1_0.email,e1_0.full_name,e1_0.phone,e1_0.status,o2_0.order_date,o1_0.note,o1_0.price,o1_0.quantity from product p1_0 left join order_detail o1_0 on p1_0.product_id=o1_0.product_id left join orders o2_0 on o2_0.order_id=o1_0.order_id left join customer c1_0 on c1_0.cust_id=o2_0.cust_id left join employee e1_0 on e1_0.emp_id=o2_0.employee_id where p1_0.product_id=?
Hibernate: select o1_0.order_id,o1_0.product_id,p1_0.product_id,p1_0.description,p1_0.manufacturer_name,p1_0.name,p1_0.status,p1_0.unit,o1_0.note,o1_0.price,o1_0.quantity from order_detail o1_0 join product p1_0 on p1_0.product_id=o1_0.product_id where o1_0.order_id=?
Hibernate: select o1_0.order_id,o1_0.product_id,p1_0.product_id,p1_0.description,p1_0.manufacturer_name,p1_0.name,p1_0.status,p1_0.unit,o1_0.note,o1_0.price,o1_0.quantity from order_detail o1_0 join product p1_0 on p1_0.product_id=o1_0.product_id where o1_0.order_id=?
Hibernate: select o1_0.order_id,o1_0.product_id,p1_0.product_id,p1_0.description,p1_0.manufacturer_name,p1_0.name,p1_0.status,p1_0.unit,o1_0.note,o1_0.price,o1_0.quantity from order_detail o1_0 join product p1_0 on p1_0.product_id=o1_0.product_id where o1_0.order_id=?
Hibernate: select o1_0.order_id,o1_0.product_id,p1_0.product_id,p1_0.description,p1_0.manufacturer_name,p1_0.name,p1_0.status,p1_0.unit,o1_0.note,o1_0.price,o1_0.quantity from order_detail o1_0 join product p1_0 on p1_0.product_id=o1_0.product_id where o1_0.order_id=?
Hibernate: select o1_0.order_id,o1_0.product_id,p1_0.product_id,p1_0.description,p1_0.manufacturer_name,p1_0.name,p1_0.status,p1_0.unit,o1_0.note,o1_0.price,o1_0.quantity from order_detail o1_0 join product p1_0 on p1_0.product_id=o1_0.product_id where o1_0.order_id=?
Hibernate: select o1_0.order_id,o1_0.product_id,p1_0.product_id,p1_0.description,p1_0.manufacturer_name,p1_0.name,p1_0.status,p1_0.unit,o1_0.note,o1_0.price,o1_0.quantity from order_detail o1_0 join product p1_0 on p1_0.product_id=o1_0.product_id where o1_0.order_id=?
Hibernate: select l1_0.employee_id,l1_0.order_id,c1_0.cust_id,c1_0.address,c1_0.email,c1_0.cust_name,c1_0.phone,l1_0.order_date from orders l1_0 left join customer c1_0 on c1_0.cust_id=l1_0.cust_id where l1_0.employee_id=?
Hibernate: select p1_0.product_id,p1_0.price_date_time,p1_0.note,p1_0.price from product_price p1_0 where p1_0.product_id=?
Hibernate: select p1_0.product_id,p1_0.image_id,p1_0.alternative,p1_0.path from product_image p1_0 where p1_0.product_id=?
Hibernate: select o1_0.order_id,o1_0.product_id,p1_0.product_id,p1_0.description,p1_0.manufacturer_name,p1_0.name,p1_0.status,p1_0.unit,o1_0.note,o1_0.price,o1_0.quantity from order_detail o1_0 join product p1_0 on p1_0.product_id=o1_0.product_id where o1_0.order_id=?
Hibernate: select l1_0.employee_id,l1_0.order_id,c1_0.cust_id,c1_0.address,c1_0.email,c1_0.cust_name,c1_0.phone,l1_0.order_date from orders l1_0 left join customer c1_0 on c1_0.cust_id=l1_0.cust_id where l1_0.employee_id=?
Hibernate: insert into order_detail (note,price,quantity,order_id,product_id) values (?,?,?,?,?)
Hibernate: select e1_0.emp_id,e1_0.address,e1_0.dob,e1_0.email,e1_0.full_name,e1_0.phone,e1_0.status from employee e1_0 where e1_0.emp_id=?
Hibernate: select c1_0.cust_id,c1_0.address,c1_0.email,c1_0.cust_name,c1_0.phone from customer c1_0 where c1_0.cust_id=?
Hibernate: select o1_0.order_id,c1_0.cust_id,c1_0.address,c1_0.email,c1_0.cust_name,c1_0.phone,o1_0.employee_id,e1_0.emp_id,e1_0.address,e1_0.dob,e1_0.email,e1_0.full_name,e1_0.phone,e1_0.status,o1_0.order_date,o2_0.order_id,o2_0.product_id,p1_0.product_id,p1_0.description,p1_0.manufacturer_name,p1_0.name,p1_0.status,p1_0.unit,o2_0.note,o2_0.price,o2_0.quantity from orders o1_0 left join customer c1_0 on c1_0.cust_id=o1_0.cust_id join employee e1_0 on e1_0.emp_id=o1_0.employee_id left join order_detail o2_0 on o1_0.order_id=o2_0.order_id left join product p1_0 on p1_0.product_id=o2_0.product_id where o1_0.order_id=?
Hibernate: select c1_0.cust_id,c1_0.address,c1_0.email,c1_0.cust_name,c1_0.phone from customer c1_0 where c1_0.cust_id=?
Hibernate: select e1_0.emp_id,e1_0.address,e1_0.dob,e1_0.email,e1_0.full_name,e1_0.phone,e1_0.status from employee e1_0 where e1_0.emp_id=?
Hibernate: insert into orders (cust_id,employee_id,order_date,order_id) values (?,?,?,default)
Hibernate: select p1_0.product_id,p1_0.description,p1_0.manufacturer_name,p1_0.name,p1_0.status,p1_0.unit from product p1_0 where p1_0.product_id=?
Hibernate: select o1_0.order_id,o2_0.order_id,c1_0.cust_id,c1_0.address,c1_0.email,c1_0.cust_name,c1_0.phone,o2_0.employee_id,e1_0.emp_id,e1_0.address,e1_0.dob,e1_0.email,e1_0.full_name,e1_0.phone,e1_0.status,o2_0.order_date,o1_0.product_id,p1_0.product_id,p1_0.description,p1_0.manufacturer_name,p1_0.name,p1_0.status,p1_0.unit,p2_0.product_id,p2_0.image_id,p2_0.alternative,p2_0.path,o1_0.note,o1_0.price,o1_0.quantity from order_detail o1_0 join orders o2_0 on o2_0.order_id=o1_0.order_id left join customer c1_0 on c1_0.cust_id=o2_0.cust_id left join employee e1_0 on e1_0.emp_id=o2_0.employee_id join product p1_0 on p1_0.product_id=o1_0.product_id left join product_image p2_0 on p1_0.product_id=p2_0.product_id where (o1_0.order_id,o1_0.product_id) in ((?,?))
Hibernate: select o1_0.order_id,c1_0.cust_id,c1_0.address,c1_0.email,c1_0.cust_name,c1_0.phone,o1_0.employee_id,e1_0.emp_id,e1_0.address,e1_0.dob,e1_0.email,e1_0.full_name,e1_0.phone,e1_0.status,o1_0.order_date,o2_0.order_id,o2_0.product_id,p1_0.product_id,p1_0.description,p1_0.manufacturer_name,p1_0.name,p1_0.status,p1_0.unit,o2_0.note,o2_0.price,o2_0.quantity from orders o1_0 left join customer c1_0 on c1_0.cust_id=o1_0.cust_id join employee e1_0 on e1_0.emp_id=o1_0.employee_id left join order_detail o2_0 on o1_0.order_id=o2_0.order_id left join product p1_0 on p1_0.product_id=o2_0.product_id where o1_0.order_id=?
Hibernate: select l1_0.employee_id,l1_0.order_id,c1_0.cust_id,c1_0.address,c1_0.email,c1_0.cust_name,c1_0.phone,l1_0.order_date from orders l1_0 left join customer c1_0 on c1_0.cust_id=l1_0.cust_id where l1_0.employee_id=?
Hibernate: select p1_0.product_id,p1_0.description,p1_0.manufacturer_name,p1_0.name,p1_0.status,p1_0.unit,o1_0.product_id,o1_0.order_id,o2_0.order_id,c1_0.cust_id,c1_0.address,c1_0.email,c1_0.cust_name,c1_0.phone,o2_0.employee_id,e1_0.emp_id,e1_0.address,e1_0.dob,e1_0.email,e1_0.full_name,e1_0.phone,e1_0.status,o2_0.order_date,o1_0.note,o1_0.price,o1_0.quantity from product p1_0 left join order_detail o1_0 on p1_0.product_id=o1_0.product_id left join orders o2_0 on o2_0.order_id=o1_0.order_id left join customer c1_0 on c1_0.cust_id=o2_0.cust_id left join employee e1_0 on e1_0.emp_id=o2_0.employee_id where p1_0.product_id=?
Hibernate: select o1_0.order_id,o1_0.product_id,p1_0.product_id,p1_0.description,p1_0.manufacturer_name,p1_0.name,p1_0.status,p1_0.unit,o1_0.note,o1_0.price,o1_0.quantity from order_detail o1_0 join product p1_0 on p1_0.product_id=o1_0.product_id where o1_0.order_id=?
Hibernate: select o1_0.order_id,o1_0.product_id,p1_0.product_id,p1_0.description,p1_0.manufacturer_name,p1_0.name,p1_0.status,p1_0.unit,o1_0.note,o1_0.price,o1_0.quantity from order_detail o1_0 join product p1_0 on p1_0.product_id=o1_0.product_id where o1_0.order_id=?
Hibernate: select o1_0.order_id,o1_0.product_id,p1_0.product_id,p1_0.description,p1_0.manufacturer_name,p1_0.name,p1_0.status,p1_0.unit,o1_0.note,o1_0.price,o1_0.quantity from order_detail o1_0 join product p1_0 on p1_0.product_id=o1_0.product_id where o1_0.order_id=?
Hibernate: select o1_0.order_id,o1_0.product_id,p1_0.product_id,p1_0.description,p1_0.manufacturer_name,p1_0.name,p1_0.status,p1_0.unit,o1_0.note,o1_0.price,o1_0.quantity from order_detail o1_0 join product p1_0 on p1_0.product_id=o1_0.product_id where o1_0.order_id=?
Hibernate: select o1_0.order_id,o1_0.product_id,p1_0.product_id,p1_0.description,p1_0.manufacturer_name,p1_0.name,p1_0.status,p1_0.unit,o1_0.note,o1_0.price,o1_0.quantity from order_detail o1_0 join product p1_0 on p1_0.product_id=o1_0.product_id where o1_0.order_id=?
Hibernate: select o1_0.order_id,o1_0.product_id,p1_0.product_id,p1_0.description,p1_0.manufacturer_name,p1_0.name,p1_0.status,p1_0.unit,o1_0.note,o1_0.price,o1_0.quantity from order_detail o1_0 join product p1_0 on p1_0.product_id=o1_0.product_id where o1_0.order_id=?
Hibernate: select o1_0.order_id,o1_0.product_id,p1_0.product_id,p1_0.description,p1_0.manufacturer_name,p1_0.name,p1_0.status,p1_0.unit,o1_0.note,o1_0.price,o1_0.quantity from order_detail o1_0 join product p1_0 on p1_0.product_id=o1_0.product_id where o1_0.order_id=?
Hibernate: select l1_0.employee_id,l1_0.order_id,c1_0.cust_id,c1_0.address,c1_0.email,c1_0.cust_name,c1_0.phone,l1_0.order_date from orders l1_0 left join customer c1_0 on c1_0.cust_id=l1_0.cust_id where l1_0.employee_id=?
Hibernate: select o1_0.order_id,o1_0.product_id,p1_0.product_id,p1_0.description,p1_0.manufacturer_name,p1_0.name,p1_0.status,p1_0.unit,o1_0.note,o1_0.price,o1_0.quantity from order_detail o1_0 join product p1_0 on p1_0.product_id=o1_0.product_id where o1_0.order_id=?
Hibernate: select l1_0.employee_id,l1_0.order_id,c1_0.cust_id,c1_0.address,c1_0.email,c1_0.cust_name,c1_0.phone,l1_0.order_date from orders l1_0 left join customer c1_0 on c1_0.cust_id=l1_0.cust_id where l1_0.employee_id=?
Hibernate: select o1_0.order_id,o1_0.product_id,p1_0.product_id,p1_0.description,p1_0.manufacturer_name,p1_0.name,p1_0.status,p1_0.unit,o1_0.note,o1_0.price,o1_0.quantity from order_detail o1_0 join product p1_0 on p1_0.product_id=o1_0.product_id where o1_0.order_id=?
Hibernate: select l1_0.employee_id,l1_0.order_id,c1_0.cust_id,c1_0.address,c1_0.email,c1_0.cust_name,c1_0.phone,l1_0.order_date from orders l1_0 left join customer c1_0 on c1_0.cust_id=l1_0.cust_id where l1_0.employee_id=?
Hibernate: select o1_0.order_id,o1_0.product_id,p1_0.product_id,p1_0.description,p1_0.manufacturer_name,p1_0.name,p1_0.status,p1_0.unit,o1_0.note,o1_0.price,o1_0.quantity from order_detail o1_0 join product p1_0 on p1_0.product_id=o1_0.product_id where o1_0.order_id=?
Hibernate: select l1_0.employee_id,l1_0.order_id,c1_0.cust_id,c1_0.address,c1_0.email,c1_0.cust_name,c1_0.phone,l1_0.order_date from orders l1_0 left join customer c1_0 on c1_0.cust_id=l1_0.cust_id where l1_0.employee_id=?
Hibernate: select p1_0.product_id,p1_0.price_date_time,p1_0.note,p1_0.price from product_price p1_0 where p1_0.product_id=?
Hibernate: select p1_0.product_id,p1_0.image_id,p1_0.alternative,p1_0.path from product_image p1_0 where p1_0.product_id=?
Hibernate: select o1_0.order_id,o1_0.product_id,p1_0.product_id,p1_0.description,p1_0.manufacturer_name,p1_0.name,p1_0.status,p1_0.unit,o1_0.note,o1_0.price,o1_0.quantity from order_detail o1_0 join product p1_0 on p1_0.product_id=o1_0.product_id where o1_0.order_id=?
Hibernate: select l1_0.employee_id,l1_0.order_id,c1_0.cust_id,c1_0.address,c1_0.email,c1_0.cust_name,c1_0.phone,l1_0.order_date from orders l1_0 left join customer c1_0 on c1_0.cust_id=l1_0.cust_id where l1_0.employee_id=?
Hibernate: insert into order_detail (note,price,quantity,order_id,product_id) values (?,?,?,?,?)
Hibernate: select p1_0.product_id,p1_0.description,p1_0.manufacturer_name,p1_0.name,p1_0.status,p1_0.unit from product p1_0 where p1_0.product_id=?
Hibernate: select o1_0.order_id,o2_0.order_id,c1_0.cust_id,c1_0.address,c1_0.email,c1_0.cust_name,c1_0.phone,o2_0.employee_id,e1_0.emp_id,e1_0.address,e1_0.dob,e1_0.email,e1_0.full_name,e1_0.phone,e1_0.status,o2_0.order_date,o1_0.product_id,p1_0.product_id,p1_0.description,p1_0.manufacturer_name,p1_0.name,p1_0.status,p1_0.unit,p2_0.product_id,p2_0.image_id,p2_0.alternative,p2_0.path,o1_0.note,o1_0.price,o1_0.quantity from order_detail o1_0 join orders o2_0 on o2_0.order_id=o1_0.order_id left join customer c1_0 on c1_0.cust_id=o2_0.cust_id left join employee e1_0 on e1_0.emp_id=o2_0.employee_id join product p1_0 on p1_0.product_id=o1_0.product_id left join product_image p2_0 on p1_0.product_id=p2_0.product_id where (o1_0.order_id,o1_0.product_id) in ((?,?))
Hibernate: select o1_0.order_id,c1_0.cust_id,c1_0.address,c1_0.email,c1_0.cust_name,c1_0.phone,o1_0.employee_id,e1_0.emp_id,e1_0.address,e1_0.dob,e1_0.email,e1_0.full_name,e1_0.phone,e1_0.status,o1_0.order_date,o2_0.order_id,o2_0.product_id,p1_0.product_id,p1_0.description,p1_0.manufacturer_name,p1_0.name,p1_0.status,p1_0.unit,o2_0.note,o2_0.price,o2_0.quantity from orders o1_0 left join customer c1_0 on c1_0.cust_id=o1_0.cust_id join employee e1_0 on e1_0.emp_id=o1_0.employee_id left join order_detail o2_0 on o1_0.order_id=o2_0.order_id left join product p1_0 on p1_0.product_id=o2_0.product_id where o1_0.order_id=?
Hibernate: select p1_0.product_id,p1_0.price_date_time,p1_0.note,p1_0.price from product_price p1_0 where p1_0.product_id=?
Hibernate: select p1_0.product_id,p1_0.image_id,p1_0.alternative,p1_0.path from product_image p1_0 where p1_0.product_id=?
Hibernate: select o1_0.product_id,o1_0.order_id,o2_0.order_id,c1_0.cust_id,c1_0.address,c1_0.email,c1_0.cust_name,c1_0.phone,o2_0.employee_id,e1_0.emp_id,e1_0.address,e1_0.dob,e1_0.email,e1_0.full_name,e1_0.phone,e1_0.status,o2_0.order_date,o1_0.note,o1_0.price,o1_0.quantity from order_detail o1_0 join orders o2_0 on o2_0.order_id=o1_0.order_id left join customer c1_0 on c1_0.cust_id=o2_0.cust_id left join employee e1_0 on e1_0.emp_id=o2_0.employee_id where o1_0.product_id=?
Hibernate: select l1_0.employee_id,l1_0.order_id,c1_0.cust_id,c1_0.address,c1_0.email,c1_0.cust_name,c1_0.phone,l1_0.order_date from orders l1_0 left join customer c1_0 on c1_0.cust_id=l1_0.cust_id where l1_0.employee_id=?
Hibernate: select p1_0.product_id,p1_0.description,p1_0.manufacturer_name,p1_0.name,p1_0.status,p1_0.unit,o1_0.product_id,o1_0.order_id,o2_0.order_id,c1_0.cust_id,c1_0.address,c1_0.email,c1_0.cust_name,c1_0.phone,o2_0.employee_id,e1_0.emp_id,e1_0.address,e1_0.dob,e1_0.email,e1_0.full_name,e1_0.phone,e1_0.status,o2_0.order_date,o1_0.note,o1_0.price,o1_0.quantity from product p1_0 left join order_detail o1_0 on p1_0.product_id=o1_0.product_id left join orders o2_0 on o2_0.order_id=o1_0.order_id left join customer c1_0 on c1_0.cust_id=o2_0.cust_id left join employee e1_0 on e1_0.emp_id=o2_0.employee_id where p1_0.product_id=?
Hibernate: select o1_0.order_id,o1_0.product_id,p1_0.product_id,p1_0.description,p1_0.manufacturer_name,p1_0.name,p1_0.status,p1_0.unit,o1_0.note,o1_0.price,o1_0.quantity from order_detail o1_0 join product p1_0 on p1_0.product_id=o1_0.product_id where o1_0.order_id=?
Hibernate: select l1_0.employee_id,l1_0.order_id,c1_0.cust_id,c1_0.address,c1_0.email,c1_0.cust_name,c1_0.phone,l1_0.order_date from orders l1_0 left join customer c1_0 on c1_0.cust_id=l1_0.cust_id where l1_0.employee_id=?
Hibernate: select o1_0.order_id,o1_0.product_id,p1_0.product_id,p1_0.description,p1_0.manufacturer_name,p1_0.name,p1_0.status,p1_0.unit,o1_0.note,o1_0.price,o1_0.quantity from order_detail o1_0 join product p1_0 on p1_0.product_id=o1_0.product_id where o1_0.order_id=?
Hibernate: select o1_0.order_id,o1_0.product_id,p1_0.product_id,p1_0.description,p1_0.manufacturer_name,p1_0.name,p1_0.status,p1_0.unit,o1_0.note,o1_0.price,o1_0.quantity from order_detail o1_0 join product p1_0 on p1_0.product_id=o1_0.product_id where o1_0.order_id=?
Hibernate: select l1_0.employee_id,l1_0.order_id,c1_0.cust_id,c1_0.address,c1_0.email,c1_0.cust_name,c1_0.phone,l1_0.order_date from orders l1_0 left join customer c1_0 on c1_0.cust_id=l1_0.cust_id where l1_0.employee_id=?
Hibernate: select o1_0.order_id,o1_0.product_id,p1_0.product_id,p1_0.description,p1_0.manufacturer_name,p1_0.name,p1_0.status,p1_0.unit,o1_0.note,o1_0.price,o1_0.quantity from order_detail o1_0 join product p1_0 on p1_0.product_id=o1_0.product_id where o1_0.order_id=?
Hibernate: select o1_0.order_id,o1_0.product_id,p1_0.product_id,p1_0.description,p1_0.manufacturer_name,p1_0.name,p1_0.status,p1_0.unit,o1_0.note,o1_0.price,o1_0.quantity from order_detail o1_0 join product p1_0 on p1_0.product_id=o1_0.product_id where o1_0.order_id=?
Hibernate: select p1_0.product_id,p1_0.price_date_time,p1_0.note,p1_0.price from product_price p1_0 where p1_0.product_id=?
Hibernate: select p1_0.product_id,p1_0.image_id,p1_0.alternative,p1_0.path from product_image p1_0 where p1_0.product_id=?
Hibernate: select o1_0.order_id,o1_0.product_id,p1_0.product_id,p1_0.description,p1_0.manufacturer_name,p1_0.name,p1_0.status,p1_0.unit,o1_0.note,o1_0.price,o1_0.quantity from order_detail o1_0 join product p1_0 on p1_0.product_id=o1_0.product_id where o1_0.order_id=?
Hibernate: insert into order_detail (note,price,quantity,order_id,product_id) values (?,?,?,?,?)
Hibernate: select p1_0.product_id,p1_0.description,p1_0.manufacturer_name,p1_0.name,p1_0.status,p1_0.unit from product p1_0 where p1_0.product_id=?
Hibernate: select o1_0.order_id,o2_0.order_id,c1_0.cust_id,c1_0.address,c1_0.email,c1_0.cust_name,c1_0.phone,o2_0.employee_id,e1_0.emp_id,e1_0.address,e1_0.dob,e1_0.email,e1_0.full_name,e1_0.phone,e1_0.status,o2_0.order_date,o1_0.product_id,p1_0.product_id,p1_0.description,p1_0.manufacturer_name,p1_0.name,p1_0.status,p1_0.unit,p2_0.product_id,p2_0.image_id,p2_0.alternative,p2_0.path,o1_0.note,o1_0.price,o1_0.quantity from order_detail o1_0 join orders o2_0 on o2_0.order_id=o1_0.order_id left join customer c1_0 on c1_0.cust_id=o2_0.cust_id left join employee e1_0 on e1_0.emp_id=o2_0.employee_id join product p1_0 on p1_0.product_id=o1_0.product_id left join product_image p2_0 on p1_0.product_id=p2_0.product_id where (o1_0.order_id,o1_0.product_id) in ((?,?))
Hibernate: select o1_0.order_id,c1_0.cust_id,c1_0.address,c1_0.email,c1_0.cust_name,c1_0.phone,o1_0.employee_id,e1_0.emp_id,e1_0.address,e1_0.dob,e1_0.email,e1_0.full_name,e1_0.phone,e1_0.status,o1_0.order_date,o2_0.order_id,o2_0.product_id,p1_0.product_id,p1_0.description,p1_0.manufacturer_name,p1_0.name,p1_0.status,p1_0.unit,o2_0.note,o2_0.price,o2_0.quantity from orders o1_0 left join customer c1_0 on c1_0.cust_id=o1_0.cust_id join employee e1_0 on e1_0.emp_id=o1_0.employee_id left join order_detail o2_0 on o1_0.order_id=o2_0.order_id left join product p1_0 on p1_0.product_id=o2_0.product_id where o1_0.order_id=?
Hibernate: select p1_0.product_id,p1_0.price_date_time,p1_0.note,p1_0.price from product_price p1_0 where p1_0.product_id=?
Hibernate: select p1_0.product_id,p1_0.image_id,p1_0.alternative,p1_0.path from product_image p1_0 where p1_0.product_id=?
Hibernate: select o1_0.product_id,o1_0.order_id,o2_0.order_id,c1_0.cust_id,c1_0.address,c1_0.email,c1_0.cust_name,c1_0.phone,o2_0.employee_id,e1_0.emp_id,e1_0.address,e1_0.dob,e1_0.email,e1_0.full_name,e1_0.phone,e1_0.status,o2_0.order_date,o1_0.note,o1_0.price,o1_0.quantity from order_detail o1_0 join orders o2_0 on o2_0.order_id=o1_0.order_id left join customer c1_0 on c1_0.cust_id=o2_0.cust_id left join employee e1_0 on e1_0.emp_id=o2_0.employee_id where o1_0.product_id=?
Hibernate: select p1_0.product_id,p1_0.price_date_time,p1_0.note,p1_0.price from product_price p1_0 where p1_0.product_id=?
Hibernate: select p1_0.product_id,p1_0.image_id,p1_0.alternative,p1_0.path from product_image p1_0 where p1_0.product_id=?
Hibernate: select o1_0.product_id,o1_0.order_id,o2_0.order_id,c1_0.cust_id,c1_0.address,c1_0.email,c1_0.cust_name,c1_0.phone,o2_0.employee_id,e1_0.emp_id,e1_0.address,e1_0.dob,e1_0.email,e1_0.full_name,e1_0.phone,e1_0.status,o2_0.order_date,o1_0.note,o1_0.price,o1_0.quantity from order_detail o1_0 join orders o2_0 on o2_0.order_id=o1_0.order_id left join customer c1_0 on c1_0.cust_id=o2_0.cust_id left join employee e1_0 on e1_0.emp_id=o2_0.employee_id where o1_0.product_id=?
Hibernate: select l1_0.employee_id,l1_0.order_id,c1_0.cust_id,c1_0.address,c1_0.email,c1_0.cust_name,c1_0.phone,l1_0.order_date from orders l1_0 left join customer c1_0 on c1_0.cust_id=l1_0.cust_id where l1_0.employee_id=?
Hibernate: select p1_0.product_id,p1_0.description,p1_0.manufacturer_name,p1_0.name,p1_0.status,p1_0.unit,o1_0.product_id,o1_0.order_id,o2_0.order_id,c1_0.cust_id,c1_0.address,c1_0.email,c1_0.cust_name,c1_0.phone,o2_0.employee_id,e1_0.emp_id,e1_0.address,e1_0.dob,e1_0.email,e1_0.full_name,e1_0.phone,e1_0.status,o2_0.order_date,o1_0.note,o1_0.price,o1_0.quantity from product p1_0 left join order_detail o1_0 on p1_0.product_id=o1_0.product_id left join orders o2_0 on o2_0.order_id=o1_0.order_id left join customer c1_0 on c1_0.cust_id=o2_0.cust_id left join employee e1_0 on e1_0.emp_id=o2_0.employee_id where p1_0.product_id=?
Hibernate: select o1_0.order_id,o1_0.product_id,p1_0.product_id,p1_0.description,p1_0.manufacturer_name,p1_0.name,p1_0.status,p1_0.unit,o1_0.note,o1_0.price,o1_0.quantity from order_detail o1_0 join product p1_0 on p1_0.product_id=o1_0.product_id where o1_0.order_id=?
Hibernate: select o1_0.order_id,o1_0.product_id,p1_0.product_id,p1_0.description,p1_0.manufacturer_name,p1_0.name,p1_0.status,p1_0.unit,o1_0.note,o1_0.price,o1_0.quantity from order_detail o1_0 join product p1_0 on p1_0.product_id=o1_0.product_id where o1_0.order_id=?
Hibernate: select l1_0.employee_id,l1_0.order_id,c1_0.cust_id,c1_0.address,c1_0.email,c1_0.cust_name,c1_0.phone,l1_0.order_date from orders l1_0 left join customer c1_0 on c1_0.cust_id=l1_0.cust_id where l1_0.employee_id=?
Hibernate: select o1_0.order_id,o1_0.product_id,p1_0.product_id,p1_0.description,p1_0.manufacturer_name,p1_0.name,p1_0.status,p1_0.unit,o1_0.note,o1_0.price,o1_0.quantity from order_detail o1_0 join product p1_0 on p1_0.product_id=o1_0.product_id where o1_0.order_id=?
Hibernate: select p1_0.product_id,p1_0.price_date_time,p1_0.note,p1_0.price from product_price p1_0 where p1_0.product_id=?
Hibernate: select p1_0.product_id,p1_0.image_id,p1_0.alternative,p1_0.path from product_image p1_0 where p1_0.product_id=?
Hibernate: select o1_0.order_id,o1_0.product_id,p1_0.product_id,p1_0.description,p1_0.manufacturer_name,p1_0.name,p1_0.status,p1_0.unit,o1_0.note,o1_0.price,o1_0.quantity from order_detail o1_0 join product p1_0 on p1_0.product_id=o1_0.product_id where o1_0.order_id=?
Hibernate: insert into order_detail (note,price,quantity,order_id,product_id) values (?,?,?,?,?)
Hibernate: select e1_0.emp_id,e1_0.address,e1_0.dob,e1_0.email,e1_0.full_name,e1_0.phone,e1_0.status from employee e1_0 where e1_0.emp_id=?
Hibernate: select c1_0.cust_id,c1_0.address,c1_0.email,c1_0.cust_name,c1_0.phone from customer c1_0 where c1_0.cust_id=?
Hibernate: select o1_0.order_id,c1_0.cust_id,c1_0.address,c1_0.email,c1_0.cust_name,c1_0.phone,o1_0.employee_id,e1_0.emp_id,e1_0.address,e1_0.dob,e1_0.email,e1_0.full_name,e1_0.phone,e1_0.status,o1_0.order_date,o2_0.order_id,o2_0.product_id,p1_0.product_id,p1_0.description,p1_0.manufacturer_name,p1_0.name,p1_0.status,p1_0.unit,o2_0.note,o2_0.price,o2_0.quantity from orders o1_0 left join customer c1_0 on c1_0.cust_id=o1_0.cust_id join employee e1_0 on e1_0.emp_id=o1_0.employee_id left join order_detail o2_0 on o1_0.order_id=o2_0.order_id left join product p1_0 on p1_0.product_id=o2_0.product_id where o1_0.order_id=?
Hibernate: select c1_0.cust_id,c1_0.address,c1_0.email,c1_0.cust_name,c1_0.phone from customer c1_0 where c1_0.cust_id=?
Hibernate: select e1_0.emp_id,e1_0.address,e1_0.dob,e1_0.email,e1_0.full_name,e1_0.phone,e1_0.status from employee e1_0 where e1_0.emp_id=?
Hibernate: insert into orders (cust_id,employee_id,order_date,order_id) values (?,?,?,default)
Hibernate: select p1_0.product_id,p1_0.description,p1_0.manufacturer_name,p1_0.name,p1_0.status,p1_0.unit from product p1_0 where p1_0.product_id=?
Hibernate: select o1_0.order_id,o2_0.order_id,c1_0.cust_id,c1_0.address,c1_0.email,c1_0.cust_name,c1_0.phone,o2_0.employee_id,e1_0.emp_id,e1_0.address,e1_0.dob,e1_0.email,e1_0.full_name,e1_0.phone,e1_0.status,o2_0.order_date,o1_0.product_id,p1_0.product_id,p1_0.description,p1_0.manufacturer_name,p1_0.name,p1_0.status,p1_0.unit,p2_0.product_id,p2_0.image_id,p2_0.alternative,p2_0.path,o1_0.note,o1_0.price,o1_0.quantity from order_detail o1_0 join orders o2_0 on o2_0.order_id=o1_0.order_id left join customer c1_0 on c1_0.cust_id=o2_0.cust_id left join employee e1_0 on e1_0.emp_id=o2_0.employee_id join product p1_0 on p1_0.product_id=o1_0.product_id left join product_image p2_0 on p1_0.product_id=p2_0.product_id where (o1_0.order_id,o1_0.product_id) in ((?,?))
Hibernate: select o1_0.order_id,c1_0.cust_id,c1_0.address,c1_0.email,c1_0.cust_name,c1_0.phone,o1_0.employee_id,e1_0.emp_id,e1_0.address,e1_0.dob,e1_0.email,e1_0.full_name,e1_0.phone,e1_0.status,o1_0.order_date,o2_0.order_id,o2_0.product_id,p1_0.product_id,p1_0.description,p1_0.manufacturer_name,p1_0.name,p1_0.status,p1_0.unit,o2_0.note,o2_0.price,o2_0.quantity from orders o1_0 left join customer c1_0 on c1_0.cust_id=o1_0.cust_id join employee e1_0 on e1_0.emp_id=o1_0.employee_id left join order_detail o2_0 on o1_0.order_id=o2_0.order_id left join product p1_0 on p1_0.product_id=o2_0.product_id where o1_0.order_id=?
Hibernate: select l1_0.employee_id,l1_0.order_id,c1_0.cust_id,c1_0.address,c1_0.email,c1_0.cust_name,c1_0.phone,l1_0.order_date from orders l1_0 left join customer c1_0 on c1_0.cust_id=l1_0.cust_id where l1_0.employee_id=?
Hibernate: select p1_0.product_id,p1_0.description,p1_0.manufacturer_name,p1_0.name,p1_0.status,p1_0.unit,o1_0.product_id,o1_0.order_id,o2_0.order_id,c1_0.cust_id,c1_0.address,c1_0.email,c1_0.cust_name,c1_0.phone,o2_0.employee_id,e1_0.emp_id,e1_0.address,e1_0.dob,e1_0.email,e1_0.full_name,e1_0.phone,e1_0.status,o2_0.order_date,o1_0.note,o1_0.price,o1_0.quantity from product p1_0 left join order_detail o1_0 on p1_0.product_id=o1_0.product_id left join orders o2_0 on o2_0.order_id=o1_0.order_id left join customer c1_0 on c1_0.cust_id=o2_0.cust_id left join employee e1_0 on e1_0.emp_id=o2_0.employee_id where p1_0.product_id=?
Hibernate: select o1_0.order_id,o1_0.product_id,p1_0.product_id,p1_0.description,p1_0.manufacturer_name,p1_0.name,p1_0.status,p1_0.unit,o1_0.note,o1_0.price,o1_0.quantity from order_detail o1_0 join product p1_0 on p1_0.product_id=o1_0.product_id where o1_0.order_id=?
Hibernate: select o1_0.order_id,o1_0.product_id,p1_0.product_id,p1_0.description,p1_0.manufacturer_name,p1_0.name,p1_0.status,p1_0.unit,o1_0.note,o1_0.price,o1_0.quantity from order_detail o1_0 join product p1_0 on p1_0.product_id=o1_0.product_id where o1_0.order_id=?
Hibernate: select o1_0.order_id,o1_0.product_id,p1_0.product_id,p1_0.description,p1_0.manufacturer_name,p1_0.name,p1_0.status,p1_0.unit,o1_0.note,o1_0.price,o1_0.quantity from order_detail o1_0 join product p1_0 on p1_0.product_id=o1_0.product_id where o1_0.order_id=?
Hibernate: select o1_0.order_id,o1_0.product_id,p1_0.product_id,p1_0.description,p1_0.manufacturer_name,p1_0.name,p1_0.status,p1_0.unit,o1_0.note,o1_0.price,o1_0.quantity from order_detail o1_0 join product p1_0 on p1_0.product_id=o1_0.product_id where o1_0.order_id=?
Hibernate: select l1_0.employee_id,l1_0.order_id,c1_0.cust_id,c1_0.address,c1_0.email,c1_0.cust_name,c1_0.phone,l1_0.order_date from orders l1_0 left join customer c1_0 on c1_0.cust_id=l1_0.cust_id where l1_0.employee_id=?
Hibernate: select o1_0.order_id,o1_0.product_id,p1_0.product_id,p1_0.description,p1_0.manufacturer_name,p1_0.name,p1_0.status,p1_0.unit,o1_0.note,o1_0.price,o1_0.quantity from order_detail o1_0 join product p1_0 on p1_0.product_id=o1_0.product_id where o1_0.order_id=?
Hibernate: select o1_0.order_id,o1_0.product_id,p1_0.product_id,p1_0.description,p1_0.manufacturer_name,p1_0.name,p1_0.status,p1_0.unit,o1_0.note,o1_0.price,o1_0.quantity from order_detail o1_0 join product p1_0 on p1_0.product_id=o1_0.product_id where o1_0.order_id=?
Hibernate: select l1_0.employee_id,l1_0.order_id,c1_0.cust_id,c1_0.address,c1_0.email,c1_0.cust_name,c1_0.phone,l1_0.order_date from orders l1_0 left join customer c1_0 on c1_0.cust_id=l1_0.cust_id where l1_0.employee_id=?
Hibernate: select o1_0.order_id,o1_0.product_id,p1_0.product_id,p1_0.description,p1_0.manufacturer_name,p1_0.name,p1_0.status,p1_0.unit,o1_0.note,o1_0.price,o1_0.quantity from order_detail o1_0 join product p1_0 on p1_0.product_id=o1_0.product_id where o1_0.order_id=?
Hibernate: select l1_0.employee_id,l1_0.order_id,c1_0.cust_id,c1_0.address,c1_0.email,c1_0.cust_name,c1_0.phone,l1_0.order_date from orders l1_0 left join customer c1_0 on c1_0.cust_id=l1_0.cust_id where l1_0.employee_id=?
Hibernate: select o1_0.order_id,o1_0.product_id,p1_0.product_id,p1_0.description,p1_0.manufacturer_name,p1_0.name,p1_0.status,p1_0.unit,o1_0.note,o1_0.price,o1_0.quantity from order_detail o1_0 join product p1_0 on p1_0.product_id=o1_0.product_id where o1_0.order_id=?
Hibernate: select o1_0.order_id,o1_0.product_id,p1_0.product_id,p1_0.description,p1_0.manufacturer_name,p1_0.name,p1_0.status,p1_0.unit,o1_0.note,o1_0.price,o1_0.quantity from order_detail o1_0 join product p1_0 on p1_0.product_id=o1_0.product_id where o1_0.order_id=?
Hibernate: select l1_0.employee_id,l1_0.order_id,c1_0.cust_id,c1_0.address,c1_0.email,c1_0.cust_name,c1_0.phone,l1_0.order_date from orders l1_0 left join customer c1_0 on c1_0.cust_id=l1_0.cust_id where l1_0.employee_id=?
Hibernate: select p1_0.product_id,p1_0.price_date_time,p1_0.note,p1_0.price from product_price p1_0 where p1_0.product_id=?
Hibernate: select p1_0.product_id,p1_0.image_id,p1_0.alternative,p1_0.path from product_image p1_0 where p1_0.product_id=?
Hibernate: select o1_0.order_id,o1_0.product_id,p1_0.product_id,p1_0.description,p1_0.manufacturer_name,p1_0.name,p1_0.status,p1_0.unit,o1_0.note,o1_0.price,o1_0.quantity from order_detail o1_0 join product p1_0 on p1_0.product_id=o1_0.product_id where o1_0.order_id=?
Hibernate: select l1_0.employee_id,l1_0.order_id,c1_0.cust_id,c1_0.address,c1_0.email,c1_0.cust_name,c1_0.phone,l1_0.order_date from orders l1_0 left join customer c1_0 on c1_0.cust_id=l1_0.cust_id where l1_0.employee_id=?
Hibernate: insert into order_detail (note,price,quantity,order_id,product_id) values (?,?,?,?,?)
Hibernate: select p1_0.product_id,p1_0.description,p1_0.manufacturer_name,p1_0.name,p1_0.status,p1_0.unit from product p1_0 where p1_0.product_id=?
Hibernate: select o1_0.order_id,o2_0.order_id,c1_0.cust_id,c1_0.address,c1_0.email,c1_0.cust_name,c1_0.phone,o2_0.employee_id,e1_0.emp_id,e1_0.address,e1_0.dob,e1_0.email,e1_0.full_name,e1_0.phone,e1_0.status,o2_0.order_date,o1_0.product_id,p1_0.product_id,p1_0.description,p1_0.manufacturer_name,p1_0.name,p1_0.status,p1_0.unit,p2_0.product_id,p2_0.image_id,p2_0.alternative,p2_0.path,o1_0.note,o1_0.price,o1_0.quantity from order_detail o1_0 join orders o2_0 on o2_0.order_id=o1_0.order_id left join customer c1_0 on c1_0.cust_id=o2_0.cust_id left join employee e1_0 on e1_0.emp_id=o2_0.employee_id join product p1_0 on p1_0.product_id=o1_0.product_id left join product_image p2_0 on p1_0.product_id=p2_0.product_id where (o1_0.order_id,o1_0.product_id) in ((?,?))
Hibernate: select o1_0.order_id,c1_0.cust_id,c1_0.address,c1_0.email,c1_0.cust_name,c1_0.phone,o1_0.employee_id,e1_0.emp_id,e1_0.address,e1_0.dob,e1_0.email,e1_0.full_name,e1_0.phone,e1_0.status,o1_0.order_date,o2_0.order_id,o2_0.product_id,p1_0.product_id,p1_0.description,p1_0.manufacturer_name,p1_0.name,p1_0.status,p1_0.unit,o2_0.note,o2_0.price,o2_0.quantity from orders o1_0 left join customer c1_0 on c1_0.cust_id=o1_0.cust_id join employee e1_0 on e1_0.emp_id=o1_0.employee_id left join order_detail o2_0 on o1_0.order_id=o2_0.order_id left join product p1_0 on p1_0.product_id=o2_0.product_id where o1_0.order_id=?
Hibernate: select p1_0.product_id,p1_0.price_date_time,p1_0.note,p1_0.price from product_price p1_0 where p1_0.product_id=?
Hibernate: select p1_0.product_id,p1_0.image_id,p1_0.alternative,p1_0.path from product_image p1_0 where p1_0.product_id=?
Hibernate: select o1_0.product_id,o1_0.order_id,o2_0.order_id,c1_0.cust_id,c1_0.address,c1_0.email,c1_0.cust_name,c1_0.phone,o2_0.employee_id,e1_0.emp_id,e1_0.address,e1_0.dob,e1_0.email,e1_0.full_name,e1_0.phone,e1_0.status,o2_0.order_date,o1_0.note,o1_0.price,o1_0.quantity from order_detail o1_0 join orders o2_0 on o2_0.order_id=o1_0.order_id left join customer c1_0 on c1_0.cust_id=o2_0.cust_id left join employee e1_0 on e1_0.emp_id=o2_0.employee_id where o1_0.product_id=?
Hibernate: select l1_0.employee_id,l1_0.order_id,c1_0.cust_id,c1_0.address,c1_0.email,c1_0.cust_name,c1_0.phone,l1_0.order_date from orders l1_0 left join customer c1_0 on c1_0.cust_id=l1_0.cust_id where l1_0.employee_id=?
Hibernate: select p1_0.product_id,p1_0.description,p1_0.manufacturer_name,p1_0.name,p1_0.status,p1_0.unit,o1_0.product_id,o1_0.order_id,o2_0.order_id,c1_0.cust_id,c1_0.address,c1_0.email,c1_0.cust_name,c1_0.phone,o2_0.employee_id,e1_0.emp_id,e1_0.address,e1_0.dob,e1_0.email,e1_0.full_name,e1_0.phone,e1_0.status,o2_0.order_date,o1_0.note,o1_0.price,o1_0.quantity from product p1_0 left join order_detail o1_0 on p1_0.product_id=o1_0.product_id left join orders o2_0 on o2_0.order_id=o1_0.order_id left join customer c1_0 on c1_0.cust_id=o2_0.cust_id left join employee e1_0 on e1_0.emp_id=o2_0.employee_id where p1_0.product_id=?
Hibernate: select o1_0.order_id,o1_0.product_id,p1_0.product_id,p1_0.description,p1_0.manufacturer_name,p1_0.name,p1_0.status,p1_0.unit,o1_0.note,o1_0.price,o1_0.quantity from order_detail o1_0 join product p1_0 on p1_0.product_id=o1_0.product_id where o1_0.order_id=?
Hibernate: select o1_0.order_id,o1_0.product_id,p1_0.product_id,p1_0.description,p1_0.manufacturer_name,p1_0.name,p1_0.status,p1_0.unit,o1_0.note,o1_0.price,o1_0.quantity from order_detail o1_0 join product p1_0 on p1_0.product_id=o1_0.product_id where o1_0.order_id=?
Hibernate: select l1_0.employee_id,l1_0.order_id,c1_0.cust_id,c1_0.address,c1_0.email,c1_0.cust_name,c1_0.phone,l1_0.order_date from orders l1_0 left join customer c1_0 on c1_0.cust_id=l1_0.cust_id where l1_0.employee_id=?
Hibernate: select o1_0.order_id,o1_0.product_id,p1_0.product_id,p1_0.description,p1_0.manufacturer_name,p1_0.name,p1_0.status,p1_0.unit,o1_0.note,o1_0.price,o1_0.quantity from order_detail o1_0 join product p1_0 on p1_0.product_id=o1_0.product_id where o1_0.order_id=?
Hibernate: select o1_0.order_id,o1_0.product_id,p1_0.product_id,p1_0.description,p1_0.manufacturer_name,p1_0.name,p1_0.status,p1_0.unit,o1_0.note,o1_0.price,o1_0.quantity from order_detail o1_0 join product p1_0 on p1_0.product_id=o1_0.product_id where o1_0.order_id=?
Hibernate: select l1_0.employee_id,l1_0.order_id,c1_0.cust_id,c1_0.address,c1_0.email,c1_0.cust_name,c1_0.phone,l1_0.order_date from orders l1_0 left join customer c1_0 on c1_0.cust_id=l1_0.cust_id where l1_0.employee_id=?
Hibernate: select o1_0.order_id,o1_0.product_id,p1_0.product_id,p1_0.description,p1_0.manufacturer_name,p1_0.name,p1_0.status,p1_0.unit,o1_0.note,o1_0.price,o1_0.quantity from order_detail o1_0 join product p1_0 on p1_0.product_id=o1_0.product_id where o1_0.order_id=?
Hibernate: select l1_0.employee_id,l1_0.order_id,c1_0.cust_id,c1_0.address,c1_0.email,c1_0.cust_name,c1_0.phone,l1_0.order_date from orders l1_0 left join customer c1_0 on c1_0.cust_id=l1_0.cust_id where l1_0.employee_id=?
Hibernate: select o1_0.order_id,o1_0.product_id,p1_0.product_id,p1_0.description,p1_0.manufacturer_name,p1_0.name,p1_0.status,p1_0.unit,o1_0.note,o1_0.price,o1_0.quantity from order_detail o1_0 join product p1_0 on p1_0.product_id=o1_0.product_id where o1_0.order_id=?
Hibernate: select p1_0.product_id,p1_0.price_date_time,p1_0.note,p1_0.price from product_price p1_0 where p1_0.product_id=?
Hibernate: select p1_0.product_id,p1_0.image_id,p1_0.alternative,p1_0.path from product_image p1_0 where p1_0.product_id=?
Hibernate: select o1_0.order_id,o1_0.product_id,p1_0.product_id,p1_0.description,p1_0.manufacturer_name,p1_0.name,p1_0.status,p1_0.unit,o1_0.note,o1_0.price,o1_0.quantity from order_detail o1_0 join product p1_0 on p1_0.product_id=o1_0.product_id where o1_0.order_id=?
Hibernate: insert into order_detail (note,price,quantity,order_id,product_id) values (?,?,?,?,?)
Hibernate: select p1_0.product_id,p1_0.description,p1_0.manufacturer_name,p1_0.name,p1_0.status,p1_0.unit from product p1_0 where p1_0.product_id=?
Hibernate: select o1_0.order_id,o2_0.order_id,c1_0.cust_id,c1_0.address,c1_0.email,c1_0.cust_name,c1_0.phone,o2_0.employee_id,e1_0.emp_id,e1_0.address,e1_0.dob,e1_0.email,e1_0.full_name,e1_0.phone,e1_0.status,o2_0.order_date,o1_0.product_id,p1_0.product_id,p1_0.description,p1_0.manufacturer_name,p1_0.name,p1_0.status,p1_0.unit,p2_0.product_id,p2_0.image_id,p2_0.alternative,p2_0.path,o1_0.note,o1_0.price,o1_0.quantity from order_detail o1_0 join orders o2_0 on o2_0.order_id=o1_0.order_id left join customer c1_0 on c1_0.cust_id=o2_0.cust_id left join employee e1_0 on e1_0.emp_id=o2_0.employee_id join product p1_0 on p1_0.product_id=o1_0.product_id left join product_image p2_0 on p1_0.product_id=p2_0.product_id where (o1_0.order_id,o1_0.product_id) in ((?,?))
Hibernate: select o1_0.order_id,c1_0.cust_id,c1_0.address,c1_0.email,c1_0.cust_name,c1_0.phone,o1_0.employee_id,e1_0.emp_id,e1_0.address,e1_0.dob,e1_0.email,e1_0.full_name,e1_0.phone,e1_0.status,o1_0.order_date,o2_0.order_id,o2_0.product_id,p1_0.product_id,p1_0.description,p1_0.manufacturer_name,p1_0.name,p1_0.status,p1_0.unit,o2_0.note,o2_0.price,o2_0.quantity from orders o1_0 left join customer c1_0 on c1_0.cust_id=o1_0.cust_id join employee e1_0 on e1_0.emp_id=o1_0.employee_id left join order_detail o2_0 on o1_0.order_id=o2_0.order_id left join product p1_0 on p1_0.product_id=o2_0.product_id where o1_0.order_id=?
Hibernate: select p1_0.product_id,p1_0.price_date_time,p1_0.note,p1_0.price from product_price p1_0 where p1_0.product_id=?
Hibernate: select p1_0.product_id,p1_0.image_id,p1_0.alternative,p1_0.path from product_image p1_0 where p1_0.product_id=?
Hibernate: select o1_0.product_id,o1_0.order_id,o2_0.order_id,c1_0.cust_id,c1_0.address,c1_0.email,c1_0.cust_name,c1_0.phone,o2_0.employee_id,e1_0.emp_id,e1_0.address,e1_0.dob,e1_0.email,e1_0.full_name,e1_0.phone,e1_0.status,o2_0.order_date,o1_0.note,o1_0.price,o1_0.quantity from order_detail o1_0 join orders o2_0 on o2_0.order_id=o1_0.order_id left join customer c1_0 on c1_0.cust_id=o2_0.cust_id left join employee e1_0 on e1_0.emp_id=o2_0.employee_id where o1_0.product_id=?
Hibernate: select p1_0.product_id,p1_0.price_date_time,p1_0.note,p1_0.price from product_price p1_0 where p1_0.product_id=?
Hibernate: select p1_0.product_id,p1_0.image_id,p1_0.alternative,p1_0.path from product_image p1_0 where p1_0.product_id=?
Hibernate: select o1_0.product_id,o1_0.order_id,o2_0.order_id,c1_0.cust_id,c1_0.address,c1_0.email,c1_0.cust_name,c1_0.phone,o2_0.employee_id,e1_0.emp_id,e1_0.address,e1_0.dob,e1_0.email,e1_0.full_name,e1_0.phone,e1_0.status,o2_0.order_date,o1_0.note,o1_0.price,o1_0.quantity from order_detail o1_0 join orders o2_0 on o2_0.order_id=o1_0.order_id left join customer c1_0 on c1_0.cust_id=o2_0.cust_id left join employee e1_0 on e1_0.emp_id=o2_0.employee_id where o1_0.product_id=?
Hibernate: select l1_0.employee_id,l1_0.order_id,c1_0.cust_id,c1_0.address,c1_0.email,c1_0.cust_name,c1_0.phone,l1_0.order_date from orders l1_0 left join customer c1_0 on c1_0.cust_id=l1_0.cust_id where l1_0.employee_id=?
Hibernate: select p1_0.product_id,p1_0.description,p1_0.manufacturer_name,p1_0.name,p1_0.status,p1_0.unit,o1_0.product_id,o1_0.order_id,o2_0.order_id,c1_0.cust_id,c1_0.address,c1_0.email,c1_0.cust_name,c1_0.phone,o2_0.employee_id,e1_0.emp_id,e1_0.address,e1_0.dob,e1_0.email,e1_0.full_name,e1_0.phone,e1_0.status,o2_0.order_date,o1_0.note,o1_0.price,o1_0.quantity from product p1_0 left join order_detail o1_0 on p1_0.product_id=o1_0.product_id left join orders o2_0 on o2_0.order_id=o1_0.order_id left join customer c1_0 on c1_0.cust_id=o2_0.cust_id left join employee e1_0 on e1_0.emp_id=o2_0.employee_id where p1_0.product_id=?
Hibernate: select o1_0.order_id,o1_0.product_id,p1_0.product_id,p1_0.description,p1_0.manufacturer_name,p1_0.name,p1_0.status,p1_0.unit,o1_0.note,o1_0.price,o1_0.quantity from order_detail o1_0 join product p1_0 on p1_0.product_id=o1_0.product_id where o1_0.order_id=?
Hibernate: select o1_0.order_id,o1_0.product_id,p1_0.product_id,p1_0.description,p1_0.manufacturer_name,p1_0.name,p1_0.status,p1_0.unit,o1_0.note,o1_0.price,o1_0.quantity from order_detail o1_0 join product p1_0 on p1_0.product_id=o1_0.product_id where o1_0.order_id=?
Hibernate: select o1_0.order_id,o1_0.product_id,p1_0.product_id,p1_0.description,p1_0.manufacturer_name,p1_0.name,p1_0.status,p1_0.unit,o1_0.note,o1_0.price,o1_0.quantity from order_detail o1_0 join product p1_0 on p1_0.product_id=o1_0.product_id where o1_0.order_id=?
Hibernate: select o1_0.order_id,o1_0.product_id,p1_0.product_id,p1_0.description,p1_0.manufacturer_name,p1_0.name,p1_0.status,p1_0.unit,o1_0.note,o1_0.price,o1_0.quantity from order_detail o1_0 join product p1_0 on p1_0.product_id=o1_0.product_id where o1_0.order_id=?
Hibernate: select o1_0.order_id,o1_0.product_id,p1_0.product_id,p1_0.description,p1_0.manufacturer_name,p1_0.name,p1_0.status,p1_0.unit,o1_0.note,o1_0.price,o1_0.quantity from order_detail o1_0 join product p1_0 on p1_0.product_id=o1_0.product_id where o1_0.order_id=?
Hibernate: select o1_0.order_id,o1_0.product_id,p1_0.product_id,p1_0.description,p1_0.manufacturer_name,p1_0.name,p1_0.status,p1_0.unit,o1_0.note,o1_0.price,o1_0.quantity from order_detail o1_0 join product p1_0 on p1_0.product_id=o1_0.product_id where o1_0.order_id=?
Hibernate: select p1_0.product_id,p1_0.price_date_time,p1_0.note,p1_0.price from product_price p1_0 where p1_0.product_id=?
Hibernate: select p1_0.product_id,p1_0.image_id,p1_0.alternative,p1_0.path from product_image p1_0 where p1_0.product_id=?
Hibernate: select o1_0.order_id,o1_0.product_id,p1_0.product_id,p1_0.description,p1_0.manufacturer_name,p1_0.name,p1_0.status,p1_0.unit,o1_0.note,o1_0.price,o1_0.quantity from order_detail o1_0 join product p1_0 on p1_0.product_id=o1_0.product_id where o1_0.order_id=?
Hibernate: insert into order_detail (note,price,quantity,order_id,product_id) values (?,?,?,?,?)
Hibernate: select e1_0.emp_id,e1_0.address,e1_0.dob,e1_0.email,e1_0.full_name,e1_0.phone,e1_0.status from employee e1_0 where e1_0.emp_id=?
Hibernate: select c1_0.cust_id,c1_0.address,c1_0.email,c1_0.cust_name,c1_0.phone from customer c1_0 where c1_0.cust_id=?
Hibernate: select o1_0.order_id,c1_0.cust_id,c1_0.address,c1_0.email,c1_0.cust_name,c1_0.phone,o1_0.employee_id,e1_0.emp_id,e1_0.address,e1_0.dob,e1_0.email,e1_0.full_name,e1_0.phone,e1_0.status,o1_0.order_date,o2_0.order_id,o2_0.product_id,p1_0.product_id,p1_0.description,p1_0.manufacturer_name,p1_0.name,p1_0.status,p1_0.unit,o2_0.note,o2_0.price,o2_0.quantity from orders o1_0 left join customer c1_0 on c1_0.cust_id=o1_0.cust_id join employee e1_0 on e1_0.emp_id=o1_0.employee_id left join order_detail o2_0 on o1_0.order_id=o2_0.order_id left join product p1_0 on p1_0.product_id=o2_0.product_id where o1_0.order_id=?
Hibernate: select c1_0.cust_id,c1_0.address,c1_0.email,c1_0.cust_name,c1_0.phone from customer c1_0 where c1_0.cust_id=?
Hibernate: select e1_0.emp_id,e1_0.address,e1_0.dob,e1_0.email,e1_0.full_name,e1_0.phone,e1_0.status from employee e1_0 where e1_0.emp_id=?
Hibernate: insert into orders (cust_id,employee_id,order_date,order_id) values (?,?,?,default)
Hibernate: select p1_0.product_id,p1_0.description,p1_0.manufacturer_name,p1_0.name,p1_0.status,p1_0.unit from product p1_0 where p1_0.product_id=?
Hibernate: select o1_0.order_id,o2_0.order_id,c1_0.cust_id,c1_0.address,c1_0.email,c1_0.cust_name,c1_0.phone,o2_0.employee_id,e1_0.emp_id,e1_0.address,e1_0.dob,e1_0.email,e1_0.full_name,e1_0.phone,e1_0.status,o2_0.order_date,o1_0.product_id,p1_0.product_id,p1_0.description,p1_0.manufacturer_name,p1_0.name,p1_0.status,p1_0.unit,p2_0.product_id,p2_0.image_id,p2_0.alternative,p2_0.path,o1_0.note,o1_0.price,o1_0.quantity from order_detail o1_0 join orders o2_0 on o2_0.order_id=o1_0.order_id left join customer c1_0 on c1_0.cust_id=o2_0.cust_id left join employee e1_0 on e1_0.emp_id=o2_0.employee_id join product p1_0 on p1_0.product_id=o1_0.product_id left join product_image p2_0 on p1_0.product_id=p2_0.product_id where (o1_0.order_id,o1_0.product_id) in ((?,?))
Hibernate: select o1_0.order_id,c1_0.cust_id,c1_0.address,c1_0.email,c1_0.cust_name,c1_0.phone,o1_0.employee_id,e1_0.emp_id,e1_0.address,e1_0.dob,e1_0.email,e1_0.full_name,e1_0.phone,e1_0.status,o1_0.order_date,o2_0.order_id,o2_0.product_id,p1_0.product_id,p1_0.description,p1_0.manufacturer_name,p1_0.name,p1_0.status,p1_0.unit,o2_0.note,o2_0.price,o2_0.quantity from orders o1_0 left join customer c1_0 on c1_0.cust_id=o1_0.cust_id join employee e1_0 on e1_0.emp_id=o1_0.employee_id left join order_detail o2_0 on o1_0.order_id=o2_0.order_id left join product p1_0 on p1_0.product_id=o2_0.product_id where o1_0.order_id=?
Hibernate: select l1_0.employee_id,l1_0.order_id,c1_0.cust_id,c1_0.address,c1_0.email,c1_0.cust_name,c1_0.phone,l1_0.order_date from orders l1_0 left join customer c1_0 on c1_0.cust_id=l1_0.cust_id where l1_0.employee_id=?
Hibernate: select p1_0.product_id,p1_0.description,p1_0.manufacturer_name,p1_0.name,p1_0.status,p1_0.unit,o1_0.product_id,o1_0.order_id,o2_0.order_id,c1_0.cust_id,c1_0.address,c1_0.email,c1_0.cust_name,c1_0.phone,o2_0.employee_id,e1_0.emp_id,e1_0.address,e1_0.dob,e1_0.email,e1_0.full_name,e1_0.phone,e1_0.status,o2_0.order_date,o1_0.note,o1_0.price,o1_0.quantity from product p1_0 left join order_detail o1_0 on p1_0.product_id=o1_0.product_id left join orders o2_0 on o2_0.order_id=o1_0.order_id left join customer c1_0 on c1_0.cust_id=o2_0.cust_id left join employee e1_0 on e1_0.emp_id=o2_0.employee_id where p1_0.product_id=?
Hibernate: select o1_0.order_id,o1_0.product_id,p1_0.product_id,p1_0.description,p1_0.manufacturer_name,p1_0.name,p1_0.status,p1_0.unit,o1_0.note,o1_0.price,o1_0.quantity from order_detail o1_0 join product p1_0 on p1_0.product_id=o1_0.product_id where o1_0.order_id=?
Hibernate: select o1_0.order_id,o1_0.product_id,p1_0.product_id,p1_0.description,p1_0.manufacturer_name,p1_0.name,p1_0.status,p1_0.unit,o1_0.note,o1_0.price,o1_0.quantity from order_detail o1_0 join product p1_0 on p1_0.product_id=o1_0.product_id where o1_0.order_id=?
Hibernate: select o1_0.order_id,o1_0.product_id,p1_0.product_id,p1_0.description,p1_0.manufacturer_name,p1_0.name,p1_0.status,p1_0.unit,o1_0.note,o1_0.price,o1_0.quantity from order_detail o1_0 join product p1_0 on p1_0.product_id=o1_0.product_id where o1_0.order_id=?
Hibernate: select o1_0.order_id,o1_0.product_id,p1_0.product_id,p1_0.description,p1_0.manufacturer_name,p1_0.name,p1_0.status,p1_0.unit,o1_0.note,o1_0.price,o1_0.quantity from order_detail o1_0 join product p1_0 on p1_0.product_id=o1_0.product_id where o1_0.order_id=?
Hibernate: select o1_0.order_id,o1_0.product_id,p1_0.product_id,p1_0.description,p1_0.manufacturer_name,p1_0.name,p1_0.status,p1_0.unit,o1_0.note,o1_0.price,o1_0.quantity from order_detail o1_0 join product p1_0 on p1_0.product_id=o1_0.product_id where o1_0.order_id=?
Hibernate: select o1_0.order_id,o1_0.product_id,p1_0.product_id,p1_0.description,p1_0.manufacturer_name,p1_0.name,p1_0.status,p1_0.unit,o1_0.note,o1_0.price,o1_0.quantity from order_detail o1_0 join product p1_0 on p1_0.product_id=o1_0.product_id where o1_0.order_id=?
Hibernate: select l1_0.employee_id,l1_0.order_id,c1_0.cust_id,c1_0.address,c1_0.email,c1_0.cust_name,c1_0.phone,l1_0.order_date from orders l1_0 left join customer c1_0 on c1_0.cust_id=l1_0.cust_id where l1_0.employee_id=?
Hibernate: select o1_0.order_id,o1_0.product_id,p1_0.product_id,p1_0.description,p1_0.manufacturer_name,p1_0.name,p1_0.status,p1_0.unit,o1_0.note,o1_0.price,o1_0.quantity from order_detail o1_0 join product p1_0 on p1_0.product_id=o1_0.product_id where o1_0.order_id=?
Hibernate: select o1_0.order_id,o1_0.product_id,p1_0.product_id,p1_0.description,p1_0.manufacturer_name,p1_0.name,p1_0.status,p1_0.unit,o1_0.note,o1_0.price,o1_0.quantity from order_detail o1_0 join product p1_0 on p1_0.product_id=o1_0.product_id where o1_0.order_id=?
Hibernate: select l1_0.employee_id,l1_0.order_id,c1_0.cust_id,c1_0.address,c1_0.email,c1_0.cust_name,c1_0.phone,l1_0.order_date from orders l1_0 left join customer c1_0 on c1_0.cust_id=l1_0.cust_id where l1_0.employee_id=?
Hibernate: select o1_0.order_id,o1_0.product_id,p1_0.product_id,p1_0.description,p1_0.manufacturer_name,p1_0.name,p1_0.status,p1_0.unit,o1_0.note,o1_0.price,o1_0.quantity from order_detail o1_0 join product p1_0 on p1_0.product_id=o1_0.product_id where o1_0.order_id=?
Hibernate: select l1_0.employee_id,l1_0.order_id,c1_0.cust_id,c1_0.address,c1_0.email,c1_0.cust_name,c1_0.phone,l1_0.order_date from orders l1_0 left join customer c1_0 on c1_0.cust_id=l1_0.cust_id where l1_0.employee_id=?
Hibernate: select o1_0.order_id,o1_0.product_id,p1_0.product_id,p1_0.description,p1_0.manufacturer_name,p1_0.name,p1_0.status,p1_0.unit,o1_0.note,o1_0.price,o1_0.quantity from order_detail o1_0 join product p1_0 on p1_0.product_id=o1_0.product_id where o1_0.order_id=?
Hibernate: select o1_0.order_id,o1_0.product_id,p1_0.product_id,p1_0.description,p1_0.manufacturer_name,p1_0.name,p1_0.status,p1_0.unit,o1_0.note,o1_0.price,o1_0.quantity from order_detail o1_0 join product p1_0 on p1_0.product_id=o1_0.product_id where o1_0.order_id=?
Hibernate: select l1_0.employee_id,l1_0.order_id,c1_0.cust_id,c1_0.address,c1_0.email,c1_0.cust_name,c1_0.phone,l1_0.order_date from orders l1_0 left join customer c1_0 on c1_0.cust_id=l1_0.cust_id where l1_0.employee_id=?
Hibernate: select o1_0.order_id,o1_0.product_id,p1_0.product_id,p1_0.description,p1_0.manufacturer_name,p1_0.name,p1_0.status,p1_0.unit,o1_0.note,o1_0.price,o1_0.quantity from order_detail o1_0 join product p1_0 on p1_0.product_id=o1_0.product_id where o1_0.order_id=?
Hibernate: select l1_0.employee_id,l1_0.order_id,c1_0.cust_id,c1_0.address,c1_0.email,c1_0.cust_name,c1_0.phone,l1_0.order_date from orders l1_0 left join customer c1_0 on c1_0.cust_id=l1_0.cust_id where l1_0.employee_id=?
Hibernate: select p1_0.product_id,p1_0.price_date_time,p1_0.note,p1_0.price from product_price p1_0 where p1_0.product_id=?
Hibernate: select p1_0.product_id,p1_0.image_id,p1_0.alternative,p1_0.path from product_image p1_0 where p1_0.product_id=?
Hibernate: insert into order_detail (note,price,quantity,order_id,product_id) values (?,?,?,?,?)
Hibernate: select p1_0.product_id,p1_0.description,p1_0.manufacturer_name,p1_0.name,p1_0.status,p1_0.unit from product p1_0 where p1_0.product_id=?
Hibernate: select o1_0.order_id,o2_0.order_id,c1_0.cust_id,c1_0.address,c1_0.email,c1_0.cust_name,c1_0.phone,o2_0.employee_id,e1_0.emp_id,e1_0.address,e1_0.dob,e1_0.email,e1_0.full_name,e1_0.phone,e1_0.status,o2_0.order_date,o1_0.product_id,p1_0.product_id,p1_0.description,p1_0.manufacturer_name,p1_0.name,p1_0.status,p1_0.unit,p2_0.product_id,p2_0.image_id,p2_0.alternative,p2_0.path,o1_0.note,o1_0.price,o1_0.quantity from order_detail o1_0 join orders o2_0 on o2_0.order_id=o1_0.order_id left join customer c1_0 on c1_0.cust_id=o2_0.cust_id left join employee e1_0 on e1_0.emp_id=o2_0.employee_id join product p1_0 on p1_0.product_id=o1_0.product_id left join product_image p2_0 on p1_0.product_id=p2_0.product_id where (o1_0.order_id,o1_0.product_id) in ((?,?))
Hibernate: select o1_0.order_id,c1_0.cust_id,c1_0.address,c1_0.email,c1_0.cust_name,c1_0.phone,o1_0.employee_id,e1_0.emp_id,e1_0.address,e1_0.dob,e1_0.email,e1_0.full_name,e1_0.phone,e1_0.status,o1_0.order_date,o2_0.order_id,o2_0.product_id,p1_0.product_id,p1_0.description,p1_0.manufacturer_name,p1_0.name,p1_0.status,p1_0.unit,o2_0.note,o2_0.price,o2_0.quantity from orders o1_0 left join customer c1_0 on c1_0.cust_id=o1_0.cust_id join employee e1_0 on e1_0.emp_id=o1_0.employee_id left join order_detail o2_0 on o1_0.order_id=o2_0.order_id left join product p1_0 on p1_0.product_id=o2_0.product_id where o1_0.order_id=?
Hibernate: select p1_0.product_id,p1_0.price_date_time,p1_0.note,p1_0.price from product_price p1_0 where p1_0.product_id=?
Hibernate: select p1_0.product_id,p1_0.image_id,p1_0.alternative,p1_0.path from product_image p1_0 where p1_0.product_id=?
Hibernate: select o1_0.product_id,o1_0.order_id,o2_0.order_id,c1_0.cust_id,c1_0.address,c1_0.email,c1_0.cust_name,c1_0.phone,o2_0.employee_id,e1_0.emp_id,e1_0.address,e1_0.dob,e1_0.email,e1_0.full_name,e1_0.phone,e1_0.status,o2_0.order_date,o1_0.note,o1_0.price,o1_0.quantity from order_detail o1_0 join orders o2_0 on o2_0.order_id=o1_0.order_id left join customer c1_0 on c1_0.cust_id=o2_0.cust_id left join employee e1_0 on e1_0.emp_id=o2_0.employee_id where o1_0.product_id=?
Hibernate: select l1_0.employee_id,l1_0.order_id,c1_0.cust_id,c1_0.address,c1_0.email,c1_0.cust_name,c1_0.phone,l1_0.order_date from orders l1_0 left join customer c1_0 on c1_0.cust_id=l1_0.cust_id where l1_0.employee_id=?
Hibernate: select p1_0.product_id,p1_0.description,p1_0.manufacturer_name,p1_0.name,p1_0.status,p1_0.unit,o1_0.product_id,o1_0.order_id,o2_0.order_id,c1_0.cust_id,c1_0.address,c1_0.email,c1_0.cust_name,c1_0.phone,o2_0.employee_id,e1_0.emp_id,e1_0.address,e1_0.dob,e1_0.email,e1_0.full_name,e1_0.phone,e1_0.status,o2_0.order_date,o1_0.note,o1_0.price,o1_0.quantity from product p1_0 left join order_detail o1_0 on p1_0.product_id=o1_0.product_id left join orders o2_0 on o2_0.order_id=o1_0.order_id left join customer c1_0 on c1_0.cust_id=o2_0.cust_id left join employee e1_0 on e1_0.emp_id=o2_0.employee_id where p1_0.product_id=?
Hibernate: select o1_0.order_id,o1_0.product_id,p1_0.product_id,p1_0.description,p1_0.manufacturer_name,p1_0.name,p1_0.status,p1_0.unit,o1_0.note,o1_0.price,o1_0.quantity from order_detail o1_0 join product p1_0 on p1_0.product_id=o1_0.product_id where o1_0.order_id=?
Hibernate: select o1_0.order_id,o1_0.product_id,p1_0.product_id,p1_0.description,p1_0.manufacturer_name,p1_0.name,p1_0.status,p1_0.unit,o1_0.note,o1_0.price,o1_0.quantity from order_detail o1_0 join product p1_0 on p1_0.product_id=o1_0.product_id where o1_0.order_id=?
Hibernate: select l1_0.employee_id,l1_0.order_id,c1_0.cust_id,c1_0.address,c1_0.email,c1_0.cust_name,c1_0.phone,l1_0.order_date from orders l1_0 left join customer c1_0 on c1_0.cust_id=l1_0.cust_id where l1_0.employee_id=?
Hibernate: select o1_0.order_id,o1_0.product_id,p1_0.product_id,p1_0.description,p1_0.manufacturer_name,p1_0.name,p1_0.status,p1_0.unit,o1_0.note,o1_0.price,o1_0.quantity from order_detail o1_0 join product p1_0 on p1_0.product_id=o1_0.product_id where o1_0.order_id=?
Hibernate: select o1_0.order_id,o1_0.product_id,p1_0.product_id,p1_0.description,p1_0.manufacturer_name,p1_0.name,p1_0.status,p1_0.unit,o1_0.note,o1_0.price,o1_0.quantity from order_detail o1_0 join product p1_0 on p1_0.product_id=o1_0.product_id where o1_0.order_id=?
Hibernate: select p1_0.product_id,p1_0.price_date_time,p1_0.note,p1_0.price from product_price p1_0 where p1_0.product_id=?
Hibernate: select p1_0.product_id,p1_0.image_id,p1_0.alternative,p1_0.path from product_image p1_0 where p1_0.product_id=?
Hibernate: insert into order_detail (note,price,quantity,order_id,product_id) values (?,?,?,?,?)
Hibernate: select p1_0.product_id,p1_0.description,p1_0.manufacturer_name,p1_0.name,p1_0.status,p1_0.unit from product p1_0 where p1_0.product_id=?
Hibernate: select o1_0.order_id,o2_0.order_id,c1_0.cust_id,c1_0.address,c1_0.email,c1_0.cust_name,c1_0.phone,o2_0.employee_id,e1_0.emp_id,e1_0.address,e1_0.dob,e1_0.email,e1_0.full_name,e1_0.phone,e1_0.status,o2_0.order_date,o1_0.product_id,p1_0.product_id,p1_0.description,p1_0.manufacturer_name,p1_0.name,p1_0.status,p1_0.unit,p2_0.product_id,p2_0.image_id,p2_0.alternative,p2_0.path,o1_0.note,o1_0.price,o1_0.quantity from order_detail o1_0 join orders o2_0 on o2_0.order_id=o1_0.order_id left join customer c1_0 on c1_0.cust_id=o2_0.cust_id left join employee e1_0 on e1_0.emp_id=o2_0.employee_id join product p1_0 on p1_0.product_id=o1_0.product_id left join product_image p2_0 on p1_0.product_id=p2_0.product_id where (o1_0.order_id,o1_0.product_id) in ((?,?))
Hibernate: select o1_0.order_id,c1_0.cust_id,c1_0.address,c1_0.email,c1_0.cust_name,c1_0.phone,o1_0.employee_id,e1_0.emp_id,e1_0.address,e1_0.dob,e1_0.email,e1_0.full_name,e1_0.phone,e1_0.status,o1_0.order_date,o2_0.order_id,o2_0.product_id,p1_0.product_id,p1_0.description,p1_0.manufacturer_name,p1_0.name,p1_0.status,p1_0.unit,o2_0.note,o2_0.price,o2_0.quantity from orders o1_0 left join customer c1_0 on c1_0.cust_id=o1_0.cust_id join employee e1_0 on e1_0.emp_id=o1_0.employee_id left join order_detail o2_0 on o1_0.order_id=o2_0.order_id left join product p1_0 on p1_0.product_id=o2_0.product_id where o1_0.order_id=?
Hibernate: select p1_0.product_id,p1_0.price_date_time,p1_0.note,p1_0.price from product_price p1_0 where p1_0.product_id=?
Hibernate: select p1_0.product_id,p1_0.image_id,p1_0.alternative,p1_0.path from product_image p1_0 where p1_0.product_id=?
Hibernate: select o1_0.product_id,o1_0.order_id,o2_0.order_id,c1_0.cust_id,c1_0.address,c1_0.email,c1_0.cust_name,c1_0.phone,o2_0.employee_id,e1_0.emp_id,e1_0.address,e1_0.dob,e1_0.email,e1_0.full_name,e1_0.phone,e1_0.status,o2_0.order_date,o1_0.note,o1_0.price,o1_0.quantity from order_detail o1_0 join orders o2_0 on o2_0.order_id=o1_0.order_id left join customer c1_0 on c1_0.cust_id=o2_0.cust_id left join employee e1_0 on e1_0.emp_id=o2_0.employee_id where o1_0.product_id=?
Hibernate: select p1_0.product_id,p1_0.price_date_time,p1_0.note,p1_0.price from product_price p1_0 where p1_0.product_id=?
Hibernate: select p1_0.product_id,p1_0.image_id,p1_0.alternative,p1_0.path from product_image p1_0 where p1_0.product_id=?
Hibernate: select o1_0.product_id,o1_0.order_id,o2_0.order_id,c1_0.cust_id,c1_0.address,c1_0.email,c1_0.cust_name,c1_0.phone,o2_0.employee_id,e1_0.emp_id,e1_0.address,e1_0.dob,e1_0.email,e1_0.full_name,e1_0.phone,e1_0.status,o2_0.order_date,o1_0.note,o1_0.price,o1_0.quantity from order_detail o1_0 join orders o2_0 on o2_0.order_id=o1_0.order_id left join customer c1_0 on c1_0.cust_id=o2_0.cust_id left join employee e1_0 on e1_0.emp_id=o2_0.employee_id where o1_0.product_id=?
Hibernate: select l1_0.employee_id,l1_0.order_id,c1_0.cust_id,c1_0.address,c1_0.email,c1_0.cust_name,c1_0.phone,l1_0.order_date from orders l1_0 left join customer c1_0 on c1_0.cust_id=l1_0.cust_id where l1_0.employee_id=?
Hibernate: select p1_0.product_id,p1_0.description,p1_0.manufacturer_name,p1_0.name,p1_0.status,p1_0.unit,o1_0.product_id,o1_0.order_id,o2_0.order_id,c1_0.cust_id,c1_0.address,c1_0.email,c1_0.cust_name,c1_0.phone,o2_0.employee_id,e1_0.emp_id,e1_0.address,e1_0.dob,e1_0.email,e1_0.full_name,e1_0.phone,e1_0.status,o2_0.order_date,o1_0.note,o1_0.price,o1_0.quantity from product p1_0 left join order_detail o1_0 on p1_0.product_id=o1_0.product_id left join orders o2_0 on o2_0.order_id=o1_0.order_id left join customer c1_0 on c1_0.cust_id=o2_0.cust_id left join employee e1_0 on e1_0.emp_id=o2_0.employee_id where p1_0.product_id=?
Hibernate: select o1_0.order_id,o1_0.product_id,p1_0.product_id,p1_0.description,p1_0.manufacturer_name,p1_0.name,p1_0.status,p1_0.unit,o1_0.note,o1_0.price,o1_0.quantity from order_detail o1_0 join product p1_0 on p1_0.product_id=o1_0.product_id where o1_0.order_id=?
Hibernate: select o1_0.order_id,o1_0.product_id,p1_0.product_id,p1_0.description,p1_0.manufacturer_name,p1_0.name,p1_0.status,p1_0.unit,o1_0.note,o1_0.price,o1_0.quantity from order_detail o1_0 join product p1_0 on p1_0.product_id=o1_0.product_id where o1_0.order_id=?
Hibernate: select o1_0.order_id,o1_0.product_id,p1_0.product_id,p1_0.description,p1_0.manufacturer_name,p1_0.name,p1_0.status,p1_0.unit,o1_0.note,o1_0.price,o1_0.quantity from order_detail o1_0 join product p1_0 on p1_0.product_id=o1_0.product_id where o1_0.order_id=?
Hibernate: select o1_0.order_id,o1_0.product_id,p1_0.product_id,p1_0.description,p1_0.manufacturer_name,p1_0.name,p1_0.status,p1_0.unit,o1_0.note,o1_0.price,o1_0.quantity from order_detail o1_0 join product p1_0 on p1_0.product_id=o1_0.product_id where o1_0.order_id=?
Hibernate: select o1_0.order_id,o1_0.product_id,p1_0.product_id,p1_0.description,p1_0.manufacturer_name,p1_0.name,p1_0.status,p1_0.unit,o1_0.note,o1_0.price,o1_0.quantity from order_detail o1_0 join product p1_0 on p1_0.product_id=o1_0.product_id where o1_0.order_id=?
Hibernate: select o1_0.order_id,o1_0.product_id,p1_0.product_id,p1_0.description,p1_0.manufacturer_name,p1_0.name,p1_0.status,p1_0.unit,o1_0.note,o1_0.price,o1_0.quantity from order_detail o1_0 join product p1_0 on p1_0.product_id=o1_0.product_id where o1_0.order_id=?
Hibernate: select p1_0.product_id,p1_0.price_date_time,p1_0.note,p1_0.price from product_price p1_0 where p1_0.product_id=?
Hibernate: select p1_0.product_id,p1_0.image_id,p1_0.alternative,p1_0.path from product_image p1_0 where p1_0.product_id=?
Hibernate: select o1_0.order_id,o1_0.product_id,p1_0.product_id,p1_0.description,p1_0.manufacturer_name,p1_0.name,p1_0.status,p1_0.unit,o1_0.note,o1_0.price,o1_0.quantity from order_detail o1_0 join product p1_0 on p1_0.product_id=o1_0.product_id where o1_0.order_id=?
Hibernate: select l1_0.employee_id,l1_0.order_id,c1_0.cust_id,c1_0.address,c1_0.email,c1_0.cust_name,c1_0.phone,l1_0.order_date from orders l1_0 left join customer c1_0 on c1_0.cust_id=l1_0.cust_id where l1_0.employee_id=?
Hibernate: insert into order_detail (note,price,quantity,order_id,product_id) values (?,?,?,?,?)
Hibernate: select e1_0.emp_id,e1_0.address,e1_0.dob,e1_0.email,e1_0.full_name,e1_0.phone,e1_0.status from employee e1_0 where e1_0.emp_id=?
Hibernate: select c1_0.cust_id,c1_0.address,c1_0.email,c1_0.cust_name,c1_0.phone from customer c1_0 where c1_0.cust_id=?
Hibernate: select o1_0.order_id,c1_0.cust_id,c1_0.address,c1_0.email,c1_0.cust_name,c1_0.phone,o1_0.employee_id,e1_0.emp_id,e1_0.address,e1_0.dob,e1_0.email,e1_0.full_name,e1_0.phone,e1_0.status,o1_0.order_date,o2_0.order_id,o2_0.product_id,p1_0.product_id,p1_0.description,p1_0.manufacturer_name,p1_0.name,p1_0.status,p1_0.unit,o2_0.note,o2_0.price,o2_0.quantity from orders o1_0 left join customer c1_0 on c1_0.cust_id=o1_0.cust_id join employee e1_0 on e1_0.emp_id=o1_0.employee_id left join order_detail o2_0 on o1_0.order_id=o2_0.order_id left join product p1_0 on p1_0.product_id=o2_0.product_id where o1_0.order_id=?
Hibernate: select c1_0.cust_id,c1_0.address,c1_0.email,c1_0.cust_name,c1_0.phone from customer c1_0 where c1_0.cust_id=?
Hibernate: select e1_0.emp_id,e1_0.address,e1_0.dob,e1_0.email,e1_0.full_name,e1_0.phone,e1_0.status from employee e1_0 where e1_0.emp_id=?
Hibernate: insert into orders (cust_id,employee_id,order_date,order_id) values (?,?,?,default)
Hibernate: select p1_0.product_id,p1_0.description,p1_0.manufacturer_name,p1_0.name,p1_0.status,p1_0.unit from product p1_0 where p1_0.product_id=?
Hibernate: select o1_0.order_id,o2_0.order_id,c1_0.cust_id,c1_0.address,c1_0.email,c1_0.cust_name,c1_0.phone,o2_0.employee_id,e1_0.emp_id,e1_0.address,e1_0.dob,e1_0.email,e1_0.full_name,e1_0.phone,e1_0.status,o2_0.order_date,o1_0.product_id,p1_0.product_id,p1_0.description,p1_0.manufacturer_name,p1_0.name,p1_0.status,p1_0.unit,p2_0.product_id,p2_0.image_id,p2_0.alternative,p2_0.path,o1_0.note,o1_0.price,o1_0.quantity from order_detail o1_0 join orders o2_0 on o2_0.order_id=o1_0.order_id left join customer c1_0 on c1_0.cust_id=o2_0.cust_id left join employee e1_0 on e1_0.emp_id=o2_0.employee_id join product p1_0 on p1_0.product_id=o1_0.product_id left join product_image p2_0 on p1_0.product_id=p2_0.product_id where (o1_0.order_id,o1_0.product_id) in ((?,?))
Hibernate: select o1_0.order_id,c1_0.cust_id,c1_0.address,c1_0.email,c1_0.cust_name,c1_0.phone,o1_0.employee_id,e1_0.emp_id,e1_0.address,e1_0.dob,e1_0.email,e1_0.full_name,e1_0.phone,e1_0.status,o1_0.order_date,o2_0.order_id,o2_0.product_id,p1_0.product_id,p1_0.description,p1_0.manufacturer_name,p1_0.name,p1_0.status,p1_0.unit,o2_0.note,o2_0.price,o2_0.quantity from orders o1_0 left join customer c1_0 on c1_0.cust_id=o1_0.cust_id join employee e1_0 on e1_0.emp_id=o1_0.employee_id left join order_detail o2_0 on o1_0.order_id=o2_0.order_id left join product p1_0 on p1_0.product_id=o2_0.product_id where o1_0.order_id=?
Hibernate: select l1_0.employee_id,l1_0.order_id,c1_0.cust_id,c1_0.address,c1_0.email,c1_0.cust_name,c1_0.phone,l1_0.order_date from orders l1_0 left join customer c1_0 on c1_0.cust_id=l1_0.cust_id where l1_0.employee_id=?
Hibernate: select p1_0.product_id,p1_0.description,p1_0.manufacturer_name,p1_0.name,p1_0.status,p1_0.unit,o1_0.product_id,o1_0.order_id,o2_0.order_id,c1_0.cust_id,c1_0.address,c1_0.email,c1_0.cust_name,c1_0.phone,o2_0.employee_id,e1_0.emp_id,e1_0.address,e1_0.dob,e1_0.email,e1_0.full_name,e1_0.phone,e1_0.status,o2_0.order_date,o1_0.note,o1_0.price,o1_0.quantity from product p1_0 left join order_detail o1_0 on p1_0.product_id=o1_0.product_id left join orders o2_0 on o2_0.order_id=o1_0.order_id left join customer c1_0 on c1_0.cust_id=o2_0.cust_id left join employee e1_0 on e1_0.emp_id=o2_0.employee_id where p1_0.product_id=?
Hibernate: select o1_0.order_id,o1_0.product_id,p1_0.product_id,p1_0.description,p1_0.manufacturer_name,p1_0.name,p1_0.status,p1_0.unit,o1_0.note,o1_0.price,o1_0.quantity from order_detail o1_0 join product p1_0 on p1_0.product_id=o1_0.product_id where o1_0.order_id=?
Hibernate: select o1_0.order_id,o1_0.product_id,p1_0.product_id,p1_0.description,p1_0.manufacturer_name,p1_0.name,p1_0.status,p1_0.unit,o1_0.note,o1_0.price,o1_0.quantity from order_detail o1_0 join product p1_0 on p1_0.product_id=o1_0.product_id where o1_0.order_id=?
Hibernate: select l1_0.employee_id,l1_0.order_id,c1_0.cust_id,c1_0.address,c1_0.email,c1_0.cust_name,c1_0.phone,l1_0.order_date from orders l1_0 left join customer c1_0 on c1_0.cust_id=l1_0.cust_id where l1_0.employee_id=?
Hibernate: select o1_0.order_id,o1_0.product_id,p1_0.product_id,p1_0.description,p1_0.manufacturer_name,p1_0.name,p1_0.status,p1_0.unit,o1_0.note,o1_0.price,o1_0.quantity from order_detail o1_0 join product p1_0 on p1_0.product_id=o1_0.product_id where o1_0.order_id=?
Hibernate: select o1_0.order_id,o1_0.product_id,p1_0.product_id,p1_0.description,p1_0.manufacturer_name,p1_0.name,p1_0.status,p1_0.unit,o1_0.note,o1_0.price,o1_0.quantity from order_detail o1_0 join product p1_0 on p1_0.product_id=o1_0.product_id where o1_0.order_id=?
Hibernate: select l1_0.employee_id,l1_0.order_id,c1_0.cust_id,c1_0.address,c1_0.email,c1_0.cust_name,c1_0.phone,l1_0.order_date from orders l1_0 left join customer c1_0 on c1_0.cust_id=l1_0.cust_id where l1_0.employee_id=?
Hibernate: select o1_0.order_id,o1_0.product_id,p1_0.product_id,p1_0.description,p1_0.manufacturer_name,p1_0.name,p1_0.status,p1_0.unit,o1_0.note,o1_0.price,o1_0.quantity from order_detail o1_0 join product p1_0 on p1_0.product_id=o1_0.product_id where o1_0.order_id=?
Hibernate: select l1_0.employee_id,l1_0.order_id,c1_0.cust_id,c1_0.address,c1_0.email,c1_0.cust_name,c1_0.phone,l1_0.order_date from orders l1_0 left join customer c1_0 on c1_0.cust_id=l1_0.cust_id where l1_0.employee_id=?
Hibernate: select o1_0.order_id,o1_0.product_id,p1_0.product_id,p1_0.description,p1_0.manufacturer_name,p1_0.name,p1_0.status,p1_0.unit,o1_0.note,o1_0.price,o1_0.quantity from order_detail o1_0 join product p1_0 on p1_0.product_id=o1_0.product_id where o1_0.order_id=?
Hibernate: select l1_0.employee_id,l1_0.order_id,c1_0.cust_id,c1_0.address,c1_0.email,c1_0.cust_name,c1_0.phone,l1_0.order_date from orders l1_0 left join customer c1_0 on c1_0.cust_id=l1_0.cust_id where l1_0.employee_id=?
Hibernate: select p1_0.product_id,p1_0.price_date_time,p1_0.note,p1_0.price from product_price p1_0 where p1_0.product_id=?
Hibernate: select p1_0.product_id,p1_0.image_id,p1_0.alternative,p1_0.path from product_image p1_0 where p1_0.product_id=?
Hibernate: select o1_0.order_id,o1_0.product_id,p1_0.product_id,p1_0.description,p1_0.manufacturer_name,p1_0.name,p1_0.status,p1_0.unit,o1_0.note,o1_0.price,o1_0.quantity from order_detail o1_0 join product p1_0 on p1_0.product_id=o1_0.product_id where o1_0.order_id=?
Hibernate: select l1_0.employee_id,l1_0.order_id,c1_0.cust_id,c1_0.address,c1_0.email,c1_0.cust_name,c1_0.phone,l1_0.order_date from orders l1_0 left join customer c1_0 on c1_0.cust_id=l1_0.cust_id where l1_0.employee_id=?
Hibernate: insert into order_detail (note,price,quantity,order_id,product_id) values (?,?,?,?,?)
Hibernate: select p1_0.product_id,p1_0.description,p1_0.manufacturer_name,p1_0.name,p1_0.status,p1_0.unit from product p1_0 where p1_0.product_id=?
Hibernate: select o1_0.order_id,o2_0.order_id,c1_0.cust_id,c1_0.address,c1_0.email,c1_0.cust_name,c1_0.phone,o2_0.employee_id,e1_0.emp_id,e1_0.address,e1_0.dob,e1_0.email,e1_0.full_name,e1_0.phone,e1_0.status,o2_0.order_date,o1_0.product_id,p1_0.product_id,p1_0.description,p1_0.manufacturer_name,p1_0.name,p1_0.status,p1_0.unit,p2_0.product_id,p2_0.image_id,p2_0.alternative,p2_0.path,o1_0.note,o1_0.price,o1_0.quantity from order_detail o1_0 join orders o2_0 on o2_0.order_id=o1_0.order_id left join customer c1_0 on c1_0.cust_id=o2_0.cust_id left join employee e1_0 on e1_0.emp_id=o2_0.employee_id join product p1_0 on p1_0.product_id=o1_0.product_id left join product_image p2_0 on p1_0.product_id=p2_0.product_id where (o1_0.order_id,o1_0.product_id) in ((?,?))
Hibernate: select o1_0.order_id,c1_0.cust_id,c1_0.address,c1_0.email,c1_0.cust_name,c1_0.phone,o1_0.employee_id,e1_0.emp_id,e1_0.address,e1_0.dob,e1_0.email,e1_0.full_name,e1_0.phone,e1_0.status,o1_0.order_date,o2_0.order_id,o2_0.product_id,p1_0.product_id,p1_0.description,p1_0.manufacturer_name,p1_0.name,p1_0.status,p1_0.unit,o2_0.note,o2_0.price,o2_0.quantity from orders o1_0 left join customer c1_0 on c1_0.cust_id=o1_0.cust_id join employee e1_0 on e1_0.emp_id=o1_0.employee_id left join order_detail o2_0 on o1_0.order_id=o2_0.order_id left join product p1_0 on p1_0.product_id=o2_0.product_id where o1_0.order_id=?
Hibernate: select p1_0.product_id,p1_0.price_date_time,p1_0.note,p1_0.price from product_price p1_0 where p1_0.product_id=?
Hibernate: select p1_0.product_id,p1_0.image_id,p1_0.alternative,p1_0.path from product_image p1_0 where p1_0.product_id=?
Hibernate: select o1_0.product_id,o1_0.order_id,o2_0.order_id,c1_0.cust_id,c1_0.address,c1_0.email,c1_0.cust_name,c1_0.phone,o2_0.employee_id,e1_0.emp_id,e1_0.address,e1_0.dob,e1_0.email,e1_0.full_name,e1_0.phone,e1_0.status,o2_0.order_date,o1_0.note,o1_0.price,o1_0.quantity from order_detail o1_0 join orders o2_0 on o2_0.order_id=o1_0.order_id left join customer c1_0 on c1_0.cust_id=o2_0.cust_id left join employee e1_0 on e1_0.emp_id=o2_0.employee_id where o1_0.product_id=?
Hibernate: select l1_0.employee_id,l1_0.order_id,c1_0.cust_id,c1_0.address,c1_0.email,c1_0.cust_name,c1_0.phone,l1_0.order_date from orders l1_0 left join customer c1_0 on c1_0.cust_id=l1_0.cust_id where l1_0.employee_id=?
Hibernate: select p1_0.product_id,p1_0.description,p1_0.manufacturer_name,p1_0.name,p1_0.status,p1_0.unit,o1_0.product_id,o1_0.order_id,o2_0.order_id,c1_0.cust_id,c1_0.address,c1_0.email,c1_0.cust_name,c1_0.phone,o2_0.employee_id,e1_0.emp_id,e1_0.address,e1_0.dob,e1_0.email,e1_0.full_name,e1_0.phone,e1_0.status,o2_0.order_date,o1_0.note,o1_0.price,o1_0.quantity from product p1_0 left join order_detail o1_0 on p1_0.product_id=o1_0.product_id left join orders o2_0 on o2_0.order_id=o1_0.order_id left join customer c1_0 on c1_0.cust_id=o2_0.cust_id left join employee e1_0 on e1_0.emp_id=o2_0.employee_id where p1_0.product_id=?
Hibernate: select o1_0.order_id,o1_0.product_id,p1_0.product_id,p1_0.description,p1_0.manufacturer_name,p1_0.name,p1_0.status,p1_0.unit,o1_0.note,o1_0.price,o1_0.quantity from order_detail o1_0 join product p1_0 on p1_0.product_id=o1_0.product_id where o1_0.order_id=?
Hibernate: select o1_0.order_id,o1_0.product_id,p1_0.product_id,p1_0.description,p1_0.manufacturer_name,p1_0.name,p1_0.status,p1_0.unit,o1_0.note,o1_0.price,o1_0.quantity from order_detail o1_0 join product p1_0 on p1_0.product_id=o1_0.product_id where o1_0.order_id=?
Hibernate: select o1_0.order_id,o1_0.product_id,p1_0.product_id,p1_0.description,p1_0.manufacturer_name,p1_0.name,p1_0.status,p1_0.unit,o1_0.note,o1_0.price,o1_0.quantity from order_detail o1_0 join product p1_0 on p1_0.product_id=o1_0.product_id where o1_0.order_id=?
Hibernate: select o1_0.order_id,o1_0.product_id,p1_0.product_id,p1_0.description,p1_0.manufacturer_name,p1_0.name,p1_0.status,p1_0.unit,o1_0.note,o1_0.price,o1_0.quantity from order_detail o1_0 join product p1_0 on p1_0.product_id=o1_0.product_id where o1_0.order_id=?
Hibernate: select o1_0.order_id,o1_0.product_id,p1_0.product_id,p1_0.description,p1_0.manufacturer_name,p1_0.name,p1_0.status,p1_0.unit,o1_0.note,o1_0.price,o1_0.quantity from order_detail o1_0 join product p1_0 on p1_0.product_id=o1_0.product_id where o1_0.order_id=?
Hibernate: select l1_0.employee_id,l1_0.order_id,c1_0.cust_id,c1_0.address,c1_0.email,c1_0.cust_name,c1_0.phone,l1_0.order_date from orders l1_0 left join customer c1_0 on c1_0.cust_id=l1_0.cust_id where l1_0.employee_id=?
Hibernate: select o1_0.order_id,o1_0.product_id,p1_0.product_id,p1_0.description,p1_0.manufacturer_name,p1_0.name,p1_0.status,p1_0.unit,o1_0.note,o1_0.price,o1_0.quantity from order_detail o1_0 join product p1_0 on p1_0.product_id=o1_0.product_id where o1_0.order_id=?
Hibernate: select o1_0.order_id,o1_0.product_id,p1_0.product_id,p1_0.description,p1_0.manufacturer_name,p1_0.name,p1_0.status,p1_0.unit,o1_0.note,o1_0.price,o1_0.quantity from order_detail o1_0 join product p1_0 on p1_0.product_id=o1_0.product_id where o1_0.order_id=?
Hibernate: select l1_0.employee_id,l1_0.order_id,c1_0.cust_id,c1_0.address,c1_0.email,c1_0.cust_name,c1_0.phone,l1_0.order_date from orders l1_0 left join customer c1_0 on c1_0.cust_id=l1_0.cust_id where l1_0.employee_id=?
Hibernate: select o1_0.order_id,o1_0.product_id,p1_0.product_id,p1_0.description,p1_0.manufacturer_name,p1_0.name,p1_0.status,p1_0.unit,o1_0.note,o1_0.price,o1_0.quantity from order_detail o1_0 join product p1_0 on p1_0.product_id=o1_0.product_id where o1_0.order_id=?
Hibernate: select l1_0.employee_id,l1_0.order_id,c1_0.cust_id,c1_0.address,c1_0.email,c1_0.cust_name,c1_0.phone,l1_0.order_date from orders l1_0 left join customer c1_0 on c1_0.cust_id=l1_0.cust_id where l1_0.employee_id=?
Hibernate: select o1_0.order_id,o1_0.product_id,p1_0.product_id,p1_0.description,p1_0.manufacturer_name,p1_0.name,p1_0.status,p1_0.unit,o1_0.note,o1_0.price,o1_0.quantity from order_detail o1_0 join product p1_0 on p1_0.product_id=o1_0.product_id where o1_0.order_id=?
Hibernate: select p1_0.product_id,p1_0.price_date_time,p1_0.note,p1_0.price from product_price p1_0 where p1_0.product_id=?
Hibernate: select p1_0.product_id,p1_0.image_id,p1_0.alternative,p1_0.path from product_image p1_0 where p1_0.product_id=?
Hibernate: select o1_0.order_id,o1_0.product_id,p1_0.product_id,p1_0.description,p1_0.manufacturer_name,p1_0.name,p1_0.status,p1_0.unit,o1_0.note,o1_0.price,o1_0.quantity from order_detail o1_0 join product p1_0 on p1_0.product_id=o1_0.product_id where o1_0.order_id=?
Hibernate: insert into order_detail (note,price,quantity,order_id,product_id) values (?,?,?,?,?)
Hibernate: select p1_0.product_id,p1_0.description,p1_0.manufacturer_name,p1_0.name,p1_0.status,p1_0.unit from product p1_0 where p1_0.product_id=?
Hibernate: select o1_0.order_id,o2_0.order_id,c1_0.cust_id,c1_0.address,c1_0.email,c1_0.cust_name,c1_0.phone,o2_0.employee_id,e1_0.emp_id,e1_0.address,e1_0.dob,e1_0.email,e1_0.full_name,e1_0.phone,e1_0.status,o2_0.order_date,o1_0.product_id,p1_0.product_id,p1_0.description,p1_0.manufacturer_name,p1_0.name,p1_0.status,p1_0.unit,p2_0.product_id,p2_0.image_id,p2_0.alternative,p2_0.path,o1_0.note,o1_0.price,o1_0.quantity from order_detail o1_0 join orders o2_0 on o2_0.order_id=o1_0.order_id left join customer c1_0 on c1_0.cust_id=o2_0.cust_id left join employee e1_0 on e1_0.emp_id=o2_0.employee_id join product p1_0 on p1_0.product_id=o1_0.product_id left join product_image p2_0 on p1_0.product_id=p2_0.product_id where (o1_0.order_id,o1_0.product_id) in ((?,?))
Hibernate: select o1_0.order_id,c1_0.cust_id,c1_0.address,c1_0.email,c1_0.cust_name,c1_0.phone,o1_0.employee_id,e1_0.emp_id,e1_0.address,e1_0.dob,e1_0.email,e1_0.full_name,e1_0.phone,e1_0.status,o1_0.order_date,o2_0.order_id,o2_0.product_id,p1_0.product_id,p1_0.description,p1_0.manufacturer_name,p1_0.name,p1_0.status,p1_0.unit,o2_0.note,o2_0.price,o2_0.quantity from orders o1_0 left join customer c1_0 on c1_0.cust_id=o1_0.cust_id join employee e1_0 on e1_0.emp_id=o1_0.employee_id left join order_detail o2_0 on o1_0.order_id=o2_0.order_id left join product p1_0 on p1_0.product_id=o2_0.product_id where o1_0.order_id=?
Hibernate: select p1_0.product_id,p1_0.price_date_time,p1_0.note,p1_0.price from product_price p1_0 where p1_0.product_id=?
Hibernate: select p1_0.product_id,p1_0.image_id,p1_0.alternative,p1_0.path from product_image p1_0 where p1_0.product_id=?
Hibernate: select o1_0.product_id,o1_0.order_id,o2_0.order_id,c1_0.cust_id,c1_0.address,c1_0.email,c1_0.cust_name,c1_0.phone,o2_0.employee_id,e1_0.emp_id,e1_0.address,e1_0.dob,e1_0.email,e1_0.full_name,e1_0.phone,e1_0.status,o2_0.order_date,o1_0.note,o1_0.price,o1_0.quantity from order_detail o1_0 join orders o2_0 on o2_0.order_id=o1_0.order_id left join customer c1_0 on c1_0.cust_id=o2_0.cust_id left join employee e1_0 on e1_0.emp_id=o2_0.employee_id where o1_0.product_id=?
Hibernate: select p1_0.product_id,p1_0.price_date_time,p1_0.note,p1_0.price from product_price p1_0 where p1_0.product_id=?
Hibernate: select p1_0.product_id,p1_0.image_id,p1_0.alternative,p1_0.path from product_image p1_0 where p1_0.product_id=?
Hibernate: select o1_0.product_id,o1_0.order_id,o2_0.order_id,c1_0.cust_id,c1_0.address,c1_0.email,c1_0.cust_name,c1_0.phone,o2_0.employee_id,e1_0.emp_id,e1_0.address,e1_0.dob,e1_0.email,e1_0.full_name,e1_0.phone,e1_0.status,o2_0.order_date,o1_0.note,o1_0.price,o1_0.quantity from order_detail o1_0 join orders o2_0 on o2_0.order_id=o1_0.order_id left join customer c1_0 on c1_0.cust_id=o2_0.cust_id left join employee e1_0 on e1_0.emp_id=o2_0.employee_id where o1_0.product_id=?
Hibernate: select l1_0.employee_id,l1_0.order_id,c1_0.cust_id,c1_0.address,c1_0.email,c1_0.cust_name,c1_0.phone,l1_0.order_date from orders l1_0 left join customer c1_0 on c1_0.cust_id=l1_0.cust_id where l1_0.employee_id=?
Hibernate: select p1_0.product_id,p1_0.description,p1_0.manufacturer_name,p1_0.name,p1_0.status,p1_0.unit,o1_0.product_id,o1_0.order_id,o2_0.order_id,c1_0.cust_id,c1_0.address,c1_0.email,c1_0.cust_name,c1_0.phone,o2_0.employee_id,e1_0.emp_id,e1_0.address,e1_0.dob,e1_0.email,e1_0.full_name,e1_0.phone,e1_0.status,o2_0.order_date,o1_0.note,o1_0.price,o1_0.quantity from product p1_0 left join order_detail o1_0 on p1_0.product_id=o1_0.product_id left join orders o2_0 on o2_0.order_id=o1_0.order_id left join customer c1_0 on c1_0.cust_id=o2_0.cust_id left join employee e1_0 on e1_0.emp_id=o2_0.employee_id where p1_0.product_id=?
Hibernate: select o1_0.order_id,o1_0.product_id,p1_0.product_id,p1_0.description,p1_0.manufacturer_name,p1_0.name,p1_0.status,p1_0.unit,o1_0.note,o1_0.price,o1_0.quantity from order_detail o1_0 join product p1_0 on p1_0.product_id=o1_0.product_id where o1_0.order_id=?
Hibernate: select o1_0.order_id,o1_0.product_id,p1_0.product_id,p1_0.description,p1_0.manufacturer_name,p1_0.name,p1_0.status,p1_0.unit,o1_0.note,o1_0.price,o1_0.quantity from order_detail o1_0 join product p1_0 on p1_0.product_id=o1_0.product_id where o1_0.order_id=?
Hibernate: select o1_0.order_id,o1_0.product_id,p1_0.product_id,p1_0.description,p1_0.manufacturer_name,p1_0.name,p1_0.status,p1_0.unit,o1_0.note,o1_0.price,o1_0.quantity from order_detail o1_0 join product p1_0 on p1_0.product_id=o1_0.product_id where o1_0.order_id=?
Hibernate: select o1_0.order_id,o1_0.product_id,p1_0.product_id,p1_0.description,p1_0.manufacturer_name,p1_0.name,p1_0.status,p1_0.unit,o1_0.note,o1_0.price,o1_0.quantity from order_detail o1_0 join product p1_0 on p1_0.product_id=o1_0.product_id where o1_0.order_id=?
Hibernate: select p1_0.product_id,p1_0.price_date_time,p1_0.note,p1_0.price from product_price p1_0 where p1_0.product_id=?
Hibernate: select p1_0.product_id,p1_0.image_id,p1_0.alternative,p1_0.path from product_image p1_0 where p1_0.product_id=?
Hibernate: select o1_0.order_id,o1_0.product_id,p1_0.product_id,p1_0.description,p1_0.manufacturer_name,p1_0.name,p1_0.status,p1_0.unit,o1_0.note,o1_0.price,o1_0.quantity from order_detail o1_0 join product p1_0 on p1_0.product_id=o1_0.product_id where o1_0.order_id=?
Hibernate: insert into order_detail (note,price,quantity,order_id,product_id) values (?,?,?,?,?)
Hibernate: select e1_0.emp_id,e1_0.address,e1_0.dob,e1_0.email,e1_0.full_name,e1_0.phone,e1_0.status from employee e1_0 where e1_0.emp_id=?
Hibernate: select c1_0.cust_id,c1_0.address,c1_0.email,c1_0.cust_name,c1_0.phone from customer c1_0 where c1_0.cust_id=?
Hibernate: select o1_0.order_id,c1_0.cust_id,c1_0.address,c1_0.email,c1_0.cust_name,c1_0.phone,o1_0.employee_id,e1_0.emp_id,e1_0.address,e1_0.dob,e1_0.email,e1_0.full_name,e1_0.phone,e1_0.status,o1_0.order_date,o2_0.order_id,o2_0.product_id,p1_0.product_id,p1_0.description,p1_0.manufacturer_name,p1_0.name,p1_0.status,p1_0.unit,o2_0.note,o2_0.price,o2_0.quantity from orders o1_0 left join customer c1_0 on c1_0.cust_id=o1_0.cust_id join employee e1_0 on e1_0.emp_id=o1_0.employee_id left join order_detail o2_0 on o1_0.order_id=o2_0.order_id left join product p1_0 on p1_0.product_id=o2_0.product_id where o1_0.order_id=?
Hibernate: select c1_0.cust_id,c1_0.address,c1_0.email,c1_0.cust_name,c1_0.phone from customer c1_0 where c1_0.cust_id=?
Hibernate: select e1_0.emp_id,e1_0.address,e1_0.dob,e1_0.email,e1_0.full_name,e1_0.phone,e1_0.status from employee e1_0 where e1_0.emp_id=?
Hibernate: insert into orders (cust_id,employee_id,order_date,order_id) values (?,?,?,default)
Hibernate: select p1_0.product_id,p1_0.description,p1_0.manufacturer_name,p1_0.name,p1_0.status,p1_0.unit from product p1_0 where p1_0.product_id=?
Hibernate: select o1_0.order_id,o2_0.order_id,c1_0.cust_id,c1_0.address,c1_0.email,c1_0.cust_name,c1_0.phone,o2_0.employee_id,e1_0.emp_id,e1_0.address,e1_0.dob,e1_0.email,e1_0.full_name,e1_0.phone,e1_0.status,o2_0.order_date,o1_0.product_id,p1_0.product_id,p1_0.description,p1_0.manufacturer_name,p1_0.name,p1_0.status,p1_0.unit,p2_0.product_id,p2_0.image_id,p2_0.alternative,p2_0.path,o1_0.note,o1_0.price,o1_0.quantity from order_detail o1_0 join orders o2_0 on o2_0.order_id=o1_0.order_id left join customer c1_0 on c1_0.cust_id=o2_0.cust_id left join employee e1_0 on e1_0.emp_id=o2_0.employee_id join product p1_0 on p1_0.product_id=o1_0.product_id left join product_image p2_0 on p1_0.product_id=p2_0.product_id where (o1_0.order_id,o1_0.product_id) in ((?,?))
Hibernate: select o1_0.order_id,c1_0.cust_id,c1_0.address,c1_0.email,c1_0.cust_name,c1_0.phone,o1_0.employee_id,e1_0.emp_id,e1_0.address,e1_0.dob,e1_0.email,e1_0.full_name,e1_0.phone,e1_0.status,o1_0.order_date,o2_0.order_id,o2_0.product_id,p1_0.product_id,p1_0.description,p1_0.manufacturer_name,p1_0.name,p1_0.status,p1_0.unit,o2_0.note,o2_0.price,o2_0.quantity from orders o1_0 left join customer c1_0 on c1_0.cust_id=o1_0.cust_id join employee e1_0 on e1_0.emp_id=o1_0.employee_id left join order_detail o2_0 on o1_0.order_id=o2_0.order_id left join product p1_0 on p1_0.product_id=o2_0.product_id where o1_0.order_id=?
Hibernate: select l1_0.employee_id,l1_0.order_id,c1_0.cust_id,c1_0.address,c1_0.email,c1_0.cust_name,c1_0.phone,l1_0.order_date from orders l1_0 left join customer c1_0 on c1_0.cust_id=l1_0.cust_id where l1_0.employee_id=?
Hibernate: select p1_0.product_id,p1_0.description,p1_0.manufacturer_name,p1_0.name,p1_0.status,p1_0.unit,o1_0.product_id,o1_0.order_id,o2_0.order_id,c1_0.cust_id,c1_0.address,c1_0.email,c1_0.cust_name,c1_0.phone,o2_0.employee_id,e1_0.emp_id,e1_0.address,e1_0.dob,e1_0.email,e1_0.full_name,e1_0.phone,e1_0.status,o2_0.order_date,o1_0.note,o1_0.price,o1_0.quantity from product p1_0 left join order_detail o1_0 on p1_0.product_id=o1_0.product_id left join orders o2_0 on o2_0.order_id=o1_0.order_id left join customer c1_0 on c1_0.cust_id=o2_0.cust_id left join employee e1_0 on e1_0.emp_id=o2_0.employee_id where p1_0.product_id=?
Hibernate: select o1_0.order_id,o1_0.product_id,p1_0.product_id,p1_0.description,p1_0.manufacturer_name,p1_0.name,p1_0.status,p1_0.unit,o1_0.note,o1_0.price,o1_0.quantity from order_detail o1_0 join product p1_0 on p1_0.product_id=o1_0.product_id where o1_0.order_id=?
Hibernate: select l1_0.employee_id,l1_0.order_id,c1_0.cust_id,c1_0.address,c1_0.email,c1_0.cust_name,c1_0.phone,l1_0.order_date from orders l1_0 left join customer c1_0 on c1_0.cust_id=l1_0.cust_id where l1_0.employee_id=?
Hibernate: select o1_0.order_id,o1_0.product_id,p1_0.product_id,p1_0.description,p1_0.manufacturer_name,p1_0.name,p1_0.status,p1_0.unit,o1_0.note,o1_0.price,o1_0.quantity from order_detail o1_0 join product p1_0 on p1_0.product_id=o1_0.product_id where o1_0.order_id=?
Hibernate: select o1_0.order_id,o1_0.product_id,p1_0.product_id,p1_0.description,p1_0.manufacturer_name,p1_0.name,p1_0.status,p1_0.unit,o1_0.note,o1_0.price,o1_0.quantity from order_detail o1_0 join product p1_0 on p1_0.product_id=o1_0.product_id where o1_0.order_id=?
Hibernate: select o1_0.order_id,o1_0.product_id,p1_0.product_id,p1_0.description,p1_0.manufacturer_name,p1_0.name,p1_0.status,p1_0.unit,o1_0.note,o1_0.price,o1_0.quantity from order_detail o1_0 join product p1_0 on p1_0.product_id=o1_0.product_id where o1_0.order_id=?
Hibernate: select l1_0.employee_id,l1_0.order_id,c1_0.cust_id,c1_0.address,c1_0.email,c1_0.cust_name,c1_0.phone,l1_0.order_date from orders l1_0 left join customer c1_0 on c1_0.cust_id=l1_0.cust_id where l1_0.employee_id=?
Hibernate: select o1_0.order_id,o1_0.product_id,p1_0.product_id,p1_0.description,p1_0.manufacturer_name,p1_0.name,p1_0.status,p1_0.unit,o1_0.note,o1_0.price,o1_0.quantity from order_detail o1_0 join product p1_0 on p1_0.product_id=o1_0.product_id where o1_0.order_id=?
Hibernate: select l1_0.employee_id,l1_0.order_id,c1_0.cust_id,c1_0.address,c1_0.email,c1_0.cust_name,c1_0.phone,l1_0.order_date from orders l1_0 left join customer c1_0 on c1_0.cust_id=l1_0.cust_id where l1_0.employee_id=?
Hibernate: select o1_0.order_id,o1_0.product_id,p1_0.product_id,p1_0.description,p1_0.manufacturer_name,p1_0.name,p1_0.status,p1_0.unit,o1_0.note,o1_0.price,o1_0.quantity from order_detail o1_0 join product p1_0 on p1_0.product_id=o1_0.product_id where o1_0.order_id=?
Hibernate: select l1_0.employee_id,l1_0.order_id,c1_0.cust_id,c1_0.address,c1_0.email,c1_0.cust_name,c1_0.phone,l1_0.order_date from orders l1_0 left join customer c1_0 on c1_0.cust_id=l1_0.cust_id where l1_0.employee_id=?
Hibernate: select o1_0.order_id,o1_0.product_id,p1_0.product_id,p1_0.description,p1_0.manufacturer_name,p1_0.name,p1_0.status,p1_0.unit,o1_0.note,o1_0.price,o1_0.quantity from order_detail o1_0 join product p1_0 on p1_0.product_id=o1_0.product_id where o1_0.order_id=?
Hibernate: select l1_0.employee_id,l1_0.order_id,c1_0.cust_id,c1_0.address,c1_0.email,c1_0.cust_name,c1_0.phone,l1_0.order_date from orders l1_0 left join customer c1_0 on c1_0.cust_id=l1_0.cust_id where l1_0.employee_id=?
Hibernate: select o1_0.order_id,o1_0.product_id,p1_0.product_id,p1_0.description,p1_0.manufacturer_name,p1_0.name,p1_0.status,p1_0.unit,o1_0.note,o1_0.price,o1_0.quantity from order_detail o1_0 join product p1_0 on p1_0.product_id=o1_0.product_id where o1_0.order_id=?
Hibernate: select l1_0.employee_id,l1_0.order_id,c1_0.cust_id,c1_0.address,c1_0.email,c1_0.cust_name,c1_0.phone,l1_0.order_date from orders l1_0 left join customer c1_0 on c1_0.cust_id=l1_0.cust_id where l1_0.employee_id=?
Hibernate: select o1_0.order_id,o1_0.product_id,p1_0.product_id,p1_0.description,p1_0.manufacturer_name,p1_0.name,p1_0.status,p1_0.unit,o1_0.note,o1_0.price,o1_0.quantity from order_detail o1_0 join product p1_0 on p1_0.product_id=o1_0.product_id where o1_0.order_id=?
Hibernate: select o1_0.order_id,o1_0.product_id,p1_0.product_id,p1_0.description,p1_0.manufacturer_name,p1_0.name,p1_0.status,p1_0.unit,o1_0.note,o1_0.price,o1_0.quantity from order_detail o1_0 join product p1_0 on p1_0.product_id=o1_0.product_id where o1_0.order_id=?
Hibernate: select l1_0.employee_id,l1_0.order_id,c1_0.cust_id,c1_0.address,c1_0.email,c1_0.cust_name,c1_0.phone,l1_0.order_date from orders l1_0 left join customer c1_0 on c1_0.cust_id=l1_0.cust_id where l1_0.employee_id=?
Hibernate: select p1_0.product_id,p1_0.price_date_time,p1_0.note,p1_0.price from product_price p1_0 where p1_0.product_id=?
Hibernate: select p1_0.product_id,p1_0.image_id,p1_0.alternative,p1_0.path from product_image p1_0 where p1_0.product_id=?
Hibernate: select o1_0.order_id,o1_0.product_id,p1_0.product_id,p1_0.description,p1_0.manufacturer_name,p1_0.name,p1_0.status,p1_0.unit,o1_0.note,o1_0.price,o1_0.quantity from order_detail o1_0 join product p1_0 on p1_0.product_id=o1_0.product_id where o1_0.order_id=?
Hibernate: select l1_0.employee_id,l1_0.order_id,c1_0.cust_id,c1_0.address,c1_0.email,c1_0.cust_name,c1_0.phone,l1_0.order_date from orders l1_0 left join customer c1_0 on c1_0.cust_id=l1_0.cust_id where l1_0.employee_id=?
Hibernate: insert into order_detail (note,price,quantity,order_id,product_id) values (?,?,?,?,?)
Hibernate: select p1_0.product_id,p1_0.description,p1_0.manufacturer_name,p1_0.name,p1_0.status,p1_0.unit from product p1_0 where p1_0.product_id=?
Hibernate: select o1_0.order_id,o2_0.order_id,c1_0.cust_id,c1_0.address,c1_0.email,c1_0.cust_name,c1_0.phone,o2_0.employee_id,e1_0.emp_id,e1_0.address,e1_0.dob,e1_0.email,e1_0.full_name,e1_0.phone,e1_0.status,o2_0.order_date,o1_0.product_id,p1_0.product_id,p1_0.description,p1_0.manufacturer_name,p1_0.name,p1_0.status,p1_0.unit,p2_0.product_id,p2_0.image_id,p2_0.alternative,p2_0.path,o1_0.note,o1_0.price,o1_0.quantity from order_detail o1_0 join orders o2_0 on o2_0.order_id=o1_0.order_id left join customer c1_0 on c1_0.cust_id=o2_0.cust_id left join employee e1_0 on e1_0.emp_id=o2_0.employee_id join product p1_0 on p1_0.product_id=o1_0.product_id left join product_image p2_0 on p1_0.product_id=p2_0.product_id where (o1_0.order_id,o1_0.product_id) in ((?,?))
Hibernate: select p1_0.product_id,p1_0.price_date_time,p1_0.note,p1_0.price from product_price p1_0 where p1_0.product_id=?
Hibernate: select o1_0.product_id,o1_0.order_id,o2_0.order_id,c1_0.cust_id,c1_0.address,c1_0.email,c1_0.cust_name,c1_0.phone,o2_0.employee_id,e1_0.emp_id,e1_0.address,e1_0.dob,e1_0.email,e1_0.full_name,e1_0.phone,e1_0.status,o2_0.order_date,o1_0.note,o1_0.price,o1_0.quantity from order_detail o1_0 join orders o2_0 on o2_0.order_id=o1_0.order_id left join customer c1_0 on c1_0.cust_id=o2_0.cust_id left join employee e1_0 on e1_0.emp_id=o2_0.employee_id where o1_0.product_id=?
Hibernate: select o1_0.order_id,o1_0.product_id,p1_0.product_id,p1_0.description,p1_0.manufacturer_name,p1_0.name,p1_0.status,p1_0.unit,o1_0.note,o1_0.price,o1_0.quantity from order_detail o1_0 join product p1_0 on p1_0.product_id=o1_0.product_id where o1_0.order_id=?
Hibernate: select l1_0.employee_id,l1_0.order_id,c1_0.cust_id,c1_0.address,c1_0.email,c1_0.cust_name,c1_0.phone,l1_0.order_date from orders l1_0 left join customer c1_0 on c1_0.cust_id=l1_0.cust_id where l1_0.employee_id=?
Hibernate: update order_detail set note=?,price=?,quantity=? where order_id=? and product_id=?
Hibernate: select p1_0.product_id,p1_0.description,p1_0.manufacturer_name,p1_0.name,p1_0.status,p1_0.unit from product p1_0 where p1_0.product_id=?
Hibernate: select o1_0.order_id,o2_0.order_id,c1_0.cust_id,c1_0.address,c1_0.email,c1_0.cust_name,c1_0.phone,o2_0.employee_id,e1_0.emp_id,e1_0.address,e1_0.dob,e1_0.email,e1_0.full_name,e1_0.phone,e1_0.status,o2_0.order_date,o1_0.product_id,p1_0.product_id,p1_0.description,p1_0.manufacturer_name,p1_0.name,p1_0.status,p1_0.unit,p2_0.product_id,p2_0.image_id,p2_0.alternative,p2_0.path,o1_0.note,o1_0.price,o1_0.quantity from order_detail o1_0 join orders o2_0 on o2_0.order_id=o1_0.order_id left join customer c1_0 on c1_0.cust_id=o2_0.cust_id left join employee e1_0 on e1_0.emp_id=o2_0.employee_id join product p1_0 on p1_0.product_id=o1_0.product_id left join product_image p2_0 on p1_0.product_id=p2_0.product_id where (o1_0.order_id,o1_0.product_id) in ((?,?))
Hibernate: select o1_0.order_id,c1_0.cust_id,c1_0.address,c1_0.email,c1_0.cust_name,c1_0.phone,o1_0.employee_id,e1_0.emp_id,e1_0.address,e1_0.dob,e1_0.email,e1_0.full_name,e1_0.phone,e1_0.status,o1_0.order_date,o2_0.order_id,o2_0.product_id,p1_0.product_id,p1_0.description,p1_0.manufacturer_name,p1_0.name,p1_0.status,p1_0.unit,o2_0.note,o2_0.price,o2_0.quantity from orders o1_0 left join customer c1_0 on c1_0.cust_id=o1_0.cust_id join employee e1_0 on e1_0.emp_id=o1_0.employee_id left join order_detail o2_0 on o1_0.order_id=o2_0.order_id left join product p1_0 on p1_0.product_id=o2_0.product_id where o1_0.order_id=?
Hibernate: select p1_0.product_id,p1_0.price_date_time,p1_0.note,p1_0.price from product_price p1_0 where p1_0.product_id=?
Hibernate: select p1_0.product_id,p1_0.image_id,p1_0.alternative,p1_0.path from product_image p1_0 where p1_0.product_id=?
Hibernate: select o1_0.product_id,o1_0.order_id,o2_0.order_id,c1_0.cust_id,c1_0.address,c1_0.email,c1_0.cust_name,c1_0.phone,o2_0.employee_id,e1_0.emp_id,e1_0.address,e1_0.dob,e1_0.email,e1_0.full_name,e1_0.phone,e1_0.status,o2_0.order_date,o1_0.note,o1_0.price,o1_0.quantity from order_detail o1_0 join orders o2_0 on o2_0.order_id=o1_0.order_id left join customer c1_0 on c1_0.cust_id=o2_0.cust_id left join employee e1_0 on e1_0.emp_id=o2_0.employee_id where o1_0.product_id=?
Hibernate: select l1_0.employee_id,l1_0.order_id,c1_0.cust_id,c1_0.address,c1_0.email,c1_0.cust_name,c1_0.phone,l1_0.order_date from orders l1_0 left join customer c1_0 on c1_0.cust_id=l1_0.cust_id where l1_0.employee_id=?
Hibernate: select p1_0.product_id,p1_0.description,p1_0.manufacturer_name,p1_0.name,p1_0.status,p1_0.unit,o1_0.product_id,o1_0.order_id,o2_0.order_id,c1_0.cust_id,c1_0.address,c1_0.email,c1_0.cust_name,c1_0.phone,o2_0.employee_id,e1_0.emp_id,e1_0.address,e1_0.dob,e1_0.email,e1_0.full_name,e1_0.phone,e1_0.status,o2_0.order_date,o1_0.note,o1_0.price,o1_0.quantity from product p1_0 left join order_detail o1_0 on p1_0.product_id=o1_0.product_id left join orders o2_0 on o2_0.order_id=o1_0.order_id left join customer c1_0 on c1_0.cust_id=o2_0.cust_id left join employee e1_0 on e1_0.emp_id=o2_0.employee_id where p1_0.product_id=?
Hibernate: select o1_0.order_id,o1_0.product_id,p1_0.product_id,p1_0.description,p1_0.manufacturer_name,p1_0.name,p1_0.status,p1_0.unit,o1_0.note,o1_0.price,o1_0.quantity from order_detail o1_0 join product p1_0 on p1_0.product_id=o1_0.product_id where o1_0.order_id=?
Hibernate: select o1_0.order_id,o1_0.product_id,p1_0.product_id,p1_0.description,p1_0.manufacturer_name,p1_0.name,p1_0.status,p1_0.unit,o1_0.note,o1_0.price,o1_0.quantity from order_detail o1_0 join product p1_0 on p1_0.product_id=o1_0.product_id where o1_0.order_id=?
Hibernate: select o1_0.order_id,o1_0.product_id,p1_0.product_id,p1_0.description,p1_0.manufacturer_name,p1_0.name,p1_0.status,p1_0.unit,o1_0.note,o1_0.price,o1_0.quantity from order_detail o1_0 join product p1_0 on p1_0.product_id=o1_0.product_id where o1_0.order_id=?
Hibernate: select o1_0.order_id,o1_0.product_id,p1_0.product_id,p1_0.description,p1_0.manufacturer_name,p1_0.name,p1_0.status,p1_0.unit,o1_0.note,o1_0.price,o1_0.quantity from order_detail o1_0 join product p1_0 on p1_0.product_id=o1_0.product_id where o1_0.order_id=?
Hibernate: select p1_0.product_id,p1_0.price_date_time,p1_0.note,p1_0.price from product_price p1_0 where p1_0.product_id=?
Hibernate: select p1_0.product_id,p1_0.image_id,p1_0.alternative,p1_0.path from product_image p1_0 where p1_0.product_id=?
Hibernate: select o1_0.order_id,o1_0.product_id,p1_0.product_id,p1_0.description,p1_0.manufacturer_name,p1_0.name,p1_0.status,p1_0.unit,o1_0.note,o1_0.price,o1_0.quantity from order_detail o1_0 join product p1_0 on p1_0.product_id=o1_0.product_id where o1_0.order_id=?
Hibernate: insert into order_detail (note,price,quantity,order_id,product_id) values (?,?,?,?,?)
Hibernate: select e1_0.emp_id,e1_0.address,e1_0.dob,e1_0.email,e1_0.full_name,e1_0.phone,e1_0.status from employee e1_0 where e1_0.emp_id=?
Hibernate: select c1_0.cust_id,c1_0.address,c1_0.email,c1_0.cust_name,c1_0.phone from customer c1_0 where c1_0.cust_id=?
Hibernate: select o1_0.order_id,c1_0.cust_id,c1_0.address,c1_0.email,c1_0.cust_name,c1_0.phone,o1_0.employee_id,e1_0.emp_id,e1_0.address,e1_0.dob,e1_0.email,e1_0.full_name,e1_0.phone,e1_0.status,o1_0.order_date,o2_0.order_id,o2_0.product_id,p1_0.product_id,p1_0.description,p1_0.manufacturer_name,p1_0.name,p1_0.status,p1_0.unit,o2_0.note,o2_0.price,o2_0.quantity from orders o1_0 left join customer c1_0 on c1_0.cust_id=o1_0.cust_id join employee e1_0 on e1_0.emp_id=o1_0.employee_id left join order_detail o2_0 on o1_0.order_id=o2_0.order_id left join product p1_0 on p1_0.product_id=o2_0.product_id where o1_0.order_id=?
Hibernate: select c1_0.cust_id,c1_0.address,c1_0.email,c1_0.cust_name,c1_0.phone from customer c1_0 where c1_0.cust_id=?
Hibernate: select e1_0.emp_id,e1_0.address,e1_0.dob,e1_0.email,e1_0.full_name,e1_0.phone,e1_0.status from employee e1_0 where e1_0.emp_id=?
Hibernate: insert into orders (cust_id,employee_id,order_date,order_id) values (?,?,?,default)
Hibernate: select p1_0.product_id,p1_0.description,p1_0.manufacturer_name,p1_0.name,p1_0.status,p1_0.unit from product p1_0 where p1_0.product_id=?
Hibernate: select o1_0.order_id,o2_0.order_id,c1_0.cust_id,c1_0.address,c1_0.email,c1_0.cust_name,c1_0.phone,o2_0.employee_id,e1_0.emp_id,e1_0.address,e1_0.dob,e1_0.email,e1_0.full_name,e1_0.phone,e1_0.status,o2_0.order_date,o1_0.product_id,p1_0.product_id,p1_0.description,p1_0.manufacturer_name,p1_0.name,p1_0.status,p1_0.unit,p2_0.product_id,p2_0.image_id,p2_0.alternative,p2_0.path,o1_0.note,o1_0.price,o1_0.quantity from order_detail o1_0 join orders o2_0 on o2_0.order_id=o1_0.order_id left join customer c1_0 on c1_0.cust_id=o2_0.cust_id left join employee e1_0 on e1_0.emp_id=o2_0.employee_id join product p1_0 on p1_0.product_id=o1_0.product_id left join product_image p2_0 on p1_0.product_id=p2_0.product_id where (o1_0.order_id,o1_0.product_id) in ((?,?))
Hibernate: select o1_0.order_id,c1_0.cust_id,c1_0.address,c1_0.email,c1_0.cust_name,c1_0.phone,o1_0.employee_id,e1_0.emp_id,e1_0.address,e1_0.dob,e1_0.email,e1_0.full_name,e1_0.phone,e1_0.status,o1_0.order_date,o2_0.order_id,o2_0.product_id,p1_0.product_id,p1_0.description,p1_0.manufacturer_name,p1_0.name,p1_0.status,p1_0.unit,o2_0.note,o2_0.price,o2_0.quantity from orders o1_0 left join customer c1_0 on c1_0.cust_id=o1_0.cust_id join employee e1_0 on e1_0.emp_id=o1_0.employee_id left join order_detail o2_0 on o1_0.order_id=o2_0.order_id left join product p1_0 on p1_0.product_id=o2_0.product_id where o1_0.order_id=?
Hibernate: select l1_0.employee_id,l1_0.order_id,c1_0.cust_id,c1_0.address,c1_0.email,c1_0.cust_name,c1_0.phone,l1_0.order_date from orders l1_0 left join customer c1_0 on c1_0.cust_id=l1_0.cust_id where l1_0.employee_id=?
Hibernate: select p1_0.product_id,p1_0.description,p1_0.manufacturer_name,p1_0.name,p1_0.status,p1_0.unit,o1_0.product_id,o1_0.order_id,o2_0.order_id,c1_0.cust_id,c1_0.address,c1_0.email,c1_0.cust_name,c1_0.phone,o2_0.employee_id,e1_0.emp_id,e1_0.address,e1_0.dob,e1_0.email,e1_0.full_name,e1_0.phone,e1_0.status,o2_0.order_date,o1_0.note,o1_0.price,o1_0.quantity from product p1_0 left join order_detail o1_0 on p1_0.product_id=o1_0.product_id left join orders o2_0 on o2_0.order_id=o1_0.order_id left join customer c1_0 on c1_0.cust_id=o2_0.cust_id left join employee e1_0 on e1_0.emp_id=o2_0.employee_id where p1_0.product_id=?
Hibernate: select o1_0.order_id,o1_0.product_id,p1_0.product_id,p1_0.description,p1_0.manufacturer_name,p1_0.name,p1_0.status,p1_0.unit,o1_0.note,o1_0.price,o1_0.quantity from order_detail o1_0 join product p1_0 on p1_0.product_id=o1_0.product_id where o1_0.order_id=?
Hibernate: select o1_0.order_id,o1_0.product_id,p1_0.product_id,p1_0.description,p1_0.manufacturer_name,p1_0.name,p1_0.status,p1_0.unit,o1_0.note,o1_0.price,o1_0.quantity from order_detail o1_0 join product p1_0 on p1_0.product_id=o1_0.product_id where o1_0.order_id=?
Hibernate: select o1_0.order_id,o1_0.product_id,p1_0.product_id,p1_0.description,p1_0.manufacturer_name,p1_0.name,p1_0.status,p1_0.unit,o1_0.note,o1_0.price,o1_0.quantity from order_detail o1_0 join product p1_0 on p1_0.product_id=o1_0.product_id where o1_0.order_id=?
Hibernate: select l1_0.employee_id,l1_0.order_id,c1_0.cust_id,c1_0.address,c1_0.email,c1_0.cust_name,c1_0.phone,l1_0.order_date from orders l1_0 left join customer c1_0 on c1_0.cust_id=l1_0.cust_id where l1_0.employee_id=?
Hibernate: select o1_0.order_id,o1_0.product_id,p1_0.product_id,p1_0.description,p1_0.manufacturer_name,p1_0.name,p1_0.status,p1_0.unit,o1_0.note,o1_0.price,o1_0.quantity from order_detail o1_0 join product p1_0 on p1_0.product_id=o1_0.product_id where o1_0.order_id=?
Hibernate: select l1_0.employee_id,l1_0.order_id,c1_0.cust_id,c1_0.address,c1_0.email,c1_0.cust_name,c1_0.phone,l1_0.order_date from orders l1_0 left join customer c1_0 on c1_0.cust_id=l1_0.cust_id where l1_0.employee_id=?
Hibernate: select o1_0.order_id,o1_0.product_id,p1_0.product_id,p1_0.description,p1_0.manufacturer_name,p1_0.name,p1_0.status,p1_0.unit,o1_0.note,o1_0.price,o1_0.quantity from order_detail o1_0 join product p1_0 on p1_0.product_id=o1_0.product_id where o1_0.order_id=?
Hibernate: select l1_0.employee_id,l1_0.order_id,c1_0.cust_id,c1_0.address,c1_0.email,c1_0.cust_name,c1_0.phone,l1_0.order_date from orders l1_0 left join customer c1_0 on c1_0.cust_id=l1_0.cust_id where l1_0.employee_id=?
Hibernate: select o1_0.order_id,o1_0.product_id,p1_0.product_id,p1_0.description,p1_0.manufacturer_name,p1_0.name,p1_0.status,p1_0.unit,o1_0.note,o1_0.price,o1_0.quantity from order_detail o1_0 join product p1_0 on p1_0.product_id=o1_0.product_id where o1_0.order_id=?
Hibernate: select l1_0.employee_id,l1_0.order_id,c1_0.cust_id,c1_0.address,c1_0.email,c1_0.cust_name,c1_0.phone,l1_0.order_date from orders l1_0 left join customer c1_0 on c1_0.cust_id=l1_0.cust_id where l1_0.employee_id=?
Hibernate: select o1_0.order_id,o1_0.product_id,p1_0.product_id,p1_0.description,p1_0.manufacturer_name,p1_0.name,p1_0.status,p1_0.unit,o1_0.note,o1_0.price,o1_0.quantity from order_detail o1_0 join product p1_0 on p1_0.product_id=o1_0.product_id where o1_0.order_id=?
Hibernate: select p1_0.product_id,p1_0.price_date_time,p1_0.note,p1_0.price from product_price p1_0 where p1_0.product_id=?
Hibernate: select p1_0.product_id,p1_0.image_id,p1_0.alternative,p1_0.path from product_image p1_0 where p1_0.product_id=?
Hibernate: select o1_0.order_id,o1_0.product_id,p1_0.product_id,p1_0.description,p1_0.manufacturer_name,p1_0.name,p1_0.status,p1_0.unit,o1_0.note,o1_0.price,o1_0.quantity from order_detail o1_0 join product p1_0 on p1_0.product_id=o1_0.product_id where o1_0.order_id=?
Hibernate: select l1_0.employee_id,l1_0.order_id,c1_0.cust_id,c1_0.address,c1_0.email,c1_0.cust_name,c1_0.phone,l1_0.order_date from orders l1_0 left join customer c1_0 on c1_0.cust_id=l1_0.cust_id where l1_0.employee_id=?
Hibernate: insert into order_detail (note,price,quantity,order_id,product_id) values (?,?,?,?,?)
Hibernate: select p1_0.product_id,p1_0.description,p1_0.manufacturer_name,p1_0.name,p1_0.status,p1_0.unit from product p1_0 where p1_0.product_id=?
Hibernate: select o1_0.order_id,o2_0.order_id,c1_0.cust_id,c1_0.address,c1_0.email,c1_0.cust_name,c1_0.phone,o2_0.employee_id,e1_0.emp_id,e1_0.address,e1_0.dob,e1_0.email,e1_0.full_name,e1_0.phone,e1_0.status,o2_0.order_date,o1_0.product_id,p1_0.product_id,p1_0.description,p1_0.manufacturer_name,p1_0.name,p1_0.status,p1_0.unit,p2_0.product_id,p2_0.image_id,p2_0.alternative,p2_0.path,o1_0.note,o1_0.price,o1_0.quantity from order_detail o1_0 join orders o2_0 on o2_0.order_id=o1_0.order_id left join customer c1_0 on c1_0.cust_id=o2_0.cust_id left join employee e1_0 on e1_0.emp_id=o2_0.employee_id join product p1_0 on p1_0.product_id=o1_0.product_id left join product_image p2_0 on p1_0.product_id=p2_0.product_id where (o1_0.order_id,o1_0.product_id) in ((?,?))
Hibernate: select o1_0.order_id,c1_0.cust_id,c1_0.address,c1_0.email,c1_0.cust_name,c1_0.phone,o1_0.employee_id,e1_0.emp_id,e1_0.address,e1_0.dob,e1_0.email,e1_0.full_name,e1_0.phone,e1_0.status,o1_0.order_date,o2_0.order_id,o2_0.product_id,p1_0.product_id,p1_0.description,p1_0.manufacturer_name,p1_0.name,p1_0.status,p1_0.unit,o2_0.note,o2_0.price,o2_0.quantity from orders o1_0 left join customer c1_0 on c1_0.cust_id=o1_0.cust_id join employee e1_0 on e1_0.emp_id=o1_0.employee_id left join order_detail o2_0 on o1_0.order_id=o2_0.order_id left join product p1_0 on p1_0.product_id=o2_0.product_id where o1_0.order_id=?
Hibernate: select p1_0.product_id,p1_0.price_date_time,p1_0.note,p1_0.price from product_price p1_0 where p1_0.product_id=?
Hibernate: select p1_0.product_id,p1_0.image_id,p1_0.alternative,p1_0.path from product_image p1_0 where p1_0.product_id=?
Hibernate: select o1_0.product_id,o1_0.order_id,o2_0.order_id,c1_0.cust_id,c1_0.address,c1_0.email,c1_0.cust_name,c1_0.phone,o2_0.employee_id,e1_0.emp_id,e1_0.address,e1_0.dob,e1_0.email,e1_0.full_name,e1_0.phone,e1_0.status,o2_0.order_date,o1_0.note,o1_0.price,o1_0.quantity from order_detail o1_0 join orders o2_0 on o2_0.order_id=o1_0.order_id left join customer c1_0 on c1_0.cust_id=o2_0.cust_id left join employee e1_0 on e1_0.emp_id=o2_0.employee_id where o1_0.product_id=?
Hibernate: select l1_0.employee_id,l1_0.order_id,c1_0.cust_id,c1_0.address,c1_0.email,c1_0.cust_name,c1_0.phone,l1_0.order_date from orders l1_0 left join customer c1_0 on c1_0.cust_id=l1_0.cust_id where l1_0.employee_id=?
Hibernate: select p1_0.product_id,p1_0.description,p1_0.manufacturer_name,p1_0.name,p1_0.status,p1_0.unit,o1_0.product_id,o1_0.order_id,o2_0.order_id,c1_0.cust_id,c1_0.address,c1_0.email,c1_0.cust_name,c1_0.phone,o2_0.employee_id,e1_0.emp_id,e1_0.address,e1_0.dob,e1_0.email,e1_0.full_name,e1_0.phone,e1_0.status,o2_0.order_date,o1_0.note,o1_0.price,o1_0.quantity from product p1_0 left join order_detail o1_0 on p1_0.product_id=o1_0.product_id left join orders o2_0 on o2_0.order_id=o1_0.order_id left join customer c1_0 on c1_0.cust_id=o2_0.cust_id left join employee e1_0 on e1_0.emp_id=o2_0.employee_id where p1_0.product_id=?
Hibernate: select o1_0.order_id,o1_0.product_id,p1_0.product_id,p1_0.description,p1_0.manufacturer_name,p1_0.name,p1_0.status,p1_0.unit,o1_0.note,o1_0.price,o1_0.quantity from order_detail o1_0 join product p1_0 on p1_0.product_id=o1_0.product_id where o1_0.order_id=?
Hibernate: select l1_0.employee_id,l1_0.order_id,c1_0.cust_id,c1_0.address,c1_0.email,c1_0.cust_name,c1_0.phone,l1_0.order_date from orders l1_0 left join customer c1_0 on c1_0.cust_id=l1_0.cust_id where l1_0.employee_id=?
Hibernate: select o1_0.order_id,o1_0.product_id,p1_0.product_id,p1_0.description,p1_0.manufacturer_name,p1_0.name,p1_0.status,p1_0.unit,o1_0.note,o1_0.price,o1_0.quantity from order_detail o1_0 join product p1_0 on p1_0.product_id=o1_0.product_id where o1_0.order_id=?
Hibernate: select o1_0.order_id,o1_0.product_id,p1_0.product_id,p1_0.description,p1_0.manufacturer_name,p1_0.name,p1_0.status,p1_0.unit,o1_0.note,o1_0.price,o1_0.quantity from order_detail o1_0 join product p1_0 on p1_0.product_id=o1_0.product_id where o1_0.order_id=?
Hibernate: select o1_0.order_id,o1_0.product_id,p1_0.product_id,p1_0.description,p1_0.manufacturer_name,p1_0.name,p1_0.status,p1_0.unit,o1_0.note,o1_0.price,o1_0.quantity from order_detail o1_0 join product p1_0 on p1_0.product_id=o1_0.product_id where o1_0.order_id=?
Hibernate: select o1_0.order_id,o1_0.product_id,p1_0.product_id,p1_0.description,p1_0.manufacturer_name,p1_0.name,p1_0.status,p1_0.unit,o1_0.note,o1_0.price,o1_0.quantity from order_detail o1_0 join product p1_0 on p1_0.product_id=o1_0.product_id where o1_0.order_id=?
Hibernate: select l1_0.employee_id,l1_0.order_id,c1_0.cust_id,c1_0.address,c1_0.email,c1_0.cust_name,c1_0.phone,l1_0.order_date from orders l1_0 left join customer c1_0 on c1_0.cust_id=l1_0.cust_id where l1_0.employee_id=?
Hibernate: select p1_0.product_id,p1_0.price_date_time,p1_0.note,p1_0.price from product_price p1_0 where p1_0.product_id=?
Hibernate: select p1_0.product_id,p1_0.image_id,p1_0.alternative,p1_0.path from product_image p1_0 where p1_0.product_id=?
Hibernate: select o1_0.order_id,o1_0.product_id,p1_0.product_id,p1_0.description,p1_0.manufacturer_name,p1_0.name,p1_0.status,p1_0.unit,o1_0.note,o1_0.price,o1_0.quantity from order_detail o1_0 join product p1_0 on p1_0.product_id=o1_0.product_id where o1_0.order_id=?
Hibernate: insert into order_detail (note,price,quantity,order_id,product_id) values (?,?,?,?,?)
Hibernate: select p1_0.product_id,p1_0.description,p1_0.manufacturer_name,p1_0.name,p1_0.status,p1_0.unit from product p1_0 where p1_0.product_id=?
Hibernate: select o1_0.order_id,o2_0.order_id,c1_0.cust_id,c1_0.address,c1_0.email,c1_0.cust_name,c1_0.phone,o2_0.employee_id,e1_0.emp_id,e1_0.address,e1_0.dob,e1_0.email,e1_0.full_name,e1_0.phone,e1_0.status,o2_0.order_date,o1_0.product_id,p1_0.product_id,p1_0.description,p1_0.manufacturer_name,p1_0.name,p1_0.status,p1_0.unit,p2_0.product_id,p2_0.image_id,p2_0.alternative,p2_0.path,o1_0.note,o1_0.price,o1_0.quantity from order_detail o1_0 join orders o2_0 on o2_0.order_id=o1_0.order_id left join customer c1_0 on c1_0.cust_id=o2_0.cust_id left join employee e1_0 on e1_0.emp_id=o2_0.employee_id join product p1_0 on p1_0.product_id=o1_0.product_id left join product_image p2_0 on p1_0.product_id=p2_0.product_id where (o1_0.order_id,o1_0.product_id) in ((?,?))
Hibernate: select o1_0.order_id,c1_0.cust_id,c1_0.address,c1_0.email,c1_0.cust_name,c1_0.phone,o1_0.employee_id,e1_0.emp_id,e1_0.address,e1_0.dob,e1_0.email,e1_0.full_name,e1_0.phone,e1_0.status,o1_0.order_date,o2_0.order_id,o2_0.product_id,p1_0.product_id,p1_0.description,p1_0.manufacturer_name,p1_0.name,p1_0.status,p1_0.unit,o2_0.note,o2_0.price,o2_0.quantity from orders o1_0 left join customer c1_0 on c1_0.cust_id=o1_0.cust_id join employee e1_0 on e1_0.emp_id=o1_0.employee_id left join order_detail o2_0 on o1_0.order_id=o2_0.order_id left join product p1_0 on p1_0.product_id=o2_0.product_id where o1_0.order_id=?
Hibernate: select p1_0.product_id,p1_0.price_date_time,p1_0.note,p1_0.price from product_price p1_0 where p1_0.product_id=?
Hibernate: select p1_0.product_id,p1_0.image_id,p1_0.alternative,p1_0.path from product_image p1_0 where p1_0.product_id=?
Hibernate: select o1_0.product_id,o1_0.order_id,o2_0.order_id,c1_0.cust_id,c1_0.address,c1_0.email,c1_0.cust_name,c1_0.phone,o2_0.employee_id,e1_0.emp_id,e1_0.address,e1_0.dob,e1_0.email,e1_0.full_name,e1_0.phone,e1_0.status,o2_0.order_date,o1_0.note,o1_0.price,o1_0.quantity from order_detail o1_0 join orders o2_0 on o2_0.order_id=o1_0.order_id left join customer c1_0 on c1_0.cust_id=o2_0.cust_id left join employee e1_0 on e1_0.emp_id=o2_0.employee_id where o1_0.product_id=?
Hibernate: select p1_0.product_id,p1_0.price_date_time,p1_0.note,p1_0.price from product_price p1_0 where p1_0.product_id=?
Hibernate: select p1_0.product_id,p1_0.image_id,p1_0.alternative,p1_0.path from product_image p1_0 where p1_0.product_id=?
Hibernate: select o1_0.product_id,o1_0.order_id,o2_0.order_id,c1_0.cust_id,c1_0.address,c1_0.email,c1_0.cust_name,c1_0.phone,o2_0.employee_id,e1_0.emp_id,e1_0.address,e1_0.dob,e1_0.email,e1_0.full_name,e1_0.phone,e1_0.status,o2_0.order_date,o1_0.note,o1_0.price,o1_0.quantity from order_detail o1_0 join orders o2_0 on o2_0.order_id=o1_0.order_id left join customer c1_0 on c1_0.cust_id=o2_0.cust_id left join employee e1_0 on e1_0.emp_id=o2_0.employee_id where o1_0.product_id=?
Hibernate: select l1_0.employee_id,l1_0.order_id,c1_0.cust_id,c1_0.address,c1_0.email,c1_0.cust_name,c1_0.phone,l1_0.order_date from orders l1_0 left join customer c1_0 on c1_0.cust_id=l1_0.cust_id where l1_0.employee_id=?
Hibernate: select p1_0.product_id,p1_0.description,p1_0.manufacturer_name,p1_0.name,p1_0.status,p1_0.unit,o1_0.product_id,o1_0.order_id,o2_0.order_id,c1_0.cust_id,c1_0.address,c1_0.email,c1_0.cust_name,c1_0.phone,o2_0.employee_id,e1_0.emp_id,e1_0.address,e1_0.dob,e1_0.email,e1_0.full_name,e1_0.phone,e1_0.status,o2_0.order_date,o1_0.note,o1_0.price,o1_0.quantity from product p1_0 left join order_detail o1_0 on p1_0.product_id=o1_0.product_id left join orders o2_0 on o2_0.order_id=o1_0.order_id left join customer c1_0 on c1_0.cust_id=o2_0.cust_id left join employee e1_0 on e1_0.emp_id=o2_0.employee_id where p1_0.product_id=?
Hibernate: select o1_0.order_id,o1_0.product_id,p1_0.product_id,p1_0.description,p1_0.manufacturer_name,p1_0.name,p1_0.status,p1_0.unit,o1_0.note,o1_0.price,o1_0.quantity from order_detail o1_0 join product p1_0 on p1_0.product_id=o1_0.product_id where o1_0.order_id=?
Hibernate: select o1_0.order_id,o1_0.product_id,p1_0.product_id,p1_0.description,p1_0.manufacturer_name,p1_0.name,p1_0.status,p1_0.unit,o1_0.note,o1_0.price,o1_0.quantity from order_detail o1_0 join product p1_0 on p1_0.product_id=o1_0.product_id where o1_0.order_id=?
Hibernate: select o1_0.order_id,o1_0.product_id,p1_0.product_id,p1_0.description,p1_0.manufacturer_name,p1_0.name,p1_0.status,p1_0.unit,o1_0.note,o1_0.price,o1_0.quantity from order_detail o1_0 join product p1_0 on p1_0.product_id=o1_0.product_id where o1_0.order_id=?
Hibernate: select o1_0.order_id,o1_0.product_id,p1_0.product_id,p1_0.description,p1_0.manufacturer_name,p1_0.name,p1_0.status,p1_0.unit,o1_0.note,o1_0.price,o1_0.quantity from order_detail o1_0 join product p1_0 on p1_0.product_id=o1_0.product_id where o1_0.order_id=?
Hibernate: select o1_0.order_id,o1_0.product_id,p1_0.product_id,p1_0.description,p1_0.manufacturer_name,p1_0.name,p1_0.status,p1_0.unit,o1_0.note,o1_0.price,o1_0.quantity from order_detail o1_0 join product p1_0 on p1_0.product_id=o1_0.product_id where o1_0.order_id=?
Hibernate: select o1_0.order_id,o1_0.product_id,p1_0.product_id,p1_0.description,p1_0.manufacturer_name,p1_0.name,p1_0.status,p1_0.unit,o1_0.note,o1_0.price,o1_0.quantity from order_detail o1_0 join product p1_0 on p1_0.product_id=o1_0.product_id where o1_0.order_id=?
Hibernate: select o1_0.order_id,o1_0.product_id,p1_0.product_id,p1_0.description,p1_0.manufacturer_name,p1_0.name,p1_0.status,p1_0.unit,o1_0.note,o1_0.price,o1_0.quantity from order_detail o1_0 join product p1_0 on p1_0.product_id=o1_0.product_id where o1_0.order_id=?
Hibernate: select p1_0.product_id,p1_0.price_date_time,p1_0.note,p1_0.price from product_price p1_0 where p1_0.product_id=?
Hibernate: select p1_0.product_id,p1_0.image_id,p1_0.alternative,p1_0.path from product_image p1_0 where p1_0.product_id=?
Hibernate: select o1_0.order_id,o1_0.product_id,p1_0.product_id,p1_0.description,p1_0.manufacturer_name,p1_0.name,p1_0.status,p1_0.unit,o1_0.note,o1_0.price,o1_0.quantity from order_detail o1_0 join product p1_0 on p1_0.product_id=o1_0.product_id where o1_0.order_id=?
Hibernate: insert into order_detail (note,price,quantity,order_id,product_id) values (?,?,?,?,?)
Hibernate: select e1_0.emp_id,e1_0.address,e1_0.dob,e1_0.email,e1_0.full_name,e1_0.phone,e1_0.status from employee e1_0 where e1_0.emp_id=?
Hibernate: select c1_0.cust_id,c1_0.address,c1_0.email,c1_0.cust_name,c1_0.phone from customer c1_0 where c1_0.cust_id=?
Hibernate: select o1_0.order_id,c1_0.cust_id,c1_0.address,c1_0.email,c1_0.cust_name,c1_0.phone,o1_0.employee_id,e1_0.emp_id,e1_0.address,e1_0.dob,e1_0.email,e1_0.full_name,e1_0.phone,e1_0.status,o1_0.order_date,o2_0.order_id,o2_0.product_id,p1_0.product_id,p1_0.description,p1_0.manufacturer_name,p1_0.name,p1_0.status,p1_0.unit,o2_0.note,o2_0.price,o2_0.quantity from orders o1_0 left join customer c1_0 on c1_0.cust_id=o1_0.cust_id join employee e1_0 on e1_0.emp_id=o1_0.employee_id left join order_detail o2_0 on o1_0.order_id=o2_0.order_id left join product p1_0 on p1_0.product_id=o2_0.product_id where o1_0.order_id=?
Hibernate: select c1_0.cust_id,c1_0.address,c1_0.email,c1_0.cust_name,c1_0.phone from customer c1_0 where c1_0.cust_id=?
Hibernate: select e1_0.emp_id,e1_0.address,e1_0.dob,e1_0.email,e1_0.full_name,e1_0.phone,e1_0.status from employee e1_0 where e1_0.emp_id=?
Hibernate: insert into orders (cust_id,employee_id,order_date,order_id) values (?,?,?,default)
Hibernate: select p1_0.product_id,p1_0.description,p1_0.manufacturer_name,p1_0.name,p1_0.status,p1_0.unit from product p1_0 where p1_0.product_id=?
Hibernate: select o1_0.order_id,o2_0.order_id,c1_0.cust_id,c1_0.address,c1_0.email,c1_0.cust_name,c1_0.phone,o2_0.employee_id,e1_0.emp_id,e1_0.address,e1_0.dob,e1_0.email,e1_0.full_name,e1_0.phone,e1_0.status,o2_0.order_date,o1_0.product_id,p1_0.product_id,p1_0.description,p1_0.manufacturer_name,p1_0.name,p1_0.status,p1_0.unit,p2_0.product_id,p2_0.image_id,p2_0.alternative,p2_0.path,o1_0.note,o1_0.price,o1_0.quantity from order_detail o1_0 join orders o2_0 on o2_0.order_id=o1_0.order_id left join customer c1_0 on c1_0.cust_id=o2_0.cust_id left join employee e1_0 on e1_0.emp_id=o2_0.employee_id join product p1_0 on p1_0.product_id=o1_0.product_id left join product_image p2_0 on p1_0.product_id=p2_0.product_id where (o1_0.order_id,o1_0.product_id) in ((?,?))
Hibernate: select o1_0.order_id,c1_0.cust_id,c1_0.address,c1_0.email,c1_0.cust_name,c1_0.phone,o1_0.employee_id,e1_0.emp_id,e1_0.address,e1_0.dob,e1_0.email,e1_0.full_name,e1_0.phone,e1_0.status,o1_0.order_date,o2_0.order_id,o2_0.product_id,p1_0.product_id,p1_0.description,p1_0.manufacturer_name,p1_0.name,p1_0.status,p1_0.unit,o2_0.note,o2_0.price,o2_0.quantity from orders o1_0 left join customer c1_0 on c1_0.cust_id=o1_0.cust_id join employee e1_0 on e1_0.emp_id=o1_0.employee_id left join order_detail o2_0 on o1_0.order_id=o2_0.order_id left join product p1_0 on p1_0.product_id=o2_0.product_id where o1_0.order_id=?
Hibernate: select l1_0.employee_id,l1_0.order_id,c1_0.cust_id,c1_0.address,c1_0.email,c1_0.cust_name,c1_0.phone,l1_0.order_date from orders l1_0 left join customer c1_0 on c1_0.cust_id=l1_0.cust_id where l1_0.employee_id=?
Hibernate: select p1_0.product_id,p1_0.description,p1_0.manufacturer_name,p1_0.name,p1_0.status,p1_0.unit,o1_0.product_id,o1_0.order_id,o2_0.order_id,c1_0.cust_id,c1_0.address,c1_0.email,c1_0.cust_name,c1_0.phone,o2_0.employee_id,e1_0.emp_id,e1_0.address,e1_0.dob,e1_0.email,e1_0.full_name,e1_0.phone,e1_0.status,o2_0.order_date,o1_0.note,o1_0.price,o1_0.quantity from product p1_0 left join order_detail o1_0 on p1_0.product_id=o1_0.product_id left join orders o2_0 on o2_0.order_id=o1_0.order_id left join customer c1_0 on c1_0.cust_id=o2_0.cust_id left join employee e1_0 on e1_0.emp_id=o2_0.employee_id where p1_0.product_id=?
Hibernate: select o1_0.order_id,o1_0.product_id,p1_0.product_id,p1_0.description,p1_0.manufacturer_name,p1_0.name,p1_0.status,p1_0.unit,o1_0.note,o1_0.price,o1_0.quantity from order_detail o1_0 join product p1_0 on p1_0.product_id=o1_0.product_id where o1_0.order_id=?
Hibernate: select o1_0.order_id,o1_0.product_id,p1_0.product_id,p1_0.description,p1_0.manufacturer_name,p1_0.name,p1_0.status,p1_0.unit,o1_0.note,o1_0.price,o1_0.quantity from order_detail o1_0 join product p1_0 on p1_0.product_id=o1_0.product_id where o1_0.order_id=?
Hibernate: select o1_0.order_id,o1_0.product_id,p1_0.product_id,p1_0.description,p1_0.manufacturer_name,p1_0.name,p1_0.status,p1_0.unit,o1_0.note,o1_0.price,o1_0.quantity from order_detail o1_0 join product p1_0 on p1_0.product_id=o1_0.product_id where o1_0.order_id=?
Hibernate: select l1_0.employee_id,l1_0.order_id,c1_0.cust_id,c1_0.address,c1_0.email,c1_0.cust_name,c1_0.phone,l1_0.order_date from orders l1_0 left join customer c1_0 on c1_0.cust_id=l1_0.cust_id where l1_0.employee_id=?
Hibernate: select o1_0.order_id,o1_0.product_id,p1_0.product_id,p1_0.description,p1_0.manufacturer_name,p1_0.name,p1_0.status,p1_0.unit,o1_0.note,o1_0.price,o1_0.quantity from order_detail o1_0 join product p1_0 on p1_0.product_id=o1_0.product_id where o1_0.order_id=?
Hibernate: select o1_0.order_id,o1_0.product_id,p1_0.product_id,p1_0.description,p1_0.manufacturer_name,p1_0.name,p1_0.status,p1_0.unit,o1_0.note,o1_0.price,o1_0.quantity from order_detail o1_0 join product p1_0 on p1_0.product_id=o1_0.product_id where o1_0.order_id=?
Hibernate: select o1_0.order_id,o1_0.product_id,p1_0.product_id,p1_0.description,p1_0.manufacturer_name,p1_0.name,p1_0.status,p1_0.unit,o1_0.note,o1_0.price,o1_0.quantity from order_detail o1_0 join product p1_0 on p1_0.product_id=o1_0.product_id where o1_0.order_id=?
Hibernate: select l1_0.employee_id,l1_0.order_id,c1_0.cust_id,c1_0.address,c1_0.email,c1_0.cust_name,c1_0.phone,l1_0.order_date from orders l1_0 left join customer c1_0 on c1_0.cust_id=l1_0.cust_id where l1_0.employee_id=?
Hibernate: select o1_0.order_id,o1_0.product_id,p1_0.product_id,p1_0.description,p1_0.manufacturer_name,p1_0.name,p1_0.status,p1_0.unit,o1_0.note,o1_0.price,o1_0.quantity from order_detail o1_0 join product p1_0 on p1_0.product_id=o1_0.product_id where o1_0.order_id=?
Hibernate: select l1_0.employee_id,l1_0.order_id,c1_0.cust_id,c1_0.address,c1_0.email,c1_0.cust_name,c1_0.phone,l1_0.order_date from orders l1_0 left join customer c1_0 on c1_0.cust_id=l1_0.cust_id where l1_0.employee_id=?
Hibernate: select o1_0.order_id,o1_0.product_id,p1_0.product_id,p1_0.description,p1_0.manufacturer_name,p1_0.name,p1_0.status,p1_0.unit,o1_0.note,o1_0.price,o1_0.quantity from order_detail o1_0 join product p1_0 on p1_0.product_id=o1_0.product_id where o1_0.order_id=?
Hibernate: select o1_0.order_id,o1_0.product_id,p1_0.product_id,p1_0.description,p1_0.manufacturer_name,p1_0.name,p1_0.status,p1_0.unit,o1_0.note,o1_0.price,o1_0.quantity from order_detail o1_0 join product p1_0 on p1_0.product_id=o1_0.product_id where o1_0.order_id=?
Hibernate: select l1_0.employee_id,l1_0.order_id,c1_0.cust_id,c1_0.address,c1_0.email,c1_0.cust_name,c1_0.phone,l1_0.order_date from orders l1_0 left join customer c1_0 on c1_0.cust_id=l1_0.cust_id where l1_0.employee_id=?
Hibernate: select o1_0.order_id,o1_0.product_id,p1_0.product_id,p1_0.description,p1_0.manufacturer_name,p1_0.name,p1_0.status,p1_0.unit,o1_0.note,o1_0.price,o1_0.quantity from order_detail o1_0 join product p1_0 on p1_0.product_id=o1_0.product_id where o1_0.order_id=?
Hibernate: select l1_0.employee_id,l1_0.order_id,c1_0.cust_id,c1_0.address,c1_0.email,c1_0.cust_name,c1_0.phone,l1_0.order_date from orders l1_0 left join customer c1_0 on c1_0.cust_id=l1_0.cust_id where l1_0.employee_id=?
Hibernate: select p1_0.product_id,p1_0.price_date_time,p1_0.note,p1_0.price from product_price p1_0 where p1_0.product_id=?
Hibernate: select p1_0.product_id,p1_0.image_id,p1_0.alternative,p1_0.path from product_image p1_0 where p1_0.product_id=?
Hibernate: select o1_0.order_id,o1_0.product_id,p1_0.product_id,p1_0.description,p1_0.manufacturer_name,p1_0.name,p1_0.status,p1_0.unit,o1_0.note,o1_0.price,o1_0.quantity from order_detail o1_0 join product p1_0 on p1_0.product_id=o1_0.product_id where o1_0.order_id=?
Hibernate: select l1_0.employee_id,l1_0.order_id,c1_0.cust_id,c1_0.address,c1_0.email,c1_0.cust_name,c1_0.phone,l1_0.order_date from orders l1_0 left join customer c1_0 on c1_0.cust_id=l1_0.cust_id where l1_0.employee_id=?
Hibernate: insert into order_detail (note,price,quantity,order_id,product_id) values (?,?,?,?,?)
Hibernate: select p1_0.product_id,p1_0.description,p1_0.manufacturer_name,p1_0.name,p1_0.status,p1_0.unit from product p1_0 where p1_0.product_id=?
Hibernate: select o1_0.order_id,o2_0.order_id,c1_0.cust_id,c1_0.address,c1_0.email,c1_0.cust_name,c1_0.phone,o2_0.employee_id,e1_0.emp_id,e1_0.address,e1_0.dob,e1_0.email,e1_0.full_name,e1_0.phone,e1_0.status,o2_0.order_date,o1_0.product_id,p1_0.product_id,p1_0.description,p1_0.manufacturer_name,p1_0.name,p1_0.status,p1_0.unit,p2_0.product_id,p2_0.image_id,p2_0.alternative,p2_0.path,o1_0.note,o1_0.price,o1_0.quantity from order_detail o1_0 join orders o2_0 on o2_0.order_id=o1_0.order_id left join customer c1_0 on c1_0.cust_id=o2_0.cust_id left join employee e1_0 on e1_0.emp_id=o2_0.employee_id join product p1_0 on p1_0.product_id=o1_0.product_id left join product_image p2_0 on p1_0.product_id=p2_0.product_id where (o1_0.order_id,o1_0.product_id) in ((?,?))
Hibernate: select o1_0.order_id,c1_0.cust_id,c1_0.address,c1_0.email,c1_0.cust_name,c1_0.phone,o1_0.employee_id,e1_0.emp_id,e1_0.address,e1_0.dob,e1_0.email,e1_0.full_name,e1_0.phone,e1_0.status,o1_0.order_date,o2_0.order_id,o2_0.product_id,p1_0.product_id,p1_0.description,p1_0.manufacturer_name,p1_0.name,p1_0.status,p1_0.unit,o2_0.note,o2_0.price,o2_0.quantity from orders o1_0 left join customer c1_0 on c1_0.cust_id=o1_0.cust_id join employee e1_0 on e1_0.emp_id=o1_0.employee_id left join order_detail o2_0 on o1_0.order_id=o2_0.order_id left join product p1_0 on p1_0.product_id=o2_0.product_id where o1_0.order_id=?
Hibernate: select p1_0.product_id,p1_0.price_date_time,p1_0.note,p1_0.price from product_price p1_0 where p1_0.product_id=?
Hibernate: select p1_0.product_id,p1_0.image_id,p1_0.alternative,p1_0.path from product_image p1_0 where p1_0.product_id=?
Hibernate: select o1_0.product_id,o1_0.order_id,o2_0.order_id,c1_0.cust_id,c1_0.address,c1_0.email,c1_0.cust_name,c1_0.phone,o2_0.employee_id,e1_0.emp_id,e1_0.address,e1_0.dob,e1_0.email,e1_0.full_name,e1_0.phone,e1_0.status,o2_0.order_date,o1_0.note,o1_0.price,o1_0.quantity from order_detail o1_0 join orders o2_0 on o2_0.order_id=o1_0.order_id left join customer c1_0 on c1_0.cust_id=o2_0.cust_id left join employee e1_0 on e1_0.emp_id=o2_0.employee_id where o1_0.product_id=?
Hibernate: select l1_0.employee_id,l1_0.order_id,c1_0.cust_id,c1_0.address,c1_0.email,c1_0.cust_name,c1_0.phone,l1_0.order_date from orders l1_0 left join customer c1_0 on c1_0.cust_id=l1_0.cust_id where l1_0.employee_id=?
Hibernate: select p1_0.product_id,p1_0.description,p1_0.manufacturer_name,p1_0.name,p1_0.status,p1_0.unit,o1_0.product_id,o1_0.order_id,o2_0.order_id,c1_0.cust_id,c1_0.address,c1_0.email,c1_0.cust_name,c1_0.phone,o2_0.employee_id,e1_0.emp_id,e1_0.address,e1_0.dob,e1_0.email,e1_0.full_name,e1_0.phone,e1_0.status,o2_0.order_date,o1_0.note,o1_0.price,o1_0.quantity from product p1_0 left join order_detail o1_0 on p1_0.product_id=o1_0.product_id left join orders o2_0 on o2_0.order_id=o1_0.order_id left join customer c1_0 on c1_0.cust_id=o2_0.cust_id left join employee e1_0 on e1_0.emp_id=o2_0.employee_id where p1_0.product_id=?
Hibernate: select o1_0.order_id,o1_0.product_id,p1_0.product_id,p1_0.description,p1_0.manufacturer_name,p1_0.name,p1_0.status,p1_0.unit,o1_0.note,o1_0.price,o1_0.quantity from order_detail o1_0 join product p1_0 on p1_0.product_id=o1_0.product_id where o1_0.order_id=?
Hibernate: select o1_0.order_id,o1_0.product_id,p1_0.product_id,p1_0.description,p1_0.manufacturer_name,p1_0.name,p1_0.status,p1_0.unit,o1_0.note,o1_0.price,o1_0.quantity from order_detail o1_0 join product p1_0 on p1_0.product_id=o1_0.product_id where o1_0.order_id=?
Hibernate: select o1_0.order_id,o1_0.product_id,p1_0.product_id,p1_0.description,p1_0.manufacturer_name,p1_0.name,p1_0.status,p1_0.unit,o1_0.note,o1_0.price,o1_0.quantity from order_detail o1_0 join product p1_0 on p1_0.product_id=o1_0.product_id where o1_0.order_id=?
Hibernate: select o1_0.order_id,o1_0.product_id,p1_0.product_id,p1_0.description,p1_0.manufacturer_name,p1_0.name,p1_0.status,p1_0.unit,o1_0.note,o1_0.price,o1_0.quantity from order_detail o1_0 join product p1_0 on p1_0.product_id=o1_0.product_id where o1_0.order_id=?
Hibernate: select o1_0.order_id,o1_0.product_id,p1_0.product_id,p1_0.description,p1_0.manufacturer_name,p1_0.name,p1_0.status,p1_0.unit,o1_0.note,o1_0.price,o1_0.quantity from order_detail o1_0 join product p1_0 on p1_0.product_id=o1_0.product_id where o1_0.order_id=?
Hibernate: select o1_0.order_id,o1_0.product_id,p1_0.product_id,p1_0.description,p1_0.manufacturer_name,p1_0.name,p1_0.status,p1_0.unit,o1_0.note,o1_0.price,o1_0.quantity from order_detail o1_0 join product p1_0 on p1_0.product_id=o1_0.product_id where o1_0.order_id=?
Hibernate: select o1_0.order_id,o1_0.product_id,p1_0.product_id,p1_0.description,p1_0.manufacturer_name,p1_0.name,p1_0.status,p1_0.unit,o1_0.note,o1_0.price,o1_0.quantity from order_detail o1_0 join product p1_0 on p1_0.product_id=o1_0.product_id where o1_0.order_id=?
Hibernate: select o1_0.order_id,o1_0.product_id,p1_0.product_id,p1_0.description,p1_0.manufacturer_name,p1_0.name,p1_0.status,p1_0.unit,o1_0.note,o1_0.price,o1_0.quantity from order_detail o1_0 join product p1_0 on p1_0.product_id=o1_0.product_id where o1_0.order_id=?
Hibernate: select o1_0.order_id,o1_0.product_id,p1_0.product_id,p1_0.description,p1_0.manufacturer_name,p1_0.name,p1_0.status,p1_0.unit,o1_0.note,o1_0.price,o1_0.quantity from order_detail o1_0 join product p1_0 on p1_0.product_id=o1_0.product_id where o1_0.order_id=?
Hibernate: select o1_0.order_id,o1_0.product_id,p1_0.product_id,p1_0.description,p1_0.manufacturer_name,p1_0.name,p1_0.status,p1_0.unit,o1_0.note,o1_0.price,o1_0.quantity from order_detail o1_0 join product p1_0 on p1_0.product_id=o1_0.product_id where o1_0.order_id=?
Hibernate: select l1_0.employee_id,l1_0.order_id,c1_0.cust_id,c1_0.address,c1_0.email,c1_0.cust_name,c1_0.phone,l1_0.order_date from orders l1_0 left join customer c1_0 on c1_0.cust_id=l1_0.cust_id where l1_0.employee_id=?
Hibernate: select o1_0.order_id,o1_0.product_id,p1_0.product_id,p1_0.description,p1_0.manufacturer_name,p1_0.name,p1_0.status,p1_0.unit,o1_0.note,o1_0.price,o1_0.quantity from order_detail o1_0 join product p1_0 on p1_0.product_id=o1_0.product_id where o1_0.order_id=?
Hibernate: select o1_0.order_id,o1_0.product_id,p1_0.product_id,p1_0.description,p1_0.manufacturer_name,p1_0.name,p1_0.status,p1_0.unit,o1_0.note,o1_0.price,o1_0.quantity from order_detail o1_0 join product p1_0 on p1_0.product_id=o1_0.product_id where o1_0.order_id=?
Hibernate: select o1_0.order_id,o1_0.product_id,p1_0.product_id,p1_0.description,p1_0.manufacturer_name,p1_0.name,p1_0.status,p1_0.unit,o1_0.note,o1_0.price,o1_0.quantity from order_detail o1_0 join product p1_0 on p1_0.product_id=o1_0.product_id where o1_0.order_id=?
Hibernate: select p1_0.product_id,p1_0.price_date_time,p1_0.note,p1_0.price from product_price p1_0 where p1_0.product_id=?
Hibernate: select p1_0.product_id,p1_0.image_id,p1_0.alternative,p1_0.path from product_image p1_0 where p1_0.product_id=?
Hibernate: select o1_0.order_id,o1_0.product_id,p1_0.product_id,p1_0.description,p1_0.manufacturer_name,p1_0.name,p1_0.status,p1_0.unit,o1_0.note,o1_0.price,o1_0.quantity from order_detail o1_0 join product p1_0 on p1_0.product_id=o1_0.product_id where o1_0.order_id=?
Hibernate: insert into order_detail (note,price,quantity,order_id,product_id) values (?,?,?,?,?)
Hibernate: select p1_0.product_id,p1_0.description,p1_0.manufacturer_name,p1_0.name,p1_0.status,p1_0.unit from product p1_0 where p1_0.product_id=?
Hibernate: select o1_0.order_id,o2_0.order_id,c1_0.cust_id,c1_0.address,c1_0.email,c1_0.cust_name,c1_0.phone,o2_0.employee_id,e1_0.emp_id,e1_0.address,e1_0.dob,e1_0.email,e1_0.full_name,e1_0.phone,e1_0.status,o2_0.order_date,o1_0.product_id,p1_0.product_id,p1_0.description,p1_0.manufacturer_name,p1_0.name,p1_0.status,p1_0.unit,p2_0.product_id,p2_0.image_id,p2_0.alternative,p2_0.path,o1_0.note,o1_0.price,o1_0.quantity from order_detail o1_0 join orders o2_0 on o2_0.order_id=o1_0.order_id left join customer c1_0 on c1_0.cust_id=o2_0.cust_id left join employee e1_0 on e1_0.emp_id=o2_0.employee_id join product p1_0 on p1_0.product_id=o1_0.product_id left join product_image p2_0 on p1_0.product_id=p2_0.product_id where (o1_0.order_id,o1_0.product_id) in ((?,?))
Hibernate: select o1_0.order_id,c1_0.cust_id,c1_0.address,c1_0.email,c1_0.cust_name,c1_0.phone,o1_0.employee_id,e1_0.emp_id,e1_0.address,e1_0.dob,e1_0.email,e1_0.full_name,e1_0.phone,e1_0.status,o1_0.order_date,o2_0.order_id,o2_0.product_id,p1_0.product_id,p1_0.description,p1_0.manufacturer_name,p1_0.name,p1_0.status,p1_0.unit,o2_0.note,o2_0.price,o2_0.quantity from orders o1_0 left join customer c1_0 on c1_0.cust_id=o1_0.cust_id join employee e1_0 on e1_0.emp_id=o1_0.employee_id left join order_detail o2_0 on o1_0.order_id=o2_0.order_id left join product p1_0 on p1_0.product_id=o2_0.product_id where o1_0.order_id=?
Hibernate: select p1_0.product_id,p1_0.price_date_time,p1_0.note,p1_0.price from product_price p1_0 where p1_0.product_id=?
Hibernate: select p1_0.product_id,p1_0.image_id,p1_0.alternative,p1_0.path from product_image p1_0 where p1_0.product_id=?
Hibernate: select o1_0.product_id,o1_0.order_id,o2_0.order_id,c1_0.cust_id,c1_0.address,c1_0.email,c1_0.cust_name,c1_0.phone,o2_0.employee_id,e1_0.emp_id,e1_0.address,e1_0.dob,e1_0.email,e1_0.full_name,e1_0.phone,e1_0.status,o2_0.order_date,o1_0.note,o1_0.price,o1_0.quantity from order_detail o1_0 join orders o2_0 on o2_0.order_id=o1_0.order_id left join customer c1_0 on c1_0.cust_id=o2_0.cust_id left join employee e1_0 on e1_0.emp_id=o2_0.employee_id where o1_0.product_id=?
Hibernate: select p1_0.product_id,p1_0.price_date_time,p1_0.note,p1_0.price from product_price p1_0 where p1_0.product_id=?
Hibernate: select p1_0.product_id,p1_0.image_id,p1_0.alternative,p1_0.path from product_image p1_0 where p1_0.product_id=?
Hibernate: select o1_0.product_id,o1_0.order_id,o2_0.order_id,c1_0.cust_id,c1_0.address,c1_0.email,c1_0.cust_name,c1_0.phone,o2_0.employee_id,e1_0.emp_id,e1_0.address,e1_0.dob,e1_0.email,e1_0.full_name,e1_0.phone,e1_0.status,o2_0.order_date,o1_0.note,o1_0.price,o1_0.quantity from order_detail o1_0 join orders o2_0 on o2_0.order_id=o1_0.order_id left join customer c1_0 on c1_0.cust_id=o2_0.cust_id left join employee e1_0 on e1_0.emp_id=o2_0.employee_id where o1_0.product_id=?
Hibernate: select l1_0.employee_id,l1_0.order_id,c1_0.cust_id,c1_0.address,c1_0.email,c1_0.cust_name,c1_0.phone,l1_0.order_date from orders l1_0 left join customer c1_0 on c1_0.cust_id=l1_0.cust_id where l1_0.employee_id=?
Hibernate: select p1_0.product_id,p1_0.description,p1_0.manufacturer_name,p1_0.name,p1_0.status,p1_0.unit,o1_0.product_id,o1_0.order_id,o2_0.order_id,c1_0.cust_id,c1_0.address,c1_0.email,c1_0.cust_name,c1_0.phone,o2_0.employee_id,e1_0.emp_id,e1_0.address,e1_0.dob,e1_0.email,e1_0.full_name,e1_0.phone,e1_0.status,o2_0.order_date,o1_0.note,o1_0.price,o1_0.quantity from product p1_0 left join order_detail o1_0 on p1_0.product_id=o1_0.product_id left join orders o2_0 on o2_0.order_id=o1_0.order_id left join customer c1_0 on c1_0.cust_id=o2_0.cust_id left join employee e1_0 on e1_0.emp_id=o2_0.employee_id where p1_0.product_id=?
Hibernate: select o1_0.order_id,o1_0.product_id,p1_0.product_id,p1_0.description,p1_0.manufacturer_name,p1_0.name,p1_0.status,p1_0.unit,o1_0.note,o1_0.price,o1_0.quantity from order_detail o1_0 join product p1_0 on p1_0.product_id=o1_0.product_id where o1_0.order_id=?
Hibernate: select o1_0.order_id,o1_0.product_id,p1_0.product_id,p1_0.description,p1_0.manufacturer_name,p1_0.name,p1_0.status,p1_0.unit,o1_0.note,o1_0.price,o1_0.quantity from order_detail o1_0 join product p1_0 on p1_0.product_id=o1_0.product_id where o1_0.order_id=?
Hibernate: select o1_0.order_id,o1_0.product_id,p1_0.product_id,p1_0.description,p1_0.manufacturer_name,p1_0.name,p1_0.status,p1_0.unit,o1_0.note,o1_0.price,o1_0.quantity from order_detail o1_0 join product p1_0 on p1_0.product_id=o1_0.product_id where o1_0.order_id=?
Hibernate: select l1_0.employee_id,l1_0.order_id,c1_0.cust_id,c1_0.address,c1_0.email,c1_0.cust_name,c1_0.phone,l1_0.order_date from orders l1_0 left join customer c1_0 on c1_0.cust_id=l1_0.cust_id where l1_0.employee_id=?
Hibernate: select o1_0.order_id,o1_0.product_id,p1_0.product_id,p1_0.description,p1_0.manufacturer_name,p1_0.name,p1_0.status,p1_0.unit,o1_0.note,o1_0.price,o1_0.quantity from order_detail o1_0 join product p1_0 on p1_0.product_id=o1_0.product_id where o1_0.order_id=?
Hibernate: select o1_0.order_id,o1_0.product_id,p1_0.product_id,p1_0.description,p1_0.manufacturer_name,p1_0.name,p1_0.status,p1_0.unit,o1_0.note,o1_0.price,o1_0.quantity from order_detail o1_0 join product p1_0 on p1_0.product_id=o1_0.product_id where o1_0.order_id=?
Hibernate: select o1_0.order_id,o1_0.product_id,p1_0.product_id,p1_0.description,p1_0.manufacturer_name,p1_0.name,p1_0.status,p1_0.unit,o1_0.note,o1_0.price,o1_0.quantity from order_detail o1_0 join product p1_0 on p1_0.product_id=o1_0.product_id where o1_0.order_id=?
Hibernate: select o1_0.order_id,o1_0.product_id,p1_0.product_id,p1_0.description,p1_0.manufacturer_name,p1_0.name,p1_0.status,p1_0.unit,o1_0.note,o1_0.price,o1_0.quantity from order_detail o1_0 join product p1_0 on p1_0.product_id=o1_0.product_id where o1_0.order_id=?
Hibernate: select p1_0.product_id,p1_0.price_date_time,p1_0.note,p1_0.price from product_price p1_0 where p1_0.product_id=?
Hibernate: select p1_0.product_id,p1_0.image_id,p1_0.alternative,p1_0.path from product_image p1_0 where p1_0.product_id=?
Hibernate: select o1_0.order_id,o1_0.product_id,p1_0.product_id,p1_0.description,p1_0.manufacturer_name,p1_0.name,p1_0.status,p1_0.unit,o1_0.note,o1_0.price,o1_0.quantity from order_detail o1_0 join product p1_0 on p1_0.product_id=o1_0.product_id where o1_0.order_id=?
Hibernate: insert into order_detail (note,price,quantity,order_id,product_id) values (?,?,?,?,?)
Hibernate: select e1_0.emp_id,e1_0.address,e1_0.dob,e1_0.email,e1_0.full_name,e1_0.phone,e1_0.status from employee e1_0 where e1_0.emp_id=?
Hibernate: select c1_0.cust_id,c1_0.address,c1_0.email,c1_0.cust_name,c1_0.phone from customer c1_0 where c1_0.cust_id=?
Hibernate: select o1_0.order_id,c1_0.cust_id,c1_0.address,c1_0.email,c1_0.cust_name,c1_0.phone,o1_0.employee_id,e1_0.emp_id,e1_0.address,e1_0.dob,e1_0.email,e1_0.full_name,e1_0.phone,e1_0.status,o1_0.order_date,o2_0.order_id,o2_0.product_id,p1_0.product_id,p1_0.description,p1_0.manufacturer_name,p1_0.name,p1_0.status,p1_0.unit,o2_0.note,o2_0.price,o2_0.quantity from orders o1_0 left join customer c1_0 on c1_0.cust_id=o1_0.cust_id join employee e1_0 on e1_0.emp_id=o1_0.employee_id left join order_detail o2_0 on o1_0.order_id=o2_0.order_id left join product p1_0 on p1_0.product_id=o2_0.product_id where o1_0.order_id=?
Hibernate: select c1_0.cust_id,c1_0.address,c1_0.email,c1_0.cust_name,c1_0.phone from customer c1_0 where c1_0.cust_id=?
Hibernate: select e1_0.emp_id,e1_0.address,e1_0.dob,e1_0.email,e1_0.full_name,e1_0.phone,e1_0.status from employee e1_0 where e1_0.emp_id=?
Hibernate: insert into orders (cust_id,employee_id,order_date,order_id) values (?,?,?,default)
Hibernate: select p1_0.product_id,p1_0.description,p1_0.manufacturer_name,p1_0.name,p1_0.status,p1_0.unit from product p1_0 where p1_0.product_id=?
Hibernate: select o1_0.order_id,o2_0.order_id,c1_0.cust_id,c1_0.address,c1_0.email,c1_0.cust_name,c1_0.phone,o2_0.employee_id,e1_0.emp_id,e1_0.address,e1_0.dob,e1_0.email,e1_0.full_name,e1_0.phone,e1_0.status,o2_0.order_date,o1_0.product_id,p1_0.product_id,p1_0.description,p1_0.manufacturer_name,p1_0.name,p1_0.status,p1_0.unit,p2_0.product_id,p2_0.image_id,p2_0.alternative,p2_0.path,o1_0.note,o1_0.price,o1_0.quantity from order_detail o1_0 join orders o2_0 on o2_0.order_id=o1_0.order_id left join customer c1_0 on c1_0.cust_id=o2_0.cust_id left join employee e1_0 on e1_0.emp_id=o2_0.employee_id join product p1_0 on p1_0.product_id=o1_0.product_id left join product_image p2_0 on p1_0.product_id=p2_0.product_id where (o1_0.order_id,o1_0.product_id) in ((?,?))
Hibernate: select o1_0.order_id,c1_0.cust_id,c1_0.address,c1_0.email,c1_0.cust_name,c1_0.phone,o1_0.employee_id,e1_0.emp_id,e1_0.address,e1_0.dob,e1_0.email,e1_0.full_name,e1_0.phone,e1_0.status,o1_0.order_date,o2_0.order_id,o2_0.product_id,p1_0.product_id,p1_0.description,p1_0.manufacturer_name,p1_0.name,p1_0.status,p1_0.unit,o2_0.note,o2_0.price,o2_0.quantity from orders o1_0 left join customer c1_0 on c1_0.cust_id=o1_0.cust_id join employee e1_0 on e1_0.emp_id=o1_0.employee_id left join order_detail o2_0 on o1_0.order_id=o2_0.order_id left join product p1_0 on p1_0.product_id=o2_0.product_id where o1_0.order_id=?
Hibernate: select l1_0.employee_id,l1_0.order_id,c1_0.cust_id,c1_0.address,c1_0.email,c1_0.cust_name,c1_0.phone,l1_0.order_date from orders l1_0 left join customer c1_0 on c1_0.cust_id=l1_0.cust_id where l1_0.employee_id=?
Hibernate: select p1_0.product_id,p1_0.description,p1_0.manufacturer_name,p1_0.name,p1_0.status,p1_0.unit,o1_0.product_id,o1_0.order_id,o2_0.order_id,c1_0.cust_id,c1_0.address,c1_0.email,c1_0.cust_name,c1_0.phone,o2_0.employee_id,e1_0.emp_id,e1_0.address,e1_0.dob,e1_0.email,e1_0.full_name,e1_0.phone,e1_0.status,o2_0.order_date,o1_0.note,o1_0.price,o1_0.quantity from product p1_0 left join order_detail o1_0 on p1_0.product_id=o1_0.product_id left join orders o2_0 on o2_0.order_id=o1_0.order_id left join customer c1_0 on c1_0.cust_id=o2_0.cust_id left join employee e1_0 on e1_0.emp_id=o2_0.employee_id where p1_0.product_id=?
Hibernate: select o1_0.order_id,o1_0.product_id,p1_0.product_id,p1_0.description,p1_0.manufacturer_name,p1_0.name,p1_0.status,p1_0.unit,o1_0.note,o1_0.price,o1_0.quantity from order_detail o1_0 join product p1_0 on p1_0.product_id=o1_0.product_id where o1_0.order_id=?
Hibernate: select o1_0.order_id,o1_0.product_id,p1_0.product_id,p1_0.description,p1_0.manufacturer_name,p1_0.name,p1_0.status,p1_0.unit,o1_0.note,o1_0.price,o1_0.quantity from order_detail o1_0 join product p1_0 on p1_0.product_id=o1_0.product_id where o1_0.order_id=?
Hibernate: select l1_0.employee_id,l1_0.order_id,c1_0.cust_id,c1_0.address,c1_0.email,c1_0.cust_name,c1_0.phone,l1_0.order_date from orders l1_0 left join customer c1_0 on c1_0.cust_id=l1_0.cust_id where l1_0.employee_id=?
Hibernate: select p1_0.product_id,p1_0.price_date_time,p1_0.note,p1_0.price from product_price p1_0 where p1_0.product_id=?
Hibernate: select p1_0.product_id,p1_0.image_id,p1_0.alternative,p1_0.path from product_image p1_0 where p1_0.product_id=?
Hibernate: select o1_0.order_id,o1_0.product_id,p1_0.product_id,p1_0.description,p1_0.manufacturer_name,p1_0.name,p1_0.status,p1_0.unit,o1_0.note,o1_0.price,o1_0.quantity from order_detail o1_0 join product p1_0 on p1_0.product_id=o1_0.product_id where o1_0.order_id=?
Hibernate: select l1_0.employee_id,l1_0.order_id,c1_0.cust_id,c1_0.address,c1_0.email,c1_0.cust_name,c1_0.phone,l1_0.order_date from orders l1_0 left join customer c1_0 on c1_0.cust_id=l1_0.cust_id where l1_0.employee_id=?
Hibernate: insert into order_detail (note,price,quantity,order_id,product_id) values (?,?,?,?,?)
Hibernate: select p1_0.product_id,p1_0.description,p1_0.manufacturer_name,p1_0.name,p1_0.status,p1_0.unit from product p1_0 where p1_0.product_id=?
Hibernate: select o1_0.order_id,o2_0.order_id,c1_0.cust_id,c1_0.address,c1_0.email,c1_0.cust_name,c1_0.phone,o2_0.employee_id,e1_0.emp_id,e1_0.address,e1_0.dob,e1_0.email,e1_0.full_name,e1_0.phone,e1_0.status,o2_0.order_date,o1_0.product_id,p1_0.product_id,p1_0.description,p1_0.manufacturer_name,p1_0.name,p1_0.status,p1_0.unit,p2_0.product_id,p2_0.image_id,p2_0.alternative,p2_0.path,o1_0.note,o1_0.price,o1_0.quantity from order_detail o1_0 join orders o2_0 on o2_0.order_id=o1_0.order_id left join customer c1_0 on c1_0.cust_id=o2_0.cust_id left join employee e1_0 on e1_0.emp_id=o2_0.employee_id join product p1_0 on p1_0.product_id=o1_0.product_id left join product_image p2_0 on p1_0.product_id=p2_0.product_id where (o1_0.order_id,o1_0.product_id) in ((?,?))
Hibernate: select o1_0.order_id,c1_0.cust_id,c1_0.address,c1_0.email,c1_0.cust_name,c1_0.phone,o1_0.employee_id,e1_0.emp_id,e1_0.address,e1_0.dob,e1_0.email,e1_0.full_name,e1_0.phone,e1_0.status,o1_0.order_date,o2_0.order_id,o2_0.product_id,p1_0.product_id,p1_0.description,p1_0.manufacturer_name,p1_0.name,p1_0.status,p1_0.unit,o2_0.note,o2_0.price,o2_0.quantity from orders o1_0 left join customer c1_0 on c1_0.cust_id=o1_0.cust_id join employee e1_0 on e1_0.emp_id=o1_0.employee_id left join order_detail o2_0 on o1_0.order_id=o2_0.order_id left join product p1_0 on p1_0.product_id=o2_0.product_id where o1_0.order_id=?
Hibernate: select p1_0.product_id,p1_0.price_date_time,p1_0.note,p1_0.price from product_price p1_0 where p1_0.product_id=?
Hibernate: select p1_0.product_id,p1_0.image_id,p1_0.alternative,p1_0.path from product_image p1_0 where p1_0.product_id=?
Hibernate: select o1_0.product_id,o1_0.order_id,o2_0.order_id,c1_0.cust_id,c1_0.address,c1_0.email,c1_0.cust_name,c1_0.phone,o2_0.employee_id,e1_0.emp_id,e1_0.address,e1_0.dob,e1_0.email,e1_0.full_name,e1_0.phone,e1_0.status,o2_0.order_date,o1_0.note,o1_0.price,o1_0.quantity from order_detail o1_0 join orders o2_0 on o2_0.order_id=o1_0.order_id left join customer c1_0 on c1_0.cust_id=o2_0.cust_id left join employee e1_0 on e1_0.emp_id=o2_0.employee_id where o1_0.product_id=?
Hibernate: select l1_0.employee_id,l1_0.order_id,c1_0.cust_id,c1_0.address,c1_0.email,c1_0.cust_name,c1_0.phone,l1_0.order_date from orders l1_0 left join customer c1_0 on c1_0.cust_id=l1_0.cust_id where l1_0.employee_id=?
Hibernate: select p1_0.product_id,p1_0.description,p1_0.manufacturer_name,p1_0.name,p1_0.status,p1_0.unit,o1_0.product_id,o1_0.order_id,o2_0.order_id,c1_0.cust_id,c1_0.address,c1_0.email,c1_0.cust_name,c1_0.phone,o2_0.employee_id,e1_0.emp_id,e1_0.address,e1_0.dob,e1_0.email,e1_0.full_name,e1_0.phone,e1_0.status,o2_0.order_date,o1_0.note,o1_0.price,o1_0.quantity from product p1_0 left join order_detail o1_0 on p1_0.product_id=o1_0.product_id left join orders o2_0 on o2_0.order_id=o1_0.order_id left join customer c1_0 on c1_0.cust_id=o2_0.cust_id left join employee e1_0 on e1_0.emp_id=o2_0.employee_id where p1_0.product_id=?
Hibernate: select o1_0.order_id,o1_0.product_id,p1_0.product_id,p1_0.description,p1_0.manufacturer_name,p1_0.name,p1_0.status,p1_0.unit,o1_0.note,o1_0.price,o1_0.quantity from order_detail o1_0 join product p1_0 on p1_0.product_id=o1_0.product_id where o1_0.order_id=?
Hibernate: select o1_0.order_id,o1_0.product_id,p1_0.product_id,p1_0.description,p1_0.manufacturer_name,p1_0.name,p1_0.status,p1_0.unit,o1_0.note,o1_0.price,o1_0.quantity from order_detail o1_0 join product p1_0 on p1_0.product_id=o1_0.product_id where o1_0.order_id=?
Hibernate: select o1_0.order_id,o1_0.product_id,p1_0.product_id,p1_0.description,p1_0.manufacturer_name,p1_0.name,p1_0.status,p1_0.unit,o1_0.note,o1_0.price,o1_0.quantity from order_detail o1_0 join product p1_0 on p1_0.product_id=o1_0.product_id where o1_0.order_id=?
Hibernate: select l1_0.employee_id,l1_0.order_id,c1_0.cust_id,c1_0.address,c1_0.email,c1_0.cust_name,c1_0.phone,l1_0.order_date from orders l1_0 left join customer c1_0 on c1_0.cust_id=l1_0.cust_id where l1_0.employee_id=?
Hibernate: select o1_0.order_id,o1_0.product_id,p1_0.product_id,p1_0.description,p1_0.manufacturer_name,p1_0.name,p1_0.status,p1_0.unit,o1_0.note,o1_0.price,o1_0.quantity from order_detail o1_0 join product p1_0 on p1_0.product_id=o1_0.product_id where o1_0.order_id=?
Hibernate: select o1_0.order_id,o1_0.product_id,p1_0.product_id,p1_0.description,p1_0.manufacturer_name,p1_0.name,p1_0.status,p1_0.unit,o1_0.note,o1_0.price,o1_0.quantity from order_detail o1_0 join product p1_0 on p1_0.product_id=o1_0.product_id where o1_0.order_id=?
Hibernate: select l1_0.employee_id,l1_0.order_id,c1_0.cust_id,c1_0.address,c1_0.email,c1_0.cust_name,c1_0.phone,l1_0.order_date from orders l1_0 left join customer c1_0 on c1_0.cust_id=l1_0.cust_id where l1_0.employee_id=?
Hibernate: select o1_0.order_id,o1_0.product_id,p1_0.product_id,p1_0.description,p1_0.manufacturer_name,p1_0.name,p1_0.status,p1_0.unit,o1_0.note,o1_0.price,o1_0.quantity from order_detail o1_0 join product p1_0 on p1_0.product_id=o1_0.product_id where o1_0.order_id=?
Hibernate: select p1_0.product_id,p1_0.price_date_time,p1_0.note,p1_0.price from product_price p1_0 where p1_0.product_id=?
Hibernate: select p1_0.product_id,p1_0.image_id,p1_0.alternative,p1_0.path from product_image p1_0 where p1_0.product_id=?
Hibernate: insert into order_detail (note,price,quantity,order_id,product_id) values (?,?,?,?,?)
Hibernate: select p1_0.product_id,p1_0.description,p1_0.manufacturer_name,p1_0.name,p1_0.status,p1_0.unit from product p1_0 where p1_0.product_id=?
Hibernate: select o1_0.order_id,o2_0.order_id,c1_0.cust_id,c1_0.address,c1_0.email,c1_0.cust_name,c1_0.phone,o2_0.employee_id,e1_0.emp_id,e1_0.address,e1_0.dob,e1_0.email,e1_0.full_name,e1_0.phone,e1_0.status,o2_0.order_date,o1_0.product_id,p1_0.product_id,p1_0.description,p1_0.manufacturer_name,p1_0.name,p1_0.status,p1_0.unit,p2_0.product_id,p2_0.image_id,p2_0.alternative,p2_0.path,o1_0.note,o1_0.price,o1_0.quantity from order_detail o1_0 join orders o2_0 on o2_0.order_id=o1_0.order_id left join customer c1_0 on c1_0.cust_id=o2_0.cust_id left join employee e1_0 on e1_0.emp_id=o2_0.employee_id join product p1_0 on p1_0.product_id=o1_0.product_id left join product_image p2_0 on p1_0.product_id=p2_0.product_id where (o1_0.order_id,o1_0.product_id) in ((?,?))
Hibernate: select o1_0.order_id,c1_0.cust_id,c1_0.address,c1_0.email,c1_0.cust_name,c1_0.phone,o1_0.employee_id,e1_0.emp_id,e1_0.address,e1_0.dob,e1_0.email,e1_0.full_name,e1_0.phone,e1_0.status,o1_0.order_date,o2_0.order_id,o2_0.product_id,p1_0.product_id,p1_0.description,p1_0.manufacturer_name,p1_0.name,p1_0.status,p1_0.unit,o2_0.note,o2_0.price,o2_0.quantity from orders o1_0 left join customer c1_0 on c1_0.cust_id=o1_0.cust_id join employee e1_0 on e1_0.emp_id=o1_0.employee_id left join order_detail o2_0 on o1_0.order_id=o2_0.order_id left join product p1_0 on p1_0.product_id=o2_0.product_id where o1_0.order_id=?
Hibernate: select p1_0.product_id,p1_0.price_date_time,p1_0.note,p1_0.price from product_price p1_0 where p1_0.product_id=?
Hibernate: select p1_0.product_id,p1_0.image_id,p1_0.alternative,p1_0.path from product_image p1_0 where p1_0.product_id=?
Hibernate: select o1_0.product_id,o1_0.order_id,o2_0.order_id,c1_0.cust_id,c1_0.address,c1_0.email,c1_0.cust_name,c1_0.phone,o2_0.employee_id,e1_0.emp_id,e1_0.address,e1_0.dob,e1_0.email,e1_0.full_name,e1_0.phone,e1_0.status,o2_0.order_date,o1_0.note,o1_0.price,o1_0.quantity from order_detail o1_0 join orders o2_0 on o2_0.order_id=o1_0.order_id left join customer c1_0 on c1_0.cust_id=o2_0.cust_id left join employee e1_0 on e1_0.emp_id=o2_0.employee_id where o1_0.product_id=?
Hibernate: select p1_0.product_id,p1_0.price_date_time,p1_0.note,p1_0.price from product_price p1_0 where p1_0.product_id=?
Hibernate: select p1_0.product_id,p1_0.image_id,p1_0.alternative,p1_0.path from product_image p1_0 where p1_0.product_id=?
Hibernate: select o1_0.product_id,o1_0.order_id,o2_0.order_id,c1_0.cust_id,c1_0.address,c1_0.email,c1_0.cust_name,c1_0.phone,o2_0.employee_id,e1_0.emp_id,e1_0.address,e1_0.dob,e1_0.email,e1_0.full_name,e1_0.phone,e1_0.status,o2_0.order_date,o1_0.note,o1_0.price,o1_0.quantity from order_detail o1_0 join orders o2_0 on o2_0.order_id=o1_0.order_id left join customer c1_0 on c1_0.cust_id=o2_0.cust_id left join employee e1_0 on e1_0.emp_id=o2_0.employee_id where o1_0.product_id=?
Hibernate: select l1_0.employee_id,l1_0.order_id,c1_0.cust_id,c1_0.address,c1_0.email,c1_0.cust_name,c1_0.phone,l1_0.order_date from orders l1_0 left join customer c1_0 on c1_0.cust_id=l1_0.cust_id where l1_0.employee_id=?
Hibernate: select p1_0.product_id,p1_0.description,p1_0.manufacturer_name,p1_0.name,p1_0.status,p1_0.unit,o1_0.product_id,o1_0.order_id,o2_0.order_id,c1_0.cust_id,c1_0.address,c1_0.email,c1_0.cust_name,c1_0.phone,o2_0.employee_id,e1_0.emp_id,e1_0.address,e1_0.dob,e1_0.email,e1_0.full_name,e1_0.phone,e1_0.status,o2_0.order_date,o1_0.note,o1_0.price,o1_0.quantity from product p1_0 left join order_detail o1_0 on p1_0.product_id=o1_0.product_id left join orders o2_0 on o2_0.order_id=o1_0.order_id left join customer c1_0 on c1_0.cust_id=o2_0.cust_id left join employee e1_0 on e1_0.emp_id=o2_0.employee_id where p1_0.product_id=?
Hibernate: select o1_0.order_id,o1_0.product_id,p1_0.product_id,p1_0.description,p1_0.manufacturer_name,p1_0.name,p1_0.status,p1_0.unit,o1_0.note,o1_0.price,o1_0.quantity from order_detail o1_0 join product p1_0 on p1_0.product_id=o1_0.product_id where o1_0.order_id=?
Hibernate: select o1_0.order_id,o1_0.product_id,p1_0.product_id,p1_0.description,p1_0.manufacturer_name,p1_0.name,p1_0.status,p1_0.unit,o1_0.note,o1_0.price,o1_0.quantity from order_detail o1_0 join product p1_0 on p1_0.product_id=o1_0.product_id where o1_0.order_id=?
Hibernate: select o1_0.order_id,o1_0.product_id,p1_0.product_id,p1_0.description,p1_0.manufacturer_name,p1_0.name,p1_0.status,p1_0.unit,o1_0.note,o1_0.price,o1_0.quantity from order_detail o1_0 join product p1_0 on p1_0.product_id=o1_0.product_id where o1_0.order_id=?
Hibernate: select l1_0.employee_id,l1_0.order_id,c1_0.cust_id,c1_0.address,c1_0.email,c1_0.cust_name,c1_0.phone,l1_0.order_date from orders l1_0 left join customer c1_0 on c1_0.cust_id=l1_0.cust_id where l1_0.employee_id=?
Hibernate: select o1_0.order_id,o1_0.product_id,p1_0.product_id,p1_0.description,p1_0.manufacturer_name,p1_0.name,p1_0.status,p1_0.unit,o1_0.note,o1_0.price,o1_0.quantity from order_detail o1_0 join product p1_0 on p1_0.product_id=o1_0.product_id where o1_0.order_id=?
Hibernate: select o1_0.order_id,o1_0.product_id,p1_0.product_id,p1_0.description,p1_0.manufacturer_name,p1_0.name,p1_0.status,p1_0.unit,o1_0.note,o1_0.price,o1_0.quantity from order_detail o1_0 join product p1_0 on p1_0.product_id=o1_0.product_id where o1_0.order_id=?
Hibernate: select l1_0.employee_id,l1_0.order_id,c1_0.cust_id,c1_0.address,c1_0.email,c1_0.cust_name,c1_0.phone,l1_0.order_date from orders l1_0 left join customer c1_0 on c1_0.cust_id=l1_0.cust_id where l1_0.employee_id=?
Hibernate: select p1_0.product_id,p1_0.price_date_time,p1_0.note,p1_0.price from product_price p1_0 where p1_0.product_id=?
Hibernate: select p1_0.product_id,p1_0.image_id,p1_0.alternative,p1_0.path from product_image p1_0 where p1_0.product_id=?
Hibernate: select o1_0.order_id,o1_0.product_id,p1_0.product_id,p1_0.description,p1_0.manufacturer_name,p1_0.name,p1_0.status,p1_0.unit,o1_0.note,o1_0.price,o1_0.quantity from order_detail o1_0 join product p1_0 on p1_0.product_id=o1_0.product_id where o1_0.order_id=?
Hibernate: insert into order_detail (note,price,quantity,order_id,product_id) values (?,?,?,?,?)
Hibernate: select e1_0.emp_id,e1_0.address,e1_0.dob,e1_0.email,e1_0.full_name,e1_0.phone,e1_0.status from employee e1_0 where e1_0.emp_id=?
Hibernate: select c1_0.cust_id,c1_0.address,c1_0.email,c1_0.cust_name,c1_0.phone from customer c1_0 where c1_0.cust_id=?
Hibernate: select o1_0.order_id,c1_0.cust_id,c1_0.address,c1_0.email,c1_0.cust_name,c1_0.phone,o1_0.employee_id,e1_0.emp_id,e1_0.address,e1_0.dob,e1_0.email,e1_0.full_name,e1_0.phone,e1_0.status,o1_0.order_date,o2_0.order_id,o2_0.product_id,p1_0.product_id,p1_0.description,p1_0.manufacturer_name,p1_0.name,p1_0.status,p1_0.unit,o2_0.note,o2_0.price,o2_0.quantity from orders o1_0 left join customer c1_0 on c1_0.cust_id=o1_0.cust_id join employee e1_0 on e1_0.emp_id=o1_0.employee_id left join order_detail o2_0 on o1_0.order_id=o2_0.order_id left join product p1_0 on p1_0.product_id=o2_0.product_id where o1_0.order_id=?
Hibernate: select c1_0.cust_id,c1_0.address,c1_0.email,c1_0.cust_name,c1_0.phone from customer c1_0 where c1_0.cust_id=?
Hibernate: select e1_0.emp_id,e1_0.address,e1_0.dob,e1_0.email,e1_0.full_name,e1_0.phone,e1_0.status from employee e1_0 where e1_0.emp_id=?
Hibernate: insert into orders (cust_id,employee_id,order_date,order_id) values (?,?,?,default)
Hibernate: select p1_0.product_id,p1_0.description,p1_0.manufacturer_name,p1_0.name,p1_0.status,p1_0.unit from product p1_0 where p1_0.product_id=?
Hibernate: select o1_0.order_id,o2_0.order_id,c1_0.cust_id,c1_0.address,c1_0.email,c1_0.cust_name,c1_0.phone,o2_0.employee_id,e1_0.emp_id,e1_0.address,e1_0.dob,e1_0.email,e1_0.full_name,e1_0.phone,e1_0.status,o2_0.order_date,o1_0.product_id,p1_0.product_id,p1_0.description,p1_0.manufacturer_name,p1_0.name,p1_0.status,p1_0.unit,p2_0.product_id,p2_0.image_id,p2_0.alternative,p2_0.path,o1_0.note,o1_0.price,o1_0.quantity from order_detail o1_0 join orders o2_0 on o2_0.order_id=o1_0.order_id left join customer c1_0 on c1_0.cust_id=o2_0.cust_id left join employee e1_0 on e1_0.emp_id=o2_0.employee_id join product p1_0 on p1_0.product_id=o1_0.product_id left join product_image p2_0 on p1_0.product_id=p2_0.product_id where (o1_0.order_id,o1_0.product_id) in ((?,?))
Hibernate: select o1_0.order_id,c1_0.cust_id,c1_0.address,c1_0.email,c1_0.cust_name,c1_0.phone,o1_0.employee_id,e1_0.emp_id,e1_0.address,e1_0.dob,e1_0.email,e1_0.full_name,e1_0.phone,e1_0.status,o1_0.order_date,o2_0.order_id,o2_0.product_id,p1_0.product_id,p1_0.description,p1_0.manufacturer_name,p1_0.name,p1_0.status,p1_0.unit,o2_0.note,o2_0.price,o2_0.quantity from orders o1_0 left join customer c1_0 on c1_0.cust_id=o1_0.cust_id join employee e1_0 on e1_0.emp_id=o1_0.employee_id left join order_detail o2_0 on o1_0.order_id=o2_0.order_id left join product p1_0 on p1_0.product_id=o2_0.product_id where o1_0.order_id=?
Hibernate: select l1_0.employee_id,l1_0.order_id,c1_0.cust_id,c1_0.address,c1_0.email,c1_0.cust_name,c1_0.phone,l1_0.order_date from orders l1_0 left join customer c1_0 on c1_0.cust_id=l1_0.cust_id where l1_0.employee_id=?
Hibernate: select p1_0.product_id,p1_0.description,p1_0.manufacturer_name,p1_0.name,p1_0.status,p1_0.unit,o1_0.product_id,o1_0.order_id,o2_0.order_id,c1_0.cust_id,c1_0.address,c1_0.email,c1_0.cust_name,c1_0.phone,o2_0.employee_id,e1_0.emp_id,e1_0.address,e1_0.dob,e1_0.email,e1_0.full_name,e1_0.phone,e1_0.status,o2_0.order_date,o1_0.note,o1_0.price,o1_0.quantity from product p1_0 left join order_detail o1_0 on p1_0.product_id=o1_0.product_id left join orders o2_0 on o2_0.order_id=o1_0.order_id left join customer c1_0 on c1_0.cust_id=o2_0.cust_id left join employee e1_0 on e1_0.emp_id=o2_0.employee_id where p1_0.product_id=?
Hibernate: select o1_0.order_id,o1_0.product_id,p1_0.product_id,p1_0.description,p1_0.manufacturer_name,p1_0.name,p1_0.status,p1_0.unit,o1_0.note,o1_0.price,o1_0.quantity from order_detail o1_0 join product p1_0 on p1_0.product_id=o1_0.product_id where o1_0.order_id=?
Hibernate: select l1_0.employee_id,l1_0.order_id,c1_0.cust_id,c1_0.address,c1_0.email,c1_0.cust_name,c1_0.phone,l1_0.order_date from orders l1_0 left join customer c1_0 on c1_0.cust_id=l1_0.cust_id where l1_0.employee_id=?
Hibernate: select o1_0.order_id,o1_0.product_id,p1_0.product_id,p1_0.description,p1_0.manufacturer_name,p1_0.name,p1_0.status,p1_0.unit,o1_0.note,o1_0.price,o1_0.quantity from order_detail o1_0 join product p1_0 on p1_0.product_id=o1_0.product_id where o1_0.order_id=?
Hibernate: select l1_0.employee_id,l1_0.order_id,c1_0.cust_id,c1_0.address,c1_0.email,c1_0.cust_name,c1_0.phone,l1_0.order_date from orders l1_0 left join customer c1_0 on c1_0.cust_id=l1_0.cust_id where l1_0.employee_id=?
Hibernate: select o1_0.order_id,o1_0.product_id,p1_0.product_id,p1_0.description,p1_0.manufacturer_name,p1_0.name,p1_0.status,p1_0.unit,o1_0.note,o1_0.price,o1_0.quantity from order_detail o1_0 join product p1_0 on p1_0.product_id=o1_0.product_id where o1_0.order_id=?
Hibernate: select l1_0.employee_id,l1_0.order_id,c1_0.cust_id,c1_0.address,c1_0.email,c1_0.cust_name,c1_0.phone,l1_0.order_date from orders l1_0 left join customer c1_0 on c1_0.cust_id=l1_0.cust_id where l1_0.employee_id=?
Hibernate: select o1_0.order_id,o1_0.product_id,p1_0.product_id,p1_0.description,p1_0.manufacturer_name,p1_0.name,p1_0.status,p1_0.unit,o1_0.note,o1_0.price,o1_0.quantity from order_detail o1_0 join product p1_0 on p1_0.product_id=o1_0.product_id where o1_0.order_id=?
Hibernate: select l1_0.employee_id,l1_0.order_id,c1_0.cust_id,c1_0.address,c1_0.email,c1_0.cust_name,c1_0.phone,l1_0.order_date from orders l1_0 left join customer c1_0 on c1_0.cust_id=l1_0.cust_id where l1_0.employee_id=?
Hibernate: select o1_0.order_id,o1_0.product_id,p1_0.product_id,p1_0.description,p1_0.manufacturer_name,p1_0.name,p1_0.status,p1_0.unit,o1_0.note,o1_0.price,o1_0.quantity from order_detail o1_0 join product p1_0 on p1_0.product_id=o1_0.product_id where o1_0.order_id=?
Hibernate: select o1_0.order_id,o1_0.product_id,p1_0.product_id,p1_0.description,p1_0.manufacturer_name,p1_0.name,p1_0.status,p1_0.unit,o1_0.note,o1_0.price,o1_0.quantity from order_detail o1_0 join product p1_0 on p1_0.product_id=o1_0.product_id where o1_0.order_id=?
Hibernate: select l1_0.employee_id,l1_0.order_id,c1_0.cust_id,c1_0.address,c1_0.email,c1_0.cust_name,c1_0.phone,l1_0.order_date from orders l1_0 left join customer c1_0 on c1_0.cust_id=l1_0.cust_id where l1_0.employee_id=?
Hibernate: select p1_0.product_id,p1_0.price_date_time,p1_0.note,p1_0.price from product_price p1_0 where p1_0.product_id=?
Hibernate: select p1_0.product_id,p1_0.image_id,p1_0.alternative,p1_0.path from product_image p1_0 where p1_0.product_id=?
Hibernate: select o1_0.order_id,o1_0.product_id,p1_0.product_id,p1_0.description,p1_0.manufacturer_name,p1_0.name,p1_0.status,p1_0.unit,o1_0.note,o1_0.price,o1_0.quantity from order_detail o1_0 join product p1_0 on p1_0.product_id=o1_0.product_id where o1_0.order_id=?
Hibernate: select l1_0.employee_id,l1_0.order_id,c1_0.cust_id,c1_0.address,c1_0.email,c1_0.cust_name,c1_0.phone,l1_0.order_date from orders l1_0 left join customer c1_0 on c1_0.cust_id=l1_0.cust_id where l1_0.employee_id=?
Hibernate: insert into order_detail (note,price,quantity,order_id,product_id) values (?,?,?,?,?)
Hibernate: select p1_0.product_id,p1_0.description,p1_0.manufacturer_name,p1_0.name,p1_0.status,p1_0.unit from product p1_0 where p1_0.product_id=?
Hibernate: select o1_0.order_id,o2_0.order_id,c1_0.cust_id,c1_0.address,c1_0.email,c1_0.cust_name,c1_0.phone,o2_0.employee_id,e1_0.emp_id,e1_0.address,e1_0.dob,e1_0.email,e1_0.full_name,e1_0.phone,e1_0.status,o2_0.order_date,o1_0.product_id,p1_0.product_id,p1_0.description,p1_0.manufacturer_name,p1_0.name,p1_0.status,p1_0.unit,p2_0.product_id,p2_0.image_id,p2_0.alternative,p2_0.path,o1_0.note,o1_0.price,o1_0.quantity from order_detail o1_0 join orders o2_0 on o2_0.order_id=o1_0.order_id left join customer c1_0 on c1_0.cust_id=o2_0.cust_id left join employee e1_0 on e1_0.emp_id=o2_0.employee_id join product p1_0 on p1_0.product_id=o1_0.product_id left join product_image p2_0 on p1_0.product_id=p2_0.product_id where (o1_0.order_id,o1_0.product_id) in ((?,?))
Hibernate: select o1_0.order_id,c1_0.cust_id,c1_0.address,c1_0.email,c1_0.cust_name,c1_0.phone,o1_0.employee_id,e1_0.emp_id,e1_0.address,e1_0.dob,e1_0.email,e1_0.full_name,e1_0.phone,e1_0.status,o1_0.order_date,o2_0.order_id,o2_0.product_id,p1_0.product_id,p1_0.description,p1_0.manufacturer_name,p1_0.name,p1_0.status,p1_0.unit,o2_0.note,o2_0.price,o2_0.quantity from orders o1_0 left join customer c1_0 on c1_0.cust_id=o1_0.cust_id join employee e1_0 on e1_0.emp_id=o1_0.employee_id left join order_detail o2_0 on o1_0.order_id=o2_0.order_id left join product p1_0 on p1_0.product_id=o2_0.product_id where o1_0.order_id=?
Hibernate: select p1_0.product_id,p1_0.price_date_time,p1_0.note,p1_0.price from product_price p1_0 where p1_0.product_id=?
Hibernate: select p1_0.product_id,p1_0.image_id,p1_0.alternative,p1_0.path from product_image p1_0 where p1_0.product_id=?
Hibernate: select o1_0.product_id,o1_0.order_id,o2_0.order_id,c1_0.cust_id,c1_0.address,c1_0.email,c1_0.cust_name,c1_0.phone,o2_0.employee_id,e1_0.emp_id,e1_0.address,e1_0.dob,e1_0.email,e1_0.full_name,e1_0.phone,e1_0.status,o2_0.order_date,o1_0.note,o1_0.price,o1_0.quantity from order_detail o1_0 join orders o2_0 on o2_0.order_id=o1_0.order_id left join customer c1_0 on c1_0.cust_id=o2_0.cust_id left join employee e1_0 on e1_0.emp_id=o2_0.employee_id where o1_0.product_id=?
Hibernate: select l1_0.employee_id,l1_0.order_id,c1_0.cust_id,c1_0.address,c1_0.email,c1_0.cust_name,c1_0.phone,l1_0.order_date from orders l1_0 left join customer c1_0 on c1_0.cust_id=l1_0.cust_id where l1_0.employee_id=?
Hibernate: select p1_0.product_id,p1_0.description,p1_0.manufacturer_name,p1_0.name,p1_0.status,p1_0.unit,o1_0.product_id,o1_0.order_id,o2_0.order_id,c1_0.cust_id,c1_0.address,c1_0.email,c1_0.cust_name,c1_0.phone,o2_0.employee_id,e1_0.emp_id,e1_0.address,e1_0.dob,e1_0.email,e1_0.full_name,e1_0.phone,e1_0.status,o2_0.order_date,o1_0.note,o1_0.price,o1_0.quantity from product p1_0 left join order_detail o1_0 on p1_0.product_id=o1_0.product_id left join orders o2_0 on o2_0.order_id=o1_0.order_id left join customer c1_0 on c1_0.cust_id=o2_0.cust_id left join employee e1_0 on e1_0.emp_id=o2_0.employee_id where p1_0.product_id=?
Hibernate: select o1_0.order_id,o1_0.product_id,p1_0.product_id,p1_0.description,p1_0.manufacturer_name,p1_0.name,p1_0.status,p1_0.unit,o1_0.note,o1_0.price,o1_0.quantity from order_detail o1_0 join product p1_0 on p1_0.product_id=o1_0.product_id where o1_0.order_id=?
Hibernate: select o1_0.order_id,o1_0.product_id,p1_0.product_id,p1_0.description,p1_0.manufacturer_name,p1_0.name,p1_0.status,p1_0.unit,o1_0.note,o1_0.price,o1_0.quantity from order_detail o1_0 join product p1_0 on p1_0.product_id=o1_0.product_id where o1_0.order_id=?
Hibernate: select o1_0.order_id,o1_0.product_id,p1_0.product_id,p1_0.description,p1_0.manufacturer_name,p1_0.name,p1_0.status,p1_0.unit,o1_0.note,o1_0.price,o1_0.quantity from order_detail o1_0 join product p1_0 on p1_0.product_id=o1_0.product_id where o1_0.order_id=?
Hibernate: select l1_0.employee_id,l1_0.order_id,c1_0.cust_id,c1_0.address,c1_0.email,c1_0.cust_name,c1_0.phone,l1_0.order_date from orders l1_0 left join customer c1_0 on c1_0.cust_id=l1_0.cust_id where l1_0.employee_id=?
Hibernate: select o1_0.order_id,o1_0.product_id,p1_0.product_id,p1_0.description,p1_0.manufacturer_name,p1_0.name,p1_0.status,p1_0.unit,o1_0.note,o1_0.price,o1_0.quantity from order_detail o1_0 join product p1_0 on p1_0.product_id=o1_0.product_id where o1_0.order_id=?
Hibernate: select o1_0.order_id,o1_0.product_id,p1_0.product_id,p1_0.description,p1_0.manufacturer_name,p1_0.name,p1_0.status,p1_0.unit,o1_0.note,o1_0.price,o1_0.quantity from order_detail o1_0 join product p1_0 on p1_0.product_id=o1_0.product_id where o1_0.order_id=?
Hibernate: select l1_0.employee_id,l1_0.order_id,c1_0.cust_id,c1_0.address,c1_0.email,c1_0.cust_name,c1_0.phone,l1_0.order_date from orders l1_0 left join customer c1_0 on c1_0.cust_id=l1_0.cust_id where l1_0.employee_id=?
Hibernate: select p1_0.product_id,p1_0.price_date_time,p1_0.note,p1_0.price from product_price p1_0 where p1_0.product_id=?
Hibernate: select p1_0.product_id,p1_0.image_id,p1_0.alternative,p1_0.path from product_image p1_0 where p1_0.product_id=?
Hibernate: select o1_0.order_id,o1_0.product_id,p1_0.product_id,p1_0.description,p1_0.manufacturer_name,p1_0.name,p1_0.status,p1_0.unit,o1_0.note,o1_0.price,o1_0.quantity from order_detail o1_0 join product p1_0 on p1_0.product_id=o1_0.product_id where o1_0.order_id=?
Hibernate: insert into order_detail (note,price,quantity,order_id,product_id) values (?,?,?,?,?)
Hibernate: select p1_0.product_id,p1_0.description,p1_0.manufacturer_name,p1_0.name,p1_0.status,p1_0.unit from product p1_0 where p1_0.product_id=?
Hibernate: select o1_0.order_id,o2_0.order_id,c1_0.cust_id,c1_0.address,c1_0.email,c1_0.cust_name,c1_0.phone,o2_0.employee_id,e1_0.emp_id,e1_0.address,e1_0.dob,e1_0.email,e1_0.full_name,e1_0.phone,e1_0.status,o2_0.order_date,o1_0.product_id,p1_0.product_id,p1_0.description,p1_0.manufacturer_name,p1_0.name,p1_0.status,p1_0.unit,p2_0.product_id,p2_0.image_id,p2_0.alternative,p2_0.path,o1_0.note,o1_0.price,o1_0.quantity from order_detail o1_0 join orders o2_0 on o2_0.order_id=o1_0.order_id left join customer c1_0 on c1_0.cust_id=o2_0.cust_id left join employee e1_0 on e1_0.emp_id=o2_0.employee_id join product p1_0 on p1_0.product_id=o1_0.product_id left join product_image p2_0 on p1_0.product_id=p2_0.product_id where (o1_0.order_id,o1_0.product_id) in ((?,?))
Hibernate: select o1_0.order_id,c1_0.cust_id,c1_0.address,c1_0.email,c1_0.cust_name,c1_0.phone,o1_0.employee_id,e1_0.emp_id,e1_0.address,e1_0.dob,e1_0.email,e1_0.full_name,e1_0.phone,e1_0.status,o1_0.order_date,o2_0.order_id,o2_0.product_id,p1_0.product_id,p1_0.description,p1_0.manufacturer_name,p1_0.name,p1_0.status,p1_0.unit,o2_0.note,o2_0.price,o2_0.quantity from orders o1_0 left join customer c1_0 on c1_0.cust_id=o1_0.cust_id join employee e1_0 on e1_0.emp_id=o1_0.employee_id left join order_detail o2_0 on o1_0.order_id=o2_0.order_id left join product p1_0 on p1_0.product_id=o2_0.product_id where o1_0.order_id=?
Hibernate: select p1_0.product_id,p1_0.price_date_time,p1_0.note,p1_0.price from product_price p1_0 where p1_0.product_id=?
Hibernate: select p1_0.product_id,p1_0.image_id,p1_0.alternative,p1_0.path from product_image p1_0 where p1_0.product_id=?
Hibernate: select o1_0.product_id,o1_0.order_id,o2_0.order_id,c1_0.cust_id,c1_0.address,c1_0.email,c1_0.cust_name,c1_0.phone,o2_0.employee_id,e1_0.emp_id,e1_0.address,e1_0.dob,e1_0.email,e1_0.full_name,e1_0.phone,e1_0.status,o2_0.order_date,o1_0.note,o1_0.price,o1_0.quantity from order_detail o1_0 join orders o2_0 on o2_0.order_id=o1_0.order_id left join customer c1_0 on c1_0.cust_id=o2_0.cust_id left join employee e1_0 on e1_0.emp_id=o2_0.employee_id where o1_0.product_id=?
Hibernate: select p1_0.product_id,p1_0.price_date_time,p1_0.note,p1_0.price from product_price p1_0 where p1_0.product_id=?
Hibernate: select p1_0.product_id,p1_0.image_id,p1_0.alternative,p1_0.path from product_image p1_0 where p1_0.product_id=?
Hibernate: select o1_0.product_id,o1_0.order_id,o2_0.order_id,c1_0.cust_id,c1_0.address,c1_0.email,c1_0.cust_name,c1_0.phone,o2_0.employee_id,e1_0.emp_id,e1_0.address,e1_0.dob,e1_0.email,e1_0.full_name,e1_0.phone,e1_0.status,o2_0.order_date,o1_0.note,o1_0.price,o1_0.quantity from order_detail o1_0 join orders o2_0 on o2_0.order_id=o1_0.order_id left join customer c1_0 on c1_0.cust_id=o2_0.cust_id left join employee e1_0 on e1_0.emp_id=o2_0.employee_id where o1_0.product_id=?
Hibernate: select l1_0.employee_id,l1_0.order_id,c1_0.cust_id,c1_0.address,c1_0.email,c1_0.cust_name,c1_0.phone,l1_0.order_date from orders l1_0 left join customer c1_0 on c1_0.cust_id=l1_0.cust_id where l1_0.employee_id=?
Hibernate: select p1_0.product_id,p1_0.description,p1_0.manufacturer_name,p1_0.name,p1_0.status,p1_0.unit,o1_0.product_id,o1_0.order_id,o2_0.order_id,c1_0.cust_id,c1_0.address,c1_0.email,c1_0.cust_name,c1_0.phone,o2_0.employee_id,e1_0.emp_id,e1_0.address,e1_0.dob,e1_0.email,e1_0.full_name,e1_0.phone,e1_0.status,o2_0.order_date,o1_0.note,o1_0.price,o1_0.quantity from product p1_0 left join order_detail o1_0 on p1_0.product_id=o1_0.product_id left join orders o2_0 on o2_0.order_id=o1_0.order_id left join customer c1_0 on c1_0.cust_id=o2_0.cust_id left join employee e1_0 on e1_0.emp_id=o2_0.employee_id where p1_0.product_id=?
Hibernate: select o1_0.order_id,o1_0.product_id,p1_0.product_id,p1_0.description,p1_0.manufacturer_name,p1_0.name,p1_0.status,p1_0.unit,o1_0.note,o1_0.price,o1_0.quantity from order_detail o1_0 join product p1_0 on p1_0.product_id=o1_0.product_id where o1_0.order_id=?
Hibernate: select o1_0.order_id,o1_0.product_id,p1_0.product_id,p1_0.description,p1_0.manufacturer_name,p1_0.name,p1_0.status,p1_0.unit,o1_0.note,o1_0.price,o1_0.quantity from order_detail o1_0 join product p1_0 on p1_0.product_id=o1_0.product_id where o1_0.order_id=?
Hibernate: select o1_0.order_id,o1_0.product_id,p1_0.product_id,p1_0.description,p1_0.manufacturer_name,p1_0.name,p1_0.status,p1_0.unit,o1_0.note,o1_0.price,o1_0.quantity from order_detail o1_0 join product p1_0 on p1_0.product_id=o1_0.product_id where o1_0.order_id=?
Hibernate: select o1_0.order_id,o1_0.product_id,p1_0.product_id,p1_0.description,p1_0.manufacturer_name,p1_0.name,p1_0.status,p1_0.unit,o1_0.note,o1_0.price,o1_0.quantity from order_detail o1_0 join product p1_0 on p1_0.product_id=o1_0.product_id where o1_0.order_id=?
Hibernate: select o1_0.order_id,o1_0.product_id,p1_0.product_id,p1_0.description,p1_0.manufacturer_name,p1_0.name,p1_0.status,p1_0.unit,o1_0.note,o1_0.price,o1_0.quantity from order_detail o1_0 join product p1_0 on p1_0.product_id=o1_0.product_id where o1_0.order_id=?
Hibernate: select o1_0.order_id,o1_0.product_id,p1_0.product_id,p1_0.description,p1_0.manufacturer_name,p1_0.name,p1_0.status,p1_0.unit,o1_0.note,o1_0.price,o1_0.quantity from order_detail o1_0 join product p1_0 on p1_0.product_id=o1_0.product_id where o1_0.order_id=?
Hibernate: select o1_0.order_id,o1_0.product_id,p1_0.product_id,p1_0.description,p1_0.manufacturer_name,p1_0.name,p1_0.status,p1_0.unit,o1_0.note,o1_0.price,o1_0.quantity from order_detail o1_0 join product p1_0 on p1_0.product_id=o1_0.product_id where o1_0.order_id=?
Hibernate: select o1_0.order_id,o1_0.product_id,p1_0.product_id,p1_0.description,p1_0.manufacturer_name,p1_0.name,p1_0.status,p1_0.unit,o1_0.note,o1_0.price,o1_0.quantity from order_detail o1_0 join product p1_0 on p1_0.product_id=o1_0.product_id where o1_0.order_id=?
Hibernate: select p1_0.product_id,p1_0.price_date_time,p1_0.note,p1_0.price from product_price p1_0 where p1_0.product_id=?
Hibernate: select p1_0.product_id,p1_0.image_id,p1_0.alternative,p1_0.path from product_image p1_0 where p1_0.product_id=?
Hibernate: select o1_0.order_id,o1_0.product_id,p1_0.product_id,p1_0.description,p1_0.manufacturer_name,p1_0.name,p1_0.status,p1_0.unit,o1_0.note,o1_0.price,o1_0.quantity from order_detail o1_0 join product p1_0 on p1_0.product_id=o1_0.product_id where o1_0.order_id=?
Hibernate: insert into order_detail (note,price,quantity,order_id,product_id) values (?,?,?,?,?)
]]></system-out>
  <system-err><![CDATA[]]></system-err>
</testsuite>
