<?xml version="1.0" encoding="UTF-8"?>
<testsuite name="vn.edu.iuh.fit.ApplicationTests" tests="1" skipped="0" failures="0" errors="0" timestamp="2023-11-11T04:04:17" hostname="DESKTOP-90JUIDQ" time="8.429">
  <properties/>
  <testcase name="add()" classname="vn.edu.iuh.fit.ApplicationTests" time="8.429"/>
  <system-out><![CDATA[11:04:08.165 [Test worker] INFO org.springframework.test.context.support.AnnotationConfigContextLoaderUtils -- Could not detect default configuration classes for test class [vn.edu.iuh.fit.ApplicationTests]: ApplicationTests does not declare any static, non-private, non-final, nested classes annotated with @Configuration.
11:04:08.278 [Test worker] INFO org.springframework.boot.test.context.SpringBootTestContextBootstrapper -- Found @SpringBootConfiguration vn.edu.iuh.fit.Application for test class vn.edu.iuh.fit.ApplicationTests

  .   ____          _            __ _ _
 /\\ / ___'_ __ _ _(_)_ __  __ _ \ \ \ \
( ( )\___ | '_ | '_| | '_ \/ _` | \ \ \ \
 \\/  ___)| |_)| | | | | || (_| |  ) ) ) )
  '  |____| .__|_| |_|_| |_\__, | / / / /
 =========|_|==============|___/=/_/_/_/
 :: Spring Boot ::                (v3.1.5)

2023-11-11T11:04:08.708+07:00  INFO 19212 --- [    Test worker] vn.edu.iuh.fit.ApplicationTests          : Starting ApplicationTests using Java 17.0.2 with PID 19212 (started by ADMIN in C:\SON.admin\VII\WWW (Java)\JakartaEE)
2023-11-11T11:04:08.710+07:00  INFO 19212 --- [    Test worker] vn.edu.iuh.fit.ApplicationTests          : No active profile set, falling back to 1 default profile: "default"
2023-11-11T11:04:09.354+07:00  INFO 19212 --- [    Test worker] .s.d.r.c.RepositoryConfigurationDelegate : Bootstrapping Spring Data JPA repositories in DEFAULT mode.
2023-11-11T11:04:09.445+07:00  INFO 19212 --- [    Test worker] .s.d.r.c.RepositoryConfigurationDelegate : Finished Spring Data repository scanning in 82 ms. Found 10 JPA repository interfaces.
2023-11-11T11:04:10.271+07:00  INFO 19212 --- [    Test worker] o.hibernate.jpa.internal.util.LogHelper  : HHH000204: Processing PersistenceUnitInfo [name: default]
2023-11-11T11:04:11.331+07:00  INFO 19212 --- [    Test worker] org.hibernate.Version                    : HHH000412: Hibernate ORM core version 6.2.13.Final
2023-11-11T11:04:11.348+07:00  INFO 19212 --- [    Test worker] org.hibernate.cfg.Environment            : HHH000406: Using bytecode reflection optimizer
2023-11-11T11:04:13.515+07:00  INFO 19212 --- [    Test worker] o.s.o.j.p.SpringPersistenceUnitInfo      : No LoadTimeWeaver setup: ignoring JPA class transformer
2023-11-11T11:04:13.744+07:00  INFO 19212 --- [    Test worker] com.zaxxer.hikari.HikariDataSource       : HikariPool-1 - Starting...
2023-11-11T11:04:14.386+07:00  INFO 19212 --- [    Test worker] com.zaxxer.hikari.pool.HikariPool        : HikariPool-1 - Added connection conn0: url=jdbc:h2:file:./data/son user=SA
2023-11-11T11:04:14.388+07:00  INFO 19212 --- [    Test worker] com.zaxxer.hikari.HikariDataSource       : HikariPool-1 - Start completed.
2023-11-11T11:04:14.424+07:00  WARN 19212 --- [    Test worker] org.hibernate.orm.deprecation            : HHH90000025: H2Dialect does not need to be specified explicitly using 'hibernate.dialect' (remove the property setting and it will be selected by default)
2023-11-11T11:04:14.813+07:00  WARN 19212 --- [    Test worker] org.hibernate.mapping.RootClass          : HHH000038: Composite-id class does not override equals(): vn.edu.iuh.fit.backend.pks.OrderDetailPK
2023-11-11T11:04:14.814+07:00  WARN 19212 --- [    Test worker] org.hibernate.mapping.RootClass          : HHH000039: Composite-id class does not override hashCode(): vn.edu.iuh.fit.backend.pks.OrderDetailPK
2023-11-11T11:04:14.814+07:00  WARN 19212 --- [    Test worker] org.hibernate.mapping.RootClass          : HHH000038: Composite-id class does not override equals(): vn.edu.iuh.fit.backend.pks.ProductPricePK
2023-11-11T11:04:14.814+07:00  WARN 19212 --- [    Test worker] org.hibernate.mapping.RootClass          : HHH000039: Composite-id class does not override hashCode(): vn.edu.iuh.fit.backend.pks.ProductPricePK
2023-11-11T11:04:15.584+07:00  INFO 19212 --- [    Test worker] o.h.e.t.j.p.i.JtaPlatformInitiator       : HHH000489: No JTA platform available (set 'hibernate.transaction.jta.platform' to enable JTA platform integration)
Hibernate: create table customer (cust_id bigint generated by default as identity, address varchar(250) not null, email varchar(150), cust_name varchar(150) not null, phone varchar(15) not null, primary key (cust_id))
Hibernate: create table employee (emp_id bigint generated by default as identity, address varchar(250) not null, dob date not null, email varchar(150), full_name varchar(150) not null, phone varchar(15) not null, status tinyint not null check (status between 0 and 2), primary key (emp_id))
Hibernate: create table order_detail (note varchar(255), price float(53) not null, quantity float(53) not null, order_id bigint not null, product_id bigint not null, primary key (order_id, product_id))
Hibernate: create table orders (order_id bigint generated by default as identity, order_date timestamp(6) not null, cust_id bigint, employee_id bigint not null, primary key (order_id))
Hibernate: create table post (id bigint not null, content text, create_at date, meta_title varchar(100), published tinyint(1), published_at date, summary text, title varchar(75), update_at date, author_id bigint, parentid bigint, primary key (id))
2023-11-11T11:04:15.937+07:00  WARN 19212 --- [    Test worker] o.h.t.s.i.ExceptionHandlerLoggedImpl     : GenerationTarget encountered exception accepting command : Error executing DDL "create table post (id bigint not null, content text, create_at date, meta_title varchar(100), published tinyint(1), published_at date, summary text, title varchar(75), update_at date, author_id bigint, parentid bigint, primary key (id))" via JDBC [Syntax error in SQL statement "create table post (id bigint not null, content text, create_at date, meta_title varchar(100), published tinyint[*](1), published_at date, summary text, title varchar(75), update_at date, author_id bigint, parentid bigint, primary key (id))"; expected "ARRAY, INVISIBLE, VISIBLE, NOT, NULL, AS, DEFAULT, GENERATED, ON, NOT, NULL, AUTO_INCREMENT, DEFAULT, NULL_TO_DEFAULT, SEQUENCE, SELECTIVITY, COMMENT, CONSTRAINT, COMMENT, PRIMARY, UNIQUE, NOT, NULL, CHECK, REFERENCES, AUTO_INCREMENT, ,, )";]

org.hibernate.tool.schema.spi.CommandAcceptanceException: Error executing DDL "create table post (id bigint not null, content text, create_at date, meta_title varchar(100), published tinyint(1), published_at date, summary text, title varchar(75), update_at date, author_id bigint, parentid bigint, primary key (id))" via JDBC [Syntax error in SQL statement "create table post (id bigint not null, content text, create_at date, meta_title varchar(100), published tinyint[*](1), published_at date, summary text, title varchar(75), update_at date, author_id bigint, parentid bigint, primary key (id))"; expected "ARRAY, INVISIBLE, VISIBLE, NOT, NULL, AS, DEFAULT, GENERATED, ON, NOT, NULL, AUTO_INCREMENT, DEFAULT, NULL_TO_DEFAULT, SEQUENCE, SELECTIVITY, COMMENT, CONSTRAINT, COMMENT, PRIMARY, UNIQUE, NOT, NULL, CHECK, REFERENCES, AUTO_INCREMENT, ,, )";]
	at org.hibernate.tool.schema.internal.exec.GenerationTargetToDatabase.accept(GenerationTargetToDatabase.java:94) ~[hibernate-core-6.2.13.Final.jar:6.2.13.Final]
	at org.hibernate.tool.schema.internal.AbstractSchemaMigrator.applySqlString(AbstractSchemaMigrator.java:574) ~[hibernate-core-6.2.13.Final.jar:6.2.13.Final]
	at org.hibernate.tool.schema.internal.AbstractSchemaMigrator.applySqlStrings(AbstractSchemaMigrator.java:514) ~[hibernate-core-6.2.13.Final.jar:6.2.13.Final]
	at org.hibernate.tool.schema.internal.AbstractSchemaMigrator.createTable(AbstractSchemaMigrator.java:315) ~[hibernate-core-6.2.13.Final.jar:6.2.13.Final]
	at org.hibernate.tool.schema.internal.GroupedSchemaMigratorImpl.performTablesMigration(GroupedSchemaMigratorImpl.java:80) ~[hibernate-core-6.2.13.Final.jar:6.2.13.Final]
	at org.hibernate.tool.schema.internal.AbstractSchemaMigrator.performMigration(AbstractSchemaMigrator.java:232) ~[hibernate-core-6.2.13.Final.jar:6.2.13.Final]
	at org.hibernate.tool.schema.internal.AbstractSchemaMigrator.doMigration(AbstractSchemaMigrator.java:117) ~[hibernate-core-6.2.13.Final.jar:6.2.13.Final]
	at org.hibernate.tool.schema.spi.SchemaManagementToolCoordinator.performDatabaseAction(SchemaManagementToolCoordinator.java:284) ~[hibernate-core-6.2.13.Final.jar:6.2.13.Final]
	at org.hibernate.tool.schema.spi.SchemaManagementToolCoordinator.lambda$process$5(SchemaManagementToolCoordinator.java:143) ~[hibernate-core-6.2.13.Final.jar:6.2.13.Final]
	at java.base/java.util.HashMap.forEach(HashMap.java:1421) ~[na:na]
	at org.hibernate.tool.schema.spi.SchemaManagementToolCoordinator.process(SchemaManagementToolCoordinator.java:140) ~[hibernate-core-6.2.13.Final.jar:6.2.13.Final]
	at org.hibernate.boot.internal.SessionFactoryObserverForSchemaExport.sessionFactoryCreated(SessionFactoryObserverForSchemaExport.java:37) ~[hibernate-core-6.2.13.Final.jar:6.2.13.Final]
	at org.hibernate.internal.SessionFactoryObserverChain.sessionFactoryCreated(SessionFactoryObserverChain.java:35) ~[hibernate-core-6.2.13.Final.jar:6.2.13.Final]
	at org.hibernate.internal.SessionFactoryImpl.<init>(SessionFactoryImpl.java:293) ~[hibernate-core-6.2.13.Final.jar:6.2.13.Final]
	at org.hibernate.boot.internal.SessionFactoryBuilderImpl.build(SessionFactoryBuilderImpl.java:444) ~[hibernate-core-6.2.13.Final.jar:6.2.13.Final]
	at org.hibernate.jpa.boot.internal.EntityManagerFactoryBuilderImpl.build(EntityManagerFactoryBuilderImpl.java:1458) ~[hibernate-core-6.2.13.Final.jar:6.2.13.Final]
	at org.springframework.orm.jpa.vendor.SpringHibernateJpaPersistenceProvider.createContainerEntityManagerFactory(SpringHibernateJpaPersistenceProvider.java:75) ~[spring-orm-6.0.13.jar:6.0.13]
	at org.springframework.orm.jpa.LocalContainerEntityManagerFactoryBean.createNativeEntityManagerFactory(LocalContainerEntityManagerFactoryBean.java:376) ~[spring-orm-6.0.13.jar:6.0.13]
	at org.springframework.orm.jpa.AbstractEntityManagerFactoryBean.buildNativeEntityManagerFactory(AbstractEntityManagerFactoryBean.java:409) ~[spring-orm-6.0.13.jar:6.0.13]
	at org.springframework.orm.jpa.AbstractEntityManagerFactoryBean.afterPropertiesSet(AbstractEntityManagerFactoryBean.java:396) ~[spring-orm-6.0.13.jar:6.0.13]
	at org.springframework.orm.jpa.LocalContainerEntityManagerFactoryBean.afterPropertiesSet(LocalContainerEntityManagerFactoryBean.java:352) ~[spring-orm-6.0.13.jar:6.0.13]
	at org.springframework.beans.factory.support.AbstractAutowireCapableBeanFactory.invokeInitMethods(AbstractAutowireCapableBeanFactory.java:1817) ~[spring-beans-6.0.13.jar:6.0.13]
	at org.springframework.beans.factory.support.AbstractAutowireCapableBeanFactory.initializeBean(AbstractAutowireCapableBeanFactory.java:1766) ~[spring-beans-6.0.13.jar:6.0.13]
	at org.springframework.beans.factory.support.AbstractAutowireCapableBeanFactory.doCreateBean(AbstractAutowireCapableBeanFactory.java:598) ~[spring-beans-6.0.13.jar:6.0.13]
	at org.springframework.beans.factory.support.AbstractAutowireCapableBeanFactory.createBean(AbstractAutowireCapableBeanFactory.java:520) ~[spring-beans-6.0.13.jar:6.0.13]
	at org.springframework.beans.factory.support.AbstractBeanFactory.lambda$doGetBean$0(AbstractBeanFactory.java:325) ~[spring-beans-6.0.13.jar:6.0.13]
	at org.springframework.beans.factory.support.DefaultSingletonBeanRegistry.getSingleton(DefaultSingletonBeanRegistry.java:234) ~[spring-beans-6.0.13.jar:6.0.13]
	at org.springframework.beans.factory.support.AbstractBeanFactory.doGetBean(AbstractBeanFactory.java:323) ~[spring-beans-6.0.13.jar:6.0.13]
	at org.springframework.beans.factory.support.AbstractBeanFactory.getBean(AbstractBeanFactory.java:199) ~[spring-beans-6.0.13.jar:6.0.13]
	at org.springframework.context.support.AbstractApplicationContext.getBean(AbstractApplicationContext.java:1166) ~[spring-context-6.0.13.jar:6.0.13]
	at org.springframework.context.support.AbstractApplicationContext.finishBeanFactoryInitialization(AbstractApplicationContext.java:940) ~[spring-context-6.0.13.jar:6.0.13]
	at org.springframework.context.support.AbstractApplicationContext.refresh(AbstractApplicationContext.java:616) ~[spring-context-6.0.13.jar:6.0.13]
	at org.springframework.boot.SpringApplication.refresh(SpringApplication.java:738) ~[spring-boot-3.1.5.jar:3.1.5]
	at org.springframework.boot.SpringApplication.refreshContext(SpringApplication.java:440) ~[spring-boot-3.1.5.jar:3.1.5]
	at org.springframework.boot.SpringApplication.run(SpringApplication.java:316) ~[spring-boot-3.1.5.jar:3.1.5]
	at org.springframework.boot.test.context.SpringBootContextLoader.lambda$loadContext$3(SpringBootContextLoader.java:137) ~[spring-boot-test-3.1.5.jar:3.1.5]
	at org.springframework.util.function.ThrowingSupplier.get(ThrowingSupplier.java:58) ~[spring-core-6.0.13.jar:6.0.13]
	at org.springframework.util.function.ThrowingSupplier.get(ThrowingSupplier.java:46) ~[spring-core-6.0.13.jar:6.0.13]
	at org.springframework.boot.SpringApplication.withHook(SpringApplication.java:1406) ~[spring-boot-3.1.5.jar:3.1.5]
	at org.springframework.boot.test.context.SpringBootContextLoader$ContextLoaderHook.run(SpringBootContextLoader.java:545) ~[spring-boot-test-3.1.5.jar:3.1.5]
	at org.springframework.boot.test.context.SpringBootContextLoader.loadContext(SpringBootContextLoader.java:137) ~[spring-boot-test-3.1.5.jar:3.1.5]
	at org.springframework.boot.test.context.SpringBootContextLoader.loadContext(SpringBootContextLoader.java:108) ~[spring-boot-test-3.1.5.jar:3.1.5]
	at org.springframework.test.context.cache.DefaultCacheAwareContextLoaderDelegate.loadContextInternal(DefaultCacheAwareContextLoaderDelegate.java:187) ~[spring-test-6.0.13.jar:6.0.13]
	at org.springframework.test.context.cache.DefaultCacheAwareContextLoaderDelegate.loadContext(DefaultCacheAwareContextLoaderDelegate.java:119) ~[spring-test-6.0.13.jar:6.0.13]
	at org.springframework.test.context.support.DefaultTestContext.getApplicationContext(DefaultTestContext.java:127) ~[spring-test-6.0.13.jar:6.0.13]
	at org.springframework.test.context.web.ServletTestExecutionListener.setUpRequestContextIfNecessary(ServletTestExecutionListener.java:191) ~[spring-test-6.0.13.jar:6.0.13]
	at org.springframework.test.context.web.ServletTestExecutionListener.prepareTestInstance(ServletTestExecutionListener.java:130) ~[spring-test-6.0.13.jar:6.0.13]
	at org.springframework.test.context.TestContextManager.prepareTestInstance(TestContextManager.java:241) ~[spring-test-6.0.13.jar:6.0.13]
	at org.springframework.test.context.junit.jupiter.SpringExtension.postProcessTestInstance(SpringExtension.java:138) ~[spring-test-6.0.13.jar:6.0.13]
	at org.junit.jupiter.engine.descriptor.ClassBasedTestDescriptor.lambda$invokeTestInstancePostProcessors$10(ClassBasedTestDescriptor.java:377) ~[junit-jupiter-engine-5.9.3.jar:5.9.3]
	at org.junit.jupiter.engine.descriptor.ClassBasedTestDescriptor.executeAndMaskThrowable(ClassBasedTestDescriptor.java:382) ~[junit-jupiter-engine-5.9.3.jar:5.9.3]
	at org.junit.jupiter.engine.descriptor.ClassBasedTestDescriptor.lambda$invokeTestInstancePostProcessors$11(ClassBasedTestDescriptor.java:377) ~[junit-jupiter-engine-5.9.3.jar:5.9.3]
	at java.base/java.util.stream.ReferencePipeline$3$1.accept(ReferencePipeline.java:197) ~[na:na]
	at java.base/java.util.stream.ReferencePipeline$2$1.accept(ReferencePipeline.java:179) ~[na:na]
	at java.base/java.util.ArrayList$ArrayListSpliterator.forEachRemaining(ArrayList.java:1625) ~[na:na]
	at java.base/java.util.stream.AbstractPipeline.copyInto(AbstractPipeline.java:509) ~[na:na]
	at java.base/java.util.stream.AbstractPipeline.wrapAndCopyInto(AbstractPipeline.java:499) ~[na:na]
	at java.base/java.util.stream.StreamSpliterators$WrappingSpliterator.forEachRemaining(StreamSpliterators.java:310) ~[na:na]
	at java.base/java.util.stream.Streams$ConcatSpliterator.forEachRemaining(Streams.java:735) ~[na:na]
	at java.base/java.util.stream.Streams$ConcatSpliterator.forEachRemaining(Streams.java:734) ~[na:na]
	at java.base/java.util.stream.ReferencePipeline$Head.forEach(ReferencePipeline.java:762) ~[na:na]
	at org.junit.jupiter.engine.descriptor.ClassBasedTestDescriptor.invokeTestInstancePostProcessors(ClassBasedTestDescriptor.java:376) ~[junit-jupiter-engine-5.9.3.jar:5.9.3]
	at org.junit.jupiter.engine.descriptor.ClassBasedTestDescriptor.lambda$instantiateAndPostProcessTestInstance$6(ClassBasedTestDescriptor.java:289) ~[junit-jupiter-engine-5.9.3.jar:5.9.3]
	at org.junit.platform.engine.support.hierarchical.ThrowableCollector.execute(ThrowableCollector.java:73) ~[junit-platform-engine-1.9.3.jar:1.9.3]
	at org.junit.jupiter.engine.descriptor.ClassBasedTestDescriptor.instantiateAndPostProcessTestInstance(ClassBasedTestDescriptor.java:288) ~[junit-jupiter-engine-5.9.3.jar:5.9.3]
	at org.junit.jupiter.engine.descriptor.ClassBasedTestDescriptor.lambda$testInstancesProvider$4(ClassBasedTestDescriptor.java:278) ~[junit-jupiter-engine-5.9.3.jar:5.9.3]
	at java.base/java.util.Optional.orElseGet(Optional.java:364) ~[na:na]
	at org.junit.jupiter.engine.descriptor.ClassBasedTestDescriptor.lambda$testInstancesProvider$5(ClassBasedTestDescriptor.java:277) ~[junit-jupiter-engine-5.9.3.jar:5.9.3]
	at org.junit.jupiter.engine.execution.TestInstancesProvider.getTestInstances(TestInstancesProvider.java:31) ~[junit-jupiter-engine-5.9.3.jar:5.9.3]
	at org.junit.jupiter.engine.descriptor.TestMethodTestDescriptor.lambda$prepare$0(TestMethodTestDescriptor.java:105) ~[junit-jupiter-engine-5.9.3.jar:5.9.3]
	at org.junit.platform.engine.support.hierarchical.ThrowableCollector.execute(ThrowableCollector.java:73) ~[junit-platform-engine-1.9.3.jar:1.9.3]
	at org.junit.jupiter.engine.descriptor.TestMethodTestDescriptor.prepare(TestMethodTestDescriptor.java:104) ~[junit-jupiter-engine-5.9.3.jar:5.9.3]
	at org.junit.jupiter.engine.descriptor.TestMethodTestDescriptor.prepare(TestMethodTestDescriptor.java:68) ~[junit-jupiter-engine-5.9.3.jar:5.9.3]
	at org.junit.platform.engine.support.hierarchical.NodeTestTask.lambda$prepare$2(NodeTestTask.java:123) ~[junit-platform-engine-1.9.3.jar:1.9.3]
	at org.junit.platform.engine.support.hierarchical.ThrowableCollector.execute(ThrowableCollector.java:73) ~[junit-platform-engine-1.9.3.jar:1.9.3]
	at org.junit.platform.engine.support.hierarchical.NodeTestTask.prepare(NodeTestTask.java:123) ~[junit-platform-engine-1.9.3.jar:1.9.3]
	at org.junit.platform.engine.support.hierarchical.NodeTestTask.execute(NodeTestTask.java:90) ~[junit-platform-engine-1.9.3.jar:1.9.3]
	at java.base/java.util.ArrayList.forEach(ArrayList.java:1511) ~[na:na]
	at org.junit.platform.engine.support.hierarchical.SameThreadHierarchicalTestExecutorService.invokeAll(SameThreadHierarchicalTestExecutorService.java:41) ~[junit-platform-engine-1.9.3.jar:1.9.3]
	at org.junit.platform.engine.support.hierarchical.NodeTestTask.lambda$executeRecursively$6(NodeTestTask.java:155) ~[junit-platform-engine-1.9.3.jar:1.9.3]
	at org.junit.platform.engine.support.hierarchical.ThrowableCollector.execute(ThrowableCollector.java:73) ~[junit-platform-engine-1.9.3.jar:1.9.3]
	at org.junit.platform.engine.support.hierarchical.NodeTestTask.lambda$executeRecursively$8(NodeTestTask.java:141) ~[junit-platform-engine-1.9.3.jar:1.9.3]
	at org.junit.platform.engine.support.hierarchical.Node.around(Node.java:137) ~[junit-platform-engine-1.9.3.jar:1.9.3]
	at org.junit.platform.engine.support.hierarchical.NodeTestTask.lambda$executeRecursively$9(NodeTestTask.java:139) ~[junit-platform-engine-1.9.3.jar:1.9.3]
	at org.junit.platform.engine.support.hierarchical.ThrowableCollector.execute(ThrowableCollector.java:73) ~[junit-platform-engine-1.9.3.jar:1.9.3]
	at org.junit.platform.engine.support.hierarchical.NodeTestTask.executeRecursively(NodeTestTask.java:138) ~[junit-platform-engine-1.9.3.jar:1.9.3]
	at org.junit.platform.engine.support.hierarchical.NodeTestTask.execute(NodeTestTask.java:95) ~[junit-platform-engine-1.9.3.jar:1.9.3]
	at java.base/java.util.ArrayList.forEach(ArrayList.java:1511) ~[na:na]
	at org.junit.platform.engine.support.hierarchical.SameThreadHierarchicalTestExecutorService.invokeAll(SameThreadHierarchicalTestExecutorService.java:41) ~[junit-platform-engine-1.9.3.jar:1.9.3]
	at org.junit.platform.engine.support.hierarchical.NodeTestTask.lambda$executeRecursively$6(NodeTestTask.java:155) ~[junit-platform-engine-1.9.3.jar:1.9.3]
	at org.junit.platform.engine.support.hierarchical.ThrowableCollector.execute(ThrowableCollector.java:73) ~[junit-platform-engine-1.9.3.jar:1.9.3]
	at org.junit.platform.engine.support.hierarchical.NodeTestTask.lambda$executeRecursively$8(NodeTestTask.java:141) ~[junit-platform-engine-1.9.3.jar:1.9.3]
	at org.junit.platform.engine.support.hierarchical.Node.around(Node.java:137) ~[junit-platform-engine-1.9.3.jar:1.9.3]
	at org.junit.platform.engine.support.hierarchical.NodeTestTask.lambda$executeRecursively$9(NodeTestTask.java:139) ~[junit-platform-engine-1.9.3.jar:1.9.3]
	at org.junit.platform.engine.support.hierarchical.ThrowableCollector.execute(ThrowableCollector.java:73) ~[junit-platform-engine-1.9.3.jar:1.9.3]
	at org.junit.platform.engine.support.hierarchical.NodeTestTask.executeRecursively(NodeTestTask.java:138) ~[junit-platform-engine-1.9.3.jar:1.9.3]
	at org.junit.platform.engine.support.hierarchical.NodeTestTask.execute(NodeTestTask.java:95) ~[junit-platform-engine-1.9.3.jar:1.9.3]
	at org.junit.platform.engine.support.hierarchical.SameThreadHierarchicalTestExecutorService.submit(SameThreadHierarchicalTestExecutorService.java:35) ~[junit-platform-engine-1.9.3.jar:1.9.3]
	at org.junit.platform.engine.support.hierarchical.HierarchicalTestExecutor.execute(HierarchicalTestExecutor.java:57) ~[junit-platform-engine-1.9.3.jar:1.9.3]
	at org.junit.platform.engine.support.hierarchical.HierarchicalTestEngine.execute(HierarchicalTestEngine.java:54) ~[junit-platform-engine-1.9.3.jar:1.9.3]
	at org.junit.platform.launcher.core.EngineExecutionOrchestrator.execute(EngineExecutionOrchestrator.java:107) ~[junit-platform-launcher-1.8.2.jar:1.8.2]
	at org.junit.platform.launcher.core.EngineExecutionOrchestrator.execute(EngineExecutionOrchestrator.java:88) ~[junit-platform-launcher-1.8.2.jar:1.8.2]
	at org.junit.platform.launcher.core.EngineExecutionOrchestrator.lambda$execute$0(EngineExecutionOrchestrator.java:54) ~[junit-platform-launcher-1.8.2.jar:1.8.2]
	at org.junit.platform.launcher.core.EngineExecutionOrchestrator.withInterceptedStreams(EngineExecutionOrchestrator.java:67) ~[junit-platform-launcher-1.8.2.jar:1.8.2]
	at org.junit.platform.launcher.core.EngineExecutionOrchestrator.execute(EngineExecutionOrchestrator.java:52) ~[junit-platform-launcher-1.8.2.jar:1.8.2]
	at org.junit.platform.launcher.core.DefaultLauncher.execute(DefaultLauncher.java:114) ~[junit-platform-launcher-1.8.2.jar:1.8.2]
	at org.junit.platform.launcher.core.DefaultLauncher.execute(DefaultLauncher.java:86) ~[junit-platform-launcher-1.8.2.jar:1.8.2]
	at org.junit.platform.launcher.core.DefaultLauncherSession$DelegatingLauncher.execute(DefaultLauncherSession.java:86) ~[junit-platform-launcher-1.8.2.jar:1.8.2]
	at org.gradle.api.internal.tasks.testing.junitplatform.JUnitPlatformTestClassProcessor$CollectAllTestClassesExecutor.processAllTestClasses(JUnitPlatformTestClassProcessor.java:110) ~[na:na]
	at org.gradle.api.internal.tasks.testing.junitplatform.JUnitPlatformTestClassProcessor$CollectAllTestClassesExecutor.access$000(JUnitPlatformTestClassProcessor.java:90) ~[na:na]
	at org.gradle.api.internal.tasks.testing.junitplatform.JUnitPlatformTestClassProcessor.stop(JUnitPlatformTestClassProcessor.java:85) ~[na:na]
	at org.gradle.api.internal.tasks.testing.SuiteTestClassProcessor.stop(SuiteTestClassProcessor.java:62) ~[na:na]
	at java.base/jdk.internal.reflect.NativeMethodAccessorImpl.invoke0(Native Method) ~[na:na]
	at java.base/jdk.internal.reflect.NativeMethodAccessorImpl.invoke(NativeMethodAccessorImpl.java:77) ~[na:na]
	at java.base/jdk.internal.reflect.DelegatingMethodAccessorImpl.invoke(DelegatingMethodAccessorImpl.java:43) ~[na:na]
	at java.base/java.lang.reflect.Method.invoke(Method.java:568) ~[na:na]
	at org.gradle.internal.dispatch.ReflectionDispatch.dispatch(ReflectionDispatch.java:36) ~[na:na]
	at org.gradle.internal.dispatch.ReflectionDispatch.dispatch(ReflectionDispatch.java:24) ~[na:na]
	at org.gradle.internal.dispatch.ContextClassLoaderDispatch.dispatch(ContextClassLoaderDispatch.java:33) ~[na:na]
	at org.gradle.internal.dispatch.ProxyDispatchAdapter$DispatchingInvocationHandler.invoke(ProxyDispatchAdapter.java:94) ~[na:na]
	at jdk.proxy1/jdk.proxy1.$Proxy2.stop(Unknown Source) ~[na:na]
	at org.gradle.api.internal.tasks.testing.worker.TestWorker$3.run(TestWorker.java:193) ~[na:na]
	at org.gradle.api.internal.tasks.testing.worker.TestWorker.executeAndMaintainThreadName(TestWorker.java:129) ~[na:na]
	at org.gradle.api.internal.tasks.testing.worker.TestWorker.execute(TestWorker.java:100) ~[na:na]
	at org.gradle.api.internal.tasks.testing.worker.TestWorker.execute(TestWorker.java:60) ~[na:na]
	at org.gradle.process.internal.worker.child.ActionExecutionWorker.execute(ActionExecutionWorker.java:56) ~[na:na]
	at org.gradle.process.internal.worker.child.SystemApplicationClassLoaderWorker.call(SystemApplicationClassLoaderWorker.java:113) ~[na:na]
	at org.gradle.process.internal.worker.child.SystemApplicationClassLoaderWorker.call(SystemApplicationClassLoaderWorker.java:65) ~[na:na]
	at worker.org.gradle.process.internal.worker.GradleWorkerMain.run(GradleWorkerMain.java:69) ~[gradle-worker.jar:na]
	at worker.org.gradle.process.internal.worker.GradleWorkerMain.main(GradleWorkerMain.java:74) ~[gradle-worker.jar:na]
Caused by: org.h2.jdbc.JdbcSQLSyntaxErrorException: Syntax error in SQL statement "create table post (id bigint not null, content text, create_at date, meta_title varchar(100), published tinyint[*](1), published_at date, summary text, title varchar(75), update_at date, author_id bigint, parentid bigint, primary key (id))"; expected "ARRAY, INVISIBLE, VISIBLE, NOT, NULL, AS, DEFAULT, GENERATED, ON, NOT, NULL, AUTO_INCREMENT, DEFAULT, NULL_TO_DEFAULT, SEQUENCE, SELECTIVITY, COMMENT, CONSTRAINT, COMMENT, PRIMARY, UNIQUE, NOT, NULL, CHECK, REFERENCES, AUTO_INCREMENT, ,, )"; SQL statement:
create table post (id bigint not null, content text, create_at date, meta_title varchar(100), published tinyint(1), published_at date, summary text, title varchar(75), update_at date, author_id bigint, parentid bigint, primary key (id)) [42001-214]
	at org.h2.message.DbException.getJdbcSQLException(DbException.java:502) ~[h2-2.1.214.jar:2.1.214]
	at org.h2.engine.SessionRemote.readException(SessionRemote.java:637) ~[h2-2.1.214.jar:2.1.214]
	at org.h2.engine.SessionRemote.done(SessionRemote.java:606) ~[h2-2.1.214.jar:2.1.214]
	at org.h2.command.CommandRemote.prepare(CommandRemote.java:78) ~[h2-2.1.214.jar:2.1.214]
	at org.h2.command.CommandRemote.<init>(CommandRemote.java:50) ~[h2-2.1.214.jar:2.1.214]
	at org.h2.engine.SessionRemote.prepareCommand(SessionRemote.java:480) ~[h2-2.1.214.jar:2.1.214]
	at org.h2.jdbc.JdbcConnection.prepareCommand(JdbcConnection.java:1116) ~[h2-2.1.214.jar:2.1.214]
	at org.h2.jdbc.JdbcStatement.executeInternal(JdbcStatement.java:237) ~[h2-2.1.214.jar:2.1.214]
	at org.h2.jdbc.JdbcStatement.execute(JdbcStatement.java:223) ~[h2-2.1.214.jar:2.1.214]
	at com.zaxxer.hikari.pool.ProxyStatement.execute(ProxyStatement.java:94) ~[HikariCP-5.0.1.jar:na]
	at com.zaxxer.hikari.pool.HikariProxyStatement.execute(HikariProxyStatement.java) ~[HikariCP-5.0.1.jar:na]
	at org.hibernate.tool.schema.internal.exec.GenerationTargetToDatabase.accept(GenerationTargetToDatabase.java:80) ~[hibernate-core-6.2.13.Final.jar:6.2.13.Final]
	... 129 common frames omitted

Hibernate: create table post_comment (id bigint not null, content text, create_at date, publish_at date, published tinyint(1), title varchar(100), parentid bigint, post_id bigint, userid bigint, primary key (id))
2023-11-11T11:04:15.956+07:00  WARN 19212 --- [    Test worker] o.h.t.s.i.ExceptionHandlerLoggedImpl     : GenerationTarget encountered exception accepting command : Error executing DDL "create table post_comment (id bigint not null, content text, create_at date, publish_at date, published tinyint(1), title varchar(100), parentid bigint, post_id bigint, userid bigint, primary key (id))" via JDBC [Syntax error in SQL statement "create table post_comment (id bigint not null, content text, create_at date, publish_at date, published tinyint[*](1), title varchar(100), parentid bigint, post_id bigint, userid bigint, primary key (id))"; expected "ARRAY, INVISIBLE, VISIBLE, NOT, NULL, AS, DEFAULT, GENERATED, ON, NOT, NULL, AUTO_INCREMENT, DEFAULT, NULL_TO_DEFAULT, SEQUENCE, SELECTIVITY, COMMENT, CONSTRAINT, COMMENT, PRIMARY, UNIQUE, NOT, NULL, CHECK, REFERENCES, AUTO_INCREMENT, ,, )";]

org.hibernate.tool.schema.spi.CommandAcceptanceException: Error executing DDL "create table post_comment (id bigint not null, content text, create_at date, publish_at date, published tinyint(1), title varchar(100), parentid bigint, post_id bigint, userid bigint, primary key (id))" via JDBC [Syntax error in SQL statement "create table post_comment (id bigint not null, content text, create_at date, publish_at date, published tinyint[*](1), title varchar(100), parentid bigint, post_id bigint, userid bigint, primary key (id))"; expected "ARRAY, INVISIBLE, VISIBLE, NOT, NULL, AS, DEFAULT, GENERATED, ON, NOT, NULL, AUTO_INCREMENT, DEFAULT, NULL_TO_DEFAULT, SEQUENCE, SELECTIVITY, COMMENT, CONSTRAINT, COMMENT, PRIMARY, UNIQUE, NOT, NULL, CHECK, REFERENCES, AUTO_INCREMENT, ,, )";]
	at org.hibernate.tool.schema.internal.exec.GenerationTargetToDatabase.accept(GenerationTargetToDatabase.java:94) ~[hibernate-core-6.2.13.Final.jar:6.2.13.Final]
	at org.hibernate.tool.schema.internal.AbstractSchemaMigrator.applySqlString(AbstractSchemaMigrator.java:574) ~[hibernate-core-6.2.13.Final.jar:6.2.13.Final]
	at org.hibernate.tool.schema.internal.AbstractSchemaMigrator.applySqlStrings(AbstractSchemaMigrator.java:514) ~[hibernate-core-6.2.13.Final.jar:6.2.13.Final]
	at org.hibernate.tool.schema.internal.AbstractSchemaMigrator.createTable(AbstractSchemaMigrator.java:315) ~[hibernate-core-6.2.13.Final.jar:6.2.13.Final]
	at org.hibernate.tool.schema.internal.GroupedSchemaMigratorImpl.performTablesMigration(GroupedSchemaMigratorImpl.java:80) ~[hibernate-core-6.2.13.Final.jar:6.2.13.Final]
	at org.hibernate.tool.schema.internal.AbstractSchemaMigrator.performMigration(AbstractSchemaMigrator.java:232) ~[hibernate-core-6.2.13.Final.jar:6.2.13.Final]
	at org.hibernate.tool.schema.internal.AbstractSchemaMigrator.doMigration(AbstractSchemaMigrator.java:117) ~[hibernate-core-6.2.13.Final.jar:6.2.13.Final]
	at org.hibernate.tool.schema.spi.SchemaManagementToolCoordinator.performDatabaseAction(SchemaManagementToolCoordinator.java:284) ~[hibernate-core-6.2.13.Final.jar:6.2.13.Final]
	at org.hibernate.tool.schema.spi.SchemaManagementToolCoordinator.lambda$process$5(SchemaManagementToolCoordinator.java:143) ~[hibernate-core-6.2.13.Final.jar:6.2.13.Final]
	at java.base/java.util.HashMap.forEach(HashMap.java:1421) ~[na:na]
	at org.hibernate.tool.schema.spi.SchemaManagementToolCoordinator.process(SchemaManagementToolCoordinator.java:140) ~[hibernate-core-6.2.13.Final.jar:6.2.13.Final]
	at org.hibernate.boot.internal.SessionFactoryObserverForSchemaExport.sessionFactoryCreated(SessionFactoryObserverForSchemaExport.java:37) ~[hibernate-core-6.2.13.Final.jar:6.2.13.Final]
	at org.hibernate.internal.SessionFactoryObserverChain.sessionFactoryCreated(SessionFactoryObserverChain.java:35) ~[hibernate-core-6.2.13.Final.jar:6.2.13.Final]
	at org.hibernate.internal.SessionFactoryImpl.<init>(SessionFactoryImpl.java:293) ~[hibernate-core-6.2.13.Final.jar:6.2.13.Final]
	at org.hibernate.boot.internal.SessionFactoryBuilderImpl.build(SessionFactoryBuilderImpl.java:444) ~[hibernate-core-6.2.13.Final.jar:6.2.13.Final]
	at org.hibernate.jpa.boot.internal.EntityManagerFactoryBuilderImpl.build(EntityManagerFactoryBuilderImpl.java:1458) ~[hibernate-core-6.2.13.Final.jar:6.2.13.Final]
	at org.springframework.orm.jpa.vendor.SpringHibernateJpaPersistenceProvider.createContainerEntityManagerFactory(SpringHibernateJpaPersistenceProvider.java:75) ~[spring-orm-6.0.13.jar:6.0.13]
	at org.springframework.orm.jpa.LocalContainerEntityManagerFactoryBean.createNativeEntityManagerFactory(LocalContainerEntityManagerFactoryBean.java:376) ~[spring-orm-6.0.13.jar:6.0.13]
	at org.springframework.orm.jpa.AbstractEntityManagerFactoryBean.buildNativeEntityManagerFactory(AbstractEntityManagerFactoryBean.java:409) ~[spring-orm-6.0.13.jar:6.0.13]
	at org.springframework.orm.jpa.AbstractEntityManagerFactoryBean.afterPropertiesSet(AbstractEntityManagerFactoryBean.java:396) ~[spring-orm-6.0.13.jar:6.0.13]
	at org.springframework.orm.jpa.LocalContainerEntityManagerFactoryBean.afterPropertiesSet(LocalContainerEntityManagerFactoryBean.java:352) ~[spring-orm-6.0.13.jar:6.0.13]
	at org.springframework.beans.factory.support.AbstractAutowireCapableBeanFactory.invokeInitMethods(AbstractAutowireCapableBeanFactory.java:1817) ~[spring-beans-6.0.13.jar:6.0.13]
	at org.springframework.beans.factory.support.AbstractAutowireCapableBeanFactory.initializeBean(AbstractAutowireCapableBeanFactory.java:1766) ~[spring-beans-6.0.13.jar:6.0.13]
	at org.springframework.beans.factory.support.AbstractAutowireCapableBeanFactory.doCreateBean(AbstractAutowireCapableBeanFactory.java:598) ~[spring-beans-6.0.13.jar:6.0.13]
	at org.springframework.beans.factory.support.AbstractAutowireCapableBeanFactory.createBean(AbstractAutowireCapableBeanFactory.java:520) ~[spring-beans-6.0.13.jar:6.0.13]
	at org.springframework.beans.factory.support.AbstractBeanFactory.lambda$doGetBean$0(AbstractBeanFactory.java:325) ~[spring-beans-6.0.13.jar:6.0.13]
	at org.springframework.beans.factory.support.DefaultSingletonBeanRegistry.getSingleton(DefaultSingletonBeanRegistry.java:234) ~[spring-beans-6.0.13.jar:6.0.13]
	at org.springframework.beans.factory.support.AbstractBeanFactory.doGetBean(AbstractBeanFactory.java:323) ~[spring-beans-6.0.13.jar:6.0.13]
	at org.springframework.beans.factory.support.AbstractBeanFactory.getBean(AbstractBeanFactory.java:199) ~[spring-beans-6.0.13.jar:6.0.13]
	at org.springframework.context.support.AbstractApplicationContext.getBean(AbstractApplicationContext.java:1166) ~[spring-context-6.0.13.jar:6.0.13]
	at org.springframework.context.support.AbstractApplicationContext.finishBeanFactoryInitialization(AbstractApplicationContext.java:940) ~[spring-context-6.0.13.jar:6.0.13]
	at org.springframework.context.support.AbstractApplicationContext.refresh(AbstractApplicationContext.java:616) ~[spring-context-6.0.13.jar:6.0.13]
	at org.springframework.boot.SpringApplication.refresh(SpringApplication.java:738) ~[spring-boot-3.1.5.jar:3.1.5]
	at org.springframework.boot.SpringApplication.refreshContext(SpringApplication.java:440) ~[spring-boot-3.1.5.jar:3.1.5]
	at org.springframework.boot.SpringApplication.run(SpringApplication.java:316) ~[spring-boot-3.1.5.jar:3.1.5]
	at org.springframework.boot.test.context.SpringBootContextLoader.lambda$loadContext$3(SpringBootContextLoader.java:137) ~[spring-boot-test-3.1.5.jar:3.1.5]
	at org.springframework.util.function.ThrowingSupplier.get(ThrowingSupplier.java:58) ~[spring-core-6.0.13.jar:6.0.13]
	at org.springframework.util.function.ThrowingSupplier.get(ThrowingSupplier.java:46) ~[spring-core-6.0.13.jar:6.0.13]
	at org.springframework.boot.SpringApplication.withHook(SpringApplication.java:1406) ~[spring-boot-3.1.5.jar:3.1.5]
	at org.springframework.boot.test.context.SpringBootContextLoader$ContextLoaderHook.run(SpringBootContextLoader.java:545) ~[spring-boot-test-3.1.5.jar:3.1.5]
	at org.springframework.boot.test.context.SpringBootContextLoader.loadContext(SpringBootContextLoader.java:137) ~[spring-boot-test-3.1.5.jar:3.1.5]
	at org.springframework.boot.test.context.SpringBootContextLoader.loadContext(SpringBootContextLoader.java:108) ~[spring-boot-test-3.1.5.jar:3.1.5]
	at org.springframework.test.context.cache.DefaultCacheAwareContextLoaderDelegate.loadContextInternal(DefaultCacheAwareContextLoaderDelegate.java:187) ~[spring-test-6.0.13.jar:6.0.13]
	at org.springframework.test.context.cache.DefaultCacheAwareContextLoaderDelegate.loadContext(DefaultCacheAwareContextLoaderDelegate.java:119) ~[spring-test-6.0.13.jar:6.0.13]
	at org.springframework.test.context.support.DefaultTestContext.getApplicationContext(DefaultTestContext.java:127) ~[spring-test-6.0.13.jar:6.0.13]
	at org.springframework.test.context.web.ServletTestExecutionListener.setUpRequestContextIfNecessary(ServletTestExecutionListener.java:191) ~[spring-test-6.0.13.jar:6.0.13]
	at org.springframework.test.context.web.ServletTestExecutionListener.prepareTestInstance(ServletTestExecutionListener.java:130) ~[spring-test-6.0.13.jar:6.0.13]
	at org.springframework.test.context.TestContextManager.prepareTestInstance(TestContextManager.java:241) ~[spring-test-6.0.13.jar:6.0.13]
	at org.springframework.test.context.junit.jupiter.SpringExtension.postProcessTestInstance(SpringExtension.java:138) ~[spring-test-6.0.13.jar:6.0.13]
	at org.junit.jupiter.engine.descriptor.ClassBasedTestDescriptor.lambda$invokeTestInstancePostProcessors$10(ClassBasedTestDescriptor.java:377) ~[junit-jupiter-engine-5.9.3.jar:5.9.3]
	at org.junit.jupiter.engine.descriptor.ClassBasedTestDescriptor.executeAndMaskThrowable(ClassBasedTestDescriptor.java:382) ~[junit-jupiter-engine-5.9.3.jar:5.9.3]
	at org.junit.jupiter.engine.descriptor.ClassBasedTestDescriptor.lambda$invokeTestInstancePostProcessors$11(ClassBasedTestDescriptor.java:377) ~[junit-jupiter-engine-5.9.3.jar:5.9.3]
	at java.base/java.util.stream.ReferencePipeline$3$1.accept(ReferencePipeline.java:197) ~[na:na]
	at java.base/java.util.stream.ReferencePipeline$2$1.accept(ReferencePipeline.java:179) ~[na:na]
	at java.base/java.util.ArrayList$ArrayListSpliterator.forEachRemaining(ArrayList.java:1625) ~[na:na]
	at java.base/java.util.stream.AbstractPipeline.copyInto(AbstractPipeline.java:509) ~[na:na]
	at java.base/java.util.stream.AbstractPipeline.wrapAndCopyInto(AbstractPipeline.java:499) ~[na:na]
	at java.base/java.util.stream.StreamSpliterators$WrappingSpliterator.forEachRemaining(StreamSpliterators.java:310) ~[na:na]
	at java.base/java.util.stream.Streams$ConcatSpliterator.forEachRemaining(Streams.java:735) ~[na:na]
	at java.base/java.util.stream.Streams$ConcatSpliterator.forEachRemaining(Streams.java:734) ~[na:na]
	at java.base/java.util.stream.ReferencePipeline$Head.forEach(ReferencePipeline.java:762) ~[na:na]
	at org.junit.jupiter.engine.descriptor.ClassBasedTestDescriptor.invokeTestInstancePostProcessors(ClassBasedTestDescriptor.java:376) ~[junit-jupiter-engine-5.9.3.jar:5.9.3]
	at org.junit.jupiter.engine.descriptor.ClassBasedTestDescriptor.lambda$instantiateAndPostProcessTestInstance$6(ClassBasedTestDescriptor.java:289) ~[junit-jupiter-engine-5.9.3.jar:5.9.3]
	at org.junit.platform.engine.support.hierarchical.ThrowableCollector.execute(ThrowableCollector.java:73) ~[junit-platform-engine-1.9.3.jar:1.9.3]
	at org.junit.jupiter.engine.descriptor.ClassBasedTestDescriptor.instantiateAndPostProcessTestInstance(ClassBasedTestDescriptor.java:288) ~[junit-jupiter-engine-5.9.3.jar:5.9.3]
	at org.junit.jupiter.engine.descriptor.ClassBasedTestDescriptor.lambda$testInstancesProvider$4(ClassBasedTestDescriptor.java:278) ~[junit-jupiter-engine-5.9.3.jar:5.9.3]
	at java.base/java.util.Optional.orElseGet(Optional.java:364) ~[na:na]
	at org.junit.jupiter.engine.descriptor.ClassBasedTestDescriptor.lambda$testInstancesProvider$5(ClassBasedTestDescriptor.java:277) ~[junit-jupiter-engine-5.9.3.jar:5.9.3]
	at org.junit.jupiter.engine.execution.TestInstancesProvider.getTestInstances(TestInstancesProvider.java:31) ~[junit-jupiter-engine-5.9.3.jar:5.9.3]
	at org.junit.jupiter.engine.descriptor.TestMethodTestDescriptor.lambda$prepare$0(TestMethodTestDescriptor.java:105) ~[junit-jupiter-engine-5.9.3.jar:5.9.3]
	at org.junit.platform.engine.support.hierarchical.ThrowableCollector.execute(ThrowableCollector.java:73) ~[junit-platform-engine-1.9.3.jar:1.9.3]
	at org.junit.jupiter.engine.descriptor.TestMethodTestDescriptor.prepare(TestMethodTestDescriptor.java:104) ~[junit-jupiter-engine-5.9.3.jar:5.9.3]
	at org.junit.jupiter.engine.descriptor.TestMethodTestDescriptor.prepare(TestMethodTestDescriptor.java:68) ~[junit-jupiter-engine-5.9.3.jar:5.9.3]
	at org.junit.platform.engine.support.hierarchical.NodeTestTask.lambda$prepare$2(NodeTestTask.java:123) ~[junit-platform-engine-1.9.3.jar:1.9.3]
	at org.junit.platform.engine.support.hierarchical.ThrowableCollector.execute(ThrowableCollector.java:73) ~[junit-platform-engine-1.9.3.jar:1.9.3]
	at org.junit.platform.engine.support.hierarchical.NodeTestTask.prepare(NodeTestTask.java:123) ~[junit-platform-engine-1.9.3.jar:1.9.3]
	at org.junit.platform.engine.support.hierarchical.NodeTestTask.execute(NodeTestTask.java:90) ~[junit-platform-engine-1.9.3.jar:1.9.3]
	at java.base/java.util.ArrayList.forEach(ArrayList.java:1511) ~[na:na]
	at org.junit.platform.engine.support.hierarchical.SameThreadHierarchicalTestExecutorService.invokeAll(SameThreadHierarchicalTestExecutorService.java:41) ~[junit-platform-engine-1.9.3.jar:1.9.3]
	at org.junit.platform.engine.support.hierarchical.NodeTestTask.lambda$executeRecursively$6(NodeTestTask.java:155) ~[junit-platform-engine-1.9.3.jar:1.9.3]
	at org.junit.platform.engine.support.hierarchical.ThrowableCollector.execute(ThrowableCollector.java:73) ~[junit-platform-engine-1.9.3.jar:1.9.3]
	at org.junit.platform.engine.support.hierarchical.NodeTestTask.lambda$executeRecursively$8(NodeTestTask.java:141) ~[junit-platform-engine-1.9.3.jar:1.9.3]
	at org.junit.platform.engine.support.hierarchical.Node.around(Node.java:137) ~[junit-platform-engine-1.9.3.jar:1.9.3]
	at org.junit.platform.engine.support.hierarchical.NodeTestTask.lambda$executeRecursively$9(NodeTestTask.java:139) ~[junit-platform-engine-1.9.3.jar:1.9.3]
	at org.junit.platform.engine.support.hierarchical.ThrowableCollector.execute(ThrowableCollector.java:73) ~[junit-platform-engine-1.9.3.jar:1.9.3]
	at org.junit.platform.engine.support.hierarchical.NodeTestTask.executeRecursively(NodeTestTask.java:138) ~[junit-platform-engine-1.9.3.jar:1.9.3]
	at org.junit.platform.engine.support.hierarchical.NodeTestTask.execute(NodeTestTask.java:95) ~[junit-platform-engine-1.9.3.jar:1.9.3]
	at java.base/java.util.ArrayList.forEach(ArrayList.java:1511) ~[na:na]
	at org.junit.platform.engine.support.hierarchical.SameThreadHierarchicalTestExecutorService.invokeAll(SameThreadHierarchicalTestExecutorService.java:41) ~[junit-platform-engine-1.9.3.jar:1.9.3]
	at org.junit.platform.engine.support.hierarchical.NodeTestTask.lambda$executeRecursively$6(NodeTestTask.java:155) ~[junit-platform-engine-1.9.3.jar:1.9.3]
	at org.junit.platform.engine.support.hierarchical.ThrowableCollector.execute(ThrowableCollector.java:73) ~[junit-platform-engine-1.9.3.jar:1.9.3]
	at org.junit.platform.engine.support.hierarchical.NodeTestTask.lambda$executeRecursively$8(NodeTestTask.java:141) ~[junit-platform-engine-1.9.3.jar:1.9.3]
	at org.junit.platform.engine.support.hierarchical.Node.around(Node.java:137) ~[junit-platform-engine-1.9.3.jar:1.9.3]
	at org.junit.platform.engine.support.hierarchical.NodeTestTask.lambda$executeRecursively$9(NodeTestTask.java:139) ~[junit-platform-engine-1.9.3.jar:1.9.3]
	at org.junit.platform.engine.support.hierarchical.ThrowableCollector.execute(ThrowableCollector.java:73) ~[junit-platform-engine-1.9.3.jar:1.9.3]
	at org.junit.platform.engine.support.hierarchical.NodeTestTask.executeRecursively(NodeTestTask.java:138) ~[junit-platform-engine-1.9.3.jar:1.9.3]
	at org.junit.platform.engine.support.hierarchical.NodeTestTask.execute(NodeTestTask.java:95) ~[junit-platform-engine-1.9.3.jar:1.9.3]
	at org.junit.platform.engine.support.hierarchical.SameThreadHierarchicalTestExecutorService.submit(SameThreadHierarchicalTestExecutorService.java:35) ~[junit-platform-engine-1.9.3.jar:1.9.3]
	at org.junit.platform.engine.support.hierarchical.HierarchicalTestExecutor.execute(HierarchicalTestExecutor.java:57) ~[junit-platform-engine-1.9.3.jar:1.9.3]
	at org.junit.platform.engine.support.hierarchical.HierarchicalTestEngine.execute(HierarchicalTestEngine.java:54) ~[junit-platform-engine-1.9.3.jar:1.9.3]
	at org.junit.platform.launcher.core.EngineExecutionOrchestrator.execute(EngineExecutionOrchestrator.java:107) ~[junit-platform-launcher-1.8.2.jar:1.8.2]
	at org.junit.platform.launcher.core.EngineExecutionOrchestrator.execute(EngineExecutionOrchestrator.java:88) ~[junit-platform-launcher-1.8.2.jar:1.8.2]
	at org.junit.platform.launcher.core.EngineExecutionOrchestrator.lambda$execute$0(EngineExecutionOrchestrator.java:54) ~[junit-platform-launcher-1.8.2.jar:1.8.2]
	at org.junit.platform.launcher.core.EngineExecutionOrchestrator.withInterceptedStreams(EngineExecutionOrchestrator.java:67) ~[junit-platform-launcher-1.8.2.jar:1.8.2]
	at org.junit.platform.launcher.core.EngineExecutionOrchestrator.execute(EngineExecutionOrchestrator.java:52) ~[junit-platform-launcher-1.8.2.jar:1.8.2]
	at org.junit.platform.launcher.core.DefaultLauncher.execute(DefaultLauncher.java:114) ~[junit-platform-launcher-1.8.2.jar:1.8.2]
	at org.junit.platform.launcher.core.DefaultLauncher.execute(DefaultLauncher.java:86) ~[junit-platform-launcher-1.8.2.jar:1.8.2]
	at org.junit.platform.launcher.core.DefaultLauncherSession$DelegatingLauncher.execute(DefaultLauncherSession.java:86) ~[junit-platform-launcher-1.8.2.jar:1.8.2]
	at org.gradle.api.internal.tasks.testing.junitplatform.JUnitPlatformTestClassProcessor$CollectAllTestClassesExecutor.processAllTestClasses(JUnitPlatformTestClassProcessor.java:110) ~[na:na]
	at org.gradle.api.internal.tasks.testing.junitplatform.JUnitPlatformTestClassProcessor$CollectAllTestClassesExecutor.access$000(JUnitPlatformTestClassProcessor.java:90) ~[na:na]
	at org.gradle.api.internal.tasks.testing.junitplatform.JUnitPlatformTestClassProcessor.stop(JUnitPlatformTestClassProcessor.java:85) ~[na:na]
	at org.gradle.api.internal.tasks.testing.SuiteTestClassProcessor.stop(SuiteTestClassProcessor.java:62) ~[na:na]
	at java.base/jdk.internal.reflect.NativeMethodAccessorImpl.invoke0(Native Method) ~[na:na]
	at java.base/jdk.internal.reflect.NativeMethodAccessorImpl.invoke(NativeMethodAccessorImpl.java:77) ~[na:na]
	at java.base/jdk.internal.reflect.DelegatingMethodAccessorImpl.invoke(DelegatingMethodAccessorImpl.java:43) ~[na:na]
	at java.base/java.lang.reflect.Method.invoke(Method.java:568) ~[na:na]
	at org.gradle.internal.dispatch.ReflectionDispatch.dispatch(ReflectionDispatch.java:36) ~[na:na]
	at org.gradle.internal.dispatch.ReflectionDispatch.dispatch(ReflectionDispatch.java:24) ~[na:na]
	at org.gradle.internal.dispatch.ContextClassLoaderDispatch.dispatch(ContextClassLoaderDispatch.java:33) ~[na:na]
	at org.gradle.internal.dispatch.ProxyDispatchAdapter$DispatchingInvocationHandler.invoke(ProxyDispatchAdapter.java:94) ~[na:na]
	at jdk.proxy1/jdk.proxy1.$Proxy2.stop(Unknown Source) ~[na:na]
	at org.gradle.api.internal.tasks.testing.worker.TestWorker$3.run(TestWorker.java:193) ~[na:na]
	at org.gradle.api.internal.tasks.testing.worker.TestWorker.executeAndMaintainThreadName(TestWorker.java:129) ~[na:na]
	at org.gradle.api.internal.tasks.testing.worker.TestWorker.execute(TestWorker.java:100) ~[na:na]
	at org.gradle.api.internal.tasks.testing.worker.TestWorker.execute(TestWorker.java:60) ~[na:na]
	at org.gradle.process.internal.worker.child.ActionExecutionWorker.execute(ActionExecutionWorker.java:56) ~[na:na]
	at org.gradle.process.internal.worker.child.SystemApplicationClassLoaderWorker.call(SystemApplicationClassLoaderWorker.java:113) ~[na:na]
	at org.gradle.process.internal.worker.child.SystemApplicationClassLoaderWorker.call(SystemApplicationClassLoaderWorker.java:65) ~[na:na]
	at worker.org.gradle.process.internal.worker.GradleWorkerMain.run(GradleWorkerMain.java:69) ~[gradle-worker.jar:na]
	at worker.org.gradle.process.internal.worker.GradleWorkerMain.main(GradleWorkerMain.java:74) ~[gradle-worker.jar:na]
Caused by: org.h2.jdbc.JdbcSQLSyntaxErrorException: Syntax error in SQL statement "create table post_comment (id bigint not null, content text, create_at date, publish_at date, published tinyint[*](1), title varchar(100), parentid bigint, post_id bigint, userid bigint, primary key (id))"; expected "ARRAY, INVISIBLE, VISIBLE, NOT, NULL, AS, DEFAULT, GENERATED, ON, NOT, NULL, AUTO_INCREMENT, DEFAULT, NULL_TO_DEFAULT, SEQUENCE, SELECTIVITY, COMMENT, CONSTRAINT, COMMENT, PRIMARY, UNIQUE, NOT, NULL, CHECK, REFERENCES, AUTO_INCREMENT, ,, )"; SQL statement:
create table post_comment (id bigint not null, content text, create_at date, publish_at date, published tinyint(1), title varchar(100), parentid bigint, post_id bigint, userid bigint, primary key (id)) [42001-214]
	at org.h2.message.DbException.getJdbcSQLException(DbException.java:502) ~[h2-2.1.214.jar:2.1.214]
	at org.h2.engine.SessionRemote.readException(SessionRemote.java:637) ~[h2-2.1.214.jar:2.1.214]
	at org.h2.engine.SessionRemote.done(SessionRemote.java:606) ~[h2-2.1.214.jar:2.1.214]
	at org.h2.command.CommandRemote.prepare(CommandRemote.java:78) ~[h2-2.1.214.jar:2.1.214]
	at org.h2.command.CommandRemote.<init>(CommandRemote.java:50) ~[h2-2.1.214.jar:2.1.214]
	at org.h2.engine.SessionRemote.prepareCommand(SessionRemote.java:480) ~[h2-2.1.214.jar:2.1.214]
	at org.h2.jdbc.JdbcConnection.prepareCommand(JdbcConnection.java:1116) ~[h2-2.1.214.jar:2.1.214]
	at org.h2.jdbc.JdbcStatement.executeInternal(JdbcStatement.java:237) ~[h2-2.1.214.jar:2.1.214]
	at org.h2.jdbc.JdbcStatement.execute(JdbcStatement.java:223) ~[h2-2.1.214.jar:2.1.214]
	at com.zaxxer.hikari.pool.ProxyStatement.execute(ProxyStatement.java:94) ~[HikariCP-5.0.1.jar:na]
	at com.zaxxer.hikari.pool.HikariProxyStatement.execute(HikariProxyStatement.java) ~[HikariCP-5.0.1.jar:na]
	at org.hibernate.tool.schema.internal.exec.GenerationTargetToDatabase.accept(GenerationTargetToDatabase.java:80) ~[hibernate-core-6.2.13.Final.jar:6.2.13.Final]
	... 129 common frames omitted

Hibernate: create table product (product_id bigint generated by default as identity, description text not null, manufacturer_name varchar(100) not null, name varchar(150) not null, status tinyint check (status between 0 and 2), unit varchar(25) not null, primary key (product_id))
Hibernate: create table product_image (image_id bigint generated by default as identity, alternative varchar(250), path varchar(250) not null, product_id bigint, primary key (image_id))
Hibernate: create table product_price (price_date_time timestamp(6) not null, note varchar(255), price float(53) not null, product_id bigint not null, primary key (price_date_time, product_id))
Hibernate: create table user (id bigint not null, email varchar(50), first_name varchar(50), intro text, last_login date, last_name varchar(50), middle_name varchar(50), mobile varchar(15), password_hash varchar(64), profile text, registered_at date, primary key (id))
2023-11-11T11:04:15.980+07:00  WARN 19212 --- [    Test worker] o.h.t.s.i.ExceptionHandlerLoggedImpl     : GenerationTarget encountered exception accepting command : Error executing DDL "create table user (id bigint not null, email varchar(50), first_name varchar(50), intro text, last_login date, last_name varchar(50), middle_name varchar(50), mobile varchar(15), password_hash varchar(64), profile text, registered_at date, primary key (id))" via JDBC [Syntax error in SQL statement "create table [*]user (id bigint not null, email varchar(50), first_name varchar(50), intro text, last_login date, last_name varchar(50), middle_name varchar(50), mobile varchar(15), password_hash varchar(64), profile text, registered_at date, primary key (id))"; expected "identifier";]

org.hibernate.tool.schema.spi.CommandAcceptanceException: Error executing DDL "create table user (id bigint not null, email varchar(50), first_name varchar(50), intro text, last_login date, last_name varchar(50), middle_name varchar(50), mobile varchar(15), password_hash varchar(64), profile text, registered_at date, primary key (id))" via JDBC [Syntax error in SQL statement "create table [*]user (id bigint not null, email varchar(50), first_name varchar(50), intro text, last_login date, last_name varchar(50), middle_name varchar(50), mobile varchar(15), password_hash varchar(64), profile text, registered_at date, primary key (id))"; expected "identifier";]
	at org.hibernate.tool.schema.internal.exec.GenerationTargetToDatabase.accept(GenerationTargetToDatabase.java:94) ~[hibernate-core-6.2.13.Final.jar:6.2.13.Final]
	at org.hibernate.tool.schema.internal.AbstractSchemaMigrator.applySqlString(AbstractSchemaMigrator.java:574) ~[hibernate-core-6.2.13.Final.jar:6.2.13.Final]
	at org.hibernate.tool.schema.internal.AbstractSchemaMigrator.applySqlStrings(AbstractSchemaMigrator.java:514) ~[hibernate-core-6.2.13.Final.jar:6.2.13.Final]
	at org.hibernate.tool.schema.internal.AbstractSchemaMigrator.createTable(AbstractSchemaMigrator.java:315) ~[hibernate-core-6.2.13.Final.jar:6.2.13.Final]
	at org.hibernate.tool.schema.internal.GroupedSchemaMigratorImpl.performTablesMigration(GroupedSchemaMigratorImpl.java:80) ~[hibernate-core-6.2.13.Final.jar:6.2.13.Final]
	at org.hibernate.tool.schema.internal.AbstractSchemaMigrator.performMigration(AbstractSchemaMigrator.java:232) ~[hibernate-core-6.2.13.Final.jar:6.2.13.Final]
	at org.hibernate.tool.schema.internal.AbstractSchemaMigrator.doMigration(AbstractSchemaMigrator.java:117) ~[hibernate-core-6.2.13.Final.jar:6.2.13.Final]
	at org.hibernate.tool.schema.spi.SchemaManagementToolCoordinator.performDatabaseAction(SchemaManagementToolCoordinator.java:284) ~[hibernate-core-6.2.13.Final.jar:6.2.13.Final]
	at org.hibernate.tool.schema.spi.SchemaManagementToolCoordinator.lambda$process$5(SchemaManagementToolCoordinator.java:143) ~[hibernate-core-6.2.13.Final.jar:6.2.13.Final]
	at java.base/java.util.HashMap.forEach(HashMap.java:1421) ~[na:na]
	at org.hibernate.tool.schema.spi.SchemaManagementToolCoordinator.process(SchemaManagementToolCoordinator.java:140) ~[hibernate-core-6.2.13.Final.jar:6.2.13.Final]
	at org.hibernate.boot.internal.SessionFactoryObserverForSchemaExport.sessionFactoryCreated(SessionFactoryObserverForSchemaExport.java:37) ~[hibernate-core-6.2.13.Final.jar:6.2.13.Final]
	at org.hibernate.internal.SessionFactoryObserverChain.sessionFactoryCreated(SessionFactoryObserverChain.java:35) ~[hibernate-core-6.2.13.Final.jar:6.2.13.Final]
	at org.hibernate.internal.SessionFactoryImpl.<init>(SessionFactoryImpl.java:293) ~[hibernate-core-6.2.13.Final.jar:6.2.13.Final]
	at org.hibernate.boot.internal.SessionFactoryBuilderImpl.build(SessionFactoryBuilderImpl.java:444) ~[hibernate-core-6.2.13.Final.jar:6.2.13.Final]
	at org.hibernate.jpa.boot.internal.EntityManagerFactoryBuilderImpl.build(EntityManagerFactoryBuilderImpl.java:1458) ~[hibernate-core-6.2.13.Final.jar:6.2.13.Final]
	at org.springframework.orm.jpa.vendor.SpringHibernateJpaPersistenceProvider.createContainerEntityManagerFactory(SpringHibernateJpaPersistenceProvider.java:75) ~[spring-orm-6.0.13.jar:6.0.13]
	at org.springframework.orm.jpa.LocalContainerEntityManagerFactoryBean.createNativeEntityManagerFactory(LocalContainerEntityManagerFactoryBean.java:376) ~[spring-orm-6.0.13.jar:6.0.13]
	at org.springframework.orm.jpa.AbstractEntityManagerFactoryBean.buildNativeEntityManagerFactory(AbstractEntityManagerFactoryBean.java:409) ~[spring-orm-6.0.13.jar:6.0.13]
	at org.springframework.orm.jpa.AbstractEntityManagerFactoryBean.afterPropertiesSet(AbstractEntityManagerFactoryBean.java:396) ~[spring-orm-6.0.13.jar:6.0.13]
	at org.springframework.orm.jpa.LocalContainerEntityManagerFactoryBean.afterPropertiesSet(LocalContainerEntityManagerFactoryBean.java:352) ~[spring-orm-6.0.13.jar:6.0.13]
	at org.springframework.beans.factory.support.AbstractAutowireCapableBeanFactory.invokeInitMethods(AbstractAutowireCapableBeanFactory.java:1817) ~[spring-beans-6.0.13.jar:6.0.13]
	at org.springframework.beans.factory.support.AbstractAutowireCapableBeanFactory.initializeBean(AbstractAutowireCapableBeanFactory.java:1766) ~[spring-beans-6.0.13.jar:6.0.13]
	at org.springframework.beans.factory.support.AbstractAutowireCapableBeanFactory.doCreateBean(AbstractAutowireCapableBeanFactory.java:598) ~[spring-beans-6.0.13.jar:6.0.13]
	at org.springframework.beans.factory.support.AbstractAutowireCapableBeanFactory.createBean(AbstractAutowireCapableBeanFactory.java:520) ~[spring-beans-6.0.13.jar:6.0.13]
	at org.springframework.beans.factory.support.AbstractBeanFactory.lambda$doGetBean$0(AbstractBeanFactory.java:325) ~[spring-beans-6.0.13.jar:6.0.13]
	at org.springframework.beans.factory.support.DefaultSingletonBeanRegistry.getSingleton(DefaultSingletonBeanRegistry.java:234) ~[spring-beans-6.0.13.jar:6.0.13]
	at org.springframework.beans.factory.support.AbstractBeanFactory.doGetBean(AbstractBeanFactory.java:323) ~[spring-beans-6.0.13.jar:6.0.13]
	at org.springframework.beans.factory.support.AbstractBeanFactory.getBean(AbstractBeanFactory.java:199) ~[spring-beans-6.0.13.jar:6.0.13]
	at org.springframework.context.support.AbstractApplicationContext.getBean(AbstractApplicationContext.java:1166) ~[spring-context-6.0.13.jar:6.0.13]
	at org.springframework.context.support.AbstractApplicationContext.finishBeanFactoryInitialization(AbstractApplicationContext.java:940) ~[spring-context-6.0.13.jar:6.0.13]
	at org.springframework.context.support.AbstractApplicationContext.refresh(AbstractApplicationContext.java:616) ~[spring-context-6.0.13.jar:6.0.13]
	at org.springframework.boot.SpringApplication.refresh(SpringApplication.java:738) ~[spring-boot-3.1.5.jar:3.1.5]
	at org.springframework.boot.SpringApplication.refreshContext(SpringApplication.java:440) ~[spring-boot-3.1.5.jar:3.1.5]
	at org.springframework.boot.SpringApplication.run(SpringApplication.java:316) ~[spring-boot-3.1.5.jar:3.1.5]
	at org.springframework.boot.test.context.SpringBootContextLoader.lambda$loadContext$3(SpringBootContextLoader.java:137) ~[spring-boot-test-3.1.5.jar:3.1.5]
	at org.springframework.util.function.ThrowingSupplier.get(ThrowingSupplier.java:58) ~[spring-core-6.0.13.jar:6.0.13]
	at org.springframework.util.function.ThrowingSupplier.get(ThrowingSupplier.java:46) ~[spring-core-6.0.13.jar:6.0.13]
	at org.springframework.boot.SpringApplication.withHook(SpringApplication.java:1406) ~[spring-boot-3.1.5.jar:3.1.5]
	at org.springframework.boot.test.context.SpringBootContextLoader$ContextLoaderHook.run(SpringBootContextLoader.java:545) ~[spring-boot-test-3.1.5.jar:3.1.5]
	at org.springframework.boot.test.context.SpringBootContextLoader.loadContext(SpringBootContextLoader.java:137) ~[spring-boot-test-3.1.5.jar:3.1.5]
	at org.springframework.boot.test.context.SpringBootContextLoader.loadContext(SpringBootContextLoader.java:108) ~[spring-boot-test-3.1.5.jar:3.1.5]
	at org.springframework.test.context.cache.DefaultCacheAwareContextLoaderDelegate.loadContextInternal(DefaultCacheAwareContextLoaderDelegate.java:187) ~[spring-test-6.0.13.jar:6.0.13]
	at org.springframework.test.context.cache.DefaultCacheAwareContextLoaderDelegate.loadContext(DefaultCacheAwareContextLoaderDelegate.java:119) ~[spring-test-6.0.13.jar:6.0.13]
	at org.springframework.test.context.support.DefaultTestContext.getApplicationContext(DefaultTestContext.java:127) ~[spring-test-6.0.13.jar:6.0.13]
	at org.springframework.test.context.web.ServletTestExecutionListener.setUpRequestContextIfNecessary(ServletTestExecutionListener.java:191) ~[spring-test-6.0.13.jar:6.0.13]
	at org.springframework.test.context.web.ServletTestExecutionListener.prepareTestInstance(ServletTestExecutionListener.java:130) ~[spring-test-6.0.13.jar:6.0.13]
	at org.springframework.test.context.TestContextManager.prepareTestInstance(TestContextManager.java:241) ~[spring-test-6.0.13.jar:6.0.13]
	at org.springframework.test.context.junit.jupiter.SpringExtension.postProcessTestInstance(SpringExtension.java:138) ~[spring-test-6.0.13.jar:6.0.13]
	at org.junit.jupiter.engine.descriptor.ClassBasedTestDescriptor.lambda$invokeTestInstancePostProcessors$10(ClassBasedTestDescriptor.java:377) ~[junit-jupiter-engine-5.9.3.jar:5.9.3]
	at org.junit.jupiter.engine.descriptor.ClassBasedTestDescriptor.executeAndMaskThrowable(ClassBasedTestDescriptor.java:382) ~[junit-jupiter-engine-5.9.3.jar:5.9.3]
	at org.junit.jupiter.engine.descriptor.ClassBasedTestDescriptor.lambda$invokeTestInstancePostProcessors$11(ClassBasedTestDescriptor.java:377) ~[junit-jupiter-engine-5.9.3.jar:5.9.3]
	at java.base/java.util.stream.ReferencePipeline$3$1.accept(ReferencePipeline.java:197) ~[na:na]
	at java.base/java.util.stream.ReferencePipeline$2$1.accept(ReferencePipeline.java:179) ~[na:na]
	at java.base/java.util.ArrayList$ArrayListSpliterator.forEachRemaining(ArrayList.java:1625) ~[na:na]
	at java.base/java.util.stream.AbstractPipeline.copyInto(AbstractPipeline.java:509) ~[na:na]
	at java.base/java.util.stream.AbstractPipeline.wrapAndCopyInto(AbstractPipeline.java:499) ~[na:na]
	at java.base/java.util.stream.StreamSpliterators$WrappingSpliterator.forEachRemaining(StreamSpliterators.java:310) ~[na:na]
	at java.base/java.util.stream.Streams$ConcatSpliterator.forEachRemaining(Streams.java:735) ~[na:na]
	at java.base/java.util.stream.Streams$ConcatSpliterator.forEachRemaining(Streams.java:734) ~[na:na]
	at java.base/java.util.stream.ReferencePipeline$Head.forEach(ReferencePipeline.java:762) ~[na:na]
	at org.junit.jupiter.engine.descriptor.ClassBasedTestDescriptor.invokeTestInstancePostProcessors(ClassBasedTestDescriptor.java:376) ~[junit-jupiter-engine-5.9.3.jar:5.9.3]
	at org.junit.jupiter.engine.descriptor.ClassBasedTestDescriptor.lambda$instantiateAndPostProcessTestInstance$6(ClassBasedTestDescriptor.java:289) ~[junit-jupiter-engine-5.9.3.jar:5.9.3]
	at org.junit.platform.engine.support.hierarchical.ThrowableCollector.execute(ThrowableCollector.java:73) ~[junit-platform-engine-1.9.3.jar:1.9.3]
	at org.junit.jupiter.engine.descriptor.ClassBasedTestDescriptor.instantiateAndPostProcessTestInstance(ClassBasedTestDescriptor.java:288) ~[junit-jupiter-engine-5.9.3.jar:5.9.3]
	at org.junit.jupiter.engine.descriptor.ClassBasedTestDescriptor.lambda$testInstancesProvider$4(ClassBasedTestDescriptor.java:278) ~[junit-jupiter-engine-5.9.3.jar:5.9.3]
	at java.base/java.util.Optional.orElseGet(Optional.java:364) ~[na:na]
	at org.junit.jupiter.engine.descriptor.ClassBasedTestDescriptor.lambda$testInstancesProvider$5(ClassBasedTestDescriptor.java:277) ~[junit-jupiter-engine-5.9.3.jar:5.9.3]
	at org.junit.jupiter.engine.execution.TestInstancesProvider.getTestInstances(TestInstancesProvider.java:31) ~[junit-jupiter-engine-5.9.3.jar:5.9.3]
	at org.junit.jupiter.engine.descriptor.TestMethodTestDescriptor.lambda$prepare$0(TestMethodTestDescriptor.java:105) ~[junit-jupiter-engine-5.9.3.jar:5.9.3]
	at org.junit.platform.engine.support.hierarchical.ThrowableCollector.execute(ThrowableCollector.java:73) ~[junit-platform-engine-1.9.3.jar:1.9.3]
	at org.junit.jupiter.engine.descriptor.TestMethodTestDescriptor.prepare(TestMethodTestDescriptor.java:104) ~[junit-jupiter-engine-5.9.3.jar:5.9.3]
	at org.junit.jupiter.engine.descriptor.TestMethodTestDescriptor.prepare(TestMethodTestDescriptor.java:68) ~[junit-jupiter-engine-5.9.3.jar:5.9.3]
	at org.junit.platform.engine.support.hierarchical.NodeTestTask.lambda$prepare$2(NodeTestTask.java:123) ~[junit-platform-engine-1.9.3.jar:1.9.3]
	at org.junit.platform.engine.support.hierarchical.ThrowableCollector.execute(ThrowableCollector.java:73) ~[junit-platform-engine-1.9.3.jar:1.9.3]
	at org.junit.platform.engine.support.hierarchical.NodeTestTask.prepare(NodeTestTask.java:123) ~[junit-platform-engine-1.9.3.jar:1.9.3]
	at org.junit.platform.engine.support.hierarchical.NodeTestTask.execute(NodeTestTask.java:90) ~[junit-platform-engine-1.9.3.jar:1.9.3]
	at java.base/java.util.ArrayList.forEach(ArrayList.java:1511) ~[na:na]
	at org.junit.platform.engine.support.hierarchical.SameThreadHierarchicalTestExecutorService.invokeAll(SameThreadHierarchicalTestExecutorService.java:41) ~[junit-platform-engine-1.9.3.jar:1.9.3]
	at org.junit.platform.engine.support.hierarchical.NodeTestTask.lambda$executeRecursively$6(NodeTestTask.java:155) ~[junit-platform-engine-1.9.3.jar:1.9.3]
	at org.junit.platform.engine.support.hierarchical.ThrowableCollector.execute(ThrowableCollector.java:73) ~[junit-platform-engine-1.9.3.jar:1.9.3]
	at org.junit.platform.engine.support.hierarchical.NodeTestTask.lambda$executeRecursively$8(NodeTestTask.java:141) ~[junit-platform-engine-1.9.3.jar:1.9.3]
	at org.junit.platform.engine.support.hierarchical.Node.around(Node.java:137) ~[junit-platform-engine-1.9.3.jar:1.9.3]
	at org.junit.platform.engine.support.hierarchical.NodeTestTask.lambda$executeRecursively$9(NodeTestTask.java:139) ~[junit-platform-engine-1.9.3.jar:1.9.3]
	at org.junit.platform.engine.support.hierarchical.ThrowableCollector.execute(ThrowableCollector.java:73) ~[junit-platform-engine-1.9.3.jar:1.9.3]
	at org.junit.platform.engine.support.hierarchical.NodeTestTask.executeRecursively(NodeTestTask.java:138) ~[junit-platform-engine-1.9.3.jar:1.9.3]
	at org.junit.platform.engine.support.hierarchical.NodeTestTask.execute(NodeTestTask.java:95) ~[junit-platform-engine-1.9.3.jar:1.9.3]
	at java.base/java.util.ArrayList.forEach(ArrayList.java:1511) ~[na:na]
	at org.junit.platform.engine.support.hierarchical.SameThreadHierarchicalTestExecutorService.invokeAll(SameThreadHierarchicalTestExecutorService.java:41) ~[junit-platform-engine-1.9.3.jar:1.9.3]
	at org.junit.platform.engine.support.hierarchical.NodeTestTask.lambda$executeRecursively$6(NodeTestTask.java:155) ~[junit-platform-engine-1.9.3.jar:1.9.3]
	at org.junit.platform.engine.support.hierarchical.ThrowableCollector.execute(ThrowableCollector.java:73) ~[junit-platform-engine-1.9.3.jar:1.9.3]
	at org.junit.platform.engine.support.hierarchical.NodeTestTask.lambda$executeRecursively$8(NodeTestTask.java:141) ~[junit-platform-engine-1.9.3.jar:1.9.3]
	at org.junit.platform.engine.support.hierarchical.Node.around(Node.java:137) ~[junit-platform-engine-1.9.3.jar:1.9.3]
	at org.junit.platform.engine.support.hierarchical.NodeTestTask.lambda$executeRecursively$9(NodeTestTask.java:139) ~[junit-platform-engine-1.9.3.jar:1.9.3]
	at org.junit.platform.engine.support.hierarchical.ThrowableCollector.execute(ThrowableCollector.java:73) ~[junit-platform-engine-1.9.3.jar:1.9.3]
	at org.junit.platform.engine.support.hierarchical.NodeTestTask.executeRecursively(NodeTestTask.java:138) ~[junit-platform-engine-1.9.3.jar:1.9.3]
	at org.junit.platform.engine.support.hierarchical.NodeTestTask.execute(NodeTestTask.java:95) ~[junit-platform-engine-1.9.3.jar:1.9.3]
	at org.junit.platform.engine.support.hierarchical.SameThreadHierarchicalTestExecutorService.submit(SameThreadHierarchicalTestExecutorService.java:35) ~[junit-platform-engine-1.9.3.jar:1.9.3]
	at org.junit.platform.engine.support.hierarchical.HierarchicalTestExecutor.execute(HierarchicalTestExecutor.java:57) ~[junit-platform-engine-1.9.3.jar:1.9.3]
	at org.junit.platform.engine.support.hierarchical.HierarchicalTestEngine.execute(HierarchicalTestEngine.java:54) ~[junit-platform-engine-1.9.3.jar:1.9.3]
	at org.junit.platform.launcher.core.EngineExecutionOrchestrator.execute(EngineExecutionOrchestrator.java:107) ~[junit-platform-launcher-1.8.2.jar:1.8.2]
	at org.junit.platform.launcher.core.EngineExecutionOrchestrator.execute(EngineExecutionOrchestrator.java:88) ~[junit-platform-launcher-1.8.2.jar:1.8.2]
	at org.junit.platform.launcher.core.EngineExecutionOrchestrator.lambda$execute$0(EngineExecutionOrchestrator.java:54) ~[junit-platform-launcher-1.8.2.jar:1.8.2]
	at org.junit.platform.launcher.core.EngineExecutionOrchestrator.withInterceptedStreams(EngineExecutionOrchestrator.java:67) ~[junit-platform-launcher-1.8.2.jar:1.8.2]
	at org.junit.platform.launcher.core.EngineExecutionOrchestrator.execute(EngineExecutionOrchestrator.java:52) ~[junit-platform-launcher-1.8.2.jar:1.8.2]
	at org.junit.platform.launcher.core.DefaultLauncher.execute(DefaultLauncher.java:114) ~[junit-platform-launcher-1.8.2.jar:1.8.2]
	at org.junit.platform.launcher.core.DefaultLauncher.execute(DefaultLauncher.java:86) ~[junit-platform-launcher-1.8.2.jar:1.8.2]
	at org.junit.platform.launcher.core.DefaultLauncherSession$DelegatingLauncher.execute(DefaultLauncherSession.java:86) ~[junit-platform-launcher-1.8.2.jar:1.8.2]
	at org.gradle.api.internal.tasks.testing.junitplatform.JUnitPlatformTestClassProcessor$CollectAllTestClassesExecutor.processAllTestClasses(JUnitPlatformTestClassProcessor.java:110) ~[na:na]
	at org.gradle.api.internal.tasks.testing.junitplatform.JUnitPlatformTestClassProcessor$CollectAllTestClassesExecutor.access$000(JUnitPlatformTestClassProcessor.java:90) ~[na:na]
	at org.gradle.api.internal.tasks.testing.junitplatform.JUnitPlatformTestClassProcessor.stop(JUnitPlatformTestClassProcessor.java:85) ~[na:na]
	at org.gradle.api.internal.tasks.testing.SuiteTestClassProcessor.stop(SuiteTestClassProcessor.java:62) ~[na:na]
	at java.base/jdk.internal.reflect.NativeMethodAccessorImpl.invoke0(Native Method) ~[na:na]
	at java.base/jdk.internal.reflect.NativeMethodAccessorImpl.invoke(NativeMethodAccessorImpl.java:77) ~[na:na]
	at java.base/jdk.internal.reflect.DelegatingMethodAccessorImpl.invoke(DelegatingMethodAccessorImpl.java:43) ~[na:na]
	at java.base/java.lang.reflect.Method.invoke(Method.java:568) ~[na:na]
	at org.gradle.internal.dispatch.ReflectionDispatch.dispatch(ReflectionDispatch.java:36) ~[na:na]
	at org.gradle.internal.dispatch.ReflectionDispatch.dispatch(ReflectionDispatch.java:24) ~[na:na]
	at org.gradle.internal.dispatch.ContextClassLoaderDispatch.dispatch(ContextClassLoaderDispatch.java:33) ~[na:na]
	at org.gradle.internal.dispatch.ProxyDispatchAdapter$DispatchingInvocationHandler.invoke(ProxyDispatchAdapter.java:94) ~[na:na]
	at jdk.proxy1/jdk.proxy1.$Proxy2.stop(Unknown Source) ~[na:na]
	at org.gradle.api.internal.tasks.testing.worker.TestWorker$3.run(TestWorker.java:193) ~[na:na]
	at org.gradle.api.internal.tasks.testing.worker.TestWorker.executeAndMaintainThreadName(TestWorker.java:129) ~[na:na]
	at org.gradle.api.internal.tasks.testing.worker.TestWorker.execute(TestWorker.java:100) ~[na:na]
	at org.gradle.api.internal.tasks.testing.worker.TestWorker.execute(TestWorker.java:60) ~[na:na]
	at org.gradle.process.internal.worker.child.ActionExecutionWorker.execute(ActionExecutionWorker.java:56) ~[na:na]
	at org.gradle.process.internal.worker.child.SystemApplicationClassLoaderWorker.call(SystemApplicationClassLoaderWorker.java:113) ~[na:na]
	at org.gradle.process.internal.worker.child.SystemApplicationClassLoaderWorker.call(SystemApplicationClassLoaderWorker.java:65) ~[na:na]
	at worker.org.gradle.process.internal.worker.GradleWorkerMain.run(GradleWorkerMain.java:69) ~[gradle-worker.jar:na]
	at worker.org.gradle.process.internal.worker.GradleWorkerMain.main(GradleWorkerMain.java:74) ~[gradle-worker.jar:na]
Caused by: org.h2.jdbc.JdbcSQLSyntaxErrorException: Syntax error in SQL statement "create table [*]user (id bigint not null, email varchar(50), first_name varchar(50), intro text, last_login date, last_name varchar(50), middle_name varchar(50), mobile varchar(15), password_hash varchar(64), profile text, registered_at date, primary key (id))"; expected "identifier"; SQL statement:
create table user (id bigint not null, email varchar(50), first_name varchar(50), intro text, last_login date, last_name varchar(50), middle_name varchar(50), mobile varchar(15), password_hash varchar(64), profile text, registered_at date, primary key (id)) [42001-214]
	at org.h2.message.DbException.getJdbcSQLException(DbException.java:502) ~[h2-2.1.214.jar:2.1.214]
	at org.h2.engine.SessionRemote.readException(SessionRemote.java:637) ~[h2-2.1.214.jar:2.1.214]
	at org.h2.engine.SessionRemote.done(SessionRemote.java:606) ~[h2-2.1.214.jar:2.1.214]
	at org.h2.command.CommandRemote.prepare(CommandRemote.java:78) ~[h2-2.1.214.jar:2.1.214]
	at org.h2.command.CommandRemote.<init>(CommandRemote.java:50) ~[h2-2.1.214.jar:2.1.214]
	at org.h2.engine.SessionRemote.prepareCommand(SessionRemote.java:480) ~[h2-2.1.214.jar:2.1.214]
	at org.h2.jdbc.JdbcConnection.prepareCommand(JdbcConnection.java:1116) ~[h2-2.1.214.jar:2.1.214]
	at org.h2.jdbc.JdbcStatement.executeInternal(JdbcStatement.java:237) ~[h2-2.1.214.jar:2.1.214]
	at org.h2.jdbc.JdbcStatement.execute(JdbcStatement.java:223) ~[h2-2.1.214.jar:2.1.214]
	at com.zaxxer.hikari.pool.ProxyStatement.execute(ProxyStatement.java:94) ~[HikariCP-5.0.1.jar:na]
	at com.zaxxer.hikari.pool.HikariProxyStatement.execute(HikariProxyStatement.java) ~[HikariCP-5.0.1.jar:na]
	at org.hibernate.tool.schema.internal.exec.GenerationTargetToDatabase.accept(GenerationTargetToDatabase.java:80) ~[hibernate-core-6.2.13.Final.jar:6.2.13.Final]
	... 129 common frames omitted

Hibernate: alter table if exists customer drop constraint if exists UK_dwk6cx0afu8bs9o4t536v1j5v
Hibernate: alter table if exists customer add constraint UK_dwk6cx0afu8bs9o4t536v1j5v unique (email)
Hibernate: alter table if exists employee drop constraint if exists UK_fopic1oh5oln2khj8eat6ino0
Hibernate: alter table if exists employee add constraint UK_fopic1oh5oln2khj8eat6ino0 unique (email)
Hibernate: alter table if exists post drop constraint if exists UK_mpt76qprxrn6ffvedxog4vuxv
Hibernate: alter table if exists post add constraint UK_mpt76qprxrn6ffvedxog4vuxv unique (parentid)
Hibernate: alter table if exists post_comment drop constraint if exists UK_hh6c5f9u3gtsqhcdv0f44f0th
Hibernate: alter table if exists post_comment add constraint UK_hh6c5f9u3gtsqhcdv0f44f0th unique (parentid)
Hibernate: alter table if exists order_detail add constraint FKrws2q0si6oyd6il8gqe2aennc foreign key (order_id) references orders
Hibernate: alter table if exists order_detail add constraint FKb8bg2bkty0oksa3wiq5mp5qnc foreign key (product_id) references product
Hibernate: alter table if exists orders add constraint FK89iy70txskld506d7n1cfpmpx foreign key (cust_id) references customer
Hibernate: alter table if exists orders add constraint FKog5v9ga2g2ukytypn4ocip6b4 foreign key (employee_id) references employee
Hibernate: alter table if exists post add constraint FK12njtf8e0jmyb45lqfpt6ad89 foreign key (author_id) references user
2023-11-11T11:04:16.008+07:00  WARN 19212 --- [    Test worker] o.h.t.s.i.ExceptionHandlerLoggedImpl     : GenerationTarget encountered exception accepting command : Error executing DDL "alter table if exists post add constraint FK12njtf8e0jmyb45lqfpt6ad89 foreign key (author_id) references user" via JDBC [Syntax error in SQL statement "alter table if exists post add constraint FK12njtf8e0jmyb45lqfpt6ad89 foreign key (author_id) references [*]user"; expected "identifier";]

org.hibernate.tool.schema.spi.CommandAcceptanceException: Error executing DDL "alter table if exists post add constraint FK12njtf8e0jmyb45lqfpt6ad89 foreign key (author_id) references user" via JDBC [Syntax error in SQL statement "alter table if exists post add constraint FK12njtf8e0jmyb45lqfpt6ad89 foreign key (author_id) references [*]user"; expected "identifier";]
	at org.hibernate.tool.schema.internal.exec.GenerationTargetToDatabase.accept(GenerationTargetToDatabase.java:94) ~[hibernate-core-6.2.13.Final.jar:6.2.13.Final]
	at org.hibernate.tool.schema.internal.AbstractSchemaMigrator.applySqlString(AbstractSchemaMigrator.java:574) ~[hibernate-core-6.2.13.Final.jar:6.2.13.Final]
	at org.hibernate.tool.schema.internal.AbstractSchemaMigrator.applySqlStrings(AbstractSchemaMigrator.java:514) ~[hibernate-core-6.2.13.Final.jar:6.2.13.Final]
	at org.hibernate.tool.schema.internal.AbstractSchemaMigrator.applyForeignKeys(AbstractSchemaMigrator.java:446) ~[hibernate-core-6.2.13.Final.jar:6.2.13.Final]
	at org.hibernate.tool.schema.internal.AbstractSchemaMigrator.performMigration(AbstractSchemaMigrator.java:268) ~[hibernate-core-6.2.13.Final.jar:6.2.13.Final]
	at org.hibernate.tool.schema.internal.AbstractSchemaMigrator.doMigration(AbstractSchemaMigrator.java:117) ~[hibernate-core-6.2.13.Final.jar:6.2.13.Final]
	at org.hibernate.tool.schema.spi.SchemaManagementToolCoordinator.performDatabaseAction(SchemaManagementToolCoordinator.java:284) ~[hibernate-core-6.2.13.Final.jar:6.2.13.Final]
	at org.hibernate.tool.schema.spi.SchemaManagementToolCoordinator.lambda$process$5(SchemaManagementToolCoordinator.java:143) ~[hibernate-core-6.2.13.Final.jar:6.2.13.Final]
	at java.base/java.util.HashMap.forEach(HashMap.java:1421) ~[na:na]
	at org.hibernate.tool.schema.spi.SchemaManagementToolCoordinator.process(SchemaManagementToolCoordinator.java:140) ~[hibernate-core-6.2.13.Final.jar:6.2.13.Final]
	at org.hibernate.boot.internal.SessionFactoryObserverForSchemaExport.sessionFactoryCreated(SessionFactoryObserverForSchemaExport.java:37) ~[hibernate-core-6.2.13.Final.jar:6.2.13.Final]
	at org.hibernate.internal.SessionFactoryObserverChain.sessionFactoryCreated(SessionFactoryObserverChain.java:35) ~[hibernate-core-6.2.13.Final.jar:6.2.13.Final]
	at org.hibernate.internal.SessionFactoryImpl.<init>(SessionFactoryImpl.java:293) ~[hibernate-core-6.2.13.Final.jar:6.2.13.Final]
	at org.hibernate.boot.internal.SessionFactoryBuilderImpl.build(SessionFactoryBuilderImpl.java:444) ~[hibernate-core-6.2.13.Final.jar:6.2.13.Final]
	at org.hibernate.jpa.boot.internal.EntityManagerFactoryBuilderImpl.build(EntityManagerFactoryBuilderImpl.java:1458) ~[hibernate-core-6.2.13.Final.jar:6.2.13.Final]
	at org.springframework.orm.jpa.vendor.SpringHibernateJpaPersistenceProvider.createContainerEntityManagerFactory(SpringHibernateJpaPersistenceProvider.java:75) ~[spring-orm-6.0.13.jar:6.0.13]
	at org.springframework.orm.jpa.LocalContainerEntityManagerFactoryBean.createNativeEntityManagerFactory(LocalContainerEntityManagerFactoryBean.java:376) ~[spring-orm-6.0.13.jar:6.0.13]
	at org.springframework.orm.jpa.AbstractEntityManagerFactoryBean.buildNativeEntityManagerFactory(AbstractEntityManagerFactoryBean.java:409) ~[spring-orm-6.0.13.jar:6.0.13]
	at org.springframework.orm.jpa.AbstractEntityManagerFactoryBean.afterPropertiesSet(AbstractEntityManagerFactoryBean.java:396) ~[spring-orm-6.0.13.jar:6.0.13]
	at org.springframework.orm.jpa.LocalContainerEntityManagerFactoryBean.afterPropertiesSet(LocalContainerEntityManagerFactoryBean.java:352) ~[spring-orm-6.0.13.jar:6.0.13]
	at org.springframework.beans.factory.support.AbstractAutowireCapableBeanFactory.invokeInitMethods(AbstractAutowireCapableBeanFactory.java:1817) ~[spring-beans-6.0.13.jar:6.0.13]
	at org.springframework.beans.factory.support.AbstractAutowireCapableBeanFactory.initializeBean(AbstractAutowireCapableBeanFactory.java:1766) ~[spring-beans-6.0.13.jar:6.0.13]
	at org.springframework.beans.factory.support.AbstractAutowireCapableBeanFactory.doCreateBean(AbstractAutowireCapableBeanFactory.java:598) ~[spring-beans-6.0.13.jar:6.0.13]
	at org.springframework.beans.factory.support.AbstractAutowireCapableBeanFactory.createBean(AbstractAutowireCapableBeanFactory.java:520) ~[spring-beans-6.0.13.jar:6.0.13]
	at org.springframework.beans.factory.support.AbstractBeanFactory.lambda$doGetBean$0(AbstractBeanFactory.java:325) ~[spring-beans-6.0.13.jar:6.0.13]
	at org.springframework.beans.factory.support.DefaultSingletonBeanRegistry.getSingleton(DefaultSingletonBeanRegistry.java:234) ~[spring-beans-6.0.13.jar:6.0.13]
	at org.springframework.beans.factory.support.AbstractBeanFactory.doGetBean(AbstractBeanFactory.java:323) ~[spring-beans-6.0.13.jar:6.0.13]
	at org.springframework.beans.factory.support.AbstractBeanFactory.getBean(AbstractBeanFactory.java:199) ~[spring-beans-6.0.13.jar:6.0.13]
	at org.springframework.context.support.AbstractApplicationContext.getBean(AbstractApplicationContext.java:1166) ~[spring-context-6.0.13.jar:6.0.13]
	at org.springframework.context.support.AbstractApplicationContext.finishBeanFactoryInitialization(AbstractApplicationContext.java:940) ~[spring-context-6.0.13.jar:6.0.13]
	at org.springframework.context.support.AbstractApplicationContext.refresh(AbstractApplicationContext.java:616) ~[spring-context-6.0.13.jar:6.0.13]
	at org.springframework.boot.SpringApplication.refresh(SpringApplication.java:738) ~[spring-boot-3.1.5.jar:3.1.5]
	at org.springframework.boot.SpringApplication.refreshContext(SpringApplication.java:440) ~[spring-boot-3.1.5.jar:3.1.5]
	at org.springframework.boot.SpringApplication.run(SpringApplication.java:316) ~[spring-boot-3.1.5.jar:3.1.5]
	at org.springframework.boot.test.context.SpringBootContextLoader.lambda$loadContext$3(SpringBootContextLoader.java:137) ~[spring-boot-test-3.1.5.jar:3.1.5]
	at org.springframework.util.function.ThrowingSupplier.get(ThrowingSupplier.java:58) ~[spring-core-6.0.13.jar:6.0.13]
	at org.springframework.util.function.ThrowingSupplier.get(ThrowingSupplier.java:46) ~[spring-core-6.0.13.jar:6.0.13]
	at org.springframework.boot.SpringApplication.withHook(SpringApplication.java:1406) ~[spring-boot-3.1.5.jar:3.1.5]
	at org.springframework.boot.test.context.SpringBootContextLoader$ContextLoaderHook.run(SpringBootContextLoader.java:545) ~[spring-boot-test-3.1.5.jar:3.1.5]
	at org.springframework.boot.test.context.SpringBootContextLoader.loadContext(SpringBootContextLoader.java:137) ~[spring-boot-test-3.1.5.jar:3.1.5]
	at org.springframework.boot.test.context.SpringBootContextLoader.loadContext(SpringBootContextLoader.java:108) ~[spring-boot-test-3.1.5.jar:3.1.5]
	at org.springframework.test.context.cache.DefaultCacheAwareContextLoaderDelegate.loadContextInternal(DefaultCacheAwareContextLoaderDelegate.java:187) ~[spring-test-6.0.13.jar:6.0.13]
	at org.springframework.test.context.cache.DefaultCacheAwareContextLoaderDelegate.loadContext(DefaultCacheAwareContextLoaderDelegate.java:119) ~[spring-test-6.0.13.jar:6.0.13]
	at org.springframework.test.context.support.DefaultTestContext.getApplicationContext(DefaultTestContext.java:127) ~[spring-test-6.0.13.jar:6.0.13]
	at org.springframework.test.context.web.ServletTestExecutionListener.setUpRequestContextIfNecessary(ServletTestExecutionListener.java:191) ~[spring-test-6.0.13.jar:6.0.13]
	at org.springframework.test.context.web.ServletTestExecutionListener.prepareTestInstance(ServletTestExecutionListener.java:130) ~[spring-test-6.0.13.jar:6.0.13]
	at org.springframework.test.context.TestContextManager.prepareTestInstance(TestContextManager.java:241) ~[spring-test-6.0.13.jar:6.0.13]
	at org.springframework.test.context.junit.jupiter.SpringExtension.postProcessTestInstance(SpringExtension.java:138) ~[spring-test-6.0.13.jar:6.0.13]
	at org.junit.jupiter.engine.descriptor.ClassBasedTestDescriptor.lambda$invokeTestInstancePostProcessors$10(ClassBasedTestDescriptor.java:377) ~[junit-jupiter-engine-5.9.3.jar:5.9.3]
	at org.junit.jupiter.engine.descriptor.ClassBasedTestDescriptor.executeAndMaskThrowable(ClassBasedTestDescriptor.java:382) ~[junit-jupiter-engine-5.9.3.jar:5.9.3]
	at org.junit.jupiter.engine.descriptor.ClassBasedTestDescriptor.lambda$invokeTestInstancePostProcessors$11(ClassBasedTestDescriptor.java:377) ~[junit-jupiter-engine-5.9.3.jar:5.9.3]
	at java.base/java.util.stream.ReferencePipeline$3$1.accept(ReferencePipeline.java:197) ~[na:na]
	at java.base/java.util.stream.ReferencePipeline$2$1.accept(ReferencePipeline.java:179) ~[na:na]
	at java.base/java.util.ArrayList$ArrayListSpliterator.forEachRemaining(ArrayList.java:1625) ~[na:na]
	at java.base/java.util.stream.AbstractPipeline.copyInto(AbstractPipeline.java:509) ~[na:na]
	at java.base/java.util.stream.AbstractPipeline.wrapAndCopyInto(AbstractPipeline.java:499) ~[na:na]
	at java.base/java.util.stream.StreamSpliterators$WrappingSpliterator.forEachRemaining(StreamSpliterators.java:310) ~[na:na]
	at java.base/java.util.stream.Streams$ConcatSpliterator.forEachRemaining(Streams.java:735) ~[na:na]
	at java.base/java.util.stream.Streams$ConcatSpliterator.forEachRemaining(Streams.java:734) ~[na:na]
	at java.base/java.util.stream.ReferencePipeline$Head.forEach(ReferencePipeline.java:762) ~[na:na]
	at org.junit.jupiter.engine.descriptor.ClassBasedTestDescriptor.invokeTestInstancePostProcessors(ClassBasedTestDescriptor.java:376) ~[junit-jupiter-engine-5.9.3.jar:5.9.3]
	at org.junit.jupiter.engine.descriptor.ClassBasedTestDescriptor.lambda$instantiateAndPostProcessTestInstance$6(ClassBasedTestDescriptor.java:289) ~[junit-jupiter-engine-5.9.3.jar:5.9.3]
	at org.junit.platform.engine.support.hierarchical.ThrowableCollector.execute(ThrowableCollector.java:73) ~[junit-platform-engine-1.9.3.jar:1.9.3]
	at org.junit.jupiter.engine.descriptor.ClassBasedTestDescriptor.instantiateAndPostProcessTestInstance(ClassBasedTestDescriptor.java:288) ~[junit-jupiter-engine-5.9.3.jar:5.9.3]
	at org.junit.jupiter.engine.descriptor.ClassBasedTestDescriptor.lambda$testInstancesProvider$4(ClassBasedTestDescriptor.java:278) ~[junit-jupiter-engine-5.9.3.jar:5.9.3]
	at java.base/java.util.Optional.orElseGet(Optional.java:364) ~[na:na]
	at org.junit.jupiter.engine.descriptor.ClassBasedTestDescriptor.lambda$testInstancesProvider$5(ClassBasedTestDescriptor.java:277) ~[junit-jupiter-engine-5.9.3.jar:5.9.3]
	at org.junit.jupiter.engine.execution.TestInstancesProvider.getTestInstances(TestInstancesProvider.java:31) ~[junit-jupiter-engine-5.9.3.jar:5.9.3]
	at org.junit.jupiter.engine.descriptor.TestMethodTestDescriptor.lambda$prepare$0(TestMethodTestDescriptor.java:105) ~[junit-jupiter-engine-5.9.3.jar:5.9.3]
	at org.junit.platform.engine.support.hierarchical.ThrowableCollector.execute(ThrowableCollector.java:73) ~[junit-platform-engine-1.9.3.jar:1.9.3]
	at org.junit.jupiter.engine.descriptor.TestMethodTestDescriptor.prepare(TestMethodTestDescriptor.java:104) ~[junit-jupiter-engine-5.9.3.jar:5.9.3]
	at org.junit.jupiter.engine.descriptor.TestMethodTestDescriptor.prepare(TestMethodTestDescriptor.java:68) ~[junit-jupiter-engine-5.9.3.jar:5.9.3]
	at org.junit.platform.engine.support.hierarchical.NodeTestTask.lambda$prepare$2(NodeTestTask.java:123) ~[junit-platform-engine-1.9.3.jar:1.9.3]
	at org.junit.platform.engine.support.hierarchical.ThrowableCollector.execute(ThrowableCollector.java:73) ~[junit-platform-engine-1.9.3.jar:1.9.3]
	at org.junit.platform.engine.support.hierarchical.NodeTestTask.prepare(NodeTestTask.java:123) ~[junit-platform-engine-1.9.3.jar:1.9.3]
	at org.junit.platform.engine.support.hierarchical.NodeTestTask.execute(NodeTestTask.java:90) ~[junit-platform-engine-1.9.3.jar:1.9.3]
	at java.base/java.util.ArrayList.forEach(ArrayList.java:1511) ~[na:na]
	at org.junit.platform.engine.support.hierarchical.SameThreadHierarchicalTestExecutorService.invokeAll(SameThreadHierarchicalTestExecutorService.java:41) ~[junit-platform-engine-1.9.3.jar:1.9.3]
	at org.junit.platform.engine.support.hierarchical.NodeTestTask.lambda$executeRecursively$6(NodeTestTask.java:155) ~[junit-platform-engine-1.9.3.jar:1.9.3]
	at org.junit.platform.engine.support.hierarchical.ThrowableCollector.execute(ThrowableCollector.java:73) ~[junit-platform-engine-1.9.3.jar:1.9.3]
	at org.junit.platform.engine.support.hierarchical.NodeTestTask.lambda$executeRecursively$8(NodeTestTask.java:141) ~[junit-platform-engine-1.9.3.jar:1.9.3]
	at org.junit.platform.engine.support.hierarchical.Node.around(Node.java:137) ~[junit-platform-engine-1.9.3.jar:1.9.3]
	at org.junit.platform.engine.support.hierarchical.NodeTestTask.lambda$executeRecursively$9(NodeTestTask.java:139) ~[junit-platform-engine-1.9.3.jar:1.9.3]
	at org.junit.platform.engine.support.hierarchical.ThrowableCollector.execute(ThrowableCollector.java:73) ~[junit-platform-engine-1.9.3.jar:1.9.3]
	at org.junit.platform.engine.support.hierarchical.NodeTestTask.executeRecursively(NodeTestTask.java:138) ~[junit-platform-engine-1.9.3.jar:1.9.3]
	at org.junit.platform.engine.support.hierarchical.NodeTestTask.execute(NodeTestTask.java:95) ~[junit-platform-engine-1.9.3.jar:1.9.3]
	at java.base/java.util.ArrayList.forEach(ArrayList.java:1511) ~[na:na]
	at org.junit.platform.engine.support.hierarchical.SameThreadHierarchicalTestExecutorService.invokeAll(SameThreadHierarchicalTestExecutorService.java:41) ~[junit-platform-engine-1.9.3.jar:1.9.3]
	at org.junit.platform.engine.support.hierarchical.NodeTestTask.lambda$executeRecursively$6(NodeTestTask.java:155) ~[junit-platform-engine-1.9.3.jar:1.9.3]
	at org.junit.platform.engine.support.hierarchical.ThrowableCollector.execute(ThrowableCollector.java:73) ~[junit-platform-engine-1.9.3.jar:1.9.3]
	at org.junit.platform.engine.support.hierarchical.NodeTestTask.lambda$executeRecursively$8(NodeTestTask.java:141) ~[junit-platform-engine-1.9.3.jar:1.9.3]
	at org.junit.platform.engine.support.hierarchical.Node.around(Node.java:137) ~[junit-platform-engine-1.9.3.jar:1.9.3]
	at org.junit.platform.engine.support.hierarchical.NodeTestTask.lambda$executeRecursively$9(NodeTestTask.java:139) ~[junit-platform-engine-1.9.3.jar:1.9.3]
	at org.junit.platform.engine.support.hierarchical.ThrowableCollector.execute(ThrowableCollector.java:73) ~[junit-platform-engine-1.9.3.jar:1.9.3]
	at org.junit.platform.engine.support.hierarchical.NodeTestTask.executeRecursively(NodeTestTask.java:138) ~[junit-platform-engine-1.9.3.jar:1.9.3]
	at org.junit.platform.engine.support.hierarchical.NodeTestTask.execute(NodeTestTask.java:95) ~[junit-platform-engine-1.9.3.jar:1.9.3]
	at org.junit.platform.engine.support.hierarchical.SameThreadHierarchicalTestExecutorService.submit(SameThreadHierarchicalTestExecutorService.java:35) ~[junit-platform-engine-1.9.3.jar:1.9.3]
	at org.junit.platform.engine.support.hierarchical.HierarchicalTestExecutor.execute(HierarchicalTestExecutor.java:57) ~[junit-platform-engine-1.9.3.jar:1.9.3]
	at org.junit.platform.engine.support.hierarchical.HierarchicalTestEngine.execute(HierarchicalTestEngine.java:54) ~[junit-platform-engine-1.9.3.jar:1.9.3]
	at org.junit.platform.launcher.core.EngineExecutionOrchestrator.execute(EngineExecutionOrchestrator.java:107) ~[junit-platform-launcher-1.8.2.jar:1.8.2]
	at org.junit.platform.launcher.core.EngineExecutionOrchestrator.execute(EngineExecutionOrchestrator.java:88) ~[junit-platform-launcher-1.8.2.jar:1.8.2]
	at org.junit.platform.launcher.core.EngineExecutionOrchestrator.lambda$execute$0(EngineExecutionOrchestrator.java:54) ~[junit-platform-launcher-1.8.2.jar:1.8.2]
	at org.junit.platform.launcher.core.EngineExecutionOrchestrator.withInterceptedStreams(EngineExecutionOrchestrator.java:67) ~[junit-platform-launcher-1.8.2.jar:1.8.2]
	at org.junit.platform.launcher.core.EngineExecutionOrchestrator.execute(EngineExecutionOrchestrator.java:52) ~[junit-platform-launcher-1.8.2.jar:1.8.2]
	at org.junit.platform.launcher.core.DefaultLauncher.execute(DefaultLauncher.java:114) ~[junit-platform-launcher-1.8.2.jar:1.8.2]
	at org.junit.platform.launcher.core.DefaultLauncher.execute(DefaultLauncher.java:86) ~[junit-platform-launcher-1.8.2.jar:1.8.2]
	at org.junit.platform.launcher.core.DefaultLauncherSession$DelegatingLauncher.execute(DefaultLauncherSession.java:86) ~[junit-platform-launcher-1.8.2.jar:1.8.2]
	at org.gradle.api.internal.tasks.testing.junitplatform.JUnitPlatformTestClassProcessor$CollectAllTestClassesExecutor.processAllTestClasses(JUnitPlatformTestClassProcessor.java:110) ~[na:na]
	at org.gradle.api.internal.tasks.testing.junitplatform.JUnitPlatformTestClassProcessor$CollectAllTestClassesExecutor.access$000(JUnitPlatformTestClassProcessor.java:90) ~[na:na]
	at org.gradle.api.internal.tasks.testing.junitplatform.JUnitPlatformTestClassProcessor.stop(JUnitPlatformTestClassProcessor.java:85) ~[na:na]
	at org.gradle.api.internal.tasks.testing.SuiteTestClassProcessor.stop(SuiteTestClassProcessor.java:62) ~[na:na]
	at java.base/jdk.internal.reflect.NativeMethodAccessorImpl.invoke0(Native Method) ~[na:na]
	at java.base/jdk.internal.reflect.NativeMethodAccessorImpl.invoke(NativeMethodAccessorImpl.java:77) ~[na:na]
	at java.base/jdk.internal.reflect.DelegatingMethodAccessorImpl.invoke(DelegatingMethodAccessorImpl.java:43) ~[na:na]
	at java.base/java.lang.reflect.Method.invoke(Method.java:568) ~[na:na]
	at org.gradle.internal.dispatch.ReflectionDispatch.dispatch(ReflectionDispatch.java:36) ~[na:na]
	at org.gradle.internal.dispatch.ReflectionDispatch.dispatch(ReflectionDispatch.java:24) ~[na:na]
	at org.gradle.internal.dispatch.ContextClassLoaderDispatch.dispatch(ContextClassLoaderDispatch.java:33) ~[na:na]
	at org.gradle.internal.dispatch.ProxyDispatchAdapter$DispatchingInvocationHandler.invoke(ProxyDispatchAdapter.java:94) ~[na:na]
	at jdk.proxy1/jdk.proxy1.$Proxy2.stop(Unknown Source) ~[na:na]
	at org.gradle.api.internal.tasks.testing.worker.TestWorker$3.run(TestWorker.java:193) ~[na:na]
	at org.gradle.api.internal.tasks.testing.worker.TestWorker.executeAndMaintainThreadName(TestWorker.java:129) ~[na:na]
	at org.gradle.api.internal.tasks.testing.worker.TestWorker.execute(TestWorker.java:100) ~[na:na]
	at org.gradle.api.internal.tasks.testing.worker.TestWorker.execute(TestWorker.java:60) ~[na:na]
	at org.gradle.process.internal.worker.child.ActionExecutionWorker.execute(ActionExecutionWorker.java:56) ~[na:na]
	at org.gradle.process.internal.worker.child.SystemApplicationClassLoaderWorker.call(SystemApplicationClassLoaderWorker.java:113) ~[na:na]
	at org.gradle.process.internal.worker.child.SystemApplicationClassLoaderWorker.call(SystemApplicationClassLoaderWorker.java:65) ~[na:na]
	at worker.org.gradle.process.internal.worker.GradleWorkerMain.run(GradleWorkerMain.java:69) ~[gradle-worker.jar:na]
	at worker.org.gradle.process.internal.worker.GradleWorkerMain.main(GradleWorkerMain.java:74) ~[gradle-worker.jar:na]
Caused by: org.h2.jdbc.JdbcSQLSyntaxErrorException: Syntax error in SQL statement "alter table if exists post add constraint FK12njtf8e0jmyb45lqfpt6ad89 foreign key (author_id) references [*]user"; expected "identifier"; SQL statement:
alter table if exists post add constraint FK12njtf8e0jmyb45lqfpt6ad89 foreign key (author_id) references user [42001-214]
	at org.h2.message.DbException.getJdbcSQLException(DbException.java:502) ~[h2-2.1.214.jar:2.1.214]
	at org.h2.engine.SessionRemote.readException(SessionRemote.java:637) ~[h2-2.1.214.jar:2.1.214]
	at org.h2.engine.SessionRemote.done(SessionRemote.java:606) ~[h2-2.1.214.jar:2.1.214]
	at org.h2.command.CommandRemote.prepare(CommandRemote.java:78) ~[h2-2.1.214.jar:2.1.214]
	at org.h2.command.CommandRemote.<init>(CommandRemote.java:50) ~[h2-2.1.214.jar:2.1.214]
	at org.h2.engine.SessionRemote.prepareCommand(SessionRemote.java:480) ~[h2-2.1.214.jar:2.1.214]
	at org.h2.jdbc.JdbcConnection.prepareCommand(JdbcConnection.java:1116) ~[h2-2.1.214.jar:2.1.214]
	at org.h2.jdbc.JdbcStatement.executeInternal(JdbcStatement.java:237) ~[h2-2.1.214.jar:2.1.214]
	at org.h2.jdbc.JdbcStatement.execute(JdbcStatement.java:223) ~[h2-2.1.214.jar:2.1.214]
	at com.zaxxer.hikari.pool.ProxyStatement.execute(ProxyStatement.java:94) ~[HikariCP-5.0.1.jar:na]
	at com.zaxxer.hikari.pool.HikariProxyStatement.execute(HikariProxyStatement.java) ~[HikariCP-5.0.1.jar:na]
	at org.hibernate.tool.schema.internal.exec.GenerationTargetToDatabase.accept(GenerationTargetToDatabase.java:80) ~[hibernate-core-6.2.13.Final.jar:6.2.13.Final]
	... 128 common frames omitted

Hibernate: alter table if exists post add constraint FKdtoh6ryo0708uhhitdegjjtfb foreign key (parentid) references post
Hibernate: alter table if exists post_comment add constraint FKf7far3w9wa46g98ehqnq9hpfs foreign key (parentid) references post_comment
Hibernate: alter table if exists post_comment add constraint FKna4y825fdc5hw8aow65ijexm0 foreign key (post_id) references post
Hibernate: alter table if exists post_comment add constraint FKs3aghegccqymxv96f9i4u4cm4 foreign key (userid) references user
2023-11-11T11:04:16.023+07:00  WARN 19212 --- [    Test worker] o.h.t.s.i.ExceptionHandlerLoggedImpl     : GenerationTarget encountered exception accepting command : Error executing DDL "alter table if exists post_comment add constraint FKs3aghegccqymxv96f9i4u4cm4 foreign key (userid) references user" via JDBC [Syntax error in SQL statement "alter table if exists post_comment add constraint FKs3aghegccqymxv96f9i4u4cm4 foreign key (userid) references [*]user"; expected "identifier";]

org.hibernate.tool.schema.spi.CommandAcceptanceException: Error executing DDL "alter table if exists post_comment add constraint FKs3aghegccqymxv96f9i4u4cm4 foreign key (userid) references user" via JDBC [Syntax error in SQL statement "alter table if exists post_comment add constraint FKs3aghegccqymxv96f9i4u4cm4 foreign key (userid) references [*]user"; expected "identifier";]
	at org.hibernate.tool.schema.internal.exec.GenerationTargetToDatabase.accept(GenerationTargetToDatabase.java:94) ~[hibernate-core-6.2.13.Final.jar:6.2.13.Final]
	at org.hibernate.tool.schema.internal.AbstractSchemaMigrator.applySqlString(AbstractSchemaMigrator.java:574) ~[hibernate-core-6.2.13.Final.jar:6.2.13.Final]
	at org.hibernate.tool.schema.internal.AbstractSchemaMigrator.applySqlStrings(AbstractSchemaMigrator.java:514) ~[hibernate-core-6.2.13.Final.jar:6.2.13.Final]
	at org.hibernate.tool.schema.internal.AbstractSchemaMigrator.applyForeignKeys(AbstractSchemaMigrator.java:446) ~[hibernate-core-6.2.13.Final.jar:6.2.13.Final]
	at org.hibernate.tool.schema.internal.AbstractSchemaMigrator.performMigration(AbstractSchemaMigrator.java:268) ~[hibernate-core-6.2.13.Final.jar:6.2.13.Final]
	at org.hibernate.tool.schema.internal.AbstractSchemaMigrator.doMigration(AbstractSchemaMigrator.java:117) ~[hibernate-core-6.2.13.Final.jar:6.2.13.Final]
	at org.hibernate.tool.schema.spi.SchemaManagementToolCoordinator.performDatabaseAction(SchemaManagementToolCoordinator.java:284) ~[hibernate-core-6.2.13.Final.jar:6.2.13.Final]
	at org.hibernate.tool.schema.spi.SchemaManagementToolCoordinator.lambda$process$5(SchemaManagementToolCoordinator.java:143) ~[hibernate-core-6.2.13.Final.jar:6.2.13.Final]
	at java.base/java.util.HashMap.forEach(HashMap.java:1421) ~[na:na]
	at org.hibernate.tool.schema.spi.SchemaManagementToolCoordinator.process(SchemaManagementToolCoordinator.java:140) ~[hibernate-core-6.2.13.Final.jar:6.2.13.Final]
	at org.hibernate.boot.internal.SessionFactoryObserverForSchemaExport.sessionFactoryCreated(SessionFactoryObserverForSchemaExport.java:37) ~[hibernate-core-6.2.13.Final.jar:6.2.13.Final]
	at org.hibernate.internal.SessionFactoryObserverChain.sessionFactoryCreated(SessionFactoryObserverChain.java:35) ~[hibernate-core-6.2.13.Final.jar:6.2.13.Final]
	at org.hibernate.internal.SessionFactoryImpl.<init>(SessionFactoryImpl.java:293) ~[hibernate-core-6.2.13.Final.jar:6.2.13.Final]
	at org.hibernate.boot.internal.SessionFactoryBuilderImpl.build(SessionFactoryBuilderImpl.java:444) ~[hibernate-core-6.2.13.Final.jar:6.2.13.Final]
	at org.hibernate.jpa.boot.internal.EntityManagerFactoryBuilderImpl.build(EntityManagerFactoryBuilderImpl.java:1458) ~[hibernate-core-6.2.13.Final.jar:6.2.13.Final]
	at org.springframework.orm.jpa.vendor.SpringHibernateJpaPersistenceProvider.createContainerEntityManagerFactory(SpringHibernateJpaPersistenceProvider.java:75) ~[spring-orm-6.0.13.jar:6.0.13]
	at org.springframework.orm.jpa.LocalContainerEntityManagerFactoryBean.createNativeEntityManagerFactory(LocalContainerEntityManagerFactoryBean.java:376) ~[spring-orm-6.0.13.jar:6.0.13]
	at org.springframework.orm.jpa.AbstractEntityManagerFactoryBean.buildNativeEntityManagerFactory(AbstractEntityManagerFactoryBean.java:409) ~[spring-orm-6.0.13.jar:6.0.13]
	at org.springframework.orm.jpa.AbstractEntityManagerFactoryBean.afterPropertiesSet(AbstractEntityManagerFactoryBean.java:396) ~[spring-orm-6.0.13.jar:6.0.13]
	at org.springframework.orm.jpa.LocalContainerEntityManagerFactoryBean.afterPropertiesSet(LocalContainerEntityManagerFactoryBean.java:352) ~[spring-orm-6.0.13.jar:6.0.13]
	at org.springframework.beans.factory.support.AbstractAutowireCapableBeanFactory.invokeInitMethods(AbstractAutowireCapableBeanFactory.java:1817) ~[spring-beans-6.0.13.jar:6.0.13]
	at org.springframework.beans.factory.support.AbstractAutowireCapableBeanFactory.initializeBean(AbstractAutowireCapableBeanFactory.java:1766) ~[spring-beans-6.0.13.jar:6.0.13]
	at org.springframework.beans.factory.support.AbstractAutowireCapableBeanFactory.doCreateBean(AbstractAutowireCapableBeanFactory.java:598) ~[spring-beans-6.0.13.jar:6.0.13]
	at org.springframework.beans.factory.support.AbstractAutowireCapableBeanFactory.createBean(AbstractAutowireCapableBeanFactory.java:520) ~[spring-beans-6.0.13.jar:6.0.13]
	at org.springframework.beans.factory.support.AbstractBeanFactory.lambda$doGetBean$0(AbstractBeanFactory.java:325) ~[spring-beans-6.0.13.jar:6.0.13]
	at org.springframework.beans.factory.support.DefaultSingletonBeanRegistry.getSingleton(DefaultSingletonBeanRegistry.java:234) ~[spring-beans-6.0.13.jar:6.0.13]
	at org.springframework.beans.factory.support.AbstractBeanFactory.doGetBean(AbstractBeanFactory.java:323) ~[spring-beans-6.0.13.jar:6.0.13]
	at org.springframework.beans.factory.support.AbstractBeanFactory.getBean(AbstractBeanFactory.java:199) ~[spring-beans-6.0.13.jar:6.0.13]
	at org.springframework.context.support.AbstractApplicationContext.getBean(AbstractApplicationContext.java:1166) ~[spring-context-6.0.13.jar:6.0.13]
	at org.springframework.context.support.AbstractApplicationContext.finishBeanFactoryInitialization(AbstractApplicationContext.java:940) ~[spring-context-6.0.13.jar:6.0.13]
	at org.springframework.context.support.AbstractApplicationContext.refresh(AbstractApplicationContext.java:616) ~[spring-context-6.0.13.jar:6.0.13]
	at org.springframework.boot.SpringApplication.refresh(SpringApplication.java:738) ~[spring-boot-3.1.5.jar:3.1.5]
	at org.springframework.boot.SpringApplication.refreshContext(SpringApplication.java:440) ~[spring-boot-3.1.5.jar:3.1.5]
	at org.springframework.boot.SpringApplication.run(SpringApplication.java:316) ~[spring-boot-3.1.5.jar:3.1.5]
	at org.springframework.boot.test.context.SpringBootContextLoader.lambda$loadContext$3(SpringBootContextLoader.java:137) ~[spring-boot-test-3.1.5.jar:3.1.5]
	at org.springframework.util.function.ThrowingSupplier.get(ThrowingSupplier.java:58) ~[spring-core-6.0.13.jar:6.0.13]
	at org.springframework.util.function.ThrowingSupplier.get(ThrowingSupplier.java:46) ~[spring-core-6.0.13.jar:6.0.13]
	at org.springframework.boot.SpringApplication.withHook(SpringApplication.java:1406) ~[spring-boot-3.1.5.jar:3.1.5]
	at org.springframework.boot.test.context.SpringBootContextLoader$ContextLoaderHook.run(SpringBootContextLoader.java:545) ~[spring-boot-test-3.1.5.jar:3.1.5]
	at org.springframework.boot.test.context.SpringBootContextLoader.loadContext(SpringBootContextLoader.java:137) ~[spring-boot-test-3.1.5.jar:3.1.5]
	at org.springframework.boot.test.context.SpringBootContextLoader.loadContext(SpringBootContextLoader.java:108) ~[spring-boot-test-3.1.5.jar:3.1.5]
	at org.springframework.test.context.cache.DefaultCacheAwareContextLoaderDelegate.loadContextInternal(DefaultCacheAwareContextLoaderDelegate.java:187) ~[spring-test-6.0.13.jar:6.0.13]
	at org.springframework.test.context.cache.DefaultCacheAwareContextLoaderDelegate.loadContext(DefaultCacheAwareContextLoaderDelegate.java:119) ~[spring-test-6.0.13.jar:6.0.13]
	at org.springframework.test.context.support.DefaultTestContext.getApplicationContext(DefaultTestContext.java:127) ~[spring-test-6.0.13.jar:6.0.13]
	at org.springframework.test.context.web.ServletTestExecutionListener.setUpRequestContextIfNecessary(ServletTestExecutionListener.java:191) ~[spring-test-6.0.13.jar:6.0.13]
	at org.springframework.test.context.web.ServletTestExecutionListener.prepareTestInstance(ServletTestExecutionListener.java:130) ~[spring-test-6.0.13.jar:6.0.13]
	at org.springframework.test.context.TestContextManager.prepareTestInstance(TestContextManager.java:241) ~[spring-test-6.0.13.jar:6.0.13]
	at org.springframework.test.context.junit.jupiter.SpringExtension.postProcessTestInstance(SpringExtension.java:138) ~[spring-test-6.0.13.jar:6.0.13]
	at org.junit.jupiter.engine.descriptor.ClassBasedTestDescriptor.lambda$invokeTestInstancePostProcessors$10(ClassBasedTestDescriptor.java:377) ~[junit-jupiter-engine-5.9.3.jar:5.9.3]
	at org.junit.jupiter.engine.descriptor.ClassBasedTestDescriptor.executeAndMaskThrowable(ClassBasedTestDescriptor.java:382) ~[junit-jupiter-engine-5.9.3.jar:5.9.3]
	at org.junit.jupiter.engine.descriptor.ClassBasedTestDescriptor.lambda$invokeTestInstancePostProcessors$11(ClassBasedTestDescriptor.java:377) ~[junit-jupiter-engine-5.9.3.jar:5.9.3]
	at java.base/java.util.stream.ReferencePipeline$3$1.accept(ReferencePipeline.java:197) ~[na:na]
	at java.base/java.util.stream.ReferencePipeline$2$1.accept(ReferencePipeline.java:179) ~[na:na]
	at java.base/java.util.ArrayList$ArrayListSpliterator.forEachRemaining(ArrayList.java:1625) ~[na:na]
	at java.base/java.util.stream.AbstractPipeline.copyInto(AbstractPipeline.java:509) ~[na:na]
	at java.base/java.util.stream.AbstractPipeline.wrapAndCopyInto(AbstractPipeline.java:499) ~[na:na]
	at java.base/java.util.stream.StreamSpliterators$WrappingSpliterator.forEachRemaining(StreamSpliterators.java:310) ~[na:na]
	at java.base/java.util.stream.Streams$ConcatSpliterator.forEachRemaining(Streams.java:735) ~[na:na]
	at java.base/java.util.stream.Streams$ConcatSpliterator.forEachRemaining(Streams.java:734) ~[na:na]
	at java.base/java.util.stream.ReferencePipeline$Head.forEach(ReferencePipeline.java:762) ~[na:na]
	at org.junit.jupiter.engine.descriptor.ClassBasedTestDescriptor.invokeTestInstancePostProcessors(ClassBasedTestDescriptor.java:376) ~[junit-jupiter-engine-5.9.3.jar:5.9.3]
	at org.junit.jupiter.engine.descriptor.ClassBasedTestDescriptor.lambda$instantiateAndPostProcessTestInstance$6(ClassBasedTestDescriptor.java:289) ~[junit-jupiter-engine-5.9.3.jar:5.9.3]
	at org.junit.platform.engine.support.hierarchical.ThrowableCollector.execute(ThrowableCollector.java:73) ~[junit-platform-engine-1.9.3.jar:1.9.3]
	at org.junit.jupiter.engine.descriptor.ClassBasedTestDescriptor.instantiateAndPostProcessTestInstance(ClassBasedTestDescriptor.java:288) ~[junit-jupiter-engine-5.9.3.jar:5.9.3]
	at org.junit.jupiter.engine.descriptor.ClassBasedTestDescriptor.lambda$testInstancesProvider$4(ClassBasedTestDescriptor.java:278) ~[junit-jupiter-engine-5.9.3.jar:5.9.3]
	at java.base/java.util.Optional.orElseGet(Optional.java:364) ~[na:na]
	at org.junit.jupiter.engine.descriptor.ClassBasedTestDescriptor.lambda$testInstancesProvider$5(ClassBasedTestDescriptor.java:277) ~[junit-jupiter-engine-5.9.3.jar:5.9.3]
	at org.junit.jupiter.engine.execution.TestInstancesProvider.getTestInstances(TestInstancesProvider.java:31) ~[junit-jupiter-engine-5.9.3.jar:5.9.3]
	at org.junit.jupiter.engine.descriptor.TestMethodTestDescriptor.lambda$prepare$0(TestMethodTestDescriptor.java:105) ~[junit-jupiter-engine-5.9.3.jar:5.9.3]
	at org.junit.platform.engine.support.hierarchical.ThrowableCollector.execute(ThrowableCollector.java:73) ~[junit-platform-engine-1.9.3.jar:1.9.3]
	at org.junit.jupiter.engine.descriptor.TestMethodTestDescriptor.prepare(TestMethodTestDescriptor.java:104) ~[junit-jupiter-engine-5.9.3.jar:5.9.3]
	at org.junit.jupiter.engine.descriptor.TestMethodTestDescriptor.prepare(TestMethodTestDescriptor.java:68) ~[junit-jupiter-engine-5.9.3.jar:5.9.3]
	at org.junit.platform.engine.support.hierarchical.NodeTestTask.lambda$prepare$2(NodeTestTask.java:123) ~[junit-platform-engine-1.9.3.jar:1.9.3]
	at org.junit.platform.engine.support.hierarchical.ThrowableCollector.execute(ThrowableCollector.java:73) ~[junit-platform-engine-1.9.3.jar:1.9.3]
	at org.junit.platform.engine.support.hierarchical.NodeTestTask.prepare(NodeTestTask.java:123) ~[junit-platform-engine-1.9.3.jar:1.9.3]
	at org.junit.platform.engine.support.hierarchical.NodeTestTask.execute(NodeTestTask.java:90) ~[junit-platform-engine-1.9.3.jar:1.9.3]
	at java.base/java.util.ArrayList.forEach(ArrayList.java:1511) ~[na:na]
	at org.junit.platform.engine.support.hierarchical.SameThreadHierarchicalTestExecutorService.invokeAll(SameThreadHierarchicalTestExecutorService.java:41) ~[junit-platform-engine-1.9.3.jar:1.9.3]
	at org.junit.platform.engine.support.hierarchical.NodeTestTask.lambda$executeRecursively$6(NodeTestTask.java:155) ~[junit-platform-engine-1.9.3.jar:1.9.3]
	at org.junit.platform.engine.support.hierarchical.ThrowableCollector.execute(ThrowableCollector.java:73) ~[junit-platform-engine-1.9.3.jar:1.9.3]
	at org.junit.platform.engine.support.hierarchical.NodeTestTask.lambda$executeRecursively$8(NodeTestTask.java:141) ~[junit-platform-engine-1.9.3.jar:1.9.3]
	at org.junit.platform.engine.support.hierarchical.Node.around(Node.java:137) ~[junit-platform-engine-1.9.3.jar:1.9.3]
	at org.junit.platform.engine.support.hierarchical.NodeTestTask.lambda$executeRecursively$9(NodeTestTask.java:139) ~[junit-platform-engine-1.9.3.jar:1.9.3]
	at org.junit.platform.engine.support.hierarchical.ThrowableCollector.execute(ThrowableCollector.java:73) ~[junit-platform-engine-1.9.3.jar:1.9.3]
	at org.junit.platform.engine.support.hierarchical.NodeTestTask.executeRecursively(NodeTestTask.java:138) ~[junit-platform-engine-1.9.3.jar:1.9.3]
	at org.junit.platform.engine.support.hierarchical.NodeTestTask.execute(NodeTestTask.java:95) ~[junit-platform-engine-1.9.3.jar:1.9.3]
	at java.base/java.util.ArrayList.forEach(ArrayList.java:1511) ~[na:na]
	at org.junit.platform.engine.support.hierarchical.SameThreadHierarchicalTestExecutorService.invokeAll(SameThreadHierarchicalTestExecutorService.java:41) ~[junit-platform-engine-1.9.3.jar:1.9.3]
	at org.junit.platform.engine.support.hierarchical.NodeTestTask.lambda$executeRecursively$6(NodeTestTask.java:155) ~[junit-platform-engine-1.9.3.jar:1.9.3]
	at org.junit.platform.engine.support.hierarchical.ThrowableCollector.execute(ThrowableCollector.java:73) ~[junit-platform-engine-1.9.3.jar:1.9.3]
	at org.junit.platform.engine.support.hierarchical.NodeTestTask.lambda$executeRecursively$8(NodeTestTask.java:141) ~[junit-platform-engine-1.9.3.jar:1.9.3]
	at org.junit.platform.engine.support.hierarchical.Node.around(Node.java:137) ~[junit-platform-engine-1.9.3.jar:1.9.3]
	at org.junit.platform.engine.support.hierarchical.NodeTestTask.lambda$executeRecursively$9(NodeTestTask.java:139) ~[junit-platform-engine-1.9.3.jar:1.9.3]
	at org.junit.platform.engine.support.hierarchical.ThrowableCollector.execute(ThrowableCollector.java:73) ~[junit-platform-engine-1.9.3.jar:1.9.3]
	at org.junit.platform.engine.support.hierarchical.NodeTestTask.executeRecursively(NodeTestTask.java:138) ~[junit-platform-engine-1.9.3.jar:1.9.3]
	at org.junit.platform.engine.support.hierarchical.NodeTestTask.execute(NodeTestTask.java:95) ~[junit-platform-engine-1.9.3.jar:1.9.3]
	at org.junit.platform.engine.support.hierarchical.SameThreadHierarchicalTestExecutorService.submit(SameThreadHierarchicalTestExecutorService.java:35) ~[junit-platform-engine-1.9.3.jar:1.9.3]
	at org.junit.platform.engine.support.hierarchical.HierarchicalTestExecutor.execute(HierarchicalTestExecutor.java:57) ~[junit-platform-engine-1.9.3.jar:1.9.3]
	at org.junit.platform.engine.support.hierarchical.HierarchicalTestEngine.execute(HierarchicalTestEngine.java:54) ~[junit-platform-engine-1.9.3.jar:1.9.3]
	at org.junit.platform.launcher.core.EngineExecutionOrchestrator.execute(EngineExecutionOrchestrator.java:107) ~[junit-platform-launcher-1.8.2.jar:1.8.2]
	at org.junit.platform.launcher.core.EngineExecutionOrchestrator.execute(EngineExecutionOrchestrator.java:88) ~[junit-platform-launcher-1.8.2.jar:1.8.2]
	at org.junit.platform.launcher.core.EngineExecutionOrchestrator.lambda$execute$0(EngineExecutionOrchestrator.java:54) ~[junit-platform-launcher-1.8.2.jar:1.8.2]
	at org.junit.platform.launcher.core.EngineExecutionOrchestrator.withInterceptedStreams(EngineExecutionOrchestrator.java:67) ~[junit-platform-launcher-1.8.2.jar:1.8.2]
	at org.junit.platform.launcher.core.EngineExecutionOrchestrator.execute(EngineExecutionOrchestrator.java:52) ~[junit-platform-launcher-1.8.2.jar:1.8.2]
	at org.junit.platform.launcher.core.DefaultLauncher.execute(DefaultLauncher.java:114) ~[junit-platform-launcher-1.8.2.jar:1.8.2]
	at org.junit.platform.launcher.core.DefaultLauncher.execute(DefaultLauncher.java:86) ~[junit-platform-launcher-1.8.2.jar:1.8.2]
	at org.junit.platform.launcher.core.DefaultLauncherSession$DelegatingLauncher.execute(DefaultLauncherSession.java:86) ~[junit-platform-launcher-1.8.2.jar:1.8.2]
	at org.gradle.api.internal.tasks.testing.junitplatform.JUnitPlatformTestClassProcessor$CollectAllTestClassesExecutor.processAllTestClasses(JUnitPlatformTestClassProcessor.java:110) ~[na:na]
	at org.gradle.api.internal.tasks.testing.junitplatform.JUnitPlatformTestClassProcessor$CollectAllTestClassesExecutor.access$000(JUnitPlatformTestClassProcessor.java:90) ~[na:na]
	at org.gradle.api.internal.tasks.testing.junitplatform.JUnitPlatformTestClassProcessor.stop(JUnitPlatformTestClassProcessor.java:85) ~[na:na]
	at org.gradle.api.internal.tasks.testing.SuiteTestClassProcessor.stop(SuiteTestClassProcessor.java:62) ~[na:na]
	at java.base/jdk.internal.reflect.NativeMethodAccessorImpl.invoke0(Native Method) ~[na:na]
	at java.base/jdk.internal.reflect.NativeMethodAccessorImpl.invoke(NativeMethodAccessorImpl.java:77) ~[na:na]
	at java.base/jdk.internal.reflect.DelegatingMethodAccessorImpl.invoke(DelegatingMethodAccessorImpl.java:43) ~[na:na]
	at java.base/java.lang.reflect.Method.invoke(Method.java:568) ~[na:na]
	at org.gradle.internal.dispatch.ReflectionDispatch.dispatch(ReflectionDispatch.java:36) ~[na:na]
	at org.gradle.internal.dispatch.ReflectionDispatch.dispatch(ReflectionDispatch.java:24) ~[na:na]
	at org.gradle.internal.dispatch.ContextClassLoaderDispatch.dispatch(ContextClassLoaderDispatch.java:33) ~[na:na]
	at org.gradle.internal.dispatch.ProxyDispatchAdapter$DispatchingInvocationHandler.invoke(ProxyDispatchAdapter.java:94) ~[na:na]
	at jdk.proxy1/jdk.proxy1.$Proxy2.stop(Unknown Source) ~[na:na]
	at org.gradle.api.internal.tasks.testing.worker.TestWorker$3.run(TestWorker.java:193) ~[na:na]
	at org.gradle.api.internal.tasks.testing.worker.TestWorker.executeAndMaintainThreadName(TestWorker.java:129) ~[na:na]
	at org.gradle.api.internal.tasks.testing.worker.TestWorker.execute(TestWorker.java:100) ~[na:na]
	at org.gradle.api.internal.tasks.testing.worker.TestWorker.execute(TestWorker.java:60) ~[na:na]
	at org.gradle.process.internal.worker.child.ActionExecutionWorker.execute(ActionExecutionWorker.java:56) ~[na:na]
	at org.gradle.process.internal.worker.child.SystemApplicationClassLoaderWorker.call(SystemApplicationClassLoaderWorker.java:113) ~[na:na]
	at org.gradle.process.internal.worker.child.SystemApplicationClassLoaderWorker.call(SystemApplicationClassLoaderWorker.java:65) ~[na:na]
	at worker.org.gradle.process.internal.worker.GradleWorkerMain.run(GradleWorkerMain.java:69) ~[gradle-worker.jar:na]
	at worker.org.gradle.process.internal.worker.GradleWorkerMain.main(GradleWorkerMain.java:74) ~[gradle-worker.jar:na]
Caused by: org.h2.jdbc.JdbcSQLSyntaxErrorException: Syntax error in SQL statement "alter table if exists post_comment add constraint FKs3aghegccqymxv96f9i4u4cm4 foreign key (userid) references [*]user"; expected "identifier"; SQL statement:
alter table if exists post_comment add constraint FKs3aghegccqymxv96f9i4u4cm4 foreign key (userid) references user [42001-214]
	at org.h2.message.DbException.getJdbcSQLException(DbException.java:502) ~[h2-2.1.214.jar:2.1.214]
	at org.h2.engine.SessionRemote.readException(SessionRemote.java:637) ~[h2-2.1.214.jar:2.1.214]
	at org.h2.engine.SessionRemote.done(SessionRemote.java:606) ~[h2-2.1.214.jar:2.1.214]
	at org.h2.command.CommandRemote.prepare(CommandRemote.java:78) ~[h2-2.1.214.jar:2.1.214]
	at org.h2.command.CommandRemote.<init>(CommandRemote.java:50) ~[h2-2.1.214.jar:2.1.214]
	at org.h2.engine.SessionRemote.prepareCommand(SessionRemote.java:480) ~[h2-2.1.214.jar:2.1.214]
	at org.h2.jdbc.JdbcConnection.prepareCommand(JdbcConnection.java:1116) ~[h2-2.1.214.jar:2.1.214]
	at org.h2.jdbc.JdbcStatement.executeInternal(JdbcStatement.java:237) ~[h2-2.1.214.jar:2.1.214]
	at org.h2.jdbc.JdbcStatement.execute(JdbcStatement.java:223) ~[h2-2.1.214.jar:2.1.214]
	at com.zaxxer.hikari.pool.ProxyStatement.execute(ProxyStatement.java:94) ~[HikariCP-5.0.1.jar:na]
	at com.zaxxer.hikari.pool.HikariProxyStatement.execute(HikariProxyStatement.java) ~[HikariCP-5.0.1.jar:na]
	at org.hibernate.tool.schema.internal.exec.GenerationTargetToDatabase.accept(GenerationTargetToDatabase.java:80) ~[hibernate-core-6.2.13.Final.jar:6.2.13.Final]
	... 128 common frames omitted

Hibernate: alter table if exists product_image add constraint FK6oo0cvcdtb6qmwsga468uuukk foreign key (product_id) references product
Hibernate: alter table if exists product_price add constraint FKeupemu63ifqfc4txkskyy1hyi foreign key (product_id) references product
2023-11-11T11:04:16.040+07:00  INFO 19212 --- [    Test worker] j.LocalContainerEntityManagerFactoryBean : Initialized JPA EntityManagerFactory for persistence unit 'default'
2023-11-11T11:04:16.308+07:00  INFO 19212 --- [    Test worker] o.s.d.j.r.query.QueryEnhancerFactory     : Hibernate is in classpath; If applicable, HQL parser will be used.
2023-11-11T11:04:16.573+07:00  WARN 19212 --- [    Test worker] JpaBaseConfiguration$JpaWebConfiguration : spring.jpa.open-in-view is enabled by default. Therefore, database queries may be performed during view rendering. Explicitly configure spring.jpa.open-in-view to disable this warning
2023-11-11T11:04:17.011+07:00  INFO 19212 --- [    Test worker] o.s.b.a.h2.H2ConsoleAutoConfiguration    : H2 console available at '/h2-console'. Database available at 'jdbc:h2:file:./data/son'
2023-11-11T11:04:17.062+07:00  INFO 19212 --- [    Test worker] vn.edu.iuh.fit.ApplicationTests          : Started ApplicationTests in 8.59 seconds (process running for 9.851)
Hibernate: insert into product (description,manufacturer_name,name,status,unit,product_id) values (?,?,?,?,?,default)
Hibernate: select p1_0.product_id,p1_0.description,p1_0.manufacturer_name,p1_0.name,p1_0.status,p1_0.unit,o1_0.product_id,o1_0.order_id,o2_0.order_id,c1_0.cust_id,c1_0.address,c1_0.email,c1_0.cust_name,c1_0.phone,o2_0.employee_id,e1_0.emp_id,e1_0.address,e1_0.dob,e1_0.email,e1_0.full_name,e1_0.phone,e1_0.status,o2_0.order_date,o1_0.note,o1_0.price,o1_0.quantity from product p1_0 left join order_detail o1_0 on p1_0.product_id=o1_0.product_id left join orders o2_0 on o2_0.order_id=o1_0.order_id left join customer c1_0 on c1_0.cust_id=o2_0.cust_id left join employee e1_0 on e1_0.emp_id=o2_0.employee_id where p1_0.product_id=?
Hibernate: select p1_0.product_id,p1_0.price_date_time,p1_0.note,p1_0.price from product_price p1_0 where p1_0.product_id=?
Hibernate: select p1_0.product_id,p1_0.image_id,p1_0.alternative,p1_0.path from product_image p1_0 where p1_0.product_id=?
Hibernate: insert into product_image (alternative,path,product_id,image_id) values (?,?,?,default)
Hibernate: select p1_0.price_date_time,p1_0.product_id,p2_0.product_id,p2_0.description,p2_0.manufacturer_name,p2_0.name,p2_0.status,p2_0.unit,o1_0.product_id,o1_0.order_id,o2_0.order_id,c1_0.cust_id,c1_0.address,c1_0.email,c1_0.cust_name,c1_0.phone,o2_0.employee_id,e1_0.emp_id,e1_0.address,e1_0.dob,e1_0.email,e1_0.full_name,e1_0.phone,e1_0.status,o2_0.order_date,o1_0.note,o1_0.price,o1_0.quantity,p1_0.note,p1_0.price from product_price p1_0 join product p2_0 on p2_0.product_id=p1_0.product_id left join order_detail o1_0 on p2_0.product_id=o1_0.product_id left join orders o2_0 on o2_0.order_id=o1_0.order_id left join customer c1_0 on c1_0.cust_id=o2_0.cust_id left join employee e1_0 on e1_0.emp_id=o2_0.employee_id where (p1_0.price_date_time,p1_0.product_id) in ((?,?))
Hibernate: select p1_0.price_date_time,p1_0.product_id,p2_0.product_id,p2_0.description,p2_0.manufacturer_name,p2_0.name,p2_0.status,p2_0.unit,o1_0.product_id,o1_0.order_id,o2_0.order_id,c1_0.cust_id,c1_0.address,c1_0.email,c1_0.cust_name,c1_0.phone,o2_0.employee_id,e1_0.emp_id,e1_0.address,e1_0.dob,e1_0.email,e1_0.full_name,e1_0.phone,e1_0.status,o2_0.order_date,o1_0.note,o1_0.price,o1_0.quantity,p1_0.note,p1_0.price from product_price p1_0 join product p2_0 on p2_0.product_id=p1_0.product_id left join order_detail o1_0 on p2_0.product_id=o1_0.product_id left join orders o2_0 on o2_0.order_id=o1_0.order_id left join customer c1_0 on c1_0.cust_id=o2_0.cust_id left join employee e1_0 on e1_0.emp_id=o2_0.employee_id where (p1_0.price_date_time,p1_0.product_id) in ((?,?))
Hibernate: select p1_0.price_date_time,p1_0.product_id,p2_0.product_id,p2_0.description,p2_0.manufacturer_name,p2_0.name,p2_0.status,p2_0.unit,o1_0.product_id,o1_0.order_id,o2_0.order_id,c1_0.cust_id,c1_0.address,c1_0.email,c1_0.cust_name,c1_0.phone,o2_0.employee_id,e1_0.emp_id,e1_0.address,e1_0.dob,e1_0.email,e1_0.full_name,e1_0.phone,e1_0.status,o2_0.order_date,o1_0.note,o1_0.price,o1_0.quantity,p1_0.note,p1_0.price from product_price p1_0 join product p2_0 on p2_0.product_id=p1_0.product_id left join order_detail o1_0 on p2_0.product_id=o1_0.product_id left join orders o2_0 on o2_0.order_id=o1_0.order_id left join customer c1_0 on c1_0.cust_id=o2_0.cust_id left join employee e1_0 on e1_0.emp_id=o2_0.employee_id where (p1_0.price_date_time,p1_0.product_id) in ((?,?))
Hibernate: insert into product_price (note,price,price_date_time,product_id) values (?,?,?,?)
Hibernate: insert into product_price (note,price,price_date_time,product_id) values (?,?,?,?)
Hibernate: insert into product_price (note,price,price_date_time,product_id) values (?,?,?,?)
Hibernate: insert into product (description,manufacturer_name,name,status,unit,product_id) values (?,?,?,?,?,default)
Hibernate: select p1_0.product_id,p1_0.description,p1_0.manufacturer_name,p1_0.name,p1_0.status,p1_0.unit,o1_0.product_id,o1_0.order_id,o2_0.order_id,c1_0.cust_id,c1_0.address,c1_0.email,c1_0.cust_name,c1_0.phone,o2_0.employee_id,e1_0.emp_id,e1_0.address,e1_0.dob,e1_0.email,e1_0.full_name,e1_0.phone,e1_0.status,o2_0.order_date,o1_0.note,o1_0.price,o1_0.quantity from product p1_0 left join order_detail o1_0 on p1_0.product_id=o1_0.product_id left join orders o2_0 on o2_0.order_id=o1_0.order_id left join customer c1_0 on c1_0.cust_id=o2_0.cust_id left join employee e1_0 on e1_0.emp_id=o2_0.employee_id where p1_0.product_id=?
Hibernate: select p1_0.product_id,p1_0.price_date_time,p1_0.note,p1_0.price from product_price p1_0 where p1_0.product_id=?
Hibernate: select p1_0.product_id,p1_0.image_id,p1_0.alternative,p1_0.path from product_image p1_0 where p1_0.product_id=?
Hibernate: insert into product_image (alternative,path,product_id,image_id) values (?,?,?,default)
Hibernate: select p1_0.price_date_time,p1_0.product_id,p2_0.product_id,p2_0.description,p2_0.manufacturer_name,p2_0.name,p2_0.status,p2_0.unit,o1_0.product_id,o1_0.order_id,o2_0.order_id,c1_0.cust_id,c1_0.address,c1_0.email,c1_0.cust_name,c1_0.phone,o2_0.employee_id,e1_0.emp_id,e1_0.address,e1_0.dob,e1_0.email,e1_0.full_name,e1_0.phone,e1_0.status,o2_0.order_date,o1_0.note,o1_0.price,o1_0.quantity,p1_0.note,p1_0.price from product_price p1_0 join product p2_0 on p2_0.product_id=p1_0.product_id left join order_detail o1_0 on p2_0.product_id=o1_0.product_id left join orders o2_0 on o2_0.order_id=o1_0.order_id left join customer c1_0 on c1_0.cust_id=o2_0.cust_id left join employee e1_0 on e1_0.emp_id=o2_0.employee_id where (p1_0.price_date_time,p1_0.product_id) in ((?,?))
Hibernate: select p1_0.price_date_time,p1_0.product_id,p2_0.product_id,p2_0.description,p2_0.manufacturer_name,p2_0.name,p2_0.status,p2_0.unit,o1_0.product_id,o1_0.order_id,o2_0.order_id,c1_0.cust_id,c1_0.address,c1_0.email,c1_0.cust_name,c1_0.phone,o2_0.employee_id,e1_0.emp_id,e1_0.address,e1_0.dob,e1_0.email,e1_0.full_name,e1_0.phone,e1_0.status,o2_0.order_date,o1_0.note,o1_0.price,o1_0.quantity,p1_0.note,p1_0.price from product_price p1_0 join product p2_0 on p2_0.product_id=p1_0.product_id left join order_detail o1_0 on p2_0.product_id=o1_0.product_id left join orders o2_0 on o2_0.order_id=o1_0.order_id left join customer c1_0 on c1_0.cust_id=o2_0.cust_id left join employee e1_0 on e1_0.emp_id=o2_0.employee_id where (p1_0.price_date_time,p1_0.product_id) in ((?,?))
Hibernate: select p1_0.price_date_time,p1_0.product_id,p2_0.product_id,p2_0.description,p2_0.manufacturer_name,p2_0.name,p2_0.status,p2_0.unit,o1_0.product_id,o1_0.order_id,o2_0.order_id,c1_0.cust_id,c1_0.address,c1_0.email,c1_0.cust_name,c1_0.phone,o2_0.employee_id,e1_0.emp_id,e1_0.address,e1_0.dob,e1_0.email,e1_0.full_name,e1_0.phone,e1_0.status,o2_0.order_date,o1_0.note,o1_0.price,o1_0.quantity,p1_0.note,p1_0.price from product_price p1_0 join product p2_0 on p2_0.product_id=p1_0.product_id left join order_detail o1_0 on p2_0.product_id=o1_0.product_id left join orders o2_0 on o2_0.order_id=o1_0.order_id left join customer c1_0 on c1_0.cust_id=o2_0.cust_id left join employee e1_0 on e1_0.emp_id=o2_0.employee_id where (p1_0.price_date_time,p1_0.product_id) in ((?,?))
Hibernate: insert into product_price (note,price,price_date_time,product_id) values (?,?,?,?)
Hibernate: insert into product_price (note,price,price_date_time,product_id) values (?,?,?,?)
Hibernate: insert into product_price (note,price,price_date_time,product_id) values (?,?,?,?)
Hibernate: insert into product (description,manufacturer_name,name,status,unit,product_id) values (?,?,?,?,?,default)
Hibernate: select p1_0.product_id,p1_0.description,p1_0.manufacturer_name,p1_0.name,p1_0.status,p1_0.unit,o1_0.product_id,o1_0.order_id,o2_0.order_id,c1_0.cust_id,c1_0.address,c1_0.email,c1_0.cust_name,c1_0.phone,o2_0.employee_id,e1_0.emp_id,e1_0.address,e1_0.dob,e1_0.email,e1_0.full_name,e1_0.phone,e1_0.status,o2_0.order_date,o1_0.note,o1_0.price,o1_0.quantity from product p1_0 left join order_detail o1_0 on p1_0.product_id=o1_0.product_id left join orders o2_0 on o2_0.order_id=o1_0.order_id left join customer c1_0 on c1_0.cust_id=o2_0.cust_id left join employee e1_0 on e1_0.emp_id=o2_0.employee_id where p1_0.product_id=?
Hibernate: select p1_0.product_id,p1_0.price_date_time,p1_0.note,p1_0.price from product_price p1_0 where p1_0.product_id=?
Hibernate: select p1_0.product_id,p1_0.image_id,p1_0.alternative,p1_0.path from product_image p1_0 where p1_0.product_id=?
Hibernate: insert into product_image (alternative,path,product_id,image_id) values (?,?,?,default)
Hibernate: select p1_0.price_date_time,p1_0.product_id,p2_0.product_id,p2_0.description,p2_0.manufacturer_name,p2_0.name,p2_0.status,p2_0.unit,o1_0.product_id,o1_0.order_id,o2_0.order_id,c1_0.cust_id,c1_0.address,c1_0.email,c1_0.cust_name,c1_0.phone,o2_0.employee_id,e1_0.emp_id,e1_0.address,e1_0.dob,e1_0.email,e1_0.full_name,e1_0.phone,e1_0.status,o2_0.order_date,o1_0.note,o1_0.price,o1_0.quantity,p1_0.note,p1_0.price from product_price p1_0 join product p2_0 on p2_0.product_id=p1_0.product_id left join order_detail o1_0 on p2_0.product_id=o1_0.product_id left join orders o2_0 on o2_0.order_id=o1_0.order_id left join customer c1_0 on c1_0.cust_id=o2_0.cust_id left join employee e1_0 on e1_0.emp_id=o2_0.employee_id where (p1_0.price_date_time,p1_0.product_id) in ((?,?))
Hibernate: select p1_0.price_date_time,p1_0.product_id,p2_0.product_id,p2_0.description,p2_0.manufacturer_name,p2_0.name,p2_0.status,p2_0.unit,o1_0.product_id,o1_0.order_id,o2_0.order_id,c1_0.cust_id,c1_0.address,c1_0.email,c1_0.cust_name,c1_0.phone,o2_0.employee_id,e1_0.emp_id,e1_0.address,e1_0.dob,e1_0.email,e1_0.full_name,e1_0.phone,e1_0.status,o2_0.order_date,o1_0.note,o1_0.price,o1_0.quantity,p1_0.note,p1_0.price from product_price p1_0 join product p2_0 on p2_0.product_id=p1_0.product_id left join order_detail o1_0 on p2_0.product_id=o1_0.product_id left join orders o2_0 on o2_0.order_id=o1_0.order_id left join customer c1_0 on c1_0.cust_id=o2_0.cust_id left join employee e1_0 on e1_0.emp_id=o2_0.employee_id where (p1_0.price_date_time,p1_0.product_id) in ((?,?))
Hibernate: select p1_0.price_date_time,p1_0.product_id,p2_0.product_id,p2_0.description,p2_0.manufacturer_name,p2_0.name,p2_0.status,p2_0.unit,o1_0.product_id,o1_0.order_id,o2_0.order_id,c1_0.cust_id,c1_0.address,c1_0.email,c1_0.cust_name,c1_0.phone,o2_0.employee_id,e1_0.emp_id,e1_0.address,e1_0.dob,e1_0.email,e1_0.full_name,e1_0.phone,e1_0.status,o2_0.order_date,o1_0.note,o1_0.price,o1_0.quantity,p1_0.note,p1_0.price from product_price p1_0 join product p2_0 on p2_0.product_id=p1_0.product_id left join order_detail o1_0 on p2_0.product_id=o1_0.product_id left join orders o2_0 on o2_0.order_id=o1_0.order_id left join customer c1_0 on c1_0.cust_id=o2_0.cust_id left join employee e1_0 on e1_0.emp_id=o2_0.employee_id where (p1_0.price_date_time,p1_0.product_id) in ((?,?))
Hibernate: insert into product_price (note,price,price_date_time,product_id) values (?,?,?,?)
Hibernate: insert into product_price (note,price,price_date_time,product_id) values (?,?,?,?)
Hibernate: insert into product_price (note,price,price_date_time,product_id) values (?,?,?,?)
Hibernate: insert into product (description,manufacturer_name,name,status,unit,product_id) values (?,?,?,?,?,default)
Hibernate: select p1_0.product_id,p1_0.description,p1_0.manufacturer_name,p1_0.name,p1_0.status,p1_0.unit,o1_0.product_id,o1_0.order_id,o2_0.order_id,c1_0.cust_id,c1_0.address,c1_0.email,c1_0.cust_name,c1_0.phone,o2_0.employee_id,e1_0.emp_id,e1_0.address,e1_0.dob,e1_0.email,e1_0.full_name,e1_0.phone,e1_0.status,o2_0.order_date,o1_0.note,o1_0.price,o1_0.quantity from product p1_0 left join order_detail o1_0 on p1_0.product_id=o1_0.product_id left join orders o2_0 on o2_0.order_id=o1_0.order_id left join customer c1_0 on c1_0.cust_id=o2_0.cust_id left join employee e1_0 on e1_0.emp_id=o2_0.employee_id where p1_0.product_id=?
Hibernate: select p1_0.product_id,p1_0.price_date_time,p1_0.note,p1_0.price from product_price p1_0 where p1_0.product_id=?
Hibernate: select p1_0.product_id,p1_0.image_id,p1_0.alternative,p1_0.path from product_image p1_0 where p1_0.product_id=?
Hibernate: insert into product_image (alternative,path,product_id,image_id) values (?,?,?,default)
Hibernate: select p1_0.price_date_time,p1_0.product_id,p2_0.product_id,p2_0.description,p2_0.manufacturer_name,p2_0.name,p2_0.status,p2_0.unit,o1_0.product_id,o1_0.order_id,o2_0.order_id,c1_0.cust_id,c1_0.address,c1_0.email,c1_0.cust_name,c1_0.phone,o2_0.employee_id,e1_0.emp_id,e1_0.address,e1_0.dob,e1_0.email,e1_0.full_name,e1_0.phone,e1_0.status,o2_0.order_date,o1_0.note,o1_0.price,o1_0.quantity,p1_0.note,p1_0.price from product_price p1_0 join product p2_0 on p2_0.product_id=p1_0.product_id left join order_detail o1_0 on p2_0.product_id=o1_0.product_id left join orders o2_0 on o2_0.order_id=o1_0.order_id left join customer c1_0 on c1_0.cust_id=o2_0.cust_id left join employee e1_0 on e1_0.emp_id=o2_0.employee_id where (p1_0.price_date_time,p1_0.product_id) in ((?,?))
Hibernate: select p1_0.price_date_time,p1_0.product_id,p2_0.product_id,p2_0.description,p2_0.manufacturer_name,p2_0.name,p2_0.status,p2_0.unit,o1_0.product_id,o1_0.order_id,o2_0.order_id,c1_0.cust_id,c1_0.address,c1_0.email,c1_0.cust_name,c1_0.phone,o2_0.employee_id,e1_0.emp_id,e1_0.address,e1_0.dob,e1_0.email,e1_0.full_name,e1_0.phone,e1_0.status,o2_0.order_date,o1_0.note,o1_0.price,o1_0.quantity,p1_0.note,p1_0.price from product_price p1_0 join product p2_0 on p2_0.product_id=p1_0.product_id left join order_detail o1_0 on p2_0.product_id=o1_0.product_id left join orders o2_0 on o2_0.order_id=o1_0.order_id left join customer c1_0 on c1_0.cust_id=o2_0.cust_id left join employee e1_0 on e1_0.emp_id=o2_0.employee_id where (p1_0.price_date_time,p1_0.product_id) in ((?,?))
Hibernate: select p1_0.price_date_time,p1_0.product_id,p2_0.product_id,p2_0.description,p2_0.manufacturer_name,p2_0.name,p2_0.status,p2_0.unit,o1_0.product_id,o1_0.order_id,o2_0.order_id,c1_0.cust_id,c1_0.address,c1_0.email,c1_0.cust_name,c1_0.phone,o2_0.employee_id,e1_0.emp_id,e1_0.address,e1_0.dob,e1_0.email,e1_0.full_name,e1_0.phone,e1_0.status,o2_0.order_date,o1_0.note,o1_0.price,o1_0.quantity,p1_0.note,p1_0.price from product_price p1_0 join product p2_0 on p2_0.product_id=p1_0.product_id left join order_detail o1_0 on p2_0.product_id=o1_0.product_id left join orders o2_0 on o2_0.order_id=o1_0.order_id left join customer c1_0 on c1_0.cust_id=o2_0.cust_id left join employee e1_0 on e1_0.emp_id=o2_0.employee_id where (p1_0.price_date_time,p1_0.product_id) in ((?,?))
Hibernate: insert into product_price (note,price,price_date_time,product_id) values (?,?,?,?)
Hibernate: insert into product_price (note,price,price_date_time,product_id) values (?,?,?,?)
Hibernate: insert into product_price (note,price,price_date_time,product_id) values (?,?,?,?)
Hibernate: insert into product (description,manufacturer_name,name,status,unit,product_id) values (?,?,?,?,?,default)
Hibernate: select p1_0.product_id,p1_0.description,p1_0.manufacturer_name,p1_0.name,p1_0.status,p1_0.unit,o1_0.product_id,o1_0.order_id,o2_0.order_id,c1_0.cust_id,c1_0.address,c1_0.email,c1_0.cust_name,c1_0.phone,o2_0.employee_id,e1_0.emp_id,e1_0.address,e1_0.dob,e1_0.email,e1_0.full_name,e1_0.phone,e1_0.status,o2_0.order_date,o1_0.note,o1_0.price,o1_0.quantity from product p1_0 left join order_detail o1_0 on p1_0.product_id=o1_0.product_id left join orders o2_0 on o2_0.order_id=o1_0.order_id left join customer c1_0 on c1_0.cust_id=o2_0.cust_id left join employee e1_0 on e1_0.emp_id=o2_0.employee_id where p1_0.product_id=?
Hibernate: select p1_0.product_id,p1_0.price_date_time,p1_0.note,p1_0.price from product_price p1_0 where p1_0.product_id=?
Hibernate: select p1_0.product_id,p1_0.image_id,p1_0.alternative,p1_0.path from product_image p1_0 where p1_0.product_id=?
Hibernate: insert into product_image (alternative,path,product_id,image_id) values (?,?,?,default)
Hibernate: select p1_0.price_date_time,p1_0.product_id,p2_0.product_id,p2_0.description,p2_0.manufacturer_name,p2_0.name,p2_0.status,p2_0.unit,o1_0.product_id,o1_0.order_id,o2_0.order_id,c1_0.cust_id,c1_0.address,c1_0.email,c1_0.cust_name,c1_0.phone,o2_0.employee_id,e1_0.emp_id,e1_0.address,e1_0.dob,e1_0.email,e1_0.full_name,e1_0.phone,e1_0.status,o2_0.order_date,o1_0.note,o1_0.price,o1_0.quantity,p1_0.note,p1_0.price from product_price p1_0 join product p2_0 on p2_0.product_id=p1_0.product_id left join order_detail o1_0 on p2_0.product_id=o1_0.product_id left join orders o2_0 on o2_0.order_id=o1_0.order_id left join customer c1_0 on c1_0.cust_id=o2_0.cust_id left join employee e1_0 on e1_0.emp_id=o2_0.employee_id where (p1_0.price_date_time,p1_0.product_id) in ((?,?))
Hibernate: select p1_0.price_date_time,p1_0.product_id,p2_0.product_id,p2_0.description,p2_0.manufacturer_name,p2_0.name,p2_0.status,p2_0.unit,o1_0.product_id,o1_0.order_id,o2_0.order_id,c1_0.cust_id,c1_0.address,c1_0.email,c1_0.cust_name,c1_0.phone,o2_0.employee_id,e1_0.emp_id,e1_0.address,e1_0.dob,e1_0.email,e1_0.full_name,e1_0.phone,e1_0.status,o2_0.order_date,o1_0.note,o1_0.price,o1_0.quantity,p1_0.note,p1_0.price from product_price p1_0 join product p2_0 on p2_0.product_id=p1_0.product_id left join order_detail o1_0 on p2_0.product_id=o1_0.product_id left join orders o2_0 on o2_0.order_id=o1_0.order_id left join customer c1_0 on c1_0.cust_id=o2_0.cust_id left join employee e1_0 on e1_0.emp_id=o2_0.employee_id where (p1_0.price_date_time,p1_0.product_id) in ((?,?))
Hibernate: select p1_0.price_date_time,p1_0.product_id,p2_0.product_id,p2_0.description,p2_0.manufacturer_name,p2_0.name,p2_0.status,p2_0.unit,o1_0.product_id,o1_0.order_id,o2_0.order_id,c1_0.cust_id,c1_0.address,c1_0.email,c1_0.cust_name,c1_0.phone,o2_0.employee_id,e1_0.emp_id,e1_0.address,e1_0.dob,e1_0.email,e1_0.full_name,e1_0.phone,e1_0.status,o2_0.order_date,o1_0.note,o1_0.price,o1_0.quantity,p1_0.note,p1_0.price from product_price p1_0 join product p2_0 on p2_0.product_id=p1_0.product_id left join order_detail o1_0 on p2_0.product_id=o1_0.product_id left join orders o2_0 on o2_0.order_id=o1_0.order_id left join customer c1_0 on c1_0.cust_id=o2_0.cust_id left join employee e1_0 on e1_0.emp_id=o2_0.employee_id where (p1_0.price_date_time,p1_0.product_id) in ((?,?))
Hibernate: insert into product_price (note,price,price_date_time,product_id) values (?,?,?,?)
Hibernate: insert into product_price (note,price,price_date_time,product_id) values (?,?,?,?)
Hibernate: insert into product_price (note,price,price_date_time,product_id) values (?,?,?,?)
Hibernate: insert into product (description,manufacturer_name,name,status,unit,product_id) values (?,?,?,?,?,default)
Hibernate: select p1_0.product_id,p1_0.description,p1_0.manufacturer_name,p1_0.name,p1_0.status,p1_0.unit,o1_0.product_id,o1_0.order_id,o2_0.order_id,c1_0.cust_id,c1_0.address,c1_0.email,c1_0.cust_name,c1_0.phone,o2_0.employee_id,e1_0.emp_id,e1_0.address,e1_0.dob,e1_0.email,e1_0.full_name,e1_0.phone,e1_0.status,o2_0.order_date,o1_0.note,o1_0.price,o1_0.quantity from product p1_0 left join order_detail o1_0 on p1_0.product_id=o1_0.product_id left join orders o2_0 on o2_0.order_id=o1_0.order_id left join customer c1_0 on c1_0.cust_id=o2_0.cust_id left join employee e1_0 on e1_0.emp_id=o2_0.employee_id where p1_0.product_id=?
Hibernate: select p1_0.product_id,p1_0.price_date_time,p1_0.note,p1_0.price from product_price p1_0 where p1_0.product_id=?
Hibernate: select p1_0.product_id,p1_0.image_id,p1_0.alternative,p1_0.path from product_image p1_0 where p1_0.product_id=?
Hibernate: insert into product_image (alternative,path,product_id,image_id) values (?,?,?,default)
Hibernate: select p1_0.price_date_time,p1_0.product_id,p2_0.product_id,p2_0.description,p2_0.manufacturer_name,p2_0.name,p2_0.status,p2_0.unit,o1_0.product_id,o1_0.order_id,o2_0.order_id,c1_0.cust_id,c1_0.address,c1_0.email,c1_0.cust_name,c1_0.phone,o2_0.employee_id,e1_0.emp_id,e1_0.address,e1_0.dob,e1_0.email,e1_0.full_name,e1_0.phone,e1_0.status,o2_0.order_date,o1_0.note,o1_0.price,o1_0.quantity,p1_0.note,p1_0.price from product_price p1_0 join product p2_0 on p2_0.product_id=p1_0.product_id left join order_detail o1_0 on p2_0.product_id=o1_0.product_id left join orders o2_0 on o2_0.order_id=o1_0.order_id left join customer c1_0 on c1_0.cust_id=o2_0.cust_id left join employee e1_0 on e1_0.emp_id=o2_0.employee_id where (p1_0.price_date_time,p1_0.product_id) in ((?,?))
Hibernate: select p1_0.price_date_time,p1_0.product_id,p2_0.product_id,p2_0.description,p2_0.manufacturer_name,p2_0.name,p2_0.status,p2_0.unit,o1_0.product_id,o1_0.order_id,o2_0.order_id,c1_0.cust_id,c1_0.address,c1_0.email,c1_0.cust_name,c1_0.phone,o2_0.employee_id,e1_0.emp_id,e1_0.address,e1_0.dob,e1_0.email,e1_0.full_name,e1_0.phone,e1_0.status,o2_0.order_date,o1_0.note,o1_0.price,o1_0.quantity,p1_0.note,p1_0.price from product_price p1_0 join product p2_0 on p2_0.product_id=p1_0.product_id left join order_detail o1_0 on p2_0.product_id=o1_0.product_id left join orders o2_0 on o2_0.order_id=o1_0.order_id left join customer c1_0 on c1_0.cust_id=o2_0.cust_id left join employee e1_0 on e1_0.emp_id=o2_0.employee_id where (p1_0.price_date_time,p1_0.product_id) in ((?,?))
Hibernate: select p1_0.price_date_time,p1_0.product_id,p2_0.product_id,p2_0.description,p2_0.manufacturer_name,p2_0.name,p2_0.status,p2_0.unit,o1_0.product_id,o1_0.order_id,o2_0.order_id,c1_0.cust_id,c1_0.address,c1_0.email,c1_0.cust_name,c1_0.phone,o2_0.employee_id,e1_0.emp_id,e1_0.address,e1_0.dob,e1_0.email,e1_0.full_name,e1_0.phone,e1_0.status,o2_0.order_date,o1_0.note,o1_0.price,o1_0.quantity,p1_0.note,p1_0.price from product_price p1_0 join product p2_0 on p2_0.product_id=p1_0.product_id left join order_detail o1_0 on p2_0.product_id=o1_0.product_id left join orders o2_0 on o2_0.order_id=o1_0.order_id left join customer c1_0 on c1_0.cust_id=o2_0.cust_id left join employee e1_0 on e1_0.emp_id=o2_0.employee_id where (p1_0.price_date_time,p1_0.product_id) in ((?,?))
Hibernate: insert into product_price (note,price,price_date_time,product_id) values (?,?,?,?)
Hibernate: insert into product_price (note,price,price_date_time,product_id) values (?,?,?,?)
Hibernate: insert into product_price (note,price,price_date_time,product_id) values (?,?,?,?)
Hibernate: insert into product (description,manufacturer_name,name,status,unit,product_id) values (?,?,?,?,?,default)
Hibernate: select p1_0.product_id,p1_0.description,p1_0.manufacturer_name,p1_0.name,p1_0.status,p1_0.unit,o1_0.product_id,o1_0.order_id,o2_0.order_id,c1_0.cust_id,c1_0.address,c1_0.email,c1_0.cust_name,c1_0.phone,o2_0.employee_id,e1_0.emp_id,e1_0.address,e1_0.dob,e1_0.email,e1_0.full_name,e1_0.phone,e1_0.status,o2_0.order_date,o1_0.note,o1_0.price,o1_0.quantity from product p1_0 left join order_detail o1_0 on p1_0.product_id=o1_0.product_id left join orders o2_0 on o2_0.order_id=o1_0.order_id left join customer c1_0 on c1_0.cust_id=o2_0.cust_id left join employee e1_0 on e1_0.emp_id=o2_0.employee_id where p1_0.product_id=?
Hibernate: select p1_0.product_id,p1_0.price_date_time,p1_0.note,p1_0.price from product_price p1_0 where p1_0.product_id=?
Hibernate: select p1_0.product_id,p1_0.image_id,p1_0.alternative,p1_0.path from product_image p1_0 where p1_0.product_id=?
Hibernate: insert into product_image (alternative,path,product_id,image_id) values (?,?,?,default)
Hibernate: select p1_0.price_date_time,p1_0.product_id,p2_0.product_id,p2_0.description,p2_0.manufacturer_name,p2_0.name,p2_0.status,p2_0.unit,o1_0.product_id,o1_0.order_id,o2_0.order_id,c1_0.cust_id,c1_0.address,c1_0.email,c1_0.cust_name,c1_0.phone,o2_0.employee_id,e1_0.emp_id,e1_0.address,e1_0.dob,e1_0.email,e1_0.full_name,e1_0.phone,e1_0.status,o2_0.order_date,o1_0.note,o1_0.price,o1_0.quantity,p1_0.note,p1_0.price from product_price p1_0 join product p2_0 on p2_0.product_id=p1_0.product_id left join order_detail o1_0 on p2_0.product_id=o1_0.product_id left join orders o2_0 on o2_0.order_id=o1_0.order_id left join customer c1_0 on c1_0.cust_id=o2_0.cust_id left join employee e1_0 on e1_0.emp_id=o2_0.employee_id where (p1_0.price_date_time,p1_0.product_id) in ((?,?))
Hibernate: select p1_0.price_date_time,p1_0.product_id,p2_0.product_id,p2_0.description,p2_0.manufacturer_name,p2_0.name,p2_0.status,p2_0.unit,o1_0.product_id,o1_0.order_id,o2_0.order_id,c1_0.cust_id,c1_0.address,c1_0.email,c1_0.cust_name,c1_0.phone,o2_0.employee_id,e1_0.emp_id,e1_0.address,e1_0.dob,e1_0.email,e1_0.full_name,e1_0.phone,e1_0.status,o2_0.order_date,o1_0.note,o1_0.price,o1_0.quantity,p1_0.note,p1_0.price from product_price p1_0 join product p2_0 on p2_0.product_id=p1_0.product_id left join order_detail o1_0 on p2_0.product_id=o1_0.product_id left join orders o2_0 on o2_0.order_id=o1_0.order_id left join customer c1_0 on c1_0.cust_id=o2_0.cust_id left join employee e1_0 on e1_0.emp_id=o2_0.employee_id where (p1_0.price_date_time,p1_0.product_id) in ((?,?))
Hibernate: select p1_0.price_date_time,p1_0.product_id,p2_0.product_id,p2_0.description,p2_0.manufacturer_name,p2_0.name,p2_0.status,p2_0.unit,o1_0.product_id,o1_0.order_id,o2_0.order_id,c1_0.cust_id,c1_0.address,c1_0.email,c1_0.cust_name,c1_0.phone,o2_0.employee_id,e1_0.emp_id,e1_0.address,e1_0.dob,e1_0.email,e1_0.full_name,e1_0.phone,e1_0.status,o2_0.order_date,o1_0.note,o1_0.price,o1_0.quantity,p1_0.note,p1_0.price from product_price p1_0 join product p2_0 on p2_0.product_id=p1_0.product_id left join order_detail o1_0 on p2_0.product_id=o1_0.product_id left join orders o2_0 on o2_0.order_id=o1_0.order_id left join customer c1_0 on c1_0.cust_id=o2_0.cust_id left join employee e1_0 on e1_0.emp_id=o2_0.employee_id where (p1_0.price_date_time,p1_0.product_id) in ((?,?))
Hibernate: insert into product_price (note,price,price_date_time,product_id) values (?,?,?,?)
Hibernate: insert into product_price (note,price,price_date_time,product_id) values (?,?,?,?)
Hibernate: insert into product_price (note,price,price_date_time,product_id) values (?,?,?,?)
Hibernate: insert into product (description,manufacturer_name,name,status,unit,product_id) values (?,?,?,?,?,default)
Hibernate: select p1_0.product_id,p1_0.description,p1_0.manufacturer_name,p1_0.name,p1_0.status,p1_0.unit,o1_0.product_id,o1_0.order_id,o2_0.order_id,c1_0.cust_id,c1_0.address,c1_0.email,c1_0.cust_name,c1_0.phone,o2_0.employee_id,e1_0.emp_id,e1_0.address,e1_0.dob,e1_0.email,e1_0.full_name,e1_0.phone,e1_0.status,o2_0.order_date,o1_0.note,o1_0.price,o1_0.quantity from product p1_0 left join order_detail o1_0 on p1_0.product_id=o1_0.product_id left join orders o2_0 on o2_0.order_id=o1_0.order_id left join customer c1_0 on c1_0.cust_id=o2_0.cust_id left join employee e1_0 on e1_0.emp_id=o2_0.employee_id where p1_0.product_id=?
Hibernate: select p1_0.product_id,p1_0.price_date_time,p1_0.note,p1_0.price from product_price p1_0 where p1_0.product_id=?
Hibernate: select p1_0.product_id,p1_0.image_id,p1_0.alternative,p1_0.path from product_image p1_0 where p1_0.product_id=?
Hibernate: insert into product_image (alternative,path,product_id,image_id) values (?,?,?,default)
Hibernate: select p1_0.price_date_time,p1_0.product_id,p2_0.product_id,p2_0.description,p2_0.manufacturer_name,p2_0.name,p2_0.status,p2_0.unit,o1_0.product_id,o1_0.order_id,o2_0.order_id,c1_0.cust_id,c1_0.address,c1_0.email,c1_0.cust_name,c1_0.phone,o2_0.employee_id,e1_0.emp_id,e1_0.address,e1_0.dob,e1_0.email,e1_0.full_name,e1_0.phone,e1_0.status,o2_0.order_date,o1_0.note,o1_0.price,o1_0.quantity,p1_0.note,p1_0.price from product_price p1_0 join product p2_0 on p2_0.product_id=p1_0.product_id left join order_detail o1_0 on p2_0.product_id=o1_0.product_id left join orders o2_0 on o2_0.order_id=o1_0.order_id left join customer c1_0 on c1_0.cust_id=o2_0.cust_id left join employee e1_0 on e1_0.emp_id=o2_0.employee_id where (p1_0.price_date_time,p1_0.product_id) in ((?,?))
Hibernate: select p1_0.price_date_time,p1_0.product_id,p2_0.product_id,p2_0.description,p2_0.manufacturer_name,p2_0.name,p2_0.status,p2_0.unit,o1_0.product_id,o1_0.order_id,o2_0.order_id,c1_0.cust_id,c1_0.address,c1_0.email,c1_0.cust_name,c1_0.phone,o2_0.employee_id,e1_0.emp_id,e1_0.address,e1_0.dob,e1_0.email,e1_0.full_name,e1_0.phone,e1_0.status,o2_0.order_date,o1_0.note,o1_0.price,o1_0.quantity,p1_0.note,p1_0.price from product_price p1_0 join product p2_0 on p2_0.product_id=p1_0.product_id left join order_detail o1_0 on p2_0.product_id=o1_0.product_id left join orders o2_0 on o2_0.order_id=o1_0.order_id left join customer c1_0 on c1_0.cust_id=o2_0.cust_id left join employee e1_0 on e1_0.emp_id=o2_0.employee_id where (p1_0.price_date_time,p1_0.product_id) in ((?,?))
Hibernate: select p1_0.price_date_time,p1_0.product_id,p2_0.product_id,p2_0.description,p2_0.manufacturer_name,p2_0.name,p2_0.status,p2_0.unit,o1_0.product_id,o1_0.order_id,o2_0.order_id,c1_0.cust_id,c1_0.address,c1_0.email,c1_0.cust_name,c1_0.phone,o2_0.employee_id,e1_0.emp_id,e1_0.address,e1_0.dob,e1_0.email,e1_0.full_name,e1_0.phone,e1_0.status,o2_0.order_date,o1_0.note,o1_0.price,o1_0.quantity,p1_0.note,p1_0.price from product_price p1_0 join product p2_0 on p2_0.product_id=p1_0.product_id left join order_detail o1_0 on p2_0.product_id=o1_0.product_id left join orders o2_0 on o2_0.order_id=o1_0.order_id left join customer c1_0 on c1_0.cust_id=o2_0.cust_id left join employee e1_0 on e1_0.emp_id=o2_0.employee_id where (p1_0.price_date_time,p1_0.product_id) in ((?,?))
Hibernate: insert into product_price (note,price,price_date_time,product_id) values (?,?,?,?)
Hibernate: insert into product_price (note,price,price_date_time,product_id) values (?,?,?,?)
Hibernate: insert into product_price (note,price,price_date_time,product_id) values (?,?,?,?)
Hibernate: insert into product (description,manufacturer_name,name,status,unit,product_id) values (?,?,?,?,?,default)
Hibernate: select p1_0.product_id,p1_0.description,p1_0.manufacturer_name,p1_0.name,p1_0.status,p1_0.unit,o1_0.product_id,o1_0.order_id,o2_0.order_id,c1_0.cust_id,c1_0.address,c1_0.email,c1_0.cust_name,c1_0.phone,o2_0.employee_id,e1_0.emp_id,e1_0.address,e1_0.dob,e1_0.email,e1_0.full_name,e1_0.phone,e1_0.status,o2_0.order_date,o1_0.note,o1_0.price,o1_0.quantity from product p1_0 left join order_detail o1_0 on p1_0.product_id=o1_0.product_id left join orders o2_0 on o2_0.order_id=o1_0.order_id left join customer c1_0 on c1_0.cust_id=o2_0.cust_id left join employee e1_0 on e1_0.emp_id=o2_0.employee_id where p1_0.product_id=?
Hibernate: select p1_0.product_id,p1_0.price_date_time,p1_0.note,p1_0.price from product_price p1_0 where p1_0.product_id=?
Hibernate: select p1_0.product_id,p1_0.image_id,p1_0.alternative,p1_0.path from product_image p1_0 where p1_0.product_id=?
Hibernate: insert into product_image (alternative,path,product_id,image_id) values (?,?,?,default)
Hibernate: select p1_0.price_date_time,p1_0.product_id,p2_0.product_id,p2_0.description,p2_0.manufacturer_name,p2_0.name,p2_0.status,p2_0.unit,o1_0.product_id,o1_0.order_id,o2_0.order_id,c1_0.cust_id,c1_0.address,c1_0.email,c1_0.cust_name,c1_0.phone,o2_0.employee_id,e1_0.emp_id,e1_0.address,e1_0.dob,e1_0.email,e1_0.full_name,e1_0.phone,e1_0.status,o2_0.order_date,o1_0.note,o1_0.price,o1_0.quantity,p1_0.note,p1_0.price from product_price p1_0 join product p2_0 on p2_0.product_id=p1_0.product_id left join order_detail o1_0 on p2_0.product_id=o1_0.product_id left join orders o2_0 on o2_0.order_id=o1_0.order_id left join customer c1_0 on c1_0.cust_id=o2_0.cust_id left join employee e1_0 on e1_0.emp_id=o2_0.employee_id where (p1_0.price_date_time,p1_0.product_id) in ((?,?))
Hibernate: select p1_0.price_date_time,p1_0.product_id,p2_0.product_id,p2_0.description,p2_0.manufacturer_name,p2_0.name,p2_0.status,p2_0.unit,o1_0.product_id,o1_0.order_id,o2_0.order_id,c1_0.cust_id,c1_0.address,c1_0.email,c1_0.cust_name,c1_0.phone,o2_0.employee_id,e1_0.emp_id,e1_0.address,e1_0.dob,e1_0.email,e1_0.full_name,e1_0.phone,e1_0.status,o2_0.order_date,o1_0.note,o1_0.price,o1_0.quantity,p1_0.note,p1_0.price from product_price p1_0 join product p2_0 on p2_0.product_id=p1_0.product_id left join order_detail o1_0 on p2_0.product_id=o1_0.product_id left join orders o2_0 on o2_0.order_id=o1_0.order_id left join customer c1_0 on c1_0.cust_id=o2_0.cust_id left join employee e1_0 on e1_0.emp_id=o2_0.employee_id where (p1_0.price_date_time,p1_0.product_id) in ((?,?))
Hibernate: select p1_0.price_date_time,p1_0.product_id,p2_0.product_id,p2_0.description,p2_0.manufacturer_name,p2_0.name,p2_0.status,p2_0.unit,o1_0.product_id,o1_0.order_id,o2_0.order_id,c1_0.cust_id,c1_0.address,c1_0.email,c1_0.cust_name,c1_0.phone,o2_0.employee_id,e1_0.emp_id,e1_0.address,e1_0.dob,e1_0.email,e1_0.full_name,e1_0.phone,e1_0.status,o2_0.order_date,o1_0.note,o1_0.price,o1_0.quantity,p1_0.note,p1_0.price from product_price p1_0 join product p2_0 on p2_0.product_id=p1_0.product_id left join order_detail o1_0 on p2_0.product_id=o1_0.product_id left join orders o2_0 on o2_0.order_id=o1_0.order_id left join customer c1_0 on c1_0.cust_id=o2_0.cust_id left join employee e1_0 on e1_0.emp_id=o2_0.employee_id where (p1_0.price_date_time,p1_0.product_id) in ((?,?))
Hibernate: insert into product_price (note,price,price_date_time,product_id) values (?,?,?,?)
Hibernate: insert into product_price (note,price,price_date_time,product_id) values (?,?,?,?)
Hibernate: insert into product_price (note,price,price_date_time,product_id) values (?,?,?,?)
Hibernate: insert into product (description,manufacturer_name,name,status,unit,product_id) values (?,?,?,?,?,default)
Hibernate: select p1_0.product_id,p1_0.description,p1_0.manufacturer_name,p1_0.name,p1_0.status,p1_0.unit,o1_0.product_id,o1_0.order_id,o2_0.order_id,c1_0.cust_id,c1_0.address,c1_0.email,c1_0.cust_name,c1_0.phone,o2_0.employee_id,e1_0.emp_id,e1_0.address,e1_0.dob,e1_0.email,e1_0.full_name,e1_0.phone,e1_0.status,o2_0.order_date,o1_0.note,o1_0.price,o1_0.quantity from product p1_0 left join order_detail o1_0 on p1_0.product_id=o1_0.product_id left join orders o2_0 on o2_0.order_id=o1_0.order_id left join customer c1_0 on c1_0.cust_id=o2_0.cust_id left join employee e1_0 on e1_0.emp_id=o2_0.employee_id where p1_0.product_id=?
Hibernate: select p1_0.product_id,p1_0.price_date_time,p1_0.note,p1_0.price from product_price p1_0 where p1_0.product_id=?
Hibernate: select p1_0.product_id,p1_0.image_id,p1_0.alternative,p1_0.path from product_image p1_0 where p1_0.product_id=?
Hibernate: insert into product_image (alternative,path,product_id,image_id) values (?,?,?,default)
Hibernate: select p1_0.price_date_time,p1_0.product_id,p2_0.product_id,p2_0.description,p2_0.manufacturer_name,p2_0.name,p2_0.status,p2_0.unit,o1_0.product_id,o1_0.order_id,o2_0.order_id,c1_0.cust_id,c1_0.address,c1_0.email,c1_0.cust_name,c1_0.phone,o2_0.employee_id,e1_0.emp_id,e1_0.address,e1_0.dob,e1_0.email,e1_0.full_name,e1_0.phone,e1_0.status,o2_0.order_date,o1_0.note,o1_0.price,o1_0.quantity,p1_0.note,p1_0.price from product_price p1_0 join product p2_0 on p2_0.product_id=p1_0.product_id left join order_detail o1_0 on p2_0.product_id=o1_0.product_id left join orders o2_0 on o2_0.order_id=o1_0.order_id left join customer c1_0 on c1_0.cust_id=o2_0.cust_id left join employee e1_0 on e1_0.emp_id=o2_0.employee_id where (p1_0.price_date_time,p1_0.product_id) in ((?,?))
Hibernate: select p1_0.price_date_time,p1_0.product_id,p2_0.product_id,p2_0.description,p2_0.manufacturer_name,p2_0.name,p2_0.status,p2_0.unit,o1_0.product_id,o1_0.order_id,o2_0.order_id,c1_0.cust_id,c1_0.address,c1_0.email,c1_0.cust_name,c1_0.phone,o2_0.employee_id,e1_0.emp_id,e1_0.address,e1_0.dob,e1_0.email,e1_0.full_name,e1_0.phone,e1_0.status,o2_0.order_date,o1_0.note,o1_0.price,o1_0.quantity,p1_0.note,p1_0.price from product_price p1_0 join product p2_0 on p2_0.product_id=p1_0.product_id left join order_detail o1_0 on p2_0.product_id=o1_0.product_id left join orders o2_0 on o2_0.order_id=o1_0.order_id left join customer c1_0 on c1_0.cust_id=o2_0.cust_id left join employee e1_0 on e1_0.emp_id=o2_0.employee_id where (p1_0.price_date_time,p1_0.product_id) in ((?,?))
Hibernate: select p1_0.price_date_time,p1_0.product_id,p2_0.product_id,p2_0.description,p2_0.manufacturer_name,p2_0.name,p2_0.status,p2_0.unit,o1_0.product_id,o1_0.order_id,o2_0.order_id,c1_0.cust_id,c1_0.address,c1_0.email,c1_0.cust_name,c1_0.phone,o2_0.employee_id,e1_0.emp_id,e1_0.address,e1_0.dob,e1_0.email,e1_0.full_name,e1_0.phone,e1_0.status,o2_0.order_date,o1_0.note,o1_0.price,o1_0.quantity,p1_0.note,p1_0.price from product_price p1_0 join product p2_0 on p2_0.product_id=p1_0.product_id left join order_detail o1_0 on p2_0.product_id=o1_0.product_id left join orders o2_0 on o2_0.order_id=o1_0.order_id left join customer c1_0 on c1_0.cust_id=o2_0.cust_id left join employee e1_0 on e1_0.emp_id=o2_0.employee_id where (p1_0.price_date_time,p1_0.product_id) in ((?,?))
Hibernate: insert into product_price (note,price,price_date_time,product_id) values (?,?,?,?)
Hibernate: insert into product_price (note,price,price_date_time,product_id) values (?,?,?,?)
Hibernate: insert into product_price (note,price,price_date_time,product_id) values (?,?,?,?)
Hibernate: insert into product (description,manufacturer_name,name,status,unit,product_id) values (?,?,?,?,?,default)
Hibernate: select p1_0.product_id,p1_0.description,p1_0.manufacturer_name,p1_0.name,p1_0.status,p1_0.unit,o1_0.product_id,o1_0.order_id,o2_0.order_id,c1_0.cust_id,c1_0.address,c1_0.email,c1_0.cust_name,c1_0.phone,o2_0.employee_id,e1_0.emp_id,e1_0.address,e1_0.dob,e1_0.email,e1_0.full_name,e1_0.phone,e1_0.status,o2_0.order_date,o1_0.note,o1_0.price,o1_0.quantity from product p1_0 left join order_detail o1_0 on p1_0.product_id=o1_0.product_id left join orders o2_0 on o2_0.order_id=o1_0.order_id left join customer c1_0 on c1_0.cust_id=o2_0.cust_id left join employee e1_0 on e1_0.emp_id=o2_0.employee_id where p1_0.product_id=?
Hibernate: select p1_0.product_id,p1_0.price_date_time,p1_0.note,p1_0.price from product_price p1_0 where p1_0.product_id=?
Hibernate: select p1_0.product_id,p1_0.image_id,p1_0.alternative,p1_0.path from product_image p1_0 where p1_0.product_id=?
Hibernate: insert into product_image (alternative,path,product_id,image_id) values (?,?,?,default)
Hibernate: select p1_0.price_date_time,p1_0.product_id,p2_0.product_id,p2_0.description,p2_0.manufacturer_name,p2_0.name,p2_0.status,p2_0.unit,o1_0.product_id,o1_0.order_id,o2_0.order_id,c1_0.cust_id,c1_0.address,c1_0.email,c1_0.cust_name,c1_0.phone,o2_0.employee_id,e1_0.emp_id,e1_0.address,e1_0.dob,e1_0.email,e1_0.full_name,e1_0.phone,e1_0.status,o2_0.order_date,o1_0.note,o1_0.price,o1_0.quantity,p1_0.note,p1_0.price from product_price p1_0 join product p2_0 on p2_0.product_id=p1_0.product_id left join order_detail o1_0 on p2_0.product_id=o1_0.product_id left join orders o2_0 on o2_0.order_id=o1_0.order_id left join customer c1_0 on c1_0.cust_id=o2_0.cust_id left join employee e1_0 on e1_0.emp_id=o2_0.employee_id where (p1_0.price_date_time,p1_0.product_id) in ((?,?))
Hibernate: select p1_0.price_date_time,p1_0.product_id,p2_0.product_id,p2_0.description,p2_0.manufacturer_name,p2_0.name,p2_0.status,p2_0.unit,o1_0.product_id,o1_0.order_id,o2_0.order_id,c1_0.cust_id,c1_0.address,c1_0.email,c1_0.cust_name,c1_0.phone,o2_0.employee_id,e1_0.emp_id,e1_0.address,e1_0.dob,e1_0.email,e1_0.full_name,e1_0.phone,e1_0.status,o2_0.order_date,o1_0.note,o1_0.price,o1_0.quantity,p1_0.note,p1_0.price from product_price p1_0 join product p2_0 on p2_0.product_id=p1_0.product_id left join order_detail o1_0 on p2_0.product_id=o1_0.product_id left join orders o2_0 on o2_0.order_id=o1_0.order_id left join customer c1_0 on c1_0.cust_id=o2_0.cust_id left join employee e1_0 on e1_0.emp_id=o2_0.employee_id where (p1_0.price_date_time,p1_0.product_id) in ((?,?))
Hibernate: select p1_0.price_date_time,p1_0.product_id,p2_0.product_id,p2_0.description,p2_0.manufacturer_name,p2_0.name,p2_0.status,p2_0.unit,o1_0.product_id,o1_0.order_id,o2_0.order_id,c1_0.cust_id,c1_0.address,c1_0.email,c1_0.cust_name,c1_0.phone,o2_0.employee_id,e1_0.emp_id,e1_0.address,e1_0.dob,e1_0.email,e1_0.full_name,e1_0.phone,e1_0.status,o2_0.order_date,o1_0.note,o1_0.price,o1_0.quantity,p1_0.note,p1_0.price from product_price p1_0 join product p2_0 on p2_0.product_id=p1_0.product_id left join order_detail o1_0 on p2_0.product_id=o1_0.product_id left join orders o2_0 on o2_0.order_id=o1_0.order_id left join customer c1_0 on c1_0.cust_id=o2_0.cust_id left join employee e1_0 on e1_0.emp_id=o2_0.employee_id where (p1_0.price_date_time,p1_0.product_id) in ((?,?))
Hibernate: insert into product_price (note,price,price_date_time,product_id) values (?,?,?,?)
Hibernate: insert into product_price (note,price,price_date_time,product_id) values (?,?,?,?)
Hibernate: insert into product_price (note,price,price_date_time,product_id) values (?,?,?,?)
Hibernate: insert into product (description,manufacturer_name,name,status,unit,product_id) values (?,?,?,?,?,default)
Hibernate: select p1_0.product_id,p1_0.description,p1_0.manufacturer_name,p1_0.name,p1_0.status,p1_0.unit,o1_0.product_id,o1_0.order_id,o2_0.order_id,c1_0.cust_id,c1_0.address,c1_0.email,c1_0.cust_name,c1_0.phone,o2_0.employee_id,e1_0.emp_id,e1_0.address,e1_0.dob,e1_0.email,e1_0.full_name,e1_0.phone,e1_0.status,o2_0.order_date,o1_0.note,o1_0.price,o1_0.quantity from product p1_0 left join order_detail o1_0 on p1_0.product_id=o1_0.product_id left join orders o2_0 on o2_0.order_id=o1_0.order_id left join customer c1_0 on c1_0.cust_id=o2_0.cust_id left join employee e1_0 on e1_0.emp_id=o2_0.employee_id where p1_0.product_id=?
Hibernate: select p1_0.product_id,p1_0.price_date_time,p1_0.note,p1_0.price from product_price p1_0 where p1_0.product_id=?
Hibernate: select p1_0.product_id,p1_0.image_id,p1_0.alternative,p1_0.path from product_image p1_0 where p1_0.product_id=?
Hibernate: insert into product_image (alternative,path,product_id,image_id) values (?,?,?,default)
Hibernate: select p1_0.price_date_time,p1_0.product_id,p2_0.product_id,p2_0.description,p2_0.manufacturer_name,p2_0.name,p2_0.status,p2_0.unit,o1_0.product_id,o1_0.order_id,o2_0.order_id,c1_0.cust_id,c1_0.address,c1_0.email,c1_0.cust_name,c1_0.phone,o2_0.employee_id,e1_0.emp_id,e1_0.address,e1_0.dob,e1_0.email,e1_0.full_name,e1_0.phone,e1_0.status,o2_0.order_date,o1_0.note,o1_0.price,o1_0.quantity,p1_0.note,p1_0.price from product_price p1_0 join product p2_0 on p2_0.product_id=p1_0.product_id left join order_detail o1_0 on p2_0.product_id=o1_0.product_id left join orders o2_0 on o2_0.order_id=o1_0.order_id left join customer c1_0 on c1_0.cust_id=o2_0.cust_id left join employee e1_0 on e1_0.emp_id=o2_0.employee_id where (p1_0.price_date_time,p1_0.product_id) in ((?,?))
Hibernate: select p1_0.price_date_time,p1_0.product_id,p2_0.product_id,p2_0.description,p2_0.manufacturer_name,p2_0.name,p2_0.status,p2_0.unit,o1_0.product_id,o1_0.order_id,o2_0.order_id,c1_0.cust_id,c1_0.address,c1_0.email,c1_0.cust_name,c1_0.phone,o2_0.employee_id,e1_0.emp_id,e1_0.address,e1_0.dob,e1_0.email,e1_0.full_name,e1_0.phone,e1_0.status,o2_0.order_date,o1_0.note,o1_0.price,o1_0.quantity,p1_0.note,p1_0.price from product_price p1_0 join product p2_0 on p2_0.product_id=p1_0.product_id left join order_detail o1_0 on p2_0.product_id=o1_0.product_id left join orders o2_0 on o2_0.order_id=o1_0.order_id left join customer c1_0 on c1_0.cust_id=o2_0.cust_id left join employee e1_0 on e1_0.emp_id=o2_0.employee_id where (p1_0.price_date_time,p1_0.product_id) in ((?,?))
Hibernate: select p1_0.price_date_time,p1_0.product_id,p2_0.product_id,p2_0.description,p2_0.manufacturer_name,p2_0.name,p2_0.status,p2_0.unit,o1_0.product_id,o1_0.order_id,o2_0.order_id,c1_0.cust_id,c1_0.address,c1_0.email,c1_0.cust_name,c1_0.phone,o2_0.employee_id,e1_0.emp_id,e1_0.address,e1_0.dob,e1_0.email,e1_0.full_name,e1_0.phone,e1_0.status,o2_0.order_date,o1_0.note,o1_0.price,o1_0.quantity,p1_0.note,p1_0.price from product_price p1_0 join product p2_0 on p2_0.product_id=p1_0.product_id left join order_detail o1_0 on p2_0.product_id=o1_0.product_id left join orders o2_0 on o2_0.order_id=o1_0.order_id left join customer c1_0 on c1_0.cust_id=o2_0.cust_id left join employee e1_0 on e1_0.emp_id=o2_0.employee_id where (p1_0.price_date_time,p1_0.product_id) in ((?,?))
Hibernate: insert into product_price (note,price,price_date_time,product_id) values (?,?,?,?)
Hibernate: insert into product_price (note,price,price_date_time,product_id) values (?,?,?,?)
Hibernate: insert into product_price (note,price,price_date_time,product_id) values (?,?,?,?)
Hibernate: insert into product (description,manufacturer_name,name,status,unit,product_id) values (?,?,?,?,?,default)
Hibernate: select p1_0.product_id,p1_0.description,p1_0.manufacturer_name,p1_0.name,p1_0.status,p1_0.unit,o1_0.product_id,o1_0.order_id,o2_0.order_id,c1_0.cust_id,c1_0.address,c1_0.email,c1_0.cust_name,c1_0.phone,o2_0.employee_id,e1_0.emp_id,e1_0.address,e1_0.dob,e1_0.email,e1_0.full_name,e1_0.phone,e1_0.status,o2_0.order_date,o1_0.note,o1_0.price,o1_0.quantity from product p1_0 left join order_detail o1_0 on p1_0.product_id=o1_0.product_id left join orders o2_0 on o2_0.order_id=o1_0.order_id left join customer c1_0 on c1_0.cust_id=o2_0.cust_id left join employee e1_0 on e1_0.emp_id=o2_0.employee_id where p1_0.product_id=?
Hibernate: select p1_0.product_id,p1_0.price_date_time,p1_0.note,p1_0.price from product_price p1_0 where p1_0.product_id=?
Hibernate: select p1_0.product_id,p1_0.image_id,p1_0.alternative,p1_0.path from product_image p1_0 where p1_0.product_id=?
Hibernate: insert into product_image (alternative,path,product_id,image_id) values (?,?,?,default)
Hibernate: select p1_0.price_date_time,p1_0.product_id,p2_0.product_id,p2_0.description,p2_0.manufacturer_name,p2_0.name,p2_0.status,p2_0.unit,o1_0.product_id,o1_0.order_id,o2_0.order_id,c1_0.cust_id,c1_0.address,c1_0.email,c1_0.cust_name,c1_0.phone,o2_0.employee_id,e1_0.emp_id,e1_0.address,e1_0.dob,e1_0.email,e1_0.full_name,e1_0.phone,e1_0.status,o2_0.order_date,o1_0.note,o1_0.price,o1_0.quantity,p1_0.note,p1_0.price from product_price p1_0 join product p2_0 on p2_0.product_id=p1_0.product_id left join order_detail o1_0 on p2_0.product_id=o1_0.product_id left join orders o2_0 on o2_0.order_id=o1_0.order_id left join customer c1_0 on c1_0.cust_id=o2_0.cust_id left join employee e1_0 on e1_0.emp_id=o2_0.employee_id where (p1_0.price_date_time,p1_0.product_id) in ((?,?))
Hibernate: select p1_0.price_date_time,p1_0.product_id,p2_0.product_id,p2_0.description,p2_0.manufacturer_name,p2_0.name,p2_0.status,p2_0.unit,o1_0.product_id,o1_0.order_id,o2_0.order_id,c1_0.cust_id,c1_0.address,c1_0.email,c1_0.cust_name,c1_0.phone,o2_0.employee_id,e1_0.emp_id,e1_0.address,e1_0.dob,e1_0.email,e1_0.full_name,e1_0.phone,e1_0.status,o2_0.order_date,o1_0.note,o1_0.price,o1_0.quantity,p1_0.note,p1_0.price from product_price p1_0 join product p2_0 on p2_0.product_id=p1_0.product_id left join order_detail o1_0 on p2_0.product_id=o1_0.product_id left join orders o2_0 on o2_0.order_id=o1_0.order_id left join customer c1_0 on c1_0.cust_id=o2_0.cust_id left join employee e1_0 on e1_0.emp_id=o2_0.employee_id where (p1_0.price_date_time,p1_0.product_id) in ((?,?))
Hibernate: select p1_0.price_date_time,p1_0.product_id,p2_0.product_id,p2_0.description,p2_0.manufacturer_name,p2_0.name,p2_0.status,p2_0.unit,o1_0.product_id,o1_0.order_id,o2_0.order_id,c1_0.cust_id,c1_0.address,c1_0.email,c1_0.cust_name,c1_0.phone,o2_0.employee_id,e1_0.emp_id,e1_0.address,e1_0.dob,e1_0.email,e1_0.full_name,e1_0.phone,e1_0.status,o2_0.order_date,o1_0.note,o1_0.price,o1_0.quantity,p1_0.note,p1_0.price from product_price p1_0 join product p2_0 on p2_0.product_id=p1_0.product_id left join order_detail o1_0 on p2_0.product_id=o1_0.product_id left join orders o2_0 on o2_0.order_id=o1_0.order_id left join customer c1_0 on c1_0.cust_id=o2_0.cust_id left join employee e1_0 on e1_0.emp_id=o2_0.employee_id where (p1_0.price_date_time,p1_0.product_id) in ((?,?))
Hibernate: insert into product_price (note,price,price_date_time,product_id) values (?,?,?,?)
Hibernate: insert into product_price (note,price,price_date_time,product_id) values (?,?,?,?)
Hibernate: insert into product_price (note,price,price_date_time,product_id) values (?,?,?,?)
Hibernate: insert into product (description,manufacturer_name,name,status,unit,product_id) values (?,?,?,?,?,default)
Hibernate: select p1_0.product_id,p1_0.description,p1_0.manufacturer_name,p1_0.name,p1_0.status,p1_0.unit,o1_0.product_id,o1_0.order_id,o2_0.order_id,c1_0.cust_id,c1_0.address,c1_0.email,c1_0.cust_name,c1_0.phone,o2_0.employee_id,e1_0.emp_id,e1_0.address,e1_0.dob,e1_0.email,e1_0.full_name,e1_0.phone,e1_0.status,o2_0.order_date,o1_0.note,o1_0.price,o1_0.quantity from product p1_0 left join order_detail o1_0 on p1_0.product_id=o1_0.product_id left join orders o2_0 on o2_0.order_id=o1_0.order_id left join customer c1_0 on c1_0.cust_id=o2_0.cust_id left join employee e1_0 on e1_0.emp_id=o2_0.employee_id where p1_0.product_id=?
Hibernate: select p1_0.product_id,p1_0.price_date_time,p1_0.note,p1_0.price from product_price p1_0 where p1_0.product_id=?
Hibernate: select p1_0.product_id,p1_0.image_id,p1_0.alternative,p1_0.path from product_image p1_0 where p1_0.product_id=?
Hibernate: insert into product_image (alternative,path,product_id,image_id) values (?,?,?,default)
Hibernate: select p1_0.price_date_time,p1_0.product_id,p2_0.product_id,p2_0.description,p2_0.manufacturer_name,p2_0.name,p2_0.status,p2_0.unit,o1_0.product_id,o1_0.order_id,o2_0.order_id,c1_0.cust_id,c1_0.address,c1_0.email,c1_0.cust_name,c1_0.phone,o2_0.employee_id,e1_0.emp_id,e1_0.address,e1_0.dob,e1_0.email,e1_0.full_name,e1_0.phone,e1_0.status,o2_0.order_date,o1_0.note,o1_0.price,o1_0.quantity,p1_0.note,p1_0.price from product_price p1_0 join product p2_0 on p2_0.product_id=p1_0.product_id left join order_detail o1_0 on p2_0.product_id=o1_0.product_id left join orders o2_0 on o2_0.order_id=o1_0.order_id left join customer c1_0 on c1_0.cust_id=o2_0.cust_id left join employee e1_0 on e1_0.emp_id=o2_0.employee_id where (p1_0.price_date_time,p1_0.product_id) in ((?,?))
Hibernate: select p1_0.price_date_time,p1_0.product_id,p2_0.product_id,p2_0.description,p2_0.manufacturer_name,p2_0.name,p2_0.status,p2_0.unit,o1_0.product_id,o1_0.order_id,o2_0.order_id,c1_0.cust_id,c1_0.address,c1_0.email,c1_0.cust_name,c1_0.phone,o2_0.employee_id,e1_0.emp_id,e1_0.address,e1_0.dob,e1_0.email,e1_0.full_name,e1_0.phone,e1_0.status,o2_0.order_date,o1_0.note,o1_0.price,o1_0.quantity,p1_0.note,p1_0.price from product_price p1_0 join product p2_0 on p2_0.product_id=p1_0.product_id left join order_detail o1_0 on p2_0.product_id=o1_0.product_id left join orders o2_0 on o2_0.order_id=o1_0.order_id left join customer c1_0 on c1_0.cust_id=o2_0.cust_id left join employee e1_0 on e1_0.emp_id=o2_0.employee_id where (p1_0.price_date_time,p1_0.product_id) in ((?,?))
Hibernate: select p1_0.price_date_time,p1_0.product_id,p2_0.product_id,p2_0.description,p2_0.manufacturer_name,p2_0.name,p2_0.status,p2_0.unit,o1_0.product_id,o1_0.order_id,o2_0.order_id,c1_0.cust_id,c1_0.address,c1_0.email,c1_0.cust_name,c1_0.phone,o2_0.employee_id,e1_0.emp_id,e1_0.address,e1_0.dob,e1_0.email,e1_0.full_name,e1_0.phone,e1_0.status,o2_0.order_date,o1_0.note,o1_0.price,o1_0.quantity,p1_0.note,p1_0.price from product_price p1_0 join product p2_0 on p2_0.product_id=p1_0.product_id left join order_detail o1_0 on p2_0.product_id=o1_0.product_id left join orders o2_0 on o2_0.order_id=o1_0.order_id left join customer c1_0 on c1_0.cust_id=o2_0.cust_id left join employee e1_0 on e1_0.emp_id=o2_0.employee_id where (p1_0.price_date_time,p1_0.product_id) in ((?,?))
Hibernate: insert into product_price (note,price,price_date_time,product_id) values (?,?,?,?)
Hibernate: insert into product_price (note,price,price_date_time,product_id) values (?,?,?,?)
Hibernate: insert into product_price (note,price,price_date_time,product_id) values (?,?,?,?)
Hibernate: insert into product (description,manufacturer_name,name,status,unit,product_id) values (?,?,?,?,?,default)
Hibernate: select p1_0.product_id,p1_0.description,p1_0.manufacturer_name,p1_0.name,p1_0.status,p1_0.unit,o1_0.product_id,o1_0.order_id,o2_0.order_id,c1_0.cust_id,c1_0.address,c1_0.email,c1_0.cust_name,c1_0.phone,o2_0.employee_id,e1_0.emp_id,e1_0.address,e1_0.dob,e1_0.email,e1_0.full_name,e1_0.phone,e1_0.status,o2_0.order_date,o1_0.note,o1_0.price,o1_0.quantity from product p1_0 left join order_detail o1_0 on p1_0.product_id=o1_0.product_id left join orders o2_0 on o2_0.order_id=o1_0.order_id left join customer c1_0 on c1_0.cust_id=o2_0.cust_id left join employee e1_0 on e1_0.emp_id=o2_0.employee_id where p1_0.product_id=?
Hibernate: select p1_0.product_id,p1_0.price_date_time,p1_0.note,p1_0.price from product_price p1_0 where p1_0.product_id=?
Hibernate: select p1_0.product_id,p1_0.image_id,p1_0.alternative,p1_0.path from product_image p1_0 where p1_0.product_id=?
Hibernate: insert into product_image (alternative,path,product_id,image_id) values (?,?,?,default)
Hibernate: select p1_0.price_date_time,p1_0.product_id,p2_0.product_id,p2_0.description,p2_0.manufacturer_name,p2_0.name,p2_0.status,p2_0.unit,o1_0.product_id,o1_0.order_id,o2_0.order_id,c1_0.cust_id,c1_0.address,c1_0.email,c1_0.cust_name,c1_0.phone,o2_0.employee_id,e1_0.emp_id,e1_0.address,e1_0.dob,e1_0.email,e1_0.full_name,e1_0.phone,e1_0.status,o2_0.order_date,o1_0.note,o1_0.price,o1_0.quantity,p1_0.note,p1_0.price from product_price p1_0 join product p2_0 on p2_0.product_id=p1_0.product_id left join order_detail o1_0 on p2_0.product_id=o1_0.product_id left join orders o2_0 on o2_0.order_id=o1_0.order_id left join customer c1_0 on c1_0.cust_id=o2_0.cust_id left join employee e1_0 on e1_0.emp_id=o2_0.employee_id where (p1_0.price_date_time,p1_0.product_id) in ((?,?))
Hibernate: select p1_0.price_date_time,p1_0.product_id,p2_0.product_id,p2_0.description,p2_0.manufacturer_name,p2_0.name,p2_0.status,p2_0.unit,o1_0.product_id,o1_0.order_id,o2_0.order_id,c1_0.cust_id,c1_0.address,c1_0.email,c1_0.cust_name,c1_0.phone,o2_0.employee_id,e1_0.emp_id,e1_0.address,e1_0.dob,e1_0.email,e1_0.full_name,e1_0.phone,e1_0.status,o2_0.order_date,o1_0.note,o1_0.price,o1_0.quantity,p1_0.note,p1_0.price from product_price p1_0 join product p2_0 on p2_0.product_id=p1_0.product_id left join order_detail o1_0 on p2_0.product_id=o1_0.product_id left join orders o2_0 on o2_0.order_id=o1_0.order_id left join customer c1_0 on c1_0.cust_id=o2_0.cust_id left join employee e1_0 on e1_0.emp_id=o2_0.employee_id where (p1_0.price_date_time,p1_0.product_id) in ((?,?))
Hibernate: select p1_0.price_date_time,p1_0.product_id,p2_0.product_id,p2_0.description,p2_0.manufacturer_name,p2_0.name,p2_0.status,p2_0.unit,o1_0.product_id,o1_0.order_id,o2_0.order_id,c1_0.cust_id,c1_0.address,c1_0.email,c1_0.cust_name,c1_0.phone,o2_0.employee_id,e1_0.emp_id,e1_0.address,e1_0.dob,e1_0.email,e1_0.full_name,e1_0.phone,e1_0.status,o2_0.order_date,o1_0.note,o1_0.price,o1_0.quantity,p1_0.note,p1_0.price from product_price p1_0 join product p2_0 on p2_0.product_id=p1_0.product_id left join order_detail o1_0 on p2_0.product_id=o1_0.product_id left join orders o2_0 on o2_0.order_id=o1_0.order_id left join customer c1_0 on c1_0.cust_id=o2_0.cust_id left join employee e1_0 on e1_0.emp_id=o2_0.employee_id where (p1_0.price_date_time,p1_0.product_id) in ((?,?))
Hibernate: insert into product_price (note,price,price_date_time,product_id) values (?,?,?,?)
Hibernate: insert into product_price (note,price,price_date_time,product_id) values (?,?,?,?)
Hibernate: insert into product_price (note,price,price_date_time,product_id) values (?,?,?,?)
Hibernate: insert into product (description,manufacturer_name,name,status,unit,product_id) values (?,?,?,?,?,default)
Hibernate: select p1_0.product_id,p1_0.description,p1_0.manufacturer_name,p1_0.name,p1_0.status,p1_0.unit,o1_0.product_id,o1_0.order_id,o2_0.order_id,c1_0.cust_id,c1_0.address,c1_0.email,c1_0.cust_name,c1_0.phone,o2_0.employee_id,e1_0.emp_id,e1_0.address,e1_0.dob,e1_0.email,e1_0.full_name,e1_0.phone,e1_0.status,o2_0.order_date,o1_0.note,o1_0.price,o1_0.quantity from product p1_0 left join order_detail o1_0 on p1_0.product_id=o1_0.product_id left join orders o2_0 on o2_0.order_id=o1_0.order_id left join customer c1_0 on c1_0.cust_id=o2_0.cust_id left join employee e1_0 on e1_0.emp_id=o2_0.employee_id where p1_0.product_id=?
Hibernate: select p1_0.product_id,p1_0.price_date_time,p1_0.note,p1_0.price from product_price p1_0 where p1_0.product_id=?
Hibernate: select p1_0.product_id,p1_0.image_id,p1_0.alternative,p1_0.path from product_image p1_0 where p1_0.product_id=?
Hibernate: insert into product_image (alternative,path,product_id,image_id) values (?,?,?,default)
Hibernate: select p1_0.price_date_time,p1_0.product_id,p2_0.product_id,p2_0.description,p2_0.manufacturer_name,p2_0.name,p2_0.status,p2_0.unit,o1_0.product_id,o1_0.order_id,o2_0.order_id,c1_0.cust_id,c1_0.address,c1_0.email,c1_0.cust_name,c1_0.phone,o2_0.employee_id,e1_0.emp_id,e1_0.address,e1_0.dob,e1_0.email,e1_0.full_name,e1_0.phone,e1_0.status,o2_0.order_date,o1_0.note,o1_0.price,o1_0.quantity,p1_0.note,p1_0.price from product_price p1_0 join product p2_0 on p2_0.product_id=p1_0.product_id left join order_detail o1_0 on p2_0.product_id=o1_0.product_id left join orders o2_0 on o2_0.order_id=o1_0.order_id left join customer c1_0 on c1_0.cust_id=o2_0.cust_id left join employee e1_0 on e1_0.emp_id=o2_0.employee_id where (p1_0.price_date_time,p1_0.product_id) in ((?,?))
Hibernate: select p1_0.price_date_time,p1_0.product_id,p2_0.product_id,p2_0.description,p2_0.manufacturer_name,p2_0.name,p2_0.status,p2_0.unit,o1_0.product_id,o1_0.order_id,o2_0.order_id,c1_0.cust_id,c1_0.address,c1_0.email,c1_0.cust_name,c1_0.phone,o2_0.employee_id,e1_0.emp_id,e1_0.address,e1_0.dob,e1_0.email,e1_0.full_name,e1_0.phone,e1_0.status,o2_0.order_date,o1_0.note,o1_0.price,o1_0.quantity,p1_0.note,p1_0.price from product_price p1_0 join product p2_0 on p2_0.product_id=p1_0.product_id left join order_detail o1_0 on p2_0.product_id=o1_0.product_id left join orders o2_0 on o2_0.order_id=o1_0.order_id left join customer c1_0 on c1_0.cust_id=o2_0.cust_id left join employee e1_0 on e1_0.emp_id=o2_0.employee_id where (p1_0.price_date_time,p1_0.product_id) in ((?,?))
Hibernate: select p1_0.price_date_time,p1_0.product_id,p2_0.product_id,p2_0.description,p2_0.manufacturer_name,p2_0.name,p2_0.status,p2_0.unit,o1_0.product_id,o1_0.order_id,o2_0.order_id,c1_0.cust_id,c1_0.address,c1_0.email,c1_0.cust_name,c1_0.phone,o2_0.employee_id,e1_0.emp_id,e1_0.address,e1_0.dob,e1_0.email,e1_0.full_name,e1_0.phone,e1_0.status,o2_0.order_date,o1_0.note,o1_0.price,o1_0.quantity,p1_0.note,p1_0.price from product_price p1_0 join product p2_0 on p2_0.product_id=p1_0.product_id left join order_detail o1_0 on p2_0.product_id=o1_0.product_id left join orders o2_0 on o2_0.order_id=o1_0.order_id left join customer c1_0 on c1_0.cust_id=o2_0.cust_id left join employee e1_0 on e1_0.emp_id=o2_0.employee_id where (p1_0.price_date_time,p1_0.product_id) in ((?,?))
Hibernate: insert into product_price (note,price,price_date_time,product_id) values (?,?,?,?)
Hibernate: insert into product_price (note,price,price_date_time,product_id) values (?,?,?,?)
Hibernate: insert into product_price (note,price,price_date_time,product_id) values (?,?,?,?)
Hibernate: insert into product (description,manufacturer_name,name,status,unit,product_id) values (?,?,?,?,?,default)
Hibernate: select p1_0.product_id,p1_0.description,p1_0.manufacturer_name,p1_0.name,p1_0.status,p1_0.unit,o1_0.product_id,o1_0.order_id,o2_0.order_id,c1_0.cust_id,c1_0.address,c1_0.email,c1_0.cust_name,c1_0.phone,o2_0.employee_id,e1_0.emp_id,e1_0.address,e1_0.dob,e1_0.email,e1_0.full_name,e1_0.phone,e1_0.status,o2_0.order_date,o1_0.note,o1_0.price,o1_0.quantity from product p1_0 left join order_detail o1_0 on p1_0.product_id=o1_0.product_id left join orders o2_0 on o2_0.order_id=o1_0.order_id left join customer c1_0 on c1_0.cust_id=o2_0.cust_id left join employee e1_0 on e1_0.emp_id=o2_0.employee_id where p1_0.product_id=?
Hibernate: select p1_0.product_id,p1_0.price_date_time,p1_0.note,p1_0.price from product_price p1_0 where p1_0.product_id=?
Hibernate: select p1_0.product_id,p1_0.image_id,p1_0.alternative,p1_0.path from product_image p1_0 where p1_0.product_id=?
Hibernate: insert into product_image (alternative,path,product_id,image_id) values (?,?,?,default)
Hibernate: select p1_0.price_date_time,p1_0.product_id,p2_0.product_id,p2_0.description,p2_0.manufacturer_name,p2_0.name,p2_0.status,p2_0.unit,o1_0.product_id,o1_0.order_id,o2_0.order_id,c1_0.cust_id,c1_0.address,c1_0.email,c1_0.cust_name,c1_0.phone,o2_0.employee_id,e1_0.emp_id,e1_0.address,e1_0.dob,e1_0.email,e1_0.full_name,e1_0.phone,e1_0.status,o2_0.order_date,o1_0.note,o1_0.price,o1_0.quantity,p1_0.note,p1_0.price from product_price p1_0 join product p2_0 on p2_0.product_id=p1_0.product_id left join order_detail o1_0 on p2_0.product_id=o1_0.product_id left join orders o2_0 on o2_0.order_id=o1_0.order_id left join customer c1_0 on c1_0.cust_id=o2_0.cust_id left join employee e1_0 on e1_0.emp_id=o2_0.employee_id where (p1_0.price_date_time,p1_0.product_id) in ((?,?))
Hibernate: select p1_0.price_date_time,p1_0.product_id,p2_0.product_id,p2_0.description,p2_0.manufacturer_name,p2_0.name,p2_0.status,p2_0.unit,o1_0.product_id,o1_0.order_id,o2_0.order_id,c1_0.cust_id,c1_0.address,c1_0.email,c1_0.cust_name,c1_0.phone,o2_0.employee_id,e1_0.emp_id,e1_0.address,e1_0.dob,e1_0.email,e1_0.full_name,e1_0.phone,e1_0.status,o2_0.order_date,o1_0.note,o1_0.price,o1_0.quantity,p1_0.note,p1_0.price from product_price p1_0 join product p2_0 on p2_0.product_id=p1_0.product_id left join order_detail o1_0 on p2_0.product_id=o1_0.product_id left join orders o2_0 on o2_0.order_id=o1_0.order_id left join customer c1_0 on c1_0.cust_id=o2_0.cust_id left join employee e1_0 on e1_0.emp_id=o2_0.employee_id where (p1_0.price_date_time,p1_0.product_id) in ((?,?))
Hibernate: select p1_0.price_date_time,p1_0.product_id,p2_0.product_id,p2_0.description,p2_0.manufacturer_name,p2_0.name,p2_0.status,p2_0.unit,o1_0.product_id,o1_0.order_id,o2_0.order_id,c1_0.cust_id,c1_0.address,c1_0.email,c1_0.cust_name,c1_0.phone,o2_0.employee_id,e1_0.emp_id,e1_0.address,e1_0.dob,e1_0.email,e1_0.full_name,e1_0.phone,e1_0.status,o2_0.order_date,o1_0.note,o1_0.price,o1_0.quantity,p1_0.note,p1_0.price from product_price p1_0 join product p2_0 on p2_0.product_id=p1_0.product_id left join order_detail o1_0 on p2_0.product_id=o1_0.product_id left join orders o2_0 on o2_0.order_id=o1_0.order_id left join customer c1_0 on c1_0.cust_id=o2_0.cust_id left join employee e1_0 on e1_0.emp_id=o2_0.employee_id where (p1_0.price_date_time,p1_0.product_id) in ((?,?))
Hibernate: insert into product_price (note,price,price_date_time,product_id) values (?,?,?,?)
Hibernate: insert into product_price (note,price,price_date_time,product_id) values (?,?,?,?)
Hibernate: insert into product_price (note,price,price_date_time,product_id) values (?,?,?,?)
Hibernate: insert into product (description,manufacturer_name,name,status,unit,product_id) values (?,?,?,?,?,default)
Hibernate: select p1_0.product_id,p1_0.description,p1_0.manufacturer_name,p1_0.name,p1_0.status,p1_0.unit,o1_0.product_id,o1_0.order_id,o2_0.order_id,c1_0.cust_id,c1_0.address,c1_0.email,c1_0.cust_name,c1_0.phone,o2_0.employee_id,e1_0.emp_id,e1_0.address,e1_0.dob,e1_0.email,e1_0.full_name,e1_0.phone,e1_0.status,o2_0.order_date,o1_0.note,o1_0.price,o1_0.quantity from product p1_0 left join order_detail o1_0 on p1_0.product_id=o1_0.product_id left join orders o2_0 on o2_0.order_id=o1_0.order_id left join customer c1_0 on c1_0.cust_id=o2_0.cust_id left join employee e1_0 on e1_0.emp_id=o2_0.employee_id where p1_0.product_id=?
Hibernate: select p1_0.product_id,p1_0.price_date_time,p1_0.note,p1_0.price from product_price p1_0 where p1_0.product_id=?
Hibernate: select p1_0.product_id,p1_0.image_id,p1_0.alternative,p1_0.path from product_image p1_0 where p1_0.product_id=?
Hibernate: insert into product_image (alternative,path,product_id,image_id) values (?,?,?,default)
Hibernate: select p1_0.price_date_time,p1_0.product_id,p2_0.product_id,p2_0.description,p2_0.manufacturer_name,p2_0.name,p2_0.status,p2_0.unit,o1_0.product_id,o1_0.order_id,o2_0.order_id,c1_0.cust_id,c1_0.address,c1_0.email,c1_0.cust_name,c1_0.phone,o2_0.employee_id,e1_0.emp_id,e1_0.address,e1_0.dob,e1_0.email,e1_0.full_name,e1_0.phone,e1_0.status,o2_0.order_date,o1_0.note,o1_0.price,o1_0.quantity,p1_0.note,p1_0.price from product_price p1_0 join product p2_0 on p2_0.product_id=p1_0.product_id left join order_detail o1_0 on p2_0.product_id=o1_0.product_id left join orders o2_0 on o2_0.order_id=o1_0.order_id left join customer c1_0 on c1_0.cust_id=o2_0.cust_id left join employee e1_0 on e1_0.emp_id=o2_0.employee_id where (p1_0.price_date_time,p1_0.product_id) in ((?,?))
Hibernate: select p1_0.price_date_time,p1_0.product_id,p2_0.product_id,p2_0.description,p2_0.manufacturer_name,p2_0.name,p2_0.status,p2_0.unit,o1_0.product_id,o1_0.order_id,o2_0.order_id,c1_0.cust_id,c1_0.address,c1_0.email,c1_0.cust_name,c1_0.phone,o2_0.employee_id,e1_0.emp_id,e1_0.address,e1_0.dob,e1_0.email,e1_0.full_name,e1_0.phone,e1_0.status,o2_0.order_date,o1_0.note,o1_0.price,o1_0.quantity,p1_0.note,p1_0.price from product_price p1_0 join product p2_0 on p2_0.product_id=p1_0.product_id left join order_detail o1_0 on p2_0.product_id=o1_0.product_id left join orders o2_0 on o2_0.order_id=o1_0.order_id left join customer c1_0 on c1_0.cust_id=o2_0.cust_id left join employee e1_0 on e1_0.emp_id=o2_0.employee_id where (p1_0.price_date_time,p1_0.product_id) in ((?,?))
Hibernate: select p1_0.price_date_time,p1_0.product_id,p2_0.product_id,p2_0.description,p2_0.manufacturer_name,p2_0.name,p2_0.status,p2_0.unit,o1_0.product_id,o1_0.order_id,o2_0.order_id,c1_0.cust_id,c1_0.address,c1_0.email,c1_0.cust_name,c1_0.phone,o2_0.employee_id,e1_0.emp_id,e1_0.address,e1_0.dob,e1_0.email,e1_0.full_name,e1_0.phone,e1_0.status,o2_0.order_date,o1_0.note,o1_0.price,o1_0.quantity,p1_0.note,p1_0.price from product_price p1_0 join product p2_0 on p2_0.product_id=p1_0.product_id left join order_detail o1_0 on p2_0.product_id=o1_0.product_id left join orders o2_0 on o2_0.order_id=o1_0.order_id left join customer c1_0 on c1_0.cust_id=o2_0.cust_id left join employee e1_0 on e1_0.emp_id=o2_0.employee_id where (p1_0.price_date_time,p1_0.product_id) in ((?,?))
Hibernate: insert into product_price (note,price,price_date_time,product_id) values (?,?,?,?)
Hibernate: insert into product_price (note,price,price_date_time,product_id) values (?,?,?,?)
Hibernate: insert into product_price (note,price,price_date_time,product_id) values (?,?,?,?)
Hibernate: insert into product (description,manufacturer_name,name,status,unit,product_id) values (?,?,?,?,?,default)
Hibernate: select p1_0.product_id,p1_0.description,p1_0.manufacturer_name,p1_0.name,p1_0.status,p1_0.unit,o1_0.product_id,o1_0.order_id,o2_0.order_id,c1_0.cust_id,c1_0.address,c1_0.email,c1_0.cust_name,c1_0.phone,o2_0.employee_id,e1_0.emp_id,e1_0.address,e1_0.dob,e1_0.email,e1_0.full_name,e1_0.phone,e1_0.status,o2_0.order_date,o1_0.note,o1_0.price,o1_0.quantity from product p1_0 left join order_detail o1_0 on p1_0.product_id=o1_0.product_id left join orders o2_0 on o2_0.order_id=o1_0.order_id left join customer c1_0 on c1_0.cust_id=o2_0.cust_id left join employee e1_0 on e1_0.emp_id=o2_0.employee_id where p1_0.product_id=?
Hibernate: select p1_0.product_id,p1_0.price_date_time,p1_0.note,p1_0.price from product_price p1_0 where p1_0.product_id=?
Hibernate: select p1_0.product_id,p1_0.image_id,p1_0.alternative,p1_0.path from product_image p1_0 where p1_0.product_id=?
Hibernate: insert into product_image (alternative,path,product_id,image_id) values (?,?,?,default)
Hibernate: select p1_0.price_date_time,p1_0.product_id,p2_0.product_id,p2_0.description,p2_0.manufacturer_name,p2_0.name,p2_0.status,p2_0.unit,o1_0.product_id,o1_0.order_id,o2_0.order_id,c1_0.cust_id,c1_0.address,c1_0.email,c1_0.cust_name,c1_0.phone,o2_0.employee_id,e1_0.emp_id,e1_0.address,e1_0.dob,e1_0.email,e1_0.full_name,e1_0.phone,e1_0.status,o2_0.order_date,o1_0.note,o1_0.price,o1_0.quantity,p1_0.note,p1_0.price from product_price p1_0 join product p2_0 on p2_0.product_id=p1_0.product_id left join order_detail o1_0 on p2_0.product_id=o1_0.product_id left join orders o2_0 on o2_0.order_id=o1_0.order_id left join customer c1_0 on c1_0.cust_id=o2_0.cust_id left join employee e1_0 on e1_0.emp_id=o2_0.employee_id where (p1_0.price_date_time,p1_0.product_id) in ((?,?))
Hibernate: select p1_0.price_date_time,p1_0.product_id,p2_0.product_id,p2_0.description,p2_0.manufacturer_name,p2_0.name,p2_0.status,p2_0.unit,o1_0.product_id,o1_0.order_id,o2_0.order_id,c1_0.cust_id,c1_0.address,c1_0.email,c1_0.cust_name,c1_0.phone,o2_0.employee_id,e1_0.emp_id,e1_0.address,e1_0.dob,e1_0.email,e1_0.full_name,e1_0.phone,e1_0.status,o2_0.order_date,o1_0.note,o1_0.price,o1_0.quantity,p1_0.note,p1_0.price from product_price p1_0 join product p2_0 on p2_0.product_id=p1_0.product_id left join order_detail o1_0 on p2_0.product_id=o1_0.product_id left join orders o2_0 on o2_0.order_id=o1_0.order_id left join customer c1_0 on c1_0.cust_id=o2_0.cust_id left join employee e1_0 on e1_0.emp_id=o2_0.employee_id where (p1_0.price_date_time,p1_0.product_id) in ((?,?))
Hibernate: select p1_0.price_date_time,p1_0.product_id,p2_0.product_id,p2_0.description,p2_0.manufacturer_name,p2_0.name,p2_0.status,p2_0.unit,o1_0.product_id,o1_0.order_id,o2_0.order_id,c1_0.cust_id,c1_0.address,c1_0.email,c1_0.cust_name,c1_0.phone,o2_0.employee_id,e1_0.emp_id,e1_0.address,e1_0.dob,e1_0.email,e1_0.full_name,e1_0.phone,e1_0.status,o2_0.order_date,o1_0.note,o1_0.price,o1_0.quantity,p1_0.note,p1_0.price from product_price p1_0 join product p2_0 on p2_0.product_id=p1_0.product_id left join order_detail o1_0 on p2_0.product_id=o1_0.product_id left join orders o2_0 on o2_0.order_id=o1_0.order_id left join customer c1_0 on c1_0.cust_id=o2_0.cust_id left join employee e1_0 on e1_0.emp_id=o2_0.employee_id where (p1_0.price_date_time,p1_0.product_id) in ((?,?))
Hibernate: insert into product_price (note,price,price_date_time,product_id) values (?,?,?,?)
Hibernate: insert into product_price (note,price,price_date_time,product_id) values (?,?,?,?)
Hibernate: insert into product_price (note,price,price_date_time,product_id) values (?,?,?,?)
Hibernate: insert into product (description,manufacturer_name,name,status,unit,product_id) values (?,?,?,?,?,default)
Hibernate: select p1_0.product_id,p1_0.description,p1_0.manufacturer_name,p1_0.name,p1_0.status,p1_0.unit,o1_0.product_id,o1_0.order_id,o2_0.order_id,c1_0.cust_id,c1_0.address,c1_0.email,c1_0.cust_name,c1_0.phone,o2_0.employee_id,e1_0.emp_id,e1_0.address,e1_0.dob,e1_0.email,e1_0.full_name,e1_0.phone,e1_0.status,o2_0.order_date,o1_0.note,o1_0.price,o1_0.quantity from product p1_0 left join order_detail o1_0 on p1_0.product_id=o1_0.product_id left join orders o2_0 on o2_0.order_id=o1_0.order_id left join customer c1_0 on c1_0.cust_id=o2_0.cust_id left join employee e1_0 on e1_0.emp_id=o2_0.employee_id where p1_0.product_id=?
Hibernate: select p1_0.product_id,p1_0.price_date_time,p1_0.note,p1_0.price from product_price p1_0 where p1_0.product_id=?
Hibernate: select p1_0.product_id,p1_0.image_id,p1_0.alternative,p1_0.path from product_image p1_0 where p1_0.product_id=?
Hibernate: insert into product_image (alternative,path,product_id,image_id) values (?,?,?,default)
Hibernate: select p1_0.price_date_time,p1_0.product_id,p2_0.product_id,p2_0.description,p2_0.manufacturer_name,p2_0.name,p2_0.status,p2_0.unit,o1_0.product_id,o1_0.order_id,o2_0.order_id,c1_0.cust_id,c1_0.address,c1_0.email,c1_0.cust_name,c1_0.phone,o2_0.employee_id,e1_0.emp_id,e1_0.address,e1_0.dob,e1_0.email,e1_0.full_name,e1_0.phone,e1_0.status,o2_0.order_date,o1_0.note,o1_0.price,o1_0.quantity,p1_0.note,p1_0.price from product_price p1_0 join product p2_0 on p2_0.product_id=p1_0.product_id left join order_detail o1_0 on p2_0.product_id=o1_0.product_id left join orders o2_0 on o2_0.order_id=o1_0.order_id left join customer c1_0 on c1_0.cust_id=o2_0.cust_id left join employee e1_0 on e1_0.emp_id=o2_0.employee_id where (p1_0.price_date_time,p1_0.product_id) in ((?,?))
Hibernate: select p1_0.price_date_time,p1_0.product_id,p2_0.product_id,p2_0.description,p2_0.manufacturer_name,p2_0.name,p2_0.status,p2_0.unit,o1_0.product_id,o1_0.order_id,o2_0.order_id,c1_0.cust_id,c1_0.address,c1_0.email,c1_0.cust_name,c1_0.phone,o2_0.employee_id,e1_0.emp_id,e1_0.address,e1_0.dob,e1_0.email,e1_0.full_name,e1_0.phone,e1_0.status,o2_0.order_date,o1_0.note,o1_0.price,o1_0.quantity,p1_0.note,p1_0.price from product_price p1_0 join product p2_0 on p2_0.product_id=p1_0.product_id left join order_detail o1_0 on p2_0.product_id=o1_0.product_id left join orders o2_0 on o2_0.order_id=o1_0.order_id left join customer c1_0 on c1_0.cust_id=o2_0.cust_id left join employee e1_0 on e1_0.emp_id=o2_0.employee_id where (p1_0.price_date_time,p1_0.product_id) in ((?,?))
Hibernate: select p1_0.price_date_time,p1_0.product_id,p2_0.product_id,p2_0.description,p2_0.manufacturer_name,p2_0.name,p2_0.status,p2_0.unit,o1_0.product_id,o1_0.order_id,o2_0.order_id,c1_0.cust_id,c1_0.address,c1_0.email,c1_0.cust_name,c1_0.phone,o2_0.employee_id,e1_0.emp_id,e1_0.address,e1_0.dob,e1_0.email,e1_0.full_name,e1_0.phone,e1_0.status,o2_0.order_date,o1_0.note,o1_0.price,o1_0.quantity,p1_0.note,p1_0.price from product_price p1_0 join product p2_0 on p2_0.product_id=p1_0.product_id left join order_detail o1_0 on p2_0.product_id=o1_0.product_id left join orders o2_0 on o2_0.order_id=o1_0.order_id left join customer c1_0 on c1_0.cust_id=o2_0.cust_id left join employee e1_0 on e1_0.emp_id=o2_0.employee_id where (p1_0.price_date_time,p1_0.product_id) in ((?,?))
Hibernate: insert into product_price (note,price,price_date_time,product_id) values (?,?,?,?)
Hibernate: insert into product_price (note,price,price_date_time,product_id) values (?,?,?,?)
Hibernate: insert into product_price (note,price,price_date_time,product_id) values (?,?,?,?)
Hibernate: insert into product (description,manufacturer_name,name,status,unit,product_id) values (?,?,?,?,?,default)
Hibernate: select p1_0.product_id,p1_0.description,p1_0.manufacturer_name,p1_0.name,p1_0.status,p1_0.unit,o1_0.product_id,o1_0.order_id,o2_0.order_id,c1_0.cust_id,c1_0.address,c1_0.email,c1_0.cust_name,c1_0.phone,o2_0.employee_id,e1_0.emp_id,e1_0.address,e1_0.dob,e1_0.email,e1_0.full_name,e1_0.phone,e1_0.status,o2_0.order_date,o1_0.note,o1_0.price,o1_0.quantity from product p1_0 left join order_detail o1_0 on p1_0.product_id=o1_0.product_id left join orders o2_0 on o2_0.order_id=o1_0.order_id left join customer c1_0 on c1_0.cust_id=o2_0.cust_id left join employee e1_0 on e1_0.emp_id=o2_0.employee_id where p1_0.product_id=?
Hibernate: select p1_0.product_id,p1_0.price_date_time,p1_0.note,p1_0.price from product_price p1_0 where p1_0.product_id=?
Hibernate: select p1_0.product_id,p1_0.image_id,p1_0.alternative,p1_0.path from product_image p1_0 where p1_0.product_id=?
Hibernate: insert into product_image (alternative,path,product_id,image_id) values (?,?,?,default)
Hibernate: select p1_0.price_date_time,p1_0.product_id,p2_0.product_id,p2_0.description,p2_0.manufacturer_name,p2_0.name,p2_0.status,p2_0.unit,o1_0.product_id,o1_0.order_id,o2_0.order_id,c1_0.cust_id,c1_0.address,c1_0.email,c1_0.cust_name,c1_0.phone,o2_0.employee_id,e1_0.emp_id,e1_0.address,e1_0.dob,e1_0.email,e1_0.full_name,e1_0.phone,e1_0.status,o2_0.order_date,o1_0.note,o1_0.price,o1_0.quantity,p1_0.note,p1_0.price from product_price p1_0 join product p2_0 on p2_0.product_id=p1_0.product_id left join order_detail o1_0 on p2_0.product_id=o1_0.product_id left join orders o2_0 on o2_0.order_id=o1_0.order_id left join customer c1_0 on c1_0.cust_id=o2_0.cust_id left join employee e1_0 on e1_0.emp_id=o2_0.employee_id where (p1_0.price_date_time,p1_0.product_id) in ((?,?))
Hibernate: select p1_0.price_date_time,p1_0.product_id,p2_0.product_id,p2_0.description,p2_0.manufacturer_name,p2_0.name,p2_0.status,p2_0.unit,o1_0.product_id,o1_0.order_id,o2_0.order_id,c1_0.cust_id,c1_0.address,c1_0.email,c1_0.cust_name,c1_0.phone,o2_0.employee_id,e1_0.emp_id,e1_0.address,e1_0.dob,e1_0.email,e1_0.full_name,e1_0.phone,e1_0.status,o2_0.order_date,o1_0.note,o1_0.price,o1_0.quantity,p1_0.note,p1_0.price from product_price p1_0 join product p2_0 on p2_0.product_id=p1_0.product_id left join order_detail o1_0 on p2_0.product_id=o1_0.product_id left join orders o2_0 on o2_0.order_id=o1_0.order_id left join customer c1_0 on c1_0.cust_id=o2_0.cust_id left join employee e1_0 on e1_0.emp_id=o2_0.employee_id where (p1_0.price_date_time,p1_0.product_id) in ((?,?))
Hibernate: select p1_0.price_date_time,p1_0.product_id,p2_0.product_id,p2_0.description,p2_0.manufacturer_name,p2_0.name,p2_0.status,p2_0.unit,o1_0.product_id,o1_0.order_id,o2_0.order_id,c1_0.cust_id,c1_0.address,c1_0.email,c1_0.cust_name,c1_0.phone,o2_0.employee_id,e1_0.emp_id,e1_0.address,e1_0.dob,e1_0.email,e1_0.full_name,e1_0.phone,e1_0.status,o2_0.order_date,o1_0.note,o1_0.price,o1_0.quantity,p1_0.note,p1_0.price from product_price p1_0 join product p2_0 on p2_0.product_id=p1_0.product_id left join order_detail o1_0 on p2_0.product_id=o1_0.product_id left join orders o2_0 on o2_0.order_id=o1_0.order_id left join customer c1_0 on c1_0.cust_id=o2_0.cust_id left join employee e1_0 on e1_0.emp_id=o2_0.employee_id where (p1_0.price_date_time,p1_0.product_id) in ((?,?))
Hibernate: insert into product_price (note,price,price_date_time,product_id) values (?,?,?,?)
Hibernate: insert into product_price (note,price,price_date_time,product_id) values (?,?,?,?)
Hibernate: insert into product_price (note,price,price_date_time,product_id) values (?,?,?,?)
Hibernate: insert into product (description,manufacturer_name,name,status,unit,product_id) values (?,?,?,?,?,default)
Hibernate: select p1_0.product_id,p1_0.description,p1_0.manufacturer_name,p1_0.name,p1_0.status,p1_0.unit,o1_0.product_id,o1_0.order_id,o2_0.order_id,c1_0.cust_id,c1_0.address,c1_0.email,c1_0.cust_name,c1_0.phone,o2_0.employee_id,e1_0.emp_id,e1_0.address,e1_0.dob,e1_0.email,e1_0.full_name,e1_0.phone,e1_0.status,o2_0.order_date,o1_0.note,o1_0.price,o1_0.quantity from product p1_0 left join order_detail o1_0 on p1_0.product_id=o1_0.product_id left join orders o2_0 on o2_0.order_id=o1_0.order_id left join customer c1_0 on c1_0.cust_id=o2_0.cust_id left join employee e1_0 on e1_0.emp_id=o2_0.employee_id where p1_0.product_id=?
Hibernate: select p1_0.product_id,p1_0.price_date_time,p1_0.note,p1_0.price from product_price p1_0 where p1_0.product_id=?
Hibernate: select p1_0.product_id,p1_0.image_id,p1_0.alternative,p1_0.path from product_image p1_0 where p1_0.product_id=?
Hibernate: insert into product_image (alternative,path,product_id,image_id) values (?,?,?,default)
Hibernate: select p1_0.price_date_time,p1_0.product_id,p2_0.product_id,p2_0.description,p2_0.manufacturer_name,p2_0.name,p2_0.status,p2_0.unit,o1_0.product_id,o1_0.order_id,o2_0.order_id,c1_0.cust_id,c1_0.address,c1_0.email,c1_0.cust_name,c1_0.phone,o2_0.employee_id,e1_0.emp_id,e1_0.address,e1_0.dob,e1_0.email,e1_0.full_name,e1_0.phone,e1_0.status,o2_0.order_date,o1_0.note,o1_0.price,o1_0.quantity,p1_0.note,p1_0.price from product_price p1_0 join product p2_0 on p2_0.product_id=p1_0.product_id left join order_detail o1_0 on p2_0.product_id=o1_0.product_id left join orders o2_0 on o2_0.order_id=o1_0.order_id left join customer c1_0 on c1_0.cust_id=o2_0.cust_id left join employee e1_0 on e1_0.emp_id=o2_0.employee_id where (p1_0.price_date_time,p1_0.product_id) in ((?,?))
Hibernate: select p1_0.price_date_time,p1_0.product_id,p2_0.product_id,p2_0.description,p2_0.manufacturer_name,p2_0.name,p2_0.status,p2_0.unit,o1_0.product_id,o1_0.order_id,o2_0.order_id,c1_0.cust_id,c1_0.address,c1_0.email,c1_0.cust_name,c1_0.phone,o2_0.employee_id,e1_0.emp_id,e1_0.address,e1_0.dob,e1_0.email,e1_0.full_name,e1_0.phone,e1_0.status,o2_0.order_date,o1_0.note,o1_0.price,o1_0.quantity,p1_0.note,p1_0.price from product_price p1_0 join product p2_0 on p2_0.product_id=p1_0.product_id left join order_detail o1_0 on p2_0.product_id=o1_0.product_id left join orders o2_0 on o2_0.order_id=o1_0.order_id left join customer c1_0 on c1_0.cust_id=o2_0.cust_id left join employee e1_0 on e1_0.emp_id=o2_0.employee_id where (p1_0.price_date_time,p1_0.product_id) in ((?,?))
Hibernate: select p1_0.price_date_time,p1_0.product_id,p2_0.product_id,p2_0.description,p2_0.manufacturer_name,p2_0.name,p2_0.status,p2_0.unit,o1_0.product_id,o1_0.order_id,o2_0.order_id,c1_0.cust_id,c1_0.address,c1_0.email,c1_0.cust_name,c1_0.phone,o2_0.employee_id,e1_0.emp_id,e1_0.address,e1_0.dob,e1_0.email,e1_0.full_name,e1_0.phone,e1_0.status,o2_0.order_date,o1_0.note,o1_0.price,o1_0.quantity,p1_0.note,p1_0.price from product_price p1_0 join product p2_0 on p2_0.product_id=p1_0.product_id left join order_detail o1_0 on p2_0.product_id=o1_0.product_id left join orders o2_0 on o2_0.order_id=o1_0.order_id left join customer c1_0 on c1_0.cust_id=o2_0.cust_id left join employee e1_0 on e1_0.emp_id=o2_0.employee_id where (p1_0.price_date_time,p1_0.product_id) in ((?,?))
Hibernate: insert into product_price (note,price,price_date_time,product_id) values (?,?,?,?)
Hibernate: insert into product_price (note,price,price_date_time,product_id) values (?,?,?,?)
Hibernate: insert into product_price (note,price,price_date_time,product_id) values (?,?,?,?)
Hibernate: insert into product (description,manufacturer_name,name,status,unit,product_id) values (?,?,?,?,?,default)
Hibernate: select p1_0.product_id,p1_0.description,p1_0.manufacturer_name,p1_0.name,p1_0.status,p1_0.unit,o1_0.product_id,o1_0.order_id,o2_0.order_id,c1_0.cust_id,c1_0.address,c1_0.email,c1_0.cust_name,c1_0.phone,o2_0.employee_id,e1_0.emp_id,e1_0.address,e1_0.dob,e1_0.email,e1_0.full_name,e1_0.phone,e1_0.status,o2_0.order_date,o1_0.note,o1_0.price,o1_0.quantity from product p1_0 left join order_detail o1_0 on p1_0.product_id=o1_0.product_id left join orders o2_0 on o2_0.order_id=o1_0.order_id left join customer c1_0 on c1_0.cust_id=o2_0.cust_id left join employee e1_0 on e1_0.emp_id=o2_0.employee_id where p1_0.product_id=?
Hibernate: select p1_0.product_id,p1_0.price_date_time,p1_0.note,p1_0.price from product_price p1_0 where p1_0.product_id=?
Hibernate: select p1_0.product_id,p1_0.image_id,p1_0.alternative,p1_0.path from product_image p1_0 where p1_0.product_id=?
Hibernate: insert into product_image (alternative,path,product_id,image_id) values (?,?,?,default)
Hibernate: select p1_0.price_date_time,p1_0.product_id,p2_0.product_id,p2_0.description,p2_0.manufacturer_name,p2_0.name,p2_0.status,p2_0.unit,o1_0.product_id,o1_0.order_id,o2_0.order_id,c1_0.cust_id,c1_0.address,c1_0.email,c1_0.cust_name,c1_0.phone,o2_0.employee_id,e1_0.emp_id,e1_0.address,e1_0.dob,e1_0.email,e1_0.full_name,e1_0.phone,e1_0.status,o2_0.order_date,o1_0.note,o1_0.price,o1_0.quantity,p1_0.note,p1_0.price from product_price p1_0 join product p2_0 on p2_0.product_id=p1_0.product_id left join order_detail o1_0 on p2_0.product_id=o1_0.product_id left join orders o2_0 on o2_0.order_id=o1_0.order_id left join customer c1_0 on c1_0.cust_id=o2_0.cust_id left join employee e1_0 on e1_0.emp_id=o2_0.employee_id where (p1_0.price_date_time,p1_0.product_id) in ((?,?))
Hibernate: select p1_0.price_date_time,p1_0.product_id,p2_0.product_id,p2_0.description,p2_0.manufacturer_name,p2_0.name,p2_0.status,p2_0.unit,o1_0.product_id,o1_0.order_id,o2_0.order_id,c1_0.cust_id,c1_0.address,c1_0.email,c1_0.cust_name,c1_0.phone,o2_0.employee_id,e1_0.emp_id,e1_0.address,e1_0.dob,e1_0.email,e1_0.full_name,e1_0.phone,e1_0.status,o2_0.order_date,o1_0.note,o1_0.price,o1_0.quantity,p1_0.note,p1_0.price from product_price p1_0 join product p2_0 on p2_0.product_id=p1_0.product_id left join order_detail o1_0 on p2_0.product_id=o1_0.product_id left join orders o2_0 on o2_0.order_id=o1_0.order_id left join customer c1_0 on c1_0.cust_id=o2_0.cust_id left join employee e1_0 on e1_0.emp_id=o2_0.employee_id where (p1_0.price_date_time,p1_0.product_id) in ((?,?))
Hibernate: select p1_0.price_date_time,p1_0.product_id,p2_0.product_id,p2_0.description,p2_0.manufacturer_name,p2_0.name,p2_0.status,p2_0.unit,o1_0.product_id,o1_0.order_id,o2_0.order_id,c1_0.cust_id,c1_0.address,c1_0.email,c1_0.cust_name,c1_0.phone,o2_0.employee_id,e1_0.emp_id,e1_0.address,e1_0.dob,e1_0.email,e1_0.full_name,e1_0.phone,e1_0.status,o2_0.order_date,o1_0.note,o1_0.price,o1_0.quantity,p1_0.note,p1_0.price from product_price p1_0 join product p2_0 on p2_0.product_id=p1_0.product_id left join order_detail o1_0 on p2_0.product_id=o1_0.product_id left join orders o2_0 on o2_0.order_id=o1_0.order_id left join customer c1_0 on c1_0.cust_id=o2_0.cust_id left join employee e1_0 on e1_0.emp_id=o2_0.employee_id where (p1_0.price_date_time,p1_0.product_id) in ((?,?))
Hibernate: insert into product_price (note,price,price_date_time,product_id) values (?,?,?,?)
Hibernate: insert into product_price (note,price,price_date_time,product_id) values (?,?,?,?)
Hibernate: insert into product_price (note,price,price_date_time,product_id) values (?,?,?,?)
Hibernate: insert into product (description,manufacturer_name,name,status,unit,product_id) values (?,?,?,?,?,default)
Hibernate: select p1_0.product_id,p1_0.description,p1_0.manufacturer_name,p1_0.name,p1_0.status,p1_0.unit,o1_0.product_id,o1_0.order_id,o2_0.order_id,c1_0.cust_id,c1_0.address,c1_0.email,c1_0.cust_name,c1_0.phone,o2_0.employee_id,e1_0.emp_id,e1_0.address,e1_0.dob,e1_0.email,e1_0.full_name,e1_0.phone,e1_0.status,o2_0.order_date,o1_0.note,o1_0.price,o1_0.quantity from product p1_0 left join order_detail o1_0 on p1_0.product_id=o1_0.product_id left join orders o2_0 on o2_0.order_id=o1_0.order_id left join customer c1_0 on c1_0.cust_id=o2_0.cust_id left join employee e1_0 on e1_0.emp_id=o2_0.employee_id where p1_0.product_id=?
Hibernate: select p1_0.product_id,p1_0.price_date_time,p1_0.note,p1_0.price from product_price p1_0 where p1_0.product_id=?
Hibernate: select p1_0.product_id,p1_0.image_id,p1_0.alternative,p1_0.path from product_image p1_0 where p1_0.product_id=?
Hibernate: insert into product_image (alternative,path,product_id,image_id) values (?,?,?,default)
Hibernate: select p1_0.price_date_time,p1_0.product_id,p2_0.product_id,p2_0.description,p2_0.manufacturer_name,p2_0.name,p2_0.status,p2_0.unit,o1_0.product_id,o1_0.order_id,o2_0.order_id,c1_0.cust_id,c1_0.address,c1_0.email,c1_0.cust_name,c1_0.phone,o2_0.employee_id,e1_0.emp_id,e1_0.address,e1_0.dob,e1_0.email,e1_0.full_name,e1_0.phone,e1_0.status,o2_0.order_date,o1_0.note,o1_0.price,o1_0.quantity,p1_0.note,p1_0.price from product_price p1_0 join product p2_0 on p2_0.product_id=p1_0.product_id left join order_detail o1_0 on p2_0.product_id=o1_0.product_id left join orders o2_0 on o2_0.order_id=o1_0.order_id left join customer c1_0 on c1_0.cust_id=o2_0.cust_id left join employee e1_0 on e1_0.emp_id=o2_0.employee_id where (p1_0.price_date_time,p1_0.product_id) in ((?,?))
Hibernate: select p1_0.price_date_time,p1_0.product_id,p2_0.product_id,p2_0.description,p2_0.manufacturer_name,p2_0.name,p2_0.status,p2_0.unit,o1_0.product_id,o1_0.order_id,o2_0.order_id,c1_0.cust_id,c1_0.address,c1_0.email,c1_0.cust_name,c1_0.phone,o2_0.employee_id,e1_0.emp_id,e1_0.address,e1_0.dob,e1_0.email,e1_0.full_name,e1_0.phone,e1_0.status,o2_0.order_date,o1_0.note,o1_0.price,o1_0.quantity,p1_0.note,p1_0.price from product_price p1_0 join product p2_0 on p2_0.product_id=p1_0.product_id left join order_detail o1_0 on p2_0.product_id=o1_0.product_id left join orders o2_0 on o2_0.order_id=o1_0.order_id left join customer c1_0 on c1_0.cust_id=o2_0.cust_id left join employee e1_0 on e1_0.emp_id=o2_0.employee_id where (p1_0.price_date_time,p1_0.product_id) in ((?,?))
Hibernate: select p1_0.price_date_time,p1_0.product_id,p2_0.product_id,p2_0.description,p2_0.manufacturer_name,p2_0.name,p2_0.status,p2_0.unit,o1_0.product_id,o1_0.order_id,o2_0.order_id,c1_0.cust_id,c1_0.address,c1_0.email,c1_0.cust_name,c1_0.phone,o2_0.employee_id,e1_0.emp_id,e1_0.address,e1_0.dob,e1_0.email,e1_0.full_name,e1_0.phone,e1_0.status,o2_0.order_date,o1_0.note,o1_0.price,o1_0.quantity,p1_0.note,p1_0.price from product_price p1_0 join product p2_0 on p2_0.product_id=p1_0.product_id left join order_detail o1_0 on p2_0.product_id=o1_0.product_id left join orders o2_0 on o2_0.order_id=o1_0.order_id left join customer c1_0 on c1_0.cust_id=o2_0.cust_id left join employee e1_0 on e1_0.emp_id=o2_0.employee_id where (p1_0.price_date_time,p1_0.product_id) in ((?,?))
Hibernate: insert into product_price (note,price,price_date_time,product_id) values (?,?,?,?)
Hibernate: insert into product_price (note,price,price_date_time,product_id) values (?,?,?,?)
Hibernate: insert into product_price (note,price,price_date_time,product_id) values (?,?,?,?)
Hibernate: insert into product (description,manufacturer_name,name,status,unit,product_id) values (?,?,?,?,?,default)
Hibernate: select p1_0.product_id,p1_0.description,p1_0.manufacturer_name,p1_0.name,p1_0.status,p1_0.unit,o1_0.product_id,o1_0.order_id,o2_0.order_id,c1_0.cust_id,c1_0.address,c1_0.email,c1_0.cust_name,c1_0.phone,o2_0.employee_id,e1_0.emp_id,e1_0.address,e1_0.dob,e1_0.email,e1_0.full_name,e1_0.phone,e1_0.status,o2_0.order_date,o1_0.note,o1_0.price,o1_0.quantity from product p1_0 left join order_detail o1_0 on p1_0.product_id=o1_0.product_id left join orders o2_0 on o2_0.order_id=o1_0.order_id left join customer c1_0 on c1_0.cust_id=o2_0.cust_id left join employee e1_0 on e1_0.emp_id=o2_0.employee_id where p1_0.product_id=?
Hibernate: select p1_0.product_id,p1_0.price_date_time,p1_0.note,p1_0.price from product_price p1_0 where p1_0.product_id=?
Hibernate: select p1_0.product_id,p1_0.image_id,p1_0.alternative,p1_0.path from product_image p1_0 where p1_0.product_id=?
Hibernate: insert into product_image (alternative,path,product_id,image_id) values (?,?,?,default)
Hibernate: select p1_0.price_date_time,p1_0.product_id,p2_0.product_id,p2_0.description,p2_0.manufacturer_name,p2_0.name,p2_0.status,p2_0.unit,o1_0.product_id,o1_0.order_id,o2_0.order_id,c1_0.cust_id,c1_0.address,c1_0.email,c1_0.cust_name,c1_0.phone,o2_0.employee_id,e1_0.emp_id,e1_0.address,e1_0.dob,e1_0.email,e1_0.full_name,e1_0.phone,e1_0.status,o2_0.order_date,o1_0.note,o1_0.price,o1_0.quantity,p1_0.note,p1_0.price from product_price p1_0 join product p2_0 on p2_0.product_id=p1_0.product_id left join order_detail o1_0 on p2_0.product_id=o1_0.product_id left join orders o2_0 on o2_0.order_id=o1_0.order_id left join customer c1_0 on c1_0.cust_id=o2_0.cust_id left join employee e1_0 on e1_0.emp_id=o2_0.employee_id where (p1_0.price_date_time,p1_0.product_id) in ((?,?))
Hibernate: select p1_0.price_date_time,p1_0.product_id,p2_0.product_id,p2_0.description,p2_0.manufacturer_name,p2_0.name,p2_0.status,p2_0.unit,o1_0.product_id,o1_0.order_id,o2_0.order_id,c1_0.cust_id,c1_0.address,c1_0.email,c1_0.cust_name,c1_0.phone,o2_0.employee_id,e1_0.emp_id,e1_0.address,e1_0.dob,e1_0.email,e1_0.full_name,e1_0.phone,e1_0.status,o2_0.order_date,o1_0.note,o1_0.price,o1_0.quantity,p1_0.note,p1_0.price from product_price p1_0 join product p2_0 on p2_0.product_id=p1_0.product_id left join order_detail o1_0 on p2_0.product_id=o1_0.product_id left join orders o2_0 on o2_0.order_id=o1_0.order_id left join customer c1_0 on c1_0.cust_id=o2_0.cust_id left join employee e1_0 on e1_0.emp_id=o2_0.employee_id where (p1_0.price_date_time,p1_0.product_id) in ((?,?))
Hibernate: select p1_0.price_date_time,p1_0.product_id,p2_0.product_id,p2_0.description,p2_0.manufacturer_name,p2_0.name,p2_0.status,p2_0.unit,o1_0.product_id,o1_0.order_id,o2_0.order_id,c1_0.cust_id,c1_0.address,c1_0.email,c1_0.cust_name,c1_0.phone,o2_0.employee_id,e1_0.emp_id,e1_0.address,e1_0.dob,e1_0.email,e1_0.full_name,e1_0.phone,e1_0.status,o2_0.order_date,o1_0.note,o1_0.price,o1_0.quantity,p1_0.note,p1_0.price from product_price p1_0 join product p2_0 on p2_0.product_id=p1_0.product_id left join order_detail o1_0 on p2_0.product_id=o1_0.product_id left join orders o2_0 on o2_0.order_id=o1_0.order_id left join customer c1_0 on c1_0.cust_id=o2_0.cust_id left join employee e1_0 on e1_0.emp_id=o2_0.employee_id where (p1_0.price_date_time,p1_0.product_id) in ((?,?))
Hibernate: insert into product_price (note,price,price_date_time,product_id) values (?,?,?,?)
Hibernate: insert into product_price (note,price,price_date_time,product_id) values (?,?,?,?)
Hibernate: insert into product_price (note,price,price_date_time,product_id) values (?,?,?,?)
Hibernate: insert into product (description,manufacturer_name,name,status,unit,product_id) values (?,?,?,?,?,default)
Hibernate: select p1_0.product_id,p1_0.description,p1_0.manufacturer_name,p1_0.name,p1_0.status,p1_0.unit,o1_0.product_id,o1_0.order_id,o2_0.order_id,c1_0.cust_id,c1_0.address,c1_0.email,c1_0.cust_name,c1_0.phone,o2_0.employee_id,e1_0.emp_id,e1_0.address,e1_0.dob,e1_0.email,e1_0.full_name,e1_0.phone,e1_0.status,o2_0.order_date,o1_0.note,o1_0.price,o1_0.quantity from product p1_0 left join order_detail o1_0 on p1_0.product_id=o1_0.product_id left join orders o2_0 on o2_0.order_id=o1_0.order_id left join customer c1_0 on c1_0.cust_id=o2_0.cust_id left join employee e1_0 on e1_0.emp_id=o2_0.employee_id where p1_0.product_id=?
Hibernate: select p1_0.product_id,p1_0.price_date_time,p1_0.note,p1_0.price from product_price p1_0 where p1_0.product_id=?
Hibernate: select p1_0.product_id,p1_0.image_id,p1_0.alternative,p1_0.path from product_image p1_0 where p1_0.product_id=?
Hibernate: insert into product_image (alternative,path,product_id,image_id) values (?,?,?,default)
Hibernate: select p1_0.price_date_time,p1_0.product_id,p2_0.product_id,p2_0.description,p2_0.manufacturer_name,p2_0.name,p2_0.status,p2_0.unit,o1_0.product_id,o1_0.order_id,o2_0.order_id,c1_0.cust_id,c1_0.address,c1_0.email,c1_0.cust_name,c1_0.phone,o2_0.employee_id,e1_0.emp_id,e1_0.address,e1_0.dob,e1_0.email,e1_0.full_name,e1_0.phone,e1_0.status,o2_0.order_date,o1_0.note,o1_0.price,o1_0.quantity,p1_0.note,p1_0.price from product_price p1_0 join product p2_0 on p2_0.product_id=p1_0.product_id left join order_detail o1_0 on p2_0.product_id=o1_0.product_id left join orders o2_0 on o2_0.order_id=o1_0.order_id left join customer c1_0 on c1_0.cust_id=o2_0.cust_id left join employee e1_0 on e1_0.emp_id=o2_0.employee_id where (p1_0.price_date_time,p1_0.product_id) in ((?,?))
Hibernate: select p1_0.price_date_time,p1_0.product_id,p2_0.product_id,p2_0.description,p2_0.manufacturer_name,p2_0.name,p2_0.status,p2_0.unit,o1_0.product_id,o1_0.order_id,o2_0.order_id,c1_0.cust_id,c1_0.address,c1_0.email,c1_0.cust_name,c1_0.phone,o2_0.employee_id,e1_0.emp_id,e1_0.address,e1_0.dob,e1_0.email,e1_0.full_name,e1_0.phone,e1_0.status,o2_0.order_date,o1_0.note,o1_0.price,o1_0.quantity,p1_0.note,p1_0.price from product_price p1_0 join product p2_0 on p2_0.product_id=p1_0.product_id left join order_detail o1_0 on p2_0.product_id=o1_0.product_id left join orders o2_0 on o2_0.order_id=o1_0.order_id left join customer c1_0 on c1_0.cust_id=o2_0.cust_id left join employee e1_0 on e1_0.emp_id=o2_0.employee_id where (p1_0.price_date_time,p1_0.product_id) in ((?,?))
Hibernate: select p1_0.price_date_time,p1_0.product_id,p2_0.product_id,p2_0.description,p2_0.manufacturer_name,p2_0.name,p2_0.status,p2_0.unit,o1_0.product_id,o1_0.order_id,o2_0.order_id,c1_0.cust_id,c1_0.address,c1_0.email,c1_0.cust_name,c1_0.phone,o2_0.employee_id,e1_0.emp_id,e1_0.address,e1_0.dob,e1_0.email,e1_0.full_name,e1_0.phone,e1_0.status,o2_0.order_date,o1_0.note,o1_0.price,o1_0.quantity,p1_0.note,p1_0.price from product_price p1_0 join product p2_0 on p2_0.product_id=p1_0.product_id left join order_detail o1_0 on p2_0.product_id=o1_0.product_id left join orders o2_0 on o2_0.order_id=o1_0.order_id left join customer c1_0 on c1_0.cust_id=o2_0.cust_id left join employee e1_0 on e1_0.emp_id=o2_0.employee_id where (p1_0.price_date_time,p1_0.product_id) in ((?,?))
Hibernate: insert into product_price (note,price,price_date_time,product_id) values (?,?,?,?)
Hibernate: insert into product_price (note,price,price_date_time,product_id) values (?,?,?,?)
Hibernate: insert into product_price (note,price,price_date_time,product_id) values (?,?,?,?)
Hibernate: insert into product (description,manufacturer_name,name,status,unit,product_id) values (?,?,?,?,?,default)
Hibernate: select p1_0.product_id,p1_0.description,p1_0.manufacturer_name,p1_0.name,p1_0.status,p1_0.unit,o1_0.product_id,o1_0.order_id,o2_0.order_id,c1_0.cust_id,c1_0.address,c1_0.email,c1_0.cust_name,c1_0.phone,o2_0.employee_id,e1_0.emp_id,e1_0.address,e1_0.dob,e1_0.email,e1_0.full_name,e1_0.phone,e1_0.status,o2_0.order_date,o1_0.note,o1_0.price,o1_0.quantity from product p1_0 left join order_detail o1_0 on p1_0.product_id=o1_0.product_id left join orders o2_0 on o2_0.order_id=o1_0.order_id left join customer c1_0 on c1_0.cust_id=o2_0.cust_id left join employee e1_0 on e1_0.emp_id=o2_0.employee_id where p1_0.product_id=?
Hibernate: select p1_0.product_id,p1_0.price_date_time,p1_0.note,p1_0.price from product_price p1_0 where p1_0.product_id=?
Hibernate: select p1_0.product_id,p1_0.image_id,p1_0.alternative,p1_0.path from product_image p1_0 where p1_0.product_id=?
Hibernate: insert into product_image (alternative,path,product_id,image_id) values (?,?,?,default)
Hibernate: select p1_0.price_date_time,p1_0.product_id,p2_0.product_id,p2_0.description,p2_0.manufacturer_name,p2_0.name,p2_0.status,p2_0.unit,o1_0.product_id,o1_0.order_id,o2_0.order_id,c1_0.cust_id,c1_0.address,c1_0.email,c1_0.cust_name,c1_0.phone,o2_0.employee_id,e1_0.emp_id,e1_0.address,e1_0.dob,e1_0.email,e1_0.full_name,e1_0.phone,e1_0.status,o2_0.order_date,o1_0.note,o1_0.price,o1_0.quantity,p1_0.note,p1_0.price from product_price p1_0 join product p2_0 on p2_0.product_id=p1_0.product_id left join order_detail o1_0 on p2_0.product_id=o1_0.product_id left join orders o2_0 on o2_0.order_id=o1_0.order_id left join customer c1_0 on c1_0.cust_id=o2_0.cust_id left join employee e1_0 on e1_0.emp_id=o2_0.employee_id where (p1_0.price_date_time,p1_0.product_id) in ((?,?))
Hibernate: select p1_0.price_date_time,p1_0.product_id,p2_0.product_id,p2_0.description,p2_0.manufacturer_name,p2_0.name,p2_0.status,p2_0.unit,o1_0.product_id,o1_0.order_id,o2_0.order_id,c1_0.cust_id,c1_0.address,c1_0.email,c1_0.cust_name,c1_0.phone,o2_0.employee_id,e1_0.emp_id,e1_0.address,e1_0.dob,e1_0.email,e1_0.full_name,e1_0.phone,e1_0.status,o2_0.order_date,o1_0.note,o1_0.price,o1_0.quantity,p1_0.note,p1_0.price from product_price p1_0 join product p2_0 on p2_0.product_id=p1_0.product_id left join order_detail o1_0 on p2_0.product_id=o1_0.product_id left join orders o2_0 on o2_0.order_id=o1_0.order_id left join customer c1_0 on c1_0.cust_id=o2_0.cust_id left join employee e1_0 on e1_0.emp_id=o2_0.employee_id where (p1_0.price_date_time,p1_0.product_id) in ((?,?))
Hibernate: select p1_0.price_date_time,p1_0.product_id,p2_0.product_id,p2_0.description,p2_0.manufacturer_name,p2_0.name,p2_0.status,p2_0.unit,o1_0.product_id,o1_0.order_id,o2_0.order_id,c1_0.cust_id,c1_0.address,c1_0.email,c1_0.cust_name,c1_0.phone,o2_0.employee_id,e1_0.emp_id,e1_0.address,e1_0.dob,e1_0.email,e1_0.full_name,e1_0.phone,e1_0.status,o2_0.order_date,o1_0.note,o1_0.price,o1_0.quantity,p1_0.note,p1_0.price from product_price p1_0 join product p2_0 on p2_0.product_id=p1_0.product_id left join order_detail o1_0 on p2_0.product_id=o1_0.product_id left join orders o2_0 on o2_0.order_id=o1_0.order_id left join customer c1_0 on c1_0.cust_id=o2_0.cust_id left join employee e1_0 on e1_0.emp_id=o2_0.employee_id where (p1_0.price_date_time,p1_0.product_id) in ((?,?))
Hibernate: insert into product_price (note,price,price_date_time,product_id) values (?,?,?,?)
Hibernate: insert into product_price (note,price,price_date_time,product_id) values (?,?,?,?)
Hibernate: insert into product_price (note,price,price_date_time,product_id) values (?,?,?,?)
Hibernate: insert into product (description,manufacturer_name,name,status,unit,product_id) values (?,?,?,?,?,default)
Hibernate: select p1_0.product_id,p1_0.description,p1_0.manufacturer_name,p1_0.name,p1_0.status,p1_0.unit,o1_0.product_id,o1_0.order_id,o2_0.order_id,c1_0.cust_id,c1_0.address,c1_0.email,c1_0.cust_name,c1_0.phone,o2_0.employee_id,e1_0.emp_id,e1_0.address,e1_0.dob,e1_0.email,e1_0.full_name,e1_0.phone,e1_0.status,o2_0.order_date,o1_0.note,o1_0.price,o1_0.quantity from product p1_0 left join order_detail o1_0 on p1_0.product_id=o1_0.product_id left join orders o2_0 on o2_0.order_id=o1_0.order_id left join customer c1_0 on c1_0.cust_id=o2_0.cust_id left join employee e1_0 on e1_0.emp_id=o2_0.employee_id where p1_0.product_id=?
Hibernate: select p1_0.product_id,p1_0.price_date_time,p1_0.note,p1_0.price from product_price p1_0 where p1_0.product_id=?
Hibernate: select p1_0.product_id,p1_0.image_id,p1_0.alternative,p1_0.path from product_image p1_0 where p1_0.product_id=?
Hibernate: insert into product_image (alternative,path,product_id,image_id) values (?,?,?,default)
Hibernate: select p1_0.price_date_time,p1_0.product_id,p2_0.product_id,p2_0.description,p2_0.manufacturer_name,p2_0.name,p2_0.status,p2_0.unit,o1_0.product_id,o1_0.order_id,o2_0.order_id,c1_0.cust_id,c1_0.address,c1_0.email,c1_0.cust_name,c1_0.phone,o2_0.employee_id,e1_0.emp_id,e1_0.address,e1_0.dob,e1_0.email,e1_0.full_name,e1_0.phone,e1_0.status,o2_0.order_date,o1_0.note,o1_0.price,o1_0.quantity,p1_0.note,p1_0.price from product_price p1_0 join product p2_0 on p2_0.product_id=p1_0.product_id left join order_detail o1_0 on p2_0.product_id=o1_0.product_id left join orders o2_0 on o2_0.order_id=o1_0.order_id left join customer c1_0 on c1_0.cust_id=o2_0.cust_id left join employee e1_0 on e1_0.emp_id=o2_0.employee_id where (p1_0.price_date_time,p1_0.product_id) in ((?,?))
Hibernate: select p1_0.price_date_time,p1_0.product_id,p2_0.product_id,p2_0.description,p2_0.manufacturer_name,p2_0.name,p2_0.status,p2_0.unit,o1_0.product_id,o1_0.order_id,o2_0.order_id,c1_0.cust_id,c1_0.address,c1_0.email,c1_0.cust_name,c1_0.phone,o2_0.employee_id,e1_0.emp_id,e1_0.address,e1_0.dob,e1_0.email,e1_0.full_name,e1_0.phone,e1_0.status,o2_0.order_date,o1_0.note,o1_0.price,o1_0.quantity,p1_0.note,p1_0.price from product_price p1_0 join product p2_0 on p2_0.product_id=p1_0.product_id left join order_detail o1_0 on p2_0.product_id=o1_0.product_id left join orders o2_0 on o2_0.order_id=o1_0.order_id left join customer c1_0 on c1_0.cust_id=o2_0.cust_id left join employee e1_0 on e1_0.emp_id=o2_0.employee_id where (p1_0.price_date_time,p1_0.product_id) in ((?,?))
Hibernate: select p1_0.price_date_time,p1_0.product_id,p2_0.product_id,p2_0.description,p2_0.manufacturer_name,p2_0.name,p2_0.status,p2_0.unit,o1_0.product_id,o1_0.order_id,o2_0.order_id,c1_0.cust_id,c1_0.address,c1_0.email,c1_0.cust_name,c1_0.phone,o2_0.employee_id,e1_0.emp_id,e1_0.address,e1_0.dob,e1_0.email,e1_0.full_name,e1_0.phone,e1_0.status,o2_0.order_date,o1_0.note,o1_0.price,o1_0.quantity,p1_0.note,p1_0.price from product_price p1_0 join product p2_0 on p2_0.product_id=p1_0.product_id left join order_detail o1_0 on p2_0.product_id=o1_0.product_id left join orders o2_0 on o2_0.order_id=o1_0.order_id left join customer c1_0 on c1_0.cust_id=o2_0.cust_id left join employee e1_0 on e1_0.emp_id=o2_0.employee_id where (p1_0.price_date_time,p1_0.product_id) in ((?,?))
Hibernate: insert into product_price (note,price,price_date_time,product_id) values (?,?,?,?)
Hibernate: insert into product_price (note,price,price_date_time,product_id) values (?,?,?,?)
Hibernate: insert into product_price (note,price,price_date_time,product_id) values (?,?,?,?)
Hibernate: insert into product (description,manufacturer_name,name,status,unit,product_id) values (?,?,?,?,?,default)
Hibernate: select p1_0.product_id,p1_0.description,p1_0.manufacturer_name,p1_0.name,p1_0.status,p1_0.unit,o1_0.product_id,o1_0.order_id,o2_0.order_id,c1_0.cust_id,c1_0.address,c1_0.email,c1_0.cust_name,c1_0.phone,o2_0.employee_id,e1_0.emp_id,e1_0.address,e1_0.dob,e1_0.email,e1_0.full_name,e1_0.phone,e1_0.status,o2_0.order_date,o1_0.note,o1_0.price,o1_0.quantity from product p1_0 left join order_detail o1_0 on p1_0.product_id=o1_0.product_id left join orders o2_0 on o2_0.order_id=o1_0.order_id left join customer c1_0 on c1_0.cust_id=o2_0.cust_id left join employee e1_0 on e1_0.emp_id=o2_0.employee_id where p1_0.product_id=?
Hibernate: select p1_0.product_id,p1_0.price_date_time,p1_0.note,p1_0.price from product_price p1_0 where p1_0.product_id=?
Hibernate: select p1_0.product_id,p1_0.image_id,p1_0.alternative,p1_0.path from product_image p1_0 where p1_0.product_id=?
Hibernate: insert into product_image (alternative,path,product_id,image_id) values (?,?,?,default)
Hibernate: select p1_0.price_date_time,p1_0.product_id,p2_0.product_id,p2_0.description,p2_0.manufacturer_name,p2_0.name,p2_0.status,p2_0.unit,o1_0.product_id,o1_0.order_id,o2_0.order_id,c1_0.cust_id,c1_0.address,c1_0.email,c1_0.cust_name,c1_0.phone,o2_0.employee_id,e1_0.emp_id,e1_0.address,e1_0.dob,e1_0.email,e1_0.full_name,e1_0.phone,e1_0.status,o2_0.order_date,o1_0.note,o1_0.price,o1_0.quantity,p1_0.note,p1_0.price from product_price p1_0 join product p2_0 on p2_0.product_id=p1_0.product_id left join order_detail o1_0 on p2_0.product_id=o1_0.product_id left join orders o2_0 on o2_0.order_id=o1_0.order_id left join customer c1_0 on c1_0.cust_id=o2_0.cust_id left join employee e1_0 on e1_0.emp_id=o2_0.employee_id where (p1_0.price_date_time,p1_0.product_id) in ((?,?))
Hibernate: select p1_0.price_date_time,p1_0.product_id,p2_0.product_id,p2_0.description,p2_0.manufacturer_name,p2_0.name,p2_0.status,p2_0.unit,o1_0.product_id,o1_0.order_id,o2_0.order_id,c1_0.cust_id,c1_0.address,c1_0.email,c1_0.cust_name,c1_0.phone,o2_0.employee_id,e1_0.emp_id,e1_0.address,e1_0.dob,e1_0.email,e1_0.full_name,e1_0.phone,e1_0.status,o2_0.order_date,o1_0.note,o1_0.price,o1_0.quantity,p1_0.note,p1_0.price from product_price p1_0 join product p2_0 on p2_0.product_id=p1_0.product_id left join order_detail o1_0 on p2_0.product_id=o1_0.product_id left join orders o2_0 on o2_0.order_id=o1_0.order_id left join customer c1_0 on c1_0.cust_id=o2_0.cust_id left join employee e1_0 on e1_0.emp_id=o2_0.employee_id where (p1_0.price_date_time,p1_0.product_id) in ((?,?))
Hibernate: select p1_0.price_date_time,p1_0.product_id,p2_0.product_id,p2_0.description,p2_0.manufacturer_name,p2_0.name,p2_0.status,p2_0.unit,o1_0.product_id,o1_0.order_id,o2_0.order_id,c1_0.cust_id,c1_0.address,c1_0.email,c1_0.cust_name,c1_0.phone,o2_0.employee_id,e1_0.emp_id,e1_0.address,e1_0.dob,e1_0.email,e1_0.full_name,e1_0.phone,e1_0.status,o2_0.order_date,o1_0.note,o1_0.price,o1_0.quantity,p1_0.note,p1_0.price from product_price p1_0 join product p2_0 on p2_0.product_id=p1_0.product_id left join order_detail o1_0 on p2_0.product_id=o1_0.product_id left join orders o2_0 on o2_0.order_id=o1_0.order_id left join customer c1_0 on c1_0.cust_id=o2_0.cust_id left join employee e1_0 on e1_0.emp_id=o2_0.employee_id where (p1_0.price_date_time,p1_0.product_id) in ((?,?))
Hibernate: insert into product_price (note,price,price_date_time,product_id) values (?,?,?,?)
Hibernate: insert into product_price (note,price,price_date_time,product_id) values (?,?,?,?)
Hibernate: insert into product_price (note,price,price_date_time,product_id) values (?,?,?,?)
Hibernate: insert into product (description,manufacturer_name,name,status,unit,product_id) values (?,?,?,?,?,default)
Hibernate: select p1_0.product_id,p1_0.description,p1_0.manufacturer_name,p1_0.name,p1_0.status,p1_0.unit,o1_0.product_id,o1_0.order_id,o2_0.order_id,c1_0.cust_id,c1_0.address,c1_0.email,c1_0.cust_name,c1_0.phone,o2_0.employee_id,e1_0.emp_id,e1_0.address,e1_0.dob,e1_0.email,e1_0.full_name,e1_0.phone,e1_0.status,o2_0.order_date,o1_0.note,o1_0.price,o1_0.quantity from product p1_0 left join order_detail o1_0 on p1_0.product_id=o1_0.product_id left join orders o2_0 on o2_0.order_id=o1_0.order_id left join customer c1_0 on c1_0.cust_id=o2_0.cust_id left join employee e1_0 on e1_0.emp_id=o2_0.employee_id where p1_0.product_id=?
Hibernate: select p1_0.product_id,p1_0.price_date_time,p1_0.note,p1_0.price from product_price p1_0 where p1_0.product_id=?
Hibernate: select p1_0.product_id,p1_0.image_id,p1_0.alternative,p1_0.path from product_image p1_0 where p1_0.product_id=?
Hibernate: insert into product_image (alternative,path,product_id,image_id) values (?,?,?,default)
Hibernate: select p1_0.price_date_time,p1_0.product_id,p2_0.product_id,p2_0.description,p2_0.manufacturer_name,p2_0.name,p2_0.status,p2_0.unit,o1_0.product_id,o1_0.order_id,o2_0.order_id,c1_0.cust_id,c1_0.address,c1_0.email,c1_0.cust_name,c1_0.phone,o2_0.employee_id,e1_0.emp_id,e1_0.address,e1_0.dob,e1_0.email,e1_0.full_name,e1_0.phone,e1_0.status,o2_0.order_date,o1_0.note,o1_0.price,o1_0.quantity,p1_0.note,p1_0.price from product_price p1_0 join product p2_0 on p2_0.product_id=p1_0.product_id left join order_detail o1_0 on p2_0.product_id=o1_0.product_id left join orders o2_0 on o2_0.order_id=o1_0.order_id left join customer c1_0 on c1_0.cust_id=o2_0.cust_id left join employee e1_0 on e1_0.emp_id=o2_0.employee_id where (p1_0.price_date_time,p1_0.product_id) in ((?,?))
Hibernate: select p1_0.price_date_time,p1_0.product_id,p2_0.product_id,p2_0.description,p2_0.manufacturer_name,p2_0.name,p2_0.status,p2_0.unit,o1_0.product_id,o1_0.order_id,o2_0.order_id,c1_0.cust_id,c1_0.address,c1_0.email,c1_0.cust_name,c1_0.phone,o2_0.employee_id,e1_0.emp_id,e1_0.address,e1_0.dob,e1_0.email,e1_0.full_name,e1_0.phone,e1_0.status,o2_0.order_date,o1_0.note,o1_0.price,o1_0.quantity,p1_0.note,p1_0.price from product_price p1_0 join product p2_0 on p2_0.product_id=p1_0.product_id left join order_detail o1_0 on p2_0.product_id=o1_0.product_id left join orders o2_0 on o2_0.order_id=o1_0.order_id left join customer c1_0 on c1_0.cust_id=o2_0.cust_id left join employee e1_0 on e1_0.emp_id=o2_0.employee_id where (p1_0.price_date_time,p1_0.product_id) in ((?,?))
Hibernate: select p1_0.price_date_time,p1_0.product_id,p2_0.product_id,p2_0.description,p2_0.manufacturer_name,p2_0.name,p2_0.status,p2_0.unit,o1_0.product_id,o1_0.order_id,o2_0.order_id,c1_0.cust_id,c1_0.address,c1_0.email,c1_0.cust_name,c1_0.phone,o2_0.employee_id,e1_0.emp_id,e1_0.address,e1_0.dob,e1_0.email,e1_0.full_name,e1_0.phone,e1_0.status,o2_0.order_date,o1_0.note,o1_0.price,o1_0.quantity,p1_0.note,p1_0.price from product_price p1_0 join product p2_0 on p2_0.product_id=p1_0.product_id left join order_detail o1_0 on p2_0.product_id=o1_0.product_id left join orders o2_0 on o2_0.order_id=o1_0.order_id left join customer c1_0 on c1_0.cust_id=o2_0.cust_id left join employee e1_0 on e1_0.emp_id=o2_0.employee_id where (p1_0.price_date_time,p1_0.product_id) in ((?,?))
Hibernate: insert into product_price (note,price,price_date_time,product_id) values (?,?,?,?)
Hibernate: insert into product_price (note,price,price_date_time,product_id) values (?,?,?,?)
Hibernate: insert into product_price (note,price,price_date_time,product_id) values (?,?,?,?)
Hibernate: insert into product (description,manufacturer_name,name,status,unit,product_id) values (?,?,?,?,?,default)
Hibernate: select p1_0.product_id,p1_0.description,p1_0.manufacturer_name,p1_0.name,p1_0.status,p1_0.unit,o1_0.product_id,o1_0.order_id,o2_0.order_id,c1_0.cust_id,c1_0.address,c1_0.email,c1_0.cust_name,c1_0.phone,o2_0.employee_id,e1_0.emp_id,e1_0.address,e1_0.dob,e1_0.email,e1_0.full_name,e1_0.phone,e1_0.status,o2_0.order_date,o1_0.note,o1_0.price,o1_0.quantity from product p1_0 left join order_detail o1_0 on p1_0.product_id=o1_0.product_id left join orders o2_0 on o2_0.order_id=o1_0.order_id left join customer c1_0 on c1_0.cust_id=o2_0.cust_id left join employee e1_0 on e1_0.emp_id=o2_0.employee_id where p1_0.product_id=?
Hibernate: select p1_0.product_id,p1_0.price_date_time,p1_0.note,p1_0.price from product_price p1_0 where p1_0.product_id=?
Hibernate: select p1_0.product_id,p1_0.image_id,p1_0.alternative,p1_0.path from product_image p1_0 where p1_0.product_id=?
Hibernate: insert into product_image (alternative,path,product_id,image_id) values (?,?,?,default)
Hibernate: select p1_0.price_date_time,p1_0.product_id,p2_0.product_id,p2_0.description,p2_0.manufacturer_name,p2_0.name,p2_0.status,p2_0.unit,o1_0.product_id,o1_0.order_id,o2_0.order_id,c1_0.cust_id,c1_0.address,c1_0.email,c1_0.cust_name,c1_0.phone,o2_0.employee_id,e1_0.emp_id,e1_0.address,e1_0.dob,e1_0.email,e1_0.full_name,e1_0.phone,e1_0.status,o2_0.order_date,o1_0.note,o1_0.price,o1_0.quantity,p1_0.note,p1_0.price from product_price p1_0 join product p2_0 on p2_0.product_id=p1_0.product_id left join order_detail o1_0 on p2_0.product_id=o1_0.product_id left join orders o2_0 on o2_0.order_id=o1_0.order_id left join customer c1_0 on c1_0.cust_id=o2_0.cust_id left join employee e1_0 on e1_0.emp_id=o2_0.employee_id where (p1_0.price_date_time,p1_0.product_id) in ((?,?))
Hibernate: select p1_0.price_date_time,p1_0.product_id,p2_0.product_id,p2_0.description,p2_0.manufacturer_name,p2_0.name,p2_0.status,p2_0.unit,o1_0.product_id,o1_0.order_id,o2_0.order_id,c1_0.cust_id,c1_0.address,c1_0.email,c1_0.cust_name,c1_0.phone,o2_0.employee_id,e1_0.emp_id,e1_0.address,e1_0.dob,e1_0.email,e1_0.full_name,e1_0.phone,e1_0.status,o2_0.order_date,o1_0.note,o1_0.price,o1_0.quantity,p1_0.note,p1_0.price from product_price p1_0 join product p2_0 on p2_0.product_id=p1_0.product_id left join order_detail o1_0 on p2_0.product_id=o1_0.product_id left join orders o2_0 on o2_0.order_id=o1_0.order_id left join customer c1_0 on c1_0.cust_id=o2_0.cust_id left join employee e1_0 on e1_0.emp_id=o2_0.employee_id where (p1_0.price_date_time,p1_0.product_id) in ((?,?))
Hibernate: select p1_0.price_date_time,p1_0.product_id,p2_0.product_id,p2_0.description,p2_0.manufacturer_name,p2_0.name,p2_0.status,p2_0.unit,o1_0.product_id,o1_0.order_id,o2_0.order_id,c1_0.cust_id,c1_0.address,c1_0.email,c1_0.cust_name,c1_0.phone,o2_0.employee_id,e1_0.emp_id,e1_0.address,e1_0.dob,e1_0.email,e1_0.full_name,e1_0.phone,e1_0.status,o2_0.order_date,o1_0.note,o1_0.price,o1_0.quantity,p1_0.note,p1_0.price from product_price p1_0 join product p2_0 on p2_0.product_id=p1_0.product_id left join order_detail o1_0 on p2_0.product_id=o1_0.product_id left join orders o2_0 on o2_0.order_id=o1_0.order_id left join customer c1_0 on c1_0.cust_id=o2_0.cust_id left join employee e1_0 on e1_0.emp_id=o2_0.employee_id where (p1_0.price_date_time,p1_0.product_id) in ((?,?))
Hibernate: insert into product_price (note,price,price_date_time,product_id) values (?,?,?,?)
Hibernate: insert into product_price (note,price,price_date_time,product_id) values (?,?,?,?)
Hibernate: insert into product_price (note,price,price_date_time,product_id) values (?,?,?,?)
Hibernate: insert into product (description,manufacturer_name,name,status,unit,product_id) values (?,?,?,?,?,default)
Hibernate: select p1_0.product_id,p1_0.description,p1_0.manufacturer_name,p1_0.name,p1_0.status,p1_0.unit,o1_0.product_id,o1_0.order_id,o2_0.order_id,c1_0.cust_id,c1_0.address,c1_0.email,c1_0.cust_name,c1_0.phone,o2_0.employee_id,e1_0.emp_id,e1_0.address,e1_0.dob,e1_0.email,e1_0.full_name,e1_0.phone,e1_0.status,o2_0.order_date,o1_0.note,o1_0.price,o1_0.quantity from product p1_0 left join order_detail o1_0 on p1_0.product_id=o1_0.product_id left join orders o2_0 on o2_0.order_id=o1_0.order_id left join customer c1_0 on c1_0.cust_id=o2_0.cust_id left join employee e1_0 on e1_0.emp_id=o2_0.employee_id where p1_0.product_id=?
Hibernate: select p1_0.product_id,p1_0.price_date_time,p1_0.note,p1_0.price from product_price p1_0 where p1_0.product_id=?
Hibernate: select p1_0.product_id,p1_0.image_id,p1_0.alternative,p1_0.path from product_image p1_0 where p1_0.product_id=?
Hibernate: insert into product_image (alternative,path,product_id,image_id) values (?,?,?,default)
Hibernate: select p1_0.price_date_time,p1_0.product_id,p2_0.product_id,p2_0.description,p2_0.manufacturer_name,p2_0.name,p2_0.status,p2_0.unit,o1_0.product_id,o1_0.order_id,o2_0.order_id,c1_0.cust_id,c1_0.address,c1_0.email,c1_0.cust_name,c1_0.phone,o2_0.employee_id,e1_0.emp_id,e1_0.address,e1_0.dob,e1_0.email,e1_0.full_name,e1_0.phone,e1_0.status,o2_0.order_date,o1_0.note,o1_0.price,o1_0.quantity,p1_0.note,p1_0.price from product_price p1_0 join product p2_0 on p2_0.product_id=p1_0.product_id left join order_detail o1_0 on p2_0.product_id=o1_0.product_id left join orders o2_0 on o2_0.order_id=o1_0.order_id left join customer c1_0 on c1_0.cust_id=o2_0.cust_id left join employee e1_0 on e1_0.emp_id=o2_0.employee_id where (p1_0.price_date_time,p1_0.product_id) in ((?,?))
Hibernate: select p1_0.price_date_time,p1_0.product_id,p2_0.product_id,p2_0.description,p2_0.manufacturer_name,p2_0.name,p2_0.status,p2_0.unit,o1_0.product_id,o1_0.order_id,o2_0.order_id,c1_0.cust_id,c1_0.address,c1_0.email,c1_0.cust_name,c1_0.phone,o2_0.employee_id,e1_0.emp_id,e1_0.address,e1_0.dob,e1_0.email,e1_0.full_name,e1_0.phone,e1_0.status,o2_0.order_date,o1_0.note,o1_0.price,o1_0.quantity,p1_0.note,p1_0.price from product_price p1_0 join product p2_0 on p2_0.product_id=p1_0.product_id left join order_detail o1_0 on p2_0.product_id=o1_0.product_id left join orders o2_0 on o2_0.order_id=o1_0.order_id left join customer c1_0 on c1_0.cust_id=o2_0.cust_id left join employee e1_0 on e1_0.emp_id=o2_0.employee_id where (p1_0.price_date_time,p1_0.product_id) in ((?,?))
Hibernate: select p1_0.price_date_time,p1_0.product_id,p2_0.product_id,p2_0.description,p2_0.manufacturer_name,p2_0.name,p2_0.status,p2_0.unit,o1_0.product_id,o1_0.order_id,o2_0.order_id,c1_0.cust_id,c1_0.address,c1_0.email,c1_0.cust_name,c1_0.phone,o2_0.employee_id,e1_0.emp_id,e1_0.address,e1_0.dob,e1_0.email,e1_0.full_name,e1_0.phone,e1_0.status,o2_0.order_date,o1_0.note,o1_0.price,o1_0.quantity,p1_0.note,p1_0.price from product_price p1_0 join product p2_0 on p2_0.product_id=p1_0.product_id left join order_detail o1_0 on p2_0.product_id=o1_0.product_id left join orders o2_0 on o2_0.order_id=o1_0.order_id left join customer c1_0 on c1_0.cust_id=o2_0.cust_id left join employee e1_0 on e1_0.emp_id=o2_0.employee_id where (p1_0.price_date_time,p1_0.product_id) in ((?,?))
Hibernate: insert into product_price (note,price,price_date_time,product_id) values (?,?,?,?)
Hibernate: insert into product_price (note,price,price_date_time,product_id) values (?,?,?,?)
Hibernate: insert into product_price (note,price,price_date_time,product_id) values (?,?,?,?)
Hibernate: insert into product (description,manufacturer_name,name,status,unit,product_id) values (?,?,?,?,?,default)
Hibernate: select p1_0.product_id,p1_0.description,p1_0.manufacturer_name,p1_0.name,p1_0.status,p1_0.unit,o1_0.product_id,o1_0.order_id,o2_0.order_id,c1_0.cust_id,c1_0.address,c1_0.email,c1_0.cust_name,c1_0.phone,o2_0.employee_id,e1_0.emp_id,e1_0.address,e1_0.dob,e1_0.email,e1_0.full_name,e1_0.phone,e1_0.status,o2_0.order_date,o1_0.note,o1_0.price,o1_0.quantity from product p1_0 left join order_detail o1_0 on p1_0.product_id=o1_0.product_id left join orders o2_0 on o2_0.order_id=o1_0.order_id left join customer c1_0 on c1_0.cust_id=o2_0.cust_id left join employee e1_0 on e1_0.emp_id=o2_0.employee_id where p1_0.product_id=?
Hibernate: select p1_0.product_id,p1_0.price_date_time,p1_0.note,p1_0.price from product_price p1_0 where p1_0.product_id=?
Hibernate: select p1_0.product_id,p1_0.image_id,p1_0.alternative,p1_0.path from product_image p1_0 where p1_0.product_id=?
Hibernate: insert into product_image (alternative,path,product_id,image_id) values (?,?,?,default)
Hibernate: select p1_0.price_date_time,p1_0.product_id,p2_0.product_id,p2_0.description,p2_0.manufacturer_name,p2_0.name,p2_0.status,p2_0.unit,o1_0.product_id,o1_0.order_id,o2_0.order_id,c1_0.cust_id,c1_0.address,c1_0.email,c1_0.cust_name,c1_0.phone,o2_0.employee_id,e1_0.emp_id,e1_0.address,e1_0.dob,e1_0.email,e1_0.full_name,e1_0.phone,e1_0.status,o2_0.order_date,o1_0.note,o1_0.price,o1_0.quantity,p1_0.note,p1_0.price from product_price p1_0 join product p2_0 on p2_0.product_id=p1_0.product_id left join order_detail o1_0 on p2_0.product_id=o1_0.product_id left join orders o2_0 on o2_0.order_id=o1_0.order_id left join customer c1_0 on c1_0.cust_id=o2_0.cust_id left join employee e1_0 on e1_0.emp_id=o2_0.employee_id where (p1_0.price_date_time,p1_0.product_id) in ((?,?))
Hibernate: select p1_0.price_date_time,p1_0.product_id,p2_0.product_id,p2_0.description,p2_0.manufacturer_name,p2_0.name,p2_0.status,p2_0.unit,o1_0.product_id,o1_0.order_id,o2_0.order_id,c1_0.cust_id,c1_0.address,c1_0.email,c1_0.cust_name,c1_0.phone,o2_0.employee_id,e1_0.emp_id,e1_0.address,e1_0.dob,e1_0.email,e1_0.full_name,e1_0.phone,e1_0.status,o2_0.order_date,o1_0.note,o1_0.price,o1_0.quantity,p1_0.note,p1_0.price from product_price p1_0 join product p2_0 on p2_0.product_id=p1_0.product_id left join order_detail o1_0 on p2_0.product_id=o1_0.product_id left join orders o2_0 on o2_0.order_id=o1_0.order_id left join customer c1_0 on c1_0.cust_id=o2_0.cust_id left join employee e1_0 on e1_0.emp_id=o2_0.employee_id where (p1_0.price_date_time,p1_0.product_id) in ((?,?))
Hibernate: select p1_0.price_date_time,p1_0.product_id,p2_0.product_id,p2_0.description,p2_0.manufacturer_name,p2_0.name,p2_0.status,p2_0.unit,o1_0.product_id,o1_0.order_id,o2_0.order_id,c1_0.cust_id,c1_0.address,c1_0.email,c1_0.cust_name,c1_0.phone,o2_0.employee_id,e1_0.emp_id,e1_0.address,e1_0.dob,e1_0.email,e1_0.full_name,e1_0.phone,e1_0.status,o2_0.order_date,o1_0.note,o1_0.price,o1_0.quantity,p1_0.note,p1_0.price from product_price p1_0 join product p2_0 on p2_0.product_id=p1_0.product_id left join order_detail o1_0 on p2_0.product_id=o1_0.product_id left join orders o2_0 on o2_0.order_id=o1_0.order_id left join customer c1_0 on c1_0.cust_id=o2_0.cust_id left join employee e1_0 on e1_0.emp_id=o2_0.employee_id where (p1_0.price_date_time,p1_0.product_id) in ((?,?))
Hibernate: insert into product_price (note,price,price_date_time,product_id) values (?,?,?,?)
Hibernate: insert into product_price (note,price,price_date_time,product_id) values (?,?,?,?)
Hibernate: insert into product_price (note,price,price_date_time,product_id) values (?,?,?,?)
Hibernate: insert into product (description,manufacturer_name,name,status,unit,product_id) values (?,?,?,?,?,default)
Hibernate: select p1_0.product_id,p1_0.description,p1_0.manufacturer_name,p1_0.name,p1_0.status,p1_0.unit,o1_0.product_id,o1_0.order_id,o2_0.order_id,c1_0.cust_id,c1_0.address,c1_0.email,c1_0.cust_name,c1_0.phone,o2_0.employee_id,e1_0.emp_id,e1_0.address,e1_0.dob,e1_0.email,e1_0.full_name,e1_0.phone,e1_0.status,o2_0.order_date,o1_0.note,o1_0.price,o1_0.quantity from product p1_0 left join order_detail o1_0 on p1_0.product_id=o1_0.product_id left join orders o2_0 on o2_0.order_id=o1_0.order_id left join customer c1_0 on c1_0.cust_id=o2_0.cust_id left join employee e1_0 on e1_0.emp_id=o2_0.employee_id where p1_0.product_id=?
Hibernate: select p1_0.product_id,p1_0.price_date_time,p1_0.note,p1_0.price from product_price p1_0 where p1_0.product_id=?
Hibernate: select p1_0.product_id,p1_0.image_id,p1_0.alternative,p1_0.path from product_image p1_0 where p1_0.product_id=?
Hibernate: insert into product_image (alternative,path,product_id,image_id) values (?,?,?,default)
Hibernate: select p1_0.price_date_time,p1_0.product_id,p2_0.product_id,p2_0.description,p2_0.manufacturer_name,p2_0.name,p2_0.status,p2_0.unit,o1_0.product_id,o1_0.order_id,o2_0.order_id,c1_0.cust_id,c1_0.address,c1_0.email,c1_0.cust_name,c1_0.phone,o2_0.employee_id,e1_0.emp_id,e1_0.address,e1_0.dob,e1_0.email,e1_0.full_name,e1_0.phone,e1_0.status,o2_0.order_date,o1_0.note,o1_0.price,o1_0.quantity,p1_0.note,p1_0.price from product_price p1_0 join product p2_0 on p2_0.product_id=p1_0.product_id left join order_detail o1_0 on p2_0.product_id=o1_0.product_id left join orders o2_0 on o2_0.order_id=o1_0.order_id left join customer c1_0 on c1_0.cust_id=o2_0.cust_id left join employee e1_0 on e1_0.emp_id=o2_0.employee_id where (p1_0.price_date_time,p1_0.product_id) in ((?,?))
Hibernate: select p1_0.price_date_time,p1_0.product_id,p2_0.product_id,p2_0.description,p2_0.manufacturer_name,p2_0.name,p2_0.status,p2_0.unit,o1_0.product_id,o1_0.order_id,o2_0.order_id,c1_0.cust_id,c1_0.address,c1_0.email,c1_0.cust_name,c1_0.phone,o2_0.employee_id,e1_0.emp_id,e1_0.address,e1_0.dob,e1_0.email,e1_0.full_name,e1_0.phone,e1_0.status,o2_0.order_date,o1_0.note,o1_0.price,o1_0.quantity,p1_0.note,p1_0.price from product_price p1_0 join product p2_0 on p2_0.product_id=p1_0.product_id left join order_detail o1_0 on p2_0.product_id=o1_0.product_id left join orders o2_0 on o2_0.order_id=o1_0.order_id left join customer c1_0 on c1_0.cust_id=o2_0.cust_id left join employee e1_0 on e1_0.emp_id=o2_0.employee_id where (p1_0.price_date_time,p1_0.product_id) in ((?,?))
Hibernate: select p1_0.price_date_time,p1_0.product_id,p2_0.product_id,p2_0.description,p2_0.manufacturer_name,p2_0.name,p2_0.status,p2_0.unit,o1_0.product_id,o1_0.order_id,o2_0.order_id,c1_0.cust_id,c1_0.address,c1_0.email,c1_0.cust_name,c1_0.phone,o2_0.employee_id,e1_0.emp_id,e1_0.address,e1_0.dob,e1_0.email,e1_0.full_name,e1_0.phone,e1_0.status,o2_0.order_date,o1_0.note,o1_0.price,o1_0.quantity,p1_0.note,p1_0.price from product_price p1_0 join product p2_0 on p2_0.product_id=p1_0.product_id left join order_detail o1_0 on p2_0.product_id=o1_0.product_id left join orders o2_0 on o2_0.order_id=o1_0.order_id left join customer c1_0 on c1_0.cust_id=o2_0.cust_id left join employee e1_0 on e1_0.emp_id=o2_0.employee_id where (p1_0.price_date_time,p1_0.product_id) in ((?,?))
Hibernate: insert into product_price (note,price,price_date_time,product_id) values (?,?,?,?)
Hibernate: insert into product_price (note,price,price_date_time,product_id) values (?,?,?,?)
Hibernate: insert into product_price (note,price,price_date_time,product_id) values (?,?,?,?)
Hibernate: insert into product (description,manufacturer_name,name,status,unit,product_id) values (?,?,?,?,?,default)
Hibernate: select p1_0.product_id,p1_0.description,p1_0.manufacturer_name,p1_0.name,p1_0.status,p1_0.unit,o1_0.product_id,o1_0.order_id,o2_0.order_id,c1_0.cust_id,c1_0.address,c1_0.email,c1_0.cust_name,c1_0.phone,o2_0.employee_id,e1_0.emp_id,e1_0.address,e1_0.dob,e1_0.email,e1_0.full_name,e1_0.phone,e1_0.status,o2_0.order_date,o1_0.note,o1_0.price,o1_0.quantity from product p1_0 left join order_detail o1_0 on p1_0.product_id=o1_0.product_id left join orders o2_0 on o2_0.order_id=o1_0.order_id left join customer c1_0 on c1_0.cust_id=o2_0.cust_id left join employee e1_0 on e1_0.emp_id=o2_0.employee_id where p1_0.product_id=?
Hibernate: select p1_0.product_id,p1_0.price_date_time,p1_0.note,p1_0.price from product_price p1_0 where p1_0.product_id=?
Hibernate: select p1_0.product_id,p1_0.image_id,p1_0.alternative,p1_0.path from product_image p1_0 where p1_0.product_id=?
Hibernate: insert into product_image (alternative,path,product_id,image_id) values (?,?,?,default)
Hibernate: select p1_0.price_date_time,p1_0.product_id,p2_0.product_id,p2_0.description,p2_0.manufacturer_name,p2_0.name,p2_0.status,p2_0.unit,o1_0.product_id,o1_0.order_id,o2_0.order_id,c1_0.cust_id,c1_0.address,c1_0.email,c1_0.cust_name,c1_0.phone,o2_0.employee_id,e1_0.emp_id,e1_0.address,e1_0.dob,e1_0.email,e1_0.full_name,e1_0.phone,e1_0.status,o2_0.order_date,o1_0.note,o1_0.price,o1_0.quantity,p1_0.note,p1_0.price from product_price p1_0 join product p2_0 on p2_0.product_id=p1_0.product_id left join order_detail o1_0 on p2_0.product_id=o1_0.product_id left join orders o2_0 on o2_0.order_id=o1_0.order_id left join customer c1_0 on c1_0.cust_id=o2_0.cust_id left join employee e1_0 on e1_0.emp_id=o2_0.employee_id where (p1_0.price_date_time,p1_0.product_id) in ((?,?))
Hibernate: select p1_0.price_date_time,p1_0.product_id,p2_0.product_id,p2_0.description,p2_0.manufacturer_name,p2_0.name,p2_0.status,p2_0.unit,o1_0.product_id,o1_0.order_id,o2_0.order_id,c1_0.cust_id,c1_0.address,c1_0.email,c1_0.cust_name,c1_0.phone,o2_0.employee_id,e1_0.emp_id,e1_0.address,e1_0.dob,e1_0.email,e1_0.full_name,e1_0.phone,e1_0.status,o2_0.order_date,o1_0.note,o1_0.price,o1_0.quantity,p1_0.note,p1_0.price from product_price p1_0 join product p2_0 on p2_0.product_id=p1_0.product_id left join order_detail o1_0 on p2_0.product_id=o1_0.product_id left join orders o2_0 on o2_0.order_id=o1_0.order_id left join customer c1_0 on c1_0.cust_id=o2_0.cust_id left join employee e1_0 on e1_0.emp_id=o2_0.employee_id where (p1_0.price_date_time,p1_0.product_id) in ((?,?))
Hibernate: select p1_0.price_date_time,p1_0.product_id,p2_0.product_id,p2_0.description,p2_0.manufacturer_name,p2_0.name,p2_0.status,p2_0.unit,o1_0.product_id,o1_0.order_id,o2_0.order_id,c1_0.cust_id,c1_0.address,c1_0.email,c1_0.cust_name,c1_0.phone,o2_0.employee_id,e1_0.emp_id,e1_0.address,e1_0.dob,e1_0.email,e1_0.full_name,e1_0.phone,e1_0.status,o2_0.order_date,o1_0.note,o1_0.price,o1_0.quantity,p1_0.note,p1_0.price from product_price p1_0 join product p2_0 on p2_0.product_id=p1_0.product_id left join order_detail o1_0 on p2_0.product_id=o1_0.product_id left join orders o2_0 on o2_0.order_id=o1_0.order_id left join customer c1_0 on c1_0.cust_id=o2_0.cust_id left join employee e1_0 on e1_0.emp_id=o2_0.employee_id where (p1_0.price_date_time,p1_0.product_id) in ((?,?))
Hibernate: insert into product_price (note,price,price_date_time,product_id) values (?,?,?,?)
Hibernate: insert into product_price (note,price,price_date_time,product_id) values (?,?,?,?)
Hibernate: insert into product_price (note,price,price_date_time,product_id) values (?,?,?,?)
Hibernate: insert into product (description,manufacturer_name,name,status,unit,product_id) values (?,?,?,?,?,default)
Hibernate: select p1_0.product_id,p1_0.description,p1_0.manufacturer_name,p1_0.name,p1_0.status,p1_0.unit,o1_0.product_id,o1_0.order_id,o2_0.order_id,c1_0.cust_id,c1_0.address,c1_0.email,c1_0.cust_name,c1_0.phone,o2_0.employee_id,e1_0.emp_id,e1_0.address,e1_0.dob,e1_0.email,e1_0.full_name,e1_0.phone,e1_0.status,o2_0.order_date,o1_0.note,o1_0.price,o1_0.quantity from product p1_0 left join order_detail o1_0 on p1_0.product_id=o1_0.product_id left join orders o2_0 on o2_0.order_id=o1_0.order_id left join customer c1_0 on c1_0.cust_id=o2_0.cust_id left join employee e1_0 on e1_0.emp_id=o2_0.employee_id where p1_0.product_id=?
Hibernate: select p1_0.product_id,p1_0.price_date_time,p1_0.note,p1_0.price from product_price p1_0 where p1_0.product_id=?
Hibernate: select p1_0.product_id,p1_0.image_id,p1_0.alternative,p1_0.path from product_image p1_0 where p1_0.product_id=?
Hibernate: insert into product_image (alternative,path,product_id,image_id) values (?,?,?,default)
Hibernate: select p1_0.price_date_time,p1_0.product_id,p2_0.product_id,p2_0.description,p2_0.manufacturer_name,p2_0.name,p2_0.status,p2_0.unit,o1_0.product_id,o1_0.order_id,o2_0.order_id,c1_0.cust_id,c1_0.address,c1_0.email,c1_0.cust_name,c1_0.phone,o2_0.employee_id,e1_0.emp_id,e1_0.address,e1_0.dob,e1_0.email,e1_0.full_name,e1_0.phone,e1_0.status,o2_0.order_date,o1_0.note,o1_0.price,o1_0.quantity,p1_0.note,p1_0.price from product_price p1_0 join product p2_0 on p2_0.product_id=p1_0.product_id left join order_detail o1_0 on p2_0.product_id=o1_0.product_id left join orders o2_0 on o2_0.order_id=o1_0.order_id left join customer c1_0 on c1_0.cust_id=o2_0.cust_id left join employee e1_0 on e1_0.emp_id=o2_0.employee_id where (p1_0.price_date_time,p1_0.product_id) in ((?,?))
Hibernate: select p1_0.price_date_time,p1_0.product_id,p2_0.product_id,p2_0.description,p2_0.manufacturer_name,p2_0.name,p2_0.status,p2_0.unit,o1_0.product_id,o1_0.order_id,o2_0.order_id,c1_0.cust_id,c1_0.address,c1_0.email,c1_0.cust_name,c1_0.phone,o2_0.employee_id,e1_0.emp_id,e1_0.address,e1_0.dob,e1_0.email,e1_0.full_name,e1_0.phone,e1_0.status,o2_0.order_date,o1_0.note,o1_0.price,o1_0.quantity,p1_0.note,p1_0.price from product_price p1_0 join product p2_0 on p2_0.product_id=p1_0.product_id left join order_detail o1_0 on p2_0.product_id=o1_0.product_id left join orders o2_0 on o2_0.order_id=o1_0.order_id left join customer c1_0 on c1_0.cust_id=o2_0.cust_id left join employee e1_0 on e1_0.emp_id=o2_0.employee_id where (p1_0.price_date_time,p1_0.product_id) in ((?,?))
Hibernate: select p1_0.price_date_time,p1_0.product_id,p2_0.product_id,p2_0.description,p2_0.manufacturer_name,p2_0.name,p2_0.status,p2_0.unit,o1_0.product_id,o1_0.order_id,o2_0.order_id,c1_0.cust_id,c1_0.address,c1_0.email,c1_0.cust_name,c1_0.phone,o2_0.employee_id,e1_0.emp_id,e1_0.address,e1_0.dob,e1_0.email,e1_0.full_name,e1_0.phone,e1_0.status,o2_0.order_date,o1_0.note,o1_0.price,o1_0.quantity,p1_0.note,p1_0.price from product_price p1_0 join product p2_0 on p2_0.product_id=p1_0.product_id left join order_detail o1_0 on p2_0.product_id=o1_0.product_id left join orders o2_0 on o2_0.order_id=o1_0.order_id left join customer c1_0 on c1_0.cust_id=o2_0.cust_id left join employee e1_0 on e1_0.emp_id=o2_0.employee_id where (p1_0.price_date_time,p1_0.product_id) in ((?,?))
Hibernate: insert into product_price (note,price,price_date_time,product_id) values (?,?,?,?)
Hibernate: insert into product_price (note,price,price_date_time,product_id) values (?,?,?,?)
Hibernate: insert into product_price (note,price,price_date_time,product_id) values (?,?,?,?)
Hibernate: insert into product (description,manufacturer_name,name,status,unit,product_id) values (?,?,?,?,?,default)
Hibernate: select p1_0.product_id,p1_0.description,p1_0.manufacturer_name,p1_0.name,p1_0.status,p1_0.unit,o1_0.product_id,o1_0.order_id,o2_0.order_id,c1_0.cust_id,c1_0.address,c1_0.email,c1_0.cust_name,c1_0.phone,o2_0.employee_id,e1_0.emp_id,e1_0.address,e1_0.dob,e1_0.email,e1_0.full_name,e1_0.phone,e1_0.status,o2_0.order_date,o1_0.note,o1_0.price,o1_0.quantity from product p1_0 left join order_detail o1_0 on p1_0.product_id=o1_0.product_id left join orders o2_0 on o2_0.order_id=o1_0.order_id left join customer c1_0 on c1_0.cust_id=o2_0.cust_id left join employee e1_0 on e1_0.emp_id=o2_0.employee_id where p1_0.product_id=?
Hibernate: select p1_0.product_id,p1_0.price_date_time,p1_0.note,p1_0.price from product_price p1_0 where p1_0.product_id=?
Hibernate: select p1_0.product_id,p1_0.image_id,p1_0.alternative,p1_0.path from product_image p1_0 where p1_0.product_id=?
Hibernate: insert into product_image (alternative,path,product_id,image_id) values (?,?,?,default)
Hibernate: select p1_0.price_date_time,p1_0.product_id,p2_0.product_id,p2_0.description,p2_0.manufacturer_name,p2_0.name,p2_0.status,p2_0.unit,o1_0.product_id,o1_0.order_id,o2_0.order_id,c1_0.cust_id,c1_0.address,c1_0.email,c1_0.cust_name,c1_0.phone,o2_0.employee_id,e1_0.emp_id,e1_0.address,e1_0.dob,e1_0.email,e1_0.full_name,e1_0.phone,e1_0.status,o2_0.order_date,o1_0.note,o1_0.price,o1_0.quantity,p1_0.note,p1_0.price from product_price p1_0 join product p2_0 on p2_0.product_id=p1_0.product_id left join order_detail o1_0 on p2_0.product_id=o1_0.product_id left join orders o2_0 on o2_0.order_id=o1_0.order_id left join customer c1_0 on c1_0.cust_id=o2_0.cust_id left join employee e1_0 on e1_0.emp_id=o2_0.employee_id where (p1_0.price_date_time,p1_0.product_id) in ((?,?))
Hibernate: select p1_0.price_date_time,p1_0.product_id,p2_0.product_id,p2_0.description,p2_0.manufacturer_name,p2_0.name,p2_0.status,p2_0.unit,o1_0.product_id,o1_0.order_id,o2_0.order_id,c1_0.cust_id,c1_0.address,c1_0.email,c1_0.cust_name,c1_0.phone,o2_0.employee_id,e1_0.emp_id,e1_0.address,e1_0.dob,e1_0.email,e1_0.full_name,e1_0.phone,e1_0.status,o2_0.order_date,o1_0.note,o1_0.price,o1_0.quantity,p1_0.note,p1_0.price from product_price p1_0 join product p2_0 on p2_0.product_id=p1_0.product_id left join order_detail o1_0 on p2_0.product_id=o1_0.product_id left join orders o2_0 on o2_0.order_id=o1_0.order_id left join customer c1_0 on c1_0.cust_id=o2_0.cust_id left join employee e1_0 on e1_0.emp_id=o2_0.employee_id where (p1_0.price_date_time,p1_0.product_id) in ((?,?))
Hibernate: select p1_0.price_date_time,p1_0.product_id,p2_0.product_id,p2_0.description,p2_0.manufacturer_name,p2_0.name,p2_0.status,p2_0.unit,o1_0.product_id,o1_0.order_id,o2_0.order_id,c1_0.cust_id,c1_0.address,c1_0.email,c1_0.cust_name,c1_0.phone,o2_0.employee_id,e1_0.emp_id,e1_0.address,e1_0.dob,e1_0.email,e1_0.full_name,e1_0.phone,e1_0.status,o2_0.order_date,o1_0.note,o1_0.price,o1_0.quantity,p1_0.note,p1_0.price from product_price p1_0 join product p2_0 on p2_0.product_id=p1_0.product_id left join order_detail o1_0 on p2_0.product_id=o1_0.product_id left join orders o2_0 on o2_0.order_id=o1_0.order_id left join customer c1_0 on c1_0.cust_id=o2_0.cust_id left join employee e1_0 on e1_0.emp_id=o2_0.employee_id where (p1_0.price_date_time,p1_0.product_id) in ((?,?))
Hibernate: insert into product_price (note,price,price_date_time,product_id) values (?,?,?,?)
Hibernate: insert into product_price (note,price,price_date_time,product_id) values (?,?,?,?)
Hibernate: insert into product_price (note,price,price_date_time,product_id) values (?,?,?,?)
Hibernate: insert into product (description,manufacturer_name,name,status,unit,product_id) values (?,?,?,?,?,default)
Hibernate: select p1_0.product_id,p1_0.description,p1_0.manufacturer_name,p1_0.name,p1_0.status,p1_0.unit,o1_0.product_id,o1_0.order_id,o2_0.order_id,c1_0.cust_id,c1_0.address,c1_0.email,c1_0.cust_name,c1_0.phone,o2_0.employee_id,e1_0.emp_id,e1_0.address,e1_0.dob,e1_0.email,e1_0.full_name,e1_0.phone,e1_0.status,o2_0.order_date,o1_0.note,o1_0.price,o1_0.quantity from product p1_0 left join order_detail o1_0 on p1_0.product_id=o1_0.product_id left join orders o2_0 on o2_0.order_id=o1_0.order_id left join customer c1_0 on c1_0.cust_id=o2_0.cust_id left join employee e1_0 on e1_0.emp_id=o2_0.employee_id where p1_0.product_id=?
Hibernate: select p1_0.product_id,p1_0.price_date_time,p1_0.note,p1_0.price from product_price p1_0 where p1_0.product_id=?
Hibernate: select p1_0.product_id,p1_0.image_id,p1_0.alternative,p1_0.path from product_image p1_0 where p1_0.product_id=?
Hibernate: insert into product_image (alternative,path,product_id,image_id) values (?,?,?,default)
Hibernate: select p1_0.price_date_time,p1_0.product_id,p2_0.product_id,p2_0.description,p2_0.manufacturer_name,p2_0.name,p2_0.status,p2_0.unit,o1_0.product_id,o1_0.order_id,o2_0.order_id,c1_0.cust_id,c1_0.address,c1_0.email,c1_0.cust_name,c1_0.phone,o2_0.employee_id,e1_0.emp_id,e1_0.address,e1_0.dob,e1_0.email,e1_0.full_name,e1_0.phone,e1_0.status,o2_0.order_date,o1_0.note,o1_0.price,o1_0.quantity,p1_0.note,p1_0.price from product_price p1_0 join product p2_0 on p2_0.product_id=p1_0.product_id left join order_detail o1_0 on p2_0.product_id=o1_0.product_id left join orders o2_0 on o2_0.order_id=o1_0.order_id left join customer c1_0 on c1_0.cust_id=o2_0.cust_id left join employee e1_0 on e1_0.emp_id=o2_0.employee_id where (p1_0.price_date_time,p1_0.product_id) in ((?,?))
Hibernate: select p1_0.price_date_time,p1_0.product_id,p2_0.product_id,p2_0.description,p2_0.manufacturer_name,p2_0.name,p2_0.status,p2_0.unit,o1_0.product_id,o1_0.order_id,o2_0.order_id,c1_0.cust_id,c1_0.address,c1_0.email,c1_0.cust_name,c1_0.phone,o2_0.employee_id,e1_0.emp_id,e1_0.address,e1_0.dob,e1_0.email,e1_0.full_name,e1_0.phone,e1_0.status,o2_0.order_date,o1_0.note,o1_0.price,o1_0.quantity,p1_0.note,p1_0.price from product_price p1_0 join product p2_0 on p2_0.product_id=p1_0.product_id left join order_detail o1_0 on p2_0.product_id=o1_0.product_id left join orders o2_0 on o2_0.order_id=o1_0.order_id left join customer c1_0 on c1_0.cust_id=o2_0.cust_id left join employee e1_0 on e1_0.emp_id=o2_0.employee_id where (p1_0.price_date_time,p1_0.product_id) in ((?,?))
Hibernate: select p1_0.price_date_time,p1_0.product_id,p2_0.product_id,p2_0.description,p2_0.manufacturer_name,p2_0.name,p2_0.status,p2_0.unit,o1_0.product_id,o1_0.order_id,o2_0.order_id,c1_0.cust_id,c1_0.address,c1_0.email,c1_0.cust_name,c1_0.phone,o2_0.employee_id,e1_0.emp_id,e1_0.address,e1_0.dob,e1_0.email,e1_0.full_name,e1_0.phone,e1_0.status,o2_0.order_date,o1_0.note,o1_0.price,o1_0.quantity,p1_0.note,p1_0.price from product_price p1_0 join product p2_0 on p2_0.product_id=p1_0.product_id left join order_detail o1_0 on p2_0.product_id=o1_0.product_id left join orders o2_0 on o2_0.order_id=o1_0.order_id left join customer c1_0 on c1_0.cust_id=o2_0.cust_id left join employee e1_0 on e1_0.emp_id=o2_0.employee_id where (p1_0.price_date_time,p1_0.product_id) in ((?,?))
Hibernate: insert into product_price (note,price,price_date_time,product_id) values (?,?,?,?)
Hibernate: insert into product_price (note,price,price_date_time,product_id) values (?,?,?,?)
Hibernate: insert into product_price (note,price,price_date_time,product_id) values (?,?,?,?)
Hibernate: insert into product (description,manufacturer_name,name,status,unit,product_id) values (?,?,?,?,?,default)
Hibernate: select p1_0.product_id,p1_0.description,p1_0.manufacturer_name,p1_0.name,p1_0.status,p1_0.unit,o1_0.product_id,o1_0.order_id,o2_0.order_id,c1_0.cust_id,c1_0.address,c1_0.email,c1_0.cust_name,c1_0.phone,o2_0.employee_id,e1_0.emp_id,e1_0.address,e1_0.dob,e1_0.email,e1_0.full_name,e1_0.phone,e1_0.status,o2_0.order_date,o1_0.note,o1_0.price,o1_0.quantity from product p1_0 left join order_detail o1_0 on p1_0.product_id=o1_0.product_id left join orders o2_0 on o2_0.order_id=o1_0.order_id left join customer c1_0 on c1_0.cust_id=o2_0.cust_id left join employee e1_0 on e1_0.emp_id=o2_0.employee_id where p1_0.product_id=?
Hibernate: select p1_0.product_id,p1_0.price_date_time,p1_0.note,p1_0.price from product_price p1_0 where p1_0.product_id=?
Hibernate: select p1_0.product_id,p1_0.image_id,p1_0.alternative,p1_0.path from product_image p1_0 where p1_0.product_id=?
Hibernate: insert into product_image (alternative,path,product_id,image_id) values (?,?,?,default)
Hibernate: select p1_0.price_date_time,p1_0.product_id,p2_0.product_id,p2_0.description,p2_0.manufacturer_name,p2_0.name,p2_0.status,p2_0.unit,o1_0.product_id,o1_0.order_id,o2_0.order_id,c1_0.cust_id,c1_0.address,c1_0.email,c1_0.cust_name,c1_0.phone,o2_0.employee_id,e1_0.emp_id,e1_0.address,e1_0.dob,e1_0.email,e1_0.full_name,e1_0.phone,e1_0.status,o2_0.order_date,o1_0.note,o1_0.price,o1_0.quantity,p1_0.note,p1_0.price from product_price p1_0 join product p2_0 on p2_0.product_id=p1_0.product_id left join order_detail o1_0 on p2_0.product_id=o1_0.product_id left join orders o2_0 on o2_0.order_id=o1_0.order_id left join customer c1_0 on c1_0.cust_id=o2_0.cust_id left join employee e1_0 on e1_0.emp_id=o2_0.employee_id where (p1_0.price_date_time,p1_0.product_id) in ((?,?))
Hibernate: select p1_0.price_date_time,p1_0.product_id,p2_0.product_id,p2_0.description,p2_0.manufacturer_name,p2_0.name,p2_0.status,p2_0.unit,o1_0.product_id,o1_0.order_id,o2_0.order_id,c1_0.cust_id,c1_0.address,c1_0.email,c1_0.cust_name,c1_0.phone,o2_0.employee_id,e1_0.emp_id,e1_0.address,e1_0.dob,e1_0.email,e1_0.full_name,e1_0.phone,e1_0.status,o2_0.order_date,o1_0.note,o1_0.price,o1_0.quantity,p1_0.note,p1_0.price from product_price p1_0 join product p2_0 on p2_0.product_id=p1_0.product_id left join order_detail o1_0 on p2_0.product_id=o1_0.product_id left join orders o2_0 on o2_0.order_id=o1_0.order_id left join customer c1_0 on c1_0.cust_id=o2_0.cust_id left join employee e1_0 on e1_0.emp_id=o2_0.employee_id where (p1_0.price_date_time,p1_0.product_id) in ((?,?))
Hibernate: select p1_0.price_date_time,p1_0.product_id,p2_0.product_id,p2_0.description,p2_0.manufacturer_name,p2_0.name,p2_0.status,p2_0.unit,o1_0.product_id,o1_0.order_id,o2_0.order_id,c1_0.cust_id,c1_0.address,c1_0.email,c1_0.cust_name,c1_0.phone,o2_0.employee_id,e1_0.emp_id,e1_0.address,e1_0.dob,e1_0.email,e1_0.full_name,e1_0.phone,e1_0.status,o2_0.order_date,o1_0.note,o1_0.price,o1_0.quantity,p1_0.note,p1_0.price from product_price p1_0 join product p2_0 on p2_0.product_id=p1_0.product_id left join order_detail o1_0 on p2_0.product_id=o1_0.product_id left join orders o2_0 on o2_0.order_id=o1_0.order_id left join customer c1_0 on c1_0.cust_id=o2_0.cust_id left join employee e1_0 on e1_0.emp_id=o2_0.employee_id where (p1_0.price_date_time,p1_0.product_id) in ((?,?))
Hibernate: insert into product_price (note,price,price_date_time,product_id) values (?,?,?,?)
Hibernate: insert into product_price (note,price,price_date_time,product_id) values (?,?,?,?)
Hibernate: insert into product_price (note,price,price_date_time,product_id) values (?,?,?,?)
Hibernate: insert into product (description,manufacturer_name,name,status,unit,product_id) values (?,?,?,?,?,default)
Hibernate: select p1_0.product_id,p1_0.description,p1_0.manufacturer_name,p1_0.name,p1_0.status,p1_0.unit,o1_0.product_id,o1_0.order_id,o2_0.order_id,c1_0.cust_id,c1_0.address,c1_0.email,c1_0.cust_name,c1_0.phone,o2_0.employee_id,e1_0.emp_id,e1_0.address,e1_0.dob,e1_0.email,e1_0.full_name,e1_0.phone,e1_0.status,o2_0.order_date,o1_0.note,o1_0.price,o1_0.quantity from product p1_0 left join order_detail o1_0 on p1_0.product_id=o1_0.product_id left join orders o2_0 on o2_0.order_id=o1_0.order_id left join customer c1_0 on c1_0.cust_id=o2_0.cust_id left join employee e1_0 on e1_0.emp_id=o2_0.employee_id where p1_0.product_id=?
Hibernate: select p1_0.product_id,p1_0.price_date_time,p1_0.note,p1_0.price from product_price p1_0 where p1_0.product_id=?
Hibernate: select p1_0.product_id,p1_0.image_id,p1_0.alternative,p1_0.path from product_image p1_0 where p1_0.product_id=?
Hibernate: insert into product_image (alternative,path,product_id,image_id) values (?,?,?,default)
Hibernate: select p1_0.price_date_time,p1_0.product_id,p2_0.product_id,p2_0.description,p2_0.manufacturer_name,p2_0.name,p2_0.status,p2_0.unit,o1_0.product_id,o1_0.order_id,o2_0.order_id,c1_0.cust_id,c1_0.address,c1_0.email,c1_0.cust_name,c1_0.phone,o2_0.employee_id,e1_0.emp_id,e1_0.address,e1_0.dob,e1_0.email,e1_0.full_name,e1_0.phone,e1_0.status,o2_0.order_date,o1_0.note,o1_0.price,o1_0.quantity,p1_0.note,p1_0.price from product_price p1_0 join product p2_0 on p2_0.product_id=p1_0.product_id left join order_detail o1_0 on p2_0.product_id=o1_0.product_id left join orders o2_0 on o2_0.order_id=o1_0.order_id left join customer c1_0 on c1_0.cust_id=o2_0.cust_id left join employee e1_0 on e1_0.emp_id=o2_0.employee_id where (p1_0.price_date_time,p1_0.product_id) in ((?,?))
Hibernate: select p1_0.price_date_time,p1_0.product_id,p2_0.product_id,p2_0.description,p2_0.manufacturer_name,p2_0.name,p2_0.status,p2_0.unit,o1_0.product_id,o1_0.order_id,o2_0.order_id,c1_0.cust_id,c1_0.address,c1_0.email,c1_0.cust_name,c1_0.phone,o2_0.employee_id,e1_0.emp_id,e1_0.address,e1_0.dob,e1_0.email,e1_0.full_name,e1_0.phone,e1_0.status,o2_0.order_date,o1_0.note,o1_0.price,o1_0.quantity,p1_0.note,p1_0.price from product_price p1_0 join product p2_0 on p2_0.product_id=p1_0.product_id left join order_detail o1_0 on p2_0.product_id=o1_0.product_id left join orders o2_0 on o2_0.order_id=o1_0.order_id left join customer c1_0 on c1_0.cust_id=o2_0.cust_id left join employee e1_0 on e1_0.emp_id=o2_0.employee_id where (p1_0.price_date_time,p1_0.product_id) in ((?,?))
Hibernate: select p1_0.price_date_time,p1_0.product_id,p2_0.product_id,p2_0.description,p2_0.manufacturer_name,p2_0.name,p2_0.status,p2_0.unit,o1_0.product_id,o1_0.order_id,o2_0.order_id,c1_0.cust_id,c1_0.address,c1_0.email,c1_0.cust_name,c1_0.phone,o2_0.employee_id,e1_0.emp_id,e1_0.address,e1_0.dob,e1_0.email,e1_0.full_name,e1_0.phone,e1_0.status,o2_0.order_date,o1_0.note,o1_0.price,o1_0.quantity,p1_0.note,p1_0.price from product_price p1_0 join product p2_0 on p2_0.product_id=p1_0.product_id left join order_detail o1_0 on p2_0.product_id=o1_0.product_id left join orders o2_0 on o2_0.order_id=o1_0.order_id left join customer c1_0 on c1_0.cust_id=o2_0.cust_id left join employee e1_0 on e1_0.emp_id=o2_0.employee_id where (p1_0.price_date_time,p1_0.product_id) in ((?,?))
Hibernate: insert into product_price (note,price,price_date_time,product_id) values (?,?,?,?)
Hibernate: insert into product_price (note,price,price_date_time,product_id) values (?,?,?,?)
Hibernate: insert into product_price (note,price,price_date_time,product_id) values (?,?,?,?)
Hibernate: insert into product (description,manufacturer_name,name,status,unit,product_id) values (?,?,?,?,?,default)
Hibernate: select p1_0.product_id,p1_0.description,p1_0.manufacturer_name,p1_0.name,p1_0.status,p1_0.unit,o1_0.product_id,o1_0.order_id,o2_0.order_id,c1_0.cust_id,c1_0.address,c1_0.email,c1_0.cust_name,c1_0.phone,o2_0.employee_id,e1_0.emp_id,e1_0.address,e1_0.dob,e1_0.email,e1_0.full_name,e1_0.phone,e1_0.status,o2_0.order_date,o1_0.note,o1_0.price,o1_0.quantity from product p1_0 left join order_detail o1_0 on p1_0.product_id=o1_0.product_id left join orders o2_0 on o2_0.order_id=o1_0.order_id left join customer c1_0 on c1_0.cust_id=o2_0.cust_id left join employee e1_0 on e1_0.emp_id=o2_0.employee_id where p1_0.product_id=?
Hibernate: select p1_0.product_id,p1_0.price_date_time,p1_0.note,p1_0.price from product_price p1_0 where p1_0.product_id=?
Hibernate: select p1_0.product_id,p1_0.image_id,p1_0.alternative,p1_0.path from product_image p1_0 where p1_0.product_id=?
Hibernate: insert into product_image (alternative,path,product_id,image_id) values (?,?,?,default)
Hibernate: select p1_0.price_date_time,p1_0.product_id,p2_0.product_id,p2_0.description,p2_0.manufacturer_name,p2_0.name,p2_0.status,p2_0.unit,o1_0.product_id,o1_0.order_id,o2_0.order_id,c1_0.cust_id,c1_0.address,c1_0.email,c1_0.cust_name,c1_0.phone,o2_0.employee_id,e1_0.emp_id,e1_0.address,e1_0.dob,e1_0.email,e1_0.full_name,e1_0.phone,e1_0.status,o2_0.order_date,o1_0.note,o1_0.price,o1_0.quantity,p1_0.note,p1_0.price from product_price p1_0 join product p2_0 on p2_0.product_id=p1_0.product_id left join order_detail o1_0 on p2_0.product_id=o1_0.product_id left join orders o2_0 on o2_0.order_id=o1_0.order_id left join customer c1_0 on c1_0.cust_id=o2_0.cust_id left join employee e1_0 on e1_0.emp_id=o2_0.employee_id where (p1_0.price_date_time,p1_0.product_id) in ((?,?))
Hibernate: select p1_0.price_date_time,p1_0.product_id,p2_0.product_id,p2_0.description,p2_0.manufacturer_name,p2_0.name,p2_0.status,p2_0.unit,o1_0.product_id,o1_0.order_id,o2_0.order_id,c1_0.cust_id,c1_0.address,c1_0.email,c1_0.cust_name,c1_0.phone,o2_0.employee_id,e1_0.emp_id,e1_0.address,e1_0.dob,e1_0.email,e1_0.full_name,e1_0.phone,e1_0.status,o2_0.order_date,o1_0.note,o1_0.price,o1_0.quantity,p1_0.note,p1_0.price from product_price p1_0 join product p2_0 on p2_0.product_id=p1_0.product_id left join order_detail o1_0 on p2_0.product_id=o1_0.product_id left join orders o2_0 on o2_0.order_id=o1_0.order_id left join customer c1_0 on c1_0.cust_id=o2_0.cust_id left join employee e1_0 on e1_0.emp_id=o2_0.employee_id where (p1_0.price_date_time,p1_0.product_id) in ((?,?))
Hibernate: select p1_0.price_date_time,p1_0.product_id,p2_0.product_id,p2_0.description,p2_0.manufacturer_name,p2_0.name,p2_0.status,p2_0.unit,o1_0.product_id,o1_0.order_id,o2_0.order_id,c1_0.cust_id,c1_0.address,c1_0.email,c1_0.cust_name,c1_0.phone,o2_0.employee_id,e1_0.emp_id,e1_0.address,e1_0.dob,e1_0.email,e1_0.full_name,e1_0.phone,e1_0.status,o2_0.order_date,o1_0.note,o1_0.price,o1_0.quantity,p1_0.note,p1_0.price from product_price p1_0 join product p2_0 on p2_0.product_id=p1_0.product_id left join order_detail o1_0 on p2_0.product_id=o1_0.product_id left join orders o2_0 on o2_0.order_id=o1_0.order_id left join customer c1_0 on c1_0.cust_id=o2_0.cust_id left join employee e1_0 on e1_0.emp_id=o2_0.employee_id where (p1_0.price_date_time,p1_0.product_id) in ((?,?))
Hibernate: insert into product_price (note,price,price_date_time,product_id) values (?,?,?,?)
Hibernate: insert into product_price (note,price,price_date_time,product_id) values (?,?,?,?)
Hibernate: insert into product_price (note,price,price_date_time,product_id) values (?,?,?,?)
Hibernate: insert into product (description,manufacturer_name,name,status,unit,product_id) values (?,?,?,?,?,default)
Hibernate: select p1_0.product_id,p1_0.description,p1_0.manufacturer_name,p1_0.name,p1_0.status,p1_0.unit,o1_0.product_id,o1_0.order_id,o2_0.order_id,c1_0.cust_id,c1_0.address,c1_0.email,c1_0.cust_name,c1_0.phone,o2_0.employee_id,e1_0.emp_id,e1_0.address,e1_0.dob,e1_0.email,e1_0.full_name,e1_0.phone,e1_0.status,o2_0.order_date,o1_0.note,o1_0.price,o1_0.quantity from product p1_0 left join order_detail o1_0 on p1_0.product_id=o1_0.product_id left join orders o2_0 on o2_0.order_id=o1_0.order_id left join customer c1_0 on c1_0.cust_id=o2_0.cust_id left join employee e1_0 on e1_0.emp_id=o2_0.employee_id where p1_0.product_id=?
Hibernate: select p1_0.product_id,p1_0.price_date_time,p1_0.note,p1_0.price from product_price p1_0 where p1_0.product_id=?
Hibernate: select p1_0.product_id,p1_0.image_id,p1_0.alternative,p1_0.path from product_image p1_0 where p1_0.product_id=?
Hibernate: insert into product_image (alternative,path,product_id,image_id) values (?,?,?,default)
Hibernate: select p1_0.price_date_time,p1_0.product_id,p2_0.product_id,p2_0.description,p2_0.manufacturer_name,p2_0.name,p2_0.status,p2_0.unit,o1_0.product_id,o1_0.order_id,o2_0.order_id,c1_0.cust_id,c1_0.address,c1_0.email,c1_0.cust_name,c1_0.phone,o2_0.employee_id,e1_0.emp_id,e1_0.address,e1_0.dob,e1_0.email,e1_0.full_name,e1_0.phone,e1_0.status,o2_0.order_date,o1_0.note,o1_0.price,o1_0.quantity,p1_0.note,p1_0.price from product_price p1_0 join product p2_0 on p2_0.product_id=p1_0.product_id left join order_detail o1_0 on p2_0.product_id=o1_0.product_id left join orders o2_0 on o2_0.order_id=o1_0.order_id left join customer c1_0 on c1_0.cust_id=o2_0.cust_id left join employee e1_0 on e1_0.emp_id=o2_0.employee_id where (p1_0.price_date_time,p1_0.product_id) in ((?,?))
Hibernate: select p1_0.price_date_time,p1_0.product_id,p2_0.product_id,p2_0.description,p2_0.manufacturer_name,p2_0.name,p2_0.status,p2_0.unit,o1_0.product_id,o1_0.order_id,o2_0.order_id,c1_0.cust_id,c1_0.address,c1_0.email,c1_0.cust_name,c1_0.phone,o2_0.employee_id,e1_0.emp_id,e1_0.address,e1_0.dob,e1_0.email,e1_0.full_name,e1_0.phone,e1_0.status,o2_0.order_date,o1_0.note,o1_0.price,o1_0.quantity,p1_0.note,p1_0.price from product_price p1_0 join product p2_0 on p2_0.product_id=p1_0.product_id left join order_detail o1_0 on p2_0.product_id=o1_0.product_id left join orders o2_0 on o2_0.order_id=o1_0.order_id left join customer c1_0 on c1_0.cust_id=o2_0.cust_id left join employee e1_0 on e1_0.emp_id=o2_0.employee_id where (p1_0.price_date_time,p1_0.product_id) in ((?,?))
Hibernate: select p1_0.price_date_time,p1_0.product_id,p2_0.product_id,p2_0.description,p2_0.manufacturer_name,p2_0.name,p2_0.status,p2_0.unit,o1_0.product_id,o1_0.order_id,o2_0.order_id,c1_0.cust_id,c1_0.address,c1_0.email,c1_0.cust_name,c1_0.phone,o2_0.employee_id,e1_0.emp_id,e1_0.address,e1_0.dob,e1_0.email,e1_0.full_name,e1_0.phone,e1_0.status,o2_0.order_date,o1_0.note,o1_0.price,o1_0.quantity,p1_0.note,p1_0.price from product_price p1_0 join product p2_0 on p2_0.product_id=p1_0.product_id left join order_detail o1_0 on p2_0.product_id=o1_0.product_id left join orders o2_0 on o2_0.order_id=o1_0.order_id left join customer c1_0 on c1_0.cust_id=o2_0.cust_id left join employee e1_0 on e1_0.emp_id=o2_0.employee_id where (p1_0.price_date_time,p1_0.product_id) in ((?,?))
Hibernate: insert into product_price (note,price,price_date_time,product_id) values (?,?,?,?)
Hibernate: insert into product_price (note,price,price_date_time,product_id) values (?,?,?,?)
Hibernate: insert into product_price (note,price,price_date_time,product_id) values (?,?,?,?)
Hibernate: insert into product (description,manufacturer_name,name,status,unit,product_id) values (?,?,?,?,?,default)
Hibernate: select p1_0.product_id,p1_0.description,p1_0.manufacturer_name,p1_0.name,p1_0.status,p1_0.unit,o1_0.product_id,o1_0.order_id,o2_0.order_id,c1_0.cust_id,c1_0.address,c1_0.email,c1_0.cust_name,c1_0.phone,o2_0.employee_id,e1_0.emp_id,e1_0.address,e1_0.dob,e1_0.email,e1_0.full_name,e1_0.phone,e1_0.status,o2_0.order_date,o1_0.note,o1_0.price,o1_0.quantity from product p1_0 left join order_detail o1_0 on p1_0.product_id=o1_0.product_id left join orders o2_0 on o2_0.order_id=o1_0.order_id left join customer c1_0 on c1_0.cust_id=o2_0.cust_id left join employee e1_0 on e1_0.emp_id=o2_0.employee_id where p1_0.product_id=?
Hibernate: select p1_0.product_id,p1_0.price_date_time,p1_0.note,p1_0.price from product_price p1_0 where p1_0.product_id=?
Hibernate: select p1_0.product_id,p1_0.image_id,p1_0.alternative,p1_0.path from product_image p1_0 where p1_0.product_id=?
Hibernate: insert into product_image (alternative,path,product_id,image_id) values (?,?,?,default)
Hibernate: select p1_0.price_date_time,p1_0.product_id,p2_0.product_id,p2_0.description,p2_0.manufacturer_name,p2_0.name,p2_0.status,p2_0.unit,o1_0.product_id,o1_0.order_id,o2_0.order_id,c1_0.cust_id,c1_0.address,c1_0.email,c1_0.cust_name,c1_0.phone,o2_0.employee_id,e1_0.emp_id,e1_0.address,e1_0.dob,e1_0.email,e1_0.full_name,e1_0.phone,e1_0.status,o2_0.order_date,o1_0.note,o1_0.price,o1_0.quantity,p1_0.note,p1_0.price from product_price p1_0 join product p2_0 on p2_0.product_id=p1_0.product_id left join order_detail o1_0 on p2_0.product_id=o1_0.product_id left join orders o2_0 on o2_0.order_id=o1_0.order_id left join customer c1_0 on c1_0.cust_id=o2_0.cust_id left join employee e1_0 on e1_0.emp_id=o2_0.employee_id where (p1_0.price_date_time,p1_0.product_id) in ((?,?))
Hibernate: select p1_0.price_date_time,p1_0.product_id,p2_0.product_id,p2_0.description,p2_0.manufacturer_name,p2_0.name,p2_0.status,p2_0.unit,o1_0.product_id,o1_0.order_id,o2_0.order_id,c1_0.cust_id,c1_0.address,c1_0.email,c1_0.cust_name,c1_0.phone,o2_0.employee_id,e1_0.emp_id,e1_0.address,e1_0.dob,e1_0.email,e1_0.full_name,e1_0.phone,e1_0.status,o2_0.order_date,o1_0.note,o1_0.price,o1_0.quantity,p1_0.note,p1_0.price from product_price p1_0 join product p2_0 on p2_0.product_id=p1_0.product_id left join order_detail o1_0 on p2_0.product_id=o1_0.product_id left join orders o2_0 on o2_0.order_id=o1_0.order_id left join customer c1_0 on c1_0.cust_id=o2_0.cust_id left join employee e1_0 on e1_0.emp_id=o2_0.employee_id where (p1_0.price_date_time,p1_0.product_id) in ((?,?))
Hibernate: select p1_0.price_date_time,p1_0.product_id,p2_0.product_id,p2_0.description,p2_0.manufacturer_name,p2_0.name,p2_0.status,p2_0.unit,o1_0.product_id,o1_0.order_id,o2_0.order_id,c1_0.cust_id,c1_0.address,c1_0.email,c1_0.cust_name,c1_0.phone,o2_0.employee_id,e1_0.emp_id,e1_0.address,e1_0.dob,e1_0.email,e1_0.full_name,e1_0.phone,e1_0.status,o2_0.order_date,o1_0.note,o1_0.price,o1_0.quantity,p1_0.note,p1_0.price from product_price p1_0 join product p2_0 on p2_0.product_id=p1_0.product_id left join order_detail o1_0 on p2_0.product_id=o1_0.product_id left join orders o2_0 on o2_0.order_id=o1_0.order_id left join customer c1_0 on c1_0.cust_id=o2_0.cust_id left join employee e1_0 on e1_0.emp_id=o2_0.employee_id where (p1_0.price_date_time,p1_0.product_id) in ((?,?))
Hibernate: insert into product_price (note,price,price_date_time,product_id) values (?,?,?,?)
Hibernate: insert into product_price (note,price,price_date_time,product_id) values (?,?,?,?)
Hibernate: insert into product_price (note,price,price_date_time,product_id) values (?,?,?,?)
Hibernate: insert into product (description,manufacturer_name,name,status,unit,product_id) values (?,?,?,?,?,default)
Hibernate: select p1_0.product_id,p1_0.description,p1_0.manufacturer_name,p1_0.name,p1_0.status,p1_0.unit,o1_0.product_id,o1_0.order_id,o2_0.order_id,c1_0.cust_id,c1_0.address,c1_0.email,c1_0.cust_name,c1_0.phone,o2_0.employee_id,e1_0.emp_id,e1_0.address,e1_0.dob,e1_0.email,e1_0.full_name,e1_0.phone,e1_0.status,o2_0.order_date,o1_0.note,o1_0.price,o1_0.quantity from product p1_0 left join order_detail o1_0 on p1_0.product_id=o1_0.product_id left join orders o2_0 on o2_0.order_id=o1_0.order_id left join customer c1_0 on c1_0.cust_id=o2_0.cust_id left join employee e1_0 on e1_0.emp_id=o2_0.employee_id where p1_0.product_id=?
Hibernate: select p1_0.product_id,p1_0.price_date_time,p1_0.note,p1_0.price from product_price p1_0 where p1_0.product_id=?
Hibernate: select p1_0.product_id,p1_0.image_id,p1_0.alternative,p1_0.path from product_image p1_0 where p1_0.product_id=?
Hibernate: insert into product_image (alternative,path,product_id,image_id) values (?,?,?,default)
Hibernate: select p1_0.price_date_time,p1_0.product_id,p2_0.product_id,p2_0.description,p2_0.manufacturer_name,p2_0.name,p2_0.status,p2_0.unit,o1_0.product_id,o1_0.order_id,o2_0.order_id,c1_0.cust_id,c1_0.address,c1_0.email,c1_0.cust_name,c1_0.phone,o2_0.employee_id,e1_0.emp_id,e1_0.address,e1_0.dob,e1_0.email,e1_0.full_name,e1_0.phone,e1_0.status,o2_0.order_date,o1_0.note,o1_0.price,o1_0.quantity,p1_0.note,p1_0.price from product_price p1_0 join product p2_0 on p2_0.product_id=p1_0.product_id left join order_detail o1_0 on p2_0.product_id=o1_0.product_id left join orders o2_0 on o2_0.order_id=o1_0.order_id left join customer c1_0 on c1_0.cust_id=o2_0.cust_id left join employee e1_0 on e1_0.emp_id=o2_0.employee_id where (p1_0.price_date_time,p1_0.product_id) in ((?,?))
Hibernate: select p1_0.price_date_time,p1_0.product_id,p2_0.product_id,p2_0.description,p2_0.manufacturer_name,p2_0.name,p2_0.status,p2_0.unit,o1_0.product_id,o1_0.order_id,o2_0.order_id,c1_0.cust_id,c1_0.address,c1_0.email,c1_0.cust_name,c1_0.phone,o2_0.employee_id,e1_0.emp_id,e1_0.address,e1_0.dob,e1_0.email,e1_0.full_name,e1_0.phone,e1_0.status,o2_0.order_date,o1_0.note,o1_0.price,o1_0.quantity,p1_0.note,p1_0.price from product_price p1_0 join product p2_0 on p2_0.product_id=p1_0.product_id left join order_detail o1_0 on p2_0.product_id=o1_0.product_id left join orders o2_0 on o2_0.order_id=o1_0.order_id left join customer c1_0 on c1_0.cust_id=o2_0.cust_id left join employee e1_0 on e1_0.emp_id=o2_0.employee_id where (p1_0.price_date_time,p1_0.product_id) in ((?,?))
Hibernate: select p1_0.price_date_time,p1_0.product_id,p2_0.product_id,p2_0.description,p2_0.manufacturer_name,p2_0.name,p2_0.status,p2_0.unit,o1_0.product_id,o1_0.order_id,o2_0.order_id,c1_0.cust_id,c1_0.address,c1_0.email,c1_0.cust_name,c1_0.phone,o2_0.employee_id,e1_0.emp_id,e1_0.address,e1_0.dob,e1_0.email,e1_0.full_name,e1_0.phone,e1_0.status,o2_0.order_date,o1_0.note,o1_0.price,o1_0.quantity,p1_0.note,p1_0.price from product_price p1_0 join product p2_0 on p2_0.product_id=p1_0.product_id left join order_detail o1_0 on p2_0.product_id=o1_0.product_id left join orders o2_0 on o2_0.order_id=o1_0.order_id left join customer c1_0 on c1_0.cust_id=o2_0.cust_id left join employee e1_0 on e1_0.emp_id=o2_0.employee_id where (p1_0.price_date_time,p1_0.product_id) in ((?,?))
Hibernate: insert into product_price (note,price,price_date_time,product_id) values (?,?,?,?)
Hibernate: insert into product_price (note,price,price_date_time,product_id) values (?,?,?,?)
Hibernate: insert into product_price (note,price,price_date_time,product_id) values (?,?,?,?)
Hibernate: insert into product (description,manufacturer_name,name,status,unit,product_id) values (?,?,?,?,?,default)
Hibernate: select p1_0.product_id,p1_0.description,p1_0.manufacturer_name,p1_0.name,p1_0.status,p1_0.unit,o1_0.product_id,o1_0.order_id,o2_0.order_id,c1_0.cust_id,c1_0.address,c1_0.email,c1_0.cust_name,c1_0.phone,o2_0.employee_id,e1_0.emp_id,e1_0.address,e1_0.dob,e1_0.email,e1_0.full_name,e1_0.phone,e1_0.status,o2_0.order_date,o1_0.note,o1_0.price,o1_0.quantity from product p1_0 left join order_detail o1_0 on p1_0.product_id=o1_0.product_id left join orders o2_0 on o2_0.order_id=o1_0.order_id left join customer c1_0 on c1_0.cust_id=o2_0.cust_id left join employee e1_0 on e1_0.emp_id=o2_0.employee_id where p1_0.product_id=?
Hibernate: select p1_0.product_id,p1_0.price_date_time,p1_0.note,p1_0.price from product_price p1_0 where p1_0.product_id=?
Hibernate: select p1_0.product_id,p1_0.image_id,p1_0.alternative,p1_0.path from product_image p1_0 where p1_0.product_id=?
Hibernate: insert into product_image (alternative,path,product_id,image_id) values (?,?,?,default)
Hibernate: select p1_0.price_date_time,p1_0.product_id,p2_0.product_id,p2_0.description,p2_0.manufacturer_name,p2_0.name,p2_0.status,p2_0.unit,o1_0.product_id,o1_0.order_id,o2_0.order_id,c1_0.cust_id,c1_0.address,c1_0.email,c1_0.cust_name,c1_0.phone,o2_0.employee_id,e1_0.emp_id,e1_0.address,e1_0.dob,e1_0.email,e1_0.full_name,e1_0.phone,e1_0.status,o2_0.order_date,o1_0.note,o1_0.price,o1_0.quantity,p1_0.note,p1_0.price from product_price p1_0 join product p2_0 on p2_0.product_id=p1_0.product_id left join order_detail o1_0 on p2_0.product_id=o1_0.product_id left join orders o2_0 on o2_0.order_id=o1_0.order_id left join customer c1_0 on c1_0.cust_id=o2_0.cust_id left join employee e1_0 on e1_0.emp_id=o2_0.employee_id where (p1_0.price_date_time,p1_0.product_id) in ((?,?))
Hibernate: select p1_0.price_date_time,p1_0.product_id,p2_0.product_id,p2_0.description,p2_0.manufacturer_name,p2_0.name,p2_0.status,p2_0.unit,o1_0.product_id,o1_0.order_id,o2_0.order_id,c1_0.cust_id,c1_0.address,c1_0.email,c1_0.cust_name,c1_0.phone,o2_0.employee_id,e1_0.emp_id,e1_0.address,e1_0.dob,e1_0.email,e1_0.full_name,e1_0.phone,e1_0.status,o2_0.order_date,o1_0.note,o1_0.price,o1_0.quantity,p1_0.note,p1_0.price from product_price p1_0 join product p2_0 on p2_0.product_id=p1_0.product_id left join order_detail o1_0 on p2_0.product_id=o1_0.product_id left join orders o2_0 on o2_0.order_id=o1_0.order_id left join customer c1_0 on c1_0.cust_id=o2_0.cust_id left join employee e1_0 on e1_0.emp_id=o2_0.employee_id where (p1_0.price_date_time,p1_0.product_id) in ((?,?))
Hibernate: select p1_0.price_date_time,p1_0.product_id,p2_0.product_id,p2_0.description,p2_0.manufacturer_name,p2_0.name,p2_0.status,p2_0.unit,o1_0.product_id,o1_0.order_id,o2_0.order_id,c1_0.cust_id,c1_0.address,c1_0.email,c1_0.cust_name,c1_0.phone,o2_0.employee_id,e1_0.emp_id,e1_0.address,e1_0.dob,e1_0.email,e1_0.full_name,e1_0.phone,e1_0.status,o2_0.order_date,o1_0.note,o1_0.price,o1_0.quantity,p1_0.note,p1_0.price from product_price p1_0 join product p2_0 on p2_0.product_id=p1_0.product_id left join order_detail o1_0 on p2_0.product_id=o1_0.product_id left join orders o2_0 on o2_0.order_id=o1_0.order_id left join customer c1_0 on c1_0.cust_id=o2_0.cust_id left join employee e1_0 on e1_0.emp_id=o2_0.employee_id where (p1_0.price_date_time,p1_0.product_id) in ((?,?))
Hibernate: insert into product_price (note,price,price_date_time,product_id) values (?,?,?,?)
Hibernate: insert into product_price (note,price,price_date_time,product_id) values (?,?,?,?)
Hibernate: insert into product_price (note,price,price_date_time,product_id) values (?,?,?,?)
Hibernate: insert into product (description,manufacturer_name,name,status,unit,product_id) values (?,?,?,?,?,default)
Hibernate: select p1_0.product_id,p1_0.description,p1_0.manufacturer_name,p1_0.name,p1_0.status,p1_0.unit,o1_0.product_id,o1_0.order_id,o2_0.order_id,c1_0.cust_id,c1_0.address,c1_0.email,c1_0.cust_name,c1_0.phone,o2_0.employee_id,e1_0.emp_id,e1_0.address,e1_0.dob,e1_0.email,e1_0.full_name,e1_0.phone,e1_0.status,o2_0.order_date,o1_0.note,o1_0.price,o1_0.quantity from product p1_0 left join order_detail o1_0 on p1_0.product_id=o1_0.product_id left join orders o2_0 on o2_0.order_id=o1_0.order_id left join customer c1_0 on c1_0.cust_id=o2_0.cust_id left join employee e1_0 on e1_0.emp_id=o2_0.employee_id where p1_0.product_id=?
Hibernate: select p1_0.product_id,p1_0.price_date_time,p1_0.note,p1_0.price from product_price p1_0 where p1_0.product_id=?
Hibernate: select p1_0.product_id,p1_0.image_id,p1_0.alternative,p1_0.path from product_image p1_0 where p1_0.product_id=?
Hibernate: insert into product_image (alternative,path,product_id,image_id) values (?,?,?,default)
Hibernate: select p1_0.price_date_time,p1_0.product_id,p2_0.product_id,p2_0.description,p2_0.manufacturer_name,p2_0.name,p2_0.status,p2_0.unit,o1_0.product_id,o1_0.order_id,o2_0.order_id,c1_0.cust_id,c1_0.address,c1_0.email,c1_0.cust_name,c1_0.phone,o2_0.employee_id,e1_0.emp_id,e1_0.address,e1_0.dob,e1_0.email,e1_0.full_name,e1_0.phone,e1_0.status,o2_0.order_date,o1_0.note,o1_0.price,o1_0.quantity,p1_0.note,p1_0.price from product_price p1_0 join product p2_0 on p2_0.product_id=p1_0.product_id left join order_detail o1_0 on p2_0.product_id=o1_0.product_id left join orders o2_0 on o2_0.order_id=o1_0.order_id left join customer c1_0 on c1_0.cust_id=o2_0.cust_id left join employee e1_0 on e1_0.emp_id=o2_0.employee_id where (p1_0.price_date_time,p1_0.product_id) in ((?,?))
Hibernate: select p1_0.price_date_time,p1_0.product_id,p2_0.product_id,p2_0.description,p2_0.manufacturer_name,p2_0.name,p2_0.status,p2_0.unit,o1_0.product_id,o1_0.order_id,o2_0.order_id,c1_0.cust_id,c1_0.address,c1_0.email,c1_0.cust_name,c1_0.phone,o2_0.employee_id,e1_0.emp_id,e1_0.address,e1_0.dob,e1_0.email,e1_0.full_name,e1_0.phone,e1_0.status,o2_0.order_date,o1_0.note,o1_0.price,o1_0.quantity,p1_0.note,p1_0.price from product_price p1_0 join product p2_0 on p2_0.product_id=p1_0.product_id left join order_detail o1_0 on p2_0.product_id=o1_0.product_id left join orders o2_0 on o2_0.order_id=o1_0.order_id left join customer c1_0 on c1_0.cust_id=o2_0.cust_id left join employee e1_0 on e1_0.emp_id=o2_0.employee_id where (p1_0.price_date_time,p1_0.product_id) in ((?,?))
Hibernate: select p1_0.price_date_time,p1_0.product_id,p2_0.product_id,p2_0.description,p2_0.manufacturer_name,p2_0.name,p2_0.status,p2_0.unit,o1_0.product_id,o1_0.order_id,o2_0.order_id,c1_0.cust_id,c1_0.address,c1_0.email,c1_0.cust_name,c1_0.phone,o2_0.employee_id,e1_0.emp_id,e1_0.address,e1_0.dob,e1_0.email,e1_0.full_name,e1_0.phone,e1_0.status,o2_0.order_date,o1_0.note,o1_0.price,o1_0.quantity,p1_0.note,p1_0.price from product_price p1_0 join product p2_0 on p2_0.product_id=p1_0.product_id left join order_detail o1_0 on p2_0.product_id=o1_0.product_id left join orders o2_0 on o2_0.order_id=o1_0.order_id left join customer c1_0 on c1_0.cust_id=o2_0.cust_id left join employee e1_0 on e1_0.emp_id=o2_0.employee_id where (p1_0.price_date_time,p1_0.product_id) in ((?,?))
Hibernate: insert into product_price (note,price,price_date_time,product_id) values (?,?,?,?)
Hibernate: insert into product_price (note,price,price_date_time,product_id) values (?,?,?,?)
Hibernate: insert into product_price (note,price,price_date_time,product_id) values (?,?,?,?)
Hibernate: insert into product (description,manufacturer_name,name,status,unit,product_id) values (?,?,?,?,?,default)
Hibernate: select p1_0.product_id,p1_0.description,p1_0.manufacturer_name,p1_0.name,p1_0.status,p1_0.unit,o1_0.product_id,o1_0.order_id,o2_0.order_id,c1_0.cust_id,c1_0.address,c1_0.email,c1_0.cust_name,c1_0.phone,o2_0.employee_id,e1_0.emp_id,e1_0.address,e1_0.dob,e1_0.email,e1_0.full_name,e1_0.phone,e1_0.status,o2_0.order_date,o1_0.note,o1_0.price,o1_0.quantity from product p1_0 left join order_detail o1_0 on p1_0.product_id=o1_0.product_id left join orders o2_0 on o2_0.order_id=o1_0.order_id left join customer c1_0 on c1_0.cust_id=o2_0.cust_id left join employee e1_0 on e1_0.emp_id=o2_0.employee_id where p1_0.product_id=?
Hibernate: select p1_0.product_id,p1_0.price_date_time,p1_0.note,p1_0.price from product_price p1_0 where p1_0.product_id=?
Hibernate: select p1_0.product_id,p1_0.image_id,p1_0.alternative,p1_0.path from product_image p1_0 where p1_0.product_id=?
Hibernate: insert into product_image (alternative,path,product_id,image_id) values (?,?,?,default)
Hibernate: select p1_0.price_date_time,p1_0.product_id,p2_0.product_id,p2_0.description,p2_0.manufacturer_name,p2_0.name,p2_0.status,p2_0.unit,o1_0.product_id,o1_0.order_id,o2_0.order_id,c1_0.cust_id,c1_0.address,c1_0.email,c1_0.cust_name,c1_0.phone,o2_0.employee_id,e1_0.emp_id,e1_0.address,e1_0.dob,e1_0.email,e1_0.full_name,e1_0.phone,e1_0.status,o2_0.order_date,o1_0.note,o1_0.price,o1_0.quantity,p1_0.note,p1_0.price from product_price p1_0 join product p2_0 on p2_0.product_id=p1_0.product_id left join order_detail o1_0 on p2_0.product_id=o1_0.product_id left join orders o2_0 on o2_0.order_id=o1_0.order_id left join customer c1_0 on c1_0.cust_id=o2_0.cust_id left join employee e1_0 on e1_0.emp_id=o2_0.employee_id where (p1_0.price_date_time,p1_0.product_id) in ((?,?))
Hibernate: select p1_0.price_date_time,p1_0.product_id,p2_0.product_id,p2_0.description,p2_0.manufacturer_name,p2_0.name,p2_0.status,p2_0.unit,o1_0.product_id,o1_0.order_id,o2_0.order_id,c1_0.cust_id,c1_0.address,c1_0.email,c1_0.cust_name,c1_0.phone,o2_0.employee_id,e1_0.emp_id,e1_0.address,e1_0.dob,e1_0.email,e1_0.full_name,e1_0.phone,e1_0.status,o2_0.order_date,o1_0.note,o1_0.price,o1_0.quantity,p1_0.note,p1_0.price from product_price p1_0 join product p2_0 on p2_0.product_id=p1_0.product_id left join order_detail o1_0 on p2_0.product_id=o1_0.product_id left join orders o2_0 on o2_0.order_id=o1_0.order_id left join customer c1_0 on c1_0.cust_id=o2_0.cust_id left join employee e1_0 on e1_0.emp_id=o2_0.employee_id where (p1_0.price_date_time,p1_0.product_id) in ((?,?))
Hibernate: select p1_0.price_date_time,p1_0.product_id,p2_0.product_id,p2_0.description,p2_0.manufacturer_name,p2_0.name,p2_0.status,p2_0.unit,o1_0.product_id,o1_0.order_id,o2_0.order_id,c1_0.cust_id,c1_0.address,c1_0.email,c1_0.cust_name,c1_0.phone,o2_0.employee_id,e1_0.emp_id,e1_0.address,e1_0.dob,e1_0.email,e1_0.full_name,e1_0.phone,e1_0.status,o2_0.order_date,o1_0.note,o1_0.price,o1_0.quantity,p1_0.note,p1_0.price from product_price p1_0 join product p2_0 on p2_0.product_id=p1_0.product_id left join order_detail o1_0 on p2_0.product_id=o1_0.product_id left join orders o2_0 on o2_0.order_id=o1_0.order_id left join customer c1_0 on c1_0.cust_id=o2_0.cust_id left join employee e1_0 on e1_0.emp_id=o2_0.employee_id where (p1_0.price_date_time,p1_0.product_id) in ((?,?))
Hibernate: insert into product_price (note,price,price_date_time,product_id) values (?,?,?,?)
Hibernate: insert into product_price (note,price,price_date_time,product_id) values (?,?,?,?)
Hibernate: insert into product_price (note,price,price_date_time,product_id) values (?,?,?,?)
Hibernate: insert into product (description,manufacturer_name,name,status,unit,product_id) values (?,?,?,?,?,default)
Hibernate: select p1_0.product_id,p1_0.description,p1_0.manufacturer_name,p1_0.name,p1_0.status,p1_0.unit,o1_0.product_id,o1_0.order_id,o2_0.order_id,c1_0.cust_id,c1_0.address,c1_0.email,c1_0.cust_name,c1_0.phone,o2_0.employee_id,e1_0.emp_id,e1_0.address,e1_0.dob,e1_0.email,e1_0.full_name,e1_0.phone,e1_0.status,o2_0.order_date,o1_0.note,o1_0.price,o1_0.quantity from product p1_0 left join order_detail o1_0 on p1_0.product_id=o1_0.product_id left join orders o2_0 on o2_0.order_id=o1_0.order_id left join customer c1_0 on c1_0.cust_id=o2_0.cust_id left join employee e1_0 on e1_0.emp_id=o2_0.employee_id where p1_0.product_id=?
Hibernate: select p1_0.product_id,p1_0.price_date_time,p1_0.note,p1_0.price from product_price p1_0 where p1_0.product_id=?
Hibernate: select p1_0.product_id,p1_0.image_id,p1_0.alternative,p1_0.path from product_image p1_0 where p1_0.product_id=?
Hibernate: insert into product_image (alternative,path,product_id,image_id) values (?,?,?,default)
Hibernate: select p1_0.price_date_time,p1_0.product_id,p2_0.product_id,p2_0.description,p2_0.manufacturer_name,p2_0.name,p2_0.status,p2_0.unit,o1_0.product_id,o1_0.order_id,o2_0.order_id,c1_0.cust_id,c1_0.address,c1_0.email,c1_0.cust_name,c1_0.phone,o2_0.employee_id,e1_0.emp_id,e1_0.address,e1_0.dob,e1_0.email,e1_0.full_name,e1_0.phone,e1_0.status,o2_0.order_date,o1_0.note,o1_0.price,o1_0.quantity,p1_0.note,p1_0.price from product_price p1_0 join product p2_0 on p2_0.product_id=p1_0.product_id left join order_detail o1_0 on p2_0.product_id=o1_0.product_id left join orders o2_0 on o2_0.order_id=o1_0.order_id left join customer c1_0 on c1_0.cust_id=o2_0.cust_id left join employee e1_0 on e1_0.emp_id=o2_0.employee_id where (p1_0.price_date_time,p1_0.product_id) in ((?,?))
Hibernate: select p1_0.price_date_time,p1_0.product_id,p2_0.product_id,p2_0.description,p2_0.manufacturer_name,p2_0.name,p2_0.status,p2_0.unit,o1_0.product_id,o1_0.order_id,o2_0.order_id,c1_0.cust_id,c1_0.address,c1_0.email,c1_0.cust_name,c1_0.phone,o2_0.employee_id,e1_0.emp_id,e1_0.address,e1_0.dob,e1_0.email,e1_0.full_name,e1_0.phone,e1_0.status,o2_0.order_date,o1_0.note,o1_0.price,o1_0.quantity,p1_0.note,p1_0.price from product_price p1_0 join product p2_0 on p2_0.product_id=p1_0.product_id left join order_detail o1_0 on p2_0.product_id=o1_0.product_id left join orders o2_0 on o2_0.order_id=o1_0.order_id left join customer c1_0 on c1_0.cust_id=o2_0.cust_id left join employee e1_0 on e1_0.emp_id=o2_0.employee_id where (p1_0.price_date_time,p1_0.product_id) in ((?,?))
Hibernate: select p1_0.price_date_time,p1_0.product_id,p2_0.product_id,p2_0.description,p2_0.manufacturer_name,p2_0.name,p2_0.status,p2_0.unit,o1_0.product_id,o1_0.order_id,o2_0.order_id,c1_0.cust_id,c1_0.address,c1_0.email,c1_0.cust_name,c1_0.phone,o2_0.employee_id,e1_0.emp_id,e1_0.address,e1_0.dob,e1_0.email,e1_0.full_name,e1_0.phone,e1_0.status,o2_0.order_date,o1_0.note,o1_0.price,o1_0.quantity,p1_0.note,p1_0.price from product_price p1_0 join product p2_0 on p2_0.product_id=p1_0.product_id left join order_detail o1_0 on p2_0.product_id=o1_0.product_id left join orders o2_0 on o2_0.order_id=o1_0.order_id left join customer c1_0 on c1_0.cust_id=o2_0.cust_id left join employee e1_0 on e1_0.emp_id=o2_0.employee_id where (p1_0.price_date_time,p1_0.product_id) in ((?,?))
Hibernate: insert into product_price (note,price,price_date_time,product_id) values (?,?,?,?)
Hibernate: insert into product_price (note,price,price_date_time,product_id) values (?,?,?,?)
Hibernate: insert into product_price (note,price,price_date_time,product_id) values (?,?,?,?)
Hibernate: insert into product (description,manufacturer_name,name,status,unit,product_id) values (?,?,?,?,?,default)
Hibernate: select p1_0.product_id,p1_0.description,p1_0.manufacturer_name,p1_0.name,p1_0.status,p1_0.unit,o1_0.product_id,o1_0.order_id,o2_0.order_id,c1_0.cust_id,c1_0.address,c1_0.email,c1_0.cust_name,c1_0.phone,o2_0.employee_id,e1_0.emp_id,e1_0.address,e1_0.dob,e1_0.email,e1_0.full_name,e1_0.phone,e1_0.status,o2_0.order_date,o1_0.note,o1_0.price,o1_0.quantity from product p1_0 left join order_detail o1_0 on p1_0.product_id=o1_0.product_id left join orders o2_0 on o2_0.order_id=o1_0.order_id left join customer c1_0 on c1_0.cust_id=o2_0.cust_id left join employee e1_0 on e1_0.emp_id=o2_0.employee_id where p1_0.product_id=?
Hibernate: select p1_0.product_id,p1_0.price_date_time,p1_0.note,p1_0.price from product_price p1_0 where p1_0.product_id=?
Hibernate: select p1_0.product_id,p1_0.image_id,p1_0.alternative,p1_0.path from product_image p1_0 where p1_0.product_id=?
Hibernate: insert into product_image (alternative,path,product_id,image_id) values (?,?,?,default)
Hibernate: select p1_0.price_date_time,p1_0.product_id,p2_0.product_id,p2_0.description,p2_0.manufacturer_name,p2_0.name,p2_0.status,p2_0.unit,o1_0.product_id,o1_0.order_id,o2_0.order_id,c1_0.cust_id,c1_0.address,c1_0.email,c1_0.cust_name,c1_0.phone,o2_0.employee_id,e1_0.emp_id,e1_0.address,e1_0.dob,e1_0.email,e1_0.full_name,e1_0.phone,e1_0.status,o2_0.order_date,o1_0.note,o1_0.price,o1_0.quantity,p1_0.note,p1_0.price from product_price p1_0 join product p2_0 on p2_0.product_id=p1_0.product_id left join order_detail o1_0 on p2_0.product_id=o1_0.product_id left join orders o2_0 on o2_0.order_id=o1_0.order_id left join customer c1_0 on c1_0.cust_id=o2_0.cust_id left join employee e1_0 on e1_0.emp_id=o2_0.employee_id where (p1_0.price_date_time,p1_0.product_id) in ((?,?))
Hibernate: select p1_0.price_date_time,p1_0.product_id,p2_0.product_id,p2_0.description,p2_0.manufacturer_name,p2_0.name,p2_0.status,p2_0.unit,o1_0.product_id,o1_0.order_id,o2_0.order_id,c1_0.cust_id,c1_0.address,c1_0.email,c1_0.cust_name,c1_0.phone,o2_0.employee_id,e1_0.emp_id,e1_0.address,e1_0.dob,e1_0.email,e1_0.full_name,e1_0.phone,e1_0.status,o2_0.order_date,o1_0.note,o1_0.price,o1_0.quantity,p1_0.note,p1_0.price from product_price p1_0 join product p2_0 on p2_0.product_id=p1_0.product_id left join order_detail o1_0 on p2_0.product_id=o1_0.product_id left join orders o2_0 on o2_0.order_id=o1_0.order_id left join customer c1_0 on c1_0.cust_id=o2_0.cust_id left join employee e1_0 on e1_0.emp_id=o2_0.employee_id where (p1_0.price_date_time,p1_0.product_id) in ((?,?))
Hibernate: select p1_0.price_date_time,p1_0.product_id,p2_0.product_id,p2_0.description,p2_0.manufacturer_name,p2_0.name,p2_0.status,p2_0.unit,o1_0.product_id,o1_0.order_id,o2_0.order_id,c1_0.cust_id,c1_0.address,c1_0.email,c1_0.cust_name,c1_0.phone,o2_0.employee_id,e1_0.emp_id,e1_0.address,e1_0.dob,e1_0.email,e1_0.full_name,e1_0.phone,e1_0.status,o2_0.order_date,o1_0.note,o1_0.price,o1_0.quantity,p1_0.note,p1_0.price from product_price p1_0 join product p2_0 on p2_0.product_id=p1_0.product_id left join order_detail o1_0 on p2_0.product_id=o1_0.product_id left join orders o2_0 on o2_0.order_id=o1_0.order_id left join customer c1_0 on c1_0.cust_id=o2_0.cust_id left join employee e1_0 on e1_0.emp_id=o2_0.employee_id where (p1_0.price_date_time,p1_0.product_id) in ((?,?))
Hibernate: insert into product_price (note,price,price_date_time,product_id) values (?,?,?,?)
Hibernate: insert into product_price (note,price,price_date_time,product_id) values (?,?,?,?)
Hibernate: insert into product_price (note,price,price_date_time,product_id) values (?,?,?,?)
Hibernate: insert into product (description,manufacturer_name,name,status,unit,product_id) values (?,?,?,?,?,default)
Hibernate: select p1_0.product_id,p1_0.description,p1_0.manufacturer_name,p1_0.name,p1_0.status,p1_0.unit,o1_0.product_id,o1_0.order_id,o2_0.order_id,c1_0.cust_id,c1_0.address,c1_0.email,c1_0.cust_name,c1_0.phone,o2_0.employee_id,e1_0.emp_id,e1_0.address,e1_0.dob,e1_0.email,e1_0.full_name,e1_0.phone,e1_0.status,o2_0.order_date,o1_0.note,o1_0.price,o1_0.quantity from product p1_0 left join order_detail o1_0 on p1_0.product_id=o1_0.product_id left join orders o2_0 on o2_0.order_id=o1_0.order_id left join customer c1_0 on c1_0.cust_id=o2_0.cust_id left join employee e1_0 on e1_0.emp_id=o2_0.employee_id where p1_0.product_id=?
Hibernate: select p1_0.product_id,p1_0.price_date_time,p1_0.note,p1_0.price from product_price p1_0 where p1_0.product_id=?
Hibernate: select p1_0.product_id,p1_0.image_id,p1_0.alternative,p1_0.path from product_image p1_0 where p1_0.product_id=?
Hibernate: insert into product_image (alternative,path,product_id,image_id) values (?,?,?,default)
Hibernate: select p1_0.price_date_time,p1_0.product_id,p2_0.product_id,p2_0.description,p2_0.manufacturer_name,p2_0.name,p2_0.status,p2_0.unit,o1_0.product_id,o1_0.order_id,o2_0.order_id,c1_0.cust_id,c1_0.address,c1_0.email,c1_0.cust_name,c1_0.phone,o2_0.employee_id,e1_0.emp_id,e1_0.address,e1_0.dob,e1_0.email,e1_0.full_name,e1_0.phone,e1_0.status,o2_0.order_date,o1_0.note,o1_0.price,o1_0.quantity,p1_0.note,p1_0.price from product_price p1_0 join product p2_0 on p2_0.product_id=p1_0.product_id left join order_detail o1_0 on p2_0.product_id=o1_0.product_id left join orders o2_0 on o2_0.order_id=o1_0.order_id left join customer c1_0 on c1_0.cust_id=o2_0.cust_id left join employee e1_0 on e1_0.emp_id=o2_0.employee_id where (p1_0.price_date_time,p1_0.product_id) in ((?,?))
Hibernate: select p1_0.price_date_time,p1_0.product_id,p2_0.product_id,p2_0.description,p2_0.manufacturer_name,p2_0.name,p2_0.status,p2_0.unit,o1_0.product_id,o1_0.order_id,o2_0.order_id,c1_0.cust_id,c1_0.address,c1_0.email,c1_0.cust_name,c1_0.phone,o2_0.employee_id,e1_0.emp_id,e1_0.address,e1_0.dob,e1_0.email,e1_0.full_name,e1_0.phone,e1_0.status,o2_0.order_date,o1_0.note,o1_0.price,o1_0.quantity,p1_0.note,p1_0.price from product_price p1_0 join product p2_0 on p2_0.product_id=p1_0.product_id left join order_detail o1_0 on p2_0.product_id=o1_0.product_id left join orders o2_0 on o2_0.order_id=o1_0.order_id left join customer c1_0 on c1_0.cust_id=o2_0.cust_id left join employee e1_0 on e1_0.emp_id=o2_0.employee_id where (p1_0.price_date_time,p1_0.product_id) in ((?,?))
Hibernate: select p1_0.price_date_time,p1_0.product_id,p2_0.product_id,p2_0.description,p2_0.manufacturer_name,p2_0.name,p2_0.status,p2_0.unit,o1_0.product_id,o1_0.order_id,o2_0.order_id,c1_0.cust_id,c1_0.address,c1_0.email,c1_0.cust_name,c1_0.phone,o2_0.employee_id,e1_0.emp_id,e1_0.address,e1_0.dob,e1_0.email,e1_0.full_name,e1_0.phone,e1_0.status,o2_0.order_date,o1_0.note,o1_0.price,o1_0.quantity,p1_0.note,p1_0.price from product_price p1_0 join product p2_0 on p2_0.product_id=p1_0.product_id left join order_detail o1_0 on p2_0.product_id=o1_0.product_id left join orders o2_0 on o2_0.order_id=o1_0.order_id left join customer c1_0 on c1_0.cust_id=o2_0.cust_id left join employee e1_0 on e1_0.emp_id=o2_0.employee_id where (p1_0.price_date_time,p1_0.product_id) in ((?,?))
Hibernate: insert into product_price (note,price,price_date_time,product_id) values (?,?,?,?)
Hibernate: insert into product_price (note,price,price_date_time,product_id) values (?,?,?,?)
Hibernate: insert into product_price (note,price,price_date_time,product_id) values (?,?,?,?)
Hibernate: insert into product (description,manufacturer_name,name,status,unit,product_id) values (?,?,?,?,?,default)
Hibernate: select p1_0.product_id,p1_0.description,p1_0.manufacturer_name,p1_0.name,p1_0.status,p1_0.unit,o1_0.product_id,o1_0.order_id,o2_0.order_id,c1_0.cust_id,c1_0.address,c1_0.email,c1_0.cust_name,c1_0.phone,o2_0.employee_id,e1_0.emp_id,e1_0.address,e1_0.dob,e1_0.email,e1_0.full_name,e1_0.phone,e1_0.status,o2_0.order_date,o1_0.note,o1_0.price,o1_0.quantity from product p1_0 left join order_detail o1_0 on p1_0.product_id=o1_0.product_id left join orders o2_0 on o2_0.order_id=o1_0.order_id left join customer c1_0 on c1_0.cust_id=o2_0.cust_id left join employee e1_0 on e1_0.emp_id=o2_0.employee_id where p1_0.product_id=?
Hibernate: select p1_0.product_id,p1_0.price_date_time,p1_0.note,p1_0.price from product_price p1_0 where p1_0.product_id=?
Hibernate: select p1_0.product_id,p1_0.image_id,p1_0.alternative,p1_0.path from product_image p1_0 where p1_0.product_id=?
Hibernate: insert into product_image (alternative,path,product_id,image_id) values (?,?,?,default)
Hibernate: select p1_0.price_date_time,p1_0.product_id,p2_0.product_id,p2_0.description,p2_0.manufacturer_name,p2_0.name,p2_0.status,p2_0.unit,o1_0.product_id,o1_0.order_id,o2_0.order_id,c1_0.cust_id,c1_0.address,c1_0.email,c1_0.cust_name,c1_0.phone,o2_0.employee_id,e1_0.emp_id,e1_0.address,e1_0.dob,e1_0.email,e1_0.full_name,e1_0.phone,e1_0.status,o2_0.order_date,o1_0.note,o1_0.price,o1_0.quantity,p1_0.note,p1_0.price from product_price p1_0 join product p2_0 on p2_0.product_id=p1_0.product_id left join order_detail o1_0 on p2_0.product_id=o1_0.product_id left join orders o2_0 on o2_0.order_id=o1_0.order_id left join customer c1_0 on c1_0.cust_id=o2_0.cust_id left join employee e1_0 on e1_0.emp_id=o2_0.employee_id where (p1_0.price_date_time,p1_0.product_id) in ((?,?))
Hibernate: select p1_0.price_date_time,p1_0.product_id,p2_0.product_id,p2_0.description,p2_0.manufacturer_name,p2_0.name,p2_0.status,p2_0.unit,o1_0.product_id,o1_0.order_id,o2_0.order_id,c1_0.cust_id,c1_0.address,c1_0.email,c1_0.cust_name,c1_0.phone,o2_0.employee_id,e1_0.emp_id,e1_0.address,e1_0.dob,e1_0.email,e1_0.full_name,e1_0.phone,e1_0.status,o2_0.order_date,o1_0.note,o1_0.price,o1_0.quantity,p1_0.note,p1_0.price from product_price p1_0 join product p2_0 on p2_0.product_id=p1_0.product_id left join order_detail o1_0 on p2_0.product_id=o1_0.product_id left join orders o2_0 on o2_0.order_id=o1_0.order_id left join customer c1_0 on c1_0.cust_id=o2_0.cust_id left join employee e1_0 on e1_0.emp_id=o2_0.employee_id where (p1_0.price_date_time,p1_0.product_id) in ((?,?))
Hibernate: select p1_0.price_date_time,p1_0.product_id,p2_0.product_id,p2_0.description,p2_0.manufacturer_name,p2_0.name,p2_0.status,p2_0.unit,o1_0.product_id,o1_0.order_id,o2_0.order_id,c1_0.cust_id,c1_0.address,c1_0.email,c1_0.cust_name,c1_0.phone,o2_0.employee_id,e1_0.emp_id,e1_0.address,e1_0.dob,e1_0.email,e1_0.full_name,e1_0.phone,e1_0.status,o2_0.order_date,o1_0.note,o1_0.price,o1_0.quantity,p1_0.note,p1_0.price from product_price p1_0 join product p2_0 on p2_0.product_id=p1_0.product_id left join order_detail o1_0 on p2_0.product_id=o1_0.product_id left join orders o2_0 on o2_0.order_id=o1_0.order_id left join customer c1_0 on c1_0.cust_id=o2_0.cust_id left join employee e1_0 on e1_0.emp_id=o2_0.employee_id where (p1_0.price_date_time,p1_0.product_id) in ((?,?))
Hibernate: insert into product_price (note,price,price_date_time,product_id) values (?,?,?,?)
Hibernate: insert into product_price (note,price,price_date_time,product_id) values (?,?,?,?)
Hibernate: insert into product_price (note,price,price_date_time,product_id) values (?,?,?,?)
Hibernate: insert into product (description,manufacturer_name,name,status,unit,product_id) values (?,?,?,?,?,default)
Hibernate: select p1_0.product_id,p1_0.description,p1_0.manufacturer_name,p1_0.name,p1_0.status,p1_0.unit,o1_0.product_id,o1_0.order_id,o2_0.order_id,c1_0.cust_id,c1_0.address,c1_0.email,c1_0.cust_name,c1_0.phone,o2_0.employee_id,e1_0.emp_id,e1_0.address,e1_0.dob,e1_0.email,e1_0.full_name,e1_0.phone,e1_0.status,o2_0.order_date,o1_0.note,o1_0.price,o1_0.quantity from product p1_0 left join order_detail o1_0 on p1_0.product_id=o1_0.product_id left join orders o2_0 on o2_0.order_id=o1_0.order_id left join customer c1_0 on c1_0.cust_id=o2_0.cust_id left join employee e1_0 on e1_0.emp_id=o2_0.employee_id where p1_0.product_id=?
Hibernate: select p1_0.product_id,p1_0.price_date_time,p1_0.note,p1_0.price from product_price p1_0 where p1_0.product_id=?
Hibernate: select p1_0.product_id,p1_0.image_id,p1_0.alternative,p1_0.path from product_image p1_0 where p1_0.product_id=?
Hibernate: insert into product_image (alternative,path,product_id,image_id) values (?,?,?,default)
Hibernate: select p1_0.price_date_time,p1_0.product_id,p2_0.product_id,p2_0.description,p2_0.manufacturer_name,p2_0.name,p2_0.status,p2_0.unit,o1_0.product_id,o1_0.order_id,o2_0.order_id,c1_0.cust_id,c1_0.address,c1_0.email,c1_0.cust_name,c1_0.phone,o2_0.employee_id,e1_0.emp_id,e1_0.address,e1_0.dob,e1_0.email,e1_0.full_name,e1_0.phone,e1_0.status,o2_0.order_date,o1_0.note,o1_0.price,o1_0.quantity,p1_0.note,p1_0.price from product_price p1_0 join product p2_0 on p2_0.product_id=p1_0.product_id left join order_detail o1_0 on p2_0.product_id=o1_0.product_id left join orders o2_0 on o2_0.order_id=o1_0.order_id left join customer c1_0 on c1_0.cust_id=o2_0.cust_id left join employee e1_0 on e1_0.emp_id=o2_0.employee_id where (p1_0.price_date_time,p1_0.product_id) in ((?,?))
Hibernate: select p1_0.price_date_time,p1_0.product_id,p2_0.product_id,p2_0.description,p2_0.manufacturer_name,p2_0.name,p2_0.status,p2_0.unit,o1_0.product_id,o1_0.order_id,o2_0.order_id,c1_0.cust_id,c1_0.address,c1_0.email,c1_0.cust_name,c1_0.phone,o2_0.employee_id,e1_0.emp_id,e1_0.address,e1_0.dob,e1_0.email,e1_0.full_name,e1_0.phone,e1_0.status,o2_0.order_date,o1_0.note,o1_0.price,o1_0.quantity,p1_0.note,p1_0.price from product_price p1_0 join product p2_0 on p2_0.product_id=p1_0.product_id left join order_detail o1_0 on p2_0.product_id=o1_0.product_id left join orders o2_0 on o2_0.order_id=o1_0.order_id left join customer c1_0 on c1_0.cust_id=o2_0.cust_id left join employee e1_0 on e1_0.emp_id=o2_0.employee_id where (p1_0.price_date_time,p1_0.product_id) in ((?,?))
Hibernate: select p1_0.price_date_time,p1_0.product_id,p2_0.product_id,p2_0.description,p2_0.manufacturer_name,p2_0.name,p2_0.status,p2_0.unit,o1_0.product_id,o1_0.order_id,o2_0.order_id,c1_0.cust_id,c1_0.address,c1_0.email,c1_0.cust_name,c1_0.phone,o2_0.employee_id,e1_0.emp_id,e1_0.address,e1_0.dob,e1_0.email,e1_0.full_name,e1_0.phone,e1_0.status,o2_0.order_date,o1_0.note,o1_0.price,o1_0.quantity,p1_0.note,p1_0.price from product_price p1_0 join product p2_0 on p2_0.product_id=p1_0.product_id left join order_detail o1_0 on p2_0.product_id=o1_0.product_id left join orders o2_0 on o2_0.order_id=o1_0.order_id left join customer c1_0 on c1_0.cust_id=o2_0.cust_id left join employee e1_0 on e1_0.emp_id=o2_0.employee_id where (p1_0.price_date_time,p1_0.product_id) in ((?,?))
Hibernate: insert into product_price (note,price,price_date_time,product_id) values (?,?,?,?)
Hibernate: insert into product_price (note,price,price_date_time,product_id) values (?,?,?,?)
Hibernate: insert into product_price (note,price,price_date_time,product_id) values (?,?,?,?)
Hibernate: insert into product (description,manufacturer_name,name,status,unit,product_id) values (?,?,?,?,?,default)
Hibernate: select p1_0.product_id,p1_0.description,p1_0.manufacturer_name,p1_0.name,p1_0.status,p1_0.unit,o1_0.product_id,o1_0.order_id,o2_0.order_id,c1_0.cust_id,c1_0.address,c1_0.email,c1_0.cust_name,c1_0.phone,o2_0.employee_id,e1_0.emp_id,e1_0.address,e1_0.dob,e1_0.email,e1_0.full_name,e1_0.phone,e1_0.status,o2_0.order_date,o1_0.note,o1_0.price,o1_0.quantity from product p1_0 left join order_detail o1_0 on p1_0.product_id=o1_0.product_id left join orders o2_0 on o2_0.order_id=o1_0.order_id left join customer c1_0 on c1_0.cust_id=o2_0.cust_id left join employee e1_0 on e1_0.emp_id=o2_0.employee_id where p1_0.product_id=?
Hibernate: select p1_0.product_id,p1_0.price_date_time,p1_0.note,p1_0.price from product_price p1_0 where p1_0.product_id=?
Hibernate: select p1_0.product_id,p1_0.image_id,p1_0.alternative,p1_0.path from product_image p1_0 where p1_0.product_id=?
Hibernate: insert into product_image (alternative,path,product_id,image_id) values (?,?,?,default)
Hibernate: select p1_0.price_date_time,p1_0.product_id,p2_0.product_id,p2_0.description,p2_0.manufacturer_name,p2_0.name,p2_0.status,p2_0.unit,o1_0.product_id,o1_0.order_id,o2_0.order_id,c1_0.cust_id,c1_0.address,c1_0.email,c1_0.cust_name,c1_0.phone,o2_0.employee_id,e1_0.emp_id,e1_0.address,e1_0.dob,e1_0.email,e1_0.full_name,e1_0.phone,e1_0.status,o2_0.order_date,o1_0.note,o1_0.price,o1_0.quantity,p1_0.note,p1_0.price from product_price p1_0 join product p2_0 on p2_0.product_id=p1_0.product_id left join order_detail o1_0 on p2_0.product_id=o1_0.product_id left join orders o2_0 on o2_0.order_id=o1_0.order_id left join customer c1_0 on c1_0.cust_id=o2_0.cust_id left join employee e1_0 on e1_0.emp_id=o2_0.employee_id where (p1_0.price_date_time,p1_0.product_id) in ((?,?))
Hibernate: select p1_0.price_date_time,p1_0.product_id,p2_0.product_id,p2_0.description,p2_0.manufacturer_name,p2_0.name,p2_0.status,p2_0.unit,o1_0.product_id,o1_0.order_id,o2_0.order_id,c1_0.cust_id,c1_0.address,c1_0.email,c1_0.cust_name,c1_0.phone,o2_0.employee_id,e1_0.emp_id,e1_0.address,e1_0.dob,e1_0.email,e1_0.full_name,e1_0.phone,e1_0.status,o2_0.order_date,o1_0.note,o1_0.price,o1_0.quantity,p1_0.note,p1_0.price from product_price p1_0 join product p2_0 on p2_0.product_id=p1_0.product_id left join order_detail o1_0 on p2_0.product_id=o1_0.product_id left join orders o2_0 on o2_0.order_id=o1_0.order_id left join customer c1_0 on c1_0.cust_id=o2_0.cust_id left join employee e1_0 on e1_0.emp_id=o2_0.employee_id where (p1_0.price_date_time,p1_0.product_id) in ((?,?))
Hibernate: select p1_0.price_date_time,p1_0.product_id,p2_0.product_id,p2_0.description,p2_0.manufacturer_name,p2_0.name,p2_0.status,p2_0.unit,o1_0.product_id,o1_0.order_id,o2_0.order_id,c1_0.cust_id,c1_0.address,c1_0.email,c1_0.cust_name,c1_0.phone,o2_0.employee_id,e1_0.emp_id,e1_0.address,e1_0.dob,e1_0.email,e1_0.full_name,e1_0.phone,e1_0.status,o2_0.order_date,o1_0.note,o1_0.price,o1_0.quantity,p1_0.note,p1_0.price from product_price p1_0 join product p2_0 on p2_0.product_id=p1_0.product_id left join order_detail o1_0 on p2_0.product_id=o1_0.product_id left join orders o2_0 on o2_0.order_id=o1_0.order_id left join customer c1_0 on c1_0.cust_id=o2_0.cust_id left join employee e1_0 on e1_0.emp_id=o2_0.employee_id where (p1_0.price_date_time,p1_0.product_id) in ((?,?))
Hibernate: insert into product_price (note,price,price_date_time,product_id) values (?,?,?,?)
Hibernate: insert into product_price (note,price,price_date_time,product_id) values (?,?,?,?)
Hibernate: insert into product_price (note,price,price_date_time,product_id) values (?,?,?,?)
Hibernate: insert into product (description,manufacturer_name,name,status,unit,product_id) values (?,?,?,?,?,default)
Hibernate: select p1_0.product_id,p1_0.description,p1_0.manufacturer_name,p1_0.name,p1_0.status,p1_0.unit,o1_0.product_id,o1_0.order_id,o2_0.order_id,c1_0.cust_id,c1_0.address,c1_0.email,c1_0.cust_name,c1_0.phone,o2_0.employee_id,e1_0.emp_id,e1_0.address,e1_0.dob,e1_0.email,e1_0.full_name,e1_0.phone,e1_0.status,o2_0.order_date,o1_0.note,o1_0.price,o1_0.quantity from product p1_0 left join order_detail o1_0 on p1_0.product_id=o1_0.product_id left join orders o2_0 on o2_0.order_id=o1_0.order_id left join customer c1_0 on c1_0.cust_id=o2_0.cust_id left join employee e1_0 on e1_0.emp_id=o2_0.employee_id where p1_0.product_id=?
Hibernate: select p1_0.product_id,p1_0.price_date_time,p1_0.note,p1_0.price from product_price p1_0 where p1_0.product_id=?
Hibernate: select p1_0.product_id,p1_0.image_id,p1_0.alternative,p1_0.path from product_image p1_0 where p1_0.product_id=?
Hibernate: insert into product_image (alternative,path,product_id,image_id) values (?,?,?,default)
Hibernate: select p1_0.price_date_time,p1_0.product_id,p2_0.product_id,p2_0.description,p2_0.manufacturer_name,p2_0.name,p2_0.status,p2_0.unit,o1_0.product_id,o1_0.order_id,o2_0.order_id,c1_0.cust_id,c1_0.address,c1_0.email,c1_0.cust_name,c1_0.phone,o2_0.employee_id,e1_0.emp_id,e1_0.address,e1_0.dob,e1_0.email,e1_0.full_name,e1_0.phone,e1_0.status,o2_0.order_date,o1_0.note,o1_0.price,o1_0.quantity,p1_0.note,p1_0.price from product_price p1_0 join product p2_0 on p2_0.product_id=p1_0.product_id left join order_detail o1_0 on p2_0.product_id=o1_0.product_id left join orders o2_0 on o2_0.order_id=o1_0.order_id left join customer c1_0 on c1_0.cust_id=o2_0.cust_id left join employee e1_0 on e1_0.emp_id=o2_0.employee_id where (p1_0.price_date_time,p1_0.product_id) in ((?,?))
Hibernate: select p1_0.price_date_time,p1_0.product_id,p2_0.product_id,p2_0.description,p2_0.manufacturer_name,p2_0.name,p2_0.status,p2_0.unit,o1_0.product_id,o1_0.order_id,o2_0.order_id,c1_0.cust_id,c1_0.address,c1_0.email,c1_0.cust_name,c1_0.phone,o2_0.employee_id,e1_0.emp_id,e1_0.address,e1_0.dob,e1_0.email,e1_0.full_name,e1_0.phone,e1_0.status,o2_0.order_date,o1_0.note,o1_0.price,o1_0.quantity,p1_0.note,p1_0.price from product_price p1_0 join product p2_0 on p2_0.product_id=p1_0.product_id left join order_detail o1_0 on p2_0.product_id=o1_0.product_id left join orders o2_0 on o2_0.order_id=o1_0.order_id left join customer c1_0 on c1_0.cust_id=o2_0.cust_id left join employee e1_0 on e1_0.emp_id=o2_0.employee_id where (p1_0.price_date_time,p1_0.product_id) in ((?,?))
Hibernate: select p1_0.price_date_time,p1_0.product_id,p2_0.product_id,p2_0.description,p2_0.manufacturer_name,p2_0.name,p2_0.status,p2_0.unit,o1_0.product_id,o1_0.order_id,o2_0.order_id,c1_0.cust_id,c1_0.address,c1_0.email,c1_0.cust_name,c1_0.phone,o2_0.employee_id,e1_0.emp_id,e1_0.address,e1_0.dob,e1_0.email,e1_0.full_name,e1_0.phone,e1_0.status,o2_0.order_date,o1_0.note,o1_0.price,o1_0.quantity,p1_0.note,p1_0.price from product_price p1_0 join product p2_0 on p2_0.product_id=p1_0.product_id left join order_detail o1_0 on p2_0.product_id=o1_0.product_id left join orders o2_0 on o2_0.order_id=o1_0.order_id left join customer c1_0 on c1_0.cust_id=o2_0.cust_id left join employee e1_0 on e1_0.emp_id=o2_0.employee_id where (p1_0.price_date_time,p1_0.product_id) in ((?,?))
Hibernate: insert into product_price (note,price,price_date_time,product_id) values (?,?,?,?)
Hibernate: insert into product_price (note,price,price_date_time,product_id) values (?,?,?,?)
Hibernate: insert into product_price (note,price,price_date_time,product_id) values (?,?,?,?)
Hibernate: insert into product (description,manufacturer_name,name,status,unit,product_id) values (?,?,?,?,?,default)
Hibernate: select p1_0.product_id,p1_0.description,p1_0.manufacturer_name,p1_0.name,p1_0.status,p1_0.unit,o1_0.product_id,o1_0.order_id,o2_0.order_id,c1_0.cust_id,c1_0.address,c1_0.email,c1_0.cust_name,c1_0.phone,o2_0.employee_id,e1_0.emp_id,e1_0.address,e1_0.dob,e1_0.email,e1_0.full_name,e1_0.phone,e1_0.status,o2_0.order_date,o1_0.note,o1_0.price,o1_0.quantity from product p1_0 left join order_detail o1_0 on p1_0.product_id=o1_0.product_id left join orders o2_0 on o2_0.order_id=o1_0.order_id left join customer c1_0 on c1_0.cust_id=o2_0.cust_id left join employee e1_0 on e1_0.emp_id=o2_0.employee_id where p1_0.product_id=?
Hibernate: select p1_0.product_id,p1_0.price_date_time,p1_0.note,p1_0.price from product_price p1_0 where p1_0.product_id=?
Hibernate: select p1_0.product_id,p1_0.image_id,p1_0.alternative,p1_0.path from product_image p1_0 where p1_0.product_id=?
Hibernate: insert into product_image (alternative,path,product_id,image_id) values (?,?,?,default)
Hibernate: select p1_0.price_date_time,p1_0.product_id,p2_0.product_id,p2_0.description,p2_0.manufacturer_name,p2_0.name,p2_0.status,p2_0.unit,o1_0.product_id,o1_0.order_id,o2_0.order_id,c1_0.cust_id,c1_0.address,c1_0.email,c1_0.cust_name,c1_0.phone,o2_0.employee_id,e1_0.emp_id,e1_0.address,e1_0.dob,e1_0.email,e1_0.full_name,e1_0.phone,e1_0.status,o2_0.order_date,o1_0.note,o1_0.price,o1_0.quantity,p1_0.note,p1_0.price from product_price p1_0 join product p2_0 on p2_0.product_id=p1_0.product_id left join order_detail o1_0 on p2_0.product_id=o1_0.product_id left join orders o2_0 on o2_0.order_id=o1_0.order_id left join customer c1_0 on c1_0.cust_id=o2_0.cust_id left join employee e1_0 on e1_0.emp_id=o2_0.employee_id where (p1_0.price_date_time,p1_0.product_id) in ((?,?))
Hibernate: select p1_0.price_date_time,p1_0.product_id,p2_0.product_id,p2_0.description,p2_0.manufacturer_name,p2_0.name,p2_0.status,p2_0.unit,o1_0.product_id,o1_0.order_id,o2_0.order_id,c1_0.cust_id,c1_0.address,c1_0.email,c1_0.cust_name,c1_0.phone,o2_0.employee_id,e1_0.emp_id,e1_0.address,e1_0.dob,e1_0.email,e1_0.full_name,e1_0.phone,e1_0.status,o2_0.order_date,o1_0.note,o1_0.price,o1_0.quantity,p1_0.note,p1_0.price from product_price p1_0 join product p2_0 on p2_0.product_id=p1_0.product_id left join order_detail o1_0 on p2_0.product_id=o1_0.product_id left join orders o2_0 on o2_0.order_id=o1_0.order_id left join customer c1_0 on c1_0.cust_id=o2_0.cust_id left join employee e1_0 on e1_0.emp_id=o2_0.employee_id where (p1_0.price_date_time,p1_0.product_id) in ((?,?))
Hibernate: select p1_0.price_date_time,p1_0.product_id,p2_0.product_id,p2_0.description,p2_0.manufacturer_name,p2_0.name,p2_0.status,p2_0.unit,o1_0.product_id,o1_0.order_id,o2_0.order_id,c1_0.cust_id,c1_0.address,c1_0.email,c1_0.cust_name,c1_0.phone,o2_0.employee_id,e1_0.emp_id,e1_0.address,e1_0.dob,e1_0.email,e1_0.full_name,e1_0.phone,e1_0.status,o2_0.order_date,o1_0.note,o1_0.price,o1_0.quantity,p1_0.note,p1_0.price from product_price p1_0 join product p2_0 on p2_0.product_id=p1_0.product_id left join order_detail o1_0 on p2_0.product_id=o1_0.product_id left join orders o2_0 on o2_0.order_id=o1_0.order_id left join customer c1_0 on c1_0.cust_id=o2_0.cust_id left join employee e1_0 on e1_0.emp_id=o2_0.employee_id where (p1_0.price_date_time,p1_0.product_id) in ((?,?))
Hibernate: insert into product_price (note,price,price_date_time,product_id) values (?,?,?,?)
Hibernate: insert into product_price (note,price,price_date_time,product_id) values (?,?,?,?)
Hibernate: insert into product_price (note,price,price_date_time,product_id) values (?,?,?,?)
Hibernate: insert into product (description,manufacturer_name,name,status,unit,product_id) values (?,?,?,?,?,default)
Hibernate: select p1_0.product_id,p1_0.description,p1_0.manufacturer_name,p1_0.name,p1_0.status,p1_0.unit,o1_0.product_id,o1_0.order_id,o2_0.order_id,c1_0.cust_id,c1_0.address,c1_0.email,c1_0.cust_name,c1_0.phone,o2_0.employee_id,e1_0.emp_id,e1_0.address,e1_0.dob,e1_0.email,e1_0.full_name,e1_0.phone,e1_0.status,o2_0.order_date,o1_0.note,o1_0.price,o1_0.quantity from product p1_0 left join order_detail o1_0 on p1_0.product_id=o1_0.product_id left join orders o2_0 on o2_0.order_id=o1_0.order_id left join customer c1_0 on c1_0.cust_id=o2_0.cust_id left join employee e1_0 on e1_0.emp_id=o2_0.employee_id where p1_0.product_id=?
Hibernate: select p1_0.product_id,p1_0.price_date_time,p1_0.note,p1_0.price from product_price p1_0 where p1_0.product_id=?
Hibernate: select p1_0.product_id,p1_0.image_id,p1_0.alternative,p1_0.path from product_image p1_0 where p1_0.product_id=?
Hibernate: insert into product_image (alternative,path,product_id,image_id) values (?,?,?,default)
Hibernate: select p1_0.price_date_time,p1_0.product_id,p2_0.product_id,p2_0.description,p2_0.manufacturer_name,p2_0.name,p2_0.status,p2_0.unit,o1_0.product_id,o1_0.order_id,o2_0.order_id,c1_0.cust_id,c1_0.address,c1_0.email,c1_0.cust_name,c1_0.phone,o2_0.employee_id,e1_0.emp_id,e1_0.address,e1_0.dob,e1_0.email,e1_0.full_name,e1_0.phone,e1_0.status,o2_0.order_date,o1_0.note,o1_0.price,o1_0.quantity,p1_0.note,p1_0.price from product_price p1_0 join product p2_0 on p2_0.product_id=p1_0.product_id left join order_detail o1_0 on p2_0.product_id=o1_0.product_id left join orders o2_0 on o2_0.order_id=o1_0.order_id left join customer c1_0 on c1_0.cust_id=o2_0.cust_id left join employee e1_0 on e1_0.emp_id=o2_0.employee_id where (p1_0.price_date_time,p1_0.product_id) in ((?,?))
Hibernate: select p1_0.price_date_time,p1_0.product_id,p2_0.product_id,p2_0.description,p2_0.manufacturer_name,p2_0.name,p2_0.status,p2_0.unit,o1_0.product_id,o1_0.order_id,o2_0.order_id,c1_0.cust_id,c1_0.address,c1_0.email,c1_0.cust_name,c1_0.phone,o2_0.employee_id,e1_0.emp_id,e1_0.address,e1_0.dob,e1_0.email,e1_0.full_name,e1_0.phone,e1_0.status,o2_0.order_date,o1_0.note,o1_0.price,o1_0.quantity,p1_0.note,p1_0.price from product_price p1_0 join product p2_0 on p2_0.product_id=p1_0.product_id left join order_detail o1_0 on p2_0.product_id=o1_0.product_id left join orders o2_0 on o2_0.order_id=o1_0.order_id left join customer c1_0 on c1_0.cust_id=o2_0.cust_id left join employee e1_0 on e1_0.emp_id=o2_0.employee_id where (p1_0.price_date_time,p1_0.product_id) in ((?,?))
Hibernate: select p1_0.price_date_time,p1_0.product_id,p2_0.product_id,p2_0.description,p2_0.manufacturer_name,p2_0.name,p2_0.status,p2_0.unit,o1_0.product_id,o1_0.order_id,o2_0.order_id,c1_0.cust_id,c1_0.address,c1_0.email,c1_0.cust_name,c1_0.phone,o2_0.employee_id,e1_0.emp_id,e1_0.address,e1_0.dob,e1_0.email,e1_0.full_name,e1_0.phone,e1_0.status,o2_0.order_date,o1_0.note,o1_0.price,o1_0.quantity,p1_0.note,p1_0.price from product_price p1_0 join product p2_0 on p2_0.product_id=p1_0.product_id left join order_detail o1_0 on p2_0.product_id=o1_0.product_id left join orders o2_0 on o2_0.order_id=o1_0.order_id left join customer c1_0 on c1_0.cust_id=o2_0.cust_id left join employee e1_0 on e1_0.emp_id=o2_0.employee_id where (p1_0.price_date_time,p1_0.product_id) in ((?,?))
Hibernate: insert into product_price (note,price,price_date_time,product_id) values (?,?,?,?)
Hibernate: insert into product_price (note,price,price_date_time,product_id) values (?,?,?,?)
Hibernate: insert into product_price (note,price,price_date_time,product_id) values (?,?,?,?)
Hibernate: insert into product (description,manufacturer_name,name,status,unit,product_id) values (?,?,?,?,?,default)
Hibernate: select p1_0.product_id,p1_0.description,p1_0.manufacturer_name,p1_0.name,p1_0.status,p1_0.unit,o1_0.product_id,o1_0.order_id,o2_0.order_id,c1_0.cust_id,c1_0.address,c1_0.email,c1_0.cust_name,c1_0.phone,o2_0.employee_id,e1_0.emp_id,e1_0.address,e1_0.dob,e1_0.email,e1_0.full_name,e1_0.phone,e1_0.status,o2_0.order_date,o1_0.note,o1_0.price,o1_0.quantity from product p1_0 left join order_detail o1_0 on p1_0.product_id=o1_0.product_id left join orders o2_0 on o2_0.order_id=o1_0.order_id left join customer c1_0 on c1_0.cust_id=o2_0.cust_id left join employee e1_0 on e1_0.emp_id=o2_0.employee_id where p1_0.product_id=?
Hibernate: select p1_0.product_id,p1_0.price_date_time,p1_0.note,p1_0.price from product_price p1_0 where p1_0.product_id=?
Hibernate: select p1_0.product_id,p1_0.image_id,p1_0.alternative,p1_0.path from product_image p1_0 where p1_0.product_id=?
Hibernate: insert into product_image (alternative,path,product_id,image_id) values (?,?,?,default)
Hibernate: select p1_0.price_date_time,p1_0.product_id,p2_0.product_id,p2_0.description,p2_0.manufacturer_name,p2_0.name,p2_0.status,p2_0.unit,o1_0.product_id,o1_0.order_id,o2_0.order_id,c1_0.cust_id,c1_0.address,c1_0.email,c1_0.cust_name,c1_0.phone,o2_0.employee_id,e1_0.emp_id,e1_0.address,e1_0.dob,e1_0.email,e1_0.full_name,e1_0.phone,e1_0.status,o2_0.order_date,o1_0.note,o1_0.price,o1_0.quantity,p1_0.note,p1_0.price from product_price p1_0 join product p2_0 on p2_0.product_id=p1_0.product_id left join order_detail o1_0 on p2_0.product_id=o1_0.product_id left join orders o2_0 on o2_0.order_id=o1_0.order_id left join customer c1_0 on c1_0.cust_id=o2_0.cust_id left join employee e1_0 on e1_0.emp_id=o2_0.employee_id where (p1_0.price_date_time,p1_0.product_id) in ((?,?))
Hibernate: select p1_0.price_date_time,p1_0.product_id,p2_0.product_id,p2_0.description,p2_0.manufacturer_name,p2_0.name,p2_0.status,p2_0.unit,o1_0.product_id,o1_0.order_id,o2_0.order_id,c1_0.cust_id,c1_0.address,c1_0.email,c1_0.cust_name,c1_0.phone,o2_0.employee_id,e1_0.emp_id,e1_0.address,e1_0.dob,e1_0.email,e1_0.full_name,e1_0.phone,e1_0.status,o2_0.order_date,o1_0.note,o1_0.price,o1_0.quantity,p1_0.note,p1_0.price from product_price p1_0 join product p2_0 on p2_0.product_id=p1_0.product_id left join order_detail o1_0 on p2_0.product_id=o1_0.product_id left join orders o2_0 on o2_0.order_id=o1_0.order_id left join customer c1_0 on c1_0.cust_id=o2_0.cust_id left join employee e1_0 on e1_0.emp_id=o2_0.employee_id where (p1_0.price_date_time,p1_0.product_id) in ((?,?))
Hibernate: select p1_0.price_date_time,p1_0.product_id,p2_0.product_id,p2_0.description,p2_0.manufacturer_name,p2_0.name,p2_0.status,p2_0.unit,o1_0.product_id,o1_0.order_id,o2_0.order_id,c1_0.cust_id,c1_0.address,c1_0.email,c1_0.cust_name,c1_0.phone,o2_0.employee_id,e1_0.emp_id,e1_0.address,e1_0.dob,e1_0.email,e1_0.full_name,e1_0.phone,e1_0.status,o2_0.order_date,o1_0.note,o1_0.price,o1_0.quantity,p1_0.note,p1_0.price from product_price p1_0 join product p2_0 on p2_0.product_id=p1_0.product_id left join order_detail o1_0 on p2_0.product_id=o1_0.product_id left join orders o2_0 on o2_0.order_id=o1_0.order_id left join customer c1_0 on c1_0.cust_id=o2_0.cust_id left join employee e1_0 on e1_0.emp_id=o2_0.employee_id where (p1_0.price_date_time,p1_0.product_id) in ((?,?))
Hibernate: insert into product_price (note,price,price_date_time,product_id) values (?,?,?,?)
Hibernate: insert into product_price (note,price,price_date_time,product_id) values (?,?,?,?)
Hibernate: insert into product_price (note,price,price_date_time,product_id) values (?,?,?,?)
Hibernate: insert into product (description,manufacturer_name,name,status,unit,product_id) values (?,?,?,?,?,default)
Hibernate: select p1_0.product_id,p1_0.description,p1_0.manufacturer_name,p1_0.name,p1_0.status,p1_0.unit,o1_0.product_id,o1_0.order_id,o2_0.order_id,c1_0.cust_id,c1_0.address,c1_0.email,c1_0.cust_name,c1_0.phone,o2_0.employee_id,e1_0.emp_id,e1_0.address,e1_0.dob,e1_0.email,e1_0.full_name,e1_0.phone,e1_0.status,o2_0.order_date,o1_0.note,o1_0.price,o1_0.quantity from product p1_0 left join order_detail o1_0 on p1_0.product_id=o1_0.product_id left join orders o2_0 on o2_0.order_id=o1_0.order_id left join customer c1_0 on c1_0.cust_id=o2_0.cust_id left join employee e1_0 on e1_0.emp_id=o2_0.employee_id where p1_0.product_id=?
Hibernate: select p1_0.product_id,p1_0.price_date_time,p1_0.note,p1_0.price from product_price p1_0 where p1_0.product_id=?
Hibernate: select p1_0.product_id,p1_0.image_id,p1_0.alternative,p1_0.path from product_image p1_0 where p1_0.product_id=?
Hibernate: insert into product_image (alternative,path,product_id,image_id) values (?,?,?,default)
Hibernate: select p1_0.price_date_time,p1_0.product_id,p2_0.product_id,p2_0.description,p2_0.manufacturer_name,p2_0.name,p2_0.status,p2_0.unit,o1_0.product_id,o1_0.order_id,o2_0.order_id,c1_0.cust_id,c1_0.address,c1_0.email,c1_0.cust_name,c1_0.phone,o2_0.employee_id,e1_0.emp_id,e1_0.address,e1_0.dob,e1_0.email,e1_0.full_name,e1_0.phone,e1_0.status,o2_0.order_date,o1_0.note,o1_0.price,o1_0.quantity,p1_0.note,p1_0.price from product_price p1_0 join product p2_0 on p2_0.product_id=p1_0.product_id left join order_detail o1_0 on p2_0.product_id=o1_0.product_id left join orders o2_0 on o2_0.order_id=o1_0.order_id left join customer c1_0 on c1_0.cust_id=o2_0.cust_id left join employee e1_0 on e1_0.emp_id=o2_0.employee_id where (p1_0.price_date_time,p1_0.product_id) in ((?,?))
Hibernate: select p1_0.price_date_time,p1_0.product_id,p2_0.product_id,p2_0.description,p2_0.manufacturer_name,p2_0.name,p2_0.status,p2_0.unit,o1_0.product_id,o1_0.order_id,o2_0.order_id,c1_0.cust_id,c1_0.address,c1_0.email,c1_0.cust_name,c1_0.phone,o2_0.employee_id,e1_0.emp_id,e1_0.address,e1_0.dob,e1_0.email,e1_0.full_name,e1_0.phone,e1_0.status,o2_0.order_date,o1_0.note,o1_0.price,o1_0.quantity,p1_0.note,p1_0.price from product_price p1_0 join product p2_0 on p2_0.product_id=p1_0.product_id left join order_detail o1_0 on p2_0.product_id=o1_0.product_id left join orders o2_0 on o2_0.order_id=o1_0.order_id left join customer c1_0 on c1_0.cust_id=o2_0.cust_id left join employee e1_0 on e1_0.emp_id=o2_0.employee_id where (p1_0.price_date_time,p1_0.product_id) in ((?,?))
Hibernate: select p1_0.price_date_time,p1_0.product_id,p2_0.product_id,p2_0.description,p2_0.manufacturer_name,p2_0.name,p2_0.status,p2_0.unit,o1_0.product_id,o1_0.order_id,o2_0.order_id,c1_0.cust_id,c1_0.address,c1_0.email,c1_0.cust_name,c1_0.phone,o2_0.employee_id,e1_0.emp_id,e1_0.address,e1_0.dob,e1_0.email,e1_0.full_name,e1_0.phone,e1_0.status,o2_0.order_date,o1_0.note,o1_0.price,o1_0.quantity,p1_0.note,p1_0.price from product_price p1_0 join product p2_0 on p2_0.product_id=p1_0.product_id left join order_detail o1_0 on p2_0.product_id=o1_0.product_id left join orders o2_0 on o2_0.order_id=o1_0.order_id left join customer c1_0 on c1_0.cust_id=o2_0.cust_id left join employee e1_0 on e1_0.emp_id=o2_0.employee_id where (p1_0.price_date_time,p1_0.product_id) in ((?,?))
Hibernate: insert into product_price (note,price,price_date_time,product_id) values (?,?,?,?)
Hibernate: insert into product_price (note,price,price_date_time,product_id) values (?,?,?,?)
Hibernate: insert into product_price (note,price,price_date_time,product_id) values (?,?,?,?)
Hibernate: insert into product (description,manufacturer_name,name,status,unit,product_id) values (?,?,?,?,?,default)
Hibernate: select p1_0.product_id,p1_0.description,p1_0.manufacturer_name,p1_0.name,p1_0.status,p1_0.unit,o1_0.product_id,o1_0.order_id,o2_0.order_id,c1_0.cust_id,c1_0.address,c1_0.email,c1_0.cust_name,c1_0.phone,o2_0.employee_id,e1_0.emp_id,e1_0.address,e1_0.dob,e1_0.email,e1_0.full_name,e1_0.phone,e1_0.status,o2_0.order_date,o1_0.note,o1_0.price,o1_0.quantity from product p1_0 left join order_detail o1_0 on p1_0.product_id=o1_0.product_id left join orders o2_0 on o2_0.order_id=o1_0.order_id left join customer c1_0 on c1_0.cust_id=o2_0.cust_id left join employee e1_0 on e1_0.emp_id=o2_0.employee_id where p1_0.product_id=?
Hibernate: select p1_0.product_id,p1_0.price_date_time,p1_0.note,p1_0.price from product_price p1_0 where p1_0.product_id=?
Hibernate: select p1_0.product_id,p1_0.image_id,p1_0.alternative,p1_0.path from product_image p1_0 where p1_0.product_id=?
Hibernate: insert into product_image (alternative,path,product_id,image_id) values (?,?,?,default)
Hibernate: select p1_0.price_date_time,p1_0.product_id,p2_0.product_id,p2_0.description,p2_0.manufacturer_name,p2_0.name,p2_0.status,p2_0.unit,o1_0.product_id,o1_0.order_id,o2_0.order_id,c1_0.cust_id,c1_0.address,c1_0.email,c1_0.cust_name,c1_0.phone,o2_0.employee_id,e1_0.emp_id,e1_0.address,e1_0.dob,e1_0.email,e1_0.full_name,e1_0.phone,e1_0.status,o2_0.order_date,o1_0.note,o1_0.price,o1_0.quantity,p1_0.note,p1_0.price from product_price p1_0 join product p2_0 on p2_0.product_id=p1_0.product_id left join order_detail o1_0 on p2_0.product_id=o1_0.product_id left join orders o2_0 on o2_0.order_id=o1_0.order_id left join customer c1_0 on c1_0.cust_id=o2_0.cust_id left join employee e1_0 on e1_0.emp_id=o2_0.employee_id where (p1_0.price_date_time,p1_0.product_id) in ((?,?))
Hibernate: select p1_0.price_date_time,p1_0.product_id,p2_0.product_id,p2_0.description,p2_0.manufacturer_name,p2_0.name,p2_0.status,p2_0.unit,o1_0.product_id,o1_0.order_id,o2_0.order_id,c1_0.cust_id,c1_0.address,c1_0.email,c1_0.cust_name,c1_0.phone,o2_0.employee_id,e1_0.emp_id,e1_0.address,e1_0.dob,e1_0.email,e1_0.full_name,e1_0.phone,e1_0.status,o2_0.order_date,o1_0.note,o1_0.price,o1_0.quantity,p1_0.note,p1_0.price from product_price p1_0 join product p2_0 on p2_0.product_id=p1_0.product_id left join order_detail o1_0 on p2_0.product_id=o1_0.product_id left join orders o2_0 on o2_0.order_id=o1_0.order_id left join customer c1_0 on c1_0.cust_id=o2_0.cust_id left join employee e1_0 on e1_0.emp_id=o2_0.employee_id where (p1_0.price_date_time,p1_0.product_id) in ((?,?))
Hibernate: select p1_0.price_date_time,p1_0.product_id,p2_0.product_id,p2_0.description,p2_0.manufacturer_name,p2_0.name,p2_0.status,p2_0.unit,o1_0.product_id,o1_0.order_id,o2_0.order_id,c1_0.cust_id,c1_0.address,c1_0.email,c1_0.cust_name,c1_0.phone,o2_0.employee_id,e1_0.emp_id,e1_0.address,e1_0.dob,e1_0.email,e1_0.full_name,e1_0.phone,e1_0.status,o2_0.order_date,o1_0.note,o1_0.price,o1_0.quantity,p1_0.note,p1_0.price from product_price p1_0 join product p2_0 on p2_0.product_id=p1_0.product_id left join order_detail o1_0 on p2_0.product_id=o1_0.product_id left join orders o2_0 on o2_0.order_id=o1_0.order_id left join customer c1_0 on c1_0.cust_id=o2_0.cust_id left join employee e1_0 on e1_0.emp_id=o2_0.employee_id where (p1_0.price_date_time,p1_0.product_id) in ((?,?))
Hibernate: insert into product_price (note,price,price_date_time,product_id) values (?,?,?,?)
Hibernate: insert into product_price (note,price,price_date_time,product_id) values (?,?,?,?)
Hibernate: insert into product_price (note,price,price_date_time,product_id) values (?,?,?,?)
Hibernate: insert into product (description,manufacturer_name,name,status,unit,product_id) values (?,?,?,?,?,default)
Hibernate: select p1_0.product_id,p1_0.description,p1_0.manufacturer_name,p1_0.name,p1_0.status,p1_0.unit,o1_0.product_id,o1_0.order_id,o2_0.order_id,c1_0.cust_id,c1_0.address,c1_0.email,c1_0.cust_name,c1_0.phone,o2_0.employee_id,e1_0.emp_id,e1_0.address,e1_0.dob,e1_0.email,e1_0.full_name,e1_0.phone,e1_0.status,o2_0.order_date,o1_0.note,o1_0.price,o1_0.quantity from product p1_0 left join order_detail o1_0 on p1_0.product_id=o1_0.product_id left join orders o2_0 on o2_0.order_id=o1_0.order_id left join customer c1_0 on c1_0.cust_id=o2_0.cust_id left join employee e1_0 on e1_0.emp_id=o2_0.employee_id where p1_0.product_id=?
Hibernate: select p1_0.product_id,p1_0.price_date_time,p1_0.note,p1_0.price from product_price p1_0 where p1_0.product_id=?
Hibernate: select p1_0.product_id,p1_0.image_id,p1_0.alternative,p1_0.path from product_image p1_0 where p1_0.product_id=?
Hibernate: insert into product_image (alternative,path,product_id,image_id) values (?,?,?,default)
Hibernate: select p1_0.price_date_time,p1_0.product_id,p2_0.product_id,p2_0.description,p2_0.manufacturer_name,p2_0.name,p2_0.status,p2_0.unit,o1_0.product_id,o1_0.order_id,o2_0.order_id,c1_0.cust_id,c1_0.address,c1_0.email,c1_0.cust_name,c1_0.phone,o2_0.employee_id,e1_0.emp_id,e1_0.address,e1_0.dob,e1_0.email,e1_0.full_name,e1_0.phone,e1_0.status,o2_0.order_date,o1_0.note,o1_0.price,o1_0.quantity,p1_0.note,p1_0.price from product_price p1_0 join product p2_0 on p2_0.product_id=p1_0.product_id left join order_detail o1_0 on p2_0.product_id=o1_0.product_id left join orders o2_0 on o2_0.order_id=o1_0.order_id left join customer c1_0 on c1_0.cust_id=o2_0.cust_id left join employee e1_0 on e1_0.emp_id=o2_0.employee_id where (p1_0.price_date_time,p1_0.product_id) in ((?,?))
Hibernate: select p1_0.price_date_time,p1_0.product_id,p2_0.product_id,p2_0.description,p2_0.manufacturer_name,p2_0.name,p2_0.status,p2_0.unit,o1_0.product_id,o1_0.order_id,o2_0.order_id,c1_0.cust_id,c1_0.address,c1_0.email,c1_0.cust_name,c1_0.phone,o2_0.employee_id,e1_0.emp_id,e1_0.address,e1_0.dob,e1_0.email,e1_0.full_name,e1_0.phone,e1_0.status,o2_0.order_date,o1_0.note,o1_0.price,o1_0.quantity,p1_0.note,p1_0.price from product_price p1_0 join product p2_0 on p2_0.product_id=p1_0.product_id left join order_detail o1_0 on p2_0.product_id=o1_0.product_id left join orders o2_0 on o2_0.order_id=o1_0.order_id left join customer c1_0 on c1_0.cust_id=o2_0.cust_id left join employee e1_0 on e1_0.emp_id=o2_0.employee_id where (p1_0.price_date_time,p1_0.product_id) in ((?,?))
Hibernate: select p1_0.price_date_time,p1_0.product_id,p2_0.product_id,p2_0.description,p2_0.manufacturer_name,p2_0.name,p2_0.status,p2_0.unit,o1_0.product_id,o1_0.order_id,o2_0.order_id,c1_0.cust_id,c1_0.address,c1_0.email,c1_0.cust_name,c1_0.phone,o2_0.employee_id,e1_0.emp_id,e1_0.address,e1_0.dob,e1_0.email,e1_0.full_name,e1_0.phone,e1_0.status,o2_0.order_date,o1_0.note,o1_0.price,o1_0.quantity,p1_0.note,p1_0.price from product_price p1_0 join product p2_0 on p2_0.product_id=p1_0.product_id left join order_detail o1_0 on p2_0.product_id=o1_0.product_id left join orders o2_0 on o2_0.order_id=o1_0.order_id left join customer c1_0 on c1_0.cust_id=o2_0.cust_id left join employee e1_0 on e1_0.emp_id=o2_0.employee_id where (p1_0.price_date_time,p1_0.product_id) in ((?,?))
Hibernate: insert into product_price (note,price,price_date_time,product_id) values (?,?,?,?)
Hibernate: insert into product_price (note,price,price_date_time,product_id) values (?,?,?,?)
Hibernate: insert into product_price (note,price,price_date_time,product_id) values (?,?,?,?)
Hibernate: insert into product (description,manufacturer_name,name,status,unit,product_id) values (?,?,?,?,?,default)
Hibernate: select p1_0.product_id,p1_0.description,p1_0.manufacturer_name,p1_0.name,p1_0.status,p1_0.unit,o1_0.product_id,o1_0.order_id,o2_0.order_id,c1_0.cust_id,c1_0.address,c1_0.email,c1_0.cust_name,c1_0.phone,o2_0.employee_id,e1_0.emp_id,e1_0.address,e1_0.dob,e1_0.email,e1_0.full_name,e1_0.phone,e1_0.status,o2_0.order_date,o1_0.note,o1_0.price,o1_0.quantity from product p1_0 left join order_detail o1_0 on p1_0.product_id=o1_0.product_id left join orders o2_0 on o2_0.order_id=o1_0.order_id left join customer c1_0 on c1_0.cust_id=o2_0.cust_id left join employee e1_0 on e1_0.emp_id=o2_0.employee_id where p1_0.product_id=?
Hibernate: select p1_0.product_id,p1_0.price_date_time,p1_0.note,p1_0.price from product_price p1_0 where p1_0.product_id=?
Hibernate: select p1_0.product_id,p1_0.image_id,p1_0.alternative,p1_0.path from product_image p1_0 where p1_0.product_id=?
Hibernate: insert into product_image (alternative,path,product_id,image_id) values (?,?,?,default)
Hibernate: select p1_0.price_date_time,p1_0.product_id,p2_0.product_id,p2_0.description,p2_0.manufacturer_name,p2_0.name,p2_0.status,p2_0.unit,o1_0.product_id,o1_0.order_id,o2_0.order_id,c1_0.cust_id,c1_0.address,c1_0.email,c1_0.cust_name,c1_0.phone,o2_0.employee_id,e1_0.emp_id,e1_0.address,e1_0.dob,e1_0.email,e1_0.full_name,e1_0.phone,e1_0.status,o2_0.order_date,o1_0.note,o1_0.price,o1_0.quantity,p1_0.note,p1_0.price from product_price p1_0 join product p2_0 on p2_0.product_id=p1_0.product_id left join order_detail o1_0 on p2_0.product_id=o1_0.product_id left join orders o2_0 on o2_0.order_id=o1_0.order_id left join customer c1_0 on c1_0.cust_id=o2_0.cust_id left join employee e1_0 on e1_0.emp_id=o2_0.employee_id where (p1_0.price_date_time,p1_0.product_id) in ((?,?))
Hibernate: select p1_0.price_date_time,p1_0.product_id,p2_0.product_id,p2_0.description,p2_0.manufacturer_name,p2_0.name,p2_0.status,p2_0.unit,o1_0.product_id,o1_0.order_id,o2_0.order_id,c1_0.cust_id,c1_0.address,c1_0.email,c1_0.cust_name,c1_0.phone,o2_0.employee_id,e1_0.emp_id,e1_0.address,e1_0.dob,e1_0.email,e1_0.full_name,e1_0.phone,e1_0.status,o2_0.order_date,o1_0.note,o1_0.price,o1_0.quantity,p1_0.note,p1_0.price from product_price p1_0 join product p2_0 on p2_0.product_id=p1_0.product_id left join order_detail o1_0 on p2_0.product_id=o1_0.product_id left join orders o2_0 on o2_0.order_id=o1_0.order_id left join customer c1_0 on c1_0.cust_id=o2_0.cust_id left join employee e1_0 on e1_0.emp_id=o2_0.employee_id where (p1_0.price_date_time,p1_0.product_id) in ((?,?))
Hibernate: select p1_0.price_date_time,p1_0.product_id,p2_0.product_id,p2_0.description,p2_0.manufacturer_name,p2_0.name,p2_0.status,p2_0.unit,o1_0.product_id,o1_0.order_id,o2_0.order_id,c1_0.cust_id,c1_0.address,c1_0.email,c1_0.cust_name,c1_0.phone,o2_0.employee_id,e1_0.emp_id,e1_0.address,e1_0.dob,e1_0.email,e1_0.full_name,e1_0.phone,e1_0.status,o2_0.order_date,o1_0.note,o1_0.price,o1_0.quantity,p1_0.note,p1_0.price from product_price p1_0 join product p2_0 on p2_0.product_id=p1_0.product_id left join order_detail o1_0 on p2_0.product_id=o1_0.product_id left join orders o2_0 on o2_0.order_id=o1_0.order_id left join customer c1_0 on c1_0.cust_id=o2_0.cust_id left join employee e1_0 on e1_0.emp_id=o2_0.employee_id where (p1_0.price_date_time,p1_0.product_id) in ((?,?))
Hibernate: insert into product_price (note,price,price_date_time,product_id) values (?,?,?,?)
Hibernate: insert into product_price (note,price,price_date_time,product_id) values (?,?,?,?)
Hibernate: insert into product_price (note,price,price_date_time,product_id) values (?,?,?,?)
Hibernate: insert into product (description,manufacturer_name,name,status,unit,product_id) values (?,?,?,?,?,default)
Hibernate: select p1_0.product_id,p1_0.description,p1_0.manufacturer_name,p1_0.name,p1_0.status,p1_0.unit,o1_0.product_id,o1_0.order_id,o2_0.order_id,c1_0.cust_id,c1_0.address,c1_0.email,c1_0.cust_name,c1_0.phone,o2_0.employee_id,e1_0.emp_id,e1_0.address,e1_0.dob,e1_0.email,e1_0.full_name,e1_0.phone,e1_0.status,o2_0.order_date,o1_0.note,o1_0.price,o1_0.quantity from product p1_0 left join order_detail o1_0 on p1_0.product_id=o1_0.product_id left join orders o2_0 on o2_0.order_id=o1_0.order_id left join customer c1_0 on c1_0.cust_id=o2_0.cust_id left join employee e1_0 on e1_0.emp_id=o2_0.employee_id where p1_0.product_id=?
Hibernate: select p1_0.product_id,p1_0.price_date_time,p1_0.note,p1_0.price from product_price p1_0 where p1_0.product_id=?
Hibernate: select p1_0.product_id,p1_0.image_id,p1_0.alternative,p1_0.path from product_image p1_0 where p1_0.product_id=?
Hibernate: insert into product_image (alternative,path,product_id,image_id) values (?,?,?,default)
Hibernate: select p1_0.price_date_time,p1_0.product_id,p2_0.product_id,p2_0.description,p2_0.manufacturer_name,p2_0.name,p2_0.status,p2_0.unit,o1_0.product_id,o1_0.order_id,o2_0.order_id,c1_0.cust_id,c1_0.address,c1_0.email,c1_0.cust_name,c1_0.phone,o2_0.employee_id,e1_0.emp_id,e1_0.address,e1_0.dob,e1_0.email,e1_0.full_name,e1_0.phone,e1_0.status,o2_0.order_date,o1_0.note,o1_0.price,o1_0.quantity,p1_0.note,p1_0.price from product_price p1_0 join product p2_0 on p2_0.product_id=p1_0.product_id left join order_detail o1_0 on p2_0.product_id=o1_0.product_id left join orders o2_0 on o2_0.order_id=o1_0.order_id left join customer c1_0 on c1_0.cust_id=o2_0.cust_id left join employee e1_0 on e1_0.emp_id=o2_0.employee_id where (p1_0.price_date_time,p1_0.product_id) in ((?,?))
Hibernate: select p1_0.price_date_time,p1_0.product_id,p2_0.product_id,p2_0.description,p2_0.manufacturer_name,p2_0.name,p2_0.status,p2_0.unit,o1_0.product_id,o1_0.order_id,o2_0.order_id,c1_0.cust_id,c1_0.address,c1_0.email,c1_0.cust_name,c1_0.phone,o2_0.employee_id,e1_0.emp_id,e1_0.address,e1_0.dob,e1_0.email,e1_0.full_name,e1_0.phone,e1_0.status,o2_0.order_date,o1_0.note,o1_0.price,o1_0.quantity,p1_0.note,p1_0.price from product_price p1_0 join product p2_0 on p2_0.product_id=p1_0.product_id left join order_detail o1_0 on p2_0.product_id=o1_0.product_id left join orders o2_0 on o2_0.order_id=o1_0.order_id left join customer c1_0 on c1_0.cust_id=o2_0.cust_id left join employee e1_0 on e1_0.emp_id=o2_0.employee_id where (p1_0.price_date_time,p1_0.product_id) in ((?,?))
Hibernate: select p1_0.price_date_time,p1_0.product_id,p2_0.product_id,p2_0.description,p2_0.manufacturer_name,p2_0.name,p2_0.status,p2_0.unit,o1_0.product_id,o1_0.order_id,o2_0.order_id,c1_0.cust_id,c1_0.address,c1_0.email,c1_0.cust_name,c1_0.phone,o2_0.employee_id,e1_0.emp_id,e1_0.address,e1_0.dob,e1_0.email,e1_0.full_name,e1_0.phone,e1_0.status,o2_0.order_date,o1_0.note,o1_0.price,o1_0.quantity,p1_0.note,p1_0.price from product_price p1_0 join product p2_0 on p2_0.product_id=p1_0.product_id left join order_detail o1_0 on p2_0.product_id=o1_0.product_id left join orders o2_0 on o2_0.order_id=o1_0.order_id left join customer c1_0 on c1_0.cust_id=o2_0.cust_id left join employee e1_0 on e1_0.emp_id=o2_0.employee_id where (p1_0.price_date_time,p1_0.product_id) in ((?,?))
Hibernate: insert into product_price (note,price,price_date_time,product_id) values (?,?,?,?)
Hibernate: insert into product_price (note,price,price_date_time,product_id) values (?,?,?,?)
Hibernate: insert into product_price (note,price,price_date_time,product_id) values (?,?,?,?)
Hibernate: insert into product (description,manufacturer_name,name,status,unit,product_id) values (?,?,?,?,?,default)
Hibernate: select p1_0.product_id,p1_0.description,p1_0.manufacturer_name,p1_0.name,p1_0.status,p1_0.unit,o1_0.product_id,o1_0.order_id,o2_0.order_id,c1_0.cust_id,c1_0.address,c1_0.email,c1_0.cust_name,c1_0.phone,o2_0.employee_id,e1_0.emp_id,e1_0.address,e1_0.dob,e1_0.email,e1_0.full_name,e1_0.phone,e1_0.status,o2_0.order_date,o1_0.note,o1_0.price,o1_0.quantity from product p1_0 left join order_detail o1_0 on p1_0.product_id=o1_0.product_id left join orders o2_0 on o2_0.order_id=o1_0.order_id left join customer c1_0 on c1_0.cust_id=o2_0.cust_id left join employee e1_0 on e1_0.emp_id=o2_0.employee_id where p1_0.product_id=?
Hibernate: select p1_0.product_id,p1_0.price_date_time,p1_0.note,p1_0.price from product_price p1_0 where p1_0.product_id=?
Hibernate: select p1_0.product_id,p1_0.image_id,p1_0.alternative,p1_0.path from product_image p1_0 where p1_0.product_id=?
Hibernate: insert into product_image (alternative,path,product_id,image_id) values (?,?,?,default)
Hibernate: select p1_0.price_date_time,p1_0.product_id,p2_0.product_id,p2_0.description,p2_0.manufacturer_name,p2_0.name,p2_0.status,p2_0.unit,o1_0.product_id,o1_0.order_id,o2_0.order_id,c1_0.cust_id,c1_0.address,c1_0.email,c1_0.cust_name,c1_0.phone,o2_0.employee_id,e1_0.emp_id,e1_0.address,e1_0.dob,e1_0.email,e1_0.full_name,e1_0.phone,e1_0.status,o2_0.order_date,o1_0.note,o1_0.price,o1_0.quantity,p1_0.note,p1_0.price from product_price p1_0 join product p2_0 on p2_0.product_id=p1_0.product_id left join order_detail o1_0 on p2_0.product_id=o1_0.product_id left join orders o2_0 on o2_0.order_id=o1_0.order_id left join customer c1_0 on c1_0.cust_id=o2_0.cust_id left join employee e1_0 on e1_0.emp_id=o2_0.employee_id where (p1_0.price_date_time,p1_0.product_id) in ((?,?))
Hibernate: select p1_0.price_date_time,p1_0.product_id,p2_0.product_id,p2_0.description,p2_0.manufacturer_name,p2_0.name,p2_0.status,p2_0.unit,o1_0.product_id,o1_0.order_id,o2_0.order_id,c1_0.cust_id,c1_0.address,c1_0.email,c1_0.cust_name,c1_0.phone,o2_0.employee_id,e1_0.emp_id,e1_0.address,e1_0.dob,e1_0.email,e1_0.full_name,e1_0.phone,e1_0.status,o2_0.order_date,o1_0.note,o1_0.price,o1_0.quantity,p1_0.note,p1_0.price from product_price p1_0 join product p2_0 on p2_0.product_id=p1_0.product_id left join order_detail o1_0 on p2_0.product_id=o1_0.product_id left join orders o2_0 on o2_0.order_id=o1_0.order_id left join customer c1_0 on c1_0.cust_id=o2_0.cust_id left join employee e1_0 on e1_0.emp_id=o2_0.employee_id where (p1_0.price_date_time,p1_0.product_id) in ((?,?))
Hibernate: select p1_0.price_date_time,p1_0.product_id,p2_0.product_id,p2_0.description,p2_0.manufacturer_name,p2_0.name,p2_0.status,p2_0.unit,o1_0.product_id,o1_0.order_id,o2_0.order_id,c1_0.cust_id,c1_0.address,c1_0.email,c1_0.cust_name,c1_0.phone,o2_0.employee_id,e1_0.emp_id,e1_0.address,e1_0.dob,e1_0.email,e1_0.full_name,e1_0.phone,e1_0.status,o2_0.order_date,o1_0.note,o1_0.price,o1_0.quantity,p1_0.note,p1_0.price from product_price p1_0 join product p2_0 on p2_0.product_id=p1_0.product_id left join order_detail o1_0 on p2_0.product_id=o1_0.product_id left join orders o2_0 on o2_0.order_id=o1_0.order_id left join customer c1_0 on c1_0.cust_id=o2_0.cust_id left join employee e1_0 on e1_0.emp_id=o2_0.employee_id where (p1_0.price_date_time,p1_0.product_id) in ((?,?))
Hibernate: insert into product_price (note,price,price_date_time,product_id) values (?,?,?,?)
Hibernate: insert into product_price (note,price,price_date_time,product_id) values (?,?,?,?)
Hibernate: insert into product_price (note,price,price_date_time,product_id) values (?,?,?,?)
Hibernate: insert into product (description,manufacturer_name,name,status,unit,product_id) values (?,?,?,?,?,default)
Hibernate: select p1_0.product_id,p1_0.description,p1_0.manufacturer_name,p1_0.name,p1_0.status,p1_0.unit,o1_0.product_id,o1_0.order_id,o2_0.order_id,c1_0.cust_id,c1_0.address,c1_0.email,c1_0.cust_name,c1_0.phone,o2_0.employee_id,e1_0.emp_id,e1_0.address,e1_0.dob,e1_0.email,e1_0.full_name,e1_0.phone,e1_0.status,o2_0.order_date,o1_0.note,o1_0.price,o1_0.quantity from product p1_0 left join order_detail o1_0 on p1_0.product_id=o1_0.product_id left join orders o2_0 on o2_0.order_id=o1_0.order_id left join customer c1_0 on c1_0.cust_id=o2_0.cust_id left join employee e1_0 on e1_0.emp_id=o2_0.employee_id where p1_0.product_id=?
Hibernate: select p1_0.product_id,p1_0.price_date_time,p1_0.note,p1_0.price from product_price p1_0 where p1_0.product_id=?
Hibernate: select p1_0.product_id,p1_0.image_id,p1_0.alternative,p1_0.path from product_image p1_0 where p1_0.product_id=?
Hibernate: insert into product_image (alternative,path,product_id,image_id) values (?,?,?,default)
Hibernate: select p1_0.price_date_time,p1_0.product_id,p2_0.product_id,p2_0.description,p2_0.manufacturer_name,p2_0.name,p2_0.status,p2_0.unit,o1_0.product_id,o1_0.order_id,o2_0.order_id,c1_0.cust_id,c1_0.address,c1_0.email,c1_0.cust_name,c1_0.phone,o2_0.employee_id,e1_0.emp_id,e1_0.address,e1_0.dob,e1_0.email,e1_0.full_name,e1_0.phone,e1_0.status,o2_0.order_date,o1_0.note,o1_0.price,o1_0.quantity,p1_0.note,p1_0.price from product_price p1_0 join product p2_0 on p2_0.product_id=p1_0.product_id left join order_detail o1_0 on p2_0.product_id=o1_0.product_id left join orders o2_0 on o2_0.order_id=o1_0.order_id left join customer c1_0 on c1_0.cust_id=o2_0.cust_id left join employee e1_0 on e1_0.emp_id=o2_0.employee_id where (p1_0.price_date_time,p1_0.product_id) in ((?,?))
Hibernate: select p1_0.price_date_time,p1_0.product_id,p2_0.product_id,p2_0.description,p2_0.manufacturer_name,p2_0.name,p2_0.status,p2_0.unit,o1_0.product_id,o1_0.order_id,o2_0.order_id,c1_0.cust_id,c1_0.address,c1_0.email,c1_0.cust_name,c1_0.phone,o2_0.employee_id,e1_0.emp_id,e1_0.address,e1_0.dob,e1_0.email,e1_0.full_name,e1_0.phone,e1_0.status,o2_0.order_date,o1_0.note,o1_0.price,o1_0.quantity,p1_0.note,p1_0.price from product_price p1_0 join product p2_0 on p2_0.product_id=p1_0.product_id left join order_detail o1_0 on p2_0.product_id=o1_0.product_id left join orders o2_0 on o2_0.order_id=o1_0.order_id left join customer c1_0 on c1_0.cust_id=o2_0.cust_id left join employee e1_0 on e1_0.emp_id=o2_0.employee_id where (p1_0.price_date_time,p1_0.product_id) in ((?,?))
Hibernate: select p1_0.price_date_time,p1_0.product_id,p2_0.product_id,p2_0.description,p2_0.manufacturer_name,p2_0.name,p2_0.status,p2_0.unit,o1_0.product_id,o1_0.order_id,o2_0.order_id,c1_0.cust_id,c1_0.address,c1_0.email,c1_0.cust_name,c1_0.phone,o2_0.employee_id,e1_0.emp_id,e1_0.address,e1_0.dob,e1_0.email,e1_0.full_name,e1_0.phone,e1_0.status,o2_0.order_date,o1_0.note,o1_0.price,o1_0.quantity,p1_0.note,p1_0.price from product_price p1_0 join product p2_0 on p2_0.product_id=p1_0.product_id left join order_detail o1_0 on p2_0.product_id=o1_0.product_id left join orders o2_0 on o2_0.order_id=o1_0.order_id left join customer c1_0 on c1_0.cust_id=o2_0.cust_id left join employee e1_0 on e1_0.emp_id=o2_0.employee_id where (p1_0.price_date_time,p1_0.product_id) in ((?,?))
Hibernate: insert into product_price (note,price,price_date_time,product_id) values (?,?,?,?)
Hibernate: insert into product_price (note,price,price_date_time,product_id) values (?,?,?,?)
Hibernate: insert into product_price (note,price,price_date_time,product_id) values (?,?,?,?)
Hibernate: insert into product (description,manufacturer_name,name,status,unit,product_id) values (?,?,?,?,?,default)
Hibernate: select p1_0.product_id,p1_0.description,p1_0.manufacturer_name,p1_0.name,p1_0.status,p1_0.unit,o1_0.product_id,o1_0.order_id,o2_0.order_id,c1_0.cust_id,c1_0.address,c1_0.email,c1_0.cust_name,c1_0.phone,o2_0.employee_id,e1_0.emp_id,e1_0.address,e1_0.dob,e1_0.email,e1_0.full_name,e1_0.phone,e1_0.status,o2_0.order_date,o1_0.note,o1_0.price,o1_0.quantity from product p1_0 left join order_detail o1_0 on p1_0.product_id=o1_0.product_id left join orders o2_0 on o2_0.order_id=o1_0.order_id left join customer c1_0 on c1_0.cust_id=o2_0.cust_id left join employee e1_0 on e1_0.emp_id=o2_0.employee_id where p1_0.product_id=?
Hibernate: select p1_0.product_id,p1_0.price_date_time,p1_0.note,p1_0.price from product_price p1_0 where p1_0.product_id=?
Hibernate: select p1_0.product_id,p1_0.image_id,p1_0.alternative,p1_0.path from product_image p1_0 where p1_0.product_id=?
Hibernate: insert into product_image (alternative,path,product_id,image_id) values (?,?,?,default)
Hibernate: select p1_0.price_date_time,p1_0.product_id,p2_0.product_id,p2_0.description,p2_0.manufacturer_name,p2_0.name,p2_0.status,p2_0.unit,o1_0.product_id,o1_0.order_id,o2_0.order_id,c1_0.cust_id,c1_0.address,c1_0.email,c1_0.cust_name,c1_0.phone,o2_0.employee_id,e1_0.emp_id,e1_0.address,e1_0.dob,e1_0.email,e1_0.full_name,e1_0.phone,e1_0.status,o2_0.order_date,o1_0.note,o1_0.price,o1_0.quantity,p1_0.note,p1_0.price from product_price p1_0 join product p2_0 on p2_0.product_id=p1_0.product_id left join order_detail o1_0 on p2_0.product_id=o1_0.product_id left join orders o2_0 on o2_0.order_id=o1_0.order_id left join customer c1_0 on c1_0.cust_id=o2_0.cust_id left join employee e1_0 on e1_0.emp_id=o2_0.employee_id where (p1_0.price_date_time,p1_0.product_id) in ((?,?))
Hibernate: select p1_0.price_date_time,p1_0.product_id,p2_0.product_id,p2_0.description,p2_0.manufacturer_name,p2_0.name,p2_0.status,p2_0.unit,o1_0.product_id,o1_0.order_id,o2_0.order_id,c1_0.cust_id,c1_0.address,c1_0.email,c1_0.cust_name,c1_0.phone,o2_0.employee_id,e1_0.emp_id,e1_0.address,e1_0.dob,e1_0.email,e1_0.full_name,e1_0.phone,e1_0.status,o2_0.order_date,o1_0.note,o1_0.price,o1_0.quantity,p1_0.note,p1_0.price from product_price p1_0 join product p2_0 on p2_0.product_id=p1_0.product_id left join order_detail o1_0 on p2_0.product_id=o1_0.product_id left join orders o2_0 on o2_0.order_id=o1_0.order_id left join customer c1_0 on c1_0.cust_id=o2_0.cust_id left join employee e1_0 on e1_0.emp_id=o2_0.employee_id where (p1_0.price_date_time,p1_0.product_id) in ((?,?))
Hibernate: select p1_0.price_date_time,p1_0.product_id,p2_0.product_id,p2_0.description,p2_0.manufacturer_name,p2_0.name,p2_0.status,p2_0.unit,o1_0.product_id,o1_0.order_id,o2_0.order_id,c1_0.cust_id,c1_0.address,c1_0.email,c1_0.cust_name,c1_0.phone,o2_0.employee_id,e1_0.emp_id,e1_0.address,e1_0.dob,e1_0.email,e1_0.full_name,e1_0.phone,e1_0.status,o2_0.order_date,o1_0.note,o1_0.price,o1_0.quantity,p1_0.note,p1_0.price from product_price p1_0 join product p2_0 on p2_0.product_id=p1_0.product_id left join order_detail o1_0 on p2_0.product_id=o1_0.product_id left join orders o2_0 on o2_0.order_id=o1_0.order_id left join customer c1_0 on c1_0.cust_id=o2_0.cust_id left join employee e1_0 on e1_0.emp_id=o2_0.employee_id where (p1_0.price_date_time,p1_0.product_id) in ((?,?))
Hibernate: insert into product_price (note,price,price_date_time,product_id) values (?,?,?,?)
Hibernate: insert into product_price (note,price,price_date_time,product_id) values (?,?,?,?)
Hibernate: insert into product_price (note,price,price_date_time,product_id) values (?,?,?,?)
Hibernate: insert into product (description,manufacturer_name,name,status,unit,product_id) values (?,?,?,?,?,default)
Hibernate: select p1_0.product_id,p1_0.description,p1_0.manufacturer_name,p1_0.name,p1_0.status,p1_0.unit,o1_0.product_id,o1_0.order_id,o2_0.order_id,c1_0.cust_id,c1_0.address,c1_0.email,c1_0.cust_name,c1_0.phone,o2_0.employee_id,e1_0.emp_id,e1_0.address,e1_0.dob,e1_0.email,e1_0.full_name,e1_0.phone,e1_0.status,o2_0.order_date,o1_0.note,o1_0.price,o1_0.quantity from product p1_0 left join order_detail o1_0 on p1_0.product_id=o1_0.product_id left join orders o2_0 on o2_0.order_id=o1_0.order_id left join customer c1_0 on c1_0.cust_id=o2_0.cust_id left join employee e1_0 on e1_0.emp_id=o2_0.employee_id where p1_0.product_id=?
Hibernate: select p1_0.product_id,p1_0.price_date_time,p1_0.note,p1_0.price from product_price p1_0 where p1_0.product_id=?
Hibernate: select p1_0.product_id,p1_0.image_id,p1_0.alternative,p1_0.path from product_image p1_0 where p1_0.product_id=?
Hibernate: insert into product_image (alternative,path,product_id,image_id) values (?,?,?,default)
Hibernate: select p1_0.price_date_time,p1_0.product_id,p2_0.product_id,p2_0.description,p2_0.manufacturer_name,p2_0.name,p2_0.status,p2_0.unit,o1_0.product_id,o1_0.order_id,o2_0.order_id,c1_0.cust_id,c1_0.address,c1_0.email,c1_0.cust_name,c1_0.phone,o2_0.employee_id,e1_0.emp_id,e1_0.address,e1_0.dob,e1_0.email,e1_0.full_name,e1_0.phone,e1_0.status,o2_0.order_date,o1_0.note,o1_0.price,o1_0.quantity,p1_0.note,p1_0.price from product_price p1_0 join product p2_0 on p2_0.product_id=p1_0.product_id left join order_detail o1_0 on p2_0.product_id=o1_0.product_id left join orders o2_0 on o2_0.order_id=o1_0.order_id left join customer c1_0 on c1_0.cust_id=o2_0.cust_id left join employee e1_0 on e1_0.emp_id=o2_0.employee_id where (p1_0.price_date_time,p1_0.product_id) in ((?,?))
Hibernate: select p1_0.price_date_time,p1_0.product_id,p2_0.product_id,p2_0.description,p2_0.manufacturer_name,p2_0.name,p2_0.status,p2_0.unit,o1_0.product_id,o1_0.order_id,o2_0.order_id,c1_0.cust_id,c1_0.address,c1_0.email,c1_0.cust_name,c1_0.phone,o2_0.employee_id,e1_0.emp_id,e1_0.address,e1_0.dob,e1_0.email,e1_0.full_name,e1_0.phone,e1_0.status,o2_0.order_date,o1_0.note,o1_0.price,o1_0.quantity,p1_0.note,p1_0.price from product_price p1_0 join product p2_0 on p2_0.product_id=p1_0.product_id left join order_detail o1_0 on p2_0.product_id=o1_0.product_id left join orders o2_0 on o2_0.order_id=o1_0.order_id left join customer c1_0 on c1_0.cust_id=o2_0.cust_id left join employee e1_0 on e1_0.emp_id=o2_0.employee_id where (p1_0.price_date_time,p1_0.product_id) in ((?,?))
Hibernate: select p1_0.price_date_time,p1_0.product_id,p2_0.product_id,p2_0.description,p2_0.manufacturer_name,p2_0.name,p2_0.status,p2_0.unit,o1_0.product_id,o1_0.order_id,o2_0.order_id,c1_0.cust_id,c1_0.address,c1_0.email,c1_0.cust_name,c1_0.phone,o2_0.employee_id,e1_0.emp_id,e1_0.address,e1_0.dob,e1_0.email,e1_0.full_name,e1_0.phone,e1_0.status,o2_0.order_date,o1_0.note,o1_0.price,o1_0.quantity,p1_0.note,p1_0.price from product_price p1_0 join product p2_0 on p2_0.product_id=p1_0.product_id left join order_detail o1_0 on p2_0.product_id=o1_0.product_id left join orders o2_0 on o2_0.order_id=o1_0.order_id left join customer c1_0 on c1_0.cust_id=o2_0.cust_id left join employee e1_0 on e1_0.emp_id=o2_0.employee_id where (p1_0.price_date_time,p1_0.product_id) in ((?,?))
Hibernate: insert into product_price (note,price,price_date_time,product_id) values (?,?,?,?)
Hibernate: insert into product_price (note,price,price_date_time,product_id) values (?,?,?,?)
Hibernate: insert into product_price (note,price,price_date_time,product_id) values (?,?,?,?)
Hibernate: insert into product (description,manufacturer_name,name,status,unit,product_id) values (?,?,?,?,?,default)
Hibernate: select p1_0.product_id,p1_0.description,p1_0.manufacturer_name,p1_0.name,p1_0.status,p1_0.unit,o1_0.product_id,o1_0.order_id,o2_0.order_id,c1_0.cust_id,c1_0.address,c1_0.email,c1_0.cust_name,c1_0.phone,o2_0.employee_id,e1_0.emp_id,e1_0.address,e1_0.dob,e1_0.email,e1_0.full_name,e1_0.phone,e1_0.status,o2_0.order_date,o1_0.note,o1_0.price,o1_0.quantity from product p1_0 left join order_detail o1_0 on p1_0.product_id=o1_0.product_id left join orders o2_0 on o2_0.order_id=o1_0.order_id left join customer c1_0 on c1_0.cust_id=o2_0.cust_id left join employee e1_0 on e1_0.emp_id=o2_0.employee_id where p1_0.product_id=?
Hibernate: select p1_0.product_id,p1_0.price_date_time,p1_0.note,p1_0.price from product_price p1_0 where p1_0.product_id=?
Hibernate: select p1_0.product_id,p1_0.image_id,p1_0.alternative,p1_0.path from product_image p1_0 where p1_0.product_id=?
Hibernate: insert into product_image (alternative,path,product_id,image_id) values (?,?,?,default)
Hibernate: select p1_0.price_date_time,p1_0.product_id,p2_0.product_id,p2_0.description,p2_0.manufacturer_name,p2_0.name,p2_0.status,p2_0.unit,o1_0.product_id,o1_0.order_id,o2_0.order_id,c1_0.cust_id,c1_0.address,c1_0.email,c1_0.cust_name,c1_0.phone,o2_0.employee_id,e1_0.emp_id,e1_0.address,e1_0.dob,e1_0.email,e1_0.full_name,e1_0.phone,e1_0.status,o2_0.order_date,o1_0.note,o1_0.price,o1_0.quantity,p1_0.note,p1_0.price from product_price p1_0 join product p2_0 on p2_0.product_id=p1_0.product_id left join order_detail o1_0 on p2_0.product_id=o1_0.product_id left join orders o2_0 on o2_0.order_id=o1_0.order_id left join customer c1_0 on c1_0.cust_id=o2_0.cust_id left join employee e1_0 on e1_0.emp_id=o2_0.employee_id where (p1_0.price_date_time,p1_0.product_id) in ((?,?))
Hibernate: select p1_0.price_date_time,p1_0.product_id,p2_0.product_id,p2_0.description,p2_0.manufacturer_name,p2_0.name,p2_0.status,p2_0.unit,o1_0.product_id,o1_0.order_id,o2_0.order_id,c1_0.cust_id,c1_0.address,c1_0.email,c1_0.cust_name,c1_0.phone,o2_0.employee_id,e1_0.emp_id,e1_0.address,e1_0.dob,e1_0.email,e1_0.full_name,e1_0.phone,e1_0.status,o2_0.order_date,o1_0.note,o1_0.price,o1_0.quantity,p1_0.note,p1_0.price from product_price p1_0 join product p2_0 on p2_0.product_id=p1_0.product_id left join order_detail o1_0 on p2_0.product_id=o1_0.product_id left join orders o2_0 on o2_0.order_id=o1_0.order_id left join customer c1_0 on c1_0.cust_id=o2_0.cust_id left join employee e1_0 on e1_0.emp_id=o2_0.employee_id where (p1_0.price_date_time,p1_0.product_id) in ((?,?))
Hibernate: select p1_0.price_date_time,p1_0.product_id,p2_0.product_id,p2_0.description,p2_0.manufacturer_name,p2_0.name,p2_0.status,p2_0.unit,o1_0.product_id,o1_0.order_id,o2_0.order_id,c1_0.cust_id,c1_0.address,c1_0.email,c1_0.cust_name,c1_0.phone,o2_0.employee_id,e1_0.emp_id,e1_0.address,e1_0.dob,e1_0.email,e1_0.full_name,e1_0.phone,e1_0.status,o2_0.order_date,o1_0.note,o1_0.price,o1_0.quantity,p1_0.note,p1_0.price from product_price p1_0 join product p2_0 on p2_0.product_id=p1_0.product_id left join order_detail o1_0 on p2_0.product_id=o1_0.product_id left join orders o2_0 on o2_0.order_id=o1_0.order_id left join customer c1_0 on c1_0.cust_id=o2_0.cust_id left join employee e1_0 on e1_0.emp_id=o2_0.employee_id where (p1_0.price_date_time,p1_0.product_id) in ((?,?))
Hibernate: insert into product_price (note,price,price_date_time,product_id) values (?,?,?,?)
Hibernate: insert into product_price (note,price,price_date_time,product_id) values (?,?,?,?)
Hibernate: insert into product_price (note,price,price_date_time,product_id) values (?,?,?,?)
Hibernate: insert into product (description,manufacturer_name,name,status,unit,product_id) values (?,?,?,?,?,default)
Hibernate: select p1_0.product_id,p1_0.description,p1_0.manufacturer_name,p1_0.name,p1_0.status,p1_0.unit,o1_0.product_id,o1_0.order_id,o2_0.order_id,c1_0.cust_id,c1_0.address,c1_0.email,c1_0.cust_name,c1_0.phone,o2_0.employee_id,e1_0.emp_id,e1_0.address,e1_0.dob,e1_0.email,e1_0.full_name,e1_0.phone,e1_0.status,o2_0.order_date,o1_0.note,o1_0.price,o1_0.quantity from product p1_0 left join order_detail o1_0 on p1_0.product_id=o1_0.product_id left join orders o2_0 on o2_0.order_id=o1_0.order_id left join customer c1_0 on c1_0.cust_id=o2_0.cust_id left join employee e1_0 on e1_0.emp_id=o2_0.employee_id where p1_0.product_id=?
Hibernate: select p1_0.product_id,p1_0.price_date_time,p1_0.note,p1_0.price from product_price p1_0 where p1_0.product_id=?
Hibernate: select p1_0.product_id,p1_0.image_id,p1_0.alternative,p1_0.path from product_image p1_0 where p1_0.product_id=?
Hibernate: insert into product_image (alternative,path,product_id,image_id) values (?,?,?,default)
Hibernate: select p1_0.price_date_time,p1_0.product_id,p2_0.product_id,p2_0.description,p2_0.manufacturer_name,p2_0.name,p2_0.status,p2_0.unit,o1_0.product_id,o1_0.order_id,o2_0.order_id,c1_0.cust_id,c1_0.address,c1_0.email,c1_0.cust_name,c1_0.phone,o2_0.employee_id,e1_0.emp_id,e1_0.address,e1_0.dob,e1_0.email,e1_0.full_name,e1_0.phone,e1_0.status,o2_0.order_date,o1_0.note,o1_0.price,o1_0.quantity,p1_0.note,p1_0.price from product_price p1_0 join product p2_0 on p2_0.product_id=p1_0.product_id left join order_detail o1_0 on p2_0.product_id=o1_0.product_id left join orders o2_0 on o2_0.order_id=o1_0.order_id left join customer c1_0 on c1_0.cust_id=o2_0.cust_id left join employee e1_0 on e1_0.emp_id=o2_0.employee_id where (p1_0.price_date_time,p1_0.product_id) in ((?,?))
Hibernate: select p1_0.price_date_time,p1_0.product_id,p2_0.product_id,p2_0.description,p2_0.manufacturer_name,p2_0.name,p2_0.status,p2_0.unit,o1_0.product_id,o1_0.order_id,o2_0.order_id,c1_0.cust_id,c1_0.address,c1_0.email,c1_0.cust_name,c1_0.phone,o2_0.employee_id,e1_0.emp_id,e1_0.address,e1_0.dob,e1_0.email,e1_0.full_name,e1_0.phone,e1_0.status,o2_0.order_date,o1_0.note,o1_0.price,o1_0.quantity,p1_0.note,p1_0.price from product_price p1_0 join product p2_0 on p2_0.product_id=p1_0.product_id left join order_detail o1_0 on p2_0.product_id=o1_0.product_id left join orders o2_0 on o2_0.order_id=o1_0.order_id left join customer c1_0 on c1_0.cust_id=o2_0.cust_id left join employee e1_0 on e1_0.emp_id=o2_0.employee_id where (p1_0.price_date_time,p1_0.product_id) in ((?,?))
Hibernate: select p1_0.price_date_time,p1_0.product_id,p2_0.product_id,p2_0.description,p2_0.manufacturer_name,p2_0.name,p2_0.status,p2_0.unit,o1_0.product_id,o1_0.order_id,o2_0.order_id,c1_0.cust_id,c1_0.address,c1_0.email,c1_0.cust_name,c1_0.phone,o2_0.employee_id,e1_0.emp_id,e1_0.address,e1_0.dob,e1_0.email,e1_0.full_name,e1_0.phone,e1_0.status,o2_0.order_date,o1_0.note,o1_0.price,o1_0.quantity,p1_0.note,p1_0.price from product_price p1_0 join product p2_0 on p2_0.product_id=p1_0.product_id left join order_detail o1_0 on p2_0.product_id=o1_0.product_id left join orders o2_0 on o2_0.order_id=o1_0.order_id left join customer c1_0 on c1_0.cust_id=o2_0.cust_id left join employee e1_0 on e1_0.emp_id=o2_0.employee_id where (p1_0.price_date_time,p1_0.product_id) in ((?,?))
Hibernate: insert into product_price (note,price,price_date_time,product_id) values (?,?,?,?)
Hibernate: insert into product_price (note,price,price_date_time,product_id) values (?,?,?,?)
Hibernate: insert into product_price (note,price,price_date_time,product_id) values (?,?,?,?)
Hibernate: insert into product (description,manufacturer_name,name,status,unit,product_id) values (?,?,?,?,?,default)
Hibernate: select p1_0.product_id,p1_0.description,p1_0.manufacturer_name,p1_0.name,p1_0.status,p1_0.unit,o1_0.product_id,o1_0.order_id,o2_0.order_id,c1_0.cust_id,c1_0.address,c1_0.email,c1_0.cust_name,c1_0.phone,o2_0.employee_id,e1_0.emp_id,e1_0.address,e1_0.dob,e1_0.email,e1_0.full_name,e1_0.phone,e1_0.status,o2_0.order_date,o1_0.note,o1_0.price,o1_0.quantity from product p1_0 left join order_detail o1_0 on p1_0.product_id=o1_0.product_id left join orders o2_0 on o2_0.order_id=o1_0.order_id left join customer c1_0 on c1_0.cust_id=o2_0.cust_id left join employee e1_0 on e1_0.emp_id=o2_0.employee_id where p1_0.product_id=?
Hibernate: select p1_0.product_id,p1_0.price_date_time,p1_0.note,p1_0.price from product_price p1_0 where p1_0.product_id=?
Hibernate: select p1_0.product_id,p1_0.image_id,p1_0.alternative,p1_0.path from product_image p1_0 where p1_0.product_id=?
Hibernate: insert into product_image (alternative,path,product_id,image_id) values (?,?,?,default)
Hibernate: select p1_0.price_date_time,p1_0.product_id,p2_0.product_id,p2_0.description,p2_0.manufacturer_name,p2_0.name,p2_0.status,p2_0.unit,o1_0.product_id,o1_0.order_id,o2_0.order_id,c1_0.cust_id,c1_0.address,c1_0.email,c1_0.cust_name,c1_0.phone,o2_0.employee_id,e1_0.emp_id,e1_0.address,e1_0.dob,e1_0.email,e1_0.full_name,e1_0.phone,e1_0.status,o2_0.order_date,o1_0.note,o1_0.price,o1_0.quantity,p1_0.note,p1_0.price from product_price p1_0 join product p2_0 on p2_0.product_id=p1_0.product_id left join order_detail o1_0 on p2_0.product_id=o1_0.product_id left join orders o2_0 on o2_0.order_id=o1_0.order_id left join customer c1_0 on c1_0.cust_id=o2_0.cust_id left join employee e1_0 on e1_0.emp_id=o2_0.employee_id where (p1_0.price_date_time,p1_0.product_id) in ((?,?))
Hibernate: select p1_0.price_date_time,p1_0.product_id,p2_0.product_id,p2_0.description,p2_0.manufacturer_name,p2_0.name,p2_0.status,p2_0.unit,o1_0.product_id,o1_0.order_id,o2_0.order_id,c1_0.cust_id,c1_0.address,c1_0.email,c1_0.cust_name,c1_0.phone,o2_0.employee_id,e1_0.emp_id,e1_0.address,e1_0.dob,e1_0.email,e1_0.full_name,e1_0.phone,e1_0.status,o2_0.order_date,o1_0.note,o1_0.price,o1_0.quantity,p1_0.note,p1_0.price from product_price p1_0 join product p2_0 on p2_0.product_id=p1_0.product_id left join order_detail o1_0 on p2_0.product_id=o1_0.product_id left join orders o2_0 on o2_0.order_id=o1_0.order_id left join customer c1_0 on c1_0.cust_id=o2_0.cust_id left join employee e1_0 on e1_0.emp_id=o2_0.employee_id where (p1_0.price_date_time,p1_0.product_id) in ((?,?))
Hibernate: select p1_0.price_date_time,p1_0.product_id,p2_0.product_id,p2_0.description,p2_0.manufacturer_name,p2_0.name,p2_0.status,p2_0.unit,o1_0.product_id,o1_0.order_id,o2_0.order_id,c1_0.cust_id,c1_0.address,c1_0.email,c1_0.cust_name,c1_0.phone,o2_0.employee_id,e1_0.emp_id,e1_0.address,e1_0.dob,e1_0.email,e1_0.full_name,e1_0.phone,e1_0.status,o2_0.order_date,o1_0.note,o1_0.price,o1_0.quantity,p1_0.note,p1_0.price from product_price p1_0 join product p2_0 on p2_0.product_id=p1_0.product_id left join order_detail o1_0 on p2_0.product_id=o1_0.product_id left join orders o2_0 on o2_0.order_id=o1_0.order_id left join customer c1_0 on c1_0.cust_id=o2_0.cust_id left join employee e1_0 on e1_0.emp_id=o2_0.employee_id where (p1_0.price_date_time,p1_0.product_id) in ((?,?))
Hibernate: insert into product_price (note,price,price_date_time,product_id) values (?,?,?,?)
Hibernate: insert into product_price (note,price,price_date_time,product_id) values (?,?,?,?)
Hibernate: insert into product_price (note,price,price_date_time,product_id) values (?,?,?,?)
Hibernate: insert into product (description,manufacturer_name,name,status,unit,product_id) values (?,?,?,?,?,default)
Hibernate: select p1_0.product_id,p1_0.description,p1_0.manufacturer_name,p1_0.name,p1_0.status,p1_0.unit,o1_0.product_id,o1_0.order_id,o2_0.order_id,c1_0.cust_id,c1_0.address,c1_0.email,c1_0.cust_name,c1_0.phone,o2_0.employee_id,e1_0.emp_id,e1_0.address,e1_0.dob,e1_0.email,e1_0.full_name,e1_0.phone,e1_0.status,o2_0.order_date,o1_0.note,o1_0.price,o1_0.quantity from product p1_0 left join order_detail o1_0 on p1_0.product_id=o1_0.product_id left join orders o2_0 on o2_0.order_id=o1_0.order_id left join customer c1_0 on c1_0.cust_id=o2_0.cust_id left join employee e1_0 on e1_0.emp_id=o2_0.employee_id where p1_0.product_id=?
Hibernate: select p1_0.product_id,p1_0.price_date_time,p1_0.note,p1_0.price from product_price p1_0 where p1_0.product_id=?
Hibernate: select p1_0.product_id,p1_0.image_id,p1_0.alternative,p1_0.path from product_image p1_0 where p1_0.product_id=?
Hibernate: insert into product_image (alternative,path,product_id,image_id) values (?,?,?,default)
Hibernate: select p1_0.price_date_time,p1_0.product_id,p2_0.product_id,p2_0.description,p2_0.manufacturer_name,p2_0.name,p2_0.status,p2_0.unit,o1_0.product_id,o1_0.order_id,o2_0.order_id,c1_0.cust_id,c1_0.address,c1_0.email,c1_0.cust_name,c1_0.phone,o2_0.employee_id,e1_0.emp_id,e1_0.address,e1_0.dob,e1_0.email,e1_0.full_name,e1_0.phone,e1_0.status,o2_0.order_date,o1_0.note,o1_0.price,o1_0.quantity,p1_0.note,p1_0.price from product_price p1_0 join product p2_0 on p2_0.product_id=p1_0.product_id left join order_detail o1_0 on p2_0.product_id=o1_0.product_id left join orders o2_0 on o2_0.order_id=o1_0.order_id left join customer c1_0 on c1_0.cust_id=o2_0.cust_id left join employee e1_0 on e1_0.emp_id=o2_0.employee_id where (p1_0.price_date_time,p1_0.product_id) in ((?,?))
Hibernate: select p1_0.price_date_time,p1_0.product_id,p2_0.product_id,p2_0.description,p2_0.manufacturer_name,p2_0.name,p2_0.status,p2_0.unit,o1_0.product_id,o1_0.order_id,o2_0.order_id,c1_0.cust_id,c1_0.address,c1_0.email,c1_0.cust_name,c1_0.phone,o2_0.employee_id,e1_0.emp_id,e1_0.address,e1_0.dob,e1_0.email,e1_0.full_name,e1_0.phone,e1_0.status,o2_0.order_date,o1_0.note,o1_0.price,o1_0.quantity,p1_0.note,p1_0.price from product_price p1_0 join product p2_0 on p2_0.product_id=p1_0.product_id left join order_detail o1_0 on p2_0.product_id=o1_0.product_id left join orders o2_0 on o2_0.order_id=o1_0.order_id left join customer c1_0 on c1_0.cust_id=o2_0.cust_id left join employee e1_0 on e1_0.emp_id=o2_0.employee_id where (p1_0.price_date_time,p1_0.product_id) in ((?,?))
Hibernate: select p1_0.price_date_time,p1_0.product_id,p2_0.product_id,p2_0.description,p2_0.manufacturer_name,p2_0.name,p2_0.status,p2_0.unit,o1_0.product_id,o1_0.order_id,o2_0.order_id,c1_0.cust_id,c1_0.address,c1_0.email,c1_0.cust_name,c1_0.phone,o2_0.employee_id,e1_0.emp_id,e1_0.address,e1_0.dob,e1_0.email,e1_0.full_name,e1_0.phone,e1_0.status,o2_0.order_date,o1_0.note,o1_0.price,o1_0.quantity,p1_0.note,p1_0.price from product_price p1_0 join product p2_0 on p2_0.product_id=p1_0.product_id left join order_detail o1_0 on p2_0.product_id=o1_0.product_id left join orders o2_0 on o2_0.order_id=o1_0.order_id left join customer c1_0 on c1_0.cust_id=o2_0.cust_id left join employee e1_0 on e1_0.emp_id=o2_0.employee_id where (p1_0.price_date_time,p1_0.product_id) in ((?,?))
Hibernate: insert into product_price (note,price,price_date_time,product_id) values (?,?,?,?)
Hibernate: insert into product_price (note,price,price_date_time,product_id) values (?,?,?,?)
Hibernate: insert into product_price (note,price,price_date_time,product_id) values (?,?,?,?)
Hibernate: insert into product (description,manufacturer_name,name,status,unit,product_id) values (?,?,?,?,?,default)
Hibernate: select p1_0.product_id,p1_0.description,p1_0.manufacturer_name,p1_0.name,p1_0.status,p1_0.unit,o1_0.product_id,o1_0.order_id,o2_0.order_id,c1_0.cust_id,c1_0.address,c1_0.email,c1_0.cust_name,c1_0.phone,o2_0.employee_id,e1_0.emp_id,e1_0.address,e1_0.dob,e1_0.email,e1_0.full_name,e1_0.phone,e1_0.status,o2_0.order_date,o1_0.note,o1_0.price,o1_0.quantity from product p1_0 left join order_detail o1_0 on p1_0.product_id=o1_0.product_id left join orders o2_0 on o2_0.order_id=o1_0.order_id left join customer c1_0 on c1_0.cust_id=o2_0.cust_id left join employee e1_0 on e1_0.emp_id=o2_0.employee_id where p1_0.product_id=?
Hibernate: select p1_0.product_id,p1_0.price_date_time,p1_0.note,p1_0.price from product_price p1_0 where p1_0.product_id=?
Hibernate: select p1_0.product_id,p1_0.image_id,p1_0.alternative,p1_0.path from product_image p1_0 where p1_0.product_id=?
Hibernate: insert into product_image (alternative,path,product_id,image_id) values (?,?,?,default)
Hibernate: select p1_0.price_date_time,p1_0.product_id,p2_0.product_id,p2_0.description,p2_0.manufacturer_name,p2_0.name,p2_0.status,p2_0.unit,o1_0.product_id,o1_0.order_id,o2_0.order_id,c1_0.cust_id,c1_0.address,c1_0.email,c1_0.cust_name,c1_0.phone,o2_0.employee_id,e1_0.emp_id,e1_0.address,e1_0.dob,e1_0.email,e1_0.full_name,e1_0.phone,e1_0.status,o2_0.order_date,o1_0.note,o1_0.price,o1_0.quantity,p1_0.note,p1_0.price from product_price p1_0 join product p2_0 on p2_0.product_id=p1_0.product_id left join order_detail o1_0 on p2_0.product_id=o1_0.product_id left join orders o2_0 on o2_0.order_id=o1_0.order_id left join customer c1_0 on c1_0.cust_id=o2_0.cust_id left join employee e1_0 on e1_0.emp_id=o2_0.employee_id where (p1_0.price_date_time,p1_0.product_id) in ((?,?))
Hibernate: select p1_0.price_date_time,p1_0.product_id,p2_0.product_id,p2_0.description,p2_0.manufacturer_name,p2_0.name,p2_0.status,p2_0.unit,o1_0.product_id,o1_0.order_id,o2_0.order_id,c1_0.cust_id,c1_0.address,c1_0.email,c1_0.cust_name,c1_0.phone,o2_0.employee_id,e1_0.emp_id,e1_0.address,e1_0.dob,e1_0.email,e1_0.full_name,e1_0.phone,e1_0.status,o2_0.order_date,o1_0.note,o1_0.price,o1_0.quantity,p1_0.note,p1_0.price from product_price p1_0 join product p2_0 on p2_0.product_id=p1_0.product_id left join order_detail o1_0 on p2_0.product_id=o1_0.product_id left join orders o2_0 on o2_0.order_id=o1_0.order_id left join customer c1_0 on c1_0.cust_id=o2_0.cust_id left join employee e1_0 on e1_0.emp_id=o2_0.employee_id where (p1_0.price_date_time,p1_0.product_id) in ((?,?))
Hibernate: select p1_0.price_date_time,p1_0.product_id,p2_0.product_id,p2_0.description,p2_0.manufacturer_name,p2_0.name,p2_0.status,p2_0.unit,o1_0.product_id,o1_0.order_id,o2_0.order_id,c1_0.cust_id,c1_0.address,c1_0.email,c1_0.cust_name,c1_0.phone,o2_0.employee_id,e1_0.emp_id,e1_0.address,e1_0.dob,e1_0.email,e1_0.full_name,e1_0.phone,e1_0.status,o2_0.order_date,o1_0.note,o1_0.price,o1_0.quantity,p1_0.note,p1_0.price from product_price p1_0 join product p2_0 on p2_0.product_id=p1_0.product_id left join order_detail o1_0 on p2_0.product_id=o1_0.product_id left join orders o2_0 on o2_0.order_id=o1_0.order_id left join customer c1_0 on c1_0.cust_id=o2_0.cust_id left join employee e1_0 on e1_0.emp_id=o2_0.employee_id where (p1_0.price_date_time,p1_0.product_id) in ((?,?))
Hibernate: insert into product_price (note,price,price_date_time,product_id) values (?,?,?,?)
Hibernate: insert into product_price (note,price,price_date_time,product_id) values (?,?,?,?)
Hibernate: insert into product_price (note,price,price_date_time,product_id) values (?,?,?,?)
Hibernate: insert into product (description,manufacturer_name,name,status,unit,product_id) values (?,?,?,?,?,default)
Hibernate: select p1_0.product_id,p1_0.description,p1_0.manufacturer_name,p1_0.name,p1_0.status,p1_0.unit,o1_0.product_id,o1_0.order_id,o2_0.order_id,c1_0.cust_id,c1_0.address,c1_0.email,c1_0.cust_name,c1_0.phone,o2_0.employee_id,e1_0.emp_id,e1_0.address,e1_0.dob,e1_0.email,e1_0.full_name,e1_0.phone,e1_0.status,o2_0.order_date,o1_0.note,o1_0.price,o1_0.quantity from product p1_0 left join order_detail o1_0 on p1_0.product_id=o1_0.product_id left join orders o2_0 on o2_0.order_id=o1_0.order_id left join customer c1_0 on c1_0.cust_id=o2_0.cust_id left join employee e1_0 on e1_0.emp_id=o2_0.employee_id where p1_0.product_id=?
Hibernate: select p1_0.product_id,p1_0.price_date_time,p1_0.note,p1_0.price from product_price p1_0 where p1_0.product_id=?
Hibernate: select p1_0.product_id,p1_0.image_id,p1_0.alternative,p1_0.path from product_image p1_0 where p1_0.product_id=?
Hibernate: insert into product_image (alternative,path,product_id,image_id) values (?,?,?,default)
Hibernate: select p1_0.price_date_time,p1_0.product_id,p2_0.product_id,p2_0.description,p2_0.manufacturer_name,p2_0.name,p2_0.status,p2_0.unit,o1_0.product_id,o1_0.order_id,o2_0.order_id,c1_0.cust_id,c1_0.address,c1_0.email,c1_0.cust_name,c1_0.phone,o2_0.employee_id,e1_0.emp_id,e1_0.address,e1_0.dob,e1_0.email,e1_0.full_name,e1_0.phone,e1_0.status,o2_0.order_date,o1_0.note,o1_0.price,o1_0.quantity,p1_0.note,p1_0.price from product_price p1_0 join product p2_0 on p2_0.product_id=p1_0.product_id left join order_detail o1_0 on p2_0.product_id=o1_0.product_id left join orders o2_0 on o2_0.order_id=o1_0.order_id left join customer c1_0 on c1_0.cust_id=o2_0.cust_id left join employee e1_0 on e1_0.emp_id=o2_0.employee_id where (p1_0.price_date_time,p1_0.product_id) in ((?,?))
Hibernate: select p1_0.price_date_time,p1_0.product_id,p2_0.product_id,p2_0.description,p2_0.manufacturer_name,p2_0.name,p2_0.status,p2_0.unit,o1_0.product_id,o1_0.order_id,o2_0.order_id,c1_0.cust_id,c1_0.address,c1_0.email,c1_0.cust_name,c1_0.phone,o2_0.employee_id,e1_0.emp_id,e1_0.address,e1_0.dob,e1_0.email,e1_0.full_name,e1_0.phone,e1_0.status,o2_0.order_date,o1_0.note,o1_0.price,o1_0.quantity,p1_0.note,p1_0.price from product_price p1_0 join product p2_0 on p2_0.product_id=p1_0.product_id left join order_detail o1_0 on p2_0.product_id=o1_0.product_id left join orders o2_0 on o2_0.order_id=o1_0.order_id left join customer c1_0 on c1_0.cust_id=o2_0.cust_id left join employee e1_0 on e1_0.emp_id=o2_0.employee_id where (p1_0.price_date_time,p1_0.product_id) in ((?,?))
Hibernate: select p1_0.price_date_time,p1_0.product_id,p2_0.product_id,p2_0.description,p2_0.manufacturer_name,p2_0.name,p2_0.status,p2_0.unit,o1_0.product_id,o1_0.order_id,o2_0.order_id,c1_0.cust_id,c1_0.address,c1_0.email,c1_0.cust_name,c1_0.phone,o2_0.employee_id,e1_0.emp_id,e1_0.address,e1_0.dob,e1_0.email,e1_0.full_name,e1_0.phone,e1_0.status,o2_0.order_date,o1_0.note,o1_0.price,o1_0.quantity,p1_0.note,p1_0.price from product_price p1_0 join product p2_0 on p2_0.product_id=p1_0.product_id left join order_detail o1_0 on p2_0.product_id=o1_0.product_id left join orders o2_0 on o2_0.order_id=o1_0.order_id left join customer c1_0 on c1_0.cust_id=o2_0.cust_id left join employee e1_0 on e1_0.emp_id=o2_0.employee_id where (p1_0.price_date_time,p1_0.product_id) in ((?,?))
Hibernate: insert into product_price (note,price,price_date_time,product_id) values (?,?,?,?)
Hibernate: insert into product_price (note,price,price_date_time,product_id) values (?,?,?,?)
Hibernate: insert into product_price (note,price,price_date_time,product_id) values (?,?,?,?)
Hibernate: insert into product (description,manufacturer_name,name,status,unit,product_id) values (?,?,?,?,?,default)
Hibernate: select p1_0.product_id,p1_0.description,p1_0.manufacturer_name,p1_0.name,p1_0.status,p1_0.unit,o1_0.product_id,o1_0.order_id,o2_0.order_id,c1_0.cust_id,c1_0.address,c1_0.email,c1_0.cust_name,c1_0.phone,o2_0.employee_id,e1_0.emp_id,e1_0.address,e1_0.dob,e1_0.email,e1_0.full_name,e1_0.phone,e1_0.status,o2_0.order_date,o1_0.note,o1_0.price,o1_0.quantity from product p1_0 left join order_detail o1_0 on p1_0.product_id=o1_0.product_id left join orders o2_0 on o2_0.order_id=o1_0.order_id left join customer c1_0 on c1_0.cust_id=o2_0.cust_id left join employee e1_0 on e1_0.emp_id=o2_0.employee_id where p1_0.product_id=?
Hibernate: select p1_0.product_id,p1_0.price_date_time,p1_0.note,p1_0.price from product_price p1_0 where p1_0.product_id=?
Hibernate: select p1_0.product_id,p1_0.image_id,p1_0.alternative,p1_0.path from product_image p1_0 where p1_0.product_id=?
Hibernate: insert into product_image (alternative,path,product_id,image_id) values (?,?,?,default)
Hibernate: select p1_0.price_date_time,p1_0.product_id,p2_0.product_id,p2_0.description,p2_0.manufacturer_name,p2_0.name,p2_0.status,p2_0.unit,o1_0.product_id,o1_0.order_id,o2_0.order_id,c1_0.cust_id,c1_0.address,c1_0.email,c1_0.cust_name,c1_0.phone,o2_0.employee_id,e1_0.emp_id,e1_0.address,e1_0.dob,e1_0.email,e1_0.full_name,e1_0.phone,e1_0.status,o2_0.order_date,o1_0.note,o1_0.price,o1_0.quantity,p1_0.note,p1_0.price from product_price p1_0 join product p2_0 on p2_0.product_id=p1_0.product_id left join order_detail o1_0 on p2_0.product_id=o1_0.product_id left join orders o2_0 on o2_0.order_id=o1_0.order_id left join customer c1_0 on c1_0.cust_id=o2_0.cust_id left join employee e1_0 on e1_0.emp_id=o2_0.employee_id where (p1_0.price_date_time,p1_0.product_id) in ((?,?))
Hibernate: select p1_0.price_date_time,p1_0.product_id,p2_0.product_id,p2_0.description,p2_0.manufacturer_name,p2_0.name,p2_0.status,p2_0.unit,o1_0.product_id,o1_0.order_id,o2_0.order_id,c1_0.cust_id,c1_0.address,c1_0.email,c1_0.cust_name,c1_0.phone,o2_0.employee_id,e1_0.emp_id,e1_0.address,e1_0.dob,e1_0.email,e1_0.full_name,e1_0.phone,e1_0.status,o2_0.order_date,o1_0.note,o1_0.price,o1_0.quantity,p1_0.note,p1_0.price from product_price p1_0 join product p2_0 on p2_0.product_id=p1_0.product_id left join order_detail o1_0 on p2_0.product_id=o1_0.product_id left join orders o2_0 on o2_0.order_id=o1_0.order_id left join customer c1_0 on c1_0.cust_id=o2_0.cust_id left join employee e1_0 on e1_0.emp_id=o2_0.employee_id where (p1_0.price_date_time,p1_0.product_id) in ((?,?))
Hibernate: select p1_0.price_date_time,p1_0.product_id,p2_0.product_id,p2_0.description,p2_0.manufacturer_name,p2_0.name,p2_0.status,p2_0.unit,o1_0.product_id,o1_0.order_id,o2_0.order_id,c1_0.cust_id,c1_0.address,c1_0.email,c1_0.cust_name,c1_0.phone,o2_0.employee_id,e1_0.emp_id,e1_0.address,e1_0.dob,e1_0.email,e1_0.full_name,e1_0.phone,e1_0.status,o2_0.order_date,o1_0.note,o1_0.price,o1_0.quantity,p1_0.note,p1_0.price from product_price p1_0 join product p2_0 on p2_0.product_id=p1_0.product_id left join order_detail o1_0 on p2_0.product_id=o1_0.product_id left join orders o2_0 on o2_0.order_id=o1_0.order_id left join customer c1_0 on c1_0.cust_id=o2_0.cust_id left join employee e1_0 on e1_0.emp_id=o2_0.employee_id where (p1_0.price_date_time,p1_0.product_id) in ((?,?))
Hibernate: insert into product_price (note,price,price_date_time,product_id) values (?,?,?,?)
Hibernate: insert into product_price (note,price,price_date_time,product_id) values (?,?,?,?)
Hibernate: insert into product_price (note,price,price_date_time,product_id) values (?,?,?,?)
Hibernate: insert into product (description,manufacturer_name,name,status,unit,product_id) values (?,?,?,?,?,default)
Hibernate: select p1_0.product_id,p1_0.description,p1_0.manufacturer_name,p1_0.name,p1_0.status,p1_0.unit,o1_0.product_id,o1_0.order_id,o2_0.order_id,c1_0.cust_id,c1_0.address,c1_0.email,c1_0.cust_name,c1_0.phone,o2_0.employee_id,e1_0.emp_id,e1_0.address,e1_0.dob,e1_0.email,e1_0.full_name,e1_0.phone,e1_0.status,o2_0.order_date,o1_0.note,o1_0.price,o1_0.quantity from product p1_0 left join order_detail o1_0 on p1_0.product_id=o1_0.product_id left join orders o2_0 on o2_0.order_id=o1_0.order_id left join customer c1_0 on c1_0.cust_id=o2_0.cust_id left join employee e1_0 on e1_0.emp_id=o2_0.employee_id where p1_0.product_id=?
Hibernate: select p1_0.product_id,p1_0.price_date_time,p1_0.note,p1_0.price from product_price p1_0 where p1_0.product_id=?
Hibernate: select p1_0.product_id,p1_0.image_id,p1_0.alternative,p1_0.path from product_image p1_0 where p1_0.product_id=?
Hibernate: insert into product_image (alternative,path,product_id,image_id) values (?,?,?,default)
Hibernate: select p1_0.price_date_time,p1_0.product_id,p2_0.product_id,p2_0.description,p2_0.manufacturer_name,p2_0.name,p2_0.status,p2_0.unit,o1_0.product_id,o1_0.order_id,o2_0.order_id,c1_0.cust_id,c1_0.address,c1_0.email,c1_0.cust_name,c1_0.phone,o2_0.employee_id,e1_0.emp_id,e1_0.address,e1_0.dob,e1_0.email,e1_0.full_name,e1_0.phone,e1_0.status,o2_0.order_date,o1_0.note,o1_0.price,o1_0.quantity,p1_0.note,p1_0.price from product_price p1_0 join product p2_0 on p2_0.product_id=p1_0.product_id left join order_detail o1_0 on p2_0.product_id=o1_0.product_id left join orders o2_0 on o2_0.order_id=o1_0.order_id left join customer c1_0 on c1_0.cust_id=o2_0.cust_id left join employee e1_0 on e1_0.emp_id=o2_0.employee_id where (p1_0.price_date_time,p1_0.product_id) in ((?,?))
Hibernate: select p1_0.price_date_time,p1_0.product_id,p2_0.product_id,p2_0.description,p2_0.manufacturer_name,p2_0.name,p2_0.status,p2_0.unit,o1_0.product_id,o1_0.order_id,o2_0.order_id,c1_0.cust_id,c1_0.address,c1_0.email,c1_0.cust_name,c1_0.phone,o2_0.employee_id,e1_0.emp_id,e1_0.address,e1_0.dob,e1_0.email,e1_0.full_name,e1_0.phone,e1_0.status,o2_0.order_date,o1_0.note,o1_0.price,o1_0.quantity,p1_0.note,p1_0.price from product_price p1_0 join product p2_0 on p2_0.product_id=p1_0.product_id left join order_detail o1_0 on p2_0.product_id=o1_0.product_id left join orders o2_0 on o2_0.order_id=o1_0.order_id left join customer c1_0 on c1_0.cust_id=o2_0.cust_id left join employee e1_0 on e1_0.emp_id=o2_0.employee_id where (p1_0.price_date_time,p1_0.product_id) in ((?,?))
Hibernate: select p1_0.price_date_time,p1_0.product_id,p2_0.product_id,p2_0.description,p2_0.manufacturer_name,p2_0.name,p2_0.status,p2_0.unit,o1_0.product_id,o1_0.order_id,o2_0.order_id,c1_0.cust_id,c1_0.address,c1_0.email,c1_0.cust_name,c1_0.phone,o2_0.employee_id,e1_0.emp_id,e1_0.address,e1_0.dob,e1_0.email,e1_0.full_name,e1_0.phone,e1_0.status,o2_0.order_date,o1_0.note,o1_0.price,o1_0.quantity,p1_0.note,p1_0.price from product_price p1_0 join product p2_0 on p2_0.product_id=p1_0.product_id left join order_detail o1_0 on p2_0.product_id=o1_0.product_id left join orders o2_0 on o2_0.order_id=o1_0.order_id left join customer c1_0 on c1_0.cust_id=o2_0.cust_id left join employee e1_0 on e1_0.emp_id=o2_0.employee_id where (p1_0.price_date_time,p1_0.product_id) in ((?,?))
Hibernate: insert into product_price (note,price,price_date_time,product_id) values (?,?,?,?)
Hibernate: insert into product_price (note,price,price_date_time,product_id) values (?,?,?,?)
Hibernate: insert into product_price (note,price,price_date_time,product_id) values (?,?,?,?)
Hibernate: insert into product (description,manufacturer_name,name,status,unit,product_id) values (?,?,?,?,?,default)
Hibernate: select p1_0.product_id,p1_0.description,p1_0.manufacturer_name,p1_0.name,p1_0.status,p1_0.unit,o1_0.product_id,o1_0.order_id,o2_0.order_id,c1_0.cust_id,c1_0.address,c1_0.email,c1_0.cust_name,c1_0.phone,o2_0.employee_id,e1_0.emp_id,e1_0.address,e1_0.dob,e1_0.email,e1_0.full_name,e1_0.phone,e1_0.status,o2_0.order_date,o1_0.note,o1_0.price,o1_0.quantity from product p1_0 left join order_detail o1_0 on p1_0.product_id=o1_0.product_id left join orders o2_0 on o2_0.order_id=o1_0.order_id left join customer c1_0 on c1_0.cust_id=o2_0.cust_id left join employee e1_0 on e1_0.emp_id=o2_0.employee_id where p1_0.product_id=?
Hibernate: select p1_0.product_id,p1_0.price_date_time,p1_0.note,p1_0.price from product_price p1_0 where p1_0.product_id=?
Hibernate: select p1_0.product_id,p1_0.image_id,p1_0.alternative,p1_0.path from product_image p1_0 where p1_0.product_id=?
Hibernate: insert into product_image (alternative,path,product_id,image_id) values (?,?,?,default)
Hibernate: select p1_0.price_date_time,p1_0.product_id,p2_0.product_id,p2_0.description,p2_0.manufacturer_name,p2_0.name,p2_0.status,p2_0.unit,o1_0.product_id,o1_0.order_id,o2_0.order_id,c1_0.cust_id,c1_0.address,c1_0.email,c1_0.cust_name,c1_0.phone,o2_0.employee_id,e1_0.emp_id,e1_0.address,e1_0.dob,e1_0.email,e1_0.full_name,e1_0.phone,e1_0.status,o2_0.order_date,o1_0.note,o1_0.price,o1_0.quantity,p1_0.note,p1_0.price from product_price p1_0 join product p2_0 on p2_0.product_id=p1_0.product_id left join order_detail o1_0 on p2_0.product_id=o1_0.product_id left join orders o2_0 on o2_0.order_id=o1_0.order_id left join customer c1_0 on c1_0.cust_id=o2_0.cust_id left join employee e1_0 on e1_0.emp_id=o2_0.employee_id where (p1_0.price_date_time,p1_0.product_id) in ((?,?))
Hibernate: select p1_0.price_date_time,p1_0.product_id,p2_0.product_id,p2_0.description,p2_0.manufacturer_name,p2_0.name,p2_0.status,p2_0.unit,o1_0.product_id,o1_0.order_id,o2_0.order_id,c1_0.cust_id,c1_0.address,c1_0.email,c1_0.cust_name,c1_0.phone,o2_0.employee_id,e1_0.emp_id,e1_0.address,e1_0.dob,e1_0.email,e1_0.full_name,e1_0.phone,e1_0.status,o2_0.order_date,o1_0.note,o1_0.price,o1_0.quantity,p1_0.note,p1_0.price from product_price p1_0 join product p2_0 on p2_0.product_id=p1_0.product_id left join order_detail o1_0 on p2_0.product_id=o1_0.product_id left join orders o2_0 on o2_0.order_id=o1_0.order_id left join customer c1_0 on c1_0.cust_id=o2_0.cust_id left join employee e1_0 on e1_0.emp_id=o2_0.employee_id where (p1_0.price_date_time,p1_0.product_id) in ((?,?))
Hibernate: select p1_0.price_date_time,p1_0.product_id,p2_0.product_id,p2_0.description,p2_0.manufacturer_name,p2_0.name,p2_0.status,p2_0.unit,o1_0.product_id,o1_0.order_id,o2_0.order_id,c1_0.cust_id,c1_0.address,c1_0.email,c1_0.cust_name,c1_0.phone,o2_0.employee_id,e1_0.emp_id,e1_0.address,e1_0.dob,e1_0.email,e1_0.full_name,e1_0.phone,e1_0.status,o2_0.order_date,o1_0.note,o1_0.price,o1_0.quantity,p1_0.note,p1_0.price from product_price p1_0 join product p2_0 on p2_0.product_id=p1_0.product_id left join order_detail o1_0 on p2_0.product_id=o1_0.product_id left join orders o2_0 on o2_0.order_id=o1_0.order_id left join customer c1_0 on c1_0.cust_id=o2_0.cust_id left join employee e1_0 on e1_0.emp_id=o2_0.employee_id where (p1_0.price_date_time,p1_0.product_id) in ((?,?))
Hibernate: insert into product_price (note,price,price_date_time,product_id) values (?,?,?,?)
Hibernate: insert into product_price (note,price,price_date_time,product_id) values (?,?,?,?)
Hibernate: insert into product_price (note,price,price_date_time,product_id) values (?,?,?,?)
Hibernate: insert into product (description,manufacturer_name,name,status,unit,product_id) values (?,?,?,?,?,default)
Hibernate: select p1_0.product_id,p1_0.description,p1_0.manufacturer_name,p1_0.name,p1_0.status,p1_0.unit,o1_0.product_id,o1_0.order_id,o2_0.order_id,c1_0.cust_id,c1_0.address,c1_0.email,c1_0.cust_name,c1_0.phone,o2_0.employee_id,e1_0.emp_id,e1_0.address,e1_0.dob,e1_0.email,e1_0.full_name,e1_0.phone,e1_0.status,o2_0.order_date,o1_0.note,o1_0.price,o1_0.quantity from product p1_0 left join order_detail o1_0 on p1_0.product_id=o1_0.product_id left join orders o2_0 on o2_0.order_id=o1_0.order_id left join customer c1_0 on c1_0.cust_id=o2_0.cust_id left join employee e1_0 on e1_0.emp_id=o2_0.employee_id where p1_0.product_id=?
Hibernate: select p1_0.product_id,p1_0.price_date_time,p1_0.note,p1_0.price from product_price p1_0 where p1_0.product_id=?
Hibernate: select p1_0.product_id,p1_0.image_id,p1_0.alternative,p1_0.path from product_image p1_0 where p1_0.product_id=?
Hibernate: insert into product_image (alternative,path,product_id,image_id) values (?,?,?,default)
Hibernate: select p1_0.price_date_time,p1_0.product_id,p2_0.product_id,p2_0.description,p2_0.manufacturer_name,p2_0.name,p2_0.status,p2_0.unit,o1_0.product_id,o1_0.order_id,o2_0.order_id,c1_0.cust_id,c1_0.address,c1_0.email,c1_0.cust_name,c1_0.phone,o2_0.employee_id,e1_0.emp_id,e1_0.address,e1_0.dob,e1_0.email,e1_0.full_name,e1_0.phone,e1_0.status,o2_0.order_date,o1_0.note,o1_0.price,o1_0.quantity,p1_0.note,p1_0.price from product_price p1_0 join product p2_0 on p2_0.product_id=p1_0.product_id left join order_detail o1_0 on p2_0.product_id=o1_0.product_id left join orders o2_0 on o2_0.order_id=o1_0.order_id left join customer c1_0 on c1_0.cust_id=o2_0.cust_id left join employee e1_0 on e1_0.emp_id=o2_0.employee_id where (p1_0.price_date_time,p1_0.product_id) in ((?,?))
Hibernate: select p1_0.price_date_time,p1_0.product_id,p2_0.product_id,p2_0.description,p2_0.manufacturer_name,p2_0.name,p2_0.status,p2_0.unit,o1_0.product_id,o1_0.order_id,o2_0.order_id,c1_0.cust_id,c1_0.address,c1_0.email,c1_0.cust_name,c1_0.phone,o2_0.employee_id,e1_0.emp_id,e1_0.address,e1_0.dob,e1_0.email,e1_0.full_name,e1_0.phone,e1_0.status,o2_0.order_date,o1_0.note,o1_0.price,o1_0.quantity,p1_0.note,p1_0.price from product_price p1_0 join product p2_0 on p2_0.product_id=p1_0.product_id left join order_detail o1_0 on p2_0.product_id=o1_0.product_id left join orders o2_0 on o2_0.order_id=o1_0.order_id left join customer c1_0 on c1_0.cust_id=o2_0.cust_id left join employee e1_0 on e1_0.emp_id=o2_0.employee_id where (p1_0.price_date_time,p1_0.product_id) in ((?,?))
Hibernate: select p1_0.price_date_time,p1_0.product_id,p2_0.product_id,p2_0.description,p2_0.manufacturer_name,p2_0.name,p2_0.status,p2_0.unit,o1_0.product_id,o1_0.order_id,o2_0.order_id,c1_0.cust_id,c1_0.address,c1_0.email,c1_0.cust_name,c1_0.phone,o2_0.employee_id,e1_0.emp_id,e1_0.address,e1_0.dob,e1_0.email,e1_0.full_name,e1_0.phone,e1_0.status,o2_0.order_date,o1_0.note,o1_0.price,o1_0.quantity,p1_0.note,p1_0.price from product_price p1_0 join product p2_0 on p2_0.product_id=p1_0.product_id left join order_detail o1_0 on p2_0.product_id=o1_0.product_id left join orders o2_0 on o2_0.order_id=o1_0.order_id left join customer c1_0 on c1_0.cust_id=o2_0.cust_id left join employee e1_0 on e1_0.emp_id=o2_0.employee_id where (p1_0.price_date_time,p1_0.product_id) in ((?,?))
Hibernate: insert into product_price (note,price,price_date_time,product_id) values (?,?,?,?)
Hibernate: insert into product_price (note,price,price_date_time,product_id) values (?,?,?,?)
Hibernate: insert into product_price (note,price,price_date_time,product_id) values (?,?,?,?)
Hibernate: insert into product (description,manufacturer_name,name,status,unit,product_id) values (?,?,?,?,?,default)
Hibernate: select p1_0.product_id,p1_0.description,p1_0.manufacturer_name,p1_0.name,p1_0.status,p1_0.unit,o1_0.product_id,o1_0.order_id,o2_0.order_id,c1_0.cust_id,c1_0.address,c1_0.email,c1_0.cust_name,c1_0.phone,o2_0.employee_id,e1_0.emp_id,e1_0.address,e1_0.dob,e1_0.email,e1_0.full_name,e1_0.phone,e1_0.status,o2_0.order_date,o1_0.note,o1_0.price,o1_0.quantity from product p1_0 left join order_detail o1_0 on p1_0.product_id=o1_0.product_id left join orders o2_0 on o2_0.order_id=o1_0.order_id left join customer c1_0 on c1_0.cust_id=o2_0.cust_id left join employee e1_0 on e1_0.emp_id=o2_0.employee_id where p1_0.product_id=?
Hibernate: select p1_0.product_id,p1_0.price_date_time,p1_0.note,p1_0.price from product_price p1_0 where p1_0.product_id=?
Hibernate: select p1_0.product_id,p1_0.image_id,p1_0.alternative,p1_0.path from product_image p1_0 where p1_0.product_id=?
Hibernate: insert into product_image (alternative,path,product_id,image_id) values (?,?,?,default)
Hibernate: select p1_0.price_date_time,p1_0.product_id,p2_0.product_id,p2_0.description,p2_0.manufacturer_name,p2_0.name,p2_0.status,p2_0.unit,o1_0.product_id,o1_0.order_id,o2_0.order_id,c1_0.cust_id,c1_0.address,c1_0.email,c1_0.cust_name,c1_0.phone,o2_0.employee_id,e1_0.emp_id,e1_0.address,e1_0.dob,e1_0.email,e1_0.full_name,e1_0.phone,e1_0.status,o2_0.order_date,o1_0.note,o1_0.price,o1_0.quantity,p1_0.note,p1_0.price from product_price p1_0 join product p2_0 on p2_0.product_id=p1_0.product_id left join order_detail o1_0 on p2_0.product_id=o1_0.product_id left join orders o2_0 on o2_0.order_id=o1_0.order_id left join customer c1_0 on c1_0.cust_id=o2_0.cust_id left join employee e1_0 on e1_0.emp_id=o2_0.employee_id where (p1_0.price_date_time,p1_0.product_id) in ((?,?))
Hibernate: select p1_0.price_date_time,p1_0.product_id,p2_0.product_id,p2_0.description,p2_0.manufacturer_name,p2_0.name,p2_0.status,p2_0.unit,o1_0.product_id,o1_0.order_id,o2_0.order_id,c1_0.cust_id,c1_0.address,c1_0.email,c1_0.cust_name,c1_0.phone,o2_0.employee_id,e1_0.emp_id,e1_0.address,e1_0.dob,e1_0.email,e1_0.full_name,e1_0.phone,e1_0.status,o2_0.order_date,o1_0.note,o1_0.price,o1_0.quantity,p1_0.note,p1_0.price from product_price p1_0 join product p2_0 on p2_0.product_id=p1_0.product_id left join order_detail o1_0 on p2_0.product_id=o1_0.product_id left join orders o2_0 on o2_0.order_id=o1_0.order_id left join customer c1_0 on c1_0.cust_id=o2_0.cust_id left join employee e1_0 on e1_0.emp_id=o2_0.employee_id where (p1_0.price_date_time,p1_0.product_id) in ((?,?))
Hibernate: select p1_0.price_date_time,p1_0.product_id,p2_0.product_id,p2_0.description,p2_0.manufacturer_name,p2_0.name,p2_0.status,p2_0.unit,o1_0.product_id,o1_0.order_id,o2_0.order_id,c1_0.cust_id,c1_0.address,c1_0.email,c1_0.cust_name,c1_0.phone,o2_0.employee_id,e1_0.emp_id,e1_0.address,e1_0.dob,e1_0.email,e1_0.full_name,e1_0.phone,e1_0.status,o2_0.order_date,o1_0.note,o1_0.price,o1_0.quantity,p1_0.note,p1_0.price from product_price p1_0 join product p2_0 on p2_0.product_id=p1_0.product_id left join order_detail o1_0 on p2_0.product_id=o1_0.product_id left join orders o2_0 on o2_0.order_id=o1_0.order_id left join customer c1_0 on c1_0.cust_id=o2_0.cust_id left join employee e1_0 on e1_0.emp_id=o2_0.employee_id where (p1_0.price_date_time,p1_0.product_id) in ((?,?))
Hibernate: insert into product_price (note,price,price_date_time,product_id) values (?,?,?,?)
Hibernate: insert into product_price (note,price,price_date_time,product_id) values (?,?,?,?)
Hibernate: insert into product_price (note,price,price_date_time,product_id) values (?,?,?,?)
Hibernate: insert into product (description,manufacturer_name,name,status,unit,product_id) values (?,?,?,?,?,default)
Hibernate: select p1_0.product_id,p1_0.description,p1_0.manufacturer_name,p1_0.name,p1_0.status,p1_0.unit,o1_0.product_id,o1_0.order_id,o2_0.order_id,c1_0.cust_id,c1_0.address,c1_0.email,c1_0.cust_name,c1_0.phone,o2_0.employee_id,e1_0.emp_id,e1_0.address,e1_0.dob,e1_0.email,e1_0.full_name,e1_0.phone,e1_0.status,o2_0.order_date,o1_0.note,o1_0.price,o1_0.quantity from product p1_0 left join order_detail o1_0 on p1_0.product_id=o1_0.product_id left join orders o2_0 on o2_0.order_id=o1_0.order_id left join customer c1_0 on c1_0.cust_id=o2_0.cust_id left join employee e1_0 on e1_0.emp_id=o2_0.employee_id where p1_0.product_id=?
Hibernate: select p1_0.product_id,p1_0.price_date_time,p1_0.note,p1_0.price from product_price p1_0 where p1_0.product_id=?
Hibernate: select p1_0.product_id,p1_0.image_id,p1_0.alternative,p1_0.path from product_image p1_0 where p1_0.product_id=?
Hibernate: insert into product_image (alternative,path,product_id,image_id) values (?,?,?,default)
Hibernate: select p1_0.price_date_time,p1_0.product_id,p2_0.product_id,p2_0.description,p2_0.manufacturer_name,p2_0.name,p2_0.status,p2_0.unit,o1_0.product_id,o1_0.order_id,o2_0.order_id,c1_0.cust_id,c1_0.address,c1_0.email,c1_0.cust_name,c1_0.phone,o2_0.employee_id,e1_0.emp_id,e1_0.address,e1_0.dob,e1_0.email,e1_0.full_name,e1_0.phone,e1_0.status,o2_0.order_date,o1_0.note,o1_0.price,o1_0.quantity,p1_0.note,p1_0.price from product_price p1_0 join product p2_0 on p2_0.product_id=p1_0.product_id left join order_detail o1_0 on p2_0.product_id=o1_0.product_id left join orders o2_0 on o2_0.order_id=o1_0.order_id left join customer c1_0 on c1_0.cust_id=o2_0.cust_id left join employee e1_0 on e1_0.emp_id=o2_0.employee_id where (p1_0.price_date_time,p1_0.product_id) in ((?,?))
Hibernate: select p1_0.price_date_time,p1_0.product_id,p2_0.product_id,p2_0.description,p2_0.manufacturer_name,p2_0.name,p2_0.status,p2_0.unit,o1_0.product_id,o1_0.order_id,o2_0.order_id,c1_0.cust_id,c1_0.address,c1_0.email,c1_0.cust_name,c1_0.phone,o2_0.employee_id,e1_0.emp_id,e1_0.address,e1_0.dob,e1_0.email,e1_0.full_name,e1_0.phone,e1_0.status,o2_0.order_date,o1_0.note,o1_0.price,o1_0.quantity,p1_0.note,p1_0.price from product_price p1_0 join product p2_0 on p2_0.product_id=p1_0.product_id left join order_detail o1_0 on p2_0.product_id=o1_0.product_id left join orders o2_0 on o2_0.order_id=o1_0.order_id left join customer c1_0 on c1_0.cust_id=o2_0.cust_id left join employee e1_0 on e1_0.emp_id=o2_0.employee_id where (p1_0.price_date_time,p1_0.product_id) in ((?,?))
Hibernate: select p1_0.price_date_time,p1_0.product_id,p2_0.product_id,p2_0.description,p2_0.manufacturer_name,p2_0.name,p2_0.status,p2_0.unit,o1_0.product_id,o1_0.order_id,o2_0.order_id,c1_0.cust_id,c1_0.address,c1_0.email,c1_0.cust_name,c1_0.phone,o2_0.employee_id,e1_0.emp_id,e1_0.address,e1_0.dob,e1_0.email,e1_0.full_name,e1_0.phone,e1_0.status,o2_0.order_date,o1_0.note,o1_0.price,o1_0.quantity,p1_0.note,p1_0.price from product_price p1_0 join product p2_0 on p2_0.product_id=p1_0.product_id left join order_detail o1_0 on p2_0.product_id=o1_0.product_id left join orders o2_0 on o2_0.order_id=o1_0.order_id left join customer c1_0 on c1_0.cust_id=o2_0.cust_id left join employee e1_0 on e1_0.emp_id=o2_0.employee_id where (p1_0.price_date_time,p1_0.product_id) in ((?,?))
Hibernate: insert into product_price (note,price,price_date_time,product_id) values (?,?,?,?)
Hibernate: insert into product_price (note,price,price_date_time,product_id) values (?,?,?,?)
Hibernate: insert into product_price (note,price,price_date_time,product_id) values (?,?,?,?)
Hibernate: insert into product (description,manufacturer_name,name,status,unit,product_id) values (?,?,?,?,?,default)
Hibernate: select p1_0.product_id,p1_0.description,p1_0.manufacturer_name,p1_0.name,p1_0.status,p1_0.unit,o1_0.product_id,o1_0.order_id,o2_0.order_id,c1_0.cust_id,c1_0.address,c1_0.email,c1_0.cust_name,c1_0.phone,o2_0.employee_id,e1_0.emp_id,e1_0.address,e1_0.dob,e1_0.email,e1_0.full_name,e1_0.phone,e1_0.status,o2_0.order_date,o1_0.note,o1_0.price,o1_0.quantity from product p1_0 left join order_detail o1_0 on p1_0.product_id=o1_0.product_id left join orders o2_0 on o2_0.order_id=o1_0.order_id left join customer c1_0 on c1_0.cust_id=o2_0.cust_id left join employee e1_0 on e1_0.emp_id=o2_0.employee_id where p1_0.product_id=?
Hibernate: select p1_0.product_id,p1_0.price_date_time,p1_0.note,p1_0.price from product_price p1_0 where p1_0.product_id=?
Hibernate: select p1_0.product_id,p1_0.image_id,p1_0.alternative,p1_0.path from product_image p1_0 where p1_0.product_id=?
Hibernate: insert into product_image (alternative,path,product_id,image_id) values (?,?,?,default)
Hibernate: select p1_0.price_date_time,p1_0.product_id,p2_0.product_id,p2_0.description,p2_0.manufacturer_name,p2_0.name,p2_0.status,p2_0.unit,o1_0.product_id,o1_0.order_id,o2_0.order_id,c1_0.cust_id,c1_0.address,c1_0.email,c1_0.cust_name,c1_0.phone,o2_0.employee_id,e1_0.emp_id,e1_0.address,e1_0.dob,e1_0.email,e1_0.full_name,e1_0.phone,e1_0.status,o2_0.order_date,o1_0.note,o1_0.price,o1_0.quantity,p1_0.note,p1_0.price from product_price p1_0 join product p2_0 on p2_0.product_id=p1_0.product_id left join order_detail o1_0 on p2_0.product_id=o1_0.product_id left join orders o2_0 on o2_0.order_id=o1_0.order_id left join customer c1_0 on c1_0.cust_id=o2_0.cust_id left join employee e1_0 on e1_0.emp_id=o2_0.employee_id where (p1_0.price_date_time,p1_0.product_id) in ((?,?))
Hibernate: select p1_0.price_date_time,p1_0.product_id,p2_0.product_id,p2_0.description,p2_0.manufacturer_name,p2_0.name,p2_0.status,p2_0.unit,o1_0.product_id,o1_0.order_id,o2_0.order_id,c1_0.cust_id,c1_0.address,c1_0.email,c1_0.cust_name,c1_0.phone,o2_0.employee_id,e1_0.emp_id,e1_0.address,e1_0.dob,e1_0.email,e1_0.full_name,e1_0.phone,e1_0.status,o2_0.order_date,o1_0.note,o1_0.price,o1_0.quantity,p1_0.note,p1_0.price from product_price p1_0 join product p2_0 on p2_0.product_id=p1_0.product_id left join order_detail o1_0 on p2_0.product_id=o1_0.product_id left join orders o2_0 on o2_0.order_id=o1_0.order_id left join customer c1_0 on c1_0.cust_id=o2_0.cust_id left join employee e1_0 on e1_0.emp_id=o2_0.employee_id where (p1_0.price_date_time,p1_0.product_id) in ((?,?))
Hibernate: select p1_0.price_date_time,p1_0.product_id,p2_0.product_id,p2_0.description,p2_0.manufacturer_name,p2_0.name,p2_0.status,p2_0.unit,o1_0.product_id,o1_0.order_id,o2_0.order_id,c1_0.cust_id,c1_0.address,c1_0.email,c1_0.cust_name,c1_0.phone,o2_0.employee_id,e1_0.emp_id,e1_0.address,e1_0.dob,e1_0.email,e1_0.full_name,e1_0.phone,e1_0.status,o2_0.order_date,o1_0.note,o1_0.price,o1_0.quantity,p1_0.note,p1_0.price from product_price p1_0 join product p2_0 on p2_0.product_id=p1_0.product_id left join order_detail o1_0 on p2_0.product_id=o1_0.product_id left join orders o2_0 on o2_0.order_id=o1_0.order_id left join customer c1_0 on c1_0.cust_id=o2_0.cust_id left join employee e1_0 on e1_0.emp_id=o2_0.employee_id where (p1_0.price_date_time,p1_0.product_id) in ((?,?))
Hibernate: insert into product_price (note,price,price_date_time,product_id) values (?,?,?,?)
Hibernate: insert into product_price (note,price,price_date_time,product_id) values (?,?,?,?)
Hibernate: insert into product_price (note,price,price_date_time,product_id) values (?,?,?,?)
Hibernate: insert into product (description,manufacturer_name,name,status,unit,product_id) values (?,?,?,?,?,default)
Hibernate: select p1_0.product_id,p1_0.description,p1_0.manufacturer_name,p1_0.name,p1_0.status,p1_0.unit,o1_0.product_id,o1_0.order_id,o2_0.order_id,c1_0.cust_id,c1_0.address,c1_0.email,c1_0.cust_name,c1_0.phone,o2_0.employee_id,e1_0.emp_id,e1_0.address,e1_0.dob,e1_0.email,e1_0.full_name,e1_0.phone,e1_0.status,o2_0.order_date,o1_0.note,o1_0.price,o1_0.quantity from product p1_0 left join order_detail o1_0 on p1_0.product_id=o1_0.product_id left join orders o2_0 on o2_0.order_id=o1_0.order_id left join customer c1_0 on c1_0.cust_id=o2_0.cust_id left join employee e1_0 on e1_0.emp_id=o2_0.employee_id where p1_0.product_id=?
Hibernate: select p1_0.product_id,p1_0.price_date_time,p1_0.note,p1_0.price from product_price p1_0 where p1_0.product_id=?
Hibernate: select p1_0.product_id,p1_0.image_id,p1_0.alternative,p1_0.path from product_image p1_0 where p1_0.product_id=?
Hibernate: insert into product_image (alternative,path,product_id,image_id) values (?,?,?,default)
Hibernate: select p1_0.price_date_time,p1_0.product_id,p2_0.product_id,p2_0.description,p2_0.manufacturer_name,p2_0.name,p2_0.status,p2_0.unit,o1_0.product_id,o1_0.order_id,o2_0.order_id,c1_0.cust_id,c1_0.address,c1_0.email,c1_0.cust_name,c1_0.phone,o2_0.employee_id,e1_0.emp_id,e1_0.address,e1_0.dob,e1_0.email,e1_0.full_name,e1_0.phone,e1_0.status,o2_0.order_date,o1_0.note,o1_0.price,o1_0.quantity,p1_0.note,p1_0.price from product_price p1_0 join product p2_0 on p2_0.product_id=p1_0.product_id left join order_detail o1_0 on p2_0.product_id=o1_0.product_id left join orders o2_0 on o2_0.order_id=o1_0.order_id left join customer c1_0 on c1_0.cust_id=o2_0.cust_id left join employee e1_0 on e1_0.emp_id=o2_0.employee_id where (p1_0.price_date_time,p1_0.product_id) in ((?,?))
Hibernate: select p1_0.price_date_time,p1_0.product_id,p2_0.product_id,p2_0.description,p2_0.manufacturer_name,p2_0.name,p2_0.status,p2_0.unit,o1_0.product_id,o1_0.order_id,o2_0.order_id,c1_0.cust_id,c1_0.address,c1_0.email,c1_0.cust_name,c1_0.phone,o2_0.employee_id,e1_0.emp_id,e1_0.address,e1_0.dob,e1_0.email,e1_0.full_name,e1_0.phone,e1_0.status,o2_0.order_date,o1_0.note,o1_0.price,o1_0.quantity,p1_0.note,p1_0.price from product_price p1_0 join product p2_0 on p2_0.product_id=p1_0.product_id left join order_detail o1_0 on p2_0.product_id=o1_0.product_id left join orders o2_0 on o2_0.order_id=o1_0.order_id left join customer c1_0 on c1_0.cust_id=o2_0.cust_id left join employee e1_0 on e1_0.emp_id=o2_0.employee_id where (p1_0.price_date_time,p1_0.product_id) in ((?,?))
Hibernate: select p1_0.price_date_time,p1_0.product_id,p2_0.product_id,p2_0.description,p2_0.manufacturer_name,p2_0.name,p2_0.status,p2_0.unit,o1_0.product_id,o1_0.order_id,o2_0.order_id,c1_0.cust_id,c1_0.address,c1_0.email,c1_0.cust_name,c1_0.phone,o2_0.employee_id,e1_0.emp_id,e1_0.address,e1_0.dob,e1_0.email,e1_0.full_name,e1_0.phone,e1_0.status,o2_0.order_date,o1_0.note,o1_0.price,o1_0.quantity,p1_0.note,p1_0.price from product_price p1_0 join product p2_0 on p2_0.product_id=p1_0.product_id left join order_detail o1_0 on p2_0.product_id=o1_0.product_id left join orders o2_0 on o2_0.order_id=o1_0.order_id left join customer c1_0 on c1_0.cust_id=o2_0.cust_id left join employee e1_0 on e1_0.emp_id=o2_0.employee_id where (p1_0.price_date_time,p1_0.product_id) in ((?,?))
Hibernate: insert into product_price (note,price,price_date_time,product_id) values (?,?,?,?)
Hibernate: insert into product_price (note,price,price_date_time,product_id) values (?,?,?,?)
Hibernate: insert into product_price (note,price,price_date_time,product_id) values (?,?,?,?)
Hibernate: insert into product (description,manufacturer_name,name,status,unit,product_id) values (?,?,?,?,?,default)
Hibernate: select p1_0.product_id,p1_0.description,p1_0.manufacturer_name,p1_0.name,p1_0.status,p1_0.unit,o1_0.product_id,o1_0.order_id,o2_0.order_id,c1_0.cust_id,c1_0.address,c1_0.email,c1_0.cust_name,c1_0.phone,o2_0.employee_id,e1_0.emp_id,e1_0.address,e1_0.dob,e1_0.email,e1_0.full_name,e1_0.phone,e1_0.status,o2_0.order_date,o1_0.note,o1_0.price,o1_0.quantity from product p1_0 left join order_detail o1_0 on p1_0.product_id=o1_0.product_id left join orders o2_0 on o2_0.order_id=o1_0.order_id left join customer c1_0 on c1_0.cust_id=o2_0.cust_id left join employee e1_0 on e1_0.emp_id=o2_0.employee_id where p1_0.product_id=?
Hibernate: select p1_0.product_id,p1_0.price_date_time,p1_0.note,p1_0.price from product_price p1_0 where p1_0.product_id=?
Hibernate: select p1_0.product_id,p1_0.image_id,p1_0.alternative,p1_0.path from product_image p1_0 where p1_0.product_id=?
Hibernate: insert into product_image (alternative,path,product_id,image_id) values (?,?,?,default)
Hibernate: select p1_0.price_date_time,p1_0.product_id,p2_0.product_id,p2_0.description,p2_0.manufacturer_name,p2_0.name,p2_0.status,p2_0.unit,o1_0.product_id,o1_0.order_id,o2_0.order_id,c1_0.cust_id,c1_0.address,c1_0.email,c1_0.cust_name,c1_0.phone,o2_0.employee_id,e1_0.emp_id,e1_0.address,e1_0.dob,e1_0.email,e1_0.full_name,e1_0.phone,e1_0.status,o2_0.order_date,o1_0.note,o1_0.price,o1_0.quantity,p1_0.note,p1_0.price from product_price p1_0 join product p2_0 on p2_0.product_id=p1_0.product_id left join order_detail o1_0 on p2_0.product_id=o1_0.product_id left join orders o2_0 on o2_0.order_id=o1_0.order_id left join customer c1_0 on c1_0.cust_id=o2_0.cust_id left join employee e1_0 on e1_0.emp_id=o2_0.employee_id where (p1_0.price_date_time,p1_0.product_id) in ((?,?))
Hibernate: select p1_0.price_date_time,p1_0.product_id,p2_0.product_id,p2_0.description,p2_0.manufacturer_name,p2_0.name,p2_0.status,p2_0.unit,o1_0.product_id,o1_0.order_id,o2_0.order_id,c1_0.cust_id,c1_0.address,c1_0.email,c1_0.cust_name,c1_0.phone,o2_0.employee_id,e1_0.emp_id,e1_0.address,e1_0.dob,e1_0.email,e1_0.full_name,e1_0.phone,e1_0.status,o2_0.order_date,o1_0.note,o1_0.price,o1_0.quantity,p1_0.note,p1_0.price from product_price p1_0 join product p2_0 on p2_0.product_id=p1_0.product_id left join order_detail o1_0 on p2_0.product_id=o1_0.product_id left join orders o2_0 on o2_0.order_id=o1_0.order_id left join customer c1_0 on c1_0.cust_id=o2_0.cust_id left join employee e1_0 on e1_0.emp_id=o2_0.employee_id where (p1_0.price_date_time,p1_0.product_id) in ((?,?))
Hibernate: select p1_0.price_date_time,p1_0.product_id,p2_0.product_id,p2_0.description,p2_0.manufacturer_name,p2_0.name,p2_0.status,p2_0.unit,o1_0.product_id,o1_0.order_id,o2_0.order_id,c1_0.cust_id,c1_0.address,c1_0.email,c1_0.cust_name,c1_0.phone,o2_0.employee_id,e1_0.emp_id,e1_0.address,e1_0.dob,e1_0.email,e1_0.full_name,e1_0.phone,e1_0.status,o2_0.order_date,o1_0.note,o1_0.price,o1_0.quantity,p1_0.note,p1_0.price from product_price p1_0 join product p2_0 on p2_0.product_id=p1_0.product_id left join order_detail o1_0 on p2_0.product_id=o1_0.product_id left join orders o2_0 on o2_0.order_id=o1_0.order_id left join customer c1_0 on c1_0.cust_id=o2_0.cust_id left join employee e1_0 on e1_0.emp_id=o2_0.employee_id where (p1_0.price_date_time,p1_0.product_id) in ((?,?))
Hibernate: insert into product_price (note,price,price_date_time,product_id) values (?,?,?,?)
Hibernate: insert into product_price (note,price,price_date_time,product_id) values (?,?,?,?)
Hibernate: insert into product_price (note,price,price_date_time,product_id) values (?,?,?,?)
Hibernate: insert into product (description,manufacturer_name,name,status,unit,product_id) values (?,?,?,?,?,default)
Hibernate: select p1_0.product_id,p1_0.description,p1_0.manufacturer_name,p1_0.name,p1_0.status,p1_0.unit,o1_0.product_id,o1_0.order_id,o2_0.order_id,c1_0.cust_id,c1_0.address,c1_0.email,c1_0.cust_name,c1_0.phone,o2_0.employee_id,e1_0.emp_id,e1_0.address,e1_0.dob,e1_0.email,e1_0.full_name,e1_0.phone,e1_0.status,o2_0.order_date,o1_0.note,o1_0.price,o1_0.quantity from product p1_0 left join order_detail o1_0 on p1_0.product_id=o1_0.product_id left join orders o2_0 on o2_0.order_id=o1_0.order_id left join customer c1_0 on c1_0.cust_id=o2_0.cust_id left join employee e1_0 on e1_0.emp_id=o2_0.employee_id where p1_0.product_id=?
Hibernate: select p1_0.product_id,p1_0.price_date_time,p1_0.note,p1_0.price from product_price p1_0 where p1_0.product_id=?
Hibernate: select p1_0.product_id,p1_0.image_id,p1_0.alternative,p1_0.path from product_image p1_0 where p1_0.product_id=?
Hibernate: insert into product_image (alternative,path,product_id,image_id) values (?,?,?,default)
Hibernate: select p1_0.price_date_time,p1_0.product_id,p2_0.product_id,p2_0.description,p2_0.manufacturer_name,p2_0.name,p2_0.status,p2_0.unit,o1_0.product_id,o1_0.order_id,o2_0.order_id,c1_0.cust_id,c1_0.address,c1_0.email,c1_0.cust_name,c1_0.phone,o2_0.employee_id,e1_0.emp_id,e1_0.address,e1_0.dob,e1_0.email,e1_0.full_name,e1_0.phone,e1_0.status,o2_0.order_date,o1_0.note,o1_0.price,o1_0.quantity,p1_0.note,p1_0.price from product_price p1_0 join product p2_0 on p2_0.product_id=p1_0.product_id left join order_detail o1_0 on p2_0.product_id=o1_0.product_id left join orders o2_0 on o2_0.order_id=o1_0.order_id left join customer c1_0 on c1_0.cust_id=o2_0.cust_id left join employee e1_0 on e1_0.emp_id=o2_0.employee_id where (p1_0.price_date_time,p1_0.product_id) in ((?,?))
Hibernate: select p1_0.price_date_time,p1_0.product_id,p2_0.product_id,p2_0.description,p2_0.manufacturer_name,p2_0.name,p2_0.status,p2_0.unit,o1_0.product_id,o1_0.order_id,o2_0.order_id,c1_0.cust_id,c1_0.address,c1_0.email,c1_0.cust_name,c1_0.phone,o2_0.employee_id,e1_0.emp_id,e1_0.address,e1_0.dob,e1_0.email,e1_0.full_name,e1_0.phone,e1_0.status,o2_0.order_date,o1_0.note,o1_0.price,o1_0.quantity,p1_0.note,p1_0.price from product_price p1_0 join product p2_0 on p2_0.product_id=p1_0.product_id left join order_detail o1_0 on p2_0.product_id=o1_0.product_id left join orders o2_0 on o2_0.order_id=o1_0.order_id left join customer c1_0 on c1_0.cust_id=o2_0.cust_id left join employee e1_0 on e1_0.emp_id=o2_0.employee_id where (p1_0.price_date_time,p1_0.product_id) in ((?,?))
Hibernate: select p1_0.price_date_time,p1_0.product_id,p2_0.product_id,p2_0.description,p2_0.manufacturer_name,p2_0.name,p2_0.status,p2_0.unit,o1_0.product_id,o1_0.order_id,o2_0.order_id,c1_0.cust_id,c1_0.address,c1_0.email,c1_0.cust_name,c1_0.phone,o2_0.employee_id,e1_0.emp_id,e1_0.address,e1_0.dob,e1_0.email,e1_0.full_name,e1_0.phone,e1_0.status,o2_0.order_date,o1_0.note,o1_0.price,o1_0.quantity,p1_0.note,p1_0.price from product_price p1_0 join product p2_0 on p2_0.product_id=p1_0.product_id left join order_detail o1_0 on p2_0.product_id=o1_0.product_id left join orders o2_0 on o2_0.order_id=o1_0.order_id left join customer c1_0 on c1_0.cust_id=o2_0.cust_id left join employee e1_0 on e1_0.emp_id=o2_0.employee_id where (p1_0.price_date_time,p1_0.product_id) in ((?,?))
Hibernate: insert into product_price (note,price,price_date_time,product_id) values (?,?,?,?)
Hibernate: insert into product_price (note,price,price_date_time,product_id) values (?,?,?,?)
Hibernate: insert into product_price (note,price,price_date_time,product_id) values (?,?,?,?)
Hibernate: insert into product (description,manufacturer_name,name,status,unit,product_id) values (?,?,?,?,?,default)
Hibernate: select p1_0.product_id,p1_0.description,p1_0.manufacturer_name,p1_0.name,p1_0.status,p1_0.unit,o1_0.product_id,o1_0.order_id,o2_0.order_id,c1_0.cust_id,c1_0.address,c1_0.email,c1_0.cust_name,c1_0.phone,o2_0.employee_id,e1_0.emp_id,e1_0.address,e1_0.dob,e1_0.email,e1_0.full_name,e1_0.phone,e1_0.status,o2_0.order_date,o1_0.note,o1_0.price,o1_0.quantity from product p1_0 left join order_detail o1_0 on p1_0.product_id=o1_0.product_id left join orders o2_0 on o2_0.order_id=o1_0.order_id left join customer c1_0 on c1_0.cust_id=o2_0.cust_id left join employee e1_0 on e1_0.emp_id=o2_0.employee_id where p1_0.product_id=?
Hibernate: select p1_0.product_id,p1_0.price_date_time,p1_0.note,p1_0.price from product_price p1_0 where p1_0.product_id=?
Hibernate: select p1_0.product_id,p1_0.image_id,p1_0.alternative,p1_0.path from product_image p1_0 where p1_0.product_id=?
Hibernate: insert into product_image (alternative,path,product_id,image_id) values (?,?,?,default)
Hibernate: select p1_0.price_date_time,p1_0.product_id,p2_0.product_id,p2_0.description,p2_0.manufacturer_name,p2_0.name,p2_0.status,p2_0.unit,o1_0.product_id,o1_0.order_id,o2_0.order_id,c1_0.cust_id,c1_0.address,c1_0.email,c1_0.cust_name,c1_0.phone,o2_0.employee_id,e1_0.emp_id,e1_0.address,e1_0.dob,e1_0.email,e1_0.full_name,e1_0.phone,e1_0.status,o2_0.order_date,o1_0.note,o1_0.price,o1_0.quantity,p1_0.note,p1_0.price from product_price p1_0 join product p2_0 on p2_0.product_id=p1_0.product_id left join order_detail o1_0 on p2_0.product_id=o1_0.product_id left join orders o2_0 on o2_0.order_id=o1_0.order_id left join customer c1_0 on c1_0.cust_id=o2_0.cust_id left join employee e1_0 on e1_0.emp_id=o2_0.employee_id where (p1_0.price_date_time,p1_0.product_id) in ((?,?))
Hibernate: select p1_0.price_date_time,p1_0.product_id,p2_0.product_id,p2_0.description,p2_0.manufacturer_name,p2_0.name,p2_0.status,p2_0.unit,o1_0.product_id,o1_0.order_id,o2_0.order_id,c1_0.cust_id,c1_0.address,c1_0.email,c1_0.cust_name,c1_0.phone,o2_0.employee_id,e1_0.emp_id,e1_0.address,e1_0.dob,e1_0.email,e1_0.full_name,e1_0.phone,e1_0.status,o2_0.order_date,o1_0.note,o1_0.price,o1_0.quantity,p1_0.note,p1_0.price from product_price p1_0 join product p2_0 on p2_0.product_id=p1_0.product_id left join order_detail o1_0 on p2_0.product_id=o1_0.product_id left join orders o2_0 on o2_0.order_id=o1_0.order_id left join customer c1_0 on c1_0.cust_id=o2_0.cust_id left join employee e1_0 on e1_0.emp_id=o2_0.employee_id where (p1_0.price_date_time,p1_0.product_id) in ((?,?))
Hibernate: select p1_0.price_date_time,p1_0.product_id,p2_0.product_id,p2_0.description,p2_0.manufacturer_name,p2_0.name,p2_0.status,p2_0.unit,o1_0.product_id,o1_0.order_id,o2_0.order_id,c1_0.cust_id,c1_0.address,c1_0.email,c1_0.cust_name,c1_0.phone,o2_0.employee_id,e1_0.emp_id,e1_0.address,e1_0.dob,e1_0.email,e1_0.full_name,e1_0.phone,e1_0.status,o2_0.order_date,o1_0.note,o1_0.price,o1_0.quantity,p1_0.note,p1_0.price from product_price p1_0 join product p2_0 on p2_0.product_id=p1_0.product_id left join order_detail o1_0 on p2_0.product_id=o1_0.product_id left join orders o2_0 on o2_0.order_id=o1_0.order_id left join customer c1_0 on c1_0.cust_id=o2_0.cust_id left join employee e1_0 on e1_0.emp_id=o2_0.employee_id where (p1_0.price_date_time,p1_0.product_id) in ((?,?))
Hibernate: insert into product_price (note,price,price_date_time,product_id) values (?,?,?,?)
Hibernate: insert into product_price (note,price,price_date_time,product_id) values (?,?,?,?)
Hibernate: insert into product_price (note,price,price_date_time,product_id) values (?,?,?,?)
Hibernate: insert into product (description,manufacturer_name,name,status,unit,product_id) values (?,?,?,?,?,default)
Hibernate: select p1_0.product_id,p1_0.description,p1_0.manufacturer_name,p1_0.name,p1_0.status,p1_0.unit,o1_0.product_id,o1_0.order_id,o2_0.order_id,c1_0.cust_id,c1_0.address,c1_0.email,c1_0.cust_name,c1_0.phone,o2_0.employee_id,e1_0.emp_id,e1_0.address,e1_0.dob,e1_0.email,e1_0.full_name,e1_0.phone,e1_0.status,o2_0.order_date,o1_0.note,o1_0.price,o1_0.quantity from product p1_0 left join order_detail o1_0 on p1_0.product_id=o1_0.product_id left join orders o2_0 on o2_0.order_id=o1_0.order_id left join customer c1_0 on c1_0.cust_id=o2_0.cust_id left join employee e1_0 on e1_0.emp_id=o2_0.employee_id where p1_0.product_id=?
Hibernate: select p1_0.product_id,p1_0.price_date_time,p1_0.note,p1_0.price from product_price p1_0 where p1_0.product_id=?
Hibernate: select p1_0.product_id,p1_0.image_id,p1_0.alternative,p1_0.path from product_image p1_0 where p1_0.product_id=?
Hibernate: insert into product_image (alternative,path,product_id,image_id) values (?,?,?,default)
Hibernate: select p1_0.price_date_time,p1_0.product_id,p2_0.product_id,p2_0.description,p2_0.manufacturer_name,p2_0.name,p2_0.status,p2_0.unit,o1_0.product_id,o1_0.order_id,o2_0.order_id,c1_0.cust_id,c1_0.address,c1_0.email,c1_0.cust_name,c1_0.phone,o2_0.employee_id,e1_0.emp_id,e1_0.address,e1_0.dob,e1_0.email,e1_0.full_name,e1_0.phone,e1_0.status,o2_0.order_date,o1_0.note,o1_0.price,o1_0.quantity,p1_0.note,p1_0.price from product_price p1_0 join product p2_0 on p2_0.product_id=p1_0.product_id left join order_detail o1_0 on p2_0.product_id=o1_0.product_id left join orders o2_0 on o2_0.order_id=o1_0.order_id left join customer c1_0 on c1_0.cust_id=o2_0.cust_id left join employee e1_0 on e1_0.emp_id=o2_0.employee_id where (p1_0.price_date_time,p1_0.product_id) in ((?,?))
Hibernate: select p1_0.price_date_time,p1_0.product_id,p2_0.product_id,p2_0.description,p2_0.manufacturer_name,p2_0.name,p2_0.status,p2_0.unit,o1_0.product_id,o1_0.order_id,o2_0.order_id,c1_0.cust_id,c1_0.address,c1_0.email,c1_0.cust_name,c1_0.phone,o2_0.employee_id,e1_0.emp_id,e1_0.address,e1_0.dob,e1_0.email,e1_0.full_name,e1_0.phone,e1_0.status,o2_0.order_date,o1_0.note,o1_0.price,o1_0.quantity,p1_0.note,p1_0.price from product_price p1_0 join product p2_0 on p2_0.product_id=p1_0.product_id left join order_detail o1_0 on p2_0.product_id=o1_0.product_id left join orders o2_0 on o2_0.order_id=o1_0.order_id left join customer c1_0 on c1_0.cust_id=o2_0.cust_id left join employee e1_0 on e1_0.emp_id=o2_0.employee_id where (p1_0.price_date_time,p1_0.product_id) in ((?,?))
Hibernate: select p1_0.price_date_time,p1_0.product_id,p2_0.product_id,p2_0.description,p2_0.manufacturer_name,p2_0.name,p2_0.status,p2_0.unit,o1_0.product_id,o1_0.order_id,o2_0.order_id,c1_0.cust_id,c1_0.address,c1_0.email,c1_0.cust_name,c1_0.phone,o2_0.employee_id,e1_0.emp_id,e1_0.address,e1_0.dob,e1_0.email,e1_0.full_name,e1_0.phone,e1_0.status,o2_0.order_date,o1_0.note,o1_0.price,o1_0.quantity,p1_0.note,p1_0.price from product_price p1_0 join product p2_0 on p2_0.product_id=p1_0.product_id left join order_detail o1_0 on p2_0.product_id=o1_0.product_id left join orders o2_0 on o2_0.order_id=o1_0.order_id left join customer c1_0 on c1_0.cust_id=o2_0.cust_id left join employee e1_0 on e1_0.emp_id=o2_0.employee_id where (p1_0.price_date_time,p1_0.product_id) in ((?,?))
Hibernate: insert into product_price (note,price,price_date_time,product_id) values (?,?,?,?)
Hibernate: insert into product_price (note,price,price_date_time,product_id) values (?,?,?,?)
Hibernate: insert into product_price (note,price,price_date_time,product_id) values (?,?,?,?)
Hibernate: insert into product (description,manufacturer_name,name,status,unit,product_id) values (?,?,?,?,?,default)
Hibernate: select p1_0.product_id,p1_0.description,p1_0.manufacturer_name,p1_0.name,p1_0.status,p1_0.unit,o1_0.product_id,o1_0.order_id,o2_0.order_id,c1_0.cust_id,c1_0.address,c1_0.email,c1_0.cust_name,c1_0.phone,o2_0.employee_id,e1_0.emp_id,e1_0.address,e1_0.dob,e1_0.email,e1_0.full_name,e1_0.phone,e1_0.status,o2_0.order_date,o1_0.note,o1_0.price,o1_0.quantity from product p1_0 left join order_detail o1_0 on p1_0.product_id=o1_0.product_id left join orders o2_0 on o2_0.order_id=o1_0.order_id left join customer c1_0 on c1_0.cust_id=o2_0.cust_id left join employee e1_0 on e1_0.emp_id=o2_0.employee_id where p1_0.product_id=?
Hibernate: select p1_0.product_id,p1_0.price_date_time,p1_0.note,p1_0.price from product_price p1_0 where p1_0.product_id=?
Hibernate: select p1_0.product_id,p1_0.image_id,p1_0.alternative,p1_0.path from product_image p1_0 where p1_0.product_id=?
Hibernate: insert into product_image (alternative,path,product_id,image_id) values (?,?,?,default)
Hibernate: select p1_0.price_date_time,p1_0.product_id,p2_0.product_id,p2_0.description,p2_0.manufacturer_name,p2_0.name,p2_0.status,p2_0.unit,o1_0.product_id,o1_0.order_id,o2_0.order_id,c1_0.cust_id,c1_0.address,c1_0.email,c1_0.cust_name,c1_0.phone,o2_0.employee_id,e1_0.emp_id,e1_0.address,e1_0.dob,e1_0.email,e1_0.full_name,e1_0.phone,e1_0.status,o2_0.order_date,o1_0.note,o1_0.price,o1_0.quantity,p1_0.note,p1_0.price from product_price p1_0 join product p2_0 on p2_0.product_id=p1_0.product_id left join order_detail o1_0 on p2_0.product_id=o1_0.product_id left join orders o2_0 on o2_0.order_id=o1_0.order_id left join customer c1_0 on c1_0.cust_id=o2_0.cust_id left join employee e1_0 on e1_0.emp_id=o2_0.employee_id where (p1_0.price_date_time,p1_0.product_id) in ((?,?))
Hibernate: select p1_0.price_date_time,p1_0.product_id,p2_0.product_id,p2_0.description,p2_0.manufacturer_name,p2_0.name,p2_0.status,p2_0.unit,o1_0.product_id,o1_0.order_id,o2_0.order_id,c1_0.cust_id,c1_0.address,c1_0.email,c1_0.cust_name,c1_0.phone,o2_0.employee_id,e1_0.emp_id,e1_0.address,e1_0.dob,e1_0.email,e1_0.full_name,e1_0.phone,e1_0.status,o2_0.order_date,o1_0.note,o1_0.price,o1_0.quantity,p1_0.note,p1_0.price from product_price p1_0 join product p2_0 on p2_0.product_id=p1_0.product_id left join order_detail o1_0 on p2_0.product_id=o1_0.product_id left join orders o2_0 on o2_0.order_id=o1_0.order_id left join customer c1_0 on c1_0.cust_id=o2_0.cust_id left join employee e1_0 on e1_0.emp_id=o2_0.employee_id where (p1_0.price_date_time,p1_0.product_id) in ((?,?))
Hibernate: select p1_0.price_date_time,p1_0.product_id,p2_0.product_id,p2_0.description,p2_0.manufacturer_name,p2_0.name,p2_0.status,p2_0.unit,o1_0.product_id,o1_0.order_id,o2_0.order_id,c1_0.cust_id,c1_0.address,c1_0.email,c1_0.cust_name,c1_0.phone,o2_0.employee_id,e1_0.emp_id,e1_0.address,e1_0.dob,e1_0.email,e1_0.full_name,e1_0.phone,e1_0.status,o2_0.order_date,o1_0.note,o1_0.price,o1_0.quantity,p1_0.note,p1_0.price from product_price p1_0 join product p2_0 on p2_0.product_id=p1_0.product_id left join order_detail o1_0 on p2_0.product_id=o1_0.product_id left join orders o2_0 on o2_0.order_id=o1_0.order_id left join customer c1_0 on c1_0.cust_id=o2_0.cust_id left join employee e1_0 on e1_0.emp_id=o2_0.employee_id where (p1_0.price_date_time,p1_0.product_id) in ((?,?))
Hibernate: insert into product_price (note,price,price_date_time,product_id) values (?,?,?,?)
Hibernate: insert into product_price (note,price,price_date_time,product_id) values (?,?,?,?)
Hibernate: insert into product_price (note,price,price_date_time,product_id) values (?,?,?,?)
Hibernate: insert into product (description,manufacturer_name,name,status,unit,product_id) values (?,?,?,?,?,default)
Hibernate: select p1_0.product_id,p1_0.description,p1_0.manufacturer_name,p1_0.name,p1_0.status,p1_0.unit,o1_0.product_id,o1_0.order_id,o2_0.order_id,c1_0.cust_id,c1_0.address,c1_0.email,c1_0.cust_name,c1_0.phone,o2_0.employee_id,e1_0.emp_id,e1_0.address,e1_0.dob,e1_0.email,e1_0.full_name,e1_0.phone,e1_0.status,o2_0.order_date,o1_0.note,o1_0.price,o1_0.quantity from product p1_0 left join order_detail o1_0 on p1_0.product_id=o1_0.product_id left join orders o2_0 on o2_0.order_id=o1_0.order_id left join customer c1_0 on c1_0.cust_id=o2_0.cust_id left join employee e1_0 on e1_0.emp_id=o2_0.employee_id where p1_0.product_id=?
Hibernate: select p1_0.product_id,p1_0.price_date_time,p1_0.note,p1_0.price from product_price p1_0 where p1_0.product_id=?
Hibernate: select p1_0.product_id,p1_0.image_id,p1_0.alternative,p1_0.path from product_image p1_0 where p1_0.product_id=?
Hibernate: insert into product_image (alternative,path,product_id,image_id) values (?,?,?,default)
Hibernate: select p1_0.price_date_time,p1_0.product_id,p2_0.product_id,p2_0.description,p2_0.manufacturer_name,p2_0.name,p2_0.status,p2_0.unit,o1_0.product_id,o1_0.order_id,o2_0.order_id,c1_0.cust_id,c1_0.address,c1_0.email,c1_0.cust_name,c1_0.phone,o2_0.employee_id,e1_0.emp_id,e1_0.address,e1_0.dob,e1_0.email,e1_0.full_name,e1_0.phone,e1_0.status,o2_0.order_date,o1_0.note,o1_0.price,o1_0.quantity,p1_0.note,p1_0.price from product_price p1_0 join product p2_0 on p2_0.product_id=p1_0.product_id left join order_detail o1_0 on p2_0.product_id=o1_0.product_id left join orders o2_0 on o2_0.order_id=o1_0.order_id left join customer c1_0 on c1_0.cust_id=o2_0.cust_id left join employee e1_0 on e1_0.emp_id=o2_0.employee_id where (p1_0.price_date_time,p1_0.product_id) in ((?,?))
Hibernate: select p1_0.price_date_time,p1_0.product_id,p2_0.product_id,p2_0.description,p2_0.manufacturer_name,p2_0.name,p2_0.status,p2_0.unit,o1_0.product_id,o1_0.order_id,o2_0.order_id,c1_0.cust_id,c1_0.address,c1_0.email,c1_0.cust_name,c1_0.phone,o2_0.employee_id,e1_0.emp_id,e1_0.address,e1_0.dob,e1_0.email,e1_0.full_name,e1_0.phone,e1_0.status,o2_0.order_date,o1_0.note,o1_0.price,o1_0.quantity,p1_0.note,p1_0.price from product_price p1_0 join product p2_0 on p2_0.product_id=p1_0.product_id left join order_detail o1_0 on p2_0.product_id=o1_0.product_id left join orders o2_0 on o2_0.order_id=o1_0.order_id left join customer c1_0 on c1_0.cust_id=o2_0.cust_id left join employee e1_0 on e1_0.emp_id=o2_0.employee_id where (p1_0.price_date_time,p1_0.product_id) in ((?,?))
Hibernate: select p1_0.price_date_time,p1_0.product_id,p2_0.product_id,p2_0.description,p2_0.manufacturer_name,p2_0.name,p2_0.status,p2_0.unit,o1_0.product_id,o1_0.order_id,o2_0.order_id,c1_0.cust_id,c1_0.address,c1_0.email,c1_0.cust_name,c1_0.phone,o2_0.employee_id,e1_0.emp_id,e1_0.address,e1_0.dob,e1_0.email,e1_0.full_name,e1_0.phone,e1_0.status,o2_0.order_date,o1_0.note,o1_0.price,o1_0.quantity,p1_0.note,p1_0.price from product_price p1_0 join product p2_0 on p2_0.product_id=p1_0.product_id left join order_detail o1_0 on p2_0.product_id=o1_0.product_id left join orders o2_0 on o2_0.order_id=o1_0.order_id left join customer c1_0 on c1_0.cust_id=o2_0.cust_id left join employee e1_0 on e1_0.emp_id=o2_0.employee_id where (p1_0.price_date_time,p1_0.product_id) in ((?,?))
Hibernate: insert into product_price (note,price,price_date_time,product_id) values (?,?,?,?)
Hibernate: insert into product_price (note,price,price_date_time,product_id) values (?,?,?,?)
Hibernate: insert into product_price (note,price,price_date_time,product_id) values (?,?,?,?)
Hibernate: insert into product (description,manufacturer_name,name,status,unit,product_id) values (?,?,?,?,?,default)
Hibernate: select p1_0.product_id,p1_0.description,p1_0.manufacturer_name,p1_0.name,p1_0.status,p1_0.unit,o1_0.product_id,o1_0.order_id,o2_0.order_id,c1_0.cust_id,c1_0.address,c1_0.email,c1_0.cust_name,c1_0.phone,o2_0.employee_id,e1_0.emp_id,e1_0.address,e1_0.dob,e1_0.email,e1_0.full_name,e1_0.phone,e1_0.status,o2_0.order_date,o1_0.note,o1_0.price,o1_0.quantity from product p1_0 left join order_detail o1_0 on p1_0.product_id=o1_0.product_id left join orders o2_0 on o2_0.order_id=o1_0.order_id left join customer c1_0 on c1_0.cust_id=o2_0.cust_id left join employee e1_0 on e1_0.emp_id=o2_0.employee_id where p1_0.product_id=?
Hibernate: select p1_0.product_id,p1_0.price_date_time,p1_0.note,p1_0.price from product_price p1_0 where p1_0.product_id=?
Hibernate: select p1_0.product_id,p1_0.image_id,p1_0.alternative,p1_0.path from product_image p1_0 where p1_0.product_id=?
Hibernate: insert into product_image (alternative,path,product_id,image_id) values (?,?,?,default)
Hibernate: select p1_0.price_date_time,p1_0.product_id,p2_0.product_id,p2_0.description,p2_0.manufacturer_name,p2_0.name,p2_0.status,p2_0.unit,o1_0.product_id,o1_0.order_id,o2_0.order_id,c1_0.cust_id,c1_0.address,c1_0.email,c1_0.cust_name,c1_0.phone,o2_0.employee_id,e1_0.emp_id,e1_0.address,e1_0.dob,e1_0.email,e1_0.full_name,e1_0.phone,e1_0.status,o2_0.order_date,o1_0.note,o1_0.price,o1_0.quantity,p1_0.note,p1_0.price from product_price p1_0 join product p2_0 on p2_0.product_id=p1_0.product_id left join order_detail o1_0 on p2_0.product_id=o1_0.product_id left join orders o2_0 on o2_0.order_id=o1_0.order_id left join customer c1_0 on c1_0.cust_id=o2_0.cust_id left join employee e1_0 on e1_0.emp_id=o2_0.employee_id where (p1_0.price_date_time,p1_0.product_id) in ((?,?))
Hibernate: select p1_0.price_date_time,p1_0.product_id,p2_0.product_id,p2_0.description,p2_0.manufacturer_name,p2_0.name,p2_0.status,p2_0.unit,o1_0.product_id,o1_0.order_id,o2_0.order_id,c1_0.cust_id,c1_0.address,c1_0.email,c1_0.cust_name,c1_0.phone,o2_0.employee_id,e1_0.emp_id,e1_0.address,e1_0.dob,e1_0.email,e1_0.full_name,e1_0.phone,e1_0.status,o2_0.order_date,o1_0.note,o1_0.price,o1_0.quantity,p1_0.note,p1_0.price from product_price p1_0 join product p2_0 on p2_0.product_id=p1_0.product_id left join order_detail o1_0 on p2_0.product_id=o1_0.product_id left join orders o2_0 on o2_0.order_id=o1_0.order_id left join customer c1_0 on c1_0.cust_id=o2_0.cust_id left join employee e1_0 on e1_0.emp_id=o2_0.employee_id where (p1_0.price_date_time,p1_0.product_id) in ((?,?))
Hibernate: select p1_0.price_date_time,p1_0.product_id,p2_0.product_id,p2_0.description,p2_0.manufacturer_name,p2_0.name,p2_0.status,p2_0.unit,o1_0.product_id,o1_0.order_id,o2_0.order_id,c1_0.cust_id,c1_0.address,c1_0.email,c1_0.cust_name,c1_0.phone,o2_0.employee_id,e1_0.emp_id,e1_0.address,e1_0.dob,e1_0.email,e1_0.full_name,e1_0.phone,e1_0.status,o2_0.order_date,o1_0.note,o1_0.price,o1_0.quantity,p1_0.note,p1_0.price from product_price p1_0 join product p2_0 on p2_0.product_id=p1_0.product_id left join order_detail o1_0 on p2_0.product_id=o1_0.product_id left join orders o2_0 on o2_0.order_id=o1_0.order_id left join customer c1_0 on c1_0.cust_id=o2_0.cust_id left join employee e1_0 on e1_0.emp_id=o2_0.employee_id where (p1_0.price_date_time,p1_0.product_id) in ((?,?))
Hibernate: insert into product_price (note,price,price_date_time,product_id) values (?,?,?,?)
Hibernate: insert into product_price (note,price,price_date_time,product_id) values (?,?,?,?)
Hibernate: insert into product_price (note,price,price_date_time,product_id) values (?,?,?,?)
Hibernate: insert into product (description,manufacturer_name,name,status,unit,product_id) values (?,?,?,?,?,default)
Hibernate: select p1_0.product_id,p1_0.description,p1_0.manufacturer_name,p1_0.name,p1_0.status,p1_0.unit,o1_0.product_id,o1_0.order_id,o2_0.order_id,c1_0.cust_id,c1_0.address,c1_0.email,c1_0.cust_name,c1_0.phone,o2_0.employee_id,e1_0.emp_id,e1_0.address,e1_0.dob,e1_0.email,e1_0.full_name,e1_0.phone,e1_0.status,o2_0.order_date,o1_0.note,o1_0.price,o1_0.quantity from product p1_0 left join order_detail o1_0 on p1_0.product_id=o1_0.product_id left join orders o2_0 on o2_0.order_id=o1_0.order_id left join customer c1_0 on c1_0.cust_id=o2_0.cust_id left join employee e1_0 on e1_0.emp_id=o2_0.employee_id where p1_0.product_id=?
Hibernate: select p1_0.product_id,p1_0.price_date_time,p1_0.note,p1_0.price from product_price p1_0 where p1_0.product_id=?
Hibernate: select p1_0.product_id,p1_0.image_id,p1_0.alternative,p1_0.path from product_image p1_0 where p1_0.product_id=?
Hibernate: insert into product_image (alternative,path,product_id,image_id) values (?,?,?,default)
Hibernate: select p1_0.price_date_time,p1_0.product_id,p2_0.product_id,p2_0.description,p2_0.manufacturer_name,p2_0.name,p2_0.status,p2_0.unit,o1_0.product_id,o1_0.order_id,o2_0.order_id,c1_0.cust_id,c1_0.address,c1_0.email,c1_0.cust_name,c1_0.phone,o2_0.employee_id,e1_0.emp_id,e1_0.address,e1_0.dob,e1_0.email,e1_0.full_name,e1_0.phone,e1_0.status,o2_0.order_date,o1_0.note,o1_0.price,o1_0.quantity,p1_0.note,p1_0.price from product_price p1_0 join product p2_0 on p2_0.product_id=p1_0.product_id left join order_detail o1_0 on p2_0.product_id=o1_0.product_id left join orders o2_0 on o2_0.order_id=o1_0.order_id left join customer c1_0 on c1_0.cust_id=o2_0.cust_id left join employee e1_0 on e1_0.emp_id=o2_0.employee_id where (p1_0.price_date_time,p1_0.product_id) in ((?,?))
Hibernate: select p1_0.price_date_time,p1_0.product_id,p2_0.product_id,p2_0.description,p2_0.manufacturer_name,p2_0.name,p2_0.status,p2_0.unit,o1_0.product_id,o1_0.order_id,o2_0.order_id,c1_0.cust_id,c1_0.address,c1_0.email,c1_0.cust_name,c1_0.phone,o2_0.employee_id,e1_0.emp_id,e1_0.address,e1_0.dob,e1_0.email,e1_0.full_name,e1_0.phone,e1_0.status,o2_0.order_date,o1_0.note,o1_0.price,o1_0.quantity,p1_0.note,p1_0.price from product_price p1_0 join product p2_0 on p2_0.product_id=p1_0.product_id left join order_detail o1_0 on p2_0.product_id=o1_0.product_id left join orders o2_0 on o2_0.order_id=o1_0.order_id left join customer c1_0 on c1_0.cust_id=o2_0.cust_id left join employee e1_0 on e1_0.emp_id=o2_0.employee_id where (p1_0.price_date_time,p1_0.product_id) in ((?,?))
Hibernate: select p1_0.price_date_time,p1_0.product_id,p2_0.product_id,p2_0.description,p2_0.manufacturer_name,p2_0.name,p2_0.status,p2_0.unit,o1_0.product_id,o1_0.order_id,o2_0.order_id,c1_0.cust_id,c1_0.address,c1_0.email,c1_0.cust_name,c1_0.phone,o2_0.employee_id,e1_0.emp_id,e1_0.address,e1_0.dob,e1_0.email,e1_0.full_name,e1_0.phone,e1_0.status,o2_0.order_date,o1_0.note,o1_0.price,o1_0.quantity,p1_0.note,p1_0.price from product_price p1_0 join product p2_0 on p2_0.product_id=p1_0.product_id left join order_detail o1_0 on p2_0.product_id=o1_0.product_id left join orders o2_0 on o2_0.order_id=o1_0.order_id left join customer c1_0 on c1_0.cust_id=o2_0.cust_id left join employee e1_0 on e1_0.emp_id=o2_0.employee_id where (p1_0.price_date_time,p1_0.product_id) in ((?,?))
Hibernate: insert into product_price (note,price,price_date_time,product_id) values (?,?,?,?)
Hibernate: insert into product_price (note,price,price_date_time,product_id) values (?,?,?,?)
Hibernate: insert into product_price (note,price,price_date_time,product_id) values (?,?,?,?)
Hibernate: insert into product (description,manufacturer_name,name,status,unit,product_id) values (?,?,?,?,?,default)
Hibernate: select p1_0.product_id,p1_0.description,p1_0.manufacturer_name,p1_0.name,p1_0.status,p1_0.unit,o1_0.product_id,o1_0.order_id,o2_0.order_id,c1_0.cust_id,c1_0.address,c1_0.email,c1_0.cust_name,c1_0.phone,o2_0.employee_id,e1_0.emp_id,e1_0.address,e1_0.dob,e1_0.email,e1_0.full_name,e1_0.phone,e1_0.status,o2_0.order_date,o1_0.note,o1_0.price,o1_0.quantity from product p1_0 left join order_detail o1_0 on p1_0.product_id=o1_0.product_id left join orders o2_0 on o2_0.order_id=o1_0.order_id left join customer c1_0 on c1_0.cust_id=o2_0.cust_id left join employee e1_0 on e1_0.emp_id=o2_0.employee_id where p1_0.product_id=?
Hibernate: select p1_0.product_id,p1_0.price_date_time,p1_0.note,p1_0.price from product_price p1_0 where p1_0.product_id=?
Hibernate: select p1_0.product_id,p1_0.image_id,p1_0.alternative,p1_0.path from product_image p1_0 where p1_0.product_id=?
Hibernate: insert into product_image (alternative,path,product_id,image_id) values (?,?,?,default)
Hibernate: select p1_0.price_date_time,p1_0.product_id,p2_0.product_id,p2_0.description,p2_0.manufacturer_name,p2_0.name,p2_0.status,p2_0.unit,o1_0.product_id,o1_0.order_id,o2_0.order_id,c1_0.cust_id,c1_0.address,c1_0.email,c1_0.cust_name,c1_0.phone,o2_0.employee_id,e1_0.emp_id,e1_0.address,e1_0.dob,e1_0.email,e1_0.full_name,e1_0.phone,e1_0.status,o2_0.order_date,o1_0.note,o1_0.price,o1_0.quantity,p1_0.note,p1_0.price from product_price p1_0 join product p2_0 on p2_0.product_id=p1_0.product_id left join order_detail o1_0 on p2_0.product_id=o1_0.product_id left join orders o2_0 on o2_0.order_id=o1_0.order_id left join customer c1_0 on c1_0.cust_id=o2_0.cust_id left join employee e1_0 on e1_0.emp_id=o2_0.employee_id where (p1_0.price_date_time,p1_0.product_id) in ((?,?))
Hibernate: select p1_0.price_date_time,p1_0.product_id,p2_0.product_id,p2_0.description,p2_0.manufacturer_name,p2_0.name,p2_0.status,p2_0.unit,o1_0.product_id,o1_0.order_id,o2_0.order_id,c1_0.cust_id,c1_0.address,c1_0.email,c1_0.cust_name,c1_0.phone,o2_0.employee_id,e1_0.emp_id,e1_0.address,e1_0.dob,e1_0.email,e1_0.full_name,e1_0.phone,e1_0.status,o2_0.order_date,o1_0.note,o1_0.price,o1_0.quantity,p1_0.note,p1_0.price from product_price p1_0 join product p2_0 on p2_0.product_id=p1_0.product_id left join order_detail o1_0 on p2_0.product_id=o1_0.product_id left join orders o2_0 on o2_0.order_id=o1_0.order_id left join customer c1_0 on c1_0.cust_id=o2_0.cust_id left join employee e1_0 on e1_0.emp_id=o2_0.employee_id where (p1_0.price_date_time,p1_0.product_id) in ((?,?))
Hibernate: select p1_0.price_date_time,p1_0.product_id,p2_0.product_id,p2_0.description,p2_0.manufacturer_name,p2_0.name,p2_0.status,p2_0.unit,o1_0.product_id,o1_0.order_id,o2_0.order_id,c1_0.cust_id,c1_0.address,c1_0.email,c1_0.cust_name,c1_0.phone,o2_0.employee_id,e1_0.emp_id,e1_0.address,e1_0.dob,e1_0.email,e1_0.full_name,e1_0.phone,e1_0.status,o2_0.order_date,o1_0.note,o1_0.price,o1_0.quantity,p1_0.note,p1_0.price from product_price p1_0 join product p2_0 on p2_0.product_id=p1_0.product_id left join order_detail o1_0 on p2_0.product_id=o1_0.product_id left join orders o2_0 on o2_0.order_id=o1_0.order_id left join customer c1_0 on c1_0.cust_id=o2_0.cust_id left join employee e1_0 on e1_0.emp_id=o2_0.employee_id where (p1_0.price_date_time,p1_0.product_id) in ((?,?))
Hibernate: insert into product_price (note,price,price_date_time,product_id) values (?,?,?,?)
Hibernate: insert into product_price (note,price,price_date_time,product_id) values (?,?,?,?)
Hibernate: insert into product_price (note,price,price_date_time,product_id) values (?,?,?,?)
Hibernate: insert into product (description,manufacturer_name,name,status,unit,product_id) values (?,?,?,?,?,default)
Hibernate: select p1_0.product_id,p1_0.description,p1_0.manufacturer_name,p1_0.name,p1_0.status,p1_0.unit,o1_0.product_id,o1_0.order_id,o2_0.order_id,c1_0.cust_id,c1_0.address,c1_0.email,c1_0.cust_name,c1_0.phone,o2_0.employee_id,e1_0.emp_id,e1_0.address,e1_0.dob,e1_0.email,e1_0.full_name,e1_0.phone,e1_0.status,o2_0.order_date,o1_0.note,o1_0.price,o1_0.quantity from product p1_0 left join order_detail o1_0 on p1_0.product_id=o1_0.product_id left join orders o2_0 on o2_0.order_id=o1_0.order_id left join customer c1_0 on c1_0.cust_id=o2_0.cust_id left join employee e1_0 on e1_0.emp_id=o2_0.employee_id where p1_0.product_id=?
Hibernate: select p1_0.product_id,p1_0.price_date_time,p1_0.note,p1_0.price from product_price p1_0 where p1_0.product_id=?
Hibernate: select p1_0.product_id,p1_0.image_id,p1_0.alternative,p1_0.path from product_image p1_0 where p1_0.product_id=?
Hibernate: insert into product_image (alternative,path,product_id,image_id) values (?,?,?,default)
Hibernate: select p1_0.price_date_time,p1_0.product_id,p2_0.product_id,p2_0.description,p2_0.manufacturer_name,p2_0.name,p2_0.status,p2_0.unit,o1_0.product_id,o1_0.order_id,o2_0.order_id,c1_0.cust_id,c1_0.address,c1_0.email,c1_0.cust_name,c1_0.phone,o2_0.employee_id,e1_0.emp_id,e1_0.address,e1_0.dob,e1_0.email,e1_0.full_name,e1_0.phone,e1_0.status,o2_0.order_date,o1_0.note,o1_0.price,o1_0.quantity,p1_0.note,p1_0.price from product_price p1_0 join product p2_0 on p2_0.product_id=p1_0.product_id left join order_detail o1_0 on p2_0.product_id=o1_0.product_id left join orders o2_0 on o2_0.order_id=o1_0.order_id left join customer c1_0 on c1_0.cust_id=o2_0.cust_id left join employee e1_0 on e1_0.emp_id=o2_0.employee_id where (p1_0.price_date_time,p1_0.product_id) in ((?,?))
Hibernate: select p1_0.price_date_time,p1_0.product_id,p2_0.product_id,p2_0.description,p2_0.manufacturer_name,p2_0.name,p2_0.status,p2_0.unit,o1_0.product_id,o1_0.order_id,o2_0.order_id,c1_0.cust_id,c1_0.address,c1_0.email,c1_0.cust_name,c1_0.phone,o2_0.employee_id,e1_0.emp_id,e1_0.address,e1_0.dob,e1_0.email,e1_0.full_name,e1_0.phone,e1_0.status,o2_0.order_date,o1_0.note,o1_0.price,o1_0.quantity,p1_0.note,p1_0.price from product_price p1_0 join product p2_0 on p2_0.product_id=p1_0.product_id left join order_detail o1_0 on p2_0.product_id=o1_0.product_id left join orders o2_0 on o2_0.order_id=o1_0.order_id left join customer c1_0 on c1_0.cust_id=o2_0.cust_id left join employee e1_0 on e1_0.emp_id=o2_0.employee_id where (p1_0.price_date_time,p1_0.product_id) in ((?,?))
Hibernate: select p1_0.price_date_time,p1_0.product_id,p2_0.product_id,p2_0.description,p2_0.manufacturer_name,p2_0.name,p2_0.status,p2_0.unit,o1_0.product_id,o1_0.order_id,o2_0.order_id,c1_0.cust_id,c1_0.address,c1_0.email,c1_0.cust_name,c1_0.phone,o2_0.employee_id,e1_0.emp_id,e1_0.address,e1_0.dob,e1_0.email,e1_0.full_name,e1_0.phone,e1_0.status,o2_0.order_date,o1_0.note,o1_0.price,o1_0.quantity,p1_0.note,p1_0.price from product_price p1_0 join product p2_0 on p2_0.product_id=p1_0.product_id left join order_detail o1_0 on p2_0.product_id=o1_0.product_id left join orders o2_0 on o2_0.order_id=o1_0.order_id left join customer c1_0 on c1_0.cust_id=o2_0.cust_id left join employee e1_0 on e1_0.emp_id=o2_0.employee_id where (p1_0.price_date_time,p1_0.product_id) in ((?,?))
Hibernate: insert into product_price (note,price,price_date_time,product_id) values (?,?,?,?)
Hibernate: insert into product_price (note,price,price_date_time,product_id) values (?,?,?,?)
Hibernate: insert into product_price (note,price,price_date_time,product_id) values (?,?,?,?)
Hibernate: insert into product (description,manufacturer_name,name,status,unit,product_id) values (?,?,?,?,?,default)
Hibernate: select p1_0.product_id,p1_0.description,p1_0.manufacturer_name,p1_0.name,p1_0.status,p1_0.unit,o1_0.product_id,o1_0.order_id,o2_0.order_id,c1_0.cust_id,c1_0.address,c1_0.email,c1_0.cust_name,c1_0.phone,o2_0.employee_id,e1_0.emp_id,e1_0.address,e1_0.dob,e1_0.email,e1_0.full_name,e1_0.phone,e1_0.status,o2_0.order_date,o1_0.note,o1_0.price,o1_0.quantity from product p1_0 left join order_detail o1_0 on p1_0.product_id=o1_0.product_id left join orders o2_0 on o2_0.order_id=o1_0.order_id left join customer c1_0 on c1_0.cust_id=o2_0.cust_id left join employee e1_0 on e1_0.emp_id=o2_0.employee_id where p1_0.product_id=?
Hibernate: select p1_0.product_id,p1_0.price_date_time,p1_0.note,p1_0.price from product_price p1_0 where p1_0.product_id=?
Hibernate: select p1_0.product_id,p1_0.image_id,p1_0.alternative,p1_0.path from product_image p1_0 where p1_0.product_id=?
Hibernate: insert into product_image (alternative,path,product_id,image_id) values (?,?,?,default)
Hibernate: select p1_0.price_date_time,p1_0.product_id,p2_0.product_id,p2_0.description,p2_0.manufacturer_name,p2_0.name,p2_0.status,p2_0.unit,o1_0.product_id,o1_0.order_id,o2_0.order_id,c1_0.cust_id,c1_0.address,c1_0.email,c1_0.cust_name,c1_0.phone,o2_0.employee_id,e1_0.emp_id,e1_0.address,e1_0.dob,e1_0.email,e1_0.full_name,e1_0.phone,e1_0.status,o2_0.order_date,o1_0.note,o1_0.price,o1_0.quantity,p1_0.note,p1_0.price from product_price p1_0 join product p2_0 on p2_0.product_id=p1_0.product_id left join order_detail o1_0 on p2_0.product_id=o1_0.product_id left join orders o2_0 on o2_0.order_id=o1_0.order_id left join customer c1_0 on c1_0.cust_id=o2_0.cust_id left join employee e1_0 on e1_0.emp_id=o2_0.employee_id where (p1_0.price_date_time,p1_0.product_id) in ((?,?))
Hibernate: select p1_0.price_date_time,p1_0.product_id,p2_0.product_id,p2_0.description,p2_0.manufacturer_name,p2_0.name,p2_0.status,p2_0.unit,o1_0.product_id,o1_0.order_id,o2_0.order_id,c1_0.cust_id,c1_0.address,c1_0.email,c1_0.cust_name,c1_0.phone,o2_0.employee_id,e1_0.emp_id,e1_0.address,e1_0.dob,e1_0.email,e1_0.full_name,e1_0.phone,e1_0.status,o2_0.order_date,o1_0.note,o1_0.price,o1_0.quantity,p1_0.note,p1_0.price from product_price p1_0 join product p2_0 on p2_0.product_id=p1_0.product_id left join order_detail o1_0 on p2_0.product_id=o1_0.product_id left join orders o2_0 on o2_0.order_id=o1_0.order_id left join customer c1_0 on c1_0.cust_id=o2_0.cust_id left join employee e1_0 on e1_0.emp_id=o2_0.employee_id where (p1_0.price_date_time,p1_0.product_id) in ((?,?))
Hibernate: select p1_0.price_date_time,p1_0.product_id,p2_0.product_id,p2_0.description,p2_0.manufacturer_name,p2_0.name,p2_0.status,p2_0.unit,o1_0.product_id,o1_0.order_id,o2_0.order_id,c1_0.cust_id,c1_0.address,c1_0.email,c1_0.cust_name,c1_0.phone,o2_0.employee_id,e1_0.emp_id,e1_0.address,e1_0.dob,e1_0.email,e1_0.full_name,e1_0.phone,e1_0.status,o2_0.order_date,o1_0.note,o1_0.price,o1_0.quantity,p1_0.note,p1_0.price from product_price p1_0 join product p2_0 on p2_0.product_id=p1_0.product_id left join order_detail o1_0 on p2_0.product_id=o1_0.product_id left join orders o2_0 on o2_0.order_id=o1_0.order_id left join customer c1_0 on c1_0.cust_id=o2_0.cust_id left join employee e1_0 on e1_0.emp_id=o2_0.employee_id where (p1_0.price_date_time,p1_0.product_id) in ((?,?))
Hibernate: insert into product_price (note,price,price_date_time,product_id) values (?,?,?,?)
Hibernate: insert into product_price (note,price,price_date_time,product_id) values (?,?,?,?)
Hibernate: insert into product_price (note,price,price_date_time,product_id) values (?,?,?,?)
Hibernate: insert into product (description,manufacturer_name,name,status,unit,product_id) values (?,?,?,?,?,default)
Hibernate: select p1_0.product_id,p1_0.description,p1_0.manufacturer_name,p1_0.name,p1_0.status,p1_0.unit,o1_0.product_id,o1_0.order_id,o2_0.order_id,c1_0.cust_id,c1_0.address,c1_0.email,c1_0.cust_name,c1_0.phone,o2_0.employee_id,e1_0.emp_id,e1_0.address,e1_0.dob,e1_0.email,e1_0.full_name,e1_0.phone,e1_0.status,o2_0.order_date,o1_0.note,o1_0.price,o1_0.quantity from product p1_0 left join order_detail o1_0 on p1_0.product_id=o1_0.product_id left join orders o2_0 on o2_0.order_id=o1_0.order_id left join customer c1_0 on c1_0.cust_id=o2_0.cust_id left join employee e1_0 on e1_0.emp_id=o2_0.employee_id where p1_0.product_id=?
Hibernate: select p1_0.product_id,p1_0.price_date_time,p1_0.note,p1_0.price from product_price p1_0 where p1_0.product_id=?
Hibernate: select p1_0.product_id,p1_0.image_id,p1_0.alternative,p1_0.path from product_image p1_0 where p1_0.product_id=?
Hibernate: insert into product_image (alternative,path,product_id,image_id) values (?,?,?,default)
Hibernate: select p1_0.price_date_time,p1_0.product_id,p2_0.product_id,p2_0.description,p2_0.manufacturer_name,p2_0.name,p2_0.status,p2_0.unit,o1_0.product_id,o1_0.order_id,o2_0.order_id,c1_0.cust_id,c1_0.address,c1_0.email,c1_0.cust_name,c1_0.phone,o2_0.employee_id,e1_0.emp_id,e1_0.address,e1_0.dob,e1_0.email,e1_0.full_name,e1_0.phone,e1_0.status,o2_0.order_date,o1_0.note,o1_0.price,o1_0.quantity,p1_0.note,p1_0.price from product_price p1_0 join product p2_0 on p2_0.product_id=p1_0.product_id left join order_detail o1_0 on p2_0.product_id=o1_0.product_id left join orders o2_0 on o2_0.order_id=o1_0.order_id left join customer c1_0 on c1_0.cust_id=o2_0.cust_id left join employee e1_0 on e1_0.emp_id=o2_0.employee_id where (p1_0.price_date_time,p1_0.product_id) in ((?,?))
Hibernate: select p1_0.price_date_time,p1_0.product_id,p2_0.product_id,p2_0.description,p2_0.manufacturer_name,p2_0.name,p2_0.status,p2_0.unit,o1_0.product_id,o1_0.order_id,o2_0.order_id,c1_0.cust_id,c1_0.address,c1_0.email,c1_0.cust_name,c1_0.phone,o2_0.employee_id,e1_0.emp_id,e1_0.address,e1_0.dob,e1_0.email,e1_0.full_name,e1_0.phone,e1_0.status,o2_0.order_date,o1_0.note,o1_0.price,o1_0.quantity,p1_0.note,p1_0.price from product_price p1_0 join product p2_0 on p2_0.product_id=p1_0.product_id left join order_detail o1_0 on p2_0.product_id=o1_0.product_id left join orders o2_0 on o2_0.order_id=o1_0.order_id left join customer c1_0 on c1_0.cust_id=o2_0.cust_id left join employee e1_0 on e1_0.emp_id=o2_0.employee_id where (p1_0.price_date_time,p1_0.product_id) in ((?,?))
Hibernate: select p1_0.price_date_time,p1_0.product_id,p2_0.product_id,p2_0.description,p2_0.manufacturer_name,p2_0.name,p2_0.status,p2_0.unit,o1_0.product_id,o1_0.order_id,o2_0.order_id,c1_0.cust_id,c1_0.address,c1_0.email,c1_0.cust_name,c1_0.phone,o2_0.employee_id,e1_0.emp_id,e1_0.address,e1_0.dob,e1_0.email,e1_0.full_name,e1_0.phone,e1_0.status,o2_0.order_date,o1_0.note,o1_0.price,o1_0.quantity,p1_0.note,p1_0.price from product_price p1_0 join product p2_0 on p2_0.product_id=p1_0.product_id left join order_detail o1_0 on p2_0.product_id=o1_0.product_id left join orders o2_0 on o2_0.order_id=o1_0.order_id left join customer c1_0 on c1_0.cust_id=o2_0.cust_id left join employee e1_0 on e1_0.emp_id=o2_0.employee_id where (p1_0.price_date_time,p1_0.product_id) in ((?,?))
Hibernate: insert into product_price (note,price,price_date_time,product_id) values (?,?,?,?)
Hibernate: insert into product_price (note,price,price_date_time,product_id) values (?,?,?,?)
Hibernate: insert into product_price (note,price,price_date_time,product_id) values (?,?,?,?)
Hibernate: insert into product (description,manufacturer_name,name,status,unit,product_id) values (?,?,?,?,?,default)
Hibernate: select p1_0.product_id,p1_0.description,p1_0.manufacturer_name,p1_0.name,p1_0.status,p1_0.unit,o1_0.product_id,o1_0.order_id,o2_0.order_id,c1_0.cust_id,c1_0.address,c1_0.email,c1_0.cust_name,c1_0.phone,o2_0.employee_id,e1_0.emp_id,e1_0.address,e1_0.dob,e1_0.email,e1_0.full_name,e1_0.phone,e1_0.status,o2_0.order_date,o1_0.note,o1_0.price,o1_0.quantity from product p1_0 left join order_detail o1_0 on p1_0.product_id=o1_0.product_id left join orders o2_0 on o2_0.order_id=o1_0.order_id left join customer c1_0 on c1_0.cust_id=o2_0.cust_id left join employee e1_0 on e1_0.emp_id=o2_0.employee_id where p1_0.product_id=?
Hibernate: select p1_0.product_id,p1_0.price_date_time,p1_0.note,p1_0.price from product_price p1_0 where p1_0.product_id=?
Hibernate: select p1_0.product_id,p1_0.image_id,p1_0.alternative,p1_0.path from product_image p1_0 where p1_0.product_id=?
Hibernate: insert into product_image (alternative,path,product_id,image_id) values (?,?,?,default)
Hibernate: select p1_0.price_date_time,p1_0.product_id,p2_0.product_id,p2_0.description,p2_0.manufacturer_name,p2_0.name,p2_0.status,p2_0.unit,o1_0.product_id,o1_0.order_id,o2_0.order_id,c1_0.cust_id,c1_0.address,c1_0.email,c1_0.cust_name,c1_0.phone,o2_0.employee_id,e1_0.emp_id,e1_0.address,e1_0.dob,e1_0.email,e1_0.full_name,e1_0.phone,e1_0.status,o2_0.order_date,o1_0.note,o1_0.price,o1_0.quantity,p1_0.note,p1_0.price from product_price p1_0 join product p2_0 on p2_0.product_id=p1_0.product_id left join order_detail o1_0 on p2_0.product_id=o1_0.product_id left join orders o2_0 on o2_0.order_id=o1_0.order_id left join customer c1_0 on c1_0.cust_id=o2_0.cust_id left join employee e1_0 on e1_0.emp_id=o2_0.employee_id where (p1_0.price_date_time,p1_0.product_id) in ((?,?))
Hibernate: select p1_0.price_date_time,p1_0.product_id,p2_0.product_id,p2_0.description,p2_0.manufacturer_name,p2_0.name,p2_0.status,p2_0.unit,o1_0.product_id,o1_0.order_id,o2_0.order_id,c1_0.cust_id,c1_0.address,c1_0.email,c1_0.cust_name,c1_0.phone,o2_0.employee_id,e1_0.emp_id,e1_0.address,e1_0.dob,e1_0.email,e1_0.full_name,e1_0.phone,e1_0.status,o2_0.order_date,o1_0.note,o1_0.price,o1_0.quantity,p1_0.note,p1_0.price from product_price p1_0 join product p2_0 on p2_0.product_id=p1_0.product_id left join order_detail o1_0 on p2_0.product_id=o1_0.product_id left join orders o2_0 on o2_0.order_id=o1_0.order_id left join customer c1_0 on c1_0.cust_id=o2_0.cust_id left join employee e1_0 on e1_0.emp_id=o2_0.employee_id where (p1_0.price_date_time,p1_0.product_id) in ((?,?))
Hibernate: select p1_0.price_date_time,p1_0.product_id,p2_0.product_id,p2_0.description,p2_0.manufacturer_name,p2_0.name,p2_0.status,p2_0.unit,o1_0.product_id,o1_0.order_id,o2_0.order_id,c1_0.cust_id,c1_0.address,c1_0.email,c1_0.cust_name,c1_0.phone,o2_0.employee_id,e1_0.emp_id,e1_0.address,e1_0.dob,e1_0.email,e1_0.full_name,e1_0.phone,e1_0.status,o2_0.order_date,o1_0.note,o1_0.price,o1_0.quantity,p1_0.note,p1_0.price from product_price p1_0 join product p2_0 on p2_0.product_id=p1_0.product_id left join order_detail o1_0 on p2_0.product_id=o1_0.product_id left join orders o2_0 on o2_0.order_id=o1_0.order_id left join customer c1_0 on c1_0.cust_id=o2_0.cust_id left join employee e1_0 on e1_0.emp_id=o2_0.employee_id where (p1_0.price_date_time,p1_0.product_id) in ((?,?))
Hibernate: insert into product_price (note,price,price_date_time,product_id) values (?,?,?,?)
Hibernate: insert into product_price (note,price,price_date_time,product_id) values (?,?,?,?)
Hibernate: insert into product_price (note,price,price_date_time,product_id) values (?,?,?,?)
Hibernate: insert into product (description,manufacturer_name,name,status,unit,product_id) values (?,?,?,?,?,default)
Hibernate: select p1_0.product_id,p1_0.description,p1_0.manufacturer_name,p1_0.name,p1_0.status,p1_0.unit,o1_0.product_id,o1_0.order_id,o2_0.order_id,c1_0.cust_id,c1_0.address,c1_0.email,c1_0.cust_name,c1_0.phone,o2_0.employee_id,e1_0.emp_id,e1_0.address,e1_0.dob,e1_0.email,e1_0.full_name,e1_0.phone,e1_0.status,o2_0.order_date,o1_0.note,o1_0.price,o1_0.quantity from product p1_0 left join order_detail o1_0 on p1_0.product_id=o1_0.product_id left join orders o2_0 on o2_0.order_id=o1_0.order_id left join customer c1_0 on c1_0.cust_id=o2_0.cust_id left join employee e1_0 on e1_0.emp_id=o2_0.employee_id where p1_0.product_id=?
Hibernate: select p1_0.product_id,p1_0.price_date_time,p1_0.note,p1_0.price from product_price p1_0 where p1_0.product_id=?
Hibernate: select p1_0.product_id,p1_0.image_id,p1_0.alternative,p1_0.path from product_image p1_0 where p1_0.product_id=?
Hibernate: insert into product_image (alternative,path,product_id,image_id) values (?,?,?,default)
Hibernate: select p1_0.price_date_time,p1_0.product_id,p2_0.product_id,p2_0.description,p2_0.manufacturer_name,p2_0.name,p2_0.status,p2_0.unit,o1_0.product_id,o1_0.order_id,o2_0.order_id,c1_0.cust_id,c1_0.address,c1_0.email,c1_0.cust_name,c1_0.phone,o2_0.employee_id,e1_0.emp_id,e1_0.address,e1_0.dob,e1_0.email,e1_0.full_name,e1_0.phone,e1_0.status,o2_0.order_date,o1_0.note,o1_0.price,o1_0.quantity,p1_0.note,p1_0.price from product_price p1_0 join product p2_0 on p2_0.product_id=p1_0.product_id left join order_detail o1_0 on p2_0.product_id=o1_0.product_id left join orders o2_0 on o2_0.order_id=o1_0.order_id left join customer c1_0 on c1_0.cust_id=o2_0.cust_id left join employee e1_0 on e1_0.emp_id=o2_0.employee_id where (p1_0.price_date_time,p1_0.product_id) in ((?,?))
Hibernate: select p1_0.price_date_time,p1_0.product_id,p2_0.product_id,p2_0.description,p2_0.manufacturer_name,p2_0.name,p2_0.status,p2_0.unit,o1_0.product_id,o1_0.order_id,o2_0.order_id,c1_0.cust_id,c1_0.address,c1_0.email,c1_0.cust_name,c1_0.phone,o2_0.employee_id,e1_0.emp_id,e1_0.address,e1_0.dob,e1_0.email,e1_0.full_name,e1_0.phone,e1_0.status,o2_0.order_date,o1_0.note,o1_0.price,o1_0.quantity,p1_0.note,p1_0.price from product_price p1_0 join product p2_0 on p2_0.product_id=p1_0.product_id left join order_detail o1_0 on p2_0.product_id=o1_0.product_id left join orders o2_0 on o2_0.order_id=o1_0.order_id left join customer c1_0 on c1_0.cust_id=o2_0.cust_id left join employee e1_0 on e1_0.emp_id=o2_0.employee_id where (p1_0.price_date_time,p1_0.product_id) in ((?,?))
Hibernate: select p1_0.price_date_time,p1_0.product_id,p2_0.product_id,p2_0.description,p2_0.manufacturer_name,p2_0.name,p2_0.status,p2_0.unit,o1_0.product_id,o1_0.order_id,o2_0.order_id,c1_0.cust_id,c1_0.address,c1_0.email,c1_0.cust_name,c1_0.phone,o2_0.employee_id,e1_0.emp_id,e1_0.address,e1_0.dob,e1_0.email,e1_0.full_name,e1_0.phone,e1_0.status,o2_0.order_date,o1_0.note,o1_0.price,o1_0.quantity,p1_0.note,p1_0.price from product_price p1_0 join product p2_0 on p2_0.product_id=p1_0.product_id left join order_detail o1_0 on p2_0.product_id=o1_0.product_id left join orders o2_0 on o2_0.order_id=o1_0.order_id left join customer c1_0 on c1_0.cust_id=o2_0.cust_id left join employee e1_0 on e1_0.emp_id=o2_0.employee_id where (p1_0.price_date_time,p1_0.product_id) in ((?,?))
Hibernate: insert into product_price (note,price,price_date_time,product_id) values (?,?,?,?)
Hibernate: insert into product_price (note,price,price_date_time,product_id) values (?,?,?,?)
Hibernate: insert into product_price (note,price,price_date_time,product_id) values (?,?,?,?)
Hibernate: insert into product (description,manufacturer_name,name,status,unit,product_id) values (?,?,?,?,?,default)
Hibernate: select p1_0.product_id,p1_0.description,p1_0.manufacturer_name,p1_0.name,p1_0.status,p1_0.unit,o1_0.product_id,o1_0.order_id,o2_0.order_id,c1_0.cust_id,c1_0.address,c1_0.email,c1_0.cust_name,c1_0.phone,o2_0.employee_id,e1_0.emp_id,e1_0.address,e1_0.dob,e1_0.email,e1_0.full_name,e1_0.phone,e1_0.status,o2_0.order_date,o1_0.note,o1_0.price,o1_0.quantity from product p1_0 left join order_detail o1_0 on p1_0.product_id=o1_0.product_id left join orders o2_0 on o2_0.order_id=o1_0.order_id left join customer c1_0 on c1_0.cust_id=o2_0.cust_id left join employee e1_0 on e1_0.emp_id=o2_0.employee_id where p1_0.product_id=?
Hibernate: select p1_0.product_id,p1_0.price_date_time,p1_0.note,p1_0.price from product_price p1_0 where p1_0.product_id=?
Hibernate: select p1_0.product_id,p1_0.image_id,p1_0.alternative,p1_0.path from product_image p1_0 where p1_0.product_id=?
Hibernate: insert into product_image (alternative,path,product_id,image_id) values (?,?,?,default)
Hibernate: select p1_0.price_date_time,p1_0.product_id,p2_0.product_id,p2_0.description,p2_0.manufacturer_name,p2_0.name,p2_0.status,p2_0.unit,o1_0.product_id,o1_0.order_id,o2_0.order_id,c1_0.cust_id,c1_0.address,c1_0.email,c1_0.cust_name,c1_0.phone,o2_0.employee_id,e1_0.emp_id,e1_0.address,e1_0.dob,e1_0.email,e1_0.full_name,e1_0.phone,e1_0.status,o2_0.order_date,o1_0.note,o1_0.price,o1_0.quantity,p1_0.note,p1_0.price from product_price p1_0 join product p2_0 on p2_0.product_id=p1_0.product_id left join order_detail o1_0 on p2_0.product_id=o1_0.product_id left join orders o2_0 on o2_0.order_id=o1_0.order_id left join customer c1_0 on c1_0.cust_id=o2_0.cust_id left join employee e1_0 on e1_0.emp_id=o2_0.employee_id where (p1_0.price_date_time,p1_0.product_id) in ((?,?))
Hibernate: select p1_0.price_date_time,p1_0.product_id,p2_0.product_id,p2_0.description,p2_0.manufacturer_name,p2_0.name,p2_0.status,p2_0.unit,o1_0.product_id,o1_0.order_id,o2_0.order_id,c1_0.cust_id,c1_0.address,c1_0.email,c1_0.cust_name,c1_0.phone,o2_0.employee_id,e1_0.emp_id,e1_0.address,e1_0.dob,e1_0.email,e1_0.full_name,e1_0.phone,e1_0.status,o2_0.order_date,o1_0.note,o1_0.price,o1_0.quantity,p1_0.note,p1_0.price from product_price p1_0 join product p2_0 on p2_0.product_id=p1_0.product_id left join order_detail o1_0 on p2_0.product_id=o1_0.product_id left join orders o2_0 on o2_0.order_id=o1_0.order_id left join customer c1_0 on c1_0.cust_id=o2_0.cust_id left join employee e1_0 on e1_0.emp_id=o2_0.employee_id where (p1_0.price_date_time,p1_0.product_id) in ((?,?))
Hibernate: select p1_0.price_date_time,p1_0.product_id,p2_0.product_id,p2_0.description,p2_0.manufacturer_name,p2_0.name,p2_0.status,p2_0.unit,o1_0.product_id,o1_0.order_id,o2_0.order_id,c1_0.cust_id,c1_0.address,c1_0.email,c1_0.cust_name,c1_0.phone,o2_0.employee_id,e1_0.emp_id,e1_0.address,e1_0.dob,e1_0.email,e1_0.full_name,e1_0.phone,e1_0.status,o2_0.order_date,o1_0.note,o1_0.price,o1_0.quantity,p1_0.note,p1_0.price from product_price p1_0 join product p2_0 on p2_0.product_id=p1_0.product_id left join order_detail o1_0 on p2_0.product_id=o1_0.product_id left join orders o2_0 on o2_0.order_id=o1_0.order_id left join customer c1_0 on c1_0.cust_id=o2_0.cust_id left join employee e1_0 on e1_0.emp_id=o2_0.employee_id where (p1_0.price_date_time,p1_0.product_id) in ((?,?))
Hibernate: insert into product_price (note,price,price_date_time,product_id) values (?,?,?,?)
Hibernate: insert into product_price (note,price,price_date_time,product_id) values (?,?,?,?)
Hibernate: insert into product_price (note,price,price_date_time,product_id) values (?,?,?,?)
Hibernate: insert into product (description,manufacturer_name,name,status,unit,product_id) values (?,?,?,?,?,default)
Hibernate: select p1_0.product_id,p1_0.description,p1_0.manufacturer_name,p1_0.name,p1_0.status,p1_0.unit,o1_0.product_id,o1_0.order_id,o2_0.order_id,c1_0.cust_id,c1_0.address,c1_0.email,c1_0.cust_name,c1_0.phone,o2_0.employee_id,e1_0.emp_id,e1_0.address,e1_0.dob,e1_0.email,e1_0.full_name,e1_0.phone,e1_0.status,o2_0.order_date,o1_0.note,o1_0.price,o1_0.quantity from product p1_0 left join order_detail o1_0 on p1_0.product_id=o1_0.product_id left join orders o2_0 on o2_0.order_id=o1_0.order_id left join customer c1_0 on c1_0.cust_id=o2_0.cust_id left join employee e1_0 on e1_0.emp_id=o2_0.employee_id where p1_0.product_id=?
Hibernate: select p1_0.product_id,p1_0.price_date_time,p1_0.note,p1_0.price from product_price p1_0 where p1_0.product_id=?
Hibernate: select p1_0.product_id,p1_0.image_id,p1_0.alternative,p1_0.path from product_image p1_0 where p1_0.product_id=?
Hibernate: insert into product_image (alternative,path,product_id,image_id) values (?,?,?,default)
Hibernate: select p1_0.price_date_time,p1_0.product_id,p2_0.product_id,p2_0.description,p2_0.manufacturer_name,p2_0.name,p2_0.status,p2_0.unit,o1_0.product_id,o1_0.order_id,o2_0.order_id,c1_0.cust_id,c1_0.address,c1_0.email,c1_0.cust_name,c1_0.phone,o2_0.employee_id,e1_0.emp_id,e1_0.address,e1_0.dob,e1_0.email,e1_0.full_name,e1_0.phone,e1_0.status,o2_0.order_date,o1_0.note,o1_0.price,o1_0.quantity,p1_0.note,p1_0.price from product_price p1_0 join product p2_0 on p2_0.product_id=p1_0.product_id left join order_detail o1_0 on p2_0.product_id=o1_0.product_id left join orders o2_0 on o2_0.order_id=o1_0.order_id left join customer c1_0 on c1_0.cust_id=o2_0.cust_id left join employee e1_0 on e1_0.emp_id=o2_0.employee_id where (p1_0.price_date_time,p1_0.product_id) in ((?,?))
Hibernate: select p1_0.price_date_time,p1_0.product_id,p2_0.product_id,p2_0.description,p2_0.manufacturer_name,p2_0.name,p2_0.status,p2_0.unit,o1_0.product_id,o1_0.order_id,o2_0.order_id,c1_0.cust_id,c1_0.address,c1_0.email,c1_0.cust_name,c1_0.phone,o2_0.employee_id,e1_0.emp_id,e1_0.address,e1_0.dob,e1_0.email,e1_0.full_name,e1_0.phone,e1_0.status,o2_0.order_date,o1_0.note,o1_0.price,o1_0.quantity,p1_0.note,p1_0.price from product_price p1_0 join product p2_0 on p2_0.product_id=p1_0.product_id left join order_detail o1_0 on p2_0.product_id=o1_0.product_id left join orders o2_0 on o2_0.order_id=o1_0.order_id left join customer c1_0 on c1_0.cust_id=o2_0.cust_id left join employee e1_0 on e1_0.emp_id=o2_0.employee_id where (p1_0.price_date_time,p1_0.product_id) in ((?,?))
Hibernate: select p1_0.price_date_time,p1_0.product_id,p2_0.product_id,p2_0.description,p2_0.manufacturer_name,p2_0.name,p2_0.status,p2_0.unit,o1_0.product_id,o1_0.order_id,o2_0.order_id,c1_0.cust_id,c1_0.address,c1_0.email,c1_0.cust_name,c1_0.phone,o2_0.employee_id,e1_0.emp_id,e1_0.address,e1_0.dob,e1_0.email,e1_0.full_name,e1_0.phone,e1_0.status,o2_0.order_date,o1_0.note,o1_0.price,o1_0.quantity,p1_0.note,p1_0.price from product_price p1_0 join product p2_0 on p2_0.product_id=p1_0.product_id left join order_detail o1_0 on p2_0.product_id=o1_0.product_id left join orders o2_0 on o2_0.order_id=o1_0.order_id left join customer c1_0 on c1_0.cust_id=o2_0.cust_id left join employee e1_0 on e1_0.emp_id=o2_0.employee_id where (p1_0.price_date_time,p1_0.product_id) in ((?,?))
Hibernate: insert into product_price (note,price,price_date_time,product_id) values (?,?,?,?)
Hibernate: insert into product_price (note,price,price_date_time,product_id) values (?,?,?,?)
Hibernate: insert into product_price (note,price,price_date_time,product_id) values (?,?,?,?)
Hibernate: insert into product (description,manufacturer_name,name,status,unit,product_id) values (?,?,?,?,?,default)
Hibernate: select p1_0.product_id,p1_0.description,p1_0.manufacturer_name,p1_0.name,p1_0.status,p1_0.unit,o1_0.product_id,o1_0.order_id,o2_0.order_id,c1_0.cust_id,c1_0.address,c1_0.email,c1_0.cust_name,c1_0.phone,o2_0.employee_id,e1_0.emp_id,e1_0.address,e1_0.dob,e1_0.email,e1_0.full_name,e1_0.phone,e1_0.status,o2_0.order_date,o1_0.note,o1_0.price,o1_0.quantity from product p1_0 left join order_detail o1_0 on p1_0.product_id=o1_0.product_id left join orders o2_0 on o2_0.order_id=o1_0.order_id left join customer c1_0 on c1_0.cust_id=o2_0.cust_id left join employee e1_0 on e1_0.emp_id=o2_0.employee_id where p1_0.product_id=?
Hibernate: select p1_0.product_id,p1_0.price_date_time,p1_0.note,p1_0.price from product_price p1_0 where p1_0.product_id=?
Hibernate: select p1_0.product_id,p1_0.image_id,p1_0.alternative,p1_0.path from product_image p1_0 where p1_0.product_id=?
Hibernate: insert into product_image (alternative,path,product_id,image_id) values (?,?,?,default)
Hibernate: select p1_0.price_date_time,p1_0.product_id,p2_0.product_id,p2_0.description,p2_0.manufacturer_name,p2_0.name,p2_0.status,p2_0.unit,o1_0.product_id,o1_0.order_id,o2_0.order_id,c1_0.cust_id,c1_0.address,c1_0.email,c1_0.cust_name,c1_0.phone,o2_0.employee_id,e1_0.emp_id,e1_0.address,e1_0.dob,e1_0.email,e1_0.full_name,e1_0.phone,e1_0.status,o2_0.order_date,o1_0.note,o1_0.price,o1_0.quantity,p1_0.note,p1_0.price from product_price p1_0 join product p2_0 on p2_0.product_id=p1_0.product_id left join order_detail o1_0 on p2_0.product_id=o1_0.product_id left join orders o2_0 on o2_0.order_id=o1_0.order_id left join customer c1_0 on c1_0.cust_id=o2_0.cust_id left join employee e1_0 on e1_0.emp_id=o2_0.employee_id where (p1_0.price_date_time,p1_0.product_id) in ((?,?))
Hibernate: select p1_0.price_date_time,p1_0.product_id,p2_0.product_id,p2_0.description,p2_0.manufacturer_name,p2_0.name,p2_0.status,p2_0.unit,o1_0.product_id,o1_0.order_id,o2_0.order_id,c1_0.cust_id,c1_0.address,c1_0.email,c1_0.cust_name,c1_0.phone,o2_0.employee_id,e1_0.emp_id,e1_0.address,e1_0.dob,e1_0.email,e1_0.full_name,e1_0.phone,e1_0.status,o2_0.order_date,o1_0.note,o1_0.price,o1_0.quantity,p1_0.note,p1_0.price from product_price p1_0 join product p2_0 on p2_0.product_id=p1_0.product_id left join order_detail o1_0 on p2_0.product_id=o1_0.product_id left join orders o2_0 on o2_0.order_id=o1_0.order_id left join customer c1_0 on c1_0.cust_id=o2_0.cust_id left join employee e1_0 on e1_0.emp_id=o2_0.employee_id where (p1_0.price_date_time,p1_0.product_id) in ((?,?))
Hibernate: select p1_0.price_date_time,p1_0.product_id,p2_0.product_id,p2_0.description,p2_0.manufacturer_name,p2_0.name,p2_0.status,p2_0.unit,o1_0.product_id,o1_0.order_id,o2_0.order_id,c1_0.cust_id,c1_0.address,c1_0.email,c1_0.cust_name,c1_0.phone,o2_0.employee_id,e1_0.emp_id,e1_0.address,e1_0.dob,e1_0.email,e1_0.full_name,e1_0.phone,e1_0.status,o2_0.order_date,o1_0.note,o1_0.price,o1_0.quantity,p1_0.note,p1_0.price from product_price p1_0 join product p2_0 on p2_0.product_id=p1_0.product_id left join order_detail o1_0 on p2_0.product_id=o1_0.product_id left join orders o2_0 on o2_0.order_id=o1_0.order_id left join customer c1_0 on c1_0.cust_id=o2_0.cust_id left join employee e1_0 on e1_0.emp_id=o2_0.employee_id where (p1_0.price_date_time,p1_0.product_id) in ((?,?))
Hibernate: insert into product_price (note,price,price_date_time,product_id) values (?,?,?,?)
Hibernate: insert into product_price (note,price,price_date_time,product_id) values (?,?,?,?)
Hibernate: insert into product_price (note,price,price_date_time,product_id) values (?,?,?,?)
Hibernate: insert into product (description,manufacturer_name,name,status,unit,product_id) values (?,?,?,?,?,default)
Hibernate: select p1_0.product_id,p1_0.description,p1_0.manufacturer_name,p1_0.name,p1_0.status,p1_0.unit,o1_0.product_id,o1_0.order_id,o2_0.order_id,c1_0.cust_id,c1_0.address,c1_0.email,c1_0.cust_name,c1_0.phone,o2_0.employee_id,e1_0.emp_id,e1_0.address,e1_0.dob,e1_0.email,e1_0.full_name,e1_0.phone,e1_0.status,o2_0.order_date,o1_0.note,o1_0.price,o1_0.quantity from product p1_0 left join order_detail o1_0 on p1_0.product_id=o1_0.product_id left join orders o2_0 on o2_0.order_id=o1_0.order_id left join customer c1_0 on c1_0.cust_id=o2_0.cust_id left join employee e1_0 on e1_0.emp_id=o2_0.employee_id where p1_0.product_id=?
Hibernate: select p1_0.product_id,p1_0.price_date_time,p1_0.note,p1_0.price from product_price p1_0 where p1_0.product_id=?
Hibernate: select p1_0.product_id,p1_0.image_id,p1_0.alternative,p1_0.path from product_image p1_0 where p1_0.product_id=?
Hibernate: insert into product_image (alternative,path,product_id,image_id) values (?,?,?,default)
Hibernate: select p1_0.price_date_time,p1_0.product_id,p2_0.product_id,p2_0.description,p2_0.manufacturer_name,p2_0.name,p2_0.status,p2_0.unit,o1_0.product_id,o1_0.order_id,o2_0.order_id,c1_0.cust_id,c1_0.address,c1_0.email,c1_0.cust_name,c1_0.phone,o2_0.employee_id,e1_0.emp_id,e1_0.address,e1_0.dob,e1_0.email,e1_0.full_name,e1_0.phone,e1_0.status,o2_0.order_date,o1_0.note,o1_0.price,o1_0.quantity,p1_0.note,p1_0.price from product_price p1_0 join product p2_0 on p2_0.product_id=p1_0.product_id left join order_detail o1_0 on p2_0.product_id=o1_0.product_id left join orders o2_0 on o2_0.order_id=o1_0.order_id left join customer c1_0 on c1_0.cust_id=o2_0.cust_id left join employee e1_0 on e1_0.emp_id=o2_0.employee_id where (p1_0.price_date_time,p1_0.product_id) in ((?,?))
Hibernate: select p1_0.price_date_time,p1_0.product_id,p2_0.product_id,p2_0.description,p2_0.manufacturer_name,p2_0.name,p2_0.status,p2_0.unit,o1_0.product_id,o1_0.order_id,o2_0.order_id,c1_0.cust_id,c1_0.address,c1_0.email,c1_0.cust_name,c1_0.phone,o2_0.employee_id,e1_0.emp_id,e1_0.address,e1_0.dob,e1_0.email,e1_0.full_name,e1_0.phone,e1_0.status,o2_0.order_date,o1_0.note,o1_0.price,o1_0.quantity,p1_0.note,p1_0.price from product_price p1_0 join product p2_0 on p2_0.product_id=p1_0.product_id left join order_detail o1_0 on p2_0.product_id=o1_0.product_id left join orders o2_0 on o2_0.order_id=o1_0.order_id left join customer c1_0 on c1_0.cust_id=o2_0.cust_id left join employee e1_0 on e1_0.emp_id=o2_0.employee_id where (p1_0.price_date_time,p1_0.product_id) in ((?,?))
Hibernate: select p1_0.price_date_time,p1_0.product_id,p2_0.product_id,p2_0.description,p2_0.manufacturer_name,p2_0.name,p2_0.status,p2_0.unit,o1_0.product_id,o1_0.order_id,o2_0.order_id,c1_0.cust_id,c1_0.address,c1_0.email,c1_0.cust_name,c1_0.phone,o2_0.employee_id,e1_0.emp_id,e1_0.address,e1_0.dob,e1_0.email,e1_0.full_name,e1_0.phone,e1_0.status,o2_0.order_date,o1_0.note,o1_0.price,o1_0.quantity,p1_0.note,p1_0.price from product_price p1_0 join product p2_0 on p2_0.product_id=p1_0.product_id left join order_detail o1_0 on p2_0.product_id=o1_0.product_id left join orders o2_0 on o2_0.order_id=o1_0.order_id left join customer c1_0 on c1_0.cust_id=o2_0.cust_id left join employee e1_0 on e1_0.emp_id=o2_0.employee_id where (p1_0.price_date_time,p1_0.product_id) in ((?,?))
Hibernate: insert into product_price (note,price,price_date_time,product_id) values (?,?,?,?)
Hibernate: insert into product_price (note,price,price_date_time,product_id) values (?,?,?,?)
Hibernate: insert into product_price (note,price,price_date_time,product_id) values (?,?,?,?)
Hibernate: insert into product (description,manufacturer_name,name,status,unit,product_id) values (?,?,?,?,?,default)
Hibernate: select p1_0.product_id,p1_0.description,p1_0.manufacturer_name,p1_0.name,p1_0.status,p1_0.unit,o1_0.product_id,o1_0.order_id,o2_0.order_id,c1_0.cust_id,c1_0.address,c1_0.email,c1_0.cust_name,c1_0.phone,o2_0.employee_id,e1_0.emp_id,e1_0.address,e1_0.dob,e1_0.email,e1_0.full_name,e1_0.phone,e1_0.status,o2_0.order_date,o1_0.note,o1_0.price,o1_0.quantity from product p1_0 left join order_detail o1_0 on p1_0.product_id=o1_0.product_id left join orders o2_0 on o2_0.order_id=o1_0.order_id left join customer c1_0 on c1_0.cust_id=o2_0.cust_id left join employee e1_0 on e1_0.emp_id=o2_0.employee_id where p1_0.product_id=?
Hibernate: select p1_0.product_id,p1_0.price_date_time,p1_0.note,p1_0.price from product_price p1_0 where p1_0.product_id=?
Hibernate: select p1_0.product_id,p1_0.image_id,p1_0.alternative,p1_0.path from product_image p1_0 where p1_0.product_id=?
Hibernate: insert into product_image (alternative,path,product_id,image_id) values (?,?,?,default)
Hibernate: select p1_0.price_date_time,p1_0.product_id,p2_0.product_id,p2_0.description,p2_0.manufacturer_name,p2_0.name,p2_0.status,p2_0.unit,o1_0.product_id,o1_0.order_id,o2_0.order_id,c1_0.cust_id,c1_0.address,c1_0.email,c1_0.cust_name,c1_0.phone,o2_0.employee_id,e1_0.emp_id,e1_0.address,e1_0.dob,e1_0.email,e1_0.full_name,e1_0.phone,e1_0.status,o2_0.order_date,o1_0.note,o1_0.price,o1_0.quantity,p1_0.note,p1_0.price from product_price p1_0 join product p2_0 on p2_0.product_id=p1_0.product_id left join order_detail o1_0 on p2_0.product_id=o1_0.product_id left join orders o2_0 on o2_0.order_id=o1_0.order_id left join customer c1_0 on c1_0.cust_id=o2_0.cust_id left join employee e1_0 on e1_0.emp_id=o2_0.employee_id where (p1_0.price_date_time,p1_0.product_id) in ((?,?))
Hibernate: select p1_0.price_date_time,p1_0.product_id,p2_0.product_id,p2_0.description,p2_0.manufacturer_name,p2_0.name,p2_0.status,p2_0.unit,o1_0.product_id,o1_0.order_id,o2_0.order_id,c1_0.cust_id,c1_0.address,c1_0.email,c1_0.cust_name,c1_0.phone,o2_0.employee_id,e1_0.emp_id,e1_0.address,e1_0.dob,e1_0.email,e1_0.full_name,e1_0.phone,e1_0.status,o2_0.order_date,o1_0.note,o1_0.price,o1_0.quantity,p1_0.note,p1_0.price from product_price p1_0 join product p2_0 on p2_0.product_id=p1_0.product_id left join order_detail o1_0 on p2_0.product_id=o1_0.product_id left join orders o2_0 on o2_0.order_id=o1_0.order_id left join customer c1_0 on c1_0.cust_id=o2_0.cust_id left join employee e1_0 on e1_0.emp_id=o2_0.employee_id where (p1_0.price_date_time,p1_0.product_id) in ((?,?))
Hibernate: select p1_0.price_date_time,p1_0.product_id,p2_0.product_id,p2_0.description,p2_0.manufacturer_name,p2_0.name,p2_0.status,p2_0.unit,o1_0.product_id,o1_0.order_id,o2_0.order_id,c1_0.cust_id,c1_0.address,c1_0.email,c1_0.cust_name,c1_0.phone,o2_0.employee_id,e1_0.emp_id,e1_0.address,e1_0.dob,e1_0.email,e1_0.full_name,e1_0.phone,e1_0.status,o2_0.order_date,o1_0.note,o1_0.price,o1_0.quantity,p1_0.note,p1_0.price from product_price p1_0 join product p2_0 on p2_0.product_id=p1_0.product_id left join order_detail o1_0 on p2_0.product_id=o1_0.product_id left join orders o2_0 on o2_0.order_id=o1_0.order_id left join customer c1_0 on c1_0.cust_id=o2_0.cust_id left join employee e1_0 on e1_0.emp_id=o2_0.employee_id where (p1_0.price_date_time,p1_0.product_id) in ((?,?))
Hibernate: insert into product_price (note,price,price_date_time,product_id) values (?,?,?,?)
Hibernate: insert into product_price (note,price,price_date_time,product_id) values (?,?,?,?)
Hibernate: insert into product_price (note,price,price_date_time,product_id) values (?,?,?,?)
Hibernate: insert into product (description,manufacturer_name,name,status,unit,product_id) values (?,?,?,?,?,default)
Hibernate: select p1_0.product_id,p1_0.description,p1_0.manufacturer_name,p1_0.name,p1_0.status,p1_0.unit,o1_0.product_id,o1_0.order_id,o2_0.order_id,c1_0.cust_id,c1_0.address,c1_0.email,c1_0.cust_name,c1_0.phone,o2_0.employee_id,e1_0.emp_id,e1_0.address,e1_0.dob,e1_0.email,e1_0.full_name,e1_0.phone,e1_0.status,o2_0.order_date,o1_0.note,o1_0.price,o1_0.quantity from product p1_0 left join order_detail o1_0 on p1_0.product_id=o1_0.product_id left join orders o2_0 on o2_0.order_id=o1_0.order_id left join customer c1_0 on c1_0.cust_id=o2_0.cust_id left join employee e1_0 on e1_0.emp_id=o2_0.employee_id where p1_0.product_id=?
Hibernate: select p1_0.product_id,p1_0.price_date_time,p1_0.note,p1_0.price from product_price p1_0 where p1_0.product_id=?
Hibernate: select p1_0.product_id,p1_0.image_id,p1_0.alternative,p1_0.path from product_image p1_0 where p1_0.product_id=?
Hibernate: insert into product_image (alternative,path,product_id,image_id) values (?,?,?,default)
Hibernate: select p1_0.price_date_time,p1_0.product_id,p2_0.product_id,p2_0.description,p2_0.manufacturer_name,p2_0.name,p2_0.status,p2_0.unit,o1_0.product_id,o1_0.order_id,o2_0.order_id,c1_0.cust_id,c1_0.address,c1_0.email,c1_0.cust_name,c1_0.phone,o2_0.employee_id,e1_0.emp_id,e1_0.address,e1_0.dob,e1_0.email,e1_0.full_name,e1_0.phone,e1_0.status,o2_0.order_date,o1_0.note,o1_0.price,o1_0.quantity,p1_0.note,p1_0.price from product_price p1_0 join product p2_0 on p2_0.product_id=p1_0.product_id left join order_detail o1_0 on p2_0.product_id=o1_0.product_id left join orders o2_0 on o2_0.order_id=o1_0.order_id left join customer c1_0 on c1_0.cust_id=o2_0.cust_id left join employee e1_0 on e1_0.emp_id=o2_0.employee_id where (p1_0.price_date_time,p1_0.product_id) in ((?,?))
Hibernate: select p1_0.price_date_time,p1_0.product_id,p2_0.product_id,p2_0.description,p2_0.manufacturer_name,p2_0.name,p2_0.status,p2_0.unit,o1_0.product_id,o1_0.order_id,o2_0.order_id,c1_0.cust_id,c1_0.address,c1_0.email,c1_0.cust_name,c1_0.phone,o2_0.employee_id,e1_0.emp_id,e1_0.address,e1_0.dob,e1_0.email,e1_0.full_name,e1_0.phone,e1_0.status,o2_0.order_date,o1_0.note,o1_0.price,o1_0.quantity,p1_0.note,p1_0.price from product_price p1_0 join product p2_0 on p2_0.product_id=p1_0.product_id left join order_detail o1_0 on p2_0.product_id=o1_0.product_id left join orders o2_0 on o2_0.order_id=o1_0.order_id left join customer c1_0 on c1_0.cust_id=o2_0.cust_id left join employee e1_0 on e1_0.emp_id=o2_0.employee_id where (p1_0.price_date_time,p1_0.product_id) in ((?,?))
Hibernate: select p1_0.price_date_time,p1_0.product_id,p2_0.product_id,p2_0.description,p2_0.manufacturer_name,p2_0.name,p2_0.status,p2_0.unit,o1_0.product_id,o1_0.order_id,o2_0.order_id,c1_0.cust_id,c1_0.address,c1_0.email,c1_0.cust_name,c1_0.phone,o2_0.employee_id,e1_0.emp_id,e1_0.address,e1_0.dob,e1_0.email,e1_0.full_name,e1_0.phone,e1_0.status,o2_0.order_date,o1_0.note,o1_0.price,o1_0.quantity,p1_0.note,p1_0.price from product_price p1_0 join product p2_0 on p2_0.product_id=p1_0.product_id left join order_detail o1_0 on p2_0.product_id=o1_0.product_id left join orders o2_0 on o2_0.order_id=o1_0.order_id left join customer c1_0 on c1_0.cust_id=o2_0.cust_id left join employee e1_0 on e1_0.emp_id=o2_0.employee_id where (p1_0.price_date_time,p1_0.product_id) in ((?,?))
Hibernate: insert into product_price (note,price,price_date_time,product_id) values (?,?,?,?)
Hibernate: insert into product_price (note,price,price_date_time,product_id) values (?,?,?,?)
Hibernate: insert into product_price (note,price,price_date_time,product_id) values (?,?,?,?)
Hibernate: insert into product (description,manufacturer_name,name,status,unit,product_id) values (?,?,?,?,?,default)
Hibernate: select p1_0.product_id,p1_0.description,p1_0.manufacturer_name,p1_0.name,p1_0.status,p1_0.unit,o1_0.product_id,o1_0.order_id,o2_0.order_id,c1_0.cust_id,c1_0.address,c1_0.email,c1_0.cust_name,c1_0.phone,o2_0.employee_id,e1_0.emp_id,e1_0.address,e1_0.dob,e1_0.email,e1_0.full_name,e1_0.phone,e1_0.status,o2_0.order_date,o1_0.note,o1_0.price,o1_0.quantity from product p1_0 left join order_detail o1_0 on p1_0.product_id=o1_0.product_id left join orders o2_0 on o2_0.order_id=o1_0.order_id left join customer c1_0 on c1_0.cust_id=o2_0.cust_id left join employee e1_0 on e1_0.emp_id=o2_0.employee_id where p1_0.product_id=?
Hibernate: select p1_0.product_id,p1_0.price_date_time,p1_0.note,p1_0.price from product_price p1_0 where p1_0.product_id=?
Hibernate: select p1_0.product_id,p1_0.image_id,p1_0.alternative,p1_0.path from product_image p1_0 where p1_0.product_id=?
Hibernate: insert into product_image (alternative,path,product_id,image_id) values (?,?,?,default)
Hibernate: select p1_0.price_date_time,p1_0.product_id,p2_0.product_id,p2_0.description,p2_0.manufacturer_name,p2_0.name,p2_0.status,p2_0.unit,o1_0.product_id,o1_0.order_id,o2_0.order_id,c1_0.cust_id,c1_0.address,c1_0.email,c1_0.cust_name,c1_0.phone,o2_0.employee_id,e1_0.emp_id,e1_0.address,e1_0.dob,e1_0.email,e1_0.full_name,e1_0.phone,e1_0.status,o2_0.order_date,o1_0.note,o1_0.price,o1_0.quantity,p1_0.note,p1_0.price from product_price p1_0 join product p2_0 on p2_0.product_id=p1_0.product_id left join order_detail o1_0 on p2_0.product_id=o1_0.product_id left join orders o2_0 on o2_0.order_id=o1_0.order_id left join customer c1_0 on c1_0.cust_id=o2_0.cust_id left join employee e1_0 on e1_0.emp_id=o2_0.employee_id where (p1_0.price_date_time,p1_0.product_id) in ((?,?))
Hibernate: select p1_0.price_date_time,p1_0.product_id,p2_0.product_id,p2_0.description,p2_0.manufacturer_name,p2_0.name,p2_0.status,p2_0.unit,o1_0.product_id,o1_0.order_id,o2_0.order_id,c1_0.cust_id,c1_0.address,c1_0.email,c1_0.cust_name,c1_0.phone,o2_0.employee_id,e1_0.emp_id,e1_0.address,e1_0.dob,e1_0.email,e1_0.full_name,e1_0.phone,e1_0.status,o2_0.order_date,o1_0.note,o1_0.price,o1_0.quantity,p1_0.note,p1_0.price from product_price p1_0 join product p2_0 on p2_0.product_id=p1_0.product_id left join order_detail o1_0 on p2_0.product_id=o1_0.product_id left join orders o2_0 on o2_0.order_id=o1_0.order_id left join customer c1_0 on c1_0.cust_id=o2_0.cust_id left join employee e1_0 on e1_0.emp_id=o2_0.employee_id where (p1_0.price_date_time,p1_0.product_id) in ((?,?))
Hibernate: select p1_0.price_date_time,p1_0.product_id,p2_0.product_id,p2_0.description,p2_0.manufacturer_name,p2_0.name,p2_0.status,p2_0.unit,o1_0.product_id,o1_0.order_id,o2_0.order_id,c1_0.cust_id,c1_0.address,c1_0.email,c1_0.cust_name,c1_0.phone,o2_0.employee_id,e1_0.emp_id,e1_0.address,e1_0.dob,e1_0.email,e1_0.full_name,e1_0.phone,e1_0.status,o2_0.order_date,o1_0.note,o1_0.price,o1_0.quantity,p1_0.note,p1_0.price from product_price p1_0 join product p2_0 on p2_0.product_id=p1_0.product_id left join order_detail o1_0 on p2_0.product_id=o1_0.product_id left join orders o2_0 on o2_0.order_id=o1_0.order_id left join customer c1_0 on c1_0.cust_id=o2_0.cust_id left join employee e1_0 on e1_0.emp_id=o2_0.employee_id where (p1_0.price_date_time,p1_0.product_id) in ((?,?))
Hibernate: insert into product_price (note,price,price_date_time,product_id) values (?,?,?,?)
Hibernate: insert into product_price (note,price,price_date_time,product_id) values (?,?,?,?)
Hibernate: insert into product_price (note,price,price_date_time,product_id) values (?,?,?,?)
Hibernate: insert into product (description,manufacturer_name,name,status,unit,product_id) values (?,?,?,?,?,default)
Hibernate: select p1_0.product_id,p1_0.description,p1_0.manufacturer_name,p1_0.name,p1_0.status,p1_0.unit,o1_0.product_id,o1_0.order_id,o2_0.order_id,c1_0.cust_id,c1_0.address,c1_0.email,c1_0.cust_name,c1_0.phone,o2_0.employee_id,e1_0.emp_id,e1_0.address,e1_0.dob,e1_0.email,e1_0.full_name,e1_0.phone,e1_0.status,o2_0.order_date,o1_0.note,o1_0.price,o1_0.quantity from product p1_0 left join order_detail o1_0 on p1_0.product_id=o1_0.product_id left join orders o2_0 on o2_0.order_id=o1_0.order_id left join customer c1_0 on c1_0.cust_id=o2_0.cust_id left join employee e1_0 on e1_0.emp_id=o2_0.employee_id where p1_0.product_id=?
Hibernate: select p1_0.product_id,p1_0.price_date_time,p1_0.note,p1_0.price from product_price p1_0 where p1_0.product_id=?
Hibernate: select p1_0.product_id,p1_0.image_id,p1_0.alternative,p1_0.path from product_image p1_0 where p1_0.product_id=?
Hibernate: insert into product_image (alternative,path,product_id,image_id) values (?,?,?,default)
Hibernate: select p1_0.price_date_time,p1_0.product_id,p2_0.product_id,p2_0.description,p2_0.manufacturer_name,p2_0.name,p2_0.status,p2_0.unit,o1_0.product_id,o1_0.order_id,o2_0.order_id,c1_0.cust_id,c1_0.address,c1_0.email,c1_0.cust_name,c1_0.phone,o2_0.employee_id,e1_0.emp_id,e1_0.address,e1_0.dob,e1_0.email,e1_0.full_name,e1_0.phone,e1_0.status,o2_0.order_date,o1_0.note,o1_0.price,o1_0.quantity,p1_0.note,p1_0.price from product_price p1_0 join product p2_0 on p2_0.product_id=p1_0.product_id left join order_detail o1_0 on p2_0.product_id=o1_0.product_id left join orders o2_0 on o2_0.order_id=o1_0.order_id left join customer c1_0 on c1_0.cust_id=o2_0.cust_id left join employee e1_0 on e1_0.emp_id=o2_0.employee_id where (p1_0.price_date_time,p1_0.product_id) in ((?,?))
Hibernate: select p1_0.price_date_time,p1_0.product_id,p2_0.product_id,p2_0.description,p2_0.manufacturer_name,p2_0.name,p2_0.status,p2_0.unit,o1_0.product_id,o1_0.order_id,o2_0.order_id,c1_0.cust_id,c1_0.address,c1_0.email,c1_0.cust_name,c1_0.phone,o2_0.employee_id,e1_0.emp_id,e1_0.address,e1_0.dob,e1_0.email,e1_0.full_name,e1_0.phone,e1_0.status,o2_0.order_date,o1_0.note,o1_0.price,o1_0.quantity,p1_0.note,p1_0.price from product_price p1_0 join product p2_0 on p2_0.product_id=p1_0.product_id left join order_detail o1_0 on p2_0.product_id=o1_0.product_id left join orders o2_0 on o2_0.order_id=o1_0.order_id left join customer c1_0 on c1_0.cust_id=o2_0.cust_id left join employee e1_0 on e1_0.emp_id=o2_0.employee_id where (p1_0.price_date_time,p1_0.product_id) in ((?,?))
Hibernate: select p1_0.price_date_time,p1_0.product_id,p2_0.product_id,p2_0.description,p2_0.manufacturer_name,p2_0.name,p2_0.status,p2_0.unit,o1_0.product_id,o1_0.order_id,o2_0.order_id,c1_0.cust_id,c1_0.address,c1_0.email,c1_0.cust_name,c1_0.phone,o2_0.employee_id,e1_0.emp_id,e1_0.address,e1_0.dob,e1_0.email,e1_0.full_name,e1_0.phone,e1_0.status,o2_0.order_date,o1_0.note,o1_0.price,o1_0.quantity,p1_0.note,p1_0.price from product_price p1_0 join product p2_0 on p2_0.product_id=p1_0.product_id left join order_detail o1_0 on p2_0.product_id=o1_0.product_id left join orders o2_0 on o2_0.order_id=o1_0.order_id left join customer c1_0 on c1_0.cust_id=o2_0.cust_id left join employee e1_0 on e1_0.emp_id=o2_0.employee_id where (p1_0.price_date_time,p1_0.product_id) in ((?,?))
Hibernate: insert into product_price (note,price,price_date_time,product_id) values (?,?,?,?)
Hibernate: insert into product_price (note,price,price_date_time,product_id) values (?,?,?,?)
Hibernate: insert into product_price (note,price,price_date_time,product_id) values (?,?,?,?)
Hibernate: insert into product (description,manufacturer_name,name,status,unit,product_id) values (?,?,?,?,?,default)
Hibernate: select p1_0.product_id,p1_0.description,p1_0.manufacturer_name,p1_0.name,p1_0.status,p1_0.unit,o1_0.product_id,o1_0.order_id,o2_0.order_id,c1_0.cust_id,c1_0.address,c1_0.email,c1_0.cust_name,c1_0.phone,o2_0.employee_id,e1_0.emp_id,e1_0.address,e1_0.dob,e1_0.email,e1_0.full_name,e1_0.phone,e1_0.status,o2_0.order_date,o1_0.note,o1_0.price,o1_0.quantity from product p1_0 left join order_detail o1_0 on p1_0.product_id=o1_0.product_id left join orders o2_0 on o2_0.order_id=o1_0.order_id left join customer c1_0 on c1_0.cust_id=o2_0.cust_id left join employee e1_0 on e1_0.emp_id=o2_0.employee_id where p1_0.product_id=?
Hibernate: select p1_0.product_id,p1_0.price_date_time,p1_0.note,p1_0.price from product_price p1_0 where p1_0.product_id=?
Hibernate: select p1_0.product_id,p1_0.image_id,p1_0.alternative,p1_0.path from product_image p1_0 where p1_0.product_id=?
Hibernate: insert into product_image (alternative,path,product_id,image_id) values (?,?,?,default)
Hibernate: select p1_0.price_date_time,p1_0.product_id,p2_0.product_id,p2_0.description,p2_0.manufacturer_name,p2_0.name,p2_0.status,p2_0.unit,o1_0.product_id,o1_0.order_id,o2_0.order_id,c1_0.cust_id,c1_0.address,c1_0.email,c1_0.cust_name,c1_0.phone,o2_0.employee_id,e1_0.emp_id,e1_0.address,e1_0.dob,e1_0.email,e1_0.full_name,e1_0.phone,e1_0.status,o2_0.order_date,o1_0.note,o1_0.price,o1_0.quantity,p1_0.note,p1_0.price from product_price p1_0 join product p2_0 on p2_0.product_id=p1_0.product_id left join order_detail o1_0 on p2_0.product_id=o1_0.product_id left join orders o2_0 on o2_0.order_id=o1_0.order_id left join customer c1_0 on c1_0.cust_id=o2_0.cust_id left join employee e1_0 on e1_0.emp_id=o2_0.employee_id where (p1_0.price_date_time,p1_0.product_id) in ((?,?))
Hibernate: select p1_0.price_date_time,p1_0.product_id,p2_0.product_id,p2_0.description,p2_0.manufacturer_name,p2_0.name,p2_0.status,p2_0.unit,o1_0.product_id,o1_0.order_id,o2_0.order_id,c1_0.cust_id,c1_0.address,c1_0.email,c1_0.cust_name,c1_0.phone,o2_0.employee_id,e1_0.emp_id,e1_0.address,e1_0.dob,e1_0.email,e1_0.full_name,e1_0.phone,e1_0.status,o2_0.order_date,o1_0.note,o1_0.price,o1_0.quantity,p1_0.note,p1_0.price from product_price p1_0 join product p2_0 on p2_0.product_id=p1_0.product_id left join order_detail o1_0 on p2_0.product_id=o1_0.product_id left join orders o2_0 on o2_0.order_id=o1_0.order_id left join customer c1_0 on c1_0.cust_id=o2_0.cust_id left join employee e1_0 on e1_0.emp_id=o2_0.employee_id where (p1_0.price_date_time,p1_0.product_id) in ((?,?))
Hibernate: select p1_0.price_date_time,p1_0.product_id,p2_0.product_id,p2_0.description,p2_0.manufacturer_name,p2_0.name,p2_0.status,p2_0.unit,o1_0.product_id,o1_0.order_id,o2_0.order_id,c1_0.cust_id,c1_0.address,c1_0.email,c1_0.cust_name,c1_0.phone,o2_0.employee_id,e1_0.emp_id,e1_0.address,e1_0.dob,e1_0.email,e1_0.full_name,e1_0.phone,e1_0.status,o2_0.order_date,o1_0.note,o1_0.price,o1_0.quantity,p1_0.note,p1_0.price from product_price p1_0 join product p2_0 on p2_0.product_id=p1_0.product_id left join order_detail o1_0 on p2_0.product_id=o1_0.product_id left join orders o2_0 on o2_0.order_id=o1_0.order_id left join customer c1_0 on c1_0.cust_id=o2_0.cust_id left join employee e1_0 on e1_0.emp_id=o2_0.employee_id where (p1_0.price_date_time,p1_0.product_id) in ((?,?))
Hibernate: insert into product_price (note,price,price_date_time,product_id) values (?,?,?,?)
Hibernate: insert into product_price (note,price,price_date_time,product_id) values (?,?,?,?)
Hibernate: insert into product_price (note,price,price_date_time,product_id) values (?,?,?,?)
Hibernate: insert into product (description,manufacturer_name,name,status,unit,product_id) values (?,?,?,?,?,default)
Hibernate: select p1_0.product_id,p1_0.description,p1_0.manufacturer_name,p1_0.name,p1_0.status,p1_0.unit,o1_0.product_id,o1_0.order_id,o2_0.order_id,c1_0.cust_id,c1_0.address,c1_0.email,c1_0.cust_name,c1_0.phone,o2_0.employee_id,e1_0.emp_id,e1_0.address,e1_0.dob,e1_0.email,e1_0.full_name,e1_0.phone,e1_0.status,o2_0.order_date,o1_0.note,o1_0.price,o1_0.quantity from product p1_0 left join order_detail o1_0 on p1_0.product_id=o1_0.product_id left join orders o2_0 on o2_0.order_id=o1_0.order_id left join customer c1_0 on c1_0.cust_id=o2_0.cust_id left join employee e1_0 on e1_0.emp_id=o2_0.employee_id where p1_0.product_id=?
Hibernate: select p1_0.product_id,p1_0.price_date_time,p1_0.note,p1_0.price from product_price p1_0 where p1_0.product_id=?
Hibernate: select p1_0.product_id,p1_0.image_id,p1_0.alternative,p1_0.path from product_image p1_0 where p1_0.product_id=?
Hibernate: insert into product_image (alternative,path,product_id,image_id) values (?,?,?,default)
Hibernate: select p1_0.price_date_time,p1_0.product_id,p2_0.product_id,p2_0.description,p2_0.manufacturer_name,p2_0.name,p2_0.status,p2_0.unit,o1_0.product_id,o1_0.order_id,o2_0.order_id,c1_0.cust_id,c1_0.address,c1_0.email,c1_0.cust_name,c1_0.phone,o2_0.employee_id,e1_0.emp_id,e1_0.address,e1_0.dob,e1_0.email,e1_0.full_name,e1_0.phone,e1_0.status,o2_0.order_date,o1_0.note,o1_0.price,o1_0.quantity,p1_0.note,p1_0.price from product_price p1_0 join product p2_0 on p2_0.product_id=p1_0.product_id left join order_detail o1_0 on p2_0.product_id=o1_0.product_id left join orders o2_0 on o2_0.order_id=o1_0.order_id left join customer c1_0 on c1_0.cust_id=o2_0.cust_id left join employee e1_0 on e1_0.emp_id=o2_0.employee_id where (p1_0.price_date_time,p1_0.product_id) in ((?,?))
Hibernate: select p1_0.price_date_time,p1_0.product_id,p2_0.product_id,p2_0.description,p2_0.manufacturer_name,p2_0.name,p2_0.status,p2_0.unit,o1_0.product_id,o1_0.order_id,o2_0.order_id,c1_0.cust_id,c1_0.address,c1_0.email,c1_0.cust_name,c1_0.phone,o2_0.employee_id,e1_0.emp_id,e1_0.address,e1_0.dob,e1_0.email,e1_0.full_name,e1_0.phone,e1_0.status,o2_0.order_date,o1_0.note,o1_0.price,o1_0.quantity,p1_0.note,p1_0.price from product_price p1_0 join product p2_0 on p2_0.product_id=p1_0.product_id left join order_detail o1_0 on p2_0.product_id=o1_0.product_id left join orders o2_0 on o2_0.order_id=o1_0.order_id left join customer c1_0 on c1_0.cust_id=o2_0.cust_id left join employee e1_0 on e1_0.emp_id=o2_0.employee_id where (p1_0.price_date_time,p1_0.product_id) in ((?,?))
Hibernate: select p1_0.price_date_time,p1_0.product_id,p2_0.product_id,p2_0.description,p2_0.manufacturer_name,p2_0.name,p2_0.status,p2_0.unit,o1_0.product_id,o1_0.order_id,o2_0.order_id,c1_0.cust_id,c1_0.address,c1_0.email,c1_0.cust_name,c1_0.phone,o2_0.employee_id,e1_0.emp_id,e1_0.address,e1_0.dob,e1_0.email,e1_0.full_name,e1_0.phone,e1_0.status,o2_0.order_date,o1_0.note,o1_0.price,o1_0.quantity,p1_0.note,p1_0.price from product_price p1_0 join product p2_0 on p2_0.product_id=p1_0.product_id left join order_detail o1_0 on p2_0.product_id=o1_0.product_id left join orders o2_0 on o2_0.order_id=o1_0.order_id left join customer c1_0 on c1_0.cust_id=o2_0.cust_id left join employee e1_0 on e1_0.emp_id=o2_0.employee_id where (p1_0.price_date_time,p1_0.product_id) in ((?,?))
Hibernate: insert into product_price (note,price,price_date_time,product_id) values (?,?,?,?)
Hibernate: insert into product_price (note,price,price_date_time,product_id) values (?,?,?,?)
Hibernate: insert into product_price (note,price,price_date_time,product_id) values (?,?,?,?)
Hibernate: insert into product (description,manufacturer_name,name,status,unit,product_id) values (?,?,?,?,?,default)
Hibernate: select p1_0.product_id,p1_0.description,p1_0.manufacturer_name,p1_0.name,p1_0.status,p1_0.unit,o1_0.product_id,o1_0.order_id,o2_0.order_id,c1_0.cust_id,c1_0.address,c1_0.email,c1_0.cust_name,c1_0.phone,o2_0.employee_id,e1_0.emp_id,e1_0.address,e1_0.dob,e1_0.email,e1_0.full_name,e1_0.phone,e1_0.status,o2_0.order_date,o1_0.note,o1_0.price,o1_0.quantity from product p1_0 left join order_detail o1_0 on p1_0.product_id=o1_0.product_id left join orders o2_0 on o2_0.order_id=o1_0.order_id left join customer c1_0 on c1_0.cust_id=o2_0.cust_id left join employee e1_0 on e1_0.emp_id=o2_0.employee_id where p1_0.product_id=?
Hibernate: select p1_0.product_id,p1_0.price_date_time,p1_0.note,p1_0.price from product_price p1_0 where p1_0.product_id=?
Hibernate: select p1_0.product_id,p1_0.image_id,p1_0.alternative,p1_0.path from product_image p1_0 where p1_0.product_id=?
Hibernate: insert into product_image (alternative,path,product_id,image_id) values (?,?,?,default)
Hibernate: select p1_0.price_date_time,p1_0.product_id,p2_0.product_id,p2_0.description,p2_0.manufacturer_name,p2_0.name,p2_0.status,p2_0.unit,o1_0.product_id,o1_0.order_id,o2_0.order_id,c1_0.cust_id,c1_0.address,c1_0.email,c1_0.cust_name,c1_0.phone,o2_0.employee_id,e1_0.emp_id,e1_0.address,e1_0.dob,e1_0.email,e1_0.full_name,e1_0.phone,e1_0.status,o2_0.order_date,o1_0.note,o1_0.price,o1_0.quantity,p1_0.note,p1_0.price from product_price p1_0 join product p2_0 on p2_0.product_id=p1_0.product_id left join order_detail o1_0 on p2_0.product_id=o1_0.product_id left join orders o2_0 on o2_0.order_id=o1_0.order_id left join customer c1_0 on c1_0.cust_id=o2_0.cust_id left join employee e1_0 on e1_0.emp_id=o2_0.employee_id where (p1_0.price_date_time,p1_0.product_id) in ((?,?))
Hibernate: select p1_0.price_date_time,p1_0.product_id,p2_0.product_id,p2_0.description,p2_0.manufacturer_name,p2_0.name,p2_0.status,p2_0.unit,o1_0.product_id,o1_0.order_id,o2_0.order_id,c1_0.cust_id,c1_0.address,c1_0.email,c1_0.cust_name,c1_0.phone,o2_0.employee_id,e1_0.emp_id,e1_0.address,e1_0.dob,e1_0.email,e1_0.full_name,e1_0.phone,e1_0.status,o2_0.order_date,o1_0.note,o1_0.price,o1_0.quantity,p1_0.note,p1_0.price from product_price p1_0 join product p2_0 on p2_0.product_id=p1_0.product_id left join order_detail o1_0 on p2_0.product_id=o1_0.product_id left join orders o2_0 on o2_0.order_id=o1_0.order_id left join customer c1_0 on c1_0.cust_id=o2_0.cust_id left join employee e1_0 on e1_0.emp_id=o2_0.employee_id where (p1_0.price_date_time,p1_0.product_id) in ((?,?))
Hibernate: select p1_0.price_date_time,p1_0.product_id,p2_0.product_id,p2_0.description,p2_0.manufacturer_name,p2_0.name,p2_0.status,p2_0.unit,o1_0.product_id,o1_0.order_id,o2_0.order_id,c1_0.cust_id,c1_0.address,c1_0.email,c1_0.cust_name,c1_0.phone,o2_0.employee_id,e1_0.emp_id,e1_0.address,e1_0.dob,e1_0.email,e1_0.full_name,e1_0.phone,e1_0.status,o2_0.order_date,o1_0.note,o1_0.price,o1_0.quantity,p1_0.note,p1_0.price from product_price p1_0 join product p2_0 on p2_0.product_id=p1_0.product_id left join order_detail o1_0 on p2_0.product_id=o1_0.product_id left join orders o2_0 on o2_0.order_id=o1_0.order_id left join customer c1_0 on c1_0.cust_id=o2_0.cust_id left join employee e1_0 on e1_0.emp_id=o2_0.employee_id where (p1_0.price_date_time,p1_0.product_id) in ((?,?))
Hibernate: insert into product_price (note,price,price_date_time,product_id) values (?,?,?,?)
Hibernate: insert into product_price (note,price,price_date_time,product_id) values (?,?,?,?)
Hibernate: insert into product_price (note,price,price_date_time,product_id) values (?,?,?,?)
Hibernate: insert into product (description,manufacturer_name,name,status,unit,product_id) values (?,?,?,?,?,default)
Hibernate: select p1_0.product_id,p1_0.description,p1_0.manufacturer_name,p1_0.name,p1_0.status,p1_0.unit,o1_0.product_id,o1_0.order_id,o2_0.order_id,c1_0.cust_id,c1_0.address,c1_0.email,c1_0.cust_name,c1_0.phone,o2_0.employee_id,e1_0.emp_id,e1_0.address,e1_0.dob,e1_0.email,e1_0.full_name,e1_0.phone,e1_0.status,o2_0.order_date,o1_0.note,o1_0.price,o1_0.quantity from product p1_0 left join order_detail o1_0 on p1_0.product_id=o1_0.product_id left join orders o2_0 on o2_0.order_id=o1_0.order_id left join customer c1_0 on c1_0.cust_id=o2_0.cust_id left join employee e1_0 on e1_0.emp_id=o2_0.employee_id where p1_0.product_id=?
Hibernate: select p1_0.product_id,p1_0.price_date_time,p1_0.note,p1_0.price from product_price p1_0 where p1_0.product_id=?
Hibernate: select p1_0.product_id,p1_0.image_id,p1_0.alternative,p1_0.path from product_image p1_0 where p1_0.product_id=?
Hibernate: insert into product_image (alternative,path,product_id,image_id) values (?,?,?,default)
Hibernate: select p1_0.price_date_time,p1_0.product_id,p2_0.product_id,p2_0.description,p2_0.manufacturer_name,p2_0.name,p2_0.status,p2_0.unit,o1_0.product_id,o1_0.order_id,o2_0.order_id,c1_0.cust_id,c1_0.address,c1_0.email,c1_0.cust_name,c1_0.phone,o2_0.employee_id,e1_0.emp_id,e1_0.address,e1_0.dob,e1_0.email,e1_0.full_name,e1_0.phone,e1_0.status,o2_0.order_date,o1_0.note,o1_0.price,o1_0.quantity,p1_0.note,p1_0.price from product_price p1_0 join product p2_0 on p2_0.product_id=p1_0.product_id left join order_detail o1_0 on p2_0.product_id=o1_0.product_id left join orders o2_0 on o2_0.order_id=o1_0.order_id left join customer c1_0 on c1_0.cust_id=o2_0.cust_id left join employee e1_0 on e1_0.emp_id=o2_0.employee_id where (p1_0.price_date_time,p1_0.product_id) in ((?,?))
Hibernate: select p1_0.price_date_time,p1_0.product_id,p2_0.product_id,p2_0.description,p2_0.manufacturer_name,p2_0.name,p2_0.status,p2_0.unit,o1_0.product_id,o1_0.order_id,o2_0.order_id,c1_0.cust_id,c1_0.address,c1_0.email,c1_0.cust_name,c1_0.phone,o2_0.employee_id,e1_0.emp_id,e1_0.address,e1_0.dob,e1_0.email,e1_0.full_name,e1_0.phone,e1_0.status,o2_0.order_date,o1_0.note,o1_0.price,o1_0.quantity,p1_0.note,p1_0.price from product_price p1_0 join product p2_0 on p2_0.product_id=p1_0.product_id left join order_detail o1_0 on p2_0.product_id=o1_0.product_id left join orders o2_0 on o2_0.order_id=o1_0.order_id left join customer c1_0 on c1_0.cust_id=o2_0.cust_id left join employee e1_0 on e1_0.emp_id=o2_0.employee_id where (p1_0.price_date_time,p1_0.product_id) in ((?,?))
Hibernate: select p1_0.price_date_time,p1_0.product_id,p2_0.product_id,p2_0.description,p2_0.manufacturer_name,p2_0.name,p2_0.status,p2_0.unit,o1_0.product_id,o1_0.order_id,o2_0.order_id,c1_0.cust_id,c1_0.address,c1_0.email,c1_0.cust_name,c1_0.phone,o2_0.employee_id,e1_0.emp_id,e1_0.address,e1_0.dob,e1_0.email,e1_0.full_name,e1_0.phone,e1_0.status,o2_0.order_date,o1_0.note,o1_0.price,o1_0.quantity,p1_0.note,p1_0.price from product_price p1_0 join product p2_0 on p2_0.product_id=p1_0.product_id left join order_detail o1_0 on p2_0.product_id=o1_0.product_id left join orders o2_0 on o2_0.order_id=o1_0.order_id left join customer c1_0 on c1_0.cust_id=o2_0.cust_id left join employee e1_0 on e1_0.emp_id=o2_0.employee_id where (p1_0.price_date_time,p1_0.product_id) in ((?,?))
Hibernate: insert into product_price (note,price,price_date_time,product_id) values (?,?,?,?)
Hibernate: insert into product_price (note,price,price_date_time,product_id) values (?,?,?,?)
Hibernate: insert into product_price (note,price,price_date_time,product_id) values (?,?,?,?)
Hibernate: insert into product (description,manufacturer_name,name,status,unit,product_id) values (?,?,?,?,?,default)
Hibernate: select p1_0.product_id,p1_0.description,p1_0.manufacturer_name,p1_0.name,p1_0.status,p1_0.unit,o1_0.product_id,o1_0.order_id,o2_0.order_id,c1_0.cust_id,c1_0.address,c1_0.email,c1_0.cust_name,c1_0.phone,o2_0.employee_id,e1_0.emp_id,e1_0.address,e1_0.dob,e1_0.email,e1_0.full_name,e1_0.phone,e1_0.status,o2_0.order_date,o1_0.note,o1_0.price,o1_0.quantity from product p1_0 left join order_detail o1_0 on p1_0.product_id=o1_0.product_id left join orders o2_0 on o2_0.order_id=o1_0.order_id left join customer c1_0 on c1_0.cust_id=o2_0.cust_id left join employee e1_0 on e1_0.emp_id=o2_0.employee_id where p1_0.product_id=?
Hibernate: select p1_0.product_id,p1_0.price_date_time,p1_0.note,p1_0.price from product_price p1_0 where p1_0.product_id=?
Hibernate: select p1_0.product_id,p1_0.image_id,p1_0.alternative,p1_0.path from product_image p1_0 where p1_0.product_id=?
Hibernate: insert into product_image (alternative,path,product_id,image_id) values (?,?,?,default)
Hibernate: select p1_0.price_date_time,p1_0.product_id,p2_0.product_id,p2_0.description,p2_0.manufacturer_name,p2_0.name,p2_0.status,p2_0.unit,o1_0.product_id,o1_0.order_id,o2_0.order_id,c1_0.cust_id,c1_0.address,c1_0.email,c1_0.cust_name,c1_0.phone,o2_0.employee_id,e1_0.emp_id,e1_0.address,e1_0.dob,e1_0.email,e1_0.full_name,e1_0.phone,e1_0.status,o2_0.order_date,o1_0.note,o1_0.price,o1_0.quantity,p1_0.note,p1_0.price from product_price p1_0 join product p2_0 on p2_0.product_id=p1_0.product_id left join order_detail o1_0 on p2_0.product_id=o1_0.product_id left join orders o2_0 on o2_0.order_id=o1_0.order_id left join customer c1_0 on c1_0.cust_id=o2_0.cust_id left join employee e1_0 on e1_0.emp_id=o2_0.employee_id where (p1_0.price_date_time,p1_0.product_id) in ((?,?))
Hibernate: select p1_0.price_date_time,p1_0.product_id,p2_0.product_id,p2_0.description,p2_0.manufacturer_name,p2_0.name,p2_0.status,p2_0.unit,o1_0.product_id,o1_0.order_id,o2_0.order_id,c1_0.cust_id,c1_0.address,c1_0.email,c1_0.cust_name,c1_0.phone,o2_0.employee_id,e1_0.emp_id,e1_0.address,e1_0.dob,e1_0.email,e1_0.full_name,e1_0.phone,e1_0.status,o2_0.order_date,o1_0.note,o1_0.price,o1_0.quantity,p1_0.note,p1_0.price from product_price p1_0 join product p2_0 on p2_0.product_id=p1_0.product_id left join order_detail o1_0 on p2_0.product_id=o1_0.product_id left join orders o2_0 on o2_0.order_id=o1_0.order_id left join customer c1_0 on c1_0.cust_id=o2_0.cust_id left join employee e1_0 on e1_0.emp_id=o2_0.employee_id where (p1_0.price_date_time,p1_0.product_id) in ((?,?))
Hibernate: select p1_0.price_date_time,p1_0.product_id,p2_0.product_id,p2_0.description,p2_0.manufacturer_name,p2_0.name,p2_0.status,p2_0.unit,o1_0.product_id,o1_0.order_id,o2_0.order_id,c1_0.cust_id,c1_0.address,c1_0.email,c1_0.cust_name,c1_0.phone,o2_0.employee_id,e1_0.emp_id,e1_0.address,e1_0.dob,e1_0.email,e1_0.full_name,e1_0.phone,e1_0.status,o2_0.order_date,o1_0.note,o1_0.price,o1_0.quantity,p1_0.note,p1_0.price from product_price p1_0 join product p2_0 on p2_0.product_id=p1_0.product_id left join order_detail o1_0 on p2_0.product_id=o1_0.product_id left join orders o2_0 on o2_0.order_id=o1_0.order_id left join customer c1_0 on c1_0.cust_id=o2_0.cust_id left join employee e1_0 on e1_0.emp_id=o2_0.employee_id where (p1_0.price_date_time,p1_0.product_id) in ((?,?))
Hibernate: insert into product_price (note,price,price_date_time,product_id) values (?,?,?,?)
Hibernate: insert into product_price (note,price,price_date_time,product_id) values (?,?,?,?)
Hibernate: insert into product_price (note,price,price_date_time,product_id) values (?,?,?,?)
Hibernate: insert into product (description,manufacturer_name,name,status,unit,product_id) values (?,?,?,?,?,default)
Hibernate: select p1_0.product_id,p1_0.description,p1_0.manufacturer_name,p1_0.name,p1_0.status,p1_0.unit,o1_0.product_id,o1_0.order_id,o2_0.order_id,c1_0.cust_id,c1_0.address,c1_0.email,c1_0.cust_name,c1_0.phone,o2_0.employee_id,e1_0.emp_id,e1_0.address,e1_0.dob,e1_0.email,e1_0.full_name,e1_0.phone,e1_0.status,o2_0.order_date,o1_0.note,o1_0.price,o1_0.quantity from product p1_0 left join order_detail o1_0 on p1_0.product_id=o1_0.product_id left join orders o2_0 on o2_0.order_id=o1_0.order_id left join customer c1_0 on c1_0.cust_id=o2_0.cust_id left join employee e1_0 on e1_0.emp_id=o2_0.employee_id where p1_0.product_id=?
Hibernate: select p1_0.product_id,p1_0.price_date_time,p1_0.note,p1_0.price from product_price p1_0 where p1_0.product_id=?
Hibernate: select p1_0.product_id,p1_0.image_id,p1_0.alternative,p1_0.path from product_image p1_0 where p1_0.product_id=?
Hibernate: insert into product_image (alternative,path,product_id,image_id) values (?,?,?,default)
Hibernate: select p1_0.price_date_time,p1_0.product_id,p2_0.product_id,p2_0.description,p2_0.manufacturer_name,p2_0.name,p2_0.status,p2_0.unit,o1_0.product_id,o1_0.order_id,o2_0.order_id,c1_0.cust_id,c1_0.address,c1_0.email,c1_0.cust_name,c1_0.phone,o2_0.employee_id,e1_0.emp_id,e1_0.address,e1_0.dob,e1_0.email,e1_0.full_name,e1_0.phone,e1_0.status,o2_0.order_date,o1_0.note,o1_0.price,o1_0.quantity,p1_0.note,p1_0.price from product_price p1_0 join product p2_0 on p2_0.product_id=p1_0.product_id left join order_detail o1_0 on p2_0.product_id=o1_0.product_id left join orders o2_0 on o2_0.order_id=o1_0.order_id left join customer c1_0 on c1_0.cust_id=o2_0.cust_id left join employee e1_0 on e1_0.emp_id=o2_0.employee_id where (p1_0.price_date_time,p1_0.product_id) in ((?,?))
Hibernate: select p1_0.price_date_time,p1_0.product_id,p2_0.product_id,p2_0.description,p2_0.manufacturer_name,p2_0.name,p2_0.status,p2_0.unit,o1_0.product_id,o1_0.order_id,o2_0.order_id,c1_0.cust_id,c1_0.address,c1_0.email,c1_0.cust_name,c1_0.phone,o2_0.employee_id,e1_0.emp_id,e1_0.address,e1_0.dob,e1_0.email,e1_0.full_name,e1_0.phone,e1_0.status,o2_0.order_date,o1_0.note,o1_0.price,o1_0.quantity,p1_0.note,p1_0.price from product_price p1_0 join product p2_0 on p2_0.product_id=p1_0.product_id left join order_detail o1_0 on p2_0.product_id=o1_0.product_id left join orders o2_0 on o2_0.order_id=o1_0.order_id left join customer c1_0 on c1_0.cust_id=o2_0.cust_id left join employee e1_0 on e1_0.emp_id=o2_0.employee_id where (p1_0.price_date_time,p1_0.product_id) in ((?,?))
Hibernate: select p1_0.price_date_time,p1_0.product_id,p2_0.product_id,p2_0.description,p2_0.manufacturer_name,p2_0.name,p2_0.status,p2_0.unit,o1_0.product_id,o1_0.order_id,o2_0.order_id,c1_0.cust_id,c1_0.address,c1_0.email,c1_0.cust_name,c1_0.phone,o2_0.employee_id,e1_0.emp_id,e1_0.address,e1_0.dob,e1_0.email,e1_0.full_name,e1_0.phone,e1_0.status,o2_0.order_date,o1_0.note,o1_0.price,o1_0.quantity,p1_0.note,p1_0.price from product_price p1_0 join product p2_0 on p2_0.product_id=p1_0.product_id left join order_detail o1_0 on p2_0.product_id=o1_0.product_id left join orders o2_0 on o2_0.order_id=o1_0.order_id left join customer c1_0 on c1_0.cust_id=o2_0.cust_id left join employee e1_0 on e1_0.emp_id=o2_0.employee_id where (p1_0.price_date_time,p1_0.product_id) in ((?,?))
Hibernate: insert into product_price (note,price,price_date_time,product_id) values (?,?,?,?)
Hibernate: insert into product_price (note,price,price_date_time,product_id) values (?,?,?,?)
Hibernate: insert into product_price (note,price,price_date_time,product_id) values (?,?,?,?)
Hibernate: insert into product (description,manufacturer_name,name,status,unit,product_id) values (?,?,?,?,?,default)
Hibernate: select p1_0.product_id,p1_0.description,p1_0.manufacturer_name,p1_0.name,p1_0.status,p1_0.unit,o1_0.product_id,o1_0.order_id,o2_0.order_id,c1_0.cust_id,c1_0.address,c1_0.email,c1_0.cust_name,c1_0.phone,o2_0.employee_id,e1_0.emp_id,e1_0.address,e1_0.dob,e1_0.email,e1_0.full_name,e1_0.phone,e1_0.status,o2_0.order_date,o1_0.note,o1_0.price,o1_0.quantity from product p1_0 left join order_detail o1_0 on p1_0.product_id=o1_0.product_id left join orders o2_0 on o2_0.order_id=o1_0.order_id left join customer c1_0 on c1_0.cust_id=o2_0.cust_id left join employee e1_0 on e1_0.emp_id=o2_0.employee_id where p1_0.product_id=?
Hibernate: select p1_0.product_id,p1_0.price_date_time,p1_0.note,p1_0.price from product_price p1_0 where p1_0.product_id=?
Hibernate: select p1_0.product_id,p1_0.image_id,p1_0.alternative,p1_0.path from product_image p1_0 where p1_0.product_id=?
Hibernate: insert into product_image (alternative,path,product_id,image_id) values (?,?,?,default)
Hibernate: select p1_0.price_date_time,p1_0.product_id,p2_0.product_id,p2_0.description,p2_0.manufacturer_name,p2_0.name,p2_0.status,p2_0.unit,o1_0.product_id,o1_0.order_id,o2_0.order_id,c1_0.cust_id,c1_0.address,c1_0.email,c1_0.cust_name,c1_0.phone,o2_0.employee_id,e1_0.emp_id,e1_0.address,e1_0.dob,e1_0.email,e1_0.full_name,e1_0.phone,e1_0.status,o2_0.order_date,o1_0.note,o1_0.price,o1_0.quantity,p1_0.note,p1_0.price from product_price p1_0 join product p2_0 on p2_0.product_id=p1_0.product_id left join order_detail o1_0 on p2_0.product_id=o1_0.product_id left join orders o2_0 on o2_0.order_id=o1_0.order_id left join customer c1_0 on c1_0.cust_id=o2_0.cust_id left join employee e1_0 on e1_0.emp_id=o2_0.employee_id where (p1_0.price_date_time,p1_0.product_id) in ((?,?))
Hibernate: select p1_0.price_date_time,p1_0.product_id,p2_0.product_id,p2_0.description,p2_0.manufacturer_name,p2_0.name,p2_0.status,p2_0.unit,o1_0.product_id,o1_0.order_id,o2_0.order_id,c1_0.cust_id,c1_0.address,c1_0.email,c1_0.cust_name,c1_0.phone,o2_0.employee_id,e1_0.emp_id,e1_0.address,e1_0.dob,e1_0.email,e1_0.full_name,e1_0.phone,e1_0.status,o2_0.order_date,o1_0.note,o1_0.price,o1_0.quantity,p1_0.note,p1_0.price from product_price p1_0 join product p2_0 on p2_0.product_id=p1_0.product_id left join order_detail o1_0 on p2_0.product_id=o1_0.product_id left join orders o2_0 on o2_0.order_id=o1_0.order_id left join customer c1_0 on c1_0.cust_id=o2_0.cust_id left join employee e1_0 on e1_0.emp_id=o2_0.employee_id where (p1_0.price_date_time,p1_0.product_id) in ((?,?))
Hibernate: select p1_0.price_date_time,p1_0.product_id,p2_0.product_id,p2_0.description,p2_0.manufacturer_name,p2_0.name,p2_0.status,p2_0.unit,o1_0.product_id,o1_0.order_id,o2_0.order_id,c1_0.cust_id,c1_0.address,c1_0.email,c1_0.cust_name,c1_0.phone,o2_0.employee_id,e1_0.emp_id,e1_0.address,e1_0.dob,e1_0.email,e1_0.full_name,e1_0.phone,e1_0.status,o2_0.order_date,o1_0.note,o1_0.price,o1_0.quantity,p1_0.note,p1_0.price from product_price p1_0 join product p2_0 on p2_0.product_id=p1_0.product_id left join order_detail o1_0 on p2_0.product_id=o1_0.product_id left join orders o2_0 on o2_0.order_id=o1_0.order_id left join customer c1_0 on c1_0.cust_id=o2_0.cust_id left join employee e1_0 on e1_0.emp_id=o2_0.employee_id where (p1_0.price_date_time,p1_0.product_id) in ((?,?))
Hibernate: insert into product_price (note,price,price_date_time,product_id) values (?,?,?,?)
Hibernate: insert into product_price (note,price,price_date_time,product_id) values (?,?,?,?)
Hibernate: insert into product_price (note,price,price_date_time,product_id) values (?,?,?,?)
Hibernate: insert into product (description,manufacturer_name,name,status,unit,product_id) values (?,?,?,?,?,default)
Hibernate: select p1_0.product_id,p1_0.description,p1_0.manufacturer_name,p1_0.name,p1_0.status,p1_0.unit,o1_0.product_id,o1_0.order_id,o2_0.order_id,c1_0.cust_id,c1_0.address,c1_0.email,c1_0.cust_name,c1_0.phone,o2_0.employee_id,e1_0.emp_id,e1_0.address,e1_0.dob,e1_0.email,e1_0.full_name,e1_0.phone,e1_0.status,o2_0.order_date,o1_0.note,o1_0.price,o1_0.quantity from product p1_0 left join order_detail o1_0 on p1_0.product_id=o1_0.product_id left join orders o2_0 on o2_0.order_id=o1_0.order_id left join customer c1_0 on c1_0.cust_id=o2_0.cust_id left join employee e1_0 on e1_0.emp_id=o2_0.employee_id where p1_0.product_id=?
Hibernate: select p1_0.product_id,p1_0.price_date_time,p1_0.note,p1_0.price from product_price p1_0 where p1_0.product_id=?
Hibernate: select p1_0.product_id,p1_0.image_id,p1_0.alternative,p1_0.path from product_image p1_0 where p1_0.product_id=?
Hibernate: insert into product_image (alternative,path,product_id,image_id) values (?,?,?,default)
Hibernate: select p1_0.price_date_time,p1_0.product_id,p2_0.product_id,p2_0.description,p2_0.manufacturer_name,p2_0.name,p2_0.status,p2_0.unit,o1_0.product_id,o1_0.order_id,o2_0.order_id,c1_0.cust_id,c1_0.address,c1_0.email,c1_0.cust_name,c1_0.phone,o2_0.employee_id,e1_0.emp_id,e1_0.address,e1_0.dob,e1_0.email,e1_0.full_name,e1_0.phone,e1_0.status,o2_0.order_date,o1_0.note,o1_0.price,o1_0.quantity,p1_0.note,p1_0.price from product_price p1_0 join product p2_0 on p2_0.product_id=p1_0.product_id left join order_detail o1_0 on p2_0.product_id=o1_0.product_id left join orders o2_0 on o2_0.order_id=o1_0.order_id left join customer c1_0 on c1_0.cust_id=o2_0.cust_id left join employee e1_0 on e1_0.emp_id=o2_0.employee_id where (p1_0.price_date_time,p1_0.product_id) in ((?,?))
Hibernate: select p1_0.price_date_time,p1_0.product_id,p2_0.product_id,p2_0.description,p2_0.manufacturer_name,p2_0.name,p2_0.status,p2_0.unit,o1_0.product_id,o1_0.order_id,o2_0.order_id,c1_0.cust_id,c1_0.address,c1_0.email,c1_0.cust_name,c1_0.phone,o2_0.employee_id,e1_0.emp_id,e1_0.address,e1_0.dob,e1_0.email,e1_0.full_name,e1_0.phone,e1_0.status,o2_0.order_date,o1_0.note,o1_0.price,o1_0.quantity,p1_0.note,p1_0.price from product_price p1_0 join product p2_0 on p2_0.product_id=p1_0.product_id left join order_detail o1_0 on p2_0.product_id=o1_0.product_id left join orders o2_0 on o2_0.order_id=o1_0.order_id left join customer c1_0 on c1_0.cust_id=o2_0.cust_id left join employee e1_0 on e1_0.emp_id=o2_0.employee_id where (p1_0.price_date_time,p1_0.product_id) in ((?,?))
Hibernate: select p1_0.price_date_time,p1_0.product_id,p2_0.product_id,p2_0.description,p2_0.manufacturer_name,p2_0.name,p2_0.status,p2_0.unit,o1_0.product_id,o1_0.order_id,o2_0.order_id,c1_0.cust_id,c1_0.address,c1_0.email,c1_0.cust_name,c1_0.phone,o2_0.employee_id,e1_0.emp_id,e1_0.address,e1_0.dob,e1_0.email,e1_0.full_name,e1_0.phone,e1_0.status,o2_0.order_date,o1_0.note,o1_0.price,o1_0.quantity,p1_0.note,p1_0.price from product_price p1_0 join product p2_0 on p2_0.product_id=p1_0.product_id left join order_detail o1_0 on p2_0.product_id=o1_0.product_id left join orders o2_0 on o2_0.order_id=o1_0.order_id left join customer c1_0 on c1_0.cust_id=o2_0.cust_id left join employee e1_0 on e1_0.emp_id=o2_0.employee_id where (p1_0.price_date_time,p1_0.product_id) in ((?,?))
Hibernate: insert into product_price (note,price,price_date_time,product_id) values (?,?,?,?)
Hibernate: insert into product_price (note,price,price_date_time,product_id) values (?,?,?,?)
Hibernate: insert into product_price (note,price,price_date_time,product_id) values (?,?,?,?)
Hibernate: insert into product (description,manufacturer_name,name,status,unit,product_id) values (?,?,?,?,?,default)
Hibernate: select p1_0.product_id,p1_0.description,p1_0.manufacturer_name,p1_0.name,p1_0.status,p1_0.unit,o1_0.product_id,o1_0.order_id,o2_0.order_id,c1_0.cust_id,c1_0.address,c1_0.email,c1_0.cust_name,c1_0.phone,o2_0.employee_id,e1_0.emp_id,e1_0.address,e1_0.dob,e1_0.email,e1_0.full_name,e1_0.phone,e1_0.status,o2_0.order_date,o1_0.note,o1_0.price,o1_0.quantity from product p1_0 left join order_detail o1_0 on p1_0.product_id=o1_0.product_id left join orders o2_0 on o2_0.order_id=o1_0.order_id left join customer c1_0 on c1_0.cust_id=o2_0.cust_id left join employee e1_0 on e1_0.emp_id=o2_0.employee_id where p1_0.product_id=?
Hibernate: select p1_0.product_id,p1_0.price_date_time,p1_0.note,p1_0.price from product_price p1_0 where p1_0.product_id=?
Hibernate: select p1_0.product_id,p1_0.image_id,p1_0.alternative,p1_0.path from product_image p1_0 where p1_0.product_id=?
Hibernate: insert into product_image (alternative,path,product_id,image_id) values (?,?,?,default)
Hibernate: select p1_0.price_date_time,p1_0.product_id,p2_0.product_id,p2_0.description,p2_0.manufacturer_name,p2_0.name,p2_0.status,p2_0.unit,o1_0.product_id,o1_0.order_id,o2_0.order_id,c1_0.cust_id,c1_0.address,c1_0.email,c1_0.cust_name,c1_0.phone,o2_0.employee_id,e1_0.emp_id,e1_0.address,e1_0.dob,e1_0.email,e1_0.full_name,e1_0.phone,e1_0.status,o2_0.order_date,o1_0.note,o1_0.price,o1_0.quantity,p1_0.note,p1_0.price from product_price p1_0 join product p2_0 on p2_0.product_id=p1_0.product_id left join order_detail o1_0 on p2_0.product_id=o1_0.product_id left join orders o2_0 on o2_0.order_id=o1_0.order_id left join customer c1_0 on c1_0.cust_id=o2_0.cust_id left join employee e1_0 on e1_0.emp_id=o2_0.employee_id where (p1_0.price_date_time,p1_0.product_id) in ((?,?))
Hibernate: select p1_0.price_date_time,p1_0.product_id,p2_0.product_id,p2_0.description,p2_0.manufacturer_name,p2_0.name,p2_0.status,p2_0.unit,o1_0.product_id,o1_0.order_id,o2_0.order_id,c1_0.cust_id,c1_0.address,c1_0.email,c1_0.cust_name,c1_0.phone,o2_0.employee_id,e1_0.emp_id,e1_0.address,e1_0.dob,e1_0.email,e1_0.full_name,e1_0.phone,e1_0.status,o2_0.order_date,o1_0.note,o1_0.price,o1_0.quantity,p1_0.note,p1_0.price from product_price p1_0 join product p2_0 on p2_0.product_id=p1_0.product_id left join order_detail o1_0 on p2_0.product_id=o1_0.product_id left join orders o2_0 on o2_0.order_id=o1_0.order_id left join customer c1_0 on c1_0.cust_id=o2_0.cust_id left join employee e1_0 on e1_0.emp_id=o2_0.employee_id where (p1_0.price_date_time,p1_0.product_id) in ((?,?))
Hibernate: select p1_0.price_date_time,p1_0.product_id,p2_0.product_id,p2_0.description,p2_0.manufacturer_name,p2_0.name,p2_0.status,p2_0.unit,o1_0.product_id,o1_0.order_id,o2_0.order_id,c1_0.cust_id,c1_0.address,c1_0.email,c1_0.cust_name,c1_0.phone,o2_0.employee_id,e1_0.emp_id,e1_0.address,e1_0.dob,e1_0.email,e1_0.full_name,e1_0.phone,e1_0.status,o2_0.order_date,o1_0.note,o1_0.price,o1_0.quantity,p1_0.note,p1_0.price from product_price p1_0 join product p2_0 on p2_0.product_id=p1_0.product_id left join order_detail o1_0 on p2_0.product_id=o1_0.product_id left join orders o2_0 on o2_0.order_id=o1_0.order_id left join customer c1_0 on c1_0.cust_id=o2_0.cust_id left join employee e1_0 on e1_0.emp_id=o2_0.employee_id where (p1_0.price_date_time,p1_0.product_id) in ((?,?))
Hibernate: insert into product_price (note,price,price_date_time,product_id) values (?,?,?,?)
Hibernate: insert into product_price (note,price,price_date_time,product_id) values (?,?,?,?)
Hibernate: insert into product_price (note,price,price_date_time,product_id) values (?,?,?,?)
Hibernate: insert into product (description,manufacturer_name,name,status,unit,product_id) values (?,?,?,?,?,default)
Hibernate: select p1_0.product_id,p1_0.description,p1_0.manufacturer_name,p1_0.name,p1_0.status,p1_0.unit,o1_0.product_id,o1_0.order_id,o2_0.order_id,c1_0.cust_id,c1_0.address,c1_0.email,c1_0.cust_name,c1_0.phone,o2_0.employee_id,e1_0.emp_id,e1_0.address,e1_0.dob,e1_0.email,e1_0.full_name,e1_0.phone,e1_0.status,o2_0.order_date,o1_0.note,o1_0.price,o1_0.quantity from product p1_0 left join order_detail o1_0 on p1_0.product_id=o1_0.product_id left join orders o2_0 on o2_0.order_id=o1_0.order_id left join customer c1_0 on c1_0.cust_id=o2_0.cust_id left join employee e1_0 on e1_0.emp_id=o2_0.employee_id where p1_0.product_id=?
Hibernate: select p1_0.product_id,p1_0.price_date_time,p1_0.note,p1_0.price from product_price p1_0 where p1_0.product_id=?
Hibernate: select p1_0.product_id,p1_0.image_id,p1_0.alternative,p1_0.path from product_image p1_0 where p1_0.product_id=?
Hibernate: insert into product_image (alternative,path,product_id,image_id) values (?,?,?,default)
Hibernate: select p1_0.price_date_time,p1_0.product_id,p2_0.product_id,p2_0.description,p2_0.manufacturer_name,p2_0.name,p2_0.status,p2_0.unit,o1_0.product_id,o1_0.order_id,o2_0.order_id,c1_0.cust_id,c1_0.address,c1_0.email,c1_0.cust_name,c1_0.phone,o2_0.employee_id,e1_0.emp_id,e1_0.address,e1_0.dob,e1_0.email,e1_0.full_name,e1_0.phone,e1_0.status,o2_0.order_date,o1_0.note,o1_0.price,o1_0.quantity,p1_0.note,p1_0.price from product_price p1_0 join product p2_0 on p2_0.product_id=p1_0.product_id left join order_detail o1_0 on p2_0.product_id=o1_0.product_id left join orders o2_0 on o2_0.order_id=o1_0.order_id left join customer c1_0 on c1_0.cust_id=o2_0.cust_id left join employee e1_0 on e1_0.emp_id=o2_0.employee_id where (p1_0.price_date_time,p1_0.product_id) in ((?,?))
Hibernate: select p1_0.price_date_time,p1_0.product_id,p2_0.product_id,p2_0.description,p2_0.manufacturer_name,p2_0.name,p2_0.status,p2_0.unit,o1_0.product_id,o1_0.order_id,o2_0.order_id,c1_0.cust_id,c1_0.address,c1_0.email,c1_0.cust_name,c1_0.phone,o2_0.employee_id,e1_0.emp_id,e1_0.address,e1_0.dob,e1_0.email,e1_0.full_name,e1_0.phone,e1_0.status,o2_0.order_date,o1_0.note,o1_0.price,o1_0.quantity,p1_0.note,p1_0.price from product_price p1_0 join product p2_0 on p2_0.product_id=p1_0.product_id left join order_detail o1_0 on p2_0.product_id=o1_0.product_id left join orders o2_0 on o2_0.order_id=o1_0.order_id left join customer c1_0 on c1_0.cust_id=o2_0.cust_id left join employee e1_0 on e1_0.emp_id=o2_0.employee_id where (p1_0.price_date_time,p1_0.product_id) in ((?,?))
Hibernate: select p1_0.price_date_time,p1_0.product_id,p2_0.product_id,p2_0.description,p2_0.manufacturer_name,p2_0.name,p2_0.status,p2_0.unit,o1_0.product_id,o1_0.order_id,o2_0.order_id,c1_0.cust_id,c1_0.address,c1_0.email,c1_0.cust_name,c1_0.phone,o2_0.employee_id,e1_0.emp_id,e1_0.address,e1_0.dob,e1_0.email,e1_0.full_name,e1_0.phone,e1_0.status,o2_0.order_date,o1_0.note,o1_0.price,o1_0.quantity,p1_0.note,p1_0.price from product_price p1_0 join product p2_0 on p2_0.product_id=p1_0.product_id left join order_detail o1_0 on p2_0.product_id=o1_0.product_id left join orders o2_0 on o2_0.order_id=o1_0.order_id left join customer c1_0 on c1_0.cust_id=o2_0.cust_id left join employee e1_0 on e1_0.emp_id=o2_0.employee_id where (p1_0.price_date_time,p1_0.product_id) in ((?,?))
Hibernate: insert into product_price (note,price,price_date_time,product_id) values (?,?,?,?)
Hibernate: insert into product_price (note,price,price_date_time,product_id) values (?,?,?,?)
Hibernate: insert into product_price (note,price,price_date_time,product_id) values (?,?,?,?)
Hibernate: insert into product (description,manufacturer_name,name,status,unit,product_id) values (?,?,?,?,?,default)
Hibernate: select p1_0.product_id,p1_0.description,p1_0.manufacturer_name,p1_0.name,p1_0.status,p1_0.unit,o1_0.product_id,o1_0.order_id,o2_0.order_id,c1_0.cust_id,c1_0.address,c1_0.email,c1_0.cust_name,c1_0.phone,o2_0.employee_id,e1_0.emp_id,e1_0.address,e1_0.dob,e1_0.email,e1_0.full_name,e1_0.phone,e1_0.status,o2_0.order_date,o1_0.note,o1_0.price,o1_0.quantity from product p1_0 left join order_detail o1_0 on p1_0.product_id=o1_0.product_id left join orders o2_0 on o2_0.order_id=o1_0.order_id left join customer c1_0 on c1_0.cust_id=o2_0.cust_id left join employee e1_0 on e1_0.emp_id=o2_0.employee_id where p1_0.product_id=?
Hibernate: select p1_0.product_id,p1_0.price_date_time,p1_0.note,p1_0.price from product_price p1_0 where p1_0.product_id=?
Hibernate: select p1_0.product_id,p1_0.image_id,p1_0.alternative,p1_0.path from product_image p1_0 where p1_0.product_id=?
Hibernate: insert into product_image (alternative,path,product_id,image_id) values (?,?,?,default)
Hibernate: select p1_0.price_date_time,p1_0.product_id,p2_0.product_id,p2_0.description,p2_0.manufacturer_name,p2_0.name,p2_0.status,p2_0.unit,o1_0.product_id,o1_0.order_id,o2_0.order_id,c1_0.cust_id,c1_0.address,c1_0.email,c1_0.cust_name,c1_0.phone,o2_0.employee_id,e1_0.emp_id,e1_0.address,e1_0.dob,e1_0.email,e1_0.full_name,e1_0.phone,e1_0.status,o2_0.order_date,o1_0.note,o1_0.price,o1_0.quantity,p1_0.note,p1_0.price from product_price p1_0 join product p2_0 on p2_0.product_id=p1_0.product_id left join order_detail o1_0 on p2_0.product_id=o1_0.product_id left join orders o2_0 on o2_0.order_id=o1_0.order_id left join customer c1_0 on c1_0.cust_id=o2_0.cust_id left join employee e1_0 on e1_0.emp_id=o2_0.employee_id where (p1_0.price_date_time,p1_0.product_id) in ((?,?))
Hibernate: select p1_0.price_date_time,p1_0.product_id,p2_0.product_id,p2_0.description,p2_0.manufacturer_name,p2_0.name,p2_0.status,p2_0.unit,o1_0.product_id,o1_0.order_id,o2_0.order_id,c1_0.cust_id,c1_0.address,c1_0.email,c1_0.cust_name,c1_0.phone,o2_0.employee_id,e1_0.emp_id,e1_0.address,e1_0.dob,e1_0.email,e1_0.full_name,e1_0.phone,e1_0.status,o2_0.order_date,o1_0.note,o1_0.price,o1_0.quantity,p1_0.note,p1_0.price from product_price p1_0 join product p2_0 on p2_0.product_id=p1_0.product_id left join order_detail o1_0 on p2_0.product_id=o1_0.product_id left join orders o2_0 on o2_0.order_id=o1_0.order_id left join customer c1_0 on c1_0.cust_id=o2_0.cust_id left join employee e1_0 on e1_0.emp_id=o2_0.employee_id where (p1_0.price_date_time,p1_0.product_id) in ((?,?))
Hibernate: select p1_0.price_date_time,p1_0.product_id,p2_0.product_id,p2_0.description,p2_0.manufacturer_name,p2_0.name,p2_0.status,p2_0.unit,o1_0.product_id,o1_0.order_id,o2_0.order_id,c1_0.cust_id,c1_0.address,c1_0.email,c1_0.cust_name,c1_0.phone,o2_0.employee_id,e1_0.emp_id,e1_0.address,e1_0.dob,e1_0.email,e1_0.full_name,e1_0.phone,e1_0.status,o2_0.order_date,o1_0.note,o1_0.price,o1_0.quantity,p1_0.note,p1_0.price from product_price p1_0 join product p2_0 on p2_0.product_id=p1_0.product_id left join order_detail o1_0 on p2_0.product_id=o1_0.product_id left join orders o2_0 on o2_0.order_id=o1_0.order_id left join customer c1_0 on c1_0.cust_id=o2_0.cust_id left join employee e1_0 on e1_0.emp_id=o2_0.employee_id where (p1_0.price_date_time,p1_0.product_id) in ((?,?))
Hibernate: insert into product_price (note,price,price_date_time,product_id) values (?,?,?,?)
Hibernate: insert into product_price (note,price,price_date_time,product_id) values (?,?,?,?)
Hibernate: insert into product_price (note,price,price_date_time,product_id) values (?,?,?,?)
Hibernate: insert into product (description,manufacturer_name,name,status,unit,product_id) values (?,?,?,?,?,default)
Hibernate: select p1_0.product_id,p1_0.description,p1_0.manufacturer_name,p1_0.name,p1_0.status,p1_0.unit,o1_0.product_id,o1_0.order_id,o2_0.order_id,c1_0.cust_id,c1_0.address,c1_0.email,c1_0.cust_name,c1_0.phone,o2_0.employee_id,e1_0.emp_id,e1_0.address,e1_0.dob,e1_0.email,e1_0.full_name,e1_0.phone,e1_0.status,o2_0.order_date,o1_0.note,o1_0.price,o1_0.quantity from product p1_0 left join order_detail o1_0 on p1_0.product_id=o1_0.product_id left join orders o2_0 on o2_0.order_id=o1_0.order_id left join customer c1_0 on c1_0.cust_id=o2_0.cust_id left join employee e1_0 on e1_0.emp_id=o2_0.employee_id where p1_0.product_id=?
Hibernate: select p1_0.product_id,p1_0.price_date_time,p1_0.note,p1_0.price from product_price p1_0 where p1_0.product_id=?
Hibernate: select p1_0.product_id,p1_0.image_id,p1_0.alternative,p1_0.path from product_image p1_0 where p1_0.product_id=?
Hibernate: insert into product_image (alternative,path,product_id,image_id) values (?,?,?,default)
Hibernate: select p1_0.price_date_time,p1_0.product_id,p2_0.product_id,p2_0.description,p2_0.manufacturer_name,p2_0.name,p2_0.status,p2_0.unit,o1_0.product_id,o1_0.order_id,o2_0.order_id,c1_0.cust_id,c1_0.address,c1_0.email,c1_0.cust_name,c1_0.phone,o2_0.employee_id,e1_0.emp_id,e1_0.address,e1_0.dob,e1_0.email,e1_0.full_name,e1_0.phone,e1_0.status,o2_0.order_date,o1_0.note,o1_0.price,o1_0.quantity,p1_0.note,p1_0.price from product_price p1_0 join product p2_0 on p2_0.product_id=p1_0.product_id left join order_detail o1_0 on p2_0.product_id=o1_0.product_id left join orders o2_0 on o2_0.order_id=o1_0.order_id left join customer c1_0 on c1_0.cust_id=o2_0.cust_id left join employee e1_0 on e1_0.emp_id=o2_0.employee_id where (p1_0.price_date_time,p1_0.product_id) in ((?,?))
Hibernate: select p1_0.price_date_time,p1_0.product_id,p2_0.product_id,p2_0.description,p2_0.manufacturer_name,p2_0.name,p2_0.status,p2_0.unit,o1_0.product_id,o1_0.order_id,o2_0.order_id,c1_0.cust_id,c1_0.address,c1_0.email,c1_0.cust_name,c1_0.phone,o2_0.employee_id,e1_0.emp_id,e1_0.address,e1_0.dob,e1_0.email,e1_0.full_name,e1_0.phone,e1_0.status,o2_0.order_date,o1_0.note,o1_0.price,o1_0.quantity,p1_0.note,p1_0.price from product_price p1_0 join product p2_0 on p2_0.product_id=p1_0.product_id left join order_detail o1_0 on p2_0.product_id=o1_0.product_id left join orders o2_0 on o2_0.order_id=o1_0.order_id left join customer c1_0 on c1_0.cust_id=o2_0.cust_id left join employee e1_0 on e1_0.emp_id=o2_0.employee_id where (p1_0.price_date_time,p1_0.product_id) in ((?,?))
Hibernate: select p1_0.price_date_time,p1_0.product_id,p2_0.product_id,p2_0.description,p2_0.manufacturer_name,p2_0.name,p2_0.status,p2_0.unit,o1_0.product_id,o1_0.order_id,o2_0.order_id,c1_0.cust_id,c1_0.address,c1_0.email,c1_0.cust_name,c1_0.phone,o2_0.employee_id,e1_0.emp_id,e1_0.address,e1_0.dob,e1_0.email,e1_0.full_name,e1_0.phone,e1_0.status,o2_0.order_date,o1_0.note,o1_0.price,o1_0.quantity,p1_0.note,p1_0.price from product_price p1_0 join product p2_0 on p2_0.product_id=p1_0.product_id left join order_detail o1_0 on p2_0.product_id=o1_0.product_id left join orders o2_0 on o2_0.order_id=o1_0.order_id left join customer c1_0 on c1_0.cust_id=o2_0.cust_id left join employee e1_0 on e1_0.emp_id=o2_0.employee_id where (p1_0.price_date_time,p1_0.product_id) in ((?,?))
Hibernate: insert into product_price (note,price,price_date_time,product_id) values (?,?,?,?)
Hibernate: insert into product_price (note,price,price_date_time,product_id) values (?,?,?,?)
Hibernate: insert into product_price (note,price,price_date_time,product_id) values (?,?,?,?)
Hibernate: insert into product (description,manufacturer_name,name,status,unit,product_id) values (?,?,?,?,?,default)
Hibernate: select p1_0.product_id,p1_0.description,p1_0.manufacturer_name,p1_0.name,p1_0.status,p1_0.unit,o1_0.product_id,o1_0.order_id,o2_0.order_id,c1_0.cust_id,c1_0.address,c1_0.email,c1_0.cust_name,c1_0.phone,o2_0.employee_id,e1_0.emp_id,e1_0.address,e1_0.dob,e1_0.email,e1_0.full_name,e1_0.phone,e1_0.status,o2_0.order_date,o1_0.note,o1_0.price,o1_0.quantity from product p1_0 left join order_detail o1_0 on p1_0.product_id=o1_0.product_id left join orders o2_0 on o2_0.order_id=o1_0.order_id left join customer c1_0 on c1_0.cust_id=o2_0.cust_id left join employee e1_0 on e1_0.emp_id=o2_0.employee_id where p1_0.product_id=?
Hibernate: select p1_0.product_id,p1_0.price_date_time,p1_0.note,p1_0.price from product_price p1_0 where p1_0.product_id=?
Hibernate: select p1_0.product_id,p1_0.image_id,p1_0.alternative,p1_0.path from product_image p1_0 where p1_0.product_id=?
Hibernate: insert into product_image (alternative,path,product_id,image_id) values (?,?,?,default)
Hibernate: select p1_0.price_date_time,p1_0.product_id,p2_0.product_id,p2_0.description,p2_0.manufacturer_name,p2_0.name,p2_0.status,p2_0.unit,o1_0.product_id,o1_0.order_id,o2_0.order_id,c1_0.cust_id,c1_0.address,c1_0.email,c1_0.cust_name,c1_0.phone,o2_0.employee_id,e1_0.emp_id,e1_0.address,e1_0.dob,e1_0.email,e1_0.full_name,e1_0.phone,e1_0.status,o2_0.order_date,o1_0.note,o1_0.price,o1_0.quantity,p1_0.note,p1_0.price from product_price p1_0 join product p2_0 on p2_0.product_id=p1_0.product_id left join order_detail o1_0 on p2_0.product_id=o1_0.product_id left join orders o2_0 on o2_0.order_id=o1_0.order_id left join customer c1_0 on c1_0.cust_id=o2_0.cust_id left join employee e1_0 on e1_0.emp_id=o2_0.employee_id where (p1_0.price_date_time,p1_0.product_id) in ((?,?))
Hibernate: select p1_0.price_date_time,p1_0.product_id,p2_0.product_id,p2_0.description,p2_0.manufacturer_name,p2_0.name,p2_0.status,p2_0.unit,o1_0.product_id,o1_0.order_id,o2_0.order_id,c1_0.cust_id,c1_0.address,c1_0.email,c1_0.cust_name,c1_0.phone,o2_0.employee_id,e1_0.emp_id,e1_0.address,e1_0.dob,e1_0.email,e1_0.full_name,e1_0.phone,e1_0.status,o2_0.order_date,o1_0.note,o1_0.price,o1_0.quantity,p1_0.note,p1_0.price from product_price p1_0 join product p2_0 on p2_0.product_id=p1_0.product_id left join order_detail o1_0 on p2_0.product_id=o1_0.product_id left join orders o2_0 on o2_0.order_id=o1_0.order_id left join customer c1_0 on c1_0.cust_id=o2_0.cust_id left join employee e1_0 on e1_0.emp_id=o2_0.employee_id where (p1_0.price_date_time,p1_0.product_id) in ((?,?))
Hibernate: select p1_0.price_date_time,p1_0.product_id,p2_0.product_id,p2_0.description,p2_0.manufacturer_name,p2_0.name,p2_0.status,p2_0.unit,o1_0.product_id,o1_0.order_id,o2_0.order_id,c1_0.cust_id,c1_0.address,c1_0.email,c1_0.cust_name,c1_0.phone,o2_0.employee_id,e1_0.emp_id,e1_0.address,e1_0.dob,e1_0.email,e1_0.full_name,e1_0.phone,e1_0.status,o2_0.order_date,o1_0.note,o1_0.price,o1_0.quantity,p1_0.note,p1_0.price from product_price p1_0 join product p2_0 on p2_0.product_id=p1_0.product_id left join order_detail o1_0 on p2_0.product_id=o1_0.product_id left join orders o2_0 on o2_0.order_id=o1_0.order_id left join customer c1_0 on c1_0.cust_id=o2_0.cust_id left join employee e1_0 on e1_0.emp_id=o2_0.employee_id where (p1_0.price_date_time,p1_0.product_id) in ((?,?))
Hibernate: insert into product_price (note,price,price_date_time,product_id) values (?,?,?,?)
Hibernate: insert into product_price (note,price,price_date_time,product_id) values (?,?,?,?)
Hibernate: insert into product_price (note,price,price_date_time,product_id) values (?,?,?,?)
Hibernate: insert into product (description,manufacturer_name,name,status,unit,product_id) values (?,?,?,?,?,default)
Hibernate: select p1_0.product_id,p1_0.description,p1_0.manufacturer_name,p1_0.name,p1_0.status,p1_0.unit,o1_0.product_id,o1_0.order_id,o2_0.order_id,c1_0.cust_id,c1_0.address,c1_0.email,c1_0.cust_name,c1_0.phone,o2_0.employee_id,e1_0.emp_id,e1_0.address,e1_0.dob,e1_0.email,e1_0.full_name,e1_0.phone,e1_0.status,o2_0.order_date,o1_0.note,o1_0.price,o1_0.quantity from product p1_0 left join order_detail o1_0 on p1_0.product_id=o1_0.product_id left join orders o2_0 on o2_0.order_id=o1_0.order_id left join customer c1_0 on c1_0.cust_id=o2_0.cust_id left join employee e1_0 on e1_0.emp_id=o2_0.employee_id where p1_0.product_id=?
Hibernate: select p1_0.product_id,p1_0.price_date_time,p1_0.note,p1_0.price from product_price p1_0 where p1_0.product_id=?
Hibernate: select p1_0.product_id,p1_0.image_id,p1_0.alternative,p1_0.path from product_image p1_0 where p1_0.product_id=?
Hibernate: insert into product_image (alternative,path,product_id,image_id) values (?,?,?,default)
Hibernate: select p1_0.price_date_time,p1_0.product_id,p2_0.product_id,p2_0.description,p2_0.manufacturer_name,p2_0.name,p2_0.status,p2_0.unit,o1_0.product_id,o1_0.order_id,o2_0.order_id,c1_0.cust_id,c1_0.address,c1_0.email,c1_0.cust_name,c1_0.phone,o2_0.employee_id,e1_0.emp_id,e1_0.address,e1_0.dob,e1_0.email,e1_0.full_name,e1_0.phone,e1_0.status,o2_0.order_date,o1_0.note,o1_0.price,o1_0.quantity,p1_0.note,p1_0.price from product_price p1_0 join product p2_0 on p2_0.product_id=p1_0.product_id left join order_detail o1_0 on p2_0.product_id=o1_0.product_id left join orders o2_0 on o2_0.order_id=o1_0.order_id left join customer c1_0 on c1_0.cust_id=o2_0.cust_id left join employee e1_0 on e1_0.emp_id=o2_0.employee_id where (p1_0.price_date_time,p1_0.product_id) in ((?,?))
Hibernate: select p1_0.price_date_time,p1_0.product_id,p2_0.product_id,p2_0.description,p2_0.manufacturer_name,p2_0.name,p2_0.status,p2_0.unit,o1_0.product_id,o1_0.order_id,o2_0.order_id,c1_0.cust_id,c1_0.address,c1_0.email,c1_0.cust_name,c1_0.phone,o2_0.employee_id,e1_0.emp_id,e1_0.address,e1_0.dob,e1_0.email,e1_0.full_name,e1_0.phone,e1_0.status,o2_0.order_date,o1_0.note,o1_0.price,o1_0.quantity,p1_0.note,p1_0.price from product_price p1_0 join product p2_0 on p2_0.product_id=p1_0.product_id left join order_detail o1_0 on p2_0.product_id=o1_0.product_id left join orders o2_0 on o2_0.order_id=o1_0.order_id left join customer c1_0 on c1_0.cust_id=o2_0.cust_id left join employee e1_0 on e1_0.emp_id=o2_0.employee_id where (p1_0.price_date_time,p1_0.product_id) in ((?,?))
Hibernate: select p1_0.price_date_time,p1_0.product_id,p2_0.product_id,p2_0.description,p2_0.manufacturer_name,p2_0.name,p2_0.status,p2_0.unit,o1_0.product_id,o1_0.order_id,o2_0.order_id,c1_0.cust_id,c1_0.address,c1_0.email,c1_0.cust_name,c1_0.phone,o2_0.employee_id,e1_0.emp_id,e1_0.address,e1_0.dob,e1_0.email,e1_0.full_name,e1_0.phone,e1_0.status,o2_0.order_date,o1_0.note,o1_0.price,o1_0.quantity,p1_0.note,p1_0.price from product_price p1_0 join product p2_0 on p2_0.product_id=p1_0.product_id left join order_detail o1_0 on p2_0.product_id=o1_0.product_id left join orders o2_0 on o2_0.order_id=o1_0.order_id left join customer c1_0 on c1_0.cust_id=o2_0.cust_id left join employee e1_0 on e1_0.emp_id=o2_0.employee_id where (p1_0.price_date_time,p1_0.product_id) in ((?,?))
Hibernate: insert into product_price (note,price,price_date_time,product_id) values (?,?,?,?)
Hibernate: insert into product_price (note,price,price_date_time,product_id) values (?,?,?,?)
Hibernate: insert into product_price (note,price,price_date_time,product_id) values (?,?,?,?)
Hibernate: insert into product (description,manufacturer_name,name,status,unit,product_id) values (?,?,?,?,?,default)
Hibernate: select p1_0.product_id,p1_0.description,p1_0.manufacturer_name,p1_0.name,p1_0.status,p1_0.unit,o1_0.product_id,o1_0.order_id,o2_0.order_id,c1_0.cust_id,c1_0.address,c1_0.email,c1_0.cust_name,c1_0.phone,o2_0.employee_id,e1_0.emp_id,e1_0.address,e1_0.dob,e1_0.email,e1_0.full_name,e1_0.phone,e1_0.status,o2_0.order_date,o1_0.note,o1_0.price,o1_0.quantity from product p1_0 left join order_detail o1_0 on p1_0.product_id=o1_0.product_id left join orders o2_0 on o2_0.order_id=o1_0.order_id left join customer c1_0 on c1_0.cust_id=o2_0.cust_id left join employee e1_0 on e1_0.emp_id=o2_0.employee_id where p1_0.product_id=?
Hibernate: select p1_0.product_id,p1_0.price_date_time,p1_0.note,p1_0.price from product_price p1_0 where p1_0.product_id=?
Hibernate: select p1_0.product_id,p1_0.image_id,p1_0.alternative,p1_0.path from product_image p1_0 where p1_0.product_id=?
Hibernate: insert into product_image (alternative,path,product_id,image_id) values (?,?,?,default)
Hibernate: select p1_0.price_date_time,p1_0.product_id,p2_0.product_id,p2_0.description,p2_0.manufacturer_name,p2_0.name,p2_0.status,p2_0.unit,o1_0.product_id,o1_0.order_id,o2_0.order_id,c1_0.cust_id,c1_0.address,c1_0.email,c1_0.cust_name,c1_0.phone,o2_0.employee_id,e1_0.emp_id,e1_0.address,e1_0.dob,e1_0.email,e1_0.full_name,e1_0.phone,e1_0.status,o2_0.order_date,o1_0.note,o1_0.price,o1_0.quantity,p1_0.note,p1_0.price from product_price p1_0 join product p2_0 on p2_0.product_id=p1_0.product_id left join order_detail o1_0 on p2_0.product_id=o1_0.product_id left join orders o2_0 on o2_0.order_id=o1_0.order_id left join customer c1_0 on c1_0.cust_id=o2_0.cust_id left join employee e1_0 on e1_0.emp_id=o2_0.employee_id where (p1_0.price_date_time,p1_0.product_id) in ((?,?))
Hibernate: select p1_0.price_date_time,p1_0.product_id,p2_0.product_id,p2_0.description,p2_0.manufacturer_name,p2_0.name,p2_0.status,p2_0.unit,o1_0.product_id,o1_0.order_id,o2_0.order_id,c1_0.cust_id,c1_0.address,c1_0.email,c1_0.cust_name,c1_0.phone,o2_0.employee_id,e1_0.emp_id,e1_0.address,e1_0.dob,e1_0.email,e1_0.full_name,e1_0.phone,e1_0.status,o2_0.order_date,o1_0.note,o1_0.price,o1_0.quantity,p1_0.note,p1_0.price from product_price p1_0 join product p2_0 on p2_0.product_id=p1_0.product_id left join order_detail o1_0 on p2_0.product_id=o1_0.product_id left join orders o2_0 on o2_0.order_id=o1_0.order_id left join customer c1_0 on c1_0.cust_id=o2_0.cust_id left join employee e1_0 on e1_0.emp_id=o2_0.employee_id where (p1_0.price_date_time,p1_0.product_id) in ((?,?))
Hibernate: select p1_0.price_date_time,p1_0.product_id,p2_0.product_id,p2_0.description,p2_0.manufacturer_name,p2_0.name,p2_0.status,p2_0.unit,o1_0.product_id,o1_0.order_id,o2_0.order_id,c1_0.cust_id,c1_0.address,c1_0.email,c1_0.cust_name,c1_0.phone,o2_0.employee_id,e1_0.emp_id,e1_0.address,e1_0.dob,e1_0.email,e1_0.full_name,e1_0.phone,e1_0.status,o2_0.order_date,o1_0.note,o1_0.price,o1_0.quantity,p1_0.note,p1_0.price from product_price p1_0 join product p2_0 on p2_0.product_id=p1_0.product_id left join order_detail o1_0 on p2_0.product_id=o1_0.product_id left join orders o2_0 on o2_0.order_id=o1_0.order_id left join customer c1_0 on c1_0.cust_id=o2_0.cust_id left join employee e1_0 on e1_0.emp_id=o2_0.employee_id where (p1_0.price_date_time,p1_0.product_id) in ((?,?))
Hibernate: insert into product_price (note,price,price_date_time,product_id) values (?,?,?,?)
Hibernate: insert into product_price (note,price,price_date_time,product_id) values (?,?,?,?)
Hibernate: insert into product_price (note,price,price_date_time,product_id) values (?,?,?,?)
Hibernate: insert into product (description,manufacturer_name,name,status,unit,product_id) values (?,?,?,?,?,default)
Hibernate: select p1_0.product_id,p1_0.description,p1_0.manufacturer_name,p1_0.name,p1_0.status,p1_0.unit,o1_0.product_id,o1_0.order_id,o2_0.order_id,c1_0.cust_id,c1_0.address,c1_0.email,c1_0.cust_name,c1_0.phone,o2_0.employee_id,e1_0.emp_id,e1_0.address,e1_0.dob,e1_0.email,e1_0.full_name,e1_0.phone,e1_0.status,o2_0.order_date,o1_0.note,o1_0.price,o1_0.quantity from product p1_0 left join order_detail o1_0 on p1_0.product_id=o1_0.product_id left join orders o2_0 on o2_0.order_id=o1_0.order_id left join customer c1_0 on c1_0.cust_id=o2_0.cust_id left join employee e1_0 on e1_0.emp_id=o2_0.employee_id where p1_0.product_id=?
Hibernate: select p1_0.product_id,p1_0.price_date_time,p1_0.note,p1_0.price from product_price p1_0 where p1_0.product_id=?
Hibernate: select p1_0.product_id,p1_0.image_id,p1_0.alternative,p1_0.path from product_image p1_0 where p1_0.product_id=?
Hibernate: insert into product_image (alternative,path,product_id,image_id) values (?,?,?,default)
Hibernate: select p1_0.price_date_time,p1_0.product_id,p2_0.product_id,p2_0.description,p2_0.manufacturer_name,p2_0.name,p2_0.status,p2_0.unit,o1_0.product_id,o1_0.order_id,o2_0.order_id,c1_0.cust_id,c1_0.address,c1_0.email,c1_0.cust_name,c1_0.phone,o2_0.employee_id,e1_0.emp_id,e1_0.address,e1_0.dob,e1_0.email,e1_0.full_name,e1_0.phone,e1_0.status,o2_0.order_date,o1_0.note,o1_0.price,o1_0.quantity,p1_0.note,p1_0.price from product_price p1_0 join product p2_0 on p2_0.product_id=p1_0.product_id left join order_detail o1_0 on p2_0.product_id=o1_0.product_id left join orders o2_0 on o2_0.order_id=o1_0.order_id left join customer c1_0 on c1_0.cust_id=o2_0.cust_id left join employee e1_0 on e1_0.emp_id=o2_0.employee_id where (p1_0.price_date_time,p1_0.product_id) in ((?,?))
Hibernate: select p1_0.price_date_time,p1_0.product_id,p2_0.product_id,p2_0.description,p2_0.manufacturer_name,p2_0.name,p2_0.status,p2_0.unit,o1_0.product_id,o1_0.order_id,o2_0.order_id,c1_0.cust_id,c1_0.address,c1_0.email,c1_0.cust_name,c1_0.phone,o2_0.employee_id,e1_0.emp_id,e1_0.address,e1_0.dob,e1_0.email,e1_0.full_name,e1_0.phone,e1_0.status,o2_0.order_date,o1_0.note,o1_0.price,o1_0.quantity,p1_0.note,p1_0.price from product_price p1_0 join product p2_0 on p2_0.product_id=p1_0.product_id left join order_detail o1_0 on p2_0.product_id=o1_0.product_id left join orders o2_0 on o2_0.order_id=o1_0.order_id left join customer c1_0 on c1_0.cust_id=o2_0.cust_id left join employee e1_0 on e1_0.emp_id=o2_0.employee_id where (p1_0.price_date_time,p1_0.product_id) in ((?,?))
Hibernate: select p1_0.price_date_time,p1_0.product_id,p2_0.product_id,p2_0.description,p2_0.manufacturer_name,p2_0.name,p2_0.status,p2_0.unit,o1_0.product_id,o1_0.order_id,o2_0.order_id,c1_0.cust_id,c1_0.address,c1_0.email,c1_0.cust_name,c1_0.phone,o2_0.employee_id,e1_0.emp_id,e1_0.address,e1_0.dob,e1_0.email,e1_0.full_name,e1_0.phone,e1_0.status,o2_0.order_date,o1_0.note,o1_0.price,o1_0.quantity,p1_0.note,p1_0.price from product_price p1_0 join product p2_0 on p2_0.product_id=p1_0.product_id left join order_detail o1_0 on p2_0.product_id=o1_0.product_id left join orders o2_0 on o2_0.order_id=o1_0.order_id left join customer c1_0 on c1_0.cust_id=o2_0.cust_id left join employee e1_0 on e1_0.emp_id=o2_0.employee_id where (p1_0.price_date_time,p1_0.product_id) in ((?,?))
Hibernate: insert into product_price (note,price,price_date_time,product_id) values (?,?,?,?)
Hibernate: insert into product_price (note,price,price_date_time,product_id) values (?,?,?,?)
Hibernate: insert into product_price (note,price,price_date_time,product_id) values (?,?,?,?)
Hibernate: insert into product (description,manufacturer_name,name,status,unit,product_id) values (?,?,?,?,?,default)
Hibernate: select p1_0.product_id,p1_0.description,p1_0.manufacturer_name,p1_0.name,p1_0.status,p1_0.unit,o1_0.product_id,o1_0.order_id,o2_0.order_id,c1_0.cust_id,c1_0.address,c1_0.email,c1_0.cust_name,c1_0.phone,o2_0.employee_id,e1_0.emp_id,e1_0.address,e1_0.dob,e1_0.email,e1_0.full_name,e1_0.phone,e1_0.status,o2_0.order_date,o1_0.note,o1_0.price,o1_0.quantity from product p1_0 left join order_detail o1_0 on p1_0.product_id=o1_0.product_id left join orders o2_0 on o2_0.order_id=o1_0.order_id left join customer c1_0 on c1_0.cust_id=o2_0.cust_id left join employee e1_0 on e1_0.emp_id=o2_0.employee_id where p1_0.product_id=?
Hibernate: select p1_0.product_id,p1_0.price_date_time,p1_0.note,p1_0.price from product_price p1_0 where p1_0.product_id=?
Hibernate: select p1_0.product_id,p1_0.image_id,p1_0.alternative,p1_0.path from product_image p1_0 where p1_0.product_id=?
Hibernate: insert into product_image (alternative,path,product_id,image_id) values (?,?,?,default)
Hibernate: select p1_0.price_date_time,p1_0.product_id,p2_0.product_id,p2_0.description,p2_0.manufacturer_name,p2_0.name,p2_0.status,p2_0.unit,o1_0.product_id,o1_0.order_id,o2_0.order_id,c1_0.cust_id,c1_0.address,c1_0.email,c1_0.cust_name,c1_0.phone,o2_0.employee_id,e1_0.emp_id,e1_0.address,e1_0.dob,e1_0.email,e1_0.full_name,e1_0.phone,e1_0.status,o2_0.order_date,o1_0.note,o1_0.price,o1_0.quantity,p1_0.note,p1_0.price from product_price p1_0 join product p2_0 on p2_0.product_id=p1_0.product_id left join order_detail o1_0 on p2_0.product_id=o1_0.product_id left join orders o2_0 on o2_0.order_id=o1_0.order_id left join customer c1_0 on c1_0.cust_id=o2_0.cust_id left join employee e1_0 on e1_0.emp_id=o2_0.employee_id where (p1_0.price_date_time,p1_0.product_id) in ((?,?))
Hibernate: select p1_0.price_date_time,p1_0.product_id,p2_0.product_id,p2_0.description,p2_0.manufacturer_name,p2_0.name,p2_0.status,p2_0.unit,o1_0.product_id,o1_0.order_id,o2_0.order_id,c1_0.cust_id,c1_0.address,c1_0.email,c1_0.cust_name,c1_0.phone,o2_0.employee_id,e1_0.emp_id,e1_0.address,e1_0.dob,e1_0.email,e1_0.full_name,e1_0.phone,e1_0.status,o2_0.order_date,o1_0.note,o1_0.price,o1_0.quantity,p1_0.note,p1_0.price from product_price p1_0 join product p2_0 on p2_0.product_id=p1_0.product_id left join order_detail o1_0 on p2_0.product_id=o1_0.product_id left join orders o2_0 on o2_0.order_id=o1_0.order_id left join customer c1_0 on c1_0.cust_id=o2_0.cust_id left join employee e1_0 on e1_0.emp_id=o2_0.employee_id where (p1_0.price_date_time,p1_0.product_id) in ((?,?))
Hibernate: select p1_0.price_date_time,p1_0.product_id,p2_0.product_id,p2_0.description,p2_0.manufacturer_name,p2_0.name,p2_0.status,p2_0.unit,o1_0.product_id,o1_0.order_id,o2_0.order_id,c1_0.cust_id,c1_0.address,c1_0.email,c1_0.cust_name,c1_0.phone,o2_0.employee_id,e1_0.emp_id,e1_0.address,e1_0.dob,e1_0.email,e1_0.full_name,e1_0.phone,e1_0.status,o2_0.order_date,o1_0.note,o1_0.price,o1_0.quantity,p1_0.note,p1_0.price from product_price p1_0 join product p2_0 on p2_0.product_id=p1_0.product_id left join order_detail o1_0 on p2_0.product_id=o1_0.product_id left join orders o2_0 on o2_0.order_id=o1_0.order_id left join customer c1_0 on c1_0.cust_id=o2_0.cust_id left join employee e1_0 on e1_0.emp_id=o2_0.employee_id where (p1_0.price_date_time,p1_0.product_id) in ((?,?))
Hibernate: insert into product_price (note,price,price_date_time,product_id) values (?,?,?,?)
Hibernate: insert into product_price (note,price,price_date_time,product_id) values (?,?,?,?)
Hibernate: insert into product_price (note,price,price_date_time,product_id) values (?,?,?,?)
Hibernate: insert into product (description,manufacturer_name,name,status,unit,product_id) values (?,?,?,?,?,default)
Hibernate: select p1_0.product_id,p1_0.description,p1_0.manufacturer_name,p1_0.name,p1_0.status,p1_0.unit,o1_0.product_id,o1_0.order_id,o2_0.order_id,c1_0.cust_id,c1_0.address,c1_0.email,c1_0.cust_name,c1_0.phone,o2_0.employee_id,e1_0.emp_id,e1_0.address,e1_0.dob,e1_0.email,e1_0.full_name,e1_0.phone,e1_0.status,o2_0.order_date,o1_0.note,o1_0.price,o1_0.quantity from product p1_0 left join order_detail o1_0 on p1_0.product_id=o1_0.product_id left join orders o2_0 on o2_0.order_id=o1_0.order_id left join customer c1_0 on c1_0.cust_id=o2_0.cust_id left join employee e1_0 on e1_0.emp_id=o2_0.employee_id where p1_0.product_id=?
Hibernate: select p1_0.product_id,p1_0.price_date_time,p1_0.note,p1_0.price from product_price p1_0 where p1_0.product_id=?
Hibernate: select p1_0.product_id,p1_0.image_id,p1_0.alternative,p1_0.path from product_image p1_0 where p1_0.product_id=?
Hibernate: insert into product_image (alternative,path,product_id,image_id) values (?,?,?,default)
Hibernate: select p1_0.price_date_time,p1_0.product_id,p2_0.product_id,p2_0.description,p2_0.manufacturer_name,p2_0.name,p2_0.status,p2_0.unit,o1_0.product_id,o1_0.order_id,o2_0.order_id,c1_0.cust_id,c1_0.address,c1_0.email,c1_0.cust_name,c1_0.phone,o2_0.employee_id,e1_0.emp_id,e1_0.address,e1_0.dob,e1_0.email,e1_0.full_name,e1_0.phone,e1_0.status,o2_0.order_date,o1_0.note,o1_0.price,o1_0.quantity,p1_0.note,p1_0.price from product_price p1_0 join product p2_0 on p2_0.product_id=p1_0.product_id left join order_detail o1_0 on p2_0.product_id=o1_0.product_id left join orders o2_0 on o2_0.order_id=o1_0.order_id left join customer c1_0 on c1_0.cust_id=o2_0.cust_id left join employee e1_0 on e1_0.emp_id=o2_0.employee_id where (p1_0.price_date_time,p1_0.product_id) in ((?,?))
Hibernate: select p1_0.price_date_time,p1_0.product_id,p2_0.product_id,p2_0.description,p2_0.manufacturer_name,p2_0.name,p2_0.status,p2_0.unit,o1_0.product_id,o1_0.order_id,o2_0.order_id,c1_0.cust_id,c1_0.address,c1_0.email,c1_0.cust_name,c1_0.phone,o2_0.employee_id,e1_0.emp_id,e1_0.address,e1_0.dob,e1_0.email,e1_0.full_name,e1_0.phone,e1_0.status,o2_0.order_date,o1_0.note,o1_0.price,o1_0.quantity,p1_0.note,p1_0.price from product_price p1_0 join product p2_0 on p2_0.product_id=p1_0.product_id left join order_detail o1_0 on p2_0.product_id=o1_0.product_id left join orders o2_0 on o2_0.order_id=o1_0.order_id left join customer c1_0 on c1_0.cust_id=o2_0.cust_id left join employee e1_0 on e1_0.emp_id=o2_0.employee_id where (p1_0.price_date_time,p1_0.product_id) in ((?,?))
Hibernate: select p1_0.price_date_time,p1_0.product_id,p2_0.product_id,p2_0.description,p2_0.manufacturer_name,p2_0.name,p2_0.status,p2_0.unit,o1_0.product_id,o1_0.order_id,o2_0.order_id,c1_0.cust_id,c1_0.address,c1_0.email,c1_0.cust_name,c1_0.phone,o2_0.employee_id,e1_0.emp_id,e1_0.address,e1_0.dob,e1_0.email,e1_0.full_name,e1_0.phone,e1_0.status,o2_0.order_date,o1_0.note,o1_0.price,o1_0.quantity,p1_0.note,p1_0.price from product_price p1_0 join product p2_0 on p2_0.product_id=p1_0.product_id left join order_detail o1_0 on p2_0.product_id=o1_0.product_id left join orders o2_0 on o2_0.order_id=o1_0.order_id left join customer c1_0 on c1_0.cust_id=o2_0.cust_id left join employee e1_0 on e1_0.emp_id=o2_0.employee_id where (p1_0.price_date_time,p1_0.product_id) in ((?,?))
Hibernate: insert into product_price (note,price,price_date_time,product_id) values (?,?,?,?)
Hibernate: insert into product_price (note,price,price_date_time,product_id) values (?,?,?,?)
Hibernate: insert into product_price (note,price,price_date_time,product_id) values (?,?,?,?)
Hibernate: insert into product (description,manufacturer_name,name,status,unit,product_id) values (?,?,?,?,?,default)
Hibernate: select p1_0.product_id,p1_0.description,p1_0.manufacturer_name,p1_0.name,p1_0.status,p1_0.unit,o1_0.product_id,o1_0.order_id,o2_0.order_id,c1_0.cust_id,c1_0.address,c1_0.email,c1_0.cust_name,c1_0.phone,o2_0.employee_id,e1_0.emp_id,e1_0.address,e1_0.dob,e1_0.email,e1_0.full_name,e1_0.phone,e1_0.status,o2_0.order_date,o1_0.note,o1_0.price,o1_0.quantity from product p1_0 left join order_detail o1_0 on p1_0.product_id=o1_0.product_id left join orders o2_0 on o2_0.order_id=o1_0.order_id left join customer c1_0 on c1_0.cust_id=o2_0.cust_id left join employee e1_0 on e1_0.emp_id=o2_0.employee_id where p1_0.product_id=?
Hibernate: select p1_0.product_id,p1_0.price_date_time,p1_0.note,p1_0.price from product_price p1_0 where p1_0.product_id=?
Hibernate: select p1_0.product_id,p1_0.image_id,p1_0.alternative,p1_0.path from product_image p1_0 where p1_0.product_id=?
Hibernate: insert into product_image (alternative,path,product_id,image_id) values (?,?,?,default)
Hibernate: select p1_0.price_date_time,p1_0.product_id,p2_0.product_id,p2_0.description,p2_0.manufacturer_name,p2_0.name,p2_0.status,p2_0.unit,o1_0.product_id,o1_0.order_id,o2_0.order_id,c1_0.cust_id,c1_0.address,c1_0.email,c1_0.cust_name,c1_0.phone,o2_0.employee_id,e1_0.emp_id,e1_0.address,e1_0.dob,e1_0.email,e1_0.full_name,e1_0.phone,e1_0.status,o2_0.order_date,o1_0.note,o1_0.price,o1_0.quantity,p1_0.note,p1_0.price from product_price p1_0 join product p2_0 on p2_0.product_id=p1_0.product_id left join order_detail o1_0 on p2_0.product_id=o1_0.product_id left join orders o2_0 on o2_0.order_id=o1_0.order_id left join customer c1_0 on c1_0.cust_id=o2_0.cust_id left join employee e1_0 on e1_0.emp_id=o2_0.employee_id where (p1_0.price_date_time,p1_0.product_id) in ((?,?))
Hibernate: select p1_0.price_date_time,p1_0.product_id,p2_0.product_id,p2_0.description,p2_0.manufacturer_name,p2_0.name,p2_0.status,p2_0.unit,o1_0.product_id,o1_0.order_id,o2_0.order_id,c1_0.cust_id,c1_0.address,c1_0.email,c1_0.cust_name,c1_0.phone,o2_0.employee_id,e1_0.emp_id,e1_0.address,e1_0.dob,e1_0.email,e1_0.full_name,e1_0.phone,e1_0.status,o2_0.order_date,o1_0.note,o1_0.price,o1_0.quantity,p1_0.note,p1_0.price from product_price p1_0 join product p2_0 on p2_0.product_id=p1_0.product_id left join order_detail o1_0 on p2_0.product_id=o1_0.product_id left join orders o2_0 on o2_0.order_id=o1_0.order_id left join customer c1_0 on c1_0.cust_id=o2_0.cust_id left join employee e1_0 on e1_0.emp_id=o2_0.employee_id where (p1_0.price_date_time,p1_0.product_id) in ((?,?))
Hibernate: select p1_0.price_date_time,p1_0.product_id,p2_0.product_id,p2_0.description,p2_0.manufacturer_name,p2_0.name,p2_0.status,p2_0.unit,o1_0.product_id,o1_0.order_id,o2_0.order_id,c1_0.cust_id,c1_0.address,c1_0.email,c1_0.cust_name,c1_0.phone,o2_0.employee_id,e1_0.emp_id,e1_0.address,e1_0.dob,e1_0.email,e1_0.full_name,e1_0.phone,e1_0.status,o2_0.order_date,o1_0.note,o1_0.price,o1_0.quantity,p1_0.note,p1_0.price from product_price p1_0 join product p2_0 on p2_0.product_id=p1_0.product_id left join order_detail o1_0 on p2_0.product_id=o1_0.product_id left join orders o2_0 on o2_0.order_id=o1_0.order_id left join customer c1_0 on c1_0.cust_id=o2_0.cust_id left join employee e1_0 on e1_0.emp_id=o2_0.employee_id where (p1_0.price_date_time,p1_0.product_id) in ((?,?))
Hibernate: insert into product_price (note,price,price_date_time,product_id) values (?,?,?,?)
Hibernate: insert into product_price (note,price,price_date_time,product_id) values (?,?,?,?)
Hibernate: insert into product_price (note,price,price_date_time,product_id) values (?,?,?,?)
Hibernate: insert into product (description,manufacturer_name,name,status,unit,product_id) values (?,?,?,?,?,default)
Hibernate: select p1_0.product_id,p1_0.description,p1_0.manufacturer_name,p1_0.name,p1_0.status,p1_0.unit,o1_0.product_id,o1_0.order_id,o2_0.order_id,c1_0.cust_id,c1_0.address,c1_0.email,c1_0.cust_name,c1_0.phone,o2_0.employee_id,e1_0.emp_id,e1_0.address,e1_0.dob,e1_0.email,e1_0.full_name,e1_0.phone,e1_0.status,o2_0.order_date,o1_0.note,o1_0.price,o1_0.quantity from product p1_0 left join order_detail o1_0 on p1_0.product_id=o1_0.product_id left join orders o2_0 on o2_0.order_id=o1_0.order_id left join customer c1_0 on c1_0.cust_id=o2_0.cust_id left join employee e1_0 on e1_0.emp_id=o2_0.employee_id where p1_0.product_id=?
Hibernate: select p1_0.product_id,p1_0.price_date_time,p1_0.note,p1_0.price from product_price p1_0 where p1_0.product_id=?
Hibernate: select p1_0.product_id,p1_0.image_id,p1_0.alternative,p1_0.path from product_image p1_0 where p1_0.product_id=?
Hibernate: insert into product_image (alternative,path,product_id,image_id) values (?,?,?,default)
Hibernate: select p1_0.price_date_time,p1_0.product_id,p2_0.product_id,p2_0.description,p2_0.manufacturer_name,p2_0.name,p2_0.status,p2_0.unit,o1_0.product_id,o1_0.order_id,o2_0.order_id,c1_0.cust_id,c1_0.address,c1_0.email,c1_0.cust_name,c1_0.phone,o2_0.employee_id,e1_0.emp_id,e1_0.address,e1_0.dob,e1_0.email,e1_0.full_name,e1_0.phone,e1_0.status,o2_0.order_date,o1_0.note,o1_0.price,o1_0.quantity,p1_0.note,p1_0.price from product_price p1_0 join product p2_0 on p2_0.product_id=p1_0.product_id left join order_detail o1_0 on p2_0.product_id=o1_0.product_id left join orders o2_0 on o2_0.order_id=o1_0.order_id left join customer c1_0 on c1_0.cust_id=o2_0.cust_id left join employee e1_0 on e1_0.emp_id=o2_0.employee_id where (p1_0.price_date_time,p1_0.product_id) in ((?,?))
Hibernate: select p1_0.price_date_time,p1_0.product_id,p2_0.product_id,p2_0.description,p2_0.manufacturer_name,p2_0.name,p2_0.status,p2_0.unit,o1_0.product_id,o1_0.order_id,o2_0.order_id,c1_0.cust_id,c1_0.address,c1_0.email,c1_0.cust_name,c1_0.phone,o2_0.employee_id,e1_0.emp_id,e1_0.address,e1_0.dob,e1_0.email,e1_0.full_name,e1_0.phone,e1_0.status,o2_0.order_date,o1_0.note,o1_0.price,o1_0.quantity,p1_0.note,p1_0.price from product_price p1_0 join product p2_0 on p2_0.product_id=p1_0.product_id left join order_detail o1_0 on p2_0.product_id=o1_0.product_id left join orders o2_0 on o2_0.order_id=o1_0.order_id left join customer c1_0 on c1_0.cust_id=o2_0.cust_id left join employee e1_0 on e1_0.emp_id=o2_0.employee_id where (p1_0.price_date_time,p1_0.product_id) in ((?,?))
Hibernate: select p1_0.price_date_time,p1_0.product_id,p2_0.product_id,p2_0.description,p2_0.manufacturer_name,p2_0.name,p2_0.status,p2_0.unit,o1_0.product_id,o1_0.order_id,o2_0.order_id,c1_0.cust_id,c1_0.address,c1_0.email,c1_0.cust_name,c1_0.phone,o2_0.employee_id,e1_0.emp_id,e1_0.address,e1_0.dob,e1_0.email,e1_0.full_name,e1_0.phone,e1_0.status,o2_0.order_date,o1_0.note,o1_0.price,o1_0.quantity,p1_0.note,p1_0.price from product_price p1_0 join product p2_0 on p2_0.product_id=p1_0.product_id left join order_detail o1_0 on p2_0.product_id=o1_0.product_id left join orders o2_0 on o2_0.order_id=o1_0.order_id left join customer c1_0 on c1_0.cust_id=o2_0.cust_id left join employee e1_0 on e1_0.emp_id=o2_0.employee_id where (p1_0.price_date_time,p1_0.product_id) in ((?,?))
Hibernate: insert into product_price (note,price,price_date_time,product_id) values (?,?,?,?)
Hibernate: insert into product_price (note,price,price_date_time,product_id) values (?,?,?,?)
Hibernate: insert into product_price (note,price,price_date_time,product_id) values (?,?,?,?)
Hibernate: insert into product (description,manufacturer_name,name,status,unit,product_id) values (?,?,?,?,?,default)
Hibernate: select p1_0.product_id,p1_0.description,p1_0.manufacturer_name,p1_0.name,p1_0.status,p1_0.unit,o1_0.product_id,o1_0.order_id,o2_0.order_id,c1_0.cust_id,c1_0.address,c1_0.email,c1_0.cust_name,c1_0.phone,o2_0.employee_id,e1_0.emp_id,e1_0.address,e1_0.dob,e1_0.email,e1_0.full_name,e1_0.phone,e1_0.status,o2_0.order_date,o1_0.note,o1_0.price,o1_0.quantity from product p1_0 left join order_detail o1_0 on p1_0.product_id=o1_0.product_id left join orders o2_0 on o2_0.order_id=o1_0.order_id left join customer c1_0 on c1_0.cust_id=o2_0.cust_id left join employee e1_0 on e1_0.emp_id=o2_0.employee_id where p1_0.product_id=?
Hibernate: select p1_0.product_id,p1_0.price_date_time,p1_0.note,p1_0.price from product_price p1_0 where p1_0.product_id=?
Hibernate: select p1_0.product_id,p1_0.image_id,p1_0.alternative,p1_0.path from product_image p1_0 where p1_0.product_id=?
Hibernate: insert into product_image (alternative,path,product_id,image_id) values (?,?,?,default)
Hibernate: select p1_0.price_date_time,p1_0.product_id,p2_0.product_id,p2_0.description,p2_0.manufacturer_name,p2_0.name,p2_0.status,p2_0.unit,o1_0.product_id,o1_0.order_id,o2_0.order_id,c1_0.cust_id,c1_0.address,c1_0.email,c1_0.cust_name,c1_0.phone,o2_0.employee_id,e1_0.emp_id,e1_0.address,e1_0.dob,e1_0.email,e1_0.full_name,e1_0.phone,e1_0.status,o2_0.order_date,o1_0.note,o1_0.price,o1_0.quantity,p1_0.note,p1_0.price from product_price p1_0 join product p2_0 on p2_0.product_id=p1_0.product_id left join order_detail o1_0 on p2_0.product_id=o1_0.product_id left join orders o2_0 on o2_0.order_id=o1_0.order_id left join customer c1_0 on c1_0.cust_id=o2_0.cust_id left join employee e1_0 on e1_0.emp_id=o2_0.employee_id where (p1_0.price_date_time,p1_0.product_id) in ((?,?))
Hibernate: select p1_0.price_date_time,p1_0.product_id,p2_0.product_id,p2_0.description,p2_0.manufacturer_name,p2_0.name,p2_0.status,p2_0.unit,o1_0.product_id,o1_0.order_id,o2_0.order_id,c1_0.cust_id,c1_0.address,c1_0.email,c1_0.cust_name,c1_0.phone,o2_0.employee_id,e1_0.emp_id,e1_0.address,e1_0.dob,e1_0.email,e1_0.full_name,e1_0.phone,e1_0.status,o2_0.order_date,o1_0.note,o1_0.price,o1_0.quantity,p1_0.note,p1_0.price from product_price p1_0 join product p2_0 on p2_0.product_id=p1_0.product_id left join order_detail o1_0 on p2_0.product_id=o1_0.product_id left join orders o2_0 on o2_0.order_id=o1_0.order_id left join customer c1_0 on c1_0.cust_id=o2_0.cust_id left join employee e1_0 on e1_0.emp_id=o2_0.employee_id where (p1_0.price_date_time,p1_0.product_id) in ((?,?))
Hibernate: select p1_0.price_date_time,p1_0.product_id,p2_0.product_id,p2_0.description,p2_0.manufacturer_name,p2_0.name,p2_0.status,p2_0.unit,o1_0.product_id,o1_0.order_id,o2_0.order_id,c1_0.cust_id,c1_0.address,c1_0.email,c1_0.cust_name,c1_0.phone,o2_0.employee_id,e1_0.emp_id,e1_0.address,e1_0.dob,e1_0.email,e1_0.full_name,e1_0.phone,e1_0.status,o2_0.order_date,o1_0.note,o1_0.price,o1_0.quantity,p1_0.note,p1_0.price from product_price p1_0 join product p2_0 on p2_0.product_id=p1_0.product_id left join order_detail o1_0 on p2_0.product_id=o1_0.product_id left join orders o2_0 on o2_0.order_id=o1_0.order_id left join customer c1_0 on c1_0.cust_id=o2_0.cust_id left join employee e1_0 on e1_0.emp_id=o2_0.employee_id where (p1_0.price_date_time,p1_0.product_id) in ((?,?))
Hibernate: insert into product_price (note,price,price_date_time,product_id) values (?,?,?,?)
Hibernate: insert into product_price (note,price,price_date_time,product_id) values (?,?,?,?)
Hibernate: insert into product_price (note,price,price_date_time,product_id) values (?,?,?,?)
Hibernate: insert into product (description,manufacturer_name,name,status,unit,product_id) values (?,?,?,?,?,default)
Hibernate: select p1_0.product_id,p1_0.description,p1_0.manufacturer_name,p1_0.name,p1_0.status,p1_0.unit,o1_0.product_id,o1_0.order_id,o2_0.order_id,c1_0.cust_id,c1_0.address,c1_0.email,c1_0.cust_name,c1_0.phone,o2_0.employee_id,e1_0.emp_id,e1_0.address,e1_0.dob,e1_0.email,e1_0.full_name,e1_0.phone,e1_0.status,o2_0.order_date,o1_0.note,o1_0.price,o1_0.quantity from product p1_0 left join order_detail o1_0 on p1_0.product_id=o1_0.product_id left join orders o2_0 on o2_0.order_id=o1_0.order_id left join customer c1_0 on c1_0.cust_id=o2_0.cust_id left join employee e1_0 on e1_0.emp_id=o2_0.employee_id where p1_0.product_id=?
Hibernate: select p1_0.product_id,p1_0.price_date_time,p1_0.note,p1_0.price from product_price p1_0 where p1_0.product_id=?
Hibernate: select p1_0.product_id,p1_0.image_id,p1_0.alternative,p1_0.path from product_image p1_0 where p1_0.product_id=?
Hibernate: insert into product_image (alternative,path,product_id,image_id) values (?,?,?,default)
Hibernate: select p1_0.price_date_time,p1_0.product_id,p2_0.product_id,p2_0.description,p2_0.manufacturer_name,p2_0.name,p2_0.status,p2_0.unit,o1_0.product_id,o1_0.order_id,o2_0.order_id,c1_0.cust_id,c1_0.address,c1_0.email,c1_0.cust_name,c1_0.phone,o2_0.employee_id,e1_0.emp_id,e1_0.address,e1_0.dob,e1_0.email,e1_0.full_name,e1_0.phone,e1_0.status,o2_0.order_date,o1_0.note,o1_0.price,o1_0.quantity,p1_0.note,p1_0.price from product_price p1_0 join product p2_0 on p2_0.product_id=p1_0.product_id left join order_detail o1_0 on p2_0.product_id=o1_0.product_id left join orders o2_0 on o2_0.order_id=o1_0.order_id left join customer c1_0 on c1_0.cust_id=o2_0.cust_id left join employee e1_0 on e1_0.emp_id=o2_0.employee_id where (p1_0.price_date_time,p1_0.product_id) in ((?,?))
Hibernate: select p1_0.price_date_time,p1_0.product_id,p2_0.product_id,p2_0.description,p2_0.manufacturer_name,p2_0.name,p2_0.status,p2_0.unit,o1_0.product_id,o1_0.order_id,o2_0.order_id,c1_0.cust_id,c1_0.address,c1_0.email,c1_0.cust_name,c1_0.phone,o2_0.employee_id,e1_0.emp_id,e1_0.address,e1_0.dob,e1_0.email,e1_0.full_name,e1_0.phone,e1_0.status,o2_0.order_date,o1_0.note,o1_0.price,o1_0.quantity,p1_0.note,p1_0.price from product_price p1_0 join product p2_0 on p2_0.product_id=p1_0.product_id left join order_detail o1_0 on p2_0.product_id=o1_0.product_id left join orders o2_0 on o2_0.order_id=o1_0.order_id left join customer c1_0 on c1_0.cust_id=o2_0.cust_id left join employee e1_0 on e1_0.emp_id=o2_0.employee_id where (p1_0.price_date_time,p1_0.product_id) in ((?,?))
Hibernate: select p1_0.price_date_time,p1_0.product_id,p2_0.product_id,p2_0.description,p2_0.manufacturer_name,p2_0.name,p2_0.status,p2_0.unit,o1_0.product_id,o1_0.order_id,o2_0.order_id,c1_0.cust_id,c1_0.address,c1_0.email,c1_0.cust_name,c1_0.phone,o2_0.employee_id,e1_0.emp_id,e1_0.address,e1_0.dob,e1_0.email,e1_0.full_name,e1_0.phone,e1_0.status,o2_0.order_date,o1_0.note,o1_0.price,o1_0.quantity,p1_0.note,p1_0.price from product_price p1_0 join product p2_0 on p2_0.product_id=p1_0.product_id left join order_detail o1_0 on p2_0.product_id=o1_0.product_id left join orders o2_0 on o2_0.order_id=o1_0.order_id left join customer c1_0 on c1_0.cust_id=o2_0.cust_id left join employee e1_0 on e1_0.emp_id=o2_0.employee_id where (p1_0.price_date_time,p1_0.product_id) in ((?,?))
Hibernate: insert into product_price (note,price,price_date_time,product_id) values (?,?,?,?)
Hibernate: insert into product_price (note,price,price_date_time,product_id) values (?,?,?,?)
Hibernate: insert into product_price (note,price,price_date_time,product_id) values (?,?,?,?)
Hibernate: insert into product (description,manufacturer_name,name,status,unit,product_id) values (?,?,?,?,?,default)
Hibernate: select p1_0.product_id,p1_0.description,p1_0.manufacturer_name,p1_0.name,p1_0.status,p1_0.unit,o1_0.product_id,o1_0.order_id,o2_0.order_id,c1_0.cust_id,c1_0.address,c1_0.email,c1_0.cust_name,c1_0.phone,o2_0.employee_id,e1_0.emp_id,e1_0.address,e1_0.dob,e1_0.email,e1_0.full_name,e1_0.phone,e1_0.status,o2_0.order_date,o1_0.note,o1_0.price,o1_0.quantity from product p1_0 left join order_detail o1_0 on p1_0.product_id=o1_0.product_id left join orders o2_0 on o2_0.order_id=o1_0.order_id left join customer c1_0 on c1_0.cust_id=o2_0.cust_id left join employee e1_0 on e1_0.emp_id=o2_0.employee_id where p1_0.product_id=?
Hibernate: select p1_0.product_id,p1_0.price_date_time,p1_0.note,p1_0.price from product_price p1_0 where p1_0.product_id=?
Hibernate: select p1_0.product_id,p1_0.image_id,p1_0.alternative,p1_0.path from product_image p1_0 where p1_0.product_id=?
Hibernate: insert into product_image (alternative,path,product_id,image_id) values (?,?,?,default)
Hibernate: select p1_0.price_date_time,p1_0.product_id,p2_0.product_id,p2_0.description,p2_0.manufacturer_name,p2_0.name,p2_0.status,p2_0.unit,o1_0.product_id,o1_0.order_id,o2_0.order_id,c1_0.cust_id,c1_0.address,c1_0.email,c1_0.cust_name,c1_0.phone,o2_0.employee_id,e1_0.emp_id,e1_0.address,e1_0.dob,e1_0.email,e1_0.full_name,e1_0.phone,e1_0.status,o2_0.order_date,o1_0.note,o1_0.price,o1_0.quantity,p1_0.note,p1_0.price from product_price p1_0 join product p2_0 on p2_0.product_id=p1_0.product_id left join order_detail o1_0 on p2_0.product_id=o1_0.product_id left join orders o2_0 on o2_0.order_id=o1_0.order_id left join customer c1_0 on c1_0.cust_id=o2_0.cust_id left join employee e1_0 on e1_0.emp_id=o2_0.employee_id where (p1_0.price_date_time,p1_0.product_id) in ((?,?))
Hibernate: select p1_0.price_date_time,p1_0.product_id,p2_0.product_id,p2_0.description,p2_0.manufacturer_name,p2_0.name,p2_0.status,p2_0.unit,o1_0.product_id,o1_0.order_id,o2_0.order_id,c1_0.cust_id,c1_0.address,c1_0.email,c1_0.cust_name,c1_0.phone,o2_0.employee_id,e1_0.emp_id,e1_0.address,e1_0.dob,e1_0.email,e1_0.full_name,e1_0.phone,e1_0.status,o2_0.order_date,o1_0.note,o1_0.price,o1_0.quantity,p1_0.note,p1_0.price from product_price p1_0 join product p2_0 on p2_0.product_id=p1_0.product_id left join order_detail o1_0 on p2_0.product_id=o1_0.product_id left join orders o2_0 on o2_0.order_id=o1_0.order_id left join customer c1_0 on c1_0.cust_id=o2_0.cust_id left join employee e1_0 on e1_0.emp_id=o2_0.employee_id where (p1_0.price_date_time,p1_0.product_id) in ((?,?))
Hibernate: select p1_0.price_date_time,p1_0.product_id,p2_0.product_id,p2_0.description,p2_0.manufacturer_name,p2_0.name,p2_0.status,p2_0.unit,o1_0.product_id,o1_0.order_id,o2_0.order_id,c1_0.cust_id,c1_0.address,c1_0.email,c1_0.cust_name,c1_0.phone,o2_0.employee_id,e1_0.emp_id,e1_0.address,e1_0.dob,e1_0.email,e1_0.full_name,e1_0.phone,e1_0.status,o2_0.order_date,o1_0.note,o1_0.price,o1_0.quantity,p1_0.note,p1_0.price from product_price p1_0 join product p2_0 on p2_0.product_id=p1_0.product_id left join order_detail o1_0 on p2_0.product_id=o1_0.product_id left join orders o2_0 on o2_0.order_id=o1_0.order_id left join customer c1_0 on c1_0.cust_id=o2_0.cust_id left join employee e1_0 on e1_0.emp_id=o2_0.employee_id where (p1_0.price_date_time,p1_0.product_id) in ((?,?))
Hibernate: insert into product_price (note,price,price_date_time,product_id) values (?,?,?,?)
Hibernate: insert into product_price (note,price,price_date_time,product_id) values (?,?,?,?)
Hibernate: insert into product_price (note,price,price_date_time,product_id) values (?,?,?,?)
Hibernate: insert into product (description,manufacturer_name,name,status,unit,product_id) values (?,?,?,?,?,default)
Hibernate: select p1_0.product_id,p1_0.description,p1_0.manufacturer_name,p1_0.name,p1_0.status,p1_0.unit,o1_0.product_id,o1_0.order_id,o2_0.order_id,c1_0.cust_id,c1_0.address,c1_0.email,c1_0.cust_name,c1_0.phone,o2_0.employee_id,e1_0.emp_id,e1_0.address,e1_0.dob,e1_0.email,e1_0.full_name,e1_0.phone,e1_0.status,o2_0.order_date,o1_0.note,o1_0.price,o1_0.quantity from product p1_0 left join order_detail o1_0 on p1_0.product_id=o1_0.product_id left join orders o2_0 on o2_0.order_id=o1_0.order_id left join customer c1_0 on c1_0.cust_id=o2_0.cust_id left join employee e1_0 on e1_0.emp_id=o2_0.employee_id where p1_0.product_id=?
Hibernate: select p1_0.product_id,p1_0.price_date_time,p1_0.note,p1_0.price from product_price p1_0 where p1_0.product_id=?
Hibernate: select p1_0.product_id,p1_0.image_id,p1_0.alternative,p1_0.path from product_image p1_0 where p1_0.product_id=?
Hibernate: insert into product_image (alternative,path,product_id,image_id) values (?,?,?,default)
Hibernate: select p1_0.price_date_time,p1_0.product_id,p2_0.product_id,p2_0.description,p2_0.manufacturer_name,p2_0.name,p2_0.status,p2_0.unit,o1_0.product_id,o1_0.order_id,o2_0.order_id,c1_0.cust_id,c1_0.address,c1_0.email,c1_0.cust_name,c1_0.phone,o2_0.employee_id,e1_0.emp_id,e1_0.address,e1_0.dob,e1_0.email,e1_0.full_name,e1_0.phone,e1_0.status,o2_0.order_date,o1_0.note,o1_0.price,o1_0.quantity,p1_0.note,p1_0.price from product_price p1_0 join product p2_0 on p2_0.product_id=p1_0.product_id left join order_detail o1_0 on p2_0.product_id=o1_0.product_id left join orders o2_0 on o2_0.order_id=o1_0.order_id left join customer c1_0 on c1_0.cust_id=o2_0.cust_id left join employee e1_0 on e1_0.emp_id=o2_0.employee_id where (p1_0.price_date_time,p1_0.product_id) in ((?,?))
Hibernate: select p1_0.price_date_time,p1_0.product_id,p2_0.product_id,p2_0.description,p2_0.manufacturer_name,p2_0.name,p2_0.status,p2_0.unit,o1_0.product_id,o1_0.order_id,o2_0.order_id,c1_0.cust_id,c1_0.address,c1_0.email,c1_0.cust_name,c1_0.phone,o2_0.employee_id,e1_0.emp_id,e1_0.address,e1_0.dob,e1_0.email,e1_0.full_name,e1_0.phone,e1_0.status,o2_0.order_date,o1_0.note,o1_0.price,o1_0.quantity,p1_0.note,p1_0.price from product_price p1_0 join product p2_0 on p2_0.product_id=p1_0.product_id left join order_detail o1_0 on p2_0.product_id=o1_0.product_id left join orders o2_0 on o2_0.order_id=o1_0.order_id left join customer c1_0 on c1_0.cust_id=o2_0.cust_id left join employee e1_0 on e1_0.emp_id=o2_0.employee_id where (p1_0.price_date_time,p1_0.product_id) in ((?,?))
Hibernate: select p1_0.price_date_time,p1_0.product_id,p2_0.product_id,p2_0.description,p2_0.manufacturer_name,p2_0.name,p2_0.status,p2_0.unit,o1_0.product_id,o1_0.order_id,o2_0.order_id,c1_0.cust_id,c1_0.address,c1_0.email,c1_0.cust_name,c1_0.phone,o2_0.employee_id,e1_0.emp_id,e1_0.address,e1_0.dob,e1_0.email,e1_0.full_name,e1_0.phone,e1_0.status,o2_0.order_date,o1_0.note,o1_0.price,o1_0.quantity,p1_0.note,p1_0.price from product_price p1_0 join product p2_0 on p2_0.product_id=p1_0.product_id left join order_detail o1_0 on p2_0.product_id=o1_0.product_id left join orders o2_0 on o2_0.order_id=o1_0.order_id left join customer c1_0 on c1_0.cust_id=o2_0.cust_id left join employee e1_0 on e1_0.emp_id=o2_0.employee_id where (p1_0.price_date_time,p1_0.product_id) in ((?,?))
Hibernate: insert into product_price (note,price,price_date_time,product_id) values (?,?,?,?)
Hibernate: insert into product_price (note,price,price_date_time,product_id) values (?,?,?,?)
Hibernate: insert into product_price (note,price,price_date_time,product_id) values (?,?,?,?)
Hibernate: insert into product (description,manufacturer_name,name,status,unit,product_id) values (?,?,?,?,?,default)
Hibernate: select p1_0.product_id,p1_0.description,p1_0.manufacturer_name,p1_0.name,p1_0.status,p1_0.unit,o1_0.product_id,o1_0.order_id,o2_0.order_id,c1_0.cust_id,c1_0.address,c1_0.email,c1_0.cust_name,c1_0.phone,o2_0.employee_id,e1_0.emp_id,e1_0.address,e1_0.dob,e1_0.email,e1_0.full_name,e1_0.phone,e1_0.status,o2_0.order_date,o1_0.note,o1_0.price,o1_0.quantity from product p1_0 left join order_detail o1_0 on p1_0.product_id=o1_0.product_id left join orders o2_0 on o2_0.order_id=o1_0.order_id left join customer c1_0 on c1_0.cust_id=o2_0.cust_id left join employee e1_0 on e1_0.emp_id=o2_0.employee_id where p1_0.product_id=?
Hibernate: select p1_0.product_id,p1_0.price_date_time,p1_0.note,p1_0.price from product_price p1_0 where p1_0.product_id=?
Hibernate: select p1_0.product_id,p1_0.image_id,p1_0.alternative,p1_0.path from product_image p1_0 where p1_0.product_id=?
Hibernate: insert into product_image (alternative,path,product_id,image_id) values (?,?,?,default)
Hibernate: select p1_0.price_date_time,p1_0.product_id,p2_0.product_id,p2_0.description,p2_0.manufacturer_name,p2_0.name,p2_0.status,p2_0.unit,o1_0.product_id,o1_0.order_id,o2_0.order_id,c1_0.cust_id,c1_0.address,c1_0.email,c1_0.cust_name,c1_0.phone,o2_0.employee_id,e1_0.emp_id,e1_0.address,e1_0.dob,e1_0.email,e1_0.full_name,e1_0.phone,e1_0.status,o2_0.order_date,o1_0.note,o1_0.price,o1_0.quantity,p1_0.note,p1_0.price from product_price p1_0 join product p2_0 on p2_0.product_id=p1_0.product_id left join order_detail o1_0 on p2_0.product_id=o1_0.product_id left join orders o2_0 on o2_0.order_id=o1_0.order_id left join customer c1_0 on c1_0.cust_id=o2_0.cust_id left join employee e1_0 on e1_0.emp_id=o2_0.employee_id where (p1_0.price_date_time,p1_0.product_id) in ((?,?))
Hibernate: select p1_0.price_date_time,p1_0.product_id,p2_0.product_id,p2_0.description,p2_0.manufacturer_name,p2_0.name,p2_0.status,p2_0.unit,o1_0.product_id,o1_0.order_id,o2_0.order_id,c1_0.cust_id,c1_0.address,c1_0.email,c1_0.cust_name,c1_0.phone,o2_0.employee_id,e1_0.emp_id,e1_0.address,e1_0.dob,e1_0.email,e1_0.full_name,e1_0.phone,e1_0.status,o2_0.order_date,o1_0.note,o1_0.price,o1_0.quantity,p1_0.note,p1_0.price from product_price p1_0 join product p2_0 on p2_0.product_id=p1_0.product_id left join order_detail o1_0 on p2_0.product_id=o1_0.product_id left join orders o2_0 on o2_0.order_id=o1_0.order_id left join customer c1_0 on c1_0.cust_id=o2_0.cust_id left join employee e1_0 on e1_0.emp_id=o2_0.employee_id where (p1_0.price_date_time,p1_0.product_id) in ((?,?))
Hibernate: select p1_0.price_date_time,p1_0.product_id,p2_0.product_id,p2_0.description,p2_0.manufacturer_name,p2_0.name,p2_0.status,p2_0.unit,o1_0.product_id,o1_0.order_id,o2_0.order_id,c1_0.cust_id,c1_0.address,c1_0.email,c1_0.cust_name,c1_0.phone,o2_0.employee_id,e1_0.emp_id,e1_0.address,e1_0.dob,e1_0.email,e1_0.full_name,e1_0.phone,e1_0.status,o2_0.order_date,o1_0.note,o1_0.price,o1_0.quantity,p1_0.note,p1_0.price from product_price p1_0 join product p2_0 on p2_0.product_id=p1_0.product_id left join order_detail o1_0 on p2_0.product_id=o1_0.product_id left join orders o2_0 on o2_0.order_id=o1_0.order_id left join customer c1_0 on c1_0.cust_id=o2_0.cust_id left join employee e1_0 on e1_0.emp_id=o2_0.employee_id where (p1_0.price_date_time,p1_0.product_id) in ((?,?))
Hibernate: insert into product_price (note,price,price_date_time,product_id) values (?,?,?,?)
Hibernate: insert into product_price (note,price,price_date_time,product_id) values (?,?,?,?)
Hibernate: insert into product_price (note,price,price_date_time,product_id) values (?,?,?,?)
Hibernate: insert into product (description,manufacturer_name,name,status,unit,product_id) values (?,?,?,?,?,default)
Hibernate: select p1_0.product_id,p1_0.description,p1_0.manufacturer_name,p1_0.name,p1_0.status,p1_0.unit,o1_0.product_id,o1_0.order_id,o2_0.order_id,c1_0.cust_id,c1_0.address,c1_0.email,c1_0.cust_name,c1_0.phone,o2_0.employee_id,e1_0.emp_id,e1_0.address,e1_0.dob,e1_0.email,e1_0.full_name,e1_0.phone,e1_0.status,o2_0.order_date,o1_0.note,o1_0.price,o1_0.quantity from product p1_0 left join order_detail o1_0 on p1_0.product_id=o1_0.product_id left join orders o2_0 on o2_0.order_id=o1_0.order_id left join customer c1_0 on c1_0.cust_id=o2_0.cust_id left join employee e1_0 on e1_0.emp_id=o2_0.employee_id where p1_0.product_id=?
Hibernate: select p1_0.product_id,p1_0.price_date_time,p1_0.note,p1_0.price from product_price p1_0 where p1_0.product_id=?
Hibernate: select p1_0.product_id,p1_0.image_id,p1_0.alternative,p1_0.path from product_image p1_0 where p1_0.product_id=?
Hibernate: insert into product_image (alternative,path,product_id,image_id) values (?,?,?,default)
Hibernate: select p1_0.price_date_time,p1_0.product_id,p2_0.product_id,p2_0.description,p2_0.manufacturer_name,p2_0.name,p2_0.status,p2_0.unit,o1_0.product_id,o1_0.order_id,o2_0.order_id,c1_0.cust_id,c1_0.address,c1_0.email,c1_0.cust_name,c1_0.phone,o2_0.employee_id,e1_0.emp_id,e1_0.address,e1_0.dob,e1_0.email,e1_0.full_name,e1_0.phone,e1_0.status,o2_0.order_date,o1_0.note,o1_0.price,o1_0.quantity,p1_0.note,p1_0.price from product_price p1_0 join product p2_0 on p2_0.product_id=p1_0.product_id left join order_detail o1_0 on p2_0.product_id=o1_0.product_id left join orders o2_0 on o2_0.order_id=o1_0.order_id left join customer c1_0 on c1_0.cust_id=o2_0.cust_id left join employee e1_0 on e1_0.emp_id=o2_0.employee_id where (p1_0.price_date_time,p1_0.product_id) in ((?,?))
Hibernate: select p1_0.price_date_time,p1_0.product_id,p2_0.product_id,p2_0.description,p2_0.manufacturer_name,p2_0.name,p2_0.status,p2_0.unit,o1_0.product_id,o1_0.order_id,o2_0.order_id,c1_0.cust_id,c1_0.address,c1_0.email,c1_0.cust_name,c1_0.phone,o2_0.employee_id,e1_0.emp_id,e1_0.address,e1_0.dob,e1_0.email,e1_0.full_name,e1_0.phone,e1_0.status,o2_0.order_date,o1_0.note,o1_0.price,o1_0.quantity,p1_0.note,p1_0.price from product_price p1_0 join product p2_0 on p2_0.product_id=p1_0.product_id left join order_detail o1_0 on p2_0.product_id=o1_0.product_id left join orders o2_0 on o2_0.order_id=o1_0.order_id left join customer c1_0 on c1_0.cust_id=o2_0.cust_id left join employee e1_0 on e1_0.emp_id=o2_0.employee_id where (p1_0.price_date_time,p1_0.product_id) in ((?,?))
Hibernate: select p1_0.price_date_time,p1_0.product_id,p2_0.product_id,p2_0.description,p2_0.manufacturer_name,p2_0.name,p2_0.status,p2_0.unit,o1_0.product_id,o1_0.order_id,o2_0.order_id,c1_0.cust_id,c1_0.address,c1_0.email,c1_0.cust_name,c1_0.phone,o2_0.employee_id,e1_0.emp_id,e1_0.address,e1_0.dob,e1_0.email,e1_0.full_name,e1_0.phone,e1_0.status,o2_0.order_date,o1_0.note,o1_0.price,o1_0.quantity,p1_0.note,p1_0.price from product_price p1_0 join product p2_0 on p2_0.product_id=p1_0.product_id left join order_detail o1_0 on p2_0.product_id=o1_0.product_id left join orders o2_0 on o2_0.order_id=o1_0.order_id left join customer c1_0 on c1_0.cust_id=o2_0.cust_id left join employee e1_0 on e1_0.emp_id=o2_0.employee_id where (p1_0.price_date_time,p1_0.product_id) in ((?,?))
Hibernate: insert into product_price (note,price,price_date_time,product_id) values (?,?,?,?)
Hibernate: insert into product_price (note,price,price_date_time,product_id) values (?,?,?,?)
Hibernate: insert into product_price (note,price,price_date_time,product_id) values (?,?,?,?)
Hibernate: insert into product (description,manufacturer_name,name,status,unit,product_id) values (?,?,?,?,?,default)
Hibernate: select p1_0.product_id,p1_0.description,p1_0.manufacturer_name,p1_0.name,p1_0.status,p1_0.unit,o1_0.product_id,o1_0.order_id,o2_0.order_id,c1_0.cust_id,c1_0.address,c1_0.email,c1_0.cust_name,c1_0.phone,o2_0.employee_id,e1_0.emp_id,e1_0.address,e1_0.dob,e1_0.email,e1_0.full_name,e1_0.phone,e1_0.status,o2_0.order_date,o1_0.note,o1_0.price,o1_0.quantity from product p1_0 left join order_detail o1_0 on p1_0.product_id=o1_0.product_id left join orders o2_0 on o2_0.order_id=o1_0.order_id left join customer c1_0 on c1_0.cust_id=o2_0.cust_id left join employee e1_0 on e1_0.emp_id=o2_0.employee_id where p1_0.product_id=?
Hibernate: select p1_0.product_id,p1_0.price_date_time,p1_0.note,p1_0.price from product_price p1_0 where p1_0.product_id=?
Hibernate: select p1_0.product_id,p1_0.image_id,p1_0.alternative,p1_0.path from product_image p1_0 where p1_0.product_id=?
Hibernate: insert into product_image (alternative,path,product_id,image_id) values (?,?,?,default)
Hibernate: select p1_0.price_date_time,p1_0.product_id,p2_0.product_id,p2_0.description,p2_0.manufacturer_name,p2_0.name,p2_0.status,p2_0.unit,o1_0.product_id,o1_0.order_id,o2_0.order_id,c1_0.cust_id,c1_0.address,c1_0.email,c1_0.cust_name,c1_0.phone,o2_0.employee_id,e1_0.emp_id,e1_0.address,e1_0.dob,e1_0.email,e1_0.full_name,e1_0.phone,e1_0.status,o2_0.order_date,o1_0.note,o1_0.price,o1_0.quantity,p1_0.note,p1_0.price from product_price p1_0 join product p2_0 on p2_0.product_id=p1_0.product_id left join order_detail o1_0 on p2_0.product_id=o1_0.product_id left join orders o2_0 on o2_0.order_id=o1_0.order_id left join customer c1_0 on c1_0.cust_id=o2_0.cust_id left join employee e1_0 on e1_0.emp_id=o2_0.employee_id where (p1_0.price_date_time,p1_0.product_id) in ((?,?))
Hibernate: select p1_0.price_date_time,p1_0.product_id,p2_0.product_id,p2_0.description,p2_0.manufacturer_name,p2_0.name,p2_0.status,p2_0.unit,o1_0.product_id,o1_0.order_id,o2_0.order_id,c1_0.cust_id,c1_0.address,c1_0.email,c1_0.cust_name,c1_0.phone,o2_0.employee_id,e1_0.emp_id,e1_0.address,e1_0.dob,e1_0.email,e1_0.full_name,e1_0.phone,e1_0.status,o2_0.order_date,o1_0.note,o1_0.price,o1_0.quantity,p1_0.note,p1_0.price from product_price p1_0 join product p2_0 on p2_0.product_id=p1_0.product_id left join order_detail o1_0 on p2_0.product_id=o1_0.product_id left join orders o2_0 on o2_0.order_id=o1_0.order_id left join customer c1_0 on c1_0.cust_id=o2_0.cust_id left join employee e1_0 on e1_0.emp_id=o2_0.employee_id where (p1_0.price_date_time,p1_0.product_id) in ((?,?))
Hibernate: select p1_0.price_date_time,p1_0.product_id,p2_0.product_id,p2_0.description,p2_0.manufacturer_name,p2_0.name,p2_0.status,p2_0.unit,o1_0.product_id,o1_0.order_id,o2_0.order_id,c1_0.cust_id,c1_0.address,c1_0.email,c1_0.cust_name,c1_0.phone,o2_0.employee_id,e1_0.emp_id,e1_0.address,e1_0.dob,e1_0.email,e1_0.full_name,e1_0.phone,e1_0.status,o2_0.order_date,o1_0.note,o1_0.price,o1_0.quantity,p1_0.note,p1_0.price from product_price p1_0 join product p2_0 on p2_0.product_id=p1_0.product_id left join order_detail o1_0 on p2_0.product_id=o1_0.product_id left join orders o2_0 on o2_0.order_id=o1_0.order_id left join customer c1_0 on c1_0.cust_id=o2_0.cust_id left join employee e1_0 on e1_0.emp_id=o2_0.employee_id where (p1_0.price_date_time,p1_0.product_id) in ((?,?))
Hibernate: insert into product_price (note,price,price_date_time,product_id) values (?,?,?,?)
Hibernate: insert into product_price (note,price,price_date_time,product_id) values (?,?,?,?)
Hibernate: insert into product_price (note,price,price_date_time,product_id) values (?,?,?,?)
Hibernate: insert into product (description,manufacturer_name,name,status,unit,product_id) values (?,?,?,?,?,default)
Hibernate: select p1_0.product_id,p1_0.description,p1_0.manufacturer_name,p1_0.name,p1_0.status,p1_0.unit,o1_0.product_id,o1_0.order_id,o2_0.order_id,c1_0.cust_id,c1_0.address,c1_0.email,c1_0.cust_name,c1_0.phone,o2_0.employee_id,e1_0.emp_id,e1_0.address,e1_0.dob,e1_0.email,e1_0.full_name,e1_0.phone,e1_0.status,o2_0.order_date,o1_0.note,o1_0.price,o1_0.quantity from product p1_0 left join order_detail o1_0 on p1_0.product_id=o1_0.product_id left join orders o2_0 on o2_0.order_id=o1_0.order_id left join customer c1_0 on c1_0.cust_id=o2_0.cust_id left join employee e1_0 on e1_0.emp_id=o2_0.employee_id where p1_0.product_id=?
Hibernate: select p1_0.product_id,p1_0.price_date_time,p1_0.note,p1_0.price from product_price p1_0 where p1_0.product_id=?
Hibernate: select p1_0.product_id,p1_0.image_id,p1_0.alternative,p1_0.path from product_image p1_0 where p1_0.product_id=?
Hibernate: insert into product_image (alternative,path,product_id,image_id) values (?,?,?,default)
Hibernate: select p1_0.price_date_time,p1_0.product_id,p2_0.product_id,p2_0.description,p2_0.manufacturer_name,p2_0.name,p2_0.status,p2_0.unit,o1_0.product_id,o1_0.order_id,o2_0.order_id,c1_0.cust_id,c1_0.address,c1_0.email,c1_0.cust_name,c1_0.phone,o2_0.employee_id,e1_0.emp_id,e1_0.address,e1_0.dob,e1_0.email,e1_0.full_name,e1_0.phone,e1_0.status,o2_0.order_date,o1_0.note,o1_0.price,o1_0.quantity,p1_0.note,p1_0.price from product_price p1_0 join product p2_0 on p2_0.product_id=p1_0.product_id left join order_detail o1_0 on p2_0.product_id=o1_0.product_id left join orders o2_0 on o2_0.order_id=o1_0.order_id left join customer c1_0 on c1_0.cust_id=o2_0.cust_id left join employee e1_0 on e1_0.emp_id=o2_0.employee_id where (p1_0.price_date_time,p1_0.product_id) in ((?,?))
Hibernate: select p1_0.price_date_time,p1_0.product_id,p2_0.product_id,p2_0.description,p2_0.manufacturer_name,p2_0.name,p2_0.status,p2_0.unit,o1_0.product_id,o1_0.order_id,o2_0.order_id,c1_0.cust_id,c1_0.address,c1_0.email,c1_0.cust_name,c1_0.phone,o2_0.employee_id,e1_0.emp_id,e1_0.address,e1_0.dob,e1_0.email,e1_0.full_name,e1_0.phone,e1_0.status,o2_0.order_date,o1_0.note,o1_0.price,o1_0.quantity,p1_0.note,p1_0.price from product_price p1_0 join product p2_0 on p2_0.product_id=p1_0.product_id left join order_detail o1_0 on p2_0.product_id=o1_0.product_id left join orders o2_0 on o2_0.order_id=o1_0.order_id left join customer c1_0 on c1_0.cust_id=o2_0.cust_id left join employee e1_0 on e1_0.emp_id=o2_0.employee_id where (p1_0.price_date_time,p1_0.product_id) in ((?,?))
Hibernate: select p1_0.price_date_time,p1_0.product_id,p2_0.product_id,p2_0.description,p2_0.manufacturer_name,p2_0.name,p2_0.status,p2_0.unit,o1_0.product_id,o1_0.order_id,o2_0.order_id,c1_0.cust_id,c1_0.address,c1_0.email,c1_0.cust_name,c1_0.phone,o2_0.employee_id,e1_0.emp_id,e1_0.address,e1_0.dob,e1_0.email,e1_0.full_name,e1_0.phone,e1_0.status,o2_0.order_date,o1_0.note,o1_0.price,o1_0.quantity,p1_0.note,p1_0.price from product_price p1_0 join product p2_0 on p2_0.product_id=p1_0.product_id left join order_detail o1_0 on p2_0.product_id=o1_0.product_id left join orders o2_0 on o2_0.order_id=o1_0.order_id left join customer c1_0 on c1_0.cust_id=o2_0.cust_id left join employee e1_0 on e1_0.emp_id=o2_0.employee_id where (p1_0.price_date_time,p1_0.product_id) in ((?,?))
Hibernate: insert into product_price (note,price,price_date_time,product_id) values (?,?,?,?)
Hibernate: insert into product_price (note,price,price_date_time,product_id) values (?,?,?,?)
Hibernate: insert into product_price (note,price,price_date_time,product_id) values (?,?,?,?)
Hibernate: insert into product (description,manufacturer_name,name,status,unit,product_id) values (?,?,?,?,?,default)
Hibernate: select p1_0.product_id,p1_0.description,p1_0.manufacturer_name,p1_0.name,p1_0.status,p1_0.unit,o1_0.product_id,o1_0.order_id,o2_0.order_id,c1_0.cust_id,c1_0.address,c1_0.email,c1_0.cust_name,c1_0.phone,o2_0.employee_id,e1_0.emp_id,e1_0.address,e1_0.dob,e1_0.email,e1_0.full_name,e1_0.phone,e1_0.status,o2_0.order_date,o1_0.note,o1_0.price,o1_0.quantity from product p1_0 left join order_detail o1_0 on p1_0.product_id=o1_0.product_id left join orders o2_0 on o2_0.order_id=o1_0.order_id left join customer c1_0 on c1_0.cust_id=o2_0.cust_id left join employee e1_0 on e1_0.emp_id=o2_0.employee_id where p1_0.product_id=?
Hibernate: select p1_0.product_id,p1_0.price_date_time,p1_0.note,p1_0.price from product_price p1_0 where p1_0.product_id=?
Hibernate: select p1_0.product_id,p1_0.image_id,p1_0.alternative,p1_0.path from product_image p1_0 where p1_0.product_id=?
Hibernate: insert into product_image (alternative,path,product_id,image_id) values (?,?,?,default)
Hibernate: select p1_0.price_date_time,p1_0.product_id,p2_0.product_id,p2_0.description,p2_0.manufacturer_name,p2_0.name,p2_0.status,p2_0.unit,o1_0.product_id,o1_0.order_id,o2_0.order_id,c1_0.cust_id,c1_0.address,c1_0.email,c1_0.cust_name,c1_0.phone,o2_0.employee_id,e1_0.emp_id,e1_0.address,e1_0.dob,e1_0.email,e1_0.full_name,e1_0.phone,e1_0.status,o2_0.order_date,o1_0.note,o1_0.price,o1_0.quantity,p1_0.note,p1_0.price from product_price p1_0 join product p2_0 on p2_0.product_id=p1_0.product_id left join order_detail o1_0 on p2_0.product_id=o1_0.product_id left join orders o2_0 on o2_0.order_id=o1_0.order_id left join customer c1_0 on c1_0.cust_id=o2_0.cust_id left join employee e1_0 on e1_0.emp_id=o2_0.employee_id where (p1_0.price_date_time,p1_0.product_id) in ((?,?))
Hibernate: select p1_0.price_date_time,p1_0.product_id,p2_0.product_id,p2_0.description,p2_0.manufacturer_name,p2_0.name,p2_0.status,p2_0.unit,o1_0.product_id,o1_0.order_id,o2_0.order_id,c1_0.cust_id,c1_0.address,c1_0.email,c1_0.cust_name,c1_0.phone,o2_0.employee_id,e1_0.emp_id,e1_0.address,e1_0.dob,e1_0.email,e1_0.full_name,e1_0.phone,e1_0.status,o2_0.order_date,o1_0.note,o1_0.price,o1_0.quantity,p1_0.note,p1_0.price from product_price p1_0 join product p2_0 on p2_0.product_id=p1_0.product_id left join order_detail o1_0 on p2_0.product_id=o1_0.product_id left join orders o2_0 on o2_0.order_id=o1_0.order_id left join customer c1_0 on c1_0.cust_id=o2_0.cust_id left join employee e1_0 on e1_0.emp_id=o2_0.employee_id where (p1_0.price_date_time,p1_0.product_id) in ((?,?))
Hibernate: select p1_0.price_date_time,p1_0.product_id,p2_0.product_id,p2_0.description,p2_0.manufacturer_name,p2_0.name,p2_0.status,p2_0.unit,o1_0.product_id,o1_0.order_id,o2_0.order_id,c1_0.cust_id,c1_0.address,c1_0.email,c1_0.cust_name,c1_0.phone,o2_0.employee_id,e1_0.emp_id,e1_0.address,e1_0.dob,e1_0.email,e1_0.full_name,e1_0.phone,e1_0.status,o2_0.order_date,o1_0.note,o1_0.price,o1_0.quantity,p1_0.note,p1_0.price from product_price p1_0 join product p2_0 on p2_0.product_id=p1_0.product_id left join order_detail o1_0 on p2_0.product_id=o1_0.product_id left join orders o2_0 on o2_0.order_id=o1_0.order_id left join customer c1_0 on c1_0.cust_id=o2_0.cust_id left join employee e1_0 on e1_0.emp_id=o2_0.employee_id where (p1_0.price_date_time,p1_0.product_id) in ((?,?))
Hibernate: insert into product_price (note,price,price_date_time,product_id) values (?,?,?,?)
Hibernate: insert into product_price (note,price,price_date_time,product_id) values (?,?,?,?)
Hibernate: insert into product_price (note,price,price_date_time,product_id) values (?,?,?,?)
Hibernate: insert into product (description,manufacturer_name,name,status,unit,product_id) values (?,?,?,?,?,default)
Hibernate: select p1_0.product_id,p1_0.description,p1_0.manufacturer_name,p1_0.name,p1_0.status,p1_0.unit,o1_0.product_id,o1_0.order_id,o2_0.order_id,c1_0.cust_id,c1_0.address,c1_0.email,c1_0.cust_name,c1_0.phone,o2_0.employee_id,e1_0.emp_id,e1_0.address,e1_0.dob,e1_0.email,e1_0.full_name,e1_0.phone,e1_0.status,o2_0.order_date,o1_0.note,o1_0.price,o1_0.quantity from product p1_0 left join order_detail o1_0 on p1_0.product_id=o1_0.product_id left join orders o2_0 on o2_0.order_id=o1_0.order_id left join customer c1_0 on c1_0.cust_id=o2_0.cust_id left join employee e1_0 on e1_0.emp_id=o2_0.employee_id where p1_0.product_id=?
Hibernate: select p1_0.product_id,p1_0.price_date_time,p1_0.note,p1_0.price from product_price p1_0 where p1_0.product_id=?
Hibernate: select p1_0.product_id,p1_0.image_id,p1_0.alternative,p1_0.path from product_image p1_0 where p1_0.product_id=?
Hibernate: insert into product_image (alternative,path,product_id,image_id) values (?,?,?,default)
Hibernate: select p1_0.price_date_time,p1_0.product_id,p2_0.product_id,p2_0.description,p2_0.manufacturer_name,p2_0.name,p2_0.status,p2_0.unit,o1_0.product_id,o1_0.order_id,o2_0.order_id,c1_0.cust_id,c1_0.address,c1_0.email,c1_0.cust_name,c1_0.phone,o2_0.employee_id,e1_0.emp_id,e1_0.address,e1_0.dob,e1_0.email,e1_0.full_name,e1_0.phone,e1_0.status,o2_0.order_date,o1_0.note,o1_0.price,o1_0.quantity,p1_0.note,p1_0.price from product_price p1_0 join product p2_0 on p2_0.product_id=p1_0.product_id left join order_detail o1_0 on p2_0.product_id=o1_0.product_id left join orders o2_0 on o2_0.order_id=o1_0.order_id left join customer c1_0 on c1_0.cust_id=o2_0.cust_id left join employee e1_0 on e1_0.emp_id=o2_0.employee_id where (p1_0.price_date_time,p1_0.product_id) in ((?,?))
Hibernate: select p1_0.price_date_time,p1_0.product_id,p2_0.product_id,p2_0.description,p2_0.manufacturer_name,p2_0.name,p2_0.status,p2_0.unit,o1_0.product_id,o1_0.order_id,o2_0.order_id,c1_0.cust_id,c1_0.address,c1_0.email,c1_0.cust_name,c1_0.phone,o2_0.employee_id,e1_0.emp_id,e1_0.address,e1_0.dob,e1_0.email,e1_0.full_name,e1_0.phone,e1_0.status,o2_0.order_date,o1_0.note,o1_0.price,o1_0.quantity,p1_0.note,p1_0.price from product_price p1_0 join product p2_0 on p2_0.product_id=p1_0.product_id left join order_detail o1_0 on p2_0.product_id=o1_0.product_id left join orders o2_0 on o2_0.order_id=o1_0.order_id left join customer c1_0 on c1_0.cust_id=o2_0.cust_id left join employee e1_0 on e1_0.emp_id=o2_0.employee_id where (p1_0.price_date_time,p1_0.product_id) in ((?,?))
Hibernate: select p1_0.price_date_time,p1_0.product_id,p2_0.product_id,p2_0.description,p2_0.manufacturer_name,p2_0.name,p2_0.status,p2_0.unit,o1_0.product_id,o1_0.order_id,o2_0.order_id,c1_0.cust_id,c1_0.address,c1_0.email,c1_0.cust_name,c1_0.phone,o2_0.employee_id,e1_0.emp_id,e1_0.address,e1_0.dob,e1_0.email,e1_0.full_name,e1_0.phone,e1_0.status,o2_0.order_date,o1_0.note,o1_0.price,o1_0.quantity,p1_0.note,p1_0.price from product_price p1_0 join product p2_0 on p2_0.product_id=p1_0.product_id left join order_detail o1_0 on p2_0.product_id=o1_0.product_id left join orders o2_0 on o2_0.order_id=o1_0.order_id left join customer c1_0 on c1_0.cust_id=o2_0.cust_id left join employee e1_0 on e1_0.emp_id=o2_0.employee_id where (p1_0.price_date_time,p1_0.product_id) in ((?,?))
Hibernate: insert into product_price (note,price,price_date_time,product_id) values (?,?,?,?)
Hibernate: insert into product_price (note,price,price_date_time,product_id) values (?,?,?,?)
Hibernate: insert into product_price (note,price,price_date_time,product_id) values (?,?,?,?)
Hibernate: insert into product (description,manufacturer_name,name,status,unit,product_id) values (?,?,?,?,?,default)
Hibernate: select p1_0.product_id,p1_0.description,p1_0.manufacturer_name,p1_0.name,p1_0.status,p1_0.unit,o1_0.product_id,o1_0.order_id,o2_0.order_id,c1_0.cust_id,c1_0.address,c1_0.email,c1_0.cust_name,c1_0.phone,o2_0.employee_id,e1_0.emp_id,e1_0.address,e1_0.dob,e1_0.email,e1_0.full_name,e1_0.phone,e1_0.status,o2_0.order_date,o1_0.note,o1_0.price,o1_0.quantity from product p1_0 left join order_detail o1_0 on p1_0.product_id=o1_0.product_id left join orders o2_0 on o2_0.order_id=o1_0.order_id left join customer c1_0 on c1_0.cust_id=o2_0.cust_id left join employee e1_0 on e1_0.emp_id=o2_0.employee_id where p1_0.product_id=?
Hibernate: select p1_0.product_id,p1_0.price_date_time,p1_0.note,p1_0.price from product_price p1_0 where p1_0.product_id=?
Hibernate: select p1_0.product_id,p1_0.image_id,p1_0.alternative,p1_0.path from product_image p1_0 where p1_0.product_id=?
Hibernate: insert into product_image (alternative,path,product_id,image_id) values (?,?,?,default)
Hibernate: select p1_0.price_date_time,p1_0.product_id,p2_0.product_id,p2_0.description,p2_0.manufacturer_name,p2_0.name,p2_0.status,p2_0.unit,o1_0.product_id,o1_0.order_id,o2_0.order_id,c1_0.cust_id,c1_0.address,c1_0.email,c1_0.cust_name,c1_0.phone,o2_0.employee_id,e1_0.emp_id,e1_0.address,e1_0.dob,e1_0.email,e1_0.full_name,e1_0.phone,e1_0.status,o2_0.order_date,o1_0.note,o1_0.price,o1_0.quantity,p1_0.note,p1_0.price from product_price p1_0 join product p2_0 on p2_0.product_id=p1_0.product_id left join order_detail o1_0 on p2_0.product_id=o1_0.product_id left join orders o2_0 on o2_0.order_id=o1_0.order_id left join customer c1_0 on c1_0.cust_id=o2_0.cust_id left join employee e1_0 on e1_0.emp_id=o2_0.employee_id where (p1_0.price_date_time,p1_0.product_id) in ((?,?))
Hibernate: select p1_0.price_date_time,p1_0.product_id,p2_0.product_id,p2_0.description,p2_0.manufacturer_name,p2_0.name,p2_0.status,p2_0.unit,o1_0.product_id,o1_0.order_id,o2_0.order_id,c1_0.cust_id,c1_0.address,c1_0.email,c1_0.cust_name,c1_0.phone,o2_0.employee_id,e1_0.emp_id,e1_0.address,e1_0.dob,e1_0.email,e1_0.full_name,e1_0.phone,e1_0.status,o2_0.order_date,o1_0.note,o1_0.price,o1_0.quantity,p1_0.note,p1_0.price from product_price p1_0 join product p2_0 on p2_0.product_id=p1_0.product_id left join order_detail o1_0 on p2_0.product_id=o1_0.product_id left join orders o2_0 on o2_0.order_id=o1_0.order_id left join customer c1_0 on c1_0.cust_id=o2_0.cust_id left join employee e1_0 on e1_0.emp_id=o2_0.employee_id where (p1_0.price_date_time,p1_0.product_id) in ((?,?))
Hibernate: select p1_0.price_date_time,p1_0.product_id,p2_0.product_id,p2_0.description,p2_0.manufacturer_name,p2_0.name,p2_0.status,p2_0.unit,o1_0.product_id,o1_0.order_id,o2_0.order_id,c1_0.cust_id,c1_0.address,c1_0.email,c1_0.cust_name,c1_0.phone,o2_0.employee_id,e1_0.emp_id,e1_0.address,e1_0.dob,e1_0.email,e1_0.full_name,e1_0.phone,e1_0.status,o2_0.order_date,o1_0.note,o1_0.price,o1_0.quantity,p1_0.note,p1_0.price from product_price p1_0 join product p2_0 on p2_0.product_id=p1_0.product_id left join order_detail o1_0 on p2_0.product_id=o1_0.product_id left join orders o2_0 on o2_0.order_id=o1_0.order_id left join customer c1_0 on c1_0.cust_id=o2_0.cust_id left join employee e1_0 on e1_0.emp_id=o2_0.employee_id where (p1_0.price_date_time,p1_0.product_id) in ((?,?))
Hibernate: insert into product_price (note,price,price_date_time,product_id) values (?,?,?,?)
Hibernate: insert into product_price (note,price,price_date_time,product_id) values (?,?,?,?)
Hibernate: insert into product_price (note,price,price_date_time,product_id) values (?,?,?,?)
Hibernate: insert into product (description,manufacturer_name,name,status,unit,product_id) values (?,?,?,?,?,default)
Hibernate: select p1_0.product_id,p1_0.description,p1_0.manufacturer_name,p1_0.name,p1_0.status,p1_0.unit,o1_0.product_id,o1_0.order_id,o2_0.order_id,c1_0.cust_id,c1_0.address,c1_0.email,c1_0.cust_name,c1_0.phone,o2_0.employee_id,e1_0.emp_id,e1_0.address,e1_0.dob,e1_0.email,e1_0.full_name,e1_0.phone,e1_0.status,o2_0.order_date,o1_0.note,o1_0.price,o1_0.quantity from product p1_0 left join order_detail o1_0 on p1_0.product_id=o1_0.product_id left join orders o2_0 on o2_0.order_id=o1_0.order_id left join customer c1_0 on c1_0.cust_id=o2_0.cust_id left join employee e1_0 on e1_0.emp_id=o2_0.employee_id where p1_0.product_id=?
Hibernate: select p1_0.product_id,p1_0.price_date_time,p1_0.note,p1_0.price from product_price p1_0 where p1_0.product_id=?
Hibernate: select p1_0.product_id,p1_0.image_id,p1_0.alternative,p1_0.path from product_image p1_0 where p1_0.product_id=?
Hibernate: insert into product_image (alternative,path,product_id,image_id) values (?,?,?,default)
Hibernate: select p1_0.price_date_time,p1_0.product_id,p2_0.product_id,p2_0.description,p2_0.manufacturer_name,p2_0.name,p2_0.status,p2_0.unit,o1_0.product_id,o1_0.order_id,o2_0.order_id,c1_0.cust_id,c1_0.address,c1_0.email,c1_0.cust_name,c1_0.phone,o2_0.employee_id,e1_0.emp_id,e1_0.address,e1_0.dob,e1_0.email,e1_0.full_name,e1_0.phone,e1_0.status,o2_0.order_date,o1_0.note,o1_0.price,o1_0.quantity,p1_0.note,p1_0.price from product_price p1_0 join product p2_0 on p2_0.product_id=p1_0.product_id left join order_detail o1_0 on p2_0.product_id=o1_0.product_id left join orders o2_0 on o2_0.order_id=o1_0.order_id left join customer c1_0 on c1_0.cust_id=o2_0.cust_id left join employee e1_0 on e1_0.emp_id=o2_0.employee_id where (p1_0.price_date_time,p1_0.product_id) in ((?,?))
Hibernate: select p1_0.price_date_time,p1_0.product_id,p2_0.product_id,p2_0.description,p2_0.manufacturer_name,p2_0.name,p2_0.status,p2_0.unit,o1_0.product_id,o1_0.order_id,o2_0.order_id,c1_0.cust_id,c1_0.address,c1_0.email,c1_0.cust_name,c1_0.phone,o2_0.employee_id,e1_0.emp_id,e1_0.address,e1_0.dob,e1_0.email,e1_0.full_name,e1_0.phone,e1_0.status,o2_0.order_date,o1_0.note,o1_0.price,o1_0.quantity,p1_0.note,p1_0.price from product_price p1_0 join product p2_0 on p2_0.product_id=p1_0.product_id left join order_detail o1_0 on p2_0.product_id=o1_0.product_id left join orders o2_0 on o2_0.order_id=o1_0.order_id left join customer c1_0 on c1_0.cust_id=o2_0.cust_id left join employee e1_0 on e1_0.emp_id=o2_0.employee_id where (p1_0.price_date_time,p1_0.product_id) in ((?,?))
Hibernate: select p1_0.price_date_time,p1_0.product_id,p2_0.product_id,p2_0.description,p2_0.manufacturer_name,p2_0.name,p2_0.status,p2_0.unit,o1_0.product_id,o1_0.order_id,o2_0.order_id,c1_0.cust_id,c1_0.address,c1_0.email,c1_0.cust_name,c1_0.phone,o2_0.employee_id,e1_0.emp_id,e1_0.address,e1_0.dob,e1_0.email,e1_0.full_name,e1_0.phone,e1_0.status,o2_0.order_date,o1_0.note,o1_0.price,o1_0.quantity,p1_0.note,p1_0.price from product_price p1_0 join product p2_0 on p2_0.product_id=p1_0.product_id left join order_detail o1_0 on p2_0.product_id=o1_0.product_id left join orders o2_0 on o2_0.order_id=o1_0.order_id left join customer c1_0 on c1_0.cust_id=o2_0.cust_id left join employee e1_0 on e1_0.emp_id=o2_0.employee_id where (p1_0.price_date_time,p1_0.product_id) in ((?,?))
Hibernate: insert into product_price (note,price,price_date_time,product_id) values (?,?,?,?)
Hibernate: insert into product_price (note,price,price_date_time,product_id) values (?,?,?,?)
Hibernate: insert into product_price (note,price,price_date_time,product_id) values (?,?,?,?)
Hibernate: insert into product (description,manufacturer_name,name,status,unit,product_id) values (?,?,?,?,?,default)
Hibernate: select p1_0.product_id,p1_0.description,p1_0.manufacturer_name,p1_0.name,p1_0.status,p1_0.unit,o1_0.product_id,o1_0.order_id,o2_0.order_id,c1_0.cust_id,c1_0.address,c1_0.email,c1_0.cust_name,c1_0.phone,o2_0.employee_id,e1_0.emp_id,e1_0.address,e1_0.dob,e1_0.email,e1_0.full_name,e1_0.phone,e1_0.status,o2_0.order_date,o1_0.note,o1_0.price,o1_0.quantity from product p1_0 left join order_detail o1_0 on p1_0.product_id=o1_0.product_id left join orders o2_0 on o2_0.order_id=o1_0.order_id left join customer c1_0 on c1_0.cust_id=o2_0.cust_id left join employee e1_0 on e1_0.emp_id=o2_0.employee_id where p1_0.product_id=?
Hibernate: select p1_0.product_id,p1_0.price_date_time,p1_0.note,p1_0.price from product_price p1_0 where p1_0.product_id=?
Hibernate: select p1_0.product_id,p1_0.image_id,p1_0.alternative,p1_0.path from product_image p1_0 where p1_0.product_id=?
Hibernate: insert into product_image (alternative,path,product_id,image_id) values (?,?,?,default)
Hibernate: select p1_0.price_date_time,p1_0.product_id,p2_0.product_id,p2_0.description,p2_0.manufacturer_name,p2_0.name,p2_0.status,p2_0.unit,o1_0.product_id,o1_0.order_id,o2_0.order_id,c1_0.cust_id,c1_0.address,c1_0.email,c1_0.cust_name,c1_0.phone,o2_0.employee_id,e1_0.emp_id,e1_0.address,e1_0.dob,e1_0.email,e1_0.full_name,e1_0.phone,e1_0.status,o2_0.order_date,o1_0.note,o1_0.price,o1_0.quantity,p1_0.note,p1_0.price from product_price p1_0 join product p2_0 on p2_0.product_id=p1_0.product_id left join order_detail o1_0 on p2_0.product_id=o1_0.product_id left join orders o2_0 on o2_0.order_id=o1_0.order_id left join customer c1_0 on c1_0.cust_id=o2_0.cust_id left join employee e1_0 on e1_0.emp_id=o2_0.employee_id where (p1_0.price_date_time,p1_0.product_id) in ((?,?))
Hibernate: select p1_0.price_date_time,p1_0.product_id,p2_0.product_id,p2_0.description,p2_0.manufacturer_name,p2_0.name,p2_0.status,p2_0.unit,o1_0.product_id,o1_0.order_id,o2_0.order_id,c1_0.cust_id,c1_0.address,c1_0.email,c1_0.cust_name,c1_0.phone,o2_0.employee_id,e1_0.emp_id,e1_0.address,e1_0.dob,e1_0.email,e1_0.full_name,e1_0.phone,e1_0.status,o2_0.order_date,o1_0.note,o1_0.price,o1_0.quantity,p1_0.note,p1_0.price from product_price p1_0 join product p2_0 on p2_0.product_id=p1_0.product_id left join order_detail o1_0 on p2_0.product_id=o1_0.product_id left join orders o2_0 on o2_0.order_id=o1_0.order_id left join customer c1_0 on c1_0.cust_id=o2_0.cust_id left join employee e1_0 on e1_0.emp_id=o2_0.employee_id where (p1_0.price_date_time,p1_0.product_id) in ((?,?))
Hibernate: select p1_0.price_date_time,p1_0.product_id,p2_0.product_id,p2_0.description,p2_0.manufacturer_name,p2_0.name,p2_0.status,p2_0.unit,o1_0.product_id,o1_0.order_id,o2_0.order_id,c1_0.cust_id,c1_0.address,c1_0.email,c1_0.cust_name,c1_0.phone,o2_0.employee_id,e1_0.emp_id,e1_0.address,e1_0.dob,e1_0.email,e1_0.full_name,e1_0.phone,e1_0.status,o2_0.order_date,o1_0.note,o1_0.price,o1_0.quantity,p1_0.note,p1_0.price from product_price p1_0 join product p2_0 on p2_0.product_id=p1_0.product_id left join order_detail o1_0 on p2_0.product_id=o1_0.product_id left join orders o2_0 on o2_0.order_id=o1_0.order_id left join customer c1_0 on c1_0.cust_id=o2_0.cust_id left join employee e1_0 on e1_0.emp_id=o2_0.employee_id where (p1_0.price_date_time,p1_0.product_id) in ((?,?))
Hibernate: insert into product_price (note,price,price_date_time,product_id) values (?,?,?,?)
Hibernate: insert into product_price (note,price,price_date_time,product_id) values (?,?,?,?)
Hibernate: insert into product_price (note,price,price_date_time,product_id) values (?,?,?,?)
Hibernate: insert into product (description,manufacturer_name,name,status,unit,product_id) values (?,?,?,?,?,default)
Hibernate: select p1_0.product_id,p1_0.description,p1_0.manufacturer_name,p1_0.name,p1_0.status,p1_0.unit,o1_0.product_id,o1_0.order_id,o2_0.order_id,c1_0.cust_id,c1_0.address,c1_0.email,c1_0.cust_name,c1_0.phone,o2_0.employee_id,e1_0.emp_id,e1_0.address,e1_0.dob,e1_0.email,e1_0.full_name,e1_0.phone,e1_0.status,o2_0.order_date,o1_0.note,o1_0.price,o1_0.quantity from product p1_0 left join order_detail o1_0 on p1_0.product_id=o1_0.product_id left join orders o2_0 on o2_0.order_id=o1_0.order_id left join customer c1_0 on c1_0.cust_id=o2_0.cust_id left join employee e1_0 on e1_0.emp_id=o2_0.employee_id where p1_0.product_id=?
Hibernate: select p1_0.product_id,p1_0.price_date_time,p1_0.note,p1_0.price from product_price p1_0 where p1_0.product_id=?
Hibernate: select p1_0.product_id,p1_0.image_id,p1_0.alternative,p1_0.path from product_image p1_0 where p1_0.product_id=?
Hibernate: insert into product_image (alternative,path,product_id,image_id) values (?,?,?,default)
Hibernate: select p1_0.price_date_time,p1_0.product_id,p2_0.product_id,p2_0.description,p2_0.manufacturer_name,p2_0.name,p2_0.status,p2_0.unit,o1_0.product_id,o1_0.order_id,o2_0.order_id,c1_0.cust_id,c1_0.address,c1_0.email,c1_0.cust_name,c1_0.phone,o2_0.employee_id,e1_0.emp_id,e1_0.address,e1_0.dob,e1_0.email,e1_0.full_name,e1_0.phone,e1_0.status,o2_0.order_date,o1_0.note,o1_0.price,o1_0.quantity,p1_0.note,p1_0.price from product_price p1_0 join product p2_0 on p2_0.product_id=p1_0.product_id left join order_detail o1_0 on p2_0.product_id=o1_0.product_id left join orders o2_0 on o2_0.order_id=o1_0.order_id left join customer c1_0 on c1_0.cust_id=o2_0.cust_id left join employee e1_0 on e1_0.emp_id=o2_0.employee_id where (p1_0.price_date_time,p1_0.product_id) in ((?,?))
Hibernate: select p1_0.price_date_time,p1_0.product_id,p2_0.product_id,p2_0.description,p2_0.manufacturer_name,p2_0.name,p2_0.status,p2_0.unit,o1_0.product_id,o1_0.order_id,o2_0.order_id,c1_0.cust_id,c1_0.address,c1_0.email,c1_0.cust_name,c1_0.phone,o2_0.employee_id,e1_0.emp_id,e1_0.address,e1_0.dob,e1_0.email,e1_0.full_name,e1_0.phone,e1_0.status,o2_0.order_date,o1_0.note,o1_0.price,o1_0.quantity,p1_0.note,p1_0.price from product_price p1_0 join product p2_0 on p2_0.product_id=p1_0.product_id left join order_detail o1_0 on p2_0.product_id=o1_0.product_id left join orders o2_0 on o2_0.order_id=o1_0.order_id left join customer c1_0 on c1_0.cust_id=o2_0.cust_id left join employee e1_0 on e1_0.emp_id=o2_0.employee_id where (p1_0.price_date_time,p1_0.product_id) in ((?,?))
Hibernate: select p1_0.price_date_time,p1_0.product_id,p2_0.product_id,p2_0.description,p2_0.manufacturer_name,p2_0.name,p2_0.status,p2_0.unit,o1_0.product_id,o1_0.order_id,o2_0.order_id,c1_0.cust_id,c1_0.address,c1_0.email,c1_0.cust_name,c1_0.phone,o2_0.employee_id,e1_0.emp_id,e1_0.address,e1_0.dob,e1_0.email,e1_0.full_name,e1_0.phone,e1_0.status,o2_0.order_date,o1_0.note,o1_0.price,o1_0.quantity,p1_0.note,p1_0.price from product_price p1_0 join product p2_0 on p2_0.product_id=p1_0.product_id left join order_detail o1_0 on p2_0.product_id=o1_0.product_id left join orders o2_0 on o2_0.order_id=o1_0.order_id left join customer c1_0 on c1_0.cust_id=o2_0.cust_id left join employee e1_0 on e1_0.emp_id=o2_0.employee_id where (p1_0.price_date_time,p1_0.product_id) in ((?,?))
Hibernate: insert into product_price (note,price,price_date_time,product_id) values (?,?,?,?)
Hibernate: insert into product_price (note,price,price_date_time,product_id) values (?,?,?,?)
Hibernate: insert into product_price (note,price,price_date_time,product_id) values (?,?,?,?)
Hibernate: insert into product (description,manufacturer_name,name,status,unit,product_id) values (?,?,?,?,?,default)
Hibernate: select p1_0.product_id,p1_0.description,p1_0.manufacturer_name,p1_0.name,p1_0.status,p1_0.unit,o1_0.product_id,o1_0.order_id,o2_0.order_id,c1_0.cust_id,c1_0.address,c1_0.email,c1_0.cust_name,c1_0.phone,o2_0.employee_id,e1_0.emp_id,e1_0.address,e1_0.dob,e1_0.email,e1_0.full_name,e1_0.phone,e1_0.status,o2_0.order_date,o1_0.note,o1_0.price,o1_0.quantity from product p1_0 left join order_detail o1_0 on p1_0.product_id=o1_0.product_id left join orders o2_0 on o2_0.order_id=o1_0.order_id left join customer c1_0 on c1_0.cust_id=o2_0.cust_id left join employee e1_0 on e1_0.emp_id=o2_0.employee_id where p1_0.product_id=?
Hibernate: select p1_0.product_id,p1_0.price_date_time,p1_0.note,p1_0.price from product_price p1_0 where p1_0.product_id=?
Hibernate: select p1_0.product_id,p1_0.image_id,p1_0.alternative,p1_0.path from product_image p1_0 where p1_0.product_id=?
Hibernate: insert into product_image (alternative,path,product_id,image_id) values (?,?,?,default)
Hibernate: select p1_0.price_date_time,p1_0.product_id,p2_0.product_id,p2_0.description,p2_0.manufacturer_name,p2_0.name,p2_0.status,p2_0.unit,o1_0.product_id,o1_0.order_id,o2_0.order_id,c1_0.cust_id,c1_0.address,c1_0.email,c1_0.cust_name,c1_0.phone,o2_0.employee_id,e1_0.emp_id,e1_0.address,e1_0.dob,e1_0.email,e1_0.full_name,e1_0.phone,e1_0.status,o2_0.order_date,o1_0.note,o1_0.price,o1_0.quantity,p1_0.note,p1_0.price from product_price p1_0 join product p2_0 on p2_0.product_id=p1_0.product_id left join order_detail o1_0 on p2_0.product_id=o1_0.product_id left join orders o2_0 on o2_0.order_id=o1_0.order_id left join customer c1_0 on c1_0.cust_id=o2_0.cust_id left join employee e1_0 on e1_0.emp_id=o2_0.employee_id where (p1_0.price_date_time,p1_0.product_id) in ((?,?))
Hibernate: select p1_0.price_date_time,p1_0.product_id,p2_0.product_id,p2_0.description,p2_0.manufacturer_name,p2_0.name,p2_0.status,p2_0.unit,o1_0.product_id,o1_0.order_id,o2_0.order_id,c1_0.cust_id,c1_0.address,c1_0.email,c1_0.cust_name,c1_0.phone,o2_0.employee_id,e1_0.emp_id,e1_0.address,e1_0.dob,e1_0.email,e1_0.full_name,e1_0.phone,e1_0.status,o2_0.order_date,o1_0.note,o1_0.price,o1_0.quantity,p1_0.note,p1_0.price from product_price p1_0 join product p2_0 on p2_0.product_id=p1_0.product_id left join order_detail o1_0 on p2_0.product_id=o1_0.product_id left join orders o2_0 on o2_0.order_id=o1_0.order_id left join customer c1_0 on c1_0.cust_id=o2_0.cust_id left join employee e1_0 on e1_0.emp_id=o2_0.employee_id where (p1_0.price_date_time,p1_0.product_id) in ((?,?))
Hibernate: select p1_0.price_date_time,p1_0.product_id,p2_0.product_id,p2_0.description,p2_0.manufacturer_name,p2_0.name,p2_0.status,p2_0.unit,o1_0.product_id,o1_0.order_id,o2_0.order_id,c1_0.cust_id,c1_0.address,c1_0.email,c1_0.cust_name,c1_0.phone,o2_0.employee_id,e1_0.emp_id,e1_0.address,e1_0.dob,e1_0.email,e1_0.full_name,e1_0.phone,e1_0.status,o2_0.order_date,o1_0.note,o1_0.price,o1_0.quantity,p1_0.note,p1_0.price from product_price p1_0 join product p2_0 on p2_0.product_id=p1_0.product_id left join order_detail o1_0 on p2_0.product_id=o1_0.product_id left join orders o2_0 on o2_0.order_id=o1_0.order_id left join customer c1_0 on c1_0.cust_id=o2_0.cust_id left join employee e1_0 on e1_0.emp_id=o2_0.employee_id where (p1_0.price_date_time,p1_0.product_id) in ((?,?))
Hibernate: insert into product_price (note,price,price_date_time,product_id) values (?,?,?,?)
Hibernate: insert into product_price (note,price,price_date_time,product_id) values (?,?,?,?)
Hibernate: insert into product_price (note,price,price_date_time,product_id) values (?,?,?,?)
Hibernate: insert into product (description,manufacturer_name,name,status,unit,product_id) values (?,?,?,?,?,default)
Hibernate: select p1_0.product_id,p1_0.description,p1_0.manufacturer_name,p1_0.name,p1_0.status,p1_0.unit,o1_0.product_id,o1_0.order_id,o2_0.order_id,c1_0.cust_id,c1_0.address,c1_0.email,c1_0.cust_name,c1_0.phone,o2_0.employee_id,e1_0.emp_id,e1_0.address,e1_0.dob,e1_0.email,e1_0.full_name,e1_0.phone,e1_0.status,o2_0.order_date,o1_0.note,o1_0.price,o1_0.quantity from product p1_0 left join order_detail o1_0 on p1_0.product_id=o1_0.product_id left join orders o2_0 on o2_0.order_id=o1_0.order_id left join customer c1_0 on c1_0.cust_id=o2_0.cust_id left join employee e1_0 on e1_0.emp_id=o2_0.employee_id where p1_0.product_id=?
Hibernate: select p1_0.product_id,p1_0.price_date_time,p1_0.note,p1_0.price from product_price p1_0 where p1_0.product_id=?
Hibernate: select p1_0.product_id,p1_0.image_id,p1_0.alternative,p1_0.path from product_image p1_0 where p1_0.product_id=?
Hibernate: insert into product_image (alternative,path,product_id,image_id) values (?,?,?,default)
Hibernate: select p1_0.price_date_time,p1_0.product_id,p2_0.product_id,p2_0.description,p2_0.manufacturer_name,p2_0.name,p2_0.status,p2_0.unit,o1_0.product_id,o1_0.order_id,o2_0.order_id,c1_0.cust_id,c1_0.address,c1_0.email,c1_0.cust_name,c1_0.phone,o2_0.employee_id,e1_0.emp_id,e1_0.address,e1_0.dob,e1_0.email,e1_0.full_name,e1_0.phone,e1_0.status,o2_0.order_date,o1_0.note,o1_0.price,o1_0.quantity,p1_0.note,p1_0.price from product_price p1_0 join product p2_0 on p2_0.product_id=p1_0.product_id left join order_detail o1_0 on p2_0.product_id=o1_0.product_id left join orders o2_0 on o2_0.order_id=o1_0.order_id left join customer c1_0 on c1_0.cust_id=o2_0.cust_id left join employee e1_0 on e1_0.emp_id=o2_0.employee_id where (p1_0.price_date_time,p1_0.product_id) in ((?,?))
Hibernate: select p1_0.price_date_time,p1_0.product_id,p2_0.product_id,p2_0.description,p2_0.manufacturer_name,p2_0.name,p2_0.status,p2_0.unit,o1_0.product_id,o1_0.order_id,o2_0.order_id,c1_0.cust_id,c1_0.address,c1_0.email,c1_0.cust_name,c1_0.phone,o2_0.employee_id,e1_0.emp_id,e1_0.address,e1_0.dob,e1_0.email,e1_0.full_name,e1_0.phone,e1_0.status,o2_0.order_date,o1_0.note,o1_0.price,o1_0.quantity,p1_0.note,p1_0.price from product_price p1_0 join product p2_0 on p2_0.product_id=p1_0.product_id left join order_detail o1_0 on p2_0.product_id=o1_0.product_id left join orders o2_0 on o2_0.order_id=o1_0.order_id left join customer c1_0 on c1_0.cust_id=o2_0.cust_id left join employee e1_0 on e1_0.emp_id=o2_0.employee_id where (p1_0.price_date_time,p1_0.product_id) in ((?,?))
Hibernate: select p1_0.price_date_time,p1_0.product_id,p2_0.product_id,p2_0.description,p2_0.manufacturer_name,p2_0.name,p2_0.status,p2_0.unit,o1_0.product_id,o1_0.order_id,o2_0.order_id,c1_0.cust_id,c1_0.address,c1_0.email,c1_0.cust_name,c1_0.phone,o2_0.employee_id,e1_0.emp_id,e1_0.address,e1_0.dob,e1_0.email,e1_0.full_name,e1_0.phone,e1_0.status,o2_0.order_date,o1_0.note,o1_0.price,o1_0.quantity,p1_0.note,p1_0.price from product_price p1_0 join product p2_0 on p2_0.product_id=p1_0.product_id left join order_detail o1_0 on p2_0.product_id=o1_0.product_id left join orders o2_0 on o2_0.order_id=o1_0.order_id left join customer c1_0 on c1_0.cust_id=o2_0.cust_id left join employee e1_0 on e1_0.emp_id=o2_0.employee_id where (p1_0.price_date_time,p1_0.product_id) in ((?,?))
Hibernate: insert into product_price (note,price,price_date_time,product_id) values (?,?,?,?)
Hibernate: insert into product_price (note,price,price_date_time,product_id) values (?,?,?,?)
Hibernate: insert into product_price (note,price,price_date_time,product_id) values (?,?,?,?)
Hibernate: insert into product (description,manufacturer_name,name,status,unit,product_id) values (?,?,?,?,?,default)
Hibernate: select p1_0.product_id,p1_0.description,p1_0.manufacturer_name,p1_0.name,p1_0.status,p1_0.unit,o1_0.product_id,o1_0.order_id,o2_0.order_id,c1_0.cust_id,c1_0.address,c1_0.email,c1_0.cust_name,c1_0.phone,o2_0.employee_id,e1_0.emp_id,e1_0.address,e1_0.dob,e1_0.email,e1_0.full_name,e1_0.phone,e1_0.status,o2_0.order_date,o1_0.note,o1_0.price,o1_0.quantity from product p1_0 left join order_detail o1_0 on p1_0.product_id=o1_0.product_id left join orders o2_0 on o2_0.order_id=o1_0.order_id left join customer c1_0 on c1_0.cust_id=o2_0.cust_id left join employee e1_0 on e1_0.emp_id=o2_0.employee_id where p1_0.product_id=?
Hibernate: select p1_0.product_id,p1_0.price_date_time,p1_0.note,p1_0.price from product_price p1_0 where p1_0.product_id=?
Hibernate: select p1_0.product_id,p1_0.image_id,p1_0.alternative,p1_0.path from product_image p1_0 where p1_0.product_id=?
Hibernate: insert into product_image (alternative,path,product_id,image_id) values (?,?,?,default)
Hibernate: select p1_0.price_date_time,p1_0.product_id,p2_0.product_id,p2_0.description,p2_0.manufacturer_name,p2_0.name,p2_0.status,p2_0.unit,o1_0.product_id,o1_0.order_id,o2_0.order_id,c1_0.cust_id,c1_0.address,c1_0.email,c1_0.cust_name,c1_0.phone,o2_0.employee_id,e1_0.emp_id,e1_0.address,e1_0.dob,e1_0.email,e1_0.full_name,e1_0.phone,e1_0.status,o2_0.order_date,o1_0.note,o1_0.price,o1_0.quantity,p1_0.note,p1_0.price from product_price p1_0 join product p2_0 on p2_0.product_id=p1_0.product_id left join order_detail o1_0 on p2_0.product_id=o1_0.product_id left join orders o2_0 on o2_0.order_id=o1_0.order_id left join customer c1_0 on c1_0.cust_id=o2_0.cust_id left join employee e1_0 on e1_0.emp_id=o2_0.employee_id where (p1_0.price_date_time,p1_0.product_id) in ((?,?))
Hibernate: select p1_0.price_date_time,p1_0.product_id,p2_0.product_id,p2_0.description,p2_0.manufacturer_name,p2_0.name,p2_0.status,p2_0.unit,o1_0.product_id,o1_0.order_id,o2_0.order_id,c1_0.cust_id,c1_0.address,c1_0.email,c1_0.cust_name,c1_0.phone,o2_0.employee_id,e1_0.emp_id,e1_0.address,e1_0.dob,e1_0.email,e1_0.full_name,e1_0.phone,e1_0.status,o2_0.order_date,o1_0.note,o1_0.price,o1_0.quantity,p1_0.note,p1_0.price from product_price p1_0 join product p2_0 on p2_0.product_id=p1_0.product_id left join order_detail o1_0 on p2_0.product_id=o1_0.product_id left join orders o2_0 on o2_0.order_id=o1_0.order_id left join customer c1_0 on c1_0.cust_id=o2_0.cust_id left join employee e1_0 on e1_0.emp_id=o2_0.employee_id where (p1_0.price_date_time,p1_0.product_id) in ((?,?))
Hibernate: select p1_0.price_date_time,p1_0.product_id,p2_0.product_id,p2_0.description,p2_0.manufacturer_name,p2_0.name,p2_0.status,p2_0.unit,o1_0.product_id,o1_0.order_id,o2_0.order_id,c1_0.cust_id,c1_0.address,c1_0.email,c1_0.cust_name,c1_0.phone,o2_0.employee_id,e1_0.emp_id,e1_0.address,e1_0.dob,e1_0.email,e1_0.full_name,e1_0.phone,e1_0.status,o2_0.order_date,o1_0.note,o1_0.price,o1_0.quantity,p1_0.note,p1_0.price from product_price p1_0 join product p2_0 on p2_0.product_id=p1_0.product_id left join order_detail o1_0 on p2_0.product_id=o1_0.product_id left join orders o2_0 on o2_0.order_id=o1_0.order_id left join customer c1_0 on c1_0.cust_id=o2_0.cust_id left join employee e1_0 on e1_0.emp_id=o2_0.employee_id where (p1_0.price_date_time,p1_0.product_id) in ((?,?))
Hibernate: insert into product_price (note,price,price_date_time,product_id) values (?,?,?,?)
Hibernate: insert into product_price (note,price,price_date_time,product_id) values (?,?,?,?)
Hibernate: insert into product_price (note,price,price_date_time,product_id) values (?,?,?,?)
Hibernate: insert into product (description,manufacturer_name,name,status,unit,product_id) values (?,?,?,?,?,default)
Hibernate: select p1_0.product_id,p1_0.description,p1_0.manufacturer_name,p1_0.name,p1_0.status,p1_0.unit,o1_0.product_id,o1_0.order_id,o2_0.order_id,c1_0.cust_id,c1_0.address,c1_0.email,c1_0.cust_name,c1_0.phone,o2_0.employee_id,e1_0.emp_id,e1_0.address,e1_0.dob,e1_0.email,e1_0.full_name,e1_0.phone,e1_0.status,o2_0.order_date,o1_0.note,o1_0.price,o1_0.quantity from product p1_0 left join order_detail o1_0 on p1_0.product_id=o1_0.product_id left join orders o2_0 on o2_0.order_id=o1_0.order_id left join customer c1_0 on c1_0.cust_id=o2_0.cust_id left join employee e1_0 on e1_0.emp_id=o2_0.employee_id where p1_0.product_id=?
Hibernate: select p1_0.product_id,p1_0.price_date_time,p1_0.note,p1_0.price from product_price p1_0 where p1_0.product_id=?
Hibernate: select p1_0.product_id,p1_0.image_id,p1_0.alternative,p1_0.path from product_image p1_0 where p1_0.product_id=?
Hibernate: insert into product_image (alternative,path,product_id,image_id) values (?,?,?,default)
Hibernate: select p1_0.price_date_time,p1_0.product_id,p2_0.product_id,p2_0.description,p2_0.manufacturer_name,p2_0.name,p2_0.status,p2_0.unit,o1_0.product_id,o1_0.order_id,o2_0.order_id,c1_0.cust_id,c1_0.address,c1_0.email,c1_0.cust_name,c1_0.phone,o2_0.employee_id,e1_0.emp_id,e1_0.address,e1_0.dob,e1_0.email,e1_0.full_name,e1_0.phone,e1_0.status,o2_0.order_date,o1_0.note,o1_0.price,o1_0.quantity,p1_0.note,p1_0.price from product_price p1_0 join product p2_0 on p2_0.product_id=p1_0.product_id left join order_detail o1_0 on p2_0.product_id=o1_0.product_id left join orders o2_0 on o2_0.order_id=o1_0.order_id left join customer c1_0 on c1_0.cust_id=o2_0.cust_id left join employee e1_0 on e1_0.emp_id=o2_0.employee_id where (p1_0.price_date_time,p1_0.product_id) in ((?,?))
Hibernate: select p1_0.price_date_time,p1_0.product_id,p2_0.product_id,p2_0.description,p2_0.manufacturer_name,p2_0.name,p2_0.status,p2_0.unit,o1_0.product_id,o1_0.order_id,o2_0.order_id,c1_0.cust_id,c1_0.address,c1_0.email,c1_0.cust_name,c1_0.phone,o2_0.employee_id,e1_0.emp_id,e1_0.address,e1_0.dob,e1_0.email,e1_0.full_name,e1_0.phone,e1_0.status,o2_0.order_date,o1_0.note,o1_0.price,o1_0.quantity,p1_0.note,p1_0.price from product_price p1_0 join product p2_0 on p2_0.product_id=p1_0.product_id left join order_detail o1_0 on p2_0.product_id=o1_0.product_id left join orders o2_0 on o2_0.order_id=o1_0.order_id left join customer c1_0 on c1_0.cust_id=o2_0.cust_id left join employee e1_0 on e1_0.emp_id=o2_0.employee_id where (p1_0.price_date_time,p1_0.product_id) in ((?,?))
Hibernate: select p1_0.price_date_time,p1_0.product_id,p2_0.product_id,p2_0.description,p2_0.manufacturer_name,p2_0.name,p2_0.status,p2_0.unit,o1_0.product_id,o1_0.order_id,o2_0.order_id,c1_0.cust_id,c1_0.address,c1_0.email,c1_0.cust_name,c1_0.phone,o2_0.employee_id,e1_0.emp_id,e1_0.address,e1_0.dob,e1_0.email,e1_0.full_name,e1_0.phone,e1_0.status,o2_0.order_date,o1_0.note,o1_0.price,o1_0.quantity,p1_0.note,p1_0.price from product_price p1_0 join product p2_0 on p2_0.product_id=p1_0.product_id left join order_detail o1_0 on p2_0.product_id=o1_0.product_id left join orders o2_0 on o2_0.order_id=o1_0.order_id left join customer c1_0 on c1_0.cust_id=o2_0.cust_id left join employee e1_0 on e1_0.emp_id=o2_0.employee_id where (p1_0.price_date_time,p1_0.product_id) in ((?,?))
Hibernate: insert into product_price (note,price,price_date_time,product_id) values (?,?,?,?)
Hibernate: insert into product_price (note,price,price_date_time,product_id) values (?,?,?,?)
Hibernate: insert into product_price (note,price,price_date_time,product_id) values (?,?,?,?)
Hibernate: insert into product (description,manufacturer_name,name,status,unit,product_id) values (?,?,?,?,?,default)
Hibernate: select p1_0.product_id,p1_0.description,p1_0.manufacturer_name,p1_0.name,p1_0.status,p1_0.unit,o1_0.product_id,o1_0.order_id,o2_0.order_id,c1_0.cust_id,c1_0.address,c1_0.email,c1_0.cust_name,c1_0.phone,o2_0.employee_id,e1_0.emp_id,e1_0.address,e1_0.dob,e1_0.email,e1_0.full_name,e1_0.phone,e1_0.status,o2_0.order_date,o1_0.note,o1_0.price,o1_0.quantity from product p1_0 left join order_detail o1_0 on p1_0.product_id=o1_0.product_id left join orders o2_0 on o2_0.order_id=o1_0.order_id left join customer c1_0 on c1_0.cust_id=o2_0.cust_id left join employee e1_0 on e1_0.emp_id=o2_0.employee_id where p1_0.product_id=?
Hibernate: select p1_0.product_id,p1_0.price_date_time,p1_0.note,p1_0.price from product_price p1_0 where p1_0.product_id=?
Hibernate: select p1_0.product_id,p1_0.image_id,p1_0.alternative,p1_0.path from product_image p1_0 where p1_0.product_id=?
Hibernate: insert into product_image (alternative,path,product_id,image_id) values (?,?,?,default)
Hibernate: select p1_0.price_date_time,p1_0.product_id,p2_0.product_id,p2_0.description,p2_0.manufacturer_name,p2_0.name,p2_0.status,p2_0.unit,o1_0.product_id,o1_0.order_id,o2_0.order_id,c1_0.cust_id,c1_0.address,c1_0.email,c1_0.cust_name,c1_0.phone,o2_0.employee_id,e1_0.emp_id,e1_0.address,e1_0.dob,e1_0.email,e1_0.full_name,e1_0.phone,e1_0.status,o2_0.order_date,o1_0.note,o1_0.price,o1_0.quantity,p1_0.note,p1_0.price from product_price p1_0 join product p2_0 on p2_0.product_id=p1_0.product_id left join order_detail o1_0 on p2_0.product_id=o1_0.product_id left join orders o2_0 on o2_0.order_id=o1_0.order_id left join customer c1_0 on c1_0.cust_id=o2_0.cust_id left join employee e1_0 on e1_0.emp_id=o2_0.employee_id where (p1_0.price_date_time,p1_0.product_id) in ((?,?))
Hibernate: select p1_0.price_date_time,p1_0.product_id,p2_0.product_id,p2_0.description,p2_0.manufacturer_name,p2_0.name,p2_0.status,p2_0.unit,o1_0.product_id,o1_0.order_id,o2_0.order_id,c1_0.cust_id,c1_0.address,c1_0.email,c1_0.cust_name,c1_0.phone,o2_0.employee_id,e1_0.emp_id,e1_0.address,e1_0.dob,e1_0.email,e1_0.full_name,e1_0.phone,e1_0.status,o2_0.order_date,o1_0.note,o1_0.price,o1_0.quantity,p1_0.note,p1_0.price from product_price p1_0 join product p2_0 on p2_0.product_id=p1_0.product_id left join order_detail o1_0 on p2_0.product_id=o1_0.product_id left join orders o2_0 on o2_0.order_id=o1_0.order_id left join customer c1_0 on c1_0.cust_id=o2_0.cust_id left join employee e1_0 on e1_0.emp_id=o2_0.employee_id where (p1_0.price_date_time,p1_0.product_id) in ((?,?))
Hibernate: select p1_0.price_date_time,p1_0.product_id,p2_0.product_id,p2_0.description,p2_0.manufacturer_name,p2_0.name,p2_0.status,p2_0.unit,o1_0.product_id,o1_0.order_id,o2_0.order_id,c1_0.cust_id,c1_0.address,c1_0.email,c1_0.cust_name,c1_0.phone,o2_0.employee_id,e1_0.emp_id,e1_0.address,e1_0.dob,e1_0.email,e1_0.full_name,e1_0.phone,e1_0.status,o2_0.order_date,o1_0.note,o1_0.price,o1_0.quantity,p1_0.note,p1_0.price from product_price p1_0 join product p2_0 on p2_0.product_id=p1_0.product_id left join order_detail o1_0 on p2_0.product_id=o1_0.product_id left join orders o2_0 on o2_0.order_id=o1_0.order_id left join customer c1_0 on c1_0.cust_id=o2_0.cust_id left join employee e1_0 on e1_0.emp_id=o2_0.employee_id where (p1_0.price_date_time,p1_0.product_id) in ((?,?))
Hibernate: insert into product_price (note,price,price_date_time,product_id) values (?,?,?,?)
Hibernate: insert into product_price (note,price,price_date_time,product_id) values (?,?,?,?)
Hibernate: insert into product_price (note,price,price_date_time,product_id) values (?,?,?,?)
Hibernate: insert into product (description,manufacturer_name,name,status,unit,product_id) values (?,?,?,?,?,default)
Hibernate: select p1_0.product_id,p1_0.description,p1_0.manufacturer_name,p1_0.name,p1_0.status,p1_0.unit,o1_0.product_id,o1_0.order_id,o2_0.order_id,c1_0.cust_id,c1_0.address,c1_0.email,c1_0.cust_name,c1_0.phone,o2_0.employee_id,e1_0.emp_id,e1_0.address,e1_0.dob,e1_0.email,e1_0.full_name,e1_0.phone,e1_0.status,o2_0.order_date,o1_0.note,o1_0.price,o1_0.quantity from product p1_0 left join order_detail o1_0 on p1_0.product_id=o1_0.product_id left join orders o2_0 on o2_0.order_id=o1_0.order_id left join customer c1_0 on c1_0.cust_id=o2_0.cust_id left join employee e1_0 on e1_0.emp_id=o2_0.employee_id where p1_0.product_id=?
Hibernate: select p1_0.product_id,p1_0.price_date_time,p1_0.note,p1_0.price from product_price p1_0 where p1_0.product_id=?
Hibernate: select p1_0.product_id,p1_0.image_id,p1_0.alternative,p1_0.path from product_image p1_0 where p1_0.product_id=?
Hibernate: insert into product_image (alternative,path,product_id,image_id) values (?,?,?,default)
Hibernate: select p1_0.price_date_time,p1_0.product_id,p2_0.product_id,p2_0.description,p2_0.manufacturer_name,p2_0.name,p2_0.status,p2_0.unit,o1_0.product_id,o1_0.order_id,o2_0.order_id,c1_0.cust_id,c1_0.address,c1_0.email,c1_0.cust_name,c1_0.phone,o2_0.employee_id,e1_0.emp_id,e1_0.address,e1_0.dob,e1_0.email,e1_0.full_name,e1_0.phone,e1_0.status,o2_0.order_date,o1_0.note,o1_0.price,o1_0.quantity,p1_0.note,p1_0.price from product_price p1_0 join product p2_0 on p2_0.product_id=p1_0.product_id left join order_detail o1_0 on p2_0.product_id=o1_0.product_id left join orders o2_0 on o2_0.order_id=o1_0.order_id left join customer c1_0 on c1_0.cust_id=o2_0.cust_id left join employee e1_0 on e1_0.emp_id=o2_0.employee_id where (p1_0.price_date_time,p1_0.product_id) in ((?,?))
Hibernate: select p1_0.price_date_time,p1_0.product_id,p2_0.product_id,p2_0.description,p2_0.manufacturer_name,p2_0.name,p2_0.status,p2_0.unit,o1_0.product_id,o1_0.order_id,o2_0.order_id,c1_0.cust_id,c1_0.address,c1_0.email,c1_0.cust_name,c1_0.phone,o2_0.employee_id,e1_0.emp_id,e1_0.address,e1_0.dob,e1_0.email,e1_0.full_name,e1_0.phone,e1_0.status,o2_0.order_date,o1_0.note,o1_0.price,o1_0.quantity,p1_0.note,p1_0.price from product_price p1_0 join product p2_0 on p2_0.product_id=p1_0.product_id left join order_detail o1_0 on p2_0.product_id=o1_0.product_id left join orders o2_0 on o2_0.order_id=o1_0.order_id left join customer c1_0 on c1_0.cust_id=o2_0.cust_id left join employee e1_0 on e1_0.emp_id=o2_0.employee_id where (p1_0.price_date_time,p1_0.product_id) in ((?,?))
Hibernate: select p1_0.price_date_time,p1_0.product_id,p2_0.product_id,p2_0.description,p2_0.manufacturer_name,p2_0.name,p2_0.status,p2_0.unit,o1_0.product_id,o1_0.order_id,o2_0.order_id,c1_0.cust_id,c1_0.address,c1_0.email,c1_0.cust_name,c1_0.phone,o2_0.employee_id,e1_0.emp_id,e1_0.address,e1_0.dob,e1_0.email,e1_0.full_name,e1_0.phone,e1_0.status,o2_0.order_date,o1_0.note,o1_0.price,o1_0.quantity,p1_0.note,p1_0.price from product_price p1_0 join product p2_0 on p2_0.product_id=p1_0.product_id left join order_detail o1_0 on p2_0.product_id=o1_0.product_id left join orders o2_0 on o2_0.order_id=o1_0.order_id left join customer c1_0 on c1_0.cust_id=o2_0.cust_id left join employee e1_0 on e1_0.emp_id=o2_0.employee_id where (p1_0.price_date_time,p1_0.product_id) in ((?,?))
Hibernate: insert into product_price (note,price,price_date_time,product_id) values (?,?,?,?)
Hibernate: insert into product_price (note,price,price_date_time,product_id) values (?,?,?,?)
Hibernate: insert into product_price (note,price,price_date_time,product_id) values (?,?,?,?)
Hibernate: insert into product (description,manufacturer_name,name,status,unit,product_id) values (?,?,?,?,?,default)
Hibernate: select p1_0.product_id,p1_0.description,p1_0.manufacturer_name,p1_0.name,p1_0.status,p1_0.unit,o1_0.product_id,o1_0.order_id,o2_0.order_id,c1_0.cust_id,c1_0.address,c1_0.email,c1_0.cust_name,c1_0.phone,o2_0.employee_id,e1_0.emp_id,e1_0.address,e1_0.dob,e1_0.email,e1_0.full_name,e1_0.phone,e1_0.status,o2_0.order_date,o1_0.note,o1_0.price,o1_0.quantity from product p1_0 left join order_detail o1_0 on p1_0.product_id=o1_0.product_id left join orders o2_0 on o2_0.order_id=o1_0.order_id left join customer c1_0 on c1_0.cust_id=o2_0.cust_id left join employee e1_0 on e1_0.emp_id=o2_0.employee_id where p1_0.product_id=?
Hibernate: select p1_0.product_id,p1_0.price_date_time,p1_0.note,p1_0.price from product_price p1_0 where p1_0.product_id=?
Hibernate: select p1_0.product_id,p1_0.image_id,p1_0.alternative,p1_0.path from product_image p1_0 where p1_0.product_id=?
Hibernate: insert into product_image (alternative,path,product_id,image_id) values (?,?,?,default)
Hibernate: select p1_0.price_date_time,p1_0.product_id,p2_0.product_id,p2_0.description,p2_0.manufacturer_name,p2_0.name,p2_0.status,p2_0.unit,o1_0.product_id,o1_0.order_id,o2_0.order_id,c1_0.cust_id,c1_0.address,c1_0.email,c1_0.cust_name,c1_0.phone,o2_0.employee_id,e1_0.emp_id,e1_0.address,e1_0.dob,e1_0.email,e1_0.full_name,e1_0.phone,e1_0.status,o2_0.order_date,o1_0.note,o1_0.price,o1_0.quantity,p1_0.note,p1_0.price from product_price p1_0 join product p2_0 on p2_0.product_id=p1_0.product_id left join order_detail o1_0 on p2_0.product_id=o1_0.product_id left join orders o2_0 on o2_0.order_id=o1_0.order_id left join customer c1_0 on c1_0.cust_id=o2_0.cust_id left join employee e1_0 on e1_0.emp_id=o2_0.employee_id where (p1_0.price_date_time,p1_0.product_id) in ((?,?))
Hibernate: select p1_0.price_date_time,p1_0.product_id,p2_0.product_id,p2_0.description,p2_0.manufacturer_name,p2_0.name,p2_0.status,p2_0.unit,o1_0.product_id,o1_0.order_id,o2_0.order_id,c1_0.cust_id,c1_0.address,c1_0.email,c1_0.cust_name,c1_0.phone,o2_0.employee_id,e1_0.emp_id,e1_0.address,e1_0.dob,e1_0.email,e1_0.full_name,e1_0.phone,e1_0.status,o2_0.order_date,o1_0.note,o1_0.price,o1_0.quantity,p1_0.note,p1_0.price from product_price p1_0 join product p2_0 on p2_0.product_id=p1_0.product_id left join order_detail o1_0 on p2_0.product_id=o1_0.product_id left join orders o2_0 on o2_0.order_id=o1_0.order_id left join customer c1_0 on c1_0.cust_id=o2_0.cust_id left join employee e1_0 on e1_0.emp_id=o2_0.employee_id where (p1_0.price_date_time,p1_0.product_id) in ((?,?))
Hibernate: select p1_0.price_date_time,p1_0.product_id,p2_0.product_id,p2_0.description,p2_0.manufacturer_name,p2_0.name,p2_0.status,p2_0.unit,o1_0.product_id,o1_0.order_id,o2_0.order_id,c1_0.cust_id,c1_0.address,c1_0.email,c1_0.cust_name,c1_0.phone,o2_0.employee_id,e1_0.emp_id,e1_0.address,e1_0.dob,e1_0.email,e1_0.full_name,e1_0.phone,e1_0.status,o2_0.order_date,o1_0.note,o1_0.price,o1_0.quantity,p1_0.note,p1_0.price from product_price p1_0 join product p2_0 on p2_0.product_id=p1_0.product_id left join order_detail o1_0 on p2_0.product_id=o1_0.product_id left join orders o2_0 on o2_0.order_id=o1_0.order_id left join customer c1_0 on c1_0.cust_id=o2_0.cust_id left join employee e1_0 on e1_0.emp_id=o2_0.employee_id where (p1_0.price_date_time,p1_0.product_id) in ((?,?))
Hibernate: insert into product_price (note,price,price_date_time,product_id) values (?,?,?,?)
Hibernate: insert into product_price (note,price,price_date_time,product_id) values (?,?,?,?)
Hibernate: insert into product_price (note,price,price_date_time,product_id) values (?,?,?,?)
Hibernate: insert into product (description,manufacturer_name,name,status,unit,product_id) values (?,?,?,?,?,default)
Hibernate: select p1_0.product_id,p1_0.description,p1_0.manufacturer_name,p1_0.name,p1_0.status,p1_0.unit,o1_0.product_id,o1_0.order_id,o2_0.order_id,c1_0.cust_id,c1_0.address,c1_0.email,c1_0.cust_name,c1_0.phone,o2_0.employee_id,e1_0.emp_id,e1_0.address,e1_0.dob,e1_0.email,e1_0.full_name,e1_0.phone,e1_0.status,o2_0.order_date,o1_0.note,o1_0.price,o1_0.quantity from product p1_0 left join order_detail o1_0 on p1_0.product_id=o1_0.product_id left join orders o2_0 on o2_0.order_id=o1_0.order_id left join customer c1_0 on c1_0.cust_id=o2_0.cust_id left join employee e1_0 on e1_0.emp_id=o2_0.employee_id where p1_0.product_id=?
Hibernate: select p1_0.product_id,p1_0.price_date_time,p1_0.note,p1_0.price from product_price p1_0 where p1_0.product_id=?
Hibernate: select p1_0.product_id,p1_0.image_id,p1_0.alternative,p1_0.path from product_image p1_0 where p1_0.product_id=?
Hibernate: insert into product_image (alternative,path,product_id,image_id) values (?,?,?,default)
Hibernate: select p1_0.price_date_time,p1_0.product_id,p2_0.product_id,p2_0.description,p2_0.manufacturer_name,p2_0.name,p2_0.status,p2_0.unit,o1_0.product_id,o1_0.order_id,o2_0.order_id,c1_0.cust_id,c1_0.address,c1_0.email,c1_0.cust_name,c1_0.phone,o2_0.employee_id,e1_0.emp_id,e1_0.address,e1_0.dob,e1_0.email,e1_0.full_name,e1_0.phone,e1_0.status,o2_0.order_date,o1_0.note,o1_0.price,o1_0.quantity,p1_0.note,p1_0.price from product_price p1_0 join product p2_0 on p2_0.product_id=p1_0.product_id left join order_detail o1_0 on p2_0.product_id=o1_0.product_id left join orders o2_0 on o2_0.order_id=o1_0.order_id left join customer c1_0 on c1_0.cust_id=o2_0.cust_id left join employee e1_0 on e1_0.emp_id=o2_0.employee_id where (p1_0.price_date_time,p1_0.product_id) in ((?,?))
Hibernate: select p1_0.price_date_time,p1_0.product_id,p2_0.product_id,p2_0.description,p2_0.manufacturer_name,p2_0.name,p2_0.status,p2_0.unit,o1_0.product_id,o1_0.order_id,o2_0.order_id,c1_0.cust_id,c1_0.address,c1_0.email,c1_0.cust_name,c1_0.phone,o2_0.employee_id,e1_0.emp_id,e1_0.address,e1_0.dob,e1_0.email,e1_0.full_name,e1_0.phone,e1_0.status,o2_0.order_date,o1_0.note,o1_0.price,o1_0.quantity,p1_0.note,p1_0.price from product_price p1_0 join product p2_0 on p2_0.product_id=p1_0.product_id left join order_detail o1_0 on p2_0.product_id=o1_0.product_id left join orders o2_0 on o2_0.order_id=o1_0.order_id left join customer c1_0 on c1_0.cust_id=o2_0.cust_id left join employee e1_0 on e1_0.emp_id=o2_0.employee_id where (p1_0.price_date_time,p1_0.product_id) in ((?,?))
Hibernate: select p1_0.price_date_time,p1_0.product_id,p2_0.product_id,p2_0.description,p2_0.manufacturer_name,p2_0.name,p2_0.status,p2_0.unit,o1_0.product_id,o1_0.order_id,o2_0.order_id,c1_0.cust_id,c1_0.address,c1_0.email,c1_0.cust_name,c1_0.phone,o2_0.employee_id,e1_0.emp_id,e1_0.address,e1_0.dob,e1_0.email,e1_0.full_name,e1_0.phone,e1_0.status,o2_0.order_date,o1_0.note,o1_0.price,o1_0.quantity,p1_0.note,p1_0.price from product_price p1_0 join product p2_0 on p2_0.product_id=p1_0.product_id left join order_detail o1_0 on p2_0.product_id=o1_0.product_id left join orders o2_0 on o2_0.order_id=o1_0.order_id left join customer c1_0 on c1_0.cust_id=o2_0.cust_id left join employee e1_0 on e1_0.emp_id=o2_0.employee_id where (p1_0.price_date_time,p1_0.product_id) in ((?,?))
Hibernate: insert into product_price (note,price,price_date_time,product_id) values (?,?,?,?)
Hibernate: insert into product_price (note,price,price_date_time,product_id) values (?,?,?,?)
Hibernate: insert into product_price (note,price,price_date_time,product_id) values (?,?,?,?)
Hibernate: insert into product (description,manufacturer_name,name,status,unit,product_id) values (?,?,?,?,?,default)
Hibernate: select p1_0.product_id,p1_0.description,p1_0.manufacturer_name,p1_0.name,p1_0.status,p1_0.unit,o1_0.product_id,o1_0.order_id,o2_0.order_id,c1_0.cust_id,c1_0.address,c1_0.email,c1_0.cust_name,c1_0.phone,o2_0.employee_id,e1_0.emp_id,e1_0.address,e1_0.dob,e1_0.email,e1_0.full_name,e1_0.phone,e1_0.status,o2_0.order_date,o1_0.note,o1_0.price,o1_0.quantity from product p1_0 left join order_detail o1_0 on p1_0.product_id=o1_0.product_id left join orders o2_0 on o2_0.order_id=o1_0.order_id left join customer c1_0 on c1_0.cust_id=o2_0.cust_id left join employee e1_0 on e1_0.emp_id=o2_0.employee_id where p1_0.product_id=?
Hibernate: select p1_0.product_id,p1_0.price_date_time,p1_0.note,p1_0.price from product_price p1_0 where p1_0.product_id=?
Hibernate: select p1_0.product_id,p1_0.image_id,p1_0.alternative,p1_0.path from product_image p1_0 where p1_0.product_id=?
Hibernate: insert into product_image (alternative,path,product_id,image_id) values (?,?,?,default)
Hibernate: select p1_0.price_date_time,p1_0.product_id,p2_0.product_id,p2_0.description,p2_0.manufacturer_name,p2_0.name,p2_0.status,p2_0.unit,o1_0.product_id,o1_0.order_id,o2_0.order_id,c1_0.cust_id,c1_0.address,c1_0.email,c1_0.cust_name,c1_0.phone,o2_0.employee_id,e1_0.emp_id,e1_0.address,e1_0.dob,e1_0.email,e1_0.full_name,e1_0.phone,e1_0.status,o2_0.order_date,o1_0.note,o1_0.price,o1_0.quantity,p1_0.note,p1_0.price from product_price p1_0 join product p2_0 on p2_0.product_id=p1_0.product_id left join order_detail o1_0 on p2_0.product_id=o1_0.product_id left join orders o2_0 on o2_0.order_id=o1_0.order_id left join customer c1_0 on c1_0.cust_id=o2_0.cust_id left join employee e1_0 on e1_0.emp_id=o2_0.employee_id where (p1_0.price_date_time,p1_0.product_id) in ((?,?))
Hibernate: select p1_0.price_date_time,p1_0.product_id,p2_0.product_id,p2_0.description,p2_0.manufacturer_name,p2_0.name,p2_0.status,p2_0.unit,o1_0.product_id,o1_0.order_id,o2_0.order_id,c1_0.cust_id,c1_0.address,c1_0.email,c1_0.cust_name,c1_0.phone,o2_0.employee_id,e1_0.emp_id,e1_0.address,e1_0.dob,e1_0.email,e1_0.full_name,e1_0.phone,e1_0.status,o2_0.order_date,o1_0.note,o1_0.price,o1_0.quantity,p1_0.note,p1_0.price from product_price p1_0 join product p2_0 on p2_0.product_id=p1_0.product_id left join order_detail o1_0 on p2_0.product_id=o1_0.product_id left join orders o2_0 on o2_0.order_id=o1_0.order_id left join customer c1_0 on c1_0.cust_id=o2_0.cust_id left join employee e1_0 on e1_0.emp_id=o2_0.employee_id where (p1_0.price_date_time,p1_0.product_id) in ((?,?))
Hibernate: select p1_0.price_date_time,p1_0.product_id,p2_0.product_id,p2_0.description,p2_0.manufacturer_name,p2_0.name,p2_0.status,p2_0.unit,o1_0.product_id,o1_0.order_id,o2_0.order_id,c1_0.cust_id,c1_0.address,c1_0.email,c1_0.cust_name,c1_0.phone,o2_0.employee_id,e1_0.emp_id,e1_0.address,e1_0.dob,e1_0.email,e1_0.full_name,e1_0.phone,e1_0.status,o2_0.order_date,o1_0.note,o1_0.price,o1_0.quantity,p1_0.note,p1_0.price from product_price p1_0 join product p2_0 on p2_0.product_id=p1_0.product_id left join order_detail o1_0 on p2_0.product_id=o1_0.product_id left join orders o2_0 on o2_0.order_id=o1_0.order_id left join customer c1_0 on c1_0.cust_id=o2_0.cust_id left join employee e1_0 on e1_0.emp_id=o2_0.employee_id where (p1_0.price_date_time,p1_0.product_id) in ((?,?))
Hibernate: insert into product_price (note,price,price_date_time,product_id) values (?,?,?,?)
Hibernate: insert into product_price (note,price,price_date_time,product_id) values (?,?,?,?)
Hibernate: insert into product_price (note,price,price_date_time,product_id) values (?,?,?,?)
Hibernate: insert into product (description,manufacturer_name,name,status,unit,product_id) values (?,?,?,?,?,default)
Hibernate: select p1_0.product_id,p1_0.description,p1_0.manufacturer_name,p1_0.name,p1_0.status,p1_0.unit,o1_0.product_id,o1_0.order_id,o2_0.order_id,c1_0.cust_id,c1_0.address,c1_0.email,c1_0.cust_name,c1_0.phone,o2_0.employee_id,e1_0.emp_id,e1_0.address,e1_0.dob,e1_0.email,e1_0.full_name,e1_0.phone,e1_0.status,o2_0.order_date,o1_0.note,o1_0.price,o1_0.quantity from product p1_0 left join order_detail o1_0 on p1_0.product_id=o1_0.product_id left join orders o2_0 on o2_0.order_id=o1_0.order_id left join customer c1_0 on c1_0.cust_id=o2_0.cust_id left join employee e1_0 on e1_0.emp_id=o2_0.employee_id where p1_0.product_id=?
Hibernate: select p1_0.product_id,p1_0.price_date_time,p1_0.note,p1_0.price from product_price p1_0 where p1_0.product_id=?
Hibernate: select p1_0.product_id,p1_0.image_id,p1_0.alternative,p1_0.path from product_image p1_0 where p1_0.product_id=?
Hibernate: insert into product_image (alternative,path,product_id,image_id) values (?,?,?,default)
Hibernate: select p1_0.price_date_time,p1_0.product_id,p2_0.product_id,p2_0.description,p2_0.manufacturer_name,p2_0.name,p2_0.status,p2_0.unit,o1_0.product_id,o1_0.order_id,o2_0.order_id,c1_0.cust_id,c1_0.address,c1_0.email,c1_0.cust_name,c1_0.phone,o2_0.employee_id,e1_0.emp_id,e1_0.address,e1_0.dob,e1_0.email,e1_0.full_name,e1_0.phone,e1_0.status,o2_0.order_date,o1_0.note,o1_0.price,o1_0.quantity,p1_0.note,p1_0.price from product_price p1_0 join product p2_0 on p2_0.product_id=p1_0.product_id left join order_detail o1_0 on p2_0.product_id=o1_0.product_id left join orders o2_0 on o2_0.order_id=o1_0.order_id left join customer c1_0 on c1_0.cust_id=o2_0.cust_id left join employee e1_0 on e1_0.emp_id=o2_0.employee_id where (p1_0.price_date_time,p1_0.product_id) in ((?,?))
Hibernate: select p1_0.price_date_time,p1_0.product_id,p2_0.product_id,p2_0.description,p2_0.manufacturer_name,p2_0.name,p2_0.status,p2_0.unit,o1_0.product_id,o1_0.order_id,o2_0.order_id,c1_0.cust_id,c1_0.address,c1_0.email,c1_0.cust_name,c1_0.phone,o2_0.employee_id,e1_0.emp_id,e1_0.address,e1_0.dob,e1_0.email,e1_0.full_name,e1_0.phone,e1_0.status,o2_0.order_date,o1_0.note,o1_0.price,o1_0.quantity,p1_0.note,p1_0.price from product_price p1_0 join product p2_0 on p2_0.product_id=p1_0.product_id left join order_detail o1_0 on p2_0.product_id=o1_0.product_id left join orders o2_0 on o2_0.order_id=o1_0.order_id left join customer c1_0 on c1_0.cust_id=o2_0.cust_id left join employee e1_0 on e1_0.emp_id=o2_0.employee_id where (p1_0.price_date_time,p1_0.product_id) in ((?,?))
Hibernate: select p1_0.price_date_time,p1_0.product_id,p2_0.product_id,p2_0.description,p2_0.manufacturer_name,p2_0.name,p2_0.status,p2_0.unit,o1_0.product_id,o1_0.order_id,o2_0.order_id,c1_0.cust_id,c1_0.address,c1_0.email,c1_0.cust_name,c1_0.phone,o2_0.employee_id,e1_0.emp_id,e1_0.address,e1_0.dob,e1_0.email,e1_0.full_name,e1_0.phone,e1_0.status,o2_0.order_date,o1_0.note,o1_0.price,o1_0.quantity,p1_0.note,p1_0.price from product_price p1_0 join product p2_0 on p2_0.product_id=p1_0.product_id left join order_detail o1_0 on p2_0.product_id=o1_0.product_id left join orders o2_0 on o2_0.order_id=o1_0.order_id left join customer c1_0 on c1_0.cust_id=o2_0.cust_id left join employee e1_0 on e1_0.emp_id=o2_0.employee_id where (p1_0.price_date_time,p1_0.product_id) in ((?,?))
Hibernate: insert into product_price (note,price,price_date_time,product_id) values (?,?,?,?)
Hibernate: insert into product_price (note,price,price_date_time,product_id) values (?,?,?,?)
Hibernate: insert into product_price (note,price,price_date_time,product_id) values (?,?,?,?)
Hibernate: insert into product (description,manufacturer_name,name,status,unit,product_id) values (?,?,?,?,?,default)
Hibernate: select p1_0.product_id,p1_0.description,p1_0.manufacturer_name,p1_0.name,p1_0.status,p1_0.unit,o1_0.product_id,o1_0.order_id,o2_0.order_id,c1_0.cust_id,c1_0.address,c1_0.email,c1_0.cust_name,c1_0.phone,o2_0.employee_id,e1_0.emp_id,e1_0.address,e1_0.dob,e1_0.email,e1_0.full_name,e1_0.phone,e1_0.status,o2_0.order_date,o1_0.note,o1_0.price,o1_0.quantity from product p1_0 left join order_detail o1_0 on p1_0.product_id=o1_0.product_id left join orders o2_0 on o2_0.order_id=o1_0.order_id left join customer c1_0 on c1_0.cust_id=o2_0.cust_id left join employee e1_0 on e1_0.emp_id=o2_0.employee_id where p1_0.product_id=?
Hibernate: select p1_0.product_id,p1_0.price_date_time,p1_0.note,p1_0.price from product_price p1_0 where p1_0.product_id=?
Hibernate: select p1_0.product_id,p1_0.image_id,p1_0.alternative,p1_0.path from product_image p1_0 where p1_0.product_id=?
Hibernate: insert into product_image (alternative,path,product_id,image_id) values (?,?,?,default)
Hibernate: select p1_0.price_date_time,p1_0.product_id,p2_0.product_id,p2_0.description,p2_0.manufacturer_name,p2_0.name,p2_0.status,p2_0.unit,o1_0.product_id,o1_0.order_id,o2_0.order_id,c1_0.cust_id,c1_0.address,c1_0.email,c1_0.cust_name,c1_0.phone,o2_0.employee_id,e1_0.emp_id,e1_0.address,e1_0.dob,e1_0.email,e1_0.full_name,e1_0.phone,e1_0.status,o2_0.order_date,o1_0.note,o1_0.price,o1_0.quantity,p1_0.note,p1_0.price from product_price p1_0 join product p2_0 on p2_0.product_id=p1_0.product_id left join order_detail o1_0 on p2_0.product_id=o1_0.product_id left join orders o2_0 on o2_0.order_id=o1_0.order_id left join customer c1_0 on c1_0.cust_id=o2_0.cust_id left join employee e1_0 on e1_0.emp_id=o2_0.employee_id where (p1_0.price_date_time,p1_0.product_id) in ((?,?))
Hibernate: select p1_0.price_date_time,p1_0.product_id,p2_0.product_id,p2_0.description,p2_0.manufacturer_name,p2_0.name,p2_0.status,p2_0.unit,o1_0.product_id,o1_0.order_id,o2_0.order_id,c1_0.cust_id,c1_0.address,c1_0.email,c1_0.cust_name,c1_0.phone,o2_0.employee_id,e1_0.emp_id,e1_0.address,e1_0.dob,e1_0.email,e1_0.full_name,e1_0.phone,e1_0.status,o2_0.order_date,o1_0.note,o1_0.price,o1_0.quantity,p1_0.note,p1_0.price from product_price p1_0 join product p2_0 on p2_0.product_id=p1_0.product_id left join order_detail o1_0 on p2_0.product_id=o1_0.product_id left join orders o2_0 on o2_0.order_id=o1_0.order_id left join customer c1_0 on c1_0.cust_id=o2_0.cust_id left join employee e1_0 on e1_0.emp_id=o2_0.employee_id where (p1_0.price_date_time,p1_0.product_id) in ((?,?))
Hibernate: select p1_0.price_date_time,p1_0.product_id,p2_0.product_id,p2_0.description,p2_0.manufacturer_name,p2_0.name,p2_0.status,p2_0.unit,o1_0.product_id,o1_0.order_id,o2_0.order_id,c1_0.cust_id,c1_0.address,c1_0.email,c1_0.cust_name,c1_0.phone,o2_0.employee_id,e1_0.emp_id,e1_0.address,e1_0.dob,e1_0.email,e1_0.full_name,e1_0.phone,e1_0.status,o2_0.order_date,o1_0.note,o1_0.price,o1_0.quantity,p1_0.note,p1_0.price from product_price p1_0 join product p2_0 on p2_0.product_id=p1_0.product_id left join order_detail o1_0 on p2_0.product_id=o1_0.product_id left join orders o2_0 on o2_0.order_id=o1_0.order_id left join customer c1_0 on c1_0.cust_id=o2_0.cust_id left join employee e1_0 on e1_0.emp_id=o2_0.employee_id where (p1_0.price_date_time,p1_0.product_id) in ((?,?))
Hibernate: insert into product_price (note,price,price_date_time,product_id) values (?,?,?,?)
Hibernate: insert into product_price (note,price,price_date_time,product_id) values (?,?,?,?)
Hibernate: insert into product_price (note,price,price_date_time,product_id) values (?,?,?,?)
Hibernate: insert into product (description,manufacturer_name,name,status,unit,product_id) values (?,?,?,?,?,default)
Hibernate: select p1_0.product_id,p1_0.description,p1_0.manufacturer_name,p1_0.name,p1_0.status,p1_0.unit,o1_0.product_id,o1_0.order_id,o2_0.order_id,c1_0.cust_id,c1_0.address,c1_0.email,c1_0.cust_name,c1_0.phone,o2_0.employee_id,e1_0.emp_id,e1_0.address,e1_0.dob,e1_0.email,e1_0.full_name,e1_0.phone,e1_0.status,o2_0.order_date,o1_0.note,o1_0.price,o1_0.quantity from product p1_0 left join order_detail o1_0 on p1_0.product_id=o1_0.product_id left join orders o2_0 on o2_0.order_id=o1_0.order_id left join customer c1_0 on c1_0.cust_id=o2_0.cust_id left join employee e1_0 on e1_0.emp_id=o2_0.employee_id where p1_0.product_id=?
Hibernate: select p1_0.product_id,p1_0.price_date_time,p1_0.note,p1_0.price from product_price p1_0 where p1_0.product_id=?
Hibernate: select p1_0.product_id,p1_0.image_id,p1_0.alternative,p1_0.path from product_image p1_0 where p1_0.product_id=?
Hibernate: insert into product_image (alternative,path,product_id,image_id) values (?,?,?,default)
Hibernate: select p1_0.price_date_time,p1_0.product_id,p2_0.product_id,p2_0.description,p2_0.manufacturer_name,p2_0.name,p2_0.status,p2_0.unit,o1_0.product_id,o1_0.order_id,o2_0.order_id,c1_0.cust_id,c1_0.address,c1_0.email,c1_0.cust_name,c1_0.phone,o2_0.employee_id,e1_0.emp_id,e1_0.address,e1_0.dob,e1_0.email,e1_0.full_name,e1_0.phone,e1_0.status,o2_0.order_date,o1_0.note,o1_0.price,o1_0.quantity,p1_0.note,p1_0.price from product_price p1_0 join product p2_0 on p2_0.product_id=p1_0.product_id left join order_detail o1_0 on p2_0.product_id=o1_0.product_id left join orders o2_0 on o2_0.order_id=o1_0.order_id left join customer c1_0 on c1_0.cust_id=o2_0.cust_id left join employee e1_0 on e1_0.emp_id=o2_0.employee_id where (p1_0.price_date_time,p1_0.product_id) in ((?,?))
Hibernate: select p1_0.price_date_time,p1_0.product_id,p2_0.product_id,p2_0.description,p2_0.manufacturer_name,p2_0.name,p2_0.status,p2_0.unit,o1_0.product_id,o1_0.order_id,o2_0.order_id,c1_0.cust_id,c1_0.address,c1_0.email,c1_0.cust_name,c1_0.phone,o2_0.employee_id,e1_0.emp_id,e1_0.address,e1_0.dob,e1_0.email,e1_0.full_name,e1_0.phone,e1_0.status,o2_0.order_date,o1_0.note,o1_0.price,o1_0.quantity,p1_0.note,p1_0.price from product_price p1_0 join product p2_0 on p2_0.product_id=p1_0.product_id left join order_detail o1_0 on p2_0.product_id=o1_0.product_id left join orders o2_0 on o2_0.order_id=o1_0.order_id left join customer c1_0 on c1_0.cust_id=o2_0.cust_id left join employee e1_0 on e1_0.emp_id=o2_0.employee_id where (p1_0.price_date_time,p1_0.product_id) in ((?,?))
Hibernate: select p1_0.price_date_time,p1_0.product_id,p2_0.product_id,p2_0.description,p2_0.manufacturer_name,p2_0.name,p2_0.status,p2_0.unit,o1_0.product_id,o1_0.order_id,o2_0.order_id,c1_0.cust_id,c1_0.address,c1_0.email,c1_0.cust_name,c1_0.phone,o2_0.employee_id,e1_0.emp_id,e1_0.address,e1_0.dob,e1_0.email,e1_0.full_name,e1_0.phone,e1_0.status,o2_0.order_date,o1_0.note,o1_0.price,o1_0.quantity,p1_0.note,p1_0.price from product_price p1_0 join product p2_0 on p2_0.product_id=p1_0.product_id left join order_detail o1_0 on p2_0.product_id=o1_0.product_id left join orders o2_0 on o2_0.order_id=o1_0.order_id left join customer c1_0 on c1_0.cust_id=o2_0.cust_id left join employee e1_0 on e1_0.emp_id=o2_0.employee_id where (p1_0.price_date_time,p1_0.product_id) in ((?,?))
Hibernate: insert into product_price (note,price,price_date_time,product_id) values (?,?,?,?)
Hibernate: insert into product_price (note,price,price_date_time,product_id) values (?,?,?,?)
Hibernate: insert into product_price (note,price,price_date_time,product_id) values (?,?,?,?)
Hibernate: insert into product (description,manufacturer_name,name,status,unit,product_id) values (?,?,?,?,?,default)
Hibernate: select p1_0.product_id,p1_0.description,p1_0.manufacturer_name,p1_0.name,p1_0.status,p1_0.unit,o1_0.product_id,o1_0.order_id,o2_0.order_id,c1_0.cust_id,c1_0.address,c1_0.email,c1_0.cust_name,c1_0.phone,o2_0.employee_id,e1_0.emp_id,e1_0.address,e1_0.dob,e1_0.email,e1_0.full_name,e1_0.phone,e1_0.status,o2_0.order_date,o1_0.note,o1_0.price,o1_0.quantity from product p1_0 left join order_detail o1_0 on p1_0.product_id=o1_0.product_id left join orders o2_0 on o2_0.order_id=o1_0.order_id left join customer c1_0 on c1_0.cust_id=o2_0.cust_id left join employee e1_0 on e1_0.emp_id=o2_0.employee_id where p1_0.product_id=?
Hibernate: select p1_0.product_id,p1_0.price_date_time,p1_0.note,p1_0.price from product_price p1_0 where p1_0.product_id=?
Hibernate: select p1_0.product_id,p1_0.image_id,p1_0.alternative,p1_0.path from product_image p1_0 where p1_0.product_id=?
Hibernate: insert into product_image (alternative,path,product_id,image_id) values (?,?,?,default)
Hibernate: select p1_0.price_date_time,p1_0.product_id,p2_0.product_id,p2_0.description,p2_0.manufacturer_name,p2_0.name,p2_0.status,p2_0.unit,o1_0.product_id,o1_0.order_id,o2_0.order_id,c1_0.cust_id,c1_0.address,c1_0.email,c1_0.cust_name,c1_0.phone,o2_0.employee_id,e1_0.emp_id,e1_0.address,e1_0.dob,e1_0.email,e1_0.full_name,e1_0.phone,e1_0.status,o2_0.order_date,o1_0.note,o1_0.price,o1_0.quantity,p1_0.note,p1_0.price from product_price p1_0 join product p2_0 on p2_0.product_id=p1_0.product_id left join order_detail o1_0 on p2_0.product_id=o1_0.product_id left join orders o2_0 on o2_0.order_id=o1_0.order_id left join customer c1_0 on c1_0.cust_id=o2_0.cust_id left join employee e1_0 on e1_0.emp_id=o2_0.employee_id where (p1_0.price_date_time,p1_0.product_id) in ((?,?))
Hibernate: select p1_0.price_date_time,p1_0.product_id,p2_0.product_id,p2_0.description,p2_0.manufacturer_name,p2_0.name,p2_0.status,p2_0.unit,o1_0.product_id,o1_0.order_id,o2_0.order_id,c1_0.cust_id,c1_0.address,c1_0.email,c1_0.cust_name,c1_0.phone,o2_0.employee_id,e1_0.emp_id,e1_0.address,e1_0.dob,e1_0.email,e1_0.full_name,e1_0.phone,e1_0.status,o2_0.order_date,o1_0.note,o1_0.price,o1_0.quantity,p1_0.note,p1_0.price from product_price p1_0 join product p2_0 on p2_0.product_id=p1_0.product_id left join order_detail o1_0 on p2_0.product_id=o1_0.product_id left join orders o2_0 on o2_0.order_id=o1_0.order_id left join customer c1_0 on c1_0.cust_id=o2_0.cust_id left join employee e1_0 on e1_0.emp_id=o2_0.employee_id where (p1_0.price_date_time,p1_0.product_id) in ((?,?))
Hibernate: select p1_0.price_date_time,p1_0.product_id,p2_0.product_id,p2_0.description,p2_0.manufacturer_name,p2_0.name,p2_0.status,p2_0.unit,o1_0.product_id,o1_0.order_id,o2_0.order_id,c1_0.cust_id,c1_0.address,c1_0.email,c1_0.cust_name,c1_0.phone,o2_0.employee_id,e1_0.emp_id,e1_0.address,e1_0.dob,e1_0.email,e1_0.full_name,e1_0.phone,e1_0.status,o2_0.order_date,o1_0.note,o1_0.price,o1_0.quantity,p1_0.note,p1_0.price from product_price p1_0 join product p2_0 on p2_0.product_id=p1_0.product_id left join order_detail o1_0 on p2_0.product_id=o1_0.product_id left join orders o2_0 on o2_0.order_id=o1_0.order_id left join customer c1_0 on c1_0.cust_id=o2_0.cust_id left join employee e1_0 on e1_0.emp_id=o2_0.employee_id where (p1_0.price_date_time,p1_0.product_id) in ((?,?))
Hibernate: insert into product_price (note,price,price_date_time,product_id) values (?,?,?,?)
Hibernate: insert into product_price (note,price,price_date_time,product_id) values (?,?,?,?)
Hibernate: insert into product_price (note,price,price_date_time,product_id) values (?,?,?,?)
Hibernate: insert into product (description,manufacturer_name,name,status,unit,product_id) values (?,?,?,?,?,default)
Hibernate: select p1_0.product_id,p1_0.description,p1_0.manufacturer_name,p1_0.name,p1_0.status,p1_0.unit,o1_0.product_id,o1_0.order_id,o2_0.order_id,c1_0.cust_id,c1_0.address,c1_0.email,c1_0.cust_name,c1_0.phone,o2_0.employee_id,e1_0.emp_id,e1_0.address,e1_0.dob,e1_0.email,e1_0.full_name,e1_0.phone,e1_0.status,o2_0.order_date,o1_0.note,o1_0.price,o1_0.quantity from product p1_0 left join order_detail o1_0 on p1_0.product_id=o1_0.product_id left join orders o2_0 on o2_0.order_id=o1_0.order_id left join customer c1_0 on c1_0.cust_id=o2_0.cust_id left join employee e1_0 on e1_0.emp_id=o2_0.employee_id where p1_0.product_id=?
Hibernate: select p1_0.product_id,p1_0.price_date_time,p1_0.note,p1_0.price from product_price p1_0 where p1_0.product_id=?
Hibernate: select p1_0.product_id,p1_0.image_id,p1_0.alternative,p1_0.path from product_image p1_0 where p1_0.product_id=?
Hibernate: insert into product_image (alternative,path,product_id,image_id) values (?,?,?,default)
Hibernate: select p1_0.price_date_time,p1_0.product_id,p2_0.product_id,p2_0.description,p2_0.manufacturer_name,p2_0.name,p2_0.status,p2_0.unit,o1_0.product_id,o1_0.order_id,o2_0.order_id,c1_0.cust_id,c1_0.address,c1_0.email,c1_0.cust_name,c1_0.phone,o2_0.employee_id,e1_0.emp_id,e1_0.address,e1_0.dob,e1_0.email,e1_0.full_name,e1_0.phone,e1_0.status,o2_0.order_date,o1_0.note,o1_0.price,o1_0.quantity,p1_0.note,p1_0.price from product_price p1_0 join product p2_0 on p2_0.product_id=p1_0.product_id left join order_detail o1_0 on p2_0.product_id=o1_0.product_id left join orders o2_0 on o2_0.order_id=o1_0.order_id left join customer c1_0 on c1_0.cust_id=o2_0.cust_id left join employee e1_0 on e1_0.emp_id=o2_0.employee_id where (p1_0.price_date_time,p1_0.product_id) in ((?,?))
Hibernate: select p1_0.price_date_time,p1_0.product_id,p2_0.product_id,p2_0.description,p2_0.manufacturer_name,p2_0.name,p2_0.status,p2_0.unit,o1_0.product_id,o1_0.order_id,o2_0.order_id,c1_0.cust_id,c1_0.address,c1_0.email,c1_0.cust_name,c1_0.phone,o2_0.employee_id,e1_0.emp_id,e1_0.address,e1_0.dob,e1_0.email,e1_0.full_name,e1_0.phone,e1_0.status,o2_0.order_date,o1_0.note,o1_0.price,o1_0.quantity,p1_0.note,p1_0.price from product_price p1_0 join product p2_0 on p2_0.product_id=p1_0.product_id left join order_detail o1_0 on p2_0.product_id=o1_0.product_id left join orders o2_0 on o2_0.order_id=o1_0.order_id left join customer c1_0 on c1_0.cust_id=o2_0.cust_id left join employee e1_0 on e1_0.emp_id=o2_0.employee_id where (p1_0.price_date_time,p1_0.product_id) in ((?,?))
Hibernate: select p1_0.price_date_time,p1_0.product_id,p2_0.product_id,p2_0.description,p2_0.manufacturer_name,p2_0.name,p2_0.status,p2_0.unit,o1_0.product_id,o1_0.order_id,o2_0.order_id,c1_0.cust_id,c1_0.address,c1_0.email,c1_0.cust_name,c1_0.phone,o2_0.employee_id,e1_0.emp_id,e1_0.address,e1_0.dob,e1_0.email,e1_0.full_name,e1_0.phone,e1_0.status,o2_0.order_date,o1_0.note,o1_0.price,o1_0.quantity,p1_0.note,p1_0.price from product_price p1_0 join product p2_0 on p2_0.product_id=p1_0.product_id left join order_detail o1_0 on p2_0.product_id=o1_0.product_id left join orders o2_0 on o2_0.order_id=o1_0.order_id left join customer c1_0 on c1_0.cust_id=o2_0.cust_id left join employee e1_0 on e1_0.emp_id=o2_0.employee_id where (p1_0.price_date_time,p1_0.product_id) in ((?,?))
Hibernate: insert into product_price (note,price,price_date_time,product_id) values (?,?,?,?)
Hibernate: insert into product_price (note,price,price_date_time,product_id) values (?,?,?,?)
Hibernate: insert into product_price (note,price,price_date_time,product_id) values (?,?,?,?)
Hibernate: insert into product (description,manufacturer_name,name,status,unit,product_id) values (?,?,?,?,?,default)
Hibernate: select p1_0.product_id,p1_0.description,p1_0.manufacturer_name,p1_0.name,p1_0.status,p1_0.unit,o1_0.product_id,o1_0.order_id,o2_0.order_id,c1_0.cust_id,c1_0.address,c1_0.email,c1_0.cust_name,c1_0.phone,o2_0.employee_id,e1_0.emp_id,e1_0.address,e1_0.dob,e1_0.email,e1_0.full_name,e1_0.phone,e1_0.status,o2_0.order_date,o1_0.note,o1_0.price,o1_0.quantity from product p1_0 left join order_detail o1_0 on p1_0.product_id=o1_0.product_id left join orders o2_0 on o2_0.order_id=o1_0.order_id left join customer c1_0 on c1_0.cust_id=o2_0.cust_id left join employee e1_0 on e1_0.emp_id=o2_0.employee_id where p1_0.product_id=?
Hibernate: select p1_0.product_id,p1_0.price_date_time,p1_0.note,p1_0.price from product_price p1_0 where p1_0.product_id=?
Hibernate: select p1_0.product_id,p1_0.image_id,p1_0.alternative,p1_0.path from product_image p1_0 where p1_0.product_id=?
Hibernate: insert into product_image (alternative,path,product_id,image_id) values (?,?,?,default)
Hibernate: select p1_0.price_date_time,p1_0.product_id,p2_0.product_id,p2_0.description,p2_0.manufacturer_name,p2_0.name,p2_0.status,p2_0.unit,o1_0.product_id,o1_0.order_id,o2_0.order_id,c1_0.cust_id,c1_0.address,c1_0.email,c1_0.cust_name,c1_0.phone,o2_0.employee_id,e1_0.emp_id,e1_0.address,e1_0.dob,e1_0.email,e1_0.full_name,e1_0.phone,e1_0.status,o2_0.order_date,o1_0.note,o1_0.price,o1_0.quantity,p1_0.note,p1_0.price from product_price p1_0 join product p2_0 on p2_0.product_id=p1_0.product_id left join order_detail o1_0 on p2_0.product_id=o1_0.product_id left join orders o2_0 on o2_0.order_id=o1_0.order_id left join customer c1_0 on c1_0.cust_id=o2_0.cust_id left join employee e1_0 on e1_0.emp_id=o2_0.employee_id where (p1_0.price_date_time,p1_0.product_id) in ((?,?))
Hibernate: select p1_0.price_date_time,p1_0.product_id,p2_0.product_id,p2_0.description,p2_0.manufacturer_name,p2_0.name,p2_0.status,p2_0.unit,o1_0.product_id,o1_0.order_id,o2_0.order_id,c1_0.cust_id,c1_0.address,c1_0.email,c1_0.cust_name,c1_0.phone,o2_0.employee_id,e1_0.emp_id,e1_0.address,e1_0.dob,e1_0.email,e1_0.full_name,e1_0.phone,e1_0.status,o2_0.order_date,o1_0.note,o1_0.price,o1_0.quantity,p1_0.note,p1_0.price from product_price p1_0 join product p2_0 on p2_0.product_id=p1_0.product_id left join order_detail o1_0 on p2_0.product_id=o1_0.product_id left join orders o2_0 on o2_0.order_id=o1_0.order_id left join customer c1_0 on c1_0.cust_id=o2_0.cust_id left join employee e1_0 on e1_0.emp_id=o2_0.employee_id where (p1_0.price_date_time,p1_0.product_id) in ((?,?))
Hibernate: select p1_0.price_date_time,p1_0.product_id,p2_0.product_id,p2_0.description,p2_0.manufacturer_name,p2_0.name,p2_0.status,p2_0.unit,o1_0.product_id,o1_0.order_id,o2_0.order_id,c1_0.cust_id,c1_0.address,c1_0.email,c1_0.cust_name,c1_0.phone,o2_0.employee_id,e1_0.emp_id,e1_0.address,e1_0.dob,e1_0.email,e1_0.full_name,e1_0.phone,e1_0.status,o2_0.order_date,o1_0.note,o1_0.price,o1_0.quantity,p1_0.note,p1_0.price from product_price p1_0 join product p2_0 on p2_0.product_id=p1_0.product_id left join order_detail o1_0 on p2_0.product_id=o1_0.product_id left join orders o2_0 on o2_0.order_id=o1_0.order_id left join customer c1_0 on c1_0.cust_id=o2_0.cust_id left join employee e1_0 on e1_0.emp_id=o2_0.employee_id where (p1_0.price_date_time,p1_0.product_id) in ((?,?))
Hibernate: insert into product_price (note,price,price_date_time,product_id) values (?,?,?,?)
Hibernate: insert into product_price (note,price,price_date_time,product_id) values (?,?,?,?)
Hibernate: insert into product_price (note,price,price_date_time,product_id) values (?,?,?,?)
Hibernate: insert into product (description,manufacturer_name,name,status,unit,product_id) values (?,?,?,?,?,default)
Hibernate: select p1_0.product_id,p1_0.description,p1_0.manufacturer_name,p1_0.name,p1_0.status,p1_0.unit,o1_0.product_id,o1_0.order_id,o2_0.order_id,c1_0.cust_id,c1_0.address,c1_0.email,c1_0.cust_name,c1_0.phone,o2_0.employee_id,e1_0.emp_id,e1_0.address,e1_0.dob,e1_0.email,e1_0.full_name,e1_0.phone,e1_0.status,o2_0.order_date,o1_0.note,o1_0.price,o1_0.quantity from product p1_0 left join order_detail o1_0 on p1_0.product_id=o1_0.product_id left join orders o2_0 on o2_0.order_id=o1_0.order_id left join customer c1_0 on c1_0.cust_id=o2_0.cust_id left join employee e1_0 on e1_0.emp_id=o2_0.employee_id where p1_0.product_id=?
Hibernate: select p1_0.product_id,p1_0.price_date_time,p1_0.note,p1_0.price from product_price p1_0 where p1_0.product_id=?
Hibernate: select p1_0.product_id,p1_0.image_id,p1_0.alternative,p1_0.path from product_image p1_0 where p1_0.product_id=?
Hibernate: insert into product_image (alternative,path,product_id,image_id) values (?,?,?,default)
Hibernate: select p1_0.price_date_time,p1_0.product_id,p2_0.product_id,p2_0.description,p2_0.manufacturer_name,p2_0.name,p2_0.status,p2_0.unit,o1_0.product_id,o1_0.order_id,o2_0.order_id,c1_0.cust_id,c1_0.address,c1_0.email,c1_0.cust_name,c1_0.phone,o2_0.employee_id,e1_0.emp_id,e1_0.address,e1_0.dob,e1_0.email,e1_0.full_name,e1_0.phone,e1_0.status,o2_0.order_date,o1_0.note,o1_0.price,o1_0.quantity,p1_0.note,p1_0.price from product_price p1_0 join product p2_0 on p2_0.product_id=p1_0.product_id left join order_detail o1_0 on p2_0.product_id=o1_0.product_id left join orders o2_0 on o2_0.order_id=o1_0.order_id left join customer c1_0 on c1_0.cust_id=o2_0.cust_id left join employee e1_0 on e1_0.emp_id=o2_0.employee_id where (p1_0.price_date_time,p1_0.product_id) in ((?,?))
Hibernate: select p1_0.price_date_time,p1_0.product_id,p2_0.product_id,p2_0.description,p2_0.manufacturer_name,p2_0.name,p2_0.status,p2_0.unit,o1_0.product_id,o1_0.order_id,o2_0.order_id,c1_0.cust_id,c1_0.address,c1_0.email,c1_0.cust_name,c1_0.phone,o2_0.employee_id,e1_0.emp_id,e1_0.address,e1_0.dob,e1_0.email,e1_0.full_name,e1_0.phone,e1_0.status,o2_0.order_date,o1_0.note,o1_0.price,o1_0.quantity,p1_0.note,p1_0.price from product_price p1_0 join product p2_0 on p2_0.product_id=p1_0.product_id left join order_detail o1_0 on p2_0.product_id=o1_0.product_id left join orders o2_0 on o2_0.order_id=o1_0.order_id left join customer c1_0 on c1_0.cust_id=o2_0.cust_id left join employee e1_0 on e1_0.emp_id=o2_0.employee_id where (p1_0.price_date_time,p1_0.product_id) in ((?,?))
Hibernate: select p1_0.price_date_time,p1_0.product_id,p2_0.product_id,p2_0.description,p2_0.manufacturer_name,p2_0.name,p2_0.status,p2_0.unit,o1_0.product_id,o1_0.order_id,o2_0.order_id,c1_0.cust_id,c1_0.address,c1_0.email,c1_0.cust_name,c1_0.phone,o2_0.employee_id,e1_0.emp_id,e1_0.address,e1_0.dob,e1_0.email,e1_0.full_name,e1_0.phone,e1_0.status,o2_0.order_date,o1_0.note,o1_0.price,o1_0.quantity,p1_0.note,p1_0.price from product_price p1_0 join product p2_0 on p2_0.product_id=p1_0.product_id left join order_detail o1_0 on p2_0.product_id=o1_0.product_id left join orders o2_0 on o2_0.order_id=o1_0.order_id left join customer c1_0 on c1_0.cust_id=o2_0.cust_id left join employee e1_0 on e1_0.emp_id=o2_0.employee_id where (p1_0.price_date_time,p1_0.product_id) in ((?,?))
Hibernate: insert into product_price (note,price,price_date_time,product_id) values (?,?,?,?)
Hibernate: insert into product_price (note,price,price_date_time,product_id) values (?,?,?,?)
Hibernate: insert into product_price (note,price,price_date_time,product_id) values (?,?,?,?)
Hibernate: insert into product (description,manufacturer_name,name,status,unit,product_id) values (?,?,?,?,?,default)
Hibernate: select p1_0.product_id,p1_0.description,p1_0.manufacturer_name,p1_0.name,p1_0.status,p1_0.unit,o1_0.product_id,o1_0.order_id,o2_0.order_id,c1_0.cust_id,c1_0.address,c1_0.email,c1_0.cust_name,c1_0.phone,o2_0.employee_id,e1_0.emp_id,e1_0.address,e1_0.dob,e1_0.email,e1_0.full_name,e1_0.phone,e1_0.status,o2_0.order_date,o1_0.note,o1_0.price,o1_0.quantity from product p1_0 left join order_detail o1_0 on p1_0.product_id=o1_0.product_id left join orders o2_0 on o2_0.order_id=o1_0.order_id left join customer c1_0 on c1_0.cust_id=o2_0.cust_id left join employee e1_0 on e1_0.emp_id=o2_0.employee_id where p1_0.product_id=?
Hibernate: select p1_0.product_id,p1_0.price_date_time,p1_0.note,p1_0.price from product_price p1_0 where p1_0.product_id=?
Hibernate: select p1_0.product_id,p1_0.image_id,p1_0.alternative,p1_0.path from product_image p1_0 where p1_0.product_id=?
Hibernate: insert into product_image (alternative,path,product_id,image_id) values (?,?,?,default)
Hibernate: select p1_0.price_date_time,p1_0.product_id,p2_0.product_id,p2_0.description,p2_0.manufacturer_name,p2_0.name,p2_0.status,p2_0.unit,o1_0.product_id,o1_0.order_id,o2_0.order_id,c1_0.cust_id,c1_0.address,c1_0.email,c1_0.cust_name,c1_0.phone,o2_0.employee_id,e1_0.emp_id,e1_0.address,e1_0.dob,e1_0.email,e1_0.full_name,e1_0.phone,e1_0.status,o2_0.order_date,o1_0.note,o1_0.price,o1_0.quantity,p1_0.note,p1_0.price from product_price p1_0 join product p2_0 on p2_0.product_id=p1_0.product_id left join order_detail o1_0 on p2_0.product_id=o1_0.product_id left join orders o2_0 on o2_0.order_id=o1_0.order_id left join customer c1_0 on c1_0.cust_id=o2_0.cust_id left join employee e1_0 on e1_0.emp_id=o2_0.employee_id where (p1_0.price_date_time,p1_0.product_id) in ((?,?))
Hibernate: select p1_0.price_date_time,p1_0.product_id,p2_0.product_id,p2_0.description,p2_0.manufacturer_name,p2_0.name,p2_0.status,p2_0.unit,o1_0.product_id,o1_0.order_id,o2_0.order_id,c1_0.cust_id,c1_0.address,c1_0.email,c1_0.cust_name,c1_0.phone,o2_0.employee_id,e1_0.emp_id,e1_0.address,e1_0.dob,e1_0.email,e1_0.full_name,e1_0.phone,e1_0.status,o2_0.order_date,o1_0.note,o1_0.price,o1_0.quantity,p1_0.note,p1_0.price from product_price p1_0 join product p2_0 on p2_0.product_id=p1_0.product_id left join order_detail o1_0 on p2_0.product_id=o1_0.product_id left join orders o2_0 on o2_0.order_id=o1_0.order_id left join customer c1_0 on c1_0.cust_id=o2_0.cust_id left join employee e1_0 on e1_0.emp_id=o2_0.employee_id where (p1_0.price_date_time,p1_0.product_id) in ((?,?))
Hibernate: select p1_0.price_date_time,p1_0.product_id,p2_0.product_id,p2_0.description,p2_0.manufacturer_name,p2_0.name,p2_0.status,p2_0.unit,o1_0.product_id,o1_0.order_id,o2_0.order_id,c1_0.cust_id,c1_0.address,c1_0.email,c1_0.cust_name,c1_0.phone,o2_0.employee_id,e1_0.emp_id,e1_0.address,e1_0.dob,e1_0.email,e1_0.full_name,e1_0.phone,e1_0.status,o2_0.order_date,o1_0.note,o1_0.price,o1_0.quantity,p1_0.note,p1_0.price from product_price p1_0 join product p2_0 on p2_0.product_id=p1_0.product_id left join order_detail o1_0 on p2_0.product_id=o1_0.product_id left join orders o2_0 on o2_0.order_id=o1_0.order_id left join customer c1_0 on c1_0.cust_id=o2_0.cust_id left join employee e1_0 on e1_0.emp_id=o2_0.employee_id where (p1_0.price_date_time,p1_0.product_id) in ((?,?))
Hibernate: insert into product_price (note,price,price_date_time,product_id) values (?,?,?,?)
Hibernate: insert into product_price (note,price,price_date_time,product_id) values (?,?,?,?)
Hibernate: insert into product_price (note,price,price_date_time,product_id) values (?,?,?,?)
Hibernate: insert into product (description,manufacturer_name,name,status,unit,product_id) values (?,?,?,?,?,default)
Hibernate: select p1_0.product_id,p1_0.description,p1_0.manufacturer_name,p1_0.name,p1_0.status,p1_0.unit,o1_0.product_id,o1_0.order_id,o2_0.order_id,c1_0.cust_id,c1_0.address,c1_0.email,c1_0.cust_name,c1_0.phone,o2_0.employee_id,e1_0.emp_id,e1_0.address,e1_0.dob,e1_0.email,e1_0.full_name,e1_0.phone,e1_0.status,o2_0.order_date,o1_0.note,o1_0.price,o1_0.quantity from product p1_0 left join order_detail o1_0 on p1_0.product_id=o1_0.product_id left join orders o2_0 on o2_0.order_id=o1_0.order_id left join customer c1_0 on c1_0.cust_id=o2_0.cust_id left join employee e1_0 on e1_0.emp_id=o2_0.employee_id where p1_0.product_id=?
Hibernate: select p1_0.product_id,p1_0.price_date_time,p1_0.note,p1_0.price from product_price p1_0 where p1_0.product_id=?
Hibernate: select p1_0.product_id,p1_0.image_id,p1_0.alternative,p1_0.path from product_image p1_0 where p1_0.product_id=?
Hibernate: insert into product_image (alternative,path,product_id,image_id) values (?,?,?,default)
Hibernate: select p1_0.price_date_time,p1_0.product_id,p2_0.product_id,p2_0.description,p2_0.manufacturer_name,p2_0.name,p2_0.status,p2_0.unit,o1_0.product_id,o1_0.order_id,o2_0.order_id,c1_0.cust_id,c1_0.address,c1_0.email,c1_0.cust_name,c1_0.phone,o2_0.employee_id,e1_0.emp_id,e1_0.address,e1_0.dob,e1_0.email,e1_0.full_name,e1_0.phone,e1_0.status,o2_0.order_date,o1_0.note,o1_0.price,o1_0.quantity,p1_0.note,p1_0.price from product_price p1_0 join product p2_0 on p2_0.product_id=p1_0.product_id left join order_detail o1_0 on p2_0.product_id=o1_0.product_id left join orders o2_0 on o2_0.order_id=o1_0.order_id left join customer c1_0 on c1_0.cust_id=o2_0.cust_id left join employee e1_0 on e1_0.emp_id=o2_0.employee_id where (p1_0.price_date_time,p1_0.product_id) in ((?,?))
Hibernate: select p1_0.price_date_time,p1_0.product_id,p2_0.product_id,p2_0.description,p2_0.manufacturer_name,p2_0.name,p2_0.status,p2_0.unit,o1_0.product_id,o1_0.order_id,o2_0.order_id,c1_0.cust_id,c1_0.address,c1_0.email,c1_0.cust_name,c1_0.phone,o2_0.employee_id,e1_0.emp_id,e1_0.address,e1_0.dob,e1_0.email,e1_0.full_name,e1_0.phone,e1_0.status,o2_0.order_date,o1_0.note,o1_0.price,o1_0.quantity,p1_0.note,p1_0.price from product_price p1_0 join product p2_0 on p2_0.product_id=p1_0.product_id left join order_detail o1_0 on p2_0.product_id=o1_0.product_id left join orders o2_0 on o2_0.order_id=o1_0.order_id left join customer c1_0 on c1_0.cust_id=o2_0.cust_id left join employee e1_0 on e1_0.emp_id=o2_0.employee_id where (p1_0.price_date_time,p1_0.product_id) in ((?,?))
Hibernate: select p1_0.price_date_time,p1_0.product_id,p2_0.product_id,p2_0.description,p2_0.manufacturer_name,p2_0.name,p2_0.status,p2_0.unit,o1_0.product_id,o1_0.order_id,o2_0.order_id,c1_0.cust_id,c1_0.address,c1_0.email,c1_0.cust_name,c1_0.phone,o2_0.employee_id,e1_0.emp_id,e1_0.address,e1_0.dob,e1_0.email,e1_0.full_name,e1_0.phone,e1_0.status,o2_0.order_date,o1_0.note,o1_0.price,o1_0.quantity,p1_0.note,p1_0.price from product_price p1_0 join product p2_0 on p2_0.product_id=p1_0.product_id left join order_detail o1_0 on p2_0.product_id=o1_0.product_id left join orders o2_0 on o2_0.order_id=o1_0.order_id left join customer c1_0 on c1_0.cust_id=o2_0.cust_id left join employee e1_0 on e1_0.emp_id=o2_0.employee_id where (p1_0.price_date_time,p1_0.product_id) in ((?,?))
Hibernate: insert into product_price (note,price,price_date_time,product_id) values (?,?,?,?)
Hibernate: insert into product_price (note,price,price_date_time,product_id) values (?,?,?,?)
Hibernate: insert into product_price (note,price,price_date_time,product_id) values (?,?,?,?)
Hibernate: insert into product (description,manufacturer_name,name,status,unit,product_id) values (?,?,?,?,?,default)
Hibernate: select p1_0.product_id,p1_0.description,p1_0.manufacturer_name,p1_0.name,p1_0.status,p1_0.unit,o1_0.product_id,o1_0.order_id,o2_0.order_id,c1_0.cust_id,c1_0.address,c1_0.email,c1_0.cust_name,c1_0.phone,o2_0.employee_id,e1_0.emp_id,e1_0.address,e1_0.dob,e1_0.email,e1_0.full_name,e1_0.phone,e1_0.status,o2_0.order_date,o1_0.note,o1_0.price,o1_0.quantity from product p1_0 left join order_detail o1_0 on p1_0.product_id=o1_0.product_id left join orders o2_0 on o2_0.order_id=o1_0.order_id left join customer c1_0 on c1_0.cust_id=o2_0.cust_id left join employee e1_0 on e1_0.emp_id=o2_0.employee_id where p1_0.product_id=?
Hibernate: select p1_0.product_id,p1_0.price_date_time,p1_0.note,p1_0.price from product_price p1_0 where p1_0.product_id=?
Hibernate: select p1_0.product_id,p1_0.image_id,p1_0.alternative,p1_0.path from product_image p1_0 where p1_0.product_id=?
Hibernate: insert into product_image (alternative,path,product_id,image_id) values (?,?,?,default)
Hibernate: select p1_0.price_date_time,p1_0.product_id,p2_0.product_id,p2_0.description,p2_0.manufacturer_name,p2_0.name,p2_0.status,p2_0.unit,o1_0.product_id,o1_0.order_id,o2_0.order_id,c1_0.cust_id,c1_0.address,c1_0.email,c1_0.cust_name,c1_0.phone,o2_0.employee_id,e1_0.emp_id,e1_0.address,e1_0.dob,e1_0.email,e1_0.full_name,e1_0.phone,e1_0.status,o2_0.order_date,o1_0.note,o1_0.price,o1_0.quantity,p1_0.note,p1_0.price from product_price p1_0 join product p2_0 on p2_0.product_id=p1_0.product_id left join order_detail o1_0 on p2_0.product_id=o1_0.product_id left join orders o2_0 on o2_0.order_id=o1_0.order_id left join customer c1_0 on c1_0.cust_id=o2_0.cust_id left join employee e1_0 on e1_0.emp_id=o2_0.employee_id where (p1_0.price_date_time,p1_0.product_id) in ((?,?))
Hibernate: select p1_0.price_date_time,p1_0.product_id,p2_0.product_id,p2_0.description,p2_0.manufacturer_name,p2_0.name,p2_0.status,p2_0.unit,o1_0.product_id,o1_0.order_id,o2_0.order_id,c1_0.cust_id,c1_0.address,c1_0.email,c1_0.cust_name,c1_0.phone,o2_0.employee_id,e1_0.emp_id,e1_0.address,e1_0.dob,e1_0.email,e1_0.full_name,e1_0.phone,e1_0.status,o2_0.order_date,o1_0.note,o1_0.price,o1_0.quantity,p1_0.note,p1_0.price from product_price p1_0 join product p2_0 on p2_0.product_id=p1_0.product_id left join order_detail o1_0 on p2_0.product_id=o1_0.product_id left join orders o2_0 on o2_0.order_id=o1_0.order_id left join customer c1_0 on c1_0.cust_id=o2_0.cust_id left join employee e1_0 on e1_0.emp_id=o2_0.employee_id where (p1_0.price_date_time,p1_0.product_id) in ((?,?))
Hibernate: select p1_0.price_date_time,p1_0.product_id,p2_0.product_id,p2_0.description,p2_0.manufacturer_name,p2_0.name,p2_0.status,p2_0.unit,o1_0.product_id,o1_0.order_id,o2_0.order_id,c1_0.cust_id,c1_0.address,c1_0.email,c1_0.cust_name,c1_0.phone,o2_0.employee_id,e1_0.emp_id,e1_0.address,e1_0.dob,e1_0.email,e1_0.full_name,e1_0.phone,e1_0.status,o2_0.order_date,o1_0.note,o1_0.price,o1_0.quantity,p1_0.note,p1_0.price from product_price p1_0 join product p2_0 on p2_0.product_id=p1_0.product_id left join order_detail o1_0 on p2_0.product_id=o1_0.product_id left join orders o2_0 on o2_0.order_id=o1_0.order_id left join customer c1_0 on c1_0.cust_id=o2_0.cust_id left join employee e1_0 on e1_0.emp_id=o2_0.employee_id where (p1_0.price_date_time,p1_0.product_id) in ((?,?))
Hibernate: insert into product_price (note,price,price_date_time,product_id) values (?,?,?,?)
Hibernate: insert into product_price (note,price,price_date_time,product_id) values (?,?,?,?)
Hibernate: insert into product_price (note,price,price_date_time,product_id) values (?,?,?,?)
Hibernate: insert into product (description,manufacturer_name,name,status,unit,product_id) values (?,?,?,?,?,default)
Hibernate: select p1_0.product_id,p1_0.description,p1_0.manufacturer_name,p1_0.name,p1_0.status,p1_0.unit,o1_0.product_id,o1_0.order_id,o2_0.order_id,c1_0.cust_id,c1_0.address,c1_0.email,c1_0.cust_name,c1_0.phone,o2_0.employee_id,e1_0.emp_id,e1_0.address,e1_0.dob,e1_0.email,e1_0.full_name,e1_0.phone,e1_0.status,o2_0.order_date,o1_0.note,o1_0.price,o1_0.quantity from product p1_0 left join order_detail o1_0 on p1_0.product_id=o1_0.product_id left join orders o2_0 on o2_0.order_id=o1_0.order_id left join customer c1_0 on c1_0.cust_id=o2_0.cust_id left join employee e1_0 on e1_0.emp_id=o2_0.employee_id where p1_0.product_id=?
Hibernate: select p1_0.product_id,p1_0.price_date_time,p1_0.note,p1_0.price from product_price p1_0 where p1_0.product_id=?
Hibernate: select p1_0.product_id,p1_0.image_id,p1_0.alternative,p1_0.path from product_image p1_0 where p1_0.product_id=?
Hibernate: insert into product_image (alternative,path,product_id,image_id) values (?,?,?,default)
Hibernate: select p1_0.price_date_time,p1_0.product_id,p2_0.product_id,p2_0.description,p2_0.manufacturer_name,p2_0.name,p2_0.status,p2_0.unit,o1_0.product_id,o1_0.order_id,o2_0.order_id,c1_0.cust_id,c1_0.address,c1_0.email,c1_0.cust_name,c1_0.phone,o2_0.employee_id,e1_0.emp_id,e1_0.address,e1_0.dob,e1_0.email,e1_0.full_name,e1_0.phone,e1_0.status,o2_0.order_date,o1_0.note,o1_0.price,o1_0.quantity,p1_0.note,p1_0.price from product_price p1_0 join product p2_0 on p2_0.product_id=p1_0.product_id left join order_detail o1_0 on p2_0.product_id=o1_0.product_id left join orders o2_0 on o2_0.order_id=o1_0.order_id left join customer c1_0 on c1_0.cust_id=o2_0.cust_id left join employee e1_0 on e1_0.emp_id=o2_0.employee_id where (p1_0.price_date_time,p1_0.product_id) in ((?,?))
Hibernate: select p1_0.price_date_time,p1_0.product_id,p2_0.product_id,p2_0.description,p2_0.manufacturer_name,p2_0.name,p2_0.status,p2_0.unit,o1_0.product_id,o1_0.order_id,o2_0.order_id,c1_0.cust_id,c1_0.address,c1_0.email,c1_0.cust_name,c1_0.phone,o2_0.employee_id,e1_0.emp_id,e1_0.address,e1_0.dob,e1_0.email,e1_0.full_name,e1_0.phone,e1_0.status,o2_0.order_date,o1_0.note,o1_0.price,o1_0.quantity,p1_0.note,p1_0.price from product_price p1_0 join product p2_0 on p2_0.product_id=p1_0.product_id left join order_detail o1_0 on p2_0.product_id=o1_0.product_id left join orders o2_0 on o2_0.order_id=o1_0.order_id left join customer c1_0 on c1_0.cust_id=o2_0.cust_id left join employee e1_0 on e1_0.emp_id=o2_0.employee_id where (p1_0.price_date_time,p1_0.product_id) in ((?,?))
Hibernate: select p1_0.price_date_time,p1_0.product_id,p2_0.product_id,p2_0.description,p2_0.manufacturer_name,p2_0.name,p2_0.status,p2_0.unit,o1_0.product_id,o1_0.order_id,o2_0.order_id,c1_0.cust_id,c1_0.address,c1_0.email,c1_0.cust_name,c1_0.phone,o2_0.employee_id,e1_0.emp_id,e1_0.address,e1_0.dob,e1_0.email,e1_0.full_name,e1_0.phone,e1_0.status,o2_0.order_date,o1_0.note,o1_0.price,o1_0.quantity,p1_0.note,p1_0.price from product_price p1_0 join product p2_0 on p2_0.product_id=p1_0.product_id left join order_detail o1_0 on p2_0.product_id=o1_0.product_id left join orders o2_0 on o2_0.order_id=o1_0.order_id left join customer c1_0 on c1_0.cust_id=o2_0.cust_id left join employee e1_0 on e1_0.emp_id=o2_0.employee_id where (p1_0.price_date_time,p1_0.product_id) in ((?,?))
Hibernate: insert into product_price (note,price,price_date_time,product_id) values (?,?,?,?)
Hibernate: insert into product_price (note,price,price_date_time,product_id) values (?,?,?,?)
Hibernate: insert into product_price (note,price,price_date_time,product_id) values (?,?,?,?)
Hibernate: insert into product (description,manufacturer_name,name,status,unit,product_id) values (?,?,?,?,?,default)
Hibernate: select p1_0.product_id,p1_0.description,p1_0.manufacturer_name,p1_0.name,p1_0.status,p1_0.unit,o1_0.product_id,o1_0.order_id,o2_0.order_id,c1_0.cust_id,c1_0.address,c1_0.email,c1_0.cust_name,c1_0.phone,o2_0.employee_id,e1_0.emp_id,e1_0.address,e1_0.dob,e1_0.email,e1_0.full_name,e1_0.phone,e1_0.status,o2_0.order_date,o1_0.note,o1_0.price,o1_0.quantity from product p1_0 left join order_detail o1_0 on p1_0.product_id=o1_0.product_id left join orders o2_0 on o2_0.order_id=o1_0.order_id left join customer c1_0 on c1_0.cust_id=o2_0.cust_id left join employee e1_0 on e1_0.emp_id=o2_0.employee_id where p1_0.product_id=?
Hibernate: select p1_0.product_id,p1_0.price_date_time,p1_0.note,p1_0.price from product_price p1_0 where p1_0.product_id=?
Hibernate: select p1_0.product_id,p1_0.image_id,p1_0.alternative,p1_0.path from product_image p1_0 where p1_0.product_id=?
Hibernate: insert into product_image (alternative,path,product_id,image_id) values (?,?,?,default)
Hibernate: select p1_0.price_date_time,p1_0.product_id,p2_0.product_id,p2_0.description,p2_0.manufacturer_name,p2_0.name,p2_0.status,p2_0.unit,o1_0.product_id,o1_0.order_id,o2_0.order_id,c1_0.cust_id,c1_0.address,c1_0.email,c1_0.cust_name,c1_0.phone,o2_0.employee_id,e1_0.emp_id,e1_0.address,e1_0.dob,e1_0.email,e1_0.full_name,e1_0.phone,e1_0.status,o2_0.order_date,o1_0.note,o1_0.price,o1_0.quantity,p1_0.note,p1_0.price from product_price p1_0 join product p2_0 on p2_0.product_id=p1_0.product_id left join order_detail o1_0 on p2_0.product_id=o1_0.product_id left join orders o2_0 on o2_0.order_id=o1_0.order_id left join customer c1_0 on c1_0.cust_id=o2_0.cust_id left join employee e1_0 on e1_0.emp_id=o2_0.employee_id where (p1_0.price_date_time,p1_0.product_id) in ((?,?))
Hibernate: select p1_0.price_date_time,p1_0.product_id,p2_0.product_id,p2_0.description,p2_0.manufacturer_name,p2_0.name,p2_0.status,p2_0.unit,o1_0.product_id,o1_0.order_id,o2_0.order_id,c1_0.cust_id,c1_0.address,c1_0.email,c1_0.cust_name,c1_0.phone,o2_0.employee_id,e1_0.emp_id,e1_0.address,e1_0.dob,e1_0.email,e1_0.full_name,e1_0.phone,e1_0.status,o2_0.order_date,o1_0.note,o1_0.price,o1_0.quantity,p1_0.note,p1_0.price from product_price p1_0 join product p2_0 on p2_0.product_id=p1_0.product_id left join order_detail o1_0 on p2_0.product_id=o1_0.product_id left join orders o2_0 on o2_0.order_id=o1_0.order_id left join customer c1_0 on c1_0.cust_id=o2_0.cust_id left join employee e1_0 on e1_0.emp_id=o2_0.employee_id where (p1_0.price_date_time,p1_0.product_id) in ((?,?))
Hibernate: select p1_0.price_date_time,p1_0.product_id,p2_0.product_id,p2_0.description,p2_0.manufacturer_name,p2_0.name,p2_0.status,p2_0.unit,o1_0.product_id,o1_0.order_id,o2_0.order_id,c1_0.cust_id,c1_0.address,c1_0.email,c1_0.cust_name,c1_0.phone,o2_0.employee_id,e1_0.emp_id,e1_0.address,e1_0.dob,e1_0.email,e1_0.full_name,e1_0.phone,e1_0.status,o2_0.order_date,o1_0.note,o1_0.price,o1_0.quantity,p1_0.note,p1_0.price from product_price p1_0 join product p2_0 on p2_0.product_id=p1_0.product_id left join order_detail o1_0 on p2_0.product_id=o1_0.product_id left join orders o2_0 on o2_0.order_id=o1_0.order_id left join customer c1_0 on c1_0.cust_id=o2_0.cust_id left join employee e1_0 on e1_0.emp_id=o2_0.employee_id where (p1_0.price_date_time,p1_0.product_id) in ((?,?))
Hibernate: insert into product_price (note,price,price_date_time,product_id) values (?,?,?,?)
Hibernate: insert into product_price (note,price,price_date_time,product_id) values (?,?,?,?)
Hibernate: insert into product_price (note,price,price_date_time,product_id) values (?,?,?,?)
Hibernate: insert into product (description,manufacturer_name,name,status,unit,product_id) values (?,?,?,?,?,default)
Hibernate: select p1_0.product_id,p1_0.description,p1_0.manufacturer_name,p1_0.name,p1_0.status,p1_0.unit,o1_0.product_id,o1_0.order_id,o2_0.order_id,c1_0.cust_id,c1_0.address,c1_0.email,c1_0.cust_name,c1_0.phone,o2_0.employee_id,e1_0.emp_id,e1_0.address,e1_0.dob,e1_0.email,e1_0.full_name,e1_0.phone,e1_0.status,o2_0.order_date,o1_0.note,o1_0.price,o1_0.quantity from product p1_0 left join order_detail o1_0 on p1_0.product_id=o1_0.product_id left join orders o2_0 on o2_0.order_id=o1_0.order_id left join customer c1_0 on c1_0.cust_id=o2_0.cust_id left join employee e1_0 on e1_0.emp_id=o2_0.employee_id where p1_0.product_id=?
Hibernate: select p1_0.product_id,p1_0.price_date_time,p1_0.note,p1_0.price from product_price p1_0 where p1_0.product_id=?
Hibernate: select p1_0.product_id,p1_0.image_id,p1_0.alternative,p1_0.path from product_image p1_0 where p1_0.product_id=?
Hibernate: insert into product_image (alternative,path,product_id,image_id) values (?,?,?,default)
Hibernate: select p1_0.price_date_time,p1_0.product_id,p2_0.product_id,p2_0.description,p2_0.manufacturer_name,p2_0.name,p2_0.status,p2_0.unit,o1_0.product_id,o1_0.order_id,o2_0.order_id,c1_0.cust_id,c1_0.address,c1_0.email,c1_0.cust_name,c1_0.phone,o2_0.employee_id,e1_0.emp_id,e1_0.address,e1_0.dob,e1_0.email,e1_0.full_name,e1_0.phone,e1_0.status,o2_0.order_date,o1_0.note,o1_0.price,o1_0.quantity,p1_0.note,p1_0.price from product_price p1_0 join product p2_0 on p2_0.product_id=p1_0.product_id left join order_detail o1_0 on p2_0.product_id=o1_0.product_id left join orders o2_0 on o2_0.order_id=o1_0.order_id left join customer c1_0 on c1_0.cust_id=o2_0.cust_id left join employee e1_0 on e1_0.emp_id=o2_0.employee_id where (p1_0.price_date_time,p1_0.product_id) in ((?,?))
Hibernate: select p1_0.price_date_time,p1_0.product_id,p2_0.product_id,p2_0.description,p2_0.manufacturer_name,p2_0.name,p2_0.status,p2_0.unit,o1_0.product_id,o1_0.order_id,o2_0.order_id,c1_0.cust_id,c1_0.address,c1_0.email,c1_0.cust_name,c1_0.phone,o2_0.employee_id,e1_0.emp_id,e1_0.address,e1_0.dob,e1_0.email,e1_0.full_name,e1_0.phone,e1_0.status,o2_0.order_date,o1_0.note,o1_0.price,o1_0.quantity,p1_0.note,p1_0.price from product_price p1_0 join product p2_0 on p2_0.product_id=p1_0.product_id left join order_detail o1_0 on p2_0.product_id=o1_0.product_id left join orders o2_0 on o2_0.order_id=o1_0.order_id left join customer c1_0 on c1_0.cust_id=o2_0.cust_id left join employee e1_0 on e1_0.emp_id=o2_0.employee_id where (p1_0.price_date_time,p1_0.product_id) in ((?,?))
Hibernate: select p1_0.price_date_time,p1_0.product_id,p2_0.product_id,p2_0.description,p2_0.manufacturer_name,p2_0.name,p2_0.status,p2_0.unit,o1_0.product_id,o1_0.order_id,o2_0.order_id,c1_0.cust_id,c1_0.address,c1_0.email,c1_0.cust_name,c1_0.phone,o2_0.employee_id,e1_0.emp_id,e1_0.address,e1_0.dob,e1_0.email,e1_0.full_name,e1_0.phone,e1_0.status,o2_0.order_date,o1_0.note,o1_0.price,o1_0.quantity,p1_0.note,p1_0.price from product_price p1_0 join product p2_0 on p2_0.product_id=p1_0.product_id left join order_detail o1_0 on p2_0.product_id=o1_0.product_id left join orders o2_0 on o2_0.order_id=o1_0.order_id left join customer c1_0 on c1_0.cust_id=o2_0.cust_id left join employee e1_0 on e1_0.emp_id=o2_0.employee_id where (p1_0.price_date_time,p1_0.product_id) in ((?,?))
Hibernate: insert into product_price (note,price,price_date_time,product_id) values (?,?,?,?)
Hibernate: insert into product_price (note,price,price_date_time,product_id) values (?,?,?,?)
Hibernate: insert into product_price (note,price,price_date_time,product_id) values (?,?,?,?)
Hibernate: insert into product (description,manufacturer_name,name,status,unit,product_id) values (?,?,?,?,?,default)
Hibernate: select p1_0.product_id,p1_0.description,p1_0.manufacturer_name,p1_0.name,p1_0.status,p1_0.unit,o1_0.product_id,o1_0.order_id,o2_0.order_id,c1_0.cust_id,c1_0.address,c1_0.email,c1_0.cust_name,c1_0.phone,o2_0.employee_id,e1_0.emp_id,e1_0.address,e1_0.dob,e1_0.email,e1_0.full_name,e1_0.phone,e1_0.status,o2_0.order_date,o1_0.note,o1_0.price,o1_0.quantity from product p1_0 left join order_detail o1_0 on p1_0.product_id=o1_0.product_id left join orders o2_0 on o2_0.order_id=o1_0.order_id left join customer c1_0 on c1_0.cust_id=o2_0.cust_id left join employee e1_0 on e1_0.emp_id=o2_0.employee_id where p1_0.product_id=?
Hibernate: select p1_0.product_id,p1_0.price_date_time,p1_0.note,p1_0.price from product_price p1_0 where p1_0.product_id=?
Hibernate: select p1_0.product_id,p1_0.image_id,p1_0.alternative,p1_0.path from product_image p1_0 where p1_0.product_id=?
Hibernate: insert into product_image (alternative,path,product_id,image_id) values (?,?,?,default)
Hibernate: select p1_0.price_date_time,p1_0.product_id,p2_0.product_id,p2_0.description,p2_0.manufacturer_name,p2_0.name,p2_0.status,p2_0.unit,o1_0.product_id,o1_0.order_id,o2_0.order_id,c1_0.cust_id,c1_0.address,c1_0.email,c1_0.cust_name,c1_0.phone,o2_0.employee_id,e1_0.emp_id,e1_0.address,e1_0.dob,e1_0.email,e1_0.full_name,e1_0.phone,e1_0.status,o2_0.order_date,o1_0.note,o1_0.price,o1_0.quantity,p1_0.note,p1_0.price from product_price p1_0 join product p2_0 on p2_0.product_id=p1_0.product_id left join order_detail o1_0 on p2_0.product_id=o1_0.product_id left join orders o2_0 on o2_0.order_id=o1_0.order_id left join customer c1_0 on c1_0.cust_id=o2_0.cust_id left join employee e1_0 on e1_0.emp_id=o2_0.employee_id where (p1_0.price_date_time,p1_0.product_id) in ((?,?))
Hibernate: select p1_0.price_date_time,p1_0.product_id,p2_0.product_id,p2_0.description,p2_0.manufacturer_name,p2_0.name,p2_0.status,p2_0.unit,o1_0.product_id,o1_0.order_id,o2_0.order_id,c1_0.cust_id,c1_0.address,c1_0.email,c1_0.cust_name,c1_0.phone,o2_0.employee_id,e1_0.emp_id,e1_0.address,e1_0.dob,e1_0.email,e1_0.full_name,e1_0.phone,e1_0.status,o2_0.order_date,o1_0.note,o1_0.price,o1_0.quantity,p1_0.note,p1_0.price from product_price p1_0 join product p2_0 on p2_0.product_id=p1_0.product_id left join order_detail o1_0 on p2_0.product_id=o1_0.product_id left join orders o2_0 on o2_0.order_id=o1_0.order_id left join customer c1_0 on c1_0.cust_id=o2_0.cust_id left join employee e1_0 on e1_0.emp_id=o2_0.employee_id where (p1_0.price_date_time,p1_0.product_id) in ((?,?))
Hibernate: select p1_0.price_date_time,p1_0.product_id,p2_0.product_id,p2_0.description,p2_0.manufacturer_name,p2_0.name,p2_0.status,p2_0.unit,o1_0.product_id,o1_0.order_id,o2_0.order_id,c1_0.cust_id,c1_0.address,c1_0.email,c1_0.cust_name,c1_0.phone,o2_0.employee_id,e1_0.emp_id,e1_0.address,e1_0.dob,e1_0.email,e1_0.full_name,e1_0.phone,e1_0.status,o2_0.order_date,o1_0.note,o1_0.price,o1_0.quantity,p1_0.note,p1_0.price from product_price p1_0 join product p2_0 on p2_0.product_id=p1_0.product_id left join order_detail o1_0 on p2_0.product_id=o1_0.product_id left join orders o2_0 on o2_0.order_id=o1_0.order_id left join customer c1_0 on c1_0.cust_id=o2_0.cust_id left join employee e1_0 on e1_0.emp_id=o2_0.employee_id where (p1_0.price_date_time,p1_0.product_id) in ((?,?))
Hibernate: insert into product_price (note,price,price_date_time,product_id) values (?,?,?,?)
Hibernate: insert into product_price (note,price,price_date_time,product_id) values (?,?,?,?)
Hibernate: insert into product_price (note,price,price_date_time,product_id) values (?,?,?,?)
Hibernate: insert into product (description,manufacturer_name,name,status,unit,product_id) values (?,?,?,?,?,default)
Hibernate: select p1_0.product_id,p1_0.description,p1_0.manufacturer_name,p1_0.name,p1_0.status,p1_0.unit,o1_0.product_id,o1_0.order_id,o2_0.order_id,c1_0.cust_id,c1_0.address,c1_0.email,c1_0.cust_name,c1_0.phone,o2_0.employee_id,e1_0.emp_id,e1_0.address,e1_0.dob,e1_0.email,e1_0.full_name,e1_0.phone,e1_0.status,o2_0.order_date,o1_0.note,o1_0.price,o1_0.quantity from product p1_0 left join order_detail o1_0 on p1_0.product_id=o1_0.product_id left join orders o2_0 on o2_0.order_id=o1_0.order_id left join customer c1_0 on c1_0.cust_id=o2_0.cust_id left join employee e1_0 on e1_0.emp_id=o2_0.employee_id where p1_0.product_id=?
Hibernate: select p1_0.product_id,p1_0.price_date_time,p1_0.note,p1_0.price from product_price p1_0 where p1_0.product_id=?
Hibernate: select p1_0.product_id,p1_0.image_id,p1_0.alternative,p1_0.path from product_image p1_0 where p1_0.product_id=?
Hibernate: insert into product_image (alternative,path,product_id,image_id) values (?,?,?,default)
Hibernate: select p1_0.price_date_time,p1_0.product_id,p2_0.product_id,p2_0.description,p2_0.manufacturer_name,p2_0.name,p2_0.status,p2_0.unit,o1_0.product_id,o1_0.order_id,o2_0.order_id,c1_0.cust_id,c1_0.address,c1_0.email,c1_0.cust_name,c1_0.phone,o2_0.employee_id,e1_0.emp_id,e1_0.address,e1_0.dob,e1_0.email,e1_0.full_name,e1_0.phone,e1_0.status,o2_0.order_date,o1_0.note,o1_0.price,o1_0.quantity,p1_0.note,p1_0.price from product_price p1_0 join product p2_0 on p2_0.product_id=p1_0.product_id left join order_detail o1_0 on p2_0.product_id=o1_0.product_id left join orders o2_0 on o2_0.order_id=o1_0.order_id left join customer c1_0 on c1_0.cust_id=o2_0.cust_id left join employee e1_0 on e1_0.emp_id=o2_0.employee_id where (p1_0.price_date_time,p1_0.product_id) in ((?,?))
Hibernate: select p1_0.price_date_time,p1_0.product_id,p2_0.product_id,p2_0.description,p2_0.manufacturer_name,p2_0.name,p2_0.status,p2_0.unit,o1_0.product_id,o1_0.order_id,o2_0.order_id,c1_0.cust_id,c1_0.address,c1_0.email,c1_0.cust_name,c1_0.phone,o2_0.employee_id,e1_0.emp_id,e1_0.address,e1_0.dob,e1_0.email,e1_0.full_name,e1_0.phone,e1_0.status,o2_0.order_date,o1_0.note,o1_0.price,o1_0.quantity,p1_0.note,p1_0.price from product_price p1_0 join product p2_0 on p2_0.product_id=p1_0.product_id left join order_detail o1_0 on p2_0.product_id=o1_0.product_id left join orders o2_0 on o2_0.order_id=o1_0.order_id left join customer c1_0 on c1_0.cust_id=o2_0.cust_id left join employee e1_0 on e1_0.emp_id=o2_0.employee_id where (p1_0.price_date_time,p1_0.product_id) in ((?,?))
Hibernate: select p1_0.price_date_time,p1_0.product_id,p2_0.product_id,p2_0.description,p2_0.manufacturer_name,p2_0.name,p2_0.status,p2_0.unit,o1_0.product_id,o1_0.order_id,o2_0.order_id,c1_0.cust_id,c1_0.address,c1_0.email,c1_0.cust_name,c1_0.phone,o2_0.employee_id,e1_0.emp_id,e1_0.address,e1_0.dob,e1_0.email,e1_0.full_name,e1_0.phone,e1_0.status,o2_0.order_date,o1_0.note,o1_0.price,o1_0.quantity,p1_0.note,p1_0.price from product_price p1_0 join product p2_0 on p2_0.product_id=p1_0.product_id left join order_detail o1_0 on p2_0.product_id=o1_0.product_id left join orders o2_0 on o2_0.order_id=o1_0.order_id left join customer c1_0 on c1_0.cust_id=o2_0.cust_id left join employee e1_0 on e1_0.emp_id=o2_0.employee_id where (p1_0.price_date_time,p1_0.product_id) in ((?,?))
Hibernate: insert into product_price (note,price,price_date_time,product_id) values (?,?,?,?)
Hibernate: insert into product_price (note,price,price_date_time,product_id) values (?,?,?,?)
Hibernate: insert into product_price (note,price,price_date_time,product_id) values (?,?,?,?)
Hibernate: insert into product (description,manufacturer_name,name,status,unit,product_id) values (?,?,?,?,?,default)
Hibernate: select p1_0.product_id,p1_0.description,p1_0.manufacturer_name,p1_0.name,p1_0.status,p1_0.unit,o1_0.product_id,o1_0.order_id,o2_0.order_id,c1_0.cust_id,c1_0.address,c1_0.email,c1_0.cust_name,c1_0.phone,o2_0.employee_id,e1_0.emp_id,e1_0.address,e1_0.dob,e1_0.email,e1_0.full_name,e1_0.phone,e1_0.status,o2_0.order_date,o1_0.note,o1_0.price,o1_0.quantity from product p1_0 left join order_detail o1_0 on p1_0.product_id=o1_0.product_id left join orders o2_0 on o2_0.order_id=o1_0.order_id left join customer c1_0 on c1_0.cust_id=o2_0.cust_id left join employee e1_0 on e1_0.emp_id=o2_0.employee_id where p1_0.product_id=?
Hibernate: select p1_0.product_id,p1_0.price_date_time,p1_0.note,p1_0.price from product_price p1_0 where p1_0.product_id=?
Hibernate: select p1_0.product_id,p1_0.image_id,p1_0.alternative,p1_0.path from product_image p1_0 where p1_0.product_id=?
Hibernate: insert into product_image (alternative,path,product_id,image_id) values (?,?,?,default)
Hibernate: select p1_0.price_date_time,p1_0.product_id,p2_0.product_id,p2_0.description,p2_0.manufacturer_name,p2_0.name,p2_0.status,p2_0.unit,o1_0.product_id,o1_0.order_id,o2_0.order_id,c1_0.cust_id,c1_0.address,c1_0.email,c1_0.cust_name,c1_0.phone,o2_0.employee_id,e1_0.emp_id,e1_0.address,e1_0.dob,e1_0.email,e1_0.full_name,e1_0.phone,e1_0.status,o2_0.order_date,o1_0.note,o1_0.price,o1_0.quantity,p1_0.note,p1_0.price from product_price p1_0 join product p2_0 on p2_0.product_id=p1_0.product_id left join order_detail o1_0 on p2_0.product_id=o1_0.product_id left join orders o2_0 on o2_0.order_id=o1_0.order_id left join customer c1_0 on c1_0.cust_id=o2_0.cust_id left join employee e1_0 on e1_0.emp_id=o2_0.employee_id where (p1_0.price_date_time,p1_0.product_id) in ((?,?))
Hibernate: select p1_0.price_date_time,p1_0.product_id,p2_0.product_id,p2_0.description,p2_0.manufacturer_name,p2_0.name,p2_0.status,p2_0.unit,o1_0.product_id,o1_0.order_id,o2_0.order_id,c1_0.cust_id,c1_0.address,c1_0.email,c1_0.cust_name,c1_0.phone,o2_0.employee_id,e1_0.emp_id,e1_0.address,e1_0.dob,e1_0.email,e1_0.full_name,e1_0.phone,e1_0.status,o2_0.order_date,o1_0.note,o1_0.price,o1_0.quantity,p1_0.note,p1_0.price from product_price p1_0 join product p2_0 on p2_0.product_id=p1_0.product_id left join order_detail o1_0 on p2_0.product_id=o1_0.product_id left join orders o2_0 on o2_0.order_id=o1_0.order_id left join customer c1_0 on c1_0.cust_id=o2_0.cust_id left join employee e1_0 on e1_0.emp_id=o2_0.employee_id where (p1_0.price_date_time,p1_0.product_id) in ((?,?))
Hibernate: select p1_0.price_date_time,p1_0.product_id,p2_0.product_id,p2_0.description,p2_0.manufacturer_name,p2_0.name,p2_0.status,p2_0.unit,o1_0.product_id,o1_0.order_id,o2_0.order_id,c1_0.cust_id,c1_0.address,c1_0.email,c1_0.cust_name,c1_0.phone,o2_0.employee_id,e1_0.emp_id,e1_0.address,e1_0.dob,e1_0.email,e1_0.full_name,e1_0.phone,e1_0.status,o2_0.order_date,o1_0.note,o1_0.price,o1_0.quantity,p1_0.note,p1_0.price from product_price p1_0 join product p2_0 on p2_0.product_id=p1_0.product_id left join order_detail o1_0 on p2_0.product_id=o1_0.product_id left join orders o2_0 on o2_0.order_id=o1_0.order_id left join customer c1_0 on c1_0.cust_id=o2_0.cust_id left join employee e1_0 on e1_0.emp_id=o2_0.employee_id where (p1_0.price_date_time,p1_0.product_id) in ((?,?))
Hibernate: insert into product_price (note,price,price_date_time,product_id) values (?,?,?,?)
Hibernate: insert into product_price (note,price,price_date_time,product_id) values (?,?,?,?)
Hibernate: insert into product_price (note,price,price_date_time,product_id) values (?,?,?,?)
Hibernate: insert into product (description,manufacturer_name,name,status,unit,product_id) values (?,?,?,?,?,default)
Hibernate: select p1_0.product_id,p1_0.description,p1_0.manufacturer_name,p1_0.name,p1_0.status,p1_0.unit,o1_0.product_id,o1_0.order_id,o2_0.order_id,c1_0.cust_id,c1_0.address,c1_0.email,c1_0.cust_name,c1_0.phone,o2_0.employee_id,e1_0.emp_id,e1_0.address,e1_0.dob,e1_0.email,e1_0.full_name,e1_0.phone,e1_0.status,o2_0.order_date,o1_0.note,o1_0.price,o1_0.quantity from product p1_0 left join order_detail o1_0 on p1_0.product_id=o1_0.product_id left join orders o2_0 on o2_0.order_id=o1_0.order_id left join customer c1_0 on c1_0.cust_id=o2_0.cust_id left join employee e1_0 on e1_0.emp_id=o2_0.employee_id where p1_0.product_id=?
Hibernate: select p1_0.product_id,p1_0.price_date_time,p1_0.note,p1_0.price from product_price p1_0 where p1_0.product_id=?
Hibernate: select p1_0.product_id,p1_0.image_id,p1_0.alternative,p1_0.path from product_image p1_0 where p1_0.product_id=?
Hibernate: insert into product_image (alternative,path,product_id,image_id) values (?,?,?,default)
Hibernate: select p1_0.price_date_time,p1_0.product_id,p2_0.product_id,p2_0.description,p2_0.manufacturer_name,p2_0.name,p2_0.status,p2_0.unit,o1_0.product_id,o1_0.order_id,o2_0.order_id,c1_0.cust_id,c1_0.address,c1_0.email,c1_0.cust_name,c1_0.phone,o2_0.employee_id,e1_0.emp_id,e1_0.address,e1_0.dob,e1_0.email,e1_0.full_name,e1_0.phone,e1_0.status,o2_0.order_date,o1_0.note,o1_0.price,o1_0.quantity,p1_0.note,p1_0.price from product_price p1_0 join product p2_0 on p2_0.product_id=p1_0.product_id left join order_detail o1_0 on p2_0.product_id=o1_0.product_id left join orders o2_0 on o2_0.order_id=o1_0.order_id left join customer c1_0 on c1_0.cust_id=o2_0.cust_id left join employee e1_0 on e1_0.emp_id=o2_0.employee_id where (p1_0.price_date_time,p1_0.product_id) in ((?,?))
Hibernate: select p1_0.price_date_time,p1_0.product_id,p2_0.product_id,p2_0.description,p2_0.manufacturer_name,p2_0.name,p2_0.status,p2_0.unit,o1_0.product_id,o1_0.order_id,o2_0.order_id,c1_0.cust_id,c1_0.address,c1_0.email,c1_0.cust_name,c1_0.phone,o2_0.employee_id,e1_0.emp_id,e1_0.address,e1_0.dob,e1_0.email,e1_0.full_name,e1_0.phone,e1_0.status,o2_0.order_date,o1_0.note,o1_0.price,o1_0.quantity,p1_0.note,p1_0.price from product_price p1_0 join product p2_0 on p2_0.product_id=p1_0.product_id left join order_detail o1_0 on p2_0.product_id=o1_0.product_id left join orders o2_0 on o2_0.order_id=o1_0.order_id left join customer c1_0 on c1_0.cust_id=o2_0.cust_id left join employee e1_0 on e1_0.emp_id=o2_0.employee_id where (p1_0.price_date_time,p1_0.product_id) in ((?,?))
Hibernate: select p1_0.price_date_time,p1_0.product_id,p2_0.product_id,p2_0.description,p2_0.manufacturer_name,p2_0.name,p2_0.status,p2_0.unit,o1_0.product_id,o1_0.order_id,o2_0.order_id,c1_0.cust_id,c1_0.address,c1_0.email,c1_0.cust_name,c1_0.phone,o2_0.employee_id,e1_0.emp_id,e1_0.address,e1_0.dob,e1_0.email,e1_0.full_name,e1_0.phone,e1_0.status,o2_0.order_date,o1_0.note,o1_0.price,o1_0.quantity,p1_0.note,p1_0.price from product_price p1_0 join product p2_0 on p2_0.product_id=p1_0.product_id left join order_detail o1_0 on p2_0.product_id=o1_0.product_id left join orders o2_0 on o2_0.order_id=o1_0.order_id left join customer c1_0 on c1_0.cust_id=o2_0.cust_id left join employee e1_0 on e1_0.emp_id=o2_0.employee_id where (p1_0.price_date_time,p1_0.product_id) in ((?,?))
Hibernate: insert into product_price (note,price,price_date_time,product_id) values (?,?,?,?)
Hibernate: insert into product_price (note,price,price_date_time,product_id) values (?,?,?,?)
Hibernate: insert into product_price (note,price,price_date_time,product_id) values (?,?,?,?)
Hibernate: insert into product (description,manufacturer_name,name,status,unit,product_id) values (?,?,?,?,?,default)
Hibernate: select p1_0.product_id,p1_0.description,p1_0.manufacturer_name,p1_0.name,p1_0.status,p1_0.unit,o1_0.product_id,o1_0.order_id,o2_0.order_id,c1_0.cust_id,c1_0.address,c1_0.email,c1_0.cust_name,c1_0.phone,o2_0.employee_id,e1_0.emp_id,e1_0.address,e1_0.dob,e1_0.email,e1_0.full_name,e1_0.phone,e1_0.status,o2_0.order_date,o1_0.note,o1_0.price,o1_0.quantity from product p1_0 left join order_detail o1_0 on p1_0.product_id=o1_0.product_id left join orders o2_0 on o2_0.order_id=o1_0.order_id left join customer c1_0 on c1_0.cust_id=o2_0.cust_id left join employee e1_0 on e1_0.emp_id=o2_0.employee_id where p1_0.product_id=?
Hibernate: select p1_0.product_id,p1_0.price_date_time,p1_0.note,p1_0.price from product_price p1_0 where p1_0.product_id=?
Hibernate: select p1_0.product_id,p1_0.image_id,p1_0.alternative,p1_0.path from product_image p1_0 where p1_0.product_id=?
Hibernate: insert into product_image (alternative,path,product_id,image_id) values (?,?,?,default)
Hibernate: select p1_0.price_date_time,p1_0.product_id,p2_0.product_id,p2_0.description,p2_0.manufacturer_name,p2_0.name,p2_0.status,p2_0.unit,o1_0.product_id,o1_0.order_id,o2_0.order_id,c1_0.cust_id,c1_0.address,c1_0.email,c1_0.cust_name,c1_0.phone,o2_0.employee_id,e1_0.emp_id,e1_0.address,e1_0.dob,e1_0.email,e1_0.full_name,e1_0.phone,e1_0.status,o2_0.order_date,o1_0.note,o1_0.price,o1_0.quantity,p1_0.note,p1_0.price from product_price p1_0 join product p2_0 on p2_0.product_id=p1_0.product_id left join order_detail o1_0 on p2_0.product_id=o1_0.product_id left join orders o2_0 on o2_0.order_id=o1_0.order_id left join customer c1_0 on c1_0.cust_id=o2_0.cust_id left join employee e1_0 on e1_0.emp_id=o2_0.employee_id where (p1_0.price_date_time,p1_0.product_id) in ((?,?))
Hibernate: select p1_0.price_date_time,p1_0.product_id,p2_0.product_id,p2_0.description,p2_0.manufacturer_name,p2_0.name,p2_0.status,p2_0.unit,o1_0.product_id,o1_0.order_id,o2_0.order_id,c1_0.cust_id,c1_0.address,c1_0.email,c1_0.cust_name,c1_0.phone,o2_0.employee_id,e1_0.emp_id,e1_0.address,e1_0.dob,e1_0.email,e1_0.full_name,e1_0.phone,e1_0.status,o2_0.order_date,o1_0.note,o1_0.price,o1_0.quantity,p1_0.note,p1_0.price from product_price p1_0 join product p2_0 on p2_0.product_id=p1_0.product_id left join order_detail o1_0 on p2_0.product_id=o1_0.product_id left join orders o2_0 on o2_0.order_id=o1_0.order_id left join customer c1_0 on c1_0.cust_id=o2_0.cust_id left join employee e1_0 on e1_0.emp_id=o2_0.employee_id where (p1_0.price_date_time,p1_0.product_id) in ((?,?))
Hibernate: select p1_0.price_date_time,p1_0.product_id,p2_0.product_id,p2_0.description,p2_0.manufacturer_name,p2_0.name,p2_0.status,p2_0.unit,o1_0.product_id,o1_0.order_id,o2_0.order_id,c1_0.cust_id,c1_0.address,c1_0.email,c1_0.cust_name,c1_0.phone,o2_0.employee_id,e1_0.emp_id,e1_0.address,e1_0.dob,e1_0.email,e1_0.full_name,e1_0.phone,e1_0.status,o2_0.order_date,o1_0.note,o1_0.price,o1_0.quantity,p1_0.note,p1_0.price from product_price p1_0 join product p2_0 on p2_0.product_id=p1_0.product_id left join order_detail o1_0 on p2_0.product_id=o1_0.product_id left join orders o2_0 on o2_0.order_id=o1_0.order_id left join customer c1_0 on c1_0.cust_id=o2_0.cust_id left join employee e1_0 on e1_0.emp_id=o2_0.employee_id where (p1_0.price_date_time,p1_0.product_id) in ((?,?))
Hibernate: insert into product_price (note,price,price_date_time,product_id) values (?,?,?,?)
Hibernate: insert into product_price (note,price,price_date_time,product_id) values (?,?,?,?)
Hibernate: insert into product_price (note,price,price_date_time,product_id) values (?,?,?,?)
Hibernate: insert into product (description,manufacturer_name,name,status,unit,product_id) values (?,?,?,?,?,default)
Hibernate: select p1_0.product_id,p1_0.description,p1_0.manufacturer_name,p1_0.name,p1_0.status,p1_0.unit,o1_0.product_id,o1_0.order_id,o2_0.order_id,c1_0.cust_id,c1_0.address,c1_0.email,c1_0.cust_name,c1_0.phone,o2_0.employee_id,e1_0.emp_id,e1_0.address,e1_0.dob,e1_0.email,e1_0.full_name,e1_0.phone,e1_0.status,o2_0.order_date,o1_0.note,o1_0.price,o1_0.quantity from product p1_0 left join order_detail o1_0 on p1_0.product_id=o1_0.product_id left join orders o2_0 on o2_0.order_id=o1_0.order_id left join customer c1_0 on c1_0.cust_id=o2_0.cust_id left join employee e1_0 on e1_0.emp_id=o2_0.employee_id where p1_0.product_id=?
Hibernate: select p1_0.product_id,p1_0.price_date_time,p1_0.note,p1_0.price from product_price p1_0 where p1_0.product_id=?
Hibernate: select p1_0.product_id,p1_0.image_id,p1_0.alternative,p1_0.path from product_image p1_0 where p1_0.product_id=?
Hibernate: insert into product_image (alternative,path,product_id,image_id) values (?,?,?,default)
Hibernate: select p1_0.price_date_time,p1_0.product_id,p2_0.product_id,p2_0.description,p2_0.manufacturer_name,p2_0.name,p2_0.status,p2_0.unit,o1_0.product_id,o1_0.order_id,o2_0.order_id,c1_0.cust_id,c1_0.address,c1_0.email,c1_0.cust_name,c1_0.phone,o2_0.employee_id,e1_0.emp_id,e1_0.address,e1_0.dob,e1_0.email,e1_0.full_name,e1_0.phone,e1_0.status,o2_0.order_date,o1_0.note,o1_0.price,o1_0.quantity,p1_0.note,p1_0.price from product_price p1_0 join product p2_0 on p2_0.product_id=p1_0.product_id left join order_detail o1_0 on p2_0.product_id=o1_0.product_id left join orders o2_0 on o2_0.order_id=o1_0.order_id left join customer c1_0 on c1_0.cust_id=o2_0.cust_id left join employee e1_0 on e1_0.emp_id=o2_0.employee_id where (p1_0.price_date_time,p1_0.product_id) in ((?,?))
Hibernate: select p1_0.price_date_time,p1_0.product_id,p2_0.product_id,p2_0.description,p2_0.manufacturer_name,p2_0.name,p2_0.status,p2_0.unit,o1_0.product_id,o1_0.order_id,o2_0.order_id,c1_0.cust_id,c1_0.address,c1_0.email,c1_0.cust_name,c1_0.phone,o2_0.employee_id,e1_0.emp_id,e1_0.address,e1_0.dob,e1_0.email,e1_0.full_name,e1_0.phone,e1_0.status,o2_0.order_date,o1_0.note,o1_0.price,o1_0.quantity,p1_0.note,p1_0.price from product_price p1_0 join product p2_0 on p2_0.product_id=p1_0.product_id left join order_detail o1_0 on p2_0.product_id=o1_0.product_id left join orders o2_0 on o2_0.order_id=o1_0.order_id left join customer c1_0 on c1_0.cust_id=o2_0.cust_id left join employee e1_0 on e1_0.emp_id=o2_0.employee_id where (p1_0.price_date_time,p1_0.product_id) in ((?,?))
Hibernate: select p1_0.price_date_time,p1_0.product_id,p2_0.product_id,p2_0.description,p2_0.manufacturer_name,p2_0.name,p2_0.status,p2_0.unit,o1_0.product_id,o1_0.order_id,o2_0.order_id,c1_0.cust_id,c1_0.address,c1_0.email,c1_0.cust_name,c1_0.phone,o2_0.employee_id,e1_0.emp_id,e1_0.address,e1_0.dob,e1_0.email,e1_0.full_name,e1_0.phone,e1_0.status,o2_0.order_date,o1_0.note,o1_0.price,o1_0.quantity,p1_0.note,p1_0.price from product_price p1_0 join product p2_0 on p2_0.product_id=p1_0.product_id left join order_detail o1_0 on p2_0.product_id=o1_0.product_id left join orders o2_0 on o2_0.order_id=o1_0.order_id left join customer c1_0 on c1_0.cust_id=o2_0.cust_id left join employee e1_0 on e1_0.emp_id=o2_0.employee_id where (p1_0.price_date_time,p1_0.product_id) in ((?,?))
Hibernate: insert into product_price (note,price,price_date_time,product_id) values (?,?,?,?)
Hibernate: insert into product_price (note,price,price_date_time,product_id) values (?,?,?,?)
Hibernate: insert into product_price (note,price,price_date_time,product_id) values (?,?,?,?)
Hibernate: insert into product (description,manufacturer_name,name,status,unit,product_id) values (?,?,?,?,?,default)
Hibernate: select p1_0.product_id,p1_0.description,p1_0.manufacturer_name,p1_0.name,p1_0.status,p1_0.unit,o1_0.product_id,o1_0.order_id,o2_0.order_id,c1_0.cust_id,c1_0.address,c1_0.email,c1_0.cust_name,c1_0.phone,o2_0.employee_id,e1_0.emp_id,e1_0.address,e1_0.dob,e1_0.email,e1_0.full_name,e1_0.phone,e1_0.status,o2_0.order_date,o1_0.note,o1_0.price,o1_0.quantity from product p1_0 left join order_detail o1_0 on p1_0.product_id=o1_0.product_id left join orders o2_0 on o2_0.order_id=o1_0.order_id left join customer c1_0 on c1_0.cust_id=o2_0.cust_id left join employee e1_0 on e1_0.emp_id=o2_0.employee_id where p1_0.product_id=?
Hibernate: select p1_0.product_id,p1_0.price_date_time,p1_0.note,p1_0.price from product_price p1_0 where p1_0.product_id=?
Hibernate: select p1_0.product_id,p1_0.image_id,p1_0.alternative,p1_0.path from product_image p1_0 where p1_0.product_id=?
Hibernate: insert into product_image (alternative,path,product_id,image_id) values (?,?,?,default)
Hibernate: select p1_0.price_date_time,p1_0.product_id,p2_0.product_id,p2_0.description,p2_0.manufacturer_name,p2_0.name,p2_0.status,p2_0.unit,o1_0.product_id,o1_0.order_id,o2_0.order_id,c1_0.cust_id,c1_0.address,c1_0.email,c1_0.cust_name,c1_0.phone,o2_0.employee_id,e1_0.emp_id,e1_0.address,e1_0.dob,e1_0.email,e1_0.full_name,e1_0.phone,e1_0.status,o2_0.order_date,o1_0.note,o1_0.price,o1_0.quantity,p1_0.note,p1_0.price from product_price p1_0 join product p2_0 on p2_0.product_id=p1_0.product_id left join order_detail o1_0 on p2_0.product_id=o1_0.product_id left join orders o2_0 on o2_0.order_id=o1_0.order_id left join customer c1_0 on c1_0.cust_id=o2_0.cust_id left join employee e1_0 on e1_0.emp_id=o2_0.employee_id where (p1_0.price_date_time,p1_0.product_id) in ((?,?))
Hibernate: select p1_0.price_date_time,p1_0.product_id,p2_0.product_id,p2_0.description,p2_0.manufacturer_name,p2_0.name,p2_0.status,p2_0.unit,o1_0.product_id,o1_0.order_id,o2_0.order_id,c1_0.cust_id,c1_0.address,c1_0.email,c1_0.cust_name,c1_0.phone,o2_0.employee_id,e1_0.emp_id,e1_0.address,e1_0.dob,e1_0.email,e1_0.full_name,e1_0.phone,e1_0.status,o2_0.order_date,o1_0.note,o1_0.price,o1_0.quantity,p1_0.note,p1_0.price from product_price p1_0 join product p2_0 on p2_0.product_id=p1_0.product_id left join order_detail o1_0 on p2_0.product_id=o1_0.product_id left join orders o2_0 on o2_0.order_id=o1_0.order_id left join customer c1_0 on c1_0.cust_id=o2_0.cust_id left join employee e1_0 on e1_0.emp_id=o2_0.employee_id where (p1_0.price_date_time,p1_0.product_id) in ((?,?))
Hibernate: select p1_0.price_date_time,p1_0.product_id,p2_0.product_id,p2_0.description,p2_0.manufacturer_name,p2_0.name,p2_0.status,p2_0.unit,o1_0.product_id,o1_0.order_id,o2_0.order_id,c1_0.cust_id,c1_0.address,c1_0.email,c1_0.cust_name,c1_0.phone,o2_0.employee_id,e1_0.emp_id,e1_0.address,e1_0.dob,e1_0.email,e1_0.full_name,e1_0.phone,e1_0.status,o2_0.order_date,o1_0.note,o1_0.price,o1_0.quantity,p1_0.note,p1_0.price from product_price p1_0 join product p2_0 on p2_0.product_id=p1_0.product_id left join order_detail o1_0 on p2_0.product_id=o1_0.product_id left join orders o2_0 on o2_0.order_id=o1_0.order_id left join customer c1_0 on c1_0.cust_id=o2_0.cust_id left join employee e1_0 on e1_0.emp_id=o2_0.employee_id where (p1_0.price_date_time,p1_0.product_id) in ((?,?))
Hibernate: insert into product_price (note,price,price_date_time,product_id) values (?,?,?,?)
Hibernate: insert into product_price (note,price,price_date_time,product_id) values (?,?,?,?)
Hibernate: insert into product_price (note,price,price_date_time,product_id) values (?,?,?,?)
Hibernate: insert into product (description,manufacturer_name,name,status,unit,product_id) values (?,?,?,?,?,default)
Hibernate: select p1_0.product_id,p1_0.description,p1_0.manufacturer_name,p1_0.name,p1_0.status,p1_0.unit,o1_0.product_id,o1_0.order_id,o2_0.order_id,c1_0.cust_id,c1_0.address,c1_0.email,c1_0.cust_name,c1_0.phone,o2_0.employee_id,e1_0.emp_id,e1_0.address,e1_0.dob,e1_0.email,e1_0.full_name,e1_0.phone,e1_0.status,o2_0.order_date,o1_0.note,o1_0.price,o1_0.quantity from product p1_0 left join order_detail o1_0 on p1_0.product_id=o1_0.product_id left join orders o2_0 on o2_0.order_id=o1_0.order_id left join customer c1_0 on c1_0.cust_id=o2_0.cust_id left join employee e1_0 on e1_0.emp_id=o2_0.employee_id where p1_0.product_id=?
Hibernate: select p1_0.product_id,p1_0.price_date_time,p1_0.note,p1_0.price from product_price p1_0 where p1_0.product_id=?
Hibernate: select p1_0.product_id,p1_0.image_id,p1_0.alternative,p1_0.path from product_image p1_0 where p1_0.product_id=?
Hibernate: insert into product_image (alternative,path,product_id,image_id) values (?,?,?,default)
Hibernate: select p1_0.price_date_time,p1_0.product_id,p2_0.product_id,p2_0.description,p2_0.manufacturer_name,p2_0.name,p2_0.status,p2_0.unit,o1_0.product_id,o1_0.order_id,o2_0.order_id,c1_0.cust_id,c1_0.address,c1_0.email,c1_0.cust_name,c1_0.phone,o2_0.employee_id,e1_0.emp_id,e1_0.address,e1_0.dob,e1_0.email,e1_0.full_name,e1_0.phone,e1_0.status,o2_0.order_date,o1_0.note,o1_0.price,o1_0.quantity,p1_0.note,p1_0.price from product_price p1_0 join product p2_0 on p2_0.product_id=p1_0.product_id left join order_detail o1_0 on p2_0.product_id=o1_0.product_id left join orders o2_0 on o2_0.order_id=o1_0.order_id left join customer c1_0 on c1_0.cust_id=o2_0.cust_id left join employee e1_0 on e1_0.emp_id=o2_0.employee_id where (p1_0.price_date_time,p1_0.product_id) in ((?,?))
Hibernate: select p1_0.price_date_time,p1_0.product_id,p2_0.product_id,p2_0.description,p2_0.manufacturer_name,p2_0.name,p2_0.status,p2_0.unit,o1_0.product_id,o1_0.order_id,o2_0.order_id,c1_0.cust_id,c1_0.address,c1_0.email,c1_0.cust_name,c1_0.phone,o2_0.employee_id,e1_0.emp_id,e1_0.address,e1_0.dob,e1_0.email,e1_0.full_name,e1_0.phone,e1_0.status,o2_0.order_date,o1_0.note,o1_0.price,o1_0.quantity,p1_0.note,p1_0.price from product_price p1_0 join product p2_0 on p2_0.product_id=p1_0.product_id left join order_detail o1_0 on p2_0.product_id=o1_0.product_id left join orders o2_0 on o2_0.order_id=o1_0.order_id left join customer c1_0 on c1_0.cust_id=o2_0.cust_id left join employee e1_0 on e1_0.emp_id=o2_0.employee_id where (p1_0.price_date_time,p1_0.product_id) in ((?,?))
Hibernate: select p1_0.price_date_time,p1_0.product_id,p2_0.product_id,p2_0.description,p2_0.manufacturer_name,p2_0.name,p2_0.status,p2_0.unit,o1_0.product_id,o1_0.order_id,o2_0.order_id,c1_0.cust_id,c1_0.address,c1_0.email,c1_0.cust_name,c1_0.phone,o2_0.employee_id,e1_0.emp_id,e1_0.address,e1_0.dob,e1_0.email,e1_0.full_name,e1_0.phone,e1_0.status,o2_0.order_date,o1_0.note,o1_0.price,o1_0.quantity,p1_0.note,p1_0.price from product_price p1_0 join product p2_0 on p2_0.product_id=p1_0.product_id left join order_detail o1_0 on p2_0.product_id=o1_0.product_id left join orders o2_0 on o2_0.order_id=o1_0.order_id left join customer c1_0 on c1_0.cust_id=o2_0.cust_id left join employee e1_0 on e1_0.emp_id=o2_0.employee_id where (p1_0.price_date_time,p1_0.product_id) in ((?,?))
Hibernate: insert into product_price (note,price,price_date_time,product_id) values (?,?,?,?)
Hibernate: insert into product_price (note,price,price_date_time,product_id) values (?,?,?,?)
Hibernate: insert into product_price (note,price,price_date_time,product_id) values (?,?,?,?)
Hibernate: insert into product (description,manufacturer_name,name,status,unit,product_id) values (?,?,?,?,?,default)
Hibernate: select p1_0.product_id,p1_0.description,p1_0.manufacturer_name,p1_0.name,p1_0.status,p1_0.unit,o1_0.product_id,o1_0.order_id,o2_0.order_id,c1_0.cust_id,c1_0.address,c1_0.email,c1_0.cust_name,c1_0.phone,o2_0.employee_id,e1_0.emp_id,e1_0.address,e1_0.dob,e1_0.email,e1_0.full_name,e1_0.phone,e1_0.status,o2_0.order_date,o1_0.note,o1_0.price,o1_0.quantity from product p1_0 left join order_detail o1_0 on p1_0.product_id=o1_0.product_id left join orders o2_0 on o2_0.order_id=o1_0.order_id left join customer c1_0 on c1_0.cust_id=o2_0.cust_id left join employee e1_0 on e1_0.emp_id=o2_0.employee_id where p1_0.product_id=?
Hibernate: select p1_0.product_id,p1_0.price_date_time,p1_0.note,p1_0.price from product_price p1_0 where p1_0.product_id=?
Hibernate: select p1_0.product_id,p1_0.image_id,p1_0.alternative,p1_0.path from product_image p1_0 where p1_0.product_id=?
Hibernate: insert into product_image (alternative,path,product_id,image_id) values (?,?,?,default)
Hibernate: select p1_0.price_date_time,p1_0.product_id,p2_0.product_id,p2_0.description,p2_0.manufacturer_name,p2_0.name,p2_0.status,p2_0.unit,o1_0.product_id,o1_0.order_id,o2_0.order_id,c1_0.cust_id,c1_0.address,c1_0.email,c1_0.cust_name,c1_0.phone,o2_0.employee_id,e1_0.emp_id,e1_0.address,e1_0.dob,e1_0.email,e1_0.full_name,e1_0.phone,e1_0.status,o2_0.order_date,o1_0.note,o1_0.price,o1_0.quantity,p1_0.note,p1_0.price from product_price p1_0 join product p2_0 on p2_0.product_id=p1_0.product_id left join order_detail o1_0 on p2_0.product_id=o1_0.product_id left join orders o2_0 on o2_0.order_id=o1_0.order_id left join customer c1_0 on c1_0.cust_id=o2_0.cust_id left join employee e1_0 on e1_0.emp_id=o2_0.employee_id where (p1_0.price_date_time,p1_0.product_id) in ((?,?))
Hibernate: select p1_0.price_date_time,p1_0.product_id,p2_0.product_id,p2_0.description,p2_0.manufacturer_name,p2_0.name,p2_0.status,p2_0.unit,o1_0.product_id,o1_0.order_id,o2_0.order_id,c1_0.cust_id,c1_0.address,c1_0.email,c1_0.cust_name,c1_0.phone,o2_0.employee_id,e1_0.emp_id,e1_0.address,e1_0.dob,e1_0.email,e1_0.full_name,e1_0.phone,e1_0.status,o2_0.order_date,o1_0.note,o1_0.price,o1_0.quantity,p1_0.note,p1_0.price from product_price p1_0 join product p2_0 on p2_0.product_id=p1_0.product_id left join order_detail o1_0 on p2_0.product_id=o1_0.product_id left join orders o2_0 on o2_0.order_id=o1_0.order_id left join customer c1_0 on c1_0.cust_id=o2_0.cust_id left join employee e1_0 on e1_0.emp_id=o2_0.employee_id where (p1_0.price_date_time,p1_0.product_id) in ((?,?))
Hibernate: select p1_0.price_date_time,p1_0.product_id,p2_0.product_id,p2_0.description,p2_0.manufacturer_name,p2_0.name,p2_0.status,p2_0.unit,o1_0.product_id,o1_0.order_id,o2_0.order_id,c1_0.cust_id,c1_0.address,c1_0.email,c1_0.cust_name,c1_0.phone,o2_0.employee_id,e1_0.emp_id,e1_0.address,e1_0.dob,e1_0.email,e1_0.full_name,e1_0.phone,e1_0.status,o2_0.order_date,o1_0.note,o1_0.price,o1_0.quantity,p1_0.note,p1_0.price from product_price p1_0 join product p2_0 on p2_0.product_id=p1_0.product_id left join order_detail o1_0 on p2_0.product_id=o1_0.product_id left join orders o2_0 on o2_0.order_id=o1_0.order_id left join customer c1_0 on c1_0.cust_id=o2_0.cust_id left join employee e1_0 on e1_0.emp_id=o2_0.employee_id where (p1_0.price_date_time,p1_0.product_id) in ((?,?))
Hibernate: insert into product_price (note,price,price_date_time,product_id) values (?,?,?,?)
Hibernate: insert into product_price (note,price,price_date_time,product_id) values (?,?,?,?)
Hibernate: insert into product_price (note,price,price_date_time,product_id) values (?,?,?,?)
Hibernate: insert into product (description,manufacturer_name,name,status,unit,product_id) values (?,?,?,?,?,default)
Hibernate: select p1_0.product_id,p1_0.description,p1_0.manufacturer_name,p1_0.name,p1_0.status,p1_0.unit,o1_0.product_id,o1_0.order_id,o2_0.order_id,c1_0.cust_id,c1_0.address,c1_0.email,c1_0.cust_name,c1_0.phone,o2_0.employee_id,e1_0.emp_id,e1_0.address,e1_0.dob,e1_0.email,e1_0.full_name,e1_0.phone,e1_0.status,o2_0.order_date,o1_0.note,o1_0.price,o1_0.quantity from product p1_0 left join order_detail o1_0 on p1_0.product_id=o1_0.product_id left join orders o2_0 on o2_0.order_id=o1_0.order_id left join customer c1_0 on c1_0.cust_id=o2_0.cust_id left join employee e1_0 on e1_0.emp_id=o2_0.employee_id where p1_0.product_id=?
Hibernate: select p1_0.product_id,p1_0.price_date_time,p1_0.note,p1_0.price from product_price p1_0 where p1_0.product_id=?
Hibernate: select p1_0.product_id,p1_0.image_id,p1_0.alternative,p1_0.path from product_image p1_0 where p1_0.product_id=?
Hibernate: insert into product_image (alternative,path,product_id,image_id) values (?,?,?,default)
Hibernate: select p1_0.price_date_time,p1_0.product_id,p2_0.product_id,p2_0.description,p2_0.manufacturer_name,p2_0.name,p2_0.status,p2_0.unit,o1_0.product_id,o1_0.order_id,o2_0.order_id,c1_0.cust_id,c1_0.address,c1_0.email,c1_0.cust_name,c1_0.phone,o2_0.employee_id,e1_0.emp_id,e1_0.address,e1_0.dob,e1_0.email,e1_0.full_name,e1_0.phone,e1_0.status,o2_0.order_date,o1_0.note,o1_0.price,o1_0.quantity,p1_0.note,p1_0.price from product_price p1_0 join product p2_0 on p2_0.product_id=p1_0.product_id left join order_detail o1_0 on p2_0.product_id=o1_0.product_id left join orders o2_0 on o2_0.order_id=o1_0.order_id left join customer c1_0 on c1_0.cust_id=o2_0.cust_id left join employee e1_0 on e1_0.emp_id=o2_0.employee_id where (p1_0.price_date_time,p1_0.product_id) in ((?,?))
Hibernate: select p1_0.price_date_time,p1_0.product_id,p2_0.product_id,p2_0.description,p2_0.manufacturer_name,p2_0.name,p2_0.status,p2_0.unit,o1_0.product_id,o1_0.order_id,o2_0.order_id,c1_0.cust_id,c1_0.address,c1_0.email,c1_0.cust_name,c1_0.phone,o2_0.employee_id,e1_0.emp_id,e1_0.address,e1_0.dob,e1_0.email,e1_0.full_name,e1_0.phone,e1_0.status,o2_0.order_date,o1_0.note,o1_0.price,o1_0.quantity,p1_0.note,p1_0.price from product_price p1_0 join product p2_0 on p2_0.product_id=p1_0.product_id left join order_detail o1_0 on p2_0.product_id=o1_0.product_id left join orders o2_0 on o2_0.order_id=o1_0.order_id left join customer c1_0 on c1_0.cust_id=o2_0.cust_id left join employee e1_0 on e1_0.emp_id=o2_0.employee_id where (p1_0.price_date_time,p1_0.product_id) in ((?,?))
Hibernate: select p1_0.price_date_time,p1_0.product_id,p2_0.product_id,p2_0.description,p2_0.manufacturer_name,p2_0.name,p2_0.status,p2_0.unit,o1_0.product_id,o1_0.order_id,o2_0.order_id,c1_0.cust_id,c1_0.address,c1_0.email,c1_0.cust_name,c1_0.phone,o2_0.employee_id,e1_0.emp_id,e1_0.address,e1_0.dob,e1_0.email,e1_0.full_name,e1_0.phone,e1_0.status,o2_0.order_date,o1_0.note,o1_0.price,o1_0.quantity,p1_0.note,p1_0.price from product_price p1_0 join product p2_0 on p2_0.product_id=p1_0.product_id left join order_detail o1_0 on p2_0.product_id=o1_0.product_id left join orders o2_0 on o2_0.order_id=o1_0.order_id left join customer c1_0 on c1_0.cust_id=o2_0.cust_id left join employee e1_0 on e1_0.emp_id=o2_0.employee_id where (p1_0.price_date_time,p1_0.product_id) in ((?,?))
Hibernate: insert into product_price (note,price,price_date_time,product_id) values (?,?,?,?)
Hibernate: insert into product_price (note,price,price_date_time,product_id) values (?,?,?,?)
Hibernate: insert into product_price (note,price,price_date_time,product_id) values (?,?,?,?)
Hibernate: insert into product (description,manufacturer_name,name,status,unit,product_id) values (?,?,?,?,?,default)
Hibernate: select p1_0.product_id,p1_0.description,p1_0.manufacturer_name,p1_0.name,p1_0.status,p1_0.unit,o1_0.product_id,o1_0.order_id,o2_0.order_id,c1_0.cust_id,c1_0.address,c1_0.email,c1_0.cust_name,c1_0.phone,o2_0.employee_id,e1_0.emp_id,e1_0.address,e1_0.dob,e1_0.email,e1_0.full_name,e1_0.phone,e1_0.status,o2_0.order_date,o1_0.note,o1_0.price,o1_0.quantity from product p1_0 left join order_detail o1_0 on p1_0.product_id=o1_0.product_id left join orders o2_0 on o2_0.order_id=o1_0.order_id left join customer c1_0 on c1_0.cust_id=o2_0.cust_id left join employee e1_0 on e1_0.emp_id=o2_0.employee_id where p1_0.product_id=?
Hibernate: select p1_0.product_id,p1_0.price_date_time,p1_0.note,p1_0.price from product_price p1_0 where p1_0.product_id=?
Hibernate: select p1_0.product_id,p1_0.image_id,p1_0.alternative,p1_0.path from product_image p1_0 where p1_0.product_id=?
Hibernate: insert into product_image (alternative,path,product_id,image_id) values (?,?,?,default)
Hibernate: select p1_0.price_date_time,p1_0.product_id,p2_0.product_id,p2_0.description,p2_0.manufacturer_name,p2_0.name,p2_0.status,p2_0.unit,o1_0.product_id,o1_0.order_id,o2_0.order_id,c1_0.cust_id,c1_0.address,c1_0.email,c1_0.cust_name,c1_0.phone,o2_0.employee_id,e1_0.emp_id,e1_0.address,e1_0.dob,e1_0.email,e1_0.full_name,e1_0.phone,e1_0.status,o2_0.order_date,o1_0.note,o1_0.price,o1_0.quantity,p1_0.note,p1_0.price from product_price p1_0 join product p2_0 on p2_0.product_id=p1_0.product_id left join order_detail o1_0 on p2_0.product_id=o1_0.product_id left join orders o2_0 on o2_0.order_id=o1_0.order_id left join customer c1_0 on c1_0.cust_id=o2_0.cust_id left join employee e1_0 on e1_0.emp_id=o2_0.employee_id where (p1_0.price_date_time,p1_0.product_id) in ((?,?))
Hibernate: select p1_0.price_date_time,p1_0.product_id,p2_0.product_id,p2_0.description,p2_0.manufacturer_name,p2_0.name,p2_0.status,p2_0.unit,o1_0.product_id,o1_0.order_id,o2_0.order_id,c1_0.cust_id,c1_0.address,c1_0.email,c1_0.cust_name,c1_0.phone,o2_0.employee_id,e1_0.emp_id,e1_0.address,e1_0.dob,e1_0.email,e1_0.full_name,e1_0.phone,e1_0.status,o2_0.order_date,o1_0.note,o1_0.price,o1_0.quantity,p1_0.note,p1_0.price from product_price p1_0 join product p2_0 on p2_0.product_id=p1_0.product_id left join order_detail o1_0 on p2_0.product_id=o1_0.product_id left join orders o2_0 on o2_0.order_id=o1_0.order_id left join customer c1_0 on c1_0.cust_id=o2_0.cust_id left join employee e1_0 on e1_0.emp_id=o2_0.employee_id where (p1_0.price_date_time,p1_0.product_id) in ((?,?))
Hibernate: select p1_0.price_date_time,p1_0.product_id,p2_0.product_id,p2_0.description,p2_0.manufacturer_name,p2_0.name,p2_0.status,p2_0.unit,o1_0.product_id,o1_0.order_id,o2_0.order_id,c1_0.cust_id,c1_0.address,c1_0.email,c1_0.cust_name,c1_0.phone,o2_0.employee_id,e1_0.emp_id,e1_0.address,e1_0.dob,e1_0.email,e1_0.full_name,e1_0.phone,e1_0.status,o2_0.order_date,o1_0.note,o1_0.price,o1_0.quantity,p1_0.note,p1_0.price from product_price p1_0 join product p2_0 on p2_0.product_id=p1_0.product_id left join order_detail o1_0 on p2_0.product_id=o1_0.product_id left join orders o2_0 on o2_0.order_id=o1_0.order_id left join customer c1_0 on c1_0.cust_id=o2_0.cust_id left join employee e1_0 on e1_0.emp_id=o2_0.employee_id where (p1_0.price_date_time,p1_0.product_id) in ((?,?))
Hibernate: insert into product_price (note,price,price_date_time,product_id) values (?,?,?,?)
Hibernate: insert into product_price (note,price,price_date_time,product_id) values (?,?,?,?)
Hibernate: insert into product_price (note,price,price_date_time,product_id) values (?,?,?,?)
Hibernate: insert into product (description,manufacturer_name,name,status,unit,product_id) values (?,?,?,?,?,default)
Hibernate: select p1_0.product_id,p1_0.description,p1_0.manufacturer_name,p1_0.name,p1_0.status,p1_0.unit,o1_0.product_id,o1_0.order_id,o2_0.order_id,c1_0.cust_id,c1_0.address,c1_0.email,c1_0.cust_name,c1_0.phone,o2_0.employee_id,e1_0.emp_id,e1_0.address,e1_0.dob,e1_0.email,e1_0.full_name,e1_0.phone,e1_0.status,o2_0.order_date,o1_0.note,o1_0.price,o1_0.quantity from product p1_0 left join order_detail o1_0 on p1_0.product_id=o1_0.product_id left join orders o2_0 on o2_0.order_id=o1_0.order_id left join customer c1_0 on c1_0.cust_id=o2_0.cust_id left join employee e1_0 on e1_0.emp_id=o2_0.employee_id where p1_0.product_id=?
Hibernate: select p1_0.product_id,p1_0.price_date_time,p1_0.note,p1_0.price from product_price p1_0 where p1_0.product_id=?
Hibernate: select p1_0.product_id,p1_0.image_id,p1_0.alternative,p1_0.path from product_image p1_0 where p1_0.product_id=?
Hibernate: insert into product_image (alternative,path,product_id,image_id) values (?,?,?,default)
Hibernate: select p1_0.price_date_time,p1_0.product_id,p2_0.product_id,p2_0.description,p2_0.manufacturer_name,p2_0.name,p2_0.status,p2_0.unit,o1_0.product_id,o1_0.order_id,o2_0.order_id,c1_0.cust_id,c1_0.address,c1_0.email,c1_0.cust_name,c1_0.phone,o2_0.employee_id,e1_0.emp_id,e1_0.address,e1_0.dob,e1_0.email,e1_0.full_name,e1_0.phone,e1_0.status,o2_0.order_date,o1_0.note,o1_0.price,o1_0.quantity,p1_0.note,p1_0.price from product_price p1_0 join product p2_0 on p2_0.product_id=p1_0.product_id left join order_detail o1_0 on p2_0.product_id=o1_0.product_id left join orders o2_0 on o2_0.order_id=o1_0.order_id left join customer c1_0 on c1_0.cust_id=o2_0.cust_id left join employee e1_0 on e1_0.emp_id=o2_0.employee_id where (p1_0.price_date_time,p1_0.product_id) in ((?,?))
Hibernate: select p1_0.price_date_time,p1_0.product_id,p2_0.product_id,p2_0.description,p2_0.manufacturer_name,p2_0.name,p2_0.status,p2_0.unit,o1_0.product_id,o1_0.order_id,o2_0.order_id,c1_0.cust_id,c1_0.address,c1_0.email,c1_0.cust_name,c1_0.phone,o2_0.employee_id,e1_0.emp_id,e1_0.address,e1_0.dob,e1_0.email,e1_0.full_name,e1_0.phone,e1_0.status,o2_0.order_date,o1_0.note,o1_0.price,o1_0.quantity,p1_0.note,p1_0.price from product_price p1_0 join product p2_0 on p2_0.product_id=p1_0.product_id left join order_detail o1_0 on p2_0.product_id=o1_0.product_id left join orders o2_0 on o2_0.order_id=o1_0.order_id left join customer c1_0 on c1_0.cust_id=o2_0.cust_id left join employee e1_0 on e1_0.emp_id=o2_0.employee_id where (p1_0.price_date_time,p1_0.product_id) in ((?,?))
Hibernate: select p1_0.price_date_time,p1_0.product_id,p2_0.product_id,p2_0.description,p2_0.manufacturer_name,p2_0.name,p2_0.status,p2_0.unit,o1_0.product_id,o1_0.order_id,o2_0.order_id,c1_0.cust_id,c1_0.address,c1_0.email,c1_0.cust_name,c1_0.phone,o2_0.employee_id,e1_0.emp_id,e1_0.address,e1_0.dob,e1_0.email,e1_0.full_name,e1_0.phone,e1_0.status,o2_0.order_date,o1_0.note,o1_0.price,o1_0.quantity,p1_0.note,p1_0.price from product_price p1_0 join product p2_0 on p2_0.product_id=p1_0.product_id left join order_detail o1_0 on p2_0.product_id=o1_0.product_id left join orders o2_0 on o2_0.order_id=o1_0.order_id left join customer c1_0 on c1_0.cust_id=o2_0.cust_id left join employee e1_0 on e1_0.emp_id=o2_0.employee_id where (p1_0.price_date_time,p1_0.product_id) in ((?,?))
Hibernate: insert into product_price (note,price,price_date_time,product_id) values (?,?,?,?)
Hibernate: insert into product_price (note,price,price_date_time,product_id) values (?,?,?,?)
Hibernate: insert into product_price (note,price,price_date_time,product_id) values (?,?,?,?)
Hibernate: insert into product (description,manufacturer_name,name,status,unit,product_id) values (?,?,?,?,?,default)
Hibernate: select p1_0.product_id,p1_0.description,p1_0.manufacturer_name,p1_0.name,p1_0.status,p1_0.unit,o1_0.product_id,o1_0.order_id,o2_0.order_id,c1_0.cust_id,c1_0.address,c1_0.email,c1_0.cust_name,c1_0.phone,o2_0.employee_id,e1_0.emp_id,e1_0.address,e1_0.dob,e1_0.email,e1_0.full_name,e1_0.phone,e1_0.status,o2_0.order_date,o1_0.note,o1_0.price,o1_0.quantity from product p1_0 left join order_detail o1_0 on p1_0.product_id=o1_0.product_id left join orders o2_0 on o2_0.order_id=o1_0.order_id left join customer c1_0 on c1_0.cust_id=o2_0.cust_id left join employee e1_0 on e1_0.emp_id=o2_0.employee_id where p1_0.product_id=?
Hibernate: select p1_0.product_id,p1_0.price_date_time,p1_0.note,p1_0.price from product_price p1_0 where p1_0.product_id=?
Hibernate: select p1_0.product_id,p1_0.image_id,p1_0.alternative,p1_0.path from product_image p1_0 where p1_0.product_id=?
Hibernate: insert into product_image (alternative,path,product_id,image_id) values (?,?,?,default)
Hibernate: select p1_0.price_date_time,p1_0.product_id,p2_0.product_id,p2_0.description,p2_0.manufacturer_name,p2_0.name,p2_0.status,p2_0.unit,o1_0.product_id,o1_0.order_id,o2_0.order_id,c1_0.cust_id,c1_0.address,c1_0.email,c1_0.cust_name,c1_0.phone,o2_0.employee_id,e1_0.emp_id,e1_0.address,e1_0.dob,e1_0.email,e1_0.full_name,e1_0.phone,e1_0.status,o2_0.order_date,o1_0.note,o1_0.price,o1_0.quantity,p1_0.note,p1_0.price from product_price p1_0 join product p2_0 on p2_0.product_id=p1_0.product_id left join order_detail o1_0 on p2_0.product_id=o1_0.product_id left join orders o2_0 on o2_0.order_id=o1_0.order_id left join customer c1_0 on c1_0.cust_id=o2_0.cust_id left join employee e1_0 on e1_0.emp_id=o2_0.employee_id where (p1_0.price_date_time,p1_0.product_id) in ((?,?))
Hibernate: select p1_0.price_date_time,p1_0.product_id,p2_0.product_id,p2_0.description,p2_0.manufacturer_name,p2_0.name,p2_0.status,p2_0.unit,o1_0.product_id,o1_0.order_id,o2_0.order_id,c1_0.cust_id,c1_0.address,c1_0.email,c1_0.cust_name,c1_0.phone,o2_0.employee_id,e1_0.emp_id,e1_0.address,e1_0.dob,e1_0.email,e1_0.full_name,e1_0.phone,e1_0.status,o2_0.order_date,o1_0.note,o1_0.price,o1_0.quantity,p1_0.note,p1_0.price from product_price p1_0 join product p2_0 on p2_0.product_id=p1_0.product_id left join order_detail o1_0 on p2_0.product_id=o1_0.product_id left join orders o2_0 on o2_0.order_id=o1_0.order_id left join customer c1_0 on c1_0.cust_id=o2_0.cust_id left join employee e1_0 on e1_0.emp_id=o2_0.employee_id where (p1_0.price_date_time,p1_0.product_id) in ((?,?))
Hibernate: select p1_0.price_date_time,p1_0.product_id,p2_0.product_id,p2_0.description,p2_0.manufacturer_name,p2_0.name,p2_0.status,p2_0.unit,o1_0.product_id,o1_0.order_id,o2_0.order_id,c1_0.cust_id,c1_0.address,c1_0.email,c1_0.cust_name,c1_0.phone,o2_0.employee_id,e1_0.emp_id,e1_0.address,e1_0.dob,e1_0.email,e1_0.full_name,e1_0.phone,e1_0.status,o2_0.order_date,o1_0.note,o1_0.price,o1_0.quantity,p1_0.note,p1_0.price from product_price p1_0 join product p2_0 on p2_0.product_id=p1_0.product_id left join order_detail o1_0 on p2_0.product_id=o1_0.product_id left join orders o2_0 on o2_0.order_id=o1_0.order_id left join customer c1_0 on c1_0.cust_id=o2_0.cust_id left join employee e1_0 on e1_0.emp_id=o2_0.employee_id where (p1_0.price_date_time,p1_0.product_id) in ((?,?))
Hibernate: insert into product_price (note,price,price_date_time,product_id) values (?,?,?,?)
Hibernate: insert into product_price (note,price,price_date_time,product_id) values (?,?,?,?)
Hibernate: insert into product_price (note,price,price_date_time,product_id) values (?,?,?,?)
Hibernate: insert into product (description,manufacturer_name,name,status,unit,product_id) values (?,?,?,?,?,default)
Hibernate: select p1_0.product_id,p1_0.description,p1_0.manufacturer_name,p1_0.name,p1_0.status,p1_0.unit,o1_0.product_id,o1_0.order_id,o2_0.order_id,c1_0.cust_id,c1_0.address,c1_0.email,c1_0.cust_name,c1_0.phone,o2_0.employee_id,e1_0.emp_id,e1_0.address,e1_0.dob,e1_0.email,e1_0.full_name,e1_0.phone,e1_0.status,o2_0.order_date,o1_0.note,o1_0.price,o1_0.quantity from product p1_0 left join order_detail o1_0 on p1_0.product_id=o1_0.product_id left join orders o2_0 on o2_0.order_id=o1_0.order_id left join customer c1_0 on c1_0.cust_id=o2_0.cust_id left join employee e1_0 on e1_0.emp_id=o2_0.employee_id where p1_0.product_id=?
Hibernate: select p1_0.product_id,p1_0.price_date_time,p1_0.note,p1_0.price from product_price p1_0 where p1_0.product_id=?
Hibernate: select p1_0.product_id,p1_0.image_id,p1_0.alternative,p1_0.path from product_image p1_0 where p1_0.product_id=?
Hibernate: insert into product_image (alternative,path,product_id,image_id) values (?,?,?,default)
Hibernate: select p1_0.price_date_time,p1_0.product_id,p2_0.product_id,p2_0.description,p2_0.manufacturer_name,p2_0.name,p2_0.status,p2_0.unit,o1_0.product_id,o1_0.order_id,o2_0.order_id,c1_0.cust_id,c1_0.address,c1_0.email,c1_0.cust_name,c1_0.phone,o2_0.employee_id,e1_0.emp_id,e1_0.address,e1_0.dob,e1_0.email,e1_0.full_name,e1_0.phone,e1_0.status,o2_0.order_date,o1_0.note,o1_0.price,o1_0.quantity,p1_0.note,p1_0.price from product_price p1_0 join product p2_0 on p2_0.product_id=p1_0.product_id left join order_detail o1_0 on p2_0.product_id=o1_0.product_id left join orders o2_0 on o2_0.order_id=o1_0.order_id left join customer c1_0 on c1_0.cust_id=o2_0.cust_id left join employee e1_0 on e1_0.emp_id=o2_0.employee_id where (p1_0.price_date_time,p1_0.product_id) in ((?,?))
Hibernate: select p1_0.price_date_time,p1_0.product_id,p2_0.product_id,p2_0.description,p2_0.manufacturer_name,p2_0.name,p2_0.status,p2_0.unit,o1_0.product_id,o1_0.order_id,o2_0.order_id,c1_0.cust_id,c1_0.address,c1_0.email,c1_0.cust_name,c1_0.phone,o2_0.employee_id,e1_0.emp_id,e1_0.address,e1_0.dob,e1_0.email,e1_0.full_name,e1_0.phone,e1_0.status,o2_0.order_date,o1_0.note,o1_0.price,o1_0.quantity,p1_0.note,p1_0.price from product_price p1_0 join product p2_0 on p2_0.product_id=p1_0.product_id left join order_detail o1_0 on p2_0.product_id=o1_0.product_id left join orders o2_0 on o2_0.order_id=o1_0.order_id left join customer c1_0 on c1_0.cust_id=o2_0.cust_id left join employee e1_0 on e1_0.emp_id=o2_0.employee_id where (p1_0.price_date_time,p1_0.product_id) in ((?,?))
Hibernate: select p1_0.price_date_time,p1_0.product_id,p2_0.product_id,p2_0.description,p2_0.manufacturer_name,p2_0.name,p2_0.status,p2_0.unit,o1_0.product_id,o1_0.order_id,o2_0.order_id,c1_0.cust_id,c1_0.address,c1_0.email,c1_0.cust_name,c1_0.phone,o2_0.employee_id,e1_0.emp_id,e1_0.address,e1_0.dob,e1_0.email,e1_0.full_name,e1_0.phone,e1_0.status,o2_0.order_date,o1_0.note,o1_0.price,o1_0.quantity,p1_0.note,p1_0.price from product_price p1_0 join product p2_0 on p2_0.product_id=p1_0.product_id left join order_detail o1_0 on p2_0.product_id=o1_0.product_id left join orders o2_0 on o2_0.order_id=o1_0.order_id left join customer c1_0 on c1_0.cust_id=o2_0.cust_id left join employee e1_0 on e1_0.emp_id=o2_0.employee_id where (p1_0.price_date_time,p1_0.product_id) in ((?,?))
Hibernate: insert into product_price (note,price,price_date_time,product_id) values (?,?,?,?)
Hibernate: insert into product_price (note,price,price_date_time,product_id) values (?,?,?,?)
Hibernate: insert into product_price (note,price,price_date_time,product_id) values (?,?,?,?)
Hibernate: insert into product (description,manufacturer_name,name,status,unit,product_id) values (?,?,?,?,?,default)
Hibernate: select p1_0.product_id,p1_0.description,p1_0.manufacturer_name,p1_0.name,p1_0.status,p1_0.unit,o1_0.product_id,o1_0.order_id,o2_0.order_id,c1_0.cust_id,c1_0.address,c1_0.email,c1_0.cust_name,c1_0.phone,o2_0.employee_id,e1_0.emp_id,e1_0.address,e1_0.dob,e1_0.email,e1_0.full_name,e1_0.phone,e1_0.status,o2_0.order_date,o1_0.note,o1_0.price,o1_0.quantity from product p1_0 left join order_detail o1_0 on p1_0.product_id=o1_0.product_id left join orders o2_0 on o2_0.order_id=o1_0.order_id left join customer c1_0 on c1_0.cust_id=o2_0.cust_id left join employee e1_0 on e1_0.emp_id=o2_0.employee_id where p1_0.product_id=?
Hibernate: select p1_0.product_id,p1_0.price_date_time,p1_0.note,p1_0.price from product_price p1_0 where p1_0.product_id=?
Hibernate: select p1_0.product_id,p1_0.image_id,p1_0.alternative,p1_0.path from product_image p1_0 where p1_0.product_id=?
Hibernate: insert into product_image (alternative,path,product_id,image_id) values (?,?,?,default)
Hibernate: select p1_0.price_date_time,p1_0.product_id,p2_0.product_id,p2_0.description,p2_0.manufacturer_name,p2_0.name,p2_0.status,p2_0.unit,o1_0.product_id,o1_0.order_id,o2_0.order_id,c1_0.cust_id,c1_0.address,c1_0.email,c1_0.cust_name,c1_0.phone,o2_0.employee_id,e1_0.emp_id,e1_0.address,e1_0.dob,e1_0.email,e1_0.full_name,e1_0.phone,e1_0.status,o2_0.order_date,o1_0.note,o1_0.price,o1_0.quantity,p1_0.note,p1_0.price from product_price p1_0 join product p2_0 on p2_0.product_id=p1_0.product_id left join order_detail o1_0 on p2_0.product_id=o1_0.product_id left join orders o2_0 on o2_0.order_id=o1_0.order_id left join customer c1_0 on c1_0.cust_id=o2_0.cust_id left join employee e1_0 on e1_0.emp_id=o2_0.employee_id where (p1_0.price_date_time,p1_0.product_id) in ((?,?))
Hibernate: select p1_0.price_date_time,p1_0.product_id,p2_0.product_id,p2_0.description,p2_0.manufacturer_name,p2_0.name,p2_0.status,p2_0.unit,o1_0.product_id,o1_0.order_id,o2_0.order_id,c1_0.cust_id,c1_0.address,c1_0.email,c1_0.cust_name,c1_0.phone,o2_0.employee_id,e1_0.emp_id,e1_0.address,e1_0.dob,e1_0.email,e1_0.full_name,e1_0.phone,e1_0.status,o2_0.order_date,o1_0.note,o1_0.price,o1_0.quantity,p1_0.note,p1_0.price from product_price p1_0 join product p2_0 on p2_0.product_id=p1_0.product_id left join order_detail o1_0 on p2_0.product_id=o1_0.product_id left join orders o2_0 on o2_0.order_id=o1_0.order_id left join customer c1_0 on c1_0.cust_id=o2_0.cust_id left join employee e1_0 on e1_0.emp_id=o2_0.employee_id where (p1_0.price_date_time,p1_0.product_id) in ((?,?))
Hibernate: select p1_0.price_date_time,p1_0.product_id,p2_0.product_id,p2_0.description,p2_0.manufacturer_name,p2_0.name,p2_0.status,p2_0.unit,o1_0.product_id,o1_0.order_id,o2_0.order_id,c1_0.cust_id,c1_0.address,c1_0.email,c1_0.cust_name,c1_0.phone,o2_0.employee_id,e1_0.emp_id,e1_0.address,e1_0.dob,e1_0.email,e1_0.full_name,e1_0.phone,e1_0.status,o2_0.order_date,o1_0.note,o1_0.price,o1_0.quantity,p1_0.note,p1_0.price from product_price p1_0 join product p2_0 on p2_0.product_id=p1_0.product_id left join order_detail o1_0 on p2_0.product_id=o1_0.product_id left join orders o2_0 on o2_0.order_id=o1_0.order_id left join customer c1_0 on c1_0.cust_id=o2_0.cust_id left join employee e1_0 on e1_0.emp_id=o2_0.employee_id where (p1_0.price_date_time,p1_0.product_id) in ((?,?))
Hibernate: insert into product_price (note,price,price_date_time,product_id) values (?,?,?,?)
Hibernate: insert into product_price (note,price,price_date_time,product_id) values (?,?,?,?)
Hibernate: insert into product_price (note,price,price_date_time,product_id) values (?,?,?,?)
Hibernate: insert into product (description,manufacturer_name,name,status,unit,product_id) values (?,?,?,?,?,default)
Hibernate: select p1_0.product_id,p1_0.description,p1_0.manufacturer_name,p1_0.name,p1_0.status,p1_0.unit,o1_0.product_id,o1_0.order_id,o2_0.order_id,c1_0.cust_id,c1_0.address,c1_0.email,c1_0.cust_name,c1_0.phone,o2_0.employee_id,e1_0.emp_id,e1_0.address,e1_0.dob,e1_0.email,e1_0.full_name,e1_0.phone,e1_0.status,o2_0.order_date,o1_0.note,o1_0.price,o1_0.quantity from product p1_0 left join order_detail o1_0 on p1_0.product_id=o1_0.product_id left join orders o2_0 on o2_0.order_id=o1_0.order_id left join customer c1_0 on c1_0.cust_id=o2_0.cust_id left join employee e1_0 on e1_0.emp_id=o2_0.employee_id where p1_0.product_id=?
Hibernate: select p1_0.product_id,p1_0.price_date_time,p1_0.note,p1_0.price from product_price p1_0 where p1_0.product_id=?
Hibernate: select p1_0.product_id,p1_0.image_id,p1_0.alternative,p1_0.path from product_image p1_0 where p1_0.product_id=?
Hibernate: insert into product_image (alternative,path,product_id,image_id) values (?,?,?,default)
Hibernate: select p1_0.price_date_time,p1_0.product_id,p2_0.product_id,p2_0.description,p2_0.manufacturer_name,p2_0.name,p2_0.status,p2_0.unit,o1_0.product_id,o1_0.order_id,o2_0.order_id,c1_0.cust_id,c1_0.address,c1_0.email,c1_0.cust_name,c1_0.phone,o2_0.employee_id,e1_0.emp_id,e1_0.address,e1_0.dob,e1_0.email,e1_0.full_name,e1_0.phone,e1_0.status,o2_0.order_date,o1_0.note,o1_0.price,o1_0.quantity,p1_0.note,p1_0.price from product_price p1_0 join product p2_0 on p2_0.product_id=p1_0.product_id left join order_detail o1_0 on p2_0.product_id=o1_0.product_id left join orders o2_0 on o2_0.order_id=o1_0.order_id left join customer c1_0 on c1_0.cust_id=o2_0.cust_id left join employee e1_0 on e1_0.emp_id=o2_0.employee_id where (p1_0.price_date_time,p1_0.product_id) in ((?,?))
Hibernate: select p1_0.price_date_time,p1_0.product_id,p2_0.product_id,p2_0.description,p2_0.manufacturer_name,p2_0.name,p2_0.status,p2_0.unit,o1_0.product_id,o1_0.order_id,o2_0.order_id,c1_0.cust_id,c1_0.address,c1_0.email,c1_0.cust_name,c1_0.phone,o2_0.employee_id,e1_0.emp_id,e1_0.address,e1_0.dob,e1_0.email,e1_0.full_name,e1_0.phone,e1_0.status,o2_0.order_date,o1_0.note,o1_0.price,o1_0.quantity,p1_0.note,p1_0.price from product_price p1_0 join product p2_0 on p2_0.product_id=p1_0.product_id left join order_detail o1_0 on p2_0.product_id=o1_0.product_id left join orders o2_0 on o2_0.order_id=o1_0.order_id left join customer c1_0 on c1_0.cust_id=o2_0.cust_id left join employee e1_0 on e1_0.emp_id=o2_0.employee_id where (p1_0.price_date_time,p1_0.product_id) in ((?,?))
Hibernate: select p1_0.price_date_time,p1_0.product_id,p2_0.product_id,p2_0.description,p2_0.manufacturer_name,p2_0.name,p2_0.status,p2_0.unit,o1_0.product_id,o1_0.order_id,o2_0.order_id,c1_0.cust_id,c1_0.address,c1_0.email,c1_0.cust_name,c1_0.phone,o2_0.employee_id,e1_0.emp_id,e1_0.address,e1_0.dob,e1_0.email,e1_0.full_name,e1_0.phone,e1_0.status,o2_0.order_date,o1_0.note,o1_0.price,o1_0.quantity,p1_0.note,p1_0.price from product_price p1_0 join product p2_0 on p2_0.product_id=p1_0.product_id left join order_detail o1_0 on p2_0.product_id=o1_0.product_id left join orders o2_0 on o2_0.order_id=o1_0.order_id left join customer c1_0 on c1_0.cust_id=o2_0.cust_id left join employee e1_0 on e1_0.emp_id=o2_0.employee_id where (p1_0.price_date_time,p1_0.product_id) in ((?,?))
Hibernate: insert into product_price (note,price,price_date_time,product_id) values (?,?,?,?)
Hibernate: insert into product_price (note,price,price_date_time,product_id) values (?,?,?,?)
Hibernate: insert into product_price (note,price,price_date_time,product_id) values (?,?,?,?)
Hibernate: insert into product (description,manufacturer_name,name,status,unit,product_id) values (?,?,?,?,?,default)
Hibernate: select p1_0.product_id,p1_0.description,p1_0.manufacturer_name,p1_0.name,p1_0.status,p1_0.unit,o1_0.product_id,o1_0.order_id,o2_0.order_id,c1_0.cust_id,c1_0.address,c1_0.email,c1_0.cust_name,c1_0.phone,o2_0.employee_id,e1_0.emp_id,e1_0.address,e1_0.dob,e1_0.email,e1_0.full_name,e1_0.phone,e1_0.status,o2_0.order_date,o1_0.note,o1_0.price,o1_0.quantity from product p1_0 left join order_detail o1_0 on p1_0.product_id=o1_0.product_id left join orders o2_0 on o2_0.order_id=o1_0.order_id left join customer c1_0 on c1_0.cust_id=o2_0.cust_id left join employee e1_0 on e1_0.emp_id=o2_0.employee_id where p1_0.product_id=?
Hibernate: select p1_0.product_id,p1_0.price_date_time,p1_0.note,p1_0.price from product_price p1_0 where p1_0.product_id=?
Hibernate: select p1_0.product_id,p1_0.image_id,p1_0.alternative,p1_0.path from product_image p1_0 where p1_0.product_id=?
Hibernate: insert into product_image (alternative,path,product_id,image_id) values (?,?,?,default)
Hibernate: select p1_0.price_date_time,p1_0.product_id,p2_0.product_id,p2_0.description,p2_0.manufacturer_name,p2_0.name,p2_0.status,p2_0.unit,o1_0.product_id,o1_0.order_id,o2_0.order_id,c1_0.cust_id,c1_0.address,c1_0.email,c1_0.cust_name,c1_0.phone,o2_0.employee_id,e1_0.emp_id,e1_0.address,e1_0.dob,e1_0.email,e1_0.full_name,e1_0.phone,e1_0.status,o2_0.order_date,o1_0.note,o1_0.price,o1_0.quantity,p1_0.note,p1_0.price from product_price p1_0 join product p2_0 on p2_0.product_id=p1_0.product_id left join order_detail o1_0 on p2_0.product_id=o1_0.product_id left join orders o2_0 on o2_0.order_id=o1_0.order_id left join customer c1_0 on c1_0.cust_id=o2_0.cust_id left join employee e1_0 on e1_0.emp_id=o2_0.employee_id where (p1_0.price_date_time,p1_0.product_id) in ((?,?))
Hibernate: select p1_0.price_date_time,p1_0.product_id,p2_0.product_id,p2_0.description,p2_0.manufacturer_name,p2_0.name,p2_0.status,p2_0.unit,o1_0.product_id,o1_0.order_id,o2_0.order_id,c1_0.cust_id,c1_0.address,c1_0.email,c1_0.cust_name,c1_0.phone,o2_0.employee_id,e1_0.emp_id,e1_0.address,e1_0.dob,e1_0.email,e1_0.full_name,e1_0.phone,e1_0.status,o2_0.order_date,o1_0.note,o1_0.price,o1_0.quantity,p1_0.note,p1_0.price from product_price p1_0 join product p2_0 on p2_0.product_id=p1_0.product_id left join order_detail o1_0 on p2_0.product_id=o1_0.product_id left join orders o2_0 on o2_0.order_id=o1_0.order_id left join customer c1_0 on c1_0.cust_id=o2_0.cust_id left join employee e1_0 on e1_0.emp_id=o2_0.employee_id where (p1_0.price_date_time,p1_0.product_id) in ((?,?))
Hibernate: select p1_0.price_date_time,p1_0.product_id,p2_0.product_id,p2_0.description,p2_0.manufacturer_name,p2_0.name,p2_0.status,p2_0.unit,o1_0.product_id,o1_0.order_id,o2_0.order_id,c1_0.cust_id,c1_0.address,c1_0.email,c1_0.cust_name,c1_0.phone,o2_0.employee_id,e1_0.emp_id,e1_0.address,e1_0.dob,e1_0.email,e1_0.full_name,e1_0.phone,e1_0.status,o2_0.order_date,o1_0.note,o1_0.price,o1_0.quantity,p1_0.note,p1_0.price from product_price p1_0 join product p2_0 on p2_0.product_id=p1_0.product_id left join order_detail o1_0 on p2_0.product_id=o1_0.product_id left join orders o2_0 on o2_0.order_id=o1_0.order_id left join customer c1_0 on c1_0.cust_id=o2_0.cust_id left join employee e1_0 on e1_0.emp_id=o2_0.employee_id where (p1_0.price_date_time,p1_0.product_id) in ((?,?))
Hibernate: insert into product_price (note,price,price_date_time,product_id) values (?,?,?,?)
Hibernate: insert into product_price (note,price,price_date_time,product_id) values (?,?,?,?)
Hibernate: insert into product_price (note,price,price_date_time,product_id) values (?,?,?,?)
Hibernate: insert into product (description,manufacturer_name,name,status,unit,product_id) values (?,?,?,?,?,default)
Hibernate: select p1_0.product_id,p1_0.description,p1_0.manufacturer_name,p1_0.name,p1_0.status,p1_0.unit,o1_0.product_id,o1_0.order_id,o2_0.order_id,c1_0.cust_id,c1_0.address,c1_0.email,c1_0.cust_name,c1_0.phone,o2_0.employee_id,e1_0.emp_id,e1_0.address,e1_0.dob,e1_0.email,e1_0.full_name,e1_0.phone,e1_0.status,o2_0.order_date,o1_0.note,o1_0.price,o1_0.quantity from product p1_0 left join order_detail o1_0 on p1_0.product_id=o1_0.product_id left join orders o2_0 on o2_0.order_id=o1_0.order_id left join customer c1_0 on c1_0.cust_id=o2_0.cust_id left join employee e1_0 on e1_0.emp_id=o2_0.employee_id where p1_0.product_id=?
Hibernate: select p1_0.product_id,p1_0.price_date_time,p1_0.note,p1_0.price from product_price p1_0 where p1_0.product_id=?
Hibernate: select p1_0.product_id,p1_0.image_id,p1_0.alternative,p1_0.path from product_image p1_0 where p1_0.product_id=?
Hibernate: insert into product_image (alternative,path,product_id,image_id) values (?,?,?,default)
Hibernate: select p1_0.price_date_time,p1_0.product_id,p2_0.product_id,p2_0.description,p2_0.manufacturer_name,p2_0.name,p2_0.status,p2_0.unit,o1_0.product_id,o1_0.order_id,o2_0.order_id,c1_0.cust_id,c1_0.address,c1_0.email,c1_0.cust_name,c1_0.phone,o2_0.employee_id,e1_0.emp_id,e1_0.address,e1_0.dob,e1_0.email,e1_0.full_name,e1_0.phone,e1_0.status,o2_0.order_date,o1_0.note,o1_0.price,o1_0.quantity,p1_0.note,p1_0.price from product_price p1_0 join product p2_0 on p2_0.product_id=p1_0.product_id left join order_detail o1_0 on p2_0.product_id=o1_0.product_id left join orders o2_0 on o2_0.order_id=o1_0.order_id left join customer c1_0 on c1_0.cust_id=o2_0.cust_id left join employee e1_0 on e1_0.emp_id=o2_0.employee_id where (p1_0.price_date_time,p1_0.product_id) in ((?,?))
Hibernate: select p1_0.price_date_time,p1_0.product_id,p2_0.product_id,p2_0.description,p2_0.manufacturer_name,p2_0.name,p2_0.status,p2_0.unit,o1_0.product_id,o1_0.order_id,o2_0.order_id,c1_0.cust_id,c1_0.address,c1_0.email,c1_0.cust_name,c1_0.phone,o2_0.employee_id,e1_0.emp_id,e1_0.address,e1_0.dob,e1_0.email,e1_0.full_name,e1_0.phone,e1_0.status,o2_0.order_date,o1_0.note,o1_0.price,o1_0.quantity,p1_0.note,p1_0.price from product_price p1_0 join product p2_0 on p2_0.product_id=p1_0.product_id left join order_detail o1_0 on p2_0.product_id=o1_0.product_id left join orders o2_0 on o2_0.order_id=o1_0.order_id left join customer c1_0 on c1_0.cust_id=o2_0.cust_id left join employee e1_0 on e1_0.emp_id=o2_0.employee_id where (p1_0.price_date_time,p1_0.product_id) in ((?,?))
Hibernate: select p1_0.price_date_time,p1_0.product_id,p2_0.product_id,p2_0.description,p2_0.manufacturer_name,p2_0.name,p2_0.status,p2_0.unit,o1_0.product_id,o1_0.order_id,o2_0.order_id,c1_0.cust_id,c1_0.address,c1_0.email,c1_0.cust_name,c1_0.phone,o2_0.employee_id,e1_0.emp_id,e1_0.address,e1_0.dob,e1_0.email,e1_0.full_name,e1_0.phone,e1_0.status,o2_0.order_date,o1_0.note,o1_0.price,o1_0.quantity,p1_0.note,p1_0.price from product_price p1_0 join product p2_0 on p2_0.product_id=p1_0.product_id left join order_detail o1_0 on p2_0.product_id=o1_0.product_id left join orders o2_0 on o2_0.order_id=o1_0.order_id left join customer c1_0 on c1_0.cust_id=o2_0.cust_id left join employee e1_0 on e1_0.emp_id=o2_0.employee_id where (p1_0.price_date_time,p1_0.product_id) in ((?,?))
Hibernate: insert into product_price (note,price,price_date_time,product_id) values (?,?,?,?)
Hibernate: insert into product_price (note,price,price_date_time,product_id) values (?,?,?,?)
Hibernate: insert into product_price (note,price,price_date_time,product_id) values (?,?,?,?)
Hibernate: insert into product (description,manufacturer_name,name,status,unit,product_id) values (?,?,?,?,?,default)
Hibernate: select p1_0.product_id,p1_0.description,p1_0.manufacturer_name,p1_0.name,p1_0.status,p1_0.unit,o1_0.product_id,o1_0.order_id,o2_0.order_id,c1_0.cust_id,c1_0.address,c1_0.email,c1_0.cust_name,c1_0.phone,o2_0.employee_id,e1_0.emp_id,e1_0.address,e1_0.dob,e1_0.email,e1_0.full_name,e1_0.phone,e1_0.status,o2_0.order_date,o1_0.note,o1_0.price,o1_0.quantity from product p1_0 left join order_detail o1_0 on p1_0.product_id=o1_0.product_id left join orders o2_0 on o2_0.order_id=o1_0.order_id left join customer c1_0 on c1_0.cust_id=o2_0.cust_id left join employee e1_0 on e1_0.emp_id=o2_0.employee_id where p1_0.product_id=?
Hibernate: select p1_0.product_id,p1_0.price_date_time,p1_0.note,p1_0.price from product_price p1_0 where p1_0.product_id=?
Hibernate: select p1_0.product_id,p1_0.image_id,p1_0.alternative,p1_0.path from product_image p1_0 where p1_0.product_id=?
Hibernate: insert into product_image (alternative,path,product_id,image_id) values (?,?,?,default)
Hibernate: select p1_0.price_date_time,p1_0.product_id,p2_0.product_id,p2_0.description,p2_0.manufacturer_name,p2_0.name,p2_0.status,p2_0.unit,o1_0.product_id,o1_0.order_id,o2_0.order_id,c1_0.cust_id,c1_0.address,c1_0.email,c1_0.cust_name,c1_0.phone,o2_0.employee_id,e1_0.emp_id,e1_0.address,e1_0.dob,e1_0.email,e1_0.full_name,e1_0.phone,e1_0.status,o2_0.order_date,o1_0.note,o1_0.price,o1_0.quantity,p1_0.note,p1_0.price from product_price p1_0 join product p2_0 on p2_0.product_id=p1_0.product_id left join order_detail o1_0 on p2_0.product_id=o1_0.product_id left join orders o2_0 on o2_0.order_id=o1_0.order_id left join customer c1_0 on c1_0.cust_id=o2_0.cust_id left join employee e1_0 on e1_0.emp_id=o2_0.employee_id where (p1_0.price_date_time,p1_0.product_id) in ((?,?))
Hibernate: select p1_0.price_date_time,p1_0.product_id,p2_0.product_id,p2_0.description,p2_0.manufacturer_name,p2_0.name,p2_0.status,p2_0.unit,o1_0.product_id,o1_0.order_id,o2_0.order_id,c1_0.cust_id,c1_0.address,c1_0.email,c1_0.cust_name,c1_0.phone,o2_0.employee_id,e1_0.emp_id,e1_0.address,e1_0.dob,e1_0.email,e1_0.full_name,e1_0.phone,e1_0.status,o2_0.order_date,o1_0.note,o1_0.price,o1_0.quantity,p1_0.note,p1_0.price from product_price p1_0 join product p2_0 on p2_0.product_id=p1_0.product_id left join order_detail o1_0 on p2_0.product_id=o1_0.product_id left join orders o2_0 on o2_0.order_id=o1_0.order_id left join customer c1_0 on c1_0.cust_id=o2_0.cust_id left join employee e1_0 on e1_0.emp_id=o2_0.employee_id where (p1_0.price_date_time,p1_0.product_id) in ((?,?))
Hibernate: select p1_0.price_date_time,p1_0.product_id,p2_0.product_id,p2_0.description,p2_0.manufacturer_name,p2_0.name,p2_0.status,p2_0.unit,o1_0.product_id,o1_0.order_id,o2_0.order_id,c1_0.cust_id,c1_0.address,c1_0.email,c1_0.cust_name,c1_0.phone,o2_0.employee_id,e1_0.emp_id,e1_0.address,e1_0.dob,e1_0.email,e1_0.full_name,e1_0.phone,e1_0.status,o2_0.order_date,o1_0.note,o1_0.price,o1_0.quantity,p1_0.note,p1_0.price from product_price p1_0 join product p2_0 on p2_0.product_id=p1_0.product_id left join order_detail o1_0 on p2_0.product_id=o1_0.product_id left join orders o2_0 on o2_0.order_id=o1_0.order_id left join customer c1_0 on c1_0.cust_id=o2_0.cust_id left join employee e1_0 on e1_0.emp_id=o2_0.employee_id where (p1_0.price_date_time,p1_0.product_id) in ((?,?))
Hibernate: insert into product_price (note,price,price_date_time,product_id) values (?,?,?,?)
Hibernate: insert into product_price (note,price,price_date_time,product_id) values (?,?,?,?)
Hibernate: insert into product_price (note,price,price_date_time,product_id) values (?,?,?,?)
Hibernate: insert into product (description,manufacturer_name,name,status,unit,product_id) values (?,?,?,?,?,default)
Hibernate: select p1_0.product_id,p1_0.description,p1_0.manufacturer_name,p1_0.name,p1_0.status,p1_0.unit,o1_0.product_id,o1_0.order_id,o2_0.order_id,c1_0.cust_id,c1_0.address,c1_0.email,c1_0.cust_name,c1_0.phone,o2_0.employee_id,e1_0.emp_id,e1_0.address,e1_0.dob,e1_0.email,e1_0.full_name,e1_0.phone,e1_0.status,o2_0.order_date,o1_0.note,o1_0.price,o1_0.quantity from product p1_0 left join order_detail o1_0 on p1_0.product_id=o1_0.product_id left join orders o2_0 on o2_0.order_id=o1_0.order_id left join customer c1_0 on c1_0.cust_id=o2_0.cust_id left join employee e1_0 on e1_0.emp_id=o2_0.employee_id where p1_0.product_id=?
Hibernate: select p1_0.product_id,p1_0.price_date_time,p1_0.note,p1_0.price from product_price p1_0 where p1_0.product_id=?
Hibernate: select p1_0.product_id,p1_0.image_id,p1_0.alternative,p1_0.path from product_image p1_0 where p1_0.product_id=?
Hibernate: insert into product_image (alternative,path,product_id,image_id) values (?,?,?,default)
Hibernate: select p1_0.price_date_time,p1_0.product_id,p2_0.product_id,p2_0.description,p2_0.manufacturer_name,p2_0.name,p2_0.status,p2_0.unit,o1_0.product_id,o1_0.order_id,o2_0.order_id,c1_0.cust_id,c1_0.address,c1_0.email,c1_0.cust_name,c1_0.phone,o2_0.employee_id,e1_0.emp_id,e1_0.address,e1_0.dob,e1_0.email,e1_0.full_name,e1_0.phone,e1_0.status,o2_0.order_date,o1_0.note,o1_0.price,o1_0.quantity,p1_0.note,p1_0.price from product_price p1_0 join product p2_0 on p2_0.product_id=p1_0.product_id left join order_detail o1_0 on p2_0.product_id=o1_0.product_id left join orders o2_0 on o2_0.order_id=o1_0.order_id left join customer c1_0 on c1_0.cust_id=o2_0.cust_id left join employee e1_0 on e1_0.emp_id=o2_0.employee_id where (p1_0.price_date_time,p1_0.product_id) in ((?,?))
Hibernate: select p1_0.price_date_time,p1_0.product_id,p2_0.product_id,p2_0.description,p2_0.manufacturer_name,p2_0.name,p2_0.status,p2_0.unit,o1_0.product_id,o1_0.order_id,o2_0.order_id,c1_0.cust_id,c1_0.address,c1_0.email,c1_0.cust_name,c1_0.phone,o2_0.employee_id,e1_0.emp_id,e1_0.address,e1_0.dob,e1_0.email,e1_0.full_name,e1_0.phone,e1_0.status,o2_0.order_date,o1_0.note,o1_0.price,o1_0.quantity,p1_0.note,p1_0.price from product_price p1_0 join product p2_0 on p2_0.product_id=p1_0.product_id left join order_detail o1_0 on p2_0.product_id=o1_0.product_id left join orders o2_0 on o2_0.order_id=o1_0.order_id left join customer c1_0 on c1_0.cust_id=o2_0.cust_id left join employee e1_0 on e1_0.emp_id=o2_0.employee_id where (p1_0.price_date_time,p1_0.product_id) in ((?,?))
Hibernate: select p1_0.price_date_time,p1_0.product_id,p2_0.product_id,p2_0.description,p2_0.manufacturer_name,p2_0.name,p2_0.status,p2_0.unit,o1_0.product_id,o1_0.order_id,o2_0.order_id,c1_0.cust_id,c1_0.address,c1_0.email,c1_0.cust_name,c1_0.phone,o2_0.employee_id,e1_0.emp_id,e1_0.address,e1_0.dob,e1_0.email,e1_0.full_name,e1_0.phone,e1_0.status,o2_0.order_date,o1_0.note,o1_0.price,o1_0.quantity,p1_0.note,p1_0.price from product_price p1_0 join product p2_0 on p2_0.product_id=p1_0.product_id left join order_detail o1_0 on p2_0.product_id=o1_0.product_id left join orders o2_0 on o2_0.order_id=o1_0.order_id left join customer c1_0 on c1_0.cust_id=o2_0.cust_id left join employee e1_0 on e1_0.emp_id=o2_0.employee_id where (p1_0.price_date_time,p1_0.product_id) in ((?,?))
Hibernate: insert into product_price (note,price,price_date_time,product_id) values (?,?,?,?)
Hibernate: insert into product_price (note,price,price_date_time,product_id) values (?,?,?,?)
Hibernate: insert into product_price (note,price,price_date_time,product_id) values (?,?,?,?)
Hibernate: insert into product (description,manufacturer_name,name,status,unit,product_id) values (?,?,?,?,?,default)
Hibernate: select p1_0.product_id,p1_0.description,p1_0.manufacturer_name,p1_0.name,p1_0.status,p1_0.unit,o1_0.product_id,o1_0.order_id,o2_0.order_id,c1_0.cust_id,c1_0.address,c1_0.email,c1_0.cust_name,c1_0.phone,o2_0.employee_id,e1_0.emp_id,e1_0.address,e1_0.dob,e1_0.email,e1_0.full_name,e1_0.phone,e1_0.status,o2_0.order_date,o1_0.note,o1_0.price,o1_0.quantity from product p1_0 left join order_detail o1_0 on p1_0.product_id=o1_0.product_id left join orders o2_0 on o2_0.order_id=o1_0.order_id left join customer c1_0 on c1_0.cust_id=o2_0.cust_id left join employee e1_0 on e1_0.emp_id=o2_0.employee_id where p1_0.product_id=?
Hibernate: select p1_0.product_id,p1_0.price_date_time,p1_0.note,p1_0.price from product_price p1_0 where p1_0.product_id=?
Hibernate: select p1_0.product_id,p1_0.image_id,p1_0.alternative,p1_0.path from product_image p1_0 where p1_0.product_id=?
Hibernate: insert into product_image (alternative,path,product_id,image_id) values (?,?,?,default)
Hibernate: select p1_0.price_date_time,p1_0.product_id,p2_0.product_id,p2_0.description,p2_0.manufacturer_name,p2_0.name,p2_0.status,p2_0.unit,o1_0.product_id,o1_0.order_id,o2_0.order_id,c1_0.cust_id,c1_0.address,c1_0.email,c1_0.cust_name,c1_0.phone,o2_0.employee_id,e1_0.emp_id,e1_0.address,e1_0.dob,e1_0.email,e1_0.full_name,e1_0.phone,e1_0.status,o2_0.order_date,o1_0.note,o1_0.price,o1_0.quantity,p1_0.note,p1_0.price from product_price p1_0 join product p2_0 on p2_0.product_id=p1_0.product_id left join order_detail o1_0 on p2_0.product_id=o1_0.product_id left join orders o2_0 on o2_0.order_id=o1_0.order_id left join customer c1_0 on c1_0.cust_id=o2_0.cust_id left join employee e1_0 on e1_0.emp_id=o2_0.employee_id where (p1_0.price_date_time,p1_0.product_id) in ((?,?))
Hibernate: select p1_0.price_date_time,p1_0.product_id,p2_0.product_id,p2_0.description,p2_0.manufacturer_name,p2_0.name,p2_0.status,p2_0.unit,o1_0.product_id,o1_0.order_id,o2_0.order_id,c1_0.cust_id,c1_0.address,c1_0.email,c1_0.cust_name,c1_0.phone,o2_0.employee_id,e1_0.emp_id,e1_0.address,e1_0.dob,e1_0.email,e1_0.full_name,e1_0.phone,e1_0.status,o2_0.order_date,o1_0.note,o1_0.price,o1_0.quantity,p1_0.note,p1_0.price from product_price p1_0 join product p2_0 on p2_0.product_id=p1_0.product_id left join order_detail o1_0 on p2_0.product_id=o1_0.product_id left join orders o2_0 on o2_0.order_id=o1_0.order_id left join customer c1_0 on c1_0.cust_id=o2_0.cust_id left join employee e1_0 on e1_0.emp_id=o2_0.employee_id where (p1_0.price_date_time,p1_0.product_id) in ((?,?))
Hibernate: select p1_0.price_date_time,p1_0.product_id,p2_0.product_id,p2_0.description,p2_0.manufacturer_name,p2_0.name,p2_0.status,p2_0.unit,o1_0.product_id,o1_0.order_id,o2_0.order_id,c1_0.cust_id,c1_0.address,c1_0.email,c1_0.cust_name,c1_0.phone,o2_0.employee_id,e1_0.emp_id,e1_0.address,e1_0.dob,e1_0.email,e1_0.full_name,e1_0.phone,e1_0.status,o2_0.order_date,o1_0.note,o1_0.price,o1_0.quantity,p1_0.note,p1_0.price from product_price p1_0 join product p2_0 on p2_0.product_id=p1_0.product_id left join order_detail o1_0 on p2_0.product_id=o1_0.product_id left join orders o2_0 on o2_0.order_id=o1_0.order_id left join customer c1_0 on c1_0.cust_id=o2_0.cust_id left join employee e1_0 on e1_0.emp_id=o2_0.employee_id where (p1_0.price_date_time,p1_0.product_id) in ((?,?))
Hibernate: insert into product_price (note,price,price_date_time,product_id) values (?,?,?,?)
Hibernate: insert into product_price (note,price,price_date_time,product_id) values (?,?,?,?)
Hibernate: insert into product_price (note,price,price_date_time,product_id) values (?,?,?,?)
Hibernate: insert into product (description,manufacturer_name,name,status,unit,product_id) values (?,?,?,?,?,default)
Hibernate: select p1_0.product_id,p1_0.description,p1_0.manufacturer_name,p1_0.name,p1_0.status,p1_0.unit,o1_0.product_id,o1_0.order_id,o2_0.order_id,c1_0.cust_id,c1_0.address,c1_0.email,c1_0.cust_name,c1_0.phone,o2_0.employee_id,e1_0.emp_id,e1_0.address,e1_0.dob,e1_0.email,e1_0.full_name,e1_0.phone,e1_0.status,o2_0.order_date,o1_0.note,o1_0.price,o1_0.quantity from product p1_0 left join order_detail o1_0 on p1_0.product_id=o1_0.product_id left join orders o2_0 on o2_0.order_id=o1_0.order_id left join customer c1_0 on c1_0.cust_id=o2_0.cust_id left join employee e1_0 on e1_0.emp_id=o2_0.employee_id where p1_0.product_id=?
Hibernate: select p1_0.product_id,p1_0.price_date_time,p1_0.note,p1_0.price from product_price p1_0 where p1_0.product_id=?
Hibernate: select p1_0.product_id,p1_0.image_id,p1_0.alternative,p1_0.path from product_image p1_0 where p1_0.product_id=?
Hibernate: insert into product_image (alternative,path,product_id,image_id) values (?,?,?,default)
Hibernate: select p1_0.price_date_time,p1_0.product_id,p2_0.product_id,p2_0.description,p2_0.manufacturer_name,p2_0.name,p2_0.status,p2_0.unit,o1_0.product_id,o1_0.order_id,o2_0.order_id,c1_0.cust_id,c1_0.address,c1_0.email,c1_0.cust_name,c1_0.phone,o2_0.employee_id,e1_0.emp_id,e1_0.address,e1_0.dob,e1_0.email,e1_0.full_name,e1_0.phone,e1_0.status,o2_0.order_date,o1_0.note,o1_0.price,o1_0.quantity,p1_0.note,p1_0.price from product_price p1_0 join product p2_0 on p2_0.product_id=p1_0.product_id left join order_detail o1_0 on p2_0.product_id=o1_0.product_id left join orders o2_0 on o2_0.order_id=o1_0.order_id left join customer c1_0 on c1_0.cust_id=o2_0.cust_id left join employee e1_0 on e1_0.emp_id=o2_0.employee_id where (p1_0.price_date_time,p1_0.product_id) in ((?,?))
Hibernate: select p1_0.price_date_time,p1_0.product_id,p2_0.product_id,p2_0.description,p2_0.manufacturer_name,p2_0.name,p2_0.status,p2_0.unit,o1_0.product_id,o1_0.order_id,o2_0.order_id,c1_0.cust_id,c1_0.address,c1_0.email,c1_0.cust_name,c1_0.phone,o2_0.employee_id,e1_0.emp_id,e1_0.address,e1_0.dob,e1_0.email,e1_0.full_name,e1_0.phone,e1_0.status,o2_0.order_date,o1_0.note,o1_0.price,o1_0.quantity,p1_0.note,p1_0.price from product_price p1_0 join product p2_0 on p2_0.product_id=p1_0.product_id left join order_detail o1_0 on p2_0.product_id=o1_0.product_id left join orders o2_0 on o2_0.order_id=o1_0.order_id left join customer c1_0 on c1_0.cust_id=o2_0.cust_id left join employee e1_0 on e1_0.emp_id=o2_0.employee_id where (p1_0.price_date_time,p1_0.product_id) in ((?,?))
Hibernate: select p1_0.price_date_time,p1_0.product_id,p2_0.product_id,p2_0.description,p2_0.manufacturer_name,p2_0.name,p2_0.status,p2_0.unit,o1_0.product_id,o1_0.order_id,o2_0.order_id,c1_0.cust_id,c1_0.address,c1_0.email,c1_0.cust_name,c1_0.phone,o2_0.employee_id,e1_0.emp_id,e1_0.address,e1_0.dob,e1_0.email,e1_0.full_name,e1_0.phone,e1_0.status,o2_0.order_date,o1_0.note,o1_0.price,o1_0.quantity,p1_0.note,p1_0.price from product_price p1_0 join product p2_0 on p2_0.product_id=p1_0.product_id left join order_detail o1_0 on p2_0.product_id=o1_0.product_id left join orders o2_0 on o2_0.order_id=o1_0.order_id left join customer c1_0 on c1_0.cust_id=o2_0.cust_id left join employee e1_0 on e1_0.emp_id=o2_0.employee_id where (p1_0.price_date_time,p1_0.product_id) in ((?,?))
Hibernate: insert into product_price (note,price,price_date_time,product_id) values (?,?,?,?)
Hibernate: insert into product_price (note,price,price_date_time,product_id) values (?,?,?,?)
Hibernate: insert into product_price (note,price,price_date_time,product_id) values (?,?,?,?)
Hibernate: insert into product (description,manufacturer_name,name,status,unit,product_id) values (?,?,?,?,?,default)
Hibernate: select p1_0.product_id,p1_0.description,p1_0.manufacturer_name,p1_0.name,p1_0.status,p1_0.unit,o1_0.product_id,o1_0.order_id,o2_0.order_id,c1_0.cust_id,c1_0.address,c1_0.email,c1_0.cust_name,c1_0.phone,o2_0.employee_id,e1_0.emp_id,e1_0.address,e1_0.dob,e1_0.email,e1_0.full_name,e1_0.phone,e1_0.status,o2_0.order_date,o1_0.note,o1_0.price,o1_0.quantity from product p1_0 left join order_detail o1_0 on p1_0.product_id=o1_0.product_id left join orders o2_0 on o2_0.order_id=o1_0.order_id left join customer c1_0 on c1_0.cust_id=o2_0.cust_id left join employee e1_0 on e1_0.emp_id=o2_0.employee_id where p1_0.product_id=?
Hibernate: select p1_0.product_id,p1_0.price_date_time,p1_0.note,p1_0.price from product_price p1_0 where p1_0.product_id=?
Hibernate: select p1_0.product_id,p1_0.image_id,p1_0.alternative,p1_0.path from product_image p1_0 where p1_0.product_id=?
Hibernate: insert into product_image (alternative,path,product_id,image_id) values (?,?,?,default)
Hibernate: select p1_0.price_date_time,p1_0.product_id,p2_0.product_id,p2_0.description,p2_0.manufacturer_name,p2_0.name,p2_0.status,p2_0.unit,o1_0.product_id,o1_0.order_id,o2_0.order_id,c1_0.cust_id,c1_0.address,c1_0.email,c1_0.cust_name,c1_0.phone,o2_0.employee_id,e1_0.emp_id,e1_0.address,e1_0.dob,e1_0.email,e1_0.full_name,e1_0.phone,e1_0.status,o2_0.order_date,o1_0.note,o1_0.price,o1_0.quantity,p1_0.note,p1_0.price from product_price p1_0 join product p2_0 on p2_0.product_id=p1_0.product_id left join order_detail o1_0 on p2_0.product_id=o1_0.product_id left join orders o2_0 on o2_0.order_id=o1_0.order_id left join customer c1_0 on c1_0.cust_id=o2_0.cust_id left join employee e1_0 on e1_0.emp_id=o2_0.employee_id where (p1_0.price_date_time,p1_0.product_id) in ((?,?))
Hibernate: select p1_0.price_date_time,p1_0.product_id,p2_0.product_id,p2_0.description,p2_0.manufacturer_name,p2_0.name,p2_0.status,p2_0.unit,o1_0.product_id,o1_0.order_id,o2_0.order_id,c1_0.cust_id,c1_0.address,c1_0.email,c1_0.cust_name,c1_0.phone,o2_0.employee_id,e1_0.emp_id,e1_0.address,e1_0.dob,e1_0.email,e1_0.full_name,e1_0.phone,e1_0.status,o2_0.order_date,o1_0.note,o1_0.price,o1_0.quantity,p1_0.note,p1_0.price from product_price p1_0 join product p2_0 on p2_0.product_id=p1_0.product_id left join order_detail o1_0 on p2_0.product_id=o1_0.product_id left join orders o2_0 on o2_0.order_id=o1_0.order_id left join customer c1_0 on c1_0.cust_id=o2_0.cust_id left join employee e1_0 on e1_0.emp_id=o2_0.employee_id where (p1_0.price_date_time,p1_0.product_id) in ((?,?))
Hibernate: select p1_0.price_date_time,p1_0.product_id,p2_0.product_id,p2_0.description,p2_0.manufacturer_name,p2_0.name,p2_0.status,p2_0.unit,o1_0.product_id,o1_0.order_id,o2_0.order_id,c1_0.cust_id,c1_0.address,c1_0.email,c1_0.cust_name,c1_0.phone,o2_0.employee_id,e1_0.emp_id,e1_0.address,e1_0.dob,e1_0.email,e1_0.full_name,e1_0.phone,e1_0.status,o2_0.order_date,o1_0.note,o1_0.price,o1_0.quantity,p1_0.note,p1_0.price from product_price p1_0 join product p2_0 on p2_0.product_id=p1_0.product_id left join order_detail o1_0 on p2_0.product_id=o1_0.product_id left join orders o2_0 on o2_0.order_id=o1_0.order_id left join customer c1_0 on c1_0.cust_id=o2_0.cust_id left join employee e1_0 on e1_0.emp_id=o2_0.employee_id where (p1_0.price_date_time,p1_0.product_id) in ((?,?))
Hibernate: insert into product_price (note,price,price_date_time,product_id) values (?,?,?,?)
Hibernate: insert into product_price (note,price,price_date_time,product_id) values (?,?,?,?)
Hibernate: insert into product_price (note,price,price_date_time,product_id) values (?,?,?,?)
Hibernate: insert into product (description,manufacturer_name,name,status,unit,product_id) values (?,?,?,?,?,default)
Hibernate: select p1_0.product_id,p1_0.description,p1_0.manufacturer_name,p1_0.name,p1_0.status,p1_0.unit,o1_0.product_id,o1_0.order_id,o2_0.order_id,c1_0.cust_id,c1_0.address,c1_0.email,c1_0.cust_name,c1_0.phone,o2_0.employee_id,e1_0.emp_id,e1_0.address,e1_0.dob,e1_0.email,e1_0.full_name,e1_0.phone,e1_0.status,o2_0.order_date,o1_0.note,o1_0.price,o1_0.quantity from product p1_0 left join order_detail o1_0 on p1_0.product_id=o1_0.product_id left join orders o2_0 on o2_0.order_id=o1_0.order_id left join customer c1_0 on c1_0.cust_id=o2_0.cust_id left join employee e1_0 on e1_0.emp_id=o2_0.employee_id where p1_0.product_id=?
Hibernate: select p1_0.product_id,p1_0.price_date_time,p1_0.note,p1_0.price from product_price p1_0 where p1_0.product_id=?
Hibernate: select p1_0.product_id,p1_0.image_id,p1_0.alternative,p1_0.path from product_image p1_0 where p1_0.product_id=?
Hibernate: insert into product_image (alternative,path,product_id,image_id) values (?,?,?,default)
Hibernate: select p1_0.price_date_time,p1_0.product_id,p2_0.product_id,p2_0.description,p2_0.manufacturer_name,p2_0.name,p2_0.status,p2_0.unit,o1_0.product_id,o1_0.order_id,o2_0.order_id,c1_0.cust_id,c1_0.address,c1_0.email,c1_0.cust_name,c1_0.phone,o2_0.employee_id,e1_0.emp_id,e1_0.address,e1_0.dob,e1_0.email,e1_0.full_name,e1_0.phone,e1_0.status,o2_0.order_date,o1_0.note,o1_0.price,o1_0.quantity,p1_0.note,p1_0.price from product_price p1_0 join product p2_0 on p2_0.product_id=p1_0.product_id left join order_detail o1_0 on p2_0.product_id=o1_0.product_id left join orders o2_0 on o2_0.order_id=o1_0.order_id left join customer c1_0 on c1_0.cust_id=o2_0.cust_id left join employee e1_0 on e1_0.emp_id=o2_0.employee_id where (p1_0.price_date_time,p1_0.product_id) in ((?,?))
Hibernate: select p1_0.price_date_time,p1_0.product_id,p2_0.product_id,p2_0.description,p2_0.manufacturer_name,p2_0.name,p2_0.status,p2_0.unit,o1_0.product_id,o1_0.order_id,o2_0.order_id,c1_0.cust_id,c1_0.address,c1_0.email,c1_0.cust_name,c1_0.phone,o2_0.employee_id,e1_0.emp_id,e1_0.address,e1_0.dob,e1_0.email,e1_0.full_name,e1_0.phone,e1_0.status,o2_0.order_date,o1_0.note,o1_0.price,o1_0.quantity,p1_0.note,p1_0.price from product_price p1_0 join product p2_0 on p2_0.product_id=p1_0.product_id left join order_detail o1_0 on p2_0.product_id=o1_0.product_id left join orders o2_0 on o2_0.order_id=o1_0.order_id left join customer c1_0 on c1_0.cust_id=o2_0.cust_id left join employee e1_0 on e1_0.emp_id=o2_0.employee_id where (p1_0.price_date_time,p1_0.product_id) in ((?,?))
Hibernate: select p1_0.price_date_time,p1_0.product_id,p2_0.product_id,p2_0.description,p2_0.manufacturer_name,p2_0.name,p2_0.status,p2_0.unit,o1_0.product_id,o1_0.order_id,o2_0.order_id,c1_0.cust_id,c1_0.address,c1_0.email,c1_0.cust_name,c1_0.phone,o2_0.employee_id,e1_0.emp_id,e1_0.address,e1_0.dob,e1_0.email,e1_0.full_name,e1_0.phone,e1_0.status,o2_0.order_date,o1_0.note,o1_0.price,o1_0.quantity,p1_0.note,p1_0.price from product_price p1_0 join product p2_0 on p2_0.product_id=p1_0.product_id left join order_detail o1_0 on p2_0.product_id=o1_0.product_id left join orders o2_0 on o2_0.order_id=o1_0.order_id left join customer c1_0 on c1_0.cust_id=o2_0.cust_id left join employee e1_0 on e1_0.emp_id=o2_0.employee_id where (p1_0.price_date_time,p1_0.product_id) in ((?,?))
Hibernate: insert into product_price (note,price,price_date_time,product_id) values (?,?,?,?)
Hibernate: insert into product_price (note,price,price_date_time,product_id) values (?,?,?,?)
Hibernate: insert into product_price (note,price,price_date_time,product_id) values (?,?,?,?)
Hibernate: insert into product (description,manufacturer_name,name,status,unit,product_id) values (?,?,?,?,?,default)
Hibernate: select p1_0.product_id,p1_0.description,p1_0.manufacturer_name,p1_0.name,p1_0.status,p1_0.unit,o1_0.product_id,o1_0.order_id,o2_0.order_id,c1_0.cust_id,c1_0.address,c1_0.email,c1_0.cust_name,c1_0.phone,o2_0.employee_id,e1_0.emp_id,e1_0.address,e1_0.dob,e1_0.email,e1_0.full_name,e1_0.phone,e1_0.status,o2_0.order_date,o1_0.note,o1_0.price,o1_0.quantity from product p1_0 left join order_detail o1_0 on p1_0.product_id=o1_0.product_id left join orders o2_0 on o2_0.order_id=o1_0.order_id left join customer c1_0 on c1_0.cust_id=o2_0.cust_id left join employee e1_0 on e1_0.emp_id=o2_0.employee_id where p1_0.product_id=?
Hibernate: select p1_0.product_id,p1_0.price_date_time,p1_0.note,p1_0.price from product_price p1_0 where p1_0.product_id=?
Hibernate: select p1_0.product_id,p1_0.image_id,p1_0.alternative,p1_0.path from product_image p1_0 where p1_0.product_id=?
Hibernate: insert into product_image (alternative,path,product_id,image_id) values (?,?,?,default)
Hibernate: select p1_0.price_date_time,p1_0.product_id,p2_0.product_id,p2_0.description,p2_0.manufacturer_name,p2_0.name,p2_0.status,p2_0.unit,o1_0.product_id,o1_0.order_id,o2_0.order_id,c1_0.cust_id,c1_0.address,c1_0.email,c1_0.cust_name,c1_0.phone,o2_0.employee_id,e1_0.emp_id,e1_0.address,e1_0.dob,e1_0.email,e1_0.full_name,e1_0.phone,e1_0.status,o2_0.order_date,o1_0.note,o1_0.price,o1_0.quantity,p1_0.note,p1_0.price from product_price p1_0 join product p2_0 on p2_0.product_id=p1_0.product_id left join order_detail o1_0 on p2_0.product_id=o1_0.product_id left join orders o2_0 on o2_0.order_id=o1_0.order_id left join customer c1_0 on c1_0.cust_id=o2_0.cust_id left join employee e1_0 on e1_0.emp_id=o2_0.employee_id where (p1_0.price_date_time,p1_0.product_id) in ((?,?))
Hibernate: select p1_0.price_date_time,p1_0.product_id,p2_0.product_id,p2_0.description,p2_0.manufacturer_name,p2_0.name,p2_0.status,p2_0.unit,o1_0.product_id,o1_0.order_id,o2_0.order_id,c1_0.cust_id,c1_0.address,c1_0.email,c1_0.cust_name,c1_0.phone,o2_0.employee_id,e1_0.emp_id,e1_0.address,e1_0.dob,e1_0.email,e1_0.full_name,e1_0.phone,e1_0.status,o2_0.order_date,o1_0.note,o1_0.price,o1_0.quantity,p1_0.note,p1_0.price from product_price p1_0 join product p2_0 on p2_0.product_id=p1_0.product_id left join order_detail o1_0 on p2_0.product_id=o1_0.product_id left join orders o2_0 on o2_0.order_id=o1_0.order_id left join customer c1_0 on c1_0.cust_id=o2_0.cust_id left join employee e1_0 on e1_0.emp_id=o2_0.employee_id where (p1_0.price_date_time,p1_0.product_id) in ((?,?))
Hibernate: select p1_0.price_date_time,p1_0.product_id,p2_0.product_id,p2_0.description,p2_0.manufacturer_name,p2_0.name,p2_0.status,p2_0.unit,o1_0.product_id,o1_0.order_id,o2_0.order_id,c1_0.cust_id,c1_0.address,c1_0.email,c1_0.cust_name,c1_0.phone,o2_0.employee_id,e1_0.emp_id,e1_0.address,e1_0.dob,e1_0.email,e1_0.full_name,e1_0.phone,e1_0.status,o2_0.order_date,o1_0.note,o1_0.price,o1_0.quantity,p1_0.note,p1_0.price from product_price p1_0 join product p2_0 on p2_0.product_id=p1_0.product_id left join order_detail o1_0 on p2_0.product_id=o1_0.product_id left join orders o2_0 on o2_0.order_id=o1_0.order_id left join customer c1_0 on c1_0.cust_id=o2_0.cust_id left join employee e1_0 on e1_0.emp_id=o2_0.employee_id where (p1_0.price_date_time,p1_0.product_id) in ((?,?))
Hibernate: insert into product_price (note,price,price_date_time,product_id) values (?,?,?,?)
Hibernate: insert into product_price (note,price,price_date_time,product_id) values (?,?,?,?)
Hibernate: insert into product_price (note,price,price_date_time,product_id) values (?,?,?,?)
Hibernate: insert into product (description,manufacturer_name,name,status,unit,product_id) values (?,?,?,?,?,default)
Hibernate: select p1_0.product_id,p1_0.description,p1_0.manufacturer_name,p1_0.name,p1_0.status,p1_0.unit,o1_0.product_id,o1_0.order_id,o2_0.order_id,c1_0.cust_id,c1_0.address,c1_0.email,c1_0.cust_name,c1_0.phone,o2_0.employee_id,e1_0.emp_id,e1_0.address,e1_0.dob,e1_0.email,e1_0.full_name,e1_0.phone,e1_0.status,o2_0.order_date,o1_0.note,o1_0.price,o1_0.quantity from product p1_0 left join order_detail o1_0 on p1_0.product_id=o1_0.product_id left join orders o2_0 on o2_0.order_id=o1_0.order_id left join customer c1_0 on c1_0.cust_id=o2_0.cust_id left join employee e1_0 on e1_0.emp_id=o2_0.employee_id where p1_0.product_id=?
Hibernate: select p1_0.product_id,p1_0.price_date_time,p1_0.note,p1_0.price from product_price p1_0 where p1_0.product_id=?
Hibernate: select p1_0.product_id,p1_0.image_id,p1_0.alternative,p1_0.path from product_image p1_0 where p1_0.product_id=?
Hibernate: insert into product_image (alternative,path,product_id,image_id) values (?,?,?,default)
Hibernate: select p1_0.price_date_time,p1_0.product_id,p2_0.product_id,p2_0.description,p2_0.manufacturer_name,p2_0.name,p2_0.status,p2_0.unit,o1_0.product_id,o1_0.order_id,o2_0.order_id,c1_0.cust_id,c1_0.address,c1_0.email,c1_0.cust_name,c1_0.phone,o2_0.employee_id,e1_0.emp_id,e1_0.address,e1_0.dob,e1_0.email,e1_0.full_name,e1_0.phone,e1_0.status,o2_0.order_date,o1_0.note,o1_0.price,o1_0.quantity,p1_0.note,p1_0.price from product_price p1_0 join product p2_0 on p2_0.product_id=p1_0.product_id left join order_detail o1_0 on p2_0.product_id=o1_0.product_id left join orders o2_0 on o2_0.order_id=o1_0.order_id left join customer c1_0 on c1_0.cust_id=o2_0.cust_id left join employee e1_0 on e1_0.emp_id=o2_0.employee_id where (p1_0.price_date_time,p1_0.product_id) in ((?,?))
Hibernate: select p1_0.price_date_time,p1_0.product_id,p2_0.product_id,p2_0.description,p2_0.manufacturer_name,p2_0.name,p2_0.status,p2_0.unit,o1_0.product_id,o1_0.order_id,o2_0.order_id,c1_0.cust_id,c1_0.address,c1_0.email,c1_0.cust_name,c1_0.phone,o2_0.employee_id,e1_0.emp_id,e1_0.address,e1_0.dob,e1_0.email,e1_0.full_name,e1_0.phone,e1_0.status,o2_0.order_date,o1_0.note,o1_0.price,o1_0.quantity,p1_0.note,p1_0.price from product_price p1_0 join product p2_0 on p2_0.product_id=p1_0.product_id left join order_detail o1_0 on p2_0.product_id=o1_0.product_id left join orders o2_0 on o2_0.order_id=o1_0.order_id left join customer c1_0 on c1_0.cust_id=o2_0.cust_id left join employee e1_0 on e1_0.emp_id=o2_0.employee_id where (p1_0.price_date_time,p1_0.product_id) in ((?,?))
Hibernate: select p1_0.price_date_time,p1_0.product_id,p2_0.product_id,p2_0.description,p2_0.manufacturer_name,p2_0.name,p2_0.status,p2_0.unit,o1_0.product_id,o1_0.order_id,o2_0.order_id,c1_0.cust_id,c1_0.address,c1_0.email,c1_0.cust_name,c1_0.phone,o2_0.employee_id,e1_0.emp_id,e1_0.address,e1_0.dob,e1_0.email,e1_0.full_name,e1_0.phone,e1_0.status,o2_0.order_date,o1_0.note,o1_0.price,o1_0.quantity,p1_0.note,p1_0.price from product_price p1_0 join product p2_0 on p2_0.product_id=p1_0.product_id left join order_detail o1_0 on p2_0.product_id=o1_0.product_id left join orders o2_0 on o2_0.order_id=o1_0.order_id left join customer c1_0 on c1_0.cust_id=o2_0.cust_id left join employee e1_0 on e1_0.emp_id=o2_0.employee_id where (p1_0.price_date_time,p1_0.product_id) in ((?,?))
Hibernate: insert into product_price (note,price,price_date_time,product_id) values (?,?,?,?)
Hibernate: insert into product_price (note,price,price_date_time,product_id) values (?,?,?,?)
Hibernate: insert into product_price (note,price,price_date_time,product_id) values (?,?,?,?)
Hibernate: insert into product (description,manufacturer_name,name,status,unit,product_id) values (?,?,?,?,?,default)
Hibernate: select p1_0.product_id,p1_0.description,p1_0.manufacturer_name,p1_0.name,p1_0.status,p1_0.unit,o1_0.product_id,o1_0.order_id,o2_0.order_id,c1_0.cust_id,c1_0.address,c1_0.email,c1_0.cust_name,c1_0.phone,o2_0.employee_id,e1_0.emp_id,e1_0.address,e1_0.dob,e1_0.email,e1_0.full_name,e1_0.phone,e1_0.status,o2_0.order_date,o1_0.note,o1_0.price,o1_0.quantity from product p1_0 left join order_detail o1_0 on p1_0.product_id=o1_0.product_id left join orders o2_0 on o2_0.order_id=o1_0.order_id left join customer c1_0 on c1_0.cust_id=o2_0.cust_id left join employee e1_0 on e1_0.emp_id=o2_0.employee_id where p1_0.product_id=?
Hibernate: select p1_0.product_id,p1_0.price_date_time,p1_0.note,p1_0.price from product_price p1_0 where p1_0.product_id=?
Hibernate: select p1_0.product_id,p1_0.image_id,p1_0.alternative,p1_0.path from product_image p1_0 where p1_0.product_id=?
Hibernate: insert into product_image (alternative,path,product_id,image_id) values (?,?,?,default)
Hibernate: select p1_0.price_date_time,p1_0.product_id,p2_0.product_id,p2_0.description,p2_0.manufacturer_name,p2_0.name,p2_0.status,p2_0.unit,o1_0.product_id,o1_0.order_id,o2_0.order_id,c1_0.cust_id,c1_0.address,c1_0.email,c1_0.cust_name,c1_0.phone,o2_0.employee_id,e1_0.emp_id,e1_0.address,e1_0.dob,e1_0.email,e1_0.full_name,e1_0.phone,e1_0.status,o2_0.order_date,o1_0.note,o1_0.price,o1_0.quantity,p1_0.note,p1_0.price from product_price p1_0 join product p2_0 on p2_0.product_id=p1_0.product_id left join order_detail o1_0 on p2_0.product_id=o1_0.product_id left join orders o2_0 on o2_0.order_id=o1_0.order_id left join customer c1_0 on c1_0.cust_id=o2_0.cust_id left join employee e1_0 on e1_0.emp_id=o2_0.employee_id where (p1_0.price_date_time,p1_0.product_id) in ((?,?))
Hibernate: select p1_0.price_date_time,p1_0.product_id,p2_0.product_id,p2_0.description,p2_0.manufacturer_name,p2_0.name,p2_0.status,p2_0.unit,o1_0.product_id,o1_0.order_id,o2_0.order_id,c1_0.cust_id,c1_0.address,c1_0.email,c1_0.cust_name,c1_0.phone,o2_0.employee_id,e1_0.emp_id,e1_0.address,e1_0.dob,e1_0.email,e1_0.full_name,e1_0.phone,e1_0.status,o2_0.order_date,o1_0.note,o1_0.price,o1_0.quantity,p1_0.note,p1_0.price from product_price p1_0 join product p2_0 on p2_0.product_id=p1_0.product_id left join order_detail o1_0 on p2_0.product_id=o1_0.product_id left join orders o2_0 on o2_0.order_id=o1_0.order_id left join customer c1_0 on c1_0.cust_id=o2_0.cust_id left join employee e1_0 on e1_0.emp_id=o2_0.employee_id where (p1_0.price_date_time,p1_0.product_id) in ((?,?))
Hibernate: select p1_0.price_date_time,p1_0.product_id,p2_0.product_id,p2_0.description,p2_0.manufacturer_name,p2_0.name,p2_0.status,p2_0.unit,o1_0.product_id,o1_0.order_id,o2_0.order_id,c1_0.cust_id,c1_0.address,c1_0.email,c1_0.cust_name,c1_0.phone,o2_0.employee_id,e1_0.emp_id,e1_0.address,e1_0.dob,e1_0.email,e1_0.full_name,e1_0.phone,e1_0.status,o2_0.order_date,o1_0.note,o1_0.price,o1_0.quantity,p1_0.note,p1_0.price from product_price p1_0 join product p2_0 on p2_0.product_id=p1_0.product_id left join order_detail o1_0 on p2_0.product_id=o1_0.product_id left join orders o2_0 on o2_0.order_id=o1_0.order_id left join customer c1_0 on c1_0.cust_id=o2_0.cust_id left join employee e1_0 on e1_0.emp_id=o2_0.employee_id where (p1_0.price_date_time,p1_0.product_id) in ((?,?))
Hibernate: insert into product_price (note,price,price_date_time,product_id) values (?,?,?,?)
Hibernate: insert into product_price (note,price,price_date_time,product_id) values (?,?,?,?)
Hibernate: insert into product_price (note,price,price_date_time,product_id) values (?,?,?,?)
Hibernate: insert into product (description,manufacturer_name,name,status,unit,product_id) values (?,?,?,?,?,default)
Hibernate: select p1_0.product_id,p1_0.description,p1_0.manufacturer_name,p1_0.name,p1_0.status,p1_0.unit,o1_0.product_id,o1_0.order_id,o2_0.order_id,c1_0.cust_id,c1_0.address,c1_0.email,c1_0.cust_name,c1_0.phone,o2_0.employee_id,e1_0.emp_id,e1_0.address,e1_0.dob,e1_0.email,e1_0.full_name,e1_0.phone,e1_0.status,o2_0.order_date,o1_0.note,o1_0.price,o1_0.quantity from product p1_0 left join order_detail o1_0 on p1_0.product_id=o1_0.product_id left join orders o2_0 on o2_0.order_id=o1_0.order_id left join customer c1_0 on c1_0.cust_id=o2_0.cust_id left join employee e1_0 on e1_0.emp_id=o2_0.employee_id where p1_0.product_id=?
Hibernate: select p1_0.product_id,p1_0.price_date_time,p1_0.note,p1_0.price from product_price p1_0 where p1_0.product_id=?
Hibernate: select p1_0.product_id,p1_0.image_id,p1_0.alternative,p1_0.path from product_image p1_0 where p1_0.product_id=?
Hibernate: insert into product_image (alternative,path,product_id,image_id) values (?,?,?,default)
Hibernate: select p1_0.price_date_time,p1_0.product_id,p2_0.product_id,p2_0.description,p2_0.manufacturer_name,p2_0.name,p2_0.status,p2_0.unit,o1_0.product_id,o1_0.order_id,o2_0.order_id,c1_0.cust_id,c1_0.address,c1_0.email,c1_0.cust_name,c1_0.phone,o2_0.employee_id,e1_0.emp_id,e1_0.address,e1_0.dob,e1_0.email,e1_0.full_name,e1_0.phone,e1_0.status,o2_0.order_date,o1_0.note,o1_0.price,o1_0.quantity,p1_0.note,p1_0.price from product_price p1_0 join product p2_0 on p2_0.product_id=p1_0.product_id left join order_detail o1_0 on p2_0.product_id=o1_0.product_id left join orders o2_0 on o2_0.order_id=o1_0.order_id left join customer c1_0 on c1_0.cust_id=o2_0.cust_id left join employee e1_0 on e1_0.emp_id=o2_0.employee_id where (p1_0.price_date_time,p1_0.product_id) in ((?,?))
Hibernate: select p1_0.price_date_time,p1_0.product_id,p2_0.product_id,p2_0.description,p2_0.manufacturer_name,p2_0.name,p2_0.status,p2_0.unit,o1_0.product_id,o1_0.order_id,o2_0.order_id,c1_0.cust_id,c1_0.address,c1_0.email,c1_0.cust_name,c1_0.phone,o2_0.employee_id,e1_0.emp_id,e1_0.address,e1_0.dob,e1_0.email,e1_0.full_name,e1_0.phone,e1_0.status,o2_0.order_date,o1_0.note,o1_0.price,o1_0.quantity,p1_0.note,p1_0.price from product_price p1_0 join product p2_0 on p2_0.product_id=p1_0.product_id left join order_detail o1_0 on p2_0.product_id=o1_0.product_id left join orders o2_0 on o2_0.order_id=o1_0.order_id left join customer c1_0 on c1_0.cust_id=o2_0.cust_id left join employee e1_0 on e1_0.emp_id=o2_0.employee_id where (p1_0.price_date_time,p1_0.product_id) in ((?,?))
Hibernate: select p1_0.price_date_time,p1_0.product_id,p2_0.product_id,p2_0.description,p2_0.manufacturer_name,p2_0.name,p2_0.status,p2_0.unit,o1_0.product_id,o1_0.order_id,o2_0.order_id,c1_0.cust_id,c1_0.address,c1_0.email,c1_0.cust_name,c1_0.phone,o2_0.employee_id,e1_0.emp_id,e1_0.address,e1_0.dob,e1_0.email,e1_0.full_name,e1_0.phone,e1_0.status,o2_0.order_date,o1_0.note,o1_0.price,o1_0.quantity,p1_0.note,p1_0.price from product_price p1_0 join product p2_0 on p2_0.product_id=p1_0.product_id left join order_detail o1_0 on p2_0.product_id=o1_0.product_id left join orders o2_0 on o2_0.order_id=o1_0.order_id left join customer c1_0 on c1_0.cust_id=o2_0.cust_id left join employee e1_0 on e1_0.emp_id=o2_0.employee_id where (p1_0.price_date_time,p1_0.product_id) in ((?,?))
Hibernate: insert into product_price (note,price,price_date_time,product_id) values (?,?,?,?)
Hibernate: insert into product_price (note,price,price_date_time,product_id) values (?,?,?,?)
Hibernate: insert into product_price (note,price,price_date_time,product_id) values (?,?,?,?)
Hibernate: insert into product (description,manufacturer_name,name,status,unit,product_id) values (?,?,?,?,?,default)
Hibernate: select p1_0.product_id,p1_0.description,p1_0.manufacturer_name,p1_0.name,p1_0.status,p1_0.unit,o1_0.product_id,o1_0.order_id,o2_0.order_id,c1_0.cust_id,c1_0.address,c1_0.email,c1_0.cust_name,c1_0.phone,o2_0.employee_id,e1_0.emp_id,e1_0.address,e1_0.dob,e1_0.email,e1_0.full_name,e1_0.phone,e1_0.status,o2_0.order_date,o1_0.note,o1_0.price,o1_0.quantity from product p1_0 left join order_detail o1_0 on p1_0.product_id=o1_0.product_id left join orders o2_0 on o2_0.order_id=o1_0.order_id left join customer c1_0 on c1_0.cust_id=o2_0.cust_id left join employee e1_0 on e1_0.emp_id=o2_0.employee_id where p1_0.product_id=?
Hibernate: select p1_0.product_id,p1_0.price_date_time,p1_0.note,p1_0.price from product_price p1_0 where p1_0.product_id=?
Hibernate: select p1_0.product_id,p1_0.image_id,p1_0.alternative,p1_0.path from product_image p1_0 where p1_0.product_id=?
Hibernate: insert into product_image (alternative,path,product_id,image_id) values (?,?,?,default)
Hibernate: select p1_0.price_date_time,p1_0.product_id,p2_0.product_id,p2_0.description,p2_0.manufacturer_name,p2_0.name,p2_0.status,p2_0.unit,o1_0.product_id,o1_0.order_id,o2_0.order_id,c1_0.cust_id,c1_0.address,c1_0.email,c1_0.cust_name,c1_0.phone,o2_0.employee_id,e1_0.emp_id,e1_0.address,e1_0.dob,e1_0.email,e1_0.full_name,e1_0.phone,e1_0.status,o2_0.order_date,o1_0.note,o1_0.price,o1_0.quantity,p1_0.note,p1_0.price from product_price p1_0 join product p2_0 on p2_0.product_id=p1_0.product_id left join order_detail o1_0 on p2_0.product_id=o1_0.product_id left join orders o2_0 on o2_0.order_id=o1_0.order_id left join customer c1_0 on c1_0.cust_id=o2_0.cust_id left join employee e1_0 on e1_0.emp_id=o2_0.employee_id where (p1_0.price_date_time,p1_0.product_id) in ((?,?))
Hibernate: select p1_0.price_date_time,p1_0.product_id,p2_0.product_id,p2_0.description,p2_0.manufacturer_name,p2_0.name,p2_0.status,p2_0.unit,o1_0.product_id,o1_0.order_id,o2_0.order_id,c1_0.cust_id,c1_0.address,c1_0.email,c1_0.cust_name,c1_0.phone,o2_0.employee_id,e1_0.emp_id,e1_0.address,e1_0.dob,e1_0.email,e1_0.full_name,e1_0.phone,e1_0.status,o2_0.order_date,o1_0.note,o1_0.price,o1_0.quantity,p1_0.note,p1_0.price from product_price p1_0 join product p2_0 on p2_0.product_id=p1_0.product_id left join order_detail o1_0 on p2_0.product_id=o1_0.product_id left join orders o2_0 on o2_0.order_id=o1_0.order_id left join customer c1_0 on c1_0.cust_id=o2_0.cust_id left join employee e1_0 on e1_0.emp_id=o2_0.employee_id where (p1_0.price_date_time,p1_0.product_id) in ((?,?))
Hibernate: select p1_0.price_date_time,p1_0.product_id,p2_0.product_id,p2_0.description,p2_0.manufacturer_name,p2_0.name,p2_0.status,p2_0.unit,o1_0.product_id,o1_0.order_id,o2_0.order_id,c1_0.cust_id,c1_0.address,c1_0.email,c1_0.cust_name,c1_0.phone,o2_0.employee_id,e1_0.emp_id,e1_0.address,e1_0.dob,e1_0.email,e1_0.full_name,e1_0.phone,e1_0.status,o2_0.order_date,o1_0.note,o1_0.price,o1_0.quantity,p1_0.note,p1_0.price from product_price p1_0 join product p2_0 on p2_0.product_id=p1_0.product_id left join order_detail o1_0 on p2_0.product_id=o1_0.product_id left join orders o2_0 on o2_0.order_id=o1_0.order_id left join customer c1_0 on c1_0.cust_id=o2_0.cust_id left join employee e1_0 on e1_0.emp_id=o2_0.employee_id where (p1_0.price_date_time,p1_0.product_id) in ((?,?))
Hibernate: insert into product_price (note,price,price_date_time,product_id) values (?,?,?,?)
Hibernate: insert into product_price (note,price,price_date_time,product_id) values (?,?,?,?)
Hibernate: insert into product_price (note,price,price_date_time,product_id) values (?,?,?,?)
Hibernate: insert into product (description,manufacturer_name,name,status,unit,product_id) values (?,?,?,?,?,default)
Hibernate: select p1_0.product_id,p1_0.description,p1_0.manufacturer_name,p1_0.name,p1_0.status,p1_0.unit,o1_0.product_id,o1_0.order_id,o2_0.order_id,c1_0.cust_id,c1_0.address,c1_0.email,c1_0.cust_name,c1_0.phone,o2_0.employee_id,e1_0.emp_id,e1_0.address,e1_0.dob,e1_0.email,e1_0.full_name,e1_0.phone,e1_0.status,o2_0.order_date,o1_0.note,o1_0.price,o1_0.quantity from product p1_0 left join order_detail o1_0 on p1_0.product_id=o1_0.product_id left join orders o2_0 on o2_0.order_id=o1_0.order_id left join customer c1_0 on c1_0.cust_id=o2_0.cust_id left join employee e1_0 on e1_0.emp_id=o2_0.employee_id where p1_0.product_id=?
Hibernate: select p1_0.product_id,p1_0.price_date_time,p1_0.note,p1_0.price from product_price p1_0 where p1_0.product_id=?
Hibernate: select p1_0.product_id,p1_0.image_id,p1_0.alternative,p1_0.path from product_image p1_0 where p1_0.product_id=?
Hibernate: insert into product_image (alternative,path,product_id,image_id) values (?,?,?,default)
Hibernate: select p1_0.price_date_time,p1_0.product_id,p2_0.product_id,p2_0.description,p2_0.manufacturer_name,p2_0.name,p2_0.status,p2_0.unit,o1_0.product_id,o1_0.order_id,o2_0.order_id,c1_0.cust_id,c1_0.address,c1_0.email,c1_0.cust_name,c1_0.phone,o2_0.employee_id,e1_0.emp_id,e1_0.address,e1_0.dob,e1_0.email,e1_0.full_name,e1_0.phone,e1_0.status,o2_0.order_date,o1_0.note,o1_0.price,o1_0.quantity,p1_0.note,p1_0.price from product_price p1_0 join product p2_0 on p2_0.product_id=p1_0.product_id left join order_detail o1_0 on p2_0.product_id=o1_0.product_id left join orders o2_0 on o2_0.order_id=o1_0.order_id left join customer c1_0 on c1_0.cust_id=o2_0.cust_id left join employee e1_0 on e1_0.emp_id=o2_0.employee_id where (p1_0.price_date_time,p1_0.product_id) in ((?,?))
Hibernate: select p1_0.price_date_time,p1_0.product_id,p2_0.product_id,p2_0.description,p2_0.manufacturer_name,p2_0.name,p2_0.status,p2_0.unit,o1_0.product_id,o1_0.order_id,o2_0.order_id,c1_0.cust_id,c1_0.address,c1_0.email,c1_0.cust_name,c1_0.phone,o2_0.employee_id,e1_0.emp_id,e1_0.address,e1_0.dob,e1_0.email,e1_0.full_name,e1_0.phone,e1_0.status,o2_0.order_date,o1_0.note,o1_0.price,o1_0.quantity,p1_0.note,p1_0.price from product_price p1_0 join product p2_0 on p2_0.product_id=p1_0.product_id left join order_detail o1_0 on p2_0.product_id=o1_0.product_id left join orders o2_0 on o2_0.order_id=o1_0.order_id left join customer c1_0 on c1_0.cust_id=o2_0.cust_id left join employee e1_0 on e1_0.emp_id=o2_0.employee_id where (p1_0.price_date_time,p1_0.product_id) in ((?,?))
Hibernate: select p1_0.price_date_time,p1_0.product_id,p2_0.product_id,p2_0.description,p2_0.manufacturer_name,p2_0.name,p2_0.status,p2_0.unit,o1_0.product_id,o1_0.order_id,o2_0.order_id,c1_0.cust_id,c1_0.address,c1_0.email,c1_0.cust_name,c1_0.phone,o2_0.employee_id,e1_0.emp_id,e1_0.address,e1_0.dob,e1_0.email,e1_0.full_name,e1_0.phone,e1_0.status,o2_0.order_date,o1_0.note,o1_0.price,o1_0.quantity,p1_0.note,p1_0.price from product_price p1_0 join product p2_0 on p2_0.product_id=p1_0.product_id left join order_detail o1_0 on p2_0.product_id=o1_0.product_id left join orders o2_0 on o2_0.order_id=o1_0.order_id left join customer c1_0 on c1_0.cust_id=o2_0.cust_id left join employee e1_0 on e1_0.emp_id=o2_0.employee_id where (p1_0.price_date_time,p1_0.product_id) in ((?,?))
Hibernate: insert into product_price (note,price,price_date_time,product_id) values (?,?,?,?)
Hibernate: insert into product_price (note,price,price_date_time,product_id) values (?,?,?,?)
Hibernate: insert into product_price (note,price,price_date_time,product_id) values (?,?,?,?)
Hibernate: insert into product (description,manufacturer_name,name,status,unit,product_id) values (?,?,?,?,?,default)
Hibernate: select p1_0.product_id,p1_0.description,p1_0.manufacturer_name,p1_0.name,p1_0.status,p1_0.unit,o1_0.product_id,o1_0.order_id,o2_0.order_id,c1_0.cust_id,c1_0.address,c1_0.email,c1_0.cust_name,c1_0.phone,o2_0.employee_id,e1_0.emp_id,e1_0.address,e1_0.dob,e1_0.email,e1_0.full_name,e1_0.phone,e1_0.status,o2_0.order_date,o1_0.note,o1_0.price,o1_0.quantity from product p1_0 left join order_detail o1_0 on p1_0.product_id=o1_0.product_id left join orders o2_0 on o2_0.order_id=o1_0.order_id left join customer c1_0 on c1_0.cust_id=o2_0.cust_id left join employee e1_0 on e1_0.emp_id=o2_0.employee_id where p1_0.product_id=?
Hibernate: select p1_0.product_id,p1_0.price_date_time,p1_0.note,p1_0.price from product_price p1_0 where p1_0.product_id=?
Hibernate: select p1_0.product_id,p1_0.image_id,p1_0.alternative,p1_0.path from product_image p1_0 where p1_0.product_id=?
Hibernate: insert into product_image (alternative,path,product_id,image_id) values (?,?,?,default)
Hibernate: select p1_0.price_date_time,p1_0.product_id,p2_0.product_id,p2_0.description,p2_0.manufacturer_name,p2_0.name,p2_0.status,p2_0.unit,o1_0.product_id,o1_0.order_id,o2_0.order_id,c1_0.cust_id,c1_0.address,c1_0.email,c1_0.cust_name,c1_0.phone,o2_0.employee_id,e1_0.emp_id,e1_0.address,e1_0.dob,e1_0.email,e1_0.full_name,e1_0.phone,e1_0.status,o2_0.order_date,o1_0.note,o1_0.price,o1_0.quantity,p1_0.note,p1_0.price from product_price p1_0 join product p2_0 on p2_0.product_id=p1_0.product_id left join order_detail o1_0 on p2_0.product_id=o1_0.product_id left join orders o2_0 on o2_0.order_id=o1_0.order_id left join customer c1_0 on c1_0.cust_id=o2_0.cust_id left join employee e1_0 on e1_0.emp_id=o2_0.employee_id where (p1_0.price_date_time,p1_0.product_id) in ((?,?))
Hibernate: select p1_0.price_date_time,p1_0.product_id,p2_0.product_id,p2_0.description,p2_0.manufacturer_name,p2_0.name,p2_0.status,p2_0.unit,o1_0.product_id,o1_0.order_id,o2_0.order_id,c1_0.cust_id,c1_0.address,c1_0.email,c1_0.cust_name,c1_0.phone,o2_0.employee_id,e1_0.emp_id,e1_0.address,e1_0.dob,e1_0.email,e1_0.full_name,e1_0.phone,e1_0.status,o2_0.order_date,o1_0.note,o1_0.price,o1_0.quantity,p1_0.note,p1_0.price from product_price p1_0 join product p2_0 on p2_0.product_id=p1_0.product_id left join order_detail o1_0 on p2_0.product_id=o1_0.product_id left join orders o2_0 on o2_0.order_id=o1_0.order_id left join customer c1_0 on c1_0.cust_id=o2_0.cust_id left join employee e1_0 on e1_0.emp_id=o2_0.employee_id where (p1_0.price_date_time,p1_0.product_id) in ((?,?))
Hibernate: select p1_0.price_date_time,p1_0.product_id,p2_0.product_id,p2_0.description,p2_0.manufacturer_name,p2_0.name,p2_0.status,p2_0.unit,o1_0.product_id,o1_0.order_id,o2_0.order_id,c1_0.cust_id,c1_0.address,c1_0.email,c1_0.cust_name,c1_0.phone,o2_0.employee_id,e1_0.emp_id,e1_0.address,e1_0.dob,e1_0.email,e1_0.full_name,e1_0.phone,e1_0.status,o2_0.order_date,o1_0.note,o1_0.price,o1_0.quantity,p1_0.note,p1_0.price from product_price p1_0 join product p2_0 on p2_0.product_id=p1_0.product_id left join order_detail o1_0 on p2_0.product_id=o1_0.product_id left join orders o2_0 on o2_0.order_id=o1_0.order_id left join customer c1_0 on c1_0.cust_id=o2_0.cust_id left join employee e1_0 on e1_0.emp_id=o2_0.employee_id where (p1_0.price_date_time,p1_0.product_id) in ((?,?))
Hibernate: insert into product_price (note,price,price_date_time,product_id) values (?,?,?,?)
Hibernate: insert into product_price (note,price,price_date_time,product_id) values (?,?,?,?)
Hibernate: insert into product_price (note,price,price_date_time,product_id) values (?,?,?,?)
Hibernate: insert into product (description,manufacturer_name,name,status,unit,product_id) values (?,?,?,?,?,default)
Hibernate: select p1_0.product_id,p1_0.description,p1_0.manufacturer_name,p1_0.name,p1_0.status,p1_0.unit,o1_0.product_id,o1_0.order_id,o2_0.order_id,c1_0.cust_id,c1_0.address,c1_0.email,c1_0.cust_name,c1_0.phone,o2_0.employee_id,e1_0.emp_id,e1_0.address,e1_0.dob,e1_0.email,e1_0.full_name,e1_0.phone,e1_0.status,o2_0.order_date,o1_0.note,o1_0.price,o1_0.quantity from product p1_0 left join order_detail o1_0 on p1_0.product_id=o1_0.product_id left join orders o2_0 on o2_0.order_id=o1_0.order_id left join customer c1_0 on c1_0.cust_id=o2_0.cust_id left join employee e1_0 on e1_0.emp_id=o2_0.employee_id where p1_0.product_id=?
Hibernate: select p1_0.product_id,p1_0.price_date_time,p1_0.note,p1_0.price from product_price p1_0 where p1_0.product_id=?
Hibernate: select p1_0.product_id,p1_0.image_id,p1_0.alternative,p1_0.path from product_image p1_0 where p1_0.product_id=?
Hibernate: insert into product_image (alternative,path,product_id,image_id) values (?,?,?,default)
Hibernate: select p1_0.price_date_time,p1_0.product_id,p2_0.product_id,p2_0.description,p2_0.manufacturer_name,p2_0.name,p2_0.status,p2_0.unit,o1_0.product_id,o1_0.order_id,o2_0.order_id,c1_0.cust_id,c1_0.address,c1_0.email,c1_0.cust_name,c1_0.phone,o2_0.employee_id,e1_0.emp_id,e1_0.address,e1_0.dob,e1_0.email,e1_0.full_name,e1_0.phone,e1_0.status,o2_0.order_date,o1_0.note,o1_0.price,o1_0.quantity,p1_0.note,p1_0.price from product_price p1_0 join product p2_0 on p2_0.product_id=p1_0.product_id left join order_detail o1_0 on p2_0.product_id=o1_0.product_id left join orders o2_0 on o2_0.order_id=o1_0.order_id left join customer c1_0 on c1_0.cust_id=o2_0.cust_id left join employee e1_0 on e1_0.emp_id=o2_0.employee_id where (p1_0.price_date_time,p1_0.product_id) in ((?,?))
Hibernate: select p1_0.price_date_time,p1_0.product_id,p2_0.product_id,p2_0.description,p2_0.manufacturer_name,p2_0.name,p2_0.status,p2_0.unit,o1_0.product_id,o1_0.order_id,o2_0.order_id,c1_0.cust_id,c1_0.address,c1_0.email,c1_0.cust_name,c1_0.phone,o2_0.employee_id,e1_0.emp_id,e1_0.address,e1_0.dob,e1_0.email,e1_0.full_name,e1_0.phone,e1_0.status,o2_0.order_date,o1_0.note,o1_0.price,o1_0.quantity,p1_0.note,p1_0.price from product_price p1_0 join product p2_0 on p2_0.product_id=p1_0.product_id left join order_detail o1_0 on p2_0.product_id=o1_0.product_id left join orders o2_0 on o2_0.order_id=o1_0.order_id left join customer c1_0 on c1_0.cust_id=o2_0.cust_id left join employee e1_0 on e1_0.emp_id=o2_0.employee_id where (p1_0.price_date_time,p1_0.product_id) in ((?,?))
Hibernate: select p1_0.price_date_time,p1_0.product_id,p2_0.product_id,p2_0.description,p2_0.manufacturer_name,p2_0.name,p2_0.status,p2_0.unit,o1_0.product_id,o1_0.order_id,o2_0.order_id,c1_0.cust_id,c1_0.address,c1_0.email,c1_0.cust_name,c1_0.phone,o2_0.employee_id,e1_0.emp_id,e1_0.address,e1_0.dob,e1_0.email,e1_0.full_name,e1_0.phone,e1_0.status,o2_0.order_date,o1_0.note,o1_0.price,o1_0.quantity,p1_0.note,p1_0.price from product_price p1_0 join product p2_0 on p2_0.product_id=p1_0.product_id left join order_detail o1_0 on p2_0.product_id=o1_0.product_id left join orders o2_0 on o2_0.order_id=o1_0.order_id left join customer c1_0 on c1_0.cust_id=o2_0.cust_id left join employee e1_0 on e1_0.emp_id=o2_0.employee_id where (p1_0.price_date_time,p1_0.product_id) in ((?,?))
Hibernate: insert into product_price (note,price,price_date_time,product_id) values (?,?,?,?)
Hibernate: insert into product_price (note,price,price_date_time,product_id) values (?,?,?,?)
Hibernate: insert into product_price (note,price,price_date_time,product_id) values (?,?,?,?)
Hibernate: insert into product (description,manufacturer_name,name,status,unit,product_id) values (?,?,?,?,?,default)
Hibernate: select p1_0.product_id,p1_0.description,p1_0.manufacturer_name,p1_0.name,p1_0.status,p1_0.unit,o1_0.product_id,o1_0.order_id,o2_0.order_id,c1_0.cust_id,c1_0.address,c1_0.email,c1_0.cust_name,c1_0.phone,o2_0.employee_id,e1_0.emp_id,e1_0.address,e1_0.dob,e1_0.email,e1_0.full_name,e1_0.phone,e1_0.status,o2_0.order_date,o1_0.note,o1_0.price,o1_0.quantity from product p1_0 left join order_detail o1_0 on p1_0.product_id=o1_0.product_id left join orders o2_0 on o2_0.order_id=o1_0.order_id left join customer c1_0 on c1_0.cust_id=o2_0.cust_id left join employee e1_0 on e1_0.emp_id=o2_0.employee_id where p1_0.product_id=?
Hibernate: select p1_0.product_id,p1_0.price_date_time,p1_0.note,p1_0.price from product_price p1_0 where p1_0.product_id=?
Hibernate: select p1_0.product_id,p1_0.image_id,p1_0.alternative,p1_0.path from product_image p1_0 where p1_0.product_id=?
Hibernate: insert into product_image (alternative,path,product_id,image_id) values (?,?,?,default)
Hibernate: select p1_0.price_date_time,p1_0.product_id,p2_0.product_id,p2_0.description,p2_0.manufacturer_name,p2_0.name,p2_0.status,p2_0.unit,o1_0.product_id,o1_0.order_id,o2_0.order_id,c1_0.cust_id,c1_0.address,c1_0.email,c1_0.cust_name,c1_0.phone,o2_0.employee_id,e1_0.emp_id,e1_0.address,e1_0.dob,e1_0.email,e1_0.full_name,e1_0.phone,e1_0.status,o2_0.order_date,o1_0.note,o1_0.price,o1_0.quantity,p1_0.note,p1_0.price from product_price p1_0 join product p2_0 on p2_0.product_id=p1_0.product_id left join order_detail o1_0 on p2_0.product_id=o1_0.product_id left join orders o2_0 on o2_0.order_id=o1_0.order_id left join customer c1_0 on c1_0.cust_id=o2_0.cust_id left join employee e1_0 on e1_0.emp_id=o2_0.employee_id where (p1_0.price_date_time,p1_0.product_id) in ((?,?))
Hibernate: select p1_0.price_date_time,p1_0.product_id,p2_0.product_id,p2_0.description,p2_0.manufacturer_name,p2_0.name,p2_0.status,p2_0.unit,o1_0.product_id,o1_0.order_id,o2_0.order_id,c1_0.cust_id,c1_0.address,c1_0.email,c1_0.cust_name,c1_0.phone,o2_0.employee_id,e1_0.emp_id,e1_0.address,e1_0.dob,e1_0.email,e1_0.full_name,e1_0.phone,e1_0.status,o2_0.order_date,o1_0.note,o1_0.price,o1_0.quantity,p1_0.note,p1_0.price from product_price p1_0 join product p2_0 on p2_0.product_id=p1_0.product_id left join order_detail o1_0 on p2_0.product_id=o1_0.product_id left join orders o2_0 on o2_0.order_id=o1_0.order_id left join customer c1_0 on c1_0.cust_id=o2_0.cust_id left join employee e1_0 on e1_0.emp_id=o2_0.employee_id where (p1_0.price_date_time,p1_0.product_id) in ((?,?))
Hibernate: select p1_0.price_date_time,p1_0.product_id,p2_0.product_id,p2_0.description,p2_0.manufacturer_name,p2_0.name,p2_0.status,p2_0.unit,o1_0.product_id,o1_0.order_id,o2_0.order_id,c1_0.cust_id,c1_0.address,c1_0.email,c1_0.cust_name,c1_0.phone,o2_0.employee_id,e1_0.emp_id,e1_0.address,e1_0.dob,e1_0.email,e1_0.full_name,e1_0.phone,e1_0.status,o2_0.order_date,o1_0.note,o1_0.price,o1_0.quantity,p1_0.note,p1_0.price from product_price p1_0 join product p2_0 on p2_0.product_id=p1_0.product_id left join order_detail o1_0 on p2_0.product_id=o1_0.product_id left join orders o2_0 on o2_0.order_id=o1_0.order_id left join customer c1_0 on c1_0.cust_id=o2_0.cust_id left join employee e1_0 on e1_0.emp_id=o2_0.employee_id where (p1_0.price_date_time,p1_0.product_id) in ((?,?))
Hibernate: insert into product_price (note,price,price_date_time,product_id) values (?,?,?,?)
Hibernate: insert into product_price (note,price,price_date_time,product_id) values (?,?,?,?)
Hibernate: insert into product_price (note,price,price_date_time,product_id) values (?,?,?,?)
Hibernate: insert into product (description,manufacturer_name,name,status,unit,product_id) values (?,?,?,?,?,default)
Hibernate: select p1_0.product_id,p1_0.description,p1_0.manufacturer_name,p1_0.name,p1_0.status,p1_0.unit,o1_0.product_id,o1_0.order_id,o2_0.order_id,c1_0.cust_id,c1_0.address,c1_0.email,c1_0.cust_name,c1_0.phone,o2_0.employee_id,e1_0.emp_id,e1_0.address,e1_0.dob,e1_0.email,e1_0.full_name,e1_0.phone,e1_0.status,o2_0.order_date,o1_0.note,o1_0.price,o1_0.quantity from product p1_0 left join order_detail o1_0 on p1_0.product_id=o1_0.product_id left join orders o2_0 on o2_0.order_id=o1_0.order_id left join customer c1_0 on c1_0.cust_id=o2_0.cust_id left join employee e1_0 on e1_0.emp_id=o2_0.employee_id where p1_0.product_id=?
Hibernate: select p1_0.product_id,p1_0.price_date_time,p1_0.note,p1_0.price from product_price p1_0 where p1_0.product_id=?
Hibernate: select p1_0.product_id,p1_0.image_id,p1_0.alternative,p1_0.path from product_image p1_0 where p1_0.product_id=?
Hibernate: insert into product_image (alternative,path,product_id,image_id) values (?,?,?,default)
Hibernate: select p1_0.price_date_time,p1_0.product_id,p2_0.product_id,p2_0.description,p2_0.manufacturer_name,p2_0.name,p2_0.status,p2_0.unit,o1_0.product_id,o1_0.order_id,o2_0.order_id,c1_0.cust_id,c1_0.address,c1_0.email,c1_0.cust_name,c1_0.phone,o2_0.employee_id,e1_0.emp_id,e1_0.address,e1_0.dob,e1_0.email,e1_0.full_name,e1_0.phone,e1_0.status,o2_0.order_date,o1_0.note,o1_0.price,o1_0.quantity,p1_0.note,p1_0.price from product_price p1_0 join product p2_0 on p2_0.product_id=p1_0.product_id left join order_detail o1_0 on p2_0.product_id=o1_0.product_id left join orders o2_0 on o2_0.order_id=o1_0.order_id left join customer c1_0 on c1_0.cust_id=o2_0.cust_id left join employee e1_0 on e1_0.emp_id=o2_0.employee_id where (p1_0.price_date_time,p1_0.product_id) in ((?,?))
Hibernate: select p1_0.price_date_time,p1_0.product_id,p2_0.product_id,p2_0.description,p2_0.manufacturer_name,p2_0.name,p2_0.status,p2_0.unit,o1_0.product_id,o1_0.order_id,o2_0.order_id,c1_0.cust_id,c1_0.address,c1_0.email,c1_0.cust_name,c1_0.phone,o2_0.employee_id,e1_0.emp_id,e1_0.address,e1_0.dob,e1_0.email,e1_0.full_name,e1_0.phone,e1_0.status,o2_0.order_date,o1_0.note,o1_0.price,o1_0.quantity,p1_0.note,p1_0.price from product_price p1_0 join product p2_0 on p2_0.product_id=p1_0.product_id left join order_detail o1_0 on p2_0.product_id=o1_0.product_id left join orders o2_0 on o2_0.order_id=o1_0.order_id left join customer c1_0 on c1_0.cust_id=o2_0.cust_id left join employee e1_0 on e1_0.emp_id=o2_0.employee_id where (p1_0.price_date_time,p1_0.product_id) in ((?,?))
Hibernate: select p1_0.price_date_time,p1_0.product_id,p2_0.product_id,p2_0.description,p2_0.manufacturer_name,p2_0.name,p2_0.status,p2_0.unit,o1_0.product_id,o1_0.order_id,o2_0.order_id,c1_0.cust_id,c1_0.address,c1_0.email,c1_0.cust_name,c1_0.phone,o2_0.employee_id,e1_0.emp_id,e1_0.address,e1_0.dob,e1_0.email,e1_0.full_name,e1_0.phone,e1_0.status,o2_0.order_date,o1_0.note,o1_0.price,o1_0.quantity,p1_0.note,p1_0.price from product_price p1_0 join product p2_0 on p2_0.product_id=p1_0.product_id left join order_detail o1_0 on p2_0.product_id=o1_0.product_id left join orders o2_0 on o2_0.order_id=o1_0.order_id left join customer c1_0 on c1_0.cust_id=o2_0.cust_id left join employee e1_0 on e1_0.emp_id=o2_0.employee_id where (p1_0.price_date_time,p1_0.product_id) in ((?,?))
Hibernate: insert into product_price (note,price,price_date_time,product_id) values (?,?,?,?)
Hibernate: insert into product_price (note,price,price_date_time,product_id) values (?,?,?,?)
Hibernate: insert into product_price (note,price,price_date_time,product_id) values (?,?,?,?)
Hibernate: insert into product (description,manufacturer_name,name,status,unit,product_id) values (?,?,?,?,?,default)
Hibernate: select p1_0.product_id,p1_0.description,p1_0.manufacturer_name,p1_0.name,p1_0.status,p1_0.unit,o1_0.product_id,o1_0.order_id,o2_0.order_id,c1_0.cust_id,c1_0.address,c1_0.email,c1_0.cust_name,c1_0.phone,o2_0.employee_id,e1_0.emp_id,e1_0.address,e1_0.dob,e1_0.email,e1_0.full_name,e1_0.phone,e1_0.status,o2_0.order_date,o1_0.note,o1_0.price,o1_0.quantity from product p1_0 left join order_detail o1_0 on p1_0.product_id=o1_0.product_id left join orders o2_0 on o2_0.order_id=o1_0.order_id left join customer c1_0 on c1_0.cust_id=o2_0.cust_id left join employee e1_0 on e1_0.emp_id=o2_0.employee_id where p1_0.product_id=?
Hibernate: select p1_0.product_id,p1_0.price_date_time,p1_0.note,p1_0.price from product_price p1_0 where p1_0.product_id=?
Hibernate: select p1_0.product_id,p1_0.image_id,p1_0.alternative,p1_0.path from product_image p1_0 where p1_0.product_id=?
Hibernate: insert into product_image (alternative,path,product_id,image_id) values (?,?,?,default)
Hibernate: select p1_0.price_date_time,p1_0.product_id,p2_0.product_id,p2_0.description,p2_0.manufacturer_name,p2_0.name,p2_0.status,p2_0.unit,o1_0.product_id,o1_0.order_id,o2_0.order_id,c1_0.cust_id,c1_0.address,c1_0.email,c1_0.cust_name,c1_0.phone,o2_0.employee_id,e1_0.emp_id,e1_0.address,e1_0.dob,e1_0.email,e1_0.full_name,e1_0.phone,e1_0.status,o2_0.order_date,o1_0.note,o1_0.price,o1_0.quantity,p1_0.note,p1_0.price from product_price p1_0 join product p2_0 on p2_0.product_id=p1_0.product_id left join order_detail o1_0 on p2_0.product_id=o1_0.product_id left join orders o2_0 on o2_0.order_id=o1_0.order_id left join customer c1_0 on c1_0.cust_id=o2_0.cust_id left join employee e1_0 on e1_0.emp_id=o2_0.employee_id where (p1_0.price_date_time,p1_0.product_id) in ((?,?))
Hibernate: select p1_0.price_date_time,p1_0.product_id,p2_0.product_id,p2_0.description,p2_0.manufacturer_name,p2_0.name,p2_0.status,p2_0.unit,o1_0.product_id,o1_0.order_id,o2_0.order_id,c1_0.cust_id,c1_0.address,c1_0.email,c1_0.cust_name,c1_0.phone,o2_0.employee_id,e1_0.emp_id,e1_0.address,e1_0.dob,e1_0.email,e1_0.full_name,e1_0.phone,e1_0.status,o2_0.order_date,o1_0.note,o1_0.price,o1_0.quantity,p1_0.note,p1_0.price from product_price p1_0 join product p2_0 on p2_0.product_id=p1_0.product_id left join order_detail o1_0 on p2_0.product_id=o1_0.product_id left join orders o2_0 on o2_0.order_id=o1_0.order_id left join customer c1_0 on c1_0.cust_id=o2_0.cust_id left join employee e1_0 on e1_0.emp_id=o2_0.employee_id where (p1_0.price_date_time,p1_0.product_id) in ((?,?))
Hibernate: select p1_0.price_date_time,p1_0.product_id,p2_0.product_id,p2_0.description,p2_0.manufacturer_name,p2_0.name,p2_0.status,p2_0.unit,o1_0.product_id,o1_0.order_id,o2_0.order_id,c1_0.cust_id,c1_0.address,c1_0.email,c1_0.cust_name,c1_0.phone,o2_0.employee_id,e1_0.emp_id,e1_0.address,e1_0.dob,e1_0.email,e1_0.full_name,e1_0.phone,e1_0.status,o2_0.order_date,o1_0.note,o1_0.price,o1_0.quantity,p1_0.note,p1_0.price from product_price p1_0 join product p2_0 on p2_0.product_id=p1_0.product_id left join order_detail o1_0 on p2_0.product_id=o1_0.product_id left join orders o2_0 on o2_0.order_id=o1_0.order_id left join customer c1_0 on c1_0.cust_id=o2_0.cust_id left join employee e1_0 on e1_0.emp_id=o2_0.employee_id where (p1_0.price_date_time,p1_0.product_id) in ((?,?))
Hibernate: insert into product_price (note,price,price_date_time,product_id) values (?,?,?,?)
Hibernate: insert into product_price (note,price,price_date_time,product_id) values (?,?,?,?)
Hibernate: insert into product_price (note,price,price_date_time,product_id) values (?,?,?,?)
Hibernate: insert into product (description,manufacturer_name,name,status,unit,product_id) values (?,?,?,?,?,default)
Hibernate: select p1_0.product_id,p1_0.description,p1_0.manufacturer_name,p1_0.name,p1_0.status,p1_0.unit,o1_0.product_id,o1_0.order_id,o2_0.order_id,c1_0.cust_id,c1_0.address,c1_0.email,c1_0.cust_name,c1_0.phone,o2_0.employee_id,e1_0.emp_id,e1_0.address,e1_0.dob,e1_0.email,e1_0.full_name,e1_0.phone,e1_0.status,o2_0.order_date,o1_0.note,o1_0.price,o1_0.quantity from product p1_0 left join order_detail o1_0 on p1_0.product_id=o1_0.product_id left join orders o2_0 on o2_0.order_id=o1_0.order_id left join customer c1_0 on c1_0.cust_id=o2_0.cust_id left join employee e1_0 on e1_0.emp_id=o2_0.employee_id where p1_0.product_id=?
Hibernate: select p1_0.product_id,p1_0.price_date_time,p1_0.note,p1_0.price from product_price p1_0 where p1_0.product_id=?
Hibernate: select p1_0.product_id,p1_0.image_id,p1_0.alternative,p1_0.path from product_image p1_0 where p1_0.product_id=?
Hibernate: insert into product_image (alternative,path,product_id,image_id) values (?,?,?,default)
Hibernate: select p1_0.price_date_time,p1_0.product_id,p2_0.product_id,p2_0.description,p2_0.manufacturer_name,p2_0.name,p2_0.status,p2_0.unit,o1_0.product_id,o1_0.order_id,o2_0.order_id,c1_0.cust_id,c1_0.address,c1_0.email,c1_0.cust_name,c1_0.phone,o2_0.employee_id,e1_0.emp_id,e1_0.address,e1_0.dob,e1_0.email,e1_0.full_name,e1_0.phone,e1_0.status,o2_0.order_date,o1_0.note,o1_0.price,o1_0.quantity,p1_0.note,p1_0.price from product_price p1_0 join product p2_0 on p2_0.product_id=p1_0.product_id left join order_detail o1_0 on p2_0.product_id=o1_0.product_id left join orders o2_0 on o2_0.order_id=o1_0.order_id left join customer c1_0 on c1_0.cust_id=o2_0.cust_id left join employee e1_0 on e1_0.emp_id=o2_0.employee_id where (p1_0.price_date_time,p1_0.product_id) in ((?,?))
Hibernate: select p1_0.price_date_time,p1_0.product_id,p2_0.product_id,p2_0.description,p2_0.manufacturer_name,p2_0.name,p2_0.status,p2_0.unit,o1_0.product_id,o1_0.order_id,o2_0.order_id,c1_0.cust_id,c1_0.address,c1_0.email,c1_0.cust_name,c1_0.phone,o2_0.employee_id,e1_0.emp_id,e1_0.address,e1_0.dob,e1_0.email,e1_0.full_name,e1_0.phone,e1_0.status,o2_0.order_date,o1_0.note,o1_0.price,o1_0.quantity,p1_0.note,p1_0.price from product_price p1_0 join product p2_0 on p2_0.product_id=p1_0.product_id left join order_detail o1_0 on p2_0.product_id=o1_0.product_id left join orders o2_0 on o2_0.order_id=o1_0.order_id left join customer c1_0 on c1_0.cust_id=o2_0.cust_id left join employee e1_0 on e1_0.emp_id=o2_0.employee_id where (p1_0.price_date_time,p1_0.product_id) in ((?,?))
Hibernate: select p1_0.price_date_time,p1_0.product_id,p2_0.product_id,p2_0.description,p2_0.manufacturer_name,p2_0.name,p2_0.status,p2_0.unit,o1_0.product_id,o1_0.order_id,o2_0.order_id,c1_0.cust_id,c1_0.address,c1_0.email,c1_0.cust_name,c1_0.phone,o2_0.employee_id,e1_0.emp_id,e1_0.address,e1_0.dob,e1_0.email,e1_0.full_name,e1_0.phone,e1_0.status,o2_0.order_date,o1_0.note,o1_0.price,o1_0.quantity,p1_0.note,p1_0.price from product_price p1_0 join product p2_0 on p2_0.product_id=p1_0.product_id left join order_detail o1_0 on p2_0.product_id=o1_0.product_id left join orders o2_0 on o2_0.order_id=o1_0.order_id left join customer c1_0 on c1_0.cust_id=o2_0.cust_id left join employee e1_0 on e1_0.emp_id=o2_0.employee_id where (p1_0.price_date_time,p1_0.product_id) in ((?,?))
Hibernate: insert into product_price (note,price,price_date_time,product_id) values (?,?,?,?)
Hibernate: insert into product_price (note,price,price_date_time,product_id) values (?,?,?,?)
Hibernate: insert into product_price (note,price,price_date_time,product_id) values (?,?,?,?)
Hibernate: insert into product (description,manufacturer_name,name,status,unit,product_id) values (?,?,?,?,?,default)
Hibernate: select p1_0.product_id,p1_0.description,p1_0.manufacturer_name,p1_0.name,p1_0.status,p1_0.unit,o1_0.product_id,o1_0.order_id,o2_0.order_id,c1_0.cust_id,c1_0.address,c1_0.email,c1_0.cust_name,c1_0.phone,o2_0.employee_id,e1_0.emp_id,e1_0.address,e1_0.dob,e1_0.email,e1_0.full_name,e1_0.phone,e1_0.status,o2_0.order_date,o1_0.note,o1_0.price,o1_0.quantity from product p1_0 left join order_detail o1_0 on p1_0.product_id=o1_0.product_id left join orders o2_0 on o2_0.order_id=o1_0.order_id left join customer c1_0 on c1_0.cust_id=o2_0.cust_id left join employee e1_0 on e1_0.emp_id=o2_0.employee_id where p1_0.product_id=?
Hibernate: select p1_0.product_id,p1_0.price_date_time,p1_0.note,p1_0.price from product_price p1_0 where p1_0.product_id=?
Hibernate: select p1_0.product_id,p1_0.image_id,p1_0.alternative,p1_0.path from product_image p1_0 where p1_0.product_id=?
Hibernate: insert into product_image (alternative,path,product_id,image_id) values (?,?,?,default)
Hibernate: select p1_0.price_date_time,p1_0.product_id,p2_0.product_id,p2_0.description,p2_0.manufacturer_name,p2_0.name,p2_0.status,p2_0.unit,o1_0.product_id,o1_0.order_id,o2_0.order_id,c1_0.cust_id,c1_0.address,c1_0.email,c1_0.cust_name,c1_0.phone,o2_0.employee_id,e1_0.emp_id,e1_0.address,e1_0.dob,e1_0.email,e1_0.full_name,e1_0.phone,e1_0.status,o2_0.order_date,o1_0.note,o1_0.price,o1_0.quantity,p1_0.note,p1_0.price from product_price p1_0 join product p2_0 on p2_0.product_id=p1_0.product_id left join order_detail o1_0 on p2_0.product_id=o1_0.product_id left join orders o2_0 on o2_0.order_id=o1_0.order_id left join customer c1_0 on c1_0.cust_id=o2_0.cust_id left join employee e1_0 on e1_0.emp_id=o2_0.employee_id where (p1_0.price_date_time,p1_0.product_id) in ((?,?))
Hibernate: select p1_0.price_date_time,p1_0.product_id,p2_0.product_id,p2_0.description,p2_0.manufacturer_name,p2_0.name,p2_0.status,p2_0.unit,o1_0.product_id,o1_0.order_id,o2_0.order_id,c1_0.cust_id,c1_0.address,c1_0.email,c1_0.cust_name,c1_0.phone,o2_0.employee_id,e1_0.emp_id,e1_0.address,e1_0.dob,e1_0.email,e1_0.full_name,e1_0.phone,e1_0.status,o2_0.order_date,o1_0.note,o1_0.price,o1_0.quantity,p1_0.note,p1_0.price from product_price p1_0 join product p2_0 on p2_0.product_id=p1_0.product_id left join order_detail o1_0 on p2_0.product_id=o1_0.product_id left join orders o2_0 on o2_0.order_id=o1_0.order_id left join customer c1_0 on c1_0.cust_id=o2_0.cust_id left join employee e1_0 on e1_0.emp_id=o2_0.employee_id where (p1_0.price_date_time,p1_0.product_id) in ((?,?))
Hibernate: select p1_0.price_date_time,p1_0.product_id,p2_0.product_id,p2_0.description,p2_0.manufacturer_name,p2_0.name,p2_0.status,p2_0.unit,o1_0.product_id,o1_0.order_id,o2_0.order_id,c1_0.cust_id,c1_0.address,c1_0.email,c1_0.cust_name,c1_0.phone,o2_0.employee_id,e1_0.emp_id,e1_0.address,e1_0.dob,e1_0.email,e1_0.full_name,e1_0.phone,e1_0.status,o2_0.order_date,o1_0.note,o1_0.price,o1_0.quantity,p1_0.note,p1_0.price from product_price p1_0 join product p2_0 on p2_0.product_id=p1_0.product_id left join order_detail o1_0 on p2_0.product_id=o1_0.product_id left join orders o2_0 on o2_0.order_id=o1_0.order_id left join customer c1_0 on c1_0.cust_id=o2_0.cust_id left join employee e1_0 on e1_0.emp_id=o2_0.employee_id where (p1_0.price_date_time,p1_0.product_id) in ((?,?))
Hibernate: insert into product_price (note,price,price_date_time,product_id) values (?,?,?,?)
Hibernate: insert into product_price (note,price,price_date_time,product_id) values (?,?,?,?)
Hibernate: insert into product_price (note,price,price_date_time,product_id) values (?,?,?,?)
Hibernate: insert into product (description,manufacturer_name,name,status,unit,product_id) values (?,?,?,?,?,default)
Hibernate: select p1_0.product_id,p1_0.description,p1_0.manufacturer_name,p1_0.name,p1_0.status,p1_0.unit,o1_0.product_id,o1_0.order_id,o2_0.order_id,c1_0.cust_id,c1_0.address,c1_0.email,c1_0.cust_name,c1_0.phone,o2_0.employee_id,e1_0.emp_id,e1_0.address,e1_0.dob,e1_0.email,e1_0.full_name,e1_0.phone,e1_0.status,o2_0.order_date,o1_0.note,o1_0.price,o1_0.quantity from product p1_0 left join order_detail o1_0 on p1_0.product_id=o1_0.product_id left join orders o2_0 on o2_0.order_id=o1_0.order_id left join customer c1_0 on c1_0.cust_id=o2_0.cust_id left join employee e1_0 on e1_0.emp_id=o2_0.employee_id where p1_0.product_id=?
Hibernate: select p1_0.product_id,p1_0.price_date_time,p1_0.note,p1_0.price from product_price p1_0 where p1_0.product_id=?
Hibernate: select p1_0.product_id,p1_0.image_id,p1_0.alternative,p1_0.path from product_image p1_0 where p1_0.product_id=?
Hibernate: insert into product_image (alternative,path,product_id,image_id) values (?,?,?,default)
Hibernate: select p1_0.price_date_time,p1_0.product_id,p2_0.product_id,p2_0.description,p2_0.manufacturer_name,p2_0.name,p2_0.status,p2_0.unit,o1_0.product_id,o1_0.order_id,o2_0.order_id,c1_0.cust_id,c1_0.address,c1_0.email,c1_0.cust_name,c1_0.phone,o2_0.employee_id,e1_0.emp_id,e1_0.address,e1_0.dob,e1_0.email,e1_0.full_name,e1_0.phone,e1_0.status,o2_0.order_date,o1_0.note,o1_0.price,o1_0.quantity,p1_0.note,p1_0.price from product_price p1_0 join product p2_0 on p2_0.product_id=p1_0.product_id left join order_detail o1_0 on p2_0.product_id=o1_0.product_id left join orders o2_0 on o2_0.order_id=o1_0.order_id left join customer c1_0 on c1_0.cust_id=o2_0.cust_id left join employee e1_0 on e1_0.emp_id=o2_0.employee_id where (p1_0.price_date_time,p1_0.product_id) in ((?,?))
Hibernate: select p1_0.price_date_time,p1_0.product_id,p2_0.product_id,p2_0.description,p2_0.manufacturer_name,p2_0.name,p2_0.status,p2_0.unit,o1_0.product_id,o1_0.order_id,o2_0.order_id,c1_0.cust_id,c1_0.address,c1_0.email,c1_0.cust_name,c1_0.phone,o2_0.employee_id,e1_0.emp_id,e1_0.address,e1_0.dob,e1_0.email,e1_0.full_name,e1_0.phone,e1_0.status,o2_0.order_date,o1_0.note,o1_0.price,o1_0.quantity,p1_0.note,p1_0.price from product_price p1_0 join product p2_0 on p2_0.product_id=p1_0.product_id left join order_detail o1_0 on p2_0.product_id=o1_0.product_id left join orders o2_0 on o2_0.order_id=o1_0.order_id left join customer c1_0 on c1_0.cust_id=o2_0.cust_id left join employee e1_0 on e1_0.emp_id=o2_0.employee_id where (p1_0.price_date_time,p1_0.product_id) in ((?,?))
Hibernate: select p1_0.price_date_time,p1_0.product_id,p2_0.product_id,p2_0.description,p2_0.manufacturer_name,p2_0.name,p2_0.status,p2_0.unit,o1_0.product_id,o1_0.order_id,o2_0.order_id,c1_0.cust_id,c1_0.address,c1_0.email,c1_0.cust_name,c1_0.phone,o2_0.employee_id,e1_0.emp_id,e1_0.address,e1_0.dob,e1_0.email,e1_0.full_name,e1_0.phone,e1_0.status,o2_0.order_date,o1_0.note,o1_0.price,o1_0.quantity,p1_0.note,p1_0.price from product_price p1_0 join product p2_0 on p2_0.product_id=p1_0.product_id left join order_detail o1_0 on p2_0.product_id=o1_0.product_id left join orders o2_0 on o2_0.order_id=o1_0.order_id left join customer c1_0 on c1_0.cust_id=o2_0.cust_id left join employee e1_0 on e1_0.emp_id=o2_0.employee_id where (p1_0.price_date_time,p1_0.product_id) in ((?,?))
Hibernate: insert into product_price (note,price,price_date_time,product_id) values (?,?,?,?)
Hibernate: insert into product_price (note,price,price_date_time,product_id) values (?,?,?,?)
Hibernate: insert into product_price (note,price,price_date_time,product_id) values (?,?,?,?)
Hibernate: insert into product (description,manufacturer_name,name,status,unit,product_id) values (?,?,?,?,?,default)
Hibernate: select p1_0.product_id,p1_0.description,p1_0.manufacturer_name,p1_0.name,p1_0.status,p1_0.unit,o1_0.product_id,o1_0.order_id,o2_0.order_id,c1_0.cust_id,c1_0.address,c1_0.email,c1_0.cust_name,c1_0.phone,o2_0.employee_id,e1_0.emp_id,e1_0.address,e1_0.dob,e1_0.email,e1_0.full_name,e1_0.phone,e1_0.status,o2_0.order_date,o1_0.note,o1_0.price,o1_0.quantity from product p1_0 left join order_detail o1_0 on p1_0.product_id=o1_0.product_id left join orders o2_0 on o2_0.order_id=o1_0.order_id left join customer c1_0 on c1_0.cust_id=o2_0.cust_id left join employee e1_0 on e1_0.emp_id=o2_0.employee_id where p1_0.product_id=?
Hibernate: select p1_0.product_id,p1_0.price_date_time,p1_0.note,p1_0.price from product_price p1_0 where p1_0.product_id=?
Hibernate: select p1_0.product_id,p1_0.image_id,p1_0.alternative,p1_0.path from product_image p1_0 where p1_0.product_id=?
Hibernate: insert into product_image (alternative,path,product_id,image_id) values (?,?,?,default)
Hibernate: select p1_0.price_date_time,p1_0.product_id,p2_0.product_id,p2_0.description,p2_0.manufacturer_name,p2_0.name,p2_0.status,p2_0.unit,o1_0.product_id,o1_0.order_id,o2_0.order_id,c1_0.cust_id,c1_0.address,c1_0.email,c1_0.cust_name,c1_0.phone,o2_0.employee_id,e1_0.emp_id,e1_0.address,e1_0.dob,e1_0.email,e1_0.full_name,e1_0.phone,e1_0.status,o2_0.order_date,o1_0.note,o1_0.price,o1_0.quantity,p1_0.note,p1_0.price from product_price p1_0 join product p2_0 on p2_0.product_id=p1_0.product_id left join order_detail o1_0 on p2_0.product_id=o1_0.product_id left join orders o2_0 on o2_0.order_id=o1_0.order_id left join customer c1_0 on c1_0.cust_id=o2_0.cust_id left join employee e1_0 on e1_0.emp_id=o2_0.employee_id where (p1_0.price_date_time,p1_0.product_id) in ((?,?))
Hibernate: select p1_0.price_date_time,p1_0.product_id,p2_0.product_id,p2_0.description,p2_0.manufacturer_name,p2_0.name,p2_0.status,p2_0.unit,o1_0.product_id,o1_0.order_id,o2_0.order_id,c1_0.cust_id,c1_0.address,c1_0.email,c1_0.cust_name,c1_0.phone,o2_0.employee_id,e1_0.emp_id,e1_0.address,e1_0.dob,e1_0.email,e1_0.full_name,e1_0.phone,e1_0.status,o2_0.order_date,o1_0.note,o1_0.price,o1_0.quantity,p1_0.note,p1_0.price from product_price p1_0 join product p2_0 on p2_0.product_id=p1_0.product_id left join order_detail o1_0 on p2_0.product_id=o1_0.product_id left join orders o2_0 on o2_0.order_id=o1_0.order_id left join customer c1_0 on c1_0.cust_id=o2_0.cust_id left join employee e1_0 on e1_0.emp_id=o2_0.employee_id where (p1_0.price_date_time,p1_0.product_id) in ((?,?))
Hibernate: select p1_0.price_date_time,p1_0.product_id,p2_0.product_id,p2_0.description,p2_0.manufacturer_name,p2_0.name,p2_0.status,p2_0.unit,o1_0.product_id,o1_0.order_id,o2_0.order_id,c1_0.cust_id,c1_0.address,c1_0.email,c1_0.cust_name,c1_0.phone,o2_0.employee_id,e1_0.emp_id,e1_0.address,e1_0.dob,e1_0.email,e1_0.full_name,e1_0.phone,e1_0.status,o2_0.order_date,o1_0.note,o1_0.price,o1_0.quantity,p1_0.note,p1_0.price from product_price p1_0 join product p2_0 on p2_0.product_id=p1_0.product_id left join order_detail o1_0 on p2_0.product_id=o1_0.product_id left join orders o2_0 on o2_0.order_id=o1_0.order_id left join customer c1_0 on c1_0.cust_id=o2_0.cust_id left join employee e1_0 on e1_0.emp_id=o2_0.employee_id where (p1_0.price_date_time,p1_0.product_id) in ((?,?))
Hibernate: insert into product_price (note,price,price_date_time,product_id) values (?,?,?,?)
Hibernate: insert into product_price (note,price,price_date_time,product_id) values (?,?,?,?)
Hibernate: insert into product_price (note,price,price_date_time,product_id) values (?,?,?,?)
Hibernate: insert into product (description,manufacturer_name,name,status,unit,product_id) values (?,?,?,?,?,default)
Hibernate: select p1_0.product_id,p1_0.description,p1_0.manufacturer_name,p1_0.name,p1_0.status,p1_0.unit,o1_0.product_id,o1_0.order_id,o2_0.order_id,c1_0.cust_id,c1_0.address,c1_0.email,c1_0.cust_name,c1_0.phone,o2_0.employee_id,e1_0.emp_id,e1_0.address,e1_0.dob,e1_0.email,e1_0.full_name,e1_0.phone,e1_0.status,o2_0.order_date,o1_0.note,o1_0.price,o1_0.quantity from product p1_0 left join order_detail o1_0 on p1_0.product_id=o1_0.product_id left join orders o2_0 on o2_0.order_id=o1_0.order_id left join customer c1_0 on c1_0.cust_id=o2_0.cust_id left join employee e1_0 on e1_0.emp_id=o2_0.employee_id where p1_0.product_id=?
Hibernate: select p1_0.product_id,p1_0.price_date_time,p1_0.note,p1_0.price from product_price p1_0 where p1_0.product_id=?
Hibernate: select p1_0.product_id,p1_0.image_id,p1_0.alternative,p1_0.path from product_image p1_0 where p1_0.product_id=?
Hibernate: insert into product_image (alternative,path,product_id,image_id) values (?,?,?,default)
Hibernate: select p1_0.price_date_time,p1_0.product_id,p2_0.product_id,p2_0.description,p2_0.manufacturer_name,p2_0.name,p2_0.status,p2_0.unit,o1_0.product_id,o1_0.order_id,o2_0.order_id,c1_0.cust_id,c1_0.address,c1_0.email,c1_0.cust_name,c1_0.phone,o2_0.employee_id,e1_0.emp_id,e1_0.address,e1_0.dob,e1_0.email,e1_0.full_name,e1_0.phone,e1_0.status,o2_0.order_date,o1_0.note,o1_0.price,o1_0.quantity,p1_0.note,p1_0.price from product_price p1_0 join product p2_0 on p2_0.product_id=p1_0.product_id left join order_detail o1_0 on p2_0.product_id=o1_0.product_id left join orders o2_0 on o2_0.order_id=o1_0.order_id left join customer c1_0 on c1_0.cust_id=o2_0.cust_id left join employee e1_0 on e1_0.emp_id=o2_0.employee_id where (p1_0.price_date_time,p1_0.product_id) in ((?,?))
Hibernate: select p1_0.price_date_time,p1_0.product_id,p2_0.product_id,p2_0.description,p2_0.manufacturer_name,p2_0.name,p2_0.status,p2_0.unit,o1_0.product_id,o1_0.order_id,o2_0.order_id,c1_0.cust_id,c1_0.address,c1_0.email,c1_0.cust_name,c1_0.phone,o2_0.employee_id,e1_0.emp_id,e1_0.address,e1_0.dob,e1_0.email,e1_0.full_name,e1_0.phone,e1_0.status,o2_0.order_date,o1_0.note,o1_0.price,o1_0.quantity,p1_0.note,p1_0.price from product_price p1_0 join product p2_0 on p2_0.product_id=p1_0.product_id left join order_detail o1_0 on p2_0.product_id=o1_0.product_id left join orders o2_0 on o2_0.order_id=o1_0.order_id left join customer c1_0 on c1_0.cust_id=o2_0.cust_id left join employee e1_0 on e1_0.emp_id=o2_0.employee_id where (p1_0.price_date_time,p1_0.product_id) in ((?,?))
Hibernate: select p1_0.price_date_time,p1_0.product_id,p2_0.product_id,p2_0.description,p2_0.manufacturer_name,p2_0.name,p2_0.status,p2_0.unit,o1_0.product_id,o1_0.order_id,o2_0.order_id,c1_0.cust_id,c1_0.address,c1_0.email,c1_0.cust_name,c1_0.phone,o2_0.employee_id,e1_0.emp_id,e1_0.address,e1_0.dob,e1_0.email,e1_0.full_name,e1_0.phone,e1_0.status,o2_0.order_date,o1_0.note,o1_0.price,o1_0.quantity,p1_0.note,p1_0.price from product_price p1_0 join product p2_0 on p2_0.product_id=p1_0.product_id left join order_detail o1_0 on p2_0.product_id=o1_0.product_id left join orders o2_0 on o2_0.order_id=o1_0.order_id left join customer c1_0 on c1_0.cust_id=o2_0.cust_id left join employee e1_0 on e1_0.emp_id=o2_0.employee_id where (p1_0.price_date_time,p1_0.product_id) in ((?,?))
Hibernate: insert into product_price (note,price,price_date_time,product_id) values (?,?,?,?)
Hibernate: insert into product_price (note,price,price_date_time,product_id) values (?,?,?,?)
Hibernate: insert into product_price (note,price,price_date_time,product_id) values (?,?,?,?)
Hibernate: insert into product (description,manufacturer_name,name,status,unit,product_id) values (?,?,?,?,?,default)
Hibernate: select p1_0.product_id,p1_0.description,p1_0.manufacturer_name,p1_0.name,p1_0.status,p1_0.unit,o1_0.product_id,o1_0.order_id,o2_0.order_id,c1_0.cust_id,c1_0.address,c1_0.email,c1_0.cust_name,c1_0.phone,o2_0.employee_id,e1_0.emp_id,e1_0.address,e1_0.dob,e1_0.email,e1_0.full_name,e1_0.phone,e1_0.status,o2_0.order_date,o1_0.note,o1_0.price,o1_0.quantity from product p1_0 left join order_detail o1_0 on p1_0.product_id=o1_0.product_id left join orders o2_0 on o2_0.order_id=o1_0.order_id left join customer c1_0 on c1_0.cust_id=o2_0.cust_id left join employee e1_0 on e1_0.emp_id=o2_0.employee_id where p1_0.product_id=?
Hibernate: select p1_0.product_id,p1_0.price_date_time,p1_0.note,p1_0.price from product_price p1_0 where p1_0.product_id=?
Hibernate: select p1_0.product_id,p1_0.image_id,p1_0.alternative,p1_0.path from product_image p1_0 where p1_0.product_id=?
Hibernate: insert into product_image (alternative,path,product_id,image_id) values (?,?,?,default)
Hibernate: select p1_0.price_date_time,p1_0.product_id,p2_0.product_id,p2_0.description,p2_0.manufacturer_name,p2_0.name,p2_0.status,p2_0.unit,o1_0.product_id,o1_0.order_id,o2_0.order_id,c1_0.cust_id,c1_0.address,c1_0.email,c1_0.cust_name,c1_0.phone,o2_0.employee_id,e1_0.emp_id,e1_0.address,e1_0.dob,e1_0.email,e1_0.full_name,e1_0.phone,e1_0.status,o2_0.order_date,o1_0.note,o1_0.price,o1_0.quantity,p1_0.note,p1_0.price from product_price p1_0 join product p2_0 on p2_0.product_id=p1_0.product_id left join order_detail o1_0 on p2_0.product_id=o1_0.product_id left join orders o2_0 on o2_0.order_id=o1_0.order_id left join customer c1_0 on c1_0.cust_id=o2_0.cust_id left join employee e1_0 on e1_0.emp_id=o2_0.employee_id where (p1_0.price_date_time,p1_0.product_id) in ((?,?))
Hibernate: select p1_0.price_date_time,p1_0.product_id,p2_0.product_id,p2_0.description,p2_0.manufacturer_name,p2_0.name,p2_0.status,p2_0.unit,o1_0.product_id,o1_0.order_id,o2_0.order_id,c1_0.cust_id,c1_0.address,c1_0.email,c1_0.cust_name,c1_0.phone,o2_0.employee_id,e1_0.emp_id,e1_0.address,e1_0.dob,e1_0.email,e1_0.full_name,e1_0.phone,e1_0.status,o2_0.order_date,o1_0.note,o1_0.price,o1_0.quantity,p1_0.note,p1_0.price from product_price p1_0 join product p2_0 on p2_0.product_id=p1_0.product_id left join order_detail o1_0 on p2_0.product_id=o1_0.product_id left join orders o2_0 on o2_0.order_id=o1_0.order_id left join customer c1_0 on c1_0.cust_id=o2_0.cust_id left join employee e1_0 on e1_0.emp_id=o2_0.employee_id where (p1_0.price_date_time,p1_0.product_id) in ((?,?))
Hibernate: select p1_0.price_date_time,p1_0.product_id,p2_0.product_id,p2_0.description,p2_0.manufacturer_name,p2_0.name,p2_0.status,p2_0.unit,o1_0.product_id,o1_0.order_id,o2_0.order_id,c1_0.cust_id,c1_0.address,c1_0.email,c1_0.cust_name,c1_0.phone,o2_0.employee_id,e1_0.emp_id,e1_0.address,e1_0.dob,e1_0.email,e1_0.full_name,e1_0.phone,e1_0.status,o2_0.order_date,o1_0.note,o1_0.price,o1_0.quantity,p1_0.note,p1_0.price from product_price p1_0 join product p2_0 on p2_0.product_id=p1_0.product_id left join order_detail o1_0 on p2_0.product_id=o1_0.product_id left join orders o2_0 on o2_0.order_id=o1_0.order_id left join customer c1_0 on c1_0.cust_id=o2_0.cust_id left join employee e1_0 on e1_0.emp_id=o2_0.employee_id where (p1_0.price_date_time,p1_0.product_id) in ((?,?))
Hibernate: insert into product_price (note,price,price_date_time,product_id) values (?,?,?,?)
Hibernate: insert into product_price (note,price,price_date_time,product_id) values (?,?,?,?)
Hibernate: insert into product_price (note,price,price_date_time,product_id) values (?,?,?,?)
Hibernate: insert into product (description,manufacturer_name,name,status,unit,product_id) values (?,?,?,?,?,default)
Hibernate: select p1_0.product_id,p1_0.description,p1_0.manufacturer_name,p1_0.name,p1_0.status,p1_0.unit,o1_0.product_id,o1_0.order_id,o2_0.order_id,c1_0.cust_id,c1_0.address,c1_0.email,c1_0.cust_name,c1_0.phone,o2_0.employee_id,e1_0.emp_id,e1_0.address,e1_0.dob,e1_0.email,e1_0.full_name,e1_0.phone,e1_0.status,o2_0.order_date,o1_0.note,o1_0.price,o1_0.quantity from product p1_0 left join order_detail o1_0 on p1_0.product_id=o1_0.product_id left join orders o2_0 on o2_0.order_id=o1_0.order_id left join customer c1_0 on c1_0.cust_id=o2_0.cust_id left join employee e1_0 on e1_0.emp_id=o2_0.employee_id where p1_0.product_id=?
Hibernate: select p1_0.product_id,p1_0.price_date_time,p1_0.note,p1_0.price from product_price p1_0 where p1_0.product_id=?
Hibernate: select p1_0.product_id,p1_0.image_id,p1_0.alternative,p1_0.path from product_image p1_0 where p1_0.product_id=?
Hibernate: insert into product_image (alternative,path,product_id,image_id) values (?,?,?,default)
Hibernate: select p1_0.price_date_time,p1_0.product_id,p2_0.product_id,p2_0.description,p2_0.manufacturer_name,p2_0.name,p2_0.status,p2_0.unit,o1_0.product_id,o1_0.order_id,o2_0.order_id,c1_0.cust_id,c1_0.address,c1_0.email,c1_0.cust_name,c1_0.phone,o2_0.employee_id,e1_0.emp_id,e1_0.address,e1_0.dob,e1_0.email,e1_0.full_name,e1_0.phone,e1_0.status,o2_0.order_date,o1_0.note,o1_0.price,o1_0.quantity,p1_0.note,p1_0.price from product_price p1_0 join product p2_0 on p2_0.product_id=p1_0.product_id left join order_detail o1_0 on p2_0.product_id=o1_0.product_id left join orders o2_0 on o2_0.order_id=o1_0.order_id left join customer c1_0 on c1_0.cust_id=o2_0.cust_id left join employee e1_0 on e1_0.emp_id=o2_0.employee_id where (p1_0.price_date_time,p1_0.product_id) in ((?,?))
Hibernate: select p1_0.price_date_time,p1_0.product_id,p2_0.product_id,p2_0.description,p2_0.manufacturer_name,p2_0.name,p2_0.status,p2_0.unit,o1_0.product_id,o1_0.order_id,o2_0.order_id,c1_0.cust_id,c1_0.address,c1_0.email,c1_0.cust_name,c1_0.phone,o2_0.employee_id,e1_0.emp_id,e1_0.address,e1_0.dob,e1_0.email,e1_0.full_name,e1_0.phone,e1_0.status,o2_0.order_date,o1_0.note,o1_0.price,o1_0.quantity,p1_0.note,p1_0.price from product_price p1_0 join product p2_0 on p2_0.product_id=p1_0.product_id left join order_detail o1_0 on p2_0.product_id=o1_0.product_id left join orders o2_0 on o2_0.order_id=o1_0.order_id left join customer c1_0 on c1_0.cust_id=o2_0.cust_id left join employee e1_0 on e1_0.emp_id=o2_0.employee_id where (p1_0.price_date_time,p1_0.product_id) in ((?,?))
Hibernate: select p1_0.price_date_time,p1_0.product_id,p2_0.product_id,p2_0.description,p2_0.manufacturer_name,p2_0.name,p2_0.status,p2_0.unit,o1_0.product_id,o1_0.order_id,o2_0.order_id,c1_0.cust_id,c1_0.address,c1_0.email,c1_0.cust_name,c1_0.phone,o2_0.employee_id,e1_0.emp_id,e1_0.address,e1_0.dob,e1_0.email,e1_0.full_name,e1_0.phone,e1_0.status,o2_0.order_date,o1_0.note,o1_0.price,o1_0.quantity,p1_0.note,p1_0.price from product_price p1_0 join product p2_0 on p2_0.product_id=p1_0.product_id left join order_detail o1_0 on p2_0.product_id=o1_0.product_id left join orders o2_0 on o2_0.order_id=o1_0.order_id left join customer c1_0 on c1_0.cust_id=o2_0.cust_id left join employee e1_0 on e1_0.emp_id=o2_0.employee_id where (p1_0.price_date_time,p1_0.product_id) in ((?,?))
Hibernate: insert into product_price (note,price,price_date_time,product_id) values (?,?,?,?)
Hibernate: insert into product_price (note,price,price_date_time,product_id) values (?,?,?,?)
Hibernate: insert into product_price (note,price,price_date_time,product_id) values (?,?,?,?)
Hibernate: insert into employee (address,dob,email,full_name,phone,status,emp_id) values (?,?,?,?,?,?,default)
Hibernate: insert into employee (address,dob,email,full_name,phone,status,emp_id) values (?,?,?,?,?,?,default)
Hibernate: insert into employee (address,dob,email,full_name,phone,status,emp_id) values (?,?,?,?,?,?,default)
Hibernate: insert into employee (address,dob,email,full_name,phone,status,emp_id) values (?,?,?,?,?,?,default)
Hibernate: insert into employee (address,dob,email,full_name,phone,status,emp_id) values (?,?,?,?,?,?,default)
Hibernate: insert into employee (address,dob,email,full_name,phone,status,emp_id) values (?,?,?,?,?,?,default)
Hibernate: insert into employee (address,dob,email,full_name,phone,status,emp_id) values (?,?,?,?,?,?,default)
Hibernate: insert into employee (address,dob,email,full_name,phone,status,emp_id) values (?,?,?,?,?,?,default)
Hibernate: insert into employee (address,dob,email,full_name,phone,status,emp_id) values (?,?,?,?,?,?,default)
Hibernate: insert into employee (address,dob,email,full_name,phone,status,emp_id) values (?,?,?,?,?,?,default)
Hibernate: insert into customer (address,email,cust_name,phone,cust_id) values (?,?,?,?,default)
Hibernate: insert into customer (address,email,cust_name,phone,cust_id) values (?,?,?,?,default)
Hibernate: insert into customer (address,email,cust_name,phone,cust_id) values (?,?,?,?,default)
Hibernate: insert into customer (address,email,cust_name,phone,cust_id) values (?,?,?,?,default)
Hibernate: insert into customer (address,email,cust_name,phone,cust_id) values (?,?,?,?,default)
Hibernate: insert into customer (address,email,cust_name,phone,cust_id) values (?,?,?,?,default)
Hibernate: insert into customer (address,email,cust_name,phone,cust_id) values (?,?,?,?,default)
Hibernate: insert into customer (address,email,cust_name,phone,cust_id) values (?,?,?,?,default)
Hibernate: insert into customer (address,email,cust_name,phone,cust_id) values (?,?,?,?,default)
Hibernate: insert into customer (address,email,cust_name,phone,cust_id) values (?,?,?,?,default)
Hibernate: insert into customer (address,email,cust_name,phone,cust_id) values (?,?,?,?,default)
Hibernate: insert into customer (address,email,cust_name,phone,cust_id) values (?,?,?,?,default)
Hibernate: insert into customer (address,email,cust_name,phone,cust_id) values (?,?,?,?,default)
Hibernate: insert into customer (address,email,cust_name,phone,cust_id) values (?,?,?,?,default)
Hibernate: insert into customer (address,email,cust_name,phone,cust_id) values (?,?,?,?,default)
Hibernate: insert into customer (address,email,cust_name,phone,cust_id) values (?,?,?,?,default)
Hibernate: insert into customer (address,email,cust_name,phone,cust_id) values (?,?,?,?,default)
Hibernate: insert into customer (address,email,cust_name,phone,cust_id) values (?,?,?,?,default)
Hibernate: insert into customer (address,email,cust_name,phone,cust_id) values (?,?,?,?,default)
Hibernate: insert into customer (address,email,cust_name,phone,cust_id) values (?,?,?,?,default)
Hibernate: insert into customer (address,email,cust_name,phone,cust_id) values (?,?,?,?,default)
Hibernate: insert into customer (address,email,cust_name,phone,cust_id) values (?,?,?,?,default)
Hibernate: insert into customer (address,email,cust_name,phone,cust_id) values (?,?,?,?,default)
Hibernate: insert into customer (address,email,cust_name,phone,cust_id) values (?,?,?,?,default)
Hibernate: insert into customer (address,email,cust_name,phone,cust_id) values (?,?,?,?,default)
Hibernate: insert into customer (address,email,cust_name,phone,cust_id) values (?,?,?,?,default)
Hibernate: insert into customer (address,email,cust_name,phone,cust_id) values (?,?,?,?,default)
Hibernate: insert into customer (address,email,cust_name,phone,cust_id) values (?,?,?,?,default)
Hibernate: insert into customer (address,email,cust_name,phone,cust_id) values (?,?,?,?,default)
Hibernate: insert into customer (address,email,cust_name,phone,cust_id) values (?,?,?,?,default)
Hibernate: insert into customer (address,email,cust_name,phone,cust_id) values (?,?,?,?,default)
Hibernate: insert into customer (address,email,cust_name,phone,cust_id) values (?,?,?,?,default)
Hibernate: insert into customer (address,email,cust_name,phone,cust_id) values (?,?,?,?,default)
Hibernate: insert into customer (address,email,cust_name,phone,cust_id) values (?,?,?,?,default)
Hibernate: insert into customer (address,email,cust_name,phone,cust_id) values (?,?,?,?,default)
Hibernate: insert into customer (address,email,cust_name,phone,cust_id) values (?,?,?,?,default)
Hibernate: insert into customer (address,email,cust_name,phone,cust_id) values (?,?,?,?,default)
Hibernate: insert into customer (address,email,cust_name,phone,cust_id) values (?,?,?,?,default)
Hibernate: insert into customer (address,email,cust_name,phone,cust_id) values (?,?,?,?,default)
Hibernate: insert into customer (address,email,cust_name,phone,cust_id) values (?,?,?,?,default)
Hibernate: insert into customer (address,email,cust_name,phone,cust_id) values (?,?,?,?,default)
Hibernate: insert into customer (address,email,cust_name,phone,cust_id) values (?,?,?,?,default)
Hibernate: insert into customer (address,email,cust_name,phone,cust_id) values (?,?,?,?,default)
Hibernate: insert into customer (address,email,cust_name,phone,cust_id) values (?,?,?,?,default)
Hibernate: insert into customer (address,email,cust_name,phone,cust_id) values (?,?,?,?,default)
Hibernate: insert into customer (address,email,cust_name,phone,cust_id) values (?,?,?,?,default)
Hibernate: insert into customer (address,email,cust_name,phone,cust_id) values (?,?,?,?,default)
Hibernate: insert into customer (address,email,cust_name,phone,cust_id) values (?,?,?,?,default)
Hibernate: insert into customer (address,email,cust_name,phone,cust_id) values (?,?,?,?,default)
Hibernate: insert into customer (address,email,cust_name,phone,cust_id) values (?,?,?,?,default)
Hibernate: select e1_0.emp_id,e1_0.address,e1_0.dob,e1_0.email,e1_0.full_name,e1_0.phone,e1_0.status from employee e1_0 where e1_0.emp_id=?
Hibernate: select c1_0.cust_id,c1_0.address,c1_0.email,c1_0.cust_name,c1_0.phone from customer c1_0 where c1_0.cust_id=?
Hibernate: select o1_0.order_id,c1_0.cust_id,c1_0.address,c1_0.email,c1_0.cust_name,c1_0.phone,o1_0.employee_id,e1_0.emp_id,e1_0.address,e1_0.dob,e1_0.email,e1_0.full_name,e1_0.phone,e1_0.status,o1_0.order_date,o2_0.order_id,o2_0.product_id,p1_0.product_id,p1_0.description,p1_0.manufacturer_name,p1_0.name,p1_0.status,p1_0.unit,o2_0.note,o2_0.price,o2_0.quantity from orders o1_0 left join customer c1_0 on c1_0.cust_id=o1_0.cust_id join employee e1_0 on e1_0.emp_id=o1_0.employee_id left join order_detail o2_0 on o1_0.order_id=o2_0.order_id left join product p1_0 on p1_0.product_id=o2_0.product_id where o1_0.order_id=?
Hibernate: select c1_0.cust_id,c1_0.address,c1_0.email,c1_0.cust_name,c1_0.phone from customer c1_0 where c1_0.cust_id=?
Hibernate: select e1_0.emp_id,e1_0.address,e1_0.dob,e1_0.email,e1_0.full_name,e1_0.phone,e1_0.status from employee e1_0 where e1_0.emp_id=?
Hibernate: insert into orders (cust_id,employee_id,order_date,order_id) values (?,?,?,default)
Hibernate: select p1_0.product_id,p1_0.description,p1_0.manufacturer_name,p1_0.name,p1_0.status,p1_0.unit from product p1_0 where p1_0.product_id=?
Hibernate: select o1_0.order_id,o2_0.order_id,c1_0.cust_id,c1_0.address,c1_0.email,c1_0.cust_name,c1_0.phone,o2_0.employee_id,e1_0.emp_id,e1_0.address,e1_0.dob,e1_0.email,e1_0.full_name,e1_0.phone,e1_0.status,o2_0.order_date,o1_0.product_id,p1_0.product_id,p1_0.description,p1_0.manufacturer_name,p1_0.name,p1_0.status,p1_0.unit,p2_0.product_id,p2_0.image_id,p2_0.alternative,p2_0.path,o1_0.note,o1_0.price,o1_0.quantity from order_detail o1_0 join orders o2_0 on o2_0.order_id=o1_0.order_id left join customer c1_0 on c1_0.cust_id=o2_0.cust_id left join employee e1_0 on e1_0.emp_id=o2_0.employee_id join product p1_0 on p1_0.product_id=o1_0.product_id left join product_image p2_0 on p1_0.product_id=p2_0.product_id where (o1_0.order_id,o1_0.product_id) in ((?,?))
Hibernate: select o1_0.order_id,c1_0.cust_id,c1_0.address,c1_0.email,c1_0.cust_name,c1_0.phone,o1_0.employee_id,e1_0.emp_id,e1_0.address,e1_0.dob,e1_0.email,e1_0.full_name,e1_0.phone,e1_0.status,o1_0.order_date,o2_0.order_id,o2_0.product_id,p1_0.product_id,p1_0.description,p1_0.manufacturer_name,p1_0.name,p1_0.status,p1_0.unit,o2_0.note,o2_0.price,o2_0.quantity from orders o1_0 left join customer c1_0 on c1_0.cust_id=o1_0.cust_id join employee e1_0 on e1_0.emp_id=o1_0.employee_id left join order_detail o2_0 on o1_0.order_id=o2_0.order_id left join product p1_0 on p1_0.product_id=o2_0.product_id where o1_0.order_id=?
Hibernate: select l1_0.employee_id,l1_0.order_id,c1_0.cust_id,c1_0.address,c1_0.email,c1_0.cust_name,c1_0.phone,l1_0.order_date from orders l1_0 left join customer c1_0 on c1_0.cust_id=l1_0.cust_id where l1_0.employee_id=?
Hibernate: select p1_0.product_id,p1_0.description,p1_0.manufacturer_name,p1_0.name,p1_0.status,p1_0.unit,o1_0.product_id,o1_0.order_id,o2_0.order_id,c1_0.cust_id,c1_0.address,c1_0.email,c1_0.cust_name,c1_0.phone,o2_0.employee_id,e1_0.emp_id,e1_0.address,e1_0.dob,e1_0.email,e1_0.full_name,e1_0.phone,e1_0.status,o2_0.order_date,o1_0.note,o1_0.price,o1_0.quantity from product p1_0 left join order_detail o1_0 on p1_0.product_id=o1_0.product_id left join orders o2_0 on o2_0.order_id=o1_0.order_id left join customer c1_0 on c1_0.cust_id=o2_0.cust_id left join employee e1_0 on e1_0.emp_id=o2_0.employee_id where p1_0.product_id=?
Hibernate: select p1_0.product_id,p1_0.price_date_time,p1_0.note,p1_0.price from product_price p1_0 where p1_0.product_id=?
Hibernate: select p1_0.product_id,p1_0.image_id,p1_0.alternative,p1_0.path from product_image p1_0 where p1_0.product_id=?
Hibernate: insert into order_detail (note,price,quantity,order_id,product_id) values (?,?,?,?,?)
Hibernate: update orders set cust_id=?,employee_id=?,order_date=? where order_id=?
Hibernate: select p1_0.product_id,p1_0.description,p1_0.manufacturer_name,p1_0.name,p1_0.status,p1_0.unit from product p1_0 where p1_0.product_id=?
Hibernate: select o1_0.order_id,o2_0.order_id,c1_0.cust_id,c1_0.address,c1_0.email,c1_0.cust_name,c1_0.phone,o2_0.employee_id,e1_0.emp_id,e1_0.address,e1_0.dob,e1_0.email,e1_0.full_name,e1_0.phone,e1_0.status,o2_0.order_date,o1_0.product_id,p1_0.product_id,p1_0.description,p1_0.manufacturer_name,p1_0.name,p1_0.status,p1_0.unit,p2_0.product_id,p2_0.image_id,p2_0.alternative,p2_0.path,o1_0.note,o1_0.price,o1_0.quantity from order_detail o1_0 join orders o2_0 on o2_0.order_id=o1_0.order_id left join customer c1_0 on c1_0.cust_id=o2_0.cust_id left join employee e1_0 on e1_0.emp_id=o2_0.employee_id join product p1_0 on p1_0.product_id=o1_0.product_id left join product_image p2_0 on p1_0.product_id=p2_0.product_id where (o1_0.order_id,o1_0.product_id) in ((?,?))
Hibernate: select o1_0.order_id,c1_0.cust_id,c1_0.address,c1_0.email,c1_0.cust_name,c1_0.phone,o1_0.employee_id,e1_0.emp_id,e1_0.address,e1_0.dob,e1_0.email,e1_0.full_name,e1_0.phone,e1_0.status,o1_0.order_date,o2_0.order_id,o2_0.product_id,p1_0.product_id,p1_0.description,p1_0.manufacturer_name,p1_0.name,p1_0.status,p1_0.unit,o2_0.note,o2_0.price,o2_0.quantity from orders o1_0 left join customer c1_0 on c1_0.cust_id=o1_0.cust_id join employee e1_0 on e1_0.emp_id=o1_0.employee_id left join order_detail o2_0 on o1_0.order_id=o2_0.order_id left join product p1_0 on p1_0.product_id=o2_0.product_id where o1_0.order_id=?
Hibernate: select p1_0.product_id,p1_0.price_date_time,p1_0.note,p1_0.price from product_price p1_0 where p1_0.product_id=?
Hibernate: select p1_0.product_id,p1_0.image_id,p1_0.alternative,p1_0.path from product_image p1_0 where p1_0.product_id=?
Hibernate: select o1_0.product_id,o1_0.order_id,o2_0.order_id,c1_0.cust_id,c1_0.address,c1_0.email,c1_0.cust_name,c1_0.phone,o2_0.employee_id,e1_0.emp_id,e1_0.address,e1_0.dob,e1_0.email,e1_0.full_name,e1_0.phone,e1_0.status,o2_0.order_date,o1_0.note,o1_0.price,o1_0.quantity from order_detail o1_0 join orders o2_0 on o2_0.order_id=o1_0.order_id left join customer c1_0 on c1_0.cust_id=o2_0.cust_id left join employee e1_0 on e1_0.emp_id=o2_0.employee_id where o1_0.product_id=?
Hibernate: select l1_0.employee_id,l1_0.order_id,c1_0.cust_id,c1_0.address,c1_0.email,c1_0.cust_name,c1_0.phone,l1_0.order_date from orders l1_0 left join customer c1_0 on c1_0.cust_id=l1_0.cust_id where l1_0.employee_id=?
Hibernate: select p1_0.product_id,p1_0.description,p1_0.manufacturer_name,p1_0.name,p1_0.status,p1_0.unit,o1_0.product_id,o1_0.order_id,o2_0.order_id,c1_0.cust_id,c1_0.address,c1_0.email,c1_0.cust_name,c1_0.phone,o2_0.employee_id,e1_0.emp_id,e1_0.address,e1_0.dob,e1_0.email,e1_0.full_name,e1_0.phone,e1_0.status,o2_0.order_date,o1_0.note,o1_0.price,o1_0.quantity from product p1_0 left join order_detail o1_0 on p1_0.product_id=o1_0.product_id left join orders o2_0 on o2_0.order_id=o1_0.order_id left join customer c1_0 on c1_0.cust_id=o2_0.cust_id left join employee e1_0 on e1_0.emp_id=o2_0.employee_id where p1_0.product_id=?
Hibernate: select p1_0.product_id,p1_0.price_date_time,p1_0.note,p1_0.price from product_price p1_0 where p1_0.product_id=?
Hibernate: select p1_0.product_id,p1_0.image_id,p1_0.alternative,p1_0.path from product_image p1_0 where p1_0.product_id=?
Hibernate: insert into order_detail (note,price,quantity,order_id,product_id) values (?,?,?,?,?)
Hibernate: update orders set cust_id=?,employee_id=?,order_date=? where order_id=?
Hibernate: select p1_0.product_id,p1_0.description,p1_0.manufacturer_name,p1_0.name,p1_0.status,p1_0.unit from product p1_0 where p1_0.product_id=?
Hibernate: select o1_0.order_id,o2_0.order_id,c1_0.cust_id,c1_0.address,c1_0.email,c1_0.cust_name,c1_0.phone,o2_0.employee_id,e1_0.emp_id,e1_0.address,e1_0.dob,e1_0.email,e1_0.full_name,e1_0.phone,e1_0.status,o2_0.order_date,o1_0.product_id,p1_0.product_id,p1_0.description,p1_0.manufacturer_name,p1_0.name,p1_0.status,p1_0.unit,p2_0.product_id,p2_0.image_id,p2_0.alternative,p2_0.path,o1_0.note,o1_0.price,o1_0.quantity from order_detail o1_0 join orders o2_0 on o2_0.order_id=o1_0.order_id left join customer c1_0 on c1_0.cust_id=o2_0.cust_id left join employee e1_0 on e1_0.emp_id=o2_0.employee_id join product p1_0 on p1_0.product_id=o1_0.product_id left join product_image p2_0 on p1_0.product_id=p2_0.product_id where (o1_0.order_id,o1_0.product_id) in ((?,?))
Hibernate: select o1_0.order_id,c1_0.cust_id,c1_0.address,c1_0.email,c1_0.cust_name,c1_0.phone,o1_0.employee_id,e1_0.emp_id,e1_0.address,e1_0.dob,e1_0.email,e1_0.full_name,e1_0.phone,e1_0.status,o1_0.order_date,o2_0.order_id,o2_0.product_id,p1_0.product_id,p1_0.description,p1_0.manufacturer_name,p1_0.name,p1_0.status,p1_0.unit,o2_0.note,o2_0.price,o2_0.quantity from orders o1_0 left join customer c1_0 on c1_0.cust_id=o1_0.cust_id join employee e1_0 on e1_0.emp_id=o1_0.employee_id left join order_detail o2_0 on o1_0.order_id=o2_0.order_id left join product p1_0 on p1_0.product_id=o2_0.product_id where o1_0.order_id=?
Hibernate: select p1_0.product_id,p1_0.price_date_time,p1_0.note,p1_0.price from product_price p1_0 where p1_0.product_id=?
Hibernate: select p1_0.product_id,p1_0.image_id,p1_0.alternative,p1_0.path from product_image p1_0 where p1_0.product_id=?
Hibernate: select o1_0.product_id,o1_0.order_id,o2_0.order_id,c1_0.cust_id,c1_0.address,c1_0.email,c1_0.cust_name,c1_0.phone,o2_0.employee_id,e1_0.emp_id,e1_0.address,e1_0.dob,e1_0.email,e1_0.full_name,e1_0.phone,e1_0.status,o2_0.order_date,o1_0.note,o1_0.price,o1_0.quantity from order_detail o1_0 join orders o2_0 on o2_0.order_id=o1_0.order_id left join customer c1_0 on c1_0.cust_id=o2_0.cust_id left join employee e1_0 on e1_0.emp_id=o2_0.employee_id where o1_0.product_id=?
Hibernate: select p1_0.product_id,p1_0.price_date_time,p1_0.note,p1_0.price from product_price p1_0 where p1_0.product_id=?
Hibernate: select p1_0.product_id,p1_0.image_id,p1_0.alternative,p1_0.path from product_image p1_0 where p1_0.product_id=?
Hibernate: select o1_0.product_id,o1_0.order_id,o2_0.order_id,c1_0.cust_id,c1_0.address,c1_0.email,c1_0.cust_name,c1_0.phone,o2_0.employee_id,e1_0.emp_id,e1_0.address,e1_0.dob,e1_0.email,e1_0.full_name,e1_0.phone,e1_0.status,o2_0.order_date,o1_0.note,o1_0.price,o1_0.quantity from order_detail o1_0 join orders o2_0 on o2_0.order_id=o1_0.order_id left join customer c1_0 on c1_0.cust_id=o2_0.cust_id left join employee e1_0 on e1_0.emp_id=o2_0.employee_id where o1_0.product_id=?
Hibernate: select l1_0.employee_id,l1_0.order_id,c1_0.cust_id,c1_0.address,c1_0.email,c1_0.cust_name,c1_0.phone,l1_0.order_date from orders l1_0 left join customer c1_0 on c1_0.cust_id=l1_0.cust_id where l1_0.employee_id=?
Hibernate: select p1_0.product_id,p1_0.description,p1_0.manufacturer_name,p1_0.name,p1_0.status,p1_0.unit,o1_0.product_id,o1_0.order_id,o2_0.order_id,c1_0.cust_id,c1_0.address,c1_0.email,c1_0.cust_name,c1_0.phone,o2_0.employee_id,e1_0.emp_id,e1_0.address,e1_0.dob,e1_0.email,e1_0.full_name,e1_0.phone,e1_0.status,o2_0.order_date,o1_0.note,o1_0.price,o1_0.quantity from product p1_0 left join order_detail o1_0 on p1_0.product_id=o1_0.product_id left join orders o2_0 on o2_0.order_id=o1_0.order_id left join customer c1_0 on c1_0.cust_id=o2_0.cust_id left join employee e1_0 on e1_0.emp_id=o2_0.employee_id where p1_0.product_id=?
Hibernate: select p1_0.product_id,p1_0.price_date_time,p1_0.note,p1_0.price from product_price p1_0 where p1_0.product_id=?
Hibernate: select p1_0.product_id,p1_0.image_id,p1_0.alternative,p1_0.path from product_image p1_0 where p1_0.product_id=?
Hibernate: insert into order_detail (note,price,quantity,order_id,product_id) values (?,?,?,?,?)
Hibernate: update orders set cust_id=?,employee_id=?,order_date=? where order_id=?
Hibernate: select e1_0.emp_id,e1_0.address,e1_0.dob,e1_0.email,e1_0.full_name,e1_0.phone,e1_0.status from employee e1_0 where e1_0.emp_id=?
Hibernate: select c1_0.cust_id,c1_0.address,c1_0.email,c1_0.cust_name,c1_0.phone from customer c1_0 where c1_0.cust_id=?
Hibernate: select o1_0.order_id,c1_0.cust_id,c1_0.address,c1_0.email,c1_0.cust_name,c1_0.phone,o1_0.employee_id,e1_0.emp_id,e1_0.address,e1_0.dob,e1_0.email,e1_0.full_name,e1_0.phone,e1_0.status,o1_0.order_date,o2_0.order_id,o2_0.product_id,p1_0.product_id,p1_0.description,p1_0.manufacturer_name,p1_0.name,p1_0.status,p1_0.unit,o2_0.note,o2_0.price,o2_0.quantity from orders o1_0 left join customer c1_0 on c1_0.cust_id=o1_0.cust_id join employee e1_0 on e1_0.emp_id=o1_0.employee_id left join order_detail o2_0 on o1_0.order_id=o2_0.order_id left join product p1_0 on p1_0.product_id=o2_0.product_id where o1_0.order_id=?
Hibernate: select c1_0.cust_id,c1_0.address,c1_0.email,c1_0.cust_name,c1_0.phone from customer c1_0 where c1_0.cust_id=?
Hibernate: select e1_0.emp_id,e1_0.address,e1_0.dob,e1_0.email,e1_0.full_name,e1_0.phone,e1_0.status from employee e1_0 where e1_0.emp_id=?
Hibernate: insert into orders (cust_id,employee_id,order_date,order_id) values (?,?,?,default)
Hibernate: select p1_0.product_id,p1_0.description,p1_0.manufacturer_name,p1_0.name,p1_0.status,p1_0.unit from product p1_0 where p1_0.product_id=?
Hibernate: select o1_0.order_id,o2_0.order_id,c1_0.cust_id,c1_0.address,c1_0.email,c1_0.cust_name,c1_0.phone,o2_0.employee_id,e1_0.emp_id,e1_0.address,e1_0.dob,e1_0.email,e1_0.full_name,e1_0.phone,e1_0.status,o2_0.order_date,o1_0.product_id,p1_0.product_id,p1_0.description,p1_0.manufacturer_name,p1_0.name,p1_0.status,p1_0.unit,p2_0.product_id,p2_0.image_id,p2_0.alternative,p2_0.path,o1_0.note,o1_0.price,o1_0.quantity from order_detail o1_0 join orders o2_0 on o2_0.order_id=o1_0.order_id left join customer c1_0 on c1_0.cust_id=o2_0.cust_id left join employee e1_0 on e1_0.emp_id=o2_0.employee_id join product p1_0 on p1_0.product_id=o1_0.product_id left join product_image p2_0 on p1_0.product_id=p2_0.product_id where (o1_0.order_id,o1_0.product_id) in ((?,?))
Hibernate: select o1_0.order_id,c1_0.cust_id,c1_0.address,c1_0.email,c1_0.cust_name,c1_0.phone,o1_0.employee_id,e1_0.emp_id,e1_0.address,e1_0.dob,e1_0.email,e1_0.full_name,e1_0.phone,e1_0.status,o1_0.order_date,o2_0.order_id,o2_0.product_id,p1_0.product_id,p1_0.description,p1_0.manufacturer_name,p1_0.name,p1_0.status,p1_0.unit,o2_0.note,o2_0.price,o2_0.quantity from orders o1_0 left join customer c1_0 on c1_0.cust_id=o1_0.cust_id join employee e1_0 on e1_0.emp_id=o1_0.employee_id left join order_detail o2_0 on o1_0.order_id=o2_0.order_id left join product p1_0 on p1_0.product_id=o2_0.product_id where o1_0.order_id=?
Hibernate: select l1_0.employee_id,l1_0.order_id,c1_0.cust_id,c1_0.address,c1_0.email,c1_0.cust_name,c1_0.phone,l1_0.order_date from orders l1_0 left join customer c1_0 on c1_0.cust_id=l1_0.cust_id where l1_0.employee_id=?
Hibernate: select p1_0.product_id,p1_0.description,p1_0.manufacturer_name,p1_0.name,p1_0.status,p1_0.unit,o1_0.product_id,o1_0.order_id,o2_0.order_id,c1_0.cust_id,c1_0.address,c1_0.email,c1_0.cust_name,c1_0.phone,o2_0.employee_id,e1_0.emp_id,e1_0.address,e1_0.dob,e1_0.email,e1_0.full_name,e1_0.phone,e1_0.status,o2_0.order_date,o1_0.note,o1_0.price,o1_0.quantity from product p1_0 left join order_detail o1_0 on p1_0.product_id=o1_0.product_id left join orders o2_0 on o2_0.order_id=o1_0.order_id left join customer c1_0 on c1_0.cust_id=o2_0.cust_id left join employee e1_0 on e1_0.emp_id=o2_0.employee_id where p1_0.product_id=?
Hibernate: select p1_0.product_id,p1_0.price_date_time,p1_0.note,p1_0.price from product_price p1_0 where p1_0.product_id=?
Hibernate: select p1_0.product_id,p1_0.image_id,p1_0.alternative,p1_0.path from product_image p1_0 where p1_0.product_id=?
Hibernate: insert into order_detail (note,price,quantity,order_id,product_id) values (?,?,?,?,?)
Hibernate: update orders set cust_id=?,employee_id=?,order_date=? where order_id=?
Hibernate: select p1_0.product_id,p1_0.description,p1_0.manufacturer_name,p1_0.name,p1_0.status,p1_0.unit from product p1_0 where p1_0.product_id=?
Hibernate: select o1_0.order_id,o2_0.order_id,c1_0.cust_id,c1_0.address,c1_0.email,c1_0.cust_name,c1_0.phone,o2_0.employee_id,e1_0.emp_id,e1_0.address,e1_0.dob,e1_0.email,e1_0.full_name,e1_0.phone,e1_0.status,o2_0.order_date,o1_0.product_id,p1_0.product_id,p1_0.description,p1_0.manufacturer_name,p1_0.name,p1_0.status,p1_0.unit,p2_0.product_id,p2_0.image_id,p2_0.alternative,p2_0.path,o1_0.note,o1_0.price,o1_0.quantity from order_detail o1_0 join orders o2_0 on o2_0.order_id=o1_0.order_id left join customer c1_0 on c1_0.cust_id=o2_0.cust_id left join employee e1_0 on e1_0.emp_id=o2_0.employee_id join product p1_0 on p1_0.product_id=o1_0.product_id left join product_image p2_0 on p1_0.product_id=p2_0.product_id where (o1_0.order_id,o1_0.product_id) in ((?,?))
Hibernate: select o1_0.order_id,c1_0.cust_id,c1_0.address,c1_0.email,c1_0.cust_name,c1_0.phone,o1_0.employee_id,e1_0.emp_id,e1_0.address,e1_0.dob,e1_0.email,e1_0.full_name,e1_0.phone,e1_0.status,o1_0.order_date,o2_0.order_id,o2_0.product_id,p1_0.product_id,p1_0.description,p1_0.manufacturer_name,p1_0.name,p1_0.status,p1_0.unit,o2_0.note,o2_0.price,o2_0.quantity from orders o1_0 left join customer c1_0 on c1_0.cust_id=o1_0.cust_id join employee e1_0 on e1_0.emp_id=o1_0.employee_id left join order_detail o2_0 on o1_0.order_id=o2_0.order_id left join product p1_0 on p1_0.product_id=o2_0.product_id where o1_0.order_id=?
Hibernate: select p1_0.product_id,p1_0.price_date_time,p1_0.note,p1_0.price from product_price p1_0 where p1_0.product_id=?
Hibernate: select p1_0.product_id,p1_0.image_id,p1_0.alternative,p1_0.path from product_image p1_0 where p1_0.product_id=?
Hibernate: select o1_0.product_id,o1_0.order_id,o2_0.order_id,c1_0.cust_id,c1_0.address,c1_0.email,c1_0.cust_name,c1_0.phone,o2_0.employee_id,e1_0.emp_id,e1_0.address,e1_0.dob,e1_0.email,e1_0.full_name,e1_0.phone,e1_0.status,o2_0.order_date,o1_0.note,o1_0.price,o1_0.quantity from order_detail o1_0 join orders o2_0 on o2_0.order_id=o1_0.order_id left join customer c1_0 on c1_0.cust_id=o2_0.cust_id left join employee e1_0 on e1_0.emp_id=o2_0.employee_id where o1_0.product_id=?
Hibernate: select l1_0.employee_id,l1_0.order_id,c1_0.cust_id,c1_0.address,c1_0.email,c1_0.cust_name,c1_0.phone,l1_0.order_date from orders l1_0 left join customer c1_0 on c1_0.cust_id=l1_0.cust_id where l1_0.employee_id=?
Hibernate: select p1_0.product_id,p1_0.description,p1_0.manufacturer_name,p1_0.name,p1_0.status,p1_0.unit,o1_0.product_id,o1_0.order_id,o2_0.order_id,c1_0.cust_id,c1_0.address,c1_0.email,c1_0.cust_name,c1_0.phone,o2_0.employee_id,e1_0.emp_id,e1_0.address,e1_0.dob,e1_0.email,e1_0.full_name,e1_0.phone,e1_0.status,o2_0.order_date,o1_0.note,o1_0.price,o1_0.quantity from product p1_0 left join order_detail o1_0 on p1_0.product_id=o1_0.product_id left join orders o2_0 on o2_0.order_id=o1_0.order_id left join customer c1_0 on c1_0.cust_id=o2_0.cust_id left join employee e1_0 on e1_0.emp_id=o2_0.employee_id where p1_0.product_id=?
Hibernate: select p1_0.product_id,p1_0.price_date_time,p1_0.note,p1_0.price from product_price p1_0 where p1_0.product_id=?
Hibernate: select p1_0.product_id,p1_0.image_id,p1_0.alternative,p1_0.path from product_image p1_0 where p1_0.product_id=?
Hibernate: insert into order_detail (note,price,quantity,order_id,product_id) values (?,?,?,?,?)
Hibernate: update orders set cust_id=?,employee_id=?,order_date=? where order_id=?
Hibernate: select p1_0.product_id,p1_0.description,p1_0.manufacturer_name,p1_0.name,p1_0.status,p1_0.unit from product p1_0 where p1_0.product_id=?
Hibernate: select o1_0.order_id,o2_0.order_id,c1_0.cust_id,c1_0.address,c1_0.email,c1_0.cust_name,c1_0.phone,o2_0.employee_id,e1_0.emp_id,e1_0.address,e1_0.dob,e1_0.email,e1_0.full_name,e1_0.phone,e1_0.status,o2_0.order_date,o1_0.product_id,p1_0.product_id,p1_0.description,p1_0.manufacturer_name,p1_0.name,p1_0.status,p1_0.unit,p2_0.product_id,p2_0.image_id,p2_0.alternative,p2_0.path,o1_0.note,o1_0.price,o1_0.quantity from order_detail o1_0 join orders o2_0 on o2_0.order_id=o1_0.order_id left join customer c1_0 on c1_0.cust_id=o2_0.cust_id left join employee e1_0 on e1_0.emp_id=o2_0.employee_id join product p1_0 on p1_0.product_id=o1_0.product_id left join product_image p2_0 on p1_0.product_id=p2_0.product_id where (o1_0.order_id,o1_0.product_id) in ((?,?))
Hibernate: select o1_0.order_id,c1_0.cust_id,c1_0.address,c1_0.email,c1_0.cust_name,c1_0.phone,o1_0.employee_id,e1_0.emp_id,e1_0.address,e1_0.dob,e1_0.email,e1_0.full_name,e1_0.phone,e1_0.status,o1_0.order_date,o2_0.order_id,o2_0.product_id,p1_0.product_id,p1_0.description,p1_0.manufacturer_name,p1_0.name,p1_0.status,p1_0.unit,o2_0.note,o2_0.price,o2_0.quantity from orders o1_0 left join customer c1_0 on c1_0.cust_id=o1_0.cust_id join employee e1_0 on e1_0.emp_id=o1_0.employee_id left join order_detail o2_0 on o1_0.order_id=o2_0.order_id left join product p1_0 on p1_0.product_id=o2_0.product_id where o1_0.order_id=?
Hibernate: select p1_0.product_id,p1_0.price_date_time,p1_0.note,p1_0.price from product_price p1_0 where p1_0.product_id=?
Hibernate: select p1_0.product_id,p1_0.image_id,p1_0.alternative,p1_0.path from product_image p1_0 where p1_0.product_id=?
Hibernate: select o1_0.product_id,o1_0.order_id,o2_0.order_id,c1_0.cust_id,c1_0.address,c1_0.email,c1_0.cust_name,c1_0.phone,o2_0.employee_id,e1_0.emp_id,e1_0.address,e1_0.dob,e1_0.email,e1_0.full_name,e1_0.phone,e1_0.status,o2_0.order_date,o1_0.note,o1_0.price,o1_0.quantity from order_detail o1_0 join orders o2_0 on o2_0.order_id=o1_0.order_id left join customer c1_0 on c1_0.cust_id=o2_0.cust_id left join employee e1_0 on e1_0.emp_id=o2_0.employee_id where o1_0.product_id=?
Hibernate: select p1_0.product_id,p1_0.price_date_time,p1_0.note,p1_0.price from product_price p1_0 where p1_0.product_id=?
Hibernate: select p1_0.product_id,p1_0.image_id,p1_0.alternative,p1_0.path from product_image p1_0 where p1_0.product_id=?
Hibernate: select o1_0.product_id,o1_0.order_id,o2_0.order_id,c1_0.cust_id,c1_0.address,c1_0.email,c1_0.cust_name,c1_0.phone,o2_0.employee_id,e1_0.emp_id,e1_0.address,e1_0.dob,e1_0.email,e1_0.full_name,e1_0.phone,e1_0.status,o2_0.order_date,o1_0.note,o1_0.price,o1_0.quantity from order_detail o1_0 join orders o2_0 on o2_0.order_id=o1_0.order_id left join customer c1_0 on c1_0.cust_id=o2_0.cust_id left join employee e1_0 on e1_0.emp_id=o2_0.employee_id where o1_0.product_id=?
Hibernate: select l1_0.employee_id,l1_0.order_id,c1_0.cust_id,c1_0.address,c1_0.email,c1_0.cust_name,c1_0.phone,l1_0.order_date from orders l1_0 left join customer c1_0 on c1_0.cust_id=l1_0.cust_id where l1_0.employee_id=?
Hibernate: select p1_0.product_id,p1_0.description,p1_0.manufacturer_name,p1_0.name,p1_0.status,p1_0.unit,o1_0.product_id,o1_0.order_id,o2_0.order_id,c1_0.cust_id,c1_0.address,c1_0.email,c1_0.cust_name,c1_0.phone,o2_0.employee_id,e1_0.emp_id,e1_0.address,e1_0.dob,e1_0.email,e1_0.full_name,e1_0.phone,e1_0.status,o2_0.order_date,o1_0.note,o1_0.price,o1_0.quantity from product p1_0 left join order_detail o1_0 on p1_0.product_id=o1_0.product_id left join orders o2_0 on o2_0.order_id=o1_0.order_id left join customer c1_0 on c1_0.cust_id=o2_0.cust_id left join employee e1_0 on e1_0.emp_id=o2_0.employee_id where p1_0.product_id=?
Hibernate: select p1_0.product_id,p1_0.price_date_time,p1_0.note,p1_0.price from product_price p1_0 where p1_0.product_id=?
Hibernate: select p1_0.product_id,p1_0.image_id,p1_0.alternative,p1_0.path from product_image p1_0 where p1_0.product_id=?
Hibernate: insert into order_detail (note,price,quantity,order_id,product_id) values (?,?,?,?,?)
Hibernate: update orders set cust_id=?,employee_id=?,order_date=? where order_id=?
Hibernate: select e1_0.emp_id,e1_0.address,e1_0.dob,e1_0.email,e1_0.full_name,e1_0.phone,e1_0.status from employee e1_0 where e1_0.emp_id=?
Hibernate: select c1_0.cust_id,c1_0.address,c1_0.email,c1_0.cust_name,c1_0.phone from customer c1_0 where c1_0.cust_id=?
Hibernate: select o1_0.order_id,c1_0.cust_id,c1_0.address,c1_0.email,c1_0.cust_name,c1_0.phone,o1_0.employee_id,e1_0.emp_id,e1_0.address,e1_0.dob,e1_0.email,e1_0.full_name,e1_0.phone,e1_0.status,o1_0.order_date,o2_0.order_id,o2_0.product_id,p1_0.product_id,p1_0.description,p1_0.manufacturer_name,p1_0.name,p1_0.status,p1_0.unit,o2_0.note,o2_0.price,o2_0.quantity from orders o1_0 left join customer c1_0 on c1_0.cust_id=o1_0.cust_id join employee e1_0 on e1_0.emp_id=o1_0.employee_id left join order_detail o2_0 on o1_0.order_id=o2_0.order_id left join product p1_0 on p1_0.product_id=o2_0.product_id where o1_0.order_id=?
Hibernate: select c1_0.cust_id,c1_0.address,c1_0.email,c1_0.cust_name,c1_0.phone from customer c1_0 where c1_0.cust_id=?
Hibernate: select e1_0.emp_id,e1_0.address,e1_0.dob,e1_0.email,e1_0.full_name,e1_0.phone,e1_0.status from employee e1_0 where e1_0.emp_id=?
Hibernate: insert into orders (cust_id,employee_id,order_date,order_id) values (?,?,?,default)
Hibernate: select p1_0.product_id,p1_0.description,p1_0.manufacturer_name,p1_0.name,p1_0.status,p1_0.unit from product p1_0 where p1_0.product_id=?
Hibernate: select o1_0.order_id,o2_0.order_id,c1_0.cust_id,c1_0.address,c1_0.email,c1_0.cust_name,c1_0.phone,o2_0.employee_id,e1_0.emp_id,e1_0.address,e1_0.dob,e1_0.email,e1_0.full_name,e1_0.phone,e1_0.status,o2_0.order_date,o1_0.product_id,p1_0.product_id,p1_0.description,p1_0.manufacturer_name,p1_0.name,p1_0.status,p1_0.unit,p2_0.product_id,p2_0.image_id,p2_0.alternative,p2_0.path,o1_0.note,o1_0.price,o1_0.quantity from order_detail o1_0 join orders o2_0 on o2_0.order_id=o1_0.order_id left join customer c1_0 on c1_0.cust_id=o2_0.cust_id left join employee e1_0 on e1_0.emp_id=o2_0.employee_id join product p1_0 on p1_0.product_id=o1_0.product_id left join product_image p2_0 on p1_0.product_id=p2_0.product_id where (o1_0.order_id,o1_0.product_id) in ((?,?))
Hibernate: select o1_0.order_id,c1_0.cust_id,c1_0.address,c1_0.email,c1_0.cust_name,c1_0.phone,o1_0.employee_id,e1_0.emp_id,e1_0.address,e1_0.dob,e1_0.email,e1_0.full_name,e1_0.phone,e1_0.status,o1_0.order_date,o2_0.order_id,o2_0.product_id,p1_0.product_id,p1_0.description,p1_0.manufacturer_name,p1_0.name,p1_0.status,p1_0.unit,o2_0.note,o2_0.price,o2_0.quantity from orders o1_0 left join customer c1_0 on c1_0.cust_id=o1_0.cust_id join employee e1_0 on e1_0.emp_id=o1_0.employee_id left join order_detail o2_0 on o1_0.order_id=o2_0.order_id left join product p1_0 on p1_0.product_id=o2_0.product_id where o1_0.order_id=?
Hibernate: select l1_0.employee_id,l1_0.order_id,c1_0.cust_id,c1_0.address,c1_0.email,c1_0.cust_name,c1_0.phone,l1_0.order_date from orders l1_0 left join customer c1_0 on c1_0.cust_id=l1_0.cust_id where l1_0.employee_id=?
Hibernate: select p1_0.product_id,p1_0.description,p1_0.manufacturer_name,p1_0.name,p1_0.status,p1_0.unit,o1_0.product_id,o1_0.order_id,o2_0.order_id,c1_0.cust_id,c1_0.address,c1_0.email,c1_0.cust_name,c1_0.phone,o2_0.employee_id,e1_0.emp_id,e1_0.address,e1_0.dob,e1_0.email,e1_0.full_name,e1_0.phone,e1_0.status,o2_0.order_date,o1_0.note,o1_0.price,o1_0.quantity from product p1_0 left join order_detail o1_0 on p1_0.product_id=o1_0.product_id left join orders o2_0 on o2_0.order_id=o1_0.order_id left join customer c1_0 on c1_0.cust_id=o2_0.cust_id left join employee e1_0 on e1_0.emp_id=o2_0.employee_id where p1_0.product_id=?
Hibernate: select p1_0.product_id,p1_0.price_date_time,p1_0.note,p1_0.price from product_price p1_0 where p1_0.product_id=?
Hibernate: select p1_0.product_id,p1_0.image_id,p1_0.alternative,p1_0.path from product_image p1_0 where p1_0.product_id=?
Hibernate: insert into order_detail (note,price,quantity,order_id,product_id) values (?,?,?,?,?)
Hibernate: update orders set cust_id=?,employee_id=?,order_date=? where order_id=?
Hibernate: select p1_0.product_id,p1_0.description,p1_0.manufacturer_name,p1_0.name,p1_0.status,p1_0.unit from product p1_0 where p1_0.product_id=?
Hibernate: select o1_0.order_id,o2_0.order_id,c1_0.cust_id,c1_0.address,c1_0.email,c1_0.cust_name,c1_0.phone,o2_0.employee_id,e1_0.emp_id,e1_0.address,e1_0.dob,e1_0.email,e1_0.full_name,e1_0.phone,e1_0.status,o2_0.order_date,o1_0.product_id,p1_0.product_id,p1_0.description,p1_0.manufacturer_name,p1_0.name,p1_0.status,p1_0.unit,p2_0.product_id,p2_0.image_id,p2_0.alternative,p2_0.path,o1_0.note,o1_0.price,o1_0.quantity from order_detail o1_0 join orders o2_0 on o2_0.order_id=o1_0.order_id left join customer c1_0 on c1_0.cust_id=o2_0.cust_id left join employee e1_0 on e1_0.emp_id=o2_0.employee_id join product p1_0 on p1_0.product_id=o1_0.product_id left join product_image p2_0 on p1_0.product_id=p2_0.product_id where (o1_0.order_id,o1_0.product_id) in ((?,?))
Hibernate: select o1_0.order_id,c1_0.cust_id,c1_0.address,c1_0.email,c1_0.cust_name,c1_0.phone,o1_0.employee_id,e1_0.emp_id,e1_0.address,e1_0.dob,e1_0.email,e1_0.full_name,e1_0.phone,e1_0.status,o1_0.order_date,o2_0.order_id,o2_0.product_id,p1_0.product_id,p1_0.description,p1_0.manufacturer_name,p1_0.name,p1_0.status,p1_0.unit,o2_0.note,o2_0.price,o2_0.quantity from orders o1_0 left join customer c1_0 on c1_0.cust_id=o1_0.cust_id join employee e1_0 on e1_0.emp_id=o1_0.employee_id left join order_detail o2_0 on o1_0.order_id=o2_0.order_id left join product p1_0 on p1_0.product_id=o2_0.product_id where o1_0.order_id=?
Hibernate: select p1_0.product_id,p1_0.price_date_time,p1_0.note,p1_0.price from product_price p1_0 where p1_0.product_id=?
Hibernate: select p1_0.product_id,p1_0.image_id,p1_0.alternative,p1_0.path from product_image p1_0 where p1_0.product_id=?
Hibernate: select o1_0.product_id,o1_0.order_id,o2_0.order_id,c1_0.cust_id,c1_0.address,c1_0.email,c1_0.cust_name,c1_0.phone,o2_0.employee_id,e1_0.emp_id,e1_0.address,e1_0.dob,e1_0.email,e1_0.full_name,e1_0.phone,e1_0.status,o2_0.order_date,o1_0.note,o1_0.price,o1_0.quantity from order_detail o1_0 join orders o2_0 on o2_0.order_id=o1_0.order_id left join customer c1_0 on c1_0.cust_id=o2_0.cust_id left join employee e1_0 on e1_0.emp_id=o2_0.employee_id where o1_0.product_id=?
Hibernate: select l1_0.employee_id,l1_0.order_id,c1_0.cust_id,c1_0.address,c1_0.email,c1_0.cust_name,c1_0.phone,l1_0.order_date from orders l1_0 left join customer c1_0 on c1_0.cust_id=l1_0.cust_id where l1_0.employee_id=?
Hibernate: select p1_0.product_id,p1_0.description,p1_0.manufacturer_name,p1_0.name,p1_0.status,p1_0.unit,o1_0.product_id,o1_0.order_id,o2_0.order_id,c1_0.cust_id,c1_0.address,c1_0.email,c1_0.cust_name,c1_0.phone,o2_0.employee_id,e1_0.emp_id,e1_0.address,e1_0.dob,e1_0.email,e1_0.full_name,e1_0.phone,e1_0.status,o2_0.order_date,o1_0.note,o1_0.price,o1_0.quantity from product p1_0 left join order_detail o1_0 on p1_0.product_id=o1_0.product_id left join orders o2_0 on o2_0.order_id=o1_0.order_id left join customer c1_0 on c1_0.cust_id=o2_0.cust_id left join employee e1_0 on e1_0.emp_id=o2_0.employee_id where p1_0.product_id=?
Hibernate: select p1_0.product_id,p1_0.price_date_time,p1_0.note,p1_0.price from product_price p1_0 where p1_0.product_id=?
Hibernate: select p1_0.product_id,p1_0.image_id,p1_0.alternative,p1_0.path from product_image p1_0 where p1_0.product_id=?
Hibernate: insert into order_detail (note,price,quantity,order_id,product_id) values (?,?,?,?,?)
Hibernate: update orders set cust_id=?,employee_id=?,order_date=? where order_id=?
Hibernate: select p1_0.product_id,p1_0.description,p1_0.manufacturer_name,p1_0.name,p1_0.status,p1_0.unit from product p1_0 where p1_0.product_id=?
Hibernate: select o1_0.order_id,o2_0.order_id,c1_0.cust_id,c1_0.address,c1_0.email,c1_0.cust_name,c1_0.phone,o2_0.employee_id,e1_0.emp_id,e1_0.address,e1_0.dob,e1_0.email,e1_0.full_name,e1_0.phone,e1_0.status,o2_0.order_date,o1_0.product_id,p1_0.product_id,p1_0.description,p1_0.manufacturer_name,p1_0.name,p1_0.status,p1_0.unit,p2_0.product_id,p2_0.image_id,p2_0.alternative,p2_0.path,o1_0.note,o1_0.price,o1_0.quantity from order_detail o1_0 join orders o2_0 on o2_0.order_id=o1_0.order_id left join customer c1_0 on c1_0.cust_id=o2_0.cust_id left join employee e1_0 on e1_0.emp_id=o2_0.employee_id join product p1_0 on p1_0.product_id=o1_0.product_id left join product_image p2_0 on p1_0.product_id=p2_0.product_id where (o1_0.order_id,o1_0.product_id) in ((?,?))
Hibernate: select o1_0.order_id,c1_0.cust_id,c1_0.address,c1_0.email,c1_0.cust_name,c1_0.phone,o1_0.employee_id,e1_0.emp_id,e1_0.address,e1_0.dob,e1_0.email,e1_0.full_name,e1_0.phone,e1_0.status,o1_0.order_date,o2_0.order_id,o2_0.product_id,p1_0.product_id,p1_0.description,p1_0.manufacturer_name,p1_0.name,p1_0.status,p1_0.unit,o2_0.note,o2_0.price,o2_0.quantity from orders o1_0 left join customer c1_0 on c1_0.cust_id=o1_0.cust_id join employee e1_0 on e1_0.emp_id=o1_0.employee_id left join order_detail o2_0 on o1_0.order_id=o2_0.order_id left join product p1_0 on p1_0.product_id=o2_0.product_id where o1_0.order_id=?
Hibernate: select p1_0.product_id,p1_0.price_date_time,p1_0.note,p1_0.price from product_price p1_0 where p1_0.product_id=?
Hibernate: select p1_0.product_id,p1_0.image_id,p1_0.alternative,p1_0.path from product_image p1_0 where p1_0.product_id=?
Hibernate: select o1_0.product_id,o1_0.order_id,o2_0.order_id,c1_0.cust_id,c1_0.address,c1_0.email,c1_0.cust_name,c1_0.phone,o2_0.employee_id,e1_0.emp_id,e1_0.address,e1_0.dob,e1_0.email,e1_0.full_name,e1_0.phone,e1_0.status,o2_0.order_date,o1_0.note,o1_0.price,o1_0.quantity from order_detail o1_0 join orders o2_0 on o2_0.order_id=o1_0.order_id left join customer c1_0 on c1_0.cust_id=o2_0.cust_id left join employee e1_0 on e1_0.emp_id=o2_0.employee_id where o1_0.product_id=?
Hibernate: select p1_0.product_id,p1_0.price_date_time,p1_0.note,p1_0.price from product_price p1_0 where p1_0.product_id=?
Hibernate: select p1_0.product_id,p1_0.image_id,p1_0.alternative,p1_0.path from product_image p1_0 where p1_0.product_id=?
Hibernate: select o1_0.product_id,o1_0.order_id,o2_0.order_id,c1_0.cust_id,c1_0.address,c1_0.email,c1_0.cust_name,c1_0.phone,o2_0.employee_id,e1_0.emp_id,e1_0.address,e1_0.dob,e1_0.email,e1_0.full_name,e1_0.phone,e1_0.status,o2_0.order_date,o1_0.note,o1_0.price,o1_0.quantity from order_detail o1_0 join orders o2_0 on o2_0.order_id=o1_0.order_id left join customer c1_0 on c1_0.cust_id=o2_0.cust_id left join employee e1_0 on e1_0.emp_id=o2_0.employee_id where o1_0.product_id=?
Hibernate: select l1_0.employee_id,l1_0.order_id,c1_0.cust_id,c1_0.address,c1_0.email,c1_0.cust_name,c1_0.phone,l1_0.order_date from orders l1_0 left join customer c1_0 on c1_0.cust_id=l1_0.cust_id where l1_0.employee_id=?
Hibernate: select p1_0.product_id,p1_0.description,p1_0.manufacturer_name,p1_0.name,p1_0.status,p1_0.unit,o1_0.product_id,o1_0.order_id,o2_0.order_id,c1_0.cust_id,c1_0.address,c1_0.email,c1_0.cust_name,c1_0.phone,o2_0.employee_id,e1_0.emp_id,e1_0.address,e1_0.dob,e1_0.email,e1_0.full_name,e1_0.phone,e1_0.status,o2_0.order_date,o1_0.note,o1_0.price,o1_0.quantity from product p1_0 left join order_detail o1_0 on p1_0.product_id=o1_0.product_id left join orders o2_0 on o2_0.order_id=o1_0.order_id left join customer c1_0 on c1_0.cust_id=o2_0.cust_id left join employee e1_0 on e1_0.emp_id=o2_0.employee_id where p1_0.product_id=?
Hibernate: select p1_0.product_id,p1_0.price_date_time,p1_0.note,p1_0.price from product_price p1_0 where p1_0.product_id=?
Hibernate: select p1_0.product_id,p1_0.image_id,p1_0.alternative,p1_0.path from product_image p1_0 where p1_0.product_id=?
Hibernate: insert into order_detail (note,price,quantity,order_id,product_id) values (?,?,?,?,?)
Hibernate: update orders set cust_id=?,employee_id=?,order_date=? where order_id=?
Hibernate: select e1_0.emp_id,e1_0.address,e1_0.dob,e1_0.email,e1_0.full_name,e1_0.phone,e1_0.status from employee e1_0 where e1_0.emp_id=?
Hibernate: select c1_0.cust_id,c1_0.address,c1_0.email,c1_0.cust_name,c1_0.phone from customer c1_0 where c1_0.cust_id=?
Hibernate: select o1_0.order_id,c1_0.cust_id,c1_0.address,c1_0.email,c1_0.cust_name,c1_0.phone,o1_0.employee_id,e1_0.emp_id,e1_0.address,e1_0.dob,e1_0.email,e1_0.full_name,e1_0.phone,e1_0.status,o1_0.order_date,o2_0.order_id,o2_0.product_id,p1_0.product_id,p1_0.description,p1_0.manufacturer_name,p1_0.name,p1_0.status,p1_0.unit,o2_0.note,o2_0.price,o2_0.quantity from orders o1_0 left join customer c1_0 on c1_0.cust_id=o1_0.cust_id join employee e1_0 on e1_0.emp_id=o1_0.employee_id left join order_detail o2_0 on o1_0.order_id=o2_0.order_id left join product p1_0 on p1_0.product_id=o2_0.product_id where o1_0.order_id=?
Hibernate: select c1_0.cust_id,c1_0.address,c1_0.email,c1_0.cust_name,c1_0.phone from customer c1_0 where c1_0.cust_id=?
Hibernate: select e1_0.emp_id,e1_0.address,e1_0.dob,e1_0.email,e1_0.full_name,e1_0.phone,e1_0.status from employee e1_0 where e1_0.emp_id=?
Hibernate: insert into orders (cust_id,employee_id,order_date,order_id) values (?,?,?,default)
Hibernate: select p1_0.product_id,p1_0.description,p1_0.manufacturer_name,p1_0.name,p1_0.status,p1_0.unit from product p1_0 where p1_0.product_id=?
Hibernate: select o1_0.order_id,o2_0.order_id,c1_0.cust_id,c1_0.address,c1_0.email,c1_0.cust_name,c1_0.phone,o2_0.employee_id,e1_0.emp_id,e1_0.address,e1_0.dob,e1_0.email,e1_0.full_name,e1_0.phone,e1_0.status,o2_0.order_date,o1_0.product_id,p1_0.product_id,p1_0.description,p1_0.manufacturer_name,p1_0.name,p1_0.status,p1_0.unit,p2_0.product_id,p2_0.image_id,p2_0.alternative,p2_0.path,o1_0.note,o1_0.price,o1_0.quantity from order_detail o1_0 join orders o2_0 on o2_0.order_id=o1_0.order_id left join customer c1_0 on c1_0.cust_id=o2_0.cust_id left join employee e1_0 on e1_0.emp_id=o2_0.employee_id join product p1_0 on p1_0.product_id=o1_0.product_id left join product_image p2_0 on p1_0.product_id=p2_0.product_id where (o1_0.order_id,o1_0.product_id) in ((?,?))
Hibernate: select o1_0.order_id,c1_0.cust_id,c1_0.address,c1_0.email,c1_0.cust_name,c1_0.phone,o1_0.employee_id,e1_0.emp_id,e1_0.address,e1_0.dob,e1_0.email,e1_0.full_name,e1_0.phone,e1_0.status,o1_0.order_date,o2_0.order_id,o2_0.product_id,p1_0.product_id,p1_0.description,p1_0.manufacturer_name,p1_0.name,p1_0.status,p1_0.unit,o2_0.note,o2_0.price,o2_0.quantity from orders o1_0 left join customer c1_0 on c1_0.cust_id=o1_0.cust_id join employee e1_0 on e1_0.emp_id=o1_0.employee_id left join order_detail o2_0 on o1_0.order_id=o2_0.order_id left join product p1_0 on p1_0.product_id=o2_0.product_id where o1_0.order_id=?
Hibernate: select l1_0.employee_id,l1_0.order_id,c1_0.cust_id,c1_0.address,c1_0.email,c1_0.cust_name,c1_0.phone,l1_0.order_date from orders l1_0 left join customer c1_0 on c1_0.cust_id=l1_0.cust_id where l1_0.employee_id=?
Hibernate: select p1_0.product_id,p1_0.description,p1_0.manufacturer_name,p1_0.name,p1_0.status,p1_0.unit,o1_0.product_id,o1_0.order_id,o2_0.order_id,c1_0.cust_id,c1_0.address,c1_0.email,c1_0.cust_name,c1_0.phone,o2_0.employee_id,e1_0.emp_id,e1_0.address,e1_0.dob,e1_0.email,e1_0.full_name,e1_0.phone,e1_0.status,o2_0.order_date,o1_0.note,o1_0.price,o1_0.quantity from product p1_0 left join order_detail o1_0 on p1_0.product_id=o1_0.product_id left join orders o2_0 on o2_0.order_id=o1_0.order_id left join customer c1_0 on c1_0.cust_id=o2_0.cust_id left join employee e1_0 on e1_0.emp_id=o2_0.employee_id where p1_0.product_id=?
Hibernate: select p1_0.product_id,p1_0.price_date_time,p1_0.note,p1_0.price from product_price p1_0 where p1_0.product_id=?
Hibernate: select p1_0.product_id,p1_0.image_id,p1_0.alternative,p1_0.path from product_image p1_0 where p1_0.product_id=?
Hibernate: insert into order_detail (note,price,quantity,order_id,product_id) values (?,?,?,?,?)
Hibernate: update orders set cust_id=?,employee_id=?,order_date=? where order_id=?
Hibernate: select p1_0.product_id,p1_0.description,p1_0.manufacturer_name,p1_0.name,p1_0.status,p1_0.unit from product p1_0 where p1_0.product_id=?
Hibernate: select o1_0.order_id,o2_0.order_id,c1_0.cust_id,c1_0.address,c1_0.email,c1_0.cust_name,c1_0.phone,o2_0.employee_id,e1_0.emp_id,e1_0.address,e1_0.dob,e1_0.email,e1_0.full_name,e1_0.phone,e1_0.status,o2_0.order_date,o1_0.product_id,p1_0.product_id,p1_0.description,p1_0.manufacturer_name,p1_0.name,p1_0.status,p1_0.unit,p2_0.product_id,p2_0.image_id,p2_0.alternative,p2_0.path,o1_0.note,o1_0.price,o1_0.quantity from order_detail o1_0 join orders o2_0 on o2_0.order_id=o1_0.order_id left join customer c1_0 on c1_0.cust_id=o2_0.cust_id left join employee e1_0 on e1_0.emp_id=o2_0.employee_id join product p1_0 on p1_0.product_id=o1_0.product_id left join product_image p2_0 on p1_0.product_id=p2_0.product_id where (o1_0.order_id,o1_0.product_id) in ((?,?))
Hibernate: select o1_0.order_id,c1_0.cust_id,c1_0.address,c1_0.email,c1_0.cust_name,c1_0.phone,o1_0.employee_id,e1_0.emp_id,e1_0.address,e1_0.dob,e1_0.email,e1_0.full_name,e1_0.phone,e1_0.status,o1_0.order_date,o2_0.order_id,o2_0.product_id,p1_0.product_id,p1_0.description,p1_0.manufacturer_name,p1_0.name,p1_0.status,p1_0.unit,o2_0.note,o2_0.price,o2_0.quantity from orders o1_0 left join customer c1_0 on c1_0.cust_id=o1_0.cust_id join employee e1_0 on e1_0.emp_id=o1_0.employee_id left join order_detail o2_0 on o1_0.order_id=o2_0.order_id left join product p1_0 on p1_0.product_id=o2_0.product_id where o1_0.order_id=?
Hibernate: select p1_0.product_id,p1_0.price_date_time,p1_0.note,p1_0.price from product_price p1_0 where p1_0.product_id=?
Hibernate: select p1_0.product_id,p1_0.image_id,p1_0.alternative,p1_0.path from product_image p1_0 where p1_0.product_id=?
Hibernate: select o1_0.product_id,o1_0.order_id,o2_0.order_id,c1_0.cust_id,c1_0.address,c1_0.email,c1_0.cust_name,c1_0.phone,o2_0.employee_id,e1_0.emp_id,e1_0.address,e1_0.dob,e1_0.email,e1_0.full_name,e1_0.phone,e1_0.status,o2_0.order_date,o1_0.note,o1_0.price,o1_0.quantity from order_detail o1_0 join orders o2_0 on o2_0.order_id=o1_0.order_id left join customer c1_0 on c1_0.cust_id=o2_0.cust_id left join employee e1_0 on e1_0.emp_id=o2_0.employee_id where o1_0.product_id=?
Hibernate: select l1_0.employee_id,l1_0.order_id,c1_0.cust_id,c1_0.address,c1_0.email,c1_0.cust_name,c1_0.phone,l1_0.order_date from orders l1_0 left join customer c1_0 on c1_0.cust_id=l1_0.cust_id where l1_0.employee_id=?
Hibernate: select p1_0.product_id,p1_0.description,p1_0.manufacturer_name,p1_0.name,p1_0.status,p1_0.unit,o1_0.product_id,o1_0.order_id,o2_0.order_id,c1_0.cust_id,c1_0.address,c1_0.email,c1_0.cust_name,c1_0.phone,o2_0.employee_id,e1_0.emp_id,e1_0.address,e1_0.dob,e1_0.email,e1_0.full_name,e1_0.phone,e1_0.status,o2_0.order_date,o1_0.note,o1_0.price,o1_0.quantity from product p1_0 left join order_detail o1_0 on p1_0.product_id=o1_0.product_id left join orders o2_0 on o2_0.order_id=o1_0.order_id left join customer c1_0 on c1_0.cust_id=o2_0.cust_id left join employee e1_0 on e1_0.emp_id=o2_0.employee_id where p1_0.product_id=?
Hibernate: select p1_0.product_id,p1_0.price_date_time,p1_0.note,p1_0.price from product_price p1_0 where p1_0.product_id=?
Hibernate: select p1_0.product_id,p1_0.image_id,p1_0.alternative,p1_0.path from product_image p1_0 where p1_0.product_id=?
Hibernate: insert into order_detail (note,price,quantity,order_id,product_id) values (?,?,?,?,?)
Hibernate: update orders set cust_id=?,employee_id=?,order_date=? where order_id=?
Hibernate: select p1_0.product_id,p1_0.description,p1_0.manufacturer_name,p1_0.name,p1_0.status,p1_0.unit from product p1_0 where p1_0.product_id=?
Hibernate: select o1_0.order_id,o2_0.order_id,c1_0.cust_id,c1_0.address,c1_0.email,c1_0.cust_name,c1_0.phone,o2_0.employee_id,e1_0.emp_id,e1_0.address,e1_0.dob,e1_0.email,e1_0.full_name,e1_0.phone,e1_0.status,o2_0.order_date,o1_0.product_id,p1_0.product_id,p1_0.description,p1_0.manufacturer_name,p1_0.name,p1_0.status,p1_0.unit,p2_0.product_id,p2_0.image_id,p2_0.alternative,p2_0.path,o1_0.note,o1_0.price,o1_0.quantity from order_detail o1_0 join orders o2_0 on o2_0.order_id=o1_0.order_id left join customer c1_0 on c1_0.cust_id=o2_0.cust_id left join employee e1_0 on e1_0.emp_id=o2_0.employee_id join product p1_0 on p1_0.product_id=o1_0.product_id left join product_image p2_0 on p1_0.product_id=p2_0.product_id where (o1_0.order_id,o1_0.product_id) in ((?,?))
Hibernate: select o1_0.order_id,c1_0.cust_id,c1_0.address,c1_0.email,c1_0.cust_name,c1_0.phone,o1_0.employee_id,e1_0.emp_id,e1_0.address,e1_0.dob,e1_0.email,e1_0.full_name,e1_0.phone,e1_0.status,o1_0.order_date,o2_0.order_id,o2_0.product_id,p1_0.product_id,p1_0.description,p1_0.manufacturer_name,p1_0.name,p1_0.status,p1_0.unit,o2_0.note,o2_0.price,o2_0.quantity from orders o1_0 left join customer c1_0 on c1_0.cust_id=o1_0.cust_id join employee e1_0 on e1_0.emp_id=o1_0.employee_id left join order_detail o2_0 on o1_0.order_id=o2_0.order_id left join product p1_0 on p1_0.product_id=o2_0.product_id where o1_0.order_id=?
Hibernate: select p1_0.product_id,p1_0.price_date_time,p1_0.note,p1_0.price from product_price p1_0 where p1_0.product_id=?
Hibernate: select p1_0.product_id,p1_0.image_id,p1_0.alternative,p1_0.path from product_image p1_0 where p1_0.product_id=?
Hibernate: select o1_0.product_id,o1_0.order_id,o2_0.order_id,c1_0.cust_id,c1_0.address,c1_0.email,c1_0.cust_name,c1_0.phone,o2_0.employee_id,e1_0.emp_id,e1_0.address,e1_0.dob,e1_0.email,e1_0.full_name,e1_0.phone,e1_0.status,o2_0.order_date,o1_0.note,o1_0.price,o1_0.quantity from order_detail o1_0 join orders o2_0 on o2_0.order_id=o1_0.order_id left join customer c1_0 on c1_0.cust_id=o2_0.cust_id left join employee e1_0 on e1_0.emp_id=o2_0.employee_id where o1_0.product_id=?
Hibernate: select p1_0.product_id,p1_0.price_date_time,p1_0.note,p1_0.price from product_price p1_0 where p1_0.product_id=?
Hibernate: select p1_0.product_id,p1_0.image_id,p1_0.alternative,p1_0.path from product_image p1_0 where p1_0.product_id=?
Hibernate: select o1_0.product_id,o1_0.order_id,o2_0.order_id,c1_0.cust_id,c1_0.address,c1_0.email,c1_0.cust_name,c1_0.phone,o2_0.employee_id,e1_0.emp_id,e1_0.address,e1_0.dob,e1_0.email,e1_0.full_name,e1_0.phone,e1_0.status,o2_0.order_date,o1_0.note,o1_0.price,o1_0.quantity from order_detail o1_0 join orders o2_0 on o2_0.order_id=o1_0.order_id left join customer c1_0 on c1_0.cust_id=o2_0.cust_id left join employee e1_0 on e1_0.emp_id=o2_0.employee_id where o1_0.product_id=?
Hibernate: select l1_0.employee_id,l1_0.order_id,c1_0.cust_id,c1_0.address,c1_0.email,c1_0.cust_name,c1_0.phone,l1_0.order_date from orders l1_0 left join customer c1_0 on c1_0.cust_id=l1_0.cust_id where l1_0.employee_id=?
Hibernate: select p1_0.product_id,p1_0.description,p1_0.manufacturer_name,p1_0.name,p1_0.status,p1_0.unit,o1_0.product_id,o1_0.order_id,o2_0.order_id,c1_0.cust_id,c1_0.address,c1_0.email,c1_0.cust_name,c1_0.phone,o2_0.employee_id,e1_0.emp_id,e1_0.address,e1_0.dob,e1_0.email,e1_0.full_name,e1_0.phone,e1_0.status,o2_0.order_date,o1_0.note,o1_0.price,o1_0.quantity from product p1_0 left join order_detail o1_0 on p1_0.product_id=o1_0.product_id left join orders o2_0 on o2_0.order_id=o1_0.order_id left join customer c1_0 on c1_0.cust_id=o2_0.cust_id left join employee e1_0 on e1_0.emp_id=o2_0.employee_id where p1_0.product_id=?
Hibernate: select p1_0.product_id,p1_0.price_date_time,p1_0.note,p1_0.price from product_price p1_0 where p1_0.product_id=?
Hibernate: select p1_0.product_id,p1_0.image_id,p1_0.alternative,p1_0.path from product_image p1_0 where p1_0.product_id=?
Hibernate: insert into order_detail (note,price,quantity,order_id,product_id) values (?,?,?,?,?)
Hibernate: update orders set cust_id=?,employee_id=?,order_date=? where order_id=?
Hibernate: select e1_0.emp_id,e1_0.address,e1_0.dob,e1_0.email,e1_0.full_name,e1_0.phone,e1_0.status from employee e1_0 where e1_0.emp_id=?
Hibernate: select c1_0.cust_id,c1_0.address,c1_0.email,c1_0.cust_name,c1_0.phone from customer c1_0 where c1_0.cust_id=?
Hibernate: select o1_0.order_id,c1_0.cust_id,c1_0.address,c1_0.email,c1_0.cust_name,c1_0.phone,o1_0.employee_id,e1_0.emp_id,e1_0.address,e1_0.dob,e1_0.email,e1_0.full_name,e1_0.phone,e1_0.status,o1_0.order_date,o2_0.order_id,o2_0.product_id,p1_0.product_id,p1_0.description,p1_0.manufacturer_name,p1_0.name,p1_0.status,p1_0.unit,o2_0.note,o2_0.price,o2_0.quantity from orders o1_0 left join customer c1_0 on c1_0.cust_id=o1_0.cust_id join employee e1_0 on e1_0.emp_id=o1_0.employee_id left join order_detail o2_0 on o1_0.order_id=o2_0.order_id left join product p1_0 on p1_0.product_id=o2_0.product_id where o1_0.order_id=?
Hibernate: select c1_0.cust_id,c1_0.address,c1_0.email,c1_0.cust_name,c1_0.phone from customer c1_0 where c1_0.cust_id=?
Hibernate: select e1_0.emp_id,e1_0.address,e1_0.dob,e1_0.email,e1_0.full_name,e1_0.phone,e1_0.status from employee e1_0 where e1_0.emp_id=?
Hibernate: insert into orders (cust_id,employee_id,order_date,order_id) values (?,?,?,default)
Hibernate: select p1_0.product_id,p1_0.description,p1_0.manufacturer_name,p1_0.name,p1_0.status,p1_0.unit from product p1_0 where p1_0.product_id=?
Hibernate: select o1_0.order_id,o2_0.order_id,c1_0.cust_id,c1_0.address,c1_0.email,c1_0.cust_name,c1_0.phone,o2_0.employee_id,e1_0.emp_id,e1_0.address,e1_0.dob,e1_0.email,e1_0.full_name,e1_0.phone,e1_0.status,o2_0.order_date,o1_0.product_id,p1_0.product_id,p1_0.description,p1_0.manufacturer_name,p1_0.name,p1_0.status,p1_0.unit,p2_0.product_id,p2_0.image_id,p2_0.alternative,p2_0.path,o1_0.note,o1_0.price,o1_0.quantity from order_detail o1_0 join orders o2_0 on o2_0.order_id=o1_0.order_id left join customer c1_0 on c1_0.cust_id=o2_0.cust_id left join employee e1_0 on e1_0.emp_id=o2_0.employee_id join product p1_0 on p1_0.product_id=o1_0.product_id left join product_image p2_0 on p1_0.product_id=p2_0.product_id where (o1_0.order_id,o1_0.product_id) in ((?,?))
Hibernate: select o1_0.order_id,c1_0.cust_id,c1_0.address,c1_0.email,c1_0.cust_name,c1_0.phone,o1_0.employee_id,e1_0.emp_id,e1_0.address,e1_0.dob,e1_0.email,e1_0.full_name,e1_0.phone,e1_0.status,o1_0.order_date,o2_0.order_id,o2_0.product_id,p1_0.product_id,p1_0.description,p1_0.manufacturer_name,p1_0.name,p1_0.status,p1_0.unit,o2_0.note,o2_0.price,o2_0.quantity from orders o1_0 left join customer c1_0 on c1_0.cust_id=o1_0.cust_id join employee e1_0 on e1_0.emp_id=o1_0.employee_id left join order_detail o2_0 on o1_0.order_id=o2_0.order_id left join product p1_0 on p1_0.product_id=o2_0.product_id where o1_0.order_id=?
Hibernate: select l1_0.employee_id,l1_0.order_id,c1_0.cust_id,c1_0.address,c1_0.email,c1_0.cust_name,c1_0.phone,l1_0.order_date from orders l1_0 left join customer c1_0 on c1_0.cust_id=l1_0.cust_id where l1_0.employee_id=?
Hibernate: select p1_0.product_id,p1_0.description,p1_0.manufacturer_name,p1_0.name,p1_0.status,p1_0.unit,o1_0.product_id,o1_0.order_id,o2_0.order_id,c1_0.cust_id,c1_0.address,c1_0.email,c1_0.cust_name,c1_0.phone,o2_0.employee_id,e1_0.emp_id,e1_0.address,e1_0.dob,e1_0.email,e1_0.full_name,e1_0.phone,e1_0.status,o2_0.order_date,o1_0.note,o1_0.price,o1_0.quantity from product p1_0 left join order_detail o1_0 on p1_0.product_id=o1_0.product_id left join orders o2_0 on o2_0.order_id=o1_0.order_id left join customer c1_0 on c1_0.cust_id=o2_0.cust_id left join employee e1_0 on e1_0.emp_id=o2_0.employee_id where p1_0.product_id=?
Hibernate: select p1_0.product_id,p1_0.price_date_time,p1_0.note,p1_0.price from product_price p1_0 where p1_0.product_id=?
Hibernate: select p1_0.product_id,p1_0.image_id,p1_0.alternative,p1_0.path from product_image p1_0 where p1_0.product_id=?
Hibernate: insert into order_detail (note,price,quantity,order_id,product_id) values (?,?,?,?,?)
Hibernate: update orders set cust_id=?,employee_id=?,order_date=? where order_id=?
Hibernate: select p1_0.product_id,p1_0.description,p1_0.manufacturer_name,p1_0.name,p1_0.status,p1_0.unit from product p1_0 where p1_0.product_id=?
Hibernate: select o1_0.order_id,o2_0.order_id,c1_0.cust_id,c1_0.address,c1_0.email,c1_0.cust_name,c1_0.phone,o2_0.employee_id,e1_0.emp_id,e1_0.address,e1_0.dob,e1_0.email,e1_0.full_name,e1_0.phone,e1_0.status,o2_0.order_date,o1_0.product_id,p1_0.product_id,p1_0.description,p1_0.manufacturer_name,p1_0.name,p1_0.status,p1_0.unit,p2_0.product_id,p2_0.image_id,p2_0.alternative,p2_0.path,o1_0.note,o1_0.price,o1_0.quantity from order_detail o1_0 join orders o2_0 on o2_0.order_id=o1_0.order_id left join customer c1_0 on c1_0.cust_id=o2_0.cust_id left join employee e1_0 on e1_0.emp_id=o2_0.employee_id join product p1_0 on p1_0.product_id=o1_0.product_id left join product_image p2_0 on p1_0.product_id=p2_0.product_id where (o1_0.order_id,o1_0.product_id) in ((?,?))
Hibernate: select o1_0.order_id,c1_0.cust_id,c1_0.address,c1_0.email,c1_0.cust_name,c1_0.phone,o1_0.employee_id,e1_0.emp_id,e1_0.address,e1_0.dob,e1_0.email,e1_0.full_name,e1_0.phone,e1_0.status,o1_0.order_date,o2_0.order_id,o2_0.product_id,p1_0.product_id,p1_0.description,p1_0.manufacturer_name,p1_0.name,p1_0.status,p1_0.unit,o2_0.note,o2_0.price,o2_0.quantity from orders o1_0 left join customer c1_0 on c1_0.cust_id=o1_0.cust_id join employee e1_0 on e1_0.emp_id=o1_0.employee_id left join order_detail o2_0 on o1_0.order_id=o2_0.order_id left join product p1_0 on p1_0.product_id=o2_0.product_id where o1_0.order_id=?
Hibernate: select p1_0.product_id,p1_0.price_date_time,p1_0.note,p1_0.price from product_price p1_0 where p1_0.product_id=?
Hibernate: select p1_0.product_id,p1_0.image_id,p1_0.alternative,p1_0.path from product_image p1_0 where p1_0.product_id=?
Hibernate: select o1_0.product_id,o1_0.order_id,o2_0.order_id,c1_0.cust_id,c1_0.address,c1_0.email,c1_0.cust_name,c1_0.phone,o2_0.employee_id,e1_0.emp_id,e1_0.address,e1_0.dob,e1_0.email,e1_0.full_name,e1_0.phone,e1_0.status,o2_0.order_date,o1_0.note,o1_0.price,o1_0.quantity from order_detail o1_0 join orders o2_0 on o2_0.order_id=o1_0.order_id left join customer c1_0 on c1_0.cust_id=o2_0.cust_id left join employee e1_0 on e1_0.emp_id=o2_0.employee_id where o1_0.product_id=?
Hibernate: select l1_0.employee_id,l1_0.order_id,c1_0.cust_id,c1_0.address,c1_0.email,c1_0.cust_name,c1_0.phone,l1_0.order_date from orders l1_0 left join customer c1_0 on c1_0.cust_id=l1_0.cust_id where l1_0.employee_id=?
Hibernate: select p1_0.product_id,p1_0.description,p1_0.manufacturer_name,p1_0.name,p1_0.status,p1_0.unit,o1_0.product_id,o1_0.order_id,o2_0.order_id,c1_0.cust_id,c1_0.address,c1_0.email,c1_0.cust_name,c1_0.phone,o2_0.employee_id,e1_0.emp_id,e1_0.address,e1_0.dob,e1_0.email,e1_0.full_name,e1_0.phone,e1_0.status,o2_0.order_date,o1_0.note,o1_0.price,o1_0.quantity from product p1_0 left join order_detail o1_0 on p1_0.product_id=o1_0.product_id left join orders o2_0 on o2_0.order_id=o1_0.order_id left join customer c1_0 on c1_0.cust_id=o2_0.cust_id left join employee e1_0 on e1_0.emp_id=o2_0.employee_id where p1_0.product_id=?
Hibernate: select p1_0.product_id,p1_0.price_date_time,p1_0.note,p1_0.price from product_price p1_0 where p1_0.product_id=?
Hibernate: select p1_0.product_id,p1_0.image_id,p1_0.alternative,p1_0.path from product_image p1_0 where p1_0.product_id=?
Hibernate: insert into order_detail (note,price,quantity,order_id,product_id) values (?,?,?,?,?)
Hibernate: update orders set cust_id=?,employee_id=?,order_date=? where order_id=?
Hibernate: select p1_0.product_id,p1_0.description,p1_0.manufacturer_name,p1_0.name,p1_0.status,p1_0.unit from product p1_0 where p1_0.product_id=?
Hibernate: select o1_0.order_id,o2_0.order_id,c1_0.cust_id,c1_0.address,c1_0.email,c1_0.cust_name,c1_0.phone,o2_0.employee_id,e1_0.emp_id,e1_0.address,e1_0.dob,e1_0.email,e1_0.full_name,e1_0.phone,e1_0.status,o2_0.order_date,o1_0.product_id,p1_0.product_id,p1_0.description,p1_0.manufacturer_name,p1_0.name,p1_0.status,p1_0.unit,p2_0.product_id,p2_0.image_id,p2_0.alternative,p2_0.path,o1_0.note,o1_0.price,o1_0.quantity from order_detail o1_0 join orders o2_0 on o2_0.order_id=o1_0.order_id left join customer c1_0 on c1_0.cust_id=o2_0.cust_id left join employee e1_0 on e1_0.emp_id=o2_0.employee_id join product p1_0 on p1_0.product_id=o1_0.product_id left join product_image p2_0 on p1_0.product_id=p2_0.product_id where (o1_0.order_id,o1_0.product_id) in ((?,?))
Hibernate: select o1_0.order_id,c1_0.cust_id,c1_0.address,c1_0.email,c1_0.cust_name,c1_0.phone,o1_0.employee_id,e1_0.emp_id,e1_0.address,e1_0.dob,e1_0.email,e1_0.full_name,e1_0.phone,e1_0.status,o1_0.order_date,o2_0.order_id,o2_0.product_id,p1_0.product_id,p1_0.description,p1_0.manufacturer_name,p1_0.name,p1_0.status,p1_0.unit,o2_0.note,o2_0.price,o2_0.quantity from orders o1_0 left join customer c1_0 on c1_0.cust_id=o1_0.cust_id join employee e1_0 on e1_0.emp_id=o1_0.employee_id left join order_detail o2_0 on o1_0.order_id=o2_0.order_id left join product p1_0 on p1_0.product_id=o2_0.product_id where o1_0.order_id=?
Hibernate: select p1_0.product_id,p1_0.price_date_time,p1_0.note,p1_0.price from product_price p1_0 where p1_0.product_id=?
Hibernate: select p1_0.product_id,p1_0.image_id,p1_0.alternative,p1_0.path from product_image p1_0 where p1_0.product_id=?
Hibernate: select o1_0.product_id,o1_0.order_id,o2_0.order_id,c1_0.cust_id,c1_0.address,c1_0.email,c1_0.cust_name,c1_0.phone,o2_0.employee_id,e1_0.emp_id,e1_0.address,e1_0.dob,e1_0.email,e1_0.full_name,e1_0.phone,e1_0.status,o2_0.order_date,o1_0.note,o1_0.price,o1_0.quantity from order_detail o1_0 join orders o2_0 on o2_0.order_id=o1_0.order_id left join customer c1_0 on c1_0.cust_id=o2_0.cust_id left join employee e1_0 on e1_0.emp_id=o2_0.employee_id where o1_0.product_id=?
Hibernate: select p1_0.product_id,p1_0.price_date_time,p1_0.note,p1_0.price from product_price p1_0 where p1_0.product_id=?
Hibernate: select p1_0.product_id,p1_0.image_id,p1_0.alternative,p1_0.path from product_image p1_0 where p1_0.product_id=?
Hibernate: select o1_0.product_id,o1_0.order_id,o2_0.order_id,c1_0.cust_id,c1_0.address,c1_0.email,c1_0.cust_name,c1_0.phone,o2_0.employee_id,e1_0.emp_id,e1_0.address,e1_0.dob,e1_0.email,e1_0.full_name,e1_0.phone,e1_0.status,o2_0.order_date,o1_0.note,o1_0.price,o1_0.quantity from order_detail o1_0 join orders o2_0 on o2_0.order_id=o1_0.order_id left join customer c1_0 on c1_0.cust_id=o2_0.cust_id left join employee e1_0 on e1_0.emp_id=o2_0.employee_id where o1_0.product_id=?
Hibernate: select l1_0.employee_id,l1_0.order_id,c1_0.cust_id,c1_0.address,c1_0.email,c1_0.cust_name,c1_0.phone,l1_0.order_date from orders l1_0 left join customer c1_0 on c1_0.cust_id=l1_0.cust_id where l1_0.employee_id=?
Hibernate: select p1_0.product_id,p1_0.description,p1_0.manufacturer_name,p1_0.name,p1_0.status,p1_0.unit,o1_0.product_id,o1_0.order_id,o2_0.order_id,c1_0.cust_id,c1_0.address,c1_0.email,c1_0.cust_name,c1_0.phone,o2_0.employee_id,e1_0.emp_id,e1_0.address,e1_0.dob,e1_0.email,e1_0.full_name,e1_0.phone,e1_0.status,o2_0.order_date,o1_0.note,o1_0.price,o1_0.quantity from product p1_0 left join order_detail o1_0 on p1_0.product_id=o1_0.product_id left join orders o2_0 on o2_0.order_id=o1_0.order_id left join customer c1_0 on c1_0.cust_id=o2_0.cust_id left join employee e1_0 on e1_0.emp_id=o2_0.employee_id where p1_0.product_id=?
Hibernate: select p1_0.product_id,p1_0.price_date_time,p1_0.note,p1_0.price from product_price p1_0 where p1_0.product_id=?
Hibernate: select p1_0.product_id,p1_0.image_id,p1_0.alternative,p1_0.path from product_image p1_0 where p1_0.product_id=?
Hibernate: insert into order_detail (note,price,quantity,order_id,product_id) values (?,?,?,?,?)
Hibernate: update orders set cust_id=?,employee_id=?,order_date=? where order_id=?
Hibernate: select e1_0.emp_id,e1_0.address,e1_0.dob,e1_0.email,e1_0.full_name,e1_0.phone,e1_0.status from employee e1_0 where e1_0.emp_id=?
Hibernate: select c1_0.cust_id,c1_0.address,c1_0.email,c1_0.cust_name,c1_0.phone from customer c1_0 where c1_0.cust_id=?
Hibernate: select o1_0.order_id,c1_0.cust_id,c1_0.address,c1_0.email,c1_0.cust_name,c1_0.phone,o1_0.employee_id,e1_0.emp_id,e1_0.address,e1_0.dob,e1_0.email,e1_0.full_name,e1_0.phone,e1_0.status,o1_0.order_date,o2_0.order_id,o2_0.product_id,p1_0.product_id,p1_0.description,p1_0.manufacturer_name,p1_0.name,p1_0.status,p1_0.unit,o2_0.note,o2_0.price,o2_0.quantity from orders o1_0 left join customer c1_0 on c1_0.cust_id=o1_0.cust_id join employee e1_0 on e1_0.emp_id=o1_0.employee_id left join order_detail o2_0 on o1_0.order_id=o2_0.order_id left join product p1_0 on p1_0.product_id=o2_0.product_id where o1_0.order_id=?
Hibernate: select c1_0.cust_id,c1_0.address,c1_0.email,c1_0.cust_name,c1_0.phone from customer c1_0 where c1_0.cust_id=?
Hibernate: select e1_0.emp_id,e1_0.address,e1_0.dob,e1_0.email,e1_0.full_name,e1_0.phone,e1_0.status from employee e1_0 where e1_0.emp_id=?
Hibernate: insert into orders (cust_id,employee_id,order_date,order_id) values (?,?,?,default)
Hibernate: select p1_0.product_id,p1_0.description,p1_0.manufacturer_name,p1_0.name,p1_0.status,p1_0.unit from product p1_0 where p1_0.product_id=?
Hibernate: select o1_0.order_id,o2_0.order_id,c1_0.cust_id,c1_0.address,c1_0.email,c1_0.cust_name,c1_0.phone,o2_0.employee_id,e1_0.emp_id,e1_0.address,e1_0.dob,e1_0.email,e1_0.full_name,e1_0.phone,e1_0.status,o2_0.order_date,o1_0.product_id,p1_0.product_id,p1_0.description,p1_0.manufacturer_name,p1_0.name,p1_0.status,p1_0.unit,p2_0.product_id,p2_0.image_id,p2_0.alternative,p2_0.path,o1_0.note,o1_0.price,o1_0.quantity from order_detail o1_0 join orders o2_0 on o2_0.order_id=o1_0.order_id left join customer c1_0 on c1_0.cust_id=o2_0.cust_id left join employee e1_0 on e1_0.emp_id=o2_0.employee_id join product p1_0 on p1_0.product_id=o1_0.product_id left join product_image p2_0 on p1_0.product_id=p2_0.product_id where (o1_0.order_id,o1_0.product_id) in ((?,?))
Hibernate: select o1_0.order_id,c1_0.cust_id,c1_0.address,c1_0.email,c1_0.cust_name,c1_0.phone,o1_0.employee_id,e1_0.emp_id,e1_0.address,e1_0.dob,e1_0.email,e1_0.full_name,e1_0.phone,e1_0.status,o1_0.order_date,o2_0.order_id,o2_0.product_id,p1_0.product_id,p1_0.description,p1_0.manufacturer_name,p1_0.name,p1_0.status,p1_0.unit,o2_0.note,o2_0.price,o2_0.quantity from orders o1_0 left join customer c1_0 on c1_0.cust_id=o1_0.cust_id join employee e1_0 on e1_0.emp_id=o1_0.employee_id left join order_detail o2_0 on o1_0.order_id=o2_0.order_id left join product p1_0 on p1_0.product_id=o2_0.product_id where o1_0.order_id=?
Hibernate: select l1_0.employee_id,l1_0.order_id,c1_0.cust_id,c1_0.address,c1_0.email,c1_0.cust_name,c1_0.phone,l1_0.order_date from orders l1_0 left join customer c1_0 on c1_0.cust_id=l1_0.cust_id where l1_0.employee_id=?
Hibernate: select p1_0.product_id,p1_0.description,p1_0.manufacturer_name,p1_0.name,p1_0.status,p1_0.unit,o1_0.product_id,o1_0.order_id,o2_0.order_id,c1_0.cust_id,c1_0.address,c1_0.email,c1_0.cust_name,c1_0.phone,o2_0.employee_id,e1_0.emp_id,e1_0.address,e1_0.dob,e1_0.email,e1_0.full_name,e1_0.phone,e1_0.status,o2_0.order_date,o1_0.note,o1_0.price,o1_0.quantity from product p1_0 left join order_detail o1_0 on p1_0.product_id=o1_0.product_id left join orders o2_0 on o2_0.order_id=o1_0.order_id left join customer c1_0 on c1_0.cust_id=o2_0.cust_id left join employee e1_0 on e1_0.emp_id=o2_0.employee_id where p1_0.product_id=?
Hibernate: select p1_0.product_id,p1_0.price_date_time,p1_0.note,p1_0.price from product_price p1_0 where p1_0.product_id=?
Hibernate: select p1_0.product_id,p1_0.image_id,p1_0.alternative,p1_0.path from product_image p1_0 where p1_0.product_id=?
Hibernate: insert into order_detail (note,price,quantity,order_id,product_id) values (?,?,?,?,?)
Hibernate: update orders set cust_id=?,employee_id=?,order_date=? where order_id=?
Hibernate: select p1_0.product_id,p1_0.description,p1_0.manufacturer_name,p1_0.name,p1_0.status,p1_0.unit from product p1_0 where p1_0.product_id=?
Hibernate: select o1_0.order_id,o2_0.order_id,c1_0.cust_id,c1_0.address,c1_0.email,c1_0.cust_name,c1_0.phone,o2_0.employee_id,e1_0.emp_id,e1_0.address,e1_0.dob,e1_0.email,e1_0.full_name,e1_0.phone,e1_0.status,o2_0.order_date,o1_0.product_id,p1_0.product_id,p1_0.description,p1_0.manufacturer_name,p1_0.name,p1_0.status,p1_0.unit,p2_0.product_id,p2_0.image_id,p2_0.alternative,p2_0.path,o1_0.note,o1_0.price,o1_0.quantity from order_detail o1_0 join orders o2_0 on o2_0.order_id=o1_0.order_id left join customer c1_0 on c1_0.cust_id=o2_0.cust_id left join employee e1_0 on e1_0.emp_id=o2_0.employee_id join product p1_0 on p1_0.product_id=o1_0.product_id left join product_image p2_0 on p1_0.product_id=p2_0.product_id where (o1_0.order_id,o1_0.product_id) in ((?,?))
Hibernate: select o1_0.order_id,c1_0.cust_id,c1_0.address,c1_0.email,c1_0.cust_name,c1_0.phone,o1_0.employee_id,e1_0.emp_id,e1_0.address,e1_0.dob,e1_0.email,e1_0.full_name,e1_0.phone,e1_0.status,o1_0.order_date,o2_0.order_id,o2_0.product_id,p1_0.product_id,p1_0.description,p1_0.manufacturer_name,p1_0.name,p1_0.status,p1_0.unit,o2_0.note,o2_0.price,o2_0.quantity from orders o1_0 left join customer c1_0 on c1_0.cust_id=o1_0.cust_id join employee e1_0 on e1_0.emp_id=o1_0.employee_id left join order_detail o2_0 on o1_0.order_id=o2_0.order_id left join product p1_0 on p1_0.product_id=o2_0.product_id where o1_0.order_id=?
Hibernate: select p1_0.product_id,p1_0.price_date_time,p1_0.note,p1_0.price from product_price p1_0 where p1_0.product_id=?
Hibernate: select p1_0.product_id,p1_0.image_id,p1_0.alternative,p1_0.path from product_image p1_0 where p1_0.product_id=?
Hibernate: select o1_0.product_id,o1_0.order_id,o2_0.order_id,c1_0.cust_id,c1_0.address,c1_0.email,c1_0.cust_name,c1_0.phone,o2_0.employee_id,e1_0.emp_id,e1_0.address,e1_0.dob,e1_0.email,e1_0.full_name,e1_0.phone,e1_0.status,o2_0.order_date,o1_0.note,o1_0.price,o1_0.quantity from order_detail o1_0 join orders o2_0 on o2_0.order_id=o1_0.order_id left join customer c1_0 on c1_0.cust_id=o2_0.cust_id left join employee e1_0 on e1_0.emp_id=o2_0.employee_id where o1_0.product_id=?
Hibernate: select l1_0.employee_id,l1_0.order_id,c1_0.cust_id,c1_0.address,c1_0.email,c1_0.cust_name,c1_0.phone,l1_0.order_date from orders l1_0 left join customer c1_0 on c1_0.cust_id=l1_0.cust_id where l1_0.employee_id=?
Hibernate: select p1_0.product_id,p1_0.description,p1_0.manufacturer_name,p1_0.name,p1_0.status,p1_0.unit,o1_0.product_id,o1_0.order_id,o2_0.order_id,c1_0.cust_id,c1_0.address,c1_0.email,c1_0.cust_name,c1_0.phone,o2_0.employee_id,e1_0.emp_id,e1_0.address,e1_0.dob,e1_0.email,e1_0.full_name,e1_0.phone,e1_0.status,o2_0.order_date,o1_0.note,o1_0.price,o1_0.quantity from product p1_0 left join order_detail o1_0 on p1_0.product_id=o1_0.product_id left join orders o2_0 on o2_0.order_id=o1_0.order_id left join customer c1_0 on c1_0.cust_id=o2_0.cust_id left join employee e1_0 on e1_0.emp_id=o2_0.employee_id where p1_0.product_id=?
Hibernate: select p1_0.product_id,p1_0.price_date_time,p1_0.note,p1_0.price from product_price p1_0 where p1_0.product_id=?
Hibernate: select p1_0.product_id,p1_0.image_id,p1_0.alternative,p1_0.path from product_image p1_0 where p1_0.product_id=?
Hibernate: insert into order_detail (note,price,quantity,order_id,product_id) values (?,?,?,?,?)
Hibernate: update orders set cust_id=?,employee_id=?,order_date=? where order_id=?
Hibernate: select p1_0.product_id,p1_0.description,p1_0.manufacturer_name,p1_0.name,p1_0.status,p1_0.unit from product p1_0 where p1_0.product_id=?
Hibernate: select o1_0.order_id,o2_0.order_id,c1_0.cust_id,c1_0.address,c1_0.email,c1_0.cust_name,c1_0.phone,o2_0.employee_id,e1_0.emp_id,e1_0.address,e1_0.dob,e1_0.email,e1_0.full_name,e1_0.phone,e1_0.status,o2_0.order_date,o1_0.product_id,p1_0.product_id,p1_0.description,p1_0.manufacturer_name,p1_0.name,p1_0.status,p1_0.unit,p2_0.product_id,p2_0.image_id,p2_0.alternative,p2_0.path,o1_0.note,o1_0.price,o1_0.quantity from order_detail o1_0 join orders o2_0 on o2_0.order_id=o1_0.order_id left join customer c1_0 on c1_0.cust_id=o2_0.cust_id left join employee e1_0 on e1_0.emp_id=o2_0.employee_id join product p1_0 on p1_0.product_id=o1_0.product_id left join product_image p2_0 on p1_0.product_id=p2_0.product_id where (o1_0.order_id,o1_0.product_id) in ((?,?))
Hibernate: select o1_0.order_id,c1_0.cust_id,c1_0.address,c1_0.email,c1_0.cust_name,c1_0.phone,o1_0.employee_id,e1_0.emp_id,e1_0.address,e1_0.dob,e1_0.email,e1_0.full_name,e1_0.phone,e1_0.status,o1_0.order_date,o2_0.order_id,o2_0.product_id,p1_0.product_id,p1_0.description,p1_0.manufacturer_name,p1_0.name,p1_0.status,p1_0.unit,o2_0.note,o2_0.price,o2_0.quantity from orders o1_0 left join customer c1_0 on c1_0.cust_id=o1_0.cust_id join employee e1_0 on e1_0.emp_id=o1_0.employee_id left join order_detail o2_0 on o1_0.order_id=o2_0.order_id left join product p1_0 on p1_0.product_id=o2_0.product_id where o1_0.order_id=?
Hibernate: select p1_0.product_id,p1_0.price_date_time,p1_0.note,p1_0.price from product_price p1_0 where p1_0.product_id=?
Hibernate: select p1_0.product_id,p1_0.image_id,p1_0.alternative,p1_0.path from product_image p1_0 where p1_0.product_id=?
Hibernate: select o1_0.product_id,o1_0.order_id,o2_0.order_id,c1_0.cust_id,c1_0.address,c1_0.email,c1_0.cust_name,c1_0.phone,o2_0.employee_id,e1_0.emp_id,e1_0.address,e1_0.dob,e1_0.email,e1_0.full_name,e1_0.phone,e1_0.status,o2_0.order_date,o1_0.note,o1_0.price,o1_0.quantity from order_detail o1_0 join orders o2_0 on o2_0.order_id=o1_0.order_id left join customer c1_0 on c1_0.cust_id=o2_0.cust_id left join employee e1_0 on e1_0.emp_id=o2_0.employee_id where o1_0.product_id=?
Hibernate: select p1_0.product_id,p1_0.price_date_time,p1_0.note,p1_0.price from product_price p1_0 where p1_0.product_id=?
Hibernate: select p1_0.product_id,p1_0.image_id,p1_0.alternative,p1_0.path from product_image p1_0 where p1_0.product_id=?
Hibernate: select o1_0.product_id,o1_0.order_id,o2_0.order_id,c1_0.cust_id,c1_0.address,c1_0.email,c1_0.cust_name,c1_0.phone,o2_0.employee_id,e1_0.emp_id,e1_0.address,e1_0.dob,e1_0.email,e1_0.full_name,e1_0.phone,e1_0.status,o2_0.order_date,o1_0.note,o1_0.price,o1_0.quantity from order_detail o1_0 join orders o2_0 on o2_0.order_id=o1_0.order_id left join customer c1_0 on c1_0.cust_id=o2_0.cust_id left join employee e1_0 on e1_0.emp_id=o2_0.employee_id where o1_0.product_id=?
Hibernate: select l1_0.employee_id,l1_0.order_id,c1_0.cust_id,c1_0.address,c1_0.email,c1_0.cust_name,c1_0.phone,l1_0.order_date from orders l1_0 left join customer c1_0 on c1_0.cust_id=l1_0.cust_id where l1_0.employee_id=?
Hibernate: select p1_0.product_id,p1_0.description,p1_0.manufacturer_name,p1_0.name,p1_0.status,p1_0.unit,o1_0.product_id,o1_0.order_id,o2_0.order_id,c1_0.cust_id,c1_0.address,c1_0.email,c1_0.cust_name,c1_0.phone,o2_0.employee_id,e1_0.emp_id,e1_0.address,e1_0.dob,e1_0.email,e1_0.full_name,e1_0.phone,e1_0.status,o2_0.order_date,o1_0.note,o1_0.price,o1_0.quantity from product p1_0 left join order_detail o1_0 on p1_0.product_id=o1_0.product_id left join orders o2_0 on o2_0.order_id=o1_0.order_id left join customer c1_0 on c1_0.cust_id=o2_0.cust_id left join employee e1_0 on e1_0.emp_id=o2_0.employee_id where p1_0.product_id=?
Hibernate: select p1_0.product_id,p1_0.price_date_time,p1_0.note,p1_0.price from product_price p1_0 where p1_0.product_id=?
Hibernate: select p1_0.product_id,p1_0.image_id,p1_0.alternative,p1_0.path from product_image p1_0 where p1_0.product_id=?
Hibernate: insert into order_detail (note,price,quantity,order_id,product_id) values (?,?,?,?,?)
Hibernate: update orders set cust_id=?,employee_id=?,order_date=? where order_id=?
Hibernate: select e1_0.emp_id,e1_0.address,e1_0.dob,e1_0.email,e1_0.full_name,e1_0.phone,e1_0.status from employee e1_0 where e1_0.emp_id=?
Hibernate: select c1_0.cust_id,c1_0.address,c1_0.email,c1_0.cust_name,c1_0.phone from customer c1_0 where c1_0.cust_id=?
Hibernate: select o1_0.order_id,c1_0.cust_id,c1_0.address,c1_0.email,c1_0.cust_name,c1_0.phone,o1_0.employee_id,e1_0.emp_id,e1_0.address,e1_0.dob,e1_0.email,e1_0.full_name,e1_0.phone,e1_0.status,o1_0.order_date,o2_0.order_id,o2_0.product_id,p1_0.product_id,p1_0.description,p1_0.manufacturer_name,p1_0.name,p1_0.status,p1_0.unit,o2_0.note,o2_0.price,o2_0.quantity from orders o1_0 left join customer c1_0 on c1_0.cust_id=o1_0.cust_id join employee e1_0 on e1_0.emp_id=o1_0.employee_id left join order_detail o2_0 on o1_0.order_id=o2_0.order_id left join product p1_0 on p1_0.product_id=o2_0.product_id where o1_0.order_id=?
Hibernate: select c1_0.cust_id,c1_0.address,c1_0.email,c1_0.cust_name,c1_0.phone from customer c1_0 where c1_0.cust_id=?
Hibernate: select e1_0.emp_id,e1_0.address,e1_0.dob,e1_0.email,e1_0.full_name,e1_0.phone,e1_0.status from employee e1_0 where e1_0.emp_id=?
Hibernate: insert into orders (cust_id,employee_id,order_date,order_id) values (?,?,?,default)
Hibernate: select p1_0.product_id,p1_0.description,p1_0.manufacturer_name,p1_0.name,p1_0.status,p1_0.unit from product p1_0 where p1_0.product_id=?
Hibernate: select o1_0.order_id,o2_0.order_id,c1_0.cust_id,c1_0.address,c1_0.email,c1_0.cust_name,c1_0.phone,o2_0.employee_id,e1_0.emp_id,e1_0.address,e1_0.dob,e1_0.email,e1_0.full_name,e1_0.phone,e1_0.status,o2_0.order_date,o1_0.product_id,p1_0.product_id,p1_0.description,p1_0.manufacturer_name,p1_0.name,p1_0.status,p1_0.unit,p2_0.product_id,p2_0.image_id,p2_0.alternative,p2_0.path,o1_0.note,o1_0.price,o1_0.quantity from order_detail o1_0 join orders o2_0 on o2_0.order_id=o1_0.order_id left join customer c1_0 on c1_0.cust_id=o2_0.cust_id left join employee e1_0 on e1_0.emp_id=o2_0.employee_id join product p1_0 on p1_0.product_id=o1_0.product_id left join product_image p2_0 on p1_0.product_id=p2_0.product_id where (o1_0.order_id,o1_0.product_id) in ((?,?))
Hibernate: select o1_0.order_id,c1_0.cust_id,c1_0.address,c1_0.email,c1_0.cust_name,c1_0.phone,o1_0.employee_id,e1_0.emp_id,e1_0.address,e1_0.dob,e1_0.email,e1_0.full_name,e1_0.phone,e1_0.status,o1_0.order_date,o2_0.order_id,o2_0.product_id,p1_0.product_id,p1_0.description,p1_0.manufacturer_name,p1_0.name,p1_0.status,p1_0.unit,o2_0.note,o2_0.price,o2_0.quantity from orders o1_0 left join customer c1_0 on c1_0.cust_id=o1_0.cust_id join employee e1_0 on e1_0.emp_id=o1_0.employee_id left join order_detail o2_0 on o1_0.order_id=o2_0.order_id left join product p1_0 on p1_0.product_id=o2_0.product_id where o1_0.order_id=?
Hibernate: select l1_0.employee_id,l1_0.order_id,c1_0.cust_id,c1_0.address,c1_0.email,c1_0.cust_name,c1_0.phone,l1_0.order_date from orders l1_0 left join customer c1_0 on c1_0.cust_id=l1_0.cust_id where l1_0.employee_id=?
Hibernate: select p1_0.product_id,p1_0.description,p1_0.manufacturer_name,p1_0.name,p1_0.status,p1_0.unit,o1_0.product_id,o1_0.order_id,o2_0.order_id,c1_0.cust_id,c1_0.address,c1_0.email,c1_0.cust_name,c1_0.phone,o2_0.employee_id,e1_0.emp_id,e1_0.address,e1_0.dob,e1_0.email,e1_0.full_name,e1_0.phone,e1_0.status,o2_0.order_date,o1_0.note,o1_0.price,o1_0.quantity from product p1_0 left join order_detail o1_0 on p1_0.product_id=o1_0.product_id left join orders o2_0 on o2_0.order_id=o1_0.order_id left join customer c1_0 on c1_0.cust_id=o2_0.cust_id left join employee e1_0 on e1_0.emp_id=o2_0.employee_id where p1_0.product_id=?
Hibernate: select p1_0.product_id,p1_0.price_date_time,p1_0.note,p1_0.price from product_price p1_0 where p1_0.product_id=?
Hibernate: select p1_0.product_id,p1_0.image_id,p1_0.alternative,p1_0.path from product_image p1_0 where p1_0.product_id=?
Hibernate: select o1_0.order_id,o1_0.product_id,p1_0.product_id,p1_0.description,p1_0.manufacturer_name,p1_0.name,p1_0.status,p1_0.unit,o1_0.note,o1_0.price,o1_0.quantity from order_detail o1_0 join product p1_0 on p1_0.product_id=o1_0.product_id where o1_0.order_id=?
Hibernate: select l1_0.employee_id,l1_0.order_id,c1_0.cust_id,c1_0.address,c1_0.email,c1_0.cust_name,c1_0.phone,l1_0.order_date from orders l1_0 left join customer c1_0 on c1_0.cust_id=l1_0.cust_id where l1_0.employee_id=?
Hibernate: insert into order_detail (note,price,quantity,order_id,product_id) values (?,?,?,?,?)
Hibernate: update orders set cust_id=?,employee_id=?,order_date=? where order_id=?
Hibernate: select p1_0.product_id,p1_0.description,p1_0.manufacturer_name,p1_0.name,p1_0.status,p1_0.unit from product p1_0 where p1_0.product_id=?
Hibernate: select o1_0.order_id,o2_0.order_id,c1_0.cust_id,c1_0.address,c1_0.email,c1_0.cust_name,c1_0.phone,o2_0.employee_id,e1_0.emp_id,e1_0.address,e1_0.dob,e1_0.email,e1_0.full_name,e1_0.phone,e1_0.status,o2_0.order_date,o1_0.product_id,p1_0.product_id,p1_0.description,p1_0.manufacturer_name,p1_0.name,p1_0.status,p1_0.unit,p2_0.product_id,p2_0.image_id,p2_0.alternative,p2_0.path,o1_0.note,o1_0.price,o1_0.quantity from order_detail o1_0 join orders o2_0 on o2_0.order_id=o1_0.order_id left join customer c1_0 on c1_0.cust_id=o2_0.cust_id left join employee e1_0 on e1_0.emp_id=o2_0.employee_id join product p1_0 on p1_0.product_id=o1_0.product_id left join product_image p2_0 on p1_0.product_id=p2_0.product_id where (o1_0.order_id,o1_0.product_id) in ((?,?))
Hibernate: select o1_0.order_id,c1_0.cust_id,c1_0.address,c1_0.email,c1_0.cust_name,c1_0.phone,o1_0.employee_id,e1_0.emp_id,e1_0.address,e1_0.dob,e1_0.email,e1_0.full_name,e1_0.phone,e1_0.status,o1_0.order_date,o2_0.order_id,o2_0.product_id,p1_0.product_id,p1_0.description,p1_0.manufacturer_name,p1_0.name,p1_0.status,p1_0.unit,o2_0.note,o2_0.price,o2_0.quantity from orders o1_0 left join customer c1_0 on c1_0.cust_id=o1_0.cust_id join employee e1_0 on e1_0.emp_id=o1_0.employee_id left join order_detail o2_0 on o1_0.order_id=o2_0.order_id left join product p1_0 on p1_0.product_id=o2_0.product_id where o1_0.order_id=?
Hibernate: select p1_0.product_id,p1_0.price_date_time,p1_0.note,p1_0.price from product_price p1_0 where p1_0.product_id=?
Hibernate: select p1_0.product_id,p1_0.image_id,p1_0.alternative,p1_0.path from product_image p1_0 where p1_0.product_id=?
Hibernate: select o1_0.product_id,o1_0.order_id,o2_0.order_id,c1_0.cust_id,c1_0.address,c1_0.email,c1_0.cust_name,c1_0.phone,o2_0.employee_id,e1_0.emp_id,e1_0.address,e1_0.dob,e1_0.email,e1_0.full_name,e1_0.phone,e1_0.status,o2_0.order_date,o1_0.note,o1_0.price,o1_0.quantity from order_detail o1_0 join orders o2_0 on o2_0.order_id=o1_0.order_id left join customer c1_0 on c1_0.cust_id=o2_0.cust_id left join employee e1_0 on e1_0.emp_id=o2_0.employee_id where o1_0.product_id=?
Hibernate: select l1_0.employee_id,l1_0.order_id,c1_0.cust_id,c1_0.address,c1_0.email,c1_0.cust_name,c1_0.phone,l1_0.order_date from orders l1_0 left join customer c1_0 on c1_0.cust_id=l1_0.cust_id where l1_0.employee_id=?
Hibernate: select p1_0.product_id,p1_0.description,p1_0.manufacturer_name,p1_0.name,p1_0.status,p1_0.unit,o1_0.product_id,o1_0.order_id,o2_0.order_id,c1_0.cust_id,c1_0.address,c1_0.email,c1_0.cust_name,c1_0.phone,o2_0.employee_id,e1_0.emp_id,e1_0.address,e1_0.dob,e1_0.email,e1_0.full_name,e1_0.phone,e1_0.status,o2_0.order_date,o1_0.note,o1_0.price,o1_0.quantity from product p1_0 left join order_detail o1_0 on p1_0.product_id=o1_0.product_id left join orders o2_0 on o2_0.order_id=o1_0.order_id left join customer c1_0 on c1_0.cust_id=o2_0.cust_id left join employee e1_0 on e1_0.emp_id=o2_0.employee_id where p1_0.product_id=?
Hibernate: select p1_0.product_id,p1_0.price_date_time,p1_0.note,p1_0.price from product_price p1_0 where p1_0.product_id=?
Hibernate: select p1_0.product_id,p1_0.image_id,p1_0.alternative,p1_0.path from product_image p1_0 where p1_0.product_id=?
Hibernate: insert into order_detail (note,price,quantity,order_id,product_id) values (?,?,?,?,?)
Hibernate: update orders set cust_id=?,employee_id=?,order_date=? where order_id=?
Hibernate: select p1_0.product_id,p1_0.description,p1_0.manufacturer_name,p1_0.name,p1_0.status,p1_0.unit from product p1_0 where p1_0.product_id=?
Hibernate: select o1_0.order_id,o2_0.order_id,c1_0.cust_id,c1_0.address,c1_0.email,c1_0.cust_name,c1_0.phone,o2_0.employee_id,e1_0.emp_id,e1_0.address,e1_0.dob,e1_0.email,e1_0.full_name,e1_0.phone,e1_0.status,o2_0.order_date,o1_0.product_id,p1_0.product_id,p1_0.description,p1_0.manufacturer_name,p1_0.name,p1_0.status,p1_0.unit,p2_0.product_id,p2_0.image_id,p2_0.alternative,p2_0.path,o1_0.note,o1_0.price,o1_0.quantity from order_detail o1_0 join orders o2_0 on o2_0.order_id=o1_0.order_id left join customer c1_0 on c1_0.cust_id=o2_0.cust_id left join employee e1_0 on e1_0.emp_id=o2_0.employee_id join product p1_0 on p1_0.product_id=o1_0.product_id left join product_image p2_0 on p1_0.product_id=p2_0.product_id where (o1_0.order_id,o1_0.product_id) in ((?,?))
Hibernate: select o1_0.order_id,c1_0.cust_id,c1_0.address,c1_0.email,c1_0.cust_name,c1_0.phone,o1_0.employee_id,e1_0.emp_id,e1_0.address,e1_0.dob,e1_0.email,e1_0.full_name,e1_0.phone,e1_0.status,o1_0.order_date,o2_0.order_id,o2_0.product_id,p1_0.product_id,p1_0.description,p1_0.manufacturer_name,p1_0.name,p1_0.status,p1_0.unit,o2_0.note,o2_0.price,o2_0.quantity from orders o1_0 left join customer c1_0 on c1_0.cust_id=o1_0.cust_id join employee e1_0 on e1_0.emp_id=o1_0.employee_id left join order_detail o2_0 on o1_0.order_id=o2_0.order_id left join product p1_0 on p1_0.product_id=o2_0.product_id where o1_0.order_id=?
Hibernate: select p1_0.product_id,p1_0.price_date_time,p1_0.note,p1_0.price from product_price p1_0 where p1_0.product_id=?
Hibernate: select p1_0.product_id,p1_0.image_id,p1_0.alternative,p1_0.path from product_image p1_0 where p1_0.product_id=?
Hibernate: select o1_0.product_id,o1_0.order_id,o2_0.order_id,c1_0.cust_id,c1_0.address,c1_0.email,c1_0.cust_name,c1_0.phone,o2_0.employee_id,e1_0.emp_id,e1_0.address,e1_0.dob,e1_0.email,e1_0.full_name,e1_0.phone,e1_0.status,o2_0.order_date,o1_0.note,o1_0.price,o1_0.quantity from order_detail o1_0 join orders o2_0 on o2_0.order_id=o1_0.order_id left join customer c1_0 on c1_0.cust_id=o2_0.cust_id left join employee e1_0 on e1_0.emp_id=o2_0.employee_id where o1_0.product_id=?
Hibernate: select p1_0.product_id,p1_0.price_date_time,p1_0.note,p1_0.price from product_price p1_0 where p1_0.product_id=?
Hibernate: select p1_0.product_id,p1_0.image_id,p1_0.alternative,p1_0.path from product_image p1_0 where p1_0.product_id=?
Hibernate: select o1_0.product_id,o1_0.order_id,o2_0.order_id,c1_0.cust_id,c1_0.address,c1_0.email,c1_0.cust_name,c1_0.phone,o2_0.employee_id,e1_0.emp_id,e1_0.address,e1_0.dob,e1_0.email,e1_0.full_name,e1_0.phone,e1_0.status,o2_0.order_date,o1_0.note,o1_0.price,o1_0.quantity from order_detail o1_0 join orders o2_0 on o2_0.order_id=o1_0.order_id left join customer c1_0 on c1_0.cust_id=o2_0.cust_id left join employee e1_0 on e1_0.emp_id=o2_0.employee_id where o1_0.product_id=?
Hibernate: select l1_0.employee_id,l1_0.order_id,c1_0.cust_id,c1_0.address,c1_0.email,c1_0.cust_name,c1_0.phone,l1_0.order_date from orders l1_0 left join customer c1_0 on c1_0.cust_id=l1_0.cust_id where l1_0.employee_id=?
Hibernate: select p1_0.product_id,p1_0.description,p1_0.manufacturer_name,p1_0.name,p1_0.status,p1_0.unit,o1_0.product_id,o1_0.order_id,o2_0.order_id,c1_0.cust_id,c1_0.address,c1_0.email,c1_0.cust_name,c1_0.phone,o2_0.employee_id,e1_0.emp_id,e1_0.address,e1_0.dob,e1_0.email,e1_0.full_name,e1_0.phone,e1_0.status,o2_0.order_date,o1_0.note,o1_0.price,o1_0.quantity from product p1_0 left join order_detail o1_0 on p1_0.product_id=o1_0.product_id left join orders o2_0 on o2_0.order_id=o1_0.order_id left join customer c1_0 on c1_0.cust_id=o2_0.cust_id left join employee e1_0 on e1_0.emp_id=o2_0.employee_id where p1_0.product_id=?
Hibernate: select p1_0.product_id,p1_0.price_date_time,p1_0.note,p1_0.price from product_price p1_0 where p1_0.product_id=?
Hibernate: select p1_0.product_id,p1_0.image_id,p1_0.alternative,p1_0.path from product_image p1_0 where p1_0.product_id=?
Hibernate: insert into order_detail (note,price,quantity,order_id,product_id) values (?,?,?,?,?)
Hibernate: update orders set cust_id=?,employee_id=?,order_date=? where order_id=?
Hibernate: select e1_0.emp_id,e1_0.address,e1_0.dob,e1_0.email,e1_0.full_name,e1_0.phone,e1_0.status from employee e1_0 where e1_0.emp_id=?
Hibernate: select c1_0.cust_id,c1_0.address,c1_0.email,c1_0.cust_name,c1_0.phone from customer c1_0 where c1_0.cust_id=?
Hibernate: select o1_0.order_id,c1_0.cust_id,c1_0.address,c1_0.email,c1_0.cust_name,c1_0.phone,o1_0.employee_id,e1_0.emp_id,e1_0.address,e1_0.dob,e1_0.email,e1_0.full_name,e1_0.phone,e1_0.status,o1_0.order_date,o2_0.order_id,o2_0.product_id,p1_0.product_id,p1_0.description,p1_0.manufacturer_name,p1_0.name,p1_0.status,p1_0.unit,o2_0.note,o2_0.price,o2_0.quantity from orders o1_0 left join customer c1_0 on c1_0.cust_id=o1_0.cust_id join employee e1_0 on e1_0.emp_id=o1_0.employee_id left join order_detail o2_0 on o1_0.order_id=o2_0.order_id left join product p1_0 on p1_0.product_id=o2_0.product_id where o1_0.order_id=?
Hibernate: select c1_0.cust_id,c1_0.address,c1_0.email,c1_0.cust_name,c1_0.phone from customer c1_0 where c1_0.cust_id=?
Hibernate: select e1_0.emp_id,e1_0.address,e1_0.dob,e1_0.email,e1_0.full_name,e1_0.phone,e1_0.status from employee e1_0 where e1_0.emp_id=?
Hibernate: insert into orders (cust_id,employee_id,order_date,order_id) values (?,?,?,default)
Hibernate: select p1_0.product_id,p1_0.description,p1_0.manufacturer_name,p1_0.name,p1_0.status,p1_0.unit from product p1_0 where p1_0.product_id=?
Hibernate: select o1_0.order_id,o2_0.order_id,c1_0.cust_id,c1_0.address,c1_0.email,c1_0.cust_name,c1_0.phone,o2_0.employee_id,e1_0.emp_id,e1_0.address,e1_0.dob,e1_0.email,e1_0.full_name,e1_0.phone,e1_0.status,o2_0.order_date,o1_0.product_id,p1_0.product_id,p1_0.description,p1_0.manufacturer_name,p1_0.name,p1_0.status,p1_0.unit,p2_0.product_id,p2_0.image_id,p2_0.alternative,p2_0.path,o1_0.note,o1_0.price,o1_0.quantity from order_detail o1_0 join orders o2_0 on o2_0.order_id=o1_0.order_id left join customer c1_0 on c1_0.cust_id=o2_0.cust_id left join employee e1_0 on e1_0.emp_id=o2_0.employee_id join product p1_0 on p1_0.product_id=o1_0.product_id left join product_image p2_0 on p1_0.product_id=p2_0.product_id where (o1_0.order_id,o1_0.product_id) in ((?,?))
Hibernate: select o1_0.order_id,c1_0.cust_id,c1_0.address,c1_0.email,c1_0.cust_name,c1_0.phone,o1_0.employee_id,e1_0.emp_id,e1_0.address,e1_0.dob,e1_0.email,e1_0.full_name,e1_0.phone,e1_0.status,o1_0.order_date,o2_0.order_id,o2_0.product_id,p1_0.product_id,p1_0.description,p1_0.manufacturer_name,p1_0.name,p1_0.status,p1_0.unit,o2_0.note,o2_0.price,o2_0.quantity from orders o1_0 left join customer c1_0 on c1_0.cust_id=o1_0.cust_id join employee e1_0 on e1_0.emp_id=o1_0.employee_id left join order_detail o2_0 on o1_0.order_id=o2_0.order_id left join product p1_0 on p1_0.product_id=o2_0.product_id where o1_0.order_id=?
Hibernate: select l1_0.employee_id,l1_0.order_id,c1_0.cust_id,c1_0.address,c1_0.email,c1_0.cust_name,c1_0.phone,l1_0.order_date from orders l1_0 left join customer c1_0 on c1_0.cust_id=l1_0.cust_id where l1_0.employee_id=?
Hibernate: select p1_0.product_id,p1_0.description,p1_0.manufacturer_name,p1_0.name,p1_0.status,p1_0.unit,o1_0.product_id,o1_0.order_id,o2_0.order_id,c1_0.cust_id,c1_0.address,c1_0.email,c1_0.cust_name,c1_0.phone,o2_0.employee_id,e1_0.emp_id,e1_0.address,e1_0.dob,e1_0.email,e1_0.full_name,e1_0.phone,e1_0.status,o2_0.order_date,o1_0.note,o1_0.price,o1_0.quantity from product p1_0 left join order_detail o1_0 on p1_0.product_id=o1_0.product_id left join orders o2_0 on o2_0.order_id=o1_0.order_id left join customer c1_0 on c1_0.cust_id=o2_0.cust_id left join employee e1_0 on e1_0.emp_id=o2_0.employee_id where p1_0.product_id=?
Hibernate: select p1_0.product_id,p1_0.price_date_time,p1_0.note,p1_0.price from product_price p1_0 where p1_0.product_id=?
Hibernate: select p1_0.product_id,p1_0.image_id,p1_0.alternative,p1_0.path from product_image p1_0 where p1_0.product_id=?
Hibernate: insert into order_detail (note,price,quantity,order_id,product_id) values (?,?,?,?,?)
Hibernate: update orders set cust_id=?,employee_id=?,order_date=? where order_id=?
Hibernate: select p1_0.product_id,p1_0.description,p1_0.manufacturer_name,p1_0.name,p1_0.status,p1_0.unit from product p1_0 where p1_0.product_id=?
Hibernate: select o1_0.order_id,o2_0.order_id,c1_0.cust_id,c1_0.address,c1_0.email,c1_0.cust_name,c1_0.phone,o2_0.employee_id,e1_0.emp_id,e1_0.address,e1_0.dob,e1_0.email,e1_0.full_name,e1_0.phone,e1_0.status,o2_0.order_date,o1_0.product_id,p1_0.product_id,p1_0.description,p1_0.manufacturer_name,p1_0.name,p1_0.status,p1_0.unit,p2_0.product_id,p2_0.image_id,p2_0.alternative,p2_0.path,o1_0.note,o1_0.price,o1_0.quantity from order_detail o1_0 join orders o2_0 on o2_0.order_id=o1_0.order_id left join customer c1_0 on c1_0.cust_id=o2_0.cust_id left join employee e1_0 on e1_0.emp_id=o2_0.employee_id join product p1_0 on p1_0.product_id=o1_0.product_id left join product_image p2_0 on p1_0.product_id=p2_0.product_id where (o1_0.order_id,o1_0.product_id) in ((?,?))
Hibernate: select o1_0.order_id,c1_0.cust_id,c1_0.address,c1_0.email,c1_0.cust_name,c1_0.phone,o1_0.employee_id,e1_0.emp_id,e1_0.address,e1_0.dob,e1_0.email,e1_0.full_name,e1_0.phone,e1_0.status,o1_0.order_date,o2_0.order_id,o2_0.product_id,p1_0.product_id,p1_0.description,p1_0.manufacturer_name,p1_0.name,p1_0.status,p1_0.unit,o2_0.note,o2_0.price,o2_0.quantity from orders o1_0 left join customer c1_0 on c1_0.cust_id=o1_0.cust_id join employee e1_0 on e1_0.emp_id=o1_0.employee_id left join order_detail o2_0 on o1_0.order_id=o2_0.order_id left join product p1_0 on p1_0.product_id=o2_0.product_id where o1_0.order_id=?
Hibernate: select p1_0.product_id,p1_0.price_date_time,p1_0.note,p1_0.price from product_price p1_0 where p1_0.product_id=?
Hibernate: select p1_0.product_id,p1_0.image_id,p1_0.alternative,p1_0.path from product_image p1_0 where p1_0.product_id=?
Hibernate: select o1_0.product_id,o1_0.order_id,o2_0.order_id,c1_0.cust_id,c1_0.address,c1_0.email,c1_0.cust_name,c1_0.phone,o2_0.employee_id,e1_0.emp_id,e1_0.address,e1_0.dob,e1_0.email,e1_0.full_name,e1_0.phone,e1_0.status,o2_0.order_date,o1_0.note,o1_0.price,o1_0.quantity from order_detail o1_0 join orders o2_0 on o2_0.order_id=o1_0.order_id left join customer c1_0 on c1_0.cust_id=o2_0.cust_id left join employee e1_0 on e1_0.emp_id=o2_0.employee_id where o1_0.product_id=?
Hibernate: select l1_0.employee_id,l1_0.order_id,c1_0.cust_id,c1_0.address,c1_0.email,c1_0.cust_name,c1_0.phone,l1_0.order_date from orders l1_0 left join customer c1_0 on c1_0.cust_id=l1_0.cust_id where l1_0.employee_id=?
Hibernate: select p1_0.product_id,p1_0.description,p1_0.manufacturer_name,p1_0.name,p1_0.status,p1_0.unit,o1_0.product_id,o1_0.order_id,o2_0.order_id,c1_0.cust_id,c1_0.address,c1_0.email,c1_0.cust_name,c1_0.phone,o2_0.employee_id,e1_0.emp_id,e1_0.address,e1_0.dob,e1_0.email,e1_0.full_name,e1_0.phone,e1_0.status,o2_0.order_date,o1_0.note,o1_0.price,o1_0.quantity from product p1_0 left join order_detail o1_0 on p1_0.product_id=o1_0.product_id left join orders o2_0 on o2_0.order_id=o1_0.order_id left join customer c1_0 on c1_0.cust_id=o2_0.cust_id left join employee e1_0 on e1_0.emp_id=o2_0.employee_id where p1_0.product_id=?
Hibernate: select p1_0.product_id,p1_0.price_date_time,p1_0.note,p1_0.price from product_price p1_0 where p1_0.product_id=?
Hibernate: select p1_0.product_id,p1_0.image_id,p1_0.alternative,p1_0.path from product_image p1_0 where p1_0.product_id=?
Hibernate: insert into order_detail (note,price,quantity,order_id,product_id) values (?,?,?,?,?)
Hibernate: update orders set cust_id=?,employee_id=?,order_date=? where order_id=?
Hibernate: select p1_0.product_id,p1_0.description,p1_0.manufacturer_name,p1_0.name,p1_0.status,p1_0.unit from product p1_0 where p1_0.product_id=?
Hibernate: select o1_0.order_id,o2_0.order_id,c1_0.cust_id,c1_0.address,c1_0.email,c1_0.cust_name,c1_0.phone,o2_0.employee_id,e1_0.emp_id,e1_0.address,e1_0.dob,e1_0.email,e1_0.full_name,e1_0.phone,e1_0.status,o2_0.order_date,o1_0.product_id,p1_0.product_id,p1_0.description,p1_0.manufacturer_name,p1_0.name,p1_0.status,p1_0.unit,p2_0.product_id,p2_0.image_id,p2_0.alternative,p2_0.path,o1_0.note,o1_0.price,o1_0.quantity from order_detail o1_0 join orders o2_0 on o2_0.order_id=o1_0.order_id left join customer c1_0 on c1_0.cust_id=o2_0.cust_id left join employee e1_0 on e1_0.emp_id=o2_0.employee_id join product p1_0 on p1_0.product_id=o1_0.product_id left join product_image p2_0 on p1_0.product_id=p2_0.product_id where (o1_0.order_id,o1_0.product_id) in ((?,?))
Hibernate: select o1_0.order_id,c1_0.cust_id,c1_0.address,c1_0.email,c1_0.cust_name,c1_0.phone,o1_0.employee_id,e1_0.emp_id,e1_0.address,e1_0.dob,e1_0.email,e1_0.full_name,e1_0.phone,e1_0.status,o1_0.order_date,o2_0.order_id,o2_0.product_id,p1_0.product_id,p1_0.description,p1_0.manufacturer_name,p1_0.name,p1_0.status,p1_0.unit,o2_0.note,o2_0.price,o2_0.quantity from orders o1_0 left join customer c1_0 on c1_0.cust_id=o1_0.cust_id join employee e1_0 on e1_0.emp_id=o1_0.employee_id left join order_detail o2_0 on o1_0.order_id=o2_0.order_id left join product p1_0 on p1_0.product_id=o2_0.product_id where o1_0.order_id=?
Hibernate: select p1_0.product_id,p1_0.price_date_time,p1_0.note,p1_0.price from product_price p1_0 where p1_0.product_id=?
Hibernate: select p1_0.product_id,p1_0.image_id,p1_0.alternative,p1_0.path from product_image p1_0 where p1_0.product_id=?
Hibernate: select o1_0.product_id,o1_0.order_id,o2_0.order_id,c1_0.cust_id,c1_0.address,c1_0.email,c1_0.cust_name,c1_0.phone,o2_0.employee_id,e1_0.emp_id,e1_0.address,e1_0.dob,e1_0.email,e1_0.full_name,e1_0.phone,e1_0.status,o2_0.order_date,o1_0.note,o1_0.price,o1_0.quantity from order_detail o1_0 join orders o2_0 on o2_0.order_id=o1_0.order_id left join customer c1_0 on c1_0.cust_id=o2_0.cust_id left join employee e1_0 on e1_0.emp_id=o2_0.employee_id where o1_0.product_id=?
Hibernate: select p1_0.product_id,p1_0.price_date_time,p1_0.note,p1_0.price from product_price p1_0 where p1_0.product_id=?
Hibernate: select p1_0.product_id,p1_0.image_id,p1_0.alternative,p1_0.path from product_image p1_0 where p1_0.product_id=?
Hibernate: select o1_0.product_id,o1_0.order_id,o2_0.order_id,c1_0.cust_id,c1_0.address,c1_0.email,c1_0.cust_name,c1_0.phone,o2_0.employee_id,e1_0.emp_id,e1_0.address,e1_0.dob,e1_0.email,e1_0.full_name,e1_0.phone,e1_0.status,o2_0.order_date,o1_0.note,o1_0.price,o1_0.quantity from order_detail o1_0 join orders o2_0 on o2_0.order_id=o1_0.order_id left join customer c1_0 on c1_0.cust_id=o2_0.cust_id left join employee e1_0 on e1_0.emp_id=o2_0.employee_id where o1_0.product_id=?
Hibernate: select l1_0.employee_id,l1_0.order_id,c1_0.cust_id,c1_0.address,c1_0.email,c1_0.cust_name,c1_0.phone,l1_0.order_date from orders l1_0 left join customer c1_0 on c1_0.cust_id=l1_0.cust_id where l1_0.employee_id=?
Hibernate: select p1_0.product_id,p1_0.description,p1_0.manufacturer_name,p1_0.name,p1_0.status,p1_0.unit,o1_0.product_id,o1_0.order_id,o2_0.order_id,c1_0.cust_id,c1_0.address,c1_0.email,c1_0.cust_name,c1_0.phone,o2_0.employee_id,e1_0.emp_id,e1_0.address,e1_0.dob,e1_0.email,e1_0.full_name,e1_0.phone,e1_0.status,o2_0.order_date,o1_0.note,o1_0.price,o1_0.quantity from product p1_0 left join order_detail o1_0 on p1_0.product_id=o1_0.product_id left join orders o2_0 on o2_0.order_id=o1_0.order_id left join customer c1_0 on c1_0.cust_id=o2_0.cust_id left join employee e1_0 on e1_0.emp_id=o2_0.employee_id where p1_0.product_id=?
Hibernate: select p1_0.product_id,p1_0.price_date_time,p1_0.note,p1_0.price from product_price p1_0 where p1_0.product_id=?
Hibernate: select p1_0.product_id,p1_0.image_id,p1_0.alternative,p1_0.path from product_image p1_0 where p1_0.product_id=?
Hibernate: insert into order_detail (note,price,quantity,order_id,product_id) values (?,?,?,?,?)
Hibernate: update orders set cust_id=?,employee_id=?,order_date=? where order_id=?
Hibernate: select e1_0.emp_id,e1_0.address,e1_0.dob,e1_0.email,e1_0.full_name,e1_0.phone,e1_0.status from employee e1_0 where e1_0.emp_id=?
Hibernate: select c1_0.cust_id,c1_0.address,c1_0.email,c1_0.cust_name,c1_0.phone from customer c1_0 where c1_0.cust_id=?
Hibernate: select o1_0.order_id,c1_0.cust_id,c1_0.address,c1_0.email,c1_0.cust_name,c1_0.phone,o1_0.employee_id,e1_0.emp_id,e1_0.address,e1_0.dob,e1_0.email,e1_0.full_name,e1_0.phone,e1_0.status,o1_0.order_date,o2_0.order_id,o2_0.product_id,p1_0.product_id,p1_0.description,p1_0.manufacturer_name,p1_0.name,p1_0.status,p1_0.unit,o2_0.note,o2_0.price,o2_0.quantity from orders o1_0 left join customer c1_0 on c1_0.cust_id=o1_0.cust_id join employee e1_0 on e1_0.emp_id=o1_0.employee_id left join order_detail o2_0 on o1_0.order_id=o2_0.order_id left join product p1_0 on p1_0.product_id=o2_0.product_id where o1_0.order_id=?
Hibernate: select c1_0.cust_id,c1_0.address,c1_0.email,c1_0.cust_name,c1_0.phone from customer c1_0 where c1_0.cust_id=?
Hibernate: select e1_0.emp_id,e1_0.address,e1_0.dob,e1_0.email,e1_0.full_name,e1_0.phone,e1_0.status from employee e1_0 where e1_0.emp_id=?
Hibernate: insert into orders (cust_id,employee_id,order_date,order_id) values (?,?,?,default)
Hibernate: select p1_0.product_id,p1_0.description,p1_0.manufacturer_name,p1_0.name,p1_0.status,p1_0.unit from product p1_0 where p1_0.product_id=?
Hibernate: select o1_0.order_id,o2_0.order_id,c1_0.cust_id,c1_0.address,c1_0.email,c1_0.cust_name,c1_0.phone,o2_0.employee_id,e1_0.emp_id,e1_0.address,e1_0.dob,e1_0.email,e1_0.full_name,e1_0.phone,e1_0.status,o2_0.order_date,o1_0.product_id,p1_0.product_id,p1_0.description,p1_0.manufacturer_name,p1_0.name,p1_0.status,p1_0.unit,p2_0.product_id,p2_0.image_id,p2_0.alternative,p2_0.path,o1_0.note,o1_0.price,o1_0.quantity from order_detail o1_0 join orders o2_0 on o2_0.order_id=o1_0.order_id left join customer c1_0 on c1_0.cust_id=o2_0.cust_id left join employee e1_0 on e1_0.emp_id=o2_0.employee_id join product p1_0 on p1_0.product_id=o1_0.product_id left join product_image p2_0 on p1_0.product_id=p2_0.product_id where (o1_0.order_id,o1_0.product_id) in ((?,?))
Hibernate: select o1_0.order_id,c1_0.cust_id,c1_0.address,c1_0.email,c1_0.cust_name,c1_0.phone,o1_0.employee_id,e1_0.emp_id,e1_0.address,e1_0.dob,e1_0.email,e1_0.full_name,e1_0.phone,e1_0.status,o1_0.order_date,o2_0.order_id,o2_0.product_id,p1_0.product_id,p1_0.description,p1_0.manufacturer_name,p1_0.name,p1_0.status,p1_0.unit,o2_0.note,o2_0.price,o2_0.quantity from orders o1_0 left join customer c1_0 on c1_0.cust_id=o1_0.cust_id join employee e1_0 on e1_0.emp_id=o1_0.employee_id left join order_detail o2_0 on o1_0.order_id=o2_0.order_id left join product p1_0 on p1_0.product_id=o2_0.product_id where o1_0.order_id=?
Hibernate: select l1_0.employee_id,l1_0.order_id,c1_0.cust_id,c1_0.address,c1_0.email,c1_0.cust_name,c1_0.phone,l1_0.order_date from orders l1_0 left join customer c1_0 on c1_0.cust_id=l1_0.cust_id where l1_0.employee_id=?
Hibernate: select p1_0.product_id,p1_0.description,p1_0.manufacturer_name,p1_0.name,p1_0.status,p1_0.unit,o1_0.product_id,o1_0.order_id,o2_0.order_id,c1_0.cust_id,c1_0.address,c1_0.email,c1_0.cust_name,c1_0.phone,o2_0.employee_id,e1_0.emp_id,e1_0.address,e1_0.dob,e1_0.email,e1_0.full_name,e1_0.phone,e1_0.status,o2_0.order_date,o1_0.note,o1_0.price,o1_0.quantity from product p1_0 left join order_detail o1_0 on p1_0.product_id=o1_0.product_id left join orders o2_0 on o2_0.order_id=o1_0.order_id left join customer c1_0 on c1_0.cust_id=o2_0.cust_id left join employee e1_0 on e1_0.emp_id=o2_0.employee_id where p1_0.product_id=?
Hibernate: select p1_0.product_id,p1_0.price_date_time,p1_0.note,p1_0.price from product_price p1_0 where p1_0.product_id=?
Hibernate: select p1_0.product_id,p1_0.image_id,p1_0.alternative,p1_0.path from product_image p1_0 where p1_0.product_id=?
Hibernate: insert into order_detail (note,price,quantity,order_id,product_id) values (?,?,?,?,?)
Hibernate: update orders set cust_id=?,employee_id=?,order_date=? where order_id=?
Hibernate: select p1_0.product_id,p1_0.description,p1_0.manufacturer_name,p1_0.name,p1_0.status,p1_0.unit from product p1_0 where p1_0.product_id=?
Hibernate: select o1_0.order_id,o2_0.order_id,c1_0.cust_id,c1_0.address,c1_0.email,c1_0.cust_name,c1_0.phone,o2_0.employee_id,e1_0.emp_id,e1_0.address,e1_0.dob,e1_0.email,e1_0.full_name,e1_0.phone,e1_0.status,o2_0.order_date,o1_0.product_id,p1_0.product_id,p1_0.description,p1_0.manufacturer_name,p1_0.name,p1_0.status,p1_0.unit,p2_0.product_id,p2_0.image_id,p2_0.alternative,p2_0.path,o1_0.note,o1_0.price,o1_0.quantity from order_detail o1_0 join orders o2_0 on o2_0.order_id=o1_0.order_id left join customer c1_0 on c1_0.cust_id=o2_0.cust_id left join employee e1_0 on e1_0.emp_id=o2_0.employee_id join product p1_0 on p1_0.product_id=o1_0.product_id left join product_image p2_0 on p1_0.product_id=p2_0.product_id where (o1_0.order_id,o1_0.product_id) in ((?,?))
Hibernate: select o1_0.order_id,c1_0.cust_id,c1_0.address,c1_0.email,c1_0.cust_name,c1_0.phone,o1_0.employee_id,e1_0.emp_id,e1_0.address,e1_0.dob,e1_0.email,e1_0.full_name,e1_0.phone,e1_0.status,o1_0.order_date,o2_0.order_id,o2_0.product_id,p1_0.product_id,p1_0.description,p1_0.manufacturer_name,p1_0.name,p1_0.status,p1_0.unit,o2_0.note,o2_0.price,o2_0.quantity from orders o1_0 left join customer c1_0 on c1_0.cust_id=o1_0.cust_id join employee e1_0 on e1_0.emp_id=o1_0.employee_id left join order_detail o2_0 on o1_0.order_id=o2_0.order_id left join product p1_0 on p1_0.product_id=o2_0.product_id where o1_0.order_id=?
Hibernate: select p1_0.product_id,p1_0.price_date_time,p1_0.note,p1_0.price from product_price p1_0 where p1_0.product_id=?
Hibernate: select p1_0.product_id,p1_0.image_id,p1_0.alternative,p1_0.path from product_image p1_0 where p1_0.product_id=?
Hibernate: select o1_0.product_id,o1_0.order_id,o2_0.order_id,c1_0.cust_id,c1_0.address,c1_0.email,c1_0.cust_name,c1_0.phone,o2_0.employee_id,e1_0.emp_id,e1_0.address,e1_0.dob,e1_0.email,e1_0.full_name,e1_0.phone,e1_0.status,o2_0.order_date,o1_0.note,o1_0.price,o1_0.quantity from order_detail o1_0 join orders o2_0 on o2_0.order_id=o1_0.order_id left join customer c1_0 on c1_0.cust_id=o2_0.cust_id left join employee e1_0 on e1_0.emp_id=o2_0.employee_id where o1_0.product_id=?
Hibernate: select l1_0.employee_id,l1_0.order_id,c1_0.cust_id,c1_0.address,c1_0.email,c1_0.cust_name,c1_0.phone,l1_0.order_date from orders l1_0 left join customer c1_0 on c1_0.cust_id=l1_0.cust_id where l1_0.employee_id=?
Hibernate: select p1_0.product_id,p1_0.description,p1_0.manufacturer_name,p1_0.name,p1_0.status,p1_0.unit,o1_0.product_id,o1_0.order_id,o2_0.order_id,c1_0.cust_id,c1_0.address,c1_0.email,c1_0.cust_name,c1_0.phone,o2_0.employee_id,e1_0.emp_id,e1_0.address,e1_0.dob,e1_0.email,e1_0.full_name,e1_0.phone,e1_0.status,o2_0.order_date,o1_0.note,o1_0.price,o1_0.quantity from product p1_0 left join order_detail o1_0 on p1_0.product_id=o1_0.product_id left join orders o2_0 on o2_0.order_id=o1_0.order_id left join customer c1_0 on c1_0.cust_id=o2_0.cust_id left join employee e1_0 on e1_0.emp_id=o2_0.employee_id where p1_0.product_id=?
Hibernate: select p1_0.product_id,p1_0.price_date_time,p1_0.note,p1_0.price from product_price p1_0 where p1_0.product_id=?
Hibernate: select p1_0.product_id,p1_0.image_id,p1_0.alternative,p1_0.path from product_image p1_0 where p1_0.product_id=?
Hibernate: insert into order_detail (note,price,quantity,order_id,product_id) values (?,?,?,?,?)
Hibernate: update orders set cust_id=?,employee_id=?,order_date=? where order_id=?
Hibernate: select p1_0.product_id,p1_0.description,p1_0.manufacturer_name,p1_0.name,p1_0.status,p1_0.unit from product p1_0 where p1_0.product_id=?
Hibernate: select o1_0.order_id,o2_0.order_id,c1_0.cust_id,c1_0.address,c1_0.email,c1_0.cust_name,c1_0.phone,o2_0.employee_id,e1_0.emp_id,e1_0.address,e1_0.dob,e1_0.email,e1_0.full_name,e1_0.phone,e1_0.status,o2_0.order_date,o1_0.product_id,p1_0.product_id,p1_0.description,p1_0.manufacturer_name,p1_0.name,p1_0.status,p1_0.unit,p2_0.product_id,p2_0.image_id,p2_0.alternative,p2_0.path,o1_0.note,o1_0.price,o1_0.quantity from order_detail o1_0 join orders o2_0 on o2_0.order_id=o1_0.order_id left join customer c1_0 on c1_0.cust_id=o2_0.cust_id left join employee e1_0 on e1_0.emp_id=o2_0.employee_id join product p1_0 on p1_0.product_id=o1_0.product_id left join product_image p2_0 on p1_0.product_id=p2_0.product_id where (o1_0.order_id,o1_0.product_id) in ((?,?))
Hibernate: select o1_0.order_id,c1_0.cust_id,c1_0.address,c1_0.email,c1_0.cust_name,c1_0.phone,o1_0.employee_id,e1_0.emp_id,e1_0.address,e1_0.dob,e1_0.email,e1_0.full_name,e1_0.phone,e1_0.status,o1_0.order_date,o2_0.order_id,o2_0.product_id,p1_0.product_id,p1_0.description,p1_0.manufacturer_name,p1_0.name,p1_0.status,p1_0.unit,o2_0.note,o2_0.price,o2_0.quantity from orders o1_0 left join customer c1_0 on c1_0.cust_id=o1_0.cust_id join employee e1_0 on e1_0.emp_id=o1_0.employee_id left join order_detail o2_0 on o1_0.order_id=o2_0.order_id left join product p1_0 on p1_0.product_id=o2_0.product_id where o1_0.order_id=?
Hibernate: select p1_0.product_id,p1_0.price_date_time,p1_0.note,p1_0.price from product_price p1_0 where p1_0.product_id=?
Hibernate: select p1_0.product_id,p1_0.image_id,p1_0.alternative,p1_0.path from product_image p1_0 where p1_0.product_id=?
Hibernate: select o1_0.product_id,o1_0.order_id,o2_0.order_id,c1_0.cust_id,c1_0.address,c1_0.email,c1_0.cust_name,c1_0.phone,o2_0.employee_id,e1_0.emp_id,e1_0.address,e1_0.dob,e1_0.email,e1_0.full_name,e1_0.phone,e1_0.status,o2_0.order_date,o1_0.note,o1_0.price,o1_0.quantity from order_detail o1_0 join orders o2_0 on o2_0.order_id=o1_0.order_id left join customer c1_0 on c1_0.cust_id=o2_0.cust_id left join employee e1_0 on e1_0.emp_id=o2_0.employee_id where o1_0.product_id=?
Hibernate: select p1_0.product_id,p1_0.price_date_time,p1_0.note,p1_0.price from product_price p1_0 where p1_0.product_id=?
Hibernate: select p1_0.product_id,p1_0.image_id,p1_0.alternative,p1_0.path from product_image p1_0 where p1_0.product_id=?
Hibernate: select o1_0.product_id,o1_0.order_id,o2_0.order_id,c1_0.cust_id,c1_0.address,c1_0.email,c1_0.cust_name,c1_0.phone,o2_0.employee_id,e1_0.emp_id,e1_0.address,e1_0.dob,e1_0.email,e1_0.full_name,e1_0.phone,e1_0.status,o2_0.order_date,o1_0.note,o1_0.price,o1_0.quantity from order_detail o1_0 join orders o2_0 on o2_0.order_id=o1_0.order_id left join customer c1_0 on c1_0.cust_id=o2_0.cust_id left join employee e1_0 on e1_0.emp_id=o2_0.employee_id where o1_0.product_id=?
Hibernate: select l1_0.employee_id,l1_0.order_id,c1_0.cust_id,c1_0.address,c1_0.email,c1_0.cust_name,c1_0.phone,l1_0.order_date from orders l1_0 left join customer c1_0 on c1_0.cust_id=l1_0.cust_id where l1_0.employee_id=?
Hibernate: select p1_0.product_id,p1_0.description,p1_0.manufacturer_name,p1_0.name,p1_0.status,p1_0.unit,o1_0.product_id,o1_0.order_id,o2_0.order_id,c1_0.cust_id,c1_0.address,c1_0.email,c1_0.cust_name,c1_0.phone,o2_0.employee_id,e1_0.emp_id,e1_0.address,e1_0.dob,e1_0.email,e1_0.full_name,e1_0.phone,e1_0.status,o2_0.order_date,o1_0.note,o1_0.price,o1_0.quantity from product p1_0 left join order_detail o1_0 on p1_0.product_id=o1_0.product_id left join orders o2_0 on o2_0.order_id=o1_0.order_id left join customer c1_0 on c1_0.cust_id=o2_0.cust_id left join employee e1_0 on e1_0.emp_id=o2_0.employee_id where p1_0.product_id=?
Hibernate: select p1_0.product_id,p1_0.price_date_time,p1_0.note,p1_0.price from product_price p1_0 where p1_0.product_id=?
Hibernate: select p1_0.product_id,p1_0.image_id,p1_0.alternative,p1_0.path from product_image p1_0 where p1_0.product_id=?
Hibernate: insert into order_detail (note,price,quantity,order_id,product_id) values (?,?,?,?,?)
Hibernate: update orders set cust_id=?,employee_id=?,order_date=? where order_id=?
Hibernate: select e1_0.emp_id,e1_0.address,e1_0.dob,e1_0.email,e1_0.full_name,e1_0.phone,e1_0.status from employee e1_0 where e1_0.emp_id=?
Hibernate: select c1_0.cust_id,c1_0.address,c1_0.email,c1_0.cust_name,c1_0.phone from customer c1_0 where c1_0.cust_id=?
Hibernate: select o1_0.order_id,c1_0.cust_id,c1_0.address,c1_0.email,c1_0.cust_name,c1_0.phone,o1_0.employee_id,e1_0.emp_id,e1_0.address,e1_0.dob,e1_0.email,e1_0.full_name,e1_0.phone,e1_0.status,o1_0.order_date,o2_0.order_id,o2_0.product_id,p1_0.product_id,p1_0.description,p1_0.manufacturer_name,p1_0.name,p1_0.status,p1_0.unit,o2_0.note,o2_0.price,o2_0.quantity from orders o1_0 left join customer c1_0 on c1_0.cust_id=o1_0.cust_id join employee e1_0 on e1_0.emp_id=o1_0.employee_id left join order_detail o2_0 on o1_0.order_id=o2_0.order_id left join product p1_0 on p1_0.product_id=o2_0.product_id where o1_0.order_id=?
Hibernate: select c1_0.cust_id,c1_0.address,c1_0.email,c1_0.cust_name,c1_0.phone from customer c1_0 where c1_0.cust_id=?
Hibernate: select e1_0.emp_id,e1_0.address,e1_0.dob,e1_0.email,e1_0.full_name,e1_0.phone,e1_0.status from employee e1_0 where e1_0.emp_id=?
Hibernate: insert into orders (cust_id,employee_id,order_date,order_id) values (?,?,?,default)
Hibernate: select p1_0.product_id,p1_0.description,p1_0.manufacturer_name,p1_0.name,p1_0.status,p1_0.unit from product p1_0 where p1_0.product_id=?
Hibernate: select o1_0.order_id,o2_0.order_id,c1_0.cust_id,c1_0.address,c1_0.email,c1_0.cust_name,c1_0.phone,o2_0.employee_id,e1_0.emp_id,e1_0.address,e1_0.dob,e1_0.email,e1_0.full_name,e1_0.phone,e1_0.status,o2_0.order_date,o1_0.product_id,p1_0.product_id,p1_0.description,p1_0.manufacturer_name,p1_0.name,p1_0.status,p1_0.unit,p2_0.product_id,p2_0.image_id,p2_0.alternative,p2_0.path,o1_0.note,o1_0.price,o1_0.quantity from order_detail o1_0 join orders o2_0 on o2_0.order_id=o1_0.order_id left join customer c1_0 on c1_0.cust_id=o2_0.cust_id left join employee e1_0 on e1_0.emp_id=o2_0.employee_id join product p1_0 on p1_0.product_id=o1_0.product_id left join product_image p2_0 on p1_0.product_id=p2_0.product_id where (o1_0.order_id,o1_0.product_id) in ((?,?))
Hibernate: select o1_0.order_id,c1_0.cust_id,c1_0.address,c1_0.email,c1_0.cust_name,c1_0.phone,o1_0.employee_id,e1_0.emp_id,e1_0.address,e1_0.dob,e1_0.email,e1_0.full_name,e1_0.phone,e1_0.status,o1_0.order_date,o2_0.order_id,o2_0.product_id,p1_0.product_id,p1_0.description,p1_0.manufacturer_name,p1_0.name,p1_0.status,p1_0.unit,o2_0.note,o2_0.price,o2_0.quantity from orders o1_0 left join customer c1_0 on c1_0.cust_id=o1_0.cust_id join employee e1_0 on e1_0.emp_id=o1_0.employee_id left join order_detail o2_0 on o1_0.order_id=o2_0.order_id left join product p1_0 on p1_0.product_id=o2_0.product_id where o1_0.order_id=?
Hibernate: select l1_0.employee_id,l1_0.order_id,c1_0.cust_id,c1_0.address,c1_0.email,c1_0.cust_name,c1_0.phone,l1_0.order_date from orders l1_0 left join customer c1_0 on c1_0.cust_id=l1_0.cust_id where l1_0.employee_id=?
Hibernate: select p1_0.product_id,p1_0.description,p1_0.manufacturer_name,p1_0.name,p1_0.status,p1_0.unit,o1_0.product_id,o1_0.order_id,o2_0.order_id,c1_0.cust_id,c1_0.address,c1_0.email,c1_0.cust_name,c1_0.phone,o2_0.employee_id,e1_0.emp_id,e1_0.address,e1_0.dob,e1_0.email,e1_0.full_name,e1_0.phone,e1_0.status,o2_0.order_date,o1_0.note,o1_0.price,o1_0.quantity from product p1_0 left join order_detail o1_0 on p1_0.product_id=o1_0.product_id left join orders o2_0 on o2_0.order_id=o1_0.order_id left join customer c1_0 on c1_0.cust_id=o2_0.cust_id left join employee e1_0 on e1_0.emp_id=o2_0.employee_id where p1_0.product_id=?
Hibernate: select p1_0.product_id,p1_0.price_date_time,p1_0.note,p1_0.price from product_price p1_0 where p1_0.product_id=?
Hibernate: select p1_0.product_id,p1_0.image_id,p1_0.alternative,p1_0.path from product_image p1_0 where p1_0.product_id=?
Hibernate: insert into order_detail (note,price,quantity,order_id,product_id) values (?,?,?,?,?)
Hibernate: update orders set cust_id=?,employee_id=?,order_date=? where order_id=?
Hibernate: select p1_0.product_id,p1_0.description,p1_0.manufacturer_name,p1_0.name,p1_0.status,p1_0.unit from product p1_0 where p1_0.product_id=?
Hibernate: select o1_0.order_id,o2_0.order_id,c1_0.cust_id,c1_0.address,c1_0.email,c1_0.cust_name,c1_0.phone,o2_0.employee_id,e1_0.emp_id,e1_0.address,e1_0.dob,e1_0.email,e1_0.full_name,e1_0.phone,e1_0.status,o2_0.order_date,o1_0.product_id,p1_0.product_id,p1_0.description,p1_0.manufacturer_name,p1_0.name,p1_0.status,p1_0.unit,p2_0.product_id,p2_0.image_id,p2_0.alternative,p2_0.path,o1_0.note,o1_0.price,o1_0.quantity from order_detail o1_0 join orders o2_0 on o2_0.order_id=o1_0.order_id left join customer c1_0 on c1_0.cust_id=o2_0.cust_id left join employee e1_0 on e1_0.emp_id=o2_0.employee_id join product p1_0 on p1_0.product_id=o1_0.product_id left join product_image p2_0 on p1_0.product_id=p2_0.product_id where (o1_0.order_id,o1_0.product_id) in ((?,?))
Hibernate: select o1_0.order_id,c1_0.cust_id,c1_0.address,c1_0.email,c1_0.cust_name,c1_0.phone,o1_0.employee_id,e1_0.emp_id,e1_0.address,e1_0.dob,e1_0.email,e1_0.full_name,e1_0.phone,e1_0.status,o1_0.order_date,o2_0.order_id,o2_0.product_id,p1_0.product_id,p1_0.description,p1_0.manufacturer_name,p1_0.name,p1_0.status,p1_0.unit,o2_0.note,o2_0.price,o2_0.quantity from orders o1_0 left join customer c1_0 on c1_0.cust_id=o1_0.cust_id join employee e1_0 on e1_0.emp_id=o1_0.employee_id left join order_detail o2_0 on o1_0.order_id=o2_0.order_id left join product p1_0 on p1_0.product_id=o2_0.product_id where o1_0.order_id=?
Hibernate: select p1_0.product_id,p1_0.price_date_time,p1_0.note,p1_0.price from product_price p1_0 where p1_0.product_id=?
Hibernate: select p1_0.product_id,p1_0.image_id,p1_0.alternative,p1_0.path from product_image p1_0 where p1_0.product_id=?
Hibernate: select o1_0.product_id,o1_0.order_id,o2_0.order_id,c1_0.cust_id,c1_0.address,c1_0.email,c1_0.cust_name,c1_0.phone,o2_0.employee_id,e1_0.emp_id,e1_0.address,e1_0.dob,e1_0.email,e1_0.full_name,e1_0.phone,e1_0.status,o2_0.order_date,o1_0.note,o1_0.price,o1_0.quantity from order_detail o1_0 join orders o2_0 on o2_0.order_id=o1_0.order_id left join customer c1_0 on c1_0.cust_id=o2_0.cust_id left join employee e1_0 on e1_0.emp_id=o2_0.employee_id where o1_0.product_id=?
Hibernate: select l1_0.employee_id,l1_0.order_id,c1_0.cust_id,c1_0.address,c1_0.email,c1_0.cust_name,c1_0.phone,l1_0.order_date from orders l1_0 left join customer c1_0 on c1_0.cust_id=l1_0.cust_id where l1_0.employee_id=?
Hibernate: select p1_0.product_id,p1_0.description,p1_0.manufacturer_name,p1_0.name,p1_0.status,p1_0.unit,o1_0.product_id,o1_0.order_id,o2_0.order_id,c1_0.cust_id,c1_0.address,c1_0.email,c1_0.cust_name,c1_0.phone,o2_0.employee_id,e1_0.emp_id,e1_0.address,e1_0.dob,e1_0.email,e1_0.full_name,e1_0.phone,e1_0.status,o2_0.order_date,o1_0.note,o1_0.price,o1_0.quantity from product p1_0 left join order_detail o1_0 on p1_0.product_id=o1_0.product_id left join orders o2_0 on o2_0.order_id=o1_0.order_id left join customer c1_0 on c1_0.cust_id=o2_0.cust_id left join employee e1_0 on e1_0.emp_id=o2_0.employee_id where p1_0.product_id=?
Hibernate: select p1_0.product_id,p1_0.price_date_time,p1_0.note,p1_0.price from product_price p1_0 where p1_0.product_id=?
Hibernate: select p1_0.product_id,p1_0.image_id,p1_0.alternative,p1_0.path from product_image p1_0 where p1_0.product_id=?
Hibernate: insert into order_detail (note,price,quantity,order_id,product_id) values (?,?,?,?,?)
Hibernate: update orders set cust_id=?,employee_id=?,order_date=? where order_id=?
Hibernate: select p1_0.product_id,p1_0.description,p1_0.manufacturer_name,p1_0.name,p1_0.status,p1_0.unit from product p1_0 where p1_0.product_id=?
Hibernate: select o1_0.order_id,o2_0.order_id,c1_0.cust_id,c1_0.address,c1_0.email,c1_0.cust_name,c1_0.phone,o2_0.employee_id,e1_0.emp_id,e1_0.address,e1_0.dob,e1_0.email,e1_0.full_name,e1_0.phone,e1_0.status,o2_0.order_date,o1_0.product_id,p1_0.product_id,p1_0.description,p1_0.manufacturer_name,p1_0.name,p1_0.status,p1_0.unit,p2_0.product_id,p2_0.image_id,p2_0.alternative,p2_0.path,o1_0.note,o1_0.price,o1_0.quantity from order_detail o1_0 join orders o2_0 on o2_0.order_id=o1_0.order_id left join customer c1_0 on c1_0.cust_id=o2_0.cust_id left join employee e1_0 on e1_0.emp_id=o2_0.employee_id join product p1_0 on p1_0.product_id=o1_0.product_id left join product_image p2_0 on p1_0.product_id=p2_0.product_id where (o1_0.order_id,o1_0.product_id) in ((?,?))
Hibernate: select o1_0.order_id,c1_0.cust_id,c1_0.address,c1_0.email,c1_0.cust_name,c1_0.phone,o1_0.employee_id,e1_0.emp_id,e1_0.address,e1_0.dob,e1_0.email,e1_0.full_name,e1_0.phone,e1_0.status,o1_0.order_date,o2_0.order_id,o2_0.product_id,p1_0.product_id,p1_0.description,p1_0.manufacturer_name,p1_0.name,p1_0.status,p1_0.unit,o2_0.note,o2_0.price,o2_0.quantity from orders o1_0 left join customer c1_0 on c1_0.cust_id=o1_0.cust_id join employee e1_0 on e1_0.emp_id=o1_0.employee_id left join order_detail o2_0 on o1_0.order_id=o2_0.order_id left join product p1_0 on p1_0.product_id=o2_0.product_id where o1_0.order_id=?
Hibernate: select p1_0.product_id,p1_0.price_date_time,p1_0.note,p1_0.price from product_price p1_0 where p1_0.product_id=?
Hibernate: select p1_0.product_id,p1_0.image_id,p1_0.alternative,p1_0.path from product_image p1_0 where p1_0.product_id=?
Hibernate: select o1_0.product_id,o1_0.order_id,o2_0.order_id,c1_0.cust_id,c1_0.address,c1_0.email,c1_0.cust_name,c1_0.phone,o2_0.employee_id,e1_0.emp_id,e1_0.address,e1_0.dob,e1_0.email,e1_0.full_name,e1_0.phone,e1_0.status,o2_0.order_date,o1_0.note,o1_0.price,o1_0.quantity from order_detail o1_0 join orders o2_0 on o2_0.order_id=o1_0.order_id left join customer c1_0 on c1_0.cust_id=o2_0.cust_id left join employee e1_0 on e1_0.emp_id=o2_0.employee_id where o1_0.product_id=?
Hibernate: select p1_0.product_id,p1_0.price_date_time,p1_0.note,p1_0.price from product_price p1_0 where p1_0.product_id=?
Hibernate: select p1_0.product_id,p1_0.image_id,p1_0.alternative,p1_0.path from product_image p1_0 where p1_0.product_id=?
Hibernate: select o1_0.product_id,o1_0.order_id,o2_0.order_id,c1_0.cust_id,c1_0.address,c1_0.email,c1_0.cust_name,c1_0.phone,o2_0.employee_id,e1_0.emp_id,e1_0.address,e1_0.dob,e1_0.email,e1_0.full_name,e1_0.phone,e1_0.status,o2_0.order_date,o1_0.note,o1_0.price,o1_0.quantity from order_detail o1_0 join orders o2_0 on o2_0.order_id=o1_0.order_id left join customer c1_0 on c1_0.cust_id=o2_0.cust_id left join employee e1_0 on e1_0.emp_id=o2_0.employee_id where o1_0.product_id=?
Hibernate: select l1_0.employee_id,l1_0.order_id,c1_0.cust_id,c1_0.address,c1_0.email,c1_0.cust_name,c1_0.phone,l1_0.order_date from orders l1_0 left join customer c1_0 on c1_0.cust_id=l1_0.cust_id where l1_0.employee_id=?
Hibernate: select p1_0.product_id,p1_0.description,p1_0.manufacturer_name,p1_0.name,p1_0.status,p1_0.unit,o1_0.product_id,o1_0.order_id,o2_0.order_id,c1_0.cust_id,c1_0.address,c1_0.email,c1_0.cust_name,c1_0.phone,o2_0.employee_id,e1_0.emp_id,e1_0.address,e1_0.dob,e1_0.email,e1_0.full_name,e1_0.phone,e1_0.status,o2_0.order_date,o1_0.note,o1_0.price,o1_0.quantity from product p1_0 left join order_detail o1_0 on p1_0.product_id=o1_0.product_id left join orders o2_0 on o2_0.order_id=o1_0.order_id left join customer c1_0 on c1_0.cust_id=o2_0.cust_id left join employee e1_0 on e1_0.emp_id=o2_0.employee_id where p1_0.product_id=?
Hibernate: select o1_0.order_id,o1_0.product_id,p1_0.product_id,p1_0.description,p1_0.manufacturer_name,p1_0.name,p1_0.status,p1_0.unit,o1_0.note,o1_0.price,o1_0.quantity from order_detail o1_0 join product p1_0 on p1_0.product_id=o1_0.product_id where o1_0.order_id=?
Hibernate: select l1_0.employee_id,l1_0.order_id,c1_0.cust_id,c1_0.address,c1_0.email,c1_0.cust_name,c1_0.phone,l1_0.order_date from orders l1_0 left join customer c1_0 on c1_0.cust_id=l1_0.cust_id where l1_0.employee_id=?
Hibernate: select p1_0.product_id,p1_0.price_date_time,p1_0.note,p1_0.price from product_price p1_0 where p1_0.product_id=?
Hibernate: select p1_0.product_id,p1_0.image_id,p1_0.alternative,p1_0.path from product_image p1_0 where p1_0.product_id=?
Hibernate: select o1_0.order_id,o1_0.product_id,p1_0.product_id,p1_0.description,p1_0.manufacturer_name,p1_0.name,p1_0.status,p1_0.unit,o1_0.note,o1_0.price,o1_0.quantity from order_detail o1_0 join product p1_0 on p1_0.product_id=o1_0.product_id where o1_0.order_id=?
Hibernate: select l1_0.employee_id,l1_0.order_id,c1_0.cust_id,c1_0.address,c1_0.email,c1_0.cust_name,c1_0.phone,l1_0.order_date from orders l1_0 left join customer c1_0 on c1_0.cust_id=l1_0.cust_id where l1_0.employee_id=?
Hibernate: insert into order_detail (note,price,quantity,order_id,product_id) values (?,?,?,?,?)
Hibernate: update orders set cust_id=?,employee_id=?,order_date=? where order_id=?
Hibernate: select e1_0.emp_id,e1_0.address,e1_0.dob,e1_0.email,e1_0.full_name,e1_0.phone,e1_0.status from employee e1_0 where e1_0.emp_id=?
Hibernate: select c1_0.cust_id,c1_0.address,c1_0.email,c1_0.cust_name,c1_0.phone from customer c1_0 where c1_0.cust_id=?
Hibernate: select o1_0.order_id,c1_0.cust_id,c1_0.address,c1_0.email,c1_0.cust_name,c1_0.phone,o1_0.employee_id,e1_0.emp_id,e1_0.address,e1_0.dob,e1_0.email,e1_0.full_name,e1_0.phone,e1_0.status,o1_0.order_date,o2_0.order_id,o2_0.product_id,p1_0.product_id,p1_0.description,p1_0.manufacturer_name,p1_0.name,p1_0.status,p1_0.unit,o2_0.note,o2_0.price,o2_0.quantity from orders o1_0 left join customer c1_0 on c1_0.cust_id=o1_0.cust_id join employee e1_0 on e1_0.emp_id=o1_0.employee_id left join order_detail o2_0 on o1_0.order_id=o2_0.order_id left join product p1_0 on p1_0.product_id=o2_0.product_id where o1_0.order_id=?
Hibernate: select c1_0.cust_id,c1_0.address,c1_0.email,c1_0.cust_name,c1_0.phone from customer c1_0 where c1_0.cust_id=?
Hibernate: select e1_0.emp_id,e1_0.address,e1_0.dob,e1_0.email,e1_0.full_name,e1_0.phone,e1_0.status from employee e1_0 where e1_0.emp_id=?
Hibernate: insert into orders (cust_id,employee_id,order_date,order_id) values (?,?,?,default)
Hibernate: select p1_0.product_id,p1_0.description,p1_0.manufacturer_name,p1_0.name,p1_0.status,p1_0.unit from product p1_0 where p1_0.product_id=?
Hibernate: select o1_0.order_id,o2_0.order_id,c1_0.cust_id,c1_0.address,c1_0.email,c1_0.cust_name,c1_0.phone,o2_0.employee_id,e1_0.emp_id,e1_0.address,e1_0.dob,e1_0.email,e1_0.full_name,e1_0.phone,e1_0.status,o2_0.order_date,o1_0.product_id,p1_0.product_id,p1_0.description,p1_0.manufacturer_name,p1_0.name,p1_0.status,p1_0.unit,p2_0.product_id,p2_0.image_id,p2_0.alternative,p2_0.path,o1_0.note,o1_0.price,o1_0.quantity from order_detail o1_0 join orders o2_0 on o2_0.order_id=o1_0.order_id left join customer c1_0 on c1_0.cust_id=o2_0.cust_id left join employee e1_0 on e1_0.emp_id=o2_0.employee_id join product p1_0 on p1_0.product_id=o1_0.product_id left join product_image p2_0 on p1_0.product_id=p2_0.product_id where (o1_0.order_id,o1_0.product_id) in ((?,?))
Hibernate: select o1_0.order_id,c1_0.cust_id,c1_0.address,c1_0.email,c1_0.cust_name,c1_0.phone,o1_0.employee_id,e1_0.emp_id,e1_0.address,e1_0.dob,e1_0.email,e1_0.full_name,e1_0.phone,e1_0.status,o1_0.order_date,o2_0.order_id,o2_0.product_id,p1_0.product_id,p1_0.description,p1_0.manufacturer_name,p1_0.name,p1_0.status,p1_0.unit,o2_0.note,o2_0.price,o2_0.quantity from orders o1_0 left join customer c1_0 on c1_0.cust_id=o1_0.cust_id join employee e1_0 on e1_0.emp_id=o1_0.employee_id left join order_detail o2_0 on o1_0.order_id=o2_0.order_id left join product p1_0 on p1_0.product_id=o2_0.product_id where o1_0.order_id=?
Hibernate: select l1_0.employee_id,l1_0.order_id,c1_0.cust_id,c1_0.address,c1_0.email,c1_0.cust_name,c1_0.phone,l1_0.order_date from orders l1_0 left join customer c1_0 on c1_0.cust_id=l1_0.cust_id where l1_0.employee_id=?
Hibernate: select p1_0.product_id,p1_0.description,p1_0.manufacturer_name,p1_0.name,p1_0.status,p1_0.unit,o1_0.product_id,o1_0.order_id,o2_0.order_id,c1_0.cust_id,c1_0.address,c1_0.email,c1_0.cust_name,c1_0.phone,o2_0.employee_id,e1_0.emp_id,e1_0.address,e1_0.dob,e1_0.email,e1_0.full_name,e1_0.phone,e1_0.status,o2_0.order_date,o1_0.note,o1_0.price,o1_0.quantity from product p1_0 left join order_detail o1_0 on p1_0.product_id=o1_0.product_id left join orders o2_0 on o2_0.order_id=o1_0.order_id left join customer c1_0 on c1_0.cust_id=o2_0.cust_id left join employee e1_0 on e1_0.emp_id=o2_0.employee_id where p1_0.product_id=?
Hibernate: select p1_0.product_id,p1_0.price_date_time,p1_0.note,p1_0.price from product_price p1_0 where p1_0.product_id=?
Hibernate: select p1_0.product_id,p1_0.image_id,p1_0.alternative,p1_0.path from product_image p1_0 where p1_0.product_id=?
Hibernate: insert into order_detail (note,price,quantity,order_id,product_id) values (?,?,?,?,?)
Hibernate: update orders set cust_id=?,employee_id=?,order_date=? where order_id=?
Hibernate: select p1_0.product_id,p1_0.description,p1_0.manufacturer_name,p1_0.name,p1_0.status,p1_0.unit from product p1_0 where p1_0.product_id=?
Hibernate: select o1_0.order_id,o2_0.order_id,c1_0.cust_id,c1_0.address,c1_0.email,c1_0.cust_name,c1_0.phone,o2_0.employee_id,e1_0.emp_id,e1_0.address,e1_0.dob,e1_0.email,e1_0.full_name,e1_0.phone,e1_0.status,o2_0.order_date,o1_0.product_id,p1_0.product_id,p1_0.description,p1_0.manufacturer_name,p1_0.name,p1_0.status,p1_0.unit,p2_0.product_id,p2_0.image_id,p2_0.alternative,p2_0.path,o1_0.note,o1_0.price,o1_0.quantity from order_detail o1_0 join orders o2_0 on o2_0.order_id=o1_0.order_id left join customer c1_0 on c1_0.cust_id=o2_0.cust_id left join employee e1_0 on e1_0.emp_id=o2_0.employee_id join product p1_0 on p1_0.product_id=o1_0.product_id left join product_image p2_0 on p1_0.product_id=p2_0.product_id where (o1_0.order_id,o1_0.product_id) in ((?,?))
Hibernate: select o1_0.order_id,c1_0.cust_id,c1_0.address,c1_0.email,c1_0.cust_name,c1_0.phone,o1_0.employee_id,e1_0.emp_id,e1_0.address,e1_0.dob,e1_0.email,e1_0.full_name,e1_0.phone,e1_0.status,o1_0.order_date,o2_0.order_id,o2_0.product_id,p1_0.product_id,p1_0.description,p1_0.manufacturer_name,p1_0.name,p1_0.status,p1_0.unit,o2_0.note,o2_0.price,o2_0.quantity from orders o1_0 left join customer c1_0 on c1_0.cust_id=o1_0.cust_id join employee e1_0 on e1_0.emp_id=o1_0.employee_id left join order_detail o2_0 on o1_0.order_id=o2_0.order_id left join product p1_0 on p1_0.product_id=o2_0.product_id where o1_0.order_id=?
Hibernate: select p1_0.product_id,p1_0.price_date_time,p1_0.note,p1_0.price from product_price p1_0 where p1_0.product_id=?
Hibernate: select p1_0.product_id,p1_0.image_id,p1_0.alternative,p1_0.path from product_image p1_0 where p1_0.product_id=?
Hibernate: select o1_0.product_id,o1_0.order_id,o2_0.order_id,c1_0.cust_id,c1_0.address,c1_0.email,c1_0.cust_name,c1_0.phone,o2_0.employee_id,e1_0.emp_id,e1_0.address,e1_0.dob,e1_0.email,e1_0.full_name,e1_0.phone,e1_0.status,o2_0.order_date,o1_0.note,o1_0.price,o1_0.quantity from order_detail o1_0 join orders o2_0 on o2_0.order_id=o1_0.order_id left join customer c1_0 on c1_0.cust_id=o2_0.cust_id left join employee e1_0 on e1_0.emp_id=o2_0.employee_id where o1_0.product_id=?
Hibernate: select l1_0.employee_id,l1_0.order_id,c1_0.cust_id,c1_0.address,c1_0.email,c1_0.cust_name,c1_0.phone,l1_0.order_date from orders l1_0 left join customer c1_0 on c1_0.cust_id=l1_0.cust_id where l1_0.employee_id=?
Hibernate: select p1_0.product_id,p1_0.description,p1_0.manufacturer_name,p1_0.name,p1_0.status,p1_0.unit,o1_0.product_id,o1_0.order_id,o2_0.order_id,c1_0.cust_id,c1_0.address,c1_0.email,c1_0.cust_name,c1_0.phone,o2_0.employee_id,e1_0.emp_id,e1_0.address,e1_0.dob,e1_0.email,e1_0.full_name,e1_0.phone,e1_0.status,o2_0.order_date,o1_0.note,o1_0.price,o1_0.quantity from product p1_0 left join order_detail o1_0 on p1_0.product_id=o1_0.product_id left join orders o2_0 on o2_0.order_id=o1_0.order_id left join customer c1_0 on c1_0.cust_id=o2_0.cust_id left join employee e1_0 on e1_0.emp_id=o2_0.employee_id where p1_0.product_id=?
Hibernate: select p1_0.product_id,p1_0.price_date_time,p1_0.note,p1_0.price from product_price p1_0 where p1_0.product_id=?
Hibernate: select p1_0.product_id,p1_0.image_id,p1_0.alternative,p1_0.path from product_image p1_0 where p1_0.product_id=?
Hibernate: insert into order_detail (note,price,quantity,order_id,product_id) values (?,?,?,?,?)
Hibernate: update orders set cust_id=?,employee_id=?,order_date=? where order_id=?
Hibernate: select p1_0.product_id,p1_0.description,p1_0.manufacturer_name,p1_0.name,p1_0.status,p1_0.unit from product p1_0 where p1_0.product_id=?
Hibernate: select o1_0.order_id,o2_0.order_id,c1_0.cust_id,c1_0.address,c1_0.email,c1_0.cust_name,c1_0.phone,o2_0.employee_id,e1_0.emp_id,e1_0.address,e1_0.dob,e1_0.email,e1_0.full_name,e1_0.phone,e1_0.status,o2_0.order_date,o1_0.product_id,p1_0.product_id,p1_0.description,p1_0.manufacturer_name,p1_0.name,p1_0.status,p1_0.unit,p2_0.product_id,p2_0.image_id,p2_0.alternative,p2_0.path,o1_0.note,o1_0.price,o1_0.quantity from order_detail o1_0 join orders o2_0 on o2_0.order_id=o1_0.order_id left join customer c1_0 on c1_0.cust_id=o2_0.cust_id left join employee e1_0 on e1_0.emp_id=o2_0.employee_id join product p1_0 on p1_0.product_id=o1_0.product_id left join product_image p2_0 on p1_0.product_id=p2_0.product_id where (o1_0.order_id,o1_0.product_id) in ((?,?))
Hibernate: select o1_0.order_id,c1_0.cust_id,c1_0.address,c1_0.email,c1_0.cust_name,c1_0.phone,o1_0.employee_id,e1_0.emp_id,e1_0.address,e1_0.dob,e1_0.email,e1_0.full_name,e1_0.phone,e1_0.status,o1_0.order_date,o2_0.order_id,o2_0.product_id,p1_0.product_id,p1_0.description,p1_0.manufacturer_name,p1_0.name,p1_0.status,p1_0.unit,o2_0.note,o2_0.price,o2_0.quantity from orders o1_0 left join customer c1_0 on c1_0.cust_id=o1_0.cust_id join employee e1_0 on e1_0.emp_id=o1_0.employee_id left join order_detail o2_0 on o1_0.order_id=o2_0.order_id left join product p1_0 on p1_0.product_id=o2_0.product_id where o1_0.order_id=?
Hibernate: select p1_0.product_id,p1_0.price_date_time,p1_0.note,p1_0.price from product_price p1_0 where p1_0.product_id=?
Hibernate: select p1_0.product_id,p1_0.image_id,p1_0.alternative,p1_0.path from product_image p1_0 where p1_0.product_id=?
Hibernate: select o1_0.product_id,o1_0.order_id,o2_0.order_id,c1_0.cust_id,c1_0.address,c1_0.email,c1_0.cust_name,c1_0.phone,o2_0.employee_id,e1_0.emp_id,e1_0.address,e1_0.dob,e1_0.email,e1_0.full_name,e1_0.phone,e1_0.status,o2_0.order_date,o1_0.note,o1_0.price,o1_0.quantity from order_detail o1_0 join orders o2_0 on o2_0.order_id=o1_0.order_id left join customer c1_0 on c1_0.cust_id=o2_0.cust_id left join employee e1_0 on e1_0.emp_id=o2_0.employee_id where o1_0.product_id=?
Hibernate: select p1_0.product_id,p1_0.price_date_time,p1_0.note,p1_0.price from product_price p1_0 where p1_0.product_id=?
Hibernate: select p1_0.product_id,p1_0.image_id,p1_0.alternative,p1_0.path from product_image p1_0 where p1_0.product_id=?
Hibernate: select o1_0.product_id,o1_0.order_id,o2_0.order_id,c1_0.cust_id,c1_0.address,c1_0.email,c1_0.cust_name,c1_0.phone,o2_0.employee_id,e1_0.emp_id,e1_0.address,e1_0.dob,e1_0.email,e1_0.full_name,e1_0.phone,e1_0.status,o2_0.order_date,o1_0.note,o1_0.price,o1_0.quantity from order_detail o1_0 join orders o2_0 on o2_0.order_id=o1_0.order_id left join customer c1_0 on c1_0.cust_id=o2_0.cust_id left join employee e1_0 on e1_0.emp_id=o2_0.employee_id where o1_0.product_id=?
Hibernate: select l1_0.employee_id,l1_0.order_id,c1_0.cust_id,c1_0.address,c1_0.email,c1_0.cust_name,c1_0.phone,l1_0.order_date from orders l1_0 left join customer c1_0 on c1_0.cust_id=l1_0.cust_id where l1_0.employee_id=?
Hibernate: select p1_0.product_id,p1_0.description,p1_0.manufacturer_name,p1_0.name,p1_0.status,p1_0.unit,o1_0.product_id,o1_0.order_id,o2_0.order_id,c1_0.cust_id,c1_0.address,c1_0.email,c1_0.cust_name,c1_0.phone,o2_0.employee_id,e1_0.emp_id,e1_0.address,e1_0.dob,e1_0.email,e1_0.full_name,e1_0.phone,e1_0.status,o2_0.order_date,o1_0.note,o1_0.price,o1_0.quantity from product p1_0 left join order_detail o1_0 on p1_0.product_id=o1_0.product_id left join orders o2_0 on o2_0.order_id=o1_0.order_id left join customer c1_0 on c1_0.cust_id=o2_0.cust_id left join employee e1_0 on e1_0.emp_id=o2_0.employee_id where p1_0.product_id=?
Hibernate: select p1_0.product_id,p1_0.price_date_time,p1_0.note,p1_0.price from product_price p1_0 where p1_0.product_id=?
Hibernate: select p1_0.product_id,p1_0.image_id,p1_0.alternative,p1_0.path from product_image p1_0 where p1_0.product_id=?
Hibernate: insert into order_detail (note,price,quantity,order_id,product_id) values (?,?,?,?,?)
Hibernate: update orders set cust_id=?,employee_id=?,order_date=? where order_id=?
Hibernate: select e1_0.emp_id,e1_0.address,e1_0.dob,e1_0.email,e1_0.full_name,e1_0.phone,e1_0.status from employee e1_0 where e1_0.emp_id=?
Hibernate: select c1_0.cust_id,c1_0.address,c1_0.email,c1_0.cust_name,c1_0.phone from customer c1_0 where c1_0.cust_id=?
Hibernate: select o1_0.order_id,c1_0.cust_id,c1_0.address,c1_0.email,c1_0.cust_name,c1_0.phone,o1_0.employee_id,e1_0.emp_id,e1_0.address,e1_0.dob,e1_0.email,e1_0.full_name,e1_0.phone,e1_0.status,o1_0.order_date,o2_0.order_id,o2_0.product_id,p1_0.product_id,p1_0.description,p1_0.manufacturer_name,p1_0.name,p1_0.status,p1_0.unit,o2_0.note,o2_0.price,o2_0.quantity from orders o1_0 left join customer c1_0 on c1_0.cust_id=o1_0.cust_id join employee e1_0 on e1_0.emp_id=o1_0.employee_id left join order_detail o2_0 on o1_0.order_id=o2_0.order_id left join product p1_0 on p1_0.product_id=o2_0.product_id where o1_0.order_id=?
Hibernate: select c1_0.cust_id,c1_0.address,c1_0.email,c1_0.cust_name,c1_0.phone from customer c1_0 where c1_0.cust_id=?
Hibernate: select e1_0.emp_id,e1_0.address,e1_0.dob,e1_0.email,e1_0.full_name,e1_0.phone,e1_0.status from employee e1_0 where e1_0.emp_id=?
Hibernate: insert into orders (cust_id,employee_id,order_date,order_id) values (?,?,?,default)
Hibernate: select p1_0.product_id,p1_0.description,p1_0.manufacturer_name,p1_0.name,p1_0.status,p1_0.unit from product p1_0 where p1_0.product_id=?
Hibernate: select o1_0.order_id,o2_0.order_id,c1_0.cust_id,c1_0.address,c1_0.email,c1_0.cust_name,c1_0.phone,o2_0.employee_id,e1_0.emp_id,e1_0.address,e1_0.dob,e1_0.email,e1_0.full_name,e1_0.phone,e1_0.status,o2_0.order_date,o1_0.product_id,p1_0.product_id,p1_0.description,p1_0.manufacturer_name,p1_0.name,p1_0.status,p1_0.unit,p2_0.product_id,p2_0.image_id,p2_0.alternative,p2_0.path,o1_0.note,o1_0.price,o1_0.quantity from order_detail o1_0 join orders o2_0 on o2_0.order_id=o1_0.order_id left join customer c1_0 on c1_0.cust_id=o2_0.cust_id left join employee e1_0 on e1_0.emp_id=o2_0.employee_id join product p1_0 on p1_0.product_id=o1_0.product_id left join product_image p2_0 on p1_0.product_id=p2_0.product_id where (o1_0.order_id,o1_0.product_id) in ((?,?))
Hibernate: select o1_0.order_id,c1_0.cust_id,c1_0.address,c1_0.email,c1_0.cust_name,c1_0.phone,o1_0.employee_id,e1_0.emp_id,e1_0.address,e1_0.dob,e1_0.email,e1_0.full_name,e1_0.phone,e1_0.status,o1_0.order_date,o2_0.order_id,o2_0.product_id,p1_0.product_id,p1_0.description,p1_0.manufacturer_name,p1_0.name,p1_0.status,p1_0.unit,o2_0.note,o2_0.price,o2_0.quantity from orders o1_0 left join customer c1_0 on c1_0.cust_id=o1_0.cust_id join employee e1_0 on e1_0.emp_id=o1_0.employee_id left join order_detail o2_0 on o1_0.order_id=o2_0.order_id left join product p1_0 on p1_0.product_id=o2_0.product_id where o1_0.order_id=?
Hibernate: select l1_0.employee_id,l1_0.order_id,c1_0.cust_id,c1_0.address,c1_0.email,c1_0.cust_name,c1_0.phone,l1_0.order_date from orders l1_0 left join customer c1_0 on c1_0.cust_id=l1_0.cust_id where l1_0.employee_id=?
Hibernate: select p1_0.product_id,p1_0.description,p1_0.manufacturer_name,p1_0.name,p1_0.status,p1_0.unit,o1_0.product_id,o1_0.order_id,o2_0.order_id,c1_0.cust_id,c1_0.address,c1_0.email,c1_0.cust_name,c1_0.phone,o2_0.employee_id,e1_0.emp_id,e1_0.address,e1_0.dob,e1_0.email,e1_0.full_name,e1_0.phone,e1_0.status,o2_0.order_date,o1_0.note,o1_0.price,o1_0.quantity from product p1_0 left join order_detail o1_0 on p1_0.product_id=o1_0.product_id left join orders o2_0 on o2_0.order_id=o1_0.order_id left join customer c1_0 on c1_0.cust_id=o2_0.cust_id left join employee e1_0 on e1_0.emp_id=o2_0.employee_id where p1_0.product_id=?
Hibernate: select p1_0.product_id,p1_0.price_date_time,p1_0.note,p1_0.price from product_price p1_0 where p1_0.product_id=?
Hibernate: select p1_0.product_id,p1_0.image_id,p1_0.alternative,p1_0.path from product_image p1_0 where p1_0.product_id=?
Hibernate: insert into order_detail (note,price,quantity,order_id,product_id) values (?,?,?,?,?)
Hibernate: update orders set cust_id=?,employee_id=?,order_date=? where order_id=?
Hibernate: select p1_0.product_id,p1_0.description,p1_0.manufacturer_name,p1_0.name,p1_0.status,p1_0.unit from product p1_0 where p1_0.product_id=?
Hibernate: select o1_0.order_id,o2_0.order_id,c1_0.cust_id,c1_0.address,c1_0.email,c1_0.cust_name,c1_0.phone,o2_0.employee_id,e1_0.emp_id,e1_0.address,e1_0.dob,e1_0.email,e1_0.full_name,e1_0.phone,e1_0.status,o2_0.order_date,o1_0.product_id,p1_0.product_id,p1_0.description,p1_0.manufacturer_name,p1_0.name,p1_0.status,p1_0.unit,p2_0.product_id,p2_0.image_id,p2_0.alternative,p2_0.path,o1_0.note,o1_0.price,o1_0.quantity from order_detail o1_0 join orders o2_0 on o2_0.order_id=o1_0.order_id left join customer c1_0 on c1_0.cust_id=o2_0.cust_id left join employee e1_0 on e1_0.emp_id=o2_0.employee_id join product p1_0 on p1_0.product_id=o1_0.product_id left join product_image p2_0 on p1_0.product_id=p2_0.product_id where (o1_0.order_id,o1_0.product_id) in ((?,?))
Hibernate: select o1_0.order_id,c1_0.cust_id,c1_0.address,c1_0.email,c1_0.cust_name,c1_0.phone,o1_0.employee_id,e1_0.emp_id,e1_0.address,e1_0.dob,e1_0.email,e1_0.full_name,e1_0.phone,e1_0.status,o1_0.order_date,o2_0.order_id,o2_0.product_id,p1_0.product_id,p1_0.description,p1_0.manufacturer_name,p1_0.name,p1_0.status,p1_0.unit,o2_0.note,o2_0.price,o2_0.quantity from orders o1_0 left join customer c1_0 on c1_0.cust_id=o1_0.cust_id join employee e1_0 on e1_0.emp_id=o1_0.employee_id left join order_detail o2_0 on o1_0.order_id=o2_0.order_id left join product p1_0 on p1_0.product_id=o2_0.product_id where o1_0.order_id=?
Hibernate: select p1_0.product_id,p1_0.price_date_time,p1_0.note,p1_0.price from product_price p1_0 where p1_0.product_id=?
Hibernate: select p1_0.product_id,p1_0.image_id,p1_0.alternative,p1_0.path from product_image p1_0 where p1_0.product_id=?
Hibernate: select o1_0.product_id,o1_0.order_id,o2_0.order_id,c1_0.cust_id,c1_0.address,c1_0.email,c1_0.cust_name,c1_0.phone,o2_0.employee_id,e1_0.emp_id,e1_0.address,e1_0.dob,e1_0.email,e1_0.full_name,e1_0.phone,e1_0.status,o2_0.order_date,o1_0.note,o1_0.price,o1_0.quantity from order_detail o1_0 join orders o2_0 on o2_0.order_id=o1_0.order_id left join customer c1_0 on c1_0.cust_id=o2_0.cust_id left join employee e1_0 on e1_0.emp_id=o2_0.employee_id where o1_0.product_id=?
Hibernate: select l1_0.employee_id,l1_0.order_id,c1_0.cust_id,c1_0.address,c1_0.email,c1_0.cust_name,c1_0.phone,l1_0.order_date from orders l1_0 left join customer c1_0 on c1_0.cust_id=l1_0.cust_id where l1_0.employee_id=?
Hibernate: select p1_0.product_id,p1_0.description,p1_0.manufacturer_name,p1_0.name,p1_0.status,p1_0.unit,o1_0.product_id,o1_0.order_id,o2_0.order_id,c1_0.cust_id,c1_0.address,c1_0.email,c1_0.cust_name,c1_0.phone,o2_0.employee_id,e1_0.emp_id,e1_0.address,e1_0.dob,e1_0.email,e1_0.full_name,e1_0.phone,e1_0.status,o2_0.order_date,o1_0.note,o1_0.price,o1_0.quantity from product p1_0 left join order_detail o1_0 on p1_0.product_id=o1_0.product_id left join orders o2_0 on o2_0.order_id=o1_0.order_id left join customer c1_0 on c1_0.cust_id=o2_0.cust_id left join employee e1_0 on e1_0.emp_id=o2_0.employee_id where p1_0.product_id=?
Hibernate: select p1_0.product_id,p1_0.price_date_time,p1_0.note,p1_0.price from product_price p1_0 where p1_0.product_id=?
Hibernate: select p1_0.product_id,p1_0.image_id,p1_0.alternative,p1_0.path from product_image p1_0 where p1_0.product_id=?
Hibernate: insert into order_detail (note,price,quantity,order_id,product_id) values (?,?,?,?,?)
Hibernate: update orders set cust_id=?,employee_id=?,order_date=? where order_id=?
Hibernate: select p1_0.product_id,p1_0.description,p1_0.manufacturer_name,p1_0.name,p1_0.status,p1_0.unit from product p1_0 where p1_0.product_id=?
Hibernate: select o1_0.order_id,o2_0.order_id,c1_0.cust_id,c1_0.address,c1_0.email,c1_0.cust_name,c1_0.phone,o2_0.employee_id,e1_0.emp_id,e1_0.address,e1_0.dob,e1_0.email,e1_0.full_name,e1_0.phone,e1_0.status,o2_0.order_date,o1_0.product_id,p1_0.product_id,p1_0.description,p1_0.manufacturer_name,p1_0.name,p1_0.status,p1_0.unit,p2_0.product_id,p2_0.image_id,p2_0.alternative,p2_0.path,o1_0.note,o1_0.price,o1_0.quantity from order_detail o1_0 join orders o2_0 on o2_0.order_id=o1_0.order_id left join customer c1_0 on c1_0.cust_id=o2_0.cust_id left join employee e1_0 on e1_0.emp_id=o2_0.employee_id join product p1_0 on p1_0.product_id=o1_0.product_id left join product_image p2_0 on p1_0.product_id=p2_0.product_id where (o1_0.order_id,o1_0.product_id) in ((?,?))
Hibernate: select o1_0.order_id,c1_0.cust_id,c1_0.address,c1_0.email,c1_0.cust_name,c1_0.phone,o1_0.employee_id,e1_0.emp_id,e1_0.address,e1_0.dob,e1_0.email,e1_0.full_name,e1_0.phone,e1_0.status,o1_0.order_date,o2_0.order_id,o2_0.product_id,p1_0.product_id,p1_0.description,p1_0.manufacturer_name,p1_0.name,p1_0.status,p1_0.unit,o2_0.note,o2_0.price,o2_0.quantity from orders o1_0 left join customer c1_0 on c1_0.cust_id=o1_0.cust_id join employee e1_0 on e1_0.emp_id=o1_0.employee_id left join order_detail o2_0 on o1_0.order_id=o2_0.order_id left join product p1_0 on p1_0.product_id=o2_0.product_id where o1_0.order_id=?
Hibernate: select p1_0.product_id,p1_0.price_date_time,p1_0.note,p1_0.price from product_price p1_0 where p1_0.product_id=?
Hibernate: select p1_0.product_id,p1_0.image_id,p1_0.alternative,p1_0.path from product_image p1_0 where p1_0.product_id=?
Hibernate: select o1_0.product_id,o1_0.order_id,o2_0.order_id,c1_0.cust_id,c1_0.address,c1_0.email,c1_0.cust_name,c1_0.phone,o2_0.employee_id,e1_0.emp_id,e1_0.address,e1_0.dob,e1_0.email,e1_0.full_name,e1_0.phone,e1_0.status,o2_0.order_date,o1_0.note,o1_0.price,o1_0.quantity from order_detail o1_0 join orders o2_0 on o2_0.order_id=o1_0.order_id left join customer c1_0 on c1_0.cust_id=o2_0.cust_id left join employee e1_0 on e1_0.emp_id=o2_0.employee_id where o1_0.product_id=?
Hibernate: select p1_0.product_id,p1_0.price_date_time,p1_0.note,p1_0.price from product_price p1_0 where p1_0.product_id=?
Hibernate: select p1_0.product_id,p1_0.image_id,p1_0.alternative,p1_0.path from product_image p1_0 where p1_0.product_id=?
Hibernate: select o1_0.product_id,o1_0.order_id,o2_0.order_id,c1_0.cust_id,c1_0.address,c1_0.email,c1_0.cust_name,c1_0.phone,o2_0.employee_id,e1_0.emp_id,e1_0.address,e1_0.dob,e1_0.email,e1_0.full_name,e1_0.phone,e1_0.status,o2_0.order_date,o1_0.note,o1_0.price,o1_0.quantity from order_detail o1_0 join orders o2_0 on o2_0.order_id=o1_0.order_id left join customer c1_0 on c1_0.cust_id=o2_0.cust_id left join employee e1_0 on e1_0.emp_id=o2_0.employee_id where o1_0.product_id=?
Hibernate: select l1_0.employee_id,l1_0.order_id,c1_0.cust_id,c1_0.address,c1_0.email,c1_0.cust_name,c1_0.phone,l1_0.order_date from orders l1_0 left join customer c1_0 on c1_0.cust_id=l1_0.cust_id where l1_0.employee_id=?
Hibernate: select p1_0.product_id,p1_0.description,p1_0.manufacturer_name,p1_0.name,p1_0.status,p1_0.unit,o1_0.product_id,o1_0.order_id,o2_0.order_id,c1_0.cust_id,c1_0.address,c1_0.email,c1_0.cust_name,c1_0.phone,o2_0.employee_id,e1_0.emp_id,e1_0.address,e1_0.dob,e1_0.email,e1_0.full_name,e1_0.phone,e1_0.status,o2_0.order_date,o1_0.note,o1_0.price,o1_0.quantity from product p1_0 left join order_detail o1_0 on p1_0.product_id=o1_0.product_id left join orders o2_0 on o2_0.order_id=o1_0.order_id left join customer c1_0 on c1_0.cust_id=o2_0.cust_id left join employee e1_0 on e1_0.emp_id=o2_0.employee_id where p1_0.product_id=?
Hibernate: select p1_0.product_id,p1_0.price_date_time,p1_0.note,p1_0.price from product_price p1_0 where p1_0.product_id=?
Hibernate: select p1_0.product_id,p1_0.image_id,p1_0.alternative,p1_0.path from product_image p1_0 where p1_0.product_id=?
Hibernate: insert into order_detail (note,price,quantity,order_id,product_id) values (?,?,?,?,?)
Hibernate: update orders set cust_id=?,employee_id=?,order_date=? where order_id=?
Hibernate: select e1_0.emp_id,e1_0.address,e1_0.dob,e1_0.email,e1_0.full_name,e1_0.phone,e1_0.status from employee e1_0 where e1_0.emp_id=?
Hibernate: select c1_0.cust_id,c1_0.address,c1_0.email,c1_0.cust_name,c1_0.phone from customer c1_0 where c1_0.cust_id=?
Hibernate: select o1_0.order_id,c1_0.cust_id,c1_0.address,c1_0.email,c1_0.cust_name,c1_0.phone,o1_0.employee_id,e1_0.emp_id,e1_0.address,e1_0.dob,e1_0.email,e1_0.full_name,e1_0.phone,e1_0.status,o1_0.order_date,o2_0.order_id,o2_0.product_id,p1_0.product_id,p1_0.description,p1_0.manufacturer_name,p1_0.name,p1_0.status,p1_0.unit,o2_0.note,o2_0.price,o2_0.quantity from orders o1_0 left join customer c1_0 on c1_0.cust_id=o1_0.cust_id join employee e1_0 on e1_0.emp_id=o1_0.employee_id left join order_detail o2_0 on o1_0.order_id=o2_0.order_id left join product p1_0 on p1_0.product_id=o2_0.product_id where o1_0.order_id=?
Hibernate: select c1_0.cust_id,c1_0.address,c1_0.email,c1_0.cust_name,c1_0.phone from customer c1_0 where c1_0.cust_id=?
Hibernate: select e1_0.emp_id,e1_0.address,e1_0.dob,e1_0.email,e1_0.full_name,e1_0.phone,e1_0.status from employee e1_0 where e1_0.emp_id=?
Hibernate: insert into orders (cust_id,employee_id,order_date,order_id) values (?,?,?,default)
Hibernate: select p1_0.product_id,p1_0.description,p1_0.manufacturer_name,p1_0.name,p1_0.status,p1_0.unit from product p1_0 where p1_0.product_id=?
Hibernate: select o1_0.order_id,o2_0.order_id,c1_0.cust_id,c1_0.address,c1_0.email,c1_0.cust_name,c1_0.phone,o2_0.employee_id,e1_0.emp_id,e1_0.address,e1_0.dob,e1_0.email,e1_0.full_name,e1_0.phone,e1_0.status,o2_0.order_date,o1_0.product_id,p1_0.product_id,p1_0.description,p1_0.manufacturer_name,p1_0.name,p1_0.status,p1_0.unit,p2_0.product_id,p2_0.image_id,p2_0.alternative,p2_0.path,o1_0.note,o1_0.price,o1_0.quantity from order_detail o1_0 join orders o2_0 on o2_0.order_id=o1_0.order_id left join customer c1_0 on c1_0.cust_id=o2_0.cust_id left join employee e1_0 on e1_0.emp_id=o2_0.employee_id join product p1_0 on p1_0.product_id=o1_0.product_id left join product_image p2_0 on p1_0.product_id=p2_0.product_id where (o1_0.order_id,o1_0.product_id) in ((?,?))
Hibernate: select o1_0.order_id,c1_0.cust_id,c1_0.address,c1_0.email,c1_0.cust_name,c1_0.phone,o1_0.employee_id,e1_0.emp_id,e1_0.address,e1_0.dob,e1_0.email,e1_0.full_name,e1_0.phone,e1_0.status,o1_0.order_date,o2_0.order_id,o2_0.product_id,p1_0.product_id,p1_0.description,p1_0.manufacturer_name,p1_0.name,p1_0.status,p1_0.unit,o2_0.note,o2_0.price,o2_0.quantity from orders o1_0 left join customer c1_0 on c1_0.cust_id=o1_0.cust_id join employee e1_0 on e1_0.emp_id=o1_0.employee_id left join order_detail o2_0 on o1_0.order_id=o2_0.order_id left join product p1_0 on p1_0.product_id=o2_0.product_id where o1_0.order_id=?
Hibernate: select l1_0.employee_id,l1_0.order_id,c1_0.cust_id,c1_0.address,c1_0.email,c1_0.cust_name,c1_0.phone,l1_0.order_date from orders l1_0 left join customer c1_0 on c1_0.cust_id=l1_0.cust_id where l1_0.employee_id=?
Hibernate: select p1_0.product_id,p1_0.description,p1_0.manufacturer_name,p1_0.name,p1_0.status,p1_0.unit,o1_0.product_id,o1_0.order_id,o2_0.order_id,c1_0.cust_id,c1_0.address,c1_0.email,c1_0.cust_name,c1_0.phone,o2_0.employee_id,e1_0.emp_id,e1_0.address,e1_0.dob,e1_0.email,e1_0.full_name,e1_0.phone,e1_0.status,o2_0.order_date,o1_0.note,o1_0.price,o1_0.quantity from product p1_0 left join order_detail o1_0 on p1_0.product_id=o1_0.product_id left join orders o2_0 on o2_0.order_id=o1_0.order_id left join customer c1_0 on c1_0.cust_id=o2_0.cust_id left join employee e1_0 on e1_0.emp_id=o2_0.employee_id where p1_0.product_id=?
Hibernate: select p1_0.product_id,p1_0.price_date_time,p1_0.note,p1_0.price from product_price p1_0 where p1_0.product_id=?
Hibernate: select p1_0.product_id,p1_0.image_id,p1_0.alternative,p1_0.path from product_image p1_0 where p1_0.product_id=?
Hibernate: insert into order_detail (note,price,quantity,order_id,product_id) values (?,?,?,?,?)
Hibernate: update orders set cust_id=?,employee_id=?,order_date=? where order_id=?
Hibernate: select p1_0.product_id,p1_0.description,p1_0.manufacturer_name,p1_0.name,p1_0.status,p1_0.unit from product p1_0 where p1_0.product_id=?
Hibernate: select o1_0.order_id,o2_0.order_id,c1_0.cust_id,c1_0.address,c1_0.email,c1_0.cust_name,c1_0.phone,o2_0.employee_id,e1_0.emp_id,e1_0.address,e1_0.dob,e1_0.email,e1_0.full_name,e1_0.phone,e1_0.status,o2_0.order_date,o1_0.product_id,p1_0.product_id,p1_0.description,p1_0.manufacturer_name,p1_0.name,p1_0.status,p1_0.unit,p2_0.product_id,p2_0.image_id,p2_0.alternative,p2_0.path,o1_0.note,o1_0.price,o1_0.quantity from order_detail o1_0 join orders o2_0 on o2_0.order_id=o1_0.order_id left join customer c1_0 on c1_0.cust_id=o2_0.cust_id left join employee e1_0 on e1_0.emp_id=o2_0.employee_id join product p1_0 on p1_0.product_id=o1_0.product_id left join product_image p2_0 on p1_0.product_id=p2_0.product_id where (o1_0.order_id,o1_0.product_id) in ((?,?))
Hibernate: select o1_0.order_id,c1_0.cust_id,c1_0.address,c1_0.email,c1_0.cust_name,c1_0.phone,o1_0.employee_id,e1_0.emp_id,e1_0.address,e1_0.dob,e1_0.email,e1_0.full_name,e1_0.phone,e1_0.status,o1_0.order_date,o2_0.order_id,o2_0.product_id,p1_0.product_id,p1_0.description,p1_0.manufacturer_name,p1_0.name,p1_0.status,p1_0.unit,o2_0.note,o2_0.price,o2_0.quantity from orders o1_0 left join customer c1_0 on c1_0.cust_id=o1_0.cust_id join employee e1_0 on e1_0.emp_id=o1_0.employee_id left join order_detail o2_0 on o1_0.order_id=o2_0.order_id left join product p1_0 on p1_0.product_id=o2_0.product_id where o1_0.order_id=?
Hibernate: select p1_0.product_id,p1_0.price_date_time,p1_0.note,p1_0.price from product_price p1_0 where p1_0.product_id=?
Hibernate: select p1_0.product_id,p1_0.image_id,p1_0.alternative,p1_0.path from product_image p1_0 where p1_0.product_id=?
Hibernate: select o1_0.product_id,o1_0.order_id,o2_0.order_id,c1_0.cust_id,c1_0.address,c1_0.email,c1_0.cust_name,c1_0.phone,o2_0.employee_id,e1_0.emp_id,e1_0.address,e1_0.dob,e1_0.email,e1_0.full_name,e1_0.phone,e1_0.status,o2_0.order_date,o1_0.note,o1_0.price,o1_0.quantity from order_detail o1_0 join orders o2_0 on o2_0.order_id=o1_0.order_id left join customer c1_0 on c1_0.cust_id=o2_0.cust_id left join employee e1_0 on e1_0.emp_id=o2_0.employee_id where o1_0.product_id=?
Hibernate: select l1_0.employee_id,l1_0.order_id,c1_0.cust_id,c1_0.address,c1_0.email,c1_0.cust_name,c1_0.phone,l1_0.order_date from orders l1_0 left join customer c1_0 on c1_0.cust_id=l1_0.cust_id where l1_0.employee_id=?
Hibernate: select p1_0.product_id,p1_0.description,p1_0.manufacturer_name,p1_0.name,p1_0.status,p1_0.unit,o1_0.product_id,o1_0.order_id,o2_0.order_id,c1_0.cust_id,c1_0.address,c1_0.email,c1_0.cust_name,c1_0.phone,o2_0.employee_id,e1_0.emp_id,e1_0.address,e1_0.dob,e1_0.email,e1_0.full_name,e1_0.phone,e1_0.status,o2_0.order_date,o1_0.note,o1_0.price,o1_0.quantity from product p1_0 left join order_detail o1_0 on p1_0.product_id=o1_0.product_id left join orders o2_0 on o2_0.order_id=o1_0.order_id left join customer c1_0 on c1_0.cust_id=o2_0.cust_id left join employee e1_0 on e1_0.emp_id=o2_0.employee_id where p1_0.product_id=?
Hibernate: select p1_0.product_id,p1_0.price_date_time,p1_0.note,p1_0.price from product_price p1_0 where p1_0.product_id=?
Hibernate: select p1_0.product_id,p1_0.image_id,p1_0.alternative,p1_0.path from product_image p1_0 where p1_0.product_id=?
Hibernate: insert into order_detail (note,price,quantity,order_id,product_id) values (?,?,?,?,?)
Hibernate: update orders set cust_id=?,employee_id=?,order_date=? where order_id=?
Hibernate: select p1_0.product_id,p1_0.description,p1_0.manufacturer_name,p1_0.name,p1_0.status,p1_0.unit from product p1_0 where p1_0.product_id=?
Hibernate: select o1_0.order_id,o2_0.order_id,c1_0.cust_id,c1_0.address,c1_0.email,c1_0.cust_name,c1_0.phone,o2_0.employee_id,e1_0.emp_id,e1_0.address,e1_0.dob,e1_0.email,e1_0.full_name,e1_0.phone,e1_0.status,o2_0.order_date,o1_0.product_id,p1_0.product_id,p1_0.description,p1_0.manufacturer_name,p1_0.name,p1_0.status,p1_0.unit,p2_0.product_id,p2_0.image_id,p2_0.alternative,p2_0.path,o1_0.note,o1_0.price,o1_0.quantity from order_detail o1_0 join orders o2_0 on o2_0.order_id=o1_0.order_id left join customer c1_0 on c1_0.cust_id=o2_0.cust_id left join employee e1_0 on e1_0.emp_id=o2_0.employee_id join product p1_0 on p1_0.product_id=o1_0.product_id left join product_image p2_0 on p1_0.product_id=p2_0.product_id where (o1_0.order_id,o1_0.product_id) in ((?,?))
Hibernate: select o1_0.order_id,c1_0.cust_id,c1_0.address,c1_0.email,c1_0.cust_name,c1_0.phone,o1_0.employee_id,e1_0.emp_id,e1_0.address,e1_0.dob,e1_0.email,e1_0.full_name,e1_0.phone,e1_0.status,o1_0.order_date,o2_0.order_id,o2_0.product_id,p1_0.product_id,p1_0.description,p1_0.manufacturer_name,p1_0.name,p1_0.status,p1_0.unit,o2_0.note,o2_0.price,o2_0.quantity from orders o1_0 left join customer c1_0 on c1_0.cust_id=o1_0.cust_id join employee e1_0 on e1_0.emp_id=o1_0.employee_id left join order_detail o2_0 on o1_0.order_id=o2_0.order_id left join product p1_0 on p1_0.product_id=o2_0.product_id where o1_0.order_id=?
Hibernate: select p1_0.product_id,p1_0.price_date_time,p1_0.note,p1_0.price from product_price p1_0 where p1_0.product_id=?
Hibernate: select p1_0.product_id,p1_0.image_id,p1_0.alternative,p1_0.path from product_image p1_0 where p1_0.product_id=?
Hibernate: select o1_0.product_id,o1_0.order_id,o2_0.order_id,c1_0.cust_id,c1_0.address,c1_0.email,c1_0.cust_name,c1_0.phone,o2_0.employee_id,e1_0.emp_id,e1_0.address,e1_0.dob,e1_0.email,e1_0.full_name,e1_0.phone,e1_0.status,o2_0.order_date,o1_0.note,o1_0.price,o1_0.quantity from order_detail o1_0 join orders o2_0 on o2_0.order_id=o1_0.order_id left join customer c1_0 on c1_0.cust_id=o2_0.cust_id left join employee e1_0 on e1_0.emp_id=o2_0.employee_id where o1_0.product_id=?
Hibernate: select p1_0.product_id,p1_0.price_date_time,p1_0.note,p1_0.price from product_price p1_0 where p1_0.product_id=?
Hibernate: select p1_0.product_id,p1_0.image_id,p1_0.alternative,p1_0.path from product_image p1_0 where p1_0.product_id=?
Hibernate: select o1_0.product_id,o1_0.order_id,o2_0.order_id,c1_0.cust_id,c1_0.address,c1_0.email,c1_0.cust_name,c1_0.phone,o2_0.employee_id,e1_0.emp_id,e1_0.address,e1_0.dob,e1_0.email,e1_0.full_name,e1_0.phone,e1_0.status,o2_0.order_date,o1_0.note,o1_0.price,o1_0.quantity from order_detail o1_0 join orders o2_0 on o2_0.order_id=o1_0.order_id left join customer c1_0 on c1_0.cust_id=o2_0.cust_id left join employee e1_0 on e1_0.emp_id=o2_0.employee_id where o1_0.product_id=?
Hibernate: select l1_0.employee_id,l1_0.order_id,c1_0.cust_id,c1_0.address,c1_0.email,c1_0.cust_name,c1_0.phone,l1_0.order_date from orders l1_0 left join customer c1_0 on c1_0.cust_id=l1_0.cust_id where l1_0.employee_id=?
Hibernate: select p1_0.product_id,p1_0.description,p1_0.manufacturer_name,p1_0.name,p1_0.status,p1_0.unit,o1_0.product_id,o1_0.order_id,o2_0.order_id,c1_0.cust_id,c1_0.address,c1_0.email,c1_0.cust_name,c1_0.phone,o2_0.employee_id,e1_0.emp_id,e1_0.address,e1_0.dob,e1_0.email,e1_0.full_name,e1_0.phone,e1_0.status,o2_0.order_date,o1_0.note,o1_0.price,o1_0.quantity from product p1_0 left join order_detail o1_0 on p1_0.product_id=o1_0.product_id left join orders o2_0 on o2_0.order_id=o1_0.order_id left join customer c1_0 on c1_0.cust_id=o2_0.cust_id left join employee e1_0 on e1_0.emp_id=o2_0.employee_id where p1_0.product_id=?
Hibernate: select p1_0.product_id,p1_0.price_date_time,p1_0.note,p1_0.price from product_price p1_0 where p1_0.product_id=?
Hibernate: select p1_0.product_id,p1_0.image_id,p1_0.alternative,p1_0.path from product_image p1_0 where p1_0.product_id=?
Hibernate: insert into order_detail (note,price,quantity,order_id,product_id) values (?,?,?,?,?)
Hibernate: update orders set cust_id=?,employee_id=?,order_date=? where order_id=?
Hibernate: select e1_0.emp_id,e1_0.address,e1_0.dob,e1_0.email,e1_0.full_name,e1_0.phone,e1_0.status from employee e1_0 where e1_0.emp_id=?
Hibernate: select c1_0.cust_id,c1_0.address,c1_0.email,c1_0.cust_name,c1_0.phone from customer c1_0 where c1_0.cust_id=?
Hibernate: select o1_0.order_id,c1_0.cust_id,c1_0.address,c1_0.email,c1_0.cust_name,c1_0.phone,o1_0.employee_id,e1_0.emp_id,e1_0.address,e1_0.dob,e1_0.email,e1_0.full_name,e1_0.phone,e1_0.status,o1_0.order_date,o2_0.order_id,o2_0.product_id,p1_0.product_id,p1_0.description,p1_0.manufacturer_name,p1_0.name,p1_0.status,p1_0.unit,o2_0.note,o2_0.price,o2_0.quantity from orders o1_0 left join customer c1_0 on c1_0.cust_id=o1_0.cust_id join employee e1_0 on e1_0.emp_id=o1_0.employee_id left join order_detail o2_0 on o1_0.order_id=o2_0.order_id left join product p1_0 on p1_0.product_id=o2_0.product_id where o1_0.order_id=?
Hibernate: select c1_0.cust_id,c1_0.address,c1_0.email,c1_0.cust_name,c1_0.phone from customer c1_0 where c1_0.cust_id=?
Hibernate: select e1_0.emp_id,e1_0.address,e1_0.dob,e1_0.email,e1_0.full_name,e1_0.phone,e1_0.status from employee e1_0 where e1_0.emp_id=?
Hibernate: insert into orders (cust_id,employee_id,order_date,order_id) values (?,?,?,default)
Hibernate: select p1_0.product_id,p1_0.description,p1_0.manufacturer_name,p1_0.name,p1_0.status,p1_0.unit from product p1_0 where p1_0.product_id=?
Hibernate: select o1_0.order_id,o2_0.order_id,c1_0.cust_id,c1_0.address,c1_0.email,c1_0.cust_name,c1_0.phone,o2_0.employee_id,e1_0.emp_id,e1_0.address,e1_0.dob,e1_0.email,e1_0.full_name,e1_0.phone,e1_0.status,o2_0.order_date,o1_0.product_id,p1_0.product_id,p1_0.description,p1_0.manufacturer_name,p1_0.name,p1_0.status,p1_0.unit,p2_0.product_id,p2_0.image_id,p2_0.alternative,p2_0.path,o1_0.note,o1_0.price,o1_0.quantity from order_detail o1_0 join orders o2_0 on o2_0.order_id=o1_0.order_id left join customer c1_0 on c1_0.cust_id=o2_0.cust_id left join employee e1_0 on e1_0.emp_id=o2_0.employee_id join product p1_0 on p1_0.product_id=o1_0.product_id left join product_image p2_0 on p1_0.product_id=p2_0.product_id where (o1_0.order_id,o1_0.product_id) in ((?,?))
Hibernate: select o1_0.order_id,c1_0.cust_id,c1_0.address,c1_0.email,c1_0.cust_name,c1_0.phone,o1_0.employee_id,e1_0.emp_id,e1_0.address,e1_0.dob,e1_0.email,e1_0.full_name,e1_0.phone,e1_0.status,o1_0.order_date,o2_0.order_id,o2_0.product_id,p1_0.product_id,p1_0.description,p1_0.manufacturer_name,p1_0.name,p1_0.status,p1_0.unit,o2_0.note,o2_0.price,o2_0.quantity from orders o1_0 left join customer c1_0 on c1_0.cust_id=o1_0.cust_id join employee e1_0 on e1_0.emp_id=o1_0.employee_id left join order_detail o2_0 on o1_0.order_id=o2_0.order_id left join product p1_0 on p1_0.product_id=o2_0.product_id where o1_0.order_id=?
Hibernate: select l1_0.employee_id,l1_0.order_id,c1_0.cust_id,c1_0.address,c1_0.email,c1_0.cust_name,c1_0.phone,l1_0.order_date from orders l1_0 left join customer c1_0 on c1_0.cust_id=l1_0.cust_id where l1_0.employee_id=?
Hibernate: select p1_0.product_id,p1_0.description,p1_0.manufacturer_name,p1_0.name,p1_0.status,p1_0.unit,o1_0.product_id,o1_0.order_id,o2_0.order_id,c1_0.cust_id,c1_0.address,c1_0.email,c1_0.cust_name,c1_0.phone,o2_0.employee_id,e1_0.emp_id,e1_0.address,e1_0.dob,e1_0.email,e1_0.full_name,e1_0.phone,e1_0.status,o2_0.order_date,o1_0.note,o1_0.price,o1_0.quantity from product p1_0 left join order_detail o1_0 on p1_0.product_id=o1_0.product_id left join orders o2_0 on o2_0.order_id=o1_0.order_id left join customer c1_0 on c1_0.cust_id=o2_0.cust_id left join employee e1_0 on e1_0.emp_id=o2_0.employee_id where p1_0.product_id=?
Hibernate: select p1_0.product_id,p1_0.price_date_time,p1_0.note,p1_0.price from product_price p1_0 where p1_0.product_id=?
Hibernate: select p1_0.product_id,p1_0.image_id,p1_0.alternative,p1_0.path from product_image p1_0 where p1_0.product_id=?
Hibernate: insert into order_detail (note,price,quantity,order_id,product_id) values (?,?,?,?,?)
Hibernate: update orders set cust_id=?,employee_id=?,order_date=? where order_id=?
Hibernate: select p1_0.product_id,p1_0.description,p1_0.manufacturer_name,p1_0.name,p1_0.status,p1_0.unit from product p1_0 where p1_0.product_id=?
Hibernate: select o1_0.order_id,o2_0.order_id,c1_0.cust_id,c1_0.address,c1_0.email,c1_0.cust_name,c1_0.phone,o2_0.employee_id,e1_0.emp_id,e1_0.address,e1_0.dob,e1_0.email,e1_0.full_name,e1_0.phone,e1_0.status,o2_0.order_date,o1_0.product_id,p1_0.product_id,p1_0.description,p1_0.manufacturer_name,p1_0.name,p1_0.status,p1_0.unit,p2_0.product_id,p2_0.image_id,p2_0.alternative,p2_0.path,o1_0.note,o1_0.price,o1_0.quantity from order_detail o1_0 join orders o2_0 on o2_0.order_id=o1_0.order_id left join customer c1_0 on c1_0.cust_id=o2_0.cust_id left join employee e1_0 on e1_0.emp_id=o2_0.employee_id join product p1_0 on p1_0.product_id=o1_0.product_id left join product_image p2_0 on p1_0.product_id=p2_0.product_id where (o1_0.order_id,o1_0.product_id) in ((?,?))
Hibernate: select o1_0.order_id,c1_0.cust_id,c1_0.address,c1_0.email,c1_0.cust_name,c1_0.phone,o1_0.employee_id,e1_0.emp_id,e1_0.address,e1_0.dob,e1_0.email,e1_0.full_name,e1_0.phone,e1_0.status,o1_0.order_date,o2_0.order_id,o2_0.product_id,p1_0.product_id,p1_0.description,p1_0.manufacturer_name,p1_0.name,p1_0.status,p1_0.unit,o2_0.note,o2_0.price,o2_0.quantity from orders o1_0 left join customer c1_0 on c1_0.cust_id=o1_0.cust_id join employee e1_0 on e1_0.emp_id=o1_0.employee_id left join order_detail o2_0 on o1_0.order_id=o2_0.order_id left join product p1_0 on p1_0.product_id=o2_0.product_id where o1_0.order_id=?
Hibernate: select p1_0.product_id,p1_0.price_date_time,p1_0.note,p1_0.price from product_price p1_0 where p1_0.product_id=?
Hibernate: select p1_0.product_id,p1_0.image_id,p1_0.alternative,p1_0.path from product_image p1_0 where p1_0.product_id=?
Hibernate: select o1_0.product_id,o1_0.order_id,o2_0.order_id,c1_0.cust_id,c1_0.address,c1_0.email,c1_0.cust_name,c1_0.phone,o2_0.employee_id,e1_0.emp_id,e1_0.address,e1_0.dob,e1_0.email,e1_0.full_name,e1_0.phone,e1_0.status,o2_0.order_date,o1_0.note,o1_0.price,o1_0.quantity from order_detail o1_0 join orders o2_0 on o2_0.order_id=o1_0.order_id left join customer c1_0 on c1_0.cust_id=o2_0.cust_id left join employee e1_0 on e1_0.emp_id=o2_0.employee_id where o1_0.product_id=?
Hibernate: select l1_0.employee_id,l1_0.order_id,c1_0.cust_id,c1_0.address,c1_0.email,c1_0.cust_name,c1_0.phone,l1_0.order_date from orders l1_0 left join customer c1_0 on c1_0.cust_id=l1_0.cust_id where l1_0.employee_id=?
Hibernate: select p1_0.product_id,p1_0.description,p1_0.manufacturer_name,p1_0.name,p1_0.status,p1_0.unit,o1_0.product_id,o1_0.order_id,o2_0.order_id,c1_0.cust_id,c1_0.address,c1_0.email,c1_0.cust_name,c1_0.phone,o2_0.employee_id,e1_0.emp_id,e1_0.address,e1_0.dob,e1_0.email,e1_0.full_name,e1_0.phone,e1_0.status,o2_0.order_date,o1_0.note,o1_0.price,o1_0.quantity from product p1_0 left join order_detail o1_0 on p1_0.product_id=o1_0.product_id left join orders o2_0 on o2_0.order_id=o1_0.order_id left join customer c1_0 on c1_0.cust_id=o2_0.cust_id left join employee e1_0 on e1_0.emp_id=o2_0.employee_id where p1_0.product_id=?
Hibernate: select p1_0.product_id,p1_0.price_date_time,p1_0.note,p1_0.price from product_price p1_0 where p1_0.product_id=?
Hibernate: select p1_0.product_id,p1_0.image_id,p1_0.alternative,p1_0.path from product_image p1_0 where p1_0.product_id=?
Hibernate: insert into order_detail (note,price,quantity,order_id,product_id) values (?,?,?,?,?)
Hibernate: update orders set cust_id=?,employee_id=?,order_date=? where order_id=?
Hibernate: select p1_0.product_id,p1_0.description,p1_0.manufacturer_name,p1_0.name,p1_0.status,p1_0.unit from product p1_0 where p1_0.product_id=?
Hibernate: select o1_0.order_id,o2_0.order_id,c1_0.cust_id,c1_0.address,c1_0.email,c1_0.cust_name,c1_0.phone,o2_0.employee_id,e1_0.emp_id,e1_0.address,e1_0.dob,e1_0.email,e1_0.full_name,e1_0.phone,e1_0.status,o2_0.order_date,o1_0.product_id,p1_0.product_id,p1_0.description,p1_0.manufacturer_name,p1_0.name,p1_0.status,p1_0.unit,p2_0.product_id,p2_0.image_id,p2_0.alternative,p2_0.path,o1_0.note,o1_0.price,o1_0.quantity from order_detail o1_0 join orders o2_0 on o2_0.order_id=o1_0.order_id left join customer c1_0 on c1_0.cust_id=o2_0.cust_id left join employee e1_0 on e1_0.emp_id=o2_0.employee_id join product p1_0 on p1_0.product_id=o1_0.product_id left join product_image p2_0 on p1_0.product_id=p2_0.product_id where (o1_0.order_id,o1_0.product_id) in ((?,?))
Hibernate: select o1_0.order_id,c1_0.cust_id,c1_0.address,c1_0.email,c1_0.cust_name,c1_0.phone,o1_0.employee_id,e1_0.emp_id,e1_0.address,e1_0.dob,e1_0.email,e1_0.full_name,e1_0.phone,e1_0.status,o1_0.order_date,o2_0.order_id,o2_0.product_id,p1_0.product_id,p1_0.description,p1_0.manufacturer_name,p1_0.name,p1_0.status,p1_0.unit,o2_0.note,o2_0.price,o2_0.quantity from orders o1_0 left join customer c1_0 on c1_0.cust_id=o1_0.cust_id join employee e1_0 on e1_0.emp_id=o1_0.employee_id left join order_detail o2_0 on o1_0.order_id=o2_0.order_id left join product p1_0 on p1_0.product_id=o2_0.product_id where o1_0.order_id=?
Hibernate: select p1_0.product_id,p1_0.price_date_time,p1_0.note,p1_0.price from product_price p1_0 where p1_0.product_id=?
Hibernate: select p1_0.product_id,p1_0.image_id,p1_0.alternative,p1_0.path from product_image p1_0 where p1_0.product_id=?
Hibernate: select o1_0.product_id,o1_0.order_id,o2_0.order_id,c1_0.cust_id,c1_0.address,c1_0.email,c1_0.cust_name,c1_0.phone,o2_0.employee_id,e1_0.emp_id,e1_0.address,e1_0.dob,e1_0.email,e1_0.full_name,e1_0.phone,e1_0.status,o2_0.order_date,o1_0.note,o1_0.price,o1_0.quantity from order_detail o1_0 join orders o2_0 on o2_0.order_id=o1_0.order_id left join customer c1_0 on c1_0.cust_id=o2_0.cust_id left join employee e1_0 on e1_0.emp_id=o2_0.employee_id where o1_0.product_id=?
Hibernate: select p1_0.product_id,p1_0.price_date_time,p1_0.note,p1_0.price from product_price p1_0 where p1_0.product_id=?
Hibernate: select p1_0.product_id,p1_0.image_id,p1_0.alternative,p1_0.path from product_image p1_0 where p1_0.product_id=?
Hibernate: select o1_0.product_id,o1_0.order_id,o2_0.order_id,c1_0.cust_id,c1_0.address,c1_0.email,c1_0.cust_name,c1_0.phone,o2_0.employee_id,e1_0.emp_id,e1_0.address,e1_0.dob,e1_0.email,e1_0.full_name,e1_0.phone,e1_0.status,o2_0.order_date,o1_0.note,o1_0.price,o1_0.quantity from order_detail o1_0 join orders o2_0 on o2_0.order_id=o1_0.order_id left join customer c1_0 on c1_0.cust_id=o2_0.cust_id left join employee e1_0 on e1_0.emp_id=o2_0.employee_id where o1_0.product_id=?
Hibernate: select l1_0.employee_id,l1_0.order_id,c1_0.cust_id,c1_0.address,c1_0.email,c1_0.cust_name,c1_0.phone,l1_0.order_date from orders l1_0 left join customer c1_0 on c1_0.cust_id=l1_0.cust_id where l1_0.employee_id=?
Hibernate: select p1_0.product_id,p1_0.description,p1_0.manufacturer_name,p1_0.name,p1_0.status,p1_0.unit,o1_0.product_id,o1_0.order_id,o2_0.order_id,c1_0.cust_id,c1_0.address,c1_0.email,c1_0.cust_name,c1_0.phone,o2_0.employee_id,e1_0.emp_id,e1_0.address,e1_0.dob,e1_0.email,e1_0.full_name,e1_0.phone,e1_0.status,o2_0.order_date,o1_0.note,o1_0.price,o1_0.quantity from product p1_0 left join order_detail o1_0 on p1_0.product_id=o1_0.product_id left join orders o2_0 on o2_0.order_id=o1_0.order_id left join customer c1_0 on c1_0.cust_id=o2_0.cust_id left join employee e1_0 on e1_0.emp_id=o2_0.employee_id where p1_0.product_id=?
Hibernate: select p1_0.product_id,p1_0.price_date_time,p1_0.note,p1_0.price from product_price p1_0 where p1_0.product_id=?
Hibernate: select p1_0.product_id,p1_0.image_id,p1_0.alternative,p1_0.path from product_image p1_0 where p1_0.product_id=?
Hibernate: insert into order_detail (note,price,quantity,order_id,product_id) values (?,?,?,?,?)
Hibernate: update orders set cust_id=?,employee_id=?,order_date=? where order_id=?
Hibernate: select e1_0.emp_id,e1_0.address,e1_0.dob,e1_0.email,e1_0.full_name,e1_0.phone,e1_0.status from employee e1_0 where e1_0.emp_id=?
Hibernate: select c1_0.cust_id,c1_0.address,c1_0.email,c1_0.cust_name,c1_0.phone from customer c1_0 where c1_0.cust_id=?
Hibernate: select o1_0.order_id,c1_0.cust_id,c1_0.address,c1_0.email,c1_0.cust_name,c1_0.phone,o1_0.employee_id,e1_0.emp_id,e1_0.address,e1_0.dob,e1_0.email,e1_0.full_name,e1_0.phone,e1_0.status,o1_0.order_date,o2_0.order_id,o2_0.product_id,p1_0.product_id,p1_0.description,p1_0.manufacturer_name,p1_0.name,p1_0.status,p1_0.unit,o2_0.note,o2_0.price,o2_0.quantity from orders o1_0 left join customer c1_0 on c1_0.cust_id=o1_0.cust_id join employee e1_0 on e1_0.emp_id=o1_0.employee_id left join order_detail o2_0 on o1_0.order_id=o2_0.order_id left join product p1_0 on p1_0.product_id=o2_0.product_id where o1_0.order_id=?
Hibernate: select c1_0.cust_id,c1_0.address,c1_0.email,c1_0.cust_name,c1_0.phone from customer c1_0 where c1_0.cust_id=?
Hibernate: select e1_0.emp_id,e1_0.address,e1_0.dob,e1_0.email,e1_0.full_name,e1_0.phone,e1_0.status from employee e1_0 where e1_0.emp_id=?
Hibernate: insert into orders (cust_id,employee_id,order_date,order_id) values (?,?,?,default)
Hibernate: select p1_0.product_id,p1_0.description,p1_0.manufacturer_name,p1_0.name,p1_0.status,p1_0.unit from product p1_0 where p1_0.product_id=?
Hibernate: select o1_0.order_id,o2_0.order_id,c1_0.cust_id,c1_0.address,c1_0.email,c1_0.cust_name,c1_0.phone,o2_0.employee_id,e1_0.emp_id,e1_0.address,e1_0.dob,e1_0.email,e1_0.full_name,e1_0.phone,e1_0.status,o2_0.order_date,o1_0.product_id,p1_0.product_id,p1_0.description,p1_0.manufacturer_name,p1_0.name,p1_0.status,p1_0.unit,p2_0.product_id,p2_0.image_id,p2_0.alternative,p2_0.path,o1_0.note,o1_0.price,o1_0.quantity from order_detail o1_0 join orders o2_0 on o2_0.order_id=o1_0.order_id left join customer c1_0 on c1_0.cust_id=o2_0.cust_id left join employee e1_0 on e1_0.emp_id=o2_0.employee_id join product p1_0 on p1_0.product_id=o1_0.product_id left join product_image p2_0 on p1_0.product_id=p2_0.product_id where (o1_0.order_id,o1_0.product_id) in ((?,?))
Hibernate: select o1_0.order_id,c1_0.cust_id,c1_0.address,c1_0.email,c1_0.cust_name,c1_0.phone,o1_0.employee_id,e1_0.emp_id,e1_0.address,e1_0.dob,e1_0.email,e1_0.full_name,e1_0.phone,e1_0.status,o1_0.order_date,o2_0.order_id,o2_0.product_id,p1_0.product_id,p1_0.description,p1_0.manufacturer_name,p1_0.name,p1_0.status,p1_0.unit,o2_0.note,o2_0.price,o2_0.quantity from orders o1_0 left join customer c1_0 on c1_0.cust_id=o1_0.cust_id join employee e1_0 on e1_0.emp_id=o1_0.employee_id left join order_detail o2_0 on o1_0.order_id=o2_0.order_id left join product p1_0 on p1_0.product_id=o2_0.product_id where o1_0.order_id=?
Hibernate: select l1_0.employee_id,l1_0.order_id,c1_0.cust_id,c1_0.address,c1_0.email,c1_0.cust_name,c1_0.phone,l1_0.order_date from orders l1_0 left join customer c1_0 on c1_0.cust_id=l1_0.cust_id where l1_0.employee_id=?
Hibernate: select p1_0.product_id,p1_0.description,p1_0.manufacturer_name,p1_0.name,p1_0.status,p1_0.unit,o1_0.product_id,o1_0.order_id,o2_0.order_id,c1_0.cust_id,c1_0.address,c1_0.email,c1_0.cust_name,c1_0.phone,o2_0.employee_id,e1_0.emp_id,e1_0.address,e1_0.dob,e1_0.email,e1_0.full_name,e1_0.phone,e1_0.status,o2_0.order_date,o1_0.note,o1_0.price,o1_0.quantity from product p1_0 left join order_detail o1_0 on p1_0.product_id=o1_0.product_id left join orders o2_0 on o2_0.order_id=o1_0.order_id left join customer c1_0 on c1_0.cust_id=o2_0.cust_id left join employee e1_0 on e1_0.emp_id=o2_0.employee_id where p1_0.product_id=?
Hibernate: select p1_0.product_id,p1_0.price_date_time,p1_0.note,p1_0.price from product_price p1_0 where p1_0.product_id=?
Hibernate: select p1_0.product_id,p1_0.image_id,p1_0.alternative,p1_0.path from product_image p1_0 where p1_0.product_id=?
Hibernate: insert into order_detail (note,price,quantity,order_id,product_id) values (?,?,?,?,?)
Hibernate: update orders set cust_id=?,employee_id=?,order_date=? where order_id=?
Hibernate: select p1_0.product_id,p1_0.description,p1_0.manufacturer_name,p1_0.name,p1_0.status,p1_0.unit from product p1_0 where p1_0.product_id=?
Hibernate: select o1_0.order_id,o2_0.order_id,c1_0.cust_id,c1_0.address,c1_0.email,c1_0.cust_name,c1_0.phone,o2_0.employee_id,e1_0.emp_id,e1_0.address,e1_0.dob,e1_0.email,e1_0.full_name,e1_0.phone,e1_0.status,o2_0.order_date,o1_0.product_id,p1_0.product_id,p1_0.description,p1_0.manufacturer_name,p1_0.name,p1_0.status,p1_0.unit,p2_0.product_id,p2_0.image_id,p2_0.alternative,p2_0.path,o1_0.note,o1_0.price,o1_0.quantity from order_detail o1_0 join orders o2_0 on o2_0.order_id=o1_0.order_id left join customer c1_0 on c1_0.cust_id=o2_0.cust_id left join employee e1_0 on e1_0.emp_id=o2_0.employee_id join product p1_0 on p1_0.product_id=o1_0.product_id left join product_image p2_0 on p1_0.product_id=p2_0.product_id where (o1_0.order_id,o1_0.product_id) in ((?,?))
Hibernate: select o1_0.order_id,c1_0.cust_id,c1_0.address,c1_0.email,c1_0.cust_name,c1_0.phone,o1_0.employee_id,e1_0.emp_id,e1_0.address,e1_0.dob,e1_0.email,e1_0.full_name,e1_0.phone,e1_0.status,o1_0.order_date,o2_0.order_id,o2_0.product_id,p1_0.product_id,p1_0.description,p1_0.manufacturer_name,p1_0.name,p1_0.status,p1_0.unit,o2_0.note,o2_0.price,o2_0.quantity from orders o1_0 left join customer c1_0 on c1_0.cust_id=o1_0.cust_id join employee e1_0 on e1_0.emp_id=o1_0.employee_id left join order_detail o2_0 on o1_0.order_id=o2_0.order_id left join product p1_0 on p1_0.product_id=o2_0.product_id where o1_0.order_id=?
Hibernate: select p1_0.product_id,p1_0.price_date_time,p1_0.note,p1_0.price from product_price p1_0 where p1_0.product_id=?
Hibernate: select p1_0.product_id,p1_0.image_id,p1_0.alternative,p1_0.path from product_image p1_0 where p1_0.product_id=?
Hibernate: select o1_0.product_id,o1_0.order_id,o2_0.order_id,c1_0.cust_id,c1_0.address,c1_0.email,c1_0.cust_name,c1_0.phone,o2_0.employee_id,e1_0.emp_id,e1_0.address,e1_0.dob,e1_0.email,e1_0.full_name,e1_0.phone,e1_0.status,o2_0.order_date,o1_0.note,o1_0.price,o1_0.quantity from order_detail o1_0 join orders o2_0 on o2_0.order_id=o1_0.order_id left join customer c1_0 on c1_0.cust_id=o2_0.cust_id left join employee e1_0 on e1_0.emp_id=o2_0.employee_id where o1_0.product_id=?
Hibernate: select l1_0.employee_id,l1_0.order_id,c1_0.cust_id,c1_0.address,c1_0.email,c1_0.cust_name,c1_0.phone,l1_0.order_date from orders l1_0 left join customer c1_0 on c1_0.cust_id=l1_0.cust_id where l1_0.employee_id=?
Hibernate: select p1_0.product_id,p1_0.description,p1_0.manufacturer_name,p1_0.name,p1_0.status,p1_0.unit,o1_0.product_id,o1_0.order_id,o2_0.order_id,c1_0.cust_id,c1_0.address,c1_0.email,c1_0.cust_name,c1_0.phone,o2_0.employee_id,e1_0.emp_id,e1_0.address,e1_0.dob,e1_0.email,e1_0.full_name,e1_0.phone,e1_0.status,o2_0.order_date,o1_0.note,o1_0.price,o1_0.quantity from product p1_0 left join order_detail o1_0 on p1_0.product_id=o1_0.product_id left join orders o2_0 on o2_0.order_id=o1_0.order_id left join customer c1_0 on c1_0.cust_id=o2_0.cust_id left join employee e1_0 on e1_0.emp_id=o2_0.employee_id where p1_0.product_id=?
Hibernate: select p1_0.product_id,p1_0.price_date_time,p1_0.note,p1_0.price from product_price p1_0 where p1_0.product_id=?
Hibernate: select p1_0.product_id,p1_0.image_id,p1_0.alternative,p1_0.path from product_image p1_0 where p1_0.product_id=?
Hibernate: insert into order_detail (note,price,quantity,order_id,product_id) values (?,?,?,?,?)
Hibernate: update orders set cust_id=?,employee_id=?,order_date=? where order_id=?
Hibernate: select p1_0.product_id,p1_0.description,p1_0.manufacturer_name,p1_0.name,p1_0.status,p1_0.unit from product p1_0 where p1_0.product_id=?
Hibernate: select o1_0.order_id,o2_0.order_id,c1_0.cust_id,c1_0.address,c1_0.email,c1_0.cust_name,c1_0.phone,o2_0.employee_id,e1_0.emp_id,e1_0.address,e1_0.dob,e1_0.email,e1_0.full_name,e1_0.phone,e1_0.status,o2_0.order_date,o1_0.product_id,p1_0.product_id,p1_0.description,p1_0.manufacturer_name,p1_0.name,p1_0.status,p1_0.unit,p2_0.product_id,p2_0.image_id,p2_0.alternative,p2_0.path,o1_0.note,o1_0.price,o1_0.quantity from order_detail o1_0 join orders o2_0 on o2_0.order_id=o1_0.order_id left join customer c1_0 on c1_0.cust_id=o2_0.cust_id left join employee e1_0 on e1_0.emp_id=o2_0.employee_id join product p1_0 on p1_0.product_id=o1_0.product_id left join product_image p2_0 on p1_0.product_id=p2_0.product_id where (o1_0.order_id,o1_0.product_id) in ((?,?))
Hibernate: select o1_0.order_id,c1_0.cust_id,c1_0.address,c1_0.email,c1_0.cust_name,c1_0.phone,o1_0.employee_id,e1_0.emp_id,e1_0.address,e1_0.dob,e1_0.email,e1_0.full_name,e1_0.phone,e1_0.status,o1_0.order_date,o2_0.order_id,o2_0.product_id,p1_0.product_id,p1_0.description,p1_0.manufacturer_name,p1_0.name,p1_0.status,p1_0.unit,o2_0.note,o2_0.price,o2_0.quantity from orders o1_0 left join customer c1_0 on c1_0.cust_id=o1_0.cust_id join employee e1_0 on e1_0.emp_id=o1_0.employee_id left join order_detail o2_0 on o1_0.order_id=o2_0.order_id left join product p1_0 on p1_0.product_id=o2_0.product_id where o1_0.order_id=?
Hibernate: select p1_0.product_id,p1_0.price_date_time,p1_0.note,p1_0.price from product_price p1_0 where p1_0.product_id=?
Hibernate: select p1_0.product_id,p1_0.image_id,p1_0.alternative,p1_0.path from product_image p1_0 where p1_0.product_id=?
Hibernate: select o1_0.product_id,o1_0.order_id,o2_0.order_id,c1_0.cust_id,c1_0.address,c1_0.email,c1_0.cust_name,c1_0.phone,o2_0.employee_id,e1_0.emp_id,e1_0.address,e1_0.dob,e1_0.email,e1_0.full_name,e1_0.phone,e1_0.status,o2_0.order_date,o1_0.note,o1_0.price,o1_0.quantity from order_detail o1_0 join orders o2_0 on o2_0.order_id=o1_0.order_id left join customer c1_0 on c1_0.cust_id=o2_0.cust_id left join employee e1_0 on e1_0.emp_id=o2_0.employee_id where o1_0.product_id=?
Hibernate: select p1_0.product_id,p1_0.price_date_time,p1_0.note,p1_0.price from product_price p1_0 where p1_0.product_id=?
Hibernate: select p1_0.product_id,p1_0.image_id,p1_0.alternative,p1_0.path from product_image p1_0 where p1_0.product_id=?
Hibernate: select o1_0.product_id,o1_0.order_id,o2_0.order_id,c1_0.cust_id,c1_0.address,c1_0.email,c1_0.cust_name,c1_0.phone,o2_0.employee_id,e1_0.emp_id,e1_0.address,e1_0.dob,e1_0.email,e1_0.full_name,e1_0.phone,e1_0.status,o2_0.order_date,o1_0.note,o1_0.price,o1_0.quantity from order_detail o1_0 join orders o2_0 on o2_0.order_id=o1_0.order_id left join customer c1_0 on c1_0.cust_id=o2_0.cust_id left join employee e1_0 on e1_0.emp_id=o2_0.employee_id where o1_0.product_id=?
Hibernate: select l1_0.employee_id,l1_0.order_id,c1_0.cust_id,c1_0.address,c1_0.email,c1_0.cust_name,c1_0.phone,l1_0.order_date from orders l1_0 left join customer c1_0 on c1_0.cust_id=l1_0.cust_id where l1_0.employee_id=?
Hibernate: select p1_0.product_id,p1_0.description,p1_0.manufacturer_name,p1_0.name,p1_0.status,p1_0.unit,o1_0.product_id,o1_0.order_id,o2_0.order_id,c1_0.cust_id,c1_0.address,c1_0.email,c1_0.cust_name,c1_0.phone,o2_0.employee_id,e1_0.emp_id,e1_0.address,e1_0.dob,e1_0.email,e1_0.full_name,e1_0.phone,e1_0.status,o2_0.order_date,o1_0.note,o1_0.price,o1_0.quantity from product p1_0 left join order_detail o1_0 on p1_0.product_id=o1_0.product_id left join orders o2_0 on o2_0.order_id=o1_0.order_id left join customer c1_0 on c1_0.cust_id=o2_0.cust_id left join employee e1_0 on e1_0.emp_id=o2_0.employee_id where p1_0.product_id=?
Hibernate: select p1_0.product_id,p1_0.price_date_time,p1_0.note,p1_0.price from product_price p1_0 where p1_0.product_id=?
Hibernate: select p1_0.product_id,p1_0.image_id,p1_0.alternative,p1_0.path from product_image p1_0 where p1_0.product_id=?
Hibernate: insert into order_detail (note,price,quantity,order_id,product_id) values (?,?,?,?,?)
Hibernate: update orders set cust_id=?,employee_id=?,order_date=? where order_id=?
Hibernate: select e1_0.emp_id,e1_0.address,e1_0.dob,e1_0.email,e1_0.full_name,e1_0.phone,e1_0.status from employee e1_0 where e1_0.emp_id=?
Hibernate: select c1_0.cust_id,c1_0.address,c1_0.email,c1_0.cust_name,c1_0.phone from customer c1_0 where c1_0.cust_id=?
Hibernate: select o1_0.order_id,c1_0.cust_id,c1_0.address,c1_0.email,c1_0.cust_name,c1_0.phone,o1_0.employee_id,e1_0.emp_id,e1_0.address,e1_0.dob,e1_0.email,e1_0.full_name,e1_0.phone,e1_0.status,o1_0.order_date,o2_0.order_id,o2_0.product_id,p1_0.product_id,p1_0.description,p1_0.manufacturer_name,p1_0.name,p1_0.status,p1_0.unit,o2_0.note,o2_0.price,o2_0.quantity from orders o1_0 left join customer c1_0 on c1_0.cust_id=o1_0.cust_id join employee e1_0 on e1_0.emp_id=o1_0.employee_id left join order_detail o2_0 on o1_0.order_id=o2_0.order_id left join product p1_0 on p1_0.product_id=o2_0.product_id where o1_0.order_id=?
Hibernate: select c1_0.cust_id,c1_0.address,c1_0.email,c1_0.cust_name,c1_0.phone from customer c1_0 where c1_0.cust_id=?
Hibernate: select e1_0.emp_id,e1_0.address,e1_0.dob,e1_0.email,e1_0.full_name,e1_0.phone,e1_0.status from employee e1_0 where e1_0.emp_id=?
Hibernate: insert into orders (cust_id,employee_id,order_date,order_id) values (?,?,?,default)
Hibernate: select p1_0.product_id,p1_0.description,p1_0.manufacturer_name,p1_0.name,p1_0.status,p1_0.unit from product p1_0 where p1_0.product_id=?
Hibernate: select o1_0.order_id,o2_0.order_id,c1_0.cust_id,c1_0.address,c1_0.email,c1_0.cust_name,c1_0.phone,o2_0.employee_id,e1_0.emp_id,e1_0.address,e1_0.dob,e1_0.email,e1_0.full_name,e1_0.phone,e1_0.status,o2_0.order_date,o1_0.product_id,p1_0.product_id,p1_0.description,p1_0.manufacturer_name,p1_0.name,p1_0.status,p1_0.unit,p2_0.product_id,p2_0.image_id,p2_0.alternative,p2_0.path,o1_0.note,o1_0.price,o1_0.quantity from order_detail o1_0 join orders o2_0 on o2_0.order_id=o1_0.order_id left join customer c1_0 on c1_0.cust_id=o2_0.cust_id left join employee e1_0 on e1_0.emp_id=o2_0.employee_id join product p1_0 on p1_0.product_id=o1_0.product_id left join product_image p2_0 on p1_0.product_id=p2_0.product_id where (o1_0.order_id,o1_0.product_id) in ((?,?))
Hibernate: select o1_0.order_id,c1_0.cust_id,c1_0.address,c1_0.email,c1_0.cust_name,c1_0.phone,o1_0.employee_id,e1_0.emp_id,e1_0.address,e1_0.dob,e1_0.email,e1_0.full_name,e1_0.phone,e1_0.status,o1_0.order_date,o2_0.order_id,o2_0.product_id,p1_0.product_id,p1_0.description,p1_0.manufacturer_name,p1_0.name,p1_0.status,p1_0.unit,o2_0.note,o2_0.price,o2_0.quantity from orders o1_0 left join customer c1_0 on c1_0.cust_id=o1_0.cust_id join employee e1_0 on e1_0.emp_id=o1_0.employee_id left join order_detail o2_0 on o1_0.order_id=o2_0.order_id left join product p1_0 on p1_0.product_id=o2_0.product_id where o1_0.order_id=?
Hibernate: select l1_0.employee_id,l1_0.order_id,c1_0.cust_id,c1_0.address,c1_0.email,c1_0.cust_name,c1_0.phone,l1_0.order_date from orders l1_0 left join customer c1_0 on c1_0.cust_id=l1_0.cust_id where l1_0.employee_id=?
Hibernate: select p1_0.product_id,p1_0.description,p1_0.manufacturer_name,p1_0.name,p1_0.status,p1_0.unit,o1_0.product_id,o1_0.order_id,o2_0.order_id,c1_0.cust_id,c1_0.address,c1_0.email,c1_0.cust_name,c1_0.phone,o2_0.employee_id,e1_0.emp_id,e1_0.address,e1_0.dob,e1_0.email,e1_0.full_name,e1_0.phone,e1_0.status,o2_0.order_date,o1_0.note,o1_0.price,o1_0.quantity from product p1_0 left join order_detail o1_0 on p1_0.product_id=o1_0.product_id left join orders o2_0 on o2_0.order_id=o1_0.order_id left join customer c1_0 on c1_0.cust_id=o2_0.cust_id left join employee e1_0 on e1_0.emp_id=o2_0.employee_id where p1_0.product_id=?
Hibernate: select p1_0.product_id,p1_0.price_date_time,p1_0.note,p1_0.price from product_price p1_0 where p1_0.product_id=?
Hibernate: select p1_0.product_id,p1_0.image_id,p1_0.alternative,p1_0.path from product_image p1_0 where p1_0.product_id=?
Hibernate: insert into order_detail (note,price,quantity,order_id,product_id) values (?,?,?,?,?)
Hibernate: update orders set cust_id=?,employee_id=?,order_date=? where order_id=?
Hibernate: select p1_0.product_id,p1_0.description,p1_0.manufacturer_name,p1_0.name,p1_0.status,p1_0.unit from product p1_0 where p1_0.product_id=?
Hibernate: select o1_0.order_id,o2_0.order_id,c1_0.cust_id,c1_0.address,c1_0.email,c1_0.cust_name,c1_0.phone,o2_0.employee_id,e1_0.emp_id,e1_0.address,e1_0.dob,e1_0.email,e1_0.full_name,e1_0.phone,e1_0.status,o2_0.order_date,o1_0.product_id,p1_0.product_id,p1_0.description,p1_0.manufacturer_name,p1_0.name,p1_0.status,p1_0.unit,p2_0.product_id,p2_0.image_id,p2_0.alternative,p2_0.path,o1_0.note,o1_0.price,o1_0.quantity from order_detail o1_0 join orders o2_0 on o2_0.order_id=o1_0.order_id left join customer c1_0 on c1_0.cust_id=o2_0.cust_id left join employee e1_0 on e1_0.emp_id=o2_0.employee_id join product p1_0 on p1_0.product_id=o1_0.product_id left join product_image p2_0 on p1_0.product_id=p2_0.product_id where (o1_0.order_id,o1_0.product_id) in ((?,?))
Hibernate: select o1_0.order_id,c1_0.cust_id,c1_0.address,c1_0.email,c1_0.cust_name,c1_0.phone,o1_0.employee_id,e1_0.emp_id,e1_0.address,e1_0.dob,e1_0.email,e1_0.full_name,e1_0.phone,e1_0.status,o1_0.order_date,o2_0.order_id,o2_0.product_id,p1_0.product_id,p1_0.description,p1_0.manufacturer_name,p1_0.name,p1_0.status,p1_0.unit,o2_0.note,o2_0.price,o2_0.quantity from orders o1_0 left join customer c1_0 on c1_0.cust_id=o1_0.cust_id join employee e1_0 on e1_0.emp_id=o1_0.employee_id left join order_detail o2_0 on o1_0.order_id=o2_0.order_id left join product p1_0 on p1_0.product_id=o2_0.product_id where o1_0.order_id=?
Hibernate: select p1_0.product_id,p1_0.price_date_time,p1_0.note,p1_0.price from product_price p1_0 where p1_0.product_id=?
Hibernate: select p1_0.product_id,p1_0.image_id,p1_0.alternative,p1_0.path from product_image p1_0 where p1_0.product_id=?
Hibernate: select o1_0.product_id,o1_0.order_id,o2_0.order_id,c1_0.cust_id,c1_0.address,c1_0.email,c1_0.cust_name,c1_0.phone,o2_0.employee_id,e1_0.emp_id,e1_0.address,e1_0.dob,e1_0.email,e1_0.full_name,e1_0.phone,e1_0.status,o2_0.order_date,o1_0.note,o1_0.price,o1_0.quantity from order_detail o1_0 join orders o2_0 on o2_0.order_id=o1_0.order_id left join customer c1_0 on c1_0.cust_id=o2_0.cust_id left join employee e1_0 on e1_0.emp_id=o2_0.employee_id where o1_0.product_id=?
Hibernate: select l1_0.employee_id,l1_0.order_id,c1_0.cust_id,c1_0.address,c1_0.email,c1_0.cust_name,c1_0.phone,l1_0.order_date from orders l1_0 left join customer c1_0 on c1_0.cust_id=l1_0.cust_id where l1_0.employee_id=?
Hibernate: select p1_0.product_id,p1_0.description,p1_0.manufacturer_name,p1_0.name,p1_0.status,p1_0.unit,o1_0.product_id,o1_0.order_id,o2_0.order_id,c1_0.cust_id,c1_0.address,c1_0.email,c1_0.cust_name,c1_0.phone,o2_0.employee_id,e1_0.emp_id,e1_0.address,e1_0.dob,e1_0.email,e1_0.full_name,e1_0.phone,e1_0.status,o2_0.order_date,o1_0.note,o1_0.price,o1_0.quantity from product p1_0 left join order_detail o1_0 on p1_0.product_id=o1_0.product_id left join orders o2_0 on o2_0.order_id=o1_0.order_id left join customer c1_0 on c1_0.cust_id=o2_0.cust_id left join employee e1_0 on e1_0.emp_id=o2_0.employee_id where p1_0.product_id=?
Hibernate: select p1_0.product_id,p1_0.price_date_time,p1_0.note,p1_0.price from product_price p1_0 where p1_0.product_id=?
Hibernate: select p1_0.product_id,p1_0.image_id,p1_0.alternative,p1_0.path from product_image p1_0 where p1_0.product_id=?
Hibernate: insert into order_detail (note,price,quantity,order_id,product_id) values (?,?,?,?,?)
Hibernate: update orders set cust_id=?,employee_id=?,order_date=? where order_id=?
Hibernate: select p1_0.product_id,p1_0.description,p1_0.manufacturer_name,p1_0.name,p1_0.status,p1_0.unit from product p1_0 where p1_0.product_id=?
Hibernate: select o1_0.order_id,o2_0.order_id,c1_0.cust_id,c1_0.address,c1_0.email,c1_0.cust_name,c1_0.phone,o2_0.employee_id,e1_0.emp_id,e1_0.address,e1_0.dob,e1_0.email,e1_0.full_name,e1_0.phone,e1_0.status,o2_0.order_date,o1_0.product_id,p1_0.product_id,p1_0.description,p1_0.manufacturer_name,p1_0.name,p1_0.status,p1_0.unit,p2_0.product_id,p2_0.image_id,p2_0.alternative,p2_0.path,o1_0.note,o1_0.price,o1_0.quantity from order_detail o1_0 join orders o2_0 on o2_0.order_id=o1_0.order_id left join customer c1_0 on c1_0.cust_id=o2_0.cust_id left join employee e1_0 on e1_0.emp_id=o2_0.employee_id join product p1_0 on p1_0.product_id=o1_0.product_id left join product_image p2_0 on p1_0.product_id=p2_0.product_id where (o1_0.order_id,o1_0.product_id) in ((?,?))
Hibernate: select o1_0.order_id,c1_0.cust_id,c1_0.address,c1_0.email,c1_0.cust_name,c1_0.phone,o1_0.employee_id,e1_0.emp_id,e1_0.address,e1_0.dob,e1_0.email,e1_0.full_name,e1_0.phone,e1_0.status,o1_0.order_date,o2_0.order_id,o2_0.product_id,p1_0.product_id,p1_0.description,p1_0.manufacturer_name,p1_0.name,p1_0.status,p1_0.unit,o2_0.note,o2_0.price,o2_0.quantity from orders o1_0 left join customer c1_0 on c1_0.cust_id=o1_0.cust_id join employee e1_0 on e1_0.emp_id=o1_0.employee_id left join order_detail o2_0 on o1_0.order_id=o2_0.order_id left join product p1_0 on p1_0.product_id=o2_0.product_id where o1_0.order_id=?
Hibernate: select p1_0.product_id,p1_0.price_date_time,p1_0.note,p1_0.price from product_price p1_0 where p1_0.product_id=?
Hibernate: select p1_0.product_id,p1_0.image_id,p1_0.alternative,p1_0.path from product_image p1_0 where p1_0.product_id=?
Hibernate: select o1_0.product_id,o1_0.order_id,o2_0.order_id,c1_0.cust_id,c1_0.address,c1_0.email,c1_0.cust_name,c1_0.phone,o2_0.employee_id,e1_0.emp_id,e1_0.address,e1_0.dob,e1_0.email,e1_0.full_name,e1_0.phone,e1_0.status,o2_0.order_date,o1_0.note,o1_0.price,o1_0.quantity from order_detail o1_0 join orders o2_0 on o2_0.order_id=o1_0.order_id left join customer c1_0 on c1_0.cust_id=o2_0.cust_id left join employee e1_0 on e1_0.emp_id=o2_0.employee_id where o1_0.product_id=?
Hibernate: select p1_0.product_id,p1_0.price_date_time,p1_0.note,p1_0.price from product_price p1_0 where p1_0.product_id=?
Hibernate: select p1_0.product_id,p1_0.image_id,p1_0.alternative,p1_0.path from product_image p1_0 where p1_0.product_id=?
Hibernate: select o1_0.product_id,o1_0.order_id,o2_0.order_id,c1_0.cust_id,c1_0.address,c1_0.email,c1_0.cust_name,c1_0.phone,o2_0.employee_id,e1_0.emp_id,e1_0.address,e1_0.dob,e1_0.email,e1_0.full_name,e1_0.phone,e1_0.status,o2_0.order_date,o1_0.note,o1_0.price,o1_0.quantity from order_detail o1_0 join orders o2_0 on o2_0.order_id=o1_0.order_id left join customer c1_0 on c1_0.cust_id=o2_0.cust_id left join employee e1_0 on e1_0.emp_id=o2_0.employee_id where o1_0.product_id=?
Hibernate: select l1_0.employee_id,l1_0.order_id,c1_0.cust_id,c1_0.address,c1_0.email,c1_0.cust_name,c1_0.phone,l1_0.order_date from orders l1_0 left join customer c1_0 on c1_0.cust_id=l1_0.cust_id where l1_0.employee_id=?
Hibernate: select p1_0.product_id,p1_0.description,p1_0.manufacturer_name,p1_0.name,p1_0.status,p1_0.unit,o1_0.product_id,o1_0.order_id,o2_0.order_id,c1_0.cust_id,c1_0.address,c1_0.email,c1_0.cust_name,c1_0.phone,o2_0.employee_id,e1_0.emp_id,e1_0.address,e1_0.dob,e1_0.email,e1_0.full_name,e1_0.phone,e1_0.status,o2_0.order_date,o1_0.note,o1_0.price,o1_0.quantity from product p1_0 left join order_detail o1_0 on p1_0.product_id=o1_0.product_id left join orders o2_0 on o2_0.order_id=o1_0.order_id left join customer c1_0 on c1_0.cust_id=o2_0.cust_id left join employee e1_0 on e1_0.emp_id=o2_0.employee_id where p1_0.product_id=?
Hibernate: select p1_0.product_id,p1_0.price_date_time,p1_0.note,p1_0.price from product_price p1_0 where p1_0.product_id=?
Hibernate: select p1_0.product_id,p1_0.image_id,p1_0.alternative,p1_0.path from product_image p1_0 where p1_0.product_id=?
Hibernate: insert into order_detail (note,price,quantity,order_id,product_id) values (?,?,?,?,?)
Hibernate: update orders set cust_id=?,employee_id=?,order_date=? where order_id=?
Hibernate: select e1_0.emp_id,e1_0.address,e1_0.dob,e1_0.email,e1_0.full_name,e1_0.phone,e1_0.status from employee e1_0 where e1_0.emp_id=?
Hibernate: select c1_0.cust_id,c1_0.address,c1_0.email,c1_0.cust_name,c1_0.phone from customer c1_0 where c1_0.cust_id=?
Hibernate: select o1_0.order_id,c1_0.cust_id,c1_0.address,c1_0.email,c1_0.cust_name,c1_0.phone,o1_0.employee_id,e1_0.emp_id,e1_0.address,e1_0.dob,e1_0.email,e1_0.full_name,e1_0.phone,e1_0.status,o1_0.order_date,o2_0.order_id,o2_0.product_id,p1_0.product_id,p1_0.description,p1_0.manufacturer_name,p1_0.name,p1_0.status,p1_0.unit,o2_0.note,o2_0.price,o2_0.quantity from orders o1_0 left join customer c1_0 on c1_0.cust_id=o1_0.cust_id join employee e1_0 on e1_0.emp_id=o1_0.employee_id left join order_detail o2_0 on o1_0.order_id=o2_0.order_id left join product p1_0 on p1_0.product_id=o2_0.product_id where o1_0.order_id=?
Hibernate: select c1_0.cust_id,c1_0.address,c1_0.email,c1_0.cust_name,c1_0.phone from customer c1_0 where c1_0.cust_id=?
Hibernate: select e1_0.emp_id,e1_0.address,e1_0.dob,e1_0.email,e1_0.full_name,e1_0.phone,e1_0.status from employee e1_0 where e1_0.emp_id=?
Hibernate: insert into orders (cust_id,employee_id,order_date,order_id) values (?,?,?,default)
Hibernate: select p1_0.product_id,p1_0.description,p1_0.manufacturer_name,p1_0.name,p1_0.status,p1_0.unit from product p1_0 where p1_0.product_id=?
Hibernate: select o1_0.order_id,o2_0.order_id,c1_0.cust_id,c1_0.address,c1_0.email,c1_0.cust_name,c1_0.phone,o2_0.employee_id,e1_0.emp_id,e1_0.address,e1_0.dob,e1_0.email,e1_0.full_name,e1_0.phone,e1_0.status,o2_0.order_date,o1_0.product_id,p1_0.product_id,p1_0.description,p1_0.manufacturer_name,p1_0.name,p1_0.status,p1_0.unit,p2_0.product_id,p2_0.image_id,p2_0.alternative,p2_0.path,o1_0.note,o1_0.price,o1_0.quantity from order_detail o1_0 join orders o2_0 on o2_0.order_id=o1_0.order_id left join customer c1_0 on c1_0.cust_id=o2_0.cust_id left join employee e1_0 on e1_0.emp_id=o2_0.employee_id join product p1_0 on p1_0.product_id=o1_0.product_id left join product_image p2_0 on p1_0.product_id=p2_0.product_id where (o1_0.order_id,o1_0.product_id) in ((?,?))
Hibernate: select o1_0.order_id,c1_0.cust_id,c1_0.address,c1_0.email,c1_0.cust_name,c1_0.phone,o1_0.employee_id,e1_0.emp_id,e1_0.address,e1_0.dob,e1_0.email,e1_0.full_name,e1_0.phone,e1_0.status,o1_0.order_date,o2_0.order_id,o2_0.product_id,p1_0.product_id,p1_0.description,p1_0.manufacturer_name,p1_0.name,p1_0.status,p1_0.unit,o2_0.note,o2_0.price,o2_0.quantity from orders o1_0 left join customer c1_0 on c1_0.cust_id=o1_0.cust_id join employee e1_0 on e1_0.emp_id=o1_0.employee_id left join order_detail o2_0 on o1_0.order_id=o2_0.order_id left join product p1_0 on p1_0.product_id=o2_0.product_id where o1_0.order_id=?
Hibernate: select l1_0.employee_id,l1_0.order_id,c1_0.cust_id,c1_0.address,c1_0.email,c1_0.cust_name,c1_0.phone,l1_0.order_date from orders l1_0 left join customer c1_0 on c1_0.cust_id=l1_0.cust_id where l1_0.employee_id=?
Hibernate: select p1_0.product_id,p1_0.description,p1_0.manufacturer_name,p1_0.name,p1_0.status,p1_0.unit,o1_0.product_id,o1_0.order_id,o2_0.order_id,c1_0.cust_id,c1_0.address,c1_0.email,c1_0.cust_name,c1_0.phone,o2_0.employee_id,e1_0.emp_id,e1_0.address,e1_0.dob,e1_0.email,e1_0.full_name,e1_0.phone,e1_0.status,o2_0.order_date,o1_0.note,o1_0.price,o1_0.quantity from product p1_0 left join order_detail o1_0 on p1_0.product_id=o1_0.product_id left join orders o2_0 on o2_0.order_id=o1_0.order_id left join customer c1_0 on c1_0.cust_id=o2_0.cust_id left join employee e1_0 on e1_0.emp_id=o2_0.employee_id where p1_0.product_id=?
Hibernate: select p1_0.product_id,p1_0.price_date_time,p1_0.note,p1_0.price from product_price p1_0 where p1_0.product_id=?
Hibernate: select p1_0.product_id,p1_0.image_id,p1_0.alternative,p1_0.path from product_image p1_0 where p1_0.product_id=?
Hibernate: insert into order_detail (note,price,quantity,order_id,product_id) values (?,?,?,?,?)
Hibernate: update orders set cust_id=?,employee_id=?,order_date=? where order_id=?
Hibernate: select p1_0.product_id,p1_0.description,p1_0.manufacturer_name,p1_0.name,p1_0.status,p1_0.unit from product p1_0 where p1_0.product_id=?
Hibernate: select o1_0.order_id,o2_0.order_id,c1_0.cust_id,c1_0.address,c1_0.email,c1_0.cust_name,c1_0.phone,o2_0.employee_id,e1_0.emp_id,e1_0.address,e1_0.dob,e1_0.email,e1_0.full_name,e1_0.phone,e1_0.status,o2_0.order_date,o1_0.product_id,p1_0.product_id,p1_0.description,p1_0.manufacturer_name,p1_0.name,p1_0.status,p1_0.unit,p2_0.product_id,p2_0.image_id,p2_0.alternative,p2_0.path,o1_0.note,o1_0.price,o1_0.quantity from order_detail o1_0 join orders o2_0 on o2_0.order_id=o1_0.order_id left join customer c1_0 on c1_0.cust_id=o2_0.cust_id left join employee e1_0 on e1_0.emp_id=o2_0.employee_id join product p1_0 on p1_0.product_id=o1_0.product_id left join product_image p2_0 on p1_0.product_id=p2_0.product_id where (o1_0.order_id,o1_0.product_id) in ((?,?))
Hibernate: select o1_0.order_id,c1_0.cust_id,c1_0.address,c1_0.email,c1_0.cust_name,c1_0.phone,o1_0.employee_id,e1_0.emp_id,e1_0.address,e1_0.dob,e1_0.email,e1_0.full_name,e1_0.phone,e1_0.status,o1_0.order_date,o2_0.order_id,o2_0.product_id,p1_0.product_id,p1_0.description,p1_0.manufacturer_name,p1_0.name,p1_0.status,p1_0.unit,o2_0.note,o2_0.price,o2_0.quantity from orders o1_0 left join customer c1_0 on c1_0.cust_id=o1_0.cust_id join employee e1_0 on e1_0.emp_id=o1_0.employee_id left join order_detail o2_0 on o1_0.order_id=o2_0.order_id left join product p1_0 on p1_0.product_id=o2_0.product_id where o1_0.order_id=?
Hibernate: select p1_0.product_id,p1_0.price_date_time,p1_0.note,p1_0.price from product_price p1_0 where p1_0.product_id=?
Hibernate: select p1_0.product_id,p1_0.image_id,p1_0.alternative,p1_0.path from product_image p1_0 where p1_0.product_id=?
Hibernate: select o1_0.product_id,o1_0.order_id,o2_0.order_id,c1_0.cust_id,c1_0.address,c1_0.email,c1_0.cust_name,c1_0.phone,o2_0.employee_id,e1_0.emp_id,e1_0.address,e1_0.dob,e1_0.email,e1_0.full_name,e1_0.phone,e1_0.status,o2_0.order_date,o1_0.note,o1_0.price,o1_0.quantity from order_detail o1_0 join orders o2_0 on o2_0.order_id=o1_0.order_id left join customer c1_0 on c1_0.cust_id=o2_0.cust_id left join employee e1_0 on e1_0.emp_id=o2_0.employee_id where o1_0.product_id=?
Hibernate: select l1_0.employee_id,l1_0.order_id,c1_0.cust_id,c1_0.address,c1_0.email,c1_0.cust_name,c1_0.phone,l1_0.order_date from orders l1_0 left join customer c1_0 on c1_0.cust_id=l1_0.cust_id where l1_0.employee_id=?
Hibernate: select p1_0.product_id,p1_0.description,p1_0.manufacturer_name,p1_0.name,p1_0.status,p1_0.unit,o1_0.product_id,o1_0.order_id,o2_0.order_id,c1_0.cust_id,c1_0.address,c1_0.email,c1_0.cust_name,c1_0.phone,o2_0.employee_id,e1_0.emp_id,e1_0.address,e1_0.dob,e1_0.email,e1_0.full_name,e1_0.phone,e1_0.status,o2_0.order_date,o1_0.note,o1_0.price,o1_0.quantity from product p1_0 left join order_detail o1_0 on p1_0.product_id=o1_0.product_id left join orders o2_0 on o2_0.order_id=o1_0.order_id left join customer c1_0 on c1_0.cust_id=o2_0.cust_id left join employee e1_0 on e1_0.emp_id=o2_0.employee_id where p1_0.product_id=?
Hibernate: select p1_0.product_id,p1_0.price_date_time,p1_0.note,p1_0.price from product_price p1_0 where p1_0.product_id=?
Hibernate: select p1_0.product_id,p1_0.image_id,p1_0.alternative,p1_0.path from product_image p1_0 where p1_0.product_id=?
Hibernate: insert into order_detail (note,price,quantity,order_id,product_id) values (?,?,?,?,?)
Hibernate: update orders set cust_id=?,employee_id=?,order_date=? where order_id=?
Hibernate: select p1_0.product_id,p1_0.description,p1_0.manufacturer_name,p1_0.name,p1_0.status,p1_0.unit from product p1_0 where p1_0.product_id=?
Hibernate: select o1_0.order_id,o2_0.order_id,c1_0.cust_id,c1_0.address,c1_0.email,c1_0.cust_name,c1_0.phone,o2_0.employee_id,e1_0.emp_id,e1_0.address,e1_0.dob,e1_0.email,e1_0.full_name,e1_0.phone,e1_0.status,o2_0.order_date,o1_0.product_id,p1_0.product_id,p1_0.description,p1_0.manufacturer_name,p1_0.name,p1_0.status,p1_0.unit,p2_0.product_id,p2_0.image_id,p2_0.alternative,p2_0.path,o1_0.note,o1_0.price,o1_0.quantity from order_detail o1_0 join orders o2_0 on o2_0.order_id=o1_0.order_id left join customer c1_0 on c1_0.cust_id=o2_0.cust_id left join employee e1_0 on e1_0.emp_id=o2_0.employee_id join product p1_0 on p1_0.product_id=o1_0.product_id left join product_image p2_0 on p1_0.product_id=p2_0.product_id where (o1_0.order_id,o1_0.product_id) in ((?,?))
Hibernate: select o1_0.order_id,c1_0.cust_id,c1_0.address,c1_0.email,c1_0.cust_name,c1_0.phone,o1_0.employee_id,e1_0.emp_id,e1_0.address,e1_0.dob,e1_0.email,e1_0.full_name,e1_0.phone,e1_0.status,o1_0.order_date,o2_0.order_id,o2_0.product_id,p1_0.product_id,p1_0.description,p1_0.manufacturer_name,p1_0.name,p1_0.status,p1_0.unit,o2_0.note,o2_0.price,o2_0.quantity from orders o1_0 left join customer c1_0 on c1_0.cust_id=o1_0.cust_id join employee e1_0 on e1_0.emp_id=o1_0.employee_id left join order_detail o2_0 on o1_0.order_id=o2_0.order_id left join product p1_0 on p1_0.product_id=o2_0.product_id where o1_0.order_id=?
Hibernate: select p1_0.product_id,p1_0.price_date_time,p1_0.note,p1_0.price from product_price p1_0 where p1_0.product_id=?
Hibernate: select p1_0.product_id,p1_0.image_id,p1_0.alternative,p1_0.path from product_image p1_0 where p1_0.product_id=?
Hibernate: select o1_0.product_id,o1_0.order_id,o2_0.order_id,c1_0.cust_id,c1_0.address,c1_0.email,c1_0.cust_name,c1_0.phone,o2_0.employee_id,e1_0.emp_id,e1_0.address,e1_0.dob,e1_0.email,e1_0.full_name,e1_0.phone,e1_0.status,o2_0.order_date,o1_0.note,o1_0.price,o1_0.quantity from order_detail o1_0 join orders o2_0 on o2_0.order_id=o1_0.order_id left join customer c1_0 on c1_0.cust_id=o2_0.cust_id left join employee e1_0 on e1_0.emp_id=o2_0.employee_id where o1_0.product_id=?
Hibernate: select p1_0.product_id,p1_0.price_date_time,p1_0.note,p1_0.price from product_price p1_0 where p1_0.product_id=?
Hibernate: select p1_0.product_id,p1_0.image_id,p1_0.alternative,p1_0.path from product_image p1_0 where p1_0.product_id=?
Hibernate: select o1_0.product_id,o1_0.order_id,o2_0.order_id,c1_0.cust_id,c1_0.address,c1_0.email,c1_0.cust_name,c1_0.phone,o2_0.employee_id,e1_0.emp_id,e1_0.address,e1_0.dob,e1_0.email,e1_0.full_name,e1_0.phone,e1_0.status,o2_0.order_date,o1_0.note,o1_0.price,o1_0.quantity from order_detail o1_0 join orders o2_0 on o2_0.order_id=o1_0.order_id left join customer c1_0 on c1_0.cust_id=o2_0.cust_id left join employee e1_0 on e1_0.emp_id=o2_0.employee_id where o1_0.product_id=?
Hibernate: select l1_0.employee_id,l1_0.order_id,c1_0.cust_id,c1_0.address,c1_0.email,c1_0.cust_name,c1_0.phone,l1_0.order_date from orders l1_0 left join customer c1_0 on c1_0.cust_id=l1_0.cust_id where l1_0.employee_id=?
Hibernate: select p1_0.product_id,p1_0.description,p1_0.manufacturer_name,p1_0.name,p1_0.status,p1_0.unit,o1_0.product_id,o1_0.order_id,o2_0.order_id,c1_0.cust_id,c1_0.address,c1_0.email,c1_0.cust_name,c1_0.phone,o2_0.employee_id,e1_0.emp_id,e1_0.address,e1_0.dob,e1_0.email,e1_0.full_name,e1_0.phone,e1_0.status,o2_0.order_date,o1_0.note,o1_0.price,o1_0.quantity from product p1_0 left join order_detail o1_0 on p1_0.product_id=o1_0.product_id left join orders o2_0 on o2_0.order_id=o1_0.order_id left join customer c1_0 on c1_0.cust_id=o2_0.cust_id left join employee e1_0 on e1_0.emp_id=o2_0.employee_id where p1_0.product_id=?
Hibernate: select p1_0.product_id,p1_0.price_date_time,p1_0.note,p1_0.price from product_price p1_0 where p1_0.product_id=?
Hibernate: select p1_0.product_id,p1_0.image_id,p1_0.alternative,p1_0.path from product_image p1_0 where p1_0.product_id=?
Hibernate: select o1_0.order_id,o1_0.product_id,p1_0.product_id,p1_0.description,p1_0.manufacturer_name,p1_0.name,p1_0.status,p1_0.unit,o1_0.note,o1_0.price,o1_0.quantity from order_detail o1_0 join product p1_0 on p1_0.product_id=o1_0.product_id where o1_0.order_id=?
Hibernate: select l1_0.employee_id,l1_0.order_id,c1_0.cust_id,c1_0.address,c1_0.email,c1_0.cust_name,c1_0.phone,l1_0.order_date from orders l1_0 left join customer c1_0 on c1_0.cust_id=l1_0.cust_id where l1_0.employee_id=?
Hibernate: insert into order_detail (note,price,quantity,order_id,product_id) values (?,?,?,?,?)
Hibernate: update orders set cust_id=?,employee_id=?,order_date=? where order_id=?
Hibernate: select e1_0.emp_id,e1_0.address,e1_0.dob,e1_0.email,e1_0.full_name,e1_0.phone,e1_0.status from employee e1_0 where e1_0.emp_id=?
Hibernate: select c1_0.cust_id,c1_0.address,c1_0.email,c1_0.cust_name,c1_0.phone from customer c1_0 where c1_0.cust_id=?
Hibernate: select o1_0.order_id,c1_0.cust_id,c1_0.address,c1_0.email,c1_0.cust_name,c1_0.phone,o1_0.employee_id,e1_0.emp_id,e1_0.address,e1_0.dob,e1_0.email,e1_0.full_name,e1_0.phone,e1_0.status,o1_0.order_date,o2_0.order_id,o2_0.product_id,p1_0.product_id,p1_0.description,p1_0.manufacturer_name,p1_0.name,p1_0.status,p1_0.unit,o2_0.note,o2_0.price,o2_0.quantity from orders o1_0 left join customer c1_0 on c1_0.cust_id=o1_0.cust_id join employee e1_0 on e1_0.emp_id=o1_0.employee_id left join order_detail o2_0 on o1_0.order_id=o2_0.order_id left join product p1_0 on p1_0.product_id=o2_0.product_id where o1_0.order_id=?
Hibernate: select c1_0.cust_id,c1_0.address,c1_0.email,c1_0.cust_name,c1_0.phone from customer c1_0 where c1_0.cust_id=?
Hibernate: select e1_0.emp_id,e1_0.address,e1_0.dob,e1_0.email,e1_0.full_name,e1_0.phone,e1_0.status from employee e1_0 where e1_0.emp_id=?
Hibernate: insert into orders (cust_id,employee_id,order_date,order_id) values (?,?,?,default)
Hibernate: select p1_0.product_id,p1_0.description,p1_0.manufacturer_name,p1_0.name,p1_0.status,p1_0.unit from product p1_0 where p1_0.product_id=?
Hibernate: select o1_0.order_id,o2_0.order_id,c1_0.cust_id,c1_0.address,c1_0.email,c1_0.cust_name,c1_0.phone,o2_0.employee_id,e1_0.emp_id,e1_0.address,e1_0.dob,e1_0.email,e1_0.full_name,e1_0.phone,e1_0.status,o2_0.order_date,o1_0.product_id,p1_0.product_id,p1_0.description,p1_0.manufacturer_name,p1_0.name,p1_0.status,p1_0.unit,p2_0.product_id,p2_0.image_id,p2_0.alternative,p2_0.path,o1_0.note,o1_0.price,o1_0.quantity from order_detail o1_0 join orders o2_0 on o2_0.order_id=o1_0.order_id left join customer c1_0 on c1_0.cust_id=o2_0.cust_id left join employee e1_0 on e1_0.emp_id=o2_0.employee_id join product p1_0 on p1_0.product_id=o1_0.product_id left join product_image p2_0 on p1_0.product_id=p2_0.product_id where (o1_0.order_id,o1_0.product_id) in ((?,?))
Hibernate: select o1_0.order_id,c1_0.cust_id,c1_0.address,c1_0.email,c1_0.cust_name,c1_0.phone,o1_0.employee_id,e1_0.emp_id,e1_0.address,e1_0.dob,e1_0.email,e1_0.full_name,e1_0.phone,e1_0.status,o1_0.order_date,o2_0.order_id,o2_0.product_id,p1_0.product_id,p1_0.description,p1_0.manufacturer_name,p1_0.name,p1_0.status,p1_0.unit,o2_0.note,o2_0.price,o2_0.quantity from orders o1_0 left join customer c1_0 on c1_0.cust_id=o1_0.cust_id join employee e1_0 on e1_0.emp_id=o1_0.employee_id left join order_detail o2_0 on o1_0.order_id=o2_0.order_id left join product p1_0 on p1_0.product_id=o2_0.product_id where o1_0.order_id=?
Hibernate: select l1_0.employee_id,l1_0.order_id,c1_0.cust_id,c1_0.address,c1_0.email,c1_0.cust_name,c1_0.phone,l1_0.order_date from orders l1_0 left join customer c1_0 on c1_0.cust_id=l1_0.cust_id where l1_0.employee_id=?
Hibernate: select p1_0.product_id,p1_0.description,p1_0.manufacturer_name,p1_0.name,p1_0.status,p1_0.unit,o1_0.product_id,o1_0.order_id,o2_0.order_id,c1_0.cust_id,c1_0.address,c1_0.email,c1_0.cust_name,c1_0.phone,o2_0.employee_id,e1_0.emp_id,e1_0.address,e1_0.dob,e1_0.email,e1_0.full_name,e1_0.phone,e1_0.status,o2_0.order_date,o1_0.note,o1_0.price,o1_0.quantity from product p1_0 left join order_detail o1_0 on p1_0.product_id=o1_0.product_id left join orders o2_0 on o2_0.order_id=o1_0.order_id left join customer c1_0 on c1_0.cust_id=o2_0.cust_id left join employee e1_0 on e1_0.emp_id=o2_0.employee_id where p1_0.product_id=?
Hibernate: select p1_0.product_id,p1_0.price_date_time,p1_0.note,p1_0.price from product_price p1_0 where p1_0.product_id=?
Hibernate: select p1_0.product_id,p1_0.image_id,p1_0.alternative,p1_0.path from product_image p1_0 where p1_0.product_id=?
Hibernate: insert into order_detail (note,price,quantity,order_id,product_id) values (?,?,?,?,?)
Hibernate: update orders set cust_id=?,employee_id=?,order_date=? where order_id=?
Hibernate: select p1_0.product_id,p1_0.description,p1_0.manufacturer_name,p1_0.name,p1_0.status,p1_0.unit from product p1_0 where p1_0.product_id=?
Hibernate: select o1_0.order_id,o2_0.order_id,c1_0.cust_id,c1_0.address,c1_0.email,c1_0.cust_name,c1_0.phone,o2_0.employee_id,e1_0.emp_id,e1_0.address,e1_0.dob,e1_0.email,e1_0.full_name,e1_0.phone,e1_0.status,o2_0.order_date,o1_0.product_id,p1_0.product_id,p1_0.description,p1_0.manufacturer_name,p1_0.name,p1_0.status,p1_0.unit,p2_0.product_id,p2_0.image_id,p2_0.alternative,p2_0.path,o1_0.note,o1_0.price,o1_0.quantity from order_detail o1_0 join orders o2_0 on o2_0.order_id=o1_0.order_id left join customer c1_0 on c1_0.cust_id=o2_0.cust_id left join employee e1_0 on e1_0.emp_id=o2_0.employee_id join product p1_0 on p1_0.product_id=o1_0.product_id left join product_image p2_0 on p1_0.product_id=p2_0.product_id where (o1_0.order_id,o1_0.product_id) in ((?,?))
Hibernate: select o1_0.order_id,c1_0.cust_id,c1_0.address,c1_0.email,c1_0.cust_name,c1_0.phone,o1_0.employee_id,e1_0.emp_id,e1_0.address,e1_0.dob,e1_0.email,e1_0.full_name,e1_0.phone,e1_0.status,o1_0.order_date,o2_0.order_id,o2_0.product_id,p1_0.product_id,p1_0.description,p1_0.manufacturer_name,p1_0.name,p1_0.status,p1_0.unit,o2_0.note,o2_0.price,o2_0.quantity from orders o1_0 left join customer c1_0 on c1_0.cust_id=o1_0.cust_id join employee e1_0 on e1_0.emp_id=o1_0.employee_id left join order_detail o2_0 on o1_0.order_id=o2_0.order_id left join product p1_0 on p1_0.product_id=o2_0.product_id where o1_0.order_id=?
Hibernate: select p1_0.product_id,p1_0.price_date_time,p1_0.note,p1_0.price from product_price p1_0 where p1_0.product_id=?
Hibernate: select p1_0.product_id,p1_0.image_id,p1_0.alternative,p1_0.path from product_image p1_0 where p1_0.product_id=?
Hibernate: select o1_0.product_id,o1_0.order_id,o2_0.order_id,c1_0.cust_id,c1_0.address,c1_0.email,c1_0.cust_name,c1_0.phone,o2_0.employee_id,e1_0.emp_id,e1_0.address,e1_0.dob,e1_0.email,e1_0.full_name,e1_0.phone,e1_0.status,o2_0.order_date,o1_0.note,o1_0.price,o1_0.quantity from order_detail o1_0 join orders o2_0 on o2_0.order_id=o1_0.order_id left join customer c1_0 on c1_0.cust_id=o2_0.cust_id left join employee e1_0 on e1_0.emp_id=o2_0.employee_id where o1_0.product_id=?
Hibernate: select l1_0.employee_id,l1_0.order_id,c1_0.cust_id,c1_0.address,c1_0.email,c1_0.cust_name,c1_0.phone,l1_0.order_date from orders l1_0 left join customer c1_0 on c1_0.cust_id=l1_0.cust_id where l1_0.employee_id=?
Hibernate: select p1_0.product_id,p1_0.description,p1_0.manufacturer_name,p1_0.name,p1_0.status,p1_0.unit,o1_0.product_id,o1_0.order_id,o2_0.order_id,c1_0.cust_id,c1_0.address,c1_0.email,c1_0.cust_name,c1_0.phone,o2_0.employee_id,e1_0.emp_id,e1_0.address,e1_0.dob,e1_0.email,e1_0.full_name,e1_0.phone,e1_0.status,o2_0.order_date,o1_0.note,o1_0.price,o1_0.quantity from product p1_0 left join order_detail o1_0 on p1_0.product_id=o1_0.product_id left join orders o2_0 on o2_0.order_id=o1_0.order_id left join customer c1_0 on c1_0.cust_id=o2_0.cust_id left join employee e1_0 on e1_0.emp_id=o2_0.employee_id where p1_0.product_id=?
Hibernate: select p1_0.product_id,p1_0.price_date_time,p1_0.note,p1_0.price from product_price p1_0 where p1_0.product_id=?
Hibernate: select p1_0.product_id,p1_0.image_id,p1_0.alternative,p1_0.path from product_image p1_0 where p1_0.product_id=?
Hibernate: select o1_0.order_id,o1_0.product_id,p1_0.product_id,p1_0.description,p1_0.manufacturer_name,p1_0.name,p1_0.status,p1_0.unit,o1_0.note,o1_0.price,o1_0.quantity from order_detail o1_0 join product p1_0 on p1_0.product_id=o1_0.product_id where o1_0.order_id=?
Hibernate: select l1_0.employee_id,l1_0.order_id,c1_0.cust_id,c1_0.address,c1_0.email,c1_0.cust_name,c1_0.phone,l1_0.order_date from orders l1_0 left join customer c1_0 on c1_0.cust_id=l1_0.cust_id where l1_0.employee_id=?
Hibernate: insert into order_detail (note,price,quantity,order_id,product_id) values (?,?,?,?,?)
Hibernate: update orders set cust_id=?,employee_id=?,order_date=? where order_id=?
Hibernate: select p1_0.product_id,p1_0.description,p1_0.manufacturer_name,p1_0.name,p1_0.status,p1_0.unit from product p1_0 where p1_0.product_id=?
Hibernate: select o1_0.order_id,o2_0.order_id,c1_0.cust_id,c1_0.address,c1_0.email,c1_0.cust_name,c1_0.phone,o2_0.employee_id,e1_0.emp_id,e1_0.address,e1_0.dob,e1_0.email,e1_0.full_name,e1_0.phone,e1_0.status,o2_0.order_date,o1_0.product_id,p1_0.product_id,p1_0.description,p1_0.manufacturer_name,p1_0.name,p1_0.status,p1_0.unit,p2_0.product_id,p2_0.image_id,p2_0.alternative,p2_0.path,o1_0.note,o1_0.price,o1_0.quantity from order_detail o1_0 join orders o2_0 on o2_0.order_id=o1_0.order_id left join customer c1_0 on c1_0.cust_id=o2_0.cust_id left join employee e1_0 on e1_0.emp_id=o2_0.employee_id join product p1_0 on p1_0.product_id=o1_0.product_id left join product_image p2_0 on p1_0.product_id=p2_0.product_id where (o1_0.order_id,o1_0.product_id) in ((?,?))
Hibernate: select o1_0.order_id,c1_0.cust_id,c1_0.address,c1_0.email,c1_0.cust_name,c1_0.phone,o1_0.employee_id,e1_0.emp_id,e1_0.address,e1_0.dob,e1_0.email,e1_0.full_name,e1_0.phone,e1_0.status,o1_0.order_date,o2_0.order_id,o2_0.product_id,p1_0.product_id,p1_0.description,p1_0.manufacturer_name,p1_0.name,p1_0.status,p1_0.unit,o2_0.note,o2_0.price,o2_0.quantity from orders o1_0 left join customer c1_0 on c1_0.cust_id=o1_0.cust_id join employee e1_0 on e1_0.emp_id=o1_0.employee_id left join order_detail o2_0 on o1_0.order_id=o2_0.order_id left join product p1_0 on p1_0.product_id=o2_0.product_id where o1_0.order_id=?
Hibernate: select p1_0.product_id,p1_0.price_date_time,p1_0.note,p1_0.price from product_price p1_0 where p1_0.product_id=?
Hibernate: select p1_0.product_id,p1_0.image_id,p1_0.alternative,p1_0.path from product_image p1_0 where p1_0.product_id=?
Hibernate: select o1_0.product_id,o1_0.order_id,o2_0.order_id,c1_0.cust_id,c1_0.address,c1_0.email,c1_0.cust_name,c1_0.phone,o2_0.employee_id,e1_0.emp_id,e1_0.address,e1_0.dob,e1_0.email,e1_0.full_name,e1_0.phone,e1_0.status,o2_0.order_date,o1_0.note,o1_0.price,o1_0.quantity from order_detail o1_0 join orders o2_0 on o2_0.order_id=o1_0.order_id left join customer c1_0 on c1_0.cust_id=o2_0.cust_id left join employee e1_0 on e1_0.emp_id=o2_0.employee_id where o1_0.product_id=?
Hibernate: select p1_0.product_id,p1_0.price_date_time,p1_0.note,p1_0.price from product_price p1_0 where p1_0.product_id=?
Hibernate: select p1_0.product_id,p1_0.image_id,p1_0.alternative,p1_0.path from product_image p1_0 where p1_0.product_id=?
Hibernate: select o1_0.product_id,o1_0.order_id,o2_0.order_id,c1_0.cust_id,c1_0.address,c1_0.email,c1_0.cust_name,c1_0.phone,o2_0.employee_id,e1_0.emp_id,e1_0.address,e1_0.dob,e1_0.email,e1_0.full_name,e1_0.phone,e1_0.status,o2_0.order_date,o1_0.note,o1_0.price,o1_0.quantity from order_detail o1_0 join orders o2_0 on o2_0.order_id=o1_0.order_id left join customer c1_0 on c1_0.cust_id=o2_0.cust_id left join employee e1_0 on e1_0.emp_id=o2_0.employee_id where o1_0.product_id=?
Hibernate: select l1_0.employee_id,l1_0.order_id,c1_0.cust_id,c1_0.address,c1_0.email,c1_0.cust_name,c1_0.phone,l1_0.order_date from orders l1_0 left join customer c1_0 on c1_0.cust_id=l1_0.cust_id where l1_0.employee_id=?
Hibernate: select p1_0.product_id,p1_0.description,p1_0.manufacturer_name,p1_0.name,p1_0.status,p1_0.unit,o1_0.product_id,o1_0.order_id,o2_0.order_id,c1_0.cust_id,c1_0.address,c1_0.email,c1_0.cust_name,c1_0.phone,o2_0.employee_id,e1_0.emp_id,e1_0.address,e1_0.dob,e1_0.email,e1_0.full_name,e1_0.phone,e1_0.status,o2_0.order_date,o1_0.note,o1_0.price,o1_0.quantity from product p1_0 left join order_detail o1_0 on p1_0.product_id=o1_0.product_id left join orders o2_0 on o2_0.order_id=o1_0.order_id left join customer c1_0 on c1_0.cust_id=o2_0.cust_id left join employee e1_0 on e1_0.emp_id=o2_0.employee_id where p1_0.product_id=?
Hibernate: select p1_0.product_id,p1_0.price_date_time,p1_0.note,p1_0.price from product_price p1_0 where p1_0.product_id=?
Hibernate: select p1_0.product_id,p1_0.image_id,p1_0.alternative,p1_0.path from product_image p1_0 where p1_0.product_id=?
Hibernate: insert into order_detail (note,price,quantity,order_id,product_id) values (?,?,?,?,?)
Hibernate: update orders set cust_id=?,employee_id=?,order_date=? where order_id=?
Hibernate: select e1_0.emp_id,e1_0.address,e1_0.dob,e1_0.email,e1_0.full_name,e1_0.phone,e1_0.status from employee e1_0 where e1_0.emp_id=?
Hibernate: select c1_0.cust_id,c1_0.address,c1_0.email,c1_0.cust_name,c1_0.phone from customer c1_0 where c1_0.cust_id=?
Hibernate: select o1_0.order_id,c1_0.cust_id,c1_0.address,c1_0.email,c1_0.cust_name,c1_0.phone,o1_0.employee_id,e1_0.emp_id,e1_0.address,e1_0.dob,e1_0.email,e1_0.full_name,e1_0.phone,e1_0.status,o1_0.order_date,o2_0.order_id,o2_0.product_id,p1_0.product_id,p1_0.description,p1_0.manufacturer_name,p1_0.name,p1_0.status,p1_0.unit,o2_0.note,o2_0.price,o2_0.quantity from orders o1_0 left join customer c1_0 on c1_0.cust_id=o1_0.cust_id join employee e1_0 on e1_0.emp_id=o1_0.employee_id left join order_detail o2_0 on o1_0.order_id=o2_0.order_id left join product p1_0 on p1_0.product_id=o2_0.product_id where o1_0.order_id=?
Hibernate: select c1_0.cust_id,c1_0.address,c1_0.email,c1_0.cust_name,c1_0.phone from customer c1_0 where c1_0.cust_id=?
Hibernate: select e1_0.emp_id,e1_0.address,e1_0.dob,e1_0.email,e1_0.full_name,e1_0.phone,e1_0.status from employee e1_0 where e1_0.emp_id=?
Hibernate: insert into orders (cust_id,employee_id,order_date,order_id) values (?,?,?,default)
Hibernate: select p1_0.product_id,p1_0.description,p1_0.manufacturer_name,p1_0.name,p1_0.status,p1_0.unit from product p1_0 where p1_0.product_id=?
Hibernate: select o1_0.order_id,o2_0.order_id,c1_0.cust_id,c1_0.address,c1_0.email,c1_0.cust_name,c1_0.phone,o2_0.employee_id,e1_0.emp_id,e1_0.address,e1_0.dob,e1_0.email,e1_0.full_name,e1_0.phone,e1_0.status,o2_0.order_date,o1_0.product_id,p1_0.product_id,p1_0.description,p1_0.manufacturer_name,p1_0.name,p1_0.status,p1_0.unit,p2_0.product_id,p2_0.image_id,p2_0.alternative,p2_0.path,o1_0.note,o1_0.price,o1_0.quantity from order_detail o1_0 join orders o2_0 on o2_0.order_id=o1_0.order_id left join customer c1_0 on c1_0.cust_id=o2_0.cust_id left join employee e1_0 on e1_0.emp_id=o2_0.employee_id join product p1_0 on p1_0.product_id=o1_0.product_id left join product_image p2_0 on p1_0.product_id=p2_0.product_id where (o1_0.order_id,o1_0.product_id) in ((?,?))
Hibernate: select o1_0.order_id,c1_0.cust_id,c1_0.address,c1_0.email,c1_0.cust_name,c1_0.phone,o1_0.employee_id,e1_0.emp_id,e1_0.address,e1_0.dob,e1_0.email,e1_0.full_name,e1_0.phone,e1_0.status,o1_0.order_date,o2_0.order_id,o2_0.product_id,p1_0.product_id,p1_0.description,p1_0.manufacturer_name,p1_0.name,p1_0.status,p1_0.unit,o2_0.note,o2_0.price,o2_0.quantity from orders o1_0 left join customer c1_0 on c1_0.cust_id=o1_0.cust_id join employee e1_0 on e1_0.emp_id=o1_0.employee_id left join order_detail o2_0 on o1_0.order_id=o2_0.order_id left join product p1_0 on p1_0.product_id=o2_0.product_id where o1_0.order_id=?
Hibernate: select l1_0.employee_id,l1_0.order_id,c1_0.cust_id,c1_0.address,c1_0.email,c1_0.cust_name,c1_0.phone,l1_0.order_date from orders l1_0 left join customer c1_0 on c1_0.cust_id=l1_0.cust_id where l1_0.employee_id=?
Hibernate: select p1_0.product_id,p1_0.description,p1_0.manufacturer_name,p1_0.name,p1_0.status,p1_0.unit,o1_0.product_id,o1_0.order_id,o2_0.order_id,c1_0.cust_id,c1_0.address,c1_0.email,c1_0.cust_name,c1_0.phone,o2_0.employee_id,e1_0.emp_id,e1_0.address,e1_0.dob,e1_0.email,e1_0.full_name,e1_0.phone,e1_0.status,o2_0.order_date,o1_0.note,o1_0.price,o1_0.quantity from product p1_0 left join order_detail o1_0 on p1_0.product_id=o1_0.product_id left join orders o2_0 on o2_0.order_id=o1_0.order_id left join customer c1_0 on c1_0.cust_id=o2_0.cust_id left join employee e1_0 on e1_0.emp_id=o2_0.employee_id where p1_0.product_id=?
Hibernate: select p1_0.product_id,p1_0.price_date_time,p1_0.note,p1_0.price from product_price p1_0 where p1_0.product_id=?
Hibernate: select p1_0.product_id,p1_0.image_id,p1_0.alternative,p1_0.path from product_image p1_0 where p1_0.product_id=?
Hibernate: insert into order_detail (note,price,quantity,order_id,product_id) values (?,?,?,?,?)
Hibernate: update orders set cust_id=?,employee_id=?,order_date=? where order_id=?
Hibernate: select p1_0.product_id,p1_0.description,p1_0.manufacturer_name,p1_0.name,p1_0.status,p1_0.unit from product p1_0 where p1_0.product_id=?
Hibernate: select o1_0.order_id,o2_0.order_id,c1_0.cust_id,c1_0.address,c1_0.email,c1_0.cust_name,c1_0.phone,o2_0.employee_id,e1_0.emp_id,e1_0.address,e1_0.dob,e1_0.email,e1_0.full_name,e1_0.phone,e1_0.status,o2_0.order_date,o1_0.product_id,p1_0.product_id,p1_0.description,p1_0.manufacturer_name,p1_0.name,p1_0.status,p1_0.unit,p2_0.product_id,p2_0.image_id,p2_0.alternative,p2_0.path,o1_0.note,o1_0.price,o1_0.quantity from order_detail o1_0 join orders o2_0 on o2_0.order_id=o1_0.order_id left join customer c1_0 on c1_0.cust_id=o2_0.cust_id left join employee e1_0 on e1_0.emp_id=o2_0.employee_id join product p1_0 on p1_0.product_id=o1_0.product_id left join product_image p2_0 on p1_0.product_id=p2_0.product_id where (o1_0.order_id,o1_0.product_id) in ((?,?))
Hibernate: select o1_0.order_id,c1_0.cust_id,c1_0.address,c1_0.email,c1_0.cust_name,c1_0.phone,o1_0.employee_id,e1_0.emp_id,e1_0.address,e1_0.dob,e1_0.email,e1_0.full_name,e1_0.phone,e1_0.status,o1_0.order_date,o2_0.order_id,o2_0.product_id,p1_0.product_id,p1_0.description,p1_0.manufacturer_name,p1_0.name,p1_0.status,p1_0.unit,o2_0.note,o2_0.price,o2_0.quantity from orders o1_0 left join customer c1_0 on c1_0.cust_id=o1_0.cust_id join employee e1_0 on e1_0.emp_id=o1_0.employee_id left join order_detail o2_0 on o1_0.order_id=o2_0.order_id left join product p1_0 on p1_0.product_id=o2_0.product_id where o1_0.order_id=?
Hibernate: select p1_0.product_id,p1_0.price_date_time,p1_0.note,p1_0.price from product_price p1_0 where p1_0.product_id=?
Hibernate: select p1_0.product_id,p1_0.image_id,p1_0.alternative,p1_0.path from product_image p1_0 where p1_0.product_id=?
Hibernate: select o1_0.product_id,o1_0.order_id,o2_0.order_id,c1_0.cust_id,c1_0.address,c1_0.email,c1_0.cust_name,c1_0.phone,o2_0.employee_id,e1_0.emp_id,e1_0.address,e1_0.dob,e1_0.email,e1_0.full_name,e1_0.phone,e1_0.status,o2_0.order_date,o1_0.note,o1_0.price,o1_0.quantity from order_detail o1_0 join orders o2_0 on o2_0.order_id=o1_0.order_id left join customer c1_0 on c1_0.cust_id=o2_0.cust_id left join employee e1_0 on e1_0.emp_id=o2_0.employee_id where o1_0.product_id=?
Hibernate: select l1_0.employee_id,l1_0.order_id,c1_0.cust_id,c1_0.address,c1_0.email,c1_0.cust_name,c1_0.phone,l1_0.order_date from orders l1_0 left join customer c1_0 on c1_0.cust_id=l1_0.cust_id where l1_0.employee_id=?
Hibernate: select p1_0.product_id,p1_0.description,p1_0.manufacturer_name,p1_0.name,p1_0.status,p1_0.unit,o1_0.product_id,o1_0.order_id,o2_0.order_id,c1_0.cust_id,c1_0.address,c1_0.email,c1_0.cust_name,c1_0.phone,o2_0.employee_id,e1_0.emp_id,e1_0.address,e1_0.dob,e1_0.email,e1_0.full_name,e1_0.phone,e1_0.status,o2_0.order_date,o1_0.note,o1_0.price,o1_0.quantity from product p1_0 left join order_detail o1_0 on p1_0.product_id=o1_0.product_id left join orders o2_0 on o2_0.order_id=o1_0.order_id left join customer c1_0 on c1_0.cust_id=o2_0.cust_id left join employee e1_0 on e1_0.emp_id=o2_0.employee_id where p1_0.product_id=?
Hibernate: select p1_0.product_id,p1_0.price_date_time,p1_0.note,p1_0.price from product_price p1_0 where p1_0.product_id=?
Hibernate: select p1_0.product_id,p1_0.image_id,p1_0.alternative,p1_0.path from product_image p1_0 where p1_0.product_id=?
Hibernate: select o1_0.order_id,o1_0.product_id,p1_0.product_id,p1_0.description,p1_0.manufacturer_name,p1_0.name,p1_0.status,p1_0.unit,o1_0.note,o1_0.price,o1_0.quantity from order_detail o1_0 join product p1_0 on p1_0.product_id=o1_0.product_id where o1_0.order_id=?
Hibernate: select l1_0.employee_id,l1_0.order_id,c1_0.cust_id,c1_0.address,c1_0.email,c1_0.cust_name,c1_0.phone,l1_0.order_date from orders l1_0 left join customer c1_0 on c1_0.cust_id=l1_0.cust_id where l1_0.employee_id=?
Hibernate: insert into order_detail (note,price,quantity,order_id,product_id) values (?,?,?,?,?)
Hibernate: update orders set cust_id=?,employee_id=?,order_date=? where order_id=?
Hibernate: select p1_0.product_id,p1_0.description,p1_0.manufacturer_name,p1_0.name,p1_0.status,p1_0.unit from product p1_0 where p1_0.product_id=?
Hibernate: select o1_0.order_id,o2_0.order_id,c1_0.cust_id,c1_0.address,c1_0.email,c1_0.cust_name,c1_0.phone,o2_0.employee_id,e1_0.emp_id,e1_0.address,e1_0.dob,e1_0.email,e1_0.full_name,e1_0.phone,e1_0.status,o2_0.order_date,o1_0.product_id,p1_0.product_id,p1_0.description,p1_0.manufacturer_name,p1_0.name,p1_0.status,p1_0.unit,p2_0.product_id,p2_0.image_id,p2_0.alternative,p2_0.path,o1_0.note,o1_0.price,o1_0.quantity from order_detail o1_0 join orders o2_0 on o2_0.order_id=o1_0.order_id left join customer c1_0 on c1_0.cust_id=o2_0.cust_id left join employee e1_0 on e1_0.emp_id=o2_0.employee_id join product p1_0 on p1_0.product_id=o1_0.product_id left join product_image p2_0 on p1_0.product_id=p2_0.product_id where (o1_0.order_id,o1_0.product_id) in ((?,?))
Hibernate: select o1_0.order_id,c1_0.cust_id,c1_0.address,c1_0.email,c1_0.cust_name,c1_0.phone,o1_0.employee_id,e1_0.emp_id,e1_0.address,e1_0.dob,e1_0.email,e1_0.full_name,e1_0.phone,e1_0.status,o1_0.order_date,o2_0.order_id,o2_0.product_id,p1_0.product_id,p1_0.description,p1_0.manufacturer_name,p1_0.name,p1_0.status,p1_0.unit,o2_0.note,o2_0.price,o2_0.quantity from orders o1_0 left join customer c1_0 on c1_0.cust_id=o1_0.cust_id join employee e1_0 on e1_0.emp_id=o1_0.employee_id left join order_detail o2_0 on o1_0.order_id=o2_0.order_id left join product p1_0 on p1_0.product_id=o2_0.product_id where o1_0.order_id=?
Hibernate: select p1_0.product_id,p1_0.price_date_time,p1_0.note,p1_0.price from product_price p1_0 where p1_0.product_id=?
Hibernate: select p1_0.product_id,p1_0.image_id,p1_0.alternative,p1_0.path from product_image p1_0 where p1_0.product_id=?
Hibernate: select o1_0.product_id,o1_0.order_id,o2_0.order_id,c1_0.cust_id,c1_0.address,c1_0.email,c1_0.cust_name,c1_0.phone,o2_0.employee_id,e1_0.emp_id,e1_0.address,e1_0.dob,e1_0.email,e1_0.full_name,e1_0.phone,e1_0.status,o2_0.order_date,o1_0.note,o1_0.price,o1_0.quantity from order_detail o1_0 join orders o2_0 on o2_0.order_id=o1_0.order_id left join customer c1_0 on c1_0.cust_id=o2_0.cust_id left join employee e1_0 on e1_0.emp_id=o2_0.employee_id where o1_0.product_id=?
Hibernate: select p1_0.product_id,p1_0.price_date_time,p1_0.note,p1_0.price from product_price p1_0 where p1_0.product_id=?
Hibernate: select p1_0.product_id,p1_0.image_id,p1_0.alternative,p1_0.path from product_image p1_0 where p1_0.product_id=?
Hibernate: select o1_0.product_id,o1_0.order_id,o2_0.order_id,c1_0.cust_id,c1_0.address,c1_0.email,c1_0.cust_name,c1_0.phone,o2_0.employee_id,e1_0.emp_id,e1_0.address,e1_0.dob,e1_0.email,e1_0.full_name,e1_0.phone,e1_0.status,o2_0.order_date,o1_0.note,o1_0.price,o1_0.quantity from order_detail o1_0 join orders o2_0 on o2_0.order_id=o1_0.order_id left join customer c1_0 on c1_0.cust_id=o2_0.cust_id left join employee e1_0 on e1_0.emp_id=o2_0.employee_id where o1_0.product_id=?
Hibernate: select l1_0.employee_id,l1_0.order_id,c1_0.cust_id,c1_0.address,c1_0.email,c1_0.cust_name,c1_0.phone,l1_0.order_date from orders l1_0 left join customer c1_0 on c1_0.cust_id=l1_0.cust_id where l1_0.employee_id=?
Hibernate: select p1_0.product_id,p1_0.description,p1_0.manufacturer_name,p1_0.name,p1_0.status,p1_0.unit,o1_0.product_id,o1_0.order_id,o2_0.order_id,c1_0.cust_id,c1_0.address,c1_0.email,c1_0.cust_name,c1_0.phone,o2_0.employee_id,e1_0.emp_id,e1_0.address,e1_0.dob,e1_0.email,e1_0.full_name,e1_0.phone,e1_0.status,o2_0.order_date,o1_0.note,o1_0.price,o1_0.quantity from product p1_0 left join order_detail o1_0 on p1_0.product_id=o1_0.product_id left join orders o2_0 on o2_0.order_id=o1_0.order_id left join customer c1_0 on c1_0.cust_id=o2_0.cust_id left join employee e1_0 on e1_0.emp_id=o2_0.employee_id where p1_0.product_id=?
Hibernate: select p1_0.product_id,p1_0.price_date_time,p1_0.note,p1_0.price from product_price p1_0 where p1_0.product_id=?
Hibernate: select p1_0.product_id,p1_0.image_id,p1_0.alternative,p1_0.path from product_image p1_0 where p1_0.product_id=?
Hibernate: insert into order_detail (note,price,quantity,order_id,product_id) values (?,?,?,?,?)
Hibernate: update orders set cust_id=?,employee_id=?,order_date=? where order_id=?
Hibernate: select e1_0.emp_id,e1_0.address,e1_0.dob,e1_0.email,e1_0.full_name,e1_0.phone,e1_0.status from employee e1_0 where e1_0.emp_id=?
Hibernate: select c1_0.cust_id,c1_0.address,c1_0.email,c1_0.cust_name,c1_0.phone from customer c1_0 where c1_0.cust_id=?
Hibernate: select o1_0.order_id,c1_0.cust_id,c1_0.address,c1_0.email,c1_0.cust_name,c1_0.phone,o1_0.employee_id,e1_0.emp_id,e1_0.address,e1_0.dob,e1_0.email,e1_0.full_name,e1_0.phone,e1_0.status,o1_0.order_date,o2_0.order_id,o2_0.product_id,p1_0.product_id,p1_0.description,p1_0.manufacturer_name,p1_0.name,p1_0.status,p1_0.unit,o2_0.note,o2_0.price,o2_0.quantity from orders o1_0 left join customer c1_0 on c1_0.cust_id=o1_0.cust_id join employee e1_0 on e1_0.emp_id=o1_0.employee_id left join order_detail o2_0 on o1_0.order_id=o2_0.order_id left join product p1_0 on p1_0.product_id=o2_0.product_id where o1_0.order_id=?
Hibernate: select c1_0.cust_id,c1_0.address,c1_0.email,c1_0.cust_name,c1_0.phone from customer c1_0 where c1_0.cust_id=?
Hibernate: select e1_0.emp_id,e1_0.address,e1_0.dob,e1_0.email,e1_0.full_name,e1_0.phone,e1_0.status from employee e1_0 where e1_0.emp_id=?
Hibernate: insert into orders (cust_id,employee_id,order_date,order_id) values (?,?,?,default)
Hibernate: select p1_0.product_id,p1_0.description,p1_0.manufacturer_name,p1_0.name,p1_0.status,p1_0.unit from product p1_0 where p1_0.product_id=?
Hibernate: select o1_0.order_id,o2_0.order_id,c1_0.cust_id,c1_0.address,c1_0.email,c1_0.cust_name,c1_0.phone,o2_0.employee_id,e1_0.emp_id,e1_0.address,e1_0.dob,e1_0.email,e1_0.full_name,e1_0.phone,e1_0.status,o2_0.order_date,o1_0.product_id,p1_0.product_id,p1_0.description,p1_0.manufacturer_name,p1_0.name,p1_0.status,p1_0.unit,p2_0.product_id,p2_0.image_id,p2_0.alternative,p2_0.path,o1_0.note,o1_0.price,o1_0.quantity from order_detail o1_0 join orders o2_0 on o2_0.order_id=o1_0.order_id left join customer c1_0 on c1_0.cust_id=o2_0.cust_id left join employee e1_0 on e1_0.emp_id=o2_0.employee_id join product p1_0 on p1_0.product_id=o1_0.product_id left join product_image p2_0 on p1_0.product_id=p2_0.product_id where (o1_0.order_id,o1_0.product_id) in ((?,?))
Hibernate: select o1_0.order_id,c1_0.cust_id,c1_0.address,c1_0.email,c1_0.cust_name,c1_0.phone,o1_0.employee_id,e1_0.emp_id,e1_0.address,e1_0.dob,e1_0.email,e1_0.full_name,e1_0.phone,e1_0.status,o1_0.order_date,o2_0.order_id,o2_0.product_id,p1_0.product_id,p1_0.description,p1_0.manufacturer_name,p1_0.name,p1_0.status,p1_0.unit,o2_0.note,o2_0.price,o2_0.quantity from orders o1_0 left join customer c1_0 on c1_0.cust_id=o1_0.cust_id join employee e1_0 on e1_0.emp_id=o1_0.employee_id left join order_detail o2_0 on o1_0.order_id=o2_0.order_id left join product p1_0 on p1_0.product_id=o2_0.product_id where o1_0.order_id=?
Hibernate: select l1_0.employee_id,l1_0.order_id,c1_0.cust_id,c1_0.address,c1_0.email,c1_0.cust_name,c1_0.phone,l1_0.order_date from orders l1_0 left join customer c1_0 on c1_0.cust_id=l1_0.cust_id where l1_0.employee_id=?
Hibernate: select p1_0.product_id,p1_0.description,p1_0.manufacturer_name,p1_0.name,p1_0.status,p1_0.unit,o1_0.product_id,o1_0.order_id,o2_0.order_id,c1_0.cust_id,c1_0.address,c1_0.email,c1_0.cust_name,c1_0.phone,o2_0.employee_id,e1_0.emp_id,e1_0.address,e1_0.dob,e1_0.email,e1_0.full_name,e1_0.phone,e1_0.status,o2_0.order_date,o1_0.note,o1_0.price,o1_0.quantity from product p1_0 left join order_detail o1_0 on p1_0.product_id=o1_0.product_id left join orders o2_0 on o2_0.order_id=o1_0.order_id left join customer c1_0 on c1_0.cust_id=o2_0.cust_id left join employee e1_0 on e1_0.emp_id=o2_0.employee_id where p1_0.product_id=?
Hibernate: select p1_0.product_id,p1_0.price_date_time,p1_0.note,p1_0.price from product_price p1_0 where p1_0.product_id=?
Hibernate: select p1_0.product_id,p1_0.image_id,p1_0.alternative,p1_0.path from product_image p1_0 where p1_0.product_id=?
Hibernate: insert into order_detail (note,price,quantity,order_id,product_id) values (?,?,?,?,?)
Hibernate: update orders set cust_id=?,employee_id=?,order_date=? where order_id=?
Hibernate: select p1_0.product_id,p1_0.description,p1_0.manufacturer_name,p1_0.name,p1_0.status,p1_0.unit from product p1_0 where p1_0.product_id=?
Hibernate: select o1_0.order_id,o2_0.order_id,c1_0.cust_id,c1_0.address,c1_0.email,c1_0.cust_name,c1_0.phone,o2_0.employee_id,e1_0.emp_id,e1_0.address,e1_0.dob,e1_0.email,e1_0.full_name,e1_0.phone,e1_0.status,o2_0.order_date,o1_0.product_id,p1_0.product_id,p1_0.description,p1_0.manufacturer_name,p1_0.name,p1_0.status,p1_0.unit,p2_0.product_id,p2_0.image_id,p2_0.alternative,p2_0.path,o1_0.note,o1_0.price,o1_0.quantity from order_detail o1_0 join orders o2_0 on o2_0.order_id=o1_0.order_id left join customer c1_0 on c1_0.cust_id=o2_0.cust_id left join employee e1_0 on e1_0.emp_id=o2_0.employee_id join product p1_0 on p1_0.product_id=o1_0.product_id left join product_image p2_0 on p1_0.product_id=p2_0.product_id where (o1_0.order_id,o1_0.product_id) in ((?,?))
Hibernate: select o1_0.order_id,c1_0.cust_id,c1_0.address,c1_0.email,c1_0.cust_name,c1_0.phone,o1_0.employee_id,e1_0.emp_id,e1_0.address,e1_0.dob,e1_0.email,e1_0.full_name,e1_0.phone,e1_0.status,o1_0.order_date,o2_0.order_id,o2_0.product_id,p1_0.product_id,p1_0.description,p1_0.manufacturer_name,p1_0.name,p1_0.status,p1_0.unit,o2_0.note,o2_0.price,o2_0.quantity from orders o1_0 left join customer c1_0 on c1_0.cust_id=o1_0.cust_id join employee e1_0 on e1_0.emp_id=o1_0.employee_id left join order_detail o2_0 on o1_0.order_id=o2_0.order_id left join product p1_0 on p1_0.product_id=o2_0.product_id where o1_0.order_id=?
Hibernate: select p1_0.product_id,p1_0.price_date_time,p1_0.note,p1_0.price from product_price p1_0 where p1_0.product_id=?
Hibernate: select p1_0.product_id,p1_0.image_id,p1_0.alternative,p1_0.path from product_image p1_0 where p1_0.product_id=?
Hibernate: select o1_0.product_id,o1_0.order_id,o2_0.order_id,c1_0.cust_id,c1_0.address,c1_0.email,c1_0.cust_name,c1_0.phone,o2_0.employee_id,e1_0.emp_id,e1_0.address,e1_0.dob,e1_0.email,e1_0.full_name,e1_0.phone,e1_0.status,o2_0.order_date,o1_0.note,o1_0.price,o1_0.quantity from order_detail o1_0 join orders o2_0 on o2_0.order_id=o1_0.order_id left join customer c1_0 on c1_0.cust_id=o2_0.cust_id left join employee e1_0 on e1_0.emp_id=o2_0.employee_id where o1_0.product_id=?
Hibernate: select l1_0.employee_id,l1_0.order_id,c1_0.cust_id,c1_0.address,c1_0.email,c1_0.cust_name,c1_0.phone,l1_0.order_date from orders l1_0 left join customer c1_0 on c1_0.cust_id=l1_0.cust_id where l1_0.employee_id=?
Hibernate: select p1_0.product_id,p1_0.description,p1_0.manufacturer_name,p1_0.name,p1_0.status,p1_0.unit,o1_0.product_id,o1_0.order_id,o2_0.order_id,c1_0.cust_id,c1_0.address,c1_0.email,c1_0.cust_name,c1_0.phone,o2_0.employee_id,e1_0.emp_id,e1_0.address,e1_0.dob,e1_0.email,e1_0.full_name,e1_0.phone,e1_0.status,o2_0.order_date,o1_0.note,o1_0.price,o1_0.quantity from product p1_0 left join order_detail o1_0 on p1_0.product_id=o1_0.product_id left join orders o2_0 on o2_0.order_id=o1_0.order_id left join customer c1_0 on c1_0.cust_id=o2_0.cust_id left join employee e1_0 on e1_0.emp_id=o2_0.employee_id where p1_0.product_id=?
Hibernate: select p1_0.product_id,p1_0.price_date_time,p1_0.note,p1_0.price from product_price p1_0 where p1_0.product_id=?
Hibernate: select p1_0.product_id,p1_0.image_id,p1_0.alternative,p1_0.path from product_image p1_0 where p1_0.product_id=?
Hibernate: insert into order_detail (note,price,quantity,order_id,product_id) values (?,?,?,?,?)
Hibernate: update orders set cust_id=?,employee_id=?,order_date=? where order_id=?
Hibernate: select p1_0.product_id,p1_0.description,p1_0.manufacturer_name,p1_0.name,p1_0.status,p1_0.unit from product p1_0 where p1_0.product_id=?
Hibernate: select o1_0.order_id,o2_0.order_id,c1_0.cust_id,c1_0.address,c1_0.email,c1_0.cust_name,c1_0.phone,o2_0.employee_id,e1_0.emp_id,e1_0.address,e1_0.dob,e1_0.email,e1_0.full_name,e1_0.phone,e1_0.status,o2_0.order_date,o1_0.product_id,p1_0.product_id,p1_0.description,p1_0.manufacturer_name,p1_0.name,p1_0.status,p1_0.unit,p2_0.product_id,p2_0.image_id,p2_0.alternative,p2_0.path,o1_0.note,o1_0.price,o1_0.quantity from order_detail o1_0 join orders o2_0 on o2_0.order_id=o1_0.order_id left join customer c1_0 on c1_0.cust_id=o2_0.cust_id left join employee e1_0 on e1_0.emp_id=o2_0.employee_id join product p1_0 on p1_0.product_id=o1_0.product_id left join product_image p2_0 on p1_0.product_id=p2_0.product_id where (o1_0.order_id,o1_0.product_id) in ((?,?))
Hibernate: select o1_0.order_id,c1_0.cust_id,c1_0.address,c1_0.email,c1_0.cust_name,c1_0.phone,o1_0.employee_id,e1_0.emp_id,e1_0.address,e1_0.dob,e1_0.email,e1_0.full_name,e1_0.phone,e1_0.status,o1_0.order_date,o2_0.order_id,o2_0.product_id,p1_0.product_id,p1_0.description,p1_0.manufacturer_name,p1_0.name,p1_0.status,p1_0.unit,o2_0.note,o2_0.price,o2_0.quantity from orders o1_0 left join customer c1_0 on c1_0.cust_id=o1_0.cust_id join employee e1_0 on e1_0.emp_id=o1_0.employee_id left join order_detail o2_0 on o1_0.order_id=o2_0.order_id left join product p1_0 on p1_0.product_id=o2_0.product_id where o1_0.order_id=?
Hibernate: select p1_0.product_id,p1_0.price_date_time,p1_0.note,p1_0.price from product_price p1_0 where p1_0.product_id=?
Hibernate: select p1_0.product_id,p1_0.image_id,p1_0.alternative,p1_0.path from product_image p1_0 where p1_0.product_id=?
Hibernate: select o1_0.product_id,o1_0.order_id,o2_0.order_id,c1_0.cust_id,c1_0.address,c1_0.email,c1_0.cust_name,c1_0.phone,o2_0.employee_id,e1_0.emp_id,e1_0.address,e1_0.dob,e1_0.email,e1_0.full_name,e1_0.phone,e1_0.status,o2_0.order_date,o1_0.note,o1_0.price,o1_0.quantity from order_detail o1_0 join orders o2_0 on o2_0.order_id=o1_0.order_id left join customer c1_0 on c1_0.cust_id=o2_0.cust_id left join employee e1_0 on e1_0.emp_id=o2_0.employee_id where o1_0.product_id=?
Hibernate: select p1_0.product_id,p1_0.price_date_time,p1_0.note,p1_0.price from product_price p1_0 where p1_0.product_id=?
Hibernate: select p1_0.product_id,p1_0.image_id,p1_0.alternative,p1_0.path from product_image p1_0 where p1_0.product_id=?
Hibernate: select o1_0.product_id,o1_0.order_id,o2_0.order_id,c1_0.cust_id,c1_0.address,c1_0.email,c1_0.cust_name,c1_0.phone,o2_0.employee_id,e1_0.emp_id,e1_0.address,e1_0.dob,e1_0.email,e1_0.full_name,e1_0.phone,e1_0.status,o2_0.order_date,o1_0.note,o1_0.price,o1_0.quantity from order_detail o1_0 join orders o2_0 on o2_0.order_id=o1_0.order_id left join customer c1_0 on c1_0.cust_id=o2_0.cust_id left join employee e1_0 on e1_0.emp_id=o2_0.employee_id where o1_0.product_id=?
Hibernate: select l1_0.employee_id,l1_0.order_id,c1_0.cust_id,c1_0.address,c1_0.email,c1_0.cust_name,c1_0.phone,l1_0.order_date from orders l1_0 left join customer c1_0 on c1_0.cust_id=l1_0.cust_id where l1_0.employee_id=?
Hibernate: select p1_0.product_id,p1_0.description,p1_0.manufacturer_name,p1_0.name,p1_0.status,p1_0.unit,o1_0.product_id,o1_0.order_id,o2_0.order_id,c1_0.cust_id,c1_0.address,c1_0.email,c1_0.cust_name,c1_0.phone,o2_0.employee_id,e1_0.emp_id,e1_0.address,e1_0.dob,e1_0.email,e1_0.full_name,e1_0.phone,e1_0.status,o2_0.order_date,o1_0.note,o1_0.price,o1_0.quantity from product p1_0 left join order_detail o1_0 on p1_0.product_id=o1_0.product_id left join orders o2_0 on o2_0.order_id=o1_0.order_id left join customer c1_0 on c1_0.cust_id=o2_0.cust_id left join employee e1_0 on e1_0.emp_id=o2_0.employee_id where p1_0.product_id=?
Hibernate: select p1_0.product_id,p1_0.price_date_time,p1_0.note,p1_0.price from product_price p1_0 where p1_0.product_id=?
Hibernate: select p1_0.product_id,p1_0.image_id,p1_0.alternative,p1_0.path from product_image p1_0 where p1_0.product_id=?
Hibernate: select o1_0.order_id,o1_0.product_id,p1_0.product_id,p1_0.description,p1_0.manufacturer_name,p1_0.name,p1_0.status,p1_0.unit,o1_0.note,o1_0.price,o1_0.quantity from order_detail o1_0 join product p1_0 on p1_0.product_id=o1_0.product_id where o1_0.order_id=?
Hibernate: select l1_0.employee_id,l1_0.order_id,c1_0.cust_id,c1_0.address,c1_0.email,c1_0.cust_name,c1_0.phone,l1_0.order_date from orders l1_0 left join customer c1_0 on c1_0.cust_id=l1_0.cust_id where l1_0.employee_id=?
Hibernate: insert into order_detail (note,price,quantity,order_id,product_id) values (?,?,?,?,?)
Hibernate: update orders set cust_id=?,employee_id=?,order_date=? where order_id=?
Hibernate: select e1_0.emp_id,e1_0.address,e1_0.dob,e1_0.email,e1_0.full_name,e1_0.phone,e1_0.status from employee e1_0 where e1_0.emp_id=?
Hibernate: select c1_0.cust_id,c1_0.address,c1_0.email,c1_0.cust_name,c1_0.phone from customer c1_0 where c1_0.cust_id=?
Hibernate: select o1_0.order_id,c1_0.cust_id,c1_0.address,c1_0.email,c1_0.cust_name,c1_0.phone,o1_0.employee_id,e1_0.emp_id,e1_0.address,e1_0.dob,e1_0.email,e1_0.full_name,e1_0.phone,e1_0.status,o1_0.order_date,o2_0.order_id,o2_0.product_id,p1_0.product_id,p1_0.description,p1_0.manufacturer_name,p1_0.name,p1_0.status,p1_0.unit,o2_0.note,o2_0.price,o2_0.quantity from orders o1_0 left join customer c1_0 on c1_0.cust_id=o1_0.cust_id join employee e1_0 on e1_0.emp_id=o1_0.employee_id left join order_detail o2_0 on o1_0.order_id=o2_0.order_id left join product p1_0 on p1_0.product_id=o2_0.product_id where o1_0.order_id=?
Hibernate: select c1_0.cust_id,c1_0.address,c1_0.email,c1_0.cust_name,c1_0.phone from customer c1_0 where c1_0.cust_id=?
Hibernate: select e1_0.emp_id,e1_0.address,e1_0.dob,e1_0.email,e1_0.full_name,e1_0.phone,e1_0.status from employee e1_0 where e1_0.emp_id=?
Hibernate: insert into orders (cust_id,employee_id,order_date,order_id) values (?,?,?,default)
Hibernate: select p1_0.product_id,p1_0.description,p1_0.manufacturer_name,p1_0.name,p1_0.status,p1_0.unit from product p1_0 where p1_0.product_id=?
Hibernate: select o1_0.order_id,o2_0.order_id,c1_0.cust_id,c1_0.address,c1_0.email,c1_0.cust_name,c1_0.phone,o2_0.employee_id,e1_0.emp_id,e1_0.address,e1_0.dob,e1_0.email,e1_0.full_name,e1_0.phone,e1_0.status,o2_0.order_date,o1_0.product_id,p1_0.product_id,p1_0.description,p1_0.manufacturer_name,p1_0.name,p1_0.status,p1_0.unit,p2_0.product_id,p2_0.image_id,p2_0.alternative,p2_0.path,o1_0.note,o1_0.price,o1_0.quantity from order_detail o1_0 join orders o2_0 on o2_0.order_id=o1_0.order_id left join customer c1_0 on c1_0.cust_id=o2_0.cust_id left join employee e1_0 on e1_0.emp_id=o2_0.employee_id join product p1_0 on p1_0.product_id=o1_0.product_id left join product_image p2_0 on p1_0.product_id=p2_0.product_id where (o1_0.order_id,o1_0.product_id) in ((?,?))
Hibernate: select o1_0.order_id,c1_0.cust_id,c1_0.address,c1_0.email,c1_0.cust_name,c1_0.phone,o1_0.employee_id,e1_0.emp_id,e1_0.address,e1_0.dob,e1_0.email,e1_0.full_name,e1_0.phone,e1_0.status,o1_0.order_date,o2_0.order_id,o2_0.product_id,p1_0.product_id,p1_0.description,p1_0.manufacturer_name,p1_0.name,p1_0.status,p1_0.unit,o2_0.note,o2_0.price,o2_0.quantity from orders o1_0 left join customer c1_0 on c1_0.cust_id=o1_0.cust_id join employee e1_0 on e1_0.emp_id=o1_0.employee_id left join order_detail o2_0 on o1_0.order_id=o2_0.order_id left join product p1_0 on p1_0.product_id=o2_0.product_id where o1_0.order_id=?
Hibernate: select l1_0.employee_id,l1_0.order_id,c1_0.cust_id,c1_0.address,c1_0.email,c1_0.cust_name,c1_0.phone,l1_0.order_date from orders l1_0 left join customer c1_0 on c1_0.cust_id=l1_0.cust_id where l1_0.employee_id=?
Hibernate: select p1_0.product_id,p1_0.description,p1_0.manufacturer_name,p1_0.name,p1_0.status,p1_0.unit,o1_0.product_id,o1_0.order_id,o2_0.order_id,c1_0.cust_id,c1_0.address,c1_0.email,c1_0.cust_name,c1_0.phone,o2_0.employee_id,e1_0.emp_id,e1_0.address,e1_0.dob,e1_0.email,e1_0.full_name,e1_0.phone,e1_0.status,o2_0.order_date,o1_0.note,o1_0.price,o1_0.quantity from product p1_0 left join order_detail o1_0 on p1_0.product_id=o1_0.product_id left join orders o2_0 on o2_0.order_id=o1_0.order_id left join customer c1_0 on c1_0.cust_id=o2_0.cust_id left join employee e1_0 on e1_0.emp_id=o2_0.employee_id where p1_0.product_id=?
Hibernate: select p1_0.product_id,p1_0.price_date_time,p1_0.note,p1_0.price from product_price p1_0 where p1_0.product_id=?
Hibernate: select p1_0.product_id,p1_0.image_id,p1_0.alternative,p1_0.path from product_image p1_0 where p1_0.product_id=?
Hibernate: insert into order_detail (note,price,quantity,order_id,product_id) values (?,?,?,?,?)
Hibernate: select p1_0.product_id,p1_0.description,p1_0.manufacturer_name,p1_0.name,p1_0.status,p1_0.unit from product p1_0 where p1_0.product_id=?
Hibernate: select o1_0.order_id,o2_0.order_id,c1_0.cust_id,c1_0.address,c1_0.email,c1_0.cust_name,c1_0.phone,o2_0.employee_id,e1_0.emp_id,e1_0.address,e1_0.dob,e1_0.email,e1_0.full_name,e1_0.phone,e1_0.status,o2_0.order_date,o1_0.product_id,p1_0.product_id,p1_0.description,p1_0.manufacturer_name,p1_0.name,p1_0.status,p1_0.unit,p2_0.product_id,p2_0.image_id,p2_0.alternative,p2_0.path,o1_0.note,o1_0.price,o1_0.quantity from order_detail o1_0 join orders o2_0 on o2_0.order_id=o1_0.order_id left join customer c1_0 on c1_0.cust_id=o2_0.cust_id left join employee e1_0 on e1_0.emp_id=o2_0.employee_id join product p1_0 on p1_0.product_id=o1_0.product_id left join product_image p2_0 on p1_0.product_id=p2_0.product_id where (o1_0.order_id,o1_0.product_id) in ((?,?))
Hibernate: select o1_0.order_id,c1_0.cust_id,c1_0.address,c1_0.email,c1_0.cust_name,c1_0.phone,o1_0.employee_id,e1_0.emp_id,e1_0.address,e1_0.dob,e1_0.email,e1_0.full_name,e1_0.phone,e1_0.status,o1_0.order_date,o2_0.order_id,o2_0.product_id,p1_0.product_id,p1_0.description,p1_0.manufacturer_name,p1_0.name,p1_0.status,p1_0.unit,o2_0.note,o2_0.price,o2_0.quantity from orders o1_0 left join customer c1_0 on c1_0.cust_id=o1_0.cust_id join employee e1_0 on e1_0.emp_id=o1_0.employee_id left join order_detail o2_0 on o1_0.order_id=o2_0.order_id left join product p1_0 on p1_0.product_id=o2_0.product_id where o1_0.order_id=?
Hibernate: select p1_0.product_id,p1_0.price_date_time,p1_0.note,p1_0.price from product_price p1_0 where p1_0.product_id=?
Hibernate: select p1_0.product_id,p1_0.image_id,p1_0.alternative,p1_0.path from product_image p1_0 where p1_0.product_id=?
Hibernate: select o1_0.product_id,o1_0.order_id,o2_0.order_id,c1_0.cust_id,c1_0.address,c1_0.email,c1_0.cust_name,c1_0.phone,o2_0.employee_id,e1_0.emp_id,e1_0.address,e1_0.dob,e1_0.email,e1_0.full_name,e1_0.phone,e1_0.status,o2_0.order_date,o1_0.note,o1_0.price,o1_0.quantity from order_detail o1_0 join orders o2_0 on o2_0.order_id=o1_0.order_id left join customer c1_0 on c1_0.cust_id=o2_0.cust_id left join employee e1_0 on e1_0.emp_id=o2_0.employee_id where o1_0.product_id=?
Hibernate: select l1_0.employee_id,l1_0.order_id,c1_0.cust_id,c1_0.address,c1_0.email,c1_0.cust_name,c1_0.phone,l1_0.order_date from orders l1_0 left join customer c1_0 on c1_0.cust_id=l1_0.cust_id where l1_0.employee_id=?
Hibernate: select p1_0.product_id,p1_0.description,p1_0.manufacturer_name,p1_0.name,p1_0.status,p1_0.unit,o1_0.product_id,o1_0.order_id,o2_0.order_id,c1_0.cust_id,c1_0.address,c1_0.email,c1_0.cust_name,c1_0.phone,o2_0.employee_id,e1_0.emp_id,e1_0.address,e1_0.dob,e1_0.email,e1_0.full_name,e1_0.phone,e1_0.status,o2_0.order_date,o1_0.note,o1_0.price,o1_0.quantity from product p1_0 left join order_detail o1_0 on p1_0.product_id=o1_0.product_id left join orders o2_0 on o2_0.order_id=o1_0.order_id left join customer c1_0 on c1_0.cust_id=o2_0.cust_id left join employee e1_0 on e1_0.emp_id=o2_0.employee_id where p1_0.product_id=?
Hibernate: select p1_0.product_id,p1_0.price_date_time,p1_0.note,p1_0.price from product_price p1_0 where p1_0.product_id=?
Hibernate: select p1_0.product_id,p1_0.image_id,p1_0.alternative,p1_0.path from product_image p1_0 where p1_0.product_id=?
Hibernate: insert into order_detail (note,price,quantity,order_id,product_id) values (?,?,?,?,?)
Hibernate: select p1_0.product_id,p1_0.description,p1_0.manufacturer_name,p1_0.name,p1_0.status,p1_0.unit from product p1_0 where p1_0.product_id=?
Hibernate: select o1_0.order_id,o2_0.order_id,c1_0.cust_id,c1_0.address,c1_0.email,c1_0.cust_name,c1_0.phone,o2_0.employee_id,e1_0.emp_id,e1_0.address,e1_0.dob,e1_0.email,e1_0.full_name,e1_0.phone,e1_0.status,o2_0.order_date,o1_0.product_id,p1_0.product_id,p1_0.description,p1_0.manufacturer_name,p1_0.name,p1_0.status,p1_0.unit,p2_0.product_id,p2_0.image_id,p2_0.alternative,p2_0.path,o1_0.note,o1_0.price,o1_0.quantity from order_detail o1_0 join orders o2_0 on o2_0.order_id=o1_0.order_id left join customer c1_0 on c1_0.cust_id=o2_0.cust_id left join employee e1_0 on e1_0.emp_id=o2_0.employee_id join product p1_0 on p1_0.product_id=o1_0.product_id left join product_image p2_0 on p1_0.product_id=p2_0.product_id where (o1_0.order_id,o1_0.product_id) in ((?,?))
Hibernate: select o1_0.order_id,c1_0.cust_id,c1_0.address,c1_0.email,c1_0.cust_name,c1_0.phone,o1_0.employee_id,e1_0.emp_id,e1_0.address,e1_0.dob,e1_0.email,e1_0.full_name,e1_0.phone,e1_0.status,o1_0.order_date,o2_0.order_id,o2_0.product_id,p1_0.product_id,p1_0.description,p1_0.manufacturer_name,p1_0.name,p1_0.status,p1_0.unit,o2_0.note,o2_0.price,o2_0.quantity from orders o1_0 left join customer c1_0 on c1_0.cust_id=o1_0.cust_id join employee e1_0 on e1_0.emp_id=o1_0.employee_id left join order_detail o2_0 on o1_0.order_id=o2_0.order_id left join product p1_0 on p1_0.product_id=o2_0.product_id where o1_0.order_id=?
Hibernate: select p1_0.product_id,p1_0.price_date_time,p1_0.note,p1_0.price from product_price p1_0 where p1_0.product_id=?
Hibernate: select p1_0.product_id,p1_0.image_id,p1_0.alternative,p1_0.path from product_image p1_0 where p1_0.product_id=?
Hibernate: select o1_0.product_id,o1_0.order_id,o2_0.order_id,c1_0.cust_id,c1_0.address,c1_0.email,c1_0.cust_name,c1_0.phone,o2_0.employee_id,e1_0.emp_id,e1_0.address,e1_0.dob,e1_0.email,e1_0.full_name,e1_0.phone,e1_0.status,o2_0.order_date,o1_0.note,o1_0.price,o1_0.quantity from order_detail o1_0 join orders o2_0 on o2_0.order_id=o1_0.order_id left join customer c1_0 on c1_0.cust_id=o2_0.cust_id left join employee e1_0 on e1_0.emp_id=o2_0.employee_id where o1_0.product_id=?
Hibernate: select p1_0.product_id,p1_0.price_date_time,p1_0.note,p1_0.price from product_price p1_0 where p1_0.product_id=?
Hibernate: select p1_0.product_id,p1_0.image_id,p1_0.alternative,p1_0.path from product_image p1_0 where p1_0.product_id=?
Hibernate: select o1_0.product_id,o1_0.order_id,o2_0.order_id,c1_0.cust_id,c1_0.address,c1_0.email,c1_0.cust_name,c1_0.phone,o2_0.employee_id,e1_0.emp_id,e1_0.address,e1_0.dob,e1_0.email,e1_0.full_name,e1_0.phone,e1_0.status,o2_0.order_date,o1_0.note,o1_0.price,o1_0.quantity from order_detail o1_0 join orders o2_0 on o2_0.order_id=o1_0.order_id left join customer c1_0 on c1_0.cust_id=o2_0.cust_id left join employee e1_0 on e1_0.emp_id=o2_0.employee_id where o1_0.product_id=?
Hibernate: select l1_0.employee_id,l1_0.order_id,c1_0.cust_id,c1_0.address,c1_0.email,c1_0.cust_name,c1_0.phone,l1_0.order_date from orders l1_0 left join customer c1_0 on c1_0.cust_id=l1_0.cust_id where l1_0.employee_id=?
Hibernate: select p1_0.product_id,p1_0.description,p1_0.manufacturer_name,p1_0.name,p1_0.status,p1_0.unit,o1_0.product_id,o1_0.order_id,o2_0.order_id,c1_0.cust_id,c1_0.address,c1_0.email,c1_0.cust_name,c1_0.phone,o2_0.employee_id,e1_0.emp_id,e1_0.address,e1_0.dob,e1_0.email,e1_0.full_name,e1_0.phone,e1_0.status,o2_0.order_date,o1_0.note,o1_0.price,o1_0.quantity from product p1_0 left join order_detail o1_0 on p1_0.product_id=o1_0.product_id left join orders o2_0 on o2_0.order_id=o1_0.order_id left join customer c1_0 on c1_0.cust_id=o2_0.cust_id left join employee e1_0 on e1_0.emp_id=o2_0.employee_id where p1_0.product_id=?
Hibernate: select p1_0.product_id,p1_0.price_date_time,p1_0.note,p1_0.price from product_price p1_0 where p1_0.product_id=?
Hibernate: select p1_0.product_id,p1_0.image_id,p1_0.alternative,p1_0.path from product_image p1_0 where p1_0.product_id=?
Hibernate: insert into order_detail (note,price,quantity,order_id,product_id) values (?,?,?,?,?)
Hibernate: select e1_0.emp_id,e1_0.address,e1_0.dob,e1_0.email,e1_0.full_name,e1_0.phone,e1_0.status from employee e1_0 where e1_0.emp_id=?
Hibernate: select c1_0.cust_id,c1_0.address,c1_0.email,c1_0.cust_name,c1_0.phone from customer c1_0 where c1_0.cust_id=?
Hibernate: select o1_0.order_id,c1_0.cust_id,c1_0.address,c1_0.email,c1_0.cust_name,c1_0.phone,o1_0.employee_id,e1_0.emp_id,e1_0.address,e1_0.dob,e1_0.email,e1_0.full_name,e1_0.phone,e1_0.status,o1_0.order_date,o2_0.order_id,o2_0.product_id,p1_0.product_id,p1_0.description,p1_0.manufacturer_name,p1_0.name,p1_0.status,p1_0.unit,o2_0.note,o2_0.price,o2_0.quantity from orders o1_0 left join customer c1_0 on c1_0.cust_id=o1_0.cust_id join employee e1_0 on e1_0.emp_id=o1_0.employee_id left join order_detail o2_0 on o1_0.order_id=o2_0.order_id left join product p1_0 on p1_0.product_id=o2_0.product_id where o1_0.order_id=?
Hibernate: select c1_0.cust_id,c1_0.address,c1_0.email,c1_0.cust_name,c1_0.phone from customer c1_0 where c1_0.cust_id=?
Hibernate: select e1_0.emp_id,e1_0.address,e1_0.dob,e1_0.email,e1_0.full_name,e1_0.phone,e1_0.status from employee e1_0 where e1_0.emp_id=?
Hibernate: insert into orders (cust_id,employee_id,order_date,order_id) values (?,?,?,default)
Hibernate: select p1_0.product_id,p1_0.description,p1_0.manufacturer_name,p1_0.name,p1_0.status,p1_0.unit from product p1_0 where p1_0.product_id=?
Hibernate: select o1_0.order_id,o2_0.order_id,c1_0.cust_id,c1_0.address,c1_0.email,c1_0.cust_name,c1_0.phone,o2_0.employee_id,e1_0.emp_id,e1_0.address,e1_0.dob,e1_0.email,e1_0.full_name,e1_0.phone,e1_0.status,o2_0.order_date,o1_0.product_id,p1_0.product_id,p1_0.description,p1_0.manufacturer_name,p1_0.name,p1_0.status,p1_0.unit,p2_0.product_id,p2_0.image_id,p2_0.alternative,p2_0.path,o1_0.note,o1_0.price,o1_0.quantity from order_detail o1_0 join orders o2_0 on o2_0.order_id=o1_0.order_id left join customer c1_0 on c1_0.cust_id=o2_0.cust_id left join employee e1_0 on e1_0.emp_id=o2_0.employee_id join product p1_0 on p1_0.product_id=o1_0.product_id left join product_image p2_0 on p1_0.product_id=p2_0.product_id where (o1_0.order_id,o1_0.product_id) in ((?,?))
Hibernate: select o1_0.order_id,c1_0.cust_id,c1_0.address,c1_0.email,c1_0.cust_name,c1_0.phone,o1_0.employee_id,e1_0.emp_id,e1_0.address,e1_0.dob,e1_0.email,e1_0.full_name,e1_0.phone,e1_0.status,o1_0.order_date,o2_0.order_id,o2_0.product_id,p1_0.product_id,p1_0.description,p1_0.manufacturer_name,p1_0.name,p1_0.status,p1_0.unit,o2_0.note,o2_0.price,o2_0.quantity from orders o1_0 left join customer c1_0 on c1_0.cust_id=o1_0.cust_id join employee e1_0 on e1_0.emp_id=o1_0.employee_id left join order_detail o2_0 on o1_0.order_id=o2_0.order_id left join product p1_0 on p1_0.product_id=o2_0.product_id where o1_0.order_id=?
Hibernate: select l1_0.employee_id,l1_0.order_id,c1_0.cust_id,c1_0.address,c1_0.email,c1_0.cust_name,c1_0.phone,l1_0.order_date from orders l1_0 left join customer c1_0 on c1_0.cust_id=l1_0.cust_id where l1_0.employee_id=?
Hibernate: select p1_0.product_id,p1_0.description,p1_0.manufacturer_name,p1_0.name,p1_0.status,p1_0.unit,o1_0.product_id,o1_0.order_id,o2_0.order_id,c1_0.cust_id,c1_0.address,c1_0.email,c1_0.cust_name,c1_0.phone,o2_0.employee_id,e1_0.emp_id,e1_0.address,e1_0.dob,e1_0.email,e1_0.full_name,e1_0.phone,e1_0.status,o2_0.order_date,o1_0.note,o1_0.price,o1_0.quantity from product p1_0 left join order_detail o1_0 on p1_0.product_id=o1_0.product_id left join orders o2_0 on o2_0.order_id=o1_0.order_id left join customer c1_0 on c1_0.cust_id=o2_0.cust_id left join employee e1_0 on e1_0.emp_id=o2_0.employee_id where p1_0.product_id=?
Hibernate: select p1_0.product_id,p1_0.price_date_time,p1_0.note,p1_0.price from product_price p1_0 where p1_0.product_id=?
Hibernate: select p1_0.product_id,p1_0.image_id,p1_0.alternative,p1_0.path from product_image p1_0 where p1_0.product_id=?
Hibernate: select o1_0.order_id,o1_0.product_id,p1_0.product_id,p1_0.description,p1_0.manufacturer_name,p1_0.name,p1_0.status,p1_0.unit,o1_0.note,o1_0.price,o1_0.quantity from order_detail o1_0 join product p1_0 on p1_0.product_id=o1_0.product_id where o1_0.order_id=?
Hibernate: select l1_0.employee_id,l1_0.order_id,c1_0.cust_id,c1_0.address,c1_0.email,c1_0.cust_name,c1_0.phone,l1_0.order_date from orders l1_0 left join customer c1_0 on c1_0.cust_id=l1_0.cust_id where l1_0.employee_id=?
Hibernate: insert into order_detail (note,price,quantity,order_id,product_id) values (?,?,?,?,?)
Hibernate: update orders set cust_id=?,employee_id=?,order_date=? where order_id=?
Hibernate: select p1_0.product_id,p1_0.description,p1_0.manufacturer_name,p1_0.name,p1_0.status,p1_0.unit from product p1_0 where p1_0.product_id=?
Hibernate: select o1_0.order_id,o2_0.order_id,c1_0.cust_id,c1_0.address,c1_0.email,c1_0.cust_name,c1_0.phone,o2_0.employee_id,e1_0.emp_id,e1_0.address,e1_0.dob,e1_0.email,e1_0.full_name,e1_0.phone,e1_0.status,o2_0.order_date,o1_0.product_id,p1_0.product_id,p1_0.description,p1_0.manufacturer_name,p1_0.name,p1_0.status,p1_0.unit,p2_0.product_id,p2_0.image_id,p2_0.alternative,p2_0.path,o1_0.note,o1_0.price,o1_0.quantity from order_detail o1_0 join orders o2_0 on o2_0.order_id=o1_0.order_id left join customer c1_0 on c1_0.cust_id=o2_0.cust_id left join employee e1_0 on e1_0.emp_id=o2_0.employee_id join product p1_0 on p1_0.product_id=o1_0.product_id left join product_image p2_0 on p1_0.product_id=p2_0.product_id where (o1_0.order_id,o1_0.product_id) in ((?,?))
Hibernate: select o1_0.order_id,c1_0.cust_id,c1_0.address,c1_0.email,c1_0.cust_name,c1_0.phone,o1_0.employee_id,e1_0.emp_id,e1_0.address,e1_0.dob,e1_0.email,e1_0.full_name,e1_0.phone,e1_0.status,o1_0.order_date,o2_0.order_id,o2_0.product_id,p1_0.product_id,p1_0.description,p1_0.manufacturer_name,p1_0.name,p1_0.status,p1_0.unit,o2_0.note,o2_0.price,o2_0.quantity from orders o1_0 left join customer c1_0 on c1_0.cust_id=o1_0.cust_id join employee e1_0 on e1_0.emp_id=o1_0.employee_id left join order_detail o2_0 on o1_0.order_id=o2_0.order_id left join product p1_0 on p1_0.product_id=o2_0.product_id where o1_0.order_id=?
Hibernate: select p1_0.product_id,p1_0.price_date_time,p1_0.note,p1_0.price from product_price p1_0 where p1_0.product_id=?
Hibernate: select p1_0.product_id,p1_0.image_id,p1_0.alternative,p1_0.path from product_image p1_0 where p1_0.product_id=?
Hibernate: select o1_0.product_id,o1_0.order_id,o2_0.order_id,c1_0.cust_id,c1_0.address,c1_0.email,c1_0.cust_name,c1_0.phone,o2_0.employee_id,e1_0.emp_id,e1_0.address,e1_0.dob,e1_0.email,e1_0.full_name,e1_0.phone,e1_0.status,o2_0.order_date,o1_0.note,o1_0.price,o1_0.quantity from order_detail o1_0 join orders o2_0 on o2_0.order_id=o1_0.order_id left join customer c1_0 on c1_0.cust_id=o2_0.cust_id left join employee e1_0 on e1_0.emp_id=o2_0.employee_id where o1_0.product_id=?
Hibernate: select l1_0.employee_id,l1_0.order_id,c1_0.cust_id,c1_0.address,c1_0.email,c1_0.cust_name,c1_0.phone,l1_0.order_date from orders l1_0 left join customer c1_0 on c1_0.cust_id=l1_0.cust_id where l1_0.employee_id=?
Hibernate: select p1_0.product_id,p1_0.description,p1_0.manufacturer_name,p1_0.name,p1_0.status,p1_0.unit,o1_0.product_id,o1_0.order_id,o2_0.order_id,c1_0.cust_id,c1_0.address,c1_0.email,c1_0.cust_name,c1_0.phone,o2_0.employee_id,e1_0.emp_id,e1_0.address,e1_0.dob,e1_0.email,e1_0.full_name,e1_0.phone,e1_0.status,o2_0.order_date,o1_0.note,o1_0.price,o1_0.quantity from product p1_0 left join order_detail o1_0 on p1_0.product_id=o1_0.product_id left join orders o2_0 on o2_0.order_id=o1_0.order_id left join customer c1_0 on c1_0.cust_id=o2_0.cust_id left join employee e1_0 on e1_0.emp_id=o2_0.employee_id where p1_0.product_id=?
Hibernate: select p1_0.product_id,p1_0.price_date_time,p1_0.note,p1_0.price from product_price p1_0 where p1_0.product_id=?
Hibernate: select p1_0.product_id,p1_0.image_id,p1_0.alternative,p1_0.path from product_image p1_0 where p1_0.product_id=?
Hibernate: insert into order_detail (note,price,quantity,order_id,product_id) values (?,?,?,?,?)
Hibernate: update orders set cust_id=?,employee_id=?,order_date=? where order_id=?
Hibernate: select p1_0.product_id,p1_0.description,p1_0.manufacturer_name,p1_0.name,p1_0.status,p1_0.unit from product p1_0 where p1_0.product_id=?
Hibernate: select o1_0.order_id,o2_0.order_id,c1_0.cust_id,c1_0.address,c1_0.email,c1_0.cust_name,c1_0.phone,o2_0.employee_id,e1_0.emp_id,e1_0.address,e1_0.dob,e1_0.email,e1_0.full_name,e1_0.phone,e1_0.status,o2_0.order_date,o1_0.product_id,p1_0.product_id,p1_0.description,p1_0.manufacturer_name,p1_0.name,p1_0.status,p1_0.unit,p2_0.product_id,p2_0.image_id,p2_0.alternative,p2_0.path,o1_0.note,o1_0.price,o1_0.quantity from order_detail o1_0 join orders o2_0 on o2_0.order_id=o1_0.order_id left join customer c1_0 on c1_0.cust_id=o2_0.cust_id left join employee e1_0 on e1_0.emp_id=o2_0.employee_id join product p1_0 on p1_0.product_id=o1_0.product_id left join product_image p2_0 on p1_0.product_id=p2_0.product_id where (o1_0.order_id,o1_0.product_id) in ((?,?))
Hibernate: select o1_0.order_id,c1_0.cust_id,c1_0.address,c1_0.email,c1_0.cust_name,c1_0.phone,o1_0.employee_id,e1_0.emp_id,e1_0.address,e1_0.dob,e1_0.email,e1_0.full_name,e1_0.phone,e1_0.status,o1_0.order_date,o2_0.order_id,o2_0.product_id,p1_0.product_id,p1_0.description,p1_0.manufacturer_name,p1_0.name,p1_0.status,p1_0.unit,o2_0.note,o2_0.price,o2_0.quantity from orders o1_0 left join customer c1_0 on c1_0.cust_id=o1_0.cust_id join employee e1_0 on e1_0.emp_id=o1_0.employee_id left join order_detail o2_0 on o1_0.order_id=o2_0.order_id left join product p1_0 on p1_0.product_id=o2_0.product_id where o1_0.order_id=?
Hibernate: select p1_0.product_id,p1_0.price_date_time,p1_0.note,p1_0.price from product_price p1_0 where p1_0.product_id=?
Hibernate: select p1_0.product_id,p1_0.image_id,p1_0.alternative,p1_0.path from product_image p1_0 where p1_0.product_id=?
Hibernate: select o1_0.product_id,o1_0.order_id,o2_0.order_id,c1_0.cust_id,c1_0.address,c1_0.email,c1_0.cust_name,c1_0.phone,o2_0.employee_id,e1_0.emp_id,e1_0.address,e1_0.dob,e1_0.email,e1_0.full_name,e1_0.phone,e1_0.status,o2_0.order_date,o1_0.note,o1_0.price,o1_0.quantity from order_detail o1_0 join orders o2_0 on o2_0.order_id=o1_0.order_id left join customer c1_0 on c1_0.cust_id=o2_0.cust_id left join employee e1_0 on e1_0.emp_id=o2_0.employee_id where o1_0.product_id=?
Hibernate: select p1_0.product_id,p1_0.price_date_time,p1_0.note,p1_0.price from product_price p1_0 where p1_0.product_id=?
Hibernate: select p1_0.product_id,p1_0.image_id,p1_0.alternative,p1_0.path from product_image p1_0 where p1_0.product_id=?
Hibernate: select o1_0.product_id,o1_0.order_id,o2_0.order_id,c1_0.cust_id,c1_0.address,c1_0.email,c1_0.cust_name,c1_0.phone,o2_0.employee_id,e1_0.emp_id,e1_0.address,e1_0.dob,e1_0.email,e1_0.full_name,e1_0.phone,e1_0.status,o2_0.order_date,o1_0.note,o1_0.price,o1_0.quantity from order_detail o1_0 join orders o2_0 on o2_0.order_id=o1_0.order_id left join customer c1_0 on c1_0.cust_id=o2_0.cust_id left join employee e1_0 on e1_0.emp_id=o2_0.employee_id where o1_0.product_id=?
Hibernate: select l1_0.employee_id,l1_0.order_id,c1_0.cust_id,c1_0.address,c1_0.email,c1_0.cust_name,c1_0.phone,l1_0.order_date from orders l1_0 left join customer c1_0 on c1_0.cust_id=l1_0.cust_id where l1_0.employee_id=?
Hibernate: select p1_0.product_id,p1_0.description,p1_0.manufacturer_name,p1_0.name,p1_0.status,p1_0.unit,o1_0.product_id,o1_0.order_id,o2_0.order_id,c1_0.cust_id,c1_0.address,c1_0.email,c1_0.cust_name,c1_0.phone,o2_0.employee_id,e1_0.emp_id,e1_0.address,e1_0.dob,e1_0.email,e1_0.full_name,e1_0.phone,e1_0.status,o2_0.order_date,o1_0.note,o1_0.price,o1_0.quantity from product p1_0 left join order_detail o1_0 on p1_0.product_id=o1_0.product_id left join orders o2_0 on o2_0.order_id=o1_0.order_id left join customer c1_0 on c1_0.cust_id=o2_0.cust_id left join employee e1_0 on e1_0.emp_id=o2_0.employee_id where p1_0.product_id=?
Hibernate: select p1_0.product_id,p1_0.price_date_time,p1_0.note,p1_0.price from product_price p1_0 where p1_0.product_id=?
Hibernate: select p1_0.product_id,p1_0.image_id,p1_0.alternative,p1_0.path from product_image p1_0 where p1_0.product_id=?
Hibernate: insert into order_detail (note,price,quantity,order_id,product_id) values (?,?,?,?,?)
Hibernate: update orders set cust_id=?,employee_id=?,order_date=? where order_id=?
Hibernate: select e1_0.emp_id,e1_0.address,e1_0.dob,e1_0.email,e1_0.full_name,e1_0.phone,e1_0.status from employee e1_0 where e1_0.emp_id=?
Hibernate: select c1_0.cust_id,c1_0.address,c1_0.email,c1_0.cust_name,c1_0.phone from customer c1_0 where c1_0.cust_id=?
Hibernate: select o1_0.order_id,c1_0.cust_id,c1_0.address,c1_0.email,c1_0.cust_name,c1_0.phone,o1_0.employee_id,e1_0.emp_id,e1_0.address,e1_0.dob,e1_0.email,e1_0.full_name,e1_0.phone,e1_0.status,o1_0.order_date,o2_0.order_id,o2_0.product_id,p1_0.product_id,p1_0.description,p1_0.manufacturer_name,p1_0.name,p1_0.status,p1_0.unit,o2_0.note,o2_0.price,o2_0.quantity from orders o1_0 left join customer c1_0 on c1_0.cust_id=o1_0.cust_id join employee e1_0 on e1_0.emp_id=o1_0.employee_id left join order_detail o2_0 on o1_0.order_id=o2_0.order_id left join product p1_0 on p1_0.product_id=o2_0.product_id where o1_0.order_id=?
Hibernate: select c1_0.cust_id,c1_0.address,c1_0.email,c1_0.cust_name,c1_0.phone from customer c1_0 where c1_0.cust_id=?
Hibernate: select e1_0.emp_id,e1_0.address,e1_0.dob,e1_0.email,e1_0.full_name,e1_0.phone,e1_0.status from employee e1_0 where e1_0.emp_id=?
Hibernate: insert into orders (cust_id,employee_id,order_date,order_id) values (?,?,?,default)
Hibernate: select p1_0.product_id,p1_0.description,p1_0.manufacturer_name,p1_0.name,p1_0.status,p1_0.unit from product p1_0 where p1_0.product_id=?
Hibernate: select o1_0.order_id,o2_0.order_id,c1_0.cust_id,c1_0.address,c1_0.email,c1_0.cust_name,c1_0.phone,o2_0.employee_id,e1_0.emp_id,e1_0.address,e1_0.dob,e1_0.email,e1_0.full_name,e1_0.phone,e1_0.status,o2_0.order_date,o1_0.product_id,p1_0.product_id,p1_0.description,p1_0.manufacturer_name,p1_0.name,p1_0.status,p1_0.unit,p2_0.product_id,p2_0.image_id,p2_0.alternative,p2_0.path,o1_0.note,o1_0.price,o1_0.quantity from order_detail o1_0 join orders o2_0 on o2_0.order_id=o1_0.order_id left join customer c1_0 on c1_0.cust_id=o2_0.cust_id left join employee e1_0 on e1_0.emp_id=o2_0.employee_id join product p1_0 on p1_0.product_id=o1_0.product_id left join product_image p2_0 on p1_0.product_id=p2_0.product_id where (o1_0.order_id,o1_0.product_id) in ((?,?))
Hibernate: select o1_0.order_id,c1_0.cust_id,c1_0.address,c1_0.email,c1_0.cust_name,c1_0.phone,o1_0.employee_id,e1_0.emp_id,e1_0.address,e1_0.dob,e1_0.email,e1_0.full_name,e1_0.phone,e1_0.status,o1_0.order_date,o2_0.order_id,o2_0.product_id,p1_0.product_id,p1_0.description,p1_0.manufacturer_name,p1_0.name,p1_0.status,p1_0.unit,o2_0.note,o2_0.price,o2_0.quantity from orders o1_0 left join customer c1_0 on c1_0.cust_id=o1_0.cust_id join employee e1_0 on e1_0.emp_id=o1_0.employee_id left join order_detail o2_0 on o1_0.order_id=o2_0.order_id left join product p1_0 on p1_0.product_id=o2_0.product_id where o1_0.order_id=?
Hibernate: select l1_0.employee_id,l1_0.order_id,c1_0.cust_id,c1_0.address,c1_0.email,c1_0.cust_name,c1_0.phone,l1_0.order_date from orders l1_0 left join customer c1_0 on c1_0.cust_id=l1_0.cust_id where l1_0.employee_id=?
Hibernate: select p1_0.product_id,p1_0.description,p1_0.manufacturer_name,p1_0.name,p1_0.status,p1_0.unit,o1_0.product_id,o1_0.order_id,o2_0.order_id,c1_0.cust_id,c1_0.address,c1_0.email,c1_0.cust_name,c1_0.phone,o2_0.employee_id,e1_0.emp_id,e1_0.address,e1_0.dob,e1_0.email,e1_0.full_name,e1_0.phone,e1_0.status,o2_0.order_date,o1_0.note,o1_0.price,o1_0.quantity from product p1_0 left join order_detail o1_0 on p1_0.product_id=o1_0.product_id left join orders o2_0 on o2_0.order_id=o1_0.order_id left join customer c1_0 on c1_0.cust_id=o2_0.cust_id left join employee e1_0 on e1_0.emp_id=o2_0.employee_id where p1_0.product_id=?
Hibernate: select p1_0.product_id,p1_0.price_date_time,p1_0.note,p1_0.price from product_price p1_0 where p1_0.product_id=?
Hibernate: select p1_0.product_id,p1_0.image_id,p1_0.alternative,p1_0.path from product_image p1_0 where p1_0.product_id=?
Hibernate: insert into order_detail (note,price,quantity,order_id,product_id) values (?,?,?,?,?)
Hibernate: update orders set cust_id=?,employee_id=?,order_date=? where order_id=?
Hibernate: select p1_0.product_id,p1_0.description,p1_0.manufacturer_name,p1_0.name,p1_0.status,p1_0.unit from product p1_0 where p1_0.product_id=?
Hibernate: select o1_0.order_id,o2_0.order_id,c1_0.cust_id,c1_0.address,c1_0.email,c1_0.cust_name,c1_0.phone,o2_0.employee_id,e1_0.emp_id,e1_0.address,e1_0.dob,e1_0.email,e1_0.full_name,e1_0.phone,e1_0.status,o2_0.order_date,o1_0.product_id,p1_0.product_id,p1_0.description,p1_0.manufacturer_name,p1_0.name,p1_0.status,p1_0.unit,p2_0.product_id,p2_0.image_id,p2_0.alternative,p2_0.path,o1_0.note,o1_0.price,o1_0.quantity from order_detail o1_0 join orders o2_0 on o2_0.order_id=o1_0.order_id left join customer c1_0 on c1_0.cust_id=o2_0.cust_id left join employee e1_0 on e1_0.emp_id=o2_0.employee_id join product p1_0 on p1_0.product_id=o1_0.product_id left join product_image p2_0 on p1_0.product_id=p2_0.product_id where (o1_0.order_id,o1_0.product_id) in ((?,?))
Hibernate: select o1_0.order_id,c1_0.cust_id,c1_0.address,c1_0.email,c1_0.cust_name,c1_0.phone,o1_0.employee_id,e1_0.emp_id,e1_0.address,e1_0.dob,e1_0.email,e1_0.full_name,e1_0.phone,e1_0.status,o1_0.order_date,o2_0.order_id,o2_0.product_id,p1_0.product_id,p1_0.description,p1_0.manufacturer_name,p1_0.name,p1_0.status,p1_0.unit,o2_0.note,o2_0.price,o2_0.quantity from orders o1_0 left join customer c1_0 on c1_0.cust_id=o1_0.cust_id join employee e1_0 on e1_0.emp_id=o1_0.employee_id left join order_detail o2_0 on o1_0.order_id=o2_0.order_id left join product p1_0 on p1_0.product_id=o2_0.product_id where o1_0.order_id=?
Hibernate: select p1_0.product_id,p1_0.price_date_time,p1_0.note,p1_0.price from product_price p1_0 where p1_0.product_id=?
Hibernate: select p1_0.product_id,p1_0.image_id,p1_0.alternative,p1_0.path from product_image p1_0 where p1_0.product_id=?
Hibernate: select o1_0.product_id,o1_0.order_id,o2_0.order_id,c1_0.cust_id,c1_0.address,c1_0.email,c1_0.cust_name,c1_0.phone,o2_0.employee_id,e1_0.emp_id,e1_0.address,e1_0.dob,e1_0.email,e1_0.full_name,e1_0.phone,e1_0.status,o2_0.order_date,o1_0.note,o1_0.price,o1_0.quantity from order_detail o1_0 join orders o2_0 on o2_0.order_id=o1_0.order_id left join customer c1_0 on c1_0.cust_id=o2_0.cust_id left join employee e1_0 on e1_0.emp_id=o2_0.employee_id where o1_0.product_id=?
Hibernate: select l1_0.employee_id,l1_0.order_id,c1_0.cust_id,c1_0.address,c1_0.email,c1_0.cust_name,c1_0.phone,l1_0.order_date from orders l1_0 left join customer c1_0 on c1_0.cust_id=l1_0.cust_id where l1_0.employee_id=?
Hibernate: select p1_0.product_id,p1_0.description,p1_0.manufacturer_name,p1_0.name,p1_0.status,p1_0.unit,o1_0.product_id,o1_0.order_id,o2_0.order_id,c1_0.cust_id,c1_0.address,c1_0.email,c1_0.cust_name,c1_0.phone,o2_0.employee_id,e1_0.emp_id,e1_0.address,e1_0.dob,e1_0.email,e1_0.full_name,e1_0.phone,e1_0.status,o2_0.order_date,o1_0.note,o1_0.price,o1_0.quantity from product p1_0 left join order_detail o1_0 on p1_0.product_id=o1_0.product_id left join orders o2_0 on o2_0.order_id=o1_0.order_id left join customer c1_0 on c1_0.cust_id=o2_0.cust_id left join employee e1_0 on e1_0.emp_id=o2_0.employee_id where p1_0.product_id=?
Hibernate: select p1_0.product_id,p1_0.price_date_time,p1_0.note,p1_0.price from product_price p1_0 where p1_0.product_id=?
Hibernate: select p1_0.product_id,p1_0.image_id,p1_0.alternative,p1_0.path from product_image p1_0 where p1_0.product_id=?
Hibernate: insert into order_detail (note,price,quantity,order_id,product_id) values (?,?,?,?,?)
Hibernate: update orders set cust_id=?,employee_id=?,order_date=? where order_id=?
Hibernate: select p1_0.product_id,p1_0.description,p1_0.manufacturer_name,p1_0.name,p1_0.status,p1_0.unit from product p1_0 where p1_0.product_id=?
Hibernate: select o1_0.order_id,o2_0.order_id,c1_0.cust_id,c1_0.address,c1_0.email,c1_0.cust_name,c1_0.phone,o2_0.employee_id,e1_0.emp_id,e1_0.address,e1_0.dob,e1_0.email,e1_0.full_name,e1_0.phone,e1_0.status,o2_0.order_date,o1_0.product_id,p1_0.product_id,p1_0.description,p1_0.manufacturer_name,p1_0.name,p1_0.status,p1_0.unit,p2_0.product_id,p2_0.image_id,p2_0.alternative,p2_0.path,o1_0.note,o1_0.price,o1_0.quantity from order_detail o1_0 join orders o2_0 on o2_0.order_id=o1_0.order_id left join customer c1_0 on c1_0.cust_id=o2_0.cust_id left join employee e1_0 on e1_0.emp_id=o2_0.employee_id join product p1_0 on p1_0.product_id=o1_0.product_id left join product_image p2_0 on p1_0.product_id=p2_0.product_id where (o1_0.order_id,o1_0.product_id) in ((?,?))
Hibernate: select o1_0.order_id,c1_0.cust_id,c1_0.address,c1_0.email,c1_0.cust_name,c1_0.phone,o1_0.employee_id,e1_0.emp_id,e1_0.address,e1_0.dob,e1_0.email,e1_0.full_name,e1_0.phone,e1_0.status,o1_0.order_date,o2_0.order_id,o2_0.product_id,p1_0.product_id,p1_0.description,p1_0.manufacturer_name,p1_0.name,p1_0.status,p1_0.unit,o2_0.note,o2_0.price,o2_0.quantity from orders o1_0 left join customer c1_0 on c1_0.cust_id=o1_0.cust_id join employee e1_0 on e1_0.emp_id=o1_0.employee_id left join order_detail o2_0 on o1_0.order_id=o2_0.order_id left join product p1_0 on p1_0.product_id=o2_0.product_id where o1_0.order_id=?
Hibernate: select p1_0.product_id,p1_0.price_date_time,p1_0.note,p1_0.price from product_price p1_0 where p1_0.product_id=?
Hibernate: select p1_0.product_id,p1_0.image_id,p1_0.alternative,p1_0.path from product_image p1_0 where p1_0.product_id=?
Hibernate: select o1_0.product_id,o1_0.order_id,o2_0.order_id,c1_0.cust_id,c1_0.address,c1_0.email,c1_0.cust_name,c1_0.phone,o2_0.employee_id,e1_0.emp_id,e1_0.address,e1_0.dob,e1_0.email,e1_0.full_name,e1_0.phone,e1_0.status,o2_0.order_date,o1_0.note,o1_0.price,o1_0.quantity from order_detail o1_0 join orders o2_0 on o2_0.order_id=o1_0.order_id left join customer c1_0 on c1_0.cust_id=o2_0.cust_id left join employee e1_0 on e1_0.emp_id=o2_0.employee_id where o1_0.product_id=?
Hibernate: select p1_0.product_id,p1_0.price_date_time,p1_0.note,p1_0.price from product_price p1_0 where p1_0.product_id=?
Hibernate: select p1_0.product_id,p1_0.image_id,p1_0.alternative,p1_0.path from product_image p1_0 where p1_0.product_id=?
Hibernate: select o1_0.product_id,o1_0.order_id,o2_0.order_id,c1_0.cust_id,c1_0.address,c1_0.email,c1_0.cust_name,c1_0.phone,o2_0.employee_id,e1_0.emp_id,e1_0.address,e1_0.dob,e1_0.email,e1_0.full_name,e1_0.phone,e1_0.status,o2_0.order_date,o1_0.note,o1_0.price,o1_0.quantity from order_detail o1_0 join orders o2_0 on o2_0.order_id=o1_0.order_id left join customer c1_0 on c1_0.cust_id=o2_0.cust_id left join employee e1_0 on e1_0.emp_id=o2_0.employee_id where o1_0.product_id=?
Hibernate: select l1_0.employee_id,l1_0.order_id,c1_0.cust_id,c1_0.address,c1_0.email,c1_0.cust_name,c1_0.phone,l1_0.order_date from orders l1_0 left join customer c1_0 on c1_0.cust_id=l1_0.cust_id where l1_0.employee_id=?
Hibernate: select p1_0.product_id,p1_0.description,p1_0.manufacturer_name,p1_0.name,p1_0.status,p1_0.unit,o1_0.product_id,o1_0.order_id,o2_0.order_id,c1_0.cust_id,c1_0.address,c1_0.email,c1_0.cust_name,c1_0.phone,o2_0.employee_id,e1_0.emp_id,e1_0.address,e1_0.dob,e1_0.email,e1_0.full_name,e1_0.phone,e1_0.status,o2_0.order_date,o1_0.note,o1_0.price,o1_0.quantity from product p1_0 left join order_detail o1_0 on p1_0.product_id=o1_0.product_id left join orders o2_0 on o2_0.order_id=o1_0.order_id left join customer c1_0 on c1_0.cust_id=o2_0.cust_id left join employee e1_0 on e1_0.emp_id=o2_0.employee_id where p1_0.product_id=?
Hibernate: select p1_0.product_id,p1_0.price_date_time,p1_0.note,p1_0.price from product_price p1_0 where p1_0.product_id=?
Hibernate: select p1_0.product_id,p1_0.image_id,p1_0.alternative,p1_0.path from product_image p1_0 where p1_0.product_id=?
Hibernate: select o1_0.order_id,o1_0.product_id,p1_0.product_id,p1_0.description,p1_0.manufacturer_name,p1_0.name,p1_0.status,p1_0.unit,o1_0.note,o1_0.price,o1_0.quantity from order_detail o1_0 join product p1_0 on p1_0.product_id=o1_0.product_id where o1_0.order_id=?
Hibernate: select l1_0.employee_id,l1_0.order_id,c1_0.cust_id,c1_0.address,c1_0.email,c1_0.cust_name,c1_0.phone,l1_0.order_date from orders l1_0 left join customer c1_0 on c1_0.cust_id=l1_0.cust_id where l1_0.employee_id=?
Hibernate: insert into order_detail (note,price,quantity,order_id,product_id) values (?,?,?,?,?)
Hibernate: update orders set cust_id=?,employee_id=?,order_date=? where order_id=?
Hibernate: select e1_0.emp_id,e1_0.address,e1_0.dob,e1_0.email,e1_0.full_name,e1_0.phone,e1_0.status from employee e1_0 where e1_0.emp_id=?
Hibernate: select c1_0.cust_id,c1_0.address,c1_0.email,c1_0.cust_name,c1_0.phone from customer c1_0 where c1_0.cust_id=?
Hibernate: select o1_0.order_id,c1_0.cust_id,c1_0.address,c1_0.email,c1_0.cust_name,c1_0.phone,o1_0.employee_id,e1_0.emp_id,e1_0.address,e1_0.dob,e1_0.email,e1_0.full_name,e1_0.phone,e1_0.status,o1_0.order_date,o2_0.order_id,o2_0.product_id,p1_0.product_id,p1_0.description,p1_0.manufacturer_name,p1_0.name,p1_0.status,p1_0.unit,o2_0.note,o2_0.price,o2_0.quantity from orders o1_0 left join customer c1_0 on c1_0.cust_id=o1_0.cust_id join employee e1_0 on e1_0.emp_id=o1_0.employee_id left join order_detail o2_0 on o1_0.order_id=o2_0.order_id left join product p1_0 on p1_0.product_id=o2_0.product_id where o1_0.order_id=?
Hibernate: select c1_0.cust_id,c1_0.address,c1_0.email,c1_0.cust_name,c1_0.phone from customer c1_0 where c1_0.cust_id=?
Hibernate: select e1_0.emp_id,e1_0.address,e1_0.dob,e1_0.email,e1_0.full_name,e1_0.phone,e1_0.status from employee e1_0 where e1_0.emp_id=?
Hibernate: insert into orders (cust_id,employee_id,order_date,order_id) values (?,?,?,default)
Hibernate: select p1_0.product_id,p1_0.description,p1_0.manufacturer_name,p1_0.name,p1_0.status,p1_0.unit from product p1_0 where p1_0.product_id=?
Hibernate: select o1_0.order_id,o2_0.order_id,c1_0.cust_id,c1_0.address,c1_0.email,c1_0.cust_name,c1_0.phone,o2_0.employee_id,e1_0.emp_id,e1_0.address,e1_0.dob,e1_0.email,e1_0.full_name,e1_0.phone,e1_0.status,o2_0.order_date,o1_0.product_id,p1_0.product_id,p1_0.description,p1_0.manufacturer_name,p1_0.name,p1_0.status,p1_0.unit,p2_0.product_id,p2_0.image_id,p2_0.alternative,p2_0.path,o1_0.note,o1_0.price,o1_0.quantity from order_detail o1_0 join orders o2_0 on o2_0.order_id=o1_0.order_id left join customer c1_0 on c1_0.cust_id=o2_0.cust_id left join employee e1_0 on e1_0.emp_id=o2_0.employee_id join product p1_0 on p1_0.product_id=o1_0.product_id left join product_image p2_0 on p1_0.product_id=p2_0.product_id where (o1_0.order_id,o1_0.product_id) in ((?,?))
Hibernate: select o1_0.order_id,c1_0.cust_id,c1_0.address,c1_0.email,c1_0.cust_name,c1_0.phone,o1_0.employee_id,e1_0.emp_id,e1_0.address,e1_0.dob,e1_0.email,e1_0.full_name,e1_0.phone,e1_0.status,o1_0.order_date,o2_0.order_id,o2_0.product_id,p1_0.product_id,p1_0.description,p1_0.manufacturer_name,p1_0.name,p1_0.status,p1_0.unit,o2_0.note,o2_0.price,o2_0.quantity from orders o1_0 left join customer c1_0 on c1_0.cust_id=o1_0.cust_id join employee e1_0 on e1_0.emp_id=o1_0.employee_id left join order_detail o2_0 on o1_0.order_id=o2_0.order_id left join product p1_0 on p1_0.product_id=o2_0.product_id where o1_0.order_id=?
Hibernate: select l1_0.employee_id,l1_0.order_id,c1_0.cust_id,c1_0.address,c1_0.email,c1_0.cust_name,c1_0.phone,l1_0.order_date from orders l1_0 left join customer c1_0 on c1_0.cust_id=l1_0.cust_id where l1_0.employee_id=?
Hibernate: select p1_0.product_id,p1_0.description,p1_0.manufacturer_name,p1_0.name,p1_0.status,p1_0.unit,o1_0.product_id,o1_0.order_id,o2_0.order_id,c1_0.cust_id,c1_0.address,c1_0.email,c1_0.cust_name,c1_0.phone,o2_0.employee_id,e1_0.emp_id,e1_0.address,e1_0.dob,e1_0.email,e1_0.full_name,e1_0.phone,e1_0.status,o2_0.order_date,o1_0.note,o1_0.price,o1_0.quantity from product p1_0 left join order_detail o1_0 on p1_0.product_id=o1_0.product_id left join orders o2_0 on o2_0.order_id=o1_0.order_id left join customer c1_0 on c1_0.cust_id=o2_0.cust_id left join employee e1_0 on e1_0.emp_id=o2_0.employee_id where p1_0.product_id=?
Hibernate: select p1_0.product_id,p1_0.price_date_time,p1_0.note,p1_0.price from product_price p1_0 where p1_0.product_id=?
Hibernate: select p1_0.product_id,p1_0.image_id,p1_0.alternative,p1_0.path from product_image p1_0 where p1_0.product_id=?
Hibernate: insert into order_detail (note,price,quantity,order_id,product_id) values (?,?,?,?,?)
Hibernate: update orders set cust_id=?,employee_id=?,order_date=? where order_id=?
Hibernate: select p1_0.product_id,p1_0.description,p1_0.manufacturer_name,p1_0.name,p1_0.status,p1_0.unit from product p1_0 where p1_0.product_id=?
Hibernate: select o1_0.order_id,o2_0.order_id,c1_0.cust_id,c1_0.address,c1_0.email,c1_0.cust_name,c1_0.phone,o2_0.employee_id,e1_0.emp_id,e1_0.address,e1_0.dob,e1_0.email,e1_0.full_name,e1_0.phone,e1_0.status,o2_0.order_date,o1_0.product_id,p1_0.product_id,p1_0.description,p1_0.manufacturer_name,p1_0.name,p1_0.status,p1_0.unit,p2_0.product_id,p2_0.image_id,p2_0.alternative,p2_0.path,o1_0.note,o1_0.price,o1_0.quantity from order_detail o1_0 join orders o2_0 on o2_0.order_id=o1_0.order_id left join customer c1_0 on c1_0.cust_id=o2_0.cust_id left join employee e1_0 on e1_0.emp_id=o2_0.employee_id join product p1_0 on p1_0.product_id=o1_0.product_id left join product_image p2_0 on p1_0.product_id=p2_0.product_id where (o1_0.order_id,o1_0.product_id) in ((?,?))
Hibernate: select o1_0.order_id,c1_0.cust_id,c1_0.address,c1_0.email,c1_0.cust_name,c1_0.phone,o1_0.employee_id,e1_0.emp_id,e1_0.address,e1_0.dob,e1_0.email,e1_0.full_name,e1_0.phone,e1_0.status,o1_0.order_date,o2_0.order_id,o2_0.product_id,p1_0.product_id,p1_0.description,p1_0.manufacturer_name,p1_0.name,p1_0.status,p1_0.unit,o2_0.note,o2_0.price,o2_0.quantity from orders o1_0 left join customer c1_0 on c1_0.cust_id=o1_0.cust_id join employee e1_0 on e1_0.emp_id=o1_0.employee_id left join order_detail o2_0 on o1_0.order_id=o2_0.order_id left join product p1_0 on p1_0.product_id=o2_0.product_id where o1_0.order_id=?
Hibernate: select p1_0.product_id,p1_0.price_date_time,p1_0.note,p1_0.price from product_price p1_0 where p1_0.product_id=?
Hibernate: select p1_0.product_id,p1_0.image_id,p1_0.alternative,p1_0.path from product_image p1_0 where p1_0.product_id=?
Hibernate: select o1_0.product_id,o1_0.order_id,o2_0.order_id,c1_0.cust_id,c1_0.address,c1_0.email,c1_0.cust_name,c1_0.phone,o2_0.employee_id,e1_0.emp_id,e1_0.address,e1_0.dob,e1_0.email,e1_0.full_name,e1_0.phone,e1_0.status,o2_0.order_date,o1_0.note,o1_0.price,o1_0.quantity from order_detail o1_0 join orders o2_0 on o2_0.order_id=o1_0.order_id left join customer c1_0 on c1_0.cust_id=o2_0.cust_id left join employee e1_0 on e1_0.emp_id=o2_0.employee_id where o1_0.product_id=?
Hibernate: select l1_0.employee_id,l1_0.order_id,c1_0.cust_id,c1_0.address,c1_0.email,c1_0.cust_name,c1_0.phone,l1_0.order_date from orders l1_0 left join customer c1_0 on c1_0.cust_id=l1_0.cust_id where l1_0.employee_id=?
Hibernate: select p1_0.product_id,p1_0.description,p1_0.manufacturer_name,p1_0.name,p1_0.status,p1_0.unit,o1_0.product_id,o1_0.order_id,o2_0.order_id,c1_0.cust_id,c1_0.address,c1_0.email,c1_0.cust_name,c1_0.phone,o2_0.employee_id,e1_0.emp_id,e1_0.address,e1_0.dob,e1_0.email,e1_0.full_name,e1_0.phone,e1_0.status,o2_0.order_date,o1_0.note,o1_0.price,o1_0.quantity from product p1_0 left join order_detail o1_0 on p1_0.product_id=o1_0.product_id left join orders o2_0 on o2_0.order_id=o1_0.order_id left join customer c1_0 on c1_0.cust_id=o2_0.cust_id left join employee e1_0 on e1_0.emp_id=o2_0.employee_id where p1_0.product_id=?
Hibernate: select o1_0.order_id,o1_0.product_id,p1_0.product_id,p1_0.description,p1_0.manufacturer_name,p1_0.name,p1_0.status,p1_0.unit,o1_0.note,o1_0.price,o1_0.quantity from order_detail o1_0 join product p1_0 on p1_0.product_id=o1_0.product_id where o1_0.order_id=?
Hibernate: select l1_0.employee_id,l1_0.order_id,c1_0.cust_id,c1_0.address,c1_0.email,c1_0.cust_name,c1_0.phone,l1_0.order_date from orders l1_0 left join customer c1_0 on c1_0.cust_id=l1_0.cust_id where l1_0.employee_id=?
Hibernate: select p1_0.product_id,p1_0.price_date_time,p1_0.note,p1_0.price from product_price p1_0 where p1_0.product_id=?
Hibernate: select p1_0.product_id,p1_0.image_id,p1_0.alternative,p1_0.path from product_image p1_0 where p1_0.product_id=?
Hibernate: select o1_0.order_id,o1_0.product_id,p1_0.product_id,p1_0.description,p1_0.manufacturer_name,p1_0.name,p1_0.status,p1_0.unit,o1_0.note,o1_0.price,o1_0.quantity from order_detail o1_0 join product p1_0 on p1_0.product_id=o1_0.product_id where o1_0.order_id=?
Hibernate: select l1_0.employee_id,l1_0.order_id,c1_0.cust_id,c1_0.address,c1_0.email,c1_0.cust_name,c1_0.phone,l1_0.order_date from orders l1_0 left join customer c1_0 on c1_0.cust_id=l1_0.cust_id where l1_0.employee_id=?
Hibernate: insert into order_detail (note,price,quantity,order_id,product_id) values (?,?,?,?,?)
Hibernate: update orders set cust_id=?,employee_id=?,order_date=? where order_id=?
Hibernate: select p1_0.product_id,p1_0.description,p1_0.manufacturer_name,p1_0.name,p1_0.status,p1_0.unit from product p1_0 where p1_0.product_id=?
Hibernate: select o1_0.order_id,o2_0.order_id,c1_0.cust_id,c1_0.address,c1_0.email,c1_0.cust_name,c1_0.phone,o2_0.employee_id,e1_0.emp_id,e1_0.address,e1_0.dob,e1_0.email,e1_0.full_name,e1_0.phone,e1_0.status,o2_0.order_date,o1_0.product_id,p1_0.product_id,p1_0.description,p1_0.manufacturer_name,p1_0.name,p1_0.status,p1_0.unit,p2_0.product_id,p2_0.image_id,p2_0.alternative,p2_0.path,o1_0.note,o1_0.price,o1_0.quantity from order_detail o1_0 join orders o2_0 on o2_0.order_id=o1_0.order_id left join customer c1_0 on c1_0.cust_id=o2_0.cust_id left join employee e1_0 on e1_0.emp_id=o2_0.employee_id join product p1_0 on p1_0.product_id=o1_0.product_id left join product_image p2_0 on p1_0.product_id=p2_0.product_id where (o1_0.order_id,o1_0.product_id) in ((?,?))
Hibernate: select o1_0.order_id,c1_0.cust_id,c1_0.address,c1_0.email,c1_0.cust_name,c1_0.phone,o1_0.employee_id,e1_0.emp_id,e1_0.address,e1_0.dob,e1_0.email,e1_0.full_name,e1_0.phone,e1_0.status,o1_0.order_date,o2_0.order_id,o2_0.product_id,p1_0.product_id,p1_0.description,p1_0.manufacturer_name,p1_0.name,p1_0.status,p1_0.unit,o2_0.note,o2_0.price,o2_0.quantity from orders o1_0 left join customer c1_0 on c1_0.cust_id=o1_0.cust_id join employee e1_0 on e1_0.emp_id=o1_0.employee_id left join order_detail o2_0 on o1_0.order_id=o2_0.order_id left join product p1_0 on p1_0.product_id=o2_0.product_id where o1_0.order_id=?
Hibernate: select p1_0.product_id,p1_0.price_date_time,p1_0.note,p1_0.price from product_price p1_0 where p1_0.product_id=?
Hibernate: select p1_0.product_id,p1_0.image_id,p1_0.alternative,p1_0.path from product_image p1_0 where p1_0.product_id=?
Hibernate: select o1_0.product_id,o1_0.order_id,o2_0.order_id,c1_0.cust_id,c1_0.address,c1_0.email,c1_0.cust_name,c1_0.phone,o2_0.employee_id,e1_0.emp_id,e1_0.address,e1_0.dob,e1_0.email,e1_0.full_name,e1_0.phone,e1_0.status,o2_0.order_date,o1_0.note,o1_0.price,o1_0.quantity from order_detail o1_0 join orders o2_0 on o2_0.order_id=o1_0.order_id left join customer c1_0 on c1_0.cust_id=o2_0.cust_id left join employee e1_0 on e1_0.emp_id=o2_0.employee_id where o1_0.product_id=?
Hibernate: select p1_0.product_id,p1_0.price_date_time,p1_0.note,p1_0.price from product_price p1_0 where p1_0.product_id=?
Hibernate: select p1_0.product_id,p1_0.image_id,p1_0.alternative,p1_0.path from product_image p1_0 where p1_0.product_id=?
Hibernate: select o1_0.product_id,o1_0.order_id,o2_0.order_id,c1_0.cust_id,c1_0.address,c1_0.email,c1_0.cust_name,c1_0.phone,o2_0.employee_id,e1_0.emp_id,e1_0.address,e1_0.dob,e1_0.email,e1_0.full_name,e1_0.phone,e1_0.status,o2_0.order_date,o1_0.note,o1_0.price,o1_0.quantity from order_detail o1_0 join orders o2_0 on o2_0.order_id=o1_0.order_id left join customer c1_0 on c1_0.cust_id=o2_0.cust_id left join employee e1_0 on e1_0.emp_id=o2_0.employee_id where o1_0.product_id=?
Hibernate: select l1_0.employee_id,l1_0.order_id,c1_0.cust_id,c1_0.address,c1_0.email,c1_0.cust_name,c1_0.phone,l1_0.order_date from orders l1_0 left join customer c1_0 on c1_0.cust_id=l1_0.cust_id where l1_0.employee_id=?
Hibernate: select p1_0.product_id,p1_0.description,p1_0.manufacturer_name,p1_0.name,p1_0.status,p1_0.unit,o1_0.product_id,o1_0.order_id,o2_0.order_id,c1_0.cust_id,c1_0.address,c1_0.email,c1_0.cust_name,c1_0.phone,o2_0.employee_id,e1_0.emp_id,e1_0.address,e1_0.dob,e1_0.email,e1_0.full_name,e1_0.phone,e1_0.status,o2_0.order_date,o1_0.note,o1_0.price,o1_0.quantity from product p1_0 left join order_detail o1_0 on p1_0.product_id=o1_0.product_id left join orders o2_0 on o2_0.order_id=o1_0.order_id left join customer c1_0 on c1_0.cust_id=o2_0.cust_id left join employee e1_0 on e1_0.emp_id=o2_0.employee_id where p1_0.product_id=?
Hibernate: select p1_0.product_id,p1_0.price_date_time,p1_0.note,p1_0.price from product_price p1_0 where p1_0.product_id=?
Hibernate: select p1_0.product_id,p1_0.image_id,p1_0.alternative,p1_0.path from product_image p1_0 where p1_0.product_id=?
Hibernate: select o1_0.order_id,o1_0.product_id,p1_0.product_id,p1_0.description,p1_0.manufacturer_name,p1_0.name,p1_0.status,p1_0.unit,o1_0.note,o1_0.price,o1_0.quantity from order_detail o1_0 join product p1_0 on p1_0.product_id=o1_0.product_id where o1_0.order_id=?
Hibernate: select l1_0.employee_id,l1_0.order_id,c1_0.cust_id,c1_0.address,c1_0.email,c1_0.cust_name,c1_0.phone,l1_0.order_date from orders l1_0 left join customer c1_0 on c1_0.cust_id=l1_0.cust_id where l1_0.employee_id=?
Hibernate: insert into order_detail (note,price,quantity,order_id,product_id) values (?,?,?,?,?)
Hibernate: update orders set cust_id=?,employee_id=?,order_date=? where order_id=?
Hibernate: select e1_0.emp_id,e1_0.address,e1_0.dob,e1_0.email,e1_0.full_name,e1_0.phone,e1_0.status from employee e1_0 where e1_0.emp_id=?
Hibernate: select c1_0.cust_id,c1_0.address,c1_0.email,c1_0.cust_name,c1_0.phone from customer c1_0 where c1_0.cust_id=?
Hibernate: select o1_0.order_id,c1_0.cust_id,c1_0.address,c1_0.email,c1_0.cust_name,c1_0.phone,o1_0.employee_id,e1_0.emp_id,e1_0.address,e1_0.dob,e1_0.email,e1_0.full_name,e1_0.phone,e1_0.status,o1_0.order_date,o2_0.order_id,o2_0.product_id,p1_0.product_id,p1_0.description,p1_0.manufacturer_name,p1_0.name,p1_0.status,p1_0.unit,o2_0.note,o2_0.price,o2_0.quantity from orders o1_0 left join customer c1_0 on c1_0.cust_id=o1_0.cust_id join employee e1_0 on e1_0.emp_id=o1_0.employee_id left join order_detail o2_0 on o1_0.order_id=o2_0.order_id left join product p1_0 on p1_0.product_id=o2_0.product_id where o1_0.order_id=?
Hibernate: select c1_0.cust_id,c1_0.address,c1_0.email,c1_0.cust_name,c1_0.phone from customer c1_0 where c1_0.cust_id=?
Hibernate: select e1_0.emp_id,e1_0.address,e1_0.dob,e1_0.email,e1_0.full_name,e1_0.phone,e1_0.status from employee e1_0 where e1_0.emp_id=?
Hibernate: insert into orders (cust_id,employee_id,order_date,order_id) values (?,?,?,default)
Hibernate: select p1_0.product_id,p1_0.description,p1_0.manufacturer_name,p1_0.name,p1_0.status,p1_0.unit from product p1_0 where p1_0.product_id=?
Hibernate: select o1_0.order_id,o2_0.order_id,c1_0.cust_id,c1_0.address,c1_0.email,c1_0.cust_name,c1_0.phone,o2_0.employee_id,e1_0.emp_id,e1_0.address,e1_0.dob,e1_0.email,e1_0.full_name,e1_0.phone,e1_0.status,o2_0.order_date,o1_0.product_id,p1_0.product_id,p1_0.description,p1_0.manufacturer_name,p1_0.name,p1_0.status,p1_0.unit,p2_0.product_id,p2_0.image_id,p2_0.alternative,p2_0.path,o1_0.note,o1_0.price,o1_0.quantity from order_detail o1_0 join orders o2_0 on o2_0.order_id=o1_0.order_id left join customer c1_0 on c1_0.cust_id=o2_0.cust_id left join employee e1_0 on e1_0.emp_id=o2_0.employee_id join product p1_0 on p1_0.product_id=o1_0.product_id left join product_image p2_0 on p1_0.product_id=p2_0.product_id where (o1_0.order_id,o1_0.product_id) in ((?,?))
Hibernate: select o1_0.order_id,c1_0.cust_id,c1_0.address,c1_0.email,c1_0.cust_name,c1_0.phone,o1_0.employee_id,e1_0.emp_id,e1_0.address,e1_0.dob,e1_0.email,e1_0.full_name,e1_0.phone,e1_0.status,o1_0.order_date,o2_0.order_id,o2_0.product_id,p1_0.product_id,p1_0.description,p1_0.manufacturer_name,p1_0.name,p1_0.status,p1_0.unit,o2_0.note,o2_0.price,o2_0.quantity from orders o1_0 left join customer c1_0 on c1_0.cust_id=o1_0.cust_id join employee e1_0 on e1_0.emp_id=o1_0.employee_id left join order_detail o2_0 on o1_0.order_id=o2_0.order_id left join product p1_0 on p1_0.product_id=o2_0.product_id where o1_0.order_id=?
Hibernate: select l1_0.employee_id,l1_0.order_id,c1_0.cust_id,c1_0.address,c1_0.email,c1_0.cust_name,c1_0.phone,l1_0.order_date from orders l1_0 left join customer c1_0 on c1_0.cust_id=l1_0.cust_id where l1_0.employee_id=?
Hibernate: select p1_0.product_id,p1_0.description,p1_0.manufacturer_name,p1_0.name,p1_0.status,p1_0.unit,o1_0.product_id,o1_0.order_id,o2_0.order_id,c1_0.cust_id,c1_0.address,c1_0.email,c1_0.cust_name,c1_0.phone,o2_0.employee_id,e1_0.emp_id,e1_0.address,e1_0.dob,e1_0.email,e1_0.full_name,e1_0.phone,e1_0.status,o2_0.order_date,o1_0.note,o1_0.price,o1_0.quantity from product p1_0 left join order_detail o1_0 on p1_0.product_id=o1_0.product_id left join orders o2_0 on o2_0.order_id=o1_0.order_id left join customer c1_0 on c1_0.cust_id=o2_0.cust_id left join employee e1_0 on e1_0.emp_id=o2_0.employee_id where p1_0.product_id=?
Hibernate: select p1_0.product_id,p1_0.price_date_time,p1_0.note,p1_0.price from product_price p1_0 where p1_0.product_id=?
Hibernate: select p1_0.product_id,p1_0.image_id,p1_0.alternative,p1_0.path from product_image p1_0 where p1_0.product_id=?
Hibernate: select o1_0.order_id,o1_0.product_id,p1_0.product_id,p1_0.description,p1_0.manufacturer_name,p1_0.name,p1_0.status,p1_0.unit,o1_0.note,o1_0.price,o1_0.quantity from order_detail o1_0 join product p1_0 on p1_0.product_id=o1_0.product_id where o1_0.order_id=?
Hibernate: select l1_0.employee_id,l1_0.order_id,c1_0.cust_id,c1_0.address,c1_0.email,c1_0.cust_name,c1_0.phone,l1_0.order_date from orders l1_0 left join customer c1_0 on c1_0.cust_id=l1_0.cust_id where l1_0.employee_id=?
Hibernate: insert into order_detail (note,price,quantity,order_id,product_id) values (?,?,?,?,?)
Hibernate: select p1_0.product_id,p1_0.description,p1_0.manufacturer_name,p1_0.name,p1_0.status,p1_0.unit from product p1_0 where p1_0.product_id=?
Hibernate: select o1_0.order_id,o2_0.order_id,c1_0.cust_id,c1_0.address,c1_0.email,c1_0.cust_name,c1_0.phone,o2_0.employee_id,e1_0.emp_id,e1_0.address,e1_0.dob,e1_0.email,e1_0.full_name,e1_0.phone,e1_0.status,o2_0.order_date,o1_0.product_id,p1_0.product_id,p1_0.description,p1_0.manufacturer_name,p1_0.name,p1_0.status,p1_0.unit,p2_0.product_id,p2_0.image_id,p2_0.alternative,p2_0.path,o1_0.note,o1_0.price,o1_0.quantity from order_detail o1_0 join orders o2_0 on o2_0.order_id=o1_0.order_id left join customer c1_0 on c1_0.cust_id=o2_0.cust_id left join employee e1_0 on e1_0.emp_id=o2_0.employee_id join product p1_0 on p1_0.product_id=o1_0.product_id left join product_image p2_0 on p1_0.product_id=p2_0.product_id where (o1_0.order_id,o1_0.product_id) in ((?,?))
Hibernate: select o1_0.order_id,c1_0.cust_id,c1_0.address,c1_0.email,c1_0.cust_name,c1_0.phone,o1_0.employee_id,e1_0.emp_id,e1_0.address,e1_0.dob,e1_0.email,e1_0.full_name,e1_0.phone,e1_0.status,o1_0.order_date,o2_0.order_id,o2_0.product_id,p1_0.product_id,p1_0.description,p1_0.manufacturer_name,p1_0.name,p1_0.status,p1_0.unit,o2_0.note,o2_0.price,o2_0.quantity from orders o1_0 left join customer c1_0 on c1_0.cust_id=o1_0.cust_id join employee e1_0 on e1_0.emp_id=o1_0.employee_id left join order_detail o2_0 on o1_0.order_id=o2_0.order_id left join product p1_0 on p1_0.product_id=o2_0.product_id where o1_0.order_id=?
Hibernate: select p1_0.product_id,p1_0.price_date_time,p1_0.note,p1_0.price from product_price p1_0 where p1_0.product_id=?
Hibernate: select p1_0.product_id,p1_0.image_id,p1_0.alternative,p1_0.path from product_image p1_0 where p1_0.product_id=?
Hibernate: select o1_0.product_id,o1_0.order_id,o2_0.order_id,c1_0.cust_id,c1_0.address,c1_0.email,c1_0.cust_name,c1_0.phone,o2_0.employee_id,e1_0.emp_id,e1_0.address,e1_0.dob,e1_0.email,e1_0.full_name,e1_0.phone,e1_0.status,o2_0.order_date,o1_0.note,o1_0.price,o1_0.quantity from order_detail o1_0 join orders o2_0 on o2_0.order_id=o1_0.order_id left join customer c1_0 on c1_0.cust_id=o2_0.cust_id left join employee e1_0 on e1_0.emp_id=o2_0.employee_id where o1_0.product_id=?
Hibernate: select l1_0.employee_id,l1_0.order_id,c1_0.cust_id,c1_0.address,c1_0.email,c1_0.cust_name,c1_0.phone,l1_0.order_date from orders l1_0 left join customer c1_0 on c1_0.cust_id=l1_0.cust_id where l1_0.employee_id=?
Hibernate: select p1_0.product_id,p1_0.description,p1_0.manufacturer_name,p1_0.name,p1_0.status,p1_0.unit,o1_0.product_id,o1_0.order_id,o2_0.order_id,c1_0.cust_id,c1_0.address,c1_0.email,c1_0.cust_name,c1_0.phone,o2_0.employee_id,e1_0.emp_id,e1_0.address,e1_0.dob,e1_0.email,e1_0.full_name,e1_0.phone,e1_0.status,o2_0.order_date,o1_0.note,o1_0.price,o1_0.quantity from product p1_0 left join order_detail o1_0 on p1_0.product_id=o1_0.product_id left join orders o2_0 on o2_0.order_id=o1_0.order_id left join customer c1_0 on c1_0.cust_id=o2_0.cust_id left join employee e1_0 on e1_0.emp_id=o2_0.employee_id where p1_0.product_id=?
Hibernate: select p1_0.product_id,p1_0.price_date_time,p1_0.note,p1_0.price from product_price p1_0 where p1_0.product_id=?
Hibernate: select p1_0.product_id,p1_0.image_id,p1_0.alternative,p1_0.path from product_image p1_0 where p1_0.product_id=?
Hibernate: insert into order_detail (note,price,quantity,order_id,product_id) values (?,?,?,?,?)
Hibernate: select p1_0.product_id,p1_0.description,p1_0.manufacturer_name,p1_0.name,p1_0.status,p1_0.unit from product p1_0 where p1_0.product_id=?
Hibernate: select o1_0.order_id,o2_0.order_id,c1_0.cust_id,c1_0.address,c1_0.email,c1_0.cust_name,c1_0.phone,o2_0.employee_id,e1_0.emp_id,e1_0.address,e1_0.dob,e1_0.email,e1_0.full_name,e1_0.phone,e1_0.status,o2_0.order_date,o1_0.product_id,p1_0.product_id,p1_0.description,p1_0.manufacturer_name,p1_0.name,p1_0.status,p1_0.unit,p2_0.product_id,p2_0.image_id,p2_0.alternative,p2_0.path,o1_0.note,o1_0.price,o1_0.quantity from order_detail o1_0 join orders o2_0 on o2_0.order_id=o1_0.order_id left join customer c1_0 on c1_0.cust_id=o2_0.cust_id left join employee e1_0 on e1_0.emp_id=o2_0.employee_id join product p1_0 on p1_0.product_id=o1_0.product_id left join product_image p2_0 on p1_0.product_id=p2_0.product_id where (o1_0.order_id,o1_0.product_id) in ((?,?))
Hibernate: select o1_0.order_id,c1_0.cust_id,c1_0.address,c1_0.email,c1_0.cust_name,c1_0.phone,o1_0.employee_id,e1_0.emp_id,e1_0.address,e1_0.dob,e1_0.email,e1_0.full_name,e1_0.phone,e1_0.status,o1_0.order_date,o2_0.order_id,o2_0.product_id,p1_0.product_id,p1_0.description,p1_0.manufacturer_name,p1_0.name,p1_0.status,p1_0.unit,o2_0.note,o2_0.price,o2_0.quantity from orders o1_0 left join customer c1_0 on c1_0.cust_id=o1_0.cust_id join employee e1_0 on e1_0.emp_id=o1_0.employee_id left join order_detail o2_0 on o1_0.order_id=o2_0.order_id left join product p1_0 on p1_0.product_id=o2_0.product_id where o1_0.order_id=?
Hibernate: select p1_0.product_id,p1_0.price_date_time,p1_0.note,p1_0.price from product_price p1_0 where p1_0.product_id=?
Hibernate: select p1_0.product_id,p1_0.image_id,p1_0.alternative,p1_0.path from product_image p1_0 where p1_0.product_id=?
Hibernate: select o1_0.product_id,o1_0.order_id,o2_0.order_id,c1_0.cust_id,c1_0.address,c1_0.email,c1_0.cust_name,c1_0.phone,o2_0.employee_id,e1_0.emp_id,e1_0.address,e1_0.dob,e1_0.email,e1_0.full_name,e1_0.phone,e1_0.status,o2_0.order_date,o1_0.note,o1_0.price,o1_0.quantity from order_detail o1_0 join orders o2_0 on o2_0.order_id=o1_0.order_id left join customer c1_0 on c1_0.cust_id=o2_0.cust_id left join employee e1_0 on e1_0.emp_id=o2_0.employee_id where o1_0.product_id=?
Hibernate: select p1_0.product_id,p1_0.price_date_time,p1_0.note,p1_0.price from product_price p1_0 where p1_0.product_id=?
Hibernate: select p1_0.product_id,p1_0.image_id,p1_0.alternative,p1_0.path from product_image p1_0 where p1_0.product_id=?
Hibernate: select o1_0.product_id,o1_0.order_id,o2_0.order_id,c1_0.cust_id,c1_0.address,c1_0.email,c1_0.cust_name,c1_0.phone,o2_0.employee_id,e1_0.emp_id,e1_0.address,e1_0.dob,e1_0.email,e1_0.full_name,e1_0.phone,e1_0.status,o2_0.order_date,o1_0.note,o1_0.price,o1_0.quantity from order_detail o1_0 join orders o2_0 on o2_0.order_id=o1_0.order_id left join customer c1_0 on c1_0.cust_id=o2_0.cust_id left join employee e1_0 on e1_0.emp_id=o2_0.employee_id where o1_0.product_id=?
Hibernate: select l1_0.employee_id,l1_0.order_id,c1_0.cust_id,c1_0.address,c1_0.email,c1_0.cust_name,c1_0.phone,l1_0.order_date from orders l1_0 left join customer c1_0 on c1_0.cust_id=l1_0.cust_id where l1_0.employee_id=?
Hibernate: select p1_0.product_id,p1_0.description,p1_0.manufacturer_name,p1_0.name,p1_0.status,p1_0.unit,o1_0.product_id,o1_0.order_id,o2_0.order_id,c1_0.cust_id,c1_0.address,c1_0.email,c1_0.cust_name,c1_0.phone,o2_0.employee_id,e1_0.emp_id,e1_0.address,e1_0.dob,e1_0.email,e1_0.full_name,e1_0.phone,e1_0.status,o2_0.order_date,o1_0.note,o1_0.price,o1_0.quantity from product p1_0 left join order_detail o1_0 on p1_0.product_id=o1_0.product_id left join orders o2_0 on o2_0.order_id=o1_0.order_id left join customer c1_0 on c1_0.cust_id=o2_0.cust_id left join employee e1_0 on e1_0.emp_id=o2_0.employee_id where p1_0.product_id=?
Hibernate: select p1_0.product_id,p1_0.price_date_time,p1_0.note,p1_0.price from product_price p1_0 where p1_0.product_id=?
Hibernate: select p1_0.product_id,p1_0.image_id,p1_0.alternative,p1_0.path from product_image p1_0 where p1_0.product_id=?
Hibernate: insert into order_detail (note,price,quantity,order_id,product_id) values (?,?,?,?,?)
Hibernate: select e1_0.emp_id,e1_0.address,e1_0.dob,e1_0.email,e1_0.full_name,e1_0.phone,e1_0.status from employee e1_0 where e1_0.emp_id=?
Hibernate: select c1_0.cust_id,c1_0.address,c1_0.email,c1_0.cust_name,c1_0.phone from customer c1_0 where c1_0.cust_id=?
Hibernate: select o1_0.order_id,c1_0.cust_id,c1_0.address,c1_0.email,c1_0.cust_name,c1_0.phone,o1_0.employee_id,e1_0.emp_id,e1_0.address,e1_0.dob,e1_0.email,e1_0.full_name,e1_0.phone,e1_0.status,o1_0.order_date,o2_0.order_id,o2_0.product_id,p1_0.product_id,p1_0.description,p1_0.manufacturer_name,p1_0.name,p1_0.status,p1_0.unit,o2_0.note,o2_0.price,o2_0.quantity from orders o1_0 left join customer c1_0 on c1_0.cust_id=o1_0.cust_id join employee e1_0 on e1_0.emp_id=o1_0.employee_id left join order_detail o2_0 on o1_0.order_id=o2_0.order_id left join product p1_0 on p1_0.product_id=o2_0.product_id where o1_0.order_id=?
Hibernate: select c1_0.cust_id,c1_0.address,c1_0.email,c1_0.cust_name,c1_0.phone from customer c1_0 where c1_0.cust_id=?
Hibernate: select e1_0.emp_id,e1_0.address,e1_0.dob,e1_0.email,e1_0.full_name,e1_0.phone,e1_0.status from employee e1_0 where e1_0.emp_id=?
Hibernate: insert into orders (cust_id,employee_id,order_date,order_id) values (?,?,?,default)
Hibernate: select p1_0.product_id,p1_0.description,p1_0.manufacturer_name,p1_0.name,p1_0.status,p1_0.unit from product p1_0 where p1_0.product_id=?
Hibernate: select o1_0.order_id,o2_0.order_id,c1_0.cust_id,c1_0.address,c1_0.email,c1_0.cust_name,c1_0.phone,o2_0.employee_id,e1_0.emp_id,e1_0.address,e1_0.dob,e1_0.email,e1_0.full_name,e1_0.phone,e1_0.status,o2_0.order_date,o1_0.product_id,p1_0.product_id,p1_0.description,p1_0.manufacturer_name,p1_0.name,p1_0.status,p1_0.unit,p2_0.product_id,p2_0.image_id,p2_0.alternative,p2_0.path,o1_0.note,o1_0.price,o1_0.quantity from order_detail o1_0 join orders o2_0 on o2_0.order_id=o1_0.order_id left join customer c1_0 on c1_0.cust_id=o2_0.cust_id left join employee e1_0 on e1_0.emp_id=o2_0.employee_id join product p1_0 on p1_0.product_id=o1_0.product_id left join product_image p2_0 on p1_0.product_id=p2_0.product_id where (o1_0.order_id,o1_0.product_id) in ((?,?))
Hibernate: select o1_0.order_id,c1_0.cust_id,c1_0.address,c1_0.email,c1_0.cust_name,c1_0.phone,o1_0.employee_id,e1_0.emp_id,e1_0.address,e1_0.dob,e1_0.email,e1_0.full_name,e1_0.phone,e1_0.status,o1_0.order_date,o2_0.order_id,o2_0.product_id,p1_0.product_id,p1_0.description,p1_0.manufacturer_name,p1_0.name,p1_0.status,p1_0.unit,o2_0.note,o2_0.price,o2_0.quantity from orders o1_0 left join customer c1_0 on c1_0.cust_id=o1_0.cust_id join employee e1_0 on e1_0.emp_id=o1_0.employee_id left join order_detail o2_0 on o1_0.order_id=o2_0.order_id left join product p1_0 on p1_0.product_id=o2_0.product_id where o1_0.order_id=?
Hibernate: select l1_0.employee_id,l1_0.order_id,c1_0.cust_id,c1_0.address,c1_0.email,c1_0.cust_name,c1_0.phone,l1_0.order_date from orders l1_0 left join customer c1_0 on c1_0.cust_id=l1_0.cust_id where l1_0.employee_id=?
Hibernate: select p1_0.product_id,p1_0.description,p1_0.manufacturer_name,p1_0.name,p1_0.status,p1_0.unit,o1_0.product_id,o1_0.order_id,o2_0.order_id,c1_0.cust_id,c1_0.address,c1_0.email,c1_0.cust_name,c1_0.phone,o2_0.employee_id,e1_0.emp_id,e1_0.address,e1_0.dob,e1_0.email,e1_0.full_name,e1_0.phone,e1_0.status,o2_0.order_date,o1_0.note,o1_0.price,o1_0.quantity from product p1_0 left join order_detail o1_0 on p1_0.product_id=o1_0.product_id left join orders o2_0 on o2_0.order_id=o1_0.order_id left join customer c1_0 on c1_0.cust_id=o2_0.cust_id left join employee e1_0 on e1_0.emp_id=o2_0.employee_id where p1_0.product_id=?
Hibernate: select p1_0.product_id,p1_0.price_date_time,p1_0.note,p1_0.price from product_price p1_0 where p1_0.product_id=?
Hibernate: select p1_0.product_id,p1_0.image_id,p1_0.alternative,p1_0.path from product_image p1_0 where p1_0.product_id=?
Hibernate: insert into order_detail (note,price,quantity,order_id,product_id) values (?,?,?,?,?)
Hibernate: update orders set cust_id=?,employee_id=?,order_date=? where order_id=?
Hibernate: select p1_0.product_id,p1_0.description,p1_0.manufacturer_name,p1_0.name,p1_0.status,p1_0.unit from product p1_0 where p1_0.product_id=?
Hibernate: select o1_0.order_id,o2_0.order_id,c1_0.cust_id,c1_0.address,c1_0.email,c1_0.cust_name,c1_0.phone,o2_0.employee_id,e1_0.emp_id,e1_0.address,e1_0.dob,e1_0.email,e1_0.full_name,e1_0.phone,e1_0.status,o2_0.order_date,o1_0.product_id,p1_0.product_id,p1_0.description,p1_0.manufacturer_name,p1_0.name,p1_0.status,p1_0.unit,p2_0.product_id,p2_0.image_id,p2_0.alternative,p2_0.path,o1_0.note,o1_0.price,o1_0.quantity from order_detail o1_0 join orders o2_0 on o2_0.order_id=o1_0.order_id left join customer c1_0 on c1_0.cust_id=o2_0.cust_id left join employee e1_0 on e1_0.emp_id=o2_0.employee_id join product p1_0 on p1_0.product_id=o1_0.product_id left join product_image p2_0 on p1_0.product_id=p2_0.product_id where (o1_0.order_id,o1_0.product_id) in ((?,?))
Hibernate: select o1_0.order_id,c1_0.cust_id,c1_0.address,c1_0.email,c1_0.cust_name,c1_0.phone,o1_0.employee_id,e1_0.emp_id,e1_0.address,e1_0.dob,e1_0.email,e1_0.full_name,e1_0.phone,e1_0.status,o1_0.order_date,o2_0.order_id,o2_0.product_id,p1_0.product_id,p1_0.description,p1_0.manufacturer_name,p1_0.name,p1_0.status,p1_0.unit,o2_0.note,o2_0.price,o2_0.quantity from orders o1_0 left join customer c1_0 on c1_0.cust_id=o1_0.cust_id join employee e1_0 on e1_0.emp_id=o1_0.employee_id left join order_detail o2_0 on o1_0.order_id=o2_0.order_id left join product p1_0 on p1_0.product_id=o2_0.product_id where o1_0.order_id=?
Hibernate: select p1_0.product_id,p1_0.price_date_time,p1_0.note,p1_0.price from product_price p1_0 where p1_0.product_id=?
Hibernate: select p1_0.product_id,p1_0.image_id,p1_0.alternative,p1_0.path from product_image p1_0 where p1_0.product_id=?
Hibernate: select o1_0.product_id,o1_0.order_id,o2_0.order_id,c1_0.cust_id,c1_0.address,c1_0.email,c1_0.cust_name,c1_0.phone,o2_0.employee_id,e1_0.emp_id,e1_0.address,e1_0.dob,e1_0.email,e1_0.full_name,e1_0.phone,e1_0.status,o2_0.order_date,o1_0.note,o1_0.price,o1_0.quantity from order_detail o1_0 join orders o2_0 on o2_0.order_id=o1_0.order_id left join customer c1_0 on c1_0.cust_id=o2_0.cust_id left join employee e1_0 on e1_0.emp_id=o2_0.employee_id where o1_0.product_id=?
Hibernate: select l1_0.employee_id,l1_0.order_id,c1_0.cust_id,c1_0.address,c1_0.email,c1_0.cust_name,c1_0.phone,l1_0.order_date from orders l1_0 left join customer c1_0 on c1_0.cust_id=l1_0.cust_id where l1_0.employee_id=?
Hibernate: select p1_0.product_id,p1_0.description,p1_0.manufacturer_name,p1_0.name,p1_0.status,p1_0.unit,o1_0.product_id,o1_0.order_id,o2_0.order_id,c1_0.cust_id,c1_0.address,c1_0.email,c1_0.cust_name,c1_0.phone,o2_0.employee_id,e1_0.emp_id,e1_0.address,e1_0.dob,e1_0.email,e1_0.full_name,e1_0.phone,e1_0.status,o2_0.order_date,o1_0.note,o1_0.price,o1_0.quantity from product p1_0 left join order_detail o1_0 on p1_0.product_id=o1_0.product_id left join orders o2_0 on o2_0.order_id=o1_0.order_id left join customer c1_0 on c1_0.cust_id=o2_0.cust_id left join employee e1_0 on e1_0.emp_id=o2_0.employee_id where p1_0.product_id=?
Hibernate: select p1_0.product_id,p1_0.price_date_time,p1_0.note,p1_0.price from product_price p1_0 where p1_0.product_id=?
Hibernate: select p1_0.product_id,p1_0.image_id,p1_0.alternative,p1_0.path from product_image p1_0 where p1_0.product_id=?
Hibernate: insert into order_detail (note,price,quantity,order_id,product_id) values (?,?,?,?,?)
Hibernate: update orders set cust_id=?,employee_id=?,order_date=? where order_id=?
Hibernate: select p1_0.product_id,p1_0.description,p1_0.manufacturer_name,p1_0.name,p1_0.status,p1_0.unit from product p1_0 where p1_0.product_id=?
Hibernate: select o1_0.order_id,o2_0.order_id,c1_0.cust_id,c1_0.address,c1_0.email,c1_0.cust_name,c1_0.phone,o2_0.employee_id,e1_0.emp_id,e1_0.address,e1_0.dob,e1_0.email,e1_0.full_name,e1_0.phone,e1_0.status,o2_0.order_date,o1_0.product_id,p1_0.product_id,p1_0.description,p1_0.manufacturer_name,p1_0.name,p1_0.status,p1_0.unit,p2_0.product_id,p2_0.image_id,p2_0.alternative,p2_0.path,o1_0.note,o1_0.price,o1_0.quantity from order_detail o1_0 join orders o2_0 on o2_0.order_id=o1_0.order_id left join customer c1_0 on c1_0.cust_id=o2_0.cust_id left join employee e1_0 on e1_0.emp_id=o2_0.employee_id join product p1_0 on p1_0.product_id=o1_0.product_id left join product_image p2_0 on p1_0.product_id=p2_0.product_id where (o1_0.order_id,o1_0.product_id) in ((?,?))
Hibernate: select o1_0.order_id,c1_0.cust_id,c1_0.address,c1_0.email,c1_0.cust_name,c1_0.phone,o1_0.employee_id,e1_0.emp_id,e1_0.address,e1_0.dob,e1_0.email,e1_0.full_name,e1_0.phone,e1_0.status,o1_0.order_date,o2_0.order_id,o2_0.product_id,p1_0.product_id,p1_0.description,p1_0.manufacturer_name,p1_0.name,p1_0.status,p1_0.unit,o2_0.note,o2_0.price,o2_0.quantity from orders o1_0 left join customer c1_0 on c1_0.cust_id=o1_0.cust_id join employee e1_0 on e1_0.emp_id=o1_0.employee_id left join order_detail o2_0 on o1_0.order_id=o2_0.order_id left join product p1_0 on p1_0.product_id=o2_0.product_id where o1_0.order_id=?
Hibernate: select p1_0.product_id,p1_0.price_date_time,p1_0.note,p1_0.price from product_price p1_0 where p1_0.product_id=?
Hibernate: select p1_0.product_id,p1_0.image_id,p1_0.alternative,p1_0.path from product_image p1_0 where p1_0.product_id=?
Hibernate: select o1_0.product_id,o1_0.order_id,o2_0.order_id,c1_0.cust_id,c1_0.address,c1_0.email,c1_0.cust_name,c1_0.phone,o2_0.employee_id,e1_0.emp_id,e1_0.address,e1_0.dob,e1_0.email,e1_0.full_name,e1_0.phone,e1_0.status,o2_0.order_date,o1_0.note,o1_0.price,o1_0.quantity from order_detail o1_0 join orders o2_0 on o2_0.order_id=o1_0.order_id left join customer c1_0 on c1_0.cust_id=o2_0.cust_id left join employee e1_0 on e1_0.emp_id=o2_0.employee_id where o1_0.product_id=?
Hibernate: select p1_0.product_id,p1_0.price_date_time,p1_0.note,p1_0.price from product_price p1_0 where p1_0.product_id=?
Hibernate: select p1_0.product_id,p1_0.image_id,p1_0.alternative,p1_0.path from product_image p1_0 where p1_0.product_id=?
Hibernate: select o1_0.product_id,o1_0.order_id,o2_0.order_id,c1_0.cust_id,c1_0.address,c1_0.email,c1_0.cust_name,c1_0.phone,o2_0.employee_id,e1_0.emp_id,e1_0.address,e1_0.dob,e1_0.email,e1_0.full_name,e1_0.phone,e1_0.status,o2_0.order_date,o1_0.note,o1_0.price,o1_0.quantity from order_detail o1_0 join orders o2_0 on o2_0.order_id=o1_0.order_id left join customer c1_0 on c1_0.cust_id=o2_0.cust_id left join employee e1_0 on e1_0.emp_id=o2_0.employee_id where o1_0.product_id=?
Hibernate: select l1_0.employee_id,l1_0.order_id,c1_0.cust_id,c1_0.address,c1_0.email,c1_0.cust_name,c1_0.phone,l1_0.order_date from orders l1_0 left join customer c1_0 on c1_0.cust_id=l1_0.cust_id where l1_0.employee_id=?
Hibernate: select p1_0.product_id,p1_0.description,p1_0.manufacturer_name,p1_0.name,p1_0.status,p1_0.unit,o1_0.product_id,o1_0.order_id,o2_0.order_id,c1_0.cust_id,c1_0.address,c1_0.email,c1_0.cust_name,c1_0.phone,o2_0.employee_id,e1_0.emp_id,e1_0.address,e1_0.dob,e1_0.email,e1_0.full_name,e1_0.phone,e1_0.status,o2_0.order_date,o1_0.note,o1_0.price,o1_0.quantity from product p1_0 left join order_detail o1_0 on p1_0.product_id=o1_0.product_id left join orders o2_0 on o2_0.order_id=o1_0.order_id left join customer c1_0 on c1_0.cust_id=o2_0.cust_id left join employee e1_0 on e1_0.emp_id=o2_0.employee_id where p1_0.product_id=?
Hibernate: select o1_0.order_id,o1_0.product_id,p1_0.product_id,p1_0.description,p1_0.manufacturer_name,p1_0.name,p1_0.status,p1_0.unit,o1_0.note,o1_0.price,o1_0.quantity from order_detail o1_0 join product p1_0 on p1_0.product_id=o1_0.product_id where o1_0.order_id=?
Hibernate: select p1_0.product_id,p1_0.price_date_time,p1_0.note,p1_0.price from product_price p1_0 where p1_0.product_id=?
Hibernate: select p1_0.product_id,p1_0.image_id,p1_0.alternative,p1_0.path from product_image p1_0 where p1_0.product_id=?
Hibernate: select o1_0.order_id,o1_0.product_id,p1_0.product_id,p1_0.description,p1_0.manufacturer_name,p1_0.name,p1_0.status,p1_0.unit,o1_0.note,o1_0.price,o1_0.quantity from order_detail o1_0 join product p1_0 on p1_0.product_id=o1_0.product_id where o1_0.order_id=?
Hibernate: select l1_0.employee_id,l1_0.order_id,c1_0.cust_id,c1_0.address,c1_0.email,c1_0.cust_name,c1_0.phone,l1_0.order_date from orders l1_0 left join customer c1_0 on c1_0.cust_id=l1_0.cust_id where l1_0.employee_id=?
Hibernate: insert into order_detail (note,price,quantity,order_id,product_id) values (?,?,?,?,?)
Hibernate: update orders set cust_id=?,employee_id=?,order_date=? where order_id=?
Hibernate: select e1_0.emp_id,e1_0.address,e1_0.dob,e1_0.email,e1_0.full_name,e1_0.phone,e1_0.status from employee e1_0 where e1_0.emp_id=?
Hibernate: select c1_0.cust_id,c1_0.address,c1_0.email,c1_0.cust_name,c1_0.phone from customer c1_0 where c1_0.cust_id=?
Hibernate: select o1_0.order_id,c1_0.cust_id,c1_0.address,c1_0.email,c1_0.cust_name,c1_0.phone,o1_0.employee_id,e1_0.emp_id,e1_0.address,e1_0.dob,e1_0.email,e1_0.full_name,e1_0.phone,e1_0.status,o1_0.order_date,o2_0.order_id,o2_0.product_id,p1_0.product_id,p1_0.description,p1_0.manufacturer_name,p1_0.name,p1_0.status,p1_0.unit,o2_0.note,o2_0.price,o2_0.quantity from orders o1_0 left join customer c1_0 on c1_0.cust_id=o1_0.cust_id join employee e1_0 on e1_0.emp_id=o1_0.employee_id left join order_detail o2_0 on o1_0.order_id=o2_0.order_id left join product p1_0 on p1_0.product_id=o2_0.product_id where o1_0.order_id=?
Hibernate: select c1_0.cust_id,c1_0.address,c1_0.email,c1_0.cust_name,c1_0.phone from customer c1_0 where c1_0.cust_id=?
Hibernate: select e1_0.emp_id,e1_0.address,e1_0.dob,e1_0.email,e1_0.full_name,e1_0.phone,e1_0.status from employee e1_0 where e1_0.emp_id=?
Hibernate: insert into orders (cust_id,employee_id,order_date,order_id) values (?,?,?,default)
Hibernate: select p1_0.product_id,p1_0.description,p1_0.manufacturer_name,p1_0.name,p1_0.status,p1_0.unit from product p1_0 where p1_0.product_id=?
Hibernate: select o1_0.order_id,o2_0.order_id,c1_0.cust_id,c1_0.address,c1_0.email,c1_0.cust_name,c1_0.phone,o2_0.employee_id,e1_0.emp_id,e1_0.address,e1_0.dob,e1_0.email,e1_0.full_name,e1_0.phone,e1_0.status,o2_0.order_date,o1_0.product_id,p1_0.product_id,p1_0.description,p1_0.manufacturer_name,p1_0.name,p1_0.status,p1_0.unit,p2_0.product_id,p2_0.image_id,p2_0.alternative,p2_0.path,o1_0.note,o1_0.price,o1_0.quantity from order_detail o1_0 join orders o2_0 on o2_0.order_id=o1_0.order_id left join customer c1_0 on c1_0.cust_id=o2_0.cust_id left join employee e1_0 on e1_0.emp_id=o2_0.employee_id join product p1_0 on p1_0.product_id=o1_0.product_id left join product_image p2_0 on p1_0.product_id=p2_0.product_id where (o1_0.order_id,o1_0.product_id) in ((?,?))
Hibernate: select o1_0.order_id,c1_0.cust_id,c1_0.address,c1_0.email,c1_0.cust_name,c1_0.phone,o1_0.employee_id,e1_0.emp_id,e1_0.address,e1_0.dob,e1_0.email,e1_0.full_name,e1_0.phone,e1_0.status,o1_0.order_date,o2_0.order_id,o2_0.product_id,p1_0.product_id,p1_0.description,p1_0.manufacturer_name,p1_0.name,p1_0.status,p1_0.unit,o2_0.note,o2_0.price,o2_0.quantity from orders o1_0 left join customer c1_0 on c1_0.cust_id=o1_0.cust_id join employee e1_0 on e1_0.emp_id=o1_0.employee_id left join order_detail o2_0 on o1_0.order_id=o2_0.order_id left join product p1_0 on p1_0.product_id=o2_0.product_id where o1_0.order_id=?
Hibernate: select l1_0.employee_id,l1_0.order_id,c1_0.cust_id,c1_0.address,c1_0.email,c1_0.cust_name,c1_0.phone,l1_0.order_date from orders l1_0 left join customer c1_0 on c1_0.cust_id=l1_0.cust_id where l1_0.employee_id=?
Hibernate: select p1_0.product_id,p1_0.description,p1_0.manufacturer_name,p1_0.name,p1_0.status,p1_0.unit,o1_0.product_id,o1_0.order_id,o2_0.order_id,c1_0.cust_id,c1_0.address,c1_0.email,c1_0.cust_name,c1_0.phone,o2_0.employee_id,e1_0.emp_id,e1_0.address,e1_0.dob,e1_0.email,e1_0.full_name,e1_0.phone,e1_0.status,o2_0.order_date,o1_0.note,o1_0.price,o1_0.quantity from product p1_0 left join order_detail o1_0 on p1_0.product_id=o1_0.product_id left join orders o2_0 on o2_0.order_id=o1_0.order_id left join customer c1_0 on c1_0.cust_id=o2_0.cust_id left join employee e1_0 on e1_0.emp_id=o2_0.employee_id where p1_0.product_id=?
Hibernate: select p1_0.product_id,p1_0.price_date_time,p1_0.note,p1_0.price from product_price p1_0 where p1_0.product_id=?
Hibernate: select p1_0.product_id,p1_0.image_id,p1_0.alternative,p1_0.path from product_image p1_0 where p1_0.product_id=?
Hibernate: insert into order_detail (note,price,quantity,order_id,product_id) values (?,?,?,?,?)
Hibernate: select p1_0.product_id,p1_0.description,p1_0.manufacturer_name,p1_0.name,p1_0.status,p1_0.unit from product p1_0 where p1_0.product_id=?
Hibernate: select o1_0.order_id,o2_0.order_id,c1_0.cust_id,c1_0.address,c1_0.email,c1_0.cust_name,c1_0.phone,o2_0.employee_id,e1_0.emp_id,e1_0.address,e1_0.dob,e1_0.email,e1_0.full_name,e1_0.phone,e1_0.status,o2_0.order_date,o1_0.product_id,p1_0.product_id,p1_0.description,p1_0.manufacturer_name,p1_0.name,p1_0.status,p1_0.unit,p2_0.product_id,p2_0.image_id,p2_0.alternative,p2_0.path,o1_0.note,o1_0.price,o1_0.quantity from order_detail o1_0 join orders o2_0 on o2_0.order_id=o1_0.order_id left join customer c1_0 on c1_0.cust_id=o2_0.cust_id left join employee e1_0 on e1_0.emp_id=o2_0.employee_id join product p1_0 on p1_0.product_id=o1_0.product_id left join product_image p2_0 on p1_0.product_id=p2_0.product_id where (o1_0.order_id,o1_0.product_id) in ((?,?))
Hibernate: select o1_0.order_id,c1_0.cust_id,c1_0.address,c1_0.email,c1_0.cust_name,c1_0.phone,o1_0.employee_id,e1_0.emp_id,e1_0.address,e1_0.dob,e1_0.email,e1_0.full_name,e1_0.phone,e1_0.status,o1_0.order_date,o2_0.order_id,o2_0.product_id,p1_0.product_id,p1_0.description,p1_0.manufacturer_name,p1_0.name,p1_0.status,p1_0.unit,o2_0.note,o2_0.price,o2_0.quantity from orders o1_0 left join customer c1_0 on c1_0.cust_id=o1_0.cust_id join employee e1_0 on e1_0.emp_id=o1_0.employee_id left join order_detail o2_0 on o1_0.order_id=o2_0.order_id left join product p1_0 on p1_0.product_id=o2_0.product_id where o1_0.order_id=?
Hibernate: select p1_0.product_id,p1_0.price_date_time,p1_0.note,p1_0.price from product_price p1_0 where p1_0.product_id=?
Hibernate: select p1_0.product_id,p1_0.image_id,p1_0.alternative,p1_0.path from product_image p1_0 where p1_0.product_id=?
Hibernate: select o1_0.product_id,o1_0.order_id,o2_0.order_id,c1_0.cust_id,c1_0.address,c1_0.email,c1_0.cust_name,c1_0.phone,o2_0.employee_id,e1_0.emp_id,e1_0.address,e1_0.dob,e1_0.email,e1_0.full_name,e1_0.phone,e1_0.status,o2_0.order_date,o1_0.note,o1_0.price,o1_0.quantity from order_detail o1_0 join orders o2_0 on o2_0.order_id=o1_0.order_id left join customer c1_0 on c1_0.cust_id=o2_0.cust_id left join employee e1_0 on e1_0.emp_id=o2_0.employee_id where o1_0.product_id=?
Hibernate: select l1_0.employee_id,l1_0.order_id,c1_0.cust_id,c1_0.address,c1_0.email,c1_0.cust_name,c1_0.phone,l1_0.order_date from orders l1_0 left join customer c1_0 on c1_0.cust_id=l1_0.cust_id where l1_0.employee_id=?
Hibernate: select p1_0.product_id,p1_0.description,p1_0.manufacturer_name,p1_0.name,p1_0.status,p1_0.unit,o1_0.product_id,o1_0.order_id,o2_0.order_id,c1_0.cust_id,c1_0.address,c1_0.email,c1_0.cust_name,c1_0.phone,o2_0.employee_id,e1_0.emp_id,e1_0.address,e1_0.dob,e1_0.email,e1_0.full_name,e1_0.phone,e1_0.status,o2_0.order_date,o1_0.note,o1_0.price,o1_0.quantity from product p1_0 left join order_detail o1_0 on p1_0.product_id=o1_0.product_id left join orders o2_0 on o2_0.order_id=o1_0.order_id left join customer c1_0 on c1_0.cust_id=o2_0.cust_id left join employee e1_0 on e1_0.emp_id=o2_0.employee_id where p1_0.product_id=?
Hibernate: select p1_0.product_id,p1_0.price_date_time,p1_0.note,p1_0.price from product_price p1_0 where p1_0.product_id=?
Hibernate: select p1_0.product_id,p1_0.image_id,p1_0.alternative,p1_0.path from product_image p1_0 where p1_0.product_id=?
Hibernate: select o1_0.order_id,o1_0.product_id,p1_0.product_id,p1_0.description,p1_0.manufacturer_name,p1_0.name,p1_0.status,p1_0.unit,o1_0.note,o1_0.price,o1_0.quantity from order_detail o1_0 join product p1_0 on p1_0.product_id=o1_0.product_id where o1_0.order_id=?
Hibernate: select l1_0.employee_id,l1_0.order_id,c1_0.cust_id,c1_0.address,c1_0.email,c1_0.cust_name,c1_0.phone,l1_0.order_date from orders l1_0 left join customer c1_0 on c1_0.cust_id=l1_0.cust_id where l1_0.employee_id=?
Hibernate: insert into order_detail (note,price,quantity,order_id,product_id) values (?,?,?,?,?)
Hibernate: select p1_0.product_id,p1_0.description,p1_0.manufacturer_name,p1_0.name,p1_0.status,p1_0.unit from product p1_0 where p1_0.product_id=?
Hibernate: select o1_0.order_id,o2_0.order_id,c1_0.cust_id,c1_0.address,c1_0.email,c1_0.cust_name,c1_0.phone,o2_0.employee_id,e1_0.emp_id,e1_0.address,e1_0.dob,e1_0.email,e1_0.full_name,e1_0.phone,e1_0.status,o2_0.order_date,o1_0.product_id,p1_0.product_id,p1_0.description,p1_0.manufacturer_name,p1_0.name,p1_0.status,p1_0.unit,p2_0.product_id,p2_0.image_id,p2_0.alternative,p2_0.path,o1_0.note,o1_0.price,o1_0.quantity from order_detail o1_0 join orders o2_0 on o2_0.order_id=o1_0.order_id left join customer c1_0 on c1_0.cust_id=o2_0.cust_id left join employee e1_0 on e1_0.emp_id=o2_0.employee_id join product p1_0 on p1_0.product_id=o1_0.product_id left join product_image p2_0 on p1_0.product_id=p2_0.product_id where (o1_0.order_id,o1_0.product_id) in ((?,?))
Hibernate: select o1_0.order_id,c1_0.cust_id,c1_0.address,c1_0.email,c1_0.cust_name,c1_0.phone,o1_0.employee_id,e1_0.emp_id,e1_0.address,e1_0.dob,e1_0.email,e1_0.full_name,e1_0.phone,e1_0.status,o1_0.order_date,o2_0.order_id,o2_0.product_id,p1_0.product_id,p1_0.description,p1_0.manufacturer_name,p1_0.name,p1_0.status,p1_0.unit,o2_0.note,o2_0.price,o2_0.quantity from orders o1_0 left join customer c1_0 on c1_0.cust_id=o1_0.cust_id join employee e1_0 on e1_0.emp_id=o1_0.employee_id left join order_detail o2_0 on o1_0.order_id=o2_0.order_id left join product p1_0 on p1_0.product_id=o2_0.product_id where o1_0.order_id=?
Hibernate: select p1_0.product_id,p1_0.price_date_time,p1_0.note,p1_0.price from product_price p1_0 where p1_0.product_id=?
Hibernate: select p1_0.product_id,p1_0.image_id,p1_0.alternative,p1_0.path from product_image p1_0 where p1_0.product_id=?
Hibernate: select o1_0.product_id,o1_0.order_id,o2_0.order_id,c1_0.cust_id,c1_0.address,c1_0.email,c1_0.cust_name,c1_0.phone,o2_0.employee_id,e1_0.emp_id,e1_0.address,e1_0.dob,e1_0.email,e1_0.full_name,e1_0.phone,e1_0.status,o2_0.order_date,o1_0.note,o1_0.price,o1_0.quantity from order_detail o1_0 join orders o2_0 on o2_0.order_id=o1_0.order_id left join customer c1_0 on c1_0.cust_id=o2_0.cust_id left join employee e1_0 on e1_0.emp_id=o2_0.employee_id where o1_0.product_id=?
Hibernate: select p1_0.product_id,p1_0.price_date_time,p1_0.note,p1_0.price from product_price p1_0 where p1_0.product_id=?
Hibernate: select p1_0.product_id,p1_0.image_id,p1_0.alternative,p1_0.path from product_image p1_0 where p1_0.product_id=?
Hibernate: select o1_0.product_id,o1_0.order_id,o2_0.order_id,c1_0.cust_id,c1_0.address,c1_0.email,c1_0.cust_name,c1_0.phone,o2_0.employee_id,e1_0.emp_id,e1_0.address,e1_0.dob,e1_0.email,e1_0.full_name,e1_0.phone,e1_0.status,o2_0.order_date,o1_0.note,o1_0.price,o1_0.quantity from order_detail o1_0 join orders o2_0 on o2_0.order_id=o1_0.order_id left join customer c1_0 on c1_0.cust_id=o2_0.cust_id left join employee e1_0 on e1_0.emp_id=o2_0.employee_id where o1_0.product_id=?
Hibernate: select l1_0.employee_id,l1_0.order_id,c1_0.cust_id,c1_0.address,c1_0.email,c1_0.cust_name,c1_0.phone,l1_0.order_date from orders l1_0 left join customer c1_0 on c1_0.cust_id=l1_0.cust_id where l1_0.employee_id=?
Hibernate: select p1_0.product_id,p1_0.description,p1_0.manufacturer_name,p1_0.name,p1_0.status,p1_0.unit,o1_0.product_id,o1_0.order_id,o2_0.order_id,c1_0.cust_id,c1_0.address,c1_0.email,c1_0.cust_name,c1_0.phone,o2_0.employee_id,e1_0.emp_id,e1_0.address,e1_0.dob,e1_0.email,e1_0.full_name,e1_0.phone,e1_0.status,o2_0.order_date,o1_0.note,o1_0.price,o1_0.quantity from product p1_0 left join order_detail o1_0 on p1_0.product_id=o1_0.product_id left join orders o2_0 on o2_0.order_id=o1_0.order_id left join customer c1_0 on c1_0.cust_id=o2_0.cust_id left join employee e1_0 on e1_0.emp_id=o2_0.employee_id where p1_0.product_id=?
Hibernate: select p1_0.product_id,p1_0.price_date_time,p1_0.note,p1_0.price from product_price p1_0 where p1_0.product_id=?
Hibernate: select p1_0.product_id,p1_0.image_id,p1_0.alternative,p1_0.path from product_image p1_0 where p1_0.product_id=?
Hibernate: insert into order_detail (note,price,quantity,order_id,product_id) values (?,?,?,?,?)
Hibernate: select e1_0.emp_id,e1_0.address,e1_0.dob,e1_0.email,e1_0.full_name,e1_0.phone,e1_0.status from employee e1_0 where e1_0.emp_id=?
Hibernate: select c1_0.cust_id,c1_0.address,c1_0.email,c1_0.cust_name,c1_0.phone from customer c1_0 where c1_0.cust_id=?
Hibernate: select o1_0.order_id,c1_0.cust_id,c1_0.address,c1_0.email,c1_0.cust_name,c1_0.phone,o1_0.employee_id,e1_0.emp_id,e1_0.address,e1_0.dob,e1_0.email,e1_0.full_name,e1_0.phone,e1_0.status,o1_0.order_date,o2_0.order_id,o2_0.product_id,p1_0.product_id,p1_0.description,p1_0.manufacturer_name,p1_0.name,p1_0.status,p1_0.unit,o2_0.note,o2_0.price,o2_0.quantity from orders o1_0 left join customer c1_0 on c1_0.cust_id=o1_0.cust_id join employee e1_0 on e1_0.emp_id=o1_0.employee_id left join order_detail o2_0 on o1_0.order_id=o2_0.order_id left join product p1_0 on p1_0.product_id=o2_0.product_id where o1_0.order_id=?
Hibernate: select c1_0.cust_id,c1_0.address,c1_0.email,c1_0.cust_name,c1_0.phone from customer c1_0 where c1_0.cust_id=?
Hibernate: select e1_0.emp_id,e1_0.address,e1_0.dob,e1_0.email,e1_0.full_name,e1_0.phone,e1_0.status from employee e1_0 where e1_0.emp_id=?
Hibernate: insert into orders (cust_id,employee_id,order_date,order_id) values (?,?,?,default)
Hibernate: select p1_0.product_id,p1_0.description,p1_0.manufacturer_name,p1_0.name,p1_0.status,p1_0.unit from product p1_0 where p1_0.product_id=?
Hibernate: select o1_0.order_id,o2_0.order_id,c1_0.cust_id,c1_0.address,c1_0.email,c1_0.cust_name,c1_0.phone,o2_0.employee_id,e1_0.emp_id,e1_0.address,e1_0.dob,e1_0.email,e1_0.full_name,e1_0.phone,e1_0.status,o2_0.order_date,o1_0.product_id,p1_0.product_id,p1_0.description,p1_0.manufacturer_name,p1_0.name,p1_0.status,p1_0.unit,p2_0.product_id,p2_0.image_id,p2_0.alternative,p2_0.path,o1_0.note,o1_0.price,o1_0.quantity from order_detail o1_0 join orders o2_0 on o2_0.order_id=o1_0.order_id left join customer c1_0 on c1_0.cust_id=o2_0.cust_id left join employee e1_0 on e1_0.emp_id=o2_0.employee_id join product p1_0 on p1_0.product_id=o1_0.product_id left join product_image p2_0 on p1_0.product_id=p2_0.product_id where (o1_0.order_id,o1_0.product_id) in ((?,?))
Hibernate: select o1_0.order_id,c1_0.cust_id,c1_0.address,c1_0.email,c1_0.cust_name,c1_0.phone,o1_0.employee_id,e1_0.emp_id,e1_0.address,e1_0.dob,e1_0.email,e1_0.full_name,e1_0.phone,e1_0.status,o1_0.order_date,o2_0.order_id,o2_0.product_id,p1_0.product_id,p1_0.description,p1_0.manufacturer_name,p1_0.name,p1_0.status,p1_0.unit,o2_0.note,o2_0.price,o2_0.quantity from orders o1_0 left join customer c1_0 on c1_0.cust_id=o1_0.cust_id join employee e1_0 on e1_0.emp_id=o1_0.employee_id left join order_detail o2_0 on o1_0.order_id=o2_0.order_id left join product p1_0 on p1_0.product_id=o2_0.product_id where o1_0.order_id=?
Hibernate: select l1_0.employee_id,l1_0.order_id,c1_0.cust_id,c1_0.address,c1_0.email,c1_0.cust_name,c1_0.phone,l1_0.order_date from orders l1_0 left join customer c1_0 on c1_0.cust_id=l1_0.cust_id where l1_0.employee_id=?
Hibernate: select p1_0.product_id,p1_0.description,p1_0.manufacturer_name,p1_0.name,p1_0.status,p1_0.unit,o1_0.product_id,o1_0.order_id,o2_0.order_id,c1_0.cust_id,c1_0.address,c1_0.email,c1_0.cust_name,c1_0.phone,o2_0.employee_id,e1_0.emp_id,e1_0.address,e1_0.dob,e1_0.email,e1_0.full_name,e1_0.phone,e1_0.status,o2_0.order_date,o1_0.note,o1_0.price,o1_0.quantity from product p1_0 left join order_detail o1_0 on p1_0.product_id=o1_0.product_id left join orders o2_0 on o2_0.order_id=o1_0.order_id left join customer c1_0 on c1_0.cust_id=o2_0.cust_id left join employee e1_0 on e1_0.emp_id=o2_0.employee_id where p1_0.product_id=?
Hibernate: select p1_0.product_id,p1_0.price_date_time,p1_0.note,p1_0.price from product_price p1_0 where p1_0.product_id=?
Hibernate: select p1_0.product_id,p1_0.image_id,p1_0.alternative,p1_0.path from product_image p1_0 where p1_0.product_id=?
Hibernate: insert into order_detail (note,price,quantity,order_id,product_id) values (?,?,?,?,?)
Hibernate: update orders set cust_id=?,employee_id=?,order_date=? where order_id=?
Hibernate: select p1_0.product_id,p1_0.description,p1_0.manufacturer_name,p1_0.name,p1_0.status,p1_0.unit from product p1_0 where p1_0.product_id=?
Hibernate: select o1_0.order_id,o2_0.order_id,c1_0.cust_id,c1_0.address,c1_0.email,c1_0.cust_name,c1_0.phone,o2_0.employee_id,e1_0.emp_id,e1_0.address,e1_0.dob,e1_0.email,e1_0.full_name,e1_0.phone,e1_0.status,o2_0.order_date,o1_0.product_id,p1_0.product_id,p1_0.description,p1_0.manufacturer_name,p1_0.name,p1_0.status,p1_0.unit,p2_0.product_id,p2_0.image_id,p2_0.alternative,p2_0.path,o1_0.note,o1_0.price,o1_0.quantity from order_detail o1_0 join orders o2_0 on o2_0.order_id=o1_0.order_id left join customer c1_0 on c1_0.cust_id=o2_0.cust_id left join employee e1_0 on e1_0.emp_id=o2_0.employee_id join product p1_0 on p1_0.product_id=o1_0.product_id left join product_image p2_0 on p1_0.product_id=p2_0.product_id where (o1_0.order_id,o1_0.product_id) in ((?,?))
Hibernate: select o1_0.order_id,c1_0.cust_id,c1_0.address,c1_0.email,c1_0.cust_name,c1_0.phone,o1_0.employee_id,e1_0.emp_id,e1_0.address,e1_0.dob,e1_0.email,e1_0.full_name,e1_0.phone,e1_0.status,o1_0.order_date,o2_0.order_id,o2_0.product_id,p1_0.product_id,p1_0.description,p1_0.manufacturer_name,p1_0.name,p1_0.status,p1_0.unit,o2_0.note,o2_0.price,o2_0.quantity from orders o1_0 left join customer c1_0 on c1_0.cust_id=o1_0.cust_id join employee e1_0 on e1_0.emp_id=o1_0.employee_id left join order_detail o2_0 on o1_0.order_id=o2_0.order_id left join product p1_0 on p1_0.product_id=o2_0.product_id where o1_0.order_id=?
Hibernate: select p1_0.product_id,p1_0.price_date_time,p1_0.note,p1_0.price from product_price p1_0 where p1_0.product_id=?
Hibernate: select p1_0.product_id,p1_0.image_id,p1_0.alternative,p1_0.path from product_image p1_0 where p1_0.product_id=?
Hibernate: select o1_0.product_id,o1_0.order_id,o2_0.order_id,c1_0.cust_id,c1_0.address,c1_0.email,c1_0.cust_name,c1_0.phone,o2_0.employee_id,e1_0.emp_id,e1_0.address,e1_0.dob,e1_0.email,e1_0.full_name,e1_0.phone,e1_0.status,o2_0.order_date,o1_0.note,o1_0.price,o1_0.quantity from order_detail o1_0 join orders o2_0 on o2_0.order_id=o1_0.order_id left join customer c1_0 on c1_0.cust_id=o2_0.cust_id left join employee e1_0 on e1_0.emp_id=o2_0.employee_id where o1_0.product_id=?
Hibernate: select l1_0.employee_id,l1_0.order_id,c1_0.cust_id,c1_0.address,c1_0.email,c1_0.cust_name,c1_0.phone,l1_0.order_date from orders l1_0 left join customer c1_0 on c1_0.cust_id=l1_0.cust_id where l1_0.employee_id=?
Hibernate: select p1_0.product_id,p1_0.description,p1_0.manufacturer_name,p1_0.name,p1_0.status,p1_0.unit,o1_0.product_id,o1_0.order_id,o2_0.order_id,c1_0.cust_id,c1_0.address,c1_0.email,c1_0.cust_name,c1_0.phone,o2_0.employee_id,e1_0.emp_id,e1_0.address,e1_0.dob,e1_0.email,e1_0.full_name,e1_0.phone,e1_0.status,o2_0.order_date,o1_0.note,o1_0.price,o1_0.quantity from product p1_0 left join order_detail o1_0 on p1_0.product_id=o1_0.product_id left join orders o2_0 on o2_0.order_id=o1_0.order_id left join customer c1_0 on c1_0.cust_id=o2_0.cust_id left join employee e1_0 on e1_0.emp_id=o2_0.employee_id where p1_0.product_id=?
Hibernate: select p1_0.product_id,p1_0.price_date_time,p1_0.note,p1_0.price from product_price p1_0 where p1_0.product_id=?
Hibernate: select p1_0.product_id,p1_0.image_id,p1_0.alternative,p1_0.path from product_image p1_0 where p1_0.product_id=?
Hibernate: insert into order_detail (note,price,quantity,order_id,product_id) values (?,?,?,?,?)
Hibernate: update orders set cust_id=?,employee_id=?,order_date=? where order_id=?
Hibernate: select p1_0.product_id,p1_0.description,p1_0.manufacturer_name,p1_0.name,p1_0.status,p1_0.unit from product p1_0 where p1_0.product_id=?
Hibernate: select o1_0.order_id,o2_0.order_id,c1_0.cust_id,c1_0.address,c1_0.email,c1_0.cust_name,c1_0.phone,o2_0.employee_id,e1_0.emp_id,e1_0.address,e1_0.dob,e1_0.email,e1_0.full_name,e1_0.phone,e1_0.status,o2_0.order_date,o1_0.product_id,p1_0.product_id,p1_0.description,p1_0.manufacturer_name,p1_0.name,p1_0.status,p1_0.unit,p2_0.product_id,p2_0.image_id,p2_0.alternative,p2_0.path,o1_0.note,o1_0.price,o1_0.quantity from order_detail o1_0 join orders o2_0 on o2_0.order_id=o1_0.order_id left join customer c1_0 on c1_0.cust_id=o2_0.cust_id left join employee e1_0 on e1_0.emp_id=o2_0.employee_id join product p1_0 on p1_0.product_id=o1_0.product_id left join product_image p2_0 on p1_0.product_id=p2_0.product_id where (o1_0.order_id,o1_0.product_id) in ((?,?))
Hibernate: select o1_0.order_id,c1_0.cust_id,c1_0.address,c1_0.email,c1_0.cust_name,c1_0.phone,o1_0.employee_id,e1_0.emp_id,e1_0.address,e1_0.dob,e1_0.email,e1_0.full_name,e1_0.phone,e1_0.status,o1_0.order_date,o2_0.order_id,o2_0.product_id,p1_0.product_id,p1_0.description,p1_0.manufacturer_name,p1_0.name,p1_0.status,p1_0.unit,o2_0.note,o2_0.price,o2_0.quantity from orders o1_0 left join customer c1_0 on c1_0.cust_id=o1_0.cust_id join employee e1_0 on e1_0.emp_id=o1_0.employee_id left join order_detail o2_0 on o1_0.order_id=o2_0.order_id left join product p1_0 on p1_0.product_id=o2_0.product_id where o1_0.order_id=?
Hibernate: select p1_0.product_id,p1_0.price_date_time,p1_0.note,p1_0.price from product_price p1_0 where p1_0.product_id=?
Hibernate: select p1_0.product_id,p1_0.image_id,p1_0.alternative,p1_0.path from product_image p1_0 where p1_0.product_id=?
Hibernate: select o1_0.product_id,o1_0.order_id,o2_0.order_id,c1_0.cust_id,c1_0.address,c1_0.email,c1_0.cust_name,c1_0.phone,o2_0.employee_id,e1_0.emp_id,e1_0.address,e1_0.dob,e1_0.email,e1_0.full_name,e1_0.phone,e1_0.status,o2_0.order_date,o1_0.note,o1_0.price,o1_0.quantity from order_detail o1_0 join orders o2_0 on o2_0.order_id=o1_0.order_id left join customer c1_0 on c1_0.cust_id=o2_0.cust_id left join employee e1_0 on e1_0.emp_id=o2_0.employee_id where o1_0.product_id=?
Hibernate: select p1_0.product_id,p1_0.price_date_time,p1_0.note,p1_0.price from product_price p1_0 where p1_0.product_id=?
Hibernate: select p1_0.product_id,p1_0.image_id,p1_0.alternative,p1_0.path from product_image p1_0 where p1_0.product_id=?
Hibernate: select o1_0.product_id,o1_0.order_id,o2_0.order_id,c1_0.cust_id,c1_0.address,c1_0.email,c1_0.cust_name,c1_0.phone,o2_0.employee_id,e1_0.emp_id,e1_0.address,e1_0.dob,e1_0.email,e1_0.full_name,e1_0.phone,e1_0.status,o2_0.order_date,o1_0.note,o1_0.price,o1_0.quantity from order_detail o1_0 join orders o2_0 on o2_0.order_id=o1_0.order_id left join customer c1_0 on c1_0.cust_id=o2_0.cust_id left join employee e1_0 on e1_0.emp_id=o2_0.employee_id where o1_0.product_id=?
Hibernate: select l1_0.employee_id,l1_0.order_id,c1_0.cust_id,c1_0.address,c1_0.email,c1_0.cust_name,c1_0.phone,l1_0.order_date from orders l1_0 left join customer c1_0 on c1_0.cust_id=l1_0.cust_id where l1_0.employee_id=?
Hibernate: select p1_0.product_id,p1_0.description,p1_0.manufacturer_name,p1_0.name,p1_0.status,p1_0.unit,o1_0.product_id,o1_0.order_id,o2_0.order_id,c1_0.cust_id,c1_0.address,c1_0.email,c1_0.cust_name,c1_0.phone,o2_0.employee_id,e1_0.emp_id,e1_0.address,e1_0.dob,e1_0.email,e1_0.full_name,e1_0.phone,e1_0.status,o2_0.order_date,o1_0.note,o1_0.price,o1_0.quantity from product p1_0 left join order_detail o1_0 on p1_0.product_id=o1_0.product_id left join orders o2_0 on o2_0.order_id=o1_0.order_id left join customer c1_0 on c1_0.cust_id=o2_0.cust_id left join employee e1_0 on e1_0.emp_id=o2_0.employee_id where p1_0.product_id=?
Hibernate: select p1_0.product_id,p1_0.price_date_time,p1_0.note,p1_0.price from product_price p1_0 where p1_0.product_id=?
Hibernate: select p1_0.product_id,p1_0.image_id,p1_0.alternative,p1_0.path from product_image p1_0 where p1_0.product_id=?
Hibernate: insert into order_detail (note,price,quantity,order_id,product_id) values (?,?,?,?,?)
Hibernate: update orders set cust_id=?,employee_id=?,order_date=? where order_id=?
Hibernate: select e1_0.emp_id,e1_0.address,e1_0.dob,e1_0.email,e1_0.full_name,e1_0.phone,e1_0.status from employee e1_0 where e1_0.emp_id=?
Hibernate: select c1_0.cust_id,c1_0.address,c1_0.email,c1_0.cust_name,c1_0.phone from customer c1_0 where c1_0.cust_id=?
Hibernate: select o1_0.order_id,c1_0.cust_id,c1_0.address,c1_0.email,c1_0.cust_name,c1_0.phone,o1_0.employee_id,e1_0.emp_id,e1_0.address,e1_0.dob,e1_0.email,e1_0.full_name,e1_0.phone,e1_0.status,o1_0.order_date,o2_0.order_id,o2_0.product_id,p1_0.product_id,p1_0.description,p1_0.manufacturer_name,p1_0.name,p1_0.status,p1_0.unit,o2_0.note,o2_0.price,o2_0.quantity from orders o1_0 left join customer c1_0 on c1_0.cust_id=o1_0.cust_id join employee e1_0 on e1_0.emp_id=o1_0.employee_id left join order_detail o2_0 on o1_0.order_id=o2_0.order_id left join product p1_0 on p1_0.product_id=o2_0.product_id where o1_0.order_id=?
Hibernate: select c1_0.cust_id,c1_0.address,c1_0.email,c1_0.cust_name,c1_0.phone from customer c1_0 where c1_0.cust_id=?
Hibernate: select e1_0.emp_id,e1_0.address,e1_0.dob,e1_0.email,e1_0.full_name,e1_0.phone,e1_0.status from employee e1_0 where e1_0.emp_id=?
Hibernate: insert into orders (cust_id,employee_id,order_date,order_id) values (?,?,?,default)
Hibernate: select p1_0.product_id,p1_0.description,p1_0.manufacturer_name,p1_0.name,p1_0.status,p1_0.unit from product p1_0 where p1_0.product_id=?
Hibernate: select o1_0.order_id,o2_0.order_id,c1_0.cust_id,c1_0.address,c1_0.email,c1_0.cust_name,c1_0.phone,o2_0.employee_id,e1_0.emp_id,e1_0.address,e1_0.dob,e1_0.email,e1_0.full_name,e1_0.phone,e1_0.status,o2_0.order_date,o1_0.product_id,p1_0.product_id,p1_0.description,p1_0.manufacturer_name,p1_0.name,p1_0.status,p1_0.unit,p2_0.product_id,p2_0.image_id,p2_0.alternative,p2_0.path,o1_0.note,o1_0.price,o1_0.quantity from order_detail o1_0 join orders o2_0 on o2_0.order_id=o1_0.order_id left join customer c1_0 on c1_0.cust_id=o2_0.cust_id left join employee e1_0 on e1_0.emp_id=o2_0.employee_id join product p1_0 on p1_0.product_id=o1_0.product_id left join product_image p2_0 on p1_0.product_id=p2_0.product_id where (o1_0.order_id,o1_0.product_id) in ((?,?))
Hibernate: select o1_0.order_id,c1_0.cust_id,c1_0.address,c1_0.email,c1_0.cust_name,c1_0.phone,o1_0.employee_id,e1_0.emp_id,e1_0.address,e1_0.dob,e1_0.email,e1_0.full_name,e1_0.phone,e1_0.status,o1_0.order_date,o2_0.order_id,o2_0.product_id,p1_0.product_id,p1_0.description,p1_0.manufacturer_name,p1_0.name,p1_0.status,p1_0.unit,o2_0.note,o2_0.price,o2_0.quantity from orders o1_0 left join customer c1_0 on c1_0.cust_id=o1_0.cust_id join employee e1_0 on e1_0.emp_id=o1_0.employee_id left join order_detail o2_0 on o1_0.order_id=o2_0.order_id left join product p1_0 on p1_0.product_id=o2_0.product_id where o1_0.order_id=?
Hibernate: select l1_0.employee_id,l1_0.order_id,c1_0.cust_id,c1_0.address,c1_0.email,c1_0.cust_name,c1_0.phone,l1_0.order_date from orders l1_0 left join customer c1_0 on c1_0.cust_id=l1_0.cust_id where l1_0.employee_id=?
Hibernate: select p1_0.product_id,p1_0.description,p1_0.manufacturer_name,p1_0.name,p1_0.status,p1_0.unit,o1_0.product_id,o1_0.order_id,o2_0.order_id,c1_0.cust_id,c1_0.address,c1_0.email,c1_0.cust_name,c1_0.phone,o2_0.employee_id,e1_0.emp_id,e1_0.address,e1_0.dob,e1_0.email,e1_0.full_name,e1_0.phone,e1_0.status,o2_0.order_date,o1_0.note,o1_0.price,o1_0.quantity from product p1_0 left join order_detail o1_0 on p1_0.product_id=o1_0.product_id left join orders o2_0 on o2_0.order_id=o1_0.order_id left join customer c1_0 on c1_0.cust_id=o2_0.cust_id left join employee e1_0 on e1_0.emp_id=o2_0.employee_id where p1_0.product_id=?
Hibernate: select p1_0.product_id,p1_0.price_date_time,p1_0.note,p1_0.price from product_price p1_0 where p1_0.product_id=?
Hibernate: select p1_0.product_id,p1_0.image_id,p1_0.alternative,p1_0.path from product_image p1_0 where p1_0.product_id=?
Hibernate: insert into order_detail (note,price,quantity,order_id,product_id) values (?,?,?,?,?)
Hibernate: update orders set cust_id=?,employee_id=?,order_date=? where order_id=?
Hibernate: select p1_0.product_id,p1_0.description,p1_0.manufacturer_name,p1_0.name,p1_0.status,p1_0.unit from product p1_0 where p1_0.product_id=?
Hibernate: select o1_0.order_id,o2_0.order_id,c1_0.cust_id,c1_0.address,c1_0.email,c1_0.cust_name,c1_0.phone,o2_0.employee_id,e1_0.emp_id,e1_0.address,e1_0.dob,e1_0.email,e1_0.full_name,e1_0.phone,e1_0.status,o2_0.order_date,o1_0.product_id,p1_0.product_id,p1_0.description,p1_0.manufacturer_name,p1_0.name,p1_0.status,p1_0.unit,p2_0.product_id,p2_0.image_id,p2_0.alternative,p2_0.path,o1_0.note,o1_0.price,o1_0.quantity from order_detail o1_0 join orders o2_0 on o2_0.order_id=o1_0.order_id left join customer c1_0 on c1_0.cust_id=o2_0.cust_id left join employee e1_0 on e1_0.emp_id=o2_0.employee_id join product p1_0 on p1_0.product_id=o1_0.product_id left join product_image p2_0 on p1_0.product_id=p2_0.product_id where (o1_0.order_id,o1_0.product_id) in ((?,?))
Hibernate: select o1_0.order_id,c1_0.cust_id,c1_0.address,c1_0.email,c1_0.cust_name,c1_0.phone,o1_0.employee_id,e1_0.emp_id,e1_0.address,e1_0.dob,e1_0.email,e1_0.full_name,e1_0.phone,e1_0.status,o1_0.order_date,o2_0.order_id,o2_0.product_id,p1_0.product_id,p1_0.description,p1_0.manufacturer_name,p1_0.name,p1_0.status,p1_0.unit,o2_0.note,o2_0.price,o2_0.quantity from orders o1_0 left join customer c1_0 on c1_0.cust_id=o1_0.cust_id join employee e1_0 on e1_0.emp_id=o1_0.employee_id left join order_detail o2_0 on o1_0.order_id=o2_0.order_id left join product p1_0 on p1_0.product_id=o2_0.product_id where o1_0.order_id=?
Hibernate: select p1_0.product_id,p1_0.price_date_time,p1_0.note,p1_0.price from product_price p1_0 where p1_0.product_id=?
Hibernate: select p1_0.product_id,p1_0.image_id,p1_0.alternative,p1_0.path from product_image p1_0 where p1_0.product_id=?
Hibernate: select o1_0.product_id,o1_0.order_id,o2_0.order_id,c1_0.cust_id,c1_0.address,c1_0.email,c1_0.cust_name,c1_0.phone,o2_0.employee_id,e1_0.emp_id,e1_0.address,e1_0.dob,e1_0.email,e1_0.full_name,e1_0.phone,e1_0.status,o2_0.order_date,o1_0.note,o1_0.price,o1_0.quantity from order_detail o1_0 join orders o2_0 on o2_0.order_id=o1_0.order_id left join customer c1_0 on c1_0.cust_id=o2_0.cust_id left join employee e1_0 on e1_0.emp_id=o2_0.employee_id where o1_0.product_id=?
Hibernate: select l1_0.employee_id,l1_0.order_id,c1_0.cust_id,c1_0.address,c1_0.email,c1_0.cust_name,c1_0.phone,l1_0.order_date from orders l1_0 left join customer c1_0 on c1_0.cust_id=l1_0.cust_id where l1_0.employee_id=?
Hibernate: select p1_0.product_id,p1_0.description,p1_0.manufacturer_name,p1_0.name,p1_0.status,p1_0.unit,o1_0.product_id,o1_0.order_id,o2_0.order_id,c1_0.cust_id,c1_0.address,c1_0.email,c1_0.cust_name,c1_0.phone,o2_0.employee_id,e1_0.emp_id,e1_0.address,e1_0.dob,e1_0.email,e1_0.full_name,e1_0.phone,e1_0.status,o2_0.order_date,o1_0.note,o1_0.price,o1_0.quantity from product p1_0 left join order_detail o1_0 on p1_0.product_id=o1_0.product_id left join orders o2_0 on o2_0.order_id=o1_0.order_id left join customer c1_0 on c1_0.cust_id=o2_0.cust_id left join employee e1_0 on e1_0.emp_id=o2_0.employee_id where p1_0.product_id=?
Hibernate: select o1_0.order_id,o1_0.product_id,p1_0.product_id,p1_0.description,p1_0.manufacturer_name,p1_0.name,p1_0.status,p1_0.unit,o1_0.note,o1_0.price,o1_0.quantity from order_detail o1_0 join product p1_0 on p1_0.product_id=o1_0.product_id where o1_0.order_id=?
Hibernate: select p1_0.product_id,p1_0.price_date_time,p1_0.note,p1_0.price from product_price p1_0 where p1_0.product_id=?
Hibernate: select p1_0.product_id,p1_0.image_id,p1_0.alternative,p1_0.path from product_image p1_0 where p1_0.product_id=?
Hibernate: select o1_0.order_id,o1_0.product_id,p1_0.product_id,p1_0.description,p1_0.manufacturer_name,p1_0.name,p1_0.status,p1_0.unit,o1_0.note,o1_0.price,o1_0.quantity from order_detail o1_0 join product p1_0 on p1_0.product_id=o1_0.product_id where o1_0.order_id=?
Hibernate: select l1_0.employee_id,l1_0.order_id,c1_0.cust_id,c1_0.address,c1_0.email,c1_0.cust_name,c1_0.phone,l1_0.order_date from orders l1_0 left join customer c1_0 on c1_0.cust_id=l1_0.cust_id where l1_0.employee_id=?
Hibernate: insert into order_detail (note,price,quantity,order_id,product_id) values (?,?,?,?,?)
Hibernate: update orders set cust_id=?,employee_id=?,order_date=? where order_id=?
Hibernate: select p1_0.product_id,p1_0.description,p1_0.manufacturer_name,p1_0.name,p1_0.status,p1_0.unit from product p1_0 where p1_0.product_id=?
Hibernate: select o1_0.order_id,o2_0.order_id,c1_0.cust_id,c1_0.address,c1_0.email,c1_0.cust_name,c1_0.phone,o2_0.employee_id,e1_0.emp_id,e1_0.address,e1_0.dob,e1_0.email,e1_0.full_name,e1_0.phone,e1_0.status,o2_0.order_date,o1_0.product_id,p1_0.product_id,p1_0.description,p1_0.manufacturer_name,p1_0.name,p1_0.status,p1_0.unit,p2_0.product_id,p2_0.image_id,p2_0.alternative,p2_0.path,o1_0.note,o1_0.price,o1_0.quantity from order_detail o1_0 join orders o2_0 on o2_0.order_id=o1_0.order_id left join customer c1_0 on c1_0.cust_id=o2_0.cust_id left join employee e1_0 on e1_0.emp_id=o2_0.employee_id join product p1_0 on p1_0.product_id=o1_0.product_id left join product_image p2_0 on p1_0.product_id=p2_0.product_id where (o1_0.order_id,o1_0.product_id) in ((?,?))
Hibernate: select o1_0.order_id,c1_0.cust_id,c1_0.address,c1_0.email,c1_0.cust_name,c1_0.phone,o1_0.employee_id,e1_0.emp_id,e1_0.address,e1_0.dob,e1_0.email,e1_0.full_name,e1_0.phone,e1_0.status,o1_0.order_date,o2_0.order_id,o2_0.product_id,p1_0.product_id,p1_0.description,p1_0.manufacturer_name,p1_0.name,p1_0.status,p1_0.unit,o2_0.note,o2_0.price,o2_0.quantity from orders o1_0 left join customer c1_0 on c1_0.cust_id=o1_0.cust_id join employee e1_0 on e1_0.emp_id=o1_0.employee_id left join order_detail o2_0 on o1_0.order_id=o2_0.order_id left join product p1_0 on p1_0.product_id=o2_0.product_id where o1_0.order_id=?
Hibernate: select p1_0.product_id,p1_0.price_date_time,p1_0.note,p1_0.price from product_price p1_0 where p1_0.product_id=?
Hibernate: select p1_0.product_id,p1_0.image_id,p1_0.alternative,p1_0.path from product_image p1_0 where p1_0.product_id=?
Hibernate: select o1_0.product_id,o1_0.order_id,o2_0.order_id,c1_0.cust_id,c1_0.address,c1_0.email,c1_0.cust_name,c1_0.phone,o2_0.employee_id,e1_0.emp_id,e1_0.address,e1_0.dob,e1_0.email,e1_0.full_name,e1_0.phone,e1_0.status,o2_0.order_date,o1_0.note,o1_0.price,o1_0.quantity from order_detail o1_0 join orders o2_0 on o2_0.order_id=o1_0.order_id left join customer c1_0 on c1_0.cust_id=o2_0.cust_id left join employee e1_0 on e1_0.emp_id=o2_0.employee_id where o1_0.product_id=?
Hibernate: select p1_0.product_id,p1_0.price_date_time,p1_0.note,p1_0.price from product_price p1_0 where p1_0.product_id=?
Hibernate: select p1_0.product_id,p1_0.image_id,p1_0.alternative,p1_0.path from product_image p1_0 where p1_0.product_id=?
Hibernate: select o1_0.product_id,o1_0.order_id,o2_0.order_id,c1_0.cust_id,c1_0.address,c1_0.email,c1_0.cust_name,c1_0.phone,o2_0.employee_id,e1_0.emp_id,e1_0.address,e1_0.dob,e1_0.email,e1_0.full_name,e1_0.phone,e1_0.status,o2_0.order_date,o1_0.note,o1_0.price,o1_0.quantity from order_detail o1_0 join orders o2_0 on o2_0.order_id=o1_0.order_id left join customer c1_0 on c1_0.cust_id=o2_0.cust_id left join employee e1_0 on e1_0.emp_id=o2_0.employee_id where o1_0.product_id=?
Hibernate: select l1_0.employee_id,l1_0.order_id,c1_0.cust_id,c1_0.address,c1_0.email,c1_0.cust_name,c1_0.phone,l1_0.order_date from orders l1_0 left join customer c1_0 on c1_0.cust_id=l1_0.cust_id where l1_0.employee_id=?
Hibernate: select p1_0.product_id,p1_0.description,p1_0.manufacturer_name,p1_0.name,p1_0.status,p1_0.unit,o1_0.product_id,o1_0.order_id,o2_0.order_id,c1_0.cust_id,c1_0.address,c1_0.email,c1_0.cust_name,c1_0.phone,o2_0.employee_id,e1_0.emp_id,e1_0.address,e1_0.dob,e1_0.email,e1_0.full_name,e1_0.phone,e1_0.status,o2_0.order_date,o1_0.note,o1_0.price,o1_0.quantity from product p1_0 left join order_detail o1_0 on p1_0.product_id=o1_0.product_id left join orders o2_0 on o2_0.order_id=o1_0.order_id left join customer c1_0 on c1_0.cust_id=o2_0.cust_id left join employee e1_0 on e1_0.emp_id=o2_0.employee_id where p1_0.product_id=?
Hibernate: select p1_0.product_id,p1_0.price_date_time,p1_0.note,p1_0.price from product_price p1_0 where p1_0.product_id=?
Hibernate: select p1_0.product_id,p1_0.image_id,p1_0.alternative,p1_0.path from product_image p1_0 where p1_0.product_id=?
Hibernate: insert into order_detail (note,price,quantity,order_id,product_id) values (?,?,?,?,?)
Hibernate: update orders set cust_id=?,employee_id=?,order_date=? where order_id=?
Hibernate: select e1_0.emp_id,e1_0.address,e1_0.dob,e1_0.email,e1_0.full_name,e1_0.phone,e1_0.status from employee e1_0 where e1_0.emp_id=?
Hibernate: select c1_0.cust_id,c1_0.address,c1_0.email,c1_0.cust_name,c1_0.phone from customer c1_0 where c1_0.cust_id=?
Hibernate: select o1_0.order_id,c1_0.cust_id,c1_0.address,c1_0.email,c1_0.cust_name,c1_0.phone,o1_0.employee_id,e1_0.emp_id,e1_0.address,e1_0.dob,e1_0.email,e1_0.full_name,e1_0.phone,e1_0.status,o1_0.order_date,o2_0.order_id,o2_0.product_id,p1_0.product_id,p1_0.description,p1_0.manufacturer_name,p1_0.name,p1_0.status,p1_0.unit,o2_0.note,o2_0.price,o2_0.quantity from orders o1_0 left join customer c1_0 on c1_0.cust_id=o1_0.cust_id join employee e1_0 on e1_0.emp_id=o1_0.employee_id left join order_detail o2_0 on o1_0.order_id=o2_0.order_id left join product p1_0 on p1_0.product_id=o2_0.product_id where o1_0.order_id=?
Hibernate: select c1_0.cust_id,c1_0.address,c1_0.email,c1_0.cust_name,c1_0.phone from customer c1_0 where c1_0.cust_id=?
Hibernate: select e1_0.emp_id,e1_0.address,e1_0.dob,e1_0.email,e1_0.full_name,e1_0.phone,e1_0.status from employee e1_0 where e1_0.emp_id=?
Hibernate: insert into orders (cust_id,employee_id,order_date,order_id) values (?,?,?,default)
Hibernate: select p1_0.product_id,p1_0.description,p1_0.manufacturer_name,p1_0.name,p1_0.status,p1_0.unit from product p1_0 where p1_0.product_id=?
Hibernate: select o1_0.order_id,o2_0.order_id,c1_0.cust_id,c1_0.address,c1_0.email,c1_0.cust_name,c1_0.phone,o2_0.employee_id,e1_0.emp_id,e1_0.address,e1_0.dob,e1_0.email,e1_0.full_name,e1_0.phone,e1_0.status,o2_0.order_date,o1_0.product_id,p1_0.product_id,p1_0.description,p1_0.manufacturer_name,p1_0.name,p1_0.status,p1_0.unit,p2_0.product_id,p2_0.image_id,p2_0.alternative,p2_0.path,o1_0.note,o1_0.price,o1_0.quantity from order_detail o1_0 join orders o2_0 on o2_0.order_id=o1_0.order_id left join customer c1_0 on c1_0.cust_id=o2_0.cust_id left join employee e1_0 on e1_0.emp_id=o2_0.employee_id join product p1_0 on p1_0.product_id=o1_0.product_id left join product_image p2_0 on p1_0.product_id=p2_0.product_id where (o1_0.order_id,o1_0.product_id) in ((?,?))
Hibernate: select o1_0.order_id,c1_0.cust_id,c1_0.address,c1_0.email,c1_0.cust_name,c1_0.phone,o1_0.employee_id,e1_0.emp_id,e1_0.address,e1_0.dob,e1_0.email,e1_0.full_name,e1_0.phone,e1_0.status,o1_0.order_date,o2_0.order_id,o2_0.product_id,p1_0.product_id,p1_0.description,p1_0.manufacturer_name,p1_0.name,p1_0.status,p1_0.unit,o2_0.note,o2_0.price,o2_0.quantity from orders o1_0 left join customer c1_0 on c1_0.cust_id=o1_0.cust_id join employee e1_0 on e1_0.emp_id=o1_0.employee_id left join order_detail o2_0 on o1_0.order_id=o2_0.order_id left join product p1_0 on p1_0.product_id=o2_0.product_id where o1_0.order_id=?
Hibernate: select l1_0.employee_id,l1_0.order_id,c1_0.cust_id,c1_0.address,c1_0.email,c1_0.cust_name,c1_0.phone,l1_0.order_date from orders l1_0 left join customer c1_0 on c1_0.cust_id=l1_0.cust_id where l1_0.employee_id=?
Hibernate: select p1_0.product_id,p1_0.description,p1_0.manufacturer_name,p1_0.name,p1_0.status,p1_0.unit,o1_0.product_id,o1_0.order_id,o2_0.order_id,c1_0.cust_id,c1_0.address,c1_0.email,c1_0.cust_name,c1_0.phone,o2_0.employee_id,e1_0.emp_id,e1_0.address,e1_0.dob,e1_0.email,e1_0.full_name,e1_0.phone,e1_0.status,o2_0.order_date,o1_0.note,o1_0.price,o1_0.quantity from product p1_0 left join order_detail o1_0 on p1_0.product_id=o1_0.product_id left join orders o2_0 on o2_0.order_id=o1_0.order_id left join customer c1_0 on c1_0.cust_id=o2_0.cust_id left join employee e1_0 on e1_0.emp_id=o2_0.employee_id where p1_0.product_id=?
Hibernate: select p1_0.product_id,p1_0.price_date_time,p1_0.note,p1_0.price from product_price p1_0 where p1_0.product_id=?
Hibernate: select p1_0.product_id,p1_0.image_id,p1_0.alternative,p1_0.path from product_image p1_0 where p1_0.product_id=?
Hibernate: insert into order_detail (note,price,quantity,order_id,product_id) values (?,?,?,?,?)
Hibernate: update orders set cust_id=?,employee_id=?,order_date=? where order_id=?
Hibernate: select p1_0.product_id,p1_0.description,p1_0.manufacturer_name,p1_0.name,p1_0.status,p1_0.unit from product p1_0 where p1_0.product_id=?
Hibernate: select o1_0.order_id,o2_0.order_id,c1_0.cust_id,c1_0.address,c1_0.email,c1_0.cust_name,c1_0.phone,o2_0.employee_id,e1_0.emp_id,e1_0.address,e1_0.dob,e1_0.email,e1_0.full_name,e1_0.phone,e1_0.status,o2_0.order_date,o1_0.product_id,p1_0.product_id,p1_0.description,p1_0.manufacturer_name,p1_0.name,p1_0.status,p1_0.unit,p2_0.product_id,p2_0.image_id,p2_0.alternative,p2_0.path,o1_0.note,o1_0.price,o1_0.quantity from order_detail o1_0 join orders o2_0 on o2_0.order_id=o1_0.order_id left join customer c1_0 on c1_0.cust_id=o2_0.cust_id left join employee e1_0 on e1_0.emp_id=o2_0.employee_id join product p1_0 on p1_0.product_id=o1_0.product_id left join product_image p2_0 on p1_0.product_id=p2_0.product_id where (o1_0.order_id,o1_0.product_id) in ((?,?))
Hibernate: select o1_0.order_id,c1_0.cust_id,c1_0.address,c1_0.email,c1_0.cust_name,c1_0.phone,o1_0.employee_id,e1_0.emp_id,e1_0.address,e1_0.dob,e1_0.email,e1_0.full_name,e1_0.phone,e1_0.status,o1_0.order_date,o2_0.order_id,o2_0.product_id,p1_0.product_id,p1_0.description,p1_0.manufacturer_name,p1_0.name,p1_0.status,p1_0.unit,o2_0.note,o2_0.price,o2_0.quantity from orders o1_0 left join customer c1_0 on c1_0.cust_id=o1_0.cust_id join employee e1_0 on e1_0.emp_id=o1_0.employee_id left join order_detail o2_0 on o1_0.order_id=o2_0.order_id left join product p1_0 on p1_0.product_id=o2_0.product_id where o1_0.order_id=?
Hibernate: select p1_0.product_id,p1_0.price_date_time,p1_0.note,p1_0.price from product_price p1_0 where p1_0.product_id=?
Hibernate: select p1_0.product_id,p1_0.image_id,p1_0.alternative,p1_0.path from product_image p1_0 where p1_0.product_id=?
Hibernate: select o1_0.product_id,o1_0.order_id,o2_0.order_id,c1_0.cust_id,c1_0.address,c1_0.email,c1_0.cust_name,c1_0.phone,o2_0.employee_id,e1_0.emp_id,e1_0.address,e1_0.dob,e1_0.email,e1_0.full_name,e1_0.phone,e1_0.status,o2_0.order_date,o1_0.note,o1_0.price,o1_0.quantity from order_detail o1_0 join orders o2_0 on o2_0.order_id=o1_0.order_id left join customer c1_0 on c1_0.cust_id=o2_0.cust_id left join employee e1_0 on e1_0.emp_id=o2_0.employee_id where o1_0.product_id=?
Hibernate: select l1_0.employee_id,l1_0.order_id,c1_0.cust_id,c1_0.address,c1_0.email,c1_0.cust_name,c1_0.phone,l1_0.order_date from orders l1_0 left join customer c1_0 on c1_0.cust_id=l1_0.cust_id where l1_0.employee_id=?
Hibernate: select p1_0.product_id,p1_0.description,p1_0.manufacturer_name,p1_0.name,p1_0.status,p1_0.unit,o1_0.product_id,o1_0.order_id,o2_0.order_id,c1_0.cust_id,c1_0.address,c1_0.email,c1_0.cust_name,c1_0.phone,o2_0.employee_id,e1_0.emp_id,e1_0.address,e1_0.dob,e1_0.email,e1_0.full_name,e1_0.phone,e1_0.status,o2_0.order_date,o1_0.note,o1_0.price,o1_0.quantity from product p1_0 left join order_detail o1_0 on p1_0.product_id=o1_0.product_id left join orders o2_0 on o2_0.order_id=o1_0.order_id left join customer c1_0 on c1_0.cust_id=o2_0.cust_id left join employee e1_0 on e1_0.emp_id=o2_0.employee_id where p1_0.product_id=?
Hibernate: select p1_0.product_id,p1_0.price_date_time,p1_0.note,p1_0.price from product_price p1_0 where p1_0.product_id=?
Hibernate: select p1_0.product_id,p1_0.image_id,p1_0.alternative,p1_0.path from product_image p1_0 where p1_0.product_id=?
Hibernate: select o1_0.order_id,o1_0.product_id,p1_0.product_id,p1_0.description,p1_0.manufacturer_name,p1_0.name,p1_0.status,p1_0.unit,o1_0.note,o1_0.price,o1_0.quantity from order_detail o1_0 join product p1_0 on p1_0.product_id=o1_0.product_id where o1_0.order_id=?
Hibernate: select l1_0.employee_id,l1_0.order_id,c1_0.cust_id,c1_0.address,c1_0.email,c1_0.cust_name,c1_0.phone,l1_0.order_date from orders l1_0 left join customer c1_0 on c1_0.cust_id=l1_0.cust_id where l1_0.employee_id=?
Hibernate: insert into order_detail (note,price,quantity,order_id,product_id) values (?,?,?,?,?)
Hibernate: update orders set cust_id=?,employee_id=?,order_date=? where order_id=?
Hibernate: select p1_0.product_id,p1_0.description,p1_0.manufacturer_name,p1_0.name,p1_0.status,p1_0.unit from product p1_0 where p1_0.product_id=?
Hibernate: select o1_0.order_id,o2_0.order_id,c1_0.cust_id,c1_0.address,c1_0.email,c1_0.cust_name,c1_0.phone,o2_0.employee_id,e1_0.emp_id,e1_0.address,e1_0.dob,e1_0.email,e1_0.full_name,e1_0.phone,e1_0.status,o2_0.order_date,o1_0.product_id,p1_0.product_id,p1_0.description,p1_0.manufacturer_name,p1_0.name,p1_0.status,p1_0.unit,p2_0.product_id,p2_0.image_id,p2_0.alternative,p2_0.path,o1_0.note,o1_0.price,o1_0.quantity from order_detail o1_0 join orders o2_0 on o2_0.order_id=o1_0.order_id left join customer c1_0 on c1_0.cust_id=o2_0.cust_id left join employee e1_0 on e1_0.emp_id=o2_0.employee_id join product p1_0 on p1_0.product_id=o1_0.product_id left join product_image p2_0 on p1_0.product_id=p2_0.product_id where (o1_0.order_id,o1_0.product_id) in ((?,?))
Hibernate: select o1_0.order_id,c1_0.cust_id,c1_0.address,c1_0.email,c1_0.cust_name,c1_0.phone,o1_0.employee_id,e1_0.emp_id,e1_0.address,e1_0.dob,e1_0.email,e1_0.full_name,e1_0.phone,e1_0.status,o1_0.order_date,o2_0.order_id,o2_0.product_id,p1_0.product_id,p1_0.description,p1_0.manufacturer_name,p1_0.name,p1_0.status,p1_0.unit,o2_0.note,o2_0.price,o2_0.quantity from orders o1_0 left join customer c1_0 on c1_0.cust_id=o1_0.cust_id join employee e1_0 on e1_0.emp_id=o1_0.employee_id left join order_detail o2_0 on o1_0.order_id=o2_0.order_id left join product p1_0 on p1_0.product_id=o2_0.product_id where o1_0.order_id=?
Hibernate: select p1_0.product_id,p1_0.price_date_time,p1_0.note,p1_0.price from product_price p1_0 where p1_0.product_id=?
Hibernate: select p1_0.product_id,p1_0.image_id,p1_0.alternative,p1_0.path from product_image p1_0 where p1_0.product_id=?
Hibernate: select o1_0.product_id,o1_0.order_id,o2_0.order_id,c1_0.cust_id,c1_0.address,c1_0.email,c1_0.cust_name,c1_0.phone,o2_0.employee_id,e1_0.emp_id,e1_0.address,e1_0.dob,e1_0.email,e1_0.full_name,e1_0.phone,e1_0.status,o2_0.order_date,o1_0.note,o1_0.price,o1_0.quantity from order_detail o1_0 join orders o2_0 on o2_0.order_id=o1_0.order_id left join customer c1_0 on c1_0.cust_id=o2_0.cust_id left join employee e1_0 on e1_0.emp_id=o2_0.employee_id where o1_0.product_id=?
Hibernate: select p1_0.product_id,p1_0.price_date_time,p1_0.note,p1_0.price from product_price p1_0 where p1_0.product_id=?
Hibernate: select p1_0.product_id,p1_0.image_id,p1_0.alternative,p1_0.path from product_image p1_0 where p1_0.product_id=?
Hibernate: select o1_0.product_id,o1_0.order_id,o2_0.order_id,c1_0.cust_id,c1_0.address,c1_0.email,c1_0.cust_name,c1_0.phone,o2_0.employee_id,e1_0.emp_id,e1_0.address,e1_0.dob,e1_0.email,e1_0.full_name,e1_0.phone,e1_0.status,o2_0.order_date,o1_0.note,o1_0.price,o1_0.quantity from order_detail o1_0 join orders o2_0 on o2_0.order_id=o1_0.order_id left join customer c1_0 on c1_0.cust_id=o2_0.cust_id left join employee e1_0 on e1_0.emp_id=o2_0.employee_id where o1_0.product_id=?
Hibernate: select l1_0.employee_id,l1_0.order_id,c1_0.cust_id,c1_0.address,c1_0.email,c1_0.cust_name,c1_0.phone,l1_0.order_date from orders l1_0 left join customer c1_0 on c1_0.cust_id=l1_0.cust_id where l1_0.employee_id=?
Hibernate: select p1_0.product_id,p1_0.description,p1_0.manufacturer_name,p1_0.name,p1_0.status,p1_0.unit,o1_0.product_id,o1_0.order_id,o2_0.order_id,c1_0.cust_id,c1_0.address,c1_0.email,c1_0.cust_name,c1_0.phone,o2_0.employee_id,e1_0.emp_id,e1_0.address,e1_0.dob,e1_0.email,e1_0.full_name,e1_0.phone,e1_0.status,o2_0.order_date,o1_0.note,o1_0.price,o1_0.quantity from product p1_0 left join order_detail o1_0 on p1_0.product_id=o1_0.product_id left join orders o2_0 on o2_0.order_id=o1_0.order_id left join customer c1_0 on c1_0.cust_id=o2_0.cust_id left join employee e1_0 on e1_0.emp_id=o2_0.employee_id where p1_0.product_id=?
Hibernate: select p1_0.product_id,p1_0.price_date_time,p1_0.note,p1_0.price from product_price p1_0 where p1_0.product_id=?
Hibernate: select p1_0.product_id,p1_0.image_id,p1_0.alternative,p1_0.path from product_image p1_0 where p1_0.product_id=?
Hibernate: select o1_0.order_id,o1_0.product_id,p1_0.product_id,p1_0.description,p1_0.manufacturer_name,p1_0.name,p1_0.status,p1_0.unit,o1_0.note,o1_0.price,o1_0.quantity from order_detail o1_0 join product p1_0 on p1_0.product_id=o1_0.product_id where o1_0.order_id=?
Hibernate: select l1_0.employee_id,l1_0.order_id,c1_0.cust_id,c1_0.address,c1_0.email,c1_0.cust_name,c1_0.phone,l1_0.order_date from orders l1_0 left join customer c1_0 on c1_0.cust_id=l1_0.cust_id where l1_0.employee_id=?
Hibernate: insert into order_detail (note,price,quantity,order_id,product_id) values (?,?,?,?,?)
Hibernate: update orders set cust_id=?,employee_id=?,order_date=? where order_id=?
Hibernate: select e1_0.emp_id,e1_0.address,e1_0.dob,e1_0.email,e1_0.full_name,e1_0.phone,e1_0.status from employee e1_0 where e1_0.emp_id=?
Hibernate: select c1_0.cust_id,c1_0.address,c1_0.email,c1_0.cust_name,c1_0.phone from customer c1_0 where c1_0.cust_id=?
Hibernate: select o1_0.order_id,c1_0.cust_id,c1_0.address,c1_0.email,c1_0.cust_name,c1_0.phone,o1_0.employee_id,e1_0.emp_id,e1_0.address,e1_0.dob,e1_0.email,e1_0.full_name,e1_0.phone,e1_0.status,o1_0.order_date,o2_0.order_id,o2_0.product_id,p1_0.product_id,p1_0.description,p1_0.manufacturer_name,p1_0.name,p1_0.status,p1_0.unit,o2_0.note,o2_0.price,o2_0.quantity from orders o1_0 left join customer c1_0 on c1_0.cust_id=o1_0.cust_id join employee e1_0 on e1_0.emp_id=o1_0.employee_id left join order_detail o2_0 on o1_0.order_id=o2_0.order_id left join product p1_0 on p1_0.product_id=o2_0.product_id where o1_0.order_id=?
Hibernate: select c1_0.cust_id,c1_0.address,c1_0.email,c1_0.cust_name,c1_0.phone from customer c1_0 where c1_0.cust_id=?
Hibernate: select e1_0.emp_id,e1_0.address,e1_0.dob,e1_0.email,e1_0.full_name,e1_0.phone,e1_0.status from employee e1_0 where e1_0.emp_id=?
Hibernate: insert into orders (cust_id,employee_id,order_date,order_id) values (?,?,?,default)
Hibernate: select p1_0.product_id,p1_0.description,p1_0.manufacturer_name,p1_0.name,p1_0.status,p1_0.unit from product p1_0 where p1_0.product_id=?
Hibernate: select o1_0.order_id,o2_0.order_id,c1_0.cust_id,c1_0.address,c1_0.email,c1_0.cust_name,c1_0.phone,o2_0.employee_id,e1_0.emp_id,e1_0.address,e1_0.dob,e1_0.email,e1_0.full_name,e1_0.phone,e1_0.status,o2_0.order_date,o1_0.product_id,p1_0.product_id,p1_0.description,p1_0.manufacturer_name,p1_0.name,p1_0.status,p1_0.unit,p2_0.product_id,p2_0.image_id,p2_0.alternative,p2_0.path,o1_0.note,o1_0.price,o1_0.quantity from order_detail o1_0 join orders o2_0 on o2_0.order_id=o1_0.order_id left join customer c1_0 on c1_0.cust_id=o2_0.cust_id left join employee e1_0 on e1_0.emp_id=o2_0.employee_id join product p1_0 on p1_0.product_id=o1_0.product_id left join product_image p2_0 on p1_0.product_id=p2_0.product_id where (o1_0.order_id,o1_0.product_id) in ((?,?))
Hibernate: select o1_0.order_id,c1_0.cust_id,c1_0.address,c1_0.email,c1_0.cust_name,c1_0.phone,o1_0.employee_id,e1_0.emp_id,e1_0.address,e1_0.dob,e1_0.email,e1_0.full_name,e1_0.phone,e1_0.status,o1_0.order_date,o2_0.order_id,o2_0.product_id,p1_0.product_id,p1_0.description,p1_0.manufacturer_name,p1_0.name,p1_0.status,p1_0.unit,o2_0.note,o2_0.price,o2_0.quantity from orders o1_0 left join customer c1_0 on c1_0.cust_id=o1_0.cust_id join employee e1_0 on e1_0.emp_id=o1_0.employee_id left join order_detail o2_0 on o1_0.order_id=o2_0.order_id left join product p1_0 on p1_0.product_id=o2_0.product_id where o1_0.order_id=?
Hibernate: select l1_0.employee_id,l1_0.order_id,c1_0.cust_id,c1_0.address,c1_0.email,c1_0.cust_name,c1_0.phone,l1_0.order_date from orders l1_0 left join customer c1_0 on c1_0.cust_id=l1_0.cust_id where l1_0.employee_id=?
Hibernate: select p1_0.product_id,p1_0.description,p1_0.manufacturer_name,p1_0.name,p1_0.status,p1_0.unit,o1_0.product_id,o1_0.order_id,o2_0.order_id,c1_0.cust_id,c1_0.address,c1_0.email,c1_0.cust_name,c1_0.phone,o2_0.employee_id,e1_0.emp_id,e1_0.address,e1_0.dob,e1_0.email,e1_0.full_name,e1_0.phone,e1_0.status,o2_0.order_date,o1_0.note,o1_0.price,o1_0.quantity from product p1_0 left join order_detail o1_0 on p1_0.product_id=o1_0.product_id left join orders o2_0 on o2_0.order_id=o1_0.order_id left join customer c1_0 on c1_0.cust_id=o2_0.cust_id left join employee e1_0 on e1_0.emp_id=o2_0.employee_id where p1_0.product_id=?
Hibernate: select p1_0.product_id,p1_0.price_date_time,p1_0.note,p1_0.price from product_price p1_0 where p1_0.product_id=?
Hibernate: select p1_0.product_id,p1_0.image_id,p1_0.alternative,p1_0.path from product_image p1_0 where p1_0.product_id=?
Hibernate: insert into order_detail (note,price,quantity,order_id,product_id) values (?,?,?,?,?)
Hibernate: update orders set cust_id=?,employee_id=?,order_date=? where order_id=?
Hibernate: select p1_0.product_id,p1_0.description,p1_0.manufacturer_name,p1_0.name,p1_0.status,p1_0.unit from product p1_0 where p1_0.product_id=?
Hibernate: select o1_0.order_id,o2_0.order_id,c1_0.cust_id,c1_0.address,c1_0.email,c1_0.cust_name,c1_0.phone,o2_0.employee_id,e1_0.emp_id,e1_0.address,e1_0.dob,e1_0.email,e1_0.full_name,e1_0.phone,e1_0.status,o2_0.order_date,o1_0.product_id,p1_0.product_id,p1_0.description,p1_0.manufacturer_name,p1_0.name,p1_0.status,p1_0.unit,p2_0.product_id,p2_0.image_id,p2_0.alternative,p2_0.path,o1_0.note,o1_0.price,o1_0.quantity from order_detail o1_0 join orders o2_0 on o2_0.order_id=o1_0.order_id left join customer c1_0 on c1_0.cust_id=o2_0.cust_id left join employee e1_0 on e1_0.emp_id=o2_0.employee_id join product p1_0 on p1_0.product_id=o1_0.product_id left join product_image p2_0 on p1_0.product_id=p2_0.product_id where (o1_0.order_id,o1_0.product_id) in ((?,?))
Hibernate: select o1_0.order_id,c1_0.cust_id,c1_0.address,c1_0.email,c1_0.cust_name,c1_0.phone,o1_0.employee_id,e1_0.emp_id,e1_0.address,e1_0.dob,e1_0.email,e1_0.full_name,e1_0.phone,e1_0.status,o1_0.order_date,o2_0.order_id,o2_0.product_id,p1_0.product_id,p1_0.description,p1_0.manufacturer_name,p1_0.name,p1_0.status,p1_0.unit,o2_0.note,o2_0.price,o2_0.quantity from orders o1_0 left join customer c1_0 on c1_0.cust_id=o1_0.cust_id join employee e1_0 on e1_0.emp_id=o1_0.employee_id left join order_detail o2_0 on o1_0.order_id=o2_0.order_id left join product p1_0 on p1_0.product_id=o2_0.product_id where o1_0.order_id=?
Hibernate: select p1_0.product_id,p1_0.price_date_time,p1_0.note,p1_0.price from product_price p1_0 where p1_0.product_id=?
Hibernate: select p1_0.product_id,p1_0.image_id,p1_0.alternative,p1_0.path from product_image p1_0 where p1_0.product_id=?
Hibernate: select o1_0.product_id,o1_0.order_id,o2_0.order_id,c1_0.cust_id,c1_0.address,c1_0.email,c1_0.cust_name,c1_0.phone,o2_0.employee_id,e1_0.emp_id,e1_0.address,e1_0.dob,e1_0.email,e1_0.full_name,e1_0.phone,e1_0.status,o2_0.order_date,o1_0.note,o1_0.price,o1_0.quantity from order_detail o1_0 join orders o2_0 on o2_0.order_id=o1_0.order_id left join customer c1_0 on c1_0.cust_id=o2_0.cust_id left join employee e1_0 on e1_0.emp_id=o2_0.employee_id where o1_0.product_id=?
Hibernate: select l1_0.employee_id,l1_0.order_id,c1_0.cust_id,c1_0.address,c1_0.email,c1_0.cust_name,c1_0.phone,l1_0.order_date from orders l1_0 left join customer c1_0 on c1_0.cust_id=l1_0.cust_id where l1_0.employee_id=?
Hibernate: select p1_0.product_id,p1_0.description,p1_0.manufacturer_name,p1_0.name,p1_0.status,p1_0.unit,o1_0.product_id,o1_0.order_id,o2_0.order_id,c1_0.cust_id,c1_0.address,c1_0.email,c1_0.cust_name,c1_0.phone,o2_0.employee_id,e1_0.emp_id,e1_0.address,e1_0.dob,e1_0.email,e1_0.full_name,e1_0.phone,e1_0.status,o2_0.order_date,o1_0.note,o1_0.price,o1_0.quantity from product p1_0 left join order_detail o1_0 on p1_0.product_id=o1_0.product_id left join orders o2_0 on o2_0.order_id=o1_0.order_id left join customer c1_0 on c1_0.cust_id=o2_0.cust_id left join employee e1_0 on e1_0.emp_id=o2_0.employee_id where p1_0.product_id=?
Hibernate: select p1_0.product_id,p1_0.price_date_time,p1_0.note,p1_0.price from product_price p1_0 where p1_0.product_id=?
Hibernate: select p1_0.product_id,p1_0.image_id,p1_0.alternative,p1_0.path from product_image p1_0 where p1_0.product_id=?
Hibernate: select o1_0.order_id,o1_0.product_id,p1_0.product_id,p1_0.description,p1_0.manufacturer_name,p1_0.name,p1_0.status,p1_0.unit,o1_0.note,o1_0.price,o1_0.quantity from order_detail o1_0 join product p1_0 on p1_0.product_id=o1_0.product_id where o1_0.order_id=?
Hibernate: select l1_0.employee_id,l1_0.order_id,c1_0.cust_id,c1_0.address,c1_0.email,c1_0.cust_name,c1_0.phone,l1_0.order_date from orders l1_0 left join customer c1_0 on c1_0.cust_id=l1_0.cust_id where l1_0.employee_id=?
Hibernate: insert into order_detail (note,price,quantity,order_id,product_id) values (?,?,?,?,?)
Hibernate: update orders set cust_id=?,employee_id=?,order_date=? where order_id=?
Hibernate: select p1_0.product_id,p1_0.description,p1_0.manufacturer_name,p1_0.name,p1_0.status,p1_0.unit from product p1_0 where p1_0.product_id=?
Hibernate: select o1_0.order_id,o2_0.order_id,c1_0.cust_id,c1_0.address,c1_0.email,c1_0.cust_name,c1_0.phone,o2_0.employee_id,e1_0.emp_id,e1_0.address,e1_0.dob,e1_0.email,e1_0.full_name,e1_0.phone,e1_0.status,o2_0.order_date,o1_0.product_id,p1_0.product_id,p1_0.description,p1_0.manufacturer_name,p1_0.name,p1_0.status,p1_0.unit,p2_0.product_id,p2_0.image_id,p2_0.alternative,p2_0.path,o1_0.note,o1_0.price,o1_0.quantity from order_detail o1_0 join orders o2_0 on o2_0.order_id=o1_0.order_id left join customer c1_0 on c1_0.cust_id=o2_0.cust_id left join employee e1_0 on e1_0.emp_id=o2_0.employee_id join product p1_0 on p1_0.product_id=o1_0.product_id left join product_image p2_0 on p1_0.product_id=p2_0.product_id where (o1_0.order_id,o1_0.product_id) in ((?,?))
Hibernate: select o1_0.order_id,c1_0.cust_id,c1_0.address,c1_0.email,c1_0.cust_name,c1_0.phone,o1_0.employee_id,e1_0.emp_id,e1_0.address,e1_0.dob,e1_0.email,e1_0.full_name,e1_0.phone,e1_0.status,o1_0.order_date,o2_0.order_id,o2_0.product_id,p1_0.product_id,p1_0.description,p1_0.manufacturer_name,p1_0.name,p1_0.status,p1_0.unit,o2_0.note,o2_0.price,o2_0.quantity from orders o1_0 left join customer c1_0 on c1_0.cust_id=o1_0.cust_id join employee e1_0 on e1_0.emp_id=o1_0.employee_id left join order_detail o2_0 on o1_0.order_id=o2_0.order_id left join product p1_0 on p1_0.product_id=o2_0.product_id where o1_0.order_id=?
Hibernate: select p1_0.product_id,p1_0.price_date_time,p1_0.note,p1_0.price from product_price p1_0 where p1_0.product_id=?
Hibernate: select p1_0.product_id,p1_0.image_id,p1_0.alternative,p1_0.path from product_image p1_0 where p1_0.product_id=?
Hibernate: select o1_0.product_id,o1_0.order_id,o2_0.order_id,c1_0.cust_id,c1_0.address,c1_0.email,c1_0.cust_name,c1_0.phone,o2_0.employee_id,e1_0.emp_id,e1_0.address,e1_0.dob,e1_0.email,e1_0.full_name,e1_0.phone,e1_0.status,o2_0.order_date,o1_0.note,o1_0.price,o1_0.quantity from order_detail o1_0 join orders o2_0 on o2_0.order_id=o1_0.order_id left join customer c1_0 on c1_0.cust_id=o2_0.cust_id left join employee e1_0 on e1_0.emp_id=o2_0.employee_id where o1_0.product_id=?
Hibernate: select p1_0.product_id,p1_0.price_date_time,p1_0.note,p1_0.price from product_price p1_0 where p1_0.product_id=?
Hibernate: select p1_0.product_id,p1_0.image_id,p1_0.alternative,p1_0.path from product_image p1_0 where p1_0.product_id=?
Hibernate: select o1_0.product_id,o1_0.order_id,o2_0.order_id,c1_0.cust_id,c1_0.address,c1_0.email,c1_0.cust_name,c1_0.phone,o2_0.employee_id,e1_0.emp_id,e1_0.address,e1_0.dob,e1_0.email,e1_0.full_name,e1_0.phone,e1_0.status,o2_0.order_date,o1_0.note,o1_0.price,o1_0.quantity from order_detail o1_0 join orders o2_0 on o2_0.order_id=o1_0.order_id left join customer c1_0 on c1_0.cust_id=o2_0.cust_id left join employee e1_0 on e1_0.emp_id=o2_0.employee_id where o1_0.product_id=?
Hibernate: select l1_0.employee_id,l1_0.order_id,c1_0.cust_id,c1_0.address,c1_0.email,c1_0.cust_name,c1_0.phone,l1_0.order_date from orders l1_0 left join customer c1_0 on c1_0.cust_id=l1_0.cust_id where l1_0.employee_id=?
Hibernate: select p1_0.product_id,p1_0.description,p1_0.manufacturer_name,p1_0.name,p1_0.status,p1_0.unit,o1_0.product_id,o1_0.order_id,o2_0.order_id,c1_0.cust_id,c1_0.address,c1_0.email,c1_0.cust_name,c1_0.phone,o2_0.employee_id,e1_0.emp_id,e1_0.address,e1_0.dob,e1_0.email,e1_0.full_name,e1_0.phone,e1_0.status,o2_0.order_date,o1_0.note,o1_0.price,o1_0.quantity from product p1_0 left join order_detail o1_0 on p1_0.product_id=o1_0.product_id left join orders o2_0 on o2_0.order_id=o1_0.order_id left join customer c1_0 on c1_0.cust_id=o2_0.cust_id left join employee e1_0 on e1_0.emp_id=o2_0.employee_id where p1_0.product_id=?
Hibernate: select p1_0.product_id,p1_0.price_date_time,p1_0.note,p1_0.price from product_price p1_0 where p1_0.product_id=?
Hibernate: select p1_0.product_id,p1_0.image_id,p1_0.alternative,p1_0.path from product_image p1_0 where p1_0.product_id=?
Hibernate: select o1_0.order_id,o1_0.product_id,p1_0.product_id,p1_0.description,p1_0.manufacturer_name,p1_0.name,p1_0.status,p1_0.unit,o1_0.note,o1_0.price,o1_0.quantity from order_detail o1_0 join product p1_0 on p1_0.product_id=o1_0.product_id where o1_0.order_id=?
Hibernate: select l1_0.employee_id,l1_0.order_id,c1_0.cust_id,c1_0.address,c1_0.email,c1_0.cust_name,c1_0.phone,l1_0.order_date from orders l1_0 left join customer c1_0 on c1_0.cust_id=l1_0.cust_id where l1_0.employee_id=?
Hibernate: insert into order_detail (note,price,quantity,order_id,product_id) values (?,?,?,?,?)
Hibernate: update orders set cust_id=?,employee_id=?,order_date=? where order_id=?
Hibernate: select e1_0.emp_id,e1_0.address,e1_0.dob,e1_0.email,e1_0.full_name,e1_0.phone,e1_0.status from employee e1_0 where e1_0.emp_id=?
Hibernate: select c1_0.cust_id,c1_0.address,c1_0.email,c1_0.cust_name,c1_0.phone from customer c1_0 where c1_0.cust_id=?
Hibernate: select o1_0.order_id,c1_0.cust_id,c1_0.address,c1_0.email,c1_0.cust_name,c1_0.phone,o1_0.employee_id,e1_0.emp_id,e1_0.address,e1_0.dob,e1_0.email,e1_0.full_name,e1_0.phone,e1_0.status,o1_0.order_date,o2_0.order_id,o2_0.product_id,p1_0.product_id,p1_0.description,p1_0.manufacturer_name,p1_0.name,p1_0.status,p1_0.unit,o2_0.note,o2_0.price,o2_0.quantity from orders o1_0 left join customer c1_0 on c1_0.cust_id=o1_0.cust_id join employee e1_0 on e1_0.emp_id=o1_0.employee_id left join order_detail o2_0 on o1_0.order_id=o2_0.order_id left join product p1_0 on p1_0.product_id=o2_0.product_id where o1_0.order_id=?
Hibernate: select c1_0.cust_id,c1_0.address,c1_0.email,c1_0.cust_name,c1_0.phone from customer c1_0 where c1_0.cust_id=?
Hibernate: select e1_0.emp_id,e1_0.address,e1_0.dob,e1_0.email,e1_0.full_name,e1_0.phone,e1_0.status from employee e1_0 where e1_0.emp_id=?
Hibernate: insert into orders (cust_id,employee_id,order_date,order_id) values (?,?,?,default)
Hibernate: select p1_0.product_id,p1_0.description,p1_0.manufacturer_name,p1_0.name,p1_0.status,p1_0.unit from product p1_0 where p1_0.product_id=?
Hibernate: select o1_0.order_id,o2_0.order_id,c1_0.cust_id,c1_0.address,c1_0.email,c1_0.cust_name,c1_0.phone,o2_0.employee_id,e1_0.emp_id,e1_0.address,e1_0.dob,e1_0.email,e1_0.full_name,e1_0.phone,e1_0.status,o2_0.order_date,o1_0.product_id,p1_0.product_id,p1_0.description,p1_0.manufacturer_name,p1_0.name,p1_0.status,p1_0.unit,p2_0.product_id,p2_0.image_id,p2_0.alternative,p2_0.path,o1_0.note,o1_0.price,o1_0.quantity from order_detail o1_0 join orders o2_0 on o2_0.order_id=o1_0.order_id left join customer c1_0 on c1_0.cust_id=o2_0.cust_id left join employee e1_0 on e1_0.emp_id=o2_0.employee_id join product p1_0 on p1_0.product_id=o1_0.product_id left join product_image p2_0 on p1_0.product_id=p2_0.product_id where (o1_0.order_id,o1_0.product_id) in ((?,?))
Hibernate: select o1_0.order_id,c1_0.cust_id,c1_0.address,c1_0.email,c1_0.cust_name,c1_0.phone,o1_0.employee_id,e1_0.emp_id,e1_0.address,e1_0.dob,e1_0.email,e1_0.full_name,e1_0.phone,e1_0.status,o1_0.order_date,o2_0.order_id,o2_0.product_id,p1_0.product_id,p1_0.description,p1_0.manufacturer_name,p1_0.name,p1_0.status,p1_0.unit,o2_0.note,o2_0.price,o2_0.quantity from orders o1_0 left join customer c1_0 on c1_0.cust_id=o1_0.cust_id join employee e1_0 on e1_0.emp_id=o1_0.employee_id left join order_detail o2_0 on o1_0.order_id=o2_0.order_id left join product p1_0 on p1_0.product_id=o2_0.product_id where o1_0.order_id=?
Hibernate: select l1_0.employee_id,l1_0.order_id,c1_0.cust_id,c1_0.address,c1_0.email,c1_0.cust_name,c1_0.phone,l1_0.order_date from orders l1_0 left join customer c1_0 on c1_0.cust_id=l1_0.cust_id where l1_0.employee_id=?
Hibernate: select p1_0.product_id,p1_0.description,p1_0.manufacturer_name,p1_0.name,p1_0.status,p1_0.unit,o1_0.product_id,o1_0.order_id,o2_0.order_id,c1_0.cust_id,c1_0.address,c1_0.email,c1_0.cust_name,c1_0.phone,o2_0.employee_id,e1_0.emp_id,e1_0.address,e1_0.dob,e1_0.email,e1_0.full_name,e1_0.phone,e1_0.status,o2_0.order_date,o1_0.note,o1_0.price,o1_0.quantity from product p1_0 left join order_detail o1_0 on p1_0.product_id=o1_0.product_id left join orders o2_0 on o2_0.order_id=o1_0.order_id left join customer c1_0 on c1_0.cust_id=o2_0.cust_id left join employee e1_0 on e1_0.emp_id=o2_0.employee_id where p1_0.product_id=?
Hibernate: select p1_0.product_id,p1_0.price_date_time,p1_0.note,p1_0.price from product_price p1_0 where p1_0.product_id=?
Hibernate: select p1_0.product_id,p1_0.image_id,p1_0.alternative,p1_0.path from product_image p1_0 where p1_0.product_id=?
Hibernate: select o1_0.order_id,o1_0.product_id,p1_0.product_id,p1_0.description,p1_0.manufacturer_name,p1_0.name,p1_0.status,p1_0.unit,o1_0.note,o1_0.price,o1_0.quantity from order_detail o1_0 join product p1_0 on p1_0.product_id=o1_0.product_id where o1_0.order_id=?
Hibernate: select l1_0.employee_id,l1_0.order_id,c1_0.cust_id,c1_0.address,c1_0.email,c1_0.cust_name,c1_0.phone,l1_0.order_date from orders l1_0 left join customer c1_0 on c1_0.cust_id=l1_0.cust_id where l1_0.employee_id=?
Hibernate: insert into order_detail (note,price,quantity,order_id,product_id) values (?,?,?,?,?)
Hibernate: select p1_0.product_id,p1_0.description,p1_0.manufacturer_name,p1_0.name,p1_0.status,p1_0.unit from product p1_0 where p1_0.product_id=?
Hibernate: select o1_0.order_id,o2_0.order_id,c1_0.cust_id,c1_0.address,c1_0.email,c1_0.cust_name,c1_0.phone,o2_0.employee_id,e1_0.emp_id,e1_0.address,e1_0.dob,e1_0.email,e1_0.full_name,e1_0.phone,e1_0.status,o2_0.order_date,o1_0.product_id,p1_0.product_id,p1_0.description,p1_0.manufacturer_name,p1_0.name,p1_0.status,p1_0.unit,p2_0.product_id,p2_0.image_id,p2_0.alternative,p2_0.path,o1_0.note,o1_0.price,o1_0.quantity from order_detail o1_0 join orders o2_0 on o2_0.order_id=o1_0.order_id left join customer c1_0 on c1_0.cust_id=o2_0.cust_id left join employee e1_0 on e1_0.emp_id=o2_0.employee_id join product p1_0 on p1_0.product_id=o1_0.product_id left join product_image p2_0 on p1_0.product_id=p2_0.product_id where (o1_0.order_id,o1_0.product_id) in ((?,?))
Hibernate: select o1_0.order_id,c1_0.cust_id,c1_0.address,c1_0.email,c1_0.cust_name,c1_0.phone,o1_0.employee_id,e1_0.emp_id,e1_0.address,e1_0.dob,e1_0.email,e1_0.full_name,e1_0.phone,e1_0.status,o1_0.order_date,o2_0.order_id,o2_0.product_id,p1_0.product_id,p1_0.description,p1_0.manufacturer_name,p1_0.name,p1_0.status,p1_0.unit,o2_0.note,o2_0.price,o2_0.quantity from orders o1_0 left join customer c1_0 on c1_0.cust_id=o1_0.cust_id join employee e1_0 on e1_0.emp_id=o1_0.employee_id left join order_detail o2_0 on o1_0.order_id=o2_0.order_id left join product p1_0 on p1_0.product_id=o2_0.product_id where o1_0.order_id=?
Hibernate: select p1_0.product_id,p1_0.price_date_time,p1_0.note,p1_0.price from product_price p1_0 where p1_0.product_id=?
Hibernate: select p1_0.product_id,p1_0.image_id,p1_0.alternative,p1_0.path from product_image p1_0 where p1_0.product_id=?
Hibernate: select o1_0.product_id,o1_0.order_id,o2_0.order_id,c1_0.cust_id,c1_0.address,c1_0.email,c1_0.cust_name,c1_0.phone,o2_0.employee_id,e1_0.emp_id,e1_0.address,e1_0.dob,e1_0.email,e1_0.full_name,e1_0.phone,e1_0.status,o2_0.order_date,o1_0.note,o1_0.price,o1_0.quantity from order_detail o1_0 join orders o2_0 on o2_0.order_id=o1_0.order_id left join customer c1_0 on c1_0.cust_id=o2_0.cust_id left join employee e1_0 on e1_0.emp_id=o2_0.employee_id where o1_0.product_id=?
Hibernate: select l1_0.employee_id,l1_0.order_id,c1_0.cust_id,c1_0.address,c1_0.email,c1_0.cust_name,c1_0.phone,l1_0.order_date from orders l1_0 left join customer c1_0 on c1_0.cust_id=l1_0.cust_id where l1_0.employee_id=?
Hibernate: select p1_0.product_id,p1_0.description,p1_0.manufacturer_name,p1_0.name,p1_0.status,p1_0.unit,o1_0.product_id,o1_0.order_id,o2_0.order_id,c1_0.cust_id,c1_0.address,c1_0.email,c1_0.cust_name,c1_0.phone,o2_0.employee_id,e1_0.emp_id,e1_0.address,e1_0.dob,e1_0.email,e1_0.full_name,e1_0.phone,e1_0.status,o2_0.order_date,o1_0.note,o1_0.price,o1_0.quantity from product p1_0 left join order_detail o1_0 on p1_0.product_id=o1_0.product_id left join orders o2_0 on o2_0.order_id=o1_0.order_id left join customer c1_0 on c1_0.cust_id=o2_0.cust_id left join employee e1_0 on e1_0.emp_id=o2_0.employee_id where p1_0.product_id=?
Hibernate: select p1_0.product_id,p1_0.price_date_time,p1_0.note,p1_0.price from product_price p1_0 where p1_0.product_id=?
Hibernate: select p1_0.product_id,p1_0.image_id,p1_0.alternative,p1_0.path from product_image p1_0 where p1_0.product_id=?
Hibernate: select o1_0.order_id,o1_0.product_id,p1_0.product_id,p1_0.description,p1_0.manufacturer_name,p1_0.name,p1_0.status,p1_0.unit,o1_0.note,o1_0.price,o1_0.quantity from order_detail o1_0 join product p1_0 on p1_0.product_id=o1_0.product_id where o1_0.order_id=?
Hibernate: select l1_0.employee_id,l1_0.order_id,c1_0.cust_id,c1_0.address,c1_0.email,c1_0.cust_name,c1_0.phone,l1_0.order_date from orders l1_0 left join customer c1_0 on c1_0.cust_id=l1_0.cust_id where l1_0.employee_id=?
Hibernate: insert into order_detail (note,price,quantity,order_id,product_id) values (?,?,?,?,?)
Hibernate: select p1_0.product_id,p1_0.description,p1_0.manufacturer_name,p1_0.name,p1_0.status,p1_0.unit from product p1_0 where p1_0.product_id=?
Hibernate: select o1_0.order_id,o2_0.order_id,c1_0.cust_id,c1_0.address,c1_0.email,c1_0.cust_name,c1_0.phone,o2_0.employee_id,e1_0.emp_id,e1_0.address,e1_0.dob,e1_0.email,e1_0.full_name,e1_0.phone,e1_0.status,o2_0.order_date,o1_0.product_id,p1_0.product_id,p1_0.description,p1_0.manufacturer_name,p1_0.name,p1_0.status,p1_0.unit,p2_0.product_id,p2_0.image_id,p2_0.alternative,p2_0.path,o1_0.note,o1_0.price,o1_0.quantity from order_detail o1_0 join orders o2_0 on o2_0.order_id=o1_0.order_id left join customer c1_0 on c1_0.cust_id=o2_0.cust_id left join employee e1_0 on e1_0.emp_id=o2_0.employee_id join product p1_0 on p1_0.product_id=o1_0.product_id left join product_image p2_0 on p1_0.product_id=p2_0.product_id where (o1_0.order_id,o1_0.product_id) in ((?,?))
Hibernate: select o1_0.order_id,c1_0.cust_id,c1_0.address,c1_0.email,c1_0.cust_name,c1_0.phone,o1_0.employee_id,e1_0.emp_id,e1_0.address,e1_0.dob,e1_0.email,e1_0.full_name,e1_0.phone,e1_0.status,o1_0.order_date,o2_0.order_id,o2_0.product_id,p1_0.product_id,p1_0.description,p1_0.manufacturer_name,p1_0.name,p1_0.status,p1_0.unit,o2_0.note,o2_0.price,o2_0.quantity from orders o1_0 left join customer c1_0 on c1_0.cust_id=o1_0.cust_id join employee e1_0 on e1_0.emp_id=o1_0.employee_id left join order_detail o2_0 on o1_0.order_id=o2_0.order_id left join product p1_0 on p1_0.product_id=o2_0.product_id where o1_0.order_id=?
Hibernate: select p1_0.product_id,p1_0.price_date_time,p1_0.note,p1_0.price from product_price p1_0 where p1_0.product_id=?
Hibernate: select p1_0.product_id,p1_0.image_id,p1_0.alternative,p1_0.path from product_image p1_0 where p1_0.product_id=?
Hibernate: select o1_0.product_id,o1_0.order_id,o2_0.order_id,c1_0.cust_id,c1_0.address,c1_0.email,c1_0.cust_name,c1_0.phone,o2_0.employee_id,e1_0.emp_id,e1_0.address,e1_0.dob,e1_0.email,e1_0.full_name,e1_0.phone,e1_0.status,o2_0.order_date,o1_0.note,o1_0.price,o1_0.quantity from order_detail o1_0 join orders o2_0 on o2_0.order_id=o1_0.order_id left join customer c1_0 on c1_0.cust_id=o2_0.cust_id left join employee e1_0 on e1_0.emp_id=o2_0.employee_id where o1_0.product_id=?
Hibernate: select p1_0.product_id,p1_0.price_date_time,p1_0.note,p1_0.price from product_price p1_0 where p1_0.product_id=?
Hibernate: select p1_0.product_id,p1_0.image_id,p1_0.alternative,p1_0.path from product_image p1_0 where p1_0.product_id=?
Hibernate: select o1_0.product_id,o1_0.order_id,o2_0.order_id,c1_0.cust_id,c1_0.address,c1_0.email,c1_0.cust_name,c1_0.phone,o2_0.employee_id,e1_0.emp_id,e1_0.address,e1_0.dob,e1_0.email,e1_0.full_name,e1_0.phone,e1_0.status,o2_0.order_date,o1_0.note,o1_0.price,o1_0.quantity from order_detail o1_0 join orders o2_0 on o2_0.order_id=o1_0.order_id left join customer c1_0 on c1_0.cust_id=o2_0.cust_id left join employee e1_0 on e1_0.emp_id=o2_0.employee_id where o1_0.product_id=?
Hibernate: select l1_0.employee_id,l1_0.order_id,c1_0.cust_id,c1_0.address,c1_0.email,c1_0.cust_name,c1_0.phone,l1_0.order_date from orders l1_0 left join customer c1_0 on c1_0.cust_id=l1_0.cust_id where l1_0.employee_id=?
Hibernate: select p1_0.product_id,p1_0.description,p1_0.manufacturer_name,p1_0.name,p1_0.status,p1_0.unit,o1_0.product_id,o1_0.order_id,o2_0.order_id,c1_0.cust_id,c1_0.address,c1_0.email,c1_0.cust_name,c1_0.phone,o2_0.employee_id,e1_0.emp_id,e1_0.address,e1_0.dob,e1_0.email,e1_0.full_name,e1_0.phone,e1_0.status,o2_0.order_date,o1_0.note,o1_0.price,o1_0.quantity from product p1_0 left join order_detail o1_0 on p1_0.product_id=o1_0.product_id left join orders o2_0 on o2_0.order_id=o1_0.order_id left join customer c1_0 on c1_0.cust_id=o2_0.cust_id left join employee e1_0 on e1_0.emp_id=o2_0.employee_id where p1_0.product_id=?
Hibernate: select p1_0.product_id,p1_0.price_date_time,p1_0.note,p1_0.price from product_price p1_0 where p1_0.product_id=?
Hibernate: select p1_0.product_id,p1_0.image_id,p1_0.alternative,p1_0.path from product_image p1_0 where p1_0.product_id=?
Hibernate: insert into order_detail (note,price,quantity,order_id,product_id) values (?,?,?,?,?)
Hibernate: select e1_0.emp_id,e1_0.address,e1_0.dob,e1_0.email,e1_0.full_name,e1_0.phone,e1_0.status from employee e1_0 where e1_0.emp_id=?
Hibernate: select c1_0.cust_id,c1_0.address,c1_0.email,c1_0.cust_name,c1_0.phone from customer c1_0 where c1_0.cust_id=?
Hibernate: select o1_0.order_id,c1_0.cust_id,c1_0.address,c1_0.email,c1_0.cust_name,c1_0.phone,o1_0.employee_id,e1_0.emp_id,e1_0.address,e1_0.dob,e1_0.email,e1_0.full_name,e1_0.phone,e1_0.status,o1_0.order_date,o2_0.order_id,o2_0.product_id,p1_0.product_id,p1_0.description,p1_0.manufacturer_name,p1_0.name,p1_0.status,p1_0.unit,o2_0.note,o2_0.price,o2_0.quantity from orders o1_0 left join customer c1_0 on c1_0.cust_id=o1_0.cust_id join employee e1_0 on e1_0.emp_id=o1_0.employee_id left join order_detail o2_0 on o1_0.order_id=o2_0.order_id left join product p1_0 on p1_0.product_id=o2_0.product_id where o1_0.order_id=?
Hibernate: select c1_0.cust_id,c1_0.address,c1_0.email,c1_0.cust_name,c1_0.phone from customer c1_0 where c1_0.cust_id=?
Hibernate: select e1_0.emp_id,e1_0.address,e1_0.dob,e1_0.email,e1_0.full_name,e1_0.phone,e1_0.status from employee e1_0 where e1_0.emp_id=?
Hibernate: insert into orders (cust_id,employee_id,order_date,order_id) values (?,?,?,default)
Hibernate: select p1_0.product_id,p1_0.description,p1_0.manufacturer_name,p1_0.name,p1_0.status,p1_0.unit from product p1_0 where p1_0.product_id=?
Hibernate: select o1_0.order_id,o2_0.order_id,c1_0.cust_id,c1_0.address,c1_0.email,c1_0.cust_name,c1_0.phone,o2_0.employee_id,e1_0.emp_id,e1_0.address,e1_0.dob,e1_0.email,e1_0.full_name,e1_0.phone,e1_0.status,o2_0.order_date,o1_0.product_id,p1_0.product_id,p1_0.description,p1_0.manufacturer_name,p1_0.name,p1_0.status,p1_0.unit,p2_0.product_id,p2_0.image_id,p2_0.alternative,p2_0.path,o1_0.note,o1_0.price,o1_0.quantity from order_detail o1_0 join orders o2_0 on o2_0.order_id=o1_0.order_id left join customer c1_0 on c1_0.cust_id=o2_0.cust_id left join employee e1_0 on e1_0.emp_id=o2_0.employee_id join product p1_0 on p1_0.product_id=o1_0.product_id left join product_image p2_0 on p1_0.product_id=p2_0.product_id where (o1_0.order_id,o1_0.product_id) in ((?,?))
Hibernate: select o1_0.order_id,c1_0.cust_id,c1_0.address,c1_0.email,c1_0.cust_name,c1_0.phone,o1_0.employee_id,e1_0.emp_id,e1_0.address,e1_0.dob,e1_0.email,e1_0.full_name,e1_0.phone,e1_0.status,o1_0.order_date,o2_0.order_id,o2_0.product_id,p1_0.product_id,p1_0.description,p1_0.manufacturer_name,p1_0.name,p1_0.status,p1_0.unit,o2_0.note,o2_0.price,o2_0.quantity from orders o1_0 left join customer c1_0 on c1_0.cust_id=o1_0.cust_id join employee e1_0 on e1_0.emp_id=o1_0.employee_id left join order_detail o2_0 on o1_0.order_id=o2_0.order_id left join product p1_0 on p1_0.product_id=o2_0.product_id where o1_0.order_id=?
Hibernate: select l1_0.employee_id,l1_0.order_id,c1_0.cust_id,c1_0.address,c1_0.email,c1_0.cust_name,c1_0.phone,l1_0.order_date from orders l1_0 left join customer c1_0 on c1_0.cust_id=l1_0.cust_id where l1_0.employee_id=?
Hibernate: select p1_0.product_id,p1_0.description,p1_0.manufacturer_name,p1_0.name,p1_0.status,p1_0.unit,o1_0.product_id,o1_0.order_id,o2_0.order_id,c1_0.cust_id,c1_0.address,c1_0.email,c1_0.cust_name,c1_0.phone,o2_0.employee_id,e1_0.emp_id,e1_0.address,e1_0.dob,e1_0.email,e1_0.full_name,e1_0.phone,e1_0.status,o2_0.order_date,o1_0.note,o1_0.price,o1_0.quantity from product p1_0 left join order_detail o1_0 on p1_0.product_id=o1_0.product_id left join orders o2_0 on o2_0.order_id=o1_0.order_id left join customer c1_0 on c1_0.cust_id=o2_0.cust_id left join employee e1_0 on e1_0.emp_id=o2_0.employee_id where p1_0.product_id=?
Hibernate: select p1_0.product_id,p1_0.price_date_time,p1_0.note,p1_0.price from product_price p1_0 where p1_0.product_id=?
Hibernate: select p1_0.product_id,p1_0.image_id,p1_0.alternative,p1_0.path from product_image p1_0 where p1_0.product_id=?
Hibernate: insert into order_detail (note,price,quantity,order_id,product_id) values (?,?,?,?,?)
Hibernate: update orders set cust_id=?,employee_id=?,order_date=? where order_id=?
Hibernate: select p1_0.product_id,p1_0.description,p1_0.manufacturer_name,p1_0.name,p1_0.status,p1_0.unit from product p1_0 where p1_0.product_id=?
Hibernate: select o1_0.order_id,o2_0.order_id,c1_0.cust_id,c1_0.address,c1_0.email,c1_0.cust_name,c1_0.phone,o2_0.employee_id,e1_0.emp_id,e1_0.address,e1_0.dob,e1_0.email,e1_0.full_name,e1_0.phone,e1_0.status,o2_0.order_date,o1_0.product_id,p1_0.product_id,p1_0.description,p1_0.manufacturer_name,p1_0.name,p1_0.status,p1_0.unit,p2_0.product_id,p2_0.image_id,p2_0.alternative,p2_0.path,o1_0.note,o1_0.price,o1_0.quantity from order_detail o1_0 join orders o2_0 on o2_0.order_id=o1_0.order_id left join customer c1_0 on c1_0.cust_id=o2_0.cust_id left join employee e1_0 on e1_0.emp_id=o2_0.employee_id join product p1_0 on p1_0.product_id=o1_0.product_id left join product_image p2_0 on p1_0.product_id=p2_0.product_id where (o1_0.order_id,o1_0.product_id) in ((?,?))
Hibernate: select o1_0.order_id,c1_0.cust_id,c1_0.address,c1_0.email,c1_0.cust_name,c1_0.phone,o1_0.employee_id,e1_0.emp_id,e1_0.address,e1_0.dob,e1_0.email,e1_0.full_name,e1_0.phone,e1_0.status,o1_0.order_date,o2_0.order_id,o2_0.product_id,p1_0.product_id,p1_0.description,p1_0.manufacturer_name,p1_0.name,p1_0.status,p1_0.unit,o2_0.note,o2_0.price,o2_0.quantity from orders o1_0 left join customer c1_0 on c1_0.cust_id=o1_0.cust_id join employee e1_0 on e1_0.emp_id=o1_0.employee_id left join order_detail o2_0 on o1_0.order_id=o2_0.order_id left join product p1_0 on p1_0.product_id=o2_0.product_id where o1_0.order_id=?
Hibernate: select p1_0.product_id,p1_0.price_date_time,p1_0.note,p1_0.price from product_price p1_0 where p1_0.product_id=?
Hibernate: select p1_0.product_id,p1_0.image_id,p1_0.alternative,p1_0.path from product_image p1_0 where p1_0.product_id=?
Hibernate: select o1_0.product_id,o1_0.order_id,o2_0.order_id,c1_0.cust_id,c1_0.address,c1_0.email,c1_0.cust_name,c1_0.phone,o2_0.employee_id,e1_0.emp_id,e1_0.address,e1_0.dob,e1_0.email,e1_0.full_name,e1_0.phone,e1_0.status,o2_0.order_date,o1_0.note,o1_0.price,o1_0.quantity from order_detail o1_0 join orders o2_0 on o2_0.order_id=o1_0.order_id left join customer c1_0 on c1_0.cust_id=o2_0.cust_id left join employee e1_0 on e1_0.emp_id=o2_0.employee_id where o1_0.product_id=?
Hibernate: select l1_0.employee_id,l1_0.order_id,c1_0.cust_id,c1_0.address,c1_0.email,c1_0.cust_name,c1_0.phone,l1_0.order_date from orders l1_0 left join customer c1_0 on c1_0.cust_id=l1_0.cust_id where l1_0.employee_id=?
Hibernate: select p1_0.product_id,p1_0.description,p1_0.manufacturer_name,p1_0.name,p1_0.status,p1_0.unit,o1_0.product_id,o1_0.order_id,o2_0.order_id,c1_0.cust_id,c1_0.address,c1_0.email,c1_0.cust_name,c1_0.phone,o2_0.employee_id,e1_0.emp_id,e1_0.address,e1_0.dob,e1_0.email,e1_0.full_name,e1_0.phone,e1_0.status,o2_0.order_date,o1_0.note,o1_0.price,o1_0.quantity from product p1_0 left join order_detail o1_0 on p1_0.product_id=o1_0.product_id left join orders o2_0 on o2_0.order_id=o1_0.order_id left join customer c1_0 on c1_0.cust_id=o2_0.cust_id left join employee e1_0 on e1_0.emp_id=o2_0.employee_id where p1_0.product_id=?
Hibernate: select p1_0.product_id,p1_0.price_date_time,p1_0.note,p1_0.price from product_price p1_0 where p1_0.product_id=?
Hibernate: select p1_0.product_id,p1_0.image_id,p1_0.alternative,p1_0.path from product_image p1_0 where p1_0.product_id=?
Hibernate: select o1_0.order_id,o1_0.product_id,p1_0.product_id,p1_0.description,p1_0.manufacturer_name,p1_0.name,p1_0.status,p1_0.unit,o1_0.note,o1_0.price,o1_0.quantity from order_detail o1_0 join product p1_0 on p1_0.product_id=o1_0.product_id where o1_0.order_id=?
Hibernate: select l1_0.employee_id,l1_0.order_id,c1_0.cust_id,c1_0.address,c1_0.email,c1_0.cust_name,c1_0.phone,l1_0.order_date from orders l1_0 left join customer c1_0 on c1_0.cust_id=l1_0.cust_id where l1_0.employee_id=?
Hibernate: insert into order_detail (note,price,quantity,order_id,product_id) values (?,?,?,?,?)
Hibernate: update orders set cust_id=?,employee_id=?,order_date=? where order_id=?
Hibernate: select p1_0.product_id,p1_0.description,p1_0.manufacturer_name,p1_0.name,p1_0.status,p1_0.unit from product p1_0 where p1_0.product_id=?
Hibernate: select o1_0.order_id,o2_0.order_id,c1_0.cust_id,c1_0.address,c1_0.email,c1_0.cust_name,c1_0.phone,o2_0.employee_id,e1_0.emp_id,e1_0.address,e1_0.dob,e1_0.email,e1_0.full_name,e1_0.phone,e1_0.status,o2_0.order_date,o1_0.product_id,p1_0.product_id,p1_0.description,p1_0.manufacturer_name,p1_0.name,p1_0.status,p1_0.unit,p2_0.product_id,p2_0.image_id,p2_0.alternative,p2_0.path,o1_0.note,o1_0.price,o1_0.quantity from order_detail o1_0 join orders o2_0 on o2_0.order_id=o1_0.order_id left join customer c1_0 on c1_0.cust_id=o2_0.cust_id left join employee e1_0 on e1_0.emp_id=o2_0.employee_id join product p1_0 on p1_0.product_id=o1_0.product_id left join product_image p2_0 on p1_0.product_id=p2_0.product_id where (o1_0.order_id,o1_0.product_id) in ((?,?))
Hibernate: select o1_0.order_id,c1_0.cust_id,c1_0.address,c1_0.email,c1_0.cust_name,c1_0.phone,o1_0.employee_id,e1_0.emp_id,e1_0.address,e1_0.dob,e1_0.email,e1_0.full_name,e1_0.phone,e1_0.status,o1_0.order_date,o2_0.order_id,o2_0.product_id,p1_0.product_id,p1_0.description,p1_0.manufacturer_name,p1_0.name,p1_0.status,p1_0.unit,o2_0.note,o2_0.price,o2_0.quantity from orders o1_0 left join customer c1_0 on c1_0.cust_id=o1_0.cust_id join employee e1_0 on e1_0.emp_id=o1_0.employee_id left join order_detail o2_0 on o1_0.order_id=o2_0.order_id left join product p1_0 on p1_0.product_id=o2_0.product_id where o1_0.order_id=?
Hibernate: select p1_0.product_id,p1_0.price_date_time,p1_0.note,p1_0.price from product_price p1_0 where p1_0.product_id=?
Hibernate: select p1_0.product_id,p1_0.image_id,p1_0.alternative,p1_0.path from product_image p1_0 where p1_0.product_id=?
Hibernate: select o1_0.product_id,o1_0.order_id,o2_0.order_id,c1_0.cust_id,c1_0.address,c1_0.email,c1_0.cust_name,c1_0.phone,o2_0.employee_id,e1_0.emp_id,e1_0.address,e1_0.dob,e1_0.email,e1_0.full_name,e1_0.phone,e1_0.status,o2_0.order_date,o1_0.note,o1_0.price,o1_0.quantity from order_detail o1_0 join orders o2_0 on o2_0.order_id=o1_0.order_id left join customer c1_0 on c1_0.cust_id=o2_0.cust_id left join employee e1_0 on e1_0.emp_id=o2_0.employee_id where o1_0.product_id=?
Hibernate: select p1_0.product_id,p1_0.price_date_time,p1_0.note,p1_0.price from product_price p1_0 where p1_0.product_id=?
Hibernate: select p1_0.product_id,p1_0.image_id,p1_0.alternative,p1_0.path from product_image p1_0 where p1_0.product_id=?
Hibernate: select o1_0.product_id,o1_0.order_id,o2_0.order_id,c1_0.cust_id,c1_0.address,c1_0.email,c1_0.cust_name,c1_0.phone,o2_0.employee_id,e1_0.emp_id,e1_0.address,e1_0.dob,e1_0.email,e1_0.full_name,e1_0.phone,e1_0.status,o2_0.order_date,o1_0.note,o1_0.price,o1_0.quantity from order_detail o1_0 join orders o2_0 on o2_0.order_id=o1_0.order_id left join customer c1_0 on c1_0.cust_id=o2_0.cust_id left join employee e1_0 on e1_0.emp_id=o2_0.employee_id where o1_0.product_id=?
Hibernate: select l1_0.employee_id,l1_0.order_id,c1_0.cust_id,c1_0.address,c1_0.email,c1_0.cust_name,c1_0.phone,l1_0.order_date from orders l1_0 left join customer c1_0 on c1_0.cust_id=l1_0.cust_id where l1_0.employee_id=?
Hibernate: select p1_0.product_id,p1_0.description,p1_0.manufacturer_name,p1_0.name,p1_0.status,p1_0.unit,o1_0.product_id,o1_0.order_id,o2_0.order_id,c1_0.cust_id,c1_0.address,c1_0.email,c1_0.cust_name,c1_0.phone,o2_0.employee_id,e1_0.emp_id,e1_0.address,e1_0.dob,e1_0.email,e1_0.full_name,e1_0.phone,e1_0.status,o2_0.order_date,o1_0.note,o1_0.price,o1_0.quantity from product p1_0 left join order_detail o1_0 on p1_0.product_id=o1_0.product_id left join orders o2_0 on o2_0.order_id=o1_0.order_id left join customer c1_0 on c1_0.cust_id=o2_0.cust_id left join employee e1_0 on e1_0.emp_id=o2_0.employee_id where p1_0.product_id=?
Hibernate: select p1_0.product_id,p1_0.price_date_time,p1_0.note,p1_0.price from product_price p1_0 where p1_0.product_id=?
Hibernate: select p1_0.product_id,p1_0.image_id,p1_0.alternative,p1_0.path from product_image p1_0 where p1_0.product_id=?
Hibernate: insert into order_detail (note,price,quantity,order_id,product_id) values (?,?,?,?,?)
Hibernate: update orders set cust_id=?,employee_id=?,order_date=? where order_id=?
Hibernate: select e1_0.emp_id,e1_0.address,e1_0.dob,e1_0.email,e1_0.full_name,e1_0.phone,e1_0.status from employee e1_0 where e1_0.emp_id=?
Hibernate: select c1_0.cust_id,c1_0.address,c1_0.email,c1_0.cust_name,c1_0.phone from customer c1_0 where c1_0.cust_id=?
Hibernate: select o1_0.order_id,c1_0.cust_id,c1_0.address,c1_0.email,c1_0.cust_name,c1_0.phone,o1_0.employee_id,e1_0.emp_id,e1_0.address,e1_0.dob,e1_0.email,e1_0.full_name,e1_0.phone,e1_0.status,o1_0.order_date,o2_0.order_id,o2_0.product_id,p1_0.product_id,p1_0.description,p1_0.manufacturer_name,p1_0.name,p1_0.status,p1_0.unit,o2_0.note,o2_0.price,o2_0.quantity from orders o1_0 left join customer c1_0 on c1_0.cust_id=o1_0.cust_id join employee e1_0 on e1_0.emp_id=o1_0.employee_id left join order_detail o2_0 on o1_0.order_id=o2_0.order_id left join product p1_0 on p1_0.product_id=o2_0.product_id where o1_0.order_id=?
Hibernate: select c1_0.cust_id,c1_0.address,c1_0.email,c1_0.cust_name,c1_0.phone from customer c1_0 where c1_0.cust_id=?
Hibernate: select e1_0.emp_id,e1_0.address,e1_0.dob,e1_0.email,e1_0.full_name,e1_0.phone,e1_0.status from employee e1_0 where e1_0.emp_id=?
Hibernate: insert into orders (cust_id,employee_id,order_date,order_id) values (?,?,?,default)
Hibernate: select p1_0.product_id,p1_0.description,p1_0.manufacturer_name,p1_0.name,p1_0.status,p1_0.unit from product p1_0 where p1_0.product_id=?
Hibernate: select o1_0.order_id,o2_0.order_id,c1_0.cust_id,c1_0.address,c1_0.email,c1_0.cust_name,c1_0.phone,o2_0.employee_id,e1_0.emp_id,e1_0.address,e1_0.dob,e1_0.email,e1_0.full_name,e1_0.phone,e1_0.status,o2_0.order_date,o1_0.product_id,p1_0.product_id,p1_0.description,p1_0.manufacturer_name,p1_0.name,p1_0.status,p1_0.unit,p2_0.product_id,p2_0.image_id,p2_0.alternative,p2_0.path,o1_0.note,o1_0.price,o1_0.quantity from order_detail o1_0 join orders o2_0 on o2_0.order_id=o1_0.order_id left join customer c1_0 on c1_0.cust_id=o2_0.cust_id left join employee e1_0 on e1_0.emp_id=o2_0.employee_id join product p1_0 on p1_0.product_id=o1_0.product_id left join product_image p2_0 on p1_0.product_id=p2_0.product_id where (o1_0.order_id,o1_0.product_id) in ((?,?))
Hibernate: select o1_0.order_id,c1_0.cust_id,c1_0.address,c1_0.email,c1_0.cust_name,c1_0.phone,o1_0.employee_id,e1_0.emp_id,e1_0.address,e1_0.dob,e1_0.email,e1_0.full_name,e1_0.phone,e1_0.status,o1_0.order_date,o2_0.order_id,o2_0.product_id,p1_0.product_id,p1_0.description,p1_0.manufacturer_name,p1_0.name,p1_0.status,p1_0.unit,o2_0.note,o2_0.price,o2_0.quantity from orders o1_0 left join customer c1_0 on c1_0.cust_id=o1_0.cust_id join employee e1_0 on e1_0.emp_id=o1_0.employee_id left join order_detail o2_0 on o1_0.order_id=o2_0.order_id left join product p1_0 on p1_0.product_id=o2_0.product_id where o1_0.order_id=?
Hibernate: select l1_0.employee_id,l1_0.order_id,c1_0.cust_id,c1_0.address,c1_0.email,c1_0.cust_name,c1_0.phone,l1_0.order_date from orders l1_0 left join customer c1_0 on c1_0.cust_id=l1_0.cust_id where l1_0.employee_id=?
Hibernate: select p1_0.product_id,p1_0.description,p1_0.manufacturer_name,p1_0.name,p1_0.status,p1_0.unit,o1_0.product_id,o1_0.order_id,o2_0.order_id,c1_0.cust_id,c1_0.address,c1_0.email,c1_0.cust_name,c1_0.phone,o2_0.employee_id,e1_0.emp_id,e1_0.address,e1_0.dob,e1_0.email,e1_0.full_name,e1_0.phone,e1_0.status,o2_0.order_date,o1_0.note,o1_0.price,o1_0.quantity from product p1_0 left join order_detail o1_0 on p1_0.product_id=o1_0.product_id left join orders o2_0 on o2_0.order_id=o1_0.order_id left join customer c1_0 on c1_0.cust_id=o2_0.cust_id left join employee e1_0 on e1_0.emp_id=o2_0.employee_id where p1_0.product_id=?
Hibernate: select p1_0.product_id,p1_0.price_date_time,p1_0.note,p1_0.price from product_price p1_0 where p1_0.product_id=?
Hibernate: select p1_0.product_id,p1_0.image_id,p1_0.alternative,p1_0.path from product_image p1_0 where p1_0.product_id=?
Hibernate: insert into order_detail (note,price,quantity,order_id,product_id) values (?,?,?,?,?)
Hibernate: update orders set cust_id=?,employee_id=?,order_date=? where order_id=?
Hibernate: select p1_0.product_id,p1_0.description,p1_0.manufacturer_name,p1_0.name,p1_0.status,p1_0.unit from product p1_0 where p1_0.product_id=?
Hibernate: select o1_0.order_id,o2_0.order_id,c1_0.cust_id,c1_0.address,c1_0.email,c1_0.cust_name,c1_0.phone,o2_0.employee_id,e1_0.emp_id,e1_0.address,e1_0.dob,e1_0.email,e1_0.full_name,e1_0.phone,e1_0.status,o2_0.order_date,o1_0.product_id,p1_0.product_id,p1_0.description,p1_0.manufacturer_name,p1_0.name,p1_0.status,p1_0.unit,p2_0.product_id,p2_0.image_id,p2_0.alternative,p2_0.path,o1_0.note,o1_0.price,o1_0.quantity from order_detail o1_0 join orders o2_0 on o2_0.order_id=o1_0.order_id left join customer c1_0 on c1_0.cust_id=o2_0.cust_id left join employee e1_0 on e1_0.emp_id=o2_0.employee_id join product p1_0 on p1_0.product_id=o1_0.product_id left join product_image p2_0 on p1_0.product_id=p2_0.product_id where (o1_0.order_id,o1_0.product_id) in ((?,?))
Hibernate: select o1_0.order_id,c1_0.cust_id,c1_0.address,c1_0.email,c1_0.cust_name,c1_0.phone,o1_0.employee_id,e1_0.emp_id,e1_0.address,e1_0.dob,e1_0.email,e1_0.full_name,e1_0.phone,e1_0.status,o1_0.order_date,o2_0.order_id,o2_0.product_id,p1_0.product_id,p1_0.description,p1_0.manufacturer_name,p1_0.name,p1_0.status,p1_0.unit,o2_0.note,o2_0.price,o2_0.quantity from orders o1_0 left join customer c1_0 on c1_0.cust_id=o1_0.cust_id join employee e1_0 on e1_0.emp_id=o1_0.employee_id left join order_detail o2_0 on o1_0.order_id=o2_0.order_id left join product p1_0 on p1_0.product_id=o2_0.product_id where o1_0.order_id=?
Hibernate: select p1_0.product_id,p1_0.price_date_time,p1_0.note,p1_0.price from product_price p1_0 where p1_0.product_id=?
Hibernate: select p1_0.product_id,p1_0.image_id,p1_0.alternative,p1_0.path from product_image p1_0 where p1_0.product_id=?
Hibernate: select o1_0.product_id,o1_0.order_id,o2_0.order_id,c1_0.cust_id,c1_0.address,c1_0.email,c1_0.cust_name,c1_0.phone,o2_0.employee_id,e1_0.emp_id,e1_0.address,e1_0.dob,e1_0.email,e1_0.full_name,e1_0.phone,e1_0.status,o2_0.order_date,o1_0.note,o1_0.price,o1_0.quantity from order_detail o1_0 join orders o2_0 on o2_0.order_id=o1_0.order_id left join customer c1_0 on c1_0.cust_id=o2_0.cust_id left join employee e1_0 on e1_0.emp_id=o2_0.employee_id where o1_0.product_id=?
Hibernate: select l1_0.employee_id,l1_0.order_id,c1_0.cust_id,c1_0.address,c1_0.email,c1_0.cust_name,c1_0.phone,l1_0.order_date from orders l1_0 left join customer c1_0 on c1_0.cust_id=l1_0.cust_id where l1_0.employee_id=?
Hibernate: select p1_0.product_id,p1_0.description,p1_0.manufacturer_name,p1_0.name,p1_0.status,p1_0.unit,o1_0.product_id,o1_0.order_id,o2_0.order_id,c1_0.cust_id,c1_0.address,c1_0.email,c1_0.cust_name,c1_0.phone,o2_0.employee_id,e1_0.emp_id,e1_0.address,e1_0.dob,e1_0.email,e1_0.full_name,e1_0.phone,e1_0.status,o2_0.order_date,o1_0.note,o1_0.price,o1_0.quantity from product p1_0 left join order_detail o1_0 on p1_0.product_id=o1_0.product_id left join orders o2_0 on o2_0.order_id=o1_0.order_id left join customer c1_0 on c1_0.cust_id=o2_0.cust_id left join employee e1_0 on e1_0.emp_id=o2_0.employee_id where p1_0.product_id=?
Hibernate: select p1_0.product_id,p1_0.price_date_time,p1_0.note,p1_0.price from product_price p1_0 where p1_0.product_id=?
Hibernate: select p1_0.product_id,p1_0.image_id,p1_0.alternative,p1_0.path from product_image p1_0 where p1_0.product_id=?
Hibernate: select o1_0.order_id,o1_0.product_id,p1_0.product_id,p1_0.description,p1_0.manufacturer_name,p1_0.name,p1_0.status,p1_0.unit,o1_0.note,o1_0.price,o1_0.quantity from order_detail o1_0 join product p1_0 on p1_0.product_id=o1_0.product_id where o1_0.order_id=?
Hibernate: select l1_0.employee_id,l1_0.order_id,c1_0.cust_id,c1_0.address,c1_0.email,c1_0.cust_name,c1_0.phone,l1_0.order_date from orders l1_0 left join customer c1_0 on c1_0.cust_id=l1_0.cust_id where l1_0.employee_id=?
Hibernate: insert into order_detail (note,price,quantity,order_id,product_id) values (?,?,?,?,?)
Hibernate: update orders set cust_id=?,employee_id=?,order_date=? where order_id=?
Hibernate: select p1_0.product_id,p1_0.description,p1_0.manufacturer_name,p1_0.name,p1_0.status,p1_0.unit from product p1_0 where p1_0.product_id=?
Hibernate: select o1_0.order_id,o2_0.order_id,c1_0.cust_id,c1_0.address,c1_0.email,c1_0.cust_name,c1_0.phone,o2_0.employee_id,e1_0.emp_id,e1_0.address,e1_0.dob,e1_0.email,e1_0.full_name,e1_0.phone,e1_0.status,o2_0.order_date,o1_0.product_id,p1_0.product_id,p1_0.description,p1_0.manufacturer_name,p1_0.name,p1_0.status,p1_0.unit,p2_0.product_id,p2_0.image_id,p2_0.alternative,p2_0.path,o1_0.note,o1_0.price,o1_0.quantity from order_detail o1_0 join orders o2_0 on o2_0.order_id=o1_0.order_id left join customer c1_0 on c1_0.cust_id=o2_0.cust_id left join employee e1_0 on e1_0.emp_id=o2_0.employee_id join product p1_0 on p1_0.product_id=o1_0.product_id left join product_image p2_0 on p1_0.product_id=p2_0.product_id where (o1_0.order_id,o1_0.product_id) in ((?,?))
Hibernate: select o1_0.order_id,c1_0.cust_id,c1_0.address,c1_0.email,c1_0.cust_name,c1_0.phone,o1_0.employee_id,e1_0.emp_id,e1_0.address,e1_0.dob,e1_0.email,e1_0.full_name,e1_0.phone,e1_0.status,o1_0.order_date,o2_0.order_id,o2_0.product_id,p1_0.product_id,p1_0.description,p1_0.manufacturer_name,p1_0.name,p1_0.status,p1_0.unit,o2_0.note,o2_0.price,o2_0.quantity from orders o1_0 left join customer c1_0 on c1_0.cust_id=o1_0.cust_id join employee e1_0 on e1_0.emp_id=o1_0.employee_id left join order_detail o2_0 on o1_0.order_id=o2_0.order_id left join product p1_0 on p1_0.product_id=o2_0.product_id where o1_0.order_id=?
Hibernate: select p1_0.product_id,p1_0.price_date_time,p1_0.note,p1_0.price from product_price p1_0 where p1_0.product_id=?
Hibernate: select p1_0.product_id,p1_0.image_id,p1_0.alternative,p1_0.path from product_image p1_0 where p1_0.product_id=?
Hibernate: select o1_0.product_id,o1_0.order_id,o2_0.order_id,c1_0.cust_id,c1_0.address,c1_0.email,c1_0.cust_name,c1_0.phone,o2_0.employee_id,e1_0.emp_id,e1_0.address,e1_0.dob,e1_0.email,e1_0.full_name,e1_0.phone,e1_0.status,o2_0.order_date,o1_0.note,o1_0.price,o1_0.quantity from order_detail o1_0 join orders o2_0 on o2_0.order_id=o1_0.order_id left join customer c1_0 on c1_0.cust_id=o2_0.cust_id left join employee e1_0 on e1_0.emp_id=o2_0.employee_id where o1_0.product_id=?
Hibernate: select p1_0.product_id,p1_0.price_date_time,p1_0.note,p1_0.price from product_price p1_0 where p1_0.product_id=?
Hibernate: select p1_0.product_id,p1_0.image_id,p1_0.alternative,p1_0.path from product_image p1_0 where p1_0.product_id=?
Hibernate: select o1_0.product_id,o1_0.order_id,o2_0.order_id,c1_0.cust_id,c1_0.address,c1_0.email,c1_0.cust_name,c1_0.phone,o2_0.employee_id,e1_0.emp_id,e1_0.address,e1_0.dob,e1_0.email,e1_0.full_name,e1_0.phone,e1_0.status,o2_0.order_date,o1_0.note,o1_0.price,o1_0.quantity from order_detail o1_0 join orders o2_0 on o2_0.order_id=o1_0.order_id left join customer c1_0 on c1_0.cust_id=o2_0.cust_id left join employee e1_0 on e1_0.emp_id=o2_0.employee_id where o1_0.product_id=?
Hibernate: select l1_0.employee_id,l1_0.order_id,c1_0.cust_id,c1_0.address,c1_0.email,c1_0.cust_name,c1_0.phone,l1_0.order_date from orders l1_0 left join customer c1_0 on c1_0.cust_id=l1_0.cust_id where l1_0.employee_id=?
Hibernate: select p1_0.product_id,p1_0.description,p1_0.manufacturer_name,p1_0.name,p1_0.status,p1_0.unit,o1_0.product_id,o1_0.order_id,o2_0.order_id,c1_0.cust_id,c1_0.address,c1_0.email,c1_0.cust_name,c1_0.phone,o2_0.employee_id,e1_0.emp_id,e1_0.address,e1_0.dob,e1_0.email,e1_0.full_name,e1_0.phone,e1_0.status,o2_0.order_date,o1_0.note,o1_0.price,o1_0.quantity from product p1_0 left join order_detail o1_0 on p1_0.product_id=o1_0.product_id left join orders o2_0 on o2_0.order_id=o1_0.order_id left join customer c1_0 on c1_0.cust_id=o2_0.cust_id left join employee e1_0 on e1_0.emp_id=o2_0.employee_id where p1_0.product_id=?
Hibernate: select p1_0.product_id,p1_0.price_date_time,p1_0.note,p1_0.price from product_price p1_0 where p1_0.product_id=?
Hibernate: select p1_0.product_id,p1_0.image_id,p1_0.alternative,p1_0.path from product_image p1_0 where p1_0.product_id=?
Hibernate: select o1_0.order_id,o1_0.product_id,p1_0.product_id,p1_0.description,p1_0.manufacturer_name,p1_0.name,p1_0.status,p1_0.unit,o1_0.note,o1_0.price,o1_0.quantity from order_detail o1_0 join product p1_0 on p1_0.product_id=o1_0.product_id where o1_0.order_id=?
Hibernate: select l1_0.employee_id,l1_0.order_id,c1_0.cust_id,c1_0.address,c1_0.email,c1_0.cust_name,c1_0.phone,l1_0.order_date from orders l1_0 left join customer c1_0 on c1_0.cust_id=l1_0.cust_id where l1_0.employee_id=?
Hibernate: insert into order_detail (note,price,quantity,order_id,product_id) values (?,?,?,?,?)
Hibernate: update orders set cust_id=?,employee_id=?,order_date=? where order_id=?
Hibernate: select e1_0.emp_id,e1_0.address,e1_0.dob,e1_0.email,e1_0.full_name,e1_0.phone,e1_0.status from employee e1_0 where e1_0.emp_id=?
Hibernate: select c1_0.cust_id,c1_0.address,c1_0.email,c1_0.cust_name,c1_0.phone from customer c1_0 where c1_0.cust_id=?
Hibernate: select o1_0.order_id,c1_0.cust_id,c1_0.address,c1_0.email,c1_0.cust_name,c1_0.phone,o1_0.employee_id,e1_0.emp_id,e1_0.address,e1_0.dob,e1_0.email,e1_0.full_name,e1_0.phone,e1_0.status,o1_0.order_date,o2_0.order_id,o2_0.product_id,p1_0.product_id,p1_0.description,p1_0.manufacturer_name,p1_0.name,p1_0.status,p1_0.unit,o2_0.note,o2_0.price,o2_0.quantity from orders o1_0 left join customer c1_0 on c1_0.cust_id=o1_0.cust_id join employee e1_0 on e1_0.emp_id=o1_0.employee_id left join order_detail o2_0 on o1_0.order_id=o2_0.order_id left join product p1_0 on p1_0.product_id=o2_0.product_id where o1_0.order_id=?
Hibernate: select c1_0.cust_id,c1_0.address,c1_0.email,c1_0.cust_name,c1_0.phone from customer c1_0 where c1_0.cust_id=?
Hibernate: select e1_0.emp_id,e1_0.address,e1_0.dob,e1_0.email,e1_0.full_name,e1_0.phone,e1_0.status from employee e1_0 where e1_0.emp_id=?
Hibernate: insert into orders (cust_id,employee_id,order_date,order_id) values (?,?,?,default)
Hibernate: select p1_0.product_id,p1_0.description,p1_0.manufacturer_name,p1_0.name,p1_0.status,p1_0.unit from product p1_0 where p1_0.product_id=?
Hibernate: select o1_0.order_id,o2_0.order_id,c1_0.cust_id,c1_0.address,c1_0.email,c1_0.cust_name,c1_0.phone,o2_0.employee_id,e1_0.emp_id,e1_0.address,e1_0.dob,e1_0.email,e1_0.full_name,e1_0.phone,e1_0.status,o2_0.order_date,o1_0.product_id,p1_0.product_id,p1_0.description,p1_0.manufacturer_name,p1_0.name,p1_0.status,p1_0.unit,p2_0.product_id,p2_0.image_id,p2_0.alternative,p2_0.path,o1_0.note,o1_0.price,o1_0.quantity from order_detail o1_0 join orders o2_0 on o2_0.order_id=o1_0.order_id left join customer c1_0 on c1_0.cust_id=o2_0.cust_id left join employee e1_0 on e1_0.emp_id=o2_0.employee_id join product p1_0 on p1_0.product_id=o1_0.product_id left join product_image p2_0 on p1_0.product_id=p2_0.product_id where (o1_0.order_id,o1_0.product_id) in ((?,?))
Hibernate: select o1_0.order_id,c1_0.cust_id,c1_0.address,c1_0.email,c1_0.cust_name,c1_0.phone,o1_0.employee_id,e1_0.emp_id,e1_0.address,e1_0.dob,e1_0.email,e1_0.full_name,e1_0.phone,e1_0.status,o1_0.order_date,o2_0.order_id,o2_0.product_id,p1_0.product_id,p1_0.description,p1_0.manufacturer_name,p1_0.name,p1_0.status,p1_0.unit,o2_0.note,o2_0.price,o2_0.quantity from orders o1_0 left join customer c1_0 on c1_0.cust_id=o1_0.cust_id join employee e1_0 on e1_0.emp_id=o1_0.employee_id left join order_detail o2_0 on o1_0.order_id=o2_0.order_id left join product p1_0 on p1_0.product_id=o2_0.product_id where o1_0.order_id=?
Hibernate: select l1_0.employee_id,l1_0.order_id,c1_0.cust_id,c1_0.address,c1_0.email,c1_0.cust_name,c1_0.phone,l1_0.order_date from orders l1_0 left join customer c1_0 on c1_0.cust_id=l1_0.cust_id where l1_0.employee_id=?
Hibernate: select p1_0.product_id,p1_0.description,p1_0.manufacturer_name,p1_0.name,p1_0.status,p1_0.unit,o1_0.product_id,o1_0.order_id,o2_0.order_id,c1_0.cust_id,c1_0.address,c1_0.email,c1_0.cust_name,c1_0.phone,o2_0.employee_id,e1_0.emp_id,e1_0.address,e1_0.dob,e1_0.email,e1_0.full_name,e1_0.phone,e1_0.status,o2_0.order_date,o1_0.note,o1_0.price,o1_0.quantity from product p1_0 left join order_detail o1_0 on p1_0.product_id=o1_0.product_id left join orders o2_0 on o2_0.order_id=o1_0.order_id left join customer c1_0 on c1_0.cust_id=o2_0.cust_id left join employee e1_0 on e1_0.emp_id=o2_0.employee_id where p1_0.product_id=?
Hibernate: select p1_0.product_id,p1_0.price_date_time,p1_0.note,p1_0.price from product_price p1_0 where p1_0.product_id=?
Hibernate: select p1_0.product_id,p1_0.image_id,p1_0.alternative,p1_0.path from product_image p1_0 where p1_0.product_id=?
Hibernate: insert into order_detail (note,price,quantity,order_id,product_id) values (?,?,?,?,?)
Hibernate: update orders set cust_id=?,employee_id=?,order_date=? where order_id=?
Hibernate: select p1_0.product_id,p1_0.description,p1_0.manufacturer_name,p1_0.name,p1_0.status,p1_0.unit from product p1_0 where p1_0.product_id=?
Hibernate: select o1_0.order_id,o2_0.order_id,c1_0.cust_id,c1_0.address,c1_0.email,c1_0.cust_name,c1_0.phone,o2_0.employee_id,e1_0.emp_id,e1_0.address,e1_0.dob,e1_0.email,e1_0.full_name,e1_0.phone,e1_0.status,o2_0.order_date,o1_0.product_id,p1_0.product_id,p1_0.description,p1_0.manufacturer_name,p1_0.name,p1_0.status,p1_0.unit,p2_0.product_id,p2_0.image_id,p2_0.alternative,p2_0.path,o1_0.note,o1_0.price,o1_0.quantity from order_detail o1_0 join orders o2_0 on o2_0.order_id=o1_0.order_id left join customer c1_0 on c1_0.cust_id=o2_0.cust_id left join employee e1_0 on e1_0.emp_id=o2_0.employee_id join product p1_0 on p1_0.product_id=o1_0.product_id left join product_image p2_0 on p1_0.product_id=p2_0.product_id where (o1_0.order_id,o1_0.product_id) in ((?,?))
Hibernate: select o1_0.order_id,c1_0.cust_id,c1_0.address,c1_0.email,c1_0.cust_name,c1_0.phone,o1_0.employee_id,e1_0.emp_id,e1_0.address,e1_0.dob,e1_0.email,e1_0.full_name,e1_0.phone,e1_0.status,o1_0.order_date,o2_0.order_id,o2_0.product_id,p1_0.product_id,p1_0.description,p1_0.manufacturer_name,p1_0.name,p1_0.status,p1_0.unit,o2_0.note,o2_0.price,o2_0.quantity from orders o1_0 left join customer c1_0 on c1_0.cust_id=o1_0.cust_id join employee e1_0 on e1_0.emp_id=o1_0.employee_id left join order_detail o2_0 on o1_0.order_id=o2_0.order_id left join product p1_0 on p1_0.product_id=o2_0.product_id where o1_0.order_id=?
Hibernate: select p1_0.product_id,p1_0.price_date_time,p1_0.note,p1_0.price from product_price p1_0 where p1_0.product_id=?
Hibernate: select p1_0.product_id,p1_0.image_id,p1_0.alternative,p1_0.path from product_image p1_0 where p1_0.product_id=?
Hibernate: select o1_0.product_id,o1_0.order_id,o2_0.order_id,c1_0.cust_id,c1_0.address,c1_0.email,c1_0.cust_name,c1_0.phone,o2_0.employee_id,e1_0.emp_id,e1_0.address,e1_0.dob,e1_0.email,e1_0.full_name,e1_0.phone,e1_0.status,o2_0.order_date,o1_0.note,o1_0.price,o1_0.quantity from order_detail o1_0 join orders o2_0 on o2_0.order_id=o1_0.order_id left join customer c1_0 on c1_0.cust_id=o2_0.cust_id left join employee e1_0 on e1_0.emp_id=o2_0.employee_id where o1_0.product_id=?
Hibernate: select l1_0.employee_id,l1_0.order_id,c1_0.cust_id,c1_0.address,c1_0.email,c1_0.cust_name,c1_0.phone,l1_0.order_date from orders l1_0 left join customer c1_0 on c1_0.cust_id=l1_0.cust_id where l1_0.employee_id=?
Hibernate: select p1_0.product_id,p1_0.description,p1_0.manufacturer_name,p1_0.name,p1_0.status,p1_0.unit,o1_0.product_id,o1_0.order_id,o2_0.order_id,c1_0.cust_id,c1_0.address,c1_0.email,c1_0.cust_name,c1_0.phone,o2_0.employee_id,e1_0.emp_id,e1_0.address,e1_0.dob,e1_0.email,e1_0.full_name,e1_0.phone,e1_0.status,o2_0.order_date,o1_0.note,o1_0.price,o1_0.quantity from product p1_0 left join order_detail o1_0 on p1_0.product_id=o1_0.product_id left join orders o2_0 on o2_0.order_id=o1_0.order_id left join customer c1_0 on c1_0.cust_id=o2_0.cust_id left join employee e1_0 on e1_0.emp_id=o2_0.employee_id where p1_0.product_id=?
Hibernate: select p1_0.product_id,p1_0.price_date_time,p1_0.note,p1_0.price from product_price p1_0 where p1_0.product_id=?
Hibernate: select p1_0.product_id,p1_0.image_id,p1_0.alternative,p1_0.path from product_image p1_0 where p1_0.product_id=?
Hibernate: select o1_0.order_id,o1_0.product_id,p1_0.product_id,p1_0.description,p1_0.manufacturer_name,p1_0.name,p1_0.status,p1_0.unit,o1_0.note,o1_0.price,o1_0.quantity from order_detail o1_0 join product p1_0 on p1_0.product_id=o1_0.product_id where o1_0.order_id=?
Hibernate: select l1_0.employee_id,l1_0.order_id,c1_0.cust_id,c1_0.address,c1_0.email,c1_0.cust_name,c1_0.phone,l1_0.order_date from orders l1_0 left join customer c1_0 on c1_0.cust_id=l1_0.cust_id where l1_0.employee_id=?
Hibernate: insert into order_detail (note,price,quantity,order_id,product_id) values (?,?,?,?,?)
Hibernate: update orders set cust_id=?,employee_id=?,order_date=? where order_id=?
Hibernate: select p1_0.product_id,p1_0.description,p1_0.manufacturer_name,p1_0.name,p1_0.status,p1_0.unit from product p1_0 where p1_0.product_id=?
Hibernate: select o1_0.order_id,o2_0.order_id,c1_0.cust_id,c1_0.address,c1_0.email,c1_0.cust_name,c1_0.phone,o2_0.employee_id,e1_0.emp_id,e1_0.address,e1_0.dob,e1_0.email,e1_0.full_name,e1_0.phone,e1_0.status,o2_0.order_date,o1_0.product_id,p1_0.product_id,p1_0.description,p1_0.manufacturer_name,p1_0.name,p1_0.status,p1_0.unit,p2_0.product_id,p2_0.image_id,p2_0.alternative,p2_0.path,o1_0.note,o1_0.price,o1_0.quantity from order_detail o1_0 join orders o2_0 on o2_0.order_id=o1_0.order_id left join customer c1_0 on c1_0.cust_id=o2_0.cust_id left join employee e1_0 on e1_0.emp_id=o2_0.employee_id join product p1_0 on p1_0.product_id=o1_0.product_id left join product_image p2_0 on p1_0.product_id=p2_0.product_id where (o1_0.order_id,o1_0.product_id) in ((?,?))
Hibernate: select o1_0.order_id,c1_0.cust_id,c1_0.address,c1_0.email,c1_0.cust_name,c1_0.phone,o1_0.employee_id,e1_0.emp_id,e1_0.address,e1_0.dob,e1_0.email,e1_0.full_name,e1_0.phone,e1_0.status,o1_0.order_date,o2_0.order_id,o2_0.product_id,p1_0.product_id,p1_0.description,p1_0.manufacturer_name,p1_0.name,p1_0.status,p1_0.unit,o2_0.note,o2_0.price,o2_0.quantity from orders o1_0 left join customer c1_0 on c1_0.cust_id=o1_0.cust_id join employee e1_0 on e1_0.emp_id=o1_0.employee_id left join order_detail o2_0 on o1_0.order_id=o2_0.order_id left join product p1_0 on p1_0.product_id=o2_0.product_id where o1_0.order_id=?
Hibernate: select p1_0.product_id,p1_0.price_date_time,p1_0.note,p1_0.price from product_price p1_0 where p1_0.product_id=?
Hibernate: select p1_0.product_id,p1_0.image_id,p1_0.alternative,p1_0.path from product_image p1_0 where p1_0.product_id=?
Hibernate: select o1_0.product_id,o1_0.order_id,o2_0.order_id,c1_0.cust_id,c1_0.address,c1_0.email,c1_0.cust_name,c1_0.phone,o2_0.employee_id,e1_0.emp_id,e1_0.address,e1_0.dob,e1_0.email,e1_0.full_name,e1_0.phone,e1_0.status,o2_0.order_date,o1_0.note,o1_0.price,o1_0.quantity from order_detail o1_0 join orders o2_0 on o2_0.order_id=o1_0.order_id left join customer c1_0 on c1_0.cust_id=o2_0.cust_id left join employee e1_0 on e1_0.emp_id=o2_0.employee_id where o1_0.product_id=?
Hibernate: select p1_0.product_id,p1_0.price_date_time,p1_0.note,p1_0.price from product_price p1_0 where p1_0.product_id=?
Hibernate: select p1_0.product_id,p1_0.image_id,p1_0.alternative,p1_0.path from product_image p1_0 where p1_0.product_id=?
Hibernate: select o1_0.product_id,o1_0.order_id,o2_0.order_id,c1_0.cust_id,c1_0.address,c1_0.email,c1_0.cust_name,c1_0.phone,o2_0.employee_id,e1_0.emp_id,e1_0.address,e1_0.dob,e1_0.email,e1_0.full_name,e1_0.phone,e1_0.status,o2_0.order_date,o1_0.note,o1_0.price,o1_0.quantity from order_detail o1_0 join orders o2_0 on o2_0.order_id=o1_0.order_id left join customer c1_0 on c1_0.cust_id=o2_0.cust_id left join employee e1_0 on e1_0.emp_id=o2_0.employee_id where o1_0.product_id=?
Hibernate: select l1_0.employee_id,l1_0.order_id,c1_0.cust_id,c1_0.address,c1_0.email,c1_0.cust_name,c1_0.phone,l1_0.order_date from orders l1_0 left join customer c1_0 on c1_0.cust_id=l1_0.cust_id where l1_0.employee_id=?
Hibernate: select p1_0.product_id,p1_0.description,p1_0.manufacturer_name,p1_0.name,p1_0.status,p1_0.unit,o1_0.product_id,o1_0.order_id,o2_0.order_id,c1_0.cust_id,c1_0.address,c1_0.email,c1_0.cust_name,c1_0.phone,o2_0.employee_id,e1_0.emp_id,e1_0.address,e1_0.dob,e1_0.email,e1_0.full_name,e1_0.phone,e1_0.status,o2_0.order_date,o1_0.note,o1_0.price,o1_0.quantity from product p1_0 left join order_detail o1_0 on p1_0.product_id=o1_0.product_id left join orders o2_0 on o2_0.order_id=o1_0.order_id left join customer c1_0 on c1_0.cust_id=o2_0.cust_id left join employee e1_0 on e1_0.emp_id=o2_0.employee_id where p1_0.product_id=?
Hibernate: select p1_0.product_id,p1_0.price_date_time,p1_0.note,p1_0.price from product_price p1_0 where p1_0.product_id=?
Hibernate: select p1_0.product_id,p1_0.image_id,p1_0.alternative,p1_0.path from product_image p1_0 where p1_0.product_id=?
Hibernate: insert into order_detail (note,price,quantity,order_id,product_id) values (?,?,?,?,?)
Hibernate: update orders set cust_id=?,employee_id=?,order_date=? where order_id=?
Hibernate: select e1_0.emp_id,e1_0.address,e1_0.dob,e1_0.email,e1_0.full_name,e1_0.phone,e1_0.status from employee e1_0 where e1_0.emp_id=?
Hibernate: select c1_0.cust_id,c1_0.address,c1_0.email,c1_0.cust_name,c1_0.phone from customer c1_0 where c1_0.cust_id=?
Hibernate: select o1_0.order_id,c1_0.cust_id,c1_0.address,c1_0.email,c1_0.cust_name,c1_0.phone,o1_0.employee_id,e1_0.emp_id,e1_0.address,e1_0.dob,e1_0.email,e1_0.full_name,e1_0.phone,e1_0.status,o1_0.order_date,o2_0.order_id,o2_0.product_id,p1_0.product_id,p1_0.description,p1_0.manufacturer_name,p1_0.name,p1_0.status,p1_0.unit,o2_0.note,o2_0.price,o2_0.quantity from orders o1_0 left join customer c1_0 on c1_0.cust_id=o1_0.cust_id join employee e1_0 on e1_0.emp_id=o1_0.employee_id left join order_detail o2_0 on o1_0.order_id=o2_0.order_id left join product p1_0 on p1_0.product_id=o2_0.product_id where o1_0.order_id=?
Hibernate: select c1_0.cust_id,c1_0.address,c1_0.email,c1_0.cust_name,c1_0.phone from customer c1_0 where c1_0.cust_id=?
Hibernate: select e1_0.emp_id,e1_0.address,e1_0.dob,e1_0.email,e1_0.full_name,e1_0.phone,e1_0.status from employee e1_0 where e1_0.emp_id=?
Hibernate: insert into orders (cust_id,employee_id,order_date,order_id) values (?,?,?,default)
Hibernate: select p1_0.product_id,p1_0.description,p1_0.manufacturer_name,p1_0.name,p1_0.status,p1_0.unit from product p1_0 where p1_0.product_id=?
Hibernate: select o1_0.order_id,o2_0.order_id,c1_0.cust_id,c1_0.address,c1_0.email,c1_0.cust_name,c1_0.phone,o2_0.employee_id,e1_0.emp_id,e1_0.address,e1_0.dob,e1_0.email,e1_0.full_name,e1_0.phone,e1_0.status,o2_0.order_date,o1_0.product_id,p1_0.product_id,p1_0.description,p1_0.manufacturer_name,p1_0.name,p1_0.status,p1_0.unit,p2_0.product_id,p2_0.image_id,p2_0.alternative,p2_0.path,o1_0.note,o1_0.price,o1_0.quantity from order_detail o1_0 join orders o2_0 on o2_0.order_id=o1_0.order_id left join customer c1_0 on c1_0.cust_id=o2_0.cust_id left join employee e1_0 on e1_0.emp_id=o2_0.employee_id join product p1_0 on p1_0.product_id=o1_0.product_id left join product_image p2_0 on p1_0.product_id=p2_0.product_id where (o1_0.order_id,o1_0.product_id) in ((?,?))
Hibernate: select o1_0.order_id,c1_0.cust_id,c1_0.address,c1_0.email,c1_0.cust_name,c1_0.phone,o1_0.employee_id,e1_0.emp_id,e1_0.address,e1_0.dob,e1_0.email,e1_0.full_name,e1_0.phone,e1_0.status,o1_0.order_date,o2_0.order_id,o2_0.product_id,p1_0.product_id,p1_0.description,p1_0.manufacturer_name,p1_0.name,p1_0.status,p1_0.unit,o2_0.note,o2_0.price,o2_0.quantity from orders o1_0 left join customer c1_0 on c1_0.cust_id=o1_0.cust_id join employee e1_0 on e1_0.emp_id=o1_0.employee_id left join order_detail o2_0 on o1_0.order_id=o2_0.order_id left join product p1_0 on p1_0.product_id=o2_0.product_id where o1_0.order_id=?
Hibernate: select l1_0.employee_id,l1_0.order_id,c1_0.cust_id,c1_0.address,c1_0.email,c1_0.cust_name,c1_0.phone,l1_0.order_date from orders l1_0 left join customer c1_0 on c1_0.cust_id=l1_0.cust_id where l1_0.employee_id=?
Hibernate: select p1_0.product_id,p1_0.description,p1_0.manufacturer_name,p1_0.name,p1_0.status,p1_0.unit,o1_0.product_id,o1_0.order_id,o2_0.order_id,c1_0.cust_id,c1_0.address,c1_0.email,c1_0.cust_name,c1_0.phone,o2_0.employee_id,e1_0.emp_id,e1_0.address,e1_0.dob,e1_0.email,e1_0.full_name,e1_0.phone,e1_0.status,o2_0.order_date,o1_0.note,o1_0.price,o1_0.quantity from product p1_0 left join order_detail o1_0 on p1_0.product_id=o1_0.product_id left join orders o2_0 on o2_0.order_id=o1_0.order_id left join customer c1_0 on c1_0.cust_id=o2_0.cust_id left join employee e1_0 on e1_0.emp_id=o2_0.employee_id where p1_0.product_id=?
Hibernate: select p1_0.product_id,p1_0.price_date_time,p1_0.note,p1_0.price from product_price p1_0 where p1_0.product_id=?
Hibernate: select p1_0.product_id,p1_0.image_id,p1_0.alternative,p1_0.path from product_image p1_0 where p1_0.product_id=?
Hibernate: insert into order_detail (note,price,quantity,order_id,product_id) values (?,?,?,?,?)
Hibernate: update orders set cust_id=?,employee_id=?,order_date=? where order_id=?
Hibernate: select p1_0.product_id,p1_0.description,p1_0.manufacturer_name,p1_0.name,p1_0.status,p1_0.unit from product p1_0 where p1_0.product_id=?
Hibernate: select o1_0.order_id,o2_0.order_id,c1_0.cust_id,c1_0.address,c1_0.email,c1_0.cust_name,c1_0.phone,o2_0.employee_id,e1_0.emp_id,e1_0.address,e1_0.dob,e1_0.email,e1_0.full_name,e1_0.phone,e1_0.status,o2_0.order_date,o1_0.product_id,p1_0.product_id,p1_0.description,p1_0.manufacturer_name,p1_0.name,p1_0.status,p1_0.unit,p2_0.product_id,p2_0.image_id,p2_0.alternative,p2_0.path,o1_0.note,o1_0.price,o1_0.quantity from order_detail o1_0 join orders o2_0 on o2_0.order_id=o1_0.order_id left join customer c1_0 on c1_0.cust_id=o2_0.cust_id left join employee e1_0 on e1_0.emp_id=o2_0.employee_id join product p1_0 on p1_0.product_id=o1_0.product_id left join product_image p2_0 on p1_0.product_id=p2_0.product_id where (o1_0.order_id,o1_0.product_id) in ((?,?))
Hibernate: select o1_0.order_id,c1_0.cust_id,c1_0.address,c1_0.email,c1_0.cust_name,c1_0.phone,o1_0.employee_id,e1_0.emp_id,e1_0.address,e1_0.dob,e1_0.email,e1_0.full_name,e1_0.phone,e1_0.status,o1_0.order_date,o2_0.order_id,o2_0.product_id,p1_0.product_id,p1_0.description,p1_0.manufacturer_name,p1_0.name,p1_0.status,p1_0.unit,o2_0.note,o2_0.price,o2_0.quantity from orders o1_0 left join customer c1_0 on c1_0.cust_id=o1_0.cust_id join employee e1_0 on e1_0.emp_id=o1_0.employee_id left join order_detail o2_0 on o1_0.order_id=o2_0.order_id left join product p1_0 on p1_0.product_id=o2_0.product_id where o1_0.order_id=?
Hibernate: select p1_0.product_id,p1_0.price_date_time,p1_0.note,p1_0.price from product_price p1_0 where p1_0.product_id=?
Hibernate: select p1_0.product_id,p1_0.image_id,p1_0.alternative,p1_0.path from product_image p1_0 where p1_0.product_id=?
Hibernate: select o1_0.product_id,o1_0.order_id,o2_0.order_id,c1_0.cust_id,c1_0.address,c1_0.email,c1_0.cust_name,c1_0.phone,o2_0.employee_id,e1_0.emp_id,e1_0.address,e1_0.dob,e1_0.email,e1_0.full_name,e1_0.phone,e1_0.status,o2_0.order_date,o1_0.note,o1_0.price,o1_0.quantity from order_detail o1_0 join orders o2_0 on o2_0.order_id=o1_0.order_id left join customer c1_0 on c1_0.cust_id=o2_0.cust_id left join employee e1_0 on e1_0.emp_id=o2_0.employee_id where o1_0.product_id=?
Hibernate: select l1_0.employee_id,l1_0.order_id,c1_0.cust_id,c1_0.address,c1_0.email,c1_0.cust_name,c1_0.phone,l1_0.order_date from orders l1_0 left join customer c1_0 on c1_0.cust_id=l1_0.cust_id where l1_0.employee_id=?
Hibernate: select p1_0.product_id,p1_0.description,p1_0.manufacturer_name,p1_0.name,p1_0.status,p1_0.unit,o1_0.product_id,o1_0.order_id,o2_0.order_id,c1_0.cust_id,c1_0.address,c1_0.email,c1_0.cust_name,c1_0.phone,o2_0.employee_id,e1_0.emp_id,e1_0.address,e1_0.dob,e1_0.email,e1_0.full_name,e1_0.phone,e1_0.status,o2_0.order_date,o1_0.note,o1_0.price,o1_0.quantity from product p1_0 left join order_detail o1_0 on p1_0.product_id=o1_0.product_id left join orders o2_0 on o2_0.order_id=o1_0.order_id left join customer c1_0 on c1_0.cust_id=o2_0.cust_id left join employee e1_0 on e1_0.emp_id=o2_0.employee_id where p1_0.product_id=?
Hibernate: select p1_0.product_id,p1_0.price_date_time,p1_0.note,p1_0.price from product_price p1_0 where p1_0.product_id=?
Hibernate: select p1_0.product_id,p1_0.image_id,p1_0.alternative,p1_0.path from product_image p1_0 where p1_0.product_id=?
Hibernate: insert into order_detail (note,price,quantity,order_id,product_id) values (?,?,?,?,?)
Hibernate: update orders set cust_id=?,employee_id=?,order_date=? where order_id=?
Hibernate: select p1_0.product_id,p1_0.description,p1_0.manufacturer_name,p1_0.name,p1_0.status,p1_0.unit from product p1_0 where p1_0.product_id=?
Hibernate: select o1_0.order_id,o2_0.order_id,c1_0.cust_id,c1_0.address,c1_0.email,c1_0.cust_name,c1_0.phone,o2_0.employee_id,e1_0.emp_id,e1_0.address,e1_0.dob,e1_0.email,e1_0.full_name,e1_0.phone,e1_0.status,o2_0.order_date,o1_0.product_id,p1_0.product_id,p1_0.description,p1_0.manufacturer_name,p1_0.name,p1_0.status,p1_0.unit,p2_0.product_id,p2_0.image_id,p2_0.alternative,p2_0.path,o1_0.note,o1_0.price,o1_0.quantity from order_detail o1_0 join orders o2_0 on o2_0.order_id=o1_0.order_id left join customer c1_0 on c1_0.cust_id=o2_0.cust_id left join employee e1_0 on e1_0.emp_id=o2_0.employee_id join product p1_0 on p1_0.product_id=o1_0.product_id left join product_image p2_0 on p1_0.product_id=p2_0.product_id where (o1_0.order_id,o1_0.product_id) in ((?,?))
Hibernate: select o1_0.order_id,c1_0.cust_id,c1_0.address,c1_0.email,c1_0.cust_name,c1_0.phone,o1_0.employee_id,e1_0.emp_id,e1_0.address,e1_0.dob,e1_0.email,e1_0.full_name,e1_0.phone,e1_0.status,o1_0.order_date,o2_0.order_id,o2_0.product_id,p1_0.product_id,p1_0.description,p1_0.manufacturer_name,p1_0.name,p1_0.status,p1_0.unit,o2_0.note,o2_0.price,o2_0.quantity from orders o1_0 left join customer c1_0 on c1_0.cust_id=o1_0.cust_id join employee e1_0 on e1_0.emp_id=o1_0.employee_id left join order_detail o2_0 on o1_0.order_id=o2_0.order_id left join product p1_0 on p1_0.product_id=o2_0.product_id where o1_0.order_id=?
Hibernate: select p1_0.product_id,p1_0.price_date_time,p1_0.note,p1_0.price from product_price p1_0 where p1_0.product_id=?
Hibernate: select p1_0.product_id,p1_0.image_id,p1_0.alternative,p1_0.path from product_image p1_0 where p1_0.product_id=?
Hibernate: select o1_0.product_id,o1_0.order_id,o2_0.order_id,c1_0.cust_id,c1_0.address,c1_0.email,c1_0.cust_name,c1_0.phone,o2_0.employee_id,e1_0.emp_id,e1_0.address,e1_0.dob,e1_0.email,e1_0.full_name,e1_0.phone,e1_0.status,o2_0.order_date,o1_0.note,o1_0.price,o1_0.quantity from order_detail o1_0 join orders o2_0 on o2_0.order_id=o1_0.order_id left join customer c1_0 on c1_0.cust_id=o2_0.cust_id left join employee e1_0 on e1_0.emp_id=o2_0.employee_id where o1_0.product_id=?
Hibernate: select p1_0.product_id,p1_0.price_date_time,p1_0.note,p1_0.price from product_price p1_0 where p1_0.product_id=?
Hibernate: select p1_0.product_id,p1_0.image_id,p1_0.alternative,p1_0.path from product_image p1_0 where p1_0.product_id=?
Hibernate: select o1_0.product_id,o1_0.order_id,o2_0.order_id,c1_0.cust_id,c1_0.address,c1_0.email,c1_0.cust_name,c1_0.phone,o2_0.employee_id,e1_0.emp_id,e1_0.address,e1_0.dob,e1_0.email,e1_0.full_name,e1_0.phone,e1_0.status,o2_0.order_date,o1_0.note,o1_0.price,o1_0.quantity from order_detail o1_0 join orders o2_0 on o2_0.order_id=o1_0.order_id left join customer c1_0 on c1_0.cust_id=o2_0.cust_id left join employee e1_0 on e1_0.emp_id=o2_0.employee_id where o1_0.product_id=?
Hibernate: select l1_0.employee_id,l1_0.order_id,c1_0.cust_id,c1_0.address,c1_0.email,c1_0.cust_name,c1_0.phone,l1_0.order_date from orders l1_0 left join customer c1_0 on c1_0.cust_id=l1_0.cust_id where l1_0.employee_id=?
Hibernate: select p1_0.product_id,p1_0.description,p1_0.manufacturer_name,p1_0.name,p1_0.status,p1_0.unit,o1_0.product_id,o1_0.order_id,o2_0.order_id,c1_0.cust_id,c1_0.address,c1_0.email,c1_0.cust_name,c1_0.phone,o2_0.employee_id,e1_0.emp_id,e1_0.address,e1_0.dob,e1_0.email,e1_0.full_name,e1_0.phone,e1_0.status,o2_0.order_date,o1_0.note,o1_0.price,o1_0.quantity from product p1_0 left join order_detail o1_0 on p1_0.product_id=o1_0.product_id left join orders o2_0 on o2_0.order_id=o1_0.order_id left join customer c1_0 on c1_0.cust_id=o2_0.cust_id left join employee e1_0 on e1_0.emp_id=o2_0.employee_id where p1_0.product_id=?
Hibernate: select p1_0.product_id,p1_0.price_date_time,p1_0.note,p1_0.price from product_price p1_0 where p1_0.product_id=?
Hibernate: select p1_0.product_id,p1_0.image_id,p1_0.alternative,p1_0.path from product_image p1_0 where p1_0.product_id=?
Hibernate: insert into order_detail (note,price,quantity,order_id,product_id) values (?,?,?,?,?)
Hibernate: update orders set cust_id=?,employee_id=?,order_date=? where order_id=?
Hibernate: select e1_0.emp_id,e1_0.address,e1_0.dob,e1_0.email,e1_0.full_name,e1_0.phone,e1_0.status from employee e1_0 where e1_0.emp_id=?
Hibernate: select c1_0.cust_id,c1_0.address,c1_0.email,c1_0.cust_name,c1_0.phone from customer c1_0 where c1_0.cust_id=?
Hibernate: select o1_0.order_id,c1_0.cust_id,c1_0.address,c1_0.email,c1_0.cust_name,c1_0.phone,o1_0.employee_id,e1_0.emp_id,e1_0.address,e1_0.dob,e1_0.email,e1_0.full_name,e1_0.phone,e1_0.status,o1_0.order_date,o2_0.order_id,o2_0.product_id,p1_0.product_id,p1_0.description,p1_0.manufacturer_name,p1_0.name,p1_0.status,p1_0.unit,o2_0.note,o2_0.price,o2_0.quantity from orders o1_0 left join customer c1_0 on c1_0.cust_id=o1_0.cust_id join employee e1_0 on e1_0.emp_id=o1_0.employee_id left join order_detail o2_0 on o1_0.order_id=o2_0.order_id left join product p1_0 on p1_0.product_id=o2_0.product_id where o1_0.order_id=?
Hibernate: select c1_0.cust_id,c1_0.address,c1_0.email,c1_0.cust_name,c1_0.phone from customer c1_0 where c1_0.cust_id=?
Hibernate: select e1_0.emp_id,e1_0.address,e1_0.dob,e1_0.email,e1_0.full_name,e1_0.phone,e1_0.status from employee e1_0 where e1_0.emp_id=?
Hibernate: insert into orders (cust_id,employee_id,order_date,order_id) values (?,?,?,default)
Hibernate: select p1_0.product_id,p1_0.description,p1_0.manufacturer_name,p1_0.name,p1_0.status,p1_0.unit from product p1_0 where p1_0.product_id=?
Hibernate: select o1_0.order_id,o2_0.order_id,c1_0.cust_id,c1_0.address,c1_0.email,c1_0.cust_name,c1_0.phone,o2_0.employee_id,e1_0.emp_id,e1_0.address,e1_0.dob,e1_0.email,e1_0.full_name,e1_0.phone,e1_0.status,o2_0.order_date,o1_0.product_id,p1_0.product_id,p1_0.description,p1_0.manufacturer_name,p1_0.name,p1_0.status,p1_0.unit,p2_0.product_id,p2_0.image_id,p2_0.alternative,p2_0.path,o1_0.note,o1_0.price,o1_0.quantity from order_detail o1_0 join orders o2_0 on o2_0.order_id=o1_0.order_id left join customer c1_0 on c1_0.cust_id=o2_0.cust_id left join employee e1_0 on e1_0.emp_id=o2_0.employee_id join product p1_0 on p1_0.product_id=o1_0.product_id left join product_image p2_0 on p1_0.product_id=p2_0.product_id where (o1_0.order_id,o1_0.product_id) in ((?,?))
Hibernate: select o1_0.order_id,c1_0.cust_id,c1_0.address,c1_0.email,c1_0.cust_name,c1_0.phone,o1_0.employee_id,e1_0.emp_id,e1_0.address,e1_0.dob,e1_0.email,e1_0.full_name,e1_0.phone,e1_0.status,o1_0.order_date,o2_0.order_id,o2_0.product_id,p1_0.product_id,p1_0.description,p1_0.manufacturer_name,p1_0.name,p1_0.status,p1_0.unit,o2_0.note,o2_0.price,o2_0.quantity from orders o1_0 left join customer c1_0 on c1_0.cust_id=o1_0.cust_id join employee e1_0 on e1_0.emp_id=o1_0.employee_id left join order_detail o2_0 on o1_0.order_id=o2_0.order_id left join product p1_0 on p1_0.product_id=o2_0.product_id where o1_0.order_id=?
Hibernate: select l1_0.employee_id,l1_0.order_id,c1_0.cust_id,c1_0.address,c1_0.email,c1_0.cust_name,c1_0.phone,l1_0.order_date from orders l1_0 left join customer c1_0 on c1_0.cust_id=l1_0.cust_id where l1_0.employee_id=?
Hibernate: select p1_0.product_id,p1_0.description,p1_0.manufacturer_name,p1_0.name,p1_0.status,p1_0.unit,o1_0.product_id,o1_0.order_id,o2_0.order_id,c1_0.cust_id,c1_0.address,c1_0.email,c1_0.cust_name,c1_0.phone,o2_0.employee_id,e1_0.emp_id,e1_0.address,e1_0.dob,e1_0.email,e1_0.full_name,e1_0.phone,e1_0.status,o2_0.order_date,o1_0.note,o1_0.price,o1_0.quantity from product p1_0 left join order_detail o1_0 on p1_0.product_id=o1_0.product_id left join orders o2_0 on o2_0.order_id=o1_0.order_id left join customer c1_0 on c1_0.cust_id=o2_0.cust_id left join employee e1_0 on e1_0.emp_id=o2_0.employee_id where p1_0.product_id=?
Hibernate: select p1_0.product_id,p1_0.price_date_time,p1_0.note,p1_0.price from product_price p1_0 where p1_0.product_id=?
Hibernate: select p1_0.product_id,p1_0.image_id,p1_0.alternative,p1_0.path from product_image p1_0 where p1_0.product_id=?
Hibernate: insert into order_detail (note,price,quantity,order_id,product_id) values (?,?,?,?,?)
Hibernate: update orders set cust_id=?,employee_id=?,order_date=? where order_id=?
Hibernate: select p1_0.product_id,p1_0.description,p1_0.manufacturer_name,p1_0.name,p1_0.status,p1_0.unit from product p1_0 where p1_0.product_id=?
Hibernate: select o1_0.order_id,o2_0.order_id,c1_0.cust_id,c1_0.address,c1_0.email,c1_0.cust_name,c1_0.phone,o2_0.employee_id,e1_0.emp_id,e1_0.address,e1_0.dob,e1_0.email,e1_0.full_name,e1_0.phone,e1_0.status,o2_0.order_date,o1_0.product_id,p1_0.product_id,p1_0.description,p1_0.manufacturer_name,p1_0.name,p1_0.status,p1_0.unit,p2_0.product_id,p2_0.image_id,p2_0.alternative,p2_0.path,o1_0.note,o1_0.price,o1_0.quantity from order_detail o1_0 join orders o2_0 on o2_0.order_id=o1_0.order_id left join customer c1_0 on c1_0.cust_id=o2_0.cust_id left join employee e1_0 on e1_0.emp_id=o2_0.employee_id join product p1_0 on p1_0.product_id=o1_0.product_id left join product_image p2_0 on p1_0.product_id=p2_0.product_id where (o1_0.order_id,o1_0.product_id) in ((?,?))
Hibernate: select o1_0.order_id,c1_0.cust_id,c1_0.address,c1_0.email,c1_0.cust_name,c1_0.phone,o1_0.employee_id,e1_0.emp_id,e1_0.address,e1_0.dob,e1_0.email,e1_0.full_name,e1_0.phone,e1_0.status,o1_0.order_date,o2_0.order_id,o2_0.product_id,p1_0.product_id,p1_0.description,p1_0.manufacturer_name,p1_0.name,p1_0.status,p1_0.unit,o2_0.note,o2_0.price,o2_0.quantity from orders o1_0 left join customer c1_0 on c1_0.cust_id=o1_0.cust_id join employee e1_0 on e1_0.emp_id=o1_0.employee_id left join order_detail o2_0 on o1_0.order_id=o2_0.order_id left join product p1_0 on p1_0.product_id=o2_0.product_id where o1_0.order_id=?
Hibernate: select p1_0.product_id,p1_0.price_date_time,p1_0.note,p1_0.price from product_price p1_0 where p1_0.product_id=?
Hibernate: select p1_0.product_id,p1_0.image_id,p1_0.alternative,p1_0.path from product_image p1_0 where p1_0.product_id=?
Hibernate: select o1_0.product_id,o1_0.order_id,o2_0.order_id,c1_0.cust_id,c1_0.address,c1_0.email,c1_0.cust_name,c1_0.phone,o2_0.employee_id,e1_0.emp_id,e1_0.address,e1_0.dob,e1_0.email,e1_0.full_name,e1_0.phone,e1_0.status,o2_0.order_date,o1_0.note,o1_0.price,o1_0.quantity from order_detail o1_0 join orders o2_0 on o2_0.order_id=o1_0.order_id left join customer c1_0 on c1_0.cust_id=o2_0.cust_id left join employee e1_0 on e1_0.emp_id=o2_0.employee_id where o1_0.product_id=?
Hibernate: select l1_0.employee_id,l1_0.order_id,c1_0.cust_id,c1_0.address,c1_0.email,c1_0.cust_name,c1_0.phone,l1_0.order_date from orders l1_0 left join customer c1_0 on c1_0.cust_id=l1_0.cust_id where l1_0.employee_id=?
Hibernate: select p1_0.product_id,p1_0.description,p1_0.manufacturer_name,p1_0.name,p1_0.status,p1_0.unit,o1_0.product_id,o1_0.order_id,o2_0.order_id,c1_0.cust_id,c1_0.address,c1_0.email,c1_0.cust_name,c1_0.phone,o2_0.employee_id,e1_0.emp_id,e1_0.address,e1_0.dob,e1_0.email,e1_0.full_name,e1_0.phone,e1_0.status,o2_0.order_date,o1_0.note,o1_0.price,o1_0.quantity from product p1_0 left join order_detail o1_0 on p1_0.product_id=o1_0.product_id left join orders o2_0 on o2_0.order_id=o1_0.order_id left join customer c1_0 on c1_0.cust_id=o2_0.cust_id left join employee e1_0 on e1_0.emp_id=o2_0.employee_id where p1_0.product_id=?
Hibernate: select p1_0.product_id,p1_0.price_date_time,p1_0.note,p1_0.price from product_price p1_0 where p1_0.product_id=?
Hibernate: select p1_0.product_id,p1_0.image_id,p1_0.alternative,p1_0.path from product_image p1_0 where p1_0.product_id=?
Hibernate: insert into order_detail (note,price,quantity,order_id,product_id) values (?,?,?,?,?)
Hibernate: update orders set cust_id=?,employee_id=?,order_date=? where order_id=?
Hibernate: select p1_0.product_id,p1_0.description,p1_0.manufacturer_name,p1_0.name,p1_0.status,p1_0.unit from product p1_0 where p1_0.product_id=?
Hibernate: select o1_0.order_id,o2_0.order_id,c1_0.cust_id,c1_0.address,c1_0.email,c1_0.cust_name,c1_0.phone,o2_0.employee_id,e1_0.emp_id,e1_0.address,e1_0.dob,e1_0.email,e1_0.full_name,e1_0.phone,e1_0.status,o2_0.order_date,o1_0.product_id,p1_0.product_id,p1_0.description,p1_0.manufacturer_name,p1_0.name,p1_0.status,p1_0.unit,p2_0.product_id,p2_0.image_id,p2_0.alternative,p2_0.path,o1_0.note,o1_0.price,o1_0.quantity from order_detail o1_0 join orders o2_0 on o2_0.order_id=o1_0.order_id left join customer c1_0 on c1_0.cust_id=o2_0.cust_id left join employee e1_0 on e1_0.emp_id=o2_0.employee_id join product p1_0 on p1_0.product_id=o1_0.product_id left join product_image p2_0 on p1_0.product_id=p2_0.product_id where (o1_0.order_id,o1_0.product_id) in ((?,?))
Hibernate: select o1_0.order_id,c1_0.cust_id,c1_0.address,c1_0.email,c1_0.cust_name,c1_0.phone,o1_0.employee_id,e1_0.emp_id,e1_0.address,e1_0.dob,e1_0.email,e1_0.full_name,e1_0.phone,e1_0.status,o1_0.order_date,o2_0.order_id,o2_0.product_id,p1_0.product_id,p1_0.description,p1_0.manufacturer_name,p1_0.name,p1_0.status,p1_0.unit,o2_0.note,o2_0.price,o2_0.quantity from orders o1_0 left join customer c1_0 on c1_0.cust_id=o1_0.cust_id join employee e1_0 on e1_0.emp_id=o1_0.employee_id left join order_detail o2_0 on o1_0.order_id=o2_0.order_id left join product p1_0 on p1_0.product_id=o2_0.product_id where o1_0.order_id=?
Hibernate: select p1_0.product_id,p1_0.price_date_time,p1_0.note,p1_0.price from product_price p1_0 where p1_0.product_id=?
Hibernate: select p1_0.product_id,p1_0.image_id,p1_0.alternative,p1_0.path from product_image p1_0 where p1_0.product_id=?
Hibernate: select o1_0.product_id,o1_0.order_id,o2_0.order_id,c1_0.cust_id,c1_0.address,c1_0.email,c1_0.cust_name,c1_0.phone,o2_0.employee_id,e1_0.emp_id,e1_0.address,e1_0.dob,e1_0.email,e1_0.full_name,e1_0.phone,e1_0.status,o2_0.order_date,o1_0.note,o1_0.price,o1_0.quantity from order_detail o1_0 join orders o2_0 on o2_0.order_id=o1_0.order_id left join customer c1_0 on c1_0.cust_id=o2_0.cust_id left join employee e1_0 on e1_0.emp_id=o2_0.employee_id where o1_0.product_id=?
Hibernate: select p1_0.product_id,p1_0.price_date_time,p1_0.note,p1_0.price from product_price p1_0 where p1_0.product_id=?
Hibernate: select p1_0.product_id,p1_0.image_id,p1_0.alternative,p1_0.path from product_image p1_0 where p1_0.product_id=?
Hibernate: select o1_0.product_id,o1_0.order_id,o2_0.order_id,c1_0.cust_id,c1_0.address,c1_0.email,c1_0.cust_name,c1_0.phone,o2_0.employee_id,e1_0.emp_id,e1_0.address,e1_0.dob,e1_0.email,e1_0.full_name,e1_0.phone,e1_0.status,o2_0.order_date,o1_0.note,o1_0.price,o1_0.quantity from order_detail o1_0 join orders o2_0 on o2_0.order_id=o1_0.order_id left join customer c1_0 on c1_0.cust_id=o2_0.cust_id left join employee e1_0 on e1_0.emp_id=o2_0.employee_id where o1_0.product_id=?
Hibernate: select l1_0.employee_id,l1_0.order_id,c1_0.cust_id,c1_0.address,c1_0.email,c1_0.cust_name,c1_0.phone,l1_0.order_date from orders l1_0 left join customer c1_0 on c1_0.cust_id=l1_0.cust_id where l1_0.employee_id=?
Hibernate: select p1_0.product_id,p1_0.description,p1_0.manufacturer_name,p1_0.name,p1_0.status,p1_0.unit,o1_0.product_id,o1_0.order_id,o2_0.order_id,c1_0.cust_id,c1_0.address,c1_0.email,c1_0.cust_name,c1_0.phone,o2_0.employee_id,e1_0.emp_id,e1_0.address,e1_0.dob,e1_0.email,e1_0.full_name,e1_0.phone,e1_0.status,o2_0.order_date,o1_0.note,o1_0.price,o1_0.quantity from product p1_0 left join order_detail o1_0 on p1_0.product_id=o1_0.product_id left join orders o2_0 on o2_0.order_id=o1_0.order_id left join customer c1_0 on c1_0.cust_id=o2_0.cust_id left join employee e1_0 on e1_0.emp_id=o2_0.employee_id where p1_0.product_id=?
Hibernate: select p1_0.product_id,p1_0.price_date_time,p1_0.note,p1_0.price from product_price p1_0 where p1_0.product_id=?
Hibernate: select p1_0.product_id,p1_0.image_id,p1_0.alternative,p1_0.path from product_image p1_0 where p1_0.product_id=?
Hibernate: select o1_0.order_id,o1_0.product_id,p1_0.product_id,p1_0.description,p1_0.manufacturer_name,p1_0.name,p1_0.status,p1_0.unit,o1_0.note,o1_0.price,o1_0.quantity from order_detail o1_0 join product p1_0 on p1_0.product_id=o1_0.product_id where o1_0.order_id=?
Hibernate: select l1_0.employee_id,l1_0.order_id,c1_0.cust_id,c1_0.address,c1_0.email,c1_0.cust_name,c1_0.phone,l1_0.order_date from orders l1_0 left join customer c1_0 on c1_0.cust_id=l1_0.cust_id where l1_0.employee_id=?
Hibernate: insert into order_detail (note,price,quantity,order_id,product_id) values (?,?,?,?,?)
Hibernate: update orders set cust_id=?,employee_id=?,order_date=? where order_id=?
Hibernate: select e1_0.emp_id,e1_0.address,e1_0.dob,e1_0.email,e1_0.full_name,e1_0.phone,e1_0.status from employee e1_0 where e1_0.emp_id=?
Hibernate: select c1_0.cust_id,c1_0.address,c1_0.email,c1_0.cust_name,c1_0.phone from customer c1_0 where c1_0.cust_id=?
Hibernate: select o1_0.order_id,c1_0.cust_id,c1_0.address,c1_0.email,c1_0.cust_name,c1_0.phone,o1_0.employee_id,e1_0.emp_id,e1_0.address,e1_0.dob,e1_0.email,e1_0.full_name,e1_0.phone,e1_0.status,o1_0.order_date,o2_0.order_id,o2_0.product_id,p1_0.product_id,p1_0.description,p1_0.manufacturer_name,p1_0.name,p1_0.status,p1_0.unit,o2_0.note,o2_0.price,o2_0.quantity from orders o1_0 left join customer c1_0 on c1_0.cust_id=o1_0.cust_id join employee e1_0 on e1_0.emp_id=o1_0.employee_id left join order_detail o2_0 on o1_0.order_id=o2_0.order_id left join product p1_0 on p1_0.product_id=o2_0.product_id where o1_0.order_id=?
Hibernate: select c1_0.cust_id,c1_0.address,c1_0.email,c1_0.cust_name,c1_0.phone from customer c1_0 where c1_0.cust_id=?
Hibernate: select e1_0.emp_id,e1_0.address,e1_0.dob,e1_0.email,e1_0.full_name,e1_0.phone,e1_0.status from employee e1_0 where e1_0.emp_id=?
Hibernate: insert into orders (cust_id,employee_id,order_date,order_id) values (?,?,?,default)
Hibernate: select p1_0.product_id,p1_0.description,p1_0.manufacturer_name,p1_0.name,p1_0.status,p1_0.unit from product p1_0 where p1_0.product_id=?
Hibernate: select o1_0.order_id,o2_0.order_id,c1_0.cust_id,c1_0.address,c1_0.email,c1_0.cust_name,c1_0.phone,o2_0.employee_id,e1_0.emp_id,e1_0.address,e1_0.dob,e1_0.email,e1_0.full_name,e1_0.phone,e1_0.status,o2_0.order_date,o1_0.product_id,p1_0.product_id,p1_0.description,p1_0.manufacturer_name,p1_0.name,p1_0.status,p1_0.unit,p2_0.product_id,p2_0.image_id,p2_0.alternative,p2_0.path,o1_0.note,o1_0.price,o1_0.quantity from order_detail o1_0 join orders o2_0 on o2_0.order_id=o1_0.order_id left join customer c1_0 on c1_0.cust_id=o2_0.cust_id left join employee e1_0 on e1_0.emp_id=o2_0.employee_id join product p1_0 on p1_0.product_id=o1_0.product_id left join product_image p2_0 on p1_0.product_id=p2_0.product_id where (o1_0.order_id,o1_0.product_id) in ((?,?))
Hibernate: select o1_0.order_id,c1_0.cust_id,c1_0.address,c1_0.email,c1_0.cust_name,c1_0.phone,o1_0.employee_id,e1_0.emp_id,e1_0.address,e1_0.dob,e1_0.email,e1_0.full_name,e1_0.phone,e1_0.status,o1_0.order_date,o2_0.order_id,o2_0.product_id,p1_0.product_id,p1_0.description,p1_0.manufacturer_name,p1_0.name,p1_0.status,p1_0.unit,o2_0.note,o2_0.price,o2_0.quantity from orders o1_0 left join customer c1_0 on c1_0.cust_id=o1_0.cust_id join employee e1_0 on e1_0.emp_id=o1_0.employee_id left join order_detail o2_0 on o1_0.order_id=o2_0.order_id left join product p1_0 on p1_0.product_id=o2_0.product_id where o1_0.order_id=?
Hibernate: select l1_0.employee_id,l1_0.order_id,c1_0.cust_id,c1_0.address,c1_0.email,c1_0.cust_name,c1_0.phone,l1_0.order_date from orders l1_0 left join customer c1_0 on c1_0.cust_id=l1_0.cust_id where l1_0.employee_id=?
Hibernate: select p1_0.product_id,p1_0.description,p1_0.manufacturer_name,p1_0.name,p1_0.status,p1_0.unit,o1_0.product_id,o1_0.order_id,o2_0.order_id,c1_0.cust_id,c1_0.address,c1_0.email,c1_0.cust_name,c1_0.phone,o2_0.employee_id,e1_0.emp_id,e1_0.address,e1_0.dob,e1_0.email,e1_0.full_name,e1_0.phone,e1_0.status,o2_0.order_date,o1_0.note,o1_0.price,o1_0.quantity from product p1_0 left join order_detail o1_0 on p1_0.product_id=o1_0.product_id left join orders o2_0 on o2_0.order_id=o1_0.order_id left join customer c1_0 on c1_0.cust_id=o2_0.cust_id left join employee e1_0 on e1_0.emp_id=o2_0.employee_id where p1_0.product_id=?
Hibernate: select p1_0.product_id,p1_0.price_date_time,p1_0.note,p1_0.price from product_price p1_0 where p1_0.product_id=?
Hibernate: select p1_0.product_id,p1_0.image_id,p1_0.alternative,p1_0.path from product_image p1_0 where p1_0.product_id=?
Hibernate: insert into order_detail (note,price,quantity,order_id,product_id) values (?,?,?,?,?)
Hibernate: update orders set cust_id=?,employee_id=?,order_date=? where order_id=?
Hibernate: select p1_0.product_id,p1_0.description,p1_0.manufacturer_name,p1_0.name,p1_0.status,p1_0.unit from product p1_0 where p1_0.product_id=?
Hibernate: select o1_0.order_id,o2_0.order_id,c1_0.cust_id,c1_0.address,c1_0.email,c1_0.cust_name,c1_0.phone,o2_0.employee_id,e1_0.emp_id,e1_0.address,e1_0.dob,e1_0.email,e1_0.full_name,e1_0.phone,e1_0.status,o2_0.order_date,o1_0.product_id,p1_0.product_id,p1_0.description,p1_0.manufacturer_name,p1_0.name,p1_0.status,p1_0.unit,p2_0.product_id,p2_0.image_id,p2_0.alternative,p2_0.path,o1_0.note,o1_0.price,o1_0.quantity from order_detail o1_0 join orders o2_0 on o2_0.order_id=o1_0.order_id left join customer c1_0 on c1_0.cust_id=o2_0.cust_id left join employee e1_0 on e1_0.emp_id=o2_0.employee_id join product p1_0 on p1_0.product_id=o1_0.product_id left join product_image p2_0 on p1_0.product_id=p2_0.product_id where (o1_0.order_id,o1_0.product_id) in ((?,?))
Hibernate: select o1_0.order_id,c1_0.cust_id,c1_0.address,c1_0.email,c1_0.cust_name,c1_0.phone,o1_0.employee_id,e1_0.emp_id,e1_0.address,e1_0.dob,e1_0.email,e1_0.full_name,e1_0.phone,e1_0.status,o1_0.order_date,o2_0.order_id,o2_0.product_id,p1_0.product_id,p1_0.description,p1_0.manufacturer_name,p1_0.name,p1_0.status,p1_0.unit,o2_0.note,o2_0.price,o2_0.quantity from orders o1_0 left join customer c1_0 on c1_0.cust_id=o1_0.cust_id join employee e1_0 on e1_0.emp_id=o1_0.employee_id left join order_detail o2_0 on o1_0.order_id=o2_0.order_id left join product p1_0 on p1_0.product_id=o2_0.product_id where o1_0.order_id=?
Hibernate: select p1_0.product_id,p1_0.price_date_time,p1_0.note,p1_0.price from product_price p1_0 where p1_0.product_id=?
Hibernate: select p1_0.product_id,p1_0.image_id,p1_0.alternative,p1_0.path from product_image p1_0 where p1_0.product_id=?
Hibernate: select o1_0.product_id,o1_0.order_id,o2_0.order_id,c1_0.cust_id,c1_0.address,c1_0.email,c1_0.cust_name,c1_0.phone,o2_0.employee_id,e1_0.emp_id,e1_0.address,e1_0.dob,e1_0.email,e1_0.full_name,e1_0.phone,e1_0.status,o2_0.order_date,o1_0.note,o1_0.price,o1_0.quantity from order_detail o1_0 join orders o2_0 on o2_0.order_id=o1_0.order_id left join customer c1_0 on c1_0.cust_id=o2_0.cust_id left join employee e1_0 on e1_0.emp_id=o2_0.employee_id where o1_0.product_id=?
Hibernate: select l1_0.employee_id,l1_0.order_id,c1_0.cust_id,c1_0.address,c1_0.email,c1_0.cust_name,c1_0.phone,l1_0.order_date from orders l1_0 left join customer c1_0 on c1_0.cust_id=l1_0.cust_id where l1_0.employee_id=?
Hibernate: select p1_0.product_id,p1_0.description,p1_0.manufacturer_name,p1_0.name,p1_0.status,p1_0.unit,o1_0.product_id,o1_0.order_id,o2_0.order_id,c1_0.cust_id,c1_0.address,c1_0.email,c1_0.cust_name,c1_0.phone,o2_0.employee_id,e1_0.emp_id,e1_0.address,e1_0.dob,e1_0.email,e1_0.full_name,e1_0.phone,e1_0.status,o2_0.order_date,o1_0.note,o1_0.price,o1_0.quantity from product p1_0 left join order_detail o1_0 on p1_0.product_id=o1_0.product_id left join orders o2_0 on o2_0.order_id=o1_0.order_id left join customer c1_0 on c1_0.cust_id=o2_0.cust_id left join employee e1_0 on e1_0.emp_id=o2_0.employee_id where p1_0.product_id=?
Hibernate: select o1_0.order_id,o1_0.product_id,p1_0.product_id,p1_0.description,p1_0.manufacturer_name,p1_0.name,p1_0.status,p1_0.unit,o1_0.note,o1_0.price,o1_0.quantity from order_detail o1_0 join product p1_0 on p1_0.product_id=o1_0.product_id where o1_0.order_id=?
Hibernate: select l1_0.employee_id,l1_0.order_id,c1_0.cust_id,c1_0.address,c1_0.email,c1_0.cust_name,c1_0.phone,l1_0.order_date from orders l1_0 left join customer c1_0 on c1_0.cust_id=l1_0.cust_id where l1_0.employee_id=?
Hibernate: select o1_0.order_id,o1_0.product_id,p1_0.product_id,p1_0.description,p1_0.manufacturer_name,p1_0.name,p1_0.status,p1_0.unit,o1_0.note,o1_0.price,o1_0.quantity from order_detail o1_0 join product p1_0 on p1_0.product_id=o1_0.product_id where o1_0.order_id=?
Hibernate: select p1_0.product_id,p1_0.price_date_time,p1_0.note,p1_0.price from product_price p1_0 where p1_0.product_id=?
Hibernate: select p1_0.product_id,p1_0.image_id,p1_0.alternative,p1_0.path from product_image p1_0 where p1_0.product_id=?
Hibernate: select o1_0.order_id,o1_0.product_id,p1_0.product_id,p1_0.description,p1_0.manufacturer_name,p1_0.name,p1_0.status,p1_0.unit,o1_0.note,o1_0.price,o1_0.quantity from order_detail o1_0 join product p1_0 on p1_0.product_id=o1_0.product_id where o1_0.order_id=?
Hibernate: select l1_0.employee_id,l1_0.order_id,c1_0.cust_id,c1_0.address,c1_0.email,c1_0.cust_name,c1_0.phone,l1_0.order_date from orders l1_0 left join customer c1_0 on c1_0.cust_id=l1_0.cust_id where l1_0.employee_id=?
Hibernate: insert into order_detail (note,price,quantity,order_id,product_id) values (?,?,?,?,?)
Hibernate: update orders set cust_id=?,employee_id=?,order_date=? where order_id=?
Hibernate: select p1_0.product_id,p1_0.description,p1_0.manufacturer_name,p1_0.name,p1_0.status,p1_0.unit from product p1_0 where p1_0.product_id=?
Hibernate: select o1_0.order_id,o2_0.order_id,c1_0.cust_id,c1_0.address,c1_0.email,c1_0.cust_name,c1_0.phone,o2_0.employee_id,e1_0.emp_id,e1_0.address,e1_0.dob,e1_0.email,e1_0.full_name,e1_0.phone,e1_0.status,o2_0.order_date,o1_0.product_id,p1_0.product_id,p1_0.description,p1_0.manufacturer_name,p1_0.name,p1_0.status,p1_0.unit,p2_0.product_id,p2_0.image_id,p2_0.alternative,p2_0.path,o1_0.note,o1_0.price,o1_0.quantity from order_detail o1_0 join orders o2_0 on o2_0.order_id=o1_0.order_id left join customer c1_0 on c1_0.cust_id=o2_0.cust_id left join employee e1_0 on e1_0.emp_id=o2_0.employee_id join product p1_0 on p1_0.product_id=o1_0.product_id left join product_image p2_0 on p1_0.product_id=p2_0.product_id where (o1_0.order_id,o1_0.product_id) in ((?,?))
Hibernate: select o1_0.order_id,c1_0.cust_id,c1_0.address,c1_0.email,c1_0.cust_name,c1_0.phone,o1_0.employee_id,e1_0.emp_id,e1_0.address,e1_0.dob,e1_0.email,e1_0.full_name,e1_0.phone,e1_0.status,o1_0.order_date,o2_0.order_id,o2_0.product_id,p1_0.product_id,p1_0.description,p1_0.manufacturer_name,p1_0.name,p1_0.status,p1_0.unit,o2_0.note,o2_0.price,o2_0.quantity from orders o1_0 left join customer c1_0 on c1_0.cust_id=o1_0.cust_id join employee e1_0 on e1_0.emp_id=o1_0.employee_id left join order_detail o2_0 on o1_0.order_id=o2_0.order_id left join product p1_0 on p1_0.product_id=o2_0.product_id where o1_0.order_id=?
Hibernate: select p1_0.product_id,p1_0.price_date_time,p1_0.note,p1_0.price from product_price p1_0 where p1_0.product_id=?
Hibernate: select p1_0.product_id,p1_0.image_id,p1_0.alternative,p1_0.path from product_image p1_0 where p1_0.product_id=?
Hibernate: select o1_0.product_id,o1_0.order_id,o2_0.order_id,c1_0.cust_id,c1_0.address,c1_0.email,c1_0.cust_name,c1_0.phone,o2_0.employee_id,e1_0.emp_id,e1_0.address,e1_0.dob,e1_0.email,e1_0.full_name,e1_0.phone,e1_0.status,o2_0.order_date,o1_0.note,o1_0.price,o1_0.quantity from order_detail o1_0 join orders o2_0 on o2_0.order_id=o1_0.order_id left join customer c1_0 on c1_0.cust_id=o2_0.cust_id left join employee e1_0 on e1_0.emp_id=o2_0.employee_id where o1_0.product_id=?
Hibernate: select p1_0.product_id,p1_0.price_date_time,p1_0.note,p1_0.price from product_price p1_0 where p1_0.product_id=?
Hibernate: select p1_0.product_id,p1_0.image_id,p1_0.alternative,p1_0.path from product_image p1_0 where p1_0.product_id=?
Hibernate: select o1_0.product_id,o1_0.order_id,o2_0.order_id,c1_0.cust_id,c1_0.address,c1_0.email,c1_0.cust_name,c1_0.phone,o2_0.employee_id,e1_0.emp_id,e1_0.address,e1_0.dob,e1_0.email,e1_0.full_name,e1_0.phone,e1_0.status,o2_0.order_date,o1_0.note,o1_0.price,o1_0.quantity from order_detail o1_0 join orders o2_0 on o2_0.order_id=o1_0.order_id left join customer c1_0 on c1_0.cust_id=o2_0.cust_id left join employee e1_0 on e1_0.emp_id=o2_0.employee_id where o1_0.product_id=?
Hibernate: select l1_0.employee_id,l1_0.order_id,c1_0.cust_id,c1_0.address,c1_0.email,c1_0.cust_name,c1_0.phone,l1_0.order_date from orders l1_0 left join customer c1_0 on c1_0.cust_id=l1_0.cust_id where l1_0.employee_id=?
Hibernate: select p1_0.product_id,p1_0.description,p1_0.manufacturer_name,p1_0.name,p1_0.status,p1_0.unit,o1_0.product_id,o1_0.order_id,o2_0.order_id,c1_0.cust_id,c1_0.address,c1_0.email,c1_0.cust_name,c1_0.phone,o2_0.employee_id,e1_0.emp_id,e1_0.address,e1_0.dob,e1_0.email,e1_0.full_name,e1_0.phone,e1_0.status,o2_0.order_date,o1_0.note,o1_0.price,o1_0.quantity from product p1_0 left join order_detail o1_0 on p1_0.product_id=o1_0.product_id left join orders o2_0 on o2_0.order_id=o1_0.order_id left join customer c1_0 on c1_0.cust_id=o2_0.cust_id left join employee e1_0 on e1_0.emp_id=o2_0.employee_id where p1_0.product_id=?
Hibernate: select p1_0.product_id,p1_0.price_date_time,p1_0.note,p1_0.price from product_price p1_0 where p1_0.product_id=?
Hibernate: select p1_0.product_id,p1_0.image_id,p1_0.alternative,p1_0.path from product_image p1_0 where p1_0.product_id=?
Hibernate: select o1_0.order_id,o1_0.product_id,p1_0.product_id,p1_0.description,p1_0.manufacturer_name,p1_0.name,p1_0.status,p1_0.unit,o1_0.note,o1_0.price,o1_0.quantity from order_detail o1_0 join product p1_0 on p1_0.product_id=o1_0.product_id where o1_0.order_id=?
Hibernate: select l1_0.employee_id,l1_0.order_id,c1_0.cust_id,c1_0.address,c1_0.email,c1_0.cust_name,c1_0.phone,l1_0.order_date from orders l1_0 left join customer c1_0 on c1_0.cust_id=l1_0.cust_id where l1_0.employee_id=?
Hibernate: insert into order_detail (note,price,quantity,order_id,product_id) values (?,?,?,?,?)
Hibernate: update orders set cust_id=?,employee_id=?,order_date=? where order_id=?
Hibernate: select e1_0.emp_id,e1_0.address,e1_0.dob,e1_0.email,e1_0.full_name,e1_0.phone,e1_0.status from employee e1_0 where e1_0.emp_id=?
Hibernate: select c1_0.cust_id,c1_0.address,c1_0.email,c1_0.cust_name,c1_0.phone from customer c1_0 where c1_0.cust_id=?
Hibernate: select o1_0.order_id,c1_0.cust_id,c1_0.address,c1_0.email,c1_0.cust_name,c1_0.phone,o1_0.employee_id,e1_0.emp_id,e1_0.address,e1_0.dob,e1_0.email,e1_0.full_name,e1_0.phone,e1_0.status,o1_0.order_date,o2_0.order_id,o2_0.product_id,p1_0.product_id,p1_0.description,p1_0.manufacturer_name,p1_0.name,p1_0.status,p1_0.unit,o2_0.note,o2_0.price,o2_0.quantity from orders o1_0 left join customer c1_0 on c1_0.cust_id=o1_0.cust_id join employee e1_0 on e1_0.emp_id=o1_0.employee_id left join order_detail o2_0 on o1_0.order_id=o2_0.order_id left join product p1_0 on p1_0.product_id=o2_0.product_id where o1_0.order_id=?
Hibernate: select c1_0.cust_id,c1_0.address,c1_0.email,c1_0.cust_name,c1_0.phone from customer c1_0 where c1_0.cust_id=?
Hibernate: select e1_0.emp_id,e1_0.address,e1_0.dob,e1_0.email,e1_0.full_name,e1_0.phone,e1_0.status from employee e1_0 where e1_0.emp_id=?
Hibernate: insert into orders (cust_id,employee_id,order_date,order_id) values (?,?,?,default)
Hibernate: select p1_0.product_id,p1_0.description,p1_0.manufacturer_name,p1_0.name,p1_0.status,p1_0.unit from product p1_0 where p1_0.product_id=?
Hibernate: select o1_0.order_id,o2_0.order_id,c1_0.cust_id,c1_0.address,c1_0.email,c1_0.cust_name,c1_0.phone,o2_0.employee_id,e1_0.emp_id,e1_0.address,e1_0.dob,e1_0.email,e1_0.full_name,e1_0.phone,e1_0.status,o2_0.order_date,o1_0.product_id,p1_0.product_id,p1_0.description,p1_0.manufacturer_name,p1_0.name,p1_0.status,p1_0.unit,p2_0.product_id,p2_0.image_id,p2_0.alternative,p2_0.path,o1_0.note,o1_0.price,o1_0.quantity from order_detail o1_0 join orders o2_0 on o2_0.order_id=o1_0.order_id left join customer c1_0 on c1_0.cust_id=o2_0.cust_id left join employee e1_0 on e1_0.emp_id=o2_0.employee_id join product p1_0 on p1_0.product_id=o1_0.product_id left join product_image p2_0 on p1_0.product_id=p2_0.product_id where (o1_0.order_id,o1_0.product_id) in ((?,?))
Hibernate: select o1_0.order_id,c1_0.cust_id,c1_0.address,c1_0.email,c1_0.cust_name,c1_0.phone,o1_0.employee_id,e1_0.emp_id,e1_0.address,e1_0.dob,e1_0.email,e1_0.full_name,e1_0.phone,e1_0.status,o1_0.order_date,o2_0.order_id,o2_0.product_id,p1_0.product_id,p1_0.description,p1_0.manufacturer_name,p1_0.name,p1_0.status,p1_0.unit,o2_0.note,o2_0.price,o2_0.quantity from orders o1_0 left join customer c1_0 on c1_0.cust_id=o1_0.cust_id join employee e1_0 on e1_0.emp_id=o1_0.employee_id left join order_detail o2_0 on o1_0.order_id=o2_0.order_id left join product p1_0 on p1_0.product_id=o2_0.product_id where o1_0.order_id=?
Hibernate: select l1_0.employee_id,l1_0.order_id,c1_0.cust_id,c1_0.address,c1_0.email,c1_0.cust_name,c1_0.phone,l1_0.order_date from orders l1_0 left join customer c1_0 on c1_0.cust_id=l1_0.cust_id where l1_0.employee_id=?
Hibernate: select p1_0.product_id,p1_0.description,p1_0.manufacturer_name,p1_0.name,p1_0.status,p1_0.unit,o1_0.product_id,o1_0.order_id,o2_0.order_id,c1_0.cust_id,c1_0.address,c1_0.email,c1_0.cust_name,c1_0.phone,o2_0.employee_id,e1_0.emp_id,e1_0.address,e1_0.dob,e1_0.email,e1_0.full_name,e1_0.phone,e1_0.status,o2_0.order_date,o1_0.note,o1_0.price,o1_0.quantity from product p1_0 left join order_detail o1_0 on p1_0.product_id=o1_0.product_id left join orders o2_0 on o2_0.order_id=o1_0.order_id left join customer c1_0 on c1_0.cust_id=o2_0.cust_id left join employee e1_0 on e1_0.emp_id=o2_0.employee_id where p1_0.product_id=?
Hibernate: select o1_0.order_id,o1_0.product_id,p1_0.product_id,p1_0.description,p1_0.manufacturer_name,p1_0.name,p1_0.status,p1_0.unit,o1_0.note,o1_0.price,o1_0.quantity from order_detail o1_0 join product p1_0 on p1_0.product_id=o1_0.product_id where o1_0.order_id=?
Hibernate: select l1_0.employee_id,l1_0.order_id,c1_0.cust_id,c1_0.address,c1_0.email,c1_0.cust_name,c1_0.phone,l1_0.order_date from orders l1_0 left join customer c1_0 on c1_0.cust_id=l1_0.cust_id where l1_0.employee_id=?
Hibernate: select p1_0.product_id,p1_0.price_date_time,p1_0.note,p1_0.price from product_price p1_0 where p1_0.product_id=?
Hibernate: select p1_0.product_id,p1_0.image_id,p1_0.alternative,p1_0.path from product_image p1_0 where p1_0.product_id=?
Hibernate: select o1_0.order_id,o1_0.product_id,p1_0.product_id,p1_0.description,p1_0.manufacturer_name,p1_0.name,p1_0.status,p1_0.unit,o1_0.note,o1_0.price,o1_0.quantity from order_detail o1_0 join product p1_0 on p1_0.product_id=o1_0.product_id where o1_0.order_id=?
Hibernate: select l1_0.employee_id,l1_0.order_id,c1_0.cust_id,c1_0.address,c1_0.email,c1_0.cust_name,c1_0.phone,l1_0.order_date from orders l1_0 left join customer c1_0 on c1_0.cust_id=l1_0.cust_id where l1_0.employee_id=?
Hibernate: insert into order_detail (note,price,quantity,order_id,product_id) values (?,?,?,?,?)
Hibernate: update orders set cust_id=?,employee_id=?,order_date=? where order_id=?
Hibernate: select p1_0.product_id,p1_0.description,p1_0.manufacturer_name,p1_0.name,p1_0.status,p1_0.unit from product p1_0 where p1_0.product_id=?
Hibernate: select o1_0.order_id,o2_0.order_id,c1_0.cust_id,c1_0.address,c1_0.email,c1_0.cust_name,c1_0.phone,o2_0.employee_id,e1_0.emp_id,e1_0.address,e1_0.dob,e1_0.email,e1_0.full_name,e1_0.phone,e1_0.status,o2_0.order_date,o1_0.product_id,p1_0.product_id,p1_0.description,p1_0.manufacturer_name,p1_0.name,p1_0.status,p1_0.unit,p2_0.product_id,p2_0.image_id,p2_0.alternative,p2_0.path,o1_0.note,o1_0.price,o1_0.quantity from order_detail o1_0 join orders o2_0 on o2_0.order_id=o1_0.order_id left join customer c1_0 on c1_0.cust_id=o2_0.cust_id left join employee e1_0 on e1_0.emp_id=o2_0.employee_id join product p1_0 on p1_0.product_id=o1_0.product_id left join product_image p2_0 on p1_0.product_id=p2_0.product_id where (o1_0.order_id,o1_0.product_id) in ((?,?))
Hibernate: select o1_0.order_id,c1_0.cust_id,c1_0.address,c1_0.email,c1_0.cust_name,c1_0.phone,o1_0.employee_id,e1_0.emp_id,e1_0.address,e1_0.dob,e1_0.email,e1_0.full_name,e1_0.phone,e1_0.status,o1_0.order_date,o2_0.order_id,o2_0.product_id,p1_0.product_id,p1_0.description,p1_0.manufacturer_name,p1_0.name,p1_0.status,p1_0.unit,o2_0.note,o2_0.price,o2_0.quantity from orders o1_0 left join customer c1_0 on c1_0.cust_id=o1_0.cust_id join employee e1_0 on e1_0.emp_id=o1_0.employee_id left join order_detail o2_0 on o1_0.order_id=o2_0.order_id left join product p1_0 on p1_0.product_id=o2_0.product_id where o1_0.order_id=?
Hibernate: select p1_0.product_id,p1_0.price_date_time,p1_0.note,p1_0.price from product_price p1_0 where p1_0.product_id=?
Hibernate: select p1_0.product_id,p1_0.image_id,p1_0.alternative,p1_0.path from product_image p1_0 where p1_0.product_id=?
Hibernate: select o1_0.product_id,o1_0.order_id,o2_0.order_id,c1_0.cust_id,c1_0.address,c1_0.email,c1_0.cust_name,c1_0.phone,o2_0.employee_id,e1_0.emp_id,e1_0.address,e1_0.dob,e1_0.email,e1_0.full_name,e1_0.phone,e1_0.status,o2_0.order_date,o1_0.note,o1_0.price,o1_0.quantity from order_detail o1_0 join orders o2_0 on o2_0.order_id=o1_0.order_id left join customer c1_0 on c1_0.cust_id=o2_0.cust_id left join employee e1_0 on e1_0.emp_id=o2_0.employee_id where o1_0.product_id=?
Hibernate: select l1_0.employee_id,l1_0.order_id,c1_0.cust_id,c1_0.address,c1_0.email,c1_0.cust_name,c1_0.phone,l1_0.order_date from orders l1_0 left join customer c1_0 on c1_0.cust_id=l1_0.cust_id where l1_0.employee_id=?
Hibernate: select p1_0.product_id,p1_0.description,p1_0.manufacturer_name,p1_0.name,p1_0.status,p1_0.unit,o1_0.product_id,o1_0.order_id,o2_0.order_id,c1_0.cust_id,c1_0.address,c1_0.email,c1_0.cust_name,c1_0.phone,o2_0.employee_id,e1_0.emp_id,e1_0.address,e1_0.dob,e1_0.email,e1_0.full_name,e1_0.phone,e1_0.status,o2_0.order_date,o1_0.note,o1_0.price,o1_0.quantity from product p1_0 left join order_detail o1_0 on p1_0.product_id=o1_0.product_id left join orders o2_0 on o2_0.order_id=o1_0.order_id left join customer c1_0 on c1_0.cust_id=o2_0.cust_id left join employee e1_0 on e1_0.emp_id=o2_0.employee_id where p1_0.product_id=?
Hibernate: select p1_0.product_id,p1_0.price_date_time,p1_0.note,p1_0.price from product_price p1_0 where p1_0.product_id=?
Hibernate: select p1_0.product_id,p1_0.image_id,p1_0.alternative,p1_0.path from product_image p1_0 where p1_0.product_id=?
Hibernate: insert into order_detail (note,price,quantity,order_id,product_id) values (?,?,?,?,?)
Hibernate: update orders set cust_id=?,employee_id=?,order_date=? where order_id=?
Hibernate: select p1_0.product_id,p1_0.description,p1_0.manufacturer_name,p1_0.name,p1_0.status,p1_0.unit from product p1_0 where p1_0.product_id=?
Hibernate: select o1_0.order_id,o2_0.order_id,c1_0.cust_id,c1_0.address,c1_0.email,c1_0.cust_name,c1_0.phone,o2_0.employee_id,e1_0.emp_id,e1_0.address,e1_0.dob,e1_0.email,e1_0.full_name,e1_0.phone,e1_0.status,o2_0.order_date,o1_0.product_id,p1_0.product_id,p1_0.description,p1_0.manufacturer_name,p1_0.name,p1_0.status,p1_0.unit,p2_0.product_id,p2_0.image_id,p2_0.alternative,p2_0.path,o1_0.note,o1_0.price,o1_0.quantity from order_detail o1_0 join orders o2_0 on o2_0.order_id=o1_0.order_id left join customer c1_0 on c1_0.cust_id=o2_0.cust_id left join employee e1_0 on e1_0.emp_id=o2_0.employee_id join product p1_0 on p1_0.product_id=o1_0.product_id left join product_image p2_0 on p1_0.product_id=p2_0.product_id where (o1_0.order_id,o1_0.product_id) in ((?,?))
Hibernate: select o1_0.order_id,c1_0.cust_id,c1_0.address,c1_0.email,c1_0.cust_name,c1_0.phone,o1_0.employee_id,e1_0.emp_id,e1_0.address,e1_0.dob,e1_0.email,e1_0.full_name,e1_0.phone,e1_0.status,o1_0.order_date,o2_0.order_id,o2_0.product_id,p1_0.product_id,p1_0.description,p1_0.manufacturer_name,p1_0.name,p1_0.status,p1_0.unit,o2_0.note,o2_0.price,o2_0.quantity from orders o1_0 left join customer c1_0 on c1_0.cust_id=o1_0.cust_id join employee e1_0 on e1_0.emp_id=o1_0.employee_id left join order_detail o2_0 on o1_0.order_id=o2_0.order_id left join product p1_0 on p1_0.product_id=o2_0.product_id where o1_0.order_id=?
Hibernate: select p1_0.product_id,p1_0.price_date_time,p1_0.note,p1_0.price from product_price p1_0 where p1_0.product_id=?
Hibernate: select p1_0.product_id,p1_0.image_id,p1_0.alternative,p1_0.path from product_image p1_0 where p1_0.product_id=?
Hibernate: select o1_0.product_id,o1_0.order_id,o2_0.order_id,c1_0.cust_id,c1_0.address,c1_0.email,c1_0.cust_name,c1_0.phone,o2_0.employee_id,e1_0.emp_id,e1_0.address,e1_0.dob,e1_0.email,e1_0.full_name,e1_0.phone,e1_0.status,o2_0.order_date,o1_0.note,o1_0.price,o1_0.quantity from order_detail o1_0 join orders o2_0 on o2_0.order_id=o1_0.order_id left join customer c1_0 on c1_0.cust_id=o2_0.cust_id left join employee e1_0 on e1_0.emp_id=o2_0.employee_id where o1_0.product_id=?
Hibernate: select p1_0.product_id,p1_0.price_date_time,p1_0.note,p1_0.price from product_price p1_0 where p1_0.product_id=?
Hibernate: select p1_0.product_id,p1_0.image_id,p1_0.alternative,p1_0.path from product_image p1_0 where p1_0.product_id=?
Hibernate: select o1_0.product_id,o1_0.order_id,o2_0.order_id,c1_0.cust_id,c1_0.address,c1_0.email,c1_0.cust_name,c1_0.phone,o2_0.employee_id,e1_0.emp_id,e1_0.address,e1_0.dob,e1_0.email,e1_0.full_name,e1_0.phone,e1_0.status,o2_0.order_date,o1_0.note,o1_0.price,o1_0.quantity from order_detail o1_0 join orders o2_0 on o2_0.order_id=o1_0.order_id left join customer c1_0 on c1_0.cust_id=o2_0.cust_id left join employee e1_0 on e1_0.emp_id=o2_0.employee_id where o1_0.product_id=?
Hibernate: select l1_0.employee_id,l1_0.order_id,c1_0.cust_id,c1_0.address,c1_0.email,c1_0.cust_name,c1_0.phone,l1_0.order_date from orders l1_0 left join customer c1_0 on c1_0.cust_id=l1_0.cust_id where l1_0.employee_id=?
Hibernate: select p1_0.product_id,p1_0.description,p1_0.manufacturer_name,p1_0.name,p1_0.status,p1_0.unit,o1_0.product_id,o1_0.order_id,o2_0.order_id,c1_0.cust_id,c1_0.address,c1_0.email,c1_0.cust_name,c1_0.phone,o2_0.employee_id,e1_0.emp_id,e1_0.address,e1_0.dob,e1_0.email,e1_0.full_name,e1_0.phone,e1_0.status,o2_0.order_date,o1_0.note,o1_0.price,o1_0.quantity from product p1_0 left join order_detail o1_0 on p1_0.product_id=o1_0.product_id left join orders o2_0 on o2_0.order_id=o1_0.order_id left join customer c1_0 on c1_0.cust_id=o2_0.cust_id left join employee e1_0 on e1_0.emp_id=o2_0.employee_id where p1_0.product_id=?
Hibernate: select o1_0.order_id,o1_0.product_id,p1_0.product_id,p1_0.description,p1_0.manufacturer_name,p1_0.name,p1_0.status,p1_0.unit,o1_0.note,o1_0.price,o1_0.quantity from order_detail o1_0 join product p1_0 on p1_0.product_id=o1_0.product_id where o1_0.order_id=?
Hibernate: select p1_0.product_id,p1_0.price_date_time,p1_0.note,p1_0.price from product_price p1_0 where p1_0.product_id=?
Hibernate: select p1_0.product_id,p1_0.image_id,p1_0.alternative,p1_0.path from product_image p1_0 where p1_0.product_id=?
Hibernate: select o1_0.order_id,o1_0.product_id,p1_0.product_id,p1_0.description,p1_0.manufacturer_name,p1_0.name,p1_0.status,p1_0.unit,o1_0.note,o1_0.price,o1_0.quantity from order_detail o1_0 join product p1_0 on p1_0.product_id=o1_0.product_id where o1_0.order_id=?
Hibernate: insert into order_detail (note,price,quantity,order_id,product_id) values (?,?,?,?,?)
Hibernate: update orders set cust_id=?,employee_id=?,order_date=? where order_id=?
Hibernate: select e1_0.emp_id,e1_0.address,e1_0.dob,e1_0.email,e1_0.full_name,e1_0.phone,e1_0.status from employee e1_0 where e1_0.emp_id=?
Hibernate: select c1_0.cust_id,c1_0.address,c1_0.email,c1_0.cust_name,c1_0.phone from customer c1_0 where c1_0.cust_id=?
Hibernate: select o1_0.order_id,c1_0.cust_id,c1_0.address,c1_0.email,c1_0.cust_name,c1_0.phone,o1_0.employee_id,e1_0.emp_id,e1_0.address,e1_0.dob,e1_0.email,e1_0.full_name,e1_0.phone,e1_0.status,o1_0.order_date,o2_0.order_id,o2_0.product_id,p1_0.product_id,p1_0.description,p1_0.manufacturer_name,p1_0.name,p1_0.status,p1_0.unit,o2_0.note,o2_0.price,o2_0.quantity from orders o1_0 left join customer c1_0 on c1_0.cust_id=o1_0.cust_id join employee e1_0 on e1_0.emp_id=o1_0.employee_id left join order_detail o2_0 on o1_0.order_id=o2_0.order_id left join product p1_0 on p1_0.product_id=o2_0.product_id where o1_0.order_id=?
Hibernate: select c1_0.cust_id,c1_0.address,c1_0.email,c1_0.cust_name,c1_0.phone from customer c1_0 where c1_0.cust_id=?
Hibernate: select e1_0.emp_id,e1_0.address,e1_0.dob,e1_0.email,e1_0.full_name,e1_0.phone,e1_0.status from employee e1_0 where e1_0.emp_id=?
Hibernate: insert into orders (cust_id,employee_id,order_date,order_id) values (?,?,?,default)
Hibernate: select p1_0.product_id,p1_0.description,p1_0.manufacturer_name,p1_0.name,p1_0.status,p1_0.unit from product p1_0 where p1_0.product_id=?
Hibernate: select o1_0.order_id,o2_0.order_id,c1_0.cust_id,c1_0.address,c1_0.email,c1_0.cust_name,c1_0.phone,o2_0.employee_id,e1_0.emp_id,e1_0.address,e1_0.dob,e1_0.email,e1_0.full_name,e1_0.phone,e1_0.status,o2_0.order_date,o1_0.product_id,p1_0.product_id,p1_0.description,p1_0.manufacturer_name,p1_0.name,p1_0.status,p1_0.unit,p2_0.product_id,p2_0.image_id,p2_0.alternative,p2_0.path,o1_0.note,o1_0.price,o1_0.quantity from order_detail o1_0 join orders o2_0 on o2_0.order_id=o1_0.order_id left join customer c1_0 on c1_0.cust_id=o2_0.cust_id left join employee e1_0 on e1_0.emp_id=o2_0.employee_id join product p1_0 on p1_0.product_id=o1_0.product_id left join product_image p2_0 on p1_0.product_id=p2_0.product_id where (o1_0.order_id,o1_0.product_id) in ((?,?))
Hibernate: select o1_0.order_id,c1_0.cust_id,c1_0.address,c1_0.email,c1_0.cust_name,c1_0.phone,o1_0.employee_id,e1_0.emp_id,e1_0.address,e1_0.dob,e1_0.email,e1_0.full_name,e1_0.phone,e1_0.status,o1_0.order_date,o2_0.order_id,o2_0.product_id,p1_0.product_id,p1_0.description,p1_0.manufacturer_name,p1_0.name,p1_0.status,p1_0.unit,o2_0.note,o2_0.price,o2_0.quantity from orders o1_0 left join customer c1_0 on c1_0.cust_id=o1_0.cust_id join employee e1_0 on e1_0.emp_id=o1_0.employee_id left join order_detail o2_0 on o1_0.order_id=o2_0.order_id left join product p1_0 on p1_0.product_id=o2_0.product_id where o1_0.order_id=?
Hibernate: select l1_0.employee_id,l1_0.order_id,c1_0.cust_id,c1_0.address,c1_0.email,c1_0.cust_name,c1_0.phone,l1_0.order_date from orders l1_0 left join customer c1_0 on c1_0.cust_id=l1_0.cust_id where l1_0.employee_id=?
Hibernate: select p1_0.product_id,p1_0.description,p1_0.manufacturer_name,p1_0.name,p1_0.status,p1_0.unit,o1_0.product_id,o1_0.order_id,o2_0.order_id,c1_0.cust_id,c1_0.address,c1_0.email,c1_0.cust_name,c1_0.phone,o2_0.employee_id,e1_0.emp_id,e1_0.address,e1_0.dob,e1_0.email,e1_0.full_name,e1_0.phone,e1_0.status,o2_0.order_date,o1_0.note,o1_0.price,o1_0.quantity from product p1_0 left join order_detail o1_0 on p1_0.product_id=o1_0.product_id left join orders o2_0 on o2_0.order_id=o1_0.order_id left join customer c1_0 on c1_0.cust_id=o2_0.cust_id left join employee e1_0 on e1_0.emp_id=o2_0.employee_id where p1_0.product_id=?
Hibernate: select p1_0.product_id,p1_0.price_date_time,p1_0.note,p1_0.price from product_price p1_0 where p1_0.product_id=?
Hibernate: select p1_0.product_id,p1_0.image_id,p1_0.alternative,p1_0.path from product_image p1_0 where p1_0.product_id=?
Hibernate: insert into order_detail (note,price,quantity,order_id,product_id) values (?,?,?,?,?)
Hibernate: update orders set cust_id=?,employee_id=?,order_date=? where order_id=?
Hibernate: select p1_0.product_id,p1_0.description,p1_0.manufacturer_name,p1_0.name,p1_0.status,p1_0.unit from product p1_0 where p1_0.product_id=?
Hibernate: select o1_0.order_id,o2_0.order_id,c1_0.cust_id,c1_0.address,c1_0.email,c1_0.cust_name,c1_0.phone,o2_0.employee_id,e1_0.emp_id,e1_0.address,e1_0.dob,e1_0.email,e1_0.full_name,e1_0.phone,e1_0.status,o2_0.order_date,o1_0.product_id,p1_0.product_id,p1_0.description,p1_0.manufacturer_name,p1_0.name,p1_0.status,p1_0.unit,p2_0.product_id,p2_0.image_id,p2_0.alternative,p2_0.path,o1_0.note,o1_0.price,o1_0.quantity from order_detail o1_0 join orders o2_0 on o2_0.order_id=o1_0.order_id left join customer c1_0 on c1_0.cust_id=o2_0.cust_id left join employee e1_0 on e1_0.emp_id=o2_0.employee_id join product p1_0 on p1_0.product_id=o1_0.product_id left join product_image p2_0 on p1_0.product_id=p2_0.product_id where (o1_0.order_id,o1_0.product_id) in ((?,?))
Hibernate: select o1_0.order_id,c1_0.cust_id,c1_0.address,c1_0.email,c1_0.cust_name,c1_0.phone,o1_0.employee_id,e1_0.emp_id,e1_0.address,e1_0.dob,e1_0.email,e1_0.full_name,e1_0.phone,e1_0.status,o1_0.order_date,o2_0.order_id,o2_0.product_id,p1_0.product_id,p1_0.description,p1_0.manufacturer_name,p1_0.name,p1_0.status,p1_0.unit,o2_0.note,o2_0.price,o2_0.quantity from orders o1_0 left join customer c1_0 on c1_0.cust_id=o1_0.cust_id join employee e1_0 on e1_0.emp_id=o1_0.employee_id left join order_detail o2_0 on o1_0.order_id=o2_0.order_id left join product p1_0 on p1_0.product_id=o2_0.product_id where o1_0.order_id=?
Hibernate: select p1_0.product_id,p1_0.price_date_time,p1_0.note,p1_0.price from product_price p1_0 where p1_0.product_id=?
Hibernate: select p1_0.product_id,p1_0.image_id,p1_0.alternative,p1_0.path from product_image p1_0 where p1_0.product_id=?
Hibernate: select o1_0.product_id,o1_0.order_id,o2_0.order_id,c1_0.cust_id,c1_0.address,c1_0.email,c1_0.cust_name,c1_0.phone,o2_0.employee_id,e1_0.emp_id,e1_0.address,e1_0.dob,e1_0.email,e1_0.full_name,e1_0.phone,e1_0.status,o2_0.order_date,o1_0.note,o1_0.price,o1_0.quantity from order_detail o1_0 join orders o2_0 on o2_0.order_id=o1_0.order_id left join customer c1_0 on c1_0.cust_id=o2_0.cust_id left join employee e1_0 on e1_0.emp_id=o2_0.employee_id where o1_0.product_id=?
Hibernate: select l1_0.employee_id,l1_0.order_id,c1_0.cust_id,c1_0.address,c1_0.email,c1_0.cust_name,c1_0.phone,l1_0.order_date from orders l1_0 left join customer c1_0 on c1_0.cust_id=l1_0.cust_id where l1_0.employee_id=?
Hibernate: select p1_0.product_id,p1_0.description,p1_0.manufacturer_name,p1_0.name,p1_0.status,p1_0.unit,o1_0.product_id,o1_0.order_id,o2_0.order_id,c1_0.cust_id,c1_0.address,c1_0.email,c1_0.cust_name,c1_0.phone,o2_0.employee_id,e1_0.emp_id,e1_0.address,e1_0.dob,e1_0.email,e1_0.full_name,e1_0.phone,e1_0.status,o2_0.order_date,o1_0.note,o1_0.price,o1_0.quantity from product p1_0 left join order_detail o1_0 on p1_0.product_id=o1_0.product_id left join orders o2_0 on o2_0.order_id=o1_0.order_id left join customer c1_0 on c1_0.cust_id=o2_0.cust_id left join employee e1_0 on e1_0.emp_id=o2_0.employee_id where p1_0.product_id=?
Hibernate: select p1_0.product_id,p1_0.price_date_time,p1_0.note,p1_0.price from product_price p1_0 where p1_0.product_id=?
Hibernate: select p1_0.product_id,p1_0.image_id,p1_0.alternative,p1_0.path from product_image p1_0 where p1_0.product_id=?
Hibernate: select o1_0.order_id,o1_0.product_id,p1_0.product_id,p1_0.description,p1_0.manufacturer_name,p1_0.name,p1_0.status,p1_0.unit,o1_0.note,o1_0.price,o1_0.quantity from order_detail o1_0 join product p1_0 on p1_0.product_id=o1_0.product_id where o1_0.order_id=?
Hibernate: select l1_0.employee_id,l1_0.order_id,c1_0.cust_id,c1_0.address,c1_0.email,c1_0.cust_name,c1_0.phone,l1_0.order_date from orders l1_0 left join customer c1_0 on c1_0.cust_id=l1_0.cust_id where l1_0.employee_id=?
Hibernate: insert into order_detail (note,price,quantity,order_id,product_id) values (?,?,?,?,?)
Hibernate: update orders set cust_id=?,employee_id=?,order_date=? where order_id=?
Hibernate: select p1_0.product_id,p1_0.description,p1_0.manufacturer_name,p1_0.name,p1_0.status,p1_0.unit from product p1_0 where p1_0.product_id=?
Hibernate: select o1_0.order_id,o2_0.order_id,c1_0.cust_id,c1_0.address,c1_0.email,c1_0.cust_name,c1_0.phone,o2_0.employee_id,e1_0.emp_id,e1_0.address,e1_0.dob,e1_0.email,e1_0.full_name,e1_0.phone,e1_0.status,o2_0.order_date,o1_0.product_id,p1_0.product_id,p1_0.description,p1_0.manufacturer_name,p1_0.name,p1_0.status,p1_0.unit,p2_0.product_id,p2_0.image_id,p2_0.alternative,p2_0.path,o1_0.note,o1_0.price,o1_0.quantity from order_detail o1_0 join orders o2_0 on o2_0.order_id=o1_0.order_id left join customer c1_0 on c1_0.cust_id=o2_0.cust_id left join employee e1_0 on e1_0.emp_id=o2_0.employee_id join product p1_0 on p1_0.product_id=o1_0.product_id left join product_image p2_0 on p1_0.product_id=p2_0.product_id where (o1_0.order_id,o1_0.product_id) in ((?,?))
Hibernate: select o1_0.order_id,c1_0.cust_id,c1_0.address,c1_0.email,c1_0.cust_name,c1_0.phone,o1_0.employee_id,e1_0.emp_id,e1_0.address,e1_0.dob,e1_0.email,e1_0.full_name,e1_0.phone,e1_0.status,o1_0.order_date,o2_0.order_id,o2_0.product_id,p1_0.product_id,p1_0.description,p1_0.manufacturer_name,p1_0.name,p1_0.status,p1_0.unit,o2_0.note,o2_0.price,o2_0.quantity from orders o1_0 left join customer c1_0 on c1_0.cust_id=o1_0.cust_id join employee e1_0 on e1_0.emp_id=o1_0.employee_id left join order_detail o2_0 on o1_0.order_id=o2_0.order_id left join product p1_0 on p1_0.product_id=o2_0.product_id where o1_0.order_id=?
Hibernate: select p1_0.product_id,p1_0.price_date_time,p1_0.note,p1_0.price from product_price p1_0 where p1_0.product_id=?
Hibernate: select p1_0.product_id,p1_0.image_id,p1_0.alternative,p1_0.path from product_image p1_0 where p1_0.product_id=?
Hibernate: select o1_0.product_id,o1_0.order_id,o2_0.order_id,c1_0.cust_id,c1_0.address,c1_0.email,c1_0.cust_name,c1_0.phone,o2_0.employee_id,e1_0.emp_id,e1_0.address,e1_0.dob,e1_0.email,e1_0.full_name,e1_0.phone,e1_0.status,o2_0.order_date,o1_0.note,o1_0.price,o1_0.quantity from order_detail o1_0 join orders o2_0 on o2_0.order_id=o1_0.order_id left join customer c1_0 on c1_0.cust_id=o2_0.cust_id left join employee e1_0 on e1_0.emp_id=o2_0.employee_id where o1_0.product_id=?
Hibernate: select p1_0.product_id,p1_0.price_date_time,p1_0.note,p1_0.price from product_price p1_0 where p1_0.product_id=?
Hibernate: select p1_0.product_id,p1_0.image_id,p1_0.alternative,p1_0.path from product_image p1_0 where p1_0.product_id=?
Hibernate: select o1_0.product_id,o1_0.order_id,o2_0.order_id,c1_0.cust_id,c1_0.address,c1_0.email,c1_0.cust_name,c1_0.phone,o2_0.employee_id,e1_0.emp_id,e1_0.address,e1_0.dob,e1_0.email,e1_0.full_name,e1_0.phone,e1_0.status,o2_0.order_date,o1_0.note,o1_0.price,o1_0.quantity from order_detail o1_0 join orders o2_0 on o2_0.order_id=o1_0.order_id left join customer c1_0 on c1_0.cust_id=o2_0.cust_id left join employee e1_0 on e1_0.emp_id=o2_0.employee_id where o1_0.product_id=?
Hibernate: select l1_0.employee_id,l1_0.order_id,c1_0.cust_id,c1_0.address,c1_0.email,c1_0.cust_name,c1_0.phone,l1_0.order_date from orders l1_0 left join customer c1_0 on c1_0.cust_id=l1_0.cust_id where l1_0.employee_id=?
Hibernate: select p1_0.product_id,p1_0.description,p1_0.manufacturer_name,p1_0.name,p1_0.status,p1_0.unit,o1_0.product_id,o1_0.order_id,o2_0.order_id,c1_0.cust_id,c1_0.address,c1_0.email,c1_0.cust_name,c1_0.phone,o2_0.employee_id,e1_0.emp_id,e1_0.address,e1_0.dob,e1_0.email,e1_0.full_name,e1_0.phone,e1_0.status,o2_0.order_date,o1_0.note,o1_0.price,o1_0.quantity from product p1_0 left join order_detail o1_0 on p1_0.product_id=o1_0.product_id left join orders o2_0 on o2_0.order_id=o1_0.order_id left join customer c1_0 on c1_0.cust_id=o2_0.cust_id left join employee e1_0 on e1_0.emp_id=o2_0.employee_id where p1_0.product_id=?
Hibernate: select p1_0.product_id,p1_0.price_date_time,p1_0.note,p1_0.price from product_price p1_0 where p1_0.product_id=?
Hibernate: select p1_0.product_id,p1_0.image_id,p1_0.alternative,p1_0.path from product_image p1_0 where p1_0.product_id=?
Hibernate: insert into order_detail (note,price,quantity,order_id,product_id) values (?,?,?,?,?)
Hibernate: update orders set cust_id=?,employee_id=?,order_date=? where order_id=?
Hibernate: select e1_0.emp_id,e1_0.address,e1_0.dob,e1_0.email,e1_0.full_name,e1_0.phone,e1_0.status from employee e1_0 where e1_0.emp_id=?
Hibernate: select c1_0.cust_id,c1_0.address,c1_0.email,c1_0.cust_name,c1_0.phone from customer c1_0 where c1_0.cust_id=?
Hibernate: select o1_0.order_id,c1_0.cust_id,c1_0.address,c1_0.email,c1_0.cust_name,c1_0.phone,o1_0.employee_id,e1_0.emp_id,e1_0.address,e1_0.dob,e1_0.email,e1_0.full_name,e1_0.phone,e1_0.status,o1_0.order_date,o2_0.order_id,o2_0.product_id,p1_0.product_id,p1_0.description,p1_0.manufacturer_name,p1_0.name,p1_0.status,p1_0.unit,o2_0.note,o2_0.price,o2_0.quantity from orders o1_0 left join customer c1_0 on c1_0.cust_id=o1_0.cust_id join employee e1_0 on e1_0.emp_id=o1_0.employee_id left join order_detail o2_0 on o1_0.order_id=o2_0.order_id left join product p1_0 on p1_0.product_id=o2_0.product_id where o1_0.order_id=?
Hibernate: select c1_0.cust_id,c1_0.address,c1_0.email,c1_0.cust_name,c1_0.phone from customer c1_0 where c1_0.cust_id=?
Hibernate: select e1_0.emp_id,e1_0.address,e1_0.dob,e1_0.email,e1_0.full_name,e1_0.phone,e1_0.status from employee e1_0 where e1_0.emp_id=?
Hibernate: insert into orders (cust_id,employee_id,order_date,order_id) values (?,?,?,default)
Hibernate: select p1_0.product_id,p1_0.description,p1_0.manufacturer_name,p1_0.name,p1_0.status,p1_0.unit from product p1_0 where p1_0.product_id=?
Hibernate: select o1_0.order_id,o2_0.order_id,c1_0.cust_id,c1_0.address,c1_0.email,c1_0.cust_name,c1_0.phone,o2_0.employee_id,e1_0.emp_id,e1_0.address,e1_0.dob,e1_0.email,e1_0.full_name,e1_0.phone,e1_0.status,o2_0.order_date,o1_0.product_id,p1_0.product_id,p1_0.description,p1_0.manufacturer_name,p1_0.name,p1_0.status,p1_0.unit,p2_0.product_id,p2_0.image_id,p2_0.alternative,p2_0.path,o1_0.note,o1_0.price,o1_0.quantity from order_detail o1_0 join orders o2_0 on o2_0.order_id=o1_0.order_id left join customer c1_0 on c1_0.cust_id=o2_0.cust_id left join employee e1_0 on e1_0.emp_id=o2_0.employee_id join product p1_0 on p1_0.product_id=o1_0.product_id left join product_image p2_0 on p1_0.product_id=p2_0.product_id where (o1_0.order_id,o1_0.product_id) in ((?,?))
Hibernate: select o1_0.order_id,c1_0.cust_id,c1_0.address,c1_0.email,c1_0.cust_name,c1_0.phone,o1_0.employee_id,e1_0.emp_id,e1_0.address,e1_0.dob,e1_0.email,e1_0.full_name,e1_0.phone,e1_0.status,o1_0.order_date,o2_0.order_id,o2_0.product_id,p1_0.product_id,p1_0.description,p1_0.manufacturer_name,p1_0.name,p1_0.status,p1_0.unit,o2_0.note,o2_0.price,o2_0.quantity from orders o1_0 left join customer c1_0 on c1_0.cust_id=o1_0.cust_id join employee e1_0 on e1_0.emp_id=o1_0.employee_id left join order_detail o2_0 on o1_0.order_id=o2_0.order_id left join product p1_0 on p1_0.product_id=o2_0.product_id where o1_0.order_id=?
Hibernate: select l1_0.employee_id,l1_0.order_id,c1_0.cust_id,c1_0.address,c1_0.email,c1_0.cust_name,c1_0.phone,l1_0.order_date from orders l1_0 left join customer c1_0 on c1_0.cust_id=l1_0.cust_id where l1_0.employee_id=?
Hibernate: select p1_0.product_id,p1_0.description,p1_0.manufacturer_name,p1_0.name,p1_0.status,p1_0.unit,o1_0.product_id,o1_0.order_id,o2_0.order_id,c1_0.cust_id,c1_0.address,c1_0.email,c1_0.cust_name,c1_0.phone,o2_0.employee_id,e1_0.emp_id,e1_0.address,e1_0.dob,e1_0.email,e1_0.full_name,e1_0.phone,e1_0.status,o2_0.order_date,o1_0.note,o1_0.price,o1_0.quantity from product p1_0 left join order_detail o1_0 on p1_0.product_id=o1_0.product_id left join orders o2_0 on o2_0.order_id=o1_0.order_id left join customer c1_0 on c1_0.cust_id=o2_0.cust_id left join employee e1_0 on e1_0.emp_id=o2_0.employee_id where p1_0.product_id=?
Hibernate: select p1_0.product_id,p1_0.price_date_time,p1_0.note,p1_0.price from product_price p1_0 where p1_0.product_id=?
Hibernate: select p1_0.product_id,p1_0.image_id,p1_0.alternative,p1_0.path from product_image p1_0 where p1_0.product_id=?
Hibernate: insert into order_detail (note,price,quantity,order_id,product_id) values (?,?,?,?,?)
Hibernate: update orders set cust_id=?,employee_id=?,order_date=? where order_id=?
Hibernate: select p1_0.product_id,p1_0.description,p1_0.manufacturer_name,p1_0.name,p1_0.status,p1_0.unit from product p1_0 where p1_0.product_id=?
Hibernate: select o1_0.order_id,o2_0.order_id,c1_0.cust_id,c1_0.address,c1_0.email,c1_0.cust_name,c1_0.phone,o2_0.employee_id,e1_0.emp_id,e1_0.address,e1_0.dob,e1_0.email,e1_0.full_name,e1_0.phone,e1_0.status,o2_0.order_date,o1_0.product_id,p1_0.product_id,p1_0.description,p1_0.manufacturer_name,p1_0.name,p1_0.status,p1_0.unit,p2_0.product_id,p2_0.image_id,p2_0.alternative,p2_0.path,o1_0.note,o1_0.price,o1_0.quantity from order_detail o1_0 join orders o2_0 on o2_0.order_id=o1_0.order_id left join customer c1_0 on c1_0.cust_id=o2_0.cust_id left join employee e1_0 on e1_0.emp_id=o2_0.employee_id join product p1_0 on p1_0.product_id=o1_0.product_id left join product_image p2_0 on p1_0.product_id=p2_0.product_id where (o1_0.order_id,o1_0.product_id) in ((?,?))
Hibernate: select o1_0.order_id,c1_0.cust_id,c1_0.address,c1_0.email,c1_0.cust_name,c1_0.phone,o1_0.employee_id,e1_0.emp_id,e1_0.address,e1_0.dob,e1_0.email,e1_0.full_name,e1_0.phone,e1_0.status,o1_0.order_date,o2_0.order_id,o2_0.product_id,p1_0.product_id,p1_0.description,p1_0.manufacturer_name,p1_0.name,p1_0.status,p1_0.unit,o2_0.note,o2_0.price,o2_0.quantity from orders o1_0 left join customer c1_0 on c1_0.cust_id=o1_0.cust_id join employee e1_0 on e1_0.emp_id=o1_0.employee_id left join order_detail o2_0 on o1_0.order_id=o2_0.order_id left join product p1_0 on p1_0.product_id=o2_0.product_id where o1_0.order_id=?
Hibernate: select p1_0.product_id,p1_0.price_date_time,p1_0.note,p1_0.price from product_price p1_0 where p1_0.product_id=?
Hibernate: select p1_0.product_id,p1_0.image_id,p1_0.alternative,p1_0.path from product_image p1_0 where p1_0.product_id=?
Hibernate: select o1_0.product_id,o1_0.order_id,o2_0.order_id,c1_0.cust_id,c1_0.address,c1_0.email,c1_0.cust_name,c1_0.phone,o2_0.employee_id,e1_0.emp_id,e1_0.address,e1_0.dob,e1_0.email,e1_0.full_name,e1_0.phone,e1_0.status,o2_0.order_date,o1_0.note,o1_0.price,o1_0.quantity from order_detail o1_0 join orders o2_0 on o2_0.order_id=o1_0.order_id left join customer c1_0 on c1_0.cust_id=o2_0.cust_id left join employee e1_0 on e1_0.emp_id=o2_0.employee_id where o1_0.product_id=?
Hibernate: select l1_0.employee_id,l1_0.order_id,c1_0.cust_id,c1_0.address,c1_0.email,c1_0.cust_name,c1_0.phone,l1_0.order_date from orders l1_0 left join customer c1_0 on c1_0.cust_id=l1_0.cust_id where l1_0.employee_id=?
Hibernate: select p1_0.product_id,p1_0.description,p1_0.manufacturer_name,p1_0.name,p1_0.status,p1_0.unit,o1_0.product_id,o1_0.order_id,o2_0.order_id,c1_0.cust_id,c1_0.address,c1_0.email,c1_0.cust_name,c1_0.phone,o2_0.employee_id,e1_0.emp_id,e1_0.address,e1_0.dob,e1_0.email,e1_0.full_name,e1_0.phone,e1_0.status,o2_0.order_date,o1_0.note,o1_0.price,o1_0.quantity from product p1_0 left join order_detail o1_0 on p1_0.product_id=o1_0.product_id left join orders o2_0 on o2_0.order_id=o1_0.order_id left join customer c1_0 on c1_0.cust_id=o2_0.cust_id left join employee e1_0 on e1_0.emp_id=o2_0.employee_id where p1_0.product_id=?
Hibernate: select p1_0.product_id,p1_0.price_date_time,p1_0.note,p1_0.price from product_price p1_0 where p1_0.product_id=?
Hibernate: select p1_0.product_id,p1_0.image_id,p1_0.alternative,p1_0.path from product_image p1_0 where p1_0.product_id=?
Hibernate: insert into order_detail (note,price,quantity,order_id,product_id) values (?,?,?,?,?)
Hibernate: update orders set cust_id=?,employee_id=?,order_date=? where order_id=?
Hibernate: select p1_0.product_id,p1_0.description,p1_0.manufacturer_name,p1_0.name,p1_0.status,p1_0.unit from product p1_0 where p1_0.product_id=?
Hibernate: select o1_0.order_id,o2_0.order_id,c1_0.cust_id,c1_0.address,c1_0.email,c1_0.cust_name,c1_0.phone,o2_0.employee_id,e1_0.emp_id,e1_0.address,e1_0.dob,e1_0.email,e1_0.full_name,e1_0.phone,e1_0.status,o2_0.order_date,o1_0.product_id,p1_0.product_id,p1_0.description,p1_0.manufacturer_name,p1_0.name,p1_0.status,p1_0.unit,p2_0.product_id,p2_0.image_id,p2_0.alternative,p2_0.path,o1_0.note,o1_0.price,o1_0.quantity from order_detail o1_0 join orders o2_0 on o2_0.order_id=o1_0.order_id left join customer c1_0 on c1_0.cust_id=o2_0.cust_id left join employee e1_0 on e1_0.emp_id=o2_0.employee_id join product p1_0 on p1_0.product_id=o1_0.product_id left join product_image p2_0 on p1_0.product_id=p2_0.product_id where (o1_0.order_id,o1_0.product_id) in ((?,?))
Hibernate: select o1_0.order_id,c1_0.cust_id,c1_0.address,c1_0.email,c1_0.cust_name,c1_0.phone,o1_0.employee_id,e1_0.emp_id,e1_0.address,e1_0.dob,e1_0.email,e1_0.full_name,e1_0.phone,e1_0.status,o1_0.order_date,o2_0.order_id,o2_0.product_id,p1_0.product_id,p1_0.description,p1_0.manufacturer_name,p1_0.name,p1_0.status,p1_0.unit,o2_0.note,o2_0.price,o2_0.quantity from orders o1_0 left join customer c1_0 on c1_0.cust_id=o1_0.cust_id join employee e1_0 on e1_0.emp_id=o1_0.employee_id left join order_detail o2_0 on o1_0.order_id=o2_0.order_id left join product p1_0 on p1_0.product_id=o2_0.product_id where o1_0.order_id=?
Hibernate: select p1_0.product_id,p1_0.price_date_time,p1_0.note,p1_0.price from product_price p1_0 where p1_0.product_id=?
Hibernate: select p1_0.product_id,p1_0.image_id,p1_0.alternative,p1_0.path from product_image p1_0 where p1_0.product_id=?
Hibernate: select o1_0.product_id,o1_0.order_id,o2_0.order_id,c1_0.cust_id,c1_0.address,c1_0.email,c1_0.cust_name,c1_0.phone,o2_0.employee_id,e1_0.emp_id,e1_0.address,e1_0.dob,e1_0.email,e1_0.full_name,e1_0.phone,e1_0.status,o2_0.order_date,o1_0.note,o1_0.price,o1_0.quantity from order_detail o1_0 join orders o2_0 on o2_0.order_id=o1_0.order_id left join customer c1_0 on c1_0.cust_id=o2_0.cust_id left join employee e1_0 on e1_0.emp_id=o2_0.employee_id where o1_0.product_id=?
Hibernate: select p1_0.product_id,p1_0.price_date_time,p1_0.note,p1_0.price from product_price p1_0 where p1_0.product_id=?
Hibernate: select p1_0.product_id,p1_0.image_id,p1_0.alternative,p1_0.path from product_image p1_0 where p1_0.product_id=?
Hibernate: select o1_0.product_id,o1_0.order_id,o2_0.order_id,c1_0.cust_id,c1_0.address,c1_0.email,c1_0.cust_name,c1_0.phone,o2_0.employee_id,e1_0.emp_id,e1_0.address,e1_0.dob,e1_0.email,e1_0.full_name,e1_0.phone,e1_0.status,o2_0.order_date,o1_0.note,o1_0.price,o1_0.quantity from order_detail o1_0 join orders o2_0 on o2_0.order_id=o1_0.order_id left join customer c1_0 on c1_0.cust_id=o2_0.cust_id left join employee e1_0 on e1_0.emp_id=o2_0.employee_id where o1_0.product_id=?
Hibernate: select l1_0.employee_id,l1_0.order_id,c1_0.cust_id,c1_0.address,c1_0.email,c1_0.cust_name,c1_0.phone,l1_0.order_date from orders l1_0 left join customer c1_0 on c1_0.cust_id=l1_0.cust_id where l1_0.employee_id=?
Hibernate: select p1_0.product_id,p1_0.description,p1_0.manufacturer_name,p1_0.name,p1_0.status,p1_0.unit,o1_0.product_id,o1_0.order_id,o2_0.order_id,c1_0.cust_id,c1_0.address,c1_0.email,c1_0.cust_name,c1_0.phone,o2_0.employee_id,e1_0.emp_id,e1_0.address,e1_0.dob,e1_0.email,e1_0.full_name,e1_0.phone,e1_0.status,o2_0.order_date,o1_0.note,o1_0.price,o1_0.quantity from product p1_0 left join order_detail o1_0 on p1_0.product_id=o1_0.product_id left join orders o2_0 on o2_0.order_id=o1_0.order_id left join customer c1_0 on c1_0.cust_id=o2_0.cust_id left join employee e1_0 on e1_0.emp_id=o2_0.employee_id where p1_0.product_id=?
Hibernate: select p1_0.product_id,p1_0.price_date_time,p1_0.note,p1_0.price from product_price p1_0 where p1_0.product_id=?
Hibernate: select p1_0.product_id,p1_0.image_id,p1_0.alternative,p1_0.path from product_image p1_0 where p1_0.product_id=?
Hibernate: insert into order_detail (note,price,quantity,order_id,product_id) values (?,?,?,?,?)
Hibernate: update orders set cust_id=?,employee_id=?,order_date=? where order_id=?
Hibernate: select e1_0.emp_id,e1_0.address,e1_0.dob,e1_0.email,e1_0.full_name,e1_0.phone,e1_0.status from employee e1_0 where e1_0.emp_id=?
Hibernate: select c1_0.cust_id,c1_0.address,c1_0.email,c1_0.cust_name,c1_0.phone from customer c1_0 where c1_0.cust_id=?
Hibernate: select o1_0.order_id,c1_0.cust_id,c1_0.address,c1_0.email,c1_0.cust_name,c1_0.phone,o1_0.employee_id,e1_0.emp_id,e1_0.address,e1_0.dob,e1_0.email,e1_0.full_name,e1_0.phone,e1_0.status,o1_0.order_date,o2_0.order_id,o2_0.product_id,p1_0.product_id,p1_0.description,p1_0.manufacturer_name,p1_0.name,p1_0.status,p1_0.unit,o2_0.note,o2_0.price,o2_0.quantity from orders o1_0 left join customer c1_0 on c1_0.cust_id=o1_0.cust_id join employee e1_0 on e1_0.emp_id=o1_0.employee_id left join order_detail o2_0 on o1_0.order_id=o2_0.order_id left join product p1_0 on p1_0.product_id=o2_0.product_id where o1_0.order_id=?
Hibernate: select c1_0.cust_id,c1_0.address,c1_0.email,c1_0.cust_name,c1_0.phone from customer c1_0 where c1_0.cust_id=?
Hibernate: select e1_0.emp_id,e1_0.address,e1_0.dob,e1_0.email,e1_0.full_name,e1_0.phone,e1_0.status from employee e1_0 where e1_0.emp_id=?
Hibernate: insert into orders (cust_id,employee_id,order_date,order_id) values (?,?,?,default)
Hibernate: select p1_0.product_id,p1_0.description,p1_0.manufacturer_name,p1_0.name,p1_0.status,p1_0.unit from product p1_0 where p1_0.product_id=?
Hibernate: select o1_0.order_id,o2_0.order_id,c1_0.cust_id,c1_0.address,c1_0.email,c1_0.cust_name,c1_0.phone,o2_0.employee_id,e1_0.emp_id,e1_0.address,e1_0.dob,e1_0.email,e1_0.full_name,e1_0.phone,e1_0.status,o2_0.order_date,o1_0.product_id,p1_0.product_id,p1_0.description,p1_0.manufacturer_name,p1_0.name,p1_0.status,p1_0.unit,p2_0.product_id,p2_0.image_id,p2_0.alternative,p2_0.path,o1_0.note,o1_0.price,o1_0.quantity from order_detail o1_0 join orders o2_0 on o2_0.order_id=o1_0.order_id left join customer c1_0 on c1_0.cust_id=o2_0.cust_id left join employee e1_0 on e1_0.emp_id=o2_0.employee_id join product p1_0 on p1_0.product_id=o1_0.product_id left join product_image p2_0 on p1_0.product_id=p2_0.product_id where (o1_0.order_id,o1_0.product_id) in ((?,?))
Hibernate: select o1_0.order_id,c1_0.cust_id,c1_0.address,c1_0.email,c1_0.cust_name,c1_0.phone,o1_0.employee_id,e1_0.emp_id,e1_0.address,e1_0.dob,e1_0.email,e1_0.full_name,e1_0.phone,e1_0.status,o1_0.order_date,o2_0.order_id,o2_0.product_id,p1_0.product_id,p1_0.description,p1_0.manufacturer_name,p1_0.name,p1_0.status,p1_0.unit,o2_0.note,o2_0.price,o2_0.quantity from orders o1_0 left join customer c1_0 on c1_0.cust_id=o1_0.cust_id join employee e1_0 on e1_0.emp_id=o1_0.employee_id left join order_detail o2_0 on o1_0.order_id=o2_0.order_id left join product p1_0 on p1_0.product_id=o2_0.product_id where o1_0.order_id=?
Hibernate: select l1_0.employee_id,l1_0.order_id,c1_0.cust_id,c1_0.address,c1_0.email,c1_0.cust_name,c1_0.phone,l1_0.order_date from orders l1_0 left join customer c1_0 on c1_0.cust_id=l1_0.cust_id where l1_0.employee_id=?
Hibernate: select p1_0.product_id,p1_0.description,p1_0.manufacturer_name,p1_0.name,p1_0.status,p1_0.unit,o1_0.product_id,o1_0.order_id,o2_0.order_id,c1_0.cust_id,c1_0.address,c1_0.email,c1_0.cust_name,c1_0.phone,o2_0.employee_id,e1_0.emp_id,e1_0.address,e1_0.dob,e1_0.email,e1_0.full_name,e1_0.phone,e1_0.status,o2_0.order_date,o1_0.note,o1_0.price,o1_0.quantity from product p1_0 left join order_detail o1_0 on p1_0.product_id=o1_0.product_id left join orders o2_0 on o2_0.order_id=o1_0.order_id left join customer c1_0 on c1_0.cust_id=o2_0.cust_id left join employee e1_0 on e1_0.emp_id=o2_0.employee_id where p1_0.product_id=?
Hibernate: select p1_0.product_id,p1_0.price_date_time,p1_0.note,p1_0.price from product_price p1_0 where p1_0.product_id=?
Hibernate: select p1_0.product_id,p1_0.image_id,p1_0.alternative,p1_0.path from product_image p1_0 where p1_0.product_id=?
Hibernate: select o1_0.order_id,o1_0.product_id,p1_0.product_id,p1_0.description,p1_0.manufacturer_name,p1_0.name,p1_0.status,p1_0.unit,o1_0.note,o1_0.price,o1_0.quantity from order_detail o1_0 join product p1_0 on p1_0.product_id=o1_0.product_id where o1_0.order_id=?
Hibernate: select l1_0.employee_id,l1_0.order_id,c1_0.cust_id,c1_0.address,c1_0.email,c1_0.cust_name,c1_0.phone,l1_0.order_date from orders l1_0 left join customer c1_0 on c1_0.cust_id=l1_0.cust_id where l1_0.employee_id=?
Hibernate: insert into order_detail (note,price,quantity,order_id,product_id) values (?,?,?,?,?)
Hibernate: update orders set cust_id=?,employee_id=?,order_date=? where order_id=?
Hibernate: select p1_0.product_id,p1_0.description,p1_0.manufacturer_name,p1_0.name,p1_0.status,p1_0.unit from product p1_0 where p1_0.product_id=?
Hibernate: select o1_0.order_id,o2_0.order_id,c1_0.cust_id,c1_0.address,c1_0.email,c1_0.cust_name,c1_0.phone,o2_0.employee_id,e1_0.emp_id,e1_0.address,e1_0.dob,e1_0.email,e1_0.full_name,e1_0.phone,e1_0.status,o2_0.order_date,o1_0.product_id,p1_0.product_id,p1_0.description,p1_0.manufacturer_name,p1_0.name,p1_0.status,p1_0.unit,p2_0.product_id,p2_0.image_id,p2_0.alternative,p2_0.path,o1_0.note,o1_0.price,o1_0.quantity from order_detail o1_0 join orders o2_0 on o2_0.order_id=o1_0.order_id left join customer c1_0 on c1_0.cust_id=o2_0.cust_id left join employee e1_0 on e1_0.emp_id=o2_0.employee_id join product p1_0 on p1_0.product_id=o1_0.product_id left join product_image p2_0 on p1_0.product_id=p2_0.product_id where (o1_0.order_id,o1_0.product_id) in ((?,?))
Hibernate: select o1_0.order_id,c1_0.cust_id,c1_0.address,c1_0.email,c1_0.cust_name,c1_0.phone,o1_0.employee_id,e1_0.emp_id,e1_0.address,e1_0.dob,e1_0.email,e1_0.full_name,e1_0.phone,e1_0.status,o1_0.order_date,o2_0.order_id,o2_0.product_id,p1_0.product_id,p1_0.description,p1_0.manufacturer_name,p1_0.name,p1_0.status,p1_0.unit,o2_0.note,o2_0.price,o2_0.quantity from orders o1_0 left join customer c1_0 on c1_0.cust_id=o1_0.cust_id join employee e1_0 on e1_0.emp_id=o1_0.employee_id left join order_detail o2_0 on o1_0.order_id=o2_0.order_id left join product p1_0 on p1_0.product_id=o2_0.product_id where o1_0.order_id=?
Hibernate: select p1_0.product_id,p1_0.price_date_time,p1_0.note,p1_0.price from product_price p1_0 where p1_0.product_id=?
Hibernate: select p1_0.product_id,p1_0.image_id,p1_0.alternative,p1_0.path from product_image p1_0 where p1_0.product_id=?
Hibernate: select o1_0.product_id,o1_0.order_id,o2_0.order_id,c1_0.cust_id,c1_0.address,c1_0.email,c1_0.cust_name,c1_0.phone,o2_0.employee_id,e1_0.emp_id,e1_0.address,e1_0.dob,e1_0.email,e1_0.full_name,e1_0.phone,e1_0.status,o2_0.order_date,o1_0.note,o1_0.price,o1_0.quantity from order_detail o1_0 join orders o2_0 on o2_0.order_id=o1_0.order_id left join customer c1_0 on c1_0.cust_id=o2_0.cust_id left join employee e1_0 on e1_0.emp_id=o2_0.employee_id where o1_0.product_id=?
Hibernate: select l1_0.employee_id,l1_0.order_id,c1_0.cust_id,c1_0.address,c1_0.email,c1_0.cust_name,c1_0.phone,l1_0.order_date from orders l1_0 left join customer c1_0 on c1_0.cust_id=l1_0.cust_id where l1_0.employee_id=?
Hibernate: select p1_0.product_id,p1_0.description,p1_0.manufacturer_name,p1_0.name,p1_0.status,p1_0.unit,o1_0.product_id,o1_0.order_id,o2_0.order_id,c1_0.cust_id,c1_0.address,c1_0.email,c1_0.cust_name,c1_0.phone,o2_0.employee_id,e1_0.emp_id,e1_0.address,e1_0.dob,e1_0.email,e1_0.full_name,e1_0.phone,e1_0.status,o2_0.order_date,o1_0.note,o1_0.price,o1_0.quantity from product p1_0 left join order_detail o1_0 on p1_0.product_id=o1_0.product_id left join orders o2_0 on o2_0.order_id=o1_0.order_id left join customer c1_0 on c1_0.cust_id=o2_0.cust_id left join employee e1_0 on e1_0.emp_id=o2_0.employee_id where p1_0.product_id=?
Hibernate: select o1_0.order_id,o1_0.product_id,p1_0.product_id,p1_0.description,p1_0.manufacturer_name,p1_0.name,p1_0.status,p1_0.unit,o1_0.note,o1_0.price,o1_0.quantity from order_detail o1_0 join product p1_0 on p1_0.product_id=o1_0.product_id where o1_0.order_id=?
Hibernate: select l1_0.employee_id,l1_0.order_id,c1_0.cust_id,c1_0.address,c1_0.email,c1_0.cust_name,c1_0.phone,l1_0.order_date from orders l1_0 left join customer c1_0 on c1_0.cust_id=l1_0.cust_id where l1_0.employee_id=?
Hibernate: select o1_0.order_id,o1_0.product_id,p1_0.product_id,p1_0.description,p1_0.manufacturer_name,p1_0.name,p1_0.status,p1_0.unit,o1_0.note,o1_0.price,o1_0.quantity from order_detail o1_0 join product p1_0 on p1_0.product_id=o1_0.product_id where o1_0.order_id=?
Hibernate: select p1_0.product_id,p1_0.price_date_time,p1_0.note,p1_0.price from product_price p1_0 where p1_0.product_id=?
Hibernate: select p1_0.product_id,p1_0.image_id,p1_0.alternative,p1_0.path from product_image p1_0 where p1_0.product_id=?
Hibernate: select o1_0.order_id,o1_0.product_id,p1_0.product_id,p1_0.description,p1_0.manufacturer_name,p1_0.name,p1_0.status,p1_0.unit,o1_0.note,o1_0.price,o1_0.quantity from order_detail o1_0 join product p1_0 on p1_0.product_id=o1_0.product_id where o1_0.order_id=?
Hibernate: select l1_0.employee_id,l1_0.order_id,c1_0.cust_id,c1_0.address,c1_0.email,c1_0.cust_name,c1_0.phone,l1_0.order_date from orders l1_0 left join customer c1_0 on c1_0.cust_id=l1_0.cust_id where l1_0.employee_id=?
Hibernate: insert into order_detail (note,price,quantity,order_id,product_id) values (?,?,?,?,?)
Hibernate: update orders set cust_id=?,employee_id=?,order_date=? where order_id=?
Hibernate: select p1_0.product_id,p1_0.description,p1_0.manufacturer_name,p1_0.name,p1_0.status,p1_0.unit from product p1_0 where p1_0.product_id=?
Hibernate: select o1_0.order_id,o2_0.order_id,c1_0.cust_id,c1_0.address,c1_0.email,c1_0.cust_name,c1_0.phone,o2_0.employee_id,e1_0.emp_id,e1_0.address,e1_0.dob,e1_0.email,e1_0.full_name,e1_0.phone,e1_0.status,o2_0.order_date,o1_0.product_id,p1_0.product_id,p1_0.description,p1_0.manufacturer_name,p1_0.name,p1_0.status,p1_0.unit,p2_0.product_id,p2_0.image_id,p2_0.alternative,p2_0.path,o1_0.note,o1_0.price,o1_0.quantity from order_detail o1_0 join orders o2_0 on o2_0.order_id=o1_0.order_id left join customer c1_0 on c1_0.cust_id=o2_0.cust_id left join employee e1_0 on e1_0.emp_id=o2_0.employee_id join product p1_0 on p1_0.product_id=o1_0.product_id left join product_image p2_0 on p1_0.product_id=p2_0.product_id where (o1_0.order_id,o1_0.product_id) in ((?,?))
Hibernate: select o1_0.order_id,c1_0.cust_id,c1_0.address,c1_0.email,c1_0.cust_name,c1_0.phone,o1_0.employee_id,e1_0.emp_id,e1_0.address,e1_0.dob,e1_0.email,e1_0.full_name,e1_0.phone,e1_0.status,o1_0.order_date,o2_0.order_id,o2_0.product_id,p1_0.product_id,p1_0.description,p1_0.manufacturer_name,p1_0.name,p1_0.status,p1_0.unit,o2_0.note,o2_0.price,o2_0.quantity from orders o1_0 left join customer c1_0 on c1_0.cust_id=o1_0.cust_id join employee e1_0 on e1_0.emp_id=o1_0.employee_id left join order_detail o2_0 on o1_0.order_id=o2_0.order_id left join product p1_0 on p1_0.product_id=o2_0.product_id where o1_0.order_id=?
Hibernate: select p1_0.product_id,p1_0.price_date_time,p1_0.note,p1_0.price from product_price p1_0 where p1_0.product_id=?
Hibernate: select p1_0.product_id,p1_0.image_id,p1_0.alternative,p1_0.path from product_image p1_0 where p1_0.product_id=?
Hibernate: select o1_0.product_id,o1_0.order_id,o2_0.order_id,c1_0.cust_id,c1_0.address,c1_0.email,c1_0.cust_name,c1_0.phone,o2_0.employee_id,e1_0.emp_id,e1_0.address,e1_0.dob,e1_0.email,e1_0.full_name,e1_0.phone,e1_0.status,o2_0.order_date,o1_0.note,o1_0.price,o1_0.quantity from order_detail o1_0 join orders o2_0 on o2_0.order_id=o1_0.order_id left join customer c1_0 on c1_0.cust_id=o2_0.cust_id left join employee e1_0 on e1_0.emp_id=o2_0.employee_id where o1_0.product_id=?
Hibernate: select p1_0.product_id,p1_0.price_date_time,p1_0.note,p1_0.price from product_price p1_0 where p1_0.product_id=?
Hibernate: select p1_0.product_id,p1_0.image_id,p1_0.alternative,p1_0.path from product_image p1_0 where p1_0.product_id=?
Hibernate: select o1_0.product_id,o1_0.order_id,o2_0.order_id,c1_0.cust_id,c1_0.address,c1_0.email,c1_0.cust_name,c1_0.phone,o2_0.employee_id,e1_0.emp_id,e1_0.address,e1_0.dob,e1_0.email,e1_0.full_name,e1_0.phone,e1_0.status,o2_0.order_date,o1_0.note,o1_0.price,o1_0.quantity from order_detail o1_0 join orders o2_0 on o2_0.order_id=o1_0.order_id left join customer c1_0 on c1_0.cust_id=o2_0.cust_id left join employee e1_0 on e1_0.emp_id=o2_0.employee_id where o1_0.product_id=?
Hibernate: select l1_0.employee_id,l1_0.order_id,c1_0.cust_id,c1_0.address,c1_0.email,c1_0.cust_name,c1_0.phone,l1_0.order_date from orders l1_0 left join customer c1_0 on c1_0.cust_id=l1_0.cust_id where l1_0.employee_id=?
Hibernate: select p1_0.product_id,p1_0.description,p1_0.manufacturer_name,p1_0.name,p1_0.status,p1_0.unit,o1_0.product_id,o1_0.order_id,o2_0.order_id,c1_0.cust_id,c1_0.address,c1_0.email,c1_0.cust_name,c1_0.phone,o2_0.employee_id,e1_0.emp_id,e1_0.address,e1_0.dob,e1_0.email,e1_0.full_name,e1_0.phone,e1_0.status,o2_0.order_date,o1_0.note,o1_0.price,o1_0.quantity from product p1_0 left join order_detail o1_0 on p1_0.product_id=o1_0.product_id left join orders o2_0 on o2_0.order_id=o1_0.order_id left join customer c1_0 on c1_0.cust_id=o2_0.cust_id left join employee e1_0 on e1_0.emp_id=o2_0.employee_id where p1_0.product_id=?
Hibernate: select p1_0.product_id,p1_0.price_date_time,p1_0.note,p1_0.price from product_price p1_0 where p1_0.product_id=?
Hibernate: select p1_0.product_id,p1_0.image_id,p1_0.alternative,p1_0.path from product_image p1_0 where p1_0.product_id=?
Hibernate: select o1_0.order_id,o1_0.product_id,p1_0.product_id,p1_0.description,p1_0.manufacturer_name,p1_0.name,p1_0.status,p1_0.unit,o1_0.note,o1_0.price,o1_0.quantity from order_detail o1_0 join product p1_0 on p1_0.product_id=o1_0.product_id where o1_0.order_id=?
Hibernate: insert into order_detail (note,price,quantity,order_id,product_id) values (?,?,?,?,?)
Hibernate: update orders set cust_id=?,employee_id=?,order_date=? where order_id=?
Hibernate: select e1_0.emp_id,e1_0.address,e1_0.dob,e1_0.email,e1_0.full_name,e1_0.phone,e1_0.status from employee e1_0 where e1_0.emp_id=?
Hibernate: select c1_0.cust_id,c1_0.address,c1_0.email,c1_0.cust_name,c1_0.phone from customer c1_0 where c1_0.cust_id=?
Hibernate: select o1_0.order_id,c1_0.cust_id,c1_0.address,c1_0.email,c1_0.cust_name,c1_0.phone,o1_0.employee_id,e1_0.emp_id,e1_0.address,e1_0.dob,e1_0.email,e1_0.full_name,e1_0.phone,e1_0.status,o1_0.order_date,o2_0.order_id,o2_0.product_id,p1_0.product_id,p1_0.description,p1_0.manufacturer_name,p1_0.name,p1_0.status,p1_0.unit,o2_0.note,o2_0.price,o2_0.quantity from orders o1_0 left join customer c1_0 on c1_0.cust_id=o1_0.cust_id join employee e1_0 on e1_0.emp_id=o1_0.employee_id left join order_detail o2_0 on o1_0.order_id=o2_0.order_id left join product p1_0 on p1_0.product_id=o2_0.product_id where o1_0.order_id=?
Hibernate: select c1_0.cust_id,c1_0.address,c1_0.email,c1_0.cust_name,c1_0.phone from customer c1_0 where c1_0.cust_id=?
Hibernate: select e1_0.emp_id,e1_0.address,e1_0.dob,e1_0.email,e1_0.full_name,e1_0.phone,e1_0.status from employee e1_0 where e1_0.emp_id=?
Hibernate: insert into orders (cust_id,employee_id,order_date,order_id) values (?,?,?,default)
Hibernate: select p1_0.product_id,p1_0.description,p1_0.manufacturer_name,p1_0.name,p1_0.status,p1_0.unit from product p1_0 where p1_0.product_id=?
Hibernate: select o1_0.order_id,o2_0.order_id,c1_0.cust_id,c1_0.address,c1_0.email,c1_0.cust_name,c1_0.phone,o2_0.employee_id,e1_0.emp_id,e1_0.address,e1_0.dob,e1_0.email,e1_0.full_name,e1_0.phone,e1_0.status,o2_0.order_date,o1_0.product_id,p1_0.product_id,p1_0.description,p1_0.manufacturer_name,p1_0.name,p1_0.status,p1_0.unit,p2_0.product_id,p2_0.image_id,p2_0.alternative,p2_0.path,o1_0.note,o1_0.price,o1_0.quantity from order_detail o1_0 join orders o2_0 on o2_0.order_id=o1_0.order_id left join customer c1_0 on c1_0.cust_id=o2_0.cust_id left join employee e1_0 on e1_0.emp_id=o2_0.employee_id join product p1_0 on p1_0.product_id=o1_0.product_id left join product_image p2_0 on p1_0.product_id=p2_0.product_id where (o1_0.order_id,o1_0.product_id) in ((?,?))
Hibernate: select o1_0.order_id,c1_0.cust_id,c1_0.address,c1_0.email,c1_0.cust_name,c1_0.phone,o1_0.employee_id,e1_0.emp_id,e1_0.address,e1_0.dob,e1_0.email,e1_0.full_name,e1_0.phone,e1_0.status,o1_0.order_date,o2_0.order_id,o2_0.product_id,p1_0.product_id,p1_0.description,p1_0.manufacturer_name,p1_0.name,p1_0.status,p1_0.unit,o2_0.note,o2_0.price,o2_0.quantity from orders o1_0 left join customer c1_0 on c1_0.cust_id=o1_0.cust_id join employee e1_0 on e1_0.emp_id=o1_0.employee_id left join order_detail o2_0 on o1_0.order_id=o2_0.order_id left join product p1_0 on p1_0.product_id=o2_0.product_id where o1_0.order_id=?
Hibernate: select l1_0.employee_id,l1_0.order_id,c1_0.cust_id,c1_0.address,c1_0.email,c1_0.cust_name,c1_0.phone,l1_0.order_date from orders l1_0 left join customer c1_0 on c1_0.cust_id=l1_0.cust_id where l1_0.employee_id=?
Hibernate: select p1_0.product_id,p1_0.description,p1_0.manufacturer_name,p1_0.name,p1_0.status,p1_0.unit,o1_0.product_id,o1_0.order_id,o2_0.order_id,c1_0.cust_id,c1_0.address,c1_0.email,c1_0.cust_name,c1_0.phone,o2_0.employee_id,e1_0.emp_id,e1_0.address,e1_0.dob,e1_0.email,e1_0.full_name,e1_0.phone,e1_0.status,o2_0.order_date,o1_0.note,o1_0.price,o1_0.quantity from product p1_0 left join order_detail o1_0 on p1_0.product_id=o1_0.product_id left join orders o2_0 on o2_0.order_id=o1_0.order_id left join customer c1_0 on c1_0.cust_id=o2_0.cust_id left join employee e1_0 on e1_0.emp_id=o2_0.employee_id where p1_0.product_id=?
Hibernate: select p1_0.product_id,p1_0.price_date_time,p1_0.note,p1_0.price from product_price p1_0 where p1_0.product_id=?
Hibernate: select p1_0.product_id,p1_0.image_id,p1_0.alternative,p1_0.path from product_image p1_0 where p1_0.product_id=?
Hibernate: insert into order_detail (note,price,quantity,order_id,product_id) values (?,?,?,?,?)
Hibernate: update orders set cust_id=?,employee_id=?,order_date=? where order_id=?
Hibernate: select p1_0.product_id,p1_0.description,p1_0.manufacturer_name,p1_0.name,p1_0.status,p1_0.unit from product p1_0 where p1_0.product_id=?
Hibernate: select o1_0.order_id,o2_0.order_id,c1_0.cust_id,c1_0.address,c1_0.email,c1_0.cust_name,c1_0.phone,o2_0.employee_id,e1_0.emp_id,e1_0.address,e1_0.dob,e1_0.email,e1_0.full_name,e1_0.phone,e1_0.status,o2_0.order_date,o1_0.product_id,p1_0.product_id,p1_0.description,p1_0.manufacturer_name,p1_0.name,p1_0.status,p1_0.unit,p2_0.product_id,p2_0.image_id,p2_0.alternative,p2_0.path,o1_0.note,o1_0.price,o1_0.quantity from order_detail o1_0 join orders o2_0 on o2_0.order_id=o1_0.order_id left join customer c1_0 on c1_0.cust_id=o2_0.cust_id left join employee e1_0 on e1_0.emp_id=o2_0.employee_id join product p1_0 on p1_0.product_id=o1_0.product_id left join product_image p2_0 on p1_0.product_id=p2_0.product_id where (o1_0.order_id,o1_0.product_id) in ((?,?))
Hibernate: select o1_0.order_id,c1_0.cust_id,c1_0.address,c1_0.email,c1_0.cust_name,c1_0.phone,o1_0.employee_id,e1_0.emp_id,e1_0.address,e1_0.dob,e1_0.email,e1_0.full_name,e1_0.phone,e1_0.status,o1_0.order_date,o2_0.order_id,o2_0.product_id,p1_0.product_id,p1_0.description,p1_0.manufacturer_name,p1_0.name,p1_0.status,p1_0.unit,o2_0.note,o2_0.price,o2_0.quantity from orders o1_0 left join customer c1_0 on c1_0.cust_id=o1_0.cust_id join employee e1_0 on e1_0.emp_id=o1_0.employee_id left join order_detail o2_0 on o1_0.order_id=o2_0.order_id left join product p1_0 on p1_0.product_id=o2_0.product_id where o1_0.order_id=?
Hibernate: select p1_0.product_id,p1_0.price_date_time,p1_0.note,p1_0.price from product_price p1_0 where p1_0.product_id=?
Hibernate: select p1_0.product_id,p1_0.image_id,p1_0.alternative,p1_0.path from product_image p1_0 where p1_0.product_id=?
Hibernate: select o1_0.product_id,o1_0.order_id,o2_0.order_id,c1_0.cust_id,c1_0.address,c1_0.email,c1_0.cust_name,c1_0.phone,o2_0.employee_id,e1_0.emp_id,e1_0.address,e1_0.dob,e1_0.email,e1_0.full_name,e1_0.phone,e1_0.status,o2_0.order_date,o1_0.note,o1_0.price,o1_0.quantity from order_detail o1_0 join orders o2_0 on o2_0.order_id=o1_0.order_id left join customer c1_0 on c1_0.cust_id=o2_0.cust_id left join employee e1_0 on e1_0.emp_id=o2_0.employee_id where o1_0.product_id=?
Hibernate: select l1_0.employee_id,l1_0.order_id,c1_0.cust_id,c1_0.address,c1_0.email,c1_0.cust_name,c1_0.phone,l1_0.order_date from orders l1_0 left join customer c1_0 on c1_0.cust_id=l1_0.cust_id where l1_0.employee_id=?
Hibernate: select p1_0.product_id,p1_0.description,p1_0.manufacturer_name,p1_0.name,p1_0.status,p1_0.unit,o1_0.product_id,o1_0.order_id,o2_0.order_id,c1_0.cust_id,c1_0.address,c1_0.email,c1_0.cust_name,c1_0.phone,o2_0.employee_id,e1_0.emp_id,e1_0.address,e1_0.dob,e1_0.email,e1_0.full_name,e1_0.phone,e1_0.status,o2_0.order_date,o1_0.note,o1_0.price,o1_0.quantity from product p1_0 left join order_detail o1_0 on p1_0.product_id=o1_0.product_id left join orders o2_0 on o2_0.order_id=o1_0.order_id left join customer c1_0 on c1_0.cust_id=o2_0.cust_id left join employee e1_0 on e1_0.emp_id=o2_0.employee_id where p1_0.product_id=?
Hibernate: select p1_0.product_id,p1_0.price_date_time,p1_0.note,p1_0.price from product_price p1_0 where p1_0.product_id=?
Hibernate: select p1_0.product_id,p1_0.image_id,p1_0.alternative,p1_0.path from product_image p1_0 where p1_0.product_id=?
Hibernate: select o1_0.order_id,o1_0.product_id,p1_0.product_id,p1_0.description,p1_0.manufacturer_name,p1_0.name,p1_0.status,p1_0.unit,o1_0.note,o1_0.price,o1_0.quantity from order_detail o1_0 join product p1_0 on p1_0.product_id=o1_0.product_id where o1_0.order_id=?
Hibernate: select l1_0.employee_id,l1_0.order_id,c1_0.cust_id,c1_0.address,c1_0.email,c1_0.cust_name,c1_0.phone,l1_0.order_date from orders l1_0 left join customer c1_0 on c1_0.cust_id=l1_0.cust_id where l1_0.employee_id=?
Hibernate: insert into order_detail (note,price,quantity,order_id,product_id) values (?,?,?,?,?)
Hibernate: update orders set cust_id=?,employee_id=?,order_date=? where order_id=?
Hibernate: select p1_0.product_id,p1_0.description,p1_0.manufacturer_name,p1_0.name,p1_0.status,p1_0.unit from product p1_0 where p1_0.product_id=?
Hibernate: select o1_0.order_id,o2_0.order_id,c1_0.cust_id,c1_0.address,c1_0.email,c1_0.cust_name,c1_0.phone,o2_0.employee_id,e1_0.emp_id,e1_0.address,e1_0.dob,e1_0.email,e1_0.full_name,e1_0.phone,e1_0.status,o2_0.order_date,o1_0.product_id,p1_0.product_id,p1_0.description,p1_0.manufacturer_name,p1_0.name,p1_0.status,p1_0.unit,p2_0.product_id,p2_0.image_id,p2_0.alternative,p2_0.path,o1_0.note,o1_0.price,o1_0.quantity from order_detail o1_0 join orders o2_0 on o2_0.order_id=o1_0.order_id left join customer c1_0 on c1_0.cust_id=o2_0.cust_id left join employee e1_0 on e1_0.emp_id=o2_0.employee_id join product p1_0 on p1_0.product_id=o1_0.product_id left join product_image p2_0 on p1_0.product_id=p2_0.product_id where (o1_0.order_id,o1_0.product_id) in ((?,?))
Hibernate: select o1_0.order_id,c1_0.cust_id,c1_0.address,c1_0.email,c1_0.cust_name,c1_0.phone,o1_0.employee_id,e1_0.emp_id,e1_0.address,e1_0.dob,e1_0.email,e1_0.full_name,e1_0.phone,e1_0.status,o1_0.order_date,o2_0.order_id,o2_0.product_id,p1_0.product_id,p1_0.description,p1_0.manufacturer_name,p1_0.name,p1_0.status,p1_0.unit,o2_0.note,o2_0.price,o2_0.quantity from orders o1_0 left join customer c1_0 on c1_0.cust_id=o1_0.cust_id join employee e1_0 on e1_0.emp_id=o1_0.employee_id left join order_detail o2_0 on o1_0.order_id=o2_0.order_id left join product p1_0 on p1_0.product_id=o2_0.product_id where o1_0.order_id=?
Hibernate: select p1_0.product_id,p1_0.price_date_time,p1_0.note,p1_0.price from product_price p1_0 where p1_0.product_id=?
Hibernate: select p1_0.product_id,p1_0.image_id,p1_0.alternative,p1_0.path from product_image p1_0 where p1_0.product_id=?
Hibernate: select o1_0.product_id,o1_0.order_id,o2_0.order_id,c1_0.cust_id,c1_0.address,c1_0.email,c1_0.cust_name,c1_0.phone,o2_0.employee_id,e1_0.emp_id,e1_0.address,e1_0.dob,e1_0.email,e1_0.full_name,e1_0.phone,e1_0.status,o2_0.order_date,o1_0.note,o1_0.price,o1_0.quantity from order_detail o1_0 join orders o2_0 on o2_0.order_id=o1_0.order_id left join customer c1_0 on c1_0.cust_id=o2_0.cust_id left join employee e1_0 on e1_0.emp_id=o2_0.employee_id where o1_0.product_id=?
Hibernate: select p1_0.product_id,p1_0.price_date_time,p1_0.note,p1_0.price from product_price p1_0 where p1_0.product_id=?
Hibernate: select p1_0.product_id,p1_0.image_id,p1_0.alternative,p1_0.path from product_image p1_0 where p1_0.product_id=?
Hibernate: select o1_0.product_id,o1_0.order_id,o2_0.order_id,c1_0.cust_id,c1_0.address,c1_0.email,c1_0.cust_name,c1_0.phone,o2_0.employee_id,e1_0.emp_id,e1_0.address,e1_0.dob,e1_0.email,e1_0.full_name,e1_0.phone,e1_0.status,o2_0.order_date,o1_0.note,o1_0.price,o1_0.quantity from order_detail o1_0 join orders o2_0 on o2_0.order_id=o1_0.order_id left join customer c1_0 on c1_0.cust_id=o2_0.cust_id left join employee e1_0 on e1_0.emp_id=o2_0.employee_id where o1_0.product_id=?
Hibernate: select l1_0.employee_id,l1_0.order_id,c1_0.cust_id,c1_0.address,c1_0.email,c1_0.cust_name,c1_0.phone,l1_0.order_date from orders l1_0 left join customer c1_0 on c1_0.cust_id=l1_0.cust_id where l1_0.employee_id=?
Hibernate: select p1_0.product_id,p1_0.description,p1_0.manufacturer_name,p1_0.name,p1_0.status,p1_0.unit,o1_0.product_id,o1_0.order_id,o2_0.order_id,c1_0.cust_id,c1_0.address,c1_0.email,c1_0.cust_name,c1_0.phone,o2_0.employee_id,e1_0.emp_id,e1_0.address,e1_0.dob,e1_0.email,e1_0.full_name,e1_0.phone,e1_0.status,o2_0.order_date,o1_0.note,o1_0.price,o1_0.quantity from product p1_0 left join order_detail o1_0 on p1_0.product_id=o1_0.product_id left join orders o2_0 on o2_0.order_id=o1_0.order_id left join customer c1_0 on c1_0.cust_id=o2_0.cust_id left join employee e1_0 on e1_0.emp_id=o2_0.employee_id where p1_0.product_id=?
Hibernate: select o1_0.order_id,o1_0.product_id,p1_0.product_id,p1_0.description,p1_0.manufacturer_name,p1_0.name,p1_0.status,p1_0.unit,o1_0.note,o1_0.price,o1_0.quantity from order_detail o1_0 join product p1_0 on p1_0.product_id=o1_0.product_id where o1_0.order_id=?
Hibernate: select l1_0.employee_id,l1_0.order_id,c1_0.cust_id,c1_0.address,c1_0.email,c1_0.cust_name,c1_0.phone,l1_0.order_date from orders l1_0 left join customer c1_0 on c1_0.cust_id=l1_0.cust_id where l1_0.employee_id=?
Hibernate: select o1_0.order_id,o1_0.product_id,p1_0.product_id,p1_0.description,p1_0.manufacturer_name,p1_0.name,p1_0.status,p1_0.unit,o1_0.note,o1_0.price,o1_0.quantity from order_detail o1_0 join product p1_0 on p1_0.product_id=o1_0.product_id where o1_0.order_id=?
Hibernate: select l1_0.employee_id,l1_0.order_id,c1_0.cust_id,c1_0.address,c1_0.email,c1_0.cust_name,c1_0.phone,l1_0.order_date from orders l1_0 left join customer c1_0 on c1_0.cust_id=l1_0.cust_id where l1_0.employee_id=?
Hibernate: select p1_0.product_id,p1_0.price_date_time,p1_0.note,p1_0.price from product_price p1_0 where p1_0.product_id=?
Hibernate: select p1_0.product_id,p1_0.image_id,p1_0.alternative,p1_0.path from product_image p1_0 where p1_0.product_id=?
Hibernate: select o1_0.order_id,o1_0.product_id,p1_0.product_id,p1_0.description,p1_0.manufacturer_name,p1_0.name,p1_0.status,p1_0.unit,o1_0.note,o1_0.price,o1_0.quantity from order_detail o1_0 join product p1_0 on p1_0.product_id=o1_0.product_id where o1_0.order_id=?
Hibernate: select l1_0.employee_id,l1_0.order_id,c1_0.cust_id,c1_0.address,c1_0.email,c1_0.cust_name,c1_0.phone,l1_0.order_date from orders l1_0 left join customer c1_0 on c1_0.cust_id=l1_0.cust_id where l1_0.employee_id=?
Hibernate: insert into order_detail (note,price,quantity,order_id,product_id) values (?,?,?,?,?)
Hibernate: update orders set cust_id=?,employee_id=?,order_date=? where order_id=?
Hibernate: select e1_0.emp_id,e1_0.address,e1_0.dob,e1_0.email,e1_0.full_name,e1_0.phone,e1_0.status from employee e1_0 where e1_0.emp_id=?
Hibernate: select c1_0.cust_id,c1_0.address,c1_0.email,c1_0.cust_name,c1_0.phone from customer c1_0 where c1_0.cust_id=?
Hibernate: select o1_0.order_id,c1_0.cust_id,c1_0.address,c1_0.email,c1_0.cust_name,c1_0.phone,o1_0.employee_id,e1_0.emp_id,e1_0.address,e1_0.dob,e1_0.email,e1_0.full_name,e1_0.phone,e1_0.status,o1_0.order_date,o2_0.order_id,o2_0.product_id,p1_0.product_id,p1_0.description,p1_0.manufacturer_name,p1_0.name,p1_0.status,p1_0.unit,o2_0.note,o2_0.price,o2_0.quantity from orders o1_0 left join customer c1_0 on c1_0.cust_id=o1_0.cust_id join employee e1_0 on e1_0.emp_id=o1_0.employee_id left join order_detail o2_0 on o1_0.order_id=o2_0.order_id left join product p1_0 on p1_0.product_id=o2_0.product_id where o1_0.order_id=?
Hibernate: select c1_0.cust_id,c1_0.address,c1_0.email,c1_0.cust_name,c1_0.phone from customer c1_0 where c1_0.cust_id=?
Hibernate: select e1_0.emp_id,e1_0.address,e1_0.dob,e1_0.email,e1_0.full_name,e1_0.phone,e1_0.status from employee e1_0 where e1_0.emp_id=?
Hibernate: insert into orders (cust_id,employee_id,order_date,order_id) values (?,?,?,default)
Hibernate: select p1_0.product_id,p1_0.description,p1_0.manufacturer_name,p1_0.name,p1_0.status,p1_0.unit from product p1_0 where p1_0.product_id=?
Hibernate: select o1_0.order_id,o2_0.order_id,c1_0.cust_id,c1_0.address,c1_0.email,c1_0.cust_name,c1_0.phone,o2_0.employee_id,e1_0.emp_id,e1_0.address,e1_0.dob,e1_0.email,e1_0.full_name,e1_0.phone,e1_0.status,o2_0.order_date,o1_0.product_id,p1_0.product_id,p1_0.description,p1_0.manufacturer_name,p1_0.name,p1_0.status,p1_0.unit,p2_0.product_id,p2_0.image_id,p2_0.alternative,p2_0.path,o1_0.note,o1_0.price,o1_0.quantity from order_detail o1_0 join orders o2_0 on o2_0.order_id=o1_0.order_id left join customer c1_0 on c1_0.cust_id=o2_0.cust_id left join employee e1_0 on e1_0.emp_id=o2_0.employee_id join product p1_0 on p1_0.product_id=o1_0.product_id left join product_image p2_0 on p1_0.product_id=p2_0.product_id where (o1_0.order_id,o1_0.product_id) in ((?,?))
Hibernate: select o1_0.order_id,c1_0.cust_id,c1_0.address,c1_0.email,c1_0.cust_name,c1_0.phone,o1_0.employee_id,e1_0.emp_id,e1_0.address,e1_0.dob,e1_0.email,e1_0.full_name,e1_0.phone,e1_0.status,o1_0.order_date,o2_0.order_id,o2_0.product_id,p1_0.product_id,p1_0.description,p1_0.manufacturer_name,p1_0.name,p1_0.status,p1_0.unit,o2_0.note,o2_0.price,o2_0.quantity from orders o1_0 left join customer c1_0 on c1_0.cust_id=o1_0.cust_id join employee e1_0 on e1_0.emp_id=o1_0.employee_id left join order_detail o2_0 on o1_0.order_id=o2_0.order_id left join product p1_0 on p1_0.product_id=o2_0.product_id where o1_0.order_id=?
Hibernate: select l1_0.employee_id,l1_0.order_id,c1_0.cust_id,c1_0.address,c1_0.email,c1_0.cust_name,c1_0.phone,l1_0.order_date from orders l1_0 left join customer c1_0 on c1_0.cust_id=l1_0.cust_id where l1_0.employee_id=?
Hibernate: select p1_0.product_id,p1_0.description,p1_0.manufacturer_name,p1_0.name,p1_0.status,p1_0.unit,o1_0.product_id,o1_0.order_id,o2_0.order_id,c1_0.cust_id,c1_0.address,c1_0.email,c1_0.cust_name,c1_0.phone,o2_0.employee_id,e1_0.emp_id,e1_0.address,e1_0.dob,e1_0.email,e1_0.full_name,e1_0.phone,e1_0.status,o2_0.order_date,o1_0.note,o1_0.price,o1_0.quantity from product p1_0 left join order_detail o1_0 on p1_0.product_id=o1_0.product_id left join orders o2_0 on o2_0.order_id=o1_0.order_id left join customer c1_0 on c1_0.cust_id=o2_0.cust_id left join employee e1_0 on e1_0.emp_id=o2_0.employee_id where p1_0.product_id=?
Hibernate: select p1_0.product_id,p1_0.price_date_time,p1_0.note,p1_0.price from product_price p1_0 where p1_0.product_id=?
Hibernate: select p1_0.product_id,p1_0.image_id,p1_0.alternative,p1_0.path from product_image p1_0 where p1_0.product_id=?
Hibernate: select o1_0.order_id,o1_0.product_id,p1_0.product_id,p1_0.description,p1_0.manufacturer_name,p1_0.name,p1_0.status,p1_0.unit,o1_0.note,o1_0.price,o1_0.quantity from order_detail o1_0 join product p1_0 on p1_0.product_id=o1_0.product_id where o1_0.order_id=?
Hibernate: select l1_0.employee_id,l1_0.order_id,c1_0.cust_id,c1_0.address,c1_0.email,c1_0.cust_name,c1_0.phone,l1_0.order_date from orders l1_0 left join customer c1_0 on c1_0.cust_id=l1_0.cust_id where l1_0.employee_id=?
Hibernate: insert into order_detail (note,price,quantity,order_id,product_id) values (?,?,?,?,?)
Hibernate: update orders set cust_id=?,employee_id=?,order_date=? where order_id=?
Hibernate: select p1_0.product_id,p1_0.description,p1_0.manufacturer_name,p1_0.name,p1_0.status,p1_0.unit from product p1_0 where p1_0.product_id=?
Hibernate: select o1_0.order_id,o2_0.order_id,c1_0.cust_id,c1_0.address,c1_0.email,c1_0.cust_name,c1_0.phone,o2_0.employee_id,e1_0.emp_id,e1_0.address,e1_0.dob,e1_0.email,e1_0.full_name,e1_0.phone,e1_0.status,o2_0.order_date,o1_0.product_id,p1_0.product_id,p1_0.description,p1_0.manufacturer_name,p1_0.name,p1_0.status,p1_0.unit,p2_0.product_id,p2_0.image_id,p2_0.alternative,p2_0.path,o1_0.note,o1_0.price,o1_0.quantity from order_detail o1_0 join orders o2_0 on o2_0.order_id=o1_0.order_id left join customer c1_0 on c1_0.cust_id=o2_0.cust_id left join employee e1_0 on e1_0.emp_id=o2_0.employee_id join product p1_0 on p1_0.product_id=o1_0.product_id left join product_image p2_0 on p1_0.product_id=p2_0.product_id where (o1_0.order_id,o1_0.product_id) in ((?,?))
Hibernate: select o1_0.order_id,c1_0.cust_id,c1_0.address,c1_0.email,c1_0.cust_name,c1_0.phone,o1_0.employee_id,e1_0.emp_id,e1_0.address,e1_0.dob,e1_0.email,e1_0.full_name,e1_0.phone,e1_0.status,o1_0.order_date,o2_0.order_id,o2_0.product_id,p1_0.product_id,p1_0.description,p1_0.manufacturer_name,p1_0.name,p1_0.status,p1_0.unit,o2_0.note,o2_0.price,o2_0.quantity from orders o1_0 left join customer c1_0 on c1_0.cust_id=o1_0.cust_id join employee e1_0 on e1_0.emp_id=o1_0.employee_id left join order_detail o2_0 on o1_0.order_id=o2_0.order_id left join product p1_0 on p1_0.product_id=o2_0.product_id where o1_0.order_id=?
Hibernate: select p1_0.product_id,p1_0.price_date_time,p1_0.note,p1_0.price from product_price p1_0 where p1_0.product_id=?
Hibernate: select p1_0.product_id,p1_0.image_id,p1_0.alternative,p1_0.path from product_image p1_0 where p1_0.product_id=?
Hibernate: select o1_0.product_id,o1_0.order_id,o2_0.order_id,c1_0.cust_id,c1_0.address,c1_0.email,c1_0.cust_name,c1_0.phone,o2_0.employee_id,e1_0.emp_id,e1_0.address,e1_0.dob,e1_0.email,e1_0.full_name,e1_0.phone,e1_0.status,o2_0.order_date,o1_0.note,o1_0.price,o1_0.quantity from order_detail o1_0 join orders o2_0 on o2_0.order_id=o1_0.order_id left join customer c1_0 on c1_0.cust_id=o2_0.cust_id left join employee e1_0 on e1_0.emp_id=o2_0.employee_id where o1_0.product_id=?
Hibernate: select l1_0.employee_id,l1_0.order_id,c1_0.cust_id,c1_0.address,c1_0.email,c1_0.cust_name,c1_0.phone,l1_0.order_date from orders l1_0 left join customer c1_0 on c1_0.cust_id=l1_0.cust_id where l1_0.employee_id=?
Hibernate: select p1_0.product_id,p1_0.description,p1_0.manufacturer_name,p1_0.name,p1_0.status,p1_0.unit,o1_0.product_id,o1_0.order_id,o2_0.order_id,c1_0.cust_id,c1_0.address,c1_0.email,c1_0.cust_name,c1_0.phone,o2_0.employee_id,e1_0.emp_id,e1_0.address,e1_0.dob,e1_0.email,e1_0.full_name,e1_0.phone,e1_0.status,o2_0.order_date,o1_0.note,o1_0.price,o1_0.quantity from product p1_0 left join order_detail o1_0 on p1_0.product_id=o1_0.product_id left join orders o2_0 on o2_0.order_id=o1_0.order_id left join customer c1_0 on c1_0.cust_id=o2_0.cust_id left join employee e1_0 on e1_0.emp_id=o2_0.employee_id where p1_0.product_id=?
Hibernate: select p1_0.product_id,p1_0.price_date_time,p1_0.note,p1_0.price from product_price p1_0 where p1_0.product_id=?
Hibernate: select p1_0.product_id,p1_0.image_id,p1_0.alternative,p1_0.path from product_image p1_0 where p1_0.product_id=?
Hibernate: select o1_0.order_id,o1_0.product_id,p1_0.product_id,p1_0.description,p1_0.manufacturer_name,p1_0.name,p1_0.status,p1_0.unit,o1_0.note,o1_0.price,o1_0.quantity from order_detail o1_0 join product p1_0 on p1_0.product_id=o1_0.product_id where o1_0.order_id=?
Hibernate: select l1_0.employee_id,l1_0.order_id,c1_0.cust_id,c1_0.address,c1_0.email,c1_0.cust_name,c1_0.phone,l1_0.order_date from orders l1_0 left join customer c1_0 on c1_0.cust_id=l1_0.cust_id where l1_0.employee_id=?
Hibernate: insert into order_detail (note,price,quantity,order_id,product_id) values (?,?,?,?,?)
Hibernate: update orders set cust_id=?,employee_id=?,order_date=? where order_id=?
Hibernate: select p1_0.product_id,p1_0.description,p1_0.manufacturer_name,p1_0.name,p1_0.status,p1_0.unit from product p1_0 where p1_0.product_id=?
Hibernate: select o1_0.order_id,o2_0.order_id,c1_0.cust_id,c1_0.address,c1_0.email,c1_0.cust_name,c1_0.phone,o2_0.employee_id,e1_0.emp_id,e1_0.address,e1_0.dob,e1_0.email,e1_0.full_name,e1_0.phone,e1_0.status,o2_0.order_date,o1_0.product_id,p1_0.product_id,p1_0.description,p1_0.manufacturer_name,p1_0.name,p1_0.status,p1_0.unit,p2_0.product_id,p2_0.image_id,p2_0.alternative,p2_0.path,o1_0.note,o1_0.price,o1_0.quantity from order_detail o1_0 join orders o2_0 on o2_0.order_id=o1_0.order_id left join customer c1_0 on c1_0.cust_id=o2_0.cust_id left join employee e1_0 on e1_0.emp_id=o2_0.employee_id join product p1_0 on p1_0.product_id=o1_0.product_id left join product_image p2_0 on p1_0.product_id=p2_0.product_id where (o1_0.order_id,o1_0.product_id) in ((?,?))
Hibernate: select o1_0.order_id,c1_0.cust_id,c1_0.address,c1_0.email,c1_0.cust_name,c1_0.phone,o1_0.employee_id,e1_0.emp_id,e1_0.address,e1_0.dob,e1_0.email,e1_0.full_name,e1_0.phone,e1_0.status,o1_0.order_date,o2_0.order_id,o2_0.product_id,p1_0.product_id,p1_0.description,p1_0.manufacturer_name,p1_0.name,p1_0.status,p1_0.unit,o2_0.note,o2_0.price,o2_0.quantity from orders o1_0 left join customer c1_0 on c1_0.cust_id=o1_0.cust_id join employee e1_0 on e1_0.emp_id=o1_0.employee_id left join order_detail o2_0 on o1_0.order_id=o2_0.order_id left join product p1_0 on p1_0.product_id=o2_0.product_id where o1_0.order_id=?
Hibernate: select p1_0.product_id,p1_0.price_date_time,p1_0.note,p1_0.price from product_price p1_0 where p1_0.product_id=?
Hibernate: select p1_0.product_id,p1_0.image_id,p1_0.alternative,p1_0.path from product_image p1_0 where p1_0.product_id=?
Hibernate: select o1_0.product_id,o1_0.order_id,o2_0.order_id,c1_0.cust_id,c1_0.address,c1_0.email,c1_0.cust_name,c1_0.phone,o2_0.employee_id,e1_0.emp_id,e1_0.address,e1_0.dob,e1_0.email,e1_0.full_name,e1_0.phone,e1_0.status,o2_0.order_date,o1_0.note,o1_0.price,o1_0.quantity from order_detail o1_0 join orders o2_0 on o2_0.order_id=o1_0.order_id left join customer c1_0 on c1_0.cust_id=o2_0.cust_id left join employee e1_0 on e1_0.emp_id=o2_0.employee_id where o1_0.product_id=?
Hibernate: select p1_0.product_id,p1_0.price_date_time,p1_0.note,p1_0.price from product_price p1_0 where p1_0.product_id=?
Hibernate: select p1_0.product_id,p1_0.image_id,p1_0.alternative,p1_0.path from product_image p1_0 where p1_0.product_id=?
Hibernate: select o1_0.product_id,o1_0.order_id,o2_0.order_id,c1_0.cust_id,c1_0.address,c1_0.email,c1_0.cust_name,c1_0.phone,o2_0.employee_id,e1_0.emp_id,e1_0.address,e1_0.dob,e1_0.email,e1_0.full_name,e1_0.phone,e1_0.status,o2_0.order_date,o1_0.note,o1_0.price,o1_0.quantity from order_detail o1_0 join orders o2_0 on o2_0.order_id=o1_0.order_id left join customer c1_0 on c1_0.cust_id=o2_0.cust_id left join employee e1_0 on e1_0.emp_id=o2_0.employee_id where o1_0.product_id=?
Hibernate: select l1_0.employee_id,l1_0.order_id,c1_0.cust_id,c1_0.address,c1_0.email,c1_0.cust_name,c1_0.phone,l1_0.order_date from orders l1_0 left join customer c1_0 on c1_0.cust_id=l1_0.cust_id where l1_0.employee_id=?
Hibernate: select p1_0.product_id,p1_0.description,p1_0.manufacturer_name,p1_0.name,p1_0.status,p1_0.unit,o1_0.product_id,o1_0.order_id,o2_0.order_id,c1_0.cust_id,c1_0.address,c1_0.email,c1_0.cust_name,c1_0.phone,o2_0.employee_id,e1_0.emp_id,e1_0.address,e1_0.dob,e1_0.email,e1_0.full_name,e1_0.phone,e1_0.status,o2_0.order_date,o1_0.note,o1_0.price,o1_0.quantity from product p1_0 left join order_detail o1_0 on p1_0.product_id=o1_0.product_id left join orders o2_0 on o2_0.order_id=o1_0.order_id left join customer c1_0 on c1_0.cust_id=o2_0.cust_id left join employee e1_0 on e1_0.emp_id=o2_0.employee_id where p1_0.product_id=?
Hibernate: select p1_0.product_id,p1_0.price_date_time,p1_0.note,p1_0.price from product_price p1_0 where p1_0.product_id=?
Hibernate: select p1_0.product_id,p1_0.image_id,p1_0.alternative,p1_0.path from product_image p1_0 where p1_0.product_id=?
Hibernate: insert into order_detail (note,price,quantity,order_id,product_id) values (?,?,?,?,?)
Hibernate: update orders set cust_id=?,employee_id=?,order_date=? where order_id=?
Hibernate: select e1_0.emp_id,e1_0.address,e1_0.dob,e1_0.email,e1_0.full_name,e1_0.phone,e1_0.status from employee e1_0 where e1_0.emp_id=?
Hibernate: select c1_0.cust_id,c1_0.address,c1_0.email,c1_0.cust_name,c1_0.phone from customer c1_0 where c1_0.cust_id=?
Hibernate: select o1_0.order_id,c1_0.cust_id,c1_0.address,c1_0.email,c1_0.cust_name,c1_0.phone,o1_0.employee_id,e1_0.emp_id,e1_0.address,e1_0.dob,e1_0.email,e1_0.full_name,e1_0.phone,e1_0.status,o1_0.order_date,o2_0.order_id,o2_0.product_id,p1_0.product_id,p1_0.description,p1_0.manufacturer_name,p1_0.name,p1_0.status,p1_0.unit,o2_0.note,o2_0.price,o2_0.quantity from orders o1_0 left join customer c1_0 on c1_0.cust_id=o1_0.cust_id join employee e1_0 on e1_0.emp_id=o1_0.employee_id left join order_detail o2_0 on o1_0.order_id=o2_0.order_id left join product p1_0 on p1_0.product_id=o2_0.product_id where o1_0.order_id=?
Hibernate: select c1_0.cust_id,c1_0.address,c1_0.email,c1_0.cust_name,c1_0.phone from customer c1_0 where c1_0.cust_id=?
Hibernate: select e1_0.emp_id,e1_0.address,e1_0.dob,e1_0.email,e1_0.full_name,e1_0.phone,e1_0.status from employee e1_0 where e1_0.emp_id=?
Hibernate: insert into orders (cust_id,employee_id,order_date,order_id) values (?,?,?,default)
Hibernate: select p1_0.product_id,p1_0.description,p1_0.manufacturer_name,p1_0.name,p1_0.status,p1_0.unit from product p1_0 where p1_0.product_id=?
Hibernate: select o1_0.order_id,o2_0.order_id,c1_0.cust_id,c1_0.address,c1_0.email,c1_0.cust_name,c1_0.phone,o2_0.employee_id,e1_0.emp_id,e1_0.address,e1_0.dob,e1_0.email,e1_0.full_name,e1_0.phone,e1_0.status,o2_0.order_date,o1_0.product_id,p1_0.product_id,p1_0.description,p1_0.manufacturer_name,p1_0.name,p1_0.status,p1_0.unit,p2_0.product_id,p2_0.image_id,p2_0.alternative,p2_0.path,o1_0.note,o1_0.price,o1_0.quantity from order_detail o1_0 join orders o2_0 on o2_0.order_id=o1_0.order_id left join customer c1_0 on c1_0.cust_id=o2_0.cust_id left join employee e1_0 on e1_0.emp_id=o2_0.employee_id join product p1_0 on p1_0.product_id=o1_0.product_id left join product_image p2_0 on p1_0.product_id=p2_0.product_id where (o1_0.order_id,o1_0.product_id) in ((?,?))
Hibernate: select o1_0.order_id,c1_0.cust_id,c1_0.address,c1_0.email,c1_0.cust_name,c1_0.phone,o1_0.employee_id,e1_0.emp_id,e1_0.address,e1_0.dob,e1_0.email,e1_0.full_name,e1_0.phone,e1_0.status,o1_0.order_date,o2_0.order_id,o2_0.product_id,p1_0.product_id,p1_0.description,p1_0.manufacturer_name,p1_0.name,p1_0.status,p1_0.unit,o2_0.note,o2_0.price,o2_0.quantity from orders o1_0 left join customer c1_0 on c1_0.cust_id=o1_0.cust_id join employee e1_0 on e1_0.emp_id=o1_0.employee_id left join order_detail o2_0 on o1_0.order_id=o2_0.order_id left join product p1_0 on p1_0.product_id=o2_0.product_id where o1_0.order_id=?
Hibernate: select l1_0.employee_id,l1_0.order_id,c1_0.cust_id,c1_0.address,c1_0.email,c1_0.cust_name,c1_0.phone,l1_0.order_date from orders l1_0 left join customer c1_0 on c1_0.cust_id=l1_0.cust_id where l1_0.employee_id=?
Hibernate: select p1_0.product_id,p1_0.description,p1_0.manufacturer_name,p1_0.name,p1_0.status,p1_0.unit,o1_0.product_id,o1_0.order_id,o2_0.order_id,c1_0.cust_id,c1_0.address,c1_0.email,c1_0.cust_name,c1_0.phone,o2_0.employee_id,e1_0.emp_id,e1_0.address,e1_0.dob,e1_0.email,e1_0.full_name,e1_0.phone,e1_0.status,o2_0.order_date,o1_0.note,o1_0.price,o1_0.quantity from product p1_0 left join order_detail o1_0 on p1_0.product_id=o1_0.product_id left join orders o2_0 on o2_0.order_id=o1_0.order_id left join customer c1_0 on c1_0.cust_id=o2_0.cust_id left join employee e1_0 on e1_0.emp_id=o2_0.employee_id where p1_0.product_id=?
Hibernate: select p1_0.product_id,p1_0.price_date_time,p1_0.note,p1_0.price from product_price p1_0 where p1_0.product_id=?
Hibernate: select p1_0.product_id,p1_0.image_id,p1_0.alternative,p1_0.path from product_image p1_0 where p1_0.product_id=?
Hibernate: insert into order_detail (note,price,quantity,order_id,product_id) values (?,?,?,?,?)
Hibernate: update orders set cust_id=?,employee_id=?,order_date=? where order_id=?
Hibernate: select p1_0.product_id,p1_0.description,p1_0.manufacturer_name,p1_0.name,p1_0.status,p1_0.unit from product p1_0 where p1_0.product_id=?
Hibernate: select o1_0.order_id,o2_0.order_id,c1_0.cust_id,c1_0.address,c1_0.email,c1_0.cust_name,c1_0.phone,o2_0.employee_id,e1_0.emp_id,e1_0.address,e1_0.dob,e1_0.email,e1_0.full_name,e1_0.phone,e1_0.status,o2_0.order_date,o1_0.product_id,p1_0.product_id,p1_0.description,p1_0.manufacturer_name,p1_0.name,p1_0.status,p1_0.unit,p2_0.product_id,p2_0.image_id,p2_0.alternative,p2_0.path,o1_0.note,o1_0.price,o1_0.quantity from order_detail o1_0 join orders o2_0 on o2_0.order_id=o1_0.order_id left join customer c1_0 on c1_0.cust_id=o2_0.cust_id left join employee e1_0 on e1_0.emp_id=o2_0.employee_id join product p1_0 on p1_0.product_id=o1_0.product_id left join product_image p2_0 on p1_0.product_id=p2_0.product_id where (o1_0.order_id,o1_0.product_id) in ((?,?))
Hibernate: select o1_0.order_id,c1_0.cust_id,c1_0.address,c1_0.email,c1_0.cust_name,c1_0.phone,o1_0.employee_id,e1_0.emp_id,e1_0.address,e1_0.dob,e1_0.email,e1_0.full_name,e1_0.phone,e1_0.status,o1_0.order_date,o2_0.order_id,o2_0.product_id,p1_0.product_id,p1_0.description,p1_0.manufacturer_name,p1_0.name,p1_0.status,p1_0.unit,o2_0.note,o2_0.price,o2_0.quantity from orders o1_0 left join customer c1_0 on c1_0.cust_id=o1_0.cust_id join employee e1_0 on e1_0.emp_id=o1_0.employee_id left join order_detail o2_0 on o1_0.order_id=o2_0.order_id left join product p1_0 on p1_0.product_id=o2_0.product_id where o1_0.order_id=?
Hibernate: select p1_0.product_id,p1_0.price_date_time,p1_0.note,p1_0.price from product_price p1_0 where p1_0.product_id=?
Hibernate: select p1_0.product_id,p1_0.image_id,p1_0.alternative,p1_0.path from product_image p1_0 where p1_0.product_id=?
Hibernate: select o1_0.product_id,o1_0.order_id,o2_0.order_id,c1_0.cust_id,c1_0.address,c1_0.email,c1_0.cust_name,c1_0.phone,o2_0.employee_id,e1_0.emp_id,e1_0.address,e1_0.dob,e1_0.email,e1_0.full_name,e1_0.phone,e1_0.status,o2_0.order_date,o1_0.note,o1_0.price,o1_0.quantity from order_detail o1_0 join orders o2_0 on o2_0.order_id=o1_0.order_id left join customer c1_0 on c1_0.cust_id=o2_0.cust_id left join employee e1_0 on e1_0.emp_id=o2_0.employee_id where o1_0.product_id=?
Hibernate: select l1_0.employee_id,l1_0.order_id,c1_0.cust_id,c1_0.address,c1_0.email,c1_0.cust_name,c1_0.phone,l1_0.order_date from orders l1_0 left join customer c1_0 on c1_0.cust_id=l1_0.cust_id where l1_0.employee_id=?
Hibernate: select p1_0.product_id,p1_0.description,p1_0.manufacturer_name,p1_0.name,p1_0.status,p1_0.unit,o1_0.product_id,o1_0.order_id,o2_0.order_id,c1_0.cust_id,c1_0.address,c1_0.email,c1_0.cust_name,c1_0.phone,o2_0.employee_id,e1_0.emp_id,e1_0.address,e1_0.dob,e1_0.email,e1_0.full_name,e1_0.phone,e1_0.status,o2_0.order_date,o1_0.note,o1_0.price,o1_0.quantity from product p1_0 left join order_detail o1_0 on p1_0.product_id=o1_0.product_id left join orders o2_0 on o2_0.order_id=o1_0.order_id left join customer c1_0 on c1_0.cust_id=o2_0.cust_id left join employee e1_0 on e1_0.emp_id=o2_0.employee_id where p1_0.product_id=?
Hibernate: select p1_0.product_id,p1_0.price_date_time,p1_0.note,p1_0.price from product_price p1_0 where p1_0.product_id=?
Hibernate: select p1_0.product_id,p1_0.image_id,p1_0.alternative,p1_0.path from product_image p1_0 where p1_0.product_id=?
Hibernate: insert into order_detail (note,price,quantity,order_id,product_id) values (?,?,?,?,?)
Hibernate: update orders set cust_id=?,employee_id=?,order_date=? where order_id=?
Hibernate: select p1_0.product_id,p1_0.description,p1_0.manufacturer_name,p1_0.name,p1_0.status,p1_0.unit from product p1_0 where p1_0.product_id=?
Hibernate: select o1_0.order_id,o2_0.order_id,c1_0.cust_id,c1_0.address,c1_0.email,c1_0.cust_name,c1_0.phone,o2_0.employee_id,e1_0.emp_id,e1_0.address,e1_0.dob,e1_0.email,e1_0.full_name,e1_0.phone,e1_0.status,o2_0.order_date,o1_0.product_id,p1_0.product_id,p1_0.description,p1_0.manufacturer_name,p1_0.name,p1_0.status,p1_0.unit,p2_0.product_id,p2_0.image_id,p2_0.alternative,p2_0.path,o1_0.note,o1_0.price,o1_0.quantity from order_detail o1_0 join orders o2_0 on o2_0.order_id=o1_0.order_id left join customer c1_0 on c1_0.cust_id=o2_0.cust_id left join employee e1_0 on e1_0.emp_id=o2_0.employee_id join product p1_0 on p1_0.product_id=o1_0.product_id left join product_image p2_0 on p1_0.product_id=p2_0.product_id where (o1_0.order_id,o1_0.product_id) in ((?,?))
Hibernate: select o1_0.order_id,c1_0.cust_id,c1_0.address,c1_0.email,c1_0.cust_name,c1_0.phone,o1_0.employee_id,e1_0.emp_id,e1_0.address,e1_0.dob,e1_0.email,e1_0.full_name,e1_0.phone,e1_0.status,o1_0.order_date,o2_0.order_id,o2_0.product_id,p1_0.product_id,p1_0.description,p1_0.manufacturer_name,p1_0.name,p1_0.status,p1_0.unit,o2_0.note,o2_0.price,o2_0.quantity from orders o1_0 left join customer c1_0 on c1_0.cust_id=o1_0.cust_id join employee e1_0 on e1_0.emp_id=o1_0.employee_id left join order_detail o2_0 on o1_0.order_id=o2_0.order_id left join product p1_0 on p1_0.product_id=o2_0.product_id where o1_0.order_id=?
Hibernate: select p1_0.product_id,p1_0.price_date_time,p1_0.note,p1_0.price from product_price p1_0 where p1_0.product_id=?
Hibernate: select p1_0.product_id,p1_0.image_id,p1_0.alternative,p1_0.path from product_image p1_0 where p1_0.product_id=?
Hibernate: select o1_0.product_id,o1_0.order_id,o2_0.order_id,c1_0.cust_id,c1_0.address,c1_0.email,c1_0.cust_name,c1_0.phone,o2_0.employee_id,e1_0.emp_id,e1_0.address,e1_0.dob,e1_0.email,e1_0.full_name,e1_0.phone,e1_0.status,o2_0.order_date,o1_0.note,o1_0.price,o1_0.quantity from order_detail o1_0 join orders o2_0 on o2_0.order_id=o1_0.order_id left join customer c1_0 on c1_0.cust_id=o2_0.cust_id left join employee e1_0 on e1_0.emp_id=o2_0.employee_id where o1_0.product_id=?
Hibernate: select p1_0.product_id,p1_0.price_date_time,p1_0.note,p1_0.price from product_price p1_0 where p1_0.product_id=?
Hibernate: select p1_0.product_id,p1_0.image_id,p1_0.alternative,p1_0.path from product_image p1_0 where p1_0.product_id=?
Hibernate: select o1_0.product_id,o1_0.order_id,o2_0.order_id,c1_0.cust_id,c1_0.address,c1_0.email,c1_0.cust_name,c1_0.phone,o2_0.employee_id,e1_0.emp_id,e1_0.address,e1_0.dob,e1_0.email,e1_0.full_name,e1_0.phone,e1_0.status,o2_0.order_date,o1_0.note,o1_0.price,o1_0.quantity from order_detail o1_0 join orders o2_0 on o2_0.order_id=o1_0.order_id left join customer c1_0 on c1_0.cust_id=o2_0.cust_id left join employee e1_0 on e1_0.emp_id=o2_0.employee_id where o1_0.product_id=?
Hibernate: select l1_0.employee_id,l1_0.order_id,c1_0.cust_id,c1_0.address,c1_0.email,c1_0.cust_name,c1_0.phone,l1_0.order_date from orders l1_0 left join customer c1_0 on c1_0.cust_id=l1_0.cust_id where l1_0.employee_id=?
Hibernate: select p1_0.product_id,p1_0.description,p1_0.manufacturer_name,p1_0.name,p1_0.status,p1_0.unit,o1_0.product_id,o1_0.order_id,o2_0.order_id,c1_0.cust_id,c1_0.address,c1_0.email,c1_0.cust_name,c1_0.phone,o2_0.employee_id,e1_0.emp_id,e1_0.address,e1_0.dob,e1_0.email,e1_0.full_name,e1_0.phone,e1_0.status,o2_0.order_date,o1_0.note,o1_0.price,o1_0.quantity from product p1_0 left join order_detail o1_0 on p1_0.product_id=o1_0.product_id left join orders o2_0 on o2_0.order_id=o1_0.order_id left join customer c1_0 on c1_0.cust_id=o2_0.cust_id left join employee e1_0 on e1_0.emp_id=o2_0.employee_id where p1_0.product_id=?
Hibernate: select p1_0.product_id,p1_0.price_date_time,p1_0.note,p1_0.price from product_price p1_0 where p1_0.product_id=?
Hibernate: select p1_0.product_id,p1_0.image_id,p1_0.alternative,p1_0.path from product_image p1_0 where p1_0.product_id=?
Hibernate: select o1_0.order_id,o1_0.product_id,p1_0.product_id,p1_0.description,p1_0.manufacturer_name,p1_0.name,p1_0.status,p1_0.unit,o1_0.note,o1_0.price,o1_0.quantity from order_detail o1_0 join product p1_0 on p1_0.product_id=o1_0.product_id where o1_0.order_id=?
Hibernate: select l1_0.employee_id,l1_0.order_id,c1_0.cust_id,c1_0.address,c1_0.email,c1_0.cust_name,c1_0.phone,l1_0.order_date from orders l1_0 left join customer c1_0 on c1_0.cust_id=l1_0.cust_id where l1_0.employee_id=?
Hibernate: insert into order_detail (note,price,quantity,order_id,product_id) values (?,?,?,?,?)
Hibernate: update orders set cust_id=?,employee_id=?,order_date=? where order_id=?
Hibernate: select e1_0.emp_id,e1_0.address,e1_0.dob,e1_0.email,e1_0.full_name,e1_0.phone,e1_0.status from employee e1_0 where e1_0.emp_id=?
Hibernate: select c1_0.cust_id,c1_0.address,c1_0.email,c1_0.cust_name,c1_0.phone from customer c1_0 where c1_0.cust_id=?
Hibernate: select o1_0.order_id,c1_0.cust_id,c1_0.address,c1_0.email,c1_0.cust_name,c1_0.phone,o1_0.employee_id,e1_0.emp_id,e1_0.address,e1_0.dob,e1_0.email,e1_0.full_name,e1_0.phone,e1_0.status,o1_0.order_date,o2_0.order_id,o2_0.product_id,p1_0.product_id,p1_0.description,p1_0.manufacturer_name,p1_0.name,p1_0.status,p1_0.unit,o2_0.note,o2_0.price,o2_0.quantity from orders o1_0 left join customer c1_0 on c1_0.cust_id=o1_0.cust_id join employee e1_0 on e1_0.emp_id=o1_0.employee_id left join order_detail o2_0 on o1_0.order_id=o2_0.order_id left join product p1_0 on p1_0.product_id=o2_0.product_id where o1_0.order_id=?
Hibernate: select c1_0.cust_id,c1_0.address,c1_0.email,c1_0.cust_name,c1_0.phone from customer c1_0 where c1_0.cust_id=?
Hibernate: select e1_0.emp_id,e1_0.address,e1_0.dob,e1_0.email,e1_0.full_name,e1_0.phone,e1_0.status from employee e1_0 where e1_0.emp_id=?
Hibernate: insert into orders (cust_id,employee_id,order_date,order_id) values (?,?,?,default)
Hibernate: select p1_0.product_id,p1_0.description,p1_0.manufacturer_name,p1_0.name,p1_0.status,p1_0.unit from product p1_0 where p1_0.product_id=?
Hibernate: select o1_0.order_id,o2_0.order_id,c1_0.cust_id,c1_0.address,c1_0.email,c1_0.cust_name,c1_0.phone,o2_0.employee_id,e1_0.emp_id,e1_0.address,e1_0.dob,e1_0.email,e1_0.full_name,e1_0.phone,e1_0.status,o2_0.order_date,o1_0.product_id,p1_0.product_id,p1_0.description,p1_0.manufacturer_name,p1_0.name,p1_0.status,p1_0.unit,p2_0.product_id,p2_0.image_id,p2_0.alternative,p2_0.path,o1_0.note,o1_0.price,o1_0.quantity from order_detail o1_0 join orders o2_0 on o2_0.order_id=o1_0.order_id left join customer c1_0 on c1_0.cust_id=o2_0.cust_id left join employee e1_0 on e1_0.emp_id=o2_0.employee_id join product p1_0 on p1_0.product_id=o1_0.product_id left join product_image p2_0 on p1_0.product_id=p2_0.product_id where (o1_0.order_id,o1_0.product_id) in ((?,?))
Hibernate: select o1_0.order_id,c1_0.cust_id,c1_0.address,c1_0.email,c1_0.cust_name,c1_0.phone,o1_0.employee_id,e1_0.emp_id,e1_0.address,e1_0.dob,e1_0.email,e1_0.full_name,e1_0.phone,e1_0.status,o1_0.order_date,o2_0.order_id,o2_0.product_id,p1_0.product_id,p1_0.description,p1_0.manufacturer_name,p1_0.name,p1_0.status,p1_0.unit,o2_0.note,o2_0.price,o2_0.quantity from orders o1_0 left join customer c1_0 on c1_0.cust_id=o1_0.cust_id join employee e1_0 on e1_0.emp_id=o1_0.employee_id left join order_detail o2_0 on o1_0.order_id=o2_0.order_id left join product p1_0 on p1_0.product_id=o2_0.product_id where o1_0.order_id=?
Hibernate: select l1_0.employee_id,l1_0.order_id,c1_0.cust_id,c1_0.address,c1_0.email,c1_0.cust_name,c1_0.phone,l1_0.order_date from orders l1_0 left join customer c1_0 on c1_0.cust_id=l1_0.cust_id where l1_0.employee_id=?
Hibernate: select p1_0.product_id,p1_0.description,p1_0.manufacturer_name,p1_0.name,p1_0.status,p1_0.unit,o1_0.product_id,o1_0.order_id,o2_0.order_id,c1_0.cust_id,c1_0.address,c1_0.email,c1_0.cust_name,c1_0.phone,o2_0.employee_id,e1_0.emp_id,e1_0.address,e1_0.dob,e1_0.email,e1_0.full_name,e1_0.phone,e1_0.status,o2_0.order_date,o1_0.note,o1_0.price,o1_0.quantity from product p1_0 left join order_detail o1_0 on p1_0.product_id=o1_0.product_id left join orders o2_0 on o2_0.order_id=o1_0.order_id left join customer c1_0 on c1_0.cust_id=o2_0.cust_id left join employee e1_0 on e1_0.emp_id=o2_0.employee_id where p1_0.product_id=?
Hibernate: select p1_0.product_id,p1_0.price_date_time,p1_0.note,p1_0.price from product_price p1_0 where p1_0.product_id=?
Hibernate: select p1_0.product_id,p1_0.image_id,p1_0.alternative,p1_0.path from product_image p1_0 where p1_0.product_id=?
Hibernate: select o1_0.order_id,o1_0.product_id,p1_0.product_id,p1_0.description,p1_0.manufacturer_name,p1_0.name,p1_0.status,p1_0.unit,o1_0.note,o1_0.price,o1_0.quantity from order_detail o1_0 join product p1_0 on p1_0.product_id=o1_0.product_id where o1_0.order_id=?
Hibernate: select l1_0.employee_id,l1_0.order_id,c1_0.cust_id,c1_0.address,c1_0.email,c1_0.cust_name,c1_0.phone,l1_0.order_date from orders l1_0 left join customer c1_0 on c1_0.cust_id=l1_0.cust_id where l1_0.employee_id=?
Hibernate: insert into order_detail (note,price,quantity,order_id,product_id) values (?,?,?,?,?)
Hibernate: update orders set cust_id=?,employee_id=?,order_date=? where order_id=?
Hibernate: select p1_0.product_id,p1_0.description,p1_0.manufacturer_name,p1_0.name,p1_0.status,p1_0.unit from product p1_0 where p1_0.product_id=?
Hibernate: select o1_0.order_id,o2_0.order_id,c1_0.cust_id,c1_0.address,c1_0.email,c1_0.cust_name,c1_0.phone,o2_0.employee_id,e1_0.emp_id,e1_0.address,e1_0.dob,e1_0.email,e1_0.full_name,e1_0.phone,e1_0.status,o2_0.order_date,o1_0.product_id,p1_0.product_id,p1_0.description,p1_0.manufacturer_name,p1_0.name,p1_0.status,p1_0.unit,p2_0.product_id,p2_0.image_id,p2_0.alternative,p2_0.path,o1_0.note,o1_0.price,o1_0.quantity from order_detail o1_0 join orders o2_0 on o2_0.order_id=o1_0.order_id left join customer c1_0 on c1_0.cust_id=o2_0.cust_id left join employee e1_0 on e1_0.emp_id=o2_0.employee_id join product p1_0 on p1_0.product_id=o1_0.product_id left join product_image p2_0 on p1_0.product_id=p2_0.product_id where (o1_0.order_id,o1_0.product_id) in ((?,?))
Hibernate: select o1_0.order_id,c1_0.cust_id,c1_0.address,c1_0.email,c1_0.cust_name,c1_0.phone,o1_0.employee_id,e1_0.emp_id,e1_0.address,e1_0.dob,e1_0.email,e1_0.full_name,e1_0.phone,e1_0.status,o1_0.order_date,o2_0.order_id,o2_0.product_id,p1_0.product_id,p1_0.description,p1_0.manufacturer_name,p1_0.name,p1_0.status,p1_0.unit,o2_0.note,o2_0.price,o2_0.quantity from orders o1_0 left join customer c1_0 on c1_0.cust_id=o1_0.cust_id join employee e1_0 on e1_0.emp_id=o1_0.employee_id left join order_detail o2_0 on o1_0.order_id=o2_0.order_id left join product p1_0 on p1_0.product_id=o2_0.product_id where o1_0.order_id=?
Hibernate: select p1_0.product_id,p1_0.price_date_time,p1_0.note,p1_0.price from product_price p1_0 where p1_0.product_id=?
Hibernate: select p1_0.product_id,p1_0.image_id,p1_0.alternative,p1_0.path from product_image p1_0 where p1_0.product_id=?
Hibernate: select o1_0.product_id,o1_0.order_id,o2_0.order_id,c1_0.cust_id,c1_0.address,c1_0.email,c1_0.cust_name,c1_0.phone,o2_0.employee_id,e1_0.emp_id,e1_0.address,e1_0.dob,e1_0.email,e1_0.full_name,e1_0.phone,e1_0.status,o2_0.order_date,o1_0.note,o1_0.price,o1_0.quantity from order_detail o1_0 join orders o2_0 on o2_0.order_id=o1_0.order_id left join customer c1_0 on c1_0.cust_id=o2_0.cust_id left join employee e1_0 on e1_0.emp_id=o2_0.employee_id where o1_0.product_id=?
Hibernate: select l1_0.employee_id,l1_0.order_id,c1_0.cust_id,c1_0.address,c1_0.email,c1_0.cust_name,c1_0.phone,l1_0.order_date from orders l1_0 left join customer c1_0 on c1_0.cust_id=l1_0.cust_id where l1_0.employee_id=?
Hibernate: select p1_0.product_id,p1_0.description,p1_0.manufacturer_name,p1_0.name,p1_0.status,p1_0.unit,o1_0.product_id,o1_0.order_id,o2_0.order_id,c1_0.cust_id,c1_0.address,c1_0.email,c1_0.cust_name,c1_0.phone,o2_0.employee_id,e1_0.emp_id,e1_0.address,e1_0.dob,e1_0.email,e1_0.full_name,e1_0.phone,e1_0.status,o2_0.order_date,o1_0.note,o1_0.price,o1_0.quantity from product p1_0 left join order_detail o1_0 on p1_0.product_id=o1_0.product_id left join orders o2_0 on o2_0.order_id=o1_0.order_id left join customer c1_0 on c1_0.cust_id=o2_0.cust_id left join employee e1_0 on e1_0.emp_id=o2_0.employee_id where p1_0.product_id=?
Hibernate: select p1_0.product_id,p1_0.price_date_time,p1_0.note,p1_0.price from product_price p1_0 where p1_0.product_id=?
Hibernate: select p1_0.product_id,p1_0.image_id,p1_0.alternative,p1_0.path from product_image p1_0 where p1_0.product_id=?
Hibernate: insert into order_detail (note,price,quantity,order_id,product_id) values (?,?,?,?,?)
Hibernate: update orders set cust_id=?,employee_id=?,order_date=? where order_id=?
Hibernate: select p1_0.product_id,p1_0.description,p1_0.manufacturer_name,p1_0.name,p1_0.status,p1_0.unit from product p1_0 where p1_0.product_id=?
Hibernate: select o1_0.order_id,o2_0.order_id,c1_0.cust_id,c1_0.address,c1_0.email,c1_0.cust_name,c1_0.phone,o2_0.employee_id,e1_0.emp_id,e1_0.address,e1_0.dob,e1_0.email,e1_0.full_name,e1_0.phone,e1_0.status,o2_0.order_date,o1_0.product_id,p1_0.product_id,p1_0.description,p1_0.manufacturer_name,p1_0.name,p1_0.status,p1_0.unit,p2_0.product_id,p2_0.image_id,p2_0.alternative,p2_0.path,o1_0.note,o1_0.price,o1_0.quantity from order_detail o1_0 join orders o2_0 on o2_0.order_id=o1_0.order_id left join customer c1_0 on c1_0.cust_id=o2_0.cust_id left join employee e1_0 on e1_0.emp_id=o2_0.employee_id join product p1_0 on p1_0.product_id=o1_0.product_id left join product_image p2_0 on p1_0.product_id=p2_0.product_id where (o1_0.order_id,o1_0.product_id) in ((?,?))
Hibernate: select o1_0.order_id,c1_0.cust_id,c1_0.address,c1_0.email,c1_0.cust_name,c1_0.phone,o1_0.employee_id,e1_0.emp_id,e1_0.address,e1_0.dob,e1_0.email,e1_0.full_name,e1_0.phone,e1_0.status,o1_0.order_date,o2_0.order_id,o2_0.product_id,p1_0.product_id,p1_0.description,p1_0.manufacturer_name,p1_0.name,p1_0.status,p1_0.unit,o2_0.note,o2_0.price,o2_0.quantity from orders o1_0 left join customer c1_0 on c1_0.cust_id=o1_0.cust_id join employee e1_0 on e1_0.emp_id=o1_0.employee_id left join order_detail o2_0 on o1_0.order_id=o2_0.order_id left join product p1_0 on p1_0.product_id=o2_0.product_id where o1_0.order_id=?
Hibernate: select p1_0.product_id,p1_0.price_date_time,p1_0.note,p1_0.price from product_price p1_0 where p1_0.product_id=?
Hibernate: select p1_0.product_id,p1_0.image_id,p1_0.alternative,p1_0.path from product_image p1_0 where p1_0.product_id=?
Hibernate: select o1_0.product_id,o1_0.order_id,o2_0.order_id,c1_0.cust_id,c1_0.address,c1_0.email,c1_0.cust_name,c1_0.phone,o2_0.employee_id,e1_0.emp_id,e1_0.address,e1_0.dob,e1_0.email,e1_0.full_name,e1_0.phone,e1_0.status,o2_0.order_date,o1_0.note,o1_0.price,o1_0.quantity from order_detail o1_0 join orders o2_0 on o2_0.order_id=o1_0.order_id left join customer c1_0 on c1_0.cust_id=o2_0.cust_id left join employee e1_0 on e1_0.emp_id=o2_0.employee_id where o1_0.product_id=?
Hibernate: select p1_0.product_id,p1_0.price_date_time,p1_0.note,p1_0.price from product_price p1_0 where p1_0.product_id=?
Hibernate: select p1_0.product_id,p1_0.image_id,p1_0.alternative,p1_0.path from product_image p1_0 where p1_0.product_id=?
Hibernate: select o1_0.product_id,o1_0.order_id,o2_0.order_id,c1_0.cust_id,c1_0.address,c1_0.email,c1_0.cust_name,c1_0.phone,o2_0.employee_id,e1_0.emp_id,e1_0.address,e1_0.dob,e1_0.email,e1_0.full_name,e1_0.phone,e1_0.status,o2_0.order_date,o1_0.note,o1_0.price,o1_0.quantity from order_detail o1_0 join orders o2_0 on o2_0.order_id=o1_0.order_id left join customer c1_0 on c1_0.cust_id=o2_0.cust_id left join employee e1_0 on e1_0.emp_id=o2_0.employee_id where o1_0.product_id=?
Hibernate: select l1_0.employee_id,l1_0.order_id,c1_0.cust_id,c1_0.address,c1_0.email,c1_0.cust_name,c1_0.phone,l1_0.order_date from orders l1_0 left join customer c1_0 on c1_0.cust_id=l1_0.cust_id where l1_0.employee_id=?
Hibernate: select p1_0.product_id,p1_0.description,p1_0.manufacturer_name,p1_0.name,p1_0.status,p1_0.unit,o1_0.product_id,o1_0.order_id,o2_0.order_id,c1_0.cust_id,c1_0.address,c1_0.email,c1_0.cust_name,c1_0.phone,o2_0.employee_id,e1_0.emp_id,e1_0.address,e1_0.dob,e1_0.email,e1_0.full_name,e1_0.phone,e1_0.status,o2_0.order_date,o1_0.note,o1_0.price,o1_0.quantity from product p1_0 left join order_detail o1_0 on p1_0.product_id=o1_0.product_id left join orders o2_0 on o2_0.order_id=o1_0.order_id left join customer c1_0 on c1_0.cust_id=o2_0.cust_id left join employee e1_0 on e1_0.emp_id=o2_0.employee_id where p1_0.product_id=?
Hibernate: select p1_0.product_id,p1_0.price_date_time,p1_0.note,p1_0.price from product_price p1_0 where p1_0.product_id=?
Hibernate: select p1_0.product_id,p1_0.image_id,p1_0.alternative,p1_0.path from product_image p1_0 where p1_0.product_id=?
Hibernate: insert into order_detail (note,price,quantity,order_id,product_id) values (?,?,?,?,?)
Hibernate: update orders set cust_id=?,employee_id=?,order_date=? where order_id=?
Hibernate: select e1_0.emp_id,e1_0.address,e1_0.dob,e1_0.email,e1_0.full_name,e1_0.phone,e1_0.status from employee e1_0 where e1_0.emp_id=?
Hibernate: select c1_0.cust_id,c1_0.address,c1_0.email,c1_0.cust_name,c1_0.phone from customer c1_0 where c1_0.cust_id=?
Hibernate: select o1_0.order_id,c1_0.cust_id,c1_0.address,c1_0.email,c1_0.cust_name,c1_0.phone,o1_0.employee_id,e1_0.emp_id,e1_0.address,e1_0.dob,e1_0.email,e1_0.full_name,e1_0.phone,e1_0.status,o1_0.order_date,o2_0.order_id,o2_0.product_id,p1_0.product_id,p1_0.description,p1_0.manufacturer_name,p1_0.name,p1_0.status,p1_0.unit,o2_0.note,o2_0.price,o2_0.quantity from orders o1_0 left join customer c1_0 on c1_0.cust_id=o1_0.cust_id join employee e1_0 on e1_0.emp_id=o1_0.employee_id left join order_detail o2_0 on o1_0.order_id=o2_0.order_id left join product p1_0 on p1_0.product_id=o2_0.product_id where o1_0.order_id=?
Hibernate: select c1_0.cust_id,c1_0.address,c1_0.email,c1_0.cust_name,c1_0.phone from customer c1_0 where c1_0.cust_id=?
Hibernate: select e1_0.emp_id,e1_0.address,e1_0.dob,e1_0.email,e1_0.full_name,e1_0.phone,e1_0.status from employee e1_0 where e1_0.emp_id=?
Hibernate: insert into orders (cust_id,employee_id,order_date,order_id) values (?,?,?,default)
Hibernate: select p1_0.product_id,p1_0.description,p1_0.manufacturer_name,p1_0.name,p1_0.status,p1_0.unit from product p1_0 where p1_0.product_id=?
Hibernate: select o1_0.order_id,o2_0.order_id,c1_0.cust_id,c1_0.address,c1_0.email,c1_0.cust_name,c1_0.phone,o2_0.employee_id,e1_0.emp_id,e1_0.address,e1_0.dob,e1_0.email,e1_0.full_name,e1_0.phone,e1_0.status,o2_0.order_date,o1_0.product_id,p1_0.product_id,p1_0.description,p1_0.manufacturer_name,p1_0.name,p1_0.status,p1_0.unit,p2_0.product_id,p2_0.image_id,p2_0.alternative,p2_0.path,o1_0.note,o1_0.price,o1_0.quantity from order_detail o1_0 join orders o2_0 on o2_0.order_id=o1_0.order_id left join customer c1_0 on c1_0.cust_id=o2_0.cust_id left join employee e1_0 on e1_0.emp_id=o2_0.employee_id join product p1_0 on p1_0.product_id=o1_0.product_id left join product_image p2_0 on p1_0.product_id=p2_0.product_id where (o1_0.order_id,o1_0.product_id) in ((?,?))
Hibernate: select o1_0.order_id,c1_0.cust_id,c1_0.address,c1_0.email,c1_0.cust_name,c1_0.phone,o1_0.employee_id,e1_0.emp_id,e1_0.address,e1_0.dob,e1_0.email,e1_0.full_name,e1_0.phone,e1_0.status,o1_0.order_date,o2_0.order_id,o2_0.product_id,p1_0.product_id,p1_0.description,p1_0.manufacturer_name,p1_0.name,p1_0.status,p1_0.unit,o2_0.note,o2_0.price,o2_0.quantity from orders o1_0 left join customer c1_0 on c1_0.cust_id=o1_0.cust_id join employee e1_0 on e1_0.emp_id=o1_0.employee_id left join order_detail o2_0 on o1_0.order_id=o2_0.order_id left join product p1_0 on p1_0.product_id=o2_0.product_id where o1_0.order_id=?
Hibernate: select l1_0.employee_id,l1_0.order_id,c1_0.cust_id,c1_0.address,c1_0.email,c1_0.cust_name,c1_0.phone,l1_0.order_date from orders l1_0 left join customer c1_0 on c1_0.cust_id=l1_0.cust_id where l1_0.employee_id=?
Hibernate: select p1_0.product_id,p1_0.description,p1_0.manufacturer_name,p1_0.name,p1_0.status,p1_0.unit,o1_0.product_id,o1_0.order_id,o2_0.order_id,c1_0.cust_id,c1_0.address,c1_0.email,c1_0.cust_name,c1_0.phone,o2_0.employee_id,e1_0.emp_id,e1_0.address,e1_0.dob,e1_0.email,e1_0.full_name,e1_0.phone,e1_0.status,o2_0.order_date,o1_0.note,o1_0.price,o1_0.quantity from product p1_0 left join order_detail o1_0 on p1_0.product_id=o1_0.product_id left join orders o2_0 on o2_0.order_id=o1_0.order_id left join customer c1_0 on c1_0.cust_id=o2_0.cust_id left join employee e1_0 on e1_0.emp_id=o2_0.employee_id where p1_0.product_id=?
Hibernate: select p1_0.product_id,p1_0.price_date_time,p1_0.note,p1_0.price from product_price p1_0 where p1_0.product_id=?
Hibernate: select p1_0.product_id,p1_0.image_id,p1_0.alternative,p1_0.path from product_image p1_0 where p1_0.product_id=?
Hibernate: insert into order_detail (note,price,quantity,order_id,product_id) values (?,?,?,?,?)
Hibernate: update orders set cust_id=?,employee_id=?,order_date=? where order_id=?
Hibernate: select p1_0.product_id,p1_0.description,p1_0.manufacturer_name,p1_0.name,p1_0.status,p1_0.unit from product p1_0 where p1_0.product_id=?
Hibernate: select o1_0.order_id,o2_0.order_id,c1_0.cust_id,c1_0.address,c1_0.email,c1_0.cust_name,c1_0.phone,o2_0.employee_id,e1_0.emp_id,e1_0.address,e1_0.dob,e1_0.email,e1_0.full_name,e1_0.phone,e1_0.status,o2_0.order_date,o1_0.product_id,p1_0.product_id,p1_0.description,p1_0.manufacturer_name,p1_0.name,p1_0.status,p1_0.unit,p2_0.product_id,p2_0.image_id,p2_0.alternative,p2_0.path,o1_0.note,o1_0.price,o1_0.quantity from order_detail o1_0 join orders o2_0 on o2_0.order_id=o1_0.order_id left join customer c1_0 on c1_0.cust_id=o2_0.cust_id left join employee e1_0 on e1_0.emp_id=o2_0.employee_id join product p1_0 on p1_0.product_id=o1_0.product_id left join product_image p2_0 on p1_0.product_id=p2_0.product_id where (o1_0.order_id,o1_0.product_id) in ((?,?))
Hibernate: select o1_0.order_id,c1_0.cust_id,c1_0.address,c1_0.email,c1_0.cust_name,c1_0.phone,o1_0.employee_id,e1_0.emp_id,e1_0.address,e1_0.dob,e1_0.email,e1_0.full_name,e1_0.phone,e1_0.status,o1_0.order_date,o2_0.order_id,o2_0.product_id,p1_0.product_id,p1_0.description,p1_0.manufacturer_name,p1_0.name,p1_0.status,p1_0.unit,o2_0.note,o2_0.price,o2_0.quantity from orders o1_0 left join customer c1_0 on c1_0.cust_id=o1_0.cust_id join employee e1_0 on e1_0.emp_id=o1_0.employee_id left join order_detail o2_0 on o1_0.order_id=o2_0.order_id left join product p1_0 on p1_0.product_id=o2_0.product_id where o1_0.order_id=?
Hibernate: select p1_0.product_id,p1_0.price_date_time,p1_0.note,p1_0.price from product_price p1_0 where p1_0.product_id=?
Hibernate: select p1_0.product_id,p1_0.image_id,p1_0.alternative,p1_0.path from product_image p1_0 where p1_0.product_id=?
Hibernate: select o1_0.product_id,o1_0.order_id,o2_0.order_id,c1_0.cust_id,c1_0.address,c1_0.email,c1_0.cust_name,c1_0.phone,o2_0.employee_id,e1_0.emp_id,e1_0.address,e1_0.dob,e1_0.email,e1_0.full_name,e1_0.phone,e1_0.status,o2_0.order_date,o1_0.note,o1_0.price,o1_0.quantity from order_detail o1_0 join orders o2_0 on o2_0.order_id=o1_0.order_id left join customer c1_0 on c1_0.cust_id=o2_0.cust_id left join employee e1_0 on e1_0.emp_id=o2_0.employee_id where o1_0.product_id=?
Hibernate: select l1_0.employee_id,l1_0.order_id,c1_0.cust_id,c1_0.address,c1_0.email,c1_0.cust_name,c1_0.phone,l1_0.order_date from orders l1_0 left join customer c1_0 on c1_0.cust_id=l1_0.cust_id where l1_0.employee_id=?
Hibernate: select p1_0.product_id,p1_0.description,p1_0.manufacturer_name,p1_0.name,p1_0.status,p1_0.unit,o1_0.product_id,o1_0.order_id,o2_0.order_id,c1_0.cust_id,c1_0.address,c1_0.email,c1_0.cust_name,c1_0.phone,o2_0.employee_id,e1_0.emp_id,e1_0.address,e1_0.dob,e1_0.email,e1_0.full_name,e1_0.phone,e1_0.status,o2_0.order_date,o1_0.note,o1_0.price,o1_0.quantity from product p1_0 left join order_detail o1_0 on p1_0.product_id=o1_0.product_id left join orders o2_0 on o2_0.order_id=o1_0.order_id left join customer c1_0 on c1_0.cust_id=o2_0.cust_id left join employee e1_0 on e1_0.emp_id=o2_0.employee_id where p1_0.product_id=?
Hibernate: select p1_0.product_id,p1_0.price_date_time,p1_0.note,p1_0.price from product_price p1_0 where p1_0.product_id=?
Hibernate: select p1_0.product_id,p1_0.image_id,p1_0.alternative,p1_0.path from product_image p1_0 where p1_0.product_id=?
Hibernate: select o1_0.order_id,o1_0.product_id,p1_0.product_id,p1_0.description,p1_0.manufacturer_name,p1_0.name,p1_0.status,p1_0.unit,o1_0.note,o1_0.price,o1_0.quantity from order_detail o1_0 join product p1_0 on p1_0.product_id=o1_0.product_id where o1_0.order_id=?
Hibernate: select l1_0.employee_id,l1_0.order_id,c1_0.cust_id,c1_0.address,c1_0.email,c1_0.cust_name,c1_0.phone,l1_0.order_date from orders l1_0 left join customer c1_0 on c1_0.cust_id=l1_0.cust_id where l1_0.employee_id=?
Hibernate: insert into order_detail (note,price,quantity,order_id,product_id) values (?,?,?,?,?)
Hibernate: update orders set cust_id=?,employee_id=?,order_date=? where order_id=?
Hibernate: select p1_0.product_id,p1_0.description,p1_0.manufacturer_name,p1_0.name,p1_0.status,p1_0.unit from product p1_0 where p1_0.product_id=?
Hibernate: select o1_0.order_id,o2_0.order_id,c1_0.cust_id,c1_0.address,c1_0.email,c1_0.cust_name,c1_0.phone,o2_0.employee_id,e1_0.emp_id,e1_0.address,e1_0.dob,e1_0.email,e1_0.full_name,e1_0.phone,e1_0.status,o2_0.order_date,o1_0.product_id,p1_0.product_id,p1_0.description,p1_0.manufacturer_name,p1_0.name,p1_0.status,p1_0.unit,p2_0.product_id,p2_0.image_id,p2_0.alternative,p2_0.path,o1_0.note,o1_0.price,o1_0.quantity from order_detail o1_0 join orders o2_0 on o2_0.order_id=o1_0.order_id left join customer c1_0 on c1_0.cust_id=o2_0.cust_id left join employee e1_0 on e1_0.emp_id=o2_0.employee_id join product p1_0 on p1_0.product_id=o1_0.product_id left join product_image p2_0 on p1_0.product_id=p2_0.product_id where (o1_0.order_id,o1_0.product_id) in ((?,?))
Hibernate: select o1_0.order_id,c1_0.cust_id,c1_0.address,c1_0.email,c1_0.cust_name,c1_0.phone,o1_0.employee_id,e1_0.emp_id,e1_0.address,e1_0.dob,e1_0.email,e1_0.full_name,e1_0.phone,e1_0.status,o1_0.order_date,o2_0.order_id,o2_0.product_id,p1_0.product_id,p1_0.description,p1_0.manufacturer_name,p1_0.name,p1_0.status,p1_0.unit,o2_0.note,o2_0.price,o2_0.quantity from orders o1_0 left join customer c1_0 on c1_0.cust_id=o1_0.cust_id join employee e1_0 on e1_0.emp_id=o1_0.employee_id left join order_detail o2_0 on o1_0.order_id=o2_0.order_id left join product p1_0 on p1_0.product_id=o2_0.product_id where o1_0.order_id=?
Hibernate: select p1_0.product_id,p1_0.price_date_time,p1_0.note,p1_0.price from product_price p1_0 where p1_0.product_id=?
Hibernate: select p1_0.product_id,p1_0.image_id,p1_0.alternative,p1_0.path from product_image p1_0 where p1_0.product_id=?
Hibernate: select o1_0.product_id,o1_0.order_id,o2_0.order_id,c1_0.cust_id,c1_0.address,c1_0.email,c1_0.cust_name,c1_0.phone,o2_0.employee_id,e1_0.emp_id,e1_0.address,e1_0.dob,e1_0.email,e1_0.full_name,e1_0.phone,e1_0.status,o2_0.order_date,o1_0.note,o1_0.price,o1_0.quantity from order_detail o1_0 join orders o2_0 on o2_0.order_id=o1_0.order_id left join customer c1_0 on c1_0.cust_id=o2_0.cust_id left join employee e1_0 on e1_0.emp_id=o2_0.employee_id where o1_0.product_id=?
Hibernate: select p1_0.product_id,p1_0.price_date_time,p1_0.note,p1_0.price from product_price p1_0 where p1_0.product_id=?
Hibernate: select p1_0.product_id,p1_0.image_id,p1_0.alternative,p1_0.path from product_image p1_0 where p1_0.product_id=?
Hibernate: select o1_0.product_id,o1_0.order_id,o2_0.order_id,c1_0.cust_id,c1_0.address,c1_0.email,c1_0.cust_name,c1_0.phone,o2_0.employee_id,e1_0.emp_id,e1_0.address,e1_0.dob,e1_0.email,e1_0.full_name,e1_0.phone,e1_0.status,o2_0.order_date,o1_0.note,o1_0.price,o1_0.quantity from order_detail o1_0 join orders o2_0 on o2_0.order_id=o1_0.order_id left join customer c1_0 on c1_0.cust_id=o2_0.cust_id left join employee e1_0 on e1_0.emp_id=o2_0.employee_id where o1_0.product_id=?
Hibernate: select l1_0.employee_id,l1_0.order_id,c1_0.cust_id,c1_0.address,c1_0.email,c1_0.cust_name,c1_0.phone,l1_0.order_date from orders l1_0 left join customer c1_0 on c1_0.cust_id=l1_0.cust_id where l1_0.employee_id=?
Hibernate: select p1_0.product_id,p1_0.description,p1_0.manufacturer_name,p1_0.name,p1_0.status,p1_0.unit,o1_0.product_id,o1_0.order_id,o2_0.order_id,c1_0.cust_id,c1_0.address,c1_0.email,c1_0.cust_name,c1_0.phone,o2_0.employee_id,e1_0.emp_id,e1_0.address,e1_0.dob,e1_0.email,e1_0.full_name,e1_0.phone,e1_0.status,o2_0.order_date,o1_0.note,o1_0.price,o1_0.quantity from product p1_0 left join order_detail o1_0 on p1_0.product_id=o1_0.product_id left join orders o2_0 on o2_0.order_id=o1_0.order_id left join customer c1_0 on c1_0.cust_id=o2_0.cust_id left join employee e1_0 on e1_0.emp_id=o2_0.employee_id where p1_0.product_id=?
Hibernate: select p1_0.product_id,p1_0.price_date_time,p1_0.note,p1_0.price from product_price p1_0 where p1_0.product_id=?
Hibernate: select p1_0.product_id,p1_0.image_id,p1_0.alternative,p1_0.path from product_image p1_0 where p1_0.product_id=?
Hibernate: insert into order_detail (note,price,quantity,order_id,product_id) values (?,?,?,?,?)
Hibernate: update orders set cust_id=?,employee_id=?,order_date=? where order_id=?
Hibernate: select e1_0.emp_id,e1_0.address,e1_0.dob,e1_0.email,e1_0.full_name,e1_0.phone,e1_0.status from employee e1_0 where e1_0.emp_id=?
Hibernate: select c1_0.cust_id,c1_0.address,c1_0.email,c1_0.cust_name,c1_0.phone from customer c1_0 where c1_0.cust_id=?
Hibernate: select o1_0.order_id,c1_0.cust_id,c1_0.address,c1_0.email,c1_0.cust_name,c1_0.phone,o1_0.employee_id,e1_0.emp_id,e1_0.address,e1_0.dob,e1_0.email,e1_0.full_name,e1_0.phone,e1_0.status,o1_0.order_date,o2_0.order_id,o2_0.product_id,p1_0.product_id,p1_0.description,p1_0.manufacturer_name,p1_0.name,p1_0.status,p1_0.unit,o2_0.note,o2_0.price,o2_0.quantity from orders o1_0 left join customer c1_0 on c1_0.cust_id=o1_0.cust_id join employee e1_0 on e1_0.emp_id=o1_0.employee_id left join order_detail o2_0 on o1_0.order_id=o2_0.order_id left join product p1_0 on p1_0.product_id=o2_0.product_id where o1_0.order_id=?
Hibernate: select c1_0.cust_id,c1_0.address,c1_0.email,c1_0.cust_name,c1_0.phone from customer c1_0 where c1_0.cust_id=?
Hibernate: select e1_0.emp_id,e1_0.address,e1_0.dob,e1_0.email,e1_0.full_name,e1_0.phone,e1_0.status from employee e1_0 where e1_0.emp_id=?
Hibernate: insert into orders (cust_id,employee_id,order_date,order_id) values (?,?,?,default)
Hibernate: select p1_0.product_id,p1_0.description,p1_0.manufacturer_name,p1_0.name,p1_0.status,p1_0.unit from product p1_0 where p1_0.product_id=?
Hibernate: select o1_0.order_id,o2_0.order_id,c1_0.cust_id,c1_0.address,c1_0.email,c1_0.cust_name,c1_0.phone,o2_0.employee_id,e1_0.emp_id,e1_0.address,e1_0.dob,e1_0.email,e1_0.full_name,e1_0.phone,e1_0.status,o2_0.order_date,o1_0.product_id,p1_0.product_id,p1_0.description,p1_0.manufacturer_name,p1_0.name,p1_0.status,p1_0.unit,p2_0.product_id,p2_0.image_id,p2_0.alternative,p2_0.path,o1_0.note,o1_0.price,o1_0.quantity from order_detail o1_0 join orders o2_0 on o2_0.order_id=o1_0.order_id left join customer c1_0 on c1_0.cust_id=o2_0.cust_id left join employee e1_0 on e1_0.emp_id=o2_0.employee_id join product p1_0 on p1_0.product_id=o1_0.product_id left join product_image p2_0 on p1_0.product_id=p2_0.product_id where (o1_0.order_id,o1_0.product_id) in ((?,?))
Hibernate: select o1_0.order_id,c1_0.cust_id,c1_0.address,c1_0.email,c1_0.cust_name,c1_0.phone,o1_0.employee_id,e1_0.emp_id,e1_0.address,e1_0.dob,e1_0.email,e1_0.full_name,e1_0.phone,e1_0.status,o1_0.order_date,o2_0.order_id,o2_0.product_id,p1_0.product_id,p1_0.description,p1_0.manufacturer_name,p1_0.name,p1_0.status,p1_0.unit,o2_0.note,o2_0.price,o2_0.quantity from orders o1_0 left join customer c1_0 on c1_0.cust_id=o1_0.cust_id join employee e1_0 on e1_0.emp_id=o1_0.employee_id left join order_detail o2_0 on o1_0.order_id=o2_0.order_id left join product p1_0 on p1_0.product_id=o2_0.product_id where o1_0.order_id=?
Hibernate: select l1_0.employee_id,l1_0.order_id,c1_0.cust_id,c1_0.address,c1_0.email,c1_0.cust_name,c1_0.phone,l1_0.order_date from orders l1_0 left join customer c1_0 on c1_0.cust_id=l1_0.cust_id where l1_0.employee_id=?
Hibernate: select p1_0.product_id,p1_0.description,p1_0.manufacturer_name,p1_0.name,p1_0.status,p1_0.unit,o1_0.product_id,o1_0.order_id,o2_0.order_id,c1_0.cust_id,c1_0.address,c1_0.email,c1_0.cust_name,c1_0.phone,o2_0.employee_id,e1_0.emp_id,e1_0.address,e1_0.dob,e1_0.email,e1_0.full_name,e1_0.phone,e1_0.status,o2_0.order_date,o1_0.note,o1_0.price,o1_0.quantity from product p1_0 left join order_detail o1_0 on p1_0.product_id=o1_0.product_id left join orders o2_0 on o2_0.order_id=o1_0.order_id left join customer c1_0 on c1_0.cust_id=o2_0.cust_id left join employee e1_0 on e1_0.emp_id=o2_0.employee_id where p1_0.product_id=?
Hibernate: select p1_0.product_id,p1_0.price_date_time,p1_0.note,p1_0.price from product_price p1_0 where p1_0.product_id=?
Hibernate: select p1_0.product_id,p1_0.image_id,p1_0.alternative,p1_0.path from product_image p1_0 where p1_0.product_id=?
Hibernate: select o1_0.order_id,o1_0.product_id,p1_0.product_id,p1_0.description,p1_0.manufacturer_name,p1_0.name,p1_0.status,p1_0.unit,o1_0.note,o1_0.price,o1_0.quantity from order_detail o1_0 join product p1_0 on p1_0.product_id=o1_0.product_id where o1_0.order_id=?
Hibernate: select l1_0.employee_id,l1_0.order_id,c1_0.cust_id,c1_0.address,c1_0.email,c1_0.cust_name,c1_0.phone,l1_0.order_date from orders l1_0 left join customer c1_0 on c1_0.cust_id=l1_0.cust_id where l1_0.employee_id=?
Hibernate: insert into order_detail (note,price,quantity,order_id,product_id) values (?,?,?,?,?)
Hibernate: update orders set cust_id=?,employee_id=?,order_date=? where order_id=?
Hibernate: select p1_0.product_id,p1_0.description,p1_0.manufacturer_name,p1_0.name,p1_0.status,p1_0.unit from product p1_0 where p1_0.product_id=?
Hibernate: select o1_0.order_id,o2_0.order_id,c1_0.cust_id,c1_0.address,c1_0.email,c1_0.cust_name,c1_0.phone,o2_0.employee_id,e1_0.emp_id,e1_0.address,e1_0.dob,e1_0.email,e1_0.full_name,e1_0.phone,e1_0.status,o2_0.order_date,o1_0.product_id,p1_0.product_id,p1_0.description,p1_0.manufacturer_name,p1_0.name,p1_0.status,p1_0.unit,p2_0.product_id,p2_0.image_id,p2_0.alternative,p2_0.path,o1_0.note,o1_0.price,o1_0.quantity from order_detail o1_0 join orders o2_0 on o2_0.order_id=o1_0.order_id left join customer c1_0 on c1_0.cust_id=o2_0.cust_id left join employee e1_0 on e1_0.emp_id=o2_0.employee_id join product p1_0 on p1_0.product_id=o1_0.product_id left join product_image p2_0 on p1_0.product_id=p2_0.product_id where (o1_0.order_id,o1_0.product_id) in ((?,?))
Hibernate: select o1_0.order_id,c1_0.cust_id,c1_0.address,c1_0.email,c1_0.cust_name,c1_0.phone,o1_0.employee_id,e1_0.emp_id,e1_0.address,e1_0.dob,e1_0.email,e1_0.full_name,e1_0.phone,e1_0.status,o1_0.order_date,o2_0.order_id,o2_0.product_id,p1_0.product_id,p1_0.description,p1_0.manufacturer_name,p1_0.name,p1_0.status,p1_0.unit,o2_0.note,o2_0.price,o2_0.quantity from orders o1_0 left join customer c1_0 on c1_0.cust_id=o1_0.cust_id join employee e1_0 on e1_0.emp_id=o1_0.employee_id left join order_detail o2_0 on o1_0.order_id=o2_0.order_id left join product p1_0 on p1_0.product_id=o2_0.product_id where o1_0.order_id=?
Hibernate: select p1_0.product_id,p1_0.price_date_time,p1_0.note,p1_0.price from product_price p1_0 where p1_0.product_id=?
Hibernate: select p1_0.product_id,p1_0.image_id,p1_0.alternative,p1_0.path from product_image p1_0 where p1_0.product_id=?
Hibernate: select o1_0.product_id,o1_0.order_id,o2_0.order_id,c1_0.cust_id,c1_0.address,c1_0.email,c1_0.cust_name,c1_0.phone,o2_0.employee_id,e1_0.emp_id,e1_0.address,e1_0.dob,e1_0.email,e1_0.full_name,e1_0.phone,e1_0.status,o2_0.order_date,o1_0.note,o1_0.price,o1_0.quantity from order_detail o1_0 join orders o2_0 on o2_0.order_id=o1_0.order_id left join customer c1_0 on c1_0.cust_id=o2_0.cust_id left join employee e1_0 on e1_0.emp_id=o2_0.employee_id where o1_0.product_id=?
Hibernate: select l1_0.employee_id,l1_0.order_id,c1_0.cust_id,c1_0.address,c1_0.email,c1_0.cust_name,c1_0.phone,l1_0.order_date from orders l1_0 left join customer c1_0 on c1_0.cust_id=l1_0.cust_id where l1_0.employee_id=?
Hibernate: select p1_0.product_id,p1_0.description,p1_0.manufacturer_name,p1_0.name,p1_0.status,p1_0.unit,o1_0.product_id,o1_0.order_id,o2_0.order_id,c1_0.cust_id,c1_0.address,c1_0.email,c1_0.cust_name,c1_0.phone,o2_0.employee_id,e1_0.emp_id,e1_0.address,e1_0.dob,e1_0.email,e1_0.full_name,e1_0.phone,e1_0.status,o2_0.order_date,o1_0.note,o1_0.price,o1_0.quantity from product p1_0 left join order_detail o1_0 on p1_0.product_id=o1_0.product_id left join orders o2_0 on o2_0.order_id=o1_0.order_id left join customer c1_0 on c1_0.cust_id=o2_0.cust_id left join employee e1_0 on e1_0.emp_id=o2_0.employee_id where p1_0.product_id=?
Hibernate: select p1_0.product_id,p1_0.price_date_time,p1_0.note,p1_0.price from product_price p1_0 where p1_0.product_id=?
Hibernate: select p1_0.product_id,p1_0.image_id,p1_0.alternative,p1_0.path from product_image p1_0 where p1_0.product_id=?
Hibernate: insert into order_detail (note,price,quantity,order_id,product_id) values (?,?,?,?,?)
Hibernate: update orders set cust_id=?,employee_id=?,order_date=? where order_id=?
Hibernate: select p1_0.product_id,p1_0.description,p1_0.manufacturer_name,p1_0.name,p1_0.status,p1_0.unit from product p1_0 where p1_0.product_id=?
Hibernate: select o1_0.order_id,o2_0.order_id,c1_0.cust_id,c1_0.address,c1_0.email,c1_0.cust_name,c1_0.phone,o2_0.employee_id,e1_0.emp_id,e1_0.address,e1_0.dob,e1_0.email,e1_0.full_name,e1_0.phone,e1_0.status,o2_0.order_date,o1_0.product_id,p1_0.product_id,p1_0.description,p1_0.manufacturer_name,p1_0.name,p1_0.status,p1_0.unit,p2_0.product_id,p2_0.image_id,p2_0.alternative,p2_0.path,o1_0.note,o1_0.price,o1_0.quantity from order_detail o1_0 join orders o2_0 on o2_0.order_id=o1_0.order_id left join customer c1_0 on c1_0.cust_id=o2_0.cust_id left join employee e1_0 on e1_0.emp_id=o2_0.employee_id join product p1_0 on p1_0.product_id=o1_0.product_id left join product_image p2_0 on p1_0.product_id=p2_0.product_id where (o1_0.order_id,o1_0.product_id) in ((?,?))
Hibernate: select o1_0.order_id,c1_0.cust_id,c1_0.address,c1_0.email,c1_0.cust_name,c1_0.phone,o1_0.employee_id,e1_0.emp_id,e1_0.address,e1_0.dob,e1_0.email,e1_0.full_name,e1_0.phone,e1_0.status,o1_0.order_date,o2_0.order_id,o2_0.product_id,p1_0.product_id,p1_0.description,p1_0.manufacturer_name,p1_0.name,p1_0.status,p1_0.unit,o2_0.note,o2_0.price,o2_0.quantity from orders o1_0 left join customer c1_0 on c1_0.cust_id=o1_0.cust_id join employee e1_0 on e1_0.emp_id=o1_0.employee_id left join order_detail o2_0 on o1_0.order_id=o2_0.order_id left join product p1_0 on p1_0.product_id=o2_0.product_id where o1_0.order_id=?
Hibernate: select p1_0.product_id,p1_0.price_date_time,p1_0.note,p1_0.price from product_price p1_0 where p1_0.product_id=?
Hibernate: select p1_0.product_id,p1_0.image_id,p1_0.alternative,p1_0.path from product_image p1_0 where p1_0.product_id=?
Hibernate: select o1_0.product_id,o1_0.order_id,o2_0.order_id,c1_0.cust_id,c1_0.address,c1_0.email,c1_0.cust_name,c1_0.phone,o2_0.employee_id,e1_0.emp_id,e1_0.address,e1_0.dob,e1_0.email,e1_0.full_name,e1_0.phone,e1_0.status,o2_0.order_date,o1_0.note,o1_0.price,o1_0.quantity from order_detail o1_0 join orders o2_0 on o2_0.order_id=o1_0.order_id left join customer c1_0 on c1_0.cust_id=o2_0.cust_id left join employee e1_0 on e1_0.emp_id=o2_0.employee_id where o1_0.product_id=?
Hibernate: select p1_0.product_id,p1_0.price_date_time,p1_0.note,p1_0.price from product_price p1_0 where p1_0.product_id=?
Hibernate: select p1_0.product_id,p1_0.image_id,p1_0.alternative,p1_0.path from product_image p1_0 where p1_0.product_id=?
Hibernate: select o1_0.product_id,o1_0.order_id,o2_0.order_id,c1_0.cust_id,c1_0.address,c1_0.email,c1_0.cust_name,c1_0.phone,o2_0.employee_id,e1_0.emp_id,e1_0.address,e1_0.dob,e1_0.email,e1_0.full_name,e1_0.phone,e1_0.status,o2_0.order_date,o1_0.note,o1_0.price,o1_0.quantity from order_detail o1_0 join orders o2_0 on o2_0.order_id=o1_0.order_id left join customer c1_0 on c1_0.cust_id=o2_0.cust_id left join employee e1_0 on e1_0.emp_id=o2_0.employee_id where o1_0.product_id=?
Hibernate: select l1_0.employee_id,l1_0.order_id,c1_0.cust_id,c1_0.address,c1_0.email,c1_0.cust_name,c1_0.phone,l1_0.order_date from orders l1_0 left join customer c1_0 on c1_0.cust_id=l1_0.cust_id where l1_0.employee_id=?
Hibernate: select p1_0.product_id,p1_0.description,p1_0.manufacturer_name,p1_0.name,p1_0.status,p1_0.unit,o1_0.product_id,o1_0.order_id,o2_0.order_id,c1_0.cust_id,c1_0.address,c1_0.email,c1_0.cust_name,c1_0.phone,o2_0.employee_id,e1_0.emp_id,e1_0.address,e1_0.dob,e1_0.email,e1_0.full_name,e1_0.phone,e1_0.status,o2_0.order_date,o1_0.note,o1_0.price,o1_0.quantity from product p1_0 left join order_detail o1_0 on p1_0.product_id=o1_0.product_id left join orders o2_0 on o2_0.order_id=o1_0.order_id left join customer c1_0 on c1_0.cust_id=o2_0.cust_id left join employee e1_0 on e1_0.emp_id=o2_0.employee_id where p1_0.product_id=?
Hibernate: select p1_0.product_id,p1_0.price_date_time,p1_0.note,p1_0.price from product_price p1_0 where p1_0.product_id=?
Hibernate: select p1_0.product_id,p1_0.image_id,p1_0.alternative,p1_0.path from product_image p1_0 where p1_0.product_id=?
Hibernate: select o1_0.order_id,o1_0.product_id,p1_0.product_id,p1_0.description,p1_0.manufacturer_name,p1_0.name,p1_0.status,p1_0.unit,o1_0.note,o1_0.price,o1_0.quantity from order_detail o1_0 join product p1_0 on p1_0.product_id=o1_0.product_id where o1_0.order_id=?
Hibernate: select l1_0.employee_id,l1_0.order_id,c1_0.cust_id,c1_0.address,c1_0.email,c1_0.cust_name,c1_0.phone,l1_0.order_date from orders l1_0 left join customer c1_0 on c1_0.cust_id=l1_0.cust_id where l1_0.employee_id=?
Hibernate: insert into order_detail (note,price,quantity,order_id,product_id) values (?,?,?,?,?)
Hibernate: update orders set cust_id=?,employee_id=?,order_date=? where order_id=?
Hibernate: select e1_0.emp_id,e1_0.address,e1_0.dob,e1_0.email,e1_0.full_name,e1_0.phone,e1_0.status from employee e1_0 where e1_0.emp_id=?
Hibernate: select c1_0.cust_id,c1_0.address,c1_0.email,c1_0.cust_name,c1_0.phone from customer c1_0 where c1_0.cust_id=?
Hibernate: select o1_0.order_id,c1_0.cust_id,c1_0.address,c1_0.email,c1_0.cust_name,c1_0.phone,o1_0.employee_id,e1_0.emp_id,e1_0.address,e1_0.dob,e1_0.email,e1_0.full_name,e1_0.phone,e1_0.status,o1_0.order_date,o2_0.order_id,o2_0.product_id,p1_0.product_id,p1_0.description,p1_0.manufacturer_name,p1_0.name,p1_0.status,p1_0.unit,o2_0.note,o2_0.price,o2_0.quantity from orders o1_0 left join customer c1_0 on c1_0.cust_id=o1_0.cust_id join employee e1_0 on e1_0.emp_id=o1_0.employee_id left join order_detail o2_0 on o1_0.order_id=o2_0.order_id left join product p1_0 on p1_0.product_id=o2_0.product_id where o1_0.order_id=?
Hibernate: select c1_0.cust_id,c1_0.address,c1_0.email,c1_0.cust_name,c1_0.phone from customer c1_0 where c1_0.cust_id=?
Hibernate: select e1_0.emp_id,e1_0.address,e1_0.dob,e1_0.email,e1_0.full_name,e1_0.phone,e1_0.status from employee e1_0 where e1_0.emp_id=?
Hibernate: insert into orders (cust_id,employee_id,order_date,order_id) values (?,?,?,default)
Hibernate: select p1_0.product_id,p1_0.description,p1_0.manufacturer_name,p1_0.name,p1_0.status,p1_0.unit from product p1_0 where p1_0.product_id=?
Hibernate: select o1_0.order_id,o2_0.order_id,c1_0.cust_id,c1_0.address,c1_0.email,c1_0.cust_name,c1_0.phone,o2_0.employee_id,e1_0.emp_id,e1_0.address,e1_0.dob,e1_0.email,e1_0.full_name,e1_0.phone,e1_0.status,o2_0.order_date,o1_0.product_id,p1_0.product_id,p1_0.description,p1_0.manufacturer_name,p1_0.name,p1_0.status,p1_0.unit,p2_0.product_id,p2_0.image_id,p2_0.alternative,p2_0.path,o1_0.note,o1_0.price,o1_0.quantity from order_detail o1_0 join orders o2_0 on o2_0.order_id=o1_0.order_id left join customer c1_0 on c1_0.cust_id=o2_0.cust_id left join employee e1_0 on e1_0.emp_id=o2_0.employee_id join product p1_0 on p1_0.product_id=o1_0.product_id left join product_image p2_0 on p1_0.product_id=p2_0.product_id where (o1_0.order_id,o1_0.product_id) in ((?,?))
Hibernate: select o1_0.order_id,c1_0.cust_id,c1_0.address,c1_0.email,c1_0.cust_name,c1_0.phone,o1_0.employee_id,e1_0.emp_id,e1_0.address,e1_0.dob,e1_0.email,e1_0.full_name,e1_0.phone,e1_0.status,o1_0.order_date,o2_0.order_id,o2_0.product_id,p1_0.product_id,p1_0.description,p1_0.manufacturer_name,p1_0.name,p1_0.status,p1_0.unit,o2_0.note,o2_0.price,o2_0.quantity from orders o1_0 left join customer c1_0 on c1_0.cust_id=o1_0.cust_id join employee e1_0 on e1_0.emp_id=o1_0.employee_id left join order_detail o2_0 on o1_0.order_id=o2_0.order_id left join product p1_0 on p1_0.product_id=o2_0.product_id where o1_0.order_id=?
Hibernate: select l1_0.employee_id,l1_0.order_id,c1_0.cust_id,c1_0.address,c1_0.email,c1_0.cust_name,c1_0.phone,l1_0.order_date from orders l1_0 left join customer c1_0 on c1_0.cust_id=l1_0.cust_id where l1_0.employee_id=?
Hibernate: select p1_0.product_id,p1_0.description,p1_0.manufacturer_name,p1_0.name,p1_0.status,p1_0.unit,o1_0.product_id,o1_0.order_id,o2_0.order_id,c1_0.cust_id,c1_0.address,c1_0.email,c1_0.cust_name,c1_0.phone,o2_0.employee_id,e1_0.emp_id,e1_0.address,e1_0.dob,e1_0.email,e1_0.full_name,e1_0.phone,e1_0.status,o2_0.order_date,o1_0.note,o1_0.price,o1_0.quantity from product p1_0 left join order_detail o1_0 on p1_0.product_id=o1_0.product_id left join orders o2_0 on o2_0.order_id=o1_0.order_id left join customer c1_0 on c1_0.cust_id=o2_0.cust_id left join employee e1_0 on e1_0.emp_id=o2_0.employee_id where p1_0.product_id=?
Hibernate: select o1_0.order_id,o1_0.product_id,p1_0.product_id,p1_0.description,p1_0.manufacturer_name,p1_0.name,p1_0.status,p1_0.unit,o1_0.note,o1_0.price,o1_0.quantity from order_detail o1_0 join product p1_0 on p1_0.product_id=o1_0.product_id where o1_0.order_id=?
Hibernate: select l1_0.employee_id,l1_0.order_id,c1_0.cust_id,c1_0.address,c1_0.email,c1_0.cust_name,c1_0.phone,l1_0.order_date from orders l1_0 left join customer c1_0 on c1_0.cust_id=l1_0.cust_id where l1_0.employee_id=?
Hibernate: select p1_0.product_id,p1_0.price_date_time,p1_0.note,p1_0.price from product_price p1_0 where p1_0.product_id=?
Hibernate: select p1_0.product_id,p1_0.image_id,p1_0.alternative,p1_0.path from product_image p1_0 where p1_0.product_id=?
Hibernate: select o1_0.order_id,o1_0.product_id,p1_0.product_id,p1_0.description,p1_0.manufacturer_name,p1_0.name,p1_0.status,p1_0.unit,o1_0.note,o1_0.price,o1_0.quantity from order_detail o1_0 join product p1_0 on p1_0.product_id=o1_0.product_id where o1_0.order_id=?
Hibernate: select l1_0.employee_id,l1_0.order_id,c1_0.cust_id,c1_0.address,c1_0.email,c1_0.cust_name,c1_0.phone,l1_0.order_date from orders l1_0 left join customer c1_0 on c1_0.cust_id=l1_0.cust_id where l1_0.employee_id=?
Hibernate: insert into order_detail (note,price,quantity,order_id,product_id) values (?,?,?,?,?)
Hibernate: update orders set cust_id=?,employee_id=?,order_date=? where order_id=?
Hibernate: select p1_0.product_id,p1_0.description,p1_0.manufacturer_name,p1_0.name,p1_0.status,p1_0.unit from product p1_0 where p1_0.product_id=?
Hibernate: select o1_0.order_id,o2_0.order_id,c1_0.cust_id,c1_0.address,c1_0.email,c1_0.cust_name,c1_0.phone,o2_0.employee_id,e1_0.emp_id,e1_0.address,e1_0.dob,e1_0.email,e1_0.full_name,e1_0.phone,e1_0.status,o2_0.order_date,o1_0.product_id,p1_0.product_id,p1_0.description,p1_0.manufacturer_name,p1_0.name,p1_0.status,p1_0.unit,p2_0.product_id,p2_0.image_id,p2_0.alternative,p2_0.path,o1_0.note,o1_0.price,o1_0.quantity from order_detail o1_0 join orders o2_0 on o2_0.order_id=o1_0.order_id left join customer c1_0 on c1_0.cust_id=o2_0.cust_id left join employee e1_0 on e1_0.emp_id=o2_0.employee_id join product p1_0 on p1_0.product_id=o1_0.product_id left join product_image p2_0 on p1_0.product_id=p2_0.product_id where (o1_0.order_id,o1_0.product_id) in ((?,?))
Hibernate: select o1_0.order_id,c1_0.cust_id,c1_0.address,c1_0.email,c1_0.cust_name,c1_0.phone,o1_0.employee_id,e1_0.emp_id,e1_0.address,e1_0.dob,e1_0.email,e1_0.full_name,e1_0.phone,e1_0.status,o1_0.order_date,o2_0.order_id,o2_0.product_id,p1_0.product_id,p1_0.description,p1_0.manufacturer_name,p1_0.name,p1_0.status,p1_0.unit,o2_0.note,o2_0.price,o2_0.quantity from orders o1_0 left join customer c1_0 on c1_0.cust_id=o1_0.cust_id join employee e1_0 on e1_0.emp_id=o1_0.employee_id left join order_detail o2_0 on o1_0.order_id=o2_0.order_id left join product p1_0 on p1_0.product_id=o2_0.product_id where o1_0.order_id=?
Hibernate: select p1_0.product_id,p1_0.price_date_time,p1_0.note,p1_0.price from product_price p1_0 where p1_0.product_id=?
Hibernate: select p1_0.product_id,p1_0.image_id,p1_0.alternative,p1_0.path from product_image p1_0 where p1_0.product_id=?
Hibernate: select o1_0.product_id,o1_0.order_id,o2_0.order_id,c1_0.cust_id,c1_0.address,c1_0.email,c1_0.cust_name,c1_0.phone,o2_0.employee_id,e1_0.emp_id,e1_0.address,e1_0.dob,e1_0.email,e1_0.full_name,e1_0.phone,e1_0.status,o2_0.order_date,o1_0.note,o1_0.price,o1_0.quantity from order_detail o1_0 join orders o2_0 on o2_0.order_id=o1_0.order_id left join customer c1_0 on c1_0.cust_id=o2_0.cust_id left join employee e1_0 on e1_0.emp_id=o2_0.employee_id where o1_0.product_id=?
Hibernate: select l1_0.employee_id,l1_0.order_id,c1_0.cust_id,c1_0.address,c1_0.email,c1_0.cust_name,c1_0.phone,l1_0.order_date from orders l1_0 left join customer c1_0 on c1_0.cust_id=l1_0.cust_id where l1_0.employee_id=?
Hibernate: select p1_0.product_id,p1_0.description,p1_0.manufacturer_name,p1_0.name,p1_0.status,p1_0.unit,o1_0.product_id,o1_0.order_id,o2_0.order_id,c1_0.cust_id,c1_0.address,c1_0.email,c1_0.cust_name,c1_0.phone,o2_0.employee_id,e1_0.emp_id,e1_0.address,e1_0.dob,e1_0.email,e1_0.full_name,e1_0.phone,e1_0.status,o2_0.order_date,o1_0.note,o1_0.price,o1_0.quantity from product p1_0 left join order_detail o1_0 on p1_0.product_id=o1_0.product_id left join orders o2_0 on o2_0.order_id=o1_0.order_id left join customer c1_0 on c1_0.cust_id=o2_0.cust_id left join employee e1_0 on e1_0.emp_id=o2_0.employee_id where p1_0.product_id=?
Hibernate: select o1_0.order_id,o1_0.product_id,p1_0.product_id,p1_0.description,p1_0.manufacturer_name,p1_0.name,p1_0.status,p1_0.unit,o1_0.note,o1_0.price,o1_0.quantity from order_detail o1_0 join product p1_0 on p1_0.product_id=o1_0.product_id where o1_0.order_id=?
Hibernate: select l1_0.employee_id,l1_0.order_id,c1_0.cust_id,c1_0.address,c1_0.email,c1_0.cust_name,c1_0.phone,l1_0.order_date from orders l1_0 left join customer c1_0 on c1_0.cust_id=l1_0.cust_id where l1_0.employee_id=?
Hibernate: select p1_0.product_id,p1_0.price_date_time,p1_0.note,p1_0.price from product_price p1_0 where p1_0.product_id=?
Hibernate: select p1_0.product_id,p1_0.image_id,p1_0.alternative,p1_0.path from product_image p1_0 where p1_0.product_id=?
Hibernate: select o1_0.order_id,o1_0.product_id,p1_0.product_id,p1_0.description,p1_0.manufacturer_name,p1_0.name,p1_0.status,p1_0.unit,o1_0.note,o1_0.price,o1_0.quantity from order_detail o1_0 join product p1_0 on p1_0.product_id=o1_0.product_id where o1_0.order_id=?
Hibernate: insert into order_detail (note,price,quantity,order_id,product_id) values (?,?,?,?,?)
Hibernate: update orders set cust_id=?,employee_id=?,order_date=? where order_id=?
Hibernate: select p1_0.product_id,p1_0.description,p1_0.manufacturer_name,p1_0.name,p1_0.status,p1_0.unit from product p1_0 where p1_0.product_id=?
Hibernate: select o1_0.order_id,o2_0.order_id,c1_0.cust_id,c1_0.address,c1_0.email,c1_0.cust_name,c1_0.phone,o2_0.employee_id,e1_0.emp_id,e1_0.address,e1_0.dob,e1_0.email,e1_0.full_name,e1_0.phone,e1_0.status,o2_0.order_date,o1_0.product_id,p1_0.product_id,p1_0.description,p1_0.manufacturer_name,p1_0.name,p1_0.status,p1_0.unit,p2_0.product_id,p2_0.image_id,p2_0.alternative,p2_0.path,o1_0.note,o1_0.price,o1_0.quantity from order_detail o1_0 join orders o2_0 on o2_0.order_id=o1_0.order_id left join customer c1_0 on c1_0.cust_id=o2_0.cust_id left join employee e1_0 on e1_0.emp_id=o2_0.employee_id join product p1_0 on p1_0.product_id=o1_0.product_id left join product_image p2_0 on p1_0.product_id=p2_0.product_id where (o1_0.order_id,o1_0.product_id) in ((?,?))
Hibernate: select o1_0.order_id,c1_0.cust_id,c1_0.address,c1_0.email,c1_0.cust_name,c1_0.phone,o1_0.employee_id,e1_0.emp_id,e1_0.address,e1_0.dob,e1_0.email,e1_0.full_name,e1_0.phone,e1_0.status,o1_0.order_date,o2_0.order_id,o2_0.product_id,p1_0.product_id,p1_0.description,p1_0.manufacturer_name,p1_0.name,p1_0.status,p1_0.unit,o2_0.note,o2_0.price,o2_0.quantity from orders o1_0 left join customer c1_0 on c1_0.cust_id=o1_0.cust_id join employee e1_0 on e1_0.emp_id=o1_0.employee_id left join order_detail o2_0 on o1_0.order_id=o2_0.order_id left join product p1_0 on p1_0.product_id=o2_0.product_id where o1_0.order_id=?
Hibernate: select p1_0.product_id,p1_0.price_date_time,p1_0.note,p1_0.price from product_price p1_0 where p1_0.product_id=?
Hibernate: select p1_0.product_id,p1_0.image_id,p1_0.alternative,p1_0.path from product_image p1_0 where p1_0.product_id=?
Hibernate: select o1_0.product_id,o1_0.order_id,o2_0.order_id,c1_0.cust_id,c1_0.address,c1_0.email,c1_0.cust_name,c1_0.phone,o2_0.employee_id,e1_0.emp_id,e1_0.address,e1_0.dob,e1_0.email,e1_0.full_name,e1_0.phone,e1_0.status,o2_0.order_date,o1_0.note,o1_0.price,o1_0.quantity from order_detail o1_0 join orders o2_0 on o2_0.order_id=o1_0.order_id left join customer c1_0 on c1_0.cust_id=o2_0.cust_id left join employee e1_0 on e1_0.emp_id=o2_0.employee_id where o1_0.product_id=?
Hibernate: select p1_0.product_id,p1_0.price_date_time,p1_0.note,p1_0.price from product_price p1_0 where p1_0.product_id=?
Hibernate: select p1_0.product_id,p1_0.image_id,p1_0.alternative,p1_0.path from product_image p1_0 where p1_0.product_id=?
Hibernate: select o1_0.product_id,o1_0.order_id,o2_0.order_id,c1_0.cust_id,c1_0.address,c1_0.email,c1_0.cust_name,c1_0.phone,o2_0.employee_id,e1_0.emp_id,e1_0.address,e1_0.dob,e1_0.email,e1_0.full_name,e1_0.phone,e1_0.status,o2_0.order_date,o1_0.note,o1_0.price,o1_0.quantity from order_detail o1_0 join orders o2_0 on o2_0.order_id=o1_0.order_id left join customer c1_0 on c1_0.cust_id=o2_0.cust_id left join employee e1_0 on e1_0.emp_id=o2_0.employee_id where o1_0.product_id=?
Hibernate: select l1_0.employee_id,l1_0.order_id,c1_0.cust_id,c1_0.address,c1_0.email,c1_0.cust_name,c1_0.phone,l1_0.order_date from orders l1_0 left join customer c1_0 on c1_0.cust_id=l1_0.cust_id where l1_0.employee_id=?
Hibernate: select p1_0.product_id,p1_0.description,p1_0.manufacturer_name,p1_0.name,p1_0.status,p1_0.unit,o1_0.product_id,o1_0.order_id,o2_0.order_id,c1_0.cust_id,c1_0.address,c1_0.email,c1_0.cust_name,c1_0.phone,o2_0.employee_id,e1_0.emp_id,e1_0.address,e1_0.dob,e1_0.email,e1_0.full_name,e1_0.phone,e1_0.status,o2_0.order_date,o1_0.note,o1_0.price,o1_0.quantity from product p1_0 left join order_detail o1_0 on p1_0.product_id=o1_0.product_id left join orders o2_0 on o2_0.order_id=o1_0.order_id left join customer c1_0 on c1_0.cust_id=o2_0.cust_id left join employee e1_0 on e1_0.emp_id=o2_0.employee_id where p1_0.product_id=?
Hibernate: select o1_0.order_id,o1_0.product_id,p1_0.product_id,p1_0.description,p1_0.manufacturer_name,p1_0.name,p1_0.status,p1_0.unit,o1_0.note,o1_0.price,o1_0.quantity from order_detail o1_0 join product p1_0 on p1_0.product_id=o1_0.product_id where o1_0.order_id=?
Hibernate: select l1_0.employee_id,l1_0.order_id,c1_0.cust_id,c1_0.address,c1_0.email,c1_0.cust_name,c1_0.phone,l1_0.order_date from orders l1_0 left join customer c1_0 on c1_0.cust_id=l1_0.cust_id where l1_0.employee_id=?
Hibernate: select p1_0.product_id,p1_0.price_date_time,p1_0.note,p1_0.price from product_price p1_0 where p1_0.product_id=?
Hibernate: select p1_0.product_id,p1_0.image_id,p1_0.alternative,p1_0.path from product_image p1_0 where p1_0.product_id=?
Hibernate: select o1_0.order_id,o1_0.product_id,p1_0.product_id,p1_0.description,p1_0.manufacturer_name,p1_0.name,p1_0.status,p1_0.unit,o1_0.note,o1_0.price,o1_0.quantity from order_detail o1_0 join product p1_0 on p1_0.product_id=o1_0.product_id where o1_0.order_id=?
Hibernate: select l1_0.employee_id,l1_0.order_id,c1_0.cust_id,c1_0.address,c1_0.email,c1_0.cust_name,c1_0.phone,l1_0.order_date from orders l1_0 left join customer c1_0 on c1_0.cust_id=l1_0.cust_id where l1_0.employee_id=?
Hibernate: insert into order_detail (note,price,quantity,order_id,product_id) values (?,?,?,?,?)
Hibernate: update orders set cust_id=?,employee_id=?,order_date=? where order_id=?
Hibernate: select e1_0.emp_id,e1_0.address,e1_0.dob,e1_0.email,e1_0.full_name,e1_0.phone,e1_0.status from employee e1_0 where e1_0.emp_id=?
Hibernate: select c1_0.cust_id,c1_0.address,c1_0.email,c1_0.cust_name,c1_0.phone from customer c1_0 where c1_0.cust_id=?
Hibernate: select o1_0.order_id,c1_0.cust_id,c1_0.address,c1_0.email,c1_0.cust_name,c1_0.phone,o1_0.employee_id,e1_0.emp_id,e1_0.address,e1_0.dob,e1_0.email,e1_0.full_name,e1_0.phone,e1_0.status,o1_0.order_date,o2_0.order_id,o2_0.product_id,p1_0.product_id,p1_0.description,p1_0.manufacturer_name,p1_0.name,p1_0.status,p1_0.unit,o2_0.note,o2_0.price,o2_0.quantity from orders o1_0 left join customer c1_0 on c1_0.cust_id=o1_0.cust_id join employee e1_0 on e1_0.emp_id=o1_0.employee_id left join order_detail o2_0 on o1_0.order_id=o2_0.order_id left join product p1_0 on p1_0.product_id=o2_0.product_id where o1_0.order_id=?
Hibernate: select c1_0.cust_id,c1_0.address,c1_0.email,c1_0.cust_name,c1_0.phone from customer c1_0 where c1_0.cust_id=?
Hibernate: select e1_0.emp_id,e1_0.address,e1_0.dob,e1_0.email,e1_0.full_name,e1_0.phone,e1_0.status from employee e1_0 where e1_0.emp_id=?
Hibernate: insert into orders (cust_id,employee_id,order_date,order_id) values (?,?,?,default)
Hibernate: select p1_0.product_id,p1_0.description,p1_0.manufacturer_name,p1_0.name,p1_0.status,p1_0.unit from product p1_0 where p1_0.product_id=?
Hibernate: select o1_0.order_id,o2_0.order_id,c1_0.cust_id,c1_0.address,c1_0.email,c1_0.cust_name,c1_0.phone,o2_0.employee_id,e1_0.emp_id,e1_0.address,e1_0.dob,e1_0.email,e1_0.full_name,e1_0.phone,e1_0.status,o2_0.order_date,o1_0.product_id,p1_0.product_id,p1_0.description,p1_0.manufacturer_name,p1_0.name,p1_0.status,p1_0.unit,p2_0.product_id,p2_0.image_id,p2_0.alternative,p2_0.path,o1_0.note,o1_0.price,o1_0.quantity from order_detail o1_0 join orders o2_0 on o2_0.order_id=o1_0.order_id left join customer c1_0 on c1_0.cust_id=o2_0.cust_id left join employee e1_0 on e1_0.emp_id=o2_0.employee_id join product p1_0 on p1_0.product_id=o1_0.product_id left join product_image p2_0 on p1_0.product_id=p2_0.product_id where (o1_0.order_id,o1_0.product_id) in ((?,?))
Hibernate: select o1_0.order_id,c1_0.cust_id,c1_0.address,c1_0.email,c1_0.cust_name,c1_0.phone,o1_0.employee_id,e1_0.emp_id,e1_0.address,e1_0.dob,e1_0.email,e1_0.full_name,e1_0.phone,e1_0.status,o1_0.order_date,o2_0.order_id,o2_0.product_id,p1_0.product_id,p1_0.description,p1_0.manufacturer_name,p1_0.name,p1_0.status,p1_0.unit,o2_0.note,o2_0.price,o2_0.quantity from orders o1_0 left join customer c1_0 on c1_0.cust_id=o1_0.cust_id join employee e1_0 on e1_0.emp_id=o1_0.employee_id left join order_detail o2_0 on o1_0.order_id=o2_0.order_id left join product p1_0 on p1_0.product_id=o2_0.product_id where o1_0.order_id=?
Hibernate: select l1_0.employee_id,l1_0.order_id,c1_0.cust_id,c1_0.address,c1_0.email,c1_0.cust_name,c1_0.phone,l1_0.order_date from orders l1_0 left join customer c1_0 on c1_0.cust_id=l1_0.cust_id where l1_0.employee_id=?
Hibernate: select p1_0.product_id,p1_0.description,p1_0.manufacturer_name,p1_0.name,p1_0.status,p1_0.unit,o1_0.product_id,o1_0.order_id,o2_0.order_id,c1_0.cust_id,c1_0.address,c1_0.email,c1_0.cust_name,c1_0.phone,o2_0.employee_id,e1_0.emp_id,e1_0.address,e1_0.dob,e1_0.email,e1_0.full_name,e1_0.phone,e1_0.status,o2_0.order_date,o1_0.note,o1_0.price,o1_0.quantity from product p1_0 left join order_detail o1_0 on p1_0.product_id=o1_0.product_id left join orders o2_0 on o2_0.order_id=o1_0.order_id left join customer c1_0 on c1_0.cust_id=o2_0.cust_id left join employee e1_0 on e1_0.emp_id=o2_0.employee_id where p1_0.product_id=?
Hibernate: select p1_0.product_id,p1_0.price_date_time,p1_0.note,p1_0.price from product_price p1_0 where p1_0.product_id=?
Hibernate: select p1_0.product_id,p1_0.image_id,p1_0.alternative,p1_0.path from product_image p1_0 where p1_0.product_id=?
Hibernate: insert into order_detail (note,price,quantity,order_id,product_id) values (?,?,?,?,?)
Hibernate: update orders set cust_id=?,employee_id=?,order_date=? where order_id=?
Hibernate: select p1_0.product_id,p1_0.description,p1_0.manufacturer_name,p1_0.name,p1_0.status,p1_0.unit from product p1_0 where p1_0.product_id=?
Hibernate: select o1_0.order_id,o2_0.order_id,c1_0.cust_id,c1_0.address,c1_0.email,c1_0.cust_name,c1_0.phone,o2_0.employee_id,e1_0.emp_id,e1_0.address,e1_0.dob,e1_0.email,e1_0.full_name,e1_0.phone,e1_0.status,o2_0.order_date,o1_0.product_id,p1_0.product_id,p1_0.description,p1_0.manufacturer_name,p1_0.name,p1_0.status,p1_0.unit,p2_0.product_id,p2_0.image_id,p2_0.alternative,p2_0.path,o1_0.note,o1_0.price,o1_0.quantity from order_detail o1_0 join orders o2_0 on o2_0.order_id=o1_0.order_id left join customer c1_0 on c1_0.cust_id=o2_0.cust_id left join employee e1_0 on e1_0.emp_id=o2_0.employee_id join product p1_0 on p1_0.product_id=o1_0.product_id left join product_image p2_0 on p1_0.product_id=p2_0.product_id where (o1_0.order_id,o1_0.product_id) in ((?,?))
Hibernate: select o1_0.order_id,c1_0.cust_id,c1_0.address,c1_0.email,c1_0.cust_name,c1_0.phone,o1_0.employee_id,e1_0.emp_id,e1_0.address,e1_0.dob,e1_0.email,e1_0.full_name,e1_0.phone,e1_0.status,o1_0.order_date,o2_0.order_id,o2_0.product_id,p1_0.product_id,p1_0.description,p1_0.manufacturer_name,p1_0.name,p1_0.status,p1_0.unit,o2_0.note,o2_0.price,o2_0.quantity from orders o1_0 left join customer c1_0 on c1_0.cust_id=o1_0.cust_id join employee e1_0 on e1_0.emp_id=o1_0.employee_id left join order_detail o2_0 on o1_0.order_id=o2_0.order_id left join product p1_0 on p1_0.product_id=o2_0.product_id where o1_0.order_id=?
Hibernate: select p1_0.product_id,p1_0.price_date_time,p1_0.note,p1_0.price from product_price p1_0 where p1_0.product_id=?
Hibernate: select p1_0.product_id,p1_0.image_id,p1_0.alternative,p1_0.path from product_image p1_0 where p1_0.product_id=?
Hibernate: select o1_0.product_id,o1_0.order_id,o2_0.order_id,c1_0.cust_id,c1_0.address,c1_0.email,c1_0.cust_name,c1_0.phone,o2_0.employee_id,e1_0.emp_id,e1_0.address,e1_0.dob,e1_0.email,e1_0.full_name,e1_0.phone,e1_0.status,o2_0.order_date,o1_0.note,o1_0.price,o1_0.quantity from order_detail o1_0 join orders o2_0 on o2_0.order_id=o1_0.order_id left join customer c1_0 on c1_0.cust_id=o2_0.cust_id left join employee e1_0 on e1_0.emp_id=o2_0.employee_id where o1_0.product_id=?
Hibernate: select l1_0.employee_id,l1_0.order_id,c1_0.cust_id,c1_0.address,c1_0.email,c1_0.cust_name,c1_0.phone,l1_0.order_date from orders l1_0 left join customer c1_0 on c1_0.cust_id=l1_0.cust_id where l1_0.employee_id=?
Hibernate: select p1_0.product_id,p1_0.description,p1_0.manufacturer_name,p1_0.name,p1_0.status,p1_0.unit,o1_0.product_id,o1_0.order_id,o2_0.order_id,c1_0.cust_id,c1_0.address,c1_0.email,c1_0.cust_name,c1_0.phone,o2_0.employee_id,e1_0.emp_id,e1_0.address,e1_0.dob,e1_0.email,e1_0.full_name,e1_0.phone,e1_0.status,o2_0.order_date,o1_0.note,o1_0.price,o1_0.quantity from product p1_0 left join order_detail o1_0 on p1_0.product_id=o1_0.product_id left join orders o2_0 on o2_0.order_id=o1_0.order_id left join customer c1_0 on c1_0.cust_id=o2_0.cust_id left join employee e1_0 on e1_0.emp_id=o2_0.employee_id where p1_0.product_id=?
Hibernate: select p1_0.product_id,p1_0.price_date_time,p1_0.note,p1_0.price from product_price p1_0 where p1_0.product_id=?
Hibernate: select p1_0.product_id,p1_0.image_id,p1_0.alternative,p1_0.path from product_image p1_0 where p1_0.product_id=?
Hibernate: select o1_0.order_id,o1_0.product_id,p1_0.product_id,p1_0.description,p1_0.manufacturer_name,p1_0.name,p1_0.status,p1_0.unit,o1_0.note,o1_0.price,o1_0.quantity from order_detail o1_0 join product p1_0 on p1_0.product_id=o1_0.product_id where o1_0.order_id=?
Hibernate: select l1_0.employee_id,l1_0.order_id,c1_0.cust_id,c1_0.address,c1_0.email,c1_0.cust_name,c1_0.phone,l1_0.order_date from orders l1_0 left join customer c1_0 on c1_0.cust_id=l1_0.cust_id where l1_0.employee_id=?
Hibernate: insert into order_detail (note,price,quantity,order_id,product_id) values (?,?,?,?,?)
Hibernate: update orders set cust_id=?,employee_id=?,order_date=? where order_id=?
Hibernate: select p1_0.product_id,p1_0.description,p1_0.manufacturer_name,p1_0.name,p1_0.status,p1_0.unit from product p1_0 where p1_0.product_id=?
Hibernate: select o1_0.order_id,o2_0.order_id,c1_0.cust_id,c1_0.address,c1_0.email,c1_0.cust_name,c1_0.phone,o2_0.employee_id,e1_0.emp_id,e1_0.address,e1_0.dob,e1_0.email,e1_0.full_name,e1_0.phone,e1_0.status,o2_0.order_date,o1_0.product_id,p1_0.product_id,p1_0.description,p1_0.manufacturer_name,p1_0.name,p1_0.status,p1_0.unit,p2_0.product_id,p2_0.image_id,p2_0.alternative,p2_0.path,o1_0.note,o1_0.price,o1_0.quantity from order_detail o1_0 join orders o2_0 on o2_0.order_id=o1_0.order_id left join customer c1_0 on c1_0.cust_id=o2_0.cust_id left join employee e1_0 on e1_0.emp_id=o2_0.employee_id join product p1_0 on p1_0.product_id=o1_0.product_id left join product_image p2_0 on p1_0.product_id=p2_0.product_id where (o1_0.order_id,o1_0.product_id) in ((?,?))
Hibernate: select o1_0.order_id,c1_0.cust_id,c1_0.address,c1_0.email,c1_0.cust_name,c1_0.phone,o1_0.employee_id,e1_0.emp_id,e1_0.address,e1_0.dob,e1_0.email,e1_0.full_name,e1_0.phone,e1_0.status,o1_0.order_date,o2_0.order_id,o2_0.product_id,p1_0.product_id,p1_0.description,p1_0.manufacturer_name,p1_0.name,p1_0.status,p1_0.unit,o2_0.note,o2_0.price,o2_0.quantity from orders o1_0 left join customer c1_0 on c1_0.cust_id=o1_0.cust_id join employee e1_0 on e1_0.emp_id=o1_0.employee_id left join order_detail o2_0 on o1_0.order_id=o2_0.order_id left join product p1_0 on p1_0.product_id=o2_0.product_id where o1_0.order_id=?
Hibernate: select p1_0.product_id,p1_0.price_date_time,p1_0.note,p1_0.price from product_price p1_0 where p1_0.product_id=?
Hibernate: select p1_0.product_id,p1_0.image_id,p1_0.alternative,p1_0.path from product_image p1_0 where p1_0.product_id=?
Hibernate: select o1_0.product_id,o1_0.order_id,o2_0.order_id,c1_0.cust_id,c1_0.address,c1_0.email,c1_0.cust_name,c1_0.phone,o2_0.employee_id,e1_0.emp_id,e1_0.address,e1_0.dob,e1_0.email,e1_0.full_name,e1_0.phone,e1_0.status,o2_0.order_date,o1_0.note,o1_0.price,o1_0.quantity from order_detail o1_0 join orders o2_0 on o2_0.order_id=o1_0.order_id left join customer c1_0 on c1_0.cust_id=o2_0.cust_id left join employee e1_0 on e1_0.emp_id=o2_0.employee_id where o1_0.product_id=?
Hibernate: select p1_0.product_id,p1_0.price_date_time,p1_0.note,p1_0.price from product_price p1_0 where p1_0.product_id=?
Hibernate: select p1_0.product_id,p1_0.image_id,p1_0.alternative,p1_0.path from product_image p1_0 where p1_0.product_id=?
Hibernate: select o1_0.product_id,o1_0.order_id,o2_0.order_id,c1_0.cust_id,c1_0.address,c1_0.email,c1_0.cust_name,c1_0.phone,o2_0.employee_id,e1_0.emp_id,e1_0.address,e1_0.dob,e1_0.email,e1_0.full_name,e1_0.phone,e1_0.status,o2_0.order_date,o1_0.note,o1_0.price,o1_0.quantity from order_detail o1_0 join orders o2_0 on o2_0.order_id=o1_0.order_id left join customer c1_0 on c1_0.cust_id=o2_0.cust_id left join employee e1_0 on e1_0.emp_id=o2_0.employee_id where o1_0.product_id=?
Hibernate: select l1_0.employee_id,l1_0.order_id,c1_0.cust_id,c1_0.address,c1_0.email,c1_0.cust_name,c1_0.phone,l1_0.order_date from orders l1_0 left join customer c1_0 on c1_0.cust_id=l1_0.cust_id where l1_0.employee_id=?
Hibernate: select p1_0.product_id,p1_0.description,p1_0.manufacturer_name,p1_0.name,p1_0.status,p1_0.unit,o1_0.product_id,o1_0.order_id,o2_0.order_id,c1_0.cust_id,c1_0.address,c1_0.email,c1_0.cust_name,c1_0.phone,o2_0.employee_id,e1_0.emp_id,e1_0.address,e1_0.dob,e1_0.email,e1_0.full_name,e1_0.phone,e1_0.status,o2_0.order_date,o1_0.note,o1_0.price,o1_0.quantity from product p1_0 left join order_detail o1_0 on p1_0.product_id=o1_0.product_id left join orders o2_0 on o2_0.order_id=o1_0.order_id left join customer c1_0 on c1_0.cust_id=o2_0.cust_id left join employee e1_0 on e1_0.emp_id=o2_0.employee_id where p1_0.product_id=?
Hibernate: select p1_0.product_id,p1_0.price_date_time,p1_0.note,p1_0.price from product_price p1_0 where p1_0.product_id=?
Hibernate: select p1_0.product_id,p1_0.image_id,p1_0.alternative,p1_0.path from product_image p1_0 where p1_0.product_id=?
Hibernate: insert into order_detail (note,price,quantity,order_id,product_id) values (?,?,?,?,?)
Hibernate: update orders set cust_id=?,employee_id=?,order_date=? where order_id=?
Hibernate: select e1_0.emp_id,e1_0.address,e1_0.dob,e1_0.email,e1_0.full_name,e1_0.phone,e1_0.status from employee e1_0 where e1_0.emp_id=?
Hibernate: select c1_0.cust_id,c1_0.address,c1_0.email,c1_0.cust_name,c1_0.phone from customer c1_0 where c1_0.cust_id=?
Hibernate: select o1_0.order_id,c1_0.cust_id,c1_0.address,c1_0.email,c1_0.cust_name,c1_0.phone,o1_0.employee_id,e1_0.emp_id,e1_0.address,e1_0.dob,e1_0.email,e1_0.full_name,e1_0.phone,e1_0.status,o1_0.order_date,o2_0.order_id,o2_0.product_id,p1_0.product_id,p1_0.description,p1_0.manufacturer_name,p1_0.name,p1_0.status,p1_0.unit,o2_0.note,o2_0.price,o2_0.quantity from orders o1_0 left join customer c1_0 on c1_0.cust_id=o1_0.cust_id join employee e1_0 on e1_0.emp_id=o1_0.employee_id left join order_detail o2_0 on o1_0.order_id=o2_0.order_id left join product p1_0 on p1_0.product_id=o2_0.product_id where o1_0.order_id=?
Hibernate: select c1_0.cust_id,c1_0.address,c1_0.email,c1_0.cust_name,c1_0.phone from customer c1_0 where c1_0.cust_id=?
Hibernate: select e1_0.emp_id,e1_0.address,e1_0.dob,e1_0.email,e1_0.full_name,e1_0.phone,e1_0.status from employee e1_0 where e1_0.emp_id=?
Hibernate: insert into orders (cust_id,employee_id,order_date,order_id) values (?,?,?,default)
Hibernate: select p1_0.product_id,p1_0.description,p1_0.manufacturer_name,p1_0.name,p1_0.status,p1_0.unit from product p1_0 where p1_0.product_id=?
Hibernate: select o1_0.order_id,o2_0.order_id,c1_0.cust_id,c1_0.address,c1_0.email,c1_0.cust_name,c1_0.phone,o2_0.employee_id,e1_0.emp_id,e1_0.address,e1_0.dob,e1_0.email,e1_0.full_name,e1_0.phone,e1_0.status,o2_0.order_date,o1_0.product_id,p1_0.product_id,p1_0.description,p1_0.manufacturer_name,p1_0.name,p1_0.status,p1_0.unit,p2_0.product_id,p2_0.image_id,p2_0.alternative,p2_0.path,o1_0.note,o1_0.price,o1_0.quantity from order_detail o1_0 join orders o2_0 on o2_0.order_id=o1_0.order_id left join customer c1_0 on c1_0.cust_id=o2_0.cust_id left join employee e1_0 on e1_0.emp_id=o2_0.employee_id join product p1_0 on p1_0.product_id=o1_0.product_id left join product_image p2_0 on p1_0.product_id=p2_0.product_id where (o1_0.order_id,o1_0.product_id) in ((?,?))
Hibernate: select o1_0.order_id,c1_0.cust_id,c1_0.address,c1_0.email,c1_0.cust_name,c1_0.phone,o1_0.employee_id,e1_0.emp_id,e1_0.address,e1_0.dob,e1_0.email,e1_0.full_name,e1_0.phone,e1_0.status,o1_0.order_date,o2_0.order_id,o2_0.product_id,p1_0.product_id,p1_0.description,p1_0.manufacturer_name,p1_0.name,p1_0.status,p1_0.unit,o2_0.note,o2_0.price,o2_0.quantity from orders o1_0 left join customer c1_0 on c1_0.cust_id=o1_0.cust_id join employee e1_0 on e1_0.emp_id=o1_0.employee_id left join order_detail o2_0 on o1_0.order_id=o2_0.order_id left join product p1_0 on p1_0.product_id=o2_0.product_id where o1_0.order_id=?
Hibernate: select l1_0.employee_id,l1_0.order_id,c1_0.cust_id,c1_0.address,c1_0.email,c1_0.cust_name,c1_0.phone,l1_0.order_date from orders l1_0 left join customer c1_0 on c1_0.cust_id=l1_0.cust_id where l1_0.employee_id=?
Hibernate: select p1_0.product_id,p1_0.description,p1_0.manufacturer_name,p1_0.name,p1_0.status,p1_0.unit,o1_0.product_id,o1_0.order_id,o2_0.order_id,c1_0.cust_id,c1_0.address,c1_0.email,c1_0.cust_name,c1_0.phone,o2_0.employee_id,e1_0.emp_id,e1_0.address,e1_0.dob,e1_0.email,e1_0.full_name,e1_0.phone,e1_0.status,o2_0.order_date,o1_0.note,o1_0.price,o1_0.quantity from product p1_0 left join order_detail o1_0 on p1_0.product_id=o1_0.product_id left join orders o2_0 on o2_0.order_id=o1_0.order_id left join customer c1_0 on c1_0.cust_id=o2_0.cust_id left join employee e1_0 on e1_0.emp_id=o2_0.employee_id where p1_0.product_id=?
Hibernate: select p1_0.product_id,p1_0.price_date_time,p1_0.note,p1_0.price from product_price p1_0 where p1_0.product_id=?
Hibernate: select p1_0.product_id,p1_0.image_id,p1_0.alternative,p1_0.path from product_image p1_0 where p1_0.product_id=?
Hibernate: insert into order_detail (note,price,quantity,order_id,product_id) values (?,?,?,?,?)
Hibernate: update orders set cust_id=?,employee_id=?,order_date=? where order_id=?
Hibernate: select p1_0.product_id,p1_0.description,p1_0.manufacturer_name,p1_0.name,p1_0.status,p1_0.unit from product p1_0 where p1_0.product_id=?
Hibernate: select o1_0.order_id,o2_0.order_id,c1_0.cust_id,c1_0.address,c1_0.email,c1_0.cust_name,c1_0.phone,o2_0.employee_id,e1_0.emp_id,e1_0.address,e1_0.dob,e1_0.email,e1_0.full_name,e1_0.phone,e1_0.status,o2_0.order_date,o1_0.product_id,p1_0.product_id,p1_0.description,p1_0.manufacturer_name,p1_0.name,p1_0.status,p1_0.unit,p2_0.product_id,p2_0.image_id,p2_0.alternative,p2_0.path,o1_0.note,o1_0.price,o1_0.quantity from order_detail o1_0 join orders o2_0 on o2_0.order_id=o1_0.order_id left join customer c1_0 on c1_0.cust_id=o2_0.cust_id left join employee e1_0 on e1_0.emp_id=o2_0.employee_id join product p1_0 on p1_0.product_id=o1_0.product_id left join product_image p2_0 on p1_0.product_id=p2_0.product_id where (o1_0.order_id,o1_0.product_id) in ((?,?))
Hibernate: select o1_0.order_id,c1_0.cust_id,c1_0.address,c1_0.email,c1_0.cust_name,c1_0.phone,o1_0.employee_id,e1_0.emp_id,e1_0.address,e1_0.dob,e1_0.email,e1_0.full_name,e1_0.phone,e1_0.status,o1_0.order_date,o2_0.order_id,o2_0.product_id,p1_0.product_id,p1_0.description,p1_0.manufacturer_name,p1_0.name,p1_0.status,p1_0.unit,o2_0.note,o2_0.price,o2_0.quantity from orders o1_0 left join customer c1_0 on c1_0.cust_id=o1_0.cust_id join employee e1_0 on e1_0.emp_id=o1_0.employee_id left join order_detail o2_0 on o1_0.order_id=o2_0.order_id left join product p1_0 on p1_0.product_id=o2_0.product_id where o1_0.order_id=?
Hibernate: select p1_0.product_id,p1_0.price_date_time,p1_0.note,p1_0.price from product_price p1_0 where p1_0.product_id=?
Hibernate: select p1_0.product_id,p1_0.image_id,p1_0.alternative,p1_0.path from product_image p1_0 where p1_0.product_id=?
Hibernate: select o1_0.product_id,o1_0.order_id,o2_0.order_id,c1_0.cust_id,c1_0.address,c1_0.email,c1_0.cust_name,c1_0.phone,o2_0.employee_id,e1_0.emp_id,e1_0.address,e1_0.dob,e1_0.email,e1_0.full_name,e1_0.phone,e1_0.status,o2_0.order_date,o1_0.note,o1_0.price,o1_0.quantity from order_detail o1_0 join orders o2_0 on o2_0.order_id=o1_0.order_id left join customer c1_0 on c1_0.cust_id=o2_0.cust_id left join employee e1_0 on e1_0.emp_id=o2_0.employee_id where o1_0.product_id=?
Hibernate: select l1_0.employee_id,l1_0.order_id,c1_0.cust_id,c1_0.address,c1_0.email,c1_0.cust_name,c1_0.phone,l1_0.order_date from orders l1_0 left join customer c1_0 on c1_0.cust_id=l1_0.cust_id where l1_0.employee_id=?
Hibernate: select p1_0.product_id,p1_0.description,p1_0.manufacturer_name,p1_0.name,p1_0.status,p1_0.unit,o1_0.product_id,o1_0.order_id,o2_0.order_id,c1_0.cust_id,c1_0.address,c1_0.email,c1_0.cust_name,c1_0.phone,o2_0.employee_id,e1_0.emp_id,e1_0.address,e1_0.dob,e1_0.email,e1_0.full_name,e1_0.phone,e1_0.status,o2_0.order_date,o1_0.note,o1_0.price,o1_0.quantity from product p1_0 left join order_detail o1_0 on p1_0.product_id=o1_0.product_id left join orders o2_0 on o2_0.order_id=o1_0.order_id left join customer c1_0 on c1_0.cust_id=o2_0.cust_id left join employee e1_0 on e1_0.emp_id=o2_0.employee_id where p1_0.product_id=?
Hibernate: select o1_0.order_id,o1_0.product_id,p1_0.product_id,p1_0.description,p1_0.manufacturer_name,p1_0.name,p1_0.status,p1_0.unit,o1_0.note,o1_0.price,o1_0.quantity from order_detail o1_0 join product p1_0 on p1_0.product_id=o1_0.product_id where o1_0.order_id=?
Hibernate: select l1_0.employee_id,l1_0.order_id,c1_0.cust_id,c1_0.address,c1_0.email,c1_0.cust_name,c1_0.phone,l1_0.order_date from orders l1_0 left join customer c1_0 on c1_0.cust_id=l1_0.cust_id where l1_0.employee_id=?
Hibernate: select o1_0.order_id,o1_0.product_id,p1_0.product_id,p1_0.description,p1_0.manufacturer_name,p1_0.name,p1_0.status,p1_0.unit,o1_0.note,o1_0.price,o1_0.quantity from order_detail o1_0 join product p1_0 on p1_0.product_id=o1_0.product_id where o1_0.order_id=?
Hibernate: select l1_0.employee_id,l1_0.order_id,c1_0.cust_id,c1_0.address,c1_0.email,c1_0.cust_name,c1_0.phone,l1_0.order_date from orders l1_0 left join customer c1_0 on c1_0.cust_id=l1_0.cust_id where l1_0.employee_id=?
Hibernate: select p1_0.product_id,p1_0.price_date_time,p1_0.note,p1_0.price from product_price p1_0 where p1_0.product_id=?
Hibernate: select p1_0.product_id,p1_0.image_id,p1_0.alternative,p1_0.path from product_image p1_0 where p1_0.product_id=?
Hibernate: select o1_0.order_id,o1_0.product_id,p1_0.product_id,p1_0.description,p1_0.manufacturer_name,p1_0.name,p1_0.status,p1_0.unit,o1_0.note,o1_0.price,o1_0.quantity from order_detail o1_0 join product p1_0 on p1_0.product_id=o1_0.product_id where o1_0.order_id=?
Hibernate: select l1_0.employee_id,l1_0.order_id,c1_0.cust_id,c1_0.address,c1_0.email,c1_0.cust_name,c1_0.phone,l1_0.order_date from orders l1_0 left join customer c1_0 on c1_0.cust_id=l1_0.cust_id where l1_0.employee_id=?
Hibernate: insert into order_detail (note,price,quantity,order_id,product_id) values (?,?,?,?,?)
Hibernate: update orders set cust_id=?,employee_id=?,order_date=? where order_id=?
Hibernate: select p1_0.product_id,p1_0.description,p1_0.manufacturer_name,p1_0.name,p1_0.status,p1_0.unit from product p1_0 where p1_0.product_id=?
Hibernate: select o1_0.order_id,o2_0.order_id,c1_0.cust_id,c1_0.address,c1_0.email,c1_0.cust_name,c1_0.phone,o2_0.employee_id,e1_0.emp_id,e1_0.address,e1_0.dob,e1_0.email,e1_0.full_name,e1_0.phone,e1_0.status,o2_0.order_date,o1_0.product_id,p1_0.product_id,p1_0.description,p1_0.manufacturer_name,p1_0.name,p1_0.status,p1_0.unit,p2_0.product_id,p2_0.image_id,p2_0.alternative,p2_0.path,o1_0.note,o1_0.price,o1_0.quantity from order_detail o1_0 join orders o2_0 on o2_0.order_id=o1_0.order_id left join customer c1_0 on c1_0.cust_id=o2_0.cust_id left join employee e1_0 on e1_0.emp_id=o2_0.employee_id join product p1_0 on p1_0.product_id=o1_0.product_id left join product_image p2_0 on p1_0.product_id=p2_0.product_id where (o1_0.order_id,o1_0.product_id) in ((?,?))
Hibernate: select o1_0.order_id,c1_0.cust_id,c1_0.address,c1_0.email,c1_0.cust_name,c1_0.phone,o1_0.employee_id,e1_0.emp_id,e1_0.address,e1_0.dob,e1_0.email,e1_0.full_name,e1_0.phone,e1_0.status,o1_0.order_date,o2_0.order_id,o2_0.product_id,p1_0.product_id,p1_0.description,p1_0.manufacturer_name,p1_0.name,p1_0.status,p1_0.unit,o2_0.note,o2_0.price,o2_0.quantity from orders o1_0 left join customer c1_0 on c1_0.cust_id=o1_0.cust_id join employee e1_0 on e1_0.emp_id=o1_0.employee_id left join order_detail o2_0 on o1_0.order_id=o2_0.order_id left join product p1_0 on p1_0.product_id=o2_0.product_id where o1_0.order_id=?
Hibernate: select p1_0.product_id,p1_0.price_date_time,p1_0.note,p1_0.price from product_price p1_0 where p1_0.product_id=?
Hibernate: select p1_0.product_id,p1_0.image_id,p1_0.alternative,p1_0.path from product_image p1_0 where p1_0.product_id=?
Hibernate: select o1_0.product_id,o1_0.order_id,o2_0.order_id,c1_0.cust_id,c1_0.address,c1_0.email,c1_0.cust_name,c1_0.phone,o2_0.employee_id,e1_0.emp_id,e1_0.address,e1_0.dob,e1_0.email,e1_0.full_name,e1_0.phone,e1_0.status,o2_0.order_date,o1_0.note,o1_0.price,o1_0.quantity from order_detail o1_0 join orders o2_0 on o2_0.order_id=o1_0.order_id left join customer c1_0 on c1_0.cust_id=o2_0.cust_id left join employee e1_0 on e1_0.emp_id=o2_0.employee_id where o1_0.product_id=?
Hibernate: select p1_0.product_id,p1_0.price_date_time,p1_0.note,p1_0.price from product_price p1_0 where p1_0.product_id=?
Hibernate: select p1_0.product_id,p1_0.image_id,p1_0.alternative,p1_0.path from product_image p1_0 where p1_0.product_id=?
Hibernate: select o1_0.product_id,o1_0.order_id,o2_0.order_id,c1_0.cust_id,c1_0.address,c1_0.email,c1_0.cust_name,c1_0.phone,o2_0.employee_id,e1_0.emp_id,e1_0.address,e1_0.dob,e1_0.email,e1_0.full_name,e1_0.phone,e1_0.status,o2_0.order_date,o1_0.note,o1_0.price,o1_0.quantity from order_detail o1_0 join orders o2_0 on o2_0.order_id=o1_0.order_id left join customer c1_0 on c1_0.cust_id=o2_0.cust_id left join employee e1_0 on e1_0.emp_id=o2_0.employee_id where o1_0.product_id=?
Hibernate: select l1_0.employee_id,l1_0.order_id,c1_0.cust_id,c1_0.address,c1_0.email,c1_0.cust_name,c1_0.phone,l1_0.order_date from orders l1_0 left join customer c1_0 on c1_0.cust_id=l1_0.cust_id where l1_0.employee_id=?
Hibernate: select p1_0.product_id,p1_0.description,p1_0.manufacturer_name,p1_0.name,p1_0.status,p1_0.unit,o1_0.product_id,o1_0.order_id,o2_0.order_id,c1_0.cust_id,c1_0.address,c1_0.email,c1_0.cust_name,c1_0.phone,o2_0.employee_id,e1_0.emp_id,e1_0.address,e1_0.dob,e1_0.email,e1_0.full_name,e1_0.phone,e1_0.status,o2_0.order_date,o1_0.note,o1_0.price,o1_0.quantity from product p1_0 left join order_detail o1_0 on p1_0.product_id=o1_0.product_id left join orders o2_0 on o2_0.order_id=o1_0.order_id left join customer c1_0 on c1_0.cust_id=o2_0.cust_id left join employee e1_0 on e1_0.emp_id=o2_0.employee_id where p1_0.product_id=?
Hibernate: select p1_0.product_id,p1_0.price_date_time,p1_0.note,p1_0.price from product_price p1_0 where p1_0.product_id=?
Hibernate: select p1_0.product_id,p1_0.image_id,p1_0.alternative,p1_0.path from product_image p1_0 where p1_0.product_id=?
Hibernate: insert into order_detail (note,price,quantity,order_id,product_id) values (?,?,?,?,?)
Hibernate: update orders set cust_id=?,employee_id=?,order_date=? where order_id=?
Hibernate: select e1_0.emp_id,e1_0.address,e1_0.dob,e1_0.email,e1_0.full_name,e1_0.phone,e1_0.status from employee e1_0 where e1_0.emp_id=?
Hibernate: select c1_0.cust_id,c1_0.address,c1_0.email,c1_0.cust_name,c1_0.phone from customer c1_0 where c1_0.cust_id=?
Hibernate: select o1_0.order_id,c1_0.cust_id,c1_0.address,c1_0.email,c1_0.cust_name,c1_0.phone,o1_0.employee_id,e1_0.emp_id,e1_0.address,e1_0.dob,e1_0.email,e1_0.full_name,e1_0.phone,e1_0.status,o1_0.order_date,o2_0.order_id,o2_0.product_id,p1_0.product_id,p1_0.description,p1_0.manufacturer_name,p1_0.name,p1_0.status,p1_0.unit,o2_0.note,o2_0.price,o2_0.quantity from orders o1_0 left join customer c1_0 on c1_0.cust_id=o1_0.cust_id join employee e1_0 on e1_0.emp_id=o1_0.employee_id left join order_detail o2_0 on o1_0.order_id=o2_0.order_id left join product p1_0 on p1_0.product_id=o2_0.product_id where o1_0.order_id=?
Hibernate: select c1_0.cust_id,c1_0.address,c1_0.email,c1_0.cust_name,c1_0.phone from customer c1_0 where c1_0.cust_id=?
Hibernate: select e1_0.emp_id,e1_0.address,e1_0.dob,e1_0.email,e1_0.full_name,e1_0.phone,e1_0.status from employee e1_0 where e1_0.emp_id=?
Hibernate: insert into orders (cust_id,employee_id,order_date,order_id) values (?,?,?,default)
Hibernate: select p1_0.product_id,p1_0.description,p1_0.manufacturer_name,p1_0.name,p1_0.status,p1_0.unit from product p1_0 where p1_0.product_id=?
Hibernate: select o1_0.order_id,o2_0.order_id,c1_0.cust_id,c1_0.address,c1_0.email,c1_0.cust_name,c1_0.phone,o2_0.employee_id,e1_0.emp_id,e1_0.address,e1_0.dob,e1_0.email,e1_0.full_name,e1_0.phone,e1_0.status,o2_0.order_date,o1_0.product_id,p1_0.product_id,p1_0.description,p1_0.manufacturer_name,p1_0.name,p1_0.status,p1_0.unit,p2_0.product_id,p2_0.image_id,p2_0.alternative,p2_0.path,o1_0.note,o1_0.price,o1_0.quantity from order_detail o1_0 join orders o2_0 on o2_0.order_id=o1_0.order_id left join customer c1_0 on c1_0.cust_id=o2_0.cust_id left join employee e1_0 on e1_0.emp_id=o2_0.employee_id join product p1_0 on p1_0.product_id=o1_0.product_id left join product_image p2_0 on p1_0.product_id=p2_0.product_id where (o1_0.order_id,o1_0.product_id) in ((?,?))
Hibernate: select o1_0.order_id,c1_0.cust_id,c1_0.address,c1_0.email,c1_0.cust_name,c1_0.phone,o1_0.employee_id,e1_0.emp_id,e1_0.address,e1_0.dob,e1_0.email,e1_0.full_name,e1_0.phone,e1_0.status,o1_0.order_date,o2_0.order_id,o2_0.product_id,p1_0.product_id,p1_0.description,p1_0.manufacturer_name,p1_0.name,p1_0.status,p1_0.unit,o2_0.note,o2_0.price,o2_0.quantity from orders o1_0 left join customer c1_0 on c1_0.cust_id=o1_0.cust_id join employee e1_0 on e1_0.emp_id=o1_0.employee_id left join order_detail o2_0 on o1_0.order_id=o2_0.order_id left join product p1_0 on p1_0.product_id=o2_0.product_id where o1_0.order_id=?
Hibernate: select l1_0.employee_id,l1_0.order_id,c1_0.cust_id,c1_0.address,c1_0.email,c1_0.cust_name,c1_0.phone,l1_0.order_date from orders l1_0 left join customer c1_0 on c1_0.cust_id=l1_0.cust_id where l1_0.employee_id=?
Hibernate: select p1_0.product_id,p1_0.description,p1_0.manufacturer_name,p1_0.name,p1_0.status,p1_0.unit,o1_0.product_id,o1_0.order_id,o2_0.order_id,c1_0.cust_id,c1_0.address,c1_0.email,c1_0.cust_name,c1_0.phone,o2_0.employee_id,e1_0.emp_id,e1_0.address,e1_0.dob,e1_0.email,e1_0.full_name,e1_0.phone,e1_0.status,o2_0.order_date,o1_0.note,o1_0.price,o1_0.quantity from product p1_0 left join order_detail o1_0 on p1_0.product_id=o1_0.product_id left join orders o2_0 on o2_0.order_id=o1_0.order_id left join customer c1_0 on c1_0.cust_id=o2_0.cust_id left join employee e1_0 on e1_0.emp_id=o2_0.employee_id where p1_0.product_id=?
Hibernate: select p1_0.product_id,p1_0.price_date_time,p1_0.note,p1_0.price from product_price p1_0 where p1_0.product_id=?
Hibernate: select p1_0.product_id,p1_0.image_id,p1_0.alternative,p1_0.path from product_image p1_0 where p1_0.product_id=?
Hibernate: insert into order_detail (note,price,quantity,order_id,product_id) values (?,?,?,?,?)
Hibernate: update orders set cust_id=?,employee_id=?,order_date=? where order_id=?
Hibernate: select p1_0.product_id,p1_0.description,p1_0.manufacturer_name,p1_0.name,p1_0.status,p1_0.unit from product p1_0 where p1_0.product_id=?
Hibernate: select o1_0.order_id,o2_0.order_id,c1_0.cust_id,c1_0.address,c1_0.email,c1_0.cust_name,c1_0.phone,o2_0.employee_id,e1_0.emp_id,e1_0.address,e1_0.dob,e1_0.email,e1_0.full_name,e1_0.phone,e1_0.status,o2_0.order_date,o1_0.product_id,p1_0.product_id,p1_0.description,p1_0.manufacturer_name,p1_0.name,p1_0.status,p1_0.unit,p2_0.product_id,p2_0.image_id,p2_0.alternative,p2_0.path,o1_0.note,o1_0.price,o1_0.quantity from order_detail o1_0 join orders o2_0 on o2_0.order_id=o1_0.order_id left join customer c1_0 on c1_0.cust_id=o2_0.cust_id left join employee e1_0 on e1_0.emp_id=o2_0.employee_id join product p1_0 on p1_0.product_id=o1_0.product_id left join product_image p2_0 on p1_0.product_id=p2_0.product_id where (o1_0.order_id,o1_0.product_id) in ((?,?))
Hibernate: select o1_0.order_id,c1_0.cust_id,c1_0.address,c1_0.email,c1_0.cust_name,c1_0.phone,o1_0.employee_id,e1_0.emp_id,e1_0.address,e1_0.dob,e1_0.email,e1_0.full_name,e1_0.phone,e1_0.status,o1_0.order_date,o2_0.order_id,o2_0.product_id,p1_0.product_id,p1_0.description,p1_0.manufacturer_name,p1_0.name,p1_0.status,p1_0.unit,o2_0.note,o2_0.price,o2_0.quantity from orders o1_0 left join customer c1_0 on c1_0.cust_id=o1_0.cust_id join employee e1_0 on e1_0.emp_id=o1_0.employee_id left join order_detail o2_0 on o1_0.order_id=o2_0.order_id left join product p1_0 on p1_0.product_id=o2_0.product_id where o1_0.order_id=?
Hibernate: select p1_0.product_id,p1_0.price_date_time,p1_0.note,p1_0.price from product_price p1_0 where p1_0.product_id=?
Hibernate: select p1_0.product_id,p1_0.image_id,p1_0.alternative,p1_0.path from product_image p1_0 where p1_0.product_id=?
Hibernate: select o1_0.product_id,o1_0.order_id,o2_0.order_id,c1_0.cust_id,c1_0.address,c1_0.email,c1_0.cust_name,c1_0.phone,o2_0.employee_id,e1_0.emp_id,e1_0.address,e1_0.dob,e1_0.email,e1_0.full_name,e1_0.phone,e1_0.status,o2_0.order_date,o1_0.note,o1_0.price,o1_0.quantity from order_detail o1_0 join orders o2_0 on o2_0.order_id=o1_0.order_id left join customer c1_0 on c1_0.cust_id=o2_0.cust_id left join employee e1_0 on e1_0.emp_id=o2_0.employee_id where o1_0.product_id=?
Hibernate: select l1_0.employee_id,l1_0.order_id,c1_0.cust_id,c1_0.address,c1_0.email,c1_0.cust_name,c1_0.phone,l1_0.order_date from orders l1_0 left join customer c1_0 on c1_0.cust_id=l1_0.cust_id where l1_0.employee_id=?
Hibernate: select p1_0.product_id,p1_0.description,p1_0.manufacturer_name,p1_0.name,p1_0.status,p1_0.unit,o1_0.product_id,o1_0.order_id,o2_0.order_id,c1_0.cust_id,c1_0.address,c1_0.email,c1_0.cust_name,c1_0.phone,o2_0.employee_id,e1_0.emp_id,e1_0.address,e1_0.dob,e1_0.email,e1_0.full_name,e1_0.phone,e1_0.status,o2_0.order_date,o1_0.note,o1_0.price,o1_0.quantity from product p1_0 left join order_detail o1_0 on p1_0.product_id=o1_0.product_id left join orders o2_0 on o2_0.order_id=o1_0.order_id left join customer c1_0 on c1_0.cust_id=o2_0.cust_id left join employee e1_0 on e1_0.emp_id=o2_0.employee_id where p1_0.product_id=?
Hibernate: select p1_0.product_id,p1_0.price_date_time,p1_0.note,p1_0.price from product_price p1_0 where p1_0.product_id=?
Hibernate: select p1_0.product_id,p1_0.image_id,p1_0.alternative,p1_0.path from product_image p1_0 where p1_0.product_id=?
Hibernate: select o1_0.order_id,o1_0.product_id,p1_0.product_id,p1_0.description,p1_0.manufacturer_name,p1_0.name,p1_0.status,p1_0.unit,o1_0.note,o1_0.price,o1_0.quantity from order_detail o1_0 join product p1_0 on p1_0.product_id=o1_0.product_id where o1_0.order_id=?
Hibernate: select l1_0.employee_id,l1_0.order_id,c1_0.cust_id,c1_0.address,c1_0.email,c1_0.cust_name,c1_0.phone,l1_0.order_date from orders l1_0 left join customer c1_0 on c1_0.cust_id=l1_0.cust_id where l1_0.employee_id=?
Hibernate: insert into order_detail (note,price,quantity,order_id,product_id) values (?,?,?,?,?)
Hibernate: update orders set cust_id=?,employee_id=?,order_date=? where order_id=?
Hibernate: select p1_0.product_id,p1_0.description,p1_0.manufacturer_name,p1_0.name,p1_0.status,p1_0.unit from product p1_0 where p1_0.product_id=?
Hibernate: select o1_0.order_id,o2_0.order_id,c1_0.cust_id,c1_0.address,c1_0.email,c1_0.cust_name,c1_0.phone,o2_0.employee_id,e1_0.emp_id,e1_0.address,e1_0.dob,e1_0.email,e1_0.full_name,e1_0.phone,e1_0.status,o2_0.order_date,o1_0.product_id,p1_0.product_id,p1_0.description,p1_0.manufacturer_name,p1_0.name,p1_0.status,p1_0.unit,p2_0.product_id,p2_0.image_id,p2_0.alternative,p2_0.path,o1_0.note,o1_0.price,o1_0.quantity from order_detail o1_0 join orders o2_0 on o2_0.order_id=o1_0.order_id left join customer c1_0 on c1_0.cust_id=o2_0.cust_id left join employee e1_0 on e1_0.emp_id=o2_0.employee_id join product p1_0 on p1_0.product_id=o1_0.product_id left join product_image p2_0 on p1_0.product_id=p2_0.product_id where (o1_0.order_id,o1_0.product_id) in ((?,?))
Hibernate: select o1_0.order_id,c1_0.cust_id,c1_0.address,c1_0.email,c1_0.cust_name,c1_0.phone,o1_0.employee_id,e1_0.emp_id,e1_0.address,e1_0.dob,e1_0.email,e1_0.full_name,e1_0.phone,e1_0.status,o1_0.order_date,o2_0.order_id,o2_0.product_id,p1_0.product_id,p1_0.description,p1_0.manufacturer_name,p1_0.name,p1_0.status,p1_0.unit,o2_0.note,o2_0.price,o2_0.quantity from orders o1_0 left join customer c1_0 on c1_0.cust_id=o1_0.cust_id join employee e1_0 on e1_0.emp_id=o1_0.employee_id left join order_detail o2_0 on o1_0.order_id=o2_0.order_id left join product p1_0 on p1_0.product_id=o2_0.product_id where o1_0.order_id=?
Hibernate: select p1_0.product_id,p1_0.price_date_time,p1_0.note,p1_0.price from product_price p1_0 where p1_0.product_id=?
Hibernate: select p1_0.product_id,p1_0.image_id,p1_0.alternative,p1_0.path from product_image p1_0 where p1_0.product_id=?
Hibernate: select o1_0.product_id,o1_0.order_id,o2_0.order_id,c1_0.cust_id,c1_0.address,c1_0.email,c1_0.cust_name,c1_0.phone,o2_0.employee_id,e1_0.emp_id,e1_0.address,e1_0.dob,e1_0.email,e1_0.full_name,e1_0.phone,e1_0.status,o2_0.order_date,o1_0.note,o1_0.price,o1_0.quantity from order_detail o1_0 join orders o2_0 on o2_0.order_id=o1_0.order_id left join customer c1_0 on c1_0.cust_id=o2_0.cust_id left join employee e1_0 on e1_0.emp_id=o2_0.employee_id where o1_0.product_id=?
Hibernate: select p1_0.product_id,p1_0.price_date_time,p1_0.note,p1_0.price from product_price p1_0 where p1_0.product_id=?
Hibernate: select p1_0.product_id,p1_0.image_id,p1_0.alternative,p1_0.path from product_image p1_0 where p1_0.product_id=?
Hibernate: select o1_0.product_id,o1_0.order_id,o2_0.order_id,c1_0.cust_id,c1_0.address,c1_0.email,c1_0.cust_name,c1_0.phone,o2_0.employee_id,e1_0.emp_id,e1_0.address,e1_0.dob,e1_0.email,e1_0.full_name,e1_0.phone,e1_0.status,o2_0.order_date,o1_0.note,o1_0.price,o1_0.quantity from order_detail o1_0 join orders o2_0 on o2_0.order_id=o1_0.order_id left join customer c1_0 on c1_0.cust_id=o2_0.cust_id left join employee e1_0 on e1_0.emp_id=o2_0.employee_id where o1_0.product_id=?
Hibernate: select l1_0.employee_id,l1_0.order_id,c1_0.cust_id,c1_0.address,c1_0.email,c1_0.cust_name,c1_0.phone,l1_0.order_date from orders l1_0 left join customer c1_0 on c1_0.cust_id=l1_0.cust_id where l1_0.employee_id=?
Hibernate: select p1_0.product_id,p1_0.description,p1_0.manufacturer_name,p1_0.name,p1_0.status,p1_0.unit,o1_0.product_id,o1_0.order_id,o2_0.order_id,c1_0.cust_id,c1_0.address,c1_0.email,c1_0.cust_name,c1_0.phone,o2_0.employee_id,e1_0.emp_id,e1_0.address,e1_0.dob,e1_0.email,e1_0.full_name,e1_0.phone,e1_0.status,o2_0.order_date,o1_0.note,o1_0.price,o1_0.quantity from product p1_0 left join order_detail o1_0 on p1_0.product_id=o1_0.product_id left join orders o2_0 on o2_0.order_id=o1_0.order_id left join customer c1_0 on c1_0.cust_id=o2_0.cust_id left join employee e1_0 on e1_0.emp_id=o2_0.employee_id where p1_0.product_id=?
Hibernate: select p1_0.product_id,p1_0.price_date_time,p1_0.note,p1_0.price from product_price p1_0 where p1_0.product_id=?
Hibernate: select p1_0.product_id,p1_0.image_id,p1_0.alternative,p1_0.path from product_image p1_0 where p1_0.product_id=?
Hibernate: insert into order_detail (note,price,quantity,order_id,product_id) values (?,?,?,?,?)
Hibernate: update orders set cust_id=?,employee_id=?,order_date=? where order_id=?
Hibernate: select e1_0.emp_id,e1_0.address,e1_0.dob,e1_0.email,e1_0.full_name,e1_0.phone,e1_0.status from employee e1_0 where e1_0.emp_id=?
Hibernate: select c1_0.cust_id,c1_0.address,c1_0.email,c1_0.cust_name,c1_0.phone from customer c1_0 where c1_0.cust_id=?
Hibernate: select o1_0.order_id,c1_0.cust_id,c1_0.address,c1_0.email,c1_0.cust_name,c1_0.phone,o1_0.employee_id,e1_0.emp_id,e1_0.address,e1_0.dob,e1_0.email,e1_0.full_name,e1_0.phone,e1_0.status,o1_0.order_date,o2_0.order_id,o2_0.product_id,p1_0.product_id,p1_0.description,p1_0.manufacturer_name,p1_0.name,p1_0.status,p1_0.unit,o2_0.note,o2_0.price,o2_0.quantity from orders o1_0 left join customer c1_0 on c1_0.cust_id=o1_0.cust_id join employee e1_0 on e1_0.emp_id=o1_0.employee_id left join order_detail o2_0 on o1_0.order_id=o2_0.order_id left join product p1_0 on p1_0.product_id=o2_0.product_id where o1_0.order_id=?
Hibernate: select c1_0.cust_id,c1_0.address,c1_0.email,c1_0.cust_name,c1_0.phone from customer c1_0 where c1_0.cust_id=?
Hibernate: select e1_0.emp_id,e1_0.address,e1_0.dob,e1_0.email,e1_0.full_name,e1_0.phone,e1_0.status from employee e1_0 where e1_0.emp_id=?
Hibernate: insert into orders (cust_id,employee_id,order_date,order_id) values (?,?,?,default)
Hibernate: select p1_0.product_id,p1_0.description,p1_0.manufacturer_name,p1_0.name,p1_0.status,p1_0.unit from product p1_0 where p1_0.product_id=?
Hibernate: select o1_0.order_id,o2_0.order_id,c1_0.cust_id,c1_0.address,c1_0.email,c1_0.cust_name,c1_0.phone,o2_0.employee_id,e1_0.emp_id,e1_0.address,e1_0.dob,e1_0.email,e1_0.full_name,e1_0.phone,e1_0.status,o2_0.order_date,o1_0.product_id,p1_0.product_id,p1_0.description,p1_0.manufacturer_name,p1_0.name,p1_0.status,p1_0.unit,p2_0.product_id,p2_0.image_id,p2_0.alternative,p2_0.path,o1_0.note,o1_0.price,o1_0.quantity from order_detail o1_0 join orders o2_0 on o2_0.order_id=o1_0.order_id left join customer c1_0 on c1_0.cust_id=o2_0.cust_id left join employee e1_0 on e1_0.emp_id=o2_0.employee_id join product p1_0 on p1_0.product_id=o1_0.product_id left join product_image p2_0 on p1_0.product_id=p2_0.product_id where (o1_0.order_id,o1_0.product_id) in ((?,?))
Hibernate: select o1_0.order_id,c1_0.cust_id,c1_0.address,c1_0.email,c1_0.cust_name,c1_0.phone,o1_0.employee_id,e1_0.emp_id,e1_0.address,e1_0.dob,e1_0.email,e1_0.full_name,e1_0.phone,e1_0.status,o1_0.order_date,o2_0.order_id,o2_0.product_id,p1_0.product_id,p1_0.description,p1_0.manufacturer_name,p1_0.name,p1_0.status,p1_0.unit,o2_0.note,o2_0.price,o2_0.quantity from orders o1_0 left join customer c1_0 on c1_0.cust_id=o1_0.cust_id join employee e1_0 on e1_0.emp_id=o1_0.employee_id left join order_detail o2_0 on o1_0.order_id=o2_0.order_id left join product p1_0 on p1_0.product_id=o2_0.product_id where o1_0.order_id=?
Hibernate: select l1_0.employee_id,l1_0.order_id,c1_0.cust_id,c1_0.address,c1_0.email,c1_0.cust_name,c1_0.phone,l1_0.order_date from orders l1_0 left join customer c1_0 on c1_0.cust_id=l1_0.cust_id where l1_0.employee_id=?
Hibernate: select p1_0.product_id,p1_0.description,p1_0.manufacturer_name,p1_0.name,p1_0.status,p1_0.unit,o1_0.product_id,o1_0.order_id,o2_0.order_id,c1_0.cust_id,c1_0.address,c1_0.email,c1_0.cust_name,c1_0.phone,o2_0.employee_id,e1_0.emp_id,e1_0.address,e1_0.dob,e1_0.email,e1_0.full_name,e1_0.phone,e1_0.status,o2_0.order_date,o1_0.note,o1_0.price,o1_0.quantity from product p1_0 left join order_detail o1_0 on p1_0.product_id=o1_0.product_id left join orders o2_0 on o2_0.order_id=o1_0.order_id left join customer c1_0 on c1_0.cust_id=o2_0.cust_id left join employee e1_0 on e1_0.emp_id=o2_0.employee_id where p1_0.product_id=?
Hibernate: select p1_0.product_id,p1_0.price_date_time,p1_0.note,p1_0.price from product_price p1_0 where p1_0.product_id=?
Hibernate: select p1_0.product_id,p1_0.image_id,p1_0.alternative,p1_0.path from product_image p1_0 where p1_0.product_id=?
Hibernate: select o1_0.order_id,o1_0.product_id,p1_0.product_id,p1_0.description,p1_0.manufacturer_name,p1_0.name,p1_0.status,p1_0.unit,o1_0.note,o1_0.price,o1_0.quantity from order_detail o1_0 join product p1_0 on p1_0.product_id=o1_0.product_id where o1_0.order_id=?
Hibernate: select l1_0.employee_id,l1_0.order_id,c1_0.cust_id,c1_0.address,c1_0.email,c1_0.cust_name,c1_0.phone,l1_0.order_date from orders l1_0 left join customer c1_0 on c1_0.cust_id=l1_0.cust_id where l1_0.employee_id=?
Hibernate: insert into order_detail (note,price,quantity,order_id,product_id) values (?,?,?,?,?)
Hibernate: update orders set cust_id=?,employee_id=?,order_date=? where order_id=?
Hibernate: select p1_0.product_id,p1_0.description,p1_0.manufacturer_name,p1_0.name,p1_0.status,p1_0.unit from product p1_0 where p1_0.product_id=?
Hibernate: select o1_0.order_id,o2_0.order_id,c1_0.cust_id,c1_0.address,c1_0.email,c1_0.cust_name,c1_0.phone,o2_0.employee_id,e1_0.emp_id,e1_0.address,e1_0.dob,e1_0.email,e1_0.full_name,e1_0.phone,e1_0.status,o2_0.order_date,o1_0.product_id,p1_0.product_id,p1_0.description,p1_0.manufacturer_name,p1_0.name,p1_0.status,p1_0.unit,p2_0.product_id,p2_0.image_id,p2_0.alternative,p2_0.path,o1_0.note,o1_0.price,o1_0.quantity from order_detail o1_0 join orders o2_0 on o2_0.order_id=o1_0.order_id left join customer c1_0 on c1_0.cust_id=o2_0.cust_id left join employee e1_0 on e1_0.emp_id=o2_0.employee_id join product p1_0 on p1_0.product_id=o1_0.product_id left join product_image p2_0 on p1_0.product_id=p2_0.product_id where (o1_0.order_id,o1_0.product_id) in ((?,?))
Hibernate: select o1_0.order_id,c1_0.cust_id,c1_0.address,c1_0.email,c1_0.cust_name,c1_0.phone,o1_0.employee_id,e1_0.emp_id,e1_0.address,e1_0.dob,e1_0.email,e1_0.full_name,e1_0.phone,e1_0.status,o1_0.order_date,o2_0.order_id,o2_0.product_id,p1_0.product_id,p1_0.description,p1_0.manufacturer_name,p1_0.name,p1_0.status,p1_0.unit,o2_0.note,o2_0.price,o2_0.quantity from orders o1_0 left join customer c1_0 on c1_0.cust_id=o1_0.cust_id join employee e1_0 on e1_0.emp_id=o1_0.employee_id left join order_detail o2_0 on o1_0.order_id=o2_0.order_id left join product p1_0 on p1_0.product_id=o2_0.product_id where o1_0.order_id=?
Hibernate: select p1_0.product_id,p1_0.price_date_time,p1_0.note,p1_0.price from product_price p1_0 where p1_0.product_id=?
Hibernate: select p1_0.product_id,p1_0.image_id,p1_0.alternative,p1_0.path from product_image p1_0 where p1_0.product_id=?
Hibernate: select o1_0.product_id,o1_0.order_id,o2_0.order_id,c1_0.cust_id,c1_0.address,c1_0.email,c1_0.cust_name,c1_0.phone,o2_0.employee_id,e1_0.emp_id,e1_0.address,e1_0.dob,e1_0.email,e1_0.full_name,e1_0.phone,e1_0.status,o2_0.order_date,o1_0.note,o1_0.price,o1_0.quantity from order_detail o1_0 join orders o2_0 on o2_0.order_id=o1_0.order_id left join customer c1_0 on c1_0.cust_id=o2_0.cust_id left join employee e1_0 on e1_0.emp_id=o2_0.employee_id where o1_0.product_id=?
Hibernate: select l1_0.employee_id,l1_0.order_id,c1_0.cust_id,c1_0.address,c1_0.email,c1_0.cust_name,c1_0.phone,l1_0.order_date from orders l1_0 left join customer c1_0 on c1_0.cust_id=l1_0.cust_id where l1_0.employee_id=?
Hibernate: select p1_0.product_id,p1_0.description,p1_0.manufacturer_name,p1_0.name,p1_0.status,p1_0.unit,o1_0.product_id,o1_0.order_id,o2_0.order_id,c1_0.cust_id,c1_0.address,c1_0.email,c1_0.cust_name,c1_0.phone,o2_0.employee_id,e1_0.emp_id,e1_0.address,e1_0.dob,e1_0.email,e1_0.full_name,e1_0.phone,e1_0.status,o2_0.order_date,o1_0.note,o1_0.price,o1_0.quantity from product p1_0 left join order_detail o1_0 on p1_0.product_id=o1_0.product_id left join orders o2_0 on o2_0.order_id=o1_0.order_id left join customer c1_0 on c1_0.cust_id=o2_0.cust_id left join employee e1_0 on e1_0.emp_id=o2_0.employee_id where p1_0.product_id=?
Hibernate: select p1_0.product_id,p1_0.price_date_time,p1_0.note,p1_0.price from product_price p1_0 where p1_0.product_id=?
Hibernate: select p1_0.product_id,p1_0.image_id,p1_0.alternative,p1_0.path from product_image p1_0 where p1_0.product_id=?
Hibernate: insert into order_detail (note,price,quantity,order_id,product_id) values (?,?,?,?,?)
Hibernate: update orders set cust_id=?,employee_id=?,order_date=? where order_id=?
Hibernate: select p1_0.product_id,p1_0.description,p1_0.manufacturer_name,p1_0.name,p1_0.status,p1_0.unit from product p1_0 where p1_0.product_id=?
Hibernate: select o1_0.order_id,o2_0.order_id,c1_0.cust_id,c1_0.address,c1_0.email,c1_0.cust_name,c1_0.phone,o2_0.employee_id,e1_0.emp_id,e1_0.address,e1_0.dob,e1_0.email,e1_0.full_name,e1_0.phone,e1_0.status,o2_0.order_date,o1_0.product_id,p1_0.product_id,p1_0.description,p1_0.manufacturer_name,p1_0.name,p1_0.status,p1_0.unit,p2_0.product_id,p2_0.image_id,p2_0.alternative,p2_0.path,o1_0.note,o1_0.price,o1_0.quantity from order_detail o1_0 join orders o2_0 on o2_0.order_id=o1_0.order_id left join customer c1_0 on c1_0.cust_id=o2_0.cust_id left join employee e1_0 on e1_0.emp_id=o2_0.employee_id join product p1_0 on p1_0.product_id=o1_0.product_id left join product_image p2_0 on p1_0.product_id=p2_0.product_id where (o1_0.order_id,o1_0.product_id) in ((?,?))
Hibernate: select o1_0.order_id,c1_0.cust_id,c1_0.address,c1_0.email,c1_0.cust_name,c1_0.phone,o1_0.employee_id,e1_0.emp_id,e1_0.address,e1_0.dob,e1_0.email,e1_0.full_name,e1_0.phone,e1_0.status,o1_0.order_date,o2_0.order_id,o2_0.product_id,p1_0.product_id,p1_0.description,p1_0.manufacturer_name,p1_0.name,p1_0.status,p1_0.unit,o2_0.note,o2_0.price,o2_0.quantity from orders o1_0 left join customer c1_0 on c1_0.cust_id=o1_0.cust_id join employee e1_0 on e1_0.emp_id=o1_0.employee_id left join order_detail o2_0 on o1_0.order_id=o2_0.order_id left join product p1_0 on p1_0.product_id=o2_0.product_id where o1_0.order_id=?
Hibernate: select p1_0.product_id,p1_0.price_date_time,p1_0.note,p1_0.price from product_price p1_0 where p1_0.product_id=?
Hibernate: select p1_0.product_id,p1_0.image_id,p1_0.alternative,p1_0.path from product_image p1_0 where p1_0.product_id=?
Hibernate: select o1_0.product_id,o1_0.order_id,o2_0.order_id,c1_0.cust_id,c1_0.address,c1_0.email,c1_0.cust_name,c1_0.phone,o2_0.employee_id,e1_0.emp_id,e1_0.address,e1_0.dob,e1_0.email,e1_0.full_name,e1_0.phone,e1_0.status,o2_0.order_date,o1_0.note,o1_0.price,o1_0.quantity from order_detail o1_0 join orders o2_0 on o2_0.order_id=o1_0.order_id left join customer c1_0 on c1_0.cust_id=o2_0.cust_id left join employee e1_0 on e1_0.emp_id=o2_0.employee_id where o1_0.product_id=?
Hibernate: select p1_0.product_id,p1_0.price_date_time,p1_0.note,p1_0.price from product_price p1_0 where p1_0.product_id=?
Hibernate: select p1_0.product_id,p1_0.image_id,p1_0.alternative,p1_0.path from product_image p1_0 where p1_0.product_id=?
Hibernate: select o1_0.product_id,o1_0.order_id,o2_0.order_id,c1_0.cust_id,c1_0.address,c1_0.email,c1_0.cust_name,c1_0.phone,o2_0.employee_id,e1_0.emp_id,e1_0.address,e1_0.dob,e1_0.email,e1_0.full_name,e1_0.phone,e1_0.status,o2_0.order_date,o1_0.note,o1_0.price,o1_0.quantity from order_detail o1_0 join orders o2_0 on o2_0.order_id=o1_0.order_id left join customer c1_0 on c1_0.cust_id=o2_0.cust_id left join employee e1_0 on e1_0.emp_id=o2_0.employee_id where o1_0.product_id=?
Hibernate: select l1_0.employee_id,l1_0.order_id,c1_0.cust_id,c1_0.address,c1_0.email,c1_0.cust_name,c1_0.phone,l1_0.order_date from orders l1_0 left join customer c1_0 on c1_0.cust_id=l1_0.cust_id where l1_0.employee_id=?
Hibernate: select p1_0.product_id,p1_0.description,p1_0.manufacturer_name,p1_0.name,p1_0.status,p1_0.unit,o1_0.product_id,o1_0.order_id,o2_0.order_id,c1_0.cust_id,c1_0.address,c1_0.email,c1_0.cust_name,c1_0.phone,o2_0.employee_id,e1_0.emp_id,e1_0.address,e1_0.dob,e1_0.email,e1_0.full_name,e1_0.phone,e1_0.status,o2_0.order_date,o1_0.note,o1_0.price,o1_0.quantity from product p1_0 left join order_detail o1_0 on p1_0.product_id=o1_0.product_id left join orders o2_0 on o2_0.order_id=o1_0.order_id left join customer c1_0 on c1_0.cust_id=o2_0.cust_id left join employee e1_0 on e1_0.emp_id=o2_0.employee_id where p1_0.product_id=?
Hibernate: select p1_0.product_id,p1_0.price_date_time,p1_0.note,p1_0.price from product_price p1_0 where p1_0.product_id=?
Hibernate: select p1_0.product_id,p1_0.image_id,p1_0.alternative,p1_0.path from product_image p1_0 where p1_0.product_id=?
Hibernate: insert into order_detail (note,price,quantity,order_id,product_id) values (?,?,?,?,?)
Hibernate: update orders set cust_id=?,employee_id=?,order_date=? where order_id=?
Hibernate: select e1_0.emp_id,e1_0.address,e1_0.dob,e1_0.email,e1_0.full_name,e1_0.phone,e1_0.status from employee e1_0 where e1_0.emp_id=?
Hibernate: select c1_0.cust_id,c1_0.address,c1_0.email,c1_0.cust_name,c1_0.phone from customer c1_0 where c1_0.cust_id=?
Hibernate: select o1_0.order_id,c1_0.cust_id,c1_0.address,c1_0.email,c1_0.cust_name,c1_0.phone,o1_0.employee_id,e1_0.emp_id,e1_0.address,e1_0.dob,e1_0.email,e1_0.full_name,e1_0.phone,e1_0.status,o1_0.order_date,o2_0.order_id,o2_0.product_id,p1_0.product_id,p1_0.description,p1_0.manufacturer_name,p1_0.name,p1_0.status,p1_0.unit,o2_0.note,o2_0.price,o2_0.quantity from orders o1_0 left join customer c1_0 on c1_0.cust_id=o1_0.cust_id join employee e1_0 on e1_0.emp_id=o1_0.employee_id left join order_detail o2_0 on o1_0.order_id=o2_0.order_id left join product p1_0 on p1_0.product_id=o2_0.product_id where o1_0.order_id=?
Hibernate: select c1_0.cust_id,c1_0.address,c1_0.email,c1_0.cust_name,c1_0.phone from customer c1_0 where c1_0.cust_id=?
Hibernate: select e1_0.emp_id,e1_0.address,e1_0.dob,e1_0.email,e1_0.full_name,e1_0.phone,e1_0.status from employee e1_0 where e1_0.emp_id=?
Hibernate: insert into orders (cust_id,employee_id,order_date,order_id) values (?,?,?,default)
Hibernate: select p1_0.product_id,p1_0.description,p1_0.manufacturer_name,p1_0.name,p1_0.status,p1_0.unit from product p1_0 where p1_0.product_id=?
Hibernate: select o1_0.order_id,o2_0.order_id,c1_0.cust_id,c1_0.address,c1_0.email,c1_0.cust_name,c1_0.phone,o2_0.employee_id,e1_0.emp_id,e1_0.address,e1_0.dob,e1_0.email,e1_0.full_name,e1_0.phone,e1_0.status,o2_0.order_date,o1_0.product_id,p1_0.product_id,p1_0.description,p1_0.manufacturer_name,p1_0.name,p1_0.status,p1_0.unit,p2_0.product_id,p2_0.image_id,p2_0.alternative,p2_0.path,o1_0.note,o1_0.price,o1_0.quantity from order_detail o1_0 join orders o2_0 on o2_0.order_id=o1_0.order_id left join customer c1_0 on c1_0.cust_id=o2_0.cust_id left join employee e1_0 on e1_0.emp_id=o2_0.employee_id join product p1_0 on p1_0.product_id=o1_0.product_id left join product_image p2_0 on p1_0.product_id=p2_0.product_id where (o1_0.order_id,o1_0.product_id) in ((?,?))
Hibernate: select o1_0.order_id,c1_0.cust_id,c1_0.address,c1_0.email,c1_0.cust_name,c1_0.phone,o1_0.employee_id,e1_0.emp_id,e1_0.address,e1_0.dob,e1_0.email,e1_0.full_name,e1_0.phone,e1_0.status,o1_0.order_date,o2_0.order_id,o2_0.product_id,p1_0.product_id,p1_0.description,p1_0.manufacturer_name,p1_0.name,p1_0.status,p1_0.unit,o2_0.note,o2_0.price,o2_0.quantity from orders o1_0 left join customer c1_0 on c1_0.cust_id=o1_0.cust_id join employee e1_0 on e1_0.emp_id=o1_0.employee_id left join order_detail o2_0 on o1_0.order_id=o2_0.order_id left join product p1_0 on p1_0.product_id=o2_0.product_id where o1_0.order_id=?
Hibernate: select l1_0.employee_id,l1_0.order_id,c1_0.cust_id,c1_0.address,c1_0.email,c1_0.cust_name,c1_0.phone,l1_0.order_date from orders l1_0 left join customer c1_0 on c1_0.cust_id=l1_0.cust_id where l1_0.employee_id=?
Hibernate: select p1_0.product_id,p1_0.description,p1_0.manufacturer_name,p1_0.name,p1_0.status,p1_0.unit,o1_0.product_id,o1_0.order_id,o2_0.order_id,c1_0.cust_id,c1_0.address,c1_0.email,c1_0.cust_name,c1_0.phone,o2_0.employee_id,e1_0.emp_id,e1_0.address,e1_0.dob,e1_0.email,e1_0.full_name,e1_0.phone,e1_0.status,o2_0.order_date,o1_0.note,o1_0.price,o1_0.quantity from product p1_0 left join order_detail o1_0 on p1_0.product_id=o1_0.product_id left join orders o2_0 on o2_0.order_id=o1_0.order_id left join customer c1_0 on c1_0.cust_id=o2_0.cust_id left join employee e1_0 on e1_0.emp_id=o2_0.employee_id where p1_0.product_id=?
Hibernate: select p1_0.product_id,p1_0.price_date_time,p1_0.note,p1_0.price from product_price p1_0 where p1_0.product_id=?
Hibernate: select p1_0.product_id,p1_0.image_id,p1_0.alternative,p1_0.path from product_image p1_0 where p1_0.product_id=?
Hibernate: insert into order_detail (note,price,quantity,order_id,product_id) values (?,?,?,?,?)
Hibernate: update orders set cust_id=?,employee_id=?,order_date=? where order_id=?
Hibernate: select p1_0.product_id,p1_0.description,p1_0.manufacturer_name,p1_0.name,p1_0.status,p1_0.unit from product p1_0 where p1_0.product_id=?
Hibernate: select o1_0.order_id,o2_0.order_id,c1_0.cust_id,c1_0.address,c1_0.email,c1_0.cust_name,c1_0.phone,o2_0.employee_id,e1_0.emp_id,e1_0.address,e1_0.dob,e1_0.email,e1_0.full_name,e1_0.phone,e1_0.status,o2_0.order_date,o1_0.product_id,p1_0.product_id,p1_0.description,p1_0.manufacturer_name,p1_0.name,p1_0.status,p1_0.unit,p2_0.product_id,p2_0.image_id,p2_0.alternative,p2_0.path,o1_0.note,o1_0.price,o1_0.quantity from order_detail o1_0 join orders o2_0 on o2_0.order_id=o1_0.order_id left join customer c1_0 on c1_0.cust_id=o2_0.cust_id left join employee e1_0 on e1_0.emp_id=o2_0.employee_id join product p1_0 on p1_0.product_id=o1_0.product_id left join product_image p2_0 on p1_0.product_id=p2_0.product_id where (o1_0.order_id,o1_0.product_id) in ((?,?))
Hibernate: select o1_0.order_id,c1_0.cust_id,c1_0.address,c1_0.email,c1_0.cust_name,c1_0.phone,o1_0.employee_id,e1_0.emp_id,e1_0.address,e1_0.dob,e1_0.email,e1_0.full_name,e1_0.phone,e1_0.status,o1_0.order_date,o2_0.order_id,o2_0.product_id,p1_0.product_id,p1_0.description,p1_0.manufacturer_name,p1_0.name,p1_0.status,p1_0.unit,o2_0.note,o2_0.price,o2_0.quantity from orders o1_0 left join customer c1_0 on c1_0.cust_id=o1_0.cust_id join employee e1_0 on e1_0.emp_id=o1_0.employee_id left join order_detail o2_0 on o1_0.order_id=o2_0.order_id left join product p1_0 on p1_0.product_id=o2_0.product_id where o1_0.order_id=?
Hibernate: select p1_0.product_id,p1_0.price_date_time,p1_0.note,p1_0.price from product_price p1_0 where p1_0.product_id=?
Hibernate: select p1_0.product_id,p1_0.image_id,p1_0.alternative,p1_0.path from product_image p1_0 where p1_0.product_id=?
Hibernate: select o1_0.product_id,o1_0.order_id,o2_0.order_id,c1_0.cust_id,c1_0.address,c1_0.email,c1_0.cust_name,c1_0.phone,o2_0.employee_id,e1_0.emp_id,e1_0.address,e1_0.dob,e1_0.email,e1_0.full_name,e1_0.phone,e1_0.status,o2_0.order_date,o1_0.note,o1_0.price,o1_0.quantity from order_detail o1_0 join orders o2_0 on o2_0.order_id=o1_0.order_id left join customer c1_0 on c1_0.cust_id=o2_0.cust_id left join employee e1_0 on e1_0.emp_id=o2_0.employee_id where o1_0.product_id=?
Hibernate: select l1_0.employee_id,l1_0.order_id,c1_0.cust_id,c1_0.address,c1_0.email,c1_0.cust_name,c1_0.phone,l1_0.order_date from orders l1_0 left join customer c1_0 on c1_0.cust_id=l1_0.cust_id where l1_0.employee_id=?
Hibernate: select p1_0.product_id,p1_0.description,p1_0.manufacturer_name,p1_0.name,p1_0.status,p1_0.unit,o1_0.product_id,o1_0.order_id,o2_0.order_id,c1_0.cust_id,c1_0.address,c1_0.email,c1_0.cust_name,c1_0.phone,o2_0.employee_id,e1_0.emp_id,e1_0.address,e1_0.dob,e1_0.email,e1_0.full_name,e1_0.phone,e1_0.status,o2_0.order_date,o1_0.note,o1_0.price,o1_0.quantity from product p1_0 left join order_detail o1_0 on p1_0.product_id=o1_0.product_id left join orders o2_0 on o2_0.order_id=o1_0.order_id left join customer c1_0 on c1_0.cust_id=o2_0.cust_id left join employee e1_0 on e1_0.emp_id=o2_0.employee_id where p1_0.product_id=?
Hibernate: select o1_0.order_id,o1_0.product_id,p1_0.product_id,p1_0.description,p1_0.manufacturer_name,p1_0.name,p1_0.status,p1_0.unit,o1_0.note,o1_0.price,o1_0.quantity from order_detail o1_0 join product p1_0 on p1_0.product_id=o1_0.product_id where o1_0.order_id=?
Hibernate: select l1_0.employee_id,l1_0.order_id,c1_0.cust_id,c1_0.address,c1_0.email,c1_0.cust_name,c1_0.phone,l1_0.order_date from orders l1_0 left join customer c1_0 on c1_0.cust_id=l1_0.cust_id where l1_0.employee_id=?
Hibernate: select p1_0.product_id,p1_0.price_date_time,p1_0.note,p1_0.price from product_price p1_0 where p1_0.product_id=?
Hibernate: select p1_0.product_id,p1_0.image_id,p1_0.alternative,p1_0.path from product_image p1_0 where p1_0.product_id=?
Hibernate: select o1_0.order_id,o1_0.product_id,p1_0.product_id,p1_0.description,p1_0.manufacturer_name,p1_0.name,p1_0.status,p1_0.unit,o1_0.note,o1_0.price,o1_0.quantity from order_detail o1_0 join product p1_0 on p1_0.product_id=o1_0.product_id where o1_0.order_id=?
Hibernate: select l1_0.employee_id,l1_0.order_id,c1_0.cust_id,c1_0.address,c1_0.email,c1_0.cust_name,c1_0.phone,l1_0.order_date from orders l1_0 left join customer c1_0 on c1_0.cust_id=l1_0.cust_id where l1_0.employee_id=?
Hibernate: insert into order_detail (note,price,quantity,order_id,product_id) values (?,?,?,?,?)
Hibernate: update orders set cust_id=?,employee_id=?,order_date=? where order_id=?
Hibernate: select p1_0.product_id,p1_0.description,p1_0.manufacturer_name,p1_0.name,p1_0.status,p1_0.unit from product p1_0 where p1_0.product_id=?
Hibernate: select o1_0.order_id,o2_0.order_id,c1_0.cust_id,c1_0.address,c1_0.email,c1_0.cust_name,c1_0.phone,o2_0.employee_id,e1_0.emp_id,e1_0.address,e1_0.dob,e1_0.email,e1_0.full_name,e1_0.phone,e1_0.status,o2_0.order_date,o1_0.product_id,p1_0.product_id,p1_0.description,p1_0.manufacturer_name,p1_0.name,p1_0.status,p1_0.unit,p2_0.product_id,p2_0.image_id,p2_0.alternative,p2_0.path,o1_0.note,o1_0.price,o1_0.quantity from order_detail o1_0 join orders o2_0 on o2_0.order_id=o1_0.order_id left join customer c1_0 on c1_0.cust_id=o2_0.cust_id left join employee e1_0 on e1_0.emp_id=o2_0.employee_id join product p1_0 on p1_0.product_id=o1_0.product_id left join product_image p2_0 on p1_0.product_id=p2_0.product_id where (o1_0.order_id,o1_0.product_id) in ((?,?))
Hibernate: select o1_0.order_id,c1_0.cust_id,c1_0.address,c1_0.email,c1_0.cust_name,c1_0.phone,o1_0.employee_id,e1_0.emp_id,e1_0.address,e1_0.dob,e1_0.email,e1_0.full_name,e1_0.phone,e1_0.status,o1_0.order_date,o2_0.order_id,o2_0.product_id,p1_0.product_id,p1_0.description,p1_0.manufacturer_name,p1_0.name,p1_0.status,p1_0.unit,o2_0.note,o2_0.price,o2_0.quantity from orders o1_0 left join customer c1_0 on c1_0.cust_id=o1_0.cust_id join employee e1_0 on e1_0.emp_id=o1_0.employee_id left join order_detail o2_0 on o1_0.order_id=o2_0.order_id left join product p1_0 on p1_0.product_id=o2_0.product_id where o1_0.order_id=?
Hibernate: select p1_0.product_id,p1_0.price_date_time,p1_0.note,p1_0.price from product_price p1_0 where p1_0.product_id=?
Hibernate: select p1_0.product_id,p1_0.image_id,p1_0.alternative,p1_0.path from product_image p1_0 where p1_0.product_id=?
Hibernate: select o1_0.product_id,o1_0.order_id,o2_0.order_id,c1_0.cust_id,c1_0.address,c1_0.email,c1_0.cust_name,c1_0.phone,o2_0.employee_id,e1_0.emp_id,e1_0.address,e1_0.dob,e1_0.email,e1_0.full_name,e1_0.phone,e1_0.status,o2_0.order_date,o1_0.note,o1_0.price,o1_0.quantity from order_detail o1_0 join orders o2_0 on o2_0.order_id=o1_0.order_id left join customer c1_0 on c1_0.cust_id=o2_0.cust_id left join employee e1_0 on e1_0.emp_id=o2_0.employee_id where o1_0.product_id=?
Hibernate: select p1_0.product_id,p1_0.price_date_time,p1_0.note,p1_0.price from product_price p1_0 where p1_0.product_id=?
Hibernate: select p1_0.product_id,p1_0.image_id,p1_0.alternative,p1_0.path from product_image p1_0 where p1_0.product_id=?
Hibernate: select o1_0.product_id,o1_0.order_id,o2_0.order_id,c1_0.cust_id,c1_0.address,c1_0.email,c1_0.cust_name,c1_0.phone,o2_0.employee_id,e1_0.emp_id,e1_0.address,e1_0.dob,e1_0.email,e1_0.full_name,e1_0.phone,e1_0.status,o2_0.order_date,o1_0.note,o1_0.price,o1_0.quantity from order_detail o1_0 join orders o2_0 on o2_0.order_id=o1_0.order_id left join customer c1_0 on c1_0.cust_id=o2_0.cust_id left join employee e1_0 on e1_0.emp_id=o2_0.employee_id where o1_0.product_id=?
Hibernate: select l1_0.employee_id,l1_0.order_id,c1_0.cust_id,c1_0.address,c1_0.email,c1_0.cust_name,c1_0.phone,l1_0.order_date from orders l1_0 left join customer c1_0 on c1_0.cust_id=l1_0.cust_id where l1_0.employee_id=?
Hibernate: select p1_0.product_id,p1_0.description,p1_0.manufacturer_name,p1_0.name,p1_0.status,p1_0.unit,o1_0.product_id,o1_0.order_id,o2_0.order_id,c1_0.cust_id,c1_0.address,c1_0.email,c1_0.cust_name,c1_0.phone,o2_0.employee_id,e1_0.emp_id,e1_0.address,e1_0.dob,e1_0.email,e1_0.full_name,e1_0.phone,e1_0.status,o2_0.order_date,o1_0.note,o1_0.price,o1_0.quantity from product p1_0 left join order_detail o1_0 on p1_0.product_id=o1_0.product_id left join orders o2_0 on o2_0.order_id=o1_0.order_id left join customer c1_0 on c1_0.cust_id=o2_0.cust_id left join employee e1_0 on e1_0.emp_id=o2_0.employee_id where p1_0.product_id=?
Hibernate: select p1_0.product_id,p1_0.price_date_time,p1_0.note,p1_0.price from product_price p1_0 where p1_0.product_id=?
Hibernate: select p1_0.product_id,p1_0.image_id,p1_0.alternative,p1_0.path from product_image p1_0 where p1_0.product_id=?
Hibernate: select o1_0.order_id,o1_0.product_id,p1_0.product_id,p1_0.description,p1_0.manufacturer_name,p1_0.name,p1_0.status,p1_0.unit,o1_0.note,o1_0.price,o1_0.quantity from order_detail o1_0 join product p1_0 on p1_0.product_id=o1_0.product_id where o1_0.order_id=?
Hibernate: insert into order_detail (note,price,quantity,order_id,product_id) values (?,?,?,?,?)
Hibernate: update orders set cust_id=?,employee_id=?,order_date=? where order_id=?
Hibernate: select e1_0.emp_id,e1_0.address,e1_0.dob,e1_0.email,e1_0.full_name,e1_0.phone,e1_0.status from employee e1_0 where e1_0.emp_id=?
Hibernate: select c1_0.cust_id,c1_0.address,c1_0.email,c1_0.cust_name,c1_0.phone from customer c1_0 where c1_0.cust_id=?
Hibernate: select o1_0.order_id,c1_0.cust_id,c1_0.address,c1_0.email,c1_0.cust_name,c1_0.phone,o1_0.employee_id,e1_0.emp_id,e1_0.address,e1_0.dob,e1_0.email,e1_0.full_name,e1_0.phone,e1_0.status,o1_0.order_date,o2_0.order_id,o2_0.product_id,p1_0.product_id,p1_0.description,p1_0.manufacturer_name,p1_0.name,p1_0.status,p1_0.unit,o2_0.note,o2_0.price,o2_0.quantity from orders o1_0 left join customer c1_0 on c1_0.cust_id=o1_0.cust_id join employee e1_0 on e1_0.emp_id=o1_0.employee_id left join order_detail o2_0 on o1_0.order_id=o2_0.order_id left join product p1_0 on p1_0.product_id=o2_0.product_id where o1_0.order_id=?
Hibernate: select c1_0.cust_id,c1_0.address,c1_0.email,c1_0.cust_name,c1_0.phone from customer c1_0 where c1_0.cust_id=?
Hibernate: select e1_0.emp_id,e1_0.address,e1_0.dob,e1_0.email,e1_0.full_name,e1_0.phone,e1_0.status from employee e1_0 where e1_0.emp_id=?
Hibernate: insert into orders (cust_id,employee_id,order_date,order_id) values (?,?,?,default)
Hibernate: select p1_0.product_id,p1_0.description,p1_0.manufacturer_name,p1_0.name,p1_0.status,p1_0.unit from product p1_0 where p1_0.product_id=?
Hibernate: select o1_0.order_id,o2_0.order_id,c1_0.cust_id,c1_0.address,c1_0.email,c1_0.cust_name,c1_0.phone,o2_0.employee_id,e1_0.emp_id,e1_0.address,e1_0.dob,e1_0.email,e1_0.full_name,e1_0.phone,e1_0.status,o2_0.order_date,o1_0.product_id,p1_0.product_id,p1_0.description,p1_0.manufacturer_name,p1_0.name,p1_0.status,p1_0.unit,p2_0.product_id,p2_0.image_id,p2_0.alternative,p2_0.path,o1_0.note,o1_0.price,o1_0.quantity from order_detail o1_0 join orders o2_0 on o2_0.order_id=o1_0.order_id left join customer c1_0 on c1_0.cust_id=o2_0.cust_id left join employee e1_0 on e1_0.emp_id=o2_0.employee_id join product p1_0 on p1_0.product_id=o1_0.product_id left join product_image p2_0 on p1_0.product_id=p2_0.product_id where (o1_0.order_id,o1_0.product_id) in ((?,?))
Hibernate: select o1_0.order_id,c1_0.cust_id,c1_0.address,c1_0.email,c1_0.cust_name,c1_0.phone,o1_0.employee_id,e1_0.emp_id,e1_0.address,e1_0.dob,e1_0.email,e1_0.full_name,e1_0.phone,e1_0.status,o1_0.order_date,o2_0.order_id,o2_0.product_id,p1_0.product_id,p1_0.description,p1_0.manufacturer_name,p1_0.name,p1_0.status,p1_0.unit,o2_0.note,o2_0.price,o2_0.quantity from orders o1_0 left join customer c1_0 on c1_0.cust_id=o1_0.cust_id join employee e1_0 on e1_0.emp_id=o1_0.employee_id left join order_detail o2_0 on o1_0.order_id=o2_0.order_id left join product p1_0 on p1_0.product_id=o2_0.product_id where o1_0.order_id=?
Hibernate: select l1_0.employee_id,l1_0.order_id,c1_0.cust_id,c1_0.address,c1_0.email,c1_0.cust_name,c1_0.phone,l1_0.order_date from orders l1_0 left join customer c1_0 on c1_0.cust_id=l1_0.cust_id where l1_0.employee_id=?
Hibernate: select p1_0.product_id,p1_0.description,p1_0.manufacturer_name,p1_0.name,p1_0.status,p1_0.unit,o1_0.product_id,o1_0.order_id,o2_0.order_id,c1_0.cust_id,c1_0.address,c1_0.email,c1_0.cust_name,c1_0.phone,o2_0.employee_id,e1_0.emp_id,e1_0.address,e1_0.dob,e1_0.email,e1_0.full_name,e1_0.phone,e1_0.status,o2_0.order_date,o1_0.note,o1_0.price,o1_0.quantity from product p1_0 left join order_detail o1_0 on p1_0.product_id=o1_0.product_id left join orders o2_0 on o2_0.order_id=o1_0.order_id left join customer c1_0 on c1_0.cust_id=o2_0.cust_id left join employee e1_0 on e1_0.emp_id=o2_0.employee_id where p1_0.product_id=?
Hibernate: select p1_0.product_id,p1_0.price_date_time,p1_0.note,p1_0.price from product_price p1_0 where p1_0.product_id=?
Hibernate: select p1_0.product_id,p1_0.image_id,p1_0.alternative,p1_0.path from product_image p1_0 where p1_0.product_id=?
Hibernate: select o1_0.order_id,o1_0.product_id,p1_0.product_id,p1_0.description,p1_0.manufacturer_name,p1_0.name,p1_0.status,p1_0.unit,o1_0.note,o1_0.price,o1_0.quantity from order_detail o1_0 join product p1_0 on p1_0.product_id=o1_0.product_id where o1_0.order_id=?
Hibernate: select l1_0.employee_id,l1_0.order_id,c1_0.cust_id,c1_0.address,c1_0.email,c1_0.cust_name,c1_0.phone,l1_0.order_date from orders l1_0 left join customer c1_0 on c1_0.cust_id=l1_0.cust_id where l1_0.employee_id=?
Hibernate: insert into order_detail (note,price,quantity,order_id,product_id) values (?,?,?,?,?)
Hibernate: update orders set cust_id=?,employee_id=?,order_date=? where order_id=?
Hibernate: select p1_0.product_id,p1_0.description,p1_0.manufacturer_name,p1_0.name,p1_0.status,p1_0.unit from product p1_0 where p1_0.product_id=?
Hibernate: select o1_0.order_id,o2_0.order_id,c1_0.cust_id,c1_0.address,c1_0.email,c1_0.cust_name,c1_0.phone,o2_0.employee_id,e1_0.emp_id,e1_0.address,e1_0.dob,e1_0.email,e1_0.full_name,e1_0.phone,e1_0.status,o2_0.order_date,o1_0.product_id,p1_0.product_id,p1_0.description,p1_0.manufacturer_name,p1_0.name,p1_0.status,p1_0.unit,p2_0.product_id,p2_0.image_id,p2_0.alternative,p2_0.path,o1_0.note,o1_0.price,o1_0.quantity from order_detail o1_0 join orders o2_0 on o2_0.order_id=o1_0.order_id left join customer c1_0 on c1_0.cust_id=o2_0.cust_id left join employee e1_0 on e1_0.emp_id=o2_0.employee_id join product p1_0 on p1_0.product_id=o1_0.product_id left join product_image p2_0 on p1_0.product_id=p2_0.product_id where (o1_0.order_id,o1_0.product_id) in ((?,?))
Hibernate: select o1_0.order_id,c1_0.cust_id,c1_0.address,c1_0.email,c1_0.cust_name,c1_0.phone,o1_0.employee_id,e1_0.emp_id,e1_0.address,e1_0.dob,e1_0.email,e1_0.full_name,e1_0.phone,e1_0.status,o1_0.order_date,o2_0.order_id,o2_0.product_id,p1_0.product_id,p1_0.description,p1_0.manufacturer_name,p1_0.name,p1_0.status,p1_0.unit,o2_0.note,o2_0.price,o2_0.quantity from orders o1_0 left join customer c1_0 on c1_0.cust_id=o1_0.cust_id join employee e1_0 on e1_0.emp_id=o1_0.employee_id left join order_detail o2_0 on o1_0.order_id=o2_0.order_id left join product p1_0 on p1_0.product_id=o2_0.product_id where o1_0.order_id=?
Hibernate: select p1_0.product_id,p1_0.price_date_time,p1_0.note,p1_0.price from product_price p1_0 where p1_0.product_id=?
Hibernate: select p1_0.product_id,p1_0.image_id,p1_0.alternative,p1_0.path from product_image p1_0 where p1_0.product_id=?
Hibernate: select o1_0.product_id,o1_0.order_id,o2_0.order_id,c1_0.cust_id,c1_0.address,c1_0.email,c1_0.cust_name,c1_0.phone,o2_0.employee_id,e1_0.emp_id,e1_0.address,e1_0.dob,e1_0.email,e1_0.full_name,e1_0.phone,e1_0.status,o2_0.order_date,o1_0.note,o1_0.price,o1_0.quantity from order_detail o1_0 join orders o2_0 on o2_0.order_id=o1_0.order_id left join customer c1_0 on c1_0.cust_id=o2_0.cust_id left join employee e1_0 on e1_0.emp_id=o2_0.employee_id where o1_0.product_id=?
Hibernate: select l1_0.employee_id,l1_0.order_id,c1_0.cust_id,c1_0.address,c1_0.email,c1_0.cust_name,c1_0.phone,l1_0.order_date from orders l1_0 left join customer c1_0 on c1_0.cust_id=l1_0.cust_id where l1_0.employee_id=?
Hibernate: select p1_0.product_id,p1_0.description,p1_0.manufacturer_name,p1_0.name,p1_0.status,p1_0.unit,o1_0.product_id,o1_0.order_id,o2_0.order_id,c1_0.cust_id,c1_0.address,c1_0.email,c1_0.cust_name,c1_0.phone,o2_0.employee_id,e1_0.emp_id,e1_0.address,e1_0.dob,e1_0.email,e1_0.full_name,e1_0.phone,e1_0.status,o2_0.order_date,o1_0.note,o1_0.price,o1_0.quantity from product p1_0 left join order_detail o1_0 on p1_0.product_id=o1_0.product_id left join orders o2_0 on o2_0.order_id=o1_0.order_id left join customer c1_0 on c1_0.cust_id=o2_0.cust_id left join employee e1_0 on e1_0.emp_id=o2_0.employee_id where p1_0.product_id=?
Hibernate: select p1_0.product_id,p1_0.price_date_time,p1_0.note,p1_0.price from product_price p1_0 where p1_0.product_id=?
Hibernate: select p1_0.product_id,p1_0.image_id,p1_0.alternative,p1_0.path from product_image p1_0 where p1_0.product_id=?
Hibernate: insert into order_detail (note,price,quantity,order_id,product_id) values (?,?,?,?,?)
Hibernate: update orders set cust_id=?,employee_id=?,order_date=? where order_id=?
Hibernate: select p1_0.product_id,p1_0.description,p1_0.manufacturer_name,p1_0.name,p1_0.status,p1_0.unit from product p1_0 where p1_0.product_id=?
Hibernate: select o1_0.order_id,o2_0.order_id,c1_0.cust_id,c1_0.address,c1_0.email,c1_0.cust_name,c1_0.phone,o2_0.employee_id,e1_0.emp_id,e1_0.address,e1_0.dob,e1_0.email,e1_0.full_name,e1_0.phone,e1_0.status,o2_0.order_date,o1_0.product_id,p1_0.product_id,p1_0.description,p1_0.manufacturer_name,p1_0.name,p1_0.status,p1_0.unit,p2_0.product_id,p2_0.image_id,p2_0.alternative,p2_0.path,o1_0.note,o1_0.price,o1_0.quantity from order_detail o1_0 join orders o2_0 on o2_0.order_id=o1_0.order_id left join customer c1_0 on c1_0.cust_id=o2_0.cust_id left join employee e1_0 on e1_0.emp_id=o2_0.employee_id join product p1_0 on p1_0.product_id=o1_0.product_id left join product_image p2_0 on p1_0.product_id=p2_0.product_id where (o1_0.order_id,o1_0.product_id) in ((?,?))
Hibernate: select o1_0.order_id,c1_0.cust_id,c1_0.address,c1_0.email,c1_0.cust_name,c1_0.phone,o1_0.employee_id,e1_0.emp_id,e1_0.address,e1_0.dob,e1_0.email,e1_0.full_name,e1_0.phone,e1_0.status,o1_0.order_date,o2_0.order_id,o2_0.product_id,p1_0.product_id,p1_0.description,p1_0.manufacturer_name,p1_0.name,p1_0.status,p1_0.unit,o2_0.note,o2_0.price,o2_0.quantity from orders o1_0 left join customer c1_0 on c1_0.cust_id=o1_0.cust_id join employee e1_0 on e1_0.emp_id=o1_0.employee_id left join order_detail o2_0 on o1_0.order_id=o2_0.order_id left join product p1_0 on p1_0.product_id=o2_0.product_id where o1_0.order_id=?
Hibernate: select p1_0.product_id,p1_0.price_date_time,p1_0.note,p1_0.price from product_price p1_0 where p1_0.product_id=?
Hibernate: select p1_0.product_id,p1_0.image_id,p1_0.alternative,p1_0.path from product_image p1_0 where p1_0.product_id=?
Hibernate: select o1_0.product_id,o1_0.order_id,o2_0.order_id,c1_0.cust_id,c1_0.address,c1_0.email,c1_0.cust_name,c1_0.phone,o2_0.employee_id,e1_0.emp_id,e1_0.address,e1_0.dob,e1_0.email,e1_0.full_name,e1_0.phone,e1_0.status,o2_0.order_date,o1_0.note,o1_0.price,o1_0.quantity from order_detail o1_0 join orders o2_0 on o2_0.order_id=o1_0.order_id left join customer c1_0 on c1_0.cust_id=o2_0.cust_id left join employee e1_0 on e1_0.emp_id=o2_0.employee_id where o1_0.product_id=?
Hibernate: select p1_0.product_id,p1_0.price_date_time,p1_0.note,p1_0.price from product_price p1_0 where p1_0.product_id=?
Hibernate: select p1_0.product_id,p1_0.image_id,p1_0.alternative,p1_0.path from product_image p1_0 where p1_0.product_id=?
Hibernate: select o1_0.product_id,o1_0.order_id,o2_0.order_id,c1_0.cust_id,c1_0.address,c1_0.email,c1_0.cust_name,c1_0.phone,o2_0.employee_id,e1_0.emp_id,e1_0.address,e1_0.dob,e1_0.email,e1_0.full_name,e1_0.phone,e1_0.status,o2_0.order_date,o1_0.note,o1_0.price,o1_0.quantity from order_detail o1_0 join orders o2_0 on o2_0.order_id=o1_0.order_id left join customer c1_0 on c1_0.cust_id=o2_0.cust_id left join employee e1_0 on e1_0.emp_id=o2_0.employee_id where o1_0.product_id=?
Hibernate: select l1_0.employee_id,l1_0.order_id,c1_0.cust_id,c1_0.address,c1_0.email,c1_0.cust_name,c1_0.phone,l1_0.order_date from orders l1_0 left join customer c1_0 on c1_0.cust_id=l1_0.cust_id where l1_0.employee_id=?
Hibernate: select p1_0.product_id,p1_0.description,p1_0.manufacturer_name,p1_0.name,p1_0.status,p1_0.unit,o1_0.product_id,o1_0.order_id,o2_0.order_id,c1_0.cust_id,c1_0.address,c1_0.email,c1_0.cust_name,c1_0.phone,o2_0.employee_id,e1_0.emp_id,e1_0.address,e1_0.dob,e1_0.email,e1_0.full_name,e1_0.phone,e1_0.status,o2_0.order_date,o1_0.note,o1_0.price,o1_0.quantity from product p1_0 left join order_detail o1_0 on p1_0.product_id=o1_0.product_id left join orders o2_0 on o2_0.order_id=o1_0.order_id left join customer c1_0 on c1_0.cust_id=o2_0.cust_id left join employee e1_0 on e1_0.emp_id=o2_0.employee_id where p1_0.product_id=?
Hibernate: select o1_0.order_id,o1_0.product_id,p1_0.product_id,p1_0.description,p1_0.manufacturer_name,p1_0.name,p1_0.status,p1_0.unit,o1_0.note,o1_0.price,o1_0.quantity from order_detail o1_0 join product p1_0 on p1_0.product_id=o1_0.product_id where o1_0.order_id=?
Hibernate: select l1_0.employee_id,l1_0.order_id,c1_0.cust_id,c1_0.address,c1_0.email,c1_0.cust_name,c1_0.phone,l1_0.order_date from orders l1_0 left join customer c1_0 on c1_0.cust_id=l1_0.cust_id where l1_0.employee_id=?
Hibernate: select p1_0.product_id,p1_0.price_date_time,p1_0.note,p1_0.price from product_price p1_0 where p1_0.product_id=?
Hibernate: select p1_0.product_id,p1_0.image_id,p1_0.alternative,p1_0.path from product_image p1_0 where p1_0.product_id=?
Hibernate: select o1_0.order_id,o1_0.product_id,p1_0.product_id,p1_0.description,p1_0.manufacturer_name,p1_0.name,p1_0.status,p1_0.unit,o1_0.note,o1_0.price,o1_0.quantity from order_detail o1_0 join product p1_0 on p1_0.product_id=o1_0.product_id where o1_0.order_id=?
Hibernate: select l1_0.employee_id,l1_0.order_id,c1_0.cust_id,c1_0.address,c1_0.email,c1_0.cust_name,c1_0.phone,l1_0.order_date from orders l1_0 left join customer c1_0 on c1_0.cust_id=l1_0.cust_id where l1_0.employee_id=?
Hibernate: insert into order_detail (note,price,quantity,order_id,product_id) values (?,?,?,?,?)
Hibernate: update orders set cust_id=?,employee_id=?,order_date=? where order_id=?
Hibernate: select e1_0.emp_id,e1_0.address,e1_0.dob,e1_0.email,e1_0.full_name,e1_0.phone,e1_0.status from employee e1_0 where e1_0.emp_id=?
Hibernate: select c1_0.cust_id,c1_0.address,c1_0.email,c1_0.cust_name,c1_0.phone from customer c1_0 where c1_0.cust_id=?
Hibernate: select o1_0.order_id,c1_0.cust_id,c1_0.address,c1_0.email,c1_0.cust_name,c1_0.phone,o1_0.employee_id,e1_0.emp_id,e1_0.address,e1_0.dob,e1_0.email,e1_0.full_name,e1_0.phone,e1_0.status,o1_0.order_date,o2_0.order_id,o2_0.product_id,p1_0.product_id,p1_0.description,p1_0.manufacturer_name,p1_0.name,p1_0.status,p1_0.unit,o2_0.note,o2_0.price,o2_0.quantity from orders o1_0 left join customer c1_0 on c1_0.cust_id=o1_0.cust_id join employee e1_0 on e1_0.emp_id=o1_0.employee_id left join order_detail o2_0 on o1_0.order_id=o2_0.order_id left join product p1_0 on p1_0.product_id=o2_0.product_id where o1_0.order_id=?
Hibernate: select c1_0.cust_id,c1_0.address,c1_0.email,c1_0.cust_name,c1_0.phone from customer c1_0 where c1_0.cust_id=?
Hibernate: select e1_0.emp_id,e1_0.address,e1_0.dob,e1_0.email,e1_0.full_name,e1_0.phone,e1_0.status from employee e1_0 where e1_0.emp_id=?
Hibernate: insert into orders (cust_id,employee_id,order_date,order_id) values (?,?,?,default)
Hibernate: select p1_0.product_id,p1_0.description,p1_0.manufacturer_name,p1_0.name,p1_0.status,p1_0.unit from product p1_0 where p1_0.product_id=?
Hibernate: select o1_0.order_id,o2_0.order_id,c1_0.cust_id,c1_0.address,c1_0.email,c1_0.cust_name,c1_0.phone,o2_0.employee_id,e1_0.emp_id,e1_0.address,e1_0.dob,e1_0.email,e1_0.full_name,e1_0.phone,e1_0.status,o2_0.order_date,o1_0.product_id,p1_0.product_id,p1_0.description,p1_0.manufacturer_name,p1_0.name,p1_0.status,p1_0.unit,p2_0.product_id,p2_0.image_id,p2_0.alternative,p2_0.path,o1_0.note,o1_0.price,o1_0.quantity from order_detail o1_0 join orders o2_0 on o2_0.order_id=o1_0.order_id left join customer c1_0 on c1_0.cust_id=o2_0.cust_id left join employee e1_0 on e1_0.emp_id=o2_0.employee_id join product p1_0 on p1_0.product_id=o1_0.product_id left join product_image p2_0 on p1_0.product_id=p2_0.product_id where (o1_0.order_id,o1_0.product_id) in ((?,?))
Hibernate: select o1_0.order_id,c1_0.cust_id,c1_0.address,c1_0.email,c1_0.cust_name,c1_0.phone,o1_0.employee_id,e1_0.emp_id,e1_0.address,e1_0.dob,e1_0.email,e1_0.full_name,e1_0.phone,e1_0.status,o1_0.order_date,o2_0.order_id,o2_0.product_id,p1_0.product_id,p1_0.description,p1_0.manufacturer_name,p1_0.name,p1_0.status,p1_0.unit,o2_0.note,o2_0.price,o2_0.quantity from orders o1_0 left join customer c1_0 on c1_0.cust_id=o1_0.cust_id join employee e1_0 on e1_0.emp_id=o1_0.employee_id left join order_detail o2_0 on o1_0.order_id=o2_0.order_id left join product p1_0 on p1_0.product_id=o2_0.product_id where o1_0.order_id=?
Hibernate: select l1_0.employee_id,l1_0.order_id,c1_0.cust_id,c1_0.address,c1_0.email,c1_0.cust_name,c1_0.phone,l1_0.order_date from orders l1_0 left join customer c1_0 on c1_0.cust_id=l1_0.cust_id where l1_0.employee_id=?
Hibernate: select p1_0.product_id,p1_0.description,p1_0.manufacturer_name,p1_0.name,p1_0.status,p1_0.unit,o1_0.product_id,o1_0.order_id,o2_0.order_id,c1_0.cust_id,c1_0.address,c1_0.email,c1_0.cust_name,c1_0.phone,o2_0.employee_id,e1_0.emp_id,e1_0.address,e1_0.dob,e1_0.email,e1_0.full_name,e1_0.phone,e1_0.status,o2_0.order_date,o1_0.note,o1_0.price,o1_0.quantity from product p1_0 left join order_detail o1_0 on p1_0.product_id=o1_0.product_id left join orders o2_0 on o2_0.order_id=o1_0.order_id left join customer c1_0 on c1_0.cust_id=o2_0.cust_id left join employee e1_0 on e1_0.emp_id=o2_0.employee_id where p1_0.product_id=?
Hibernate: select p1_0.product_id,p1_0.price_date_time,p1_0.note,p1_0.price from product_price p1_0 where p1_0.product_id=?
Hibernate: select p1_0.product_id,p1_0.image_id,p1_0.alternative,p1_0.path from product_image p1_0 where p1_0.product_id=?
Hibernate: insert into order_detail (note,price,quantity,order_id,product_id) values (?,?,?,?,?)
Hibernate: update orders set cust_id=?,employee_id=?,order_date=? where order_id=?
Hibernate: select p1_0.product_id,p1_0.description,p1_0.manufacturer_name,p1_0.name,p1_0.status,p1_0.unit from product p1_0 where p1_0.product_id=?
Hibernate: select o1_0.order_id,o2_0.order_id,c1_0.cust_id,c1_0.address,c1_0.email,c1_0.cust_name,c1_0.phone,o2_0.employee_id,e1_0.emp_id,e1_0.address,e1_0.dob,e1_0.email,e1_0.full_name,e1_0.phone,e1_0.status,o2_0.order_date,o1_0.product_id,p1_0.product_id,p1_0.description,p1_0.manufacturer_name,p1_0.name,p1_0.status,p1_0.unit,p2_0.product_id,p2_0.image_id,p2_0.alternative,p2_0.path,o1_0.note,o1_0.price,o1_0.quantity from order_detail o1_0 join orders o2_0 on o2_0.order_id=o1_0.order_id left join customer c1_0 on c1_0.cust_id=o2_0.cust_id left join employee e1_0 on e1_0.emp_id=o2_0.employee_id join product p1_0 on p1_0.product_id=o1_0.product_id left join product_image p2_0 on p1_0.product_id=p2_0.product_id where (o1_0.order_id,o1_0.product_id) in ((?,?))
Hibernate: select o1_0.order_id,c1_0.cust_id,c1_0.address,c1_0.email,c1_0.cust_name,c1_0.phone,o1_0.employee_id,e1_0.emp_id,e1_0.address,e1_0.dob,e1_0.email,e1_0.full_name,e1_0.phone,e1_0.status,o1_0.order_date,o2_0.order_id,o2_0.product_id,p1_0.product_id,p1_0.description,p1_0.manufacturer_name,p1_0.name,p1_0.status,p1_0.unit,o2_0.note,o2_0.price,o2_0.quantity from orders o1_0 left join customer c1_0 on c1_0.cust_id=o1_0.cust_id join employee e1_0 on e1_0.emp_id=o1_0.employee_id left join order_detail o2_0 on o1_0.order_id=o2_0.order_id left join product p1_0 on p1_0.product_id=o2_0.product_id where o1_0.order_id=?
Hibernate: select p1_0.product_id,p1_0.price_date_time,p1_0.note,p1_0.price from product_price p1_0 where p1_0.product_id=?
Hibernate: select p1_0.product_id,p1_0.image_id,p1_0.alternative,p1_0.path from product_image p1_0 where p1_0.product_id=?
Hibernate: select o1_0.product_id,o1_0.order_id,o2_0.order_id,c1_0.cust_id,c1_0.address,c1_0.email,c1_0.cust_name,c1_0.phone,o2_0.employee_id,e1_0.emp_id,e1_0.address,e1_0.dob,e1_0.email,e1_0.full_name,e1_0.phone,e1_0.status,o2_0.order_date,o1_0.note,o1_0.price,o1_0.quantity from order_detail o1_0 join orders o2_0 on o2_0.order_id=o1_0.order_id left join customer c1_0 on c1_0.cust_id=o2_0.cust_id left join employee e1_0 on e1_0.emp_id=o2_0.employee_id where o1_0.product_id=?
Hibernate: select l1_0.employee_id,l1_0.order_id,c1_0.cust_id,c1_0.address,c1_0.email,c1_0.cust_name,c1_0.phone,l1_0.order_date from orders l1_0 left join customer c1_0 on c1_0.cust_id=l1_0.cust_id where l1_0.employee_id=?
Hibernate: select p1_0.product_id,p1_0.description,p1_0.manufacturer_name,p1_0.name,p1_0.status,p1_0.unit,o1_0.product_id,o1_0.order_id,o2_0.order_id,c1_0.cust_id,c1_0.address,c1_0.email,c1_0.cust_name,c1_0.phone,o2_0.employee_id,e1_0.emp_id,e1_0.address,e1_0.dob,e1_0.email,e1_0.full_name,e1_0.phone,e1_0.status,o2_0.order_date,o1_0.note,o1_0.price,o1_0.quantity from product p1_0 left join order_detail o1_0 on p1_0.product_id=o1_0.product_id left join orders o2_0 on o2_0.order_id=o1_0.order_id left join customer c1_0 on c1_0.cust_id=o2_0.cust_id left join employee e1_0 on e1_0.emp_id=o2_0.employee_id where p1_0.product_id=?
Hibernate: select p1_0.product_id,p1_0.price_date_time,p1_0.note,p1_0.price from product_price p1_0 where p1_0.product_id=?
Hibernate: select p1_0.product_id,p1_0.image_id,p1_0.alternative,p1_0.path from product_image p1_0 where p1_0.product_id=?
Hibernate: insert into order_detail (note,price,quantity,order_id,product_id) values (?,?,?,?,?)
Hibernate: update orders set cust_id=?,employee_id=?,order_date=? where order_id=?
Hibernate: select p1_0.product_id,p1_0.description,p1_0.manufacturer_name,p1_0.name,p1_0.status,p1_0.unit from product p1_0 where p1_0.product_id=?
Hibernate: select o1_0.order_id,o2_0.order_id,c1_0.cust_id,c1_0.address,c1_0.email,c1_0.cust_name,c1_0.phone,o2_0.employee_id,e1_0.emp_id,e1_0.address,e1_0.dob,e1_0.email,e1_0.full_name,e1_0.phone,e1_0.status,o2_0.order_date,o1_0.product_id,p1_0.product_id,p1_0.description,p1_0.manufacturer_name,p1_0.name,p1_0.status,p1_0.unit,p2_0.product_id,p2_0.image_id,p2_0.alternative,p2_0.path,o1_0.note,o1_0.price,o1_0.quantity from order_detail o1_0 join orders o2_0 on o2_0.order_id=o1_0.order_id left join customer c1_0 on c1_0.cust_id=o2_0.cust_id left join employee e1_0 on e1_0.emp_id=o2_0.employee_id join product p1_0 on p1_0.product_id=o1_0.product_id left join product_image p2_0 on p1_0.product_id=p2_0.product_id where (o1_0.order_id,o1_0.product_id) in ((?,?))
Hibernate: select o1_0.order_id,c1_0.cust_id,c1_0.address,c1_0.email,c1_0.cust_name,c1_0.phone,o1_0.employee_id,e1_0.emp_id,e1_0.address,e1_0.dob,e1_0.email,e1_0.full_name,e1_0.phone,e1_0.status,o1_0.order_date,o2_0.order_id,o2_0.product_id,p1_0.product_id,p1_0.description,p1_0.manufacturer_name,p1_0.name,p1_0.status,p1_0.unit,o2_0.note,o2_0.price,o2_0.quantity from orders o1_0 left join customer c1_0 on c1_0.cust_id=o1_0.cust_id join employee e1_0 on e1_0.emp_id=o1_0.employee_id left join order_detail o2_0 on o1_0.order_id=o2_0.order_id left join product p1_0 on p1_0.product_id=o2_0.product_id where o1_0.order_id=?
Hibernate: select p1_0.product_id,p1_0.price_date_time,p1_0.note,p1_0.price from product_price p1_0 where p1_0.product_id=?
Hibernate: select p1_0.product_id,p1_0.image_id,p1_0.alternative,p1_0.path from product_image p1_0 where p1_0.product_id=?
Hibernate: select o1_0.product_id,o1_0.order_id,o2_0.order_id,c1_0.cust_id,c1_0.address,c1_0.email,c1_0.cust_name,c1_0.phone,o2_0.employee_id,e1_0.emp_id,e1_0.address,e1_0.dob,e1_0.email,e1_0.full_name,e1_0.phone,e1_0.status,o2_0.order_date,o1_0.note,o1_0.price,o1_0.quantity from order_detail o1_0 join orders o2_0 on o2_0.order_id=o1_0.order_id left join customer c1_0 on c1_0.cust_id=o2_0.cust_id left join employee e1_0 on e1_0.emp_id=o2_0.employee_id where o1_0.product_id=?
Hibernate: select p1_0.product_id,p1_0.price_date_time,p1_0.note,p1_0.price from product_price p1_0 where p1_0.product_id=?
Hibernate: select p1_0.product_id,p1_0.image_id,p1_0.alternative,p1_0.path from product_image p1_0 where p1_0.product_id=?
Hibernate: select o1_0.product_id,o1_0.order_id,o2_0.order_id,c1_0.cust_id,c1_0.address,c1_0.email,c1_0.cust_name,c1_0.phone,o2_0.employee_id,e1_0.emp_id,e1_0.address,e1_0.dob,e1_0.email,e1_0.full_name,e1_0.phone,e1_0.status,o2_0.order_date,o1_0.note,o1_0.price,o1_0.quantity from order_detail o1_0 join orders o2_0 on o2_0.order_id=o1_0.order_id left join customer c1_0 on c1_0.cust_id=o2_0.cust_id left join employee e1_0 on e1_0.emp_id=o2_0.employee_id where o1_0.product_id=?
Hibernate: select l1_0.employee_id,l1_0.order_id,c1_0.cust_id,c1_0.address,c1_0.email,c1_0.cust_name,c1_0.phone,l1_0.order_date from orders l1_0 left join customer c1_0 on c1_0.cust_id=l1_0.cust_id where l1_0.employee_id=?
Hibernate: select p1_0.product_id,p1_0.description,p1_0.manufacturer_name,p1_0.name,p1_0.status,p1_0.unit,o1_0.product_id,o1_0.order_id,o2_0.order_id,c1_0.cust_id,c1_0.address,c1_0.email,c1_0.cust_name,c1_0.phone,o2_0.employee_id,e1_0.emp_id,e1_0.address,e1_0.dob,e1_0.email,e1_0.full_name,e1_0.phone,e1_0.status,o2_0.order_date,o1_0.note,o1_0.price,o1_0.quantity from product p1_0 left join order_detail o1_0 on p1_0.product_id=o1_0.product_id left join orders o2_0 on o2_0.order_id=o1_0.order_id left join customer c1_0 on c1_0.cust_id=o2_0.cust_id left join employee e1_0 on e1_0.emp_id=o2_0.employee_id where p1_0.product_id=?
Hibernate: select p1_0.product_id,p1_0.price_date_time,p1_0.note,p1_0.price from product_price p1_0 where p1_0.product_id=?
Hibernate: select p1_0.product_id,p1_0.image_id,p1_0.alternative,p1_0.path from product_image p1_0 where p1_0.product_id=?
Hibernate: insert into order_detail (note,price,quantity,order_id,product_id) values (?,?,?,?,?)
Hibernate: update orders set cust_id=?,employee_id=?,order_date=? where order_id=?
Hibernate: select e1_0.emp_id,e1_0.address,e1_0.dob,e1_0.email,e1_0.full_name,e1_0.phone,e1_0.status from employee e1_0 where e1_0.emp_id=?
Hibernate: select c1_0.cust_id,c1_0.address,c1_0.email,c1_0.cust_name,c1_0.phone from customer c1_0 where c1_0.cust_id=?
Hibernate: select o1_0.order_id,c1_0.cust_id,c1_0.address,c1_0.email,c1_0.cust_name,c1_0.phone,o1_0.employee_id,e1_0.emp_id,e1_0.address,e1_0.dob,e1_0.email,e1_0.full_name,e1_0.phone,e1_0.status,o1_0.order_date,o2_0.order_id,o2_0.product_id,p1_0.product_id,p1_0.description,p1_0.manufacturer_name,p1_0.name,p1_0.status,p1_0.unit,o2_0.note,o2_0.price,o2_0.quantity from orders o1_0 left join customer c1_0 on c1_0.cust_id=o1_0.cust_id join employee e1_0 on e1_0.emp_id=o1_0.employee_id left join order_detail o2_0 on o1_0.order_id=o2_0.order_id left join product p1_0 on p1_0.product_id=o2_0.product_id where o1_0.order_id=?
Hibernate: select c1_0.cust_id,c1_0.address,c1_0.email,c1_0.cust_name,c1_0.phone from customer c1_0 where c1_0.cust_id=?
Hibernate: select e1_0.emp_id,e1_0.address,e1_0.dob,e1_0.email,e1_0.full_name,e1_0.phone,e1_0.status from employee e1_0 where e1_0.emp_id=?
Hibernate: insert into orders (cust_id,employee_id,order_date,order_id) values (?,?,?,default)
Hibernate: select p1_0.product_id,p1_0.description,p1_0.manufacturer_name,p1_0.name,p1_0.status,p1_0.unit from product p1_0 where p1_0.product_id=?
Hibernate: select o1_0.order_id,o2_0.order_id,c1_0.cust_id,c1_0.address,c1_0.email,c1_0.cust_name,c1_0.phone,o2_0.employee_id,e1_0.emp_id,e1_0.address,e1_0.dob,e1_0.email,e1_0.full_name,e1_0.phone,e1_0.status,o2_0.order_date,o1_0.product_id,p1_0.product_id,p1_0.description,p1_0.manufacturer_name,p1_0.name,p1_0.status,p1_0.unit,p2_0.product_id,p2_0.image_id,p2_0.alternative,p2_0.path,o1_0.note,o1_0.price,o1_0.quantity from order_detail o1_0 join orders o2_0 on o2_0.order_id=o1_0.order_id left join customer c1_0 on c1_0.cust_id=o2_0.cust_id left join employee e1_0 on e1_0.emp_id=o2_0.employee_id join product p1_0 on p1_0.product_id=o1_0.product_id left join product_image p2_0 on p1_0.product_id=p2_0.product_id where (o1_0.order_id,o1_0.product_id) in ((?,?))
Hibernate: select o1_0.order_id,c1_0.cust_id,c1_0.address,c1_0.email,c1_0.cust_name,c1_0.phone,o1_0.employee_id,e1_0.emp_id,e1_0.address,e1_0.dob,e1_0.email,e1_0.full_name,e1_0.phone,e1_0.status,o1_0.order_date,o2_0.order_id,o2_0.product_id,p1_0.product_id,p1_0.description,p1_0.manufacturer_name,p1_0.name,p1_0.status,p1_0.unit,o2_0.note,o2_0.price,o2_0.quantity from orders o1_0 left join customer c1_0 on c1_0.cust_id=o1_0.cust_id join employee e1_0 on e1_0.emp_id=o1_0.employee_id left join order_detail o2_0 on o1_0.order_id=o2_0.order_id left join product p1_0 on p1_0.product_id=o2_0.product_id where o1_0.order_id=?
Hibernate: select l1_0.employee_id,l1_0.order_id,c1_0.cust_id,c1_0.address,c1_0.email,c1_0.cust_name,c1_0.phone,l1_0.order_date from orders l1_0 left join customer c1_0 on c1_0.cust_id=l1_0.cust_id where l1_0.employee_id=?
Hibernate: select p1_0.product_id,p1_0.description,p1_0.manufacturer_name,p1_0.name,p1_0.status,p1_0.unit,o1_0.product_id,o1_0.order_id,o2_0.order_id,c1_0.cust_id,c1_0.address,c1_0.email,c1_0.cust_name,c1_0.phone,o2_0.employee_id,e1_0.emp_id,e1_0.address,e1_0.dob,e1_0.email,e1_0.full_name,e1_0.phone,e1_0.status,o2_0.order_date,o1_0.note,o1_0.price,o1_0.quantity from product p1_0 left join order_detail o1_0 on p1_0.product_id=o1_0.product_id left join orders o2_0 on o2_0.order_id=o1_0.order_id left join customer c1_0 on c1_0.cust_id=o2_0.cust_id left join employee e1_0 on e1_0.emp_id=o2_0.employee_id where p1_0.product_id=?
Hibernate: select p1_0.product_id,p1_0.price_date_time,p1_0.note,p1_0.price from product_price p1_0 where p1_0.product_id=?
Hibernate: select p1_0.product_id,p1_0.image_id,p1_0.alternative,p1_0.path from product_image p1_0 where p1_0.product_id=?
Hibernate: insert into order_detail (note,price,quantity,order_id,product_id) values (?,?,?,?,?)
Hibernate: update orders set cust_id=?,employee_id=?,order_date=? where order_id=?
Hibernate: select p1_0.product_id,p1_0.description,p1_0.manufacturer_name,p1_0.name,p1_0.status,p1_0.unit from product p1_0 where p1_0.product_id=?
Hibernate: select o1_0.order_id,o2_0.order_id,c1_0.cust_id,c1_0.address,c1_0.email,c1_0.cust_name,c1_0.phone,o2_0.employee_id,e1_0.emp_id,e1_0.address,e1_0.dob,e1_0.email,e1_0.full_name,e1_0.phone,e1_0.status,o2_0.order_date,o1_0.product_id,p1_0.product_id,p1_0.description,p1_0.manufacturer_name,p1_0.name,p1_0.status,p1_0.unit,p2_0.product_id,p2_0.image_id,p2_0.alternative,p2_0.path,o1_0.note,o1_0.price,o1_0.quantity from order_detail o1_0 join orders o2_0 on o2_0.order_id=o1_0.order_id left join customer c1_0 on c1_0.cust_id=o2_0.cust_id left join employee e1_0 on e1_0.emp_id=o2_0.employee_id join product p1_0 on p1_0.product_id=o1_0.product_id left join product_image p2_0 on p1_0.product_id=p2_0.product_id where (o1_0.order_id,o1_0.product_id) in ((?,?))
Hibernate: select o1_0.order_id,c1_0.cust_id,c1_0.address,c1_0.email,c1_0.cust_name,c1_0.phone,o1_0.employee_id,e1_0.emp_id,e1_0.address,e1_0.dob,e1_0.email,e1_0.full_name,e1_0.phone,e1_0.status,o1_0.order_date,o2_0.order_id,o2_0.product_id,p1_0.product_id,p1_0.description,p1_0.manufacturer_name,p1_0.name,p1_0.status,p1_0.unit,o2_0.note,o2_0.price,o2_0.quantity from orders o1_0 left join customer c1_0 on c1_0.cust_id=o1_0.cust_id join employee e1_0 on e1_0.emp_id=o1_0.employee_id left join order_detail o2_0 on o1_0.order_id=o2_0.order_id left join product p1_0 on p1_0.product_id=o2_0.product_id where o1_0.order_id=?
Hibernate: select p1_0.product_id,p1_0.price_date_time,p1_0.note,p1_0.price from product_price p1_0 where p1_0.product_id=?
Hibernate: select p1_0.product_id,p1_0.image_id,p1_0.alternative,p1_0.path from product_image p1_0 where p1_0.product_id=?
Hibernate: select o1_0.product_id,o1_0.order_id,o2_0.order_id,c1_0.cust_id,c1_0.address,c1_0.email,c1_0.cust_name,c1_0.phone,o2_0.employee_id,e1_0.emp_id,e1_0.address,e1_0.dob,e1_0.email,e1_0.full_name,e1_0.phone,e1_0.status,o2_0.order_date,o1_0.note,o1_0.price,o1_0.quantity from order_detail o1_0 join orders o2_0 on o2_0.order_id=o1_0.order_id left join customer c1_0 on c1_0.cust_id=o2_0.cust_id left join employee e1_0 on e1_0.emp_id=o2_0.employee_id where o1_0.product_id=?
Hibernate: select l1_0.employee_id,l1_0.order_id,c1_0.cust_id,c1_0.address,c1_0.email,c1_0.cust_name,c1_0.phone,l1_0.order_date from orders l1_0 left join customer c1_0 on c1_0.cust_id=l1_0.cust_id where l1_0.employee_id=?
Hibernate: select p1_0.product_id,p1_0.description,p1_0.manufacturer_name,p1_0.name,p1_0.status,p1_0.unit,o1_0.product_id,o1_0.order_id,o2_0.order_id,c1_0.cust_id,c1_0.address,c1_0.email,c1_0.cust_name,c1_0.phone,o2_0.employee_id,e1_0.emp_id,e1_0.address,e1_0.dob,e1_0.email,e1_0.full_name,e1_0.phone,e1_0.status,o2_0.order_date,o1_0.note,o1_0.price,o1_0.quantity from product p1_0 left join order_detail o1_0 on p1_0.product_id=o1_0.product_id left join orders o2_0 on o2_0.order_id=o1_0.order_id left join customer c1_0 on c1_0.cust_id=o2_0.cust_id left join employee e1_0 on e1_0.emp_id=o2_0.employee_id where p1_0.product_id=?
Hibernate: select p1_0.product_id,p1_0.price_date_time,p1_0.note,p1_0.price from product_price p1_0 where p1_0.product_id=?
Hibernate: select p1_0.product_id,p1_0.image_id,p1_0.alternative,p1_0.path from product_image p1_0 where p1_0.product_id=?
Hibernate: select o1_0.order_id,o1_0.product_id,p1_0.product_id,p1_0.description,p1_0.manufacturer_name,p1_0.name,p1_0.status,p1_0.unit,o1_0.note,o1_0.price,o1_0.quantity from order_detail o1_0 join product p1_0 on p1_0.product_id=o1_0.product_id where o1_0.order_id=?
Hibernate: select l1_0.employee_id,l1_0.order_id,c1_0.cust_id,c1_0.address,c1_0.email,c1_0.cust_name,c1_0.phone,l1_0.order_date from orders l1_0 left join customer c1_0 on c1_0.cust_id=l1_0.cust_id where l1_0.employee_id=?
Hibernate: insert into order_detail (note,price,quantity,order_id,product_id) values (?,?,?,?,?)
Hibernate: update orders set cust_id=?,employee_id=?,order_date=? where order_id=?
Hibernate: select p1_0.product_id,p1_0.description,p1_0.manufacturer_name,p1_0.name,p1_0.status,p1_0.unit from product p1_0 where p1_0.product_id=?
Hibernate: select o1_0.order_id,o2_0.order_id,c1_0.cust_id,c1_0.address,c1_0.email,c1_0.cust_name,c1_0.phone,o2_0.employee_id,e1_0.emp_id,e1_0.address,e1_0.dob,e1_0.email,e1_0.full_name,e1_0.phone,e1_0.status,o2_0.order_date,o1_0.product_id,p1_0.product_id,p1_0.description,p1_0.manufacturer_name,p1_0.name,p1_0.status,p1_0.unit,p2_0.product_id,p2_0.image_id,p2_0.alternative,p2_0.path,o1_0.note,o1_0.price,o1_0.quantity from order_detail o1_0 join orders o2_0 on o2_0.order_id=o1_0.order_id left join customer c1_0 on c1_0.cust_id=o2_0.cust_id left join employee e1_0 on e1_0.emp_id=o2_0.employee_id join product p1_0 on p1_0.product_id=o1_0.product_id left join product_image p2_0 on p1_0.product_id=p2_0.product_id where (o1_0.order_id,o1_0.product_id) in ((?,?))
Hibernate: select o1_0.order_id,c1_0.cust_id,c1_0.address,c1_0.email,c1_0.cust_name,c1_0.phone,o1_0.employee_id,e1_0.emp_id,e1_0.address,e1_0.dob,e1_0.email,e1_0.full_name,e1_0.phone,e1_0.status,o1_0.order_date,o2_0.order_id,o2_0.product_id,p1_0.product_id,p1_0.description,p1_0.manufacturer_name,p1_0.name,p1_0.status,p1_0.unit,o2_0.note,o2_0.price,o2_0.quantity from orders o1_0 left join customer c1_0 on c1_0.cust_id=o1_0.cust_id join employee e1_0 on e1_0.emp_id=o1_0.employee_id left join order_detail o2_0 on o1_0.order_id=o2_0.order_id left join product p1_0 on p1_0.product_id=o2_0.product_id where o1_0.order_id=?
Hibernate: select p1_0.product_id,p1_0.price_date_time,p1_0.note,p1_0.price from product_price p1_0 where p1_0.product_id=?
Hibernate: select p1_0.product_id,p1_0.image_id,p1_0.alternative,p1_0.path from product_image p1_0 where p1_0.product_id=?
Hibernate: select o1_0.product_id,o1_0.order_id,o2_0.order_id,c1_0.cust_id,c1_0.address,c1_0.email,c1_0.cust_name,c1_0.phone,o2_0.employee_id,e1_0.emp_id,e1_0.address,e1_0.dob,e1_0.email,e1_0.full_name,e1_0.phone,e1_0.status,o2_0.order_date,o1_0.note,o1_0.price,o1_0.quantity from order_detail o1_0 join orders o2_0 on o2_0.order_id=o1_0.order_id left join customer c1_0 on c1_0.cust_id=o2_0.cust_id left join employee e1_0 on e1_0.emp_id=o2_0.employee_id where o1_0.product_id=?
Hibernate: select p1_0.product_id,p1_0.price_date_time,p1_0.note,p1_0.price from product_price p1_0 where p1_0.product_id=?
Hibernate: select p1_0.product_id,p1_0.image_id,p1_0.alternative,p1_0.path from product_image p1_0 where p1_0.product_id=?
Hibernate: select o1_0.product_id,o1_0.order_id,o2_0.order_id,c1_0.cust_id,c1_0.address,c1_0.email,c1_0.cust_name,c1_0.phone,o2_0.employee_id,e1_0.emp_id,e1_0.address,e1_0.dob,e1_0.email,e1_0.full_name,e1_0.phone,e1_0.status,o2_0.order_date,o1_0.note,o1_0.price,o1_0.quantity from order_detail o1_0 join orders o2_0 on o2_0.order_id=o1_0.order_id left join customer c1_0 on c1_0.cust_id=o2_0.cust_id left join employee e1_0 on e1_0.emp_id=o2_0.employee_id where o1_0.product_id=?
Hibernate: select l1_0.employee_id,l1_0.order_id,c1_0.cust_id,c1_0.address,c1_0.email,c1_0.cust_name,c1_0.phone,l1_0.order_date from orders l1_0 left join customer c1_0 on c1_0.cust_id=l1_0.cust_id where l1_0.employee_id=?
Hibernate: select p1_0.product_id,p1_0.description,p1_0.manufacturer_name,p1_0.name,p1_0.status,p1_0.unit,o1_0.product_id,o1_0.order_id,o2_0.order_id,c1_0.cust_id,c1_0.address,c1_0.email,c1_0.cust_name,c1_0.phone,o2_0.employee_id,e1_0.emp_id,e1_0.address,e1_0.dob,e1_0.email,e1_0.full_name,e1_0.phone,e1_0.status,o2_0.order_date,o1_0.note,o1_0.price,o1_0.quantity from product p1_0 left join order_detail o1_0 on p1_0.product_id=o1_0.product_id left join orders o2_0 on o2_0.order_id=o1_0.order_id left join customer c1_0 on c1_0.cust_id=o2_0.cust_id left join employee e1_0 on e1_0.emp_id=o2_0.employee_id where p1_0.product_id=?
Hibernate: select p1_0.product_id,p1_0.price_date_time,p1_0.note,p1_0.price from product_price p1_0 where p1_0.product_id=?
Hibernate: select p1_0.product_id,p1_0.image_id,p1_0.alternative,p1_0.path from product_image p1_0 where p1_0.product_id=?
Hibernate: insert into order_detail (note,price,quantity,order_id,product_id) values (?,?,?,?,?)
Hibernate: update orders set cust_id=?,employee_id=?,order_date=? where order_id=?
Hibernate: select e1_0.emp_id,e1_0.address,e1_0.dob,e1_0.email,e1_0.full_name,e1_0.phone,e1_0.status from employee e1_0 where e1_0.emp_id=?
Hibernate: select c1_0.cust_id,c1_0.address,c1_0.email,c1_0.cust_name,c1_0.phone from customer c1_0 where c1_0.cust_id=?
Hibernate: select o1_0.order_id,c1_0.cust_id,c1_0.address,c1_0.email,c1_0.cust_name,c1_0.phone,o1_0.employee_id,e1_0.emp_id,e1_0.address,e1_0.dob,e1_0.email,e1_0.full_name,e1_0.phone,e1_0.status,o1_0.order_date,o2_0.order_id,o2_0.product_id,p1_0.product_id,p1_0.description,p1_0.manufacturer_name,p1_0.name,p1_0.status,p1_0.unit,o2_0.note,o2_0.price,o2_0.quantity from orders o1_0 left join customer c1_0 on c1_0.cust_id=o1_0.cust_id join employee e1_0 on e1_0.emp_id=o1_0.employee_id left join order_detail o2_0 on o1_0.order_id=o2_0.order_id left join product p1_0 on p1_0.product_id=o2_0.product_id where o1_0.order_id=?
Hibernate: select c1_0.cust_id,c1_0.address,c1_0.email,c1_0.cust_name,c1_0.phone from customer c1_0 where c1_0.cust_id=?
Hibernate: select e1_0.emp_id,e1_0.address,e1_0.dob,e1_0.email,e1_0.full_name,e1_0.phone,e1_0.status from employee e1_0 where e1_0.emp_id=?
Hibernate: insert into orders (cust_id,employee_id,order_date,order_id) values (?,?,?,default)
Hibernate: select p1_0.product_id,p1_0.description,p1_0.manufacturer_name,p1_0.name,p1_0.status,p1_0.unit from product p1_0 where p1_0.product_id=?
Hibernate: select o1_0.order_id,o2_0.order_id,c1_0.cust_id,c1_0.address,c1_0.email,c1_0.cust_name,c1_0.phone,o2_0.employee_id,e1_0.emp_id,e1_0.address,e1_0.dob,e1_0.email,e1_0.full_name,e1_0.phone,e1_0.status,o2_0.order_date,o1_0.product_id,p1_0.product_id,p1_0.description,p1_0.manufacturer_name,p1_0.name,p1_0.status,p1_0.unit,p2_0.product_id,p2_0.image_id,p2_0.alternative,p2_0.path,o1_0.note,o1_0.price,o1_0.quantity from order_detail o1_0 join orders o2_0 on o2_0.order_id=o1_0.order_id left join customer c1_0 on c1_0.cust_id=o2_0.cust_id left join employee e1_0 on e1_0.emp_id=o2_0.employee_id join product p1_0 on p1_0.product_id=o1_0.product_id left join product_image p2_0 on p1_0.product_id=p2_0.product_id where (o1_0.order_id,o1_0.product_id) in ((?,?))
Hibernate: select o1_0.order_id,c1_0.cust_id,c1_0.address,c1_0.email,c1_0.cust_name,c1_0.phone,o1_0.employee_id,e1_0.emp_id,e1_0.address,e1_0.dob,e1_0.email,e1_0.full_name,e1_0.phone,e1_0.status,o1_0.order_date,o2_0.order_id,o2_0.product_id,p1_0.product_id,p1_0.description,p1_0.manufacturer_name,p1_0.name,p1_0.status,p1_0.unit,o2_0.note,o2_0.price,o2_0.quantity from orders o1_0 left join customer c1_0 on c1_0.cust_id=o1_0.cust_id join employee e1_0 on e1_0.emp_id=o1_0.employee_id left join order_detail o2_0 on o1_0.order_id=o2_0.order_id left join product p1_0 on p1_0.product_id=o2_0.product_id where o1_0.order_id=?
Hibernate: select l1_0.employee_id,l1_0.order_id,c1_0.cust_id,c1_0.address,c1_0.email,c1_0.cust_name,c1_0.phone,l1_0.order_date from orders l1_0 left join customer c1_0 on c1_0.cust_id=l1_0.cust_id where l1_0.employee_id=?
Hibernate: select p1_0.product_id,p1_0.description,p1_0.manufacturer_name,p1_0.name,p1_0.status,p1_0.unit,o1_0.product_id,o1_0.order_id,o2_0.order_id,c1_0.cust_id,c1_0.address,c1_0.email,c1_0.cust_name,c1_0.phone,o2_0.employee_id,e1_0.emp_id,e1_0.address,e1_0.dob,e1_0.email,e1_0.full_name,e1_0.phone,e1_0.status,o2_0.order_date,o1_0.note,o1_0.price,o1_0.quantity from product p1_0 left join order_detail o1_0 on p1_0.product_id=o1_0.product_id left join orders o2_0 on o2_0.order_id=o1_0.order_id left join customer c1_0 on c1_0.cust_id=o2_0.cust_id left join employee e1_0 on e1_0.emp_id=o2_0.employee_id where p1_0.product_id=?
Hibernate: select p1_0.product_id,p1_0.price_date_time,p1_0.note,p1_0.price from product_price p1_0 where p1_0.product_id=?
Hibernate: select p1_0.product_id,p1_0.image_id,p1_0.alternative,p1_0.path from product_image p1_0 where p1_0.product_id=?
Hibernate: select o1_0.order_id,o1_0.product_id,p1_0.product_id,p1_0.description,p1_0.manufacturer_name,p1_0.name,p1_0.status,p1_0.unit,o1_0.note,o1_0.price,o1_0.quantity from order_detail o1_0 join product p1_0 on p1_0.product_id=o1_0.product_id where o1_0.order_id=?
Hibernate: select l1_0.employee_id,l1_0.order_id,c1_0.cust_id,c1_0.address,c1_0.email,c1_0.cust_name,c1_0.phone,l1_0.order_date from orders l1_0 left join customer c1_0 on c1_0.cust_id=l1_0.cust_id where l1_0.employee_id=?
Hibernate: insert into order_detail (note,price,quantity,order_id,product_id) values (?,?,?,?,?)
Hibernate: update orders set cust_id=?,employee_id=?,order_date=? where order_id=?
Hibernate: select p1_0.product_id,p1_0.description,p1_0.manufacturer_name,p1_0.name,p1_0.status,p1_0.unit from product p1_0 where p1_0.product_id=?
Hibernate: select o1_0.order_id,o2_0.order_id,c1_0.cust_id,c1_0.address,c1_0.email,c1_0.cust_name,c1_0.phone,o2_0.employee_id,e1_0.emp_id,e1_0.address,e1_0.dob,e1_0.email,e1_0.full_name,e1_0.phone,e1_0.status,o2_0.order_date,o1_0.product_id,p1_0.product_id,p1_0.description,p1_0.manufacturer_name,p1_0.name,p1_0.status,p1_0.unit,p2_0.product_id,p2_0.image_id,p2_0.alternative,p2_0.path,o1_0.note,o1_0.price,o1_0.quantity from order_detail o1_0 join orders o2_0 on o2_0.order_id=o1_0.order_id left join customer c1_0 on c1_0.cust_id=o2_0.cust_id left join employee e1_0 on e1_0.emp_id=o2_0.employee_id join product p1_0 on p1_0.product_id=o1_0.product_id left join product_image p2_0 on p1_0.product_id=p2_0.product_id where (o1_0.order_id,o1_0.product_id) in ((?,?))
Hibernate: select o1_0.order_id,c1_0.cust_id,c1_0.address,c1_0.email,c1_0.cust_name,c1_0.phone,o1_0.employee_id,e1_0.emp_id,e1_0.address,e1_0.dob,e1_0.email,e1_0.full_name,e1_0.phone,e1_0.status,o1_0.order_date,o2_0.order_id,o2_0.product_id,p1_0.product_id,p1_0.description,p1_0.manufacturer_name,p1_0.name,p1_0.status,p1_0.unit,o2_0.note,o2_0.price,o2_0.quantity from orders o1_0 left join customer c1_0 on c1_0.cust_id=o1_0.cust_id join employee e1_0 on e1_0.emp_id=o1_0.employee_id left join order_detail o2_0 on o1_0.order_id=o2_0.order_id left join product p1_0 on p1_0.product_id=o2_0.product_id where o1_0.order_id=?
Hibernate: select p1_0.product_id,p1_0.price_date_time,p1_0.note,p1_0.price from product_price p1_0 where p1_0.product_id=?
Hibernate: select p1_0.product_id,p1_0.image_id,p1_0.alternative,p1_0.path from product_image p1_0 where p1_0.product_id=?
Hibernate: select o1_0.product_id,o1_0.order_id,o2_0.order_id,c1_0.cust_id,c1_0.address,c1_0.email,c1_0.cust_name,c1_0.phone,o2_0.employee_id,e1_0.emp_id,e1_0.address,e1_0.dob,e1_0.email,e1_0.full_name,e1_0.phone,e1_0.status,o2_0.order_date,o1_0.note,o1_0.price,o1_0.quantity from order_detail o1_0 join orders o2_0 on o2_0.order_id=o1_0.order_id left join customer c1_0 on c1_0.cust_id=o2_0.cust_id left join employee e1_0 on e1_0.emp_id=o2_0.employee_id where o1_0.product_id=?
Hibernate: select l1_0.employee_id,l1_0.order_id,c1_0.cust_id,c1_0.address,c1_0.email,c1_0.cust_name,c1_0.phone,l1_0.order_date from orders l1_0 left join customer c1_0 on c1_0.cust_id=l1_0.cust_id where l1_0.employee_id=?
Hibernate: select p1_0.product_id,p1_0.description,p1_0.manufacturer_name,p1_0.name,p1_0.status,p1_0.unit,o1_0.product_id,o1_0.order_id,o2_0.order_id,c1_0.cust_id,c1_0.address,c1_0.email,c1_0.cust_name,c1_0.phone,o2_0.employee_id,e1_0.emp_id,e1_0.address,e1_0.dob,e1_0.email,e1_0.full_name,e1_0.phone,e1_0.status,o2_0.order_date,o1_0.note,o1_0.price,o1_0.quantity from product p1_0 left join order_detail o1_0 on p1_0.product_id=o1_0.product_id left join orders o2_0 on o2_0.order_id=o1_0.order_id left join customer c1_0 on c1_0.cust_id=o2_0.cust_id left join employee e1_0 on e1_0.emp_id=o2_0.employee_id where p1_0.product_id=?
Hibernate: select p1_0.product_id,p1_0.price_date_time,p1_0.note,p1_0.price from product_price p1_0 where p1_0.product_id=?
Hibernate: select p1_0.product_id,p1_0.image_id,p1_0.alternative,p1_0.path from product_image p1_0 where p1_0.product_id=?
Hibernate: insert into order_detail (note,price,quantity,order_id,product_id) values (?,?,?,?,?)
Hibernate: update orders set cust_id=?,employee_id=?,order_date=? where order_id=?
Hibernate: select p1_0.product_id,p1_0.description,p1_0.manufacturer_name,p1_0.name,p1_0.status,p1_0.unit from product p1_0 where p1_0.product_id=?
Hibernate: select o1_0.order_id,o2_0.order_id,c1_0.cust_id,c1_0.address,c1_0.email,c1_0.cust_name,c1_0.phone,o2_0.employee_id,e1_0.emp_id,e1_0.address,e1_0.dob,e1_0.email,e1_0.full_name,e1_0.phone,e1_0.status,o2_0.order_date,o1_0.product_id,p1_0.product_id,p1_0.description,p1_0.manufacturer_name,p1_0.name,p1_0.status,p1_0.unit,p2_0.product_id,p2_0.image_id,p2_0.alternative,p2_0.path,o1_0.note,o1_0.price,o1_0.quantity from order_detail o1_0 join orders o2_0 on o2_0.order_id=o1_0.order_id left join customer c1_0 on c1_0.cust_id=o2_0.cust_id left join employee e1_0 on e1_0.emp_id=o2_0.employee_id join product p1_0 on p1_0.product_id=o1_0.product_id left join product_image p2_0 on p1_0.product_id=p2_0.product_id where (o1_0.order_id,o1_0.product_id) in ((?,?))
Hibernate: select o1_0.order_id,c1_0.cust_id,c1_0.address,c1_0.email,c1_0.cust_name,c1_0.phone,o1_0.employee_id,e1_0.emp_id,e1_0.address,e1_0.dob,e1_0.email,e1_0.full_name,e1_0.phone,e1_0.status,o1_0.order_date,o2_0.order_id,o2_0.product_id,p1_0.product_id,p1_0.description,p1_0.manufacturer_name,p1_0.name,p1_0.status,p1_0.unit,o2_0.note,o2_0.price,o2_0.quantity from orders o1_0 left join customer c1_0 on c1_0.cust_id=o1_0.cust_id join employee e1_0 on e1_0.emp_id=o1_0.employee_id left join order_detail o2_0 on o1_0.order_id=o2_0.order_id left join product p1_0 on p1_0.product_id=o2_0.product_id where o1_0.order_id=?
Hibernate: select p1_0.product_id,p1_0.price_date_time,p1_0.note,p1_0.price from product_price p1_0 where p1_0.product_id=?
Hibernate: select p1_0.product_id,p1_0.image_id,p1_0.alternative,p1_0.path from product_image p1_0 where p1_0.product_id=?
Hibernate: select o1_0.product_id,o1_0.order_id,o2_0.order_id,c1_0.cust_id,c1_0.address,c1_0.email,c1_0.cust_name,c1_0.phone,o2_0.employee_id,e1_0.emp_id,e1_0.address,e1_0.dob,e1_0.email,e1_0.full_name,e1_0.phone,e1_0.status,o2_0.order_date,o1_0.note,o1_0.price,o1_0.quantity from order_detail o1_0 join orders o2_0 on o2_0.order_id=o1_0.order_id left join customer c1_0 on c1_0.cust_id=o2_0.cust_id left join employee e1_0 on e1_0.emp_id=o2_0.employee_id where o1_0.product_id=?
Hibernate: select p1_0.product_id,p1_0.price_date_time,p1_0.note,p1_0.price from product_price p1_0 where p1_0.product_id=?
Hibernate: select p1_0.product_id,p1_0.image_id,p1_0.alternative,p1_0.path from product_image p1_0 where p1_0.product_id=?
Hibernate: select o1_0.product_id,o1_0.order_id,o2_0.order_id,c1_0.cust_id,c1_0.address,c1_0.email,c1_0.cust_name,c1_0.phone,o2_0.employee_id,e1_0.emp_id,e1_0.address,e1_0.dob,e1_0.email,e1_0.full_name,e1_0.phone,e1_0.status,o2_0.order_date,o1_0.note,o1_0.price,o1_0.quantity from order_detail o1_0 join orders o2_0 on o2_0.order_id=o1_0.order_id left join customer c1_0 on c1_0.cust_id=o2_0.cust_id left join employee e1_0 on e1_0.emp_id=o2_0.employee_id where o1_0.product_id=?
Hibernate: select l1_0.employee_id,l1_0.order_id,c1_0.cust_id,c1_0.address,c1_0.email,c1_0.cust_name,c1_0.phone,l1_0.order_date from orders l1_0 left join customer c1_0 on c1_0.cust_id=l1_0.cust_id where l1_0.employee_id=?
Hibernate: select p1_0.product_id,p1_0.description,p1_0.manufacturer_name,p1_0.name,p1_0.status,p1_0.unit,o1_0.product_id,o1_0.order_id,o2_0.order_id,c1_0.cust_id,c1_0.address,c1_0.email,c1_0.cust_name,c1_0.phone,o2_0.employee_id,e1_0.emp_id,e1_0.address,e1_0.dob,e1_0.email,e1_0.full_name,e1_0.phone,e1_0.status,o2_0.order_date,o1_0.note,o1_0.price,o1_0.quantity from product p1_0 left join order_detail o1_0 on p1_0.product_id=o1_0.product_id left join orders o2_0 on o2_0.order_id=o1_0.order_id left join customer c1_0 on c1_0.cust_id=o2_0.cust_id left join employee e1_0 on e1_0.emp_id=o2_0.employee_id where p1_0.product_id=?
Hibernate: select p1_0.product_id,p1_0.price_date_time,p1_0.note,p1_0.price from product_price p1_0 where p1_0.product_id=?
Hibernate: select p1_0.product_id,p1_0.image_id,p1_0.alternative,p1_0.path from product_image p1_0 where p1_0.product_id=?
Hibernate: select o1_0.order_id,o1_0.product_id,p1_0.product_id,p1_0.description,p1_0.manufacturer_name,p1_0.name,p1_0.status,p1_0.unit,o1_0.note,o1_0.price,o1_0.quantity from order_detail o1_0 join product p1_0 on p1_0.product_id=o1_0.product_id where o1_0.order_id=?
Hibernate: insert into order_detail (note,price,quantity,order_id,product_id) values (?,?,?,?,?)
Hibernate: update orders set cust_id=?,employee_id=?,order_date=? where order_id=?
Hibernate: select e1_0.emp_id,e1_0.address,e1_0.dob,e1_0.email,e1_0.full_name,e1_0.phone,e1_0.status from employee e1_0 where e1_0.emp_id=?
Hibernate: select c1_0.cust_id,c1_0.address,c1_0.email,c1_0.cust_name,c1_0.phone from customer c1_0 where c1_0.cust_id=?
Hibernate: select o1_0.order_id,c1_0.cust_id,c1_0.address,c1_0.email,c1_0.cust_name,c1_0.phone,o1_0.employee_id,e1_0.emp_id,e1_0.address,e1_0.dob,e1_0.email,e1_0.full_name,e1_0.phone,e1_0.status,o1_0.order_date,o2_0.order_id,o2_0.product_id,p1_0.product_id,p1_0.description,p1_0.manufacturer_name,p1_0.name,p1_0.status,p1_0.unit,o2_0.note,o2_0.price,o2_0.quantity from orders o1_0 left join customer c1_0 on c1_0.cust_id=o1_0.cust_id join employee e1_0 on e1_0.emp_id=o1_0.employee_id left join order_detail o2_0 on o1_0.order_id=o2_0.order_id left join product p1_0 on p1_0.product_id=o2_0.product_id where o1_0.order_id=?
Hibernate: select c1_0.cust_id,c1_0.address,c1_0.email,c1_0.cust_name,c1_0.phone from customer c1_0 where c1_0.cust_id=?
Hibernate: select e1_0.emp_id,e1_0.address,e1_0.dob,e1_0.email,e1_0.full_name,e1_0.phone,e1_0.status from employee e1_0 where e1_0.emp_id=?
Hibernate: insert into orders (cust_id,employee_id,order_date,order_id) values (?,?,?,default)
Hibernate: select p1_0.product_id,p1_0.description,p1_0.manufacturer_name,p1_0.name,p1_0.status,p1_0.unit from product p1_0 where p1_0.product_id=?
Hibernate: select o1_0.order_id,o2_0.order_id,c1_0.cust_id,c1_0.address,c1_0.email,c1_0.cust_name,c1_0.phone,o2_0.employee_id,e1_0.emp_id,e1_0.address,e1_0.dob,e1_0.email,e1_0.full_name,e1_0.phone,e1_0.status,o2_0.order_date,o1_0.product_id,p1_0.product_id,p1_0.description,p1_0.manufacturer_name,p1_0.name,p1_0.status,p1_0.unit,p2_0.product_id,p2_0.image_id,p2_0.alternative,p2_0.path,o1_0.note,o1_0.price,o1_0.quantity from order_detail o1_0 join orders o2_0 on o2_0.order_id=o1_0.order_id left join customer c1_0 on c1_0.cust_id=o2_0.cust_id left join employee e1_0 on e1_0.emp_id=o2_0.employee_id join product p1_0 on p1_0.product_id=o1_0.product_id left join product_image p2_0 on p1_0.product_id=p2_0.product_id where (o1_0.order_id,o1_0.product_id) in ((?,?))
Hibernate: select o1_0.order_id,c1_0.cust_id,c1_0.address,c1_0.email,c1_0.cust_name,c1_0.phone,o1_0.employee_id,e1_0.emp_id,e1_0.address,e1_0.dob,e1_0.email,e1_0.full_name,e1_0.phone,e1_0.status,o1_0.order_date,o2_0.order_id,o2_0.product_id,p1_0.product_id,p1_0.description,p1_0.manufacturer_name,p1_0.name,p1_0.status,p1_0.unit,o2_0.note,o2_0.price,o2_0.quantity from orders o1_0 left join customer c1_0 on c1_0.cust_id=o1_0.cust_id join employee e1_0 on e1_0.emp_id=o1_0.employee_id left join order_detail o2_0 on o1_0.order_id=o2_0.order_id left join product p1_0 on p1_0.product_id=o2_0.product_id where o1_0.order_id=?
Hibernate: select l1_0.employee_id,l1_0.order_id,c1_0.cust_id,c1_0.address,c1_0.email,c1_0.cust_name,c1_0.phone,l1_0.order_date from orders l1_0 left join customer c1_0 on c1_0.cust_id=l1_0.cust_id where l1_0.employee_id=?
Hibernate: select p1_0.product_id,p1_0.description,p1_0.manufacturer_name,p1_0.name,p1_0.status,p1_0.unit,o1_0.product_id,o1_0.order_id,o2_0.order_id,c1_0.cust_id,c1_0.address,c1_0.email,c1_0.cust_name,c1_0.phone,o2_0.employee_id,e1_0.emp_id,e1_0.address,e1_0.dob,e1_0.email,e1_0.full_name,e1_0.phone,e1_0.status,o2_0.order_date,o1_0.note,o1_0.price,o1_0.quantity from product p1_0 left join order_detail o1_0 on p1_0.product_id=o1_0.product_id left join orders o2_0 on o2_0.order_id=o1_0.order_id left join customer c1_0 on c1_0.cust_id=o2_0.cust_id left join employee e1_0 on e1_0.emp_id=o2_0.employee_id where p1_0.product_id=?
Hibernate: select o1_0.order_id,o1_0.product_id,p1_0.product_id,p1_0.description,p1_0.manufacturer_name,p1_0.name,p1_0.status,p1_0.unit,o1_0.note,o1_0.price,o1_0.quantity from order_detail o1_0 join product p1_0 on p1_0.product_id=o1_0.product_id where o1_0.order_id=?
Hibernate: select l1_0.employee_id,l1_0.order_id,c1_0.cust_id,c1_0.address,c1_0.email,c1_0.cust_name,c1_0.phone,l1_0.order_date from orders l1_0 left join customer c1_0 on c1_0.cust_id=l1_0.cust_id where l1_0.employee_id=?
Hibernate: select o1_0.order_id,o1_0.product_id,p1_0.product_id,p1_0.description,p1_0.manufacturer_name,p1_0.name,p1_0.status,p1_0.unit,o1_0.note,o1_0.price,o1_0.quantity from order_detail o1_0 join product p1_0 on p1_0.product_id=o1_0.product_id where o1_0.order_id=?
Hibernate: select l1_0.employee_id,l1_0.order_id,c1_0.cust_id,c1_0.address,c1_0.email,c1_0.cust_name,c1_0.phone,l1_0.order_date from orders l1_0 left join customer c1_0 on c1_0.cust_id=l1_0.cust_id where l1_0.employee_id=?
Hibernate: select p1_0.product_id,p1_0.price_date_time,p1_0.note,p1_0.price from product_price p1_0 where p1_0.product_id=?
Hibernate: select p1_0.product_id,p1_0.image_id,p1_0.alternative,p1_0.path from product_image p1_0 where p1_0.product_id=?
Hibernate: select o1_0.order_id,o1_0.product_id,p1_0.product_id,p1_0.description,p1_0.manufacturer_name,p1_0.name,p1_0.status,p1_0.unit,o1_0.note,o1_0.price,o1_0.quantity from order_detail o1_0 join product p1_0 on p1_0.product_id=o1_0.product_id where o1_0.order_id=?
Hibernate: select l1_0.employee_id,l1_0.order_id,c1_0.cust_id,c1_0.address,c1_0.email,c1_0.cust_name,c1_0.phone,l1_0.order_date from orders l1_0 left join customer c1_0 on c1_0.cust_id=l1_0.cust_id where l1_0.employee_id=?
Hibernate: insert into order_detail (note,price,quantity,order_id,product_id) values (?,?,?,?,?)
Hibernate: update orders set cust_id=?,employee_id=?,order_date=? where order_id=?
Hibernate: select p1_0.product_id,p1_0.description,p1_0.manufacturer_name,p1_0.name,p1_0.status,p1_0.unit from product p1_0 where p1_0.product_id=?
Hibernate: select o1_0.order_id,o2_0.order_id,c1_0.cust_id,c1_0.address,c1_0.email,c1_0.cust_name,c1_0.phone,o2_0.employee_id,e1_0.emp_id,e1_0.address,e1_0.dob,e1_0.email,e1_0.full_name,e1_0.phone,e1_0.status,o2_0.order_date,o1_0.product_id,p1_0.product_id,p1_0.description,p1_0.manufacturer_name,p1_0.name,p1_0.status,p1_0.unit,p2_0.product_id,p2_0.image_id,p2_0.alternative,p2_0.path,o1_0.note,o1_0.price,o1_0.quantity from order_detail o1_0 join orders o2_0 on o2_0.order_id=o1_0.order_id left join customer c1_0 on c1_0.cust_id=o2_0.cust_id left join employee e1_0 on e1_0.emp_id=o2_0.employee_id join product p1_0 on p1_0.product_id=o1_0.product_id left join product_image p2_0 on p1_0.product_id=p2_0.product_id where (o1_0.order_id,o1_0.product_id) in ((?,?))
Hibernate: select o1_0.order_id,c1_0.cust_id,c1_0.address,c1_0.email,c1_0.cust_name,c1_0.phone,o1_0.employee_id,e1_0.emp_id,e1_0.address,e1_0.dob,e1_0.email,e1_0.full_name,e1_0.phone,e1_0.status,o1_0.order_date,o2_0.order_id,o2_0.product_id,p1_0.product_id,p1_0.description,p1_0.manufacturer_name,p1_0.name,p1_0.status,p1_0.unit,o2_0.note,o2_0.price,o2_0.quantity from orders o1_0 left join customer c1_0 on c1_0.cust_id=o1_0.cust_id join employee e1_0 on e1_0.emp_id=o1_0.employee_id left join order_detail o2_0 on o1_0.order_id=o2_0.order_id left join product p1_0 on p1_0.product_id=o2_0.product_id where o1_0.order_id=?
Hibernate: select p1_0.product_id,p1_0.price_date_time,p1_0.note,p1_0.price from product_price p1_0 where p1_0.product_id=?
Hibernate: select p1_0.product_id,p1_0.image_id,p1_0.alternative,p1_0.path from product_image p1_0 where p1_0.product_id=?
Hibernate: select o1_0.product_id,o1_0.order_id,o2_0.order_id,c1_0.cust_id,c1_0.address,c1_0.email,c1_0.cust_name,c1_0.phone,o2_0.employee_id,e1_0.emp_id,e1_0.address,e1_0.dob,e1_0.email,e1_0.full_name,e1_0.phone,e1_0.status,o2_0.order_date,o1_0.note,o1_0.price,o1_0.quantity from order_detail o1_0 join orders o2_0 on o2_0.order_id=o1_0.order_id left join customer c1_0 on c1_0.cust_id=o2_0.cust_id left join employee e1_0 on e1_0.emp_id=o2_0.employee_id where o1_0.product_id=?
Hibernate: select l1_0.employee_id,l1_0.order_id,c1_0.cust_id,c1_0.address,c1_0.email,c1_0.cust_name,c1_0.phone,l1_0.order_date from orders l1_0 left join customer c1_0 on c1_0.cust_id=l1_0.cust_id where l1_0.employee_id=?
Hibernate: select p1_0.product_id,p1_0.description,p1_0.manufacturer_name,p1_0.name,p1_0.status,p1_0.unit,o1_0.product_id,o1_0.order_id,o2_0.order_id,c1_0.cust_id,c1_0.address,c1_0.email,c1_0.cust_name,c1_0.phone,o2_0.employee_id,e1_0.emp_id,e1_0.address,e1_0.dob,e1_0.email,e1_0.full_name,e1_0.phone,e1_0.status,o2_0.order_date,o1_0.note,o1_0.price,o1_0.quantity from product p1_0 left join order_detail o1_0 on p1_0.product_id=o1_0.product_id left join orders o2_0 on o2_0.order_id=o1_0.order_id left join customer c1_0 on c1_0.cust_id=o2_0.cust_id left join employee e1_0 on e1_0.emp_id=o2_0.employee_id where p1_0.product_id=?
Hibernate: select p1_0.product_id,p1_0.price_date_time,p1_0.note,p1_0.price from product_price p1_0 where p1_0.product_id=?
Hibernate: select p1_0.product_id,p1_0.image_id,p1_0.alternative,p1_0.path from product_image p1_0 where p1_0.product_id=?
Hibernate: insert into order_detail (note,price,quantity,order_id,product_id) values (?,?,?,?,?)
Hibernate: update orders set cust_id=?,employee_id=?,order_date=? where order_id=?
Hibernate: select p1_0.product_id,p1_0.description,p1_0.manufacturer_name,p1_0.name,p1_0.status,p1_0.unit from product p1_0 where p1_0.product_id=?
Hibernate: select o1_0.order_id,o2_0.order_id,c1_0.cust_id,c1_0.address,c1_0.email,c1_0.cust_name,c1_0.phone,o2_0.employee_id,e1_0.emp_id,e1_0.address,e1_0.dob,e1_0.email,e1_0.full_name,e1_0.phone,e1_0.status,o2_0.order_date,o1_0.product_id,p1_0.product_id,p1_0.description,p1_0.manufacturer_name,p1_0.name,p1_0.status,p1_0.unit,p2_0.product_id,p2_0.image_id,p2_0.alternative,p2_0.path,o1_0.note,o1_0.price,o1_0.quantity from order_detail o1_0 join orders o2_0 on o2_0.order_id=o1_0.order_id left join customer c1_0 on c1_0.cust_id=o2_0.cust_id left join employee e1_0 on e1_0.emp_id=o2_0.employee_id join product p1_0 on p1_0.product_id=o1_0.product_id left join product_image p2_0 on p1_0.product_id=p2_0.product_id where (o1_0.order_id,o1_0.product_id) in ((?,?))
Hibernate: select o1_0.order_id,c1_0.cust_id,c1_0.address,c1_0.email,c1_0.cust_name,c1_0.phone,o1_0.employee_id,e1_0.emp_id,e1_0.address,e1_0.dob,e1_0.email,e1_0.full_name,e1_0.phone,e1_0.status,o1_0.order_date,o2_0.order_id,o2_0.product_id,p1_0.product_id,p1_0.description,p1_0.manufacturer_name,p1_0.name,p1_0.status,p1_0.unit,o2_0.note,o2_0.price,o2_0.quantity from orders o1_0 left join customer c1_0 on c1_0.cust_id=o1_0.cust_id join employee e1_0 on e1_0.emp_id=o1_0.employee_id left join order_detail o2_0 on o1_0.order_id=o2_0.order_id left join product p1_0 on p1_0.product_id=o2_0.product_id where o1_0.order_id=?
Hibernate: select p1_0.product_id,p1_0.price_date_time,p1_0.note,p1_0.price from product_price p1_0 where p1_0.product_id=?
Hibernate: select p1_0.product_id,p1_0.image_id,p1_0.alternative,p1_0.path from product_image p1_0 where p1_0.product_id=?
Hibernate: select o1_0.product_id,o1_0.order_id,o2_0.order_id,c1_0.cust_id,c1_0.address,c1_0.email,c1_0.cust_name,c1_0.phone,o2_0.employee_id,e1_0.emp_id,e1_0.address,e1_0.dob,e1_0.email,e1_0.full_name,e1_0.phone,e1_0.status,o2_0.order_date,o1_0.note,o1_0.price,o1_0.quantity from order_detail o1_0 join orders o2_0 on o2_0.order_id=o1_0.order_id left join customer c1_0 on c1_0.cust_id=o2_0.cust_id left join employee e1_0 on e1_0.emp_id=o2_0.employee_id where o1_0.product_id=?
Hibernate: select p1_0.product_id,p1_0.price_date_time,p1_0.note,p1_0.price from product_price p1_0 where p1_0.product_id=?
Hibernate: select p1_0.product_id,p1_0.image_id,p1_0.alternative,p1_0.path from product_image p1_0 where p1_0.product_id=?
Hibernate: select o1_0.product_id,o1_0.order_id,o2_0.order_id,c1_0.cust_id,c1_0.address,c1_0.email,c1_0.cust_name,c1_0.phone,o2_0.employee_id,e1_0.emp_id,e1_0.address,e1_0.dob,e1_0.email,e1_0.full_name,e1_0.phone,e1_0.status,o2_0.order_date,o1_0.note,o1_0.price,o1_0.quantity from order_detail o1_0 join orders o2_0 on o2_0.order_id=o1_0.order_id left join customer c1_0 on c1_0.cust_id=o2_0.cust_id left join employee e1_0 on e1_0.emp_id=o2_0.employee_id where o1_0.product_id=?
Hibernate: select l1_0.employee_id,l1_0.order_id,c1_0.cust_id,c1_0.address,c1_0.email,c1_0.cust_name,c1_0.phone,l1_0.order_date from orders l1_0 left join customer c1_0 on c1_0.cust_id=l1_0.cust_id where l1_0.employee_id=?
Hibernate: select p1_0.product_id,p1_0.description,p1_0.manufacturer_name,p1_0.name,p1_0.status,p1_0.unit,o1_0.product_id,o1_0.order_id,o2_0.order_id,c1_0.cust_id,c1_0.address,c1_0.email,c1_0.cust_name,c1_0.phone,o2_0.employee_id,e1_0.emp_id,e1_0.address,e1_0.dob,e1_0.email,e1_0.full_name,e1_0.phone,e1_0.status,o2_0.order_date,o1_0.note,o1_0.price,o1_0.quantity from product p1_0 left join order_detail o1_0 on p1_0.product_id=o1_0.product_id left join orders o2_0 on o2_0.order_id=o1_0.order_id left join customer c1_0 on c1_0.cust_id=o2_0.cust_id left join employee e1_0 on e1_0.emp_id=o2_0.employee_id where p1_0.product_id=?
Hibernate: select p1_0.product_id,p1_0.price_date_time,p1_0.note,p1_0.price from product_price p1_0 where p1_0.product_id=?
Hibernate: select p1_0.product_id,p1_0.image_id,p1_0.alternative,p1_0.path from product_image p1_0 where p1_0.product_id=?
Hibernate: insert into order_detail (note,price,quantity,order_id,product_id) values (?,?,?,?,?)
Hibernate: update orders set cust_id=?,employee_id=?,order_date=? where order_id=?
Hibernate: select e1_0.emp_id,e1_0.address,e1_0.dob,e1_0.email,e1_0.full_name,e1_0.phone,e1_0.status from employee e1_0 where e1_0.emp_id=?
Hibernate: select c1_0.cust_id,c1_0.address,c1_0.email,c1_0.cust_name,c1_0.phone from customer c1_0 where c1_0.cust_id=?
Hibernate: select o1_0.order_id,c1_0.cust_id,c1_0.address,c1_0.email,c1_0.cust_name,c1_0.phone,o1_0.employee_id,e1_0.emp_id,e1_0.address,e1_0.dob,e1_0.email,e1_0.full_name,e1_0.phone,e1_0.status,o1_0.order_date,o2_0.order_id,o2_0.product_id,p1_0.product_id,p1_0.description,p1_0.manufacturer_name,p1_0.name,p1_0.status,p1_0.unit,o2_0.note,o2_0.price,o2_0.quantity from orders o1_0 left join customer c1_0 on c1_0.cust_id=o1_0.cust_id join employee e1_0 on e1_0.emp_id=o1_0.employee_id left join order_detail o2_0 on o1_0.order_id=o2_0.order_id left join product p1_0 on p1_0.product_id=o2_0.product_id where o1_0.order_id=?
Hibernate: select c1_0.cust_id,c1_0.address,c1_0.email,c1_0.cust_name,c1_0.phone from customer c1_0 where c1_0.cust_id=?
Hibernate: select e1_0.emp_id,e1_0.address,e1_0.dob,e1_0.email,e1_0.full_name,e1_0.phone,e1_0.status from employee e1_0 where e1_0.emp_id=?
Hibernate: insert into orders (cust_id,employee_id,order_date,order_id) values (?,?,?,default)
Hibernate: select p1_0.product_id,p1_0.description,p1_0.manufacturer_name,p1_0.name,p1_0.status,p1_0.unit from product p1_0 where p1_0.product_id=?
Hibernate: select o1_0.order_id,o2_0.order_id,c1_0.cust_id,c1_0.address,c1_0.email,c1_0.cust_name,c1_0.phone,o2_0.employee_id,e1_0.emp_id,e1_0.address,e1_0.dob,e1_0.email,e1_0.full_name,e1_0.phone,e1_0.status,o2_0.order_date,o1_0.product_id,p1_0.product_id,p1_0.description,p1_0.manufacturer_name,p1_0.name,p1_0.status,p1_0.unit,p2_0.product_id,p2_0.image_id,p2_0.alternative,p2_0.path,o1_0.note,o1_0.price,o1_0.quantity from order_detail o1_0 join orders o2_0 on o2_0.order_id=o1_0.order_id left join customer c1_0 on c1_0.cust_id=o2_0.cust_id left join employee e1_0 on e1_0.emp_id=o2_0.employee_id join product p1_0 on p1_0.product_id=o1_0.product_id left join product_image p2_0 on p1_0.product_id=p2_0.product_id where (o1_0.order_id,o1_0.product_id) in ((?,?))
Hibernate: select o1_0.order_id,c1_0.cust_id,c1_0.address,c1_0.email,c1_0.cust_name,c1_0.phone,o1_0.employee_id,e1_0.emp_id,e1_0.address,e1_0.dob,e1_0.email,e1_0.full_name,e1_0.phone,e1_0.status,o1_0.order_date,o2_0.order_id,o2_0.product_id,p1_0.product_id,p1_0.description,p1_0.manufacturer_name,p1_0.name,p1_0.status,p1_0.unit,o2_0.note,o2_0.price,o2_0.quantity from orders o1_0 left join customer c1_0 on c1_0.cust_id=o1_0.cust_id join employee e1_0 on e1_0.emp_id=o1_0.employee_id left join order_detail o2_0 on o1_0.order_id=o2_0.order_id left join product p1_0 on p1_0.product_id=o2_0.product_id where o1_0.order_id=?
Hibernate: select l1_0.employee_id,l1_0.order_id,c1_0.cust_id,c1_0.address,c1_0.email,c1_0.cust_name,c1_0.phone,l1_0.order_date from orders l1_0 left join customer c1_0 on c1_0.cust_id=l1_0.cust_id where l1_0.employee_id=?
Hibernate: select p1_0.product_id,p1_0.description,p1_0.manufacturer_name,p1_0.name,p1_0.status,p1_0.unit,o1_0.product_id,o1_0.order_id,o2_0.order_id,c1_0.cust_id,c1_0.address,c1_0.email,c1_0.cust_name,c1_0.phone,o2_0.employee_id,e1_0.emp_id,e1_0.address,e1_0.dob,e1_0.email,e1_0.full_name,e1_0.phone,e1_0.status,o2_0.order_date,o1_0.note,o1_0.price,o1_0.quantity from product p1_0 left join order_detail o1_0 on p1_0.product_id=o1_0.product_id left join orders o2_0 on o2_0.order_id=o1_0.order_id left join customer c1_0 on c1_0.cust_id=o2_0.cust_id left join employee e1_0 on e1_0.emp_id=o2_0.employee_id where p1_0.product_id=?
Hibernate: select p1_0.product_id,p1_0.price_date_time,p1_0.note,p1_0.price from product_price p1_0 where p1_0.product_id=?
Hibernate: select p1_0.product_id,p1_0.image_id,p1_0.alternative,p1_0.path from product_image p1_0 where p1_0.product_id=?
Hibernate: insert into order_detail (note,price,quantity,order_id,product_id) values (?,?,?,?,?)
Hibernate: select p1_0.product_id,p1_0.description,p1_0.manufacturer_name,p1_0.name,p1_0.status,p1_0.unit from product p1_0 where p1_0.product_id=?
Hibernate: select o1_0.order_id,o2_0.order_id,c1_0.cust_id,c1_0.address,c1_0.email,c1_0.cust_name,c1_0.phone,o2_0.employee_id,e1_0.emp_id,e1_0.address,e1_0.dob,e1_0.email,e1_0.full_name,e1_0.phone,e1_0.status,o2_0.order_date,o1_0.product_id,p1_0.product_id,p1_0.description,p1_0.manufacturer_name,p1_0.name,p1_0.status,p1_0.unit,p2_0.product_id,p2_0.image_id,p2_0.alternative,p2_0.path,o1_0.note,o1_0.price,o1_0.quantity from order_detail o1_0 join orders o2_0 on o2_0.order_id=o1_0.order_id left join customer c1_0 on c1_0.cust_id=o2_0.cust_id left join employee e1_0 on e1_0.emp_id=o2_0.employee_id join product p1_0 on p1_0.product_id=o1_0.product_id left join product_image p2_0 on p1_0.product_id=p2_0.product_id where (o1_0.order_id,o1_0.product_id) in ((?,?))
Hibernate: select o1_0.order_id,c1_0.cust_id,c1_0.address,c1_0.email,c1_0.cust_name,c1_0.phone,o1_0.employee_id,e1_0.emp_id,e1_0.address,e1_0.dob,e1_0.email,e1_0.full_name,e1_0.phone,e1_0.status,o1_0.order_date,o2_0.order_id,o2_0.product_id,p1_0.product_id,p1_0.description,p1_0.manufacturer_name,p1_0.name,p1_0.status,p1_0.unit,o2_0.note,o2_0.price,o2_0.quantity from orders o1_0 left join customer c1_0 on c1_0.cust_id=o1_0.cust_id join employee e1_0 on e1_0.emp_id=o1_0.employee_id left join order_detail o2_0 on o1_0.order_id=o2_0.order_id left join product p1_0 on p1_0.product_id=o2_0.product_id where o1_0.order_id=?
Hibernate: select p1_0.product_id,p1_0.price_date_time,p1_0.note,p1_0.price from product_price p1_0 where p1_0.product_id=?
Hibernate: select p1_0.product_id,p1_0.image_id,p1_0.alternative,p1_0.path from product_image p1_0 where p1_0.product_id=?
Hibernate: select o1_0.product_id,o1_0.order_id,o2_0.order_id,c1_0.cust_id,c1_0.address,c1_0.email,c1_0.cust_name,c1_0.phone,o2_0.employee_id,e1_0.emp_id,e1_0.address,e1_0.dob,e1_0.email,e1_0.full_name,e1_0.phone,e1_0.status,o2_0.order_date,o1_0.note,o1_0.price,o1_0.quantity from order_detail o1_0 join orders o2_0 on o2_0.order_id=o1_0.order_id left join customer c1_0 on c1_0.cust_id=o2_0.cust_id left join employee e1_0 on e1_0.emp_id=o2_0.employee_id where o1_0.product_id=?
Hibernate: select l1_0.employee_id,l1_0.order_id,c1_0.cust_id,c1_0.address,c1_0.email,c1_0.cust_name,c1_0.phone,l1_0.order_date from orders l1_0 left join customer c1_0 on c1_0.cust_id=l1_0.cust_id where l1_0.employee_id=?
Hibernate: select p1_0.product_id,p1_0.description,p1_0.manufacturer_name,p1_0.name,p1_0.status,p1_0.unit,o1_0.product_id,o1_0.order_id,o2_0.order_id,c1_0.cust_id,c1_0.address,c1_0.email,c1_0.cust_name,c1_0.phone,o2_0.employee_id,e1_0.emp_id,e1_0.address,e1_0.dob,e1_0.email,e1_0.full_name,e1_0.phone,e1_0.status,o2_0.order_date,o1_0.note,o1_0.price,o1_0.quantity from product p1_0 left join order_detail o1_0 on p1_0.product_id=o1_0.product_id left join orders o2_0 on o2_0.order_id=o1_0.order_id left join customer c1_0 on c1_0.cust_id=o2_0.cust_id left join employee e1_0 on e1_0.emp_id=o2_0.employee_id where p1_0.product_id=?
Hibernate: select o1_0.order_id,o1_0.product_id,p1_0.product_id,p1_0.description,p1_0.manufacturer_name,p1_0.name,p1_0.status,p1_0.unit,o1_0.note,o1_0.price,o1_0.quantity from order_detail o1_0 join product p1_0 on p1_0.product_id=o1_0.product_id where o1_0.order_id=?
Hibernate: select l1_0.employee_id,l1_0.order_id,c1_0.cust_id,c1_0.address,c1_0.email,c1_0.cust_name,c1_0.phone,l1_0.order_date from orders l1_0 left join customer c1_0 on c1_0.cust_id=l1_0.cust_id where l1_0.employee_id=?
Hibernate: select o1_0.order_id,o1_0.product_id,p1_0.product_id,p1_0.description,p1_0.manufacturer_name,p1_0.name,p1_0.status,p1_0.unit,o1_0.note,o1_0.price,o1_0.quantity from order_detail o1_0 join product p1_0 on p1_0.product_id=o1_0.product_id where o1_0.order_id=?
Hibernate: select l1_0.employee_id,l1_0.order_id,c1_0.cust_id,c1_0.address,c1_0.email,c1_0.cust_name,c1_0.phone,l1_0.order_date from orders l1_0 left join customer c1_0 on c1_0.cust_id=l1_0.cust_id where l1_0.employee_id=?
Hibernate: select o1_0.order_id,o1_0.product_id,p1_0.product_id,p1_0.description,p1_0.manufacturer_name,p1_0.name,p1_0.status,p1_0.unit,o1_0.note,o1_0.price,o1_0.quantity from order_detail o1_0 join product p1_0 on p1_0.product_id=o1_0.product_id where o1_0.order_id=?
Hibernate: select l1_0.employee_id,l1_0.order_id,c1_0.cust_id,c1_0.address,c1_0.email,c1_0.cust_name,c1_0.phone,l1_0.order_date from orders l1_0 left join customer c1_0 on c1_0.cust_id=l1_0.cust_id where l1_0.employee_id=?
Hibernate: select p1_0.product_id,p1_0.price_date_time,p1_0.note,p1_0.price from product_price p1_0 where p1_0.product_id=?
Hibernate: select p1_0.product_id,p1_0.image_id,p1_0.alternative,p1_0.path from product_image p1_0 where p1_0.product_id=?
Hibernate: select o1_0.order_id,o1_0.product_id,p1_0.product_id,p1_0.description,p1_0.manufacturer_name,p1_0.name,p1_0.status,p1_0.unit,o1_0.note,o1_0.price,o1_0.quantity from order_detail o1_0 join product p1_0 on p1_0.product_id=o1_0.product_id where o1_0.order_id=?
Hibernate: select l1_0.employee_id,l1_0.order_id,c1_0.cust_id,c1_0.address,c1_0.email,c1_0.cust_name,c1_0.phone,l1_0.order_date from orders l1_0 left join customer c1_0 on c1_0.cust_id=l1_0.cust_id where l1_0.employee_id=?
Hibernate: insert into order_detail (note,price,quantity,order_id,product_id) values (?,?,?,?,?)
Hibernate: select p1_0.product_id,p1_0.description,p1_0.manufacturer_name,p1_0.name,p1_0.status,p1_0.unit from product p1_0 where p1_0.product_id=?
Hibernate: select o1_0.order_id,o2_0.order_id,c1_0.cust_id,c1_0.address,c1_0.email,c1_0.cust_name,c1_0.phone,o2_0.employee_id,e1_0.emp_id,e1_0.address,e1_0.dob,e1_0.email,e1_0.full_name,e1_0.phone,e1_0.status,o2_0.order_date,o1_0.product_id,p1_0.product_id,p1_0.description,p1_0.manufacturer_name,p1_0.name,p1_0.status,p1_0.unit,p2_0.product_id,p2_0.image_id,p2_0.alternative,p2_0.path,o1_0.note,o1_0.price,o1_0.quantity from order_detail o1_0 join orders o2_0 on o2_0.order_id=o1_0.order_id left join customer c1_0 on c1_0.cust_id=o2_0.cust_id left join employee e1_0 on e1_0.emp_id=o2_0.employee_id join product p1_0 on p1_0.product_id=o1_0.product_id left join product_image p2_0 on p1_0.product_id=p2_0.product_id where (o1_0.order_id,o1_0.product_id) in ((?,?))
Hibernate: select o1_0.order_id,c1_0.cust_id,c1_0.address,c1_0.email,c1_0.cust_name,c1_0.phone,o1_0.employee_id,e1_0.emp_id,e1_0.address,e1_0.dob,e1_0.email,e1_0.full_name,e1_0.phone,e1_0.status,o1_0.order_date,o2_0.order_id,o2_0.product_id,p1_0.product_id,p1_0.description,p1_0.manufacturer_name,p1_0.name,p1_0.status,p1_0.unit,o2_0.note,o2_0.price,o2_0.quantity from orders o1_0 left join customer c1_0 on c1_0.cust_id=o1_0.cust_id join employee e1_0 on e1_0.emp_id=o1_0.employee_id left join order_detail o2_0 on o1_0.order_id=o2_0.order_id left join product p1_0 on p1_0.product_id=o2_0.product_id where o1_0.order_id=?
Hibernate: select p1_0.product_id,p1_0.price_date_time,p1_0.note,p1_0.price from product_price p1_0 where p1_0.product_id=?
Hibernate: select p1_0.product_id,p1_0.image_id,p1_0.alternative,p1_0.path from product_image p1_0 where p1_0.product_id=?
Hibernate: select o1_0.product_id,o1_0.order_id,o2_0.order_id,c1_0.cust_id,c1_0.address,c1_0.email,c1_0.cust_name,c1_0.phone,o2_0.employee_id,e1_0.emp_id,e1_0.address,e1_0.dob,e1_0.email,e1_0.full_name,e1_0.phone,e1_0.status,o2_0.order_date,o1_0.note,o1_0.price,o1_0.quantity from order_detail o1_0 join orders o2_0 on o2_0.order_id=o1_0.order_id left join customer c1_0 on c1_0.cust_id=o2_0.cust_id left join employee e1_0 on e1_0.emp_id=o2_0.employee_id where o1_0.product_id=?
Hibernate: select p1_0.product_id,p1_0.price_date_time,p1_0.note,p1_0.price from product_price p1_0 where p1_0.product_id=?
Hibernate: select p1_0.product_id,p1_0.image_id,p1_0.alternative,p1_0.path from product_image p1_0 where p1_0.product_id=?
Hibernate: select o1_0.product_id,o1_0.order_id,o2_0.order_id,c1_0.cust_id,c1_0.address,c1_0.email,c1_0.cust_name,c1_0.phone,o2_0.employee_id,e1_0.emp_id,e1_0.address,e1_0.dob,e1_0.email,e1_0.full_name,e1_0.phone,e1_0.status,o2_0.order_date,o1_0.note,o1_0.price,o1_0.quantity from order_detail o1_0 join orders o2_0 on o2_0.order_id=o1_0.order_id left join customer c1_0 on c1_0.cust_id=o2_0.cust_id left join employee e1_0 on e1_0.emp_id=o2_0.employee_id where o1_0.product_id=?
Hibernate: select l1_0.employee_id,l1_0.order_id,c1_0.cust_id,c1_0.address,c1_0.email,c1_0.cust_name,c1_0.phone,l1_0.order_date from orders l1_0 left join customer c1_0 on c1_0.cust_id=l1_0.cust_id where l1_0.employee_id=?
Hibernate: select p1_0.product_id,p1_0.description,p1_0.manufacturer_name,p1_0.name,p1_0.status,p1_0.unit,o1_0.product_id,o1_0.order_id,o2_0.order_id,c1_0.cust_id,c1_0.address,c1_0.email,c1_0.cust_name,c1_0.phone,o2_0.employee_id,e1_0.emp_id,e1_0.address,e1_0.dob,e1_0.email,e1_0.full_name,e1_0.phone,e1_0.status,o2_0.order_date,o1_0.note,o1_0.price,o1_0.quantity from product p1_0 left join order_detail o1_0 on p1_0.product_id=o1_0.product_id left join orders o2_0 on o2_0.order_id=o1_0.order_id left join customer c1_0 on c1_0.cust_id=o2_0.cust_id left join employee e1_0 on e1_0.emp_id=o2_0.employee_id where p1_0.product_id=?
Hibernate: select p1_0.product_id,p1_0.price_date_time,p1_0.note,p1_0.price from product_price p1_0 where p1_0.product_id=?
Hibernate: select p1_0.product_id,p1_0.image_id,p1_0.alternative,p1_0.path from product_image p1_0 where p1_0.product_id=?
Hibernate: insert into order_detail (note,price,quantity,order_id,product_id) values (?,?,?,?,?)
Hibernate: select e1_0.emp_id,e1_0.address,e1_0.dob,e1_0.email,e1_0.full_name,e1_0.phone,e1_0.status from employee e1_0 where e1_0.emp_id=?
Hibernate: select c1_0.cust_id,c1_0.address,c1_0.email,c1_0.cust_name,c1_0.phone from customer c1_0 where c1_0.cust_id=?
Hibernate: select o1_0.order_id,c1_0.cust_id,c1_0.address,c1_0.email,c1_0.cust_name,c1_0.phone,o1_0.employee_id,e1_0.emp_id,e1_0.address,e1_0.dob,e1_0.email,e1_0.full_name,e1_0.phone,e1_0.status,o1_0.order_date,o2_0.order_id,o2_0.product_id,p1_0.product_id,p1_0.description,p1_0.manufacturer_name,p1_0.name,p1_0.status,p1_0.unit,o2_0.note,o2_0.price,o2_0.quantity from orders o1_0 left join customer c1_0 on c1_0.cust_id=o1_0.cust_id join employee e1_0 on e1_0.emp_id=o1_0.employee_id left join order_detail o2_0 on o1_0.order_id=o2_0.order_id left join product p1_0 on p1_0.product_id=o2_0.product_id where o1_0.order_id=?
Hibernate: select c1_0.cust_id,c1_0.address,c1_0.email,c1_0.cust_name,c1_0.phone from customer c1_0 where c1_0.cust_id=?
Hibernate: select e1_0.emp_id,e1_0.address,e1_0.dob,e1_0.email,e1_0.full_name,e1_0.phone,e1_0.status from employee e1_0 where e1_0.emp_id=?
Hibernate: insert into orders (cust_id,employee_id,order_date,order_id) values (?,?,?,default)
Hibernate: select p1_0.product_id,p1_0.description,p1_0.manufacturer_name,p1_0.name,p1_0.status,p1_0.unit from product p1_0 where p1_0.product_id=?
Hibernate: select o1_0.order_id,o2_0.order_id,c1_0.cust_id,c1_0.address,c1_0.email,c1_0.cust_name,c1_0.phone,o2_0.employee_id,e1_0.emp_id,e1_0.address,e1_0.dob,e1_0.email,e1_0.full_name,e1_0.phone,e1_0.status,o2_0.order_date,o1_0.product_id,p1_0.product_id,p1_0.description,p1_0.manufacturer_name,p1_0.name,p1_0.status,p1_0.unit,p2_0.product_id,p2_0.image_id,p2_0.alternative,p2_0.path,o1_0.note,o1_0.price,o1_0.quantity from order_detail o1_0 join orders o2_0 on o2_0.order_id=o1_0.order_id left join customer c1_0 on c1_0.cust_id=o2_0.cust_id left join employee e1_0 on e1_0.emp_id=o2_0.employee_id join product p1_0 on p1_0.product_id=o1_0.product_id left join product_image p2_0 on p1_0.product_id=p2_0.product_id where (o1_0.order_id,o1_0.product_id) in ((?,?))
Hibernate: select o1_0.order_id,c1_0.cust_id,c1_0.address,c1_0.email,c1_0.cust_name,c1_0.phone,o1_0.employee_id,e1_0.emp_id,e1_0.address,e1_0.dob,e1_0.email,e1_0.full_name,e1_0.phone,e1_0.status,o1_0.order_date,o2_0.order_id,o2_0.product_id,p1_0.product_id,p1_0.description,p1_0.manufacturer_name,p1_0.name,p1_0.status,p1_0.unit,o2_0.note,o2_0.price,o2_0.quantity from orders o1_0 left join customer c1_0 on c1_0.cust_id=o1_0.cust_id join employee e1_0 on e1_0.emp_id=o1_0.employee_id left join order_detail o2_0 on o1_0.order_id=o2_0.order_id left join product p1_0 on p1_0.product_id=o2_0.product_id where o1_0.order_id=?
Hibernate: select l1_0.employee_id,l1_0.order_id,c1_0.cust_id,c1_0.address,c1_0.email,c1_0.cust_name,c1_0.phone,l1_0.order_date from orders l1_0 left join customer c1_0 on c1_0.cust_id=l1_0.cust_id where l1_0.employee_id=?
Hibernate: select p1_0.product_id,p1_0.description,p1_0.manufacturer_name,p1_0.name,p1_0.status,p1_0.unit,o1_0.product_id,o1_0.order_id,o2_0.order_id,c1_0.cust_id,c1_0.address,c1_0.email,c1_0.cust_name,c1_0.phone,o2_0.employee_id,e1_0.emp_id,e1_0.address,e1_0.dob,e1_0.email,e1_0.full_name,e1_0.phone,e1_0.status,o2_0.order_date,o1_0.note,o1_0.price,o1_0.quantity from product p1_0 left join order_detail o1_0 on p1_0.product_id=o1_0.product_id left join orders o2_0 on o2_0.order_id=o1_0.order_id left join customer c1_0 on c1_0.cust_id=o2_0.cust_id left join employee e1_0 on e1_0.emp_id=o2_0.employee_id where p1_0.product_id=?
Hibernate: select p1_0.product_id,p1_0.price_date_time,p1_0.note,p1_0.price from product_price p1_0 where p1_0.product_id=?
Hibernate: select p1_0.product_id,p1_0.image_id,p1_0.alternative,p1_0.path from product_image p1_0 where p1_0.product_id=?
Hibernate: select o1_0.order_id,o1_0.product_id,p1_0.product_id,p1_0.description,p1_0.manufacturer_name,p1_0.name,p1_0.status,p1_0.unit,o1_0.note,o1_0.price,o1_0.quantity from order_detail o1_0 join product p1_0 on p1_0.product_id=o1_0.product_id where o1_0.order_id=?
Hibernate: select l1_0.employee_id,l1_0.order_id,c1_0.cust_id,c1_0.address,c1_0.email,c1_0.cust_name,c1_0.phone,l1_0.order_date from orders l1_0 left join customer c1_0 on c1_0.cust_id=l1_0.cust_id where l1_0.employee_id=?
Hibernate: insert into order_detail (note,price,quantity,order_id,product_id) values (?,?,?,?,?)
Hibernate: update orders set cust_id=?,employee_id=?,order_date=? where order_id=?
Hibernate: select p1_0.product_id,p1_0.description,p1_0.manufacturer_name,p1_0.name,p1_0.status,p1_0.unit from product p1_0 where p1_0.product_id=?
Hibernate: select o1_0.order_id,o2_0.order_id,c1_0.cust_id,c1_0.address,c1_0.email,c1_0.cust_name,c1_0.phone,o2_0.employee_id,e1_0.emp_id,e1_0.address,e1_0.dob,e1_0.email,e1_0.full_name,e1_0.phone,e1_0.status,o2_0.order_date,o1_0.product_id,p1_0.product_id,p1_0.description,p1_0.manufacturer_name,p1_0.name,p1_0.status,p1_0.unit,p2_0.product_id,p2_0.image_id,p2_0.alternative,p2_0.path,o1_0.note,o1_0.price,o1_0.quantity from order_detail o1_0 join orders o2_0 on o2_0.order_id=o1_0.order_id left join customer c1_0 on c1_0.cust_id=o2_0.cust_id left join employee e1_0 on e1_0.emp_id=o2_0.employee_id join product p1_0 on p1_0.product_id=o1_0.product_id left join product_image p2_0 on p1_0.product_id=p2_0.product_id where (o1_0.order_id,o1_0.product_id) in ((?,?))
Hibernate: select o1_0.order_id,c1_0.cust_id,c1_0.address,c1_0.email,c1_0.cust_name,c1_0.phone,o1_0.employee_id,e1_0.emp_id,e1_0.address,e1_0.dob,e1_0.email,e1_0.full_name,e1_0.phone,e1_0.status,o1_0.order_date,o2_0.order_id,o2_0.product_id,p1_0.product_id,p1_0.description,p1_0.manufacturer_name,p1_0.name,p1_0.status,p1_0.unit,o2_0.note,o2_0.price,o2_0.quantity from orders o1_0 left join customer c1_0 on c1_0.cust_id=o1_0.cust_id join employee e1_0 on e1_0.emp_id=o1_0.employee_id left join order_detail o2_0 on o1_0.order_id=o2_0.order_id left join product p1_0 on p1_0.product_id=o2_0.product_id where o1_0.order_id=?
Hibernate: select p1_0.product_id,p1_0.price_date_time,p1_0.note,p1_0.price from product_price p1_0 where p1_0.product_id=?
Hibernate: select p1_0.product_id,p1_0.image_id,p1_0.alternative,p1_0.path from product_image p1_0 where p1_0.product_id=?
Hibernate: select o1_0.product_id,o1_0.order_id,o2_0.order_id,c1_0.cust_id,c1_0.address,c1_0.email,c1_0.cust_name,c1_0.phone,o2_0.employee_id,e1_0.emp_id,e1_0.address,e1_0.dob,e1_0.email,e1_0.full_name,e1_0.phone,e1_0.status,o2_0.order_date,o1_0.note,o1_0.price,o1_0.quantity from order_detail o1_0 join orders o2_0 on o2_0.order_id=o1_0.order_id left join customer c1_0 on c1_0.cust_id=o2_0.cust_id left join employee e1_0 on e1_0.emp_id=o2_0.employee_id where o1_0.product_id=?
Hibernate: select l1_0.employee_id,l1_0.order_id,c1_0.cust_id,c1_0.address,c1_0.email,c1_0.cust_name,c1_0.phone,l1_0.order_date from orders l1_0 left join customer c1_0 on c1_0.cust_id=l1_0.cust_id where l1_0.employee_id=?
Hibernate: select p1_0.product_id,p1_0.description,p1_0.manufacturer_name,p1_0.name,p1_0.status,p1_0.unit,o1_0.product_id,o1_0.order_id,o2_0.order_id,c1_0.cust_id,c1_0.address,c1_0.email,c1_0.cust_name,c1_0.phone,o2_0.employee_id,e1_0.emp_id,e1_0.address,e1_0.dob,e1_0.email,e1_0.full_name,e1_0.phone,e1_0.status,o2_0.order_date,o1_0.note,o1_0.price,o1_0.quantity from product p1_0 left join order_detail o1_0 on p1_0.product_id=o1_0.product_id left join orders o2_0 on o2_0.order_id=o1_0.order_id left join customer c1_0 on c1_0.cust_id=o2_0.cust_id left join employee e1_0 on e1_0.emp_id=o2_0.employee_id where p1_0.product_id=?
Hibernate: select o1_0.order_id,o1_0.product_id,p1_0.product_id,p1_0.description,p1_0.manufacturer_name,p1_0.name,p1_0.status,p1_0.unit,o1_0.note,o1_0.price,o1_0.quantity from order_detail o1_0 join product p1_0 on p1_0.product_id=o1_0.product_id where o1_0.order_id=?
Hibernate: select o1_0.order_id,o1_0.product_id,p1_0.product_id,p1_0.description,p1_0.manufacturer_name,p1_0.name,p1_0.status,p1_0.unit,o1_0.note,o1_0.price,o1_0.quantity from order_detail o1_0 join product p1_0 on p1_0.product_id=o1_0.product_id where o1_0.order_id=?
Hibernate: select l1_0.employee_id,l1_0.order_id,c1_0.cust_id,c1_0.address,c1_0.email,c1_0.cust_name,c1_0.phone,l1_0.order_date from orders l1_0 left join customer c1_0 on c1_0.cust_id=l1_0.cust_id where l1_0.employee_id=?
Hibernate: select p1_0.product_id,p1_0.price_date_time,p1_0.note,p1_0.price from product_price p1_0 where p1_0.product_id=?
Hibernate: select p1_0.product_id,p1_0.image_id,p1_0.alternative,p1_0.path from product_image p1_0 where p1_0.product_id=?
Hibernate: select o1_0.order_id,o1_0.product_id,p1_0.product_id,p1_0.description,p1_0.manufacturer_name,p1_0.name,p1_0.status,p1_0.unit,o1_0.note,o1_0.price,o1_0.quantity from order_detail o1_0 join product p1_0 on p1_0.product_id=o1_0.product_id where o1_0.order_id=?
Hibernate: select l1_0.employee_id,l1_0.order_id,c1_0.cust_id,c1_0.address,c1_0.email,c1_0.cust_name,c1_0.phone,l1_0.order_date from orders l1_0 left join customer c1_0 on c1_0.cust_id=l1_0.cust_id where l1_0.employee_id=?
Hibernate: insert into order_detail (note,price,quantity,order_id,product_id) values (?,?,?,?,?)
Hibernate: update orders set cust_id=?,employee_id=?,order_date=? where order_id=?
Hibernate: select p1_0.product_id,p1_0.description,p1_0.manufacturer_name,p1_0.name,p1_0.status,p1_0.unit from product p1_0 where p1_0.product_id=?
Hibernate: select o1_0.order_id,o2_0.order_id,c1_0.cust_id,c1_0.address,c1_0.email,c1_0.cust_name,c1_0.phone,o2_0.employee_id,e1_0.emp_id,e1_0.address,e1_0.dob,e1_0.email,e1_0.full_name,e1_0.phone,e1_0.status,o2_0.order_date,o1_0.product_id,p1_0.product_id,p1_0.description,p1_0.manufacturer_name,p1_0.name,p1_0.status,p1_0.unit,p2_0.product_id,p2_0.image_id,p2_0.alternative,p2_0.path,o1_0.note,o1_0.price,o1_0.quantity from order_detail o1_0 join orders o2_0 on o2_0.order_id=o1_0.order_id left join customer c1_0 on c1_0.cust_id=o2_0.cust_id left join employee e1_0 on e1_0.emp_id=o2_0.employee_id join product p1_0 on p1_0.product_id=o1_0.product_id left join product_image p2_0 on p1_0.product_id=p2_0.product_id where (o1_0.order_id,o1_0.product_id) in ((?,?))
Hibernate: select o1_0.order_id,c1_0.cust_id,c1_0.address,c1_0.email,c1_0.cust_name,c1_0.phone,o1_0.employee_id,e1_0.emp_id,e1_0.address,e1_0.dob,e1_0.email,e1_0.full_name,e1_0.phone,e1_0.status,o1_0.order_date,o2_0.order_id,o2_0.product_id,p1_0.product_id,p1_0.description,p1_0.manufacturer_name,p1_0.name,p1_0.status,p1_0.unit,o2_0.note,o2_0.price,o2_0.quantity from orders o1_0 left join customer c1_0 on c1_0.cust_id=o1_0.cust_id join employee e1_0 on e1_0.emp_id=o1_0.employee_id left join order_detail o2_0 on o1_0.order_id=o2_0.order_id left join product p1_0 on p1_0.product_id=o2_0.product_id where o1_0.order_id=?
Hibernate: select p1_0.product_id,p1_0.price_date_time,p1_0.note,p1_0.price from product_price p1_0 where p1_0.product_id=?
Hibernate: select p1_0.product_id,p1_0.image_id,p1_0.alternative,p1_0.path from product_image p1_0 where p1_0.product_id=?
Hibernate: select o1_0.product_id,o1_0.order_id,o2_0.order_id,c1_0.cust_id,c1_0.address,c1_0.email,c1_0.cust_name,c1_0.phone,o2_0.employee_id,e1_0.emp_id,e1_0.address,e1_0.dob,e1_0.email,e1_0.full_name,e1_0.phone,e1_0.status,o2_0.order_date,o1_0.note,o1_0.price,o1_0.quantity from order_detail o1_0 join orders o2_0 on o2_0.order_id=o1_0.order_id left join customer c1_0 on c1_0.cust_id=o2_0.cust_id left join employee e1_0 on e1_0.emp_id=o2_0.employee_id where o1_0.product_id=?
Hibernate: select p1_0.product_id,p1_0.price_date_time,p1_0.note,p1_0.price from product_price p1_0 where p1_0.product_id=?
Hibernate: select p1_0.product_id,p1_0.image_id,p1_0.alternative,p1_0.path from product_image p1_0 where p1_0.product_id=?
Hibernate: select o1_0.product_id,o1_0.order_id,o2_0.order_id,c1_0.cust_id,c1_0.address,c1_0.email,c1_0.cust_name,c1_0.phone,o2_0.employee_id,e1_0.emp_id,e1_0.address,e1_0.dob,e1_0.email,e1_0.full_name,e1_0.phone,e1_0.status,o2_0.order_date,o1_0.note,o1_0.price,o1_0.quantity from order_detail o1_0 join orders o2_0 on o2_0.order_id=o1_0.order_id left join customer c1_0 on c1_0.cust_id=o2_0.cust_id left join employee e1_0 on e1_0.emp_id=o2_0.employee_id where o1_0.product_id=?
Hibernate: select l1_0.employee_id,l1_0.order_id,c1_0.cust_id,c1_0.address,c1_0.email,c1_0.cust_name,c1_0.phone,l1_0.order_date from orders l1_0 left join customer c1_0 on c1_0.cust_id=l1_0.cust_id where l1_0.employee_id=?
Hibernate: select p1_0.product_id,p1_0.description,p1_0.manufacturer_name,p1_0.name,p1_0.status,p1_0.unit,o1_0.product_id,o1_0.order_id,o2_0.order_id,c1_0.cust_id,c1_0.address,c1_0.email,c1_0.cust_name,c1_0.phone,o2_0.employee_id,e1_0.emp_id,e1_0.address,e1_0.dob,e1_0.email,e1_0.full_name,e1_0.phone,e1_0.status,o2_0.order_date,o1_0.note,o1_0.price,o1_0.quantity from product p1_0 left join order_detail o1_0 on p1_0.product_id=o1_0.product_id left join orders o2_0 on o2_0.order_id=o1_0.order_id left join customer c1_0 on c1_0.cust_id=o2_0.cust_id left join employee e1_0 on e1_0.emp_id=o2_0.employee_id where p1_0.product_id=?
Hibernate: select p1_0.product_id,p1_0.price_date_time,p1_0.note,p1_0.price from product_price p1_0 where p1_0.product_id=?
Hibernate: select p1_0.product_id,p1_0.image_id,p1_0.alternative,p1_0.path from product_image p1_0 where p1_0.product_id=?
Hibernate: select o1_0.order_id,o1_0.product_id,p1_0.product_id,p1_0.description,p1_0.manufacturer_name,p1_0.name,p1_0.status,p1_0.unit,o1_0.note,o1_0.price,o1_0.quantity from order_detail o1_0 join product p1_0 on p1_0.product_id=o1_0.product_id where o1_0.order_id=?
Hibernate: insert into order_detail (note,price,quantity,order_id,product_id) values (?,?,?,?,?)
Hibernate: update orders set cust_id=?,employee_id=?,order_date=? where order_id=?
Hibernate: select e1_0.emp_id,e1_0.address,e1_0.dob,e1_0.email,e1_0.full_name,e1_0.phone,e1_0.status from employee e1_0 where e1_0.emp_id=?
Hibernate: select c1_0.cust_id,c1_0.address,c1_0.email,c1_0.cust_name,c1_0.phone from customer c1_0 where c1_0.cust_id=?
Hibernate: select o1_0.order_id,c1_0.cust_id,c1_0.address,c1_0.email,c1_0.cust_name,c1_0.phone,o1_0.employee_id,e1_0.emp_id,e1_0.address,e1_0.dob,e1_0.email,e1_0.full_name,e1_0.phone,e1_0.status,o1_0.order_date,o2_0.order_id,o2_0.product_id,p1_0.product_id,p1_0.description,p1_0.manufacturer_name,p1_0.name,p1_0.status,p1_0.unit,o2_0.note,o2_0.price,o2_0.quantity from orders o1_0 left join customer c1_0 on c1_0.cust_id=o1_0.cust_id join employee e1_0 on e1_0.emp_id=o1_0.employee_id left join order_detail o2_0 on o1_0.order_id=o2_0.order_id left join product p1_0 on p1_0.product_id=o2_0.product_id where o1_0.order_id=?
Hibernate: select c1_0.cust_id,c1_0.address,c1_0.email,c1_0.cust_name,c1_0.phone from customer c1_0 where c1_0.cust_id=?
Hibernate: select e1_0.emp_id,e1_0.address,e1_0.dob,e1_0.email,e1_0.full_name,e1_0.phone,e1_0.status from employee e1_0 where e1_0.emp_id=?
Hibernate: insert into orders (cust_id,employee_id,order_date,order_id) values (?,?,?,default)
Hibernate: select p1_0.product_id,p1_0.description,p1_0.manufacturer_name,p1_0.name,p1_0.status,p1_0.unit from product p1_0 where p1_0.product_id=?
Hibernate: select o1_0.order_id,o2_0.order_id,c1_0.cust_id,c1_0.address,c1_0.email,c1_0.cust_name,c1_0.phone,o2_0.employee_id,e1_0.emp_id,e1_0.address,e1_0.dob,e1_0.email,e1_0.full_name,e1_0.phone,e1_0.status,o2_0.order_date,o1_0.product_id,p1_0.product_id,p1_0.description,p1_0.manufacturer_name,p1_0.name,p1_0.status,p1_0.unit,p2_0.product_id,p2_0.image_id,p2_0.alternative,p2_0.path,o1_0.note,o1_0.price,o1_0.quantity from order_detail o1_0 join orders o2_0 on o2_0.order_id=o1_0.order_id left join customer c1_0 on c1_0.cust_id=o2_0.cust_id left join employee e1_0 on e1_0.emp_id=o2_0.employee_id join product p1_0 on p1_0.product_id=o1_0.product_id left join product_image p2_0 on p1_0.product_id=p2_0.product_id where (o1_0.order_id,o1_0.product_id) in ((?,?))
Hibernate: select o1_0.order_id,c1_0.cust_id,c1_0.address,c1_0.email,c1_0.cust_name,c1_0.phone,o1_0.employee_id,e1_0.emp_id,e1_0.address,e1_0.dob,e1_0.email,e1_0.full_name,e1_0.phone,e1_0.status,o1_0.order_date,o2_0.order_id,o2_0.product_id,p1_0.product_id,p1_0.description,p1_0.manufacturer_name,p1_0.name,p1_0.status,p1_0.unit,o2_0.note,o2_0.price,o2_0.quantity from orders o1_0 left join customer c1_0 on c1_0.cust_id=o1_0.cust_id join employee e1_0 on e1_0.emp_id=o1_0.employee_id left join order_detail o2_0 on o1_0.order_id=o2_0.order_id left join product p1_0 on p1_0.product_id=o2_0.product_id where o1_0.order_id=?
Hibernate: select l1_0.employee_id,l1_0.order_id,c1_0.cust_id,c1_0.address,c1_0.email,c1_0.cust_name,c1_0.phone,l1_0.order_date from orders l1_0 left join customer c1_0 on c1_0.cust_id=l1_0.cust_id where l1_0.employee_id=?
Hibernate: select p1_0.product_id,p1_0.description,p1_0.manufacturer_name,p1_0.name,p1_0.status,p1_0.unit,o1_0.product_id,o1_0.order_id,o2_0.order_id,c1_0.cust_id,c1_0.address,c1_0.email,c1_0.cust_name,c1_0.phone,o2_0.employee_id,e1_0.emp_id,e1_0.address,e1_0.dob,e1_0.email,e1_0.full_name,e1_0.phone,e1_0.status,o2_0.order_date,o1_0.note,o1_0.price,o1_0.quantity from product p1_0 left join order_detail o1_0 on p1_0.product_id=o1_0.product_id left join orders o2_0 on o2_0.order_id=o1_0.order_id left join customer c1_0 on c1_0.cust_id=o2_0.cust_id left join employee e1_0 on e1_0.emp_id=o2_0.employee_id where p1_0.product_id=?
Hibernate: select p1_0.product_id,p1_0.price_date_time,p1_0.note,p1_0.price from product_price p1_0 where p1_0.product_id=?
Hibernate: select p1_0.product_id,p1_0.image_id,p1_0.alternative,p1_0.path from product_image p1_0 where p1_0.product_id=?
Hibernate: insert into order_detail (note,price,quantity,order_id,product_id) values (?,?,?,?,?)
Hibernate: update orders set cust_id=?,employee_id=?,order_date=? where order_id=?
Hibernate: select p1_0.product_id,p1_0.description,p1_0.manufacturer_name,p1_0.name,p1_0.status,p1_0.unit from product p1_0 where p1_0.product_id=?
Hibernate: select o1_0.order_id,o2_0.order_id,c1_0.cust_id,c1_0.address,c1_0.email,c1_0.cust_name,c1_0.phone,o2_0.employee_id,e1_0.emp_id,e1_0.address,e1_0.dob,e1_0.email,e1_0.full_name,e1_0.phone,e1_0.status,o2_0.order_date,o1_0.product_id,p1_0.product_id,p1_0.description,p1_0.manufacturer_name,p1_0.name,p1_0.status,p1_0.unit,p2_0.product_id,p2_0.image_id,p2_0.alternative,p2_0.path,o1_0.note,o1_0.price,o1_0.quantity from order_detail o1_0 join orders o2_0 on o2_0.order_id=o1_0.order_id left join customer c1_0 on c1_0.cust_id=o2_0.cust_id left join employee e1_0 on e1_0.emp_id=o2_0.employee_id join product p1_0 on p1_0.product_id=o1_0.product_id left join product_image p2_0 on p1_0.product_id=p2_0.product_id where (o1_0.order_id,o1_0.product_id) in ((?,?))
Hibernate: select o1_0.order_id,c1_0.cust_id,c1_0.address,c1_0.email,c1_0.cust_name,c1_0.phone,o1_0.employee_id,e1_0.emp_id,e1_0.address,e1_0.dob,e1_0.email,e1_0.full_name,e1_0.phone,e1_0.status,o1_0.order_date,o2_0.order_id,o2_0.product_id,p1_0.product_id,p1_0.description,p1_0.manufacturer_name,p1_0.name,p1_0.status,p1_0.unit,o2_0.note,o2_0.price,o2_0.quantity from orders o1_0 left join customer c1_0 on c1_0.cust_id=o1_0.cust_id join employee e1_0 on e1_0.emp_id=o1_0.employee_id left join order_detail o2_0 on o1_0.order_id=o2_0.order_id left join product p1_0 on p1_0.product_id=o2_0.product_id where o1_0.order_id=?
Hibernate: select p1_0.product_id,p1_0.price_date_time,p1_0.note,p1_0.price from product_price p1_0 where p1_0.product_id=?
Hibernate: select p1_0.product_id,p1_0.image_id,p1_0.alternative,p1_0.path from product_image p1_0 where p1_0.product_id=?
Hibernate: select o1_0.product_id,o1_0.order_id,o2_0.order_id,c1_0.cust_id,c1_0.address,c1_0.email,c1_0.cust_name,c1_0.phone,o2_0.employee_id,e1_0.emp_id,e1_0.address,e1_0.dob,e1_0.email,e1_0.full_name,e1_0.phone,e1_0.status,o2_0.order_date,o1_0.note,o1_0.price,o1_0.quantity from order_detail o1_0 join orders o2_0 on o2_0.order_id=o1_0.order_id left join customer c1_0 on c1_0.cust_id=o2_0.cust_id left join employee e1_0 on e1_0.emp_id=o2_0.employee_id where o1_0.product_id=?
Hibernate: select l1_0.employee_id,l1_0.order_id,c1_0.cust_id,c1_0.address,c1_0.email,c1_0.cust_name,c1_0.phone,l1_0.order_date from orders l1_0 left join customer c1_0 on c1_0.cust_id=l1_0.cust_id where l1_0.employee_id=?
Hibernate: select p1_0.product_id,p1_0.description,p1_0.manufacturer_name,p1_0.name,p1_0.status,p1_0.unit,o1_0.product_id,o1_0.order_id,o2_0.order_id,c1_0.cust_id,c1_0.address,c1_0.email,c1_0.cust_name,c1_0.phone,o2_0.employee_id,e1_0.emp_id,e1_0.address,e1_0.dob,e1_0.email,e1_0.full_name,e1_0.phone,e1_0.status,o2_0.order_date,o1_0.note,o1_0.price,o1_0.quantity from product p1_0 left join order_detail o1_0 on p1_0.product_id=o1_0.product_id left join orders o2_0 on o2_0.order_id=o1_0.order_id left join customer c1_0 on c1_0.cust_id=o2_0.cust_id left join employee e1_0 on e1_0.emp_id=o2_0.employee_id where p1_0.product_id=?
Hibernate: select p1_0.product_id,p1_0.price_date_time,p1_0.note,p1_0.price from product_price p1_0 where p1_0.product_id=?
Hibernate: select p1_0.product_id,p1_0.image_id,p1_0.alternative,p1_0.path from product_image p1_0 where p1_0.product_id=?
Hibernate: insert into order_detail (note,price,quantity,order_id,product_id) values (?,?,?,?,?)
Hibernate: update orders set cust_id=?,employee_id=?,order_date=? where order_id=?
Hibernate: select p1_0.product_id,p1_0.description,p1_0.manufacturer_name,p1_0.name,p1_0.status,p1_0.unit from product p1_0 where p1_0.product_id=?
Hibernate: select o1_0.order_id,o2_0.order_id,c1_0.cust_id,c1_0.address,c1_0.email,c1_0.cust_name,c1_0.phone,o2_0.employee_id,e1_0.emp_id,e1_0.address,e1_0.dob,e1_0.email,e1_0.full_name,e1_0.phone,e1_0.status,o2_0.order_date,o1_0.product_id,p1_0.product_id,p1_0.description,p1_0.manufacturer_name,p1_0.name,p1_0.status,p1_0.unit,p2_0.product_id,p2_0.image_id,p2_0.alternative,p2_0.path,o1_0.note,o1_0.price,o1_0.quantity from order_detail o1_0 join orders o2_0 on o2_0.order_id=o1_0.order_id left join customer c1_0 on c1_0.cust_id=o2_0.cust_id left join employee e1_0 on e1_0.emp_id=o2_0.employee_id join product p1_0 on p1_0.product_id=o1_0.product_id left join product_image p2_0 on p1_0.product_id=p2_0.product_id where (o1_0.order_id,o1_0.product_id) in ((?,?))
Hibernate: select o1_0.order_id,c1_0.cust_id,c1_0.address,c1_0.email,c1_0.cust_name,c1_0.phone,o1_0.employee_id,e1_0.emp_id,e1_0.address,e1_0.dob,e1_0.email,e1_0.full_name,e1_0.phone,e1_0.status,o1_0.order_date,o2_0.order_id,o2_0.product_id,p1_0.product_id,p1_0.description,p1_0.manufacturer_name,p1_0.name,p1_0.status,p1_0.unit,o2_0.note,o2_0.price,o2_0.quantity from orders o1_0 left join customer c1_0 on c1_0.cust_id=o1_0.cust_id join employee e1_0 on e1_0.emp_id=o1_0.employee_id left join order_detail o2_0 on o1_0.order_id=o2_0.order_id left join product p1_0 on p1_0.product_id=o2_0.product_id where o1_0.order_id=?
Hibernate: select p1_0.product_id,p1_0.price_date_time,p1_0.note,p1_0.price from product_price p1_0 where p1_0.product_id=?
Hibernate: select p1_0.product_id,p1_0.image_id,p1_0.alternative,p1_0.path from product_image p1_0 where p1_0.product_id=?
Hibernate: select o1_0.product_id,o1_0.order_id,o2_0.order_id,c1_0.cust_id,c1_0.address,c1_0.email,c1_0.cust_name,c1_0.phone,o2_0.employee_id,e1_0.emp_id,e1_0.address,e1_0.dob,e1_0.email,e1_0.full_name,e1_0.phone,e1_0.status,o2_0.order_date,o1_0.note,o1_0.price,o1_0.quantity from order_detail o1_0 join orders o2_0 on o2_0.order_id=o1_0.order_id left join customer c1_0 on c1_0.cust_id=o2_0.cust_id left join employee e1_0 on e1_0.emp_id=o2_0.employee_id where o1_0.product_id=?
Hibernate: select p1_0.product_id,p1_0.price_date_time,p1_0.note,p1_0.price from product_price p1_0 where p1_0.product_id=?
Hibernate: select p1_0.product_id,p1_0.image_id,p1_0.alternative,p1_0.path from product_image p1_0 where p1_0.product_id=?
Hibernate: select o1_0.product_id,o1_0.order_id,o2_0.order_id,c1_0.cust_id,c1_0.address,c1_0.email,c1_0.cust_name,c1_0.phone,o2_0.employee_id,e1_0.emp_id,e1_0.address,e1_0.dob,e1_0.email,e1_0.full_name,e1_0.phone,e1_0.status,o2_0.order_date,o1_0.note,o1_0.price,o1_0.quantity from order_detail o1_0 join orders o2_0 on o2_0.order_id=o1_0.order_id left join customer c1_0 on c1_0.cust_id=o2_0.cust_id left join employee e1_0 on e1_0.emp_id=o2_0.employee_id where o1_0.product_id=?
Hibernate: select l1_0.employee_id,l1_0.order_id,c1_0.cust_id,c1_0.address,c1_0.email,c1_0.cust_name,c1_0.phone,l1_0.order_date from orders l1_0 left join customer c1_0 on c1_0.cust_id=l1_0.cust_id where l1_0.employee_id=?
Hibernate: select p1_0.product_id,p1_0.description,p1_0.manufacturer_name,p1_0.name,p1_0.status,p1_0.unit,o1_0.product_id,o1_0.order_id,o2_0.order_id,c1_0.cust_id,c1_0.address,c1_0.email,c1_0.cust_name,c1_0.phone,o2_0.employee_id,e1_0.emp_id,e1_0.address,e1_0.dob,e1_0.email,e1_0.full_name,e1_0.phone,e1_0.status,o2_0.order_date,o1_0.note,o1_0.price,o1_0.quantity from product p1_0 left join order_detail o1_0 on p1_0.product_id=o1_0.product_id left join orders o2_0 on o2_0.order_id=o1_0.order_id left join customer c1_0 on c1_0.cust_id=o2_0.cust_id left join employee e1_0 on e1_0.emp_id=o2_0.employee_id where p1_0.product_id=?
Hibernate: select p1_0.product_id,p1_0.price_date_time,p1_0.note,p1_0.price from product_price p1_0 where p1_0.product_id=?
Hibernate: select p1_0.product_id,p1_0.image_id,p1_0.alternative,p1_0.path from product_image p1_0 where p1_0.product_id=?
Hibernate: insert into order_detail (note,price,quantity,order_id,product_id) values (?,?,?,?,?)
Hibernate: update orders set cust_id=?,employee_id=?,order_date=? where order_id=?
Hibernate: select e1_0.emp_id,e1_0.address,e1_0.dob,e1_0.email,e1_0.full_name,e1_0.phone,e1_0.status from employee e1_0 where e1_0.emp_id=?
Hibernate: select c1_0.cust_id,c1_0.address,c1_0.email,c1_0.cust_name,c1_0.phone from customer c1_0 where c1_0.cust_id=?
Hibernate: select o1_0.order_id,c1_0.cust_id,c1_0.address,c1_0.email,c1_0.cust_name,c1_0.phone,o1_0.employee_id,e1_0.emp_id,e1_0.address,e1_0.dob,e1_0.email,e1_0.full_name,e1_0.phone,e1_0.status,o1_0.order_date,o2_0.order_id,o2_0.product_id,p1_0.product_id,p1_0.description,p1_0.manufacturer_name,p1_0.name,p1_0.status,p1_0.unit,o2_0.note,o2_0.price,o2_0.quantity from orders o1_0 left join customer c1_0 on c1_0.cust_id=o1_0.cust_id join employee e1_0 on e1_0.emp_id=o1_0.employee_id left join order_detail o2_0 on o1_0.order_id=o2_0.order_id left join product p1_0 on p1_0.product_id=o2_0.product_id where o1_0.order_id=?
Hibernate: select c1_0.cust_id,c1_0.address,c1_0.email,c1_0.cust_name,c1_0.phone from customer c1_0 where c1_0.cust_id=?
Hibernate: select e1_0.emp_id,e1_0.address,e1_0.dob,e1_0.email,e1_0.full_name,e1_0.phone,e1_0.status from employee e1_0 where e1_0.emp_id=?
Hibernate: insert into orders (cust_id,employee_id,order_date,order_id) values (?,?,?,default)
Hibernate: select p1_0.product_id,p1_0.description,p1_0.manufacturer_name,p1_0.name,p1_0.status,p1_0.unit from product p1_0 where p1_0.product_id=?
Hibernate: select o1_0.order_id,o2_0.order_id,c1_0.cust_id,c1_0.address,c1_0.email,c1_0.cust_name,c1_0.phone,o2_0.employee_id,e1_0.emp_id,e1_0.address,e1_0.dob,e1_0.email,e1_0.full_name,e1_0.phone,e1_0.status,o2_0.order_date,o1_0.product_id,p1_0.product_id,p1_0.description,p1_0.manufacturer_name,p1_0.name,p1_0.status,p1_0.unit,p2_0.product_id,p2_0.image_id,p2_0.alternative,p2_0.path,o1_0.note,o1_0.price,o1_0.quantity from order_detail o1_0 join orders o2_0 on o2_0.order_id=o1_0.order_id left join customer c1_0 on c1_0.cust_id=o2_0.cust_id left join employee e1_0 on e1_0.emp_id=o2_0.employee_id join product p1_0 on p1_0.product_id=o1_0.product_id left join product_image p2_0 on p1_0.product_id=p2_0.product_id where (o1_0.order_id,o1_0.product_id) in ((?,?))
Hibernate: select o1_0.order_id,c1_0.cust_id,c1_0.address,c1_0.email,c1_0.cust_name,c1_0.phone,o1_0.employee_id,e1_0.emp_id,e1_0.address,e1_0.dob,e1_0.email,e1_0.full_name,e1_0.phone,e1_0.status,o1_0.order_date,o2_0.order_id,o2_0.product_id,p1_0.product_id,p1_0.description,p1_0.manufacturer_name,p1_0.name,p1_0.status,p1_0.unit,o2_0.note,o2_0.price,o2_0.quantity from orders o1_0 left join customer c1_0 on c1_0.cust_id=o1_0.cust_id join employee e1_0 on e1_0.emp_id=o1_0.employee_id left join order_detail o2_0 on o1_0.order_id=o2_0.order_id left join product p1_0 on p1_0.product_id=o2_0.product_id where o1_0.order_id=?
Hibernate: select l1_0.employee_id,l1_0.order_id,c1_0.cust_id,c1_0.address,c1_0.email,c1_0.cust_name,c1_0.phone,l1_0.order_date from orders l1_0 left join customer c1_0 on c1_0.cust_id=l1_0.cust_id where l1_0.employee_id=?
Hibernate: select p1_0.product_id,p1_0.description,p1_0.manufacturer_name,p1_0.name,p1_0.status,p1_0.unit,o1_0.product_id,o1_0.order_id,o2_0.order_id,c1_0.cust_id,c1_0.address,c1_0.email,c1_0.cust_name,c1_0.phone,o2_0.employee_id,e1_0.emp_id,e1_0.address,e1_0.dob,e1_0.email,e1_0.full_name,e1_0.phone,e1_0.status,o2_0.order_date,o1_0.note,o1_0.price,o1_0.quantity from product p1_0 left join order_detail o1_0 on p1_0.product_id=o1_0.product_id left join orders o2_0 on o2_0.order_id=o1_0.order_id left join customer c1_0 on c1_0.cust_id=o2_0.cust_id left join employee e1_0 on e1_0.emp_id=o2_0.employee_id where p1_0.product_id=?
Hibernate: select p1_0.product_id,p1_0.price_date_time,p1_0.note,p1_0.price from product_price p1_0 where p1_0.product_id=?
Hibernate: select p1_0.product_id,p1_0.image_id,p1_0.alternative,p1_0.path from product_image p1_0 where p1_0.product_id=?
Hibernate: insert into order_detail (note,price,quantity,order_id,product_id) values (?,?,?,?,?)
Hibernate: select p1_0.product_id,p1_0.description,p1_0.manufacturer_name,p1_0.name,p1_0.status,p1_0.unit from product p1_0 where p1_0.product_id=?
Hibernate: select o1_0.order_id,o2_0.order_id,c1_0.cust_id,c1_0.address,c1_0.email,c1_0.cust_name,c1_0.phone,o2_0.employee_id,e1_0.emp_id,e1_0.address,e1_0.dob,e1_0.email,e1_0.full_name,e1_0.phone,e1_0.status,o2_0.order_date,o1_0.product_id,p1_0.product_id,p1_0.description,p1_0.manufacturer_name,p1_0.name,p1_0.status,p1_0.unit,p2_0.product_id,p2_0.image_id,p2_0.alternative,p2_0.path,o1_0.note,o1_0.price,o1_0.quantity from order_detail o1_0 join orders o2_0 on o2_0.order_id=o1_0.order_id left join customer c1_0 on c1_0.cust_id=o2_0.cust_id left join employee e1_0 on e1_0.emp_id=o2_0.employee_id join product p1_0 on p1_0.product_id=o1_0.product_id left join product_image p2_0 on p1_0.product_id=p2_0.product_id where (o1_0.order_id,o1_0.product_id) in ((?,?))
Hibernate: select o1_0.order_id,c1_0.cust_id,c1_0.address,c1_0.email,c1_0.cust_name,c1_0.phone,o1_0.employee_id,e1_0.emp_id,e1_0.address,e1_0.dob,e1_0.email,e1_0.full_name,e1_0.phone,e1_0.status,o1_0.order_date,o2_0.order_id,o2_0.product_id,p1_0.product_id,p1_0.description,p1_0.manufacturer_name,p1_0.name,p1_0.status,p1_0.unit,o2_0.note,o2_0.price,o2_0.quantity from orders o1_0 left join customer c1_0 on c1_0.cust_id=o1_0.cust_id join employee e1_0 on e1_0.emp_id=o1_0.employee_id left join order_detail o2_0 on o1_0.order_id=o2_0.order_id left join product p1_0 on p1_0.product_id=o2_0.product_id where o1_0.order_id=?
Hibernate: select p1_0.product_id,p1_0.price_date_time,p1_0.note,p1_0.price from product_price p1_0 where p1_0.product_id=?
Hibernate: select p1_0.product_id,p1_0.image_id,p1_0.alternative,p1_0.path from product_image p1_0 where p1_0.product_id=?
Hibernate: select o1_0.product_id,o1_0.order_id,o2_0.order_id,c1_0.cust_id,c1_0.address,c1_0.email,c1_0.cust_name,c1_0.phone,o2_0.employee_id,e1_0.emp_id,e1_0.address,e1_0.dob,e1_0.email,e1_0.full_name,e1_0.phone,e1_0.status,o2_0.order_date,o1_0.note,o1_0.price,o1_0.quantity from order_detail o1_0 join orders o2_0 on o2_0.order_id=o1_0.order_id left join customer c1_0 on c1_0.cust_id=o2_0.cust_id left join employee e1_0 on e1_0.emp_id=o2_0.employee_id where o1_0.product_id=?
Hibernate: select l1_0.employee_id,l1_0.order_id,c1_0.cust_id,c1_0.address,c1_0.email,c1_0.cust_name,c1_0.phone,l1_0.order_date from orders l1_0 left join customer c1_0 on c1_0.cust_id=l1_0.cust_id where l1_0.employee_id=?
Hibernate: select p1_0.product_id,p1_0.description,p1_0.manufacturer_name,p1_0.name,p1_0.status,p1_0.unit,o1_0.product_id,o1_0.order_id,o2_0.order_id,c1_0.cust_id,c1_0.address,c1_0.email,c1_0.cust_name,c1_0.phone,o2_0.employee_id,e1_0.emp_id,e1_0.address,e1_0.dob,e1_0.email,e1_0.full_name,e1_0.phone,e1_0.status,o2_0.order_date,o1_0.note,o1_0.price,o1_0.quantity from product p1_0 left join order_detail o1_0 on p1_0.product_id=o1_0.product_id left join orders o2_0 on o2_0.order_id=o1_0.order_id left join customer c1_0 on c1_0.cust_id=o2_0.cust_id left join employee e1_0 on e1_0.emp_id=o2_0.employee_id where p1_0.product_id=?
Hibernate: select p1_0.product_id,p1_0.price_date_time,p1_0.note,p1_0.price from product_price p1_0 where p1_0.product_id=?
Hibernate: select p1_0.product_id,p1_0.image_id,p1_0.alternative,p1_0.path from product_image p1_0 where p1_0.product_id=?
Hibernate: insert into order_detail (note,price,quantity,order_id,product_id) values (?,?,?,?,?)
Hibernate: select p1_0.product_id,p1_0.description,p1_0.manufacturer_name,p1_0.name,p1_0.status,p1_0.unit from product p1_0 where p1_0.product_id=?
Hibernate: select o1_0.order_id,o2_0.order_id,c1_0.cust_id,c1_0.address,c1_0.email,c1_0.cust_name,c1_0.phone,o2_0.employee_id,e1_0.emp_id,e1_0.address,e1_0.dob,e1_0.email,e1_0.full_name,e1_0.phone,e1_0.status,o2_0.order_date,o1_0.product_id,p1_0.product_id,p1_0.description,p1_0.manufacturer_name,p1_0.name,p1_0.status,p1_0.unit,p2_0.product_id,p2_0.image_id,p2_0.alternative,p2_0.path,o1_0.note,o1_0.price,o1_0.quantity from order_detail o1_0 join orders o2_0 on o2_0.order_id=o1_0.order_id left join customer c1_0 on c1_0.cust_id=o2_0.cust_id left join employee e1_0 on e1_0.emp_id=o2_0.employee_id join product p1_0 on p1_0.product_id=o1_0.product_id left join product_image p2_0 on p1_0.product_id=p2_0.product_id where (o1_0.order_id,o1_0.product_id) in ((?,?))
Hibernate: select o1_0.order_id,c1_0.cust_id,c1_0.address,c1_0.email,c1_0.cust_name,c1_0.phone,o1_0.employee_id,e1_0.emp_id,e1_0.address,e1_0.dob,e1_0.email,e1_0.full_name,e1_0.phone,e1_0.status,o1_0.order_date,o2_0.order_id,o2_0.product_id,p1_0.product_id,p1_0.description,p1_0.manufacturer_name,p1_0.name,p1_0.status,p1_0.unit,o2_0.note,o2_0.price,o2_0.quantity from orders o1_0 left join customer c1_0 on c1_0.cust_id=o1_0.cust_id join employee e1_0 on e1_0.emp_id=o1_0.employee_id left join order_detail o2_0 on o1_0.order_id=o2_0.order_id left join product p1_0 on p1_0.product_id=o2_0.product_id where o1_0.order_id=?
Hibernate: select p1_0.product_id,p1_0.price_date_time,p1_0.note,p1_0.price from product_price p1_0 where p1_0.product_id=?
Hibernate: select p1_0.product_id,p1_0.image_id,p1_0.alternative,p1_0.path from product_image p1_0 where p1_0.product_id=?
Hibernate: select o1_0.product_id,o1_0.order_id,o2_0.order_id,c1_0.cust_id,c1_0.address,c1_0.email,c1_0.cust_name,c1_0.phone,o2_0.employee_id,e1_0.emp_id,e1_0.address,e1_0.dob,e1_0.email,e1_0.full_name,e1_0.phone,e1_0.status,o2_0.order_date,o1_0.note,o1_0.price,o1_0.quantity from order_detail o1_0 join orders o2_0 on o2_0.order_id=o1_0.order_id left join customer c1_0 on c1_0.cust_id=o2_0.cust_id left join employee e1_0 on e1_0.emp_id=o2_0.employee_id where o1_0.product_id=?
Hibernate: select p1_0.product_id,p1_0.price_date_time,p1_0.note,p1_0.price from product_price p1_0 where p1_0.product_id=?
Hibernate: select p1_0.product_id,p1_0.image_id,p1_0.alternative,p1_0.path from product_image p1_0 where p1_0.product_id=?
Hibernate: select o1_0.product_id,o1_0.order_id,o2_0.order_id,c1_0.cust_id,c1_0.address,c1_0.email,c1_0.cust_name,c1_0.phone,o2_0.employee_id,e1_0.emp_id,e1_0.address,e1_0.dob,e1_0.email,e1_0.full_name,e1_0.phone,e1_0.status,o2_0.order_date,o1_0.note,o1_0.price,o1_0.quantity from order_detail o1_0 join orders o2_0 on o2_0.order_id=o1_0.order_id left join customer c1_0 on c1_0.cust_id=o2_0.cust_id left join employee e1_0 on e1_0.emp_id=o2_0.employee_id where o1_0.product_id=?
Hibernate: select l1_0.employee_id,l1_0.order_id,c1_0.cust_id,c1_0.address,c1_0.email,c1_0.cust_name,c1_0.phone,l1_0.order_date from orders l1_0 left join customer c1_0 on c1_0.cust_id=l1_0.cust_id where l1_0.employee_id=?
Hibernate: select p1_0.product_id,p1_0.description,p1_0.manufacturer_name,p1_0.name,p1_0.status,p1_0.unit,o1_0.product_id,o1_0.order_id,o2_0.order_id,c1_0.cust_id,c1_0.address,c1_0.email,c1_0.cust_name,c1_0.phone,o2_0.employee_id,e1_0.emp_id,e1_0.address,e1_0.dob,e1_0.email,e1_0.full_name,e1_0.phone,e1_0.status,o2_0.order_date,o1_0.note,o1_0.price,o1_0.quantity from product p1_0 left join order_detail o1_0 on p1_0.product_id=o1_0.product_id left join orders o2_0 on o2_0.order_id=o1_0.order_id left join customer c1_0 on c1_0.cust_id=o2_0.cust_id left join employee e1_0 on e1_0.emp_id=o2_0.employee_id where p1_0.product_id=?
Hibernate: select p1_0.product_id,p1_0.price_date_time,p1_0.note,p1_0.price from product_price p1_0 where p1_0.product_id=?
Hibernate: select p1_0.product_id,p1_0.image_id,p1_0.alternative,p1_0.path from product_image p1_0 where p1_0.product_id=?
Hibernate: insert into order_detail (note,price,quantity,order_id,product_id) values (?,?,?,?,?)
Hibernate: select e1_0.emp_id,e1_0.address,e1_0.dob,e1_0.email,e1_0.full_name,e1_0.phone,e1_0.status from employee e1_0 where e1_0.emp_id=?
Hibernate: select c1_0.cust_id,c1_0.address,c1_0.email,c1_0.cust_name,c1_0.phone from customer c1_0 where c1_0.cust_id=?
Hibernate: select o1_0.order_id,c1_0.cust_id,c1_0.address,c1_0.email,c1_0.cust_name,c1_0.phone,o1_0.employee_id,e1_0.emp_id,e1_0.address,e1_0.dob,e1_0.email,e1_0.full_name,e1_0.phone,e1_0.status,o1_0.order_date,o2_0.order_id,o2_0.product_id,p1_0.product_id,p1_0.description,p1_0.manufacturer_name,p1_0.name,p1_0.status,p1_0.unit,o2_0.note,o2_0.price,o2_0.quantity from orders o1_0 left join customer c1_0 on c1_0.cust_id=o1_0.cust_id join employee e1_0 on e1_0.emp_id=o1_0.employee_id left join order_detail o2_0 on o1_0.order_id=o2_0.order_id left join product p1_0 on p1_0.product_id=o2_0.product_id where o1_0.order_id=?
Hibernate: select c1_0.cust_id,c1_0.address,c1_0.email,c1_0.cust_name,c1_0.phone from customer c1_0 where c1_0.cust_id=?
Hibernate: select e1_0.emp_id,e1_0.address,e1_0.dob,e1_0.email,e1_0.full_name,e1_0.phone,e1_0.status from employee e1_0 where e1_0.emp_id=?
Hibernate: insert into orders (cust_id,employee_id,order_date,order_id) values (?,?,?,default)
Hibernate: select p1_0.product_id,p1_0.description,p1_0.manufacturer_name,p1_0.name,p1_0.status,p1_0.unit from product p1_0 where p1_0.product_id=?
Hibernate: select o1_0.order_id,o2_0.order_id,c1_0.cust_id,c1_0.address,c1_0.email,c1_0.cust_name,c1_0.phone,o2_0.employee_id,e1_0.emp_id,e1_0.address,e1_0.dob,e1_0.email,e1_0.full_name,e1_0.phone,e1_0.status,o2_0.order_date,o1_0.product_id,p1_0.product_id,p1_0.description,p1_0.manufacturer_name,p1_0.name,p1_0.status,p1_0.unit,p2_0.product_id,p2_0.image_id,p2_0.alternative,p2_0.path,o1_0.note,o1_0.price,o1_0.quantity from order_detail o1_0 join orders o2_0 on o2_0.order_id=o1_0.order_id left join customer c1_0 on c1_0.cust_id=o2_0.cust_id left join employee e1_0 on e1_0.emp_id=o2_0.employee_id join product p1_0 on p1_0.product_id=o1_0.product_id left join product_image p2_0 on p1_0.product_id=p2_0.product_id where (o1_0.order_id,o1_0.product_id) in ((?,?))
Hibernate: select o1_0.order_id,c1_0.cust_id,c1_0.address,c1_0.email,c1_0.cust_name,c1_0.phone,o1_0.employee_id,e1_0.emp_id,e1_0.address,e1_0.dob,e1_0.email,e1_0.full_name,e1_0.phone,e1_0.status,o1_0.order_date,o2_0.order_id,o2_0.product_id,p1_0.product_id,p1_0.description,p1_0.manufacturer_name,p1_0.name,p1_0.status,p1_0.unit,o2_0.note,o2_0.price,o2_0.quantity from orders o1_0 left join customer c1_0 on c1_0.cust_id=o1_0.cust_id join employee e1_0 on e1_0.emp_id=o1_0.employee_id left join order_detail o2_0 on o1_0.order_id=o2_0.order_id left join product p1_0 on p1_0.product_id=o2_0.product_id where o1_0.order_id=?
Hibernate: select l1_0.employee_id,l1_0.order_id,c1_0.cust_id,c1_0.address,c1_0.email,c1_0.cust_name,c1_0.phone,l1_0.order_date from orders l1_0 left join customer c1_0 on c1_0.cust_id=l1_0.cust_id where l1_0.employee_id=?
Hibernate: select p1_0.product_id,p1_0.description,p1_0.manufacturer_name,p1_0.name,p1_0.status,p1_0.unit,o1_0.product_id,o1_0.order_id,o2_0.order_id,c1_0.cust_id,c1_0.address,c1_0.email,c1_0.cust_name,c1_0.phone,o2_0.employee_id,e1_0.emp_id,e1_0.address,e1_0.dob,e1_0.email,e1_0.full_name,e1_0.phone,e1_0.status,o2_0.order_date,o1_0.note,o1_0.price,o1_0.quantity from product p1_0 left join order_detail o1_0 on p1_0.product_id=o1_0.product_id left join orders o2_0 on o2_0.order_id=o1_0.order_id left join customer c1_0 on c1_0.cust_id=o2_0.cust_id left join employee e1_0 on e1_0.emp_id=o2_0.employee_id where p1_0.product_id=?
Hibernate: select p1_0.product_id,p1_0.price_date_time,p1_0.note,p1_0.price from product_price p1_0 where p1_0.product_id=?
Hibernate: select p1_0.product_id,p1_0.image_id,p1_0.alternative,p1_0.path from product_image p1_0 where p1_0.product_id=?
Hibernate: insert into order_detail (note,price,quantity,order_id,product_id) values (?,?,?,?,?)
Hibernate: update orders set cust_id=?,employee_id=?,order_date=? where order_id=?
Hibernate: select p1_0.product_id,p1_0.description,p1_0.manufacturer_name,p1_0.name,p1_0.status,p1_0.unit from product p1_0 where p1_0.product_id=?
Hibernate: select o1_0.order_id,o2_0.order_id,c1_0.cust_id,c1_0.address,c1_0.email,c1_0.cust_name,c1_0.phone,o2_0.employee_id,e1_0.emp_id,e1_0.address,e1_0.dob,e1_0.email,e1_0.full_name,e1_0.phone,e1_0.status,o2_0.order_date,o1_0.product_id,p1_0.product_id,p1_0.description,p1_0.manufacturer_name,p1_0.name,p1_0.status,p1_0.unit,p2_0.product_id,p2_0.image_id,p2_0.alternative,p2_0.path,o1_0.note,o1_0.price,o1_0.quantity from order_detail o1_0 join orders o2_0 on o2_0.order_id=o1_0.order_id left join customer c1_0 on c1_0.cust_id=o2_0.cust_id left join employee e1_0 on e1_0.emp_id=o2_0.employee_id join product p1_0 on p1_0.product_id=o1_0.product_id left join product_image p2_0 on p1_0.product_id=p2_0.product_id where (o1_0.order_id,o1_0.product_id) in ((?,?))
Hibernate: select o1_0.order_id,c1_0.cust_id,c1_0.address,c1_0.email,c1_0.cust_name,c1_0.phone,o1_0.employee_id,e1_0.emp_id,e1_0.address,e1_0.dob,e1_0.email,e1_0.full_name,e1_0.phone,e1_0.status,o1_0.order_date,o2_0.order_id,o2_0.product_id,p1_0.product_id,p1_0.description,p1_0.manufacturer_name,p1_0.name,p1_0.status,p1_0.unit,o2_0.note,o2_0.price,o2_0.quantity from orders o1_0 left join customer c1_0 on c1_0.cust_id=o1_0.cust_id join employee e1_0 on e1_0.emp_id=o1_0.employee_id left join order_detail o2_0 on o1_0.order_id=o2_0.order_id left join product p1_0 on p1_0.product_id=o2_0.product_id where o1_0.order_id=?
Hibernate: select p1_0.product_id,p1_0.price_date_time,p1_0.note,p1_0.price from product_price p1_0 where p1_0.product_id=?
Hibernate: select p1_0.product_id,p1_0.image_id,p1_0.alternative,p1_0.path from product_image p1_0 where p1_0.product_id=?
Hibernate: select o1_0.product_id,o1_0.order_id,o2_0.order_id,c1_0.cust_id,c1_0.address,c1_0.email,c1_0.cust_name,c1_0.phone,o2_0.employee_id,e1_0.emp_id,e1_0.address,e1_0.dob,e1_0.email,e1_0.full_name,e1_0.phone,e1_0.status,o2_0.order_date,o1_0.note,o1_0.price,o1_0.quantity from order_detail o1_0 join orders o2_0 on o2_0.order_id=o1_0.order_id left join customer c1_0 on c1_0.cust_id=o2_0.cust_id left join employee e1_0 on e1_0.emp_id=o2_0.employee_id where o1_0.product_id=?
Hibernate: select l1_0.employee_id,l1_0.order_id,c1_0.cust_id,c1_0.address,c1_0.email,c1_0.cust_name,c1_0.phone,l1_0.order_date from orders l1_0 left join customer c1_0 on c1_0.cust_id=l1_0.cust_id where l1_0.employee_id=?
Hibernate: select p1_0.product_id,p1_0.description,p1_0.manufacturer_name,p1_0.name,p1_0.status,p1_0.unit,o1_0.product_id,o1_0.order_id,o2_0.order_id,c1_0.cust_id,c1_0.address,c1_0.email,c1_0.cust_name,c1_0.phone,o2_0.employee_id,e1_0.emp_id,e1_0.address,e1_0.dob,e1_0.email,e1_0.full_name,e1_0.phone,e1_0.status,o2_0.order_date,o1_0.note,o1_0.price,o1_0.quantity from product p1_0 left join order_detail o1_0 on p1_0.product_id=o1_0.product_id left join orders o2_0 on o2_0.order_id=o1_0.order_id left join customer c1_0 on c1_0.cust_id=o2_0.cust_id left join employee e1_0 on e1_0.emp_id=o2_0.employee_id where p1_0.product_id=?
Hibernate: select o1_0.order_id,o1_0.product_id,p1_0.product_id,p1_0.description,p1_0.manufacturer_name,p1_0.name,p1_0.status,p1_0.unit,o1_0.note,o1_0.price,o1_0.quantity from order_detail o1_0 join product p1_0 on p1_0.product_id=o1_0.product_id where o1_0.order_id=?
Hibernate: select l1_0.employee_id,l1_0.order_id,c1_0.cust_id,c1_0.address,c1_0.email,c1_0.cust_name,c1_0.phone,l1_0.order_date from orders l1_0 left join customer c1_0 on c1_0.cust_id=l1_0.cust_id where l1_0.employee_id=?
Hibernate: select p1_0.product_id,p1_0.price_date_time,p1_0.note,p1_0.price from product_price p1_0 where p1_0.product_id=?
Hibernate: select p1_0.product_id,p1_0.image_id,p1_0.alternative,p1_0.path from product_image p1_0 where p1_0.product_id=?
Hibernate: select o1_0.order_id,o1_0.product_id,p1_0.product_id,p1_0.description,p1_0.manufacturer_name,p1_0.name,p1_0.status,p1_0.unit,o1_0.note,o1_0.price,o1_0.quantity from order_detail o1_0 join product p1_0 on p1_0.product_id=o1_0.product_id where o1_0.order_id=?
Hibernate: select l1_0.employee_id,l1_0.order_id,c1_0.cust_id,c1_0.address,c1_0.email,c1_0.cust_name,c1_0.phone,l1_0.order_date from orders l1_0 left join customer c1_0 on c1_0.cust_id=l1_0.cust_id where l1_0.employee_id=?
Hibernate: insert into order_detail (note,price,quantity,order_id,product_id) values (?,?,?,?,?)
Hibernate: update orders set cust_id=?,employee_id=?,order_date=? where order_id=?
Hibernate: select p1_0.product_id,p1_0.description,p1_0.manufacturer_name,p1_0.name,p1_0.status,p1_0.unit from product p1_0 where p1_0.product_id=?
Hibernate: select o1_0.order_id,o2_0.order_id,c1_0.cust_id,c1_0.address,c1_0.email,c1_0.cust_name,c1_0.phone,o2_0.employee_id,e1_0.emp_id,e1_0.address,e1_0.dob,e1_0.email,e1_0.full_name,e1_0.phone,e1_0.status,o2_0.order_date,o1_0.product_id,p1_0.product_id,p1_0.description,p1_0.manufacturer_name,p1_0.name,p1_0.status,p1_0.unit,p2_0.product_id,p2_0.image_id,p2_0.alternative,p2_0.path,o1_0.note,o1_0.price,o1_0.quantity from order_detail o1_0 join orders o2_0 on o2_0.order_id=o1_0.order_id left join customer c1_0 on c1_0.cust_id=o2_0.cust_id left join employee e1_0 on e1_0.emp_id=o2_0.employee_id join product p1_0 on p1_0.product_id=o1_0.product_id left join product_image p2_0 on p1_0.product_id=p2_0.product_id where (o1_0.order_id,o1_0.product_id) in ((?,?))
Hibernate: select o1_0.order_id,c1_0.cust_id,c1_0.address,c1_0.email,c1_0.cust_name,c1_0.phone,o1_0.employee_id,e1_0.emp_id,e1_0.address,e1_0.dob,e1_0.email,e1_0.full_name,e1_0.phone,e1_0.status,o1_0.order_date,o2_0.order_id,o2_0.product_id,p1_0.product_id,p1_0.description,p1_0.manufacturer_name,p1_0.name,p1_0.status,p1_0.unit,o2_0.note,o2_0.price,o2_0.quantity from orders o1_0 left join customer c1_0 on c1_0.cust_id=o1_0.cust_id join employee e1_0 on e1_0.emp_id=o1_0.employee_id left join order_detail o2_0 on o1_0.order_id=o2_0.order_id left join product p1_0 on p1_0.product_id=o2_0.product_id where o1_0.order_id=?
Hibernate: select p1_0.product_id,p1_0.price_date_time,p1_0.note,p1_0.price from product_price p1_0 where p1_0.product_id=?
Hibernate: select p1_0.product_id,p1_0.image_id,p1_0.alternative,p1_0.path from product_image p1_0 where p1_0.product_id=?
Hibernate: select o1_0.product_id,o1_0.order_id,o2_0.order_id,c1_0.cust_id,c1_0.address,c1_0.email,c1_0.cust_name,c1_0.phone,o2_0.employee_id,e1_0.emp_id,e1_0.address,e1_0.dob,e1_0.email,e1_0.full_name,e1_0.phone,e1_0.status,o2_0.order_date,o1_0.note,o1_0.price,o1_0.quantity from order_detail o1_0 join orders o2_0 on o2_0.order_id=o1_0.order_id left join customer c1_0 on c1_0.cust_id=o2_0.cust_id left join employee e1_0 on e1_0.emp_id=o2_0.employee_id where o1_0.product_id=?
Hibernate: select p1_0.product_id,p1_0.price_date_time,p1_0.note,p1_0.price from product_price p1_0 where p1_0.product_id=?
Hibernate: select p1_0.product_id,p1_0.image_id,p1_0.alternative,p1_0.path from product_image p1_0 where p1_0.product_id=?
Hibernate: select o1_0.product_id,o1_0.order_id,o2_0.order_id,c1_0.cust_id,c1_0.address,c1_0.email,c1_0.cust_name,c1_0.phone,o2_0.employee_id,e1_0.emp_id,e1_0.address,e1_0.dob,e1_0.email,e1_0.full_name,e1_0.phone,e1_0.status,o2_0.order_date,o1_0.note,o1_0.price,o1_0.quantity from order_detail o1_0 join orders o2_0 on o2_0.order_id=o1_0.order_id left join customer c1_0 on c1_0.cust_id=o2_0.cust_id left join employee e1_0 on e1_0.emp_id=o2_0.employee_id where o1_0.product_id=?
Hibernate: select l1_0.employee_id,l1_0.order_id,c1_0.cust_id,c1_0.address,c1_0.email,c1_0.cust_name,c1_0.phone,l1_0.order_date from orders l1_0 left join customer c1_0 on c1_0.cust_id=l1_0.cust_id where l1_0.employee_id=?
Hibernate: select p1_0.product_id,p1_0.description,p1_0.manufacturer_name,p1_0.name,p1_0.status,p1_0.unit,o1_0.product_id,o1_0.order_id,o2_0.order_id,c1_0.cust_id,c1_0.address,c1_0.email,c1_0.cust_name,c1_0.phone,o2_0.employee_id,e1_0.emp_id,e1_0.address,e1_0.dob,e1_0.email,e1_0.full_name,e1_0.phone,e1_0.status,o2_0.order_date,o1_0.note,o1_0.price,o1_0.quantity from product p1_0 left join order_detail o1_0 on p1_0.product_id=o1_0.product_id left join orders o2_0 on o2_0.order_id=o1_0.order_id left join customer c1_0 on c1_0.cust_id=o2_0.cust_id left join employee e1_0 on e1_0.emp_id=o2_0.employee_id where p1_0.product_id=?
Hibernate: select p1_0.product_id,p1_0.price_date_time,p1_0.note,p1_0.price from product_price p1_0 where p1_0.product_id=?
Hibernate: select p1_0.product_id,p1_0.image_id,p1_0.alternative,p1_0.path from product_image p1_0 where p1_0.product_id=?
Hibernate: select o1_0.order_id,o1_0.product_id,p1_0.product_id,p1_0.description,p1_0.manufacturer_name,p1_0.name,p1_0.status,p1_0.unit,o1_0.note,o1_0.price,o1_0.quantity from order_detail o1_0 join product p1_0 on p1_0.product_id=o1_0.product_id where o1_0.order_id=?
Hibernate: select l1_0.employee_id,l1_0.order_id,c1_0.cust_id,c1_0.address,c1_0.email,c1_0.cust_name,c1_0.phone,l1_0.order_date from orders l1_0 left join customer c1_0 on c1_0.cust_id=l1_0.cust_id where l1_0.employee_id=?
Hibernate: insert into order_detail (note,price,quantity,order_id,product_id) values (?,?,?,?,?)
Hibernate: update orders set cust_id=?,employee_id=?,order_date=? where order_id=?
Hibernate: select e1_0.emp_id,e1_0.address,e1_0.dob,e1_0.email,e1_0.full_name,e1_0.phone,e1_0.status from employee e1_0 where e1_0.emp_id=?
Hibernate: select c1_0.cust_id,c1_0.address,c1_0.email,c1_0.cust_name,c1_0.phone from customer c1_0 where c1_0.cust_id=?
Hibernate: select o1_0.order_id,c1_0.cust_id,c1_0.address,c1_0.email,c1_0.cust_name,c1_0.phone,o1_0.employee_id,e1_0.emp_id,e1_0.address,e1_0.dob,e1_0.email,e1_0.full_name,e1_0.phone,e1_0.status,o1_0.order_date,o2_0.order_id,o2_0.product_id,p1_0.product_id,p1_0.description,p1_0.manufacturer_name,p1_0.name,p1_0.status,p1_0.unit,o2_0.note,o2_0.price,o2_0.quantity from orders o1_0 left join customer c1_0 on c1_0.cust_id=o1_0.cust_id join employee e1_0 on e1_0.emp_id=o1_0.employee_id left join order_detail o2_0 on o1_0.order_id=o2_0.order_id left join product p1_0 on p1_0.product_id=o2_0.product_id where o1_0.order_id=?
Hibernate: select c1_0.cust_id,c1_0.address,c1_0.email,c1_0.cust_name,c1_0.phone from customer c1_0 where c1_0.cust_id=?
Hibernate: select e1_0.emp_id,e1_0.address,e1_0.dob,e1_0.email,e1_0.full_name,e1_0.phone,e1_0.status from employee e1_0 where e1_0.emp_id=?
Hibernate: insert into orders (cust_id,employee_id,order_date,order_id) values (?,?,?,default)
Hibernate: select p1_0.product_id,p1_0.description,p1_0.manufacturer_name,p1_0.name,p1_0.status,p1_0.unit from product p1_0 where p1_0.product_id=?
Hibernate: select o1_0.order_id,o2_0.order_id,c1_0.cust_id,c1_0.address,c1_0.email,c1_0.cust_name,c1_0.phone,o2_0.employee_id,e1_0.emp_id,e1_0.address,e1_0.dob,e1_0.email,e1_0.full_name,e1_0.phone,e1_0.status,o2_0.order_date,o1_0.product_id,p1_0.product_id,p1_0.description,p1_0.manufacturer_name,p1_0.name,p1_0.status,p1_0.unit,p2_0.product_id,p2_0.image_id,p2_0.alternative,p2_0.path,o1_0.note,o1_0.price,o1_0.quantity from order_detail o1_0 join orders o2_0 on o2_0.order_id=o1_0.order_id left join customer c1_0 on c1_0.cust_id=o2_0.cust_id left join employee e1_0 on e1_0.emp_id=o2_0.employee_id join product p1_0 on p1_0.product_id=o1_0.product_id left join product_image p2_0 on p1_0.product_id=p2_0.product_id where (o1_0.order_id,o1_0.product_id) in ((?,?))
Hibernate: select o1_0.order_id,c1_0.cust_id,c1_0.address,c1_0.email,c1_0.cust_name,c1_0.phone,o1_0.employee_id,e1_0.emp_id,e1_0.address,e1_0.dob,e1_0.email,e1_0.full_name,e1_0.phone,e1_0.status,o1_0.order_date,o2_0.order_id,o2_0.product_id,p1_0.product_id,p1_0.description,p1_0.manufacturer_name,p1_0.name,p1_0.status,p1_0.unit,o2_0.note,o2_0.price,o2_0.quantity from orders o1_0 left join customer c1_0 on c1_0.cust_id=o1_0.cust_id join employee e1_0 on e1_0.emp_id=o1_0.employee_id left join order_detail o2_0 on o1_0.order_id=o2_0.order_id left join product p1_0 on p1_0.product_id=o2_0.product_id where o1_0.order_id=?
Hibernate: select l1_0.employee_id,l1_0.order_id,c1_0.cust_id,c1_0.address,c1_0.email,c1_0.cust_name,c1_0.phone,l1_0.order_date from orders l1_0 left join customer c1_0 on c1_0.cust_id=l1_0.cust_id where l1_0.employee_id=?
Hibernate: select p1_0.product_id,p1_0.description,p1_0.manufacturer_name,p1_0.name,p1_0.status,p1_0.unit,o1_0.product_id,o1_0.order_id,o2_0.order_id,c1_0.cust_id,c1_0.address,c1_0.email,c1_0.cust_name,c1_0.phone,o2_0.employee_id,e1_0.emp_id,e1_0.address,e1_0.dob,e1_0.email,e1_0.full_name,e1_0.phone,e1_0.status,o2_0.order_date,o1_0.note,o1_0.price,o1_0.quantity from product p1_0 left join order_detail o1_0 on p1_0.product_id=o1_0.product_id left join orders o2_0 on o2_0.order_id=o1_0.order_id left join customer c1_0 on c1_0.cust_id=o2_0.cust_id left join employee e1_0 on e1_0.emp_id=o2_0.employee_id where p1_0.product_id=?
Hibernate: select p1_0.product_id,p1_0.price_date_time,p1_0.note,p1_0.price from product_price p1_0 where p1_0.product_id=?
Hibernate: select p1_0.product_id,p1_0.image_id,p1_0.alternative,p1_0.path from product_image p1_0 where p1_0.product_id=?
Hibernate: insert into order_detail (note,price,quantity,order_id,product_id) values (?,?,?,?,?)
Hibernate: update orders set cust_id=?,employee_id=?,order_date=? where order_id=?
Hibernate: select p1_0.product_id,p1_0.description,p1_0.manufacturer_name,p1_0.name,p1_0.status,p1_0.unit from product p1_0 where p1_0.product_id=?
Hibernate: select o1_0.order_id,o2_0.order_id,c1_0.cust_id,c1_0.address,c1_0.email,c1_0.cust_name,c1_0.phone,o2_0.employee_id,e1_0.emp_id,e1_0.address,e1_0.dob,e1_0.email,e1_0.full_name,e1_0.phone,e1_0.status,o2_0.order_date,o1_0.product_id,p1_0.product_id,p1_0.description,p1_0.manufacturer_name,p1_0.name,p1_0.status,p1_0.unit,p2_0.product_id,p2_0.image_id,p2_0.alternative,p2_0.path,o1_0.note,o1_0.price,o1_0.quantity from order_detail o1_0 join orders o2_0 on o2_0.order_id=o1_0.order_id left join customer c1_0 on c1_0.cust_id=o2_0.cust_id left join employee e1_0 on e1_0.emp_id=o2_0.employee_id join product p1_0 on p1_0.product_id=o1_0.product_id left join product_image p2_0 on p1_0.product_id=p2_0.product_id where (o1_0.order_id,o1_0.product_id) in ((?,?))
Hibernate: select o1_0.order_id,c1_0.cust_id,c1_0.address,c1_0.email,c1_0.cust_name,c1_0.phone,o1_0.employee_id,e1_0.emp_id,e1_0.address,e1_0.dob,e1_0.email,e1_0.full_name,e1_0.phone,e1_0.status,o1_0.order_date,o2_0.order_id,o2_0.product_id,p1_0.product_id,p1_0.description,p1_0.manufacturer_name,p1_0.name,p1_0.status,p1_0.unit,o2_0.note,o2_0.price,o2_0.quantity from orders o1_0 left join customer c1_0 on c1_0.cust_id=o1_0.cust_id join employee e1_0 on e1_0.emp_id=o1_0.employee_id left join order_detail o2_0 on o1_0.order_id=o2_0.order_id left join product p1_0 on p1_0.product_id=o2_0.product_id where o1_0.order_id=?
Hibernate: select p1_0.product_id,p1_0.price_date_time,p1_0.note,p1_0.price from product_price p1_0 where p1_0.product_id=?
Hibernate: select p1_0.product_id,p1_0.image_id,p1_0.alternative,p1_0.path from product_image p1_0 where p1_0.product_id=?
Hibernate: select o1_0.product_id,o1_0.order_id,o2_0.order_id,c1_0.cust_id,c1_0.address,c1_0.email,c1_0.cust_name,c1_0.phone,o2_0.employee_id,e1_0.emp_id,e1_0.address,e1_0.dob,e1_0.email,e1_0.full_name,e1_0.phone,e1_0.status,o2_0.order_date,o1_0.note,o1_0.price,o1_0.quantity from order_detail o1_0 join orders o2_0 on o2_0.order_id=o1_0.order_id left join customer c1_0 on c1_0.cust_id=o2_0.cust_id left join employee e1_0 on e1_0.emp_id=o2_0.employee_id where o1_0.product_id=?
Hibernate: select l1_0.employee_id,l1_0.order_id,c1_0.cust_id,c1_0.address,c1_0.email,c1_0.cust_name,c1_0.phone,l1_0.order_date from orders l1_0 left join customer c1_0 on c1_0.cust_id=l1_0.cust_id where l1_0.employee_id=?
Hibernate: select p1_0.product_id,p1_0.description,p1_0.manufacturer_name,p1_0.name,p1_0.status,p1_0.unit,o1_0.product_id,o1_0.order_id,o2_0.order_id,c1_0.cust_id,c1_0.address,c1_0.email,c1_0.cust_name,c1_0.phone,o2_0.employee_id,e1_0.emp_id,e1_0.address,e1_0.dob,e1_0.email,e1_0.full_name,e1_0.phone,e1_0.status,o2_0.order_date,o1_0.note,o1_0.price,o1_0.quantity from product p1_0 left join order_detail o1_0 on p1_0.product_id=o1_0.product_id left join orders o2_0 on o2_0.order_id=o1_0.order_id left join customer c1_0 on c1_0.cust_id=o2_0.cust_id left join employee e1_0 on e1_0.emp_id=o2_0.employee_id where p1_0.product_id=?
Hibernate: select p1_0.product_id,p1_0.price_date_time,p1_0.note,p1_0.price from product_price p1_0 where p1_0.product_id=?
Hibernate: select p1_0.product_id,p1_0.image_id,p1_0.alternative,p1_0.path from product_image p1_0 where p1_0.product_id=?
Hibernate: select o1_0.order_id,o1_0.product_id,p1_0.product_id,p1_0.description,p1_0.manufacturer_name,p1_0.name,p1_0.status,p1_0.unit,o1_0.note,o1_0.price,o1_0.quantity from order_detail o1_0 join product p1_0 on p1_0.product_id=o1_0.product_id where o1_0.order_id=?
Hibernate: select l1_0.employee_id,l1_0.order_id,c1_0.cust_id,c1_0.address,c1_0.email,c1_0.cust_name,c1_0.phone,l1_0.order_date from orders l1_0 left join customer c1_0 on c1_0.cust_id=l1_0.cust_id where l1_0.employee_id=?
Hibernate: insert into order_detail (note,price,quantity,order_id,product_id) values (?,?,?,?,?)
Hibernate: update orders set cust_id=?,employee_id=?,order_date=? where order_id=?
Hibernate: select p1_0.product_id,p1_0.description,p1_0.manufacturer_name,p1_0.name,p1_0.status,p1_0.unit from product p1_0 where p1_0.product_id=?
Hibernate: select o1_0.order_id,o2_0.order_id,c1_0.cust_id,c1_0.address,c1_0.email,c1_0.cust_name,c1_0.phone,o2_0.employee_id,e1_0.emp_id,e1_0.address,e1_0.dob,e1_0.email,e1_0.full_name,e1_0.phone,e1_0.status,o2_0.order_date,o1_0.product_id,p1_0.product_id,p1_0.description,p1_0.manufacturer_name,p1_0.name,p1_0.status,p1_0.unit,p2_0.product_id,p2_0.image_id,p2_0.alternative,p2_0.path,o1_0.note,o1_0.price,o1_0.quantity from order_detail o1_0 join orders o2_0 on o2_0.order_id=o1_0.order_id left join customer c1_0 on c1_0.cust_id=o2_0.cust_id left join employee e1_0 on e1_0.emp_id=o2_0.employee_id join product p1_0 on p1_0.product_id=o1_0.product_id left join product_image p2_0 on p1_0.product_id=p2_0.product_id where (o1_0.order_id,o1_0.product_id) in ((?,?))
Hibernate: select o1_0.order_id,c1_0.cust_id,c1_0.address,c1_0.email,c1_0.cust_name,c1_0.phone,o1_0.employee_id,e1_0.emp_id,e1_0.address,e1_0.dob,e1_0.email,e1_0.full_name,e1_0.phone,e1_0.status,o1_0.order_date,o2_0.order_id,o2_0.product_id,p1_0.product_id,p1_0.description,p1_0.manufacturer_name,p1_0.name,p1_0.status,p1_0.unit,o2_0.note,o2_0.price,o2_0.quantity from orders o1_0 left join customer c1_0 on c1_0.cust_id=o1_0.cust_id join employee e1_0 on e1_0.emp_id=o1_0.employee_id left join order_detail o2_0 on o1_0.order_id=o2_0.order_id left join product p1_0 on p1_0.product_id=o2_0.product_id where o1_0.order_id=?
Hibernate: select p1_0.product_id,p1_0.price_date_time,p1_0.note,p1_0.price from product_price p1_0 where p1_0.product_id=?
Hibernate: select p1_0.product_id,p1_0.image_id,p1_0.alternative,p1_0.path from product_image p1_0 where p1_0.product_id=?
Hibernate: select o1_0.product_id,o1_0.order_id,o2_0.order_id,c1_0.cust_id,c1_0.address,c1_0.email,c1_0.cust_name,c1_0.phone,o2_0.employee_id,e1_0.emp_id,e1_0.address,e1_0.dob,e1_0.email,e1_0.full_name,e1_0.phone,e1_0.status,o2_0.order_date,o1_0.note,o1_0.price,o1_0.quantity from order_detail o1_0 join orders o2_0 on o2_0.order_id=o1_0.order_id left join customer c1_0 on c1_0.cust_id=o2_0.cust_id left join employee e1_0 on e1_0.emp_id=o2_0.employee_id where o1_0.product_id=?
Hibernate: select p1_0.product_id,p1_0.price_date_time,p1_0.note,p1_0.price from product_price p1_0 where p1_0.product_id=?
Hibernate: select p1_0.product_id,p1_0.image_id,p1_0.alternative,p1_0.path from product_image p1_0 where p1_0.product_id=?
Hibernate: select o1_0.product_id,o1_0.order_id,o2_0.order_id,c1_0.cust_id,c1_0.address,c1_0.email,c1_0.cust_name,c1_0.phone,o2_0.employee_id,e1_0.emp_id,e1_0.address,e1_0.dob,e1_0.email,e1_0.full_name,e1_0.phone,e1_0.status,o2_0.order_date,o1_0.note,o1_0.price,o1_0.quantity from order_detail o1_0 join orders o2_0 on o2_0.order_id=o1_0.order_id left join customer c1_0 on c1_0.cust_id=o2_0.cust_id left join employee e1_0 on e1_0.emp_id=o2_0.employee_id where o1_0.product_id=?
Hibernate: select l1_0.employee_id,l1_0.order_id,c1_0.cust_id,c1_0.address,c1_0.email,c1_0.cust_name,c1_0.phone,l1_0.order_date from orders l1_0 left join customer c1_0 on c1_0.cust_id=l1_0.cust_id where l1_0.employee_id=?
Hibernate: select p1_0.product_id,p1_0.description,p1_0.manufacturer_name,p1_0.name,p1_0.status,p1_0.unit,o1_0.product_id,o1_0.order_id,o2_0.order_id,c1_0.cust_id,c1_0.address,c1_0.email,c1_0.cust_name,c1_0.phone,o2_0.employee_id,e1_0.emp_id,e1_0.address,e1_0.dob,e1_0.email,e1_0.full_name,e1_0.phone,e1_0.status,o2_0.order_date,o1_0.note,o1_0.price,o1_0.quantity from product p1_0 left join order_detail o1_0 on p1_0.product_id=o1_0.product_id left join orders o2_0 on o2_0.order_id=o1_0.order_id left join customer c1_0 on c1_0.cust_id=o2_0.cust_id left join employee e1_0 on e1_0.emp_id=o2_0.employee_id where p1_0.product_id=?
Hibernate: select p1_0.product_id,p1_0.price_date_time,p1_0.note,p1_0.price from product_price p1_0 where p1_0.product_id=?
Hibernate: select p1_0.product_id,p1_0.image_id,p1_0.alternative,p1_0.path from product_image p1_0 where p1_0.product_id=?
Hibernate: insert into order_detail (note,price,quantity,order_id,product_id) values (?,?,?,?,?)
Hibernate: update orders set cust_id=?,employee_id=?,order_date=? where order_id=?
Hibernate: select e1_0.emp_id,e1_0.address,e1_0.dob,e1_0.email,e1_0.full_name,e1_0.phone,e1_0.status from employee e1_0 where e1_0.emp_id=?
Hibernate: select c1_0.cust_id,c1_0.address,c1_0.email,c1_0.cust_name,c1_0.phone from customer c1_0 where c1_0.cust_id=?
Hibernate: select o1_0.order_id,c1_0.cust_id,c1_0.address,c1_0.email,c1_0.cust_name,c1_0.phone,o1_0.employee_id,e1_0.emp_id,e1_0.address,e1_0.dob,e1_0.email,e1_0.full_name,e1_0.phone,e1_0.status,o1_0.order_date,o2_0.order_id,o2_0.product_id,p1_0.product_id,p1_0.description,p1_0.manufacturer_name,p1_0.name,p1_0.status,p1_0.unit,o2_0.note,o2_0.price,o2_0.quantity from orders o1_0 left join customer c1_0 on c1_0.cust_id=o1_0.cust_id join employee e1_0 on e1_0.emp_id=o1_0.employee_id left join order_detail o2_0 on o1_0.order_id=o2_0.order_id left join product p1_0 on p1_0.product_id=o2_0.product_id where o1_0.order_id=?
Hibernate: select c1_0.cust_id,c1_0.address,c1_0.email,c1_0.cust_name,c1_0.phone from customer c1_0 where c1_0.cust_id=?
Hibernate: select e1_0.emp_id,e1_0.address,e1_0.dob,e1_0.email,e1_0.full_name,e1_0.phone,e1_0.status from employee e1_0 where e1_0.emp_id=?
Hibernate: insert into orders (cust_id,employee_id,order_date,order_id) values (?,?,?,default)
Hibernate: select p1_0.product_id,p1_0.description,p1_0.manufacturer_name,p1_0.name,p1_0.status,p1_0.unit from product p1_0 where p1_0.product_id=?
Hibernate: select o1_0.order_id,o2_0.order_id,c1_0.cust_id,c1_0.address,c1_0.email,c1_0.cust_name,c1_0.phone,o2_0.employee_id,e1_0.emp_id,e1_0.address,e1_0.dob,e1_0.email,e1_0.full_name,e1_0.phone,e1_0.status,o2_0.order_date,o1_0.product_id,p1_0.product_id,p1_0.description,p1_0.manufacturer_name,p1_0.name,p1_0.status,p1_0.unit,p2_0.product_id,p2_0.image_id,p2_0.alternative,p2_0.path,o1_0.note,o1_0.price,o1_0.quantity from order_detail o1_0 join orders o2_0 on o2_0.order_id=o1_0.order_id left join customer c1_0 on c1_0.cust_id=o2_0.cust_id left join employee e1_0 on e1_0.emp_id=o2_0.employee_id join product p1_0 on p1_0.product_id=o1_0.product_id left join product_image p2_0 on p1_0.product_id=p2_0.product_id where (o1_0.order_id,o1_0.product_id) in ((?,?))
Hibernate: select o1_0.order_id,c1_0.cust_id,c1_0.address,c1_0.email,c1_0.cust_name,c1_0.phone,o1_0.employee_id,e1_0.emp_id,e1_0.address,e1_0.dob,e1_0.email,e1_0.full_name,e1_0.phone,e1_0.status,o1_0.order_date,o2_0.order_id,o2_0.product_id,p1_0.product_id,p1_0.description,p1_0.manufacturer_name,p1_0.name,p1_0.status,p1_0.unit,o2_0.note,o2_0.price,o2_0.quantity from orders o1_0 left join customer c1_0 on c1_0.cust_id=o1_0.cust_id join employee e1_0 on e1_0.emp_id=o1_0.employee_id left join order_detail o2_0 on o1_0.order_id=o2_0.order_id left join product p1_0 on p1_0.product_id=o2_0.product_id where o1_0.order_id=?
Hibernate: select l1_0.employee_id,l1_0.order_id,c1_0.cust_id,c1_0.address,c1_0.email,c1_0.cust_name,c1_0.phone,l1_0.order_date from orders l1_0 left join customer c1_0 on c1_0.cust_id=l1_0.cust_id where l1_0.employee_id=?
Hibernate: select p1_0.product_id,p1_0.description,p1_0.manufacturer_name,p1_0.name,p1_0.status,p1_0.unit,o1_0.product_id,o1_0.order_id,o2_0.order_id,c1_0.cust_id,c1_0.address,c1_0.email,c1_0.cust_name,c1_0.phone,o2_0.employee_id,e1_0.emp_id,e1_0.address,e1_0.dob,e1_0.email,e1_0.full_name,e1_0.phone,e1_0.status,o2_0.order_date,o1_0.note,o1_0.price,o1_0.quantity from product p1_0 left join order_detail o1_0 on p1_0.product_id=o1_0.product_id left join orders o2_0 on o2_0.order_id=o1_0.order_id left join customer c1_0 on c1_0.cust_id=o2_0.cust_id left join employee e1_0 on e1_0.emp_id=o2_0.employee_id where p1_0.product_id=?
Hibernate: select p1_0.product_id,p1_0.price_date_time,p1_0.note,p1_0.price from product_price p1_0 where p1_0.product_id=?
Hibernate: select p1_0.product_id,p1_0.image_id,p1_0.alternative,p1_0.path from product_image p1_0 where p1_0.product_id=?
Hibernate: insert into order_detail (note,price,quantity,order_id,product_id) values (?,?,?,?,?)
Hibernate: update orders set cust_id=?,employee_id=?,order_date=? where order_id=?
Hibernate: select p1_0.product_id,p1_0.description,p1_0.manufacturer_name,p1_0.name,p1_0.status,p1_0.unit from product p1_0 where p1_0.product_id=?
Hibernate: select o1_0.order_id,o2_0.order_id,c1_0.cust_id,c1_0.address,c1_0.email,c1_0.cust_name,c1_0.phone,o2_0.employee_id,e1_0.emp_id,e1_0.address,e1_0.dob,e1_0.email,e1_0.full_name,e1_0.phone,e1_0.status,o2_0.order_date,o1_0.product_id,p1_0.product_id,p1_0.description,p1_0.manufacturer_name,p1_0.name,p1_0.status,p1_0.unit,p2_0.product_id,p2_0.image_id,p2_0.alternative,p2_0.path,o1_0.note,o1_0.price,o1_0.quantity from order_detail o1_0 join orders o2_0 on o2_0.order_id=o1_0.order_id left join customer c1_0 on c1_0.cust_id=o2_0.cust_id left join employee e1_0 on e1_0.emp_id=o2_0.employee_id join product p1_0 on p1_0.product_id=o1_0.product_id left join product_image p2_0 on p1_0.product_id=p2_0.product_id where (o1_0.order_id,o1_0.product_id) in ((?,?))
Hibernate: select o1_0.order_id,c1_0.cust_id,c1_0.address,c1_0.email,c1_0.cust_name,c1_0.phone,o1_0.employee_id,e1_0.emp_id,e1_0.address,e1_0.dob,e1_0.email,e1_0.full_name,e1_0.phone,e1_0.status,o1_0.order_date,o2_0.order_id,o2_0.product_id,p1_0.product_id,p1_0.description,p1_0.manufacturer_name,p1_0.name,p1_0.status,p1_0.unit,o2_0.note,o2_0.price,o2_0.quantity from orders o1_0 left join customer c1_0 on c1_0.cust_id=o1_0.cust_id join employee e1_0 on e1_0.emp_id=o1_0.employee_id left join order_detail o2_0 on o1_0.order_id=o2_0.order_id left join product p1_0 on p1_0.product_id=o2_0.product_id where o1_0.order_id=?
Hibernate: select p1_0.product_id,p1_0.price_date_time,p1_0.note,p1_0.price from product_price p1_0 where p1_0.product_id=?
Hibernate: select p1_0.product_id,p1_0.image_id,p1_0.alternative,p1_0.path from product_image p1_0 where p1_0.product_id=?
Hibernate: select o1_0.product_id,o1_0.order_id,o2_0.order_id,c1_0.cust_id,c1_0.address,c1_0.email,c1_0.cust_name,c1_0.phone,o2_0.employee_id,e1_0.emp_id,e1_0.address,e1_0.dob,e1_0.email,e1_0.full_name,e1_0.phone,e1_0.status,o2_0.order_date,o1_0.note,o1_0.price,o1_0.quantity from order_detail o1_0 join orders o2_0 on o2_0.order_id=o1_0.order_id left join customer c1_0 on c1_0.cust_id=o2_0.cust_id left join employee e1_0 on e1_0.emp_id=o2_0.employee_id where o1_0.product_id=?
Hibernate: select l1_0.employee_id,l1_0.order_id,c1_0.cust_id,c1_0.address,c1_0.email,c1_0.cust_name,c1_0.phone,l1_0.order_date from orders l1_0 left join customer c1_0 on c1_0.cust_id=l1_0.cust_id where l1_0.employee_id=?
Hibernate: select p1_0.product_id,p1_0.description,p1_0.manufacturer_name,p1_0.name,p1_0.status,p1_0.unit,o1_0.product_id,o1_0.order_id,o2_0.order_id,c1_0.cust_id,c1_0.address,c1_0.email,c1_0.cust_name,c1_0.phone,o2_0.employee_id,e1_0.emp_id,e1_0.address,e1_0.dob,e1_0.email,e1_0.full_name,e1_0.phone,e1_0.status,o2_0.order_date,o1_0.note,o1_0.price,o1_0.quantity from product p1_0 left join order_detail o1_0 on p1_0.product_id=o1_0.product_id left join orders o2_0 on o2_0.order_id=o1_0.order_id left join customer c1_0 on c1_0.cust_id=o2_0.cust_id left join employee e1_0 on e1_0.emp_id=o2_0.employee_id where p1_0.product_id=?
Hibernate: select o1_0.order_id,o1_0.product_id,p1_0.product_id,p1_0.description,p1_0.manufacturer_name,p1_0.name,p1_0.status,p1_0.unit,o1_0.note,o1_0.price,o1_0.quantity from order_detail o1_0 join product p1_0 on p1_0.product_id=o1_0.product_id where o1_0.order_id=?
Hibernate: select l1_0.employee_id,l1_0.order_id,c1_0.cust_id,c1_0.address,c1_0.email,c1_0.cust_name,c1_0.phone,l1_0.order_date from orders l1_0 left join customer c1_0 on c1_0.cust_id=l1_0.cust_id where l1_0.employee_id=?
Hibernate: select o1_0.order_id,o1_0.product_id,p1_0.product_id,p1_0.description,p1_0.manufacturer_name,p1_0.name,p1_0.status,p1_0.unit,o1_0.note,o1_0.price,o1_0.quantity from order_detail o1_0 join product p1_0 on p1_0.product_id=o1_0.product_id where o1_0.order_id=?
Hibernate: select l1_0.employee_id,l1_0.order_id,c1_0.cust_id,c1_0.address,c1_0.email,c1_0.cust_name,c1_0.phone,l1_0.order_date from orders l1_0 left join customer c1_0 on c1_0.cust_id=l1_0.cust_id where l1_0.employee_id=?
Hibernate: select o1_0.order_id,o1_0.product_id,p1_0.product_id,p1_0.description,p1_0.manufacturer_name,p1_0.name,p1_0.status,p1_0.unit,o1_0.note,o1_0.price,o1_0.quantity from order_detail o1_0 join product p1_0 on p1_0.product_id=o1_0.product_id where o1_0.order_id=?
Hibernate: select l1_0.employee_id,l1_0.order_id,c1_0.cust_id,c1_0.address,c1_0.email,c1_0.cust_name,c1_0.phone,l1_0.order_date from orders l1_0 left join customer c1_0 on c1_0.cust_id=l1_0.cust_id where l1_0.employee_id=?
Hibernate: select o1_0.order_id,o1_0.product_id,p1_0.product_id,p1_0.description,p1_0.manufacturer_name,p1_0.name,p1_0.status,p1_0.unit,o1_0.note,o1_0.price,o1_0.quantity from order_detail o1_0 join product p1_0 on p1_0.product_id=o1_0.product_id where o1_0.order_id=?
Hibernate: select l1_0.employee_id,l1_0.order_id,c1_0.cust_id,c1_0.address,c1_0.email,c1_0.cust_name,c1_0.phone,l1_0.order_date from orders l1_0 left join customer c1_0 on c1_0.cust_id=l1_0.cust_id where l1_0.employee_id=?
Hibernate: select p1_0.product_id,p1_0.price_date_time,p1_0.note,p1_0.price from product_price p1_0 where p1_0.product_id=?
Hibernate: select p1_0.product_id,p1_0.image_id,p1_0.alternative,p1_0.path from product_image p1_0 where p1_0.product_id=?
Hibernate: select o1_0.order_id,o1_0.product_id,p1_0.product_id,p1_0.description,p1_0.manufacturer_name,p1_0.name,p1_0.status,p1_0.unit,o1_0.note,o1_0.price,o1_0.quantity from order_detail o1_0 join product p1_0 on p1_0.product_id=o1_0.product_id where o1_0.order_id=?
Hibernate: select l1_0.employee_id,l1_0.order_id,c1_0.cust_id,c1_0.address,c1_0.email,c1_0.cust_name,c1_0.phone,l1_0.order_date from orders l1_0 left join customer c1_0 on c1_0.cust_id=l1_0.cust_id where l1_0.employee_id=?
Hibernate: insert into order_detail (note,price,quantity,order_id,product_id) values (?,?,?,?,?)
Hibernate: update orders set cust_id=?,employee_id=?,order_date=? where order_id=?
Hibernate: select p1_0.product_id,p1_0.description,p1_0.manufacturer_name,p1_0.name,p1_0.status,p1_0.unit from product p1_0 where p1_0.product_id=?
Hibernate: select o1_0.order_id,o2_0.order_id,c1_0.cust_id,c1_0.address,c1_0.email,c1_0.cust_name,c1_0.phone,o2_0.employee_id,e1_0.emp_id,e1_0.address,e1_0.dob,e1_0.email,e1_0.full_name,e1_0.phone,e1_0.status,o2_0.order_date,o1_0.product_id,p1_0.product_id,p1_0.description,p1_0.manufacturer_name,p1_0.name,p1_0.status,p1_0.unit,p2_0.product_id,p2_0.image_id,p2_0.alternative,p2_0.path,o1_0.note,o1_0.price,o1_0.quantity from order_detail o1_0 join orders o2_0 on o2_0.order_id=o1_0.order_id left join customer c1_0 on c1_0.cust_id=o2_0.cust_id left join employee e1_0 on e1_0.emp_id=o2_0.employee_id join product p1_0 on p1_0.product_id=o1_0.product_id left join product_image p2_0 on p1_0.product_id=p2_0.product_id where (o1_0.order_id,o1_0.product_id) in ((?,?))
Hibernate: select o1_0.order_id,c1_0.cust_id,c1_0.address,c1_0.email,c1_0.cust_name,c1_0.phone,o1_0.employee_id,e1_0.emp_id,e1_0.address,e1_0.dob,e1_0.email,e1_0.full_name,e1_0.phone,e1_0.status,o1_0.order_date,o2_0.order_id,o2_0.product_id,p1_0.product_id,p1_0.description,p1_0.manufacturer_name,p1_0.name,p1_0.status,p1_0.unit,o2_0.note,o2_0.price,o2_0.quantity from orders o1_0 left join customer c1_0 on c1_0.cust_id=o1_0.cust_id join employee e1_0 on e1_0.emp_id=o1_0.employee_id left join order_detail o2_0 on o1_0.order_id=o2_0.order_id left join product p1_0 on p1_0.product_id=o2_0.product_id where o1_0.order_id=?
Hibernate: select p1_0.product_id,p1_0.price_date_time,p1_0.note,p1_0.price from product_price p1_0 where p1_0.product_id=?
Hibernate: select p1_0.product_id,p1_0.image_id,p1_0.alternative,p1_0.path from product_image p1_0 where p1_0.product_id=?
Hibernate: select o1_0.product_id,o1_0.order_id,o2_0.order_id,c1_0.cust_id,c1_0.address,c1_0.email,c1_0.cust_name,c1_0.phone,o2_0.employee_id,e1_0.emp_id,e1_0.address,e1_0.dob,e1_0.email,e1_0.full_name,e1_0.phone,e1_0.status,o2_0.order_date,o1_0.note,o1_0.price,o1_0.quantity from order_detail o1_0 join orders o2_0 on o2_0.order_id=o1_0.order_id left join customer c1_0 on c1_0.cust_id=o2_0.cust_id left join employee e1_0 on e1_0.emp_id=o2_0.employee_id where o1_0.product_id=?
Hibernate: select p1_0.product_id,p1_0.price_date_time,p1_0.note,p1_0.price from product_price p1_0 where p1_0.product_id=?
Hibernate: select p1_0.product_id,p1_0.image_id,p1_0.alternative,p1_0.path from product_image p1_0 where p1_0.product_id=?
Hibernate: select o1_0.product_id,o1_0.order_id,o2_0.order_id,c1_0.cust_id,c1_0.address,c1_0.email,c1_0.cust_name,c1_0.phone,o2_0.employee_id,e1_0.emp_id,e1_0.address,e1_0.dob,e1_0.email,e1_0.full_name,e1_0.phone,e1_0.status,o2_0.order_date,o1_0.note,o1_0.price,o1_0.quantity from order_detail o1_0 join orders o2_0 on o2_0.order_id=o1_0.order_id left join customer c1_0 on c1_0.cust_id=o2_0.cust_id left join employee e1_0 on e1_0.emp_id=o2_0.employee_id where o1_0.product_id=?
Hibernate: select l1_0.employee_id,l1_0.order_id,c1_0.cust_id,c1_0.address,c1_0.email,c1_0.cust_name,c1_0.phone,l1_0.order_date from orders l1_0 left join customer c1_0 on c1_0.cust_id=l1_0.cust_id where l1_0.employee_id=?
Hibernate: select p1_0.product_id,p1_0.description,p1_0.manufacturer_name,p1_0.name,p1_0.status,p1_0.unit,o1_0.product_id,o1_0.order_id,o2_0.order_id,c1_0.cust_id,c1_0.address,c1_0.email,c1_0.cust_name,c1_0.phone,o2_0.employee_id,e1_0.emp_id,e1_0.address,e1_0.dob,e1_0.email,e1_0.full_name,e1_0.phone,e1_0.status,o2_0.order_date,o1_0.note,o1_0.price,o1_0.quantity from product p1_0 left join order_detail o1_0 on p1_0.product_id=o1_0.product_id left join orders o2_0 on o2_0.order_id=o1_0.order_id left join customer c1_0 on c1_0.cust_id=o2_0.cust_id left join employee e1_0 on e1_0.emp_id=o2_0.employee_id where p1_0.product_id=?
Hibernate: select p1_0.product_id,p1_0.price_date_time,p1_0.note,p1_0.price from product_price p1_0 where p1_0.product_id=?
Hibernate: select p1_0.product_id,p1_0.image_id,p1_0.alternative,p1_0.path from product_image p1_0 where p1_0.product_id=?
Hibernate: insert into order_detail (note,price,quantity,order_id,product_id) values (?,?,?,?,?)
Hibernate: update orders set cust_id=?,employee_id=?,order_date=? where order_id=?
Hibernate: select e1_0.emp_id,e1_0.address,e1_0.dob,e1_0.email,e1_0.full_name,e1_0.phone,e1_0.status from employee e1_0 where e1_0.emp_id=?
Hibernate: select c1_0.cust_id,c1_0.address,c1_0.email,c1_0.cust_name,c1_0.phone from customer c1_0 where c1_0.cust_id=?
Hibernate: select o1_0.order_id,c1_0.cust_id,c1_0.address,c1_0.email,c1_0.cust_name,c1_0.phone,o1_0.employee_id,e1_0.emp_id,e1_0.address,e1_0.dob,e1_0.email,e1_0.full_name,e1_0.phone,e1_0.status,o1_0.order_date,o2_0.order_id,o2_0.product_id,p1_0.product_id,p1_0.description,p1_0.manufacturer_name,p1_0.name,p1_0.status,p1_0.unit,o2_0.note,o2_0.price,o2_0.quantity from orders o1_0 left join customer c1_0 on c1_0.cust_id=o1_0.cust_id join employee e1_0 on e1_0.emp_id=o1_0.employee_id left join order_detail o2_0 on o1_0.order_id=o2_0.order_id left join product p1_0 on p1_0.product_id=o2_0.product_id where o1_0.order_id=?
Hibernate: select c1_0.cust_id,c1_0.address,c1_0.email,c1_0.cust_name,c1_0.phone from customer c1_0 where c1_0.cust_id=?
Hibernate: select e1_0.emp_id,e1_0.address,e1_0.dob,e1_0.email,e1_0.full_name,e1_0.phone,e1_0.status from employee e1_0 where e1_0.emp_id=?
Hibernate: insert into orders (cust_id,employee_id,order_date,order_id) values (?,?,?,default)
Hibernate: select p1_0.product_id,p1_0.description,p1_0.manufacturer_name,p1_0.name,p1_0.status,p1_0.unit from product p1_0 where p1_0.product_id=?
Hibernate: select o1_0.order_id,o2_0.order_id,c1_0.cust_id,c1_0.address,c1_0.email,c1_0.cust_name,c1_0.phone,o2_0.employee_id,e1_0.emp_id,e1_0.address,e1_0.dob,e1_0.email,e1_0.full_name,e1_0.phone,e1_0.status,o2_0.order_date,o1_0.product_id,p1_0.product_id,p1_0.description,p1_0.manufacturer_name,p1_0.name,p1_0.status,p1_0.unit,p2_0.product_id,p2_0.image_id,p2_0.alternative,p2_0.path,o1_0.note,o1_0.price,o1_0.quantity from order_detail o1_0 join orders o2_0 on o2_0.order_id=o1_0.order_id left join customer c1_0 on c1_0.cust_id=o2_0.cust_id left join employee e1_0 on e1_0.emp_id=o2_0.employee_id join product p1_0 on p1_0.product_id=o1_0.product_id left join product_image p2_0 on p1_0.product_id=p2_0.product_id where (o1_0.order_id,o1_0.product_id) in ((?,?))
Hibernate: select o1_0.order_id,c1_0.cust_id,c1_0.address,c1_0.email,c1_0.cust_name,c1_0.phone,o1_0.employee_id,e1_0.emp_id,e1_0.address,e1_0.dob,e1_0.email,e1_0.full_name,e1_0.phone,e1_0.status,o1_0.order_date,o2_0.order_id,o2_0.product_id,p1_0.product_id,p1_0.description,p1_0.manufacturer_name,p1_0.name,p1_0.status,p1_0.unit,o2_0.note,o2_0.price,o2_0.quantity from orders o1_0 left join customer c1_0 on c1_0.cust_id=o1_0.cust_id join employee e1_0 on e1_0.emp_id=o1_0.employee_id left join order_detail o2_0 on o1_0.order_id=o2_0.order_id left join product p1_0 on p1_0.product_id=o2_0.product_id where o1_0.order_id=?
Hibernate: select l1_0.employee_id,l1_0.order_id,c1_0.cust_id,c1_0.address,c1_0.email,c1_0.cust_name,c1_0.phone,l1_0.order_date from orders l1_0 left join customer c1_0 on c1_0.cust_id=l1_0.cust_id where l1_0.employee_id=?
Hibernate: select p1_0.product_id,p1_0.description,p1_0.manufacturer_name,p1_0.name,p1_0.status,p1_0.unit,o1_0.product_id,o1_0.order_id,o2_0.order_id,c1_0.cust_id,c1_0.address,c1_0.email,c1_0.cust_name,c1_0.phone,o2_0.employee_id,e1_0.emp_id,e1_0.address,e1_0.dob,e1_0.email,e1_0.full_name,e1_0.phone,e1_0.status,o2_0.order_date,o1_0.note,o1_0.price,o1_0.quantity from product p1_0 left join order_detail o1_0 on p1_0.product_id=o1_0.product_id left join orders o2_0 on o2_0.order_id=o1_0.order_id left join customer c1_0 on c1_0.cust_id=o2_0.cust_id left join employee e1_0 on e1_0.emp_id=o2_0.employee_id where p1_0.product_id=?
Hibernate: select o1_0.order_id,o1_0.product_id,p1_0.product_id,p1_0.description,p1_0.manufacturer_name,p1_0.name,p1_0.status,p1_0.unit,o1_0.note,o1_0.price,o1_0.quantity from order_detail o1_0 join product p1_0 on p1_0.product_id=o1_0.product_id where o1_0.order_id=?
Hibernate: select o1_0.order_id,o1_0.product_id,p1_0.product_id,p1_0.description,p1_0.manufacturer_name,p1_0.name,p1_0.status,p1_0.unit,o1_0.note,o1_0.price,o1_0.quantity from order_detail o1_0 join product p1_0 on p1_0.product_id=o1_0.product_id where o1_0.order_id=?
Hibernate: select l1_0.employee_id,l1_0.order_id,c1_0.cust_id,c1_0.address,c1_0.email,c1_0.cust_name,c1_0.phone,l1_0.order_date from orders l1_0 left join customer c1_0 on c1_0.cust_id=l1_0.cust_id where l1_0.employee_id=?
Hibernate: select p1_0.product_id,p1_0.price_date_time,p1_0.note,p1_0.price from product_price p1_0 where p1_0.product_id=?
Hibernate: select p1_0.product_id,p1_0.image_id,p1_0.alternative,p1_0.path from product_image p1_0 where p1_0.product_id=?
Hibernate: select o1_0.order_id,o1_0.product_id,p1_0.product_id,p1_0.description,p1_0.manufacturer_name,p1_0.name,p1_0.status,p1_0.unit,o1_0.note,o1_0.price,o1_0.quantity from order_detail o1_0 join product p1_0 on p1_0.product_id=o1_0.product_id where o1_0.order_id=?
Hibernate: select l1_0.employee_id,l1_0.order_id,c1_0.cust_id,c1_0.address,c1_0.email,c1_0.cust_name,c1_0.phone,l1_0.order_date from orders l1_0 left join customer c1_0 on c1_0.cust_id=l1_0.cust_id where l1_0.employee_id=?
Hibernate: insert into order_detail (note,price,quantity,order_id,product_id) values (?,?,?,?,?)
Hibernate: update orders set cust_id=?,employee_id=?,order_date=? where order_id=?
Hibernate: select p1_0.product_id,p1_0.description,p1_0.manufacturer_name,p1_0.name,p1_0.status,p1_0.unit from product p1_0 where p1_0.product_id=?
Hibernate: select o1_0.order_id,o2_0.order_id,c1_0.cust_id,c1_0.address,c1_0.email,c1_0.cust_name,c1_0.phone,o2_0.employee_id,e1_0.emp_id,e1_0.address,e1_0.dob,e1_0.email,e1_0.full_name,e1_0.phone,e1_0.status,o2_0.order_date,o1_0.product_id,p1_0.product_id,p1_0.description,p1_0.manufacturer_name,p1_0.name,p1_0.status,p1_0.unit,p2_0.product_id,p2_0.image_id,p2_0.alternative,p2_0.path,o1_0.note,o1_0.price,o1_0.quantity from order_detail o1_0 join orders o2_0 on o2_0.order_id=o1_0.order_id left join customer c1_0 on c1_0.cust_id=o2_0.cust_id left join employee e1_0 on e1_0.emp_id=o2_0.employee_id join product p1_0 on p1_0.product_id=o1_0.product_id left join product_image p2_0 on p1_0.product_id=p2_0.product_id where (o1_0.order_id,o1_0.product_id) in ((?,?))
Hibernate: select o1_0.order_id,c1_0.cust_id,c1_0.address,c1_0.email,c1_0.cust_name,c1_0.phone,o1_0.employee_id,e1_0.emp_id,e1_0.address,e1_0.dob,e1_0.email,e1_0.full_name,e1_0.phone,e1_0.status,o1_0.order_date,o2_0.order_id,o2_0.product_id,p1_0.product_id,p1_0.description,p1_0.manufacturer_name,p1_0.name,p1_0.status,p1_0.unit,o2_0.note,o2_0.price,o2_0.quantity from orders o1_0 left join customer c1_0 on c1_0.cust_id=o1_0.cust_id join employee e1_0 on e1_0.emp_id=o1_0.employee_id left join order_detail o2_0 on o1_0.order_id=o2_0.order_id left join product p1_0 on p1_0.product_id=o2_0.product_id where o1_0.order_id=?
Hibernate: select p1_0.product_id,p1_0.price_date_time,p1_0.note,p1_0.price from product_price p1_0 where p1_0.product_id=?
Hibernate: select p1_0.product_id,p1_0.image_id,p1_0.alternative,p1_0.path from product_image p1_0 where p1_0.product_id=?
Hibernate: select o1_0.product_id,o1_0.order_id,o2_0.order_id,c1_0.cust_id,c1_0.address,c1_0.email,c1_0.cust_name,c1_0.phone,o2_0.employee_id,e1_0.emp_id,e1_0.address,e1_0.dob,e1_0.email,e1_0.full_name,e1_0.phone,e1_0.status,o2_0.order_date,o1_0.note,o1_0.price,o1_0.quantity from order_detail o1_0 join orders o2_0 on o2_0.order_id=o1_0.order_id left join customer c1_0 on c1_0.cust_id=o2_0.cust_id left join employee e1_0 on e1_0.emp_id=o2_0.employee_id where o1_0.product_id=?
Hibernate: select l1_0.employee_id,l1_0.order_id,c1_0.cust_id,c1_0.address,c1_0.email,c1_0.cust_name,c1_0.phone,l1_0.order_date from orders l1_0 left join customer c1_0 on c1_0.cust_id=l1_0.cust_id where l1_0.employee_id=?
Hibernate: select p1_0.product_id,p1_0.description,p1_0.manufacturer_name,p1_0.name,p1_0.status,p1_0.unit,o1_0.product_id,o1_0.order_id,o2_0.order_id,c1_0.cust_id,c1_0.address,c1_0.email,c1_0.cust_name,c1_0.phone,o2_0.employee_id,e1_0.emp_id,e1_0.address,e1_0.dob,e1_0.email,e1_0.full_name,e1_0.phone,e1_0.status,o2_0.order_date,o1_0.note,o1_0.price,o1_0.quantity from product p1_0 left join order_detail o1_0 on p1_0.product_id=o1_0.product_id left join orders o2_0 on o2_0.order_id=o1_0.order_id left join customer c1_0 on c1_0.cust_id=o2_0.cust_id left join employee e1_0 on e1_0.emp_id=o2_0.employee_id where p1_0.product_id=?
Hibernate: select p1_0.product_id,p1_0.price_date_time,p1_0.note,p1_0.price from product_price p1_0 where p1_0.product_id=?
Hibernate: select p1_0.product_id,p1_0.image_id,p1_0.alternative,p1_0.path from product_image p1_0 where p1_0.product_id=?
Hibernate: select o1_0.order_id,o1_0.product_id,p1_0.product_id,p1_0.description,p1_0.manufacturer_name,p1_0.name,p1_0.status,p1_0.unit,o1_0.note,o1_0.price,o1_0.quantity from order_detail o1_0 join product p1_0 on p1_0.product_id=o1_0.product_id where o1_0.order_id=?
Hibernate: insert into order_detail (note,price,quantity,order_id,product_id) values (?,?,?,?,?)
Hibernate: update orders set cust_id=?,employee_id=?,order_date=? where order_id=?
Hibernate: select p1_0.product_id,p1_0.description,p1_0.manufacturer_name,p1_0.name,p1_0.status,p1_0.unit from product p1_0 where p1_0.product_id=?
Hibernate: select o1_0.order_id,o2_0.order_id,c1_0.cust_id,c1_0.address,c1_0.email,c1_0.cust_name,c1_0.phone,o2_0.employee_id,e1_0.emp_id,e1_0.address,e1_0.dob,e1_0.email,e1_0.full_name,e1_0.phone,e1_0.status,o2_0.order_date,o1_0.product_id,p1_0.product_id,p1_0.description,p1_0.manufacturer_name,p1_0.name,p1_0.status,p1_0.unit,p2_0.product_id,p2_0.image_id,p2_0.alternative,p2_0.path,o1_0.note,o1_0.price,o1_0.quantity from order_detail o1_0 join orders o2_0 on o2_0.order_id=o1_0.order_id left join customer c1_0 on c1_0.cust_id=o2_0.cust_id left join employee e1_0 on e1_0.emp_id=o2_0.employee_id join product p1_0 on p1_0.product_id=o1_0.product_id left join product_image p2_0 on p1_0.product_id=p2_0.product_id where (o1_0.order_id,o1_0.product_id) in ((?,?))
Hibernate: select o1_0.order_id,c1_0.cust_id,c1_0.address,c1_0.email,c1_0.cust_name,c1_0.phone,o1_0.employee_id,e1_0.emp_id,e1_0.address,e1_0.dob,e1_0.email,e1_0.full_name,e1_0.phone,e1_0.status,o1_0.order_date,o2_0.order_id,o2_0.product_id,p1_0.product_id,p1_0.description,p1_0.manufacturer_name,p1_0.name,p1_0.status,p1_0.unit,o2_0.note,o2_0.price,o2_0.quantity from orders o1_0 left join customer c1_0 on c1_0.cust_id=o1_0.cust_id join employee e1_0 on e1_0.emp_id=o1_0.employee_id left join order_detail o2_0 on o1_0.order_id=o2_0.order_id left join product p1_0 on p1_0.product_id=o2_0.product_id where o1_0.order_id=?
Hibernate: select p1_0.product_id,p1_0.price_date_time,p1_0.note,p1_0.price from product_price p1_0 where p1_0.product_id=?
Hibernate: select p1_0.product_id,p1_0.image_id,p1_0.alternative,p1_0.path from product_image p1_0 where p1_0.product_id=?
Hibernate: select o1_0.product_id,o1_0.order_id,o2_0.order_id,c1_0.cust_id,c1_0.address,c1_0.email,c1_0.cust_name,c1_0.phone,o2_0.employee_id,e1_0.emp_id,e1_0.address,e1_0.dob,e1_0.email,e1_0.full_name,e1_0.phone,e1_0.status,o2_0.order_date,o1_0.note,o1_0.price,o1_0.quantity from order_detail o1_0 join orders o2_0 on o2_0.order_id=o1_0.order_id left join customer c1_0 on c1_0.cust_id=o2_0.cust_id left join employee e1_0 on e1_0.emp_id=o2_0.employee_id where o1_0.product_id=?
Hibernate: select p1_0.product_id,p1_0.price_date_time,p1_0.note,p1_0.price from product_price p1_0 where p1_0.product_id=?
Hibernate: select p1_0.product_id,p1_0.image_id,p1_0.alternative,p1_0.path from product_image p1_0 where p1_0.product_id=?
Hibernate: select o1_0.product_id,o1_0.order_id,o2_0.order_id,c1_0.cust_id,c1_0.address,c1_0.email,c1_0.cust_name,c1_0.phone,o2_0.employee_id,e1_0.emp_id,e1_0.address,e1_0.dob,e1_0.email,e1_0.full_name,e1_0.phone,e1_0.status,o2_0.order_date,o1_0.note,o1_0.price,o1_0.quantity from order_detail o1_0 join orders o2_0 on o2_0.order_id=o1_0.order_id left join customer c1_0 on c1_0.cust_id=o2_0.cust_id left join employee e1_0 on e1_0.emp_id=o2_0.employee_id where o1_0.product_id=?
Hibernate: select l1_0.employee_id,l1_0.order_id,c1_0.cust_id,c1_0.address,c1_0.email,c1_0.cust_name,c1_0.phone,l1_0.order_date from orders l1_0 left join customer c1_0 on c1_0.cust_id=l1_0.cust_id where l1_0.employee_id=?
Hibernate: select p1_0.product_id,p1_0.description,p1_0.manufacturer_name,p1_0.name,p1_0.status,p1_0.unit,o1_0.product_id,o1_0.order_id,o2_0.order_id,c1_0.cust_id,c1_0.address,c1_0.email,c1_0.cust_name,c1_0.phone,o2_0.employee_id,e1_0.emp_id,e1_0.address,e1_0.dob,e1_0.email,e1_0.full_name,e1_0.phone,e1_0.status,o2_0.order_date,o1_0.note,o1_0.price,o1_0.quantity from product p1_0 left join order_detail o1_0 on p1_0.product_id=o1_0.product_id left join orders o2_0 on o2_0.order_id=o1_0.order_id left join customer c1_0 on c1_0.cust_id=o2_0.cust_id left join employee e1_0 on e1_0.emp_id=o2_0.employee_id where p1_0.product_id=?
Hibernate: select p1_0.product_id,p1_0.price_date_time,p1_0.note,p1_0.price from product_price p1_0 where p1_0.product_id=?
Hibernate: select p1_0.product_id,p1_0.image_id,p1_0.alternative,p1_0.path from product_image p1_0 where p1_0.product_id=?
Hibernate: select o1_0.order_id,o1_0.product_id,p1_0.product_id,p1_0.description,p1_0.manufacturer_name,p1_0.name,p1_0.status,p1_0.unit,o1_0.note,o1_0.price,o1_0.quantity from order_detail o1_0 join product p1_0 on p1_0.product_id=o1_0.product_id where o1_0.order_id=?
Hibernate: select l1_0.employee_id,l1_0.order_id,c1_0.cust_id,c1_0.address,c1_0.email,c1_0.cust_name,c1_0.phone,l1_0.order_date from orders l1_0 left join customer c1_0 on c1_0.cust_id=l1_0.cust_id where l1_0.employee_id=?
Hibernate: insert into order_detail (note,price,quantity,order_id,product_id) values (?,?,?,?,?)
Hibernate: update orders set cust_id=?,employee_id=?,order_date=? where order_id=?
Hibernate: select e1_0.emp_id,e1_0.address,e1_0.dob,e1_0.email,e1_0.full_name,e1_0.phone,e1_0.status from employee e1_0 where e1_0.emp_id=?
Hibernate: select c1_0.cust_id,c1_0.address,c1_0.email,c1_0.cust_name,c1_0.phone from customer c1_0 where c1_0.cust_id=?
Hibernate: select o1_0.order_id,c1_0.cust_id,c1_0.address,c1_0.email,c1_0.cust_name,c1_0.phone,o1_0.employee_id,e1_0.emp_id,e1_0.address,e1_0.dob,e1_0.email,e1_0.full_name,e1_0.phone,e1_0.status,o1_0.order_date,o2_0.order_id,o2_0.product_id,p1_0.product_id,p1_0.description,p1_0.manufacturer_name,p1_0.name,p1_0.status,p1_0.unit,o2_0.note,o2_0.price,o2_0.quantity from orders o1_0 left join customer c1_0 on c1_0.cust_id=o1_0.cust_id join employee e1_0 on e1_0.emp_id=o1_0.employee_id left join order_detail o2_0 on o1_0.order_id=o2_0.order_id left join product p1_0 on p1_0.product_id=o2_0.product_id where o1_0.order_id=?
Hibernate: select c1_0.cust_id,c1_0.address,c1_0.email,c1_0.cust_name,c1_0.phone from customer c1_0 where c1_0.cust_id=?
Hibernate: select e1_0.emp_id,e1_0.address,e1_0.dob,e1_0.email,e1_0.full_name,e1_0.phone,e1_0.status from employee e1_0 where e1_0.emp_id=?
Hibernate: insert into orders (cust_id,employee_id,order_date,order_id) values (?,?,?,default)
Hibernate: select p1_0.product_id,p1_0.description,p1_0.manufacturer_name,p1_0.name,p1_0.status,p1_0.unit from product p1_0 where p1_0.product_id=?
Hibernate: select o1_0.order_id,o2_0.order_id,c1_0.cust_id,c1_0.address,c1_0.email,c1_0.cust_name,c1_0.phone,o2_0.employee_id,e1_0.emp_id,e1_0.address,e1_0.dob,e1_0.email,e1_0.full_name,e1_0.phone,e1_0.status,o2_0.order_date,o1_0.product_id,p1_0.product_id,p1_0.description,p1_0.manufacturer_name,p1_0.name,p1_0.status,p1_0.unit,p2_0.product_id,p2_0.image_id,p2_0.alternative,p2_0.path,o1_0.note,o1_0.price,o1_0.quantity from order_detail o1_0 join orders o2_0 on o2_0.order_id=o1_0.order_id left join customer c1_0 on c1_0.cust_id=o2_0.cust_id left join employee e1_0 on e1_0.emp_id=o2_0.employee_id join product p1_0 on p1_0.product_id=o1_0.product_id left join product_image p2_0 on p1_0.product_id=p2_0.product_id where (o1_0.order_id,o1_0.product_id) in ((?,?))
Hibernate: select o1_0.order_id,c1_0.cust_id,c1_0.address,c1_0.email,c1_0.cust_name,c1_0.phone,o1_0.employee_id,e1_0.emp_id,e1_0.address,e1_0.dob,e1_0.email,e1_0.full_name,e1_0.phone,e1_0.status,o1_0.order_date,o2_0.order_id,o2_0.product_id,p1_0.product_id,p1_0.description,p1_0.manufacturer_name,p1_0.name,p1_0.status,p1_0.unit,o2_0.note,o2_0.price,o2_0.quantity from orders o1_0 left join customer c1_0 on c1_0.cust_id=o1_0.cust_id join employee e1_0 on e1_0.emp_id=o1_0.employee_id left join order_detail o2_0 on o1_0.order_id=o2_0.order_id left join product p1_0 on p1_0.product_id=o2_0.product_id where o1_0.order_id=?
Hibernate: select l1_0.employee_id,l1_0.order_id,c1_0.cust_id,c1_0.address,c1_0.email,c1_0.cust_name,c1_0.phone,l1_0.order_date from orders l1_0 left join customer c1_0 on c1_0.cust_id=l1_0.cust_id where l1_0.employee_id=?
Hibernate: select p1_0.product_id,p1_0.description,p1_0.manufacturer_name,p1_0.name,p1_0.status,p1_0.unit,o1_0.product_id,o1_0.order_id,o2_0.order_id,c1_0.cust_id,c1_0.address,c1_0.email,c1_0.cust_name,c1_0.phone,o2_0.employee_id,e1_0.emp_id,e1_0.address,e1_0.dob,e1_0.email,e1_0.full_name,e1_0.phone,e1_0.status,o2_0.order_date,o1_0.note,o1_0.price,o1_0.quantity from product p1_0 left join order_detail o1_0 on p1_0.product_id=o1_0.product_id left join orders o2_0 on o2_0.order_id=o1_0.order_id left join customer c1_0 on c1_0.cust_id=o2_0.cust_id left join employee e1_0 on e1_0.emp_id=o2_0.employee_id where p1_0.product_id=?
Hibernate: select p1_0.product_id,p1_0.price_date_time,p1_0.note,p1_0.price from product_price p1_0 where p1_0.product_id=?
Hibernate: select p1_0.product_id,p1_0.image_id,p1_0.alternative,p1_0.path from product_image p1_0 where p1_0.product_id=?
Hibernate: insert into order_detail (note,price,quantity,order_id,product_id) values (?,?,?,?,?)
Hibernate: update orders set cust_id=?,employee_id=?,order_date=? where order_id=?
Hibernate: select p1_0.product_id,p1_0.description,p1_0.manufacturer_name,p1_0.name,p1_0.status,p1_0.unit from product p1_0 where p1_0.product_id=?
Hibernate: select o1_0.order_id,o2_0.order_id,c1_0.cust_id,c1_0.address,c1_0.email,c1_0.cust_name,c1_0.phone,o2_0.employee_id,e1_0.emp_id,e1_0.address,e1_0.dob,e1_0.email,e1_0.full_name,e1_0.phone,e1_0.status,o2_0.order_date,o1_0.product_id,p1_0.product_id,p1_0.description,p1_0.manufacturer_name,p1_0.name,p1_0.status,p1_0.unit,p2_0.product_id,p2_0.image_id,p2_0.alternative,p2_0.path,o1_0.note,o1_0.price,o1_0.quantity from order_detail o1_0 join orders o2_0 on o2_0.order_id=o1_0.order_id left join customer c1_0 on c1_0.cust_id=o2_0.cust_id left join employee e1_0 on e1_0.emp_id=o2_0.employee_id join product p1_0 on p1_0.product_id=o1_0.product_id left join product_image p2_0 on p1_0.product_id=p2_0.product_id where (o1_0.order_id,o1_0.product_id) in ((?,?))
Hibernate: select o1_0.order_id,c1_0.cust_id,c1_0.address,c1_0.email,c1_0.cust_name,c1_0.phone,o1_0.employee_id,e1_0.emp_id,e1_0.address,e1_0.dob,e1_0.email,e1_0.full_name,e1_0.phone,e1_0.status,o1_0.order_date,o2_0.order_id,o2_0.product_id,p1_0.product_id,p1_0.description,p1_0.manufacturer_name,p1_0.name,p1_0.status,p1_0.unit,o2_0.note,o2_0.price,o2_0.quantity from orders o1_0 left join customer c1_0 on c1_0.cust_id=o1_0.cust_id join employee e1_0 on e1_0.emp_id=o1_0.employee_id left join order_detail o2_0 on o1_0.order_id=o2_0.order_id left join product p1_0 on p1_0.product_id=o2_0.product_id where o1_0.order_id=?
Hibernate: select p1_0.product_id,p1_0.price_date_time,p1_0.note,p1_0.price from product_price p1_0 where p1_0.product_id=?
Hibernate: select p1_0.product_id,p1_0.image_id,p1_0.alternative,p1_0.path from product_image p1_0 where p1_0.product_id=?
Hibernate: select o1_0.product_id,o1_0.order_id,o2_0.order_id,c1_0.cust_id,c1_0.address,c1_0.email,c1_0.cust_name,c1_0.phone,o2_0.employee_id,e1_0.emp_id,e1_0.address,e1_0.dob,e1_0.email,e1_0.full_name,e1_0.phone,e1_0.status,o2_0.order_date,o1_0.note,o1_0.price,o1_0.quantity from order_detail o1_0 join orders o2_0 on o2_0.order_id=o1_0.order_id left join customer c1_0 on c1_0.cust_id=o2_0.cust_id left join employee e1_0 on e1_0.emp_id=o2_0.employee_id where o1_0.product_id=?
Hibernate: select l1_0.employee_id,l1_0.order_id,c1_0.cust_id,c1_0.address,c1_0.email,c1_0.cust_name,c1_0.phone,l1_0.order_date from orders l1_0 left join customer c1_0 on c1_0.cust_id=l1_0.cust_id where l1_0.employee_id=?
Hibernate: select p1_0.product_id,p1_0.description,p1_0.manufacturer_name,p1_0.name,p1_0.status,p1_0.unit,o1_0.product_id,o1_0.order_id,o2_0.order_id,c1_0.cust_id,c1_0.address,c1_0.email,c1_0.cust_name,c1_0.phone,o2_0.employee_id,e1_0.emp_id,e1_0.address,e1_0.dob,e1_0.email,e1_0.full_name,e1_0.phone,e1_0.status,o2_0.order_date,o1_0.note,o1_0.price,o1_0.quantity from product p1_0 left join order_detail o1_0 on p1_0.product_id=o1_0.product_id left join orders o2_0 on o2_0.order_id=o1_0.order_id left join customer c1_0 on c1_0.cust_id=o2_0.cust_id left join employee e1_0 on e1_0.emp_id=o2_0.employee_id where p1_0.product_id=?
Hibernate: select p1_0.product_id,p1_0.price_date_time,p1_0.note,p1_0.price from product_price p1_0 where p1_0.product_id=?
Hibernate: select p1_0.product_id,p1_0.image_id,p1_0.alternative,p1_0.path from product_image p1_0 where p1_0.product_id=?
Hibernate: insert into order_detail (note,price,quantity,order_id,product_id) values (?,?,?,?,?)
Hibernate: update orders set cust_id=?,employee_id=?,order_date=? where order_id=?
Hibernate: select p1_0.product_id,p1_0.description,p1_0.manufacturer_name,p1_0.name,p1_0.status,p1_0.unit from product p1_0 where p1_0.product_id=?
Hibernate: select o1_0.order_id,o2_0.order_id,c1_0.cust_id,c1_0.address,c1_0.email,c1_0.cust_name,c1_0.phone,o2_0.employee_id,e1_0.emp_id,e1_0.address,e1_0.dob,e1_0.email,e1_0.full_name,e1_0.phone,e1_0.status,o2_0.order_date,o1_0.product_id,p1_0.product_id,p1_0.description,p1_0.manufacturer_name,p1_0.name,p1_0.status,p1_0.unit,p2_0.product_id,p2_0.image_id,p2_0.alternative,p2_0.path,o1_0.note,o1_0.price,o1_0.quantity from order_detail o1_0 join orders o2_0 on o2_0.order_id=o1_0.order_id left join customer c1_0 on c1_0.cust_id=o2_0.cust_id left join employee e1_0 on e1_0.emp_id=o2_0.employee_id join product p1_0 on p1_0.product_id=o1_0.product_id left join product_image p2_0 on p1_0.product_id=p2_0.product_id where (o1_0.order_id,o1_0.product_id) in ((?,?))
Hibernate: select o1_0.order_id,c1_0.cust_id,c1_0.address,c1_0.email,c1_0.cust_name,c1_0.phone,o1_0.employee_id,e1_0.emp_id,e1_0.address,e1_0.dob,e1_0.email,e1_0.full_name,e1_0.phone,e1_0.status,o1_0.order_date,o2_0.order_id,o2_0.product_id,p1_0.product_id,p1_0.description,p1_0.manufacturer_name,p1_0.name,p1_0.status,p1_0.unit,o2_0.note,o2_0.price,o2_0.quantity from orders o1_0 left join customer c1_0 on c1_0.cust_id=o1_0.cust_id join employee e1_0 on e1_0.emp_id=o1_0.employee_id left join order_detail o2_0 on o1_0.order_id=o2_0.order_id left join product p1_0 on p1_0.product_id=o2_0.product_id where o1_0.order_id=?
Hibernate: select p1_0.product_id,p1_0.price_date_time,p1_0.note,p1_0.price from product_price p1_0 where p1_0.product_id=?
Hibernate: select p1_0.product_id,p1_0.image_id,p1_0.alternative,p1_0.path from product_image p1_0 where p1_0.product_id=?
Hibernate: select o1_0.product_id,o1_0.order_id,o2_0.order_id,c1_0.cust_id,c1_0.address,c1_0.email,c1_0.cust_name,c1_0.phone,o2_0.employee_id,e1_0.emp_id,e1_0.address,e1_0.dob,e1_0.email,e1_0.full_name,e1_0.phone,e1_0.status,o2_0.order_date,o1_0.note,o1_0.price,o1_0.quantity from order_detail o1_0 join orders o2_0 on o2_0.order_id=o1_0.order_id left join customer c1_0 on c1_0.cust_id=o2_0.cust_id left join employee e1_0 on e1_0.emp_id=o2_0.employee_id where o1_0.product_id=?
Hibernate: select p1_0.product_id,p1_0.price_date_time,p1_0.note,p1_0.price from product_price p1_0 where p1_0.product_id=?
Hibernate: select p1_0.product_id,p1_0.image_id,p1_0.alternative,p1_0.path from product_image p1_0 where p1_0.product_id=?
Hibernate: select o1_0.product_id,o1_0.order_id,o2_0.order_id,c1_0.cust_id,c1_0.address,c1_0.email,c1_0.cust_name,c1_0.phone,o2_0.employee_id,e1_0.emp_id,e1_0.address,e1_0.dob,e1_0.email,e1_0.full_name,e1_0.phone,e1_0.status,o2_0.order_date,o1_0.note,o1_0.price,o1_0.quantity from order_detail o1_0 join orders o2_0 on o2_0.order_id=o1_0.order_id left join customer c1_0 on c1_0.cust_id=o2_0.cust_id left join employee e1_0 on e1_0.emp_id=o2_0.employee_id where o1_0.product_id=?
Hibernate: select l1_0.employee_id,l1_0.order_id,c1_0.cust_id,c1_0.address,c1_0.email,c1_0.cust_name,c1_0.phone,l1_0.order_date from orders l1_0 left join customer c1_0 on c1_0.cust_id=l1_0.cust_id where l1_0.employee_id=?
Hibernate: select p1_0.product_id,p1_0.description,p1_0.manufacturer_name,p1_0.name,p1_0.status,p1_0.unit,o1_0.product_id,o1_0.order_id,o2_0.order_id,c1_0.cust_id,c1_0.address,c1_0.email,c1_0.cust_name,c1_0.phone,o2_0.employee_id,e1_0.emp_id,e1_0.address,e1_0.dob,e1_0.email,e1_0.full_name,e1_0.phone,e1_0.status,o2_0.order_date,o1_0.note,o1_0.price,o1_0.quantity from product p1_0 left join order_detail o1_0 on p1_0.product_id=o1_0.product_id left join orders o2_0 on o2_0.order_id=o1_0.order_id left join customer c1_0 on c1_0.cust_id=o2_0.cust_id left join employee e1_0 on e1_0.emp_id=o2_0.employee_id where p1_0.product_id=?
Hibernate: select p1_0.product_id,p1_0.price_date_time,p1_0.note,p1_0.price from product_price p1_0 where p1_0.product_id=?
Hibernate: select p1_0.product_id,p1_0.image_id,p1_0.alternative,p1_0.path from product_image p1_0 where p1_0.product_id=?
Hibernate: insert into order_detail (note,price,quantity,order_id,product_id) values (?,?,?,?,?)
Hibernate: update orders set cust_id=?,employee_id=?,order_date=? where order_id=?
Hibernate: select e1_0.emp_id,e1_0.address,e1_0.dob,e1_0.email,e1_0.full_name,e1_0.phone,e1_0.status from employee e1_0 where e1_0.emp_id=?
Hibernate: select c1_0.cust_id,c1_0.address,c1_0.email,c1_0.cust_name,c1_0.phone from customer c1_0 where c1_0.cust_id=?
Hibernate: select o1_0.order_id,c1_0.cust_id,c1_0.address,c1_0.email,c1_0.cust_name,c1_0.phone,o1_0.employee_id,e1_0.emp_id,e1_0.address,e1_0.dob,e1_0.email,e1_0.full_name,e1_0.phone,e1_0.status,o1_0.order_date,o2_0.order_id,o2_0.product_id,p1_0.product_id,p1_0.description,p1_0.manufacturer_name,p1_0.name,p1_0.status,p1_0.unit,o2_0.note,o2_0.price,o2_0.quantity from orders o1_0 left join customer c1_0 on c1_0.cust_id=o1_0.cust_id join employee e1_0 on e1_0.emp_id=o1_0.employee_id left join order_detail o2_0 on o1_0.order_id=o2_0.order_id left join product p1_0 on p1_0.product_id=o2_0.product_id where o1_0.order_id=?
Hibernate: select c1_0.cust_id,c1_0.address,c1_0.email,c1_0.cust_name,c1_0.phone from customer c1_0 where c1_0.cust_id=?
Hibernate: select e1_0.emp_id,e1_0.address,e1_0.dob,e1_0.email,e1_0.full_name,e1_0.phone,e1_0.status from employee e1_0 where e1_0.emp_id=?
Hibernate: insert into orders (cust_id,employee_id,order_date,order_id) values (?,?,?,default)
Hibernate: select p1_0.product_id,p1_0.description,p1_0.manufacturer_name,p1_0.name,p1_0.status,p1_0.unit from product p1_0 where p1_0.product_id=?
Hibernate: select o1_0.order_id,o2_0.order_id,c1_0.cust_id,c1_0.address,c1_0.email,c1_0.cust_name,c1_0.phone,o2_0.employee_id,e1_0.emp_id,e1_0.address,e1_0.dob,e1_0.email,e1_0.full_name,e1_0.phone,e1_0.status,o2_0.order_date,o1_0.product_id,p1_0.product_id,p1_0.description,p1_0.manufacturer_name,p1_0.name,p1_0.status,p1_0.unit,p2_0.product_id,p2_0.image_id,p2_0.alternative,p2_0.path,o1_0.note,o1_0.price,o1_0.quantity from order_detail o1_0 join orders o2_0 on o2_0.order_id=o1_0.order_id left join customer c1_0 on c1_0.cust_id=o2_0.cust_id left join employee e1_0 on e1_0.emp_id=o2_0.employee_id join product p1_0 on p1_0.product_id=o1_0.product_id left join product_image p2_0 on p1_0.product_id=p2_0.product_id where (o1_0.order_id,o1_0.product_id) in ((?,?))
Hibernate: select o1_0.order_id,c1_0.cust_id,c1_0.address,c1_0.email,c1_0.cust_name,c1_0.phone,o1_0.employee_id,e1_0.emp_id,e1_0.address,e1_0.dob,e1_0.email,e1_0.full_name,e1_0.phone,e1_0.status,o1_0.order_date,o2_0.order_id,o2_0.product_id,p1_0.product_id,p1_0.description,p1_0.manufacturer_name,p1_0.name,p1_0.status,p1_0.unit,o2_0.note,o2_0.price,o2_0.quantity from orders o1_0 left join customer c1_0 on c1_0.cust_id=o1_0.cust_id join employee e1_0 on e1_0.emp_id=o1_0.employee_id left join order_detail o2_0 on o1_0.order_id=o2_0.order_id left join product p1_0 on p1_0.product_id=o2_0.product_id where o1_0.order_id=?
Hibernate: select l1_0.employee_id,l1_0.order_id,c1_0.cust_id,c1_0.address,c1_0.email,c1_0.cust_name,c1_0.phone,l1_0.order_date from orders l1_0 left join customer c1_0 on c1_0.cust_id=l1_0.cust_id where l1_0.employee_id=?
Hibernate: select p1_0.product_id,p1_0.description,p1_0.manufacturer_name,p1_0.name,p1_0.status,p1_0.unit,o1_0.product_id,o1_0.order_id,o2_0.order_id,c1_0.cust_id,c1_0.address,c1_0.email,c1_0.cust_name,c1_0.phone,o2_0.employee_id,e1_0.emp_id,e1_0.address,e1_0.dob,e1_0.email,e1_0.full_name,e1_0.phone,e1_0.status,o2_0.order_date,o1_0.note,o1_0.price,o1_0.quantity from product p1_0 left join order_detail o1_0 on p1_0.product_id=o1_0.product_id left join orders o2_0 on o2_0.order_id=o1_0.order_id left join customer c1_0 on c1_0.cust_id=o2_0.cust_id left join employee e1_0 on e1_0.emp_id=o2_0.employee_id where p1_0.product_id=?
Hibernate: select p1_0.product_id,p1_0.price_date_time,p1_0.note,p1_0.price from product_price p1_0 where p1_0.product_id=?
Hibernate: select p1_0.product_id,p1_0.image_id,p1_0.alternative,p1_0.path from product_image p1_0 where p1_0.product_id=?
Hibernate: select o1_0.order_id,o1_0.product_id,p1_0.product_id,p1_0.description,p1_0.manufacturer_name,p1_0.name,p1_0.status,p1_0.unit,o1_0.note,o1_0.price,o1_0.quantity from order_detail o1_0 join product p1_0 on p1_0.product_id=o1_0.product_id where o1_0.order_id=?
Hibernate: select l1_0.employee_id,l1_0.order_id,c1_0.cust_id,c1_0.address,c1_0.email,c1_0.cust_name,c1_0.phone,l1_0.order_date from orders l1_0 left join customer c1_0 on c1_0.cust_id=l1_0.cust_id where l1_0.employee_id=?
Hibernate: insert into order_detail (note,price,quantity,order_id,product_id) values (?,?,?,?,?)
Hibernate: update orders set cust_id=?,employee_id=?,order_date=? where order_id=?
Hibernate: select p1_0.product_id,p1_0.description,p1_0.manufacturer_name,p1_0.name,p1_0.status,p1_0.unit from product p1_0 where p1_0.product_id=?
Hibernate: select o1_0.order_id,o2_0.order_id,c1_0.cust_id,c1_0.address,c1_0.email,c1_0.cust_name,c1_0.phone,o2_0.employee_id,e1_0.emp_id,e1_0.address,e1_0.dob,e1_0.email,e1_0.full_name,e1_0.phone,e1_0.status,o2_0.order_date,o1_0.product_id,p1_0.product_id,p1_0.description,p1_0.manufacturer_name,p1_0.name,p1_0.status,p1_0.unit,p2_0.product_id,p2_0.image_id,p2_0.alternative,p2_0.path,o1_0.note,o1_0.price,o1_0.quantity from order_detail o1_0 join orders o2_0 on o2_0.order_id=o1_0.order_id left join customer c1_0 on c1_0.cust_id=o2_0.cust_id left join employee e1_0 on e1_0.emp_id=o2_0.employee_id join product p1_0 on p1_0.product_id=o1_0.product_id left join product_image p2_0 on p1_0.product_id=p2_0.product_id where (o1_0.order_id,o1_0.product_id) in ((?,?))
Hibernate: select o1_0.order_id,c1_0.cust_id,c1_0.address,c1_0.email,c1_0.cust_name,c1_0.phone,o1_0.employee_id,e1_0.emp_id,e1_0.address,e1_0.dob,e1_0.email,e1_0.full_name,e1_0.phone,e1_0.status,o1_0.order_date,o2_0.order_id,o2_0.product_id,p1_0.product_id,p1_0.description,p1_0.manufacturer_name,p1_0.name,p1_0.status,p1_0.unit,o2_0.note,o2_0.price,o2_0.quantity from orders o1_0 left join customer c1_0 on c1_0.cust_id=o1_0.cust_id join employee e1_0 on e1_0.emp_id=o1_0.employee_id left join order_detail o2_0 on o1_0.order_id=o2_0.order_id left join product p1_0 on p1_0.product_id=o2_0.product_id where o1_0.order_id=?
Hibernate: select p1_0.product_id,p1_0.price_date_time,p1_0.note,p1_0.price from product_price p1_0 where p1_0.product_id=?
Hibernate: select p1_0.product_id,p1_0.image_id,p1_0.alternative,p1_0.path from product_image p1_0 where p1_0.product_id=?
Hibernate: select o1_0.product_id,o1_0.order_id,o2_0.order_id,c1_0.cust_id,c1_0.address,c1_0.email,c1_0.cust_name,c1_0.phone,o2_0.employee_id,e1_0.emp_id,e1_0.address,e1_0.dob,e1_0.email,e1_0.full_name,e1_0.phone,e1_0.status,o2_0.order_date,o1_0.note,o1_0.price,o1_0.quantity from order_detail o1_0 join orders o2_0 on o2_0.order_id=o1_0.order_id left join customer c1_0 on c1_0.cust_id=o2_0.cust_id left join employee e1_0 on e1_0.emp_id=o2_0.employee_id where o1_0.product_id=?
Hibernate: select l1_0.employee_id,l1_0.order_id,c1_0.cust_id,c1_0.address,c1_0.email,c1_0.cust_name,c1_0.phone,l1_0.order_date from orders l1_0 left join customer c1_0 on c1_0.cust_id=l1_0.cust_id where l1_0.employee_id=?
Hibernate: select p1_0.product_id,p1_0.description,p1_0.manufacturer_name,p1_0.name,p1_0.status,p1_0.unit,o1_0.product_id,o1_0.order_id,o2_0.order_id,c1_0.cust_id,c1_0.address,c1_0.email,c1_0.cust_name,c1_0.phone,o2_0.employee_id,e1_0.emp_id,e1_0.address,e1_0.dob,e1_0.email,e1_0.full_name,e1_0.phone,e1_0.status,o2_0.order_date,o1_0.note,o1_0.price,o1_0.quantity from product p1_0 left join order_detail o1_0 on p1_0.product_id=o1_0.product_id left join orders o2_0 on o2_0.order_id=o1_0.order_id left join customer c1_0 on c1_0.cust_id=o2_0.cust_id left join employee e1_0 on e1_0.emp_id=o2_0.employee_id where p1_0.product_id=?
Hibernate: select o1_0.order_id,o1_0.product_id,p1_0.product_id,p1_0.description,p1_0.manufacturer_name,p1_0.name,p1_0.status,p1_0.unit,o1_0.note,o1_0.price,o1_0.quantity from order_detail o1_0 join product p1_0 on p1_0.product_id=o1_0.product_id where o1_0.order_id=?
Hibernate: select l1_0.employee_id,l1_0.order_id,c1_0.cust_id,c1_0.address,c1_0.email,c1_0.cust_name,c1_0.phone,l1_0.order_date from orders l1_0 left join customer c1_0 on c1_0.cust_id=l1_0.cust_id where l1_0.employee_id=?
Hibernate: select p1_0.product_id,p1_0.price_date_time,p1_0.note,p1_0.price from product_price p1_0 where p1_0.product_id=?
Hibernate: select p1_0.product_id,p1_0.image_id,p1_0.alternative,p1_0.path from product_image p1_0 where p1_0.product_id=?
Hibernate: select o1_0.order_id,o1_0.product_id,p1_0.product_id,p1_0.description,p1_0.manufacturer_name,p1_0.name,p1_0.status,p1_0.unit,o1_0.note,o1_0.price,o1_0.quantity from order_detail o1_0 join product p1_0 on p1_0.product_id=o1_0.product_id where o1_0.order_id=?
Hibernate: select l1_0.employee_id,l1_0.order_id,c1_0.cust_id,c1_0.address,c1_0.email,c1_0.cust_name,c1_0.phone,l1_0.order_date from orders l1_0 left join customer c1_0 on c1_0.cust_id=l1_0.cust_id where l1_0.employee_id=?
Hibernate: insert into order_detail (note,price,quantity,order_id,product_id) values (?,?,?,?,?)
Hibernate: update orders set cust_id=?,employee_id=?,order_date=? where order_id=?
Hibernate: select p1_0.product_id,p1_0.description,p1_0.manufacturer_name,p1_0.name,p1_0.status,p1_0.unit from product p1_0 where p1_0.product_id=?
Hibernate: select o1_0.order_id,o2_0.order_id,c1_0.cust_id,c1_0.address,c1_0.email,c1_0.cust_name,c1_0.phone,o2_0.employee_id,e1_0.emp_id,e1_0.address,e1_0.dob,e1_0.email,e1_0.full_name,e1_0.phone,e1_0.status,o2_0.order_date,o1_0.product_id,p1_0.product_id,p1_0.description,p1_0.manufacturer_name,p1_0.name,p1_0.status,p1_0.unit,p2_0.product_id,p2_0.image_id,p2_0.alternative,p2_0.path,o1_0.note,o1_0.price,o1_0.quantity from order_detail o1_0 join orders o2_0 on o2_0.order_id=o1_0.order_id left join customer c1_0 on c1_0.cust_id=o2_0.cust_id left join employee e1_0 on e1_0.emp_id=o2_0.employee_id join product p1_0 on p1_0.product_id=o1_0.product_id left join product_image p2_0 on p1_0.product_id=p2_0.product_id where (o1_0.order_id,o1_0.product_id) in ((?,?))
Hibernate: select o1_0.order_id,c1_0.cust_id,c1_0.address,c1_0.email,c1_0.cust_name,c1_0.phone,o1_0.employee_id,e1_0.emp_id,e1_0.address,e1_0.dob,e1_0.email,e1_0.full_name,e1_0.phone,e1_0.status,o1_0.order_date,o2_0.order_id,o2_0.product_id,p1_0.product_id,p1_0.description,p1_0.manufacturer_name,p1_0.name,p1_0.status,p1_0.unit,o2_0.note,o2_0.price,o2_0.quantity from orders o1_0 left join customer c1_0 on c1_0.cust_id=o1_0.cust_id join employee e1_0 on e1_0.emp_id=o1_0.employee_id left join order_detail o2_0 on o1_0.order_id=o2_0.order_id left join product p1_0 on p1_0.product_id=o2_0.product_id where o1_0.order_id=?
Hibernate: select p1_0.product_id,p1_0.price_date_time,p1_0.note,p1_0.price from product_price p1_0 where p1_0.product_id=?
Hibernate: select p1_0.product_id,p1_0.image_id,p1_0.alternative,p1_0.path from product_image p1_0 where p1_0.product_id=?
Hibernate: select o1_0.product_id,o1_0.order_id,o2_0.order_id,c1_0.cust_id,c1_0.address,c1_0.email,c1_0.cust_name,c1_0.phone,o2_0.employee_id,e1_0.emp_id,e1_0.address,e1_0.dob,e1_0.email,e1_0.full_name,e1_0.phone,e1_0.status,o2_0.order_date,o1_0.note,o1_0.price,o1_0.quantity from order_detail o1_0 join orders o2_0 on o2_0.order_id=o1_0.order_id left join customer c1_0 on c1_0.cust_id=o2_0.cust_id left join employee e1_0 on e1_0.emp_id=o2_0.employee_id where o1_0.product_id=?
Hibernate: select p1_0.product_id,p1_0.price_date_time,p1_0.note,p1_0.price from product_price p1_0 where p1_0.product_id=?
Hibernate: select p1_0.product_id,p1_0.image_id,p1_0.alternative,p1_0.path from product_image p1_0 where p1_0.product_id=?
Hibernate: select o1_0.product_id,o1_0.order_id,o2_0.order_id,c1_0.cust_id,c1_0.address,c1_0.email,c1_0.cust_name,c1_0.phone,o2_0.employee_id,e1_0.emp_id,e1_0.address,e1_0.dob,e1_0.email,e1_0.full_name,e1_0.phone,e1_0.status,o2_0.order_date,o1_0.note,o1_0.price,o1_0.quantity from order_detail o1_0 join orders o2_0 on o2_0.order_id=o1_0.order_id left join customer c1_0 on c1_0.cust_id=o2_0.cust_id left join employee e1_0 on e1_0.emp_id=o2_0.employee_id where o1_0.product_id=?
Hibernate: select l1_0.employee_id,l1_0.order_id,c1_0.cust_id,c1_0.address,c1_0.email,c1_0.cust_name,c1_0.phone,l1_0.order_date from orders l1_0 left join customer c1_0 on c1_0.cust_id=l1_0.cust_id where l1_0.employee_id=?
Hibernate: select p1_0.product_id,p1_0.description,p1_0.manufacturer_name,p1_0.name,p1_0.status,p1_0.unit,o1_0.product_id,o1_0.order_id,o2_0.order_id,c1_0.cust_id,c1_0.address,c1_0.email,c1_0.cust_name,c1_0.phone,o2_0.employee_id,e1_0.emp_id,e1_0.address,e1_0.dob,e1_0.email,e1_0.full_name,e1_0.phone,e1_0.status,o2_0.order_date,o1_0.note,o1_0.price,o1_0.quantity from product p1_0 left join order_detail o1_0 on p1_0.product_id=o1_0.product_id left join orders o2_0 on o2_0.order_id=o1_0.order_id left join customer c1_0 on c1_0.cust_id=o2_0.cust_id left join employee e1_0 on e1_0.emp_id=o2_0.employee_id where p1_0.product_id=?
Hibernate: select p1_0.product_id,p1_0.price_date_time,p1_0.note,p1_0.price from product_price p1_0 where p1_0.product_id=?
Hibernate: select p1_0.product_id,p1_0.image_id,p1_0.alternative,p1_0.path from product_image p1_0 where p1_0.product_id=?
Hibernate: insert into order_detail (note,price,quantity,order_id,product_id) values (?,?,?,?,?)
Hibernate: update orders set cust_id=?,employee_id=?,order_date=? where order_id=?
Hibernate: select e1_0.emp_id,e1_0.address,e1_0.dob,e1_0.email,e1_0.full_name,e1_0.phone,e1_0.status from employee e1_0 where e1_0.emp_id=?
Hibernate: select c1_0.cust_id,c1_0.address,c1_0.email,c1_0.cust_name,c1_0.phone from customer c1_0 where c1_0.cust_id=?
Hibernate: select o1_0.order_id,c1_0.cust_id,c1_0.address,c1_0.email,c1_0.cust_name,c1_0.phone,o1_0.employee_id,e1_0.emp_id,e1_0.address,e1_0.dob,e1_0.email,e1_0.full_name,e1_0.phone,e1_0.status,o1_0.order_date,o2_0.order_id,o2_0.product_id,p1_0.product_id,p1_0.description,p1_0.manufacturer_name,p1_0.name,p1_0.status,p1_0.unit,o2_0.note,o2_0.price,o2_0.quantity from orders o1_0 left join customer c1_0 on c1_0.cust_id=o1_0.cust_id join employee e1_0 on e1_0.emp_id=o1_0.employee_id left join order_detail o2_0 on o1_0.order_id=o2_0.order_id left join product p1_0 on p1_0.product_id=o2_0.product_id where o1_0.order_id=?
Hibernate: select c1_0.cust_id,c1_0.address,c1_0.email,c1_0.cust_name,c1_0.phone from customer c1_0 where c1_0.cust_id=?
Hibernate: select e1_0.emp_id,e1_0.address,e1_0.dob,e1_0.email,e1_0.full_name,e1_0.phone,e1_0.status from employee e1_0 where e1_0.emp_id=?
Hibernate: insert into orders (cust_id,employee_id,order_date,order_id) values (?,?,?,default)
Hibernate: select p1_0.product_id,p1_0.description,p1_0.manufacturer_name,p1_0.name,p1_0.status,p1_0.unit from product p1_0 where p1_0.product_id=?
Hibernate: select o1_0.order_id,o2_0.order_id,c1_0.cust_id,c1_0.address,c1_0.email,c1_0.cust_name,c1_0.phone,o2_0.employee_id,e1_0.emp_id,e1_0.address,e1_0.dob,e1_0.email,e1_0.full_name,e1_0.phone,e1_0.status,o2_0.order_date,o1_0.product_id,p1_0.product_id,p1_0.description,p1_0.manufacturer_name,p1_0.name,p1_0.status,p1_0.unit,p2_0.product_id,p2_0.image_id,p2_0.alternative,p2_0.path,o1_0.note,o1_0.price,o1_0.quantity from order_detail o1_0 join orders o2_0 on o2_0.order_id=o1_0.order_id left join customer c1_0 on c1_0.cust_id=o2_0.cust_id left join employee e1_0 on e1_0.emp_id=o2_0.employee_id join product p1_0 on p1_0.product_id=o1_0.product_id left join product_image p2_0 on p1_0.product_id=p2_0.product_id where (o1_0.order_id,o1_0.product_id) in ((?,?))
Hibernate: select o1_0.order_id,c1_0.cust_id,c1_0.address,c1_0.email,c1_0.cust_name,c1_0.phone,o1_0.employee_id,e1_0.emp_id,e1_0.address,e1_0.dob,e1_0.email,e1_0.full_name,e1_0.phone,e1_0.status,o1_0.order_date,o2_0.order_id,o2_0.product_id,p1_0.product_id,p1_0.description,p1_0.manufacturer_name,p1_0.name,p1_0.status,p1_0.unit,o2_0.note,o2_0.price,o2_0.quantity from orders o1_0 left join customer c1_0 on c1_0.cust_id=o1_0.cust_id join employee e1_0 on e1_0.emp_id=o1_0.employee_id left join order_detail o2_0 on o1_0.order_id=o2_0.order_id left join product p1_0 on p1_0.product_id=o2_0.product_id where o1_0.order_id=?
Hibernate: select l1_0.employee_id,l1_0.order_id,c1_0.cust_id,c1_0.address,c1_0.email,c1_0.cust_name,c1_0.phone,l1_0.order_date from orders l1_0 left join customer c1_0 on c1_0.cust_id=l1_0.cust_id where l1_0.employee_id=?
Hibernate: select p1_0.product_id,p1_0.description,p1_0.manufacturer_name,p1_0.name,p1_0.status,p1_0.unit,o1_0.product_id,o1_0.order_id,o2_0.order_id,c1_0.cust_id,c1_0.address,c1_0.email,c1_0.cust_name,c1_0.phone,o2_0.employee_id,e1_0.emp_id,e1_0.address,e1_0.dob,e1_0.email,e1_0.full_name,e1_0.phone,e1_0.status,o2_0.order_date,o1_0.note,o1_0.price,o1_0.quantity from product p1_0 left join order_detail o1_0 on p1_0.product_id=o1_0.product_id left join orders o2_0 on o2_0.order_id=o1_0.order_id left join customer c1_0 on c1_0.cust_id=o2_0.cust_id left join employee e1_0 on e1_0.emp_id=o2_0.employee_id where p1_0.product_id=?
Hibernate: select o1_0.order_id,o1_0.product_id,p1_0.product_id,p1_0.description,p1_0.manufacturer_name,p1_0.name,p1_0.status,p1_0.unit,o1_0.note,o1_0.price,o1_0.quantity from order_detail o1_0 join product p1_0 on p1_0.product_id=o1_0.product_id where o1_0.order_id=?
Hibernate: select l1_0.employee_id,l1_0.order_id,c1_0.cust_id,c1_0.address,c1_0.email,c1_0.cust_name,c1_0.phone,l1_0.order_date from orders l1_0 left join customer c1_0 on c1_0.cust_id=l1_0.cust_id where l1_0.employee_id=?
Hibernate: select p1_0.product_id,p1_0.price_date_time,p1_0.note,p1_0.price from product_price p1_0 where p1_0.product_id=?
Hibernate: select p1_0.product_id,p1_0.image_id,p1_0.alternative,p1_0.path from product_image p1_0 where p1_0.product_id=?
Hibernate: select o1_0.order_id,o1_0.product_id,p1_0.product_id,p1_0.description,p1_0.manufacturer_name,p1_0.name,p1_0.status,p1_0.unit,o1_0.note,o1_0.price,o1_0.quantity from order_detail o1_0 join product p1_0 on p1_0.product_id=o1_0.product_id where o1_0.order_id=?
Hibernate: select l1_0.employee_id,l1_0.order_id,c1_0.cust_id,c1_0.address,c1_0.email,c1_0.cust_name,c1_0.phone,l1_0.order_date from orders l1_0 left join customer c1_0 on c1_0.cust_id=l1_0.cust_id where l1_0.employee_id=?
Hibernate: insert into order_detail (note,price,quantity,order_id,product_id) values (?,?,?,?,?)
Hibernate: update orders set cust_id=?,employee_id=?,order_date=? where order_id=?
Hibernate: select p1_0.product_id,p1_0.description,p1_0.manufacturer_name,p1_0.name,p1_0.status,p1_0.unit from product p1_0 where p1_0.product_id=?
Hibernate: select o1_0.order_id,o2_0.order_id,c1_0.cust_id,c1_0.address,c1_0.email,c1_0.cust_name,c1_0.phone,o2_0.employee_id,e1_0.emp_id,e1_0.address,e1_0.dob,e1_0.email,e1_0.full_name,e1_0.phone,e1_0.status,o2_0.order_date,o1_0.product_id,p1_0.product_id,p1_0.description,p1_0.manufacturer_name,p1_0.name,p1_0.status,p1_0.unit,p2_0.product_id,p2_0.image_id,p2_0.alternative,p2_0.path,o1_0.note,o1_0.price,o1_0.quantity from order_detail o1_0 join orders o2_0 on o2_0.order_id=o1_0.order_id left join customer c1_0 on c1_0.cust_id=o2_0.cust_id left join employee e1_0 on e1_0.emp_id=o2_0.employee_id join product p1_0 on p1_0.product_id=o1_0.product_id left join product_image p2_0 on p1_0.product_id=p2_0.product_id where (o1_0.order_id,o1_0.product_id) in ((?,?))
Hibernate: select o1_0.order_id,c1_0.cust_id,c1_0.address,c1_0.email,c1_0.cust_name,c1_0.phone,o1_0.employee_id,e1_0.emp_id,e1_0.address,e1_0.dob,e1_0.email,e1_0.full_name,e1_0.phone,e1_0.status,o1_0.order_date,o2_0.order_id,o2_0.product_id,p1_0.product_id,p1_0.description,p1_0.manufacturer_name,p1_0.name,p1_0.status,p1_0.unit,o2_0.note,o2_0.price,o2_0.quantity from orders o1_0 left join customer c1_0 on c1_0.cust_id=o1_0.cust_id join employee e1_0 on e1_0.emp_id=o1_0.employee_id left join order_detail o2_0 on o1_0.order_id=o2_0.order_id left join product p1_0 on p1_0.product_id=o2_0.product_id where o1_0.order_id=?
Hibernate: select p1_0.product_id,p1_0.price_date_time,p1_0.note,p1_0.price from product_price p1_0 where p1_0.product_id=?
Hibernate: select p1_0.product_id,p1_0.image_id,p1_0.alternative,p1_0.path from product_image p1_0 where p1_0.product_id=?
Hibernate: select o1_0.product_id,o1_0.order_id,o2_0.order_id,c1_0.cust_id,c1_0.address,c1_0.email,c1_0.cust_name,c1_0.phone,o2_0.employee_id,e1_0.emp_id,e1_0.address,e1_0.dob,e1_0.email,e1_0.full_name,e1_0.phone,e1_0.status,o2_0.order_date,o1_0.note,o1_0.price,o1_0.quantity from order_detail o1_0 join orders o2_0 on o2_0.order_id=o1_0.order_id left join customer c1_0 on c1_0.cust_id=o2_0.cust_id left join employee e1_0 on e1_0.emp_id=o2_0.employee_id where o1_0.product_id=?
Hibernate: select l1_0.employee_id,l1_0.order_id,c1_0.cust_id,c1_0.address,c1_0.email,c1_0.cust_name,c1_0.phone,l1_0.order_date from orders l1_0 left join customer c1_0 on c1_0.cust_id=l1_0.cust_id where l1_0.employee_id=?
Hibernate: select p1_0.product_id,p1_0.description,p1_0.manufacturer_name,p1_0.name,p1_0.status,p1_0.unit,o1_0.product_id,o1_0.order_id,o2_0.order_id,c1_0.cust_id,c1_0.address,c1_0.email,c1_0.cust_name,c1_0.phone,o2_0.employee_id,e1_0.emp_id,e1_0.address,e1_0.dob,e1_0.email,e1_0.full_name,e1_0.phone,e1_0.status,o2_0.order_date,o1_0.note,o1_0.price,o1_0.quantity from product p1_0 left join order_detail o1_0 on p1_0.product_id=o1_0.product_id left join orders o2_0 on o2_0.order_id=o1_0.order_id left join customer c1_0 on c1_0.cust_id=o2_0.cust_id left join employee e1_0 on e1_0.emp_id=o2_0.employee_id where p1_0.product_id=?
Hibernate: select p1_0.product_id,p1_0.price_date_time,p1_0.note,p1_0.price from product_price p1_0 where p1_0.product_id=?
Hibernate: select p1_0.product_id,p1_0.image_id,p1_0.alternative,p1_0.path from product_image p1_0 where p1_0.product_id=?
Hibernate: insert into order_detail (note,price,quantity,order_id,product_id) values (?,?,?,?,?)
Hibernate: update orders set cust_id=?,employee_id=?,order_date=? where order_id=?
Hibernate: select p1_0.product_id,p1_0.description,p1_0.manufacturer_name,p1_0.name,p1_0.status,p1_0.unit from product p1_0 where p1_0.product_id=?
Hibernate: select o1_0.order_id,o2_0.order_id,c1_0.cust_id,c1_0.address,c1_0.email,c1_0.cust_name,c1_0.phone,o2_0.employee_id,e1_0.emp_id,e1_0.address,e1_0.dob,e1_0.email,e1_0.full_name,e1_0.phone,e1_0.status,o2_0.order_date,o1_0.product_id,p1_0.product_id,p1_0.description,p1_0.manufacturer_name,p1_0.name,p1_0.status,p1_0.unit,p2_0.product_id,p2_0.image_id,p2_0.alternative,p2_0.path,o1_0.note,o1_0.price,o1_0.quantity from order_detail o1_0 join orders o2_0 on o2_0.order_id=o1_0.order_id left join customer c1_0 on c1_0.cust_id=o2_0.cust_id left join employee e1_0 on e1_0.emp_id=o2_0.employee_id join product p1_0 on p1_0.product_id=o1_0.product_id left join product_image p2_0 on p1_0.product_id=p2_0.product_id where (o1_0.order_id,o1_0.product_id) in ((?,?))
Hibernate: select o1_0.order_id,c1_0.cust_id,c1_0.address,c1_0.email,c1_0.cust_name,c1_0.phone,o1_0.employee_id,e1_0.emp_id,e1_0.address,e1_0.dob,e1_0.email,e1_0.full_name,e1_0.phone,e1_0.status,o1_0.order_date,o2_0.order_id,o2_0.product_id,p1_0.product_id,p1_0.description,p1_0.manufacturer_name,p1_0.name,p1_0.status,p1_0.unit,o2_0.note,o2_0.price,o2_0.quantity from orders o1_0 left join customer c1_0 on c1_0.cust_id=o1_0.cust_id join employee e1_0 on e1_0.emp_id=o1_0.employee_id left join order_detail o2_0 on o1_0.order_id=o2_0.order_id left join product p1_0 on p1_0.product_id=o2_0.product_id where o1_0.order_id=?
Hibernate: select p1_0.product_id,p1_0.price_date_time,p1_0.note,p1_0.price from product_price p1_0 where p1_0.product_id=?
Hibernate: select p1_0.product_id,p1_0.image_id,p1_0.alternative,p1_0.path from product_image p1_0 where p1_0.product_id=?
Hibernate: select o1_0.product_id,o1_0.order_id,o2_0.order_id,c1_0.cust_id,c1_0.address,c1_0.email,c1_0.cust_name,c1_0.phone,o2_0.employee_id,e1_0.emp_id,e1_0.address,e1_0.dob,e1_0.email,e1_0.full_name,e1_0.phone,e1_0.status,o2_0.order_date,o1_0.note,o1_0.price,o1_0.quantity from order_detail o1_0 join orders o2_0 on o2_0.order_id=o1_0.order_id left join customer c1_0 on c1_0.cust_id=o2_0.cust_id left join employee e1_0 on e1_0.emp_id=o2_0.employee_id where o1_0.product_id=?
Hibernate: select p1_0.product_id,p1_0.price_date_time,p1_0.note,p1_0.price from product_price p1_0 where p1_0.product_id=?
Hibernate: select p1_0.product_id,p1_0.image_id,p1_0.alternative,p1_0.path from product_image p1_0 where p1_0.product_id=?
Hibernate: select o1_0.product_id,o1_0.order_id,o2_0.order_id,c1_0.cust_id,c1_0.address,c1_0.email,c1_0.cust_name,c1_0.phone,o2_0.employee_id,e1_0.emp_id,e1_0.address,e1_0.dob,e1_0.email,e1_0.full_name,e1_0.phone,e1_0.status,o2_0.order_date,o1_0.note,o1_0.price,o1_0.quantity from order_detail o1_0 join orders o2_0 on o2_0.order_id=o1_0.order_id left join customer c1_0 on c1_0.cust_id=o2_0.cust_id left join employee e1_0 on e1_0.emp_id=o2_0.employee_id where o1_0.product_id=?
Hibernate: select l1_0.employee_id,l1_0.order_id,c1_0.cust_id,c1_0.address,c1_0.email,c1_0.cust_name,c1_0.phone,l1_0.order_date from orders l1_0 left join customer c1_0 on c1_0.cust_id=l1_0.cust_id where l1_0.employee_id=?
Hibernate: select p1_0.product_id,p1_0.description,p1_0.manufacturer_name,p1_0.name,p1_0.status,p1_0.unit,o1_0.product_id,o1_0.order_id,o2_0.order_id,c1_0.cust_id,c1_0.address,c1_0.email,c1_0.cust_name,c1_0.phone,o2_0.employee_id,e1_0.emp_id,e1_0.address,e1_0.dob,e1_0.email,e1_0.full_name,e1_0.phone,e1_0.status,o2_0.order_date,o1_0.note,o1_0.price,o1_0.quantity from product p1_0 left join order_detail o1_0 on p1_0.product_id=o1_0.product_id left join orders o2_0 on o2_0.order_id=o1_0.order_id left join customer c1_0 on c1_0.cust_id=o2_0.cust_id left join employee e1_0 on e1_0.emp_id=o2_0.employee_id where p1_0.product_id=?
Hibernate: select p1_0.product_id,p1_0.price_date_time,p1_0.note,p1_0.price from product_price p1_0 where p1_0.product_id=?
Hibernate: select p1_0.product_id,p1_0.image_id,p1_0.alternative,p1_0.path from product_image p1_0 where p1_0.product_id=?
Hibernate: insert into order_detail (note,price,quantity,order_id,product_id) values (?,?,?,?,?)
Hibernate: update orders set cust_id=?,employee_id=?,order_date=? where order_id=?
Hibernate: select e1_0.emp_id,e1_0.address,e1_0.dob,e1_0.email,e1_0.full_name,e1_0.phone,e1_0.status from employee e1_0 where e1_0.emp_id=?
Hibernate: select c1_0.cust_id,c1_0.address,c1_0.email,c1_0.cust_name,c1_0.phone from customer c1_0 where c1_0.cust_id=?
Hibernate: select o1_0.order_id,c1_0.cust_id,c1_0.address,c1_0.email,c1_0.cust_name,c1_0.phone,o1_0.employee_id,e1_0.emp_id,e1_0.address,e1_0.dob,e1_0.email,e1_0.full_name,e1_0.phone,e1_0.status,o1_0.order_date,o2_0.order_id,o2_0.product_id,p1_0.product_id,p1_0.description,p1_0.manufacturer_name,p1_0.name,p1_0.status,p1_0.unit,o2_0.note,o2_0.price,o2_0.quantity from orders o1_0 left join customer c1_0 on c1_0.cust_id=o1_0.cust_id join employee e1_0 on e1_0.emp_id=o1_0.employee_id left join order_detail o2_0 on o1_0.order_id=o2_0.order_id left join product p1_0 on p1_0.product_id=o2_0.product_id where o1_0.order_id=?
Hibernate: select c1_0.cust_id,c1_0.address,c1_0.email,c1_0.cust_name,c1_0.phone from customer c1_0 where c1_0.cust_id=?
Hibernate: select e1_0.emp_id,e1_0.address,e1_0.dob,e1_0.email,e1_0.full_name,e1_0.phone,e1_0.status from employee e1_0 where e1_0.emp_id=?
Hibernate: insert into orders (cust_id,employee_id,order_date,order_id) values (?,?,?,default)
Hibernate: select p1_0.product_id,p1_0.description,p1_0.manufacturer_name,p1_0.name,p1_0.status,p1_0.unit from product p1_0 where p1_0.product_id=?
Hibernate: select o1_0.order_id,o2_0.order_id,c1_0.cust_id,c1_0.address,c1_0.email,c1_0.cust_name,c1_0.phone,o2_0.employee_id,e1_0.emp_id,e1_0.address,e1_0.dob,e1_0.email,e1_0.full_name,e1_0.phone,e1_0.status,o2_0.order_date,o1_0.product_id,p1_0.product_id,p1_0.description,p1_0.manufacturer_name,p1_0.name,p1_0.status,p1_0.unit,p2_0.product_id,p2_0.image_id,p2_0.alternative,p2_0.path,o1_0.note,o1_0.price,o1_0.quantity from order_detail o1_0 join orders o2_0 on o2_0.order_id=o1_0.order_id left join customer c1_0 on c1_0.cust_id=o2_0.cust_id left join employee e1_0 on e1_0.emp_id=o2_0.employee_id join product p1_0 on p1_0.product_id=o1_0.product_id left join product_image p2_0 on p1_0.product_id=p2_0.product_id where (o1_0.order_id,o1_0.product_id) in ((?,?))
Hibernate: select o1_0.order_id,c1_0.cust_id,c1_0.address,c1_0.email,c1_0.cust_name,c1_0.phone,o1_0.employee_id,e1_0.emp_id,e1_0.address,e1_0.dob,e1_0.email,e1_0.full_name,e1_0.phone,e1_0.status,o1_0.order_date,o2_0.order_id,o2_0.product_id,p1_0.product_id,p1_0.description,p1_0.manufacturer_name,p1_0.name,p1_0.status,p1_0.unit,o2_0.note,o2_0.price,o2_0.quantity from orders o1_0 left join customer c1_0 on c1_0.cust_id=o1_0.cust_id join employee e1_0 on e1_0.emp_id=o1_0.employee_id left join order_detail o2_0 on o1_0.order_id=o2_0.order_id left join product p1_0 on p1_0.product_id=o2_0.product_id where o1_0.order_id=?
Hibernate: select l1_0.employee_id,l1_0.order_id,c1_0.cust_id,c1_0.address,c1_0.email,c1_0.cust_name,c1_0.phone,l1_0.order_date from orders l1_0 left join customer c1_0 on c1_0.cust_id=l1_0.cust_id where l1_0.employee_id=?
Hibernate: select p1_0.product_id,p1_0.description,p1_0.manufacturer_name,p1_0.name,p1_0.status,p1_0.unit,o1_0.product_id,o1_0.order_id,o2_0.order_id,c1_0.cust_id,c1_0.address,c1_0.email,c1_0.cust_name,c1_0.phone,o2_0.employee_id,e1_0.emp_id,e1_0.address,e1_0.dob,e1_0.email,e1_0.full_name,e1_0.phone,e1_0.status,o2_0.order_date,o1_0.note,o1_0.price,o1_0.quantity from product p1_0 left join order_detail o1_0 on p1_0.product_id=o1_0.product_id left join orders o2_0 on o2_0.order_id=o1_0.order_id left join customer c1_0 on c1_0.cust_id=o2_0.cust_id left join employee e1_0 on e1_0.emp_id=o2_0.employee_id where p1_0.product_id=?
Hibernate: select p1_0.product_id,p1_0.price_date_time,p1_0.note,p1_0.price from product_price p1_0 where p1_0.product_id=?
Hibernate: select p1_0.product_id,p1_0.image_id,p1_0.alternative,p1_0.path from product_image p1_0 where p1_0.product_id=?
Hibernate: insert into order_detail (note,price,quantity,order_id,product_id) values (?,?,?,?,?)
Hibernate: update orders set cust_id=?,employee_id=?,order_date=? where order_id=?
Hibernate: select p1_0.product_id,p1_0.description,p1_0.manufacturer_name,p1_0.name,p1_0.status,p1_0.unit from product p1_0 where p1_0.product_id=?
Hibernate: select o1_0.order_id,o2_0.order_id,c1_0.cust_id,c1_0.address,c1_0.email,c1_0.cust_name,c1_0.phone,o2_0.employee_id,e1_0.emp_id,e1_0.address,e1_0.dob,e1_0.email,e1_0.full_name,e1_0.phone,e1_0.status,o2_0.order_date,o1_0.product_id,p1_0.product_id,p1_0.description,p1_0.manufacturer_name,p1_0.name,p1_0.status,p1_0.unit,p2_0.product_id,p2_0.image_id,p2_0.alternative,p2_0.path,o1_0.note,o1_0.price,o1_0.quantity from order_detail o1_0 join orders o2_0 on o2_0.order_id=o1_0.order_id left join customer c1_0 on c1_0.cust_id=o2_0.cust_id left join employee e1_0 on e1_0.emp_id=o2_0.employee_id join product p1_0 on p1_0.product_id=o1_0.product_id left join product_image p2_0 on p1_0.product_id=p2_0.product_id where (o1_0.order_id,o1_0.product_id) in ((?,?))
Hibernate: select o1_0.order_id,c1_0.cust_id,c1_0.address,c1_0.email,c1_0.cust_name,c1_0.phone,o1_0.employee_id,e1_0.emp_id,e1_0.address,e1_0.dob,e1_0.email,e1_0.full_name,e1_0.phone,e1_0.status,o1_0.order_date,o2_0.order_id,o2_0.product_id,p1_0.product_id,p1_0.description,p1_0.manufacturer_name,p1_0.name,p1_0.status,p1_0.unit,o2_0.note,o2_0.price,o2_0.quantity from orders o1_0 left join customer c1_0 on c1_0.cust_id=o1_0.cust_id join employee e1_0 on e1_0.emp_id=o1_0.employee_id left join order_detail o2_0 on o1_0.order_id=o2_0.order_id left join product p1_0 on p1_0.product_id=o2_0.product_id where o1_0.order_id=?
Hibernate: select p1_0.product_id,p1_0.price_date_time,p1_0.note,p1_0.price from product_price p1_0 where p1_0.product_id=?
Hibernate: select p1_0.product_id,p1_0.image_id,p1_0.alternative,p1_0.path from product_image p1_0 where p1_0.product_id=?
Hibernate: select o1_0.product_id,o1_0.order_id,o2_0.order_id,c1_0.cust_id,c1_0.address,c1_0.email,c1_0.cust_name,c1_0.phone,o2_0.employee_id,e1_0.emp_id,e1_0.address,e1_0.dob,e1_0.email,e1_0.full_name,e1_0.phone,e1_0.status,o2_0.order_date,o1_0.note,o1_0.price,o1_0.quantity from order_detail o1_0 join orders o2_0 on o2_0.order_id=o1_0.order_id left join customer c1_0 on c1_0.cust_id=o2_0.cust_id left join employee e1_0 on e1_0.emp_id=o2_0.employee_id where o1_0.product_id=?
Hibernate: select l1_0.employee_id,l1_0.order_id,c1_0.cust_id,c1_0.address,c1_0.email,c1_0.cust_name,c1_0.phone,l1_0.order_date from orders l1_0 left join customer c1_0 on c1_0.cust_id=l1_0.cust_id where l1_0.employee_id=?
Hibernate: select p1_0.product_id,p1_0.description,p1_0.manufacturer_name,p1_0.name,p1_0.status,p1_0.unit,o1_0.product_id,o1_0.order_id,o2_0.order_id,c1_0.cust_id,c1_0.address,c1_0.email,c1_0.cust_name,c1_0.phone,o2_0.employee_id,e1_0.emp_id,e1_0.address,e1_0.dob,e1_0.email,e1_0.full_name,e1_0.phone,e1_0.status,o2_0.order_date,o1_0.note,o1_0.price,o1_0.quantity from product p1_0 left join order_detail o1_0 on p1_0.product_id=o1_0.product_id left join orders o2_0 on o2_0.order_id=o1_0.order_id left join customer c1_0 on c1_0.cust_id=o2_0.cust_id left join employee e1_0 on e1_0.emp_id=o2_0.employee_id where p1_0.product_id=?
Hibernate: select p1_0.product_id,p1_0.price_date_time,p1_0.note,p1_0.price from product_price p1_0 where p1_0.product_id=?
Hibernate: select p1_0.product_id,p1_0.image_id,p1_0.alternative,p1_0.path from product_image p1_0 where p1_0.product_id=?
Hibernate: insert into order_detail (note,price,quantity,order_id,product_id) values (?,?,?,?,?)
Hibernate: update orders set cust_id=?,employee_id=?,order_date=? where order_id=?
Hibernate: select p1_0.product_id,p1_0.description,p1_0.manufacturer_name,p1_0.name,p1_0.status,p1_0.unit from product p1_0 where p1_0.product_id=?
Hibernate: select o1_0.order_id,o2_0.order_id,c1_0.cust_id,c1_0.address,c1_0.email,c1_0.cust_name,c1_0.phone,o2_0.employee_id,e1_0.emp_id,e1_0.address,e1_0.dob,e1_0.email,e1_0.full_name,e1_0.phone,e1_0.status,o2_0.order_date,o1_0.product_id,p1_0.product_id,p1_0.description,p1_0.manufacturer_name,p1_0.name,p1_0.status,p1_0.unit,p2_0.product_id,p2_0.image_id,p2_0.alternative,p2_0.path,o1_0.note,o1_0.price,o1_0.quantity from order_detail o1_0 join orders o2_0 on o2_0.order_id=o1_0.order_id left join customer c1_0 on c1_0.cust_id=o2_0.cust_id left join employee e1_0 on e1_0.emp_id=o2_0.employee_id join product p1_0 on p1_0.product_id=o1_0.product_id left join product_image p2_0 on p1_0.product_id=p2_0.product_id where (o1_0.order_id,o1_0.product_id) in ((?,?))
Hibernate: select o1_0.order_id,c1_0.cust_id,c1_0.address,c1_0.email,c1_0.cust_name,c1_0.phone,o1_0.employee_id,e1_0.emp_id,e1_0.address,e1_0.dob,e1_0.email,e1_0.full_name,e1_0.phone,e1_0.status,o1_0.order_date,o2_0.order_id,o2_0.product_id,p1_0.product_id,p1_0.description,p1_0.manufacturer_name,p1_0.name,p1_0.status,p1_0.unit,o2_0.note,o2_0.price,o2_0.quantity from orders o1_0 left join customer c1_0 on c1_0.cust_id=o1_0.cust_id join employee e1_0 on e1_0.emp_id=o1_0.employee_id left join order_detail o2_0 on o1_0.order_id=o2_0.order_id left join product p1_0 on p1_0.product_id=o2_0.product_id where o1_0.order_id=?
Hibernate: select p1_0.product_id,p1_0.price_date_time,p1_0.note,p1_0.price from product_price p1_0 where p1_0.product_id=?
Hibernate: select p1_0.product_id,p1_0.image_id,p1_0.alternative,p1_0.path from product_image p1_0 where p1_0.product_id=?
Hibernate: select o1_0.product_id,o1_0.order_id,o2_0.order_id,c1_0.cust_id,c1_0.address,c1_0.email,c1_0.cust_name,c1_0.phone,o2_0.employee_id,e1_0.emp_id,e1_0.address,e1_0.dob,e1_0.email,e1_0.full_name,e1_0.phone,e1_0.status,o2_0.order_date,o1_0.note,o1_0.price,o1_0.quantity from order_detail o1_0 join orders o2_0 on o2_0.order_id=o1_0.order_id left join customer c1_0 on c1_0.cust_id=o2_0.cust_id left join employee e1_0 on e1_0.emp_id=o2_0.employee_id where o1_0.product_id=?
Hibernate: select p1_0.product_id,p1_0.price_date_time,p1_0.note,p1_0.price from product_price p1_0 where p1_0.product_id=?
Hibernate: select p1_0.product_id,p1_0.image_id,p1_0.alternative,p1_0.path from product_image p1_0 where p1_0.product_id=?
Hibernate: select o1_0.product_id,o1_0.order_id,o2_0.order_id,c1_0.cust_id,c1_0.address,c1_0.email,c1_0.cust_name,c1_0.phone,o2_0.employee_id,e1_0.emp_id,e1_0.address,e1_0.dob,e1_0.email,e1_0.full_name,e1_0.phone,e1_0.status,o2_0.order_date,o1_0.note,o1_0.price,o1_0.quantity from order_detail o1_0 join orders o2_0 on o2_0.order_id=o1_0.order_id left join customer c1_0 on c1_0.cust_id=o2_0.cust_id left join employee e1_0 on e1_0.emp_id=o2_0.employee_id where o1_0.product_id=?
Hibernate: select l1_0.employee_id,l1_0.order_id,c1_0.cust_id,c1_0.address,c1_0.email,c1_0.cust_name,c1_0.phone,l1_0.order_date from orders l1_0 left join customer c1_0 on c1_0.cust_id=l1_0.cust_id where l1_0.employee_id=?
Hibernate: select p1_0.product_id,p1_0.description,p1_0.manufacturer_name,p1_0.name,p1_0.status,p1_0.unit,o1_0.product_id,o1_0.order_id,o2_0.order_id,c1_0.cust_id,c1_0.address,c1_0.email,c1_0.cust_name,c1_0.phone,o2_0.employee_id,e1_0.emp_id,e1_0.address,e1_0.dob,e1_0.email,e1_0.full_name,e1_0.phone,e1_0.status,o2_0.order_date,o1_0.note,o1_0.price,o1_0.quantity from product p1_0 left join order_detail o1_0 on p1_0.product_id=o1_0.product_id left join orders o2_0 on o2_0.order_id=o1_0.order_id left join customer c1_0 on c1_0.cust_id=o2_0.cust_id left join employee e1_0 on e1_0.emp_id=o2_0.employee_id where p1_0.product_id=?
Hibernate: select o1_0.order_id,o1_0.product_id,p1_0.product_id,p1_0.description,p1_0.manufacturer_name,p1_0.name,p1_0.status,p1_0.unit,o1_0.note,o1_0.price,o1_0.quantity from order_detail o1_0 join product p1_0 on p1_0.product_id=o1_0.product_id where o1_0.order_id=?
Hibernate: select l1_0.employee_id,l1_0.order_id,c1_0.cust_id,c1_0.address,c1_0.email,c1_0.cust_name,c1_0.phone,l1_0.order_date from orders l1_0 left join customer c1_0 on c1_0.cust_id=l1_0.cust_id where l1_0.employee_id=?
Hibernate: select p1_0.product_id,p1_0.price_date_time,p1_0.note,p1_0.price from product_price p1_0 where p1_0.product_id=?
Hibernate: select p1_0.product_id,p1_0.image_id,p1_0.alternative,p1_0.path from product_image p1_0 where p1_0.product_id=?
Hibernate: select o1_0.order_id,o1_0.product_id,p1_0.product_id,p1_0.description,p1_0.manufacturer_name,p1_0.name,p1_0.status,p1_0.unit,o1_0.note,o1_0.price,o1_0.quantity from order_detail o1_0 join product p1_0 on p1_0.product_id=o1_0.product_id where o1_0.order_id=?
Hibernate: select l1_0.employee_id,l1_0.order_id,c1_0.cust_id,c1_0.address,c1_0.email,c1_0.cust_name,c1_0.phone,l1_0.order_date from orders l1_0 left join customer c1_0 on c1_0.cust_id=l1_0.cust_id where l1_0.employee_id=?
Hibernate: insert into order_detail (note,price,quantity,order_id,product_id) values (?,?,?,?,?)
Hibernate: update orders set cust_id=?,employee_id=?,order_date=? where order_id=?
Hibernate: select e1_0.emp_id,e1_0.address,e1_0.dob,e1_0.email,e1_0.full_name,e1_0.phone,e1_0.status from employee e1_0 where e1_0.emp_id=?
Hibernate: select c1_0.cust_id,c1_0.address,c1_0.email,c1_0.cust_name,c1_0.phone from customer c1_0 where c1_0.cust_id=?
Hibernate: select o1_0.order_id,c1_0.cust_id,c1_0.address,c1_0.email,c1_0.cust_name,c1_0.phone,o1_0.employee_id,e1_0.emp_id,e1_0.address,e1_0.dob,e1_0.email,e1_0.full_name,e1_0.phone,e1_0.status,o1_0.order_date,o2_0.order_id,o2_0.product_id,p1_0.product_id,p1_0.description,p1_0.manufacturer_name,p1_0.name,p1_0.status,p1_0.unit,o2_0.note,o2_0.price,o2_0.quantity from orders o1_0 left join customer c1_0 on c1_0.cust_id=o1_0.cust_id join employee e1_0 on e1_0.emp_id=o1_0.employee_id left join order_detail o2_0 on o1_0.order_id=o2_0.order_id left join product p1_0 on p1_0.product_id=o2_0.product_id where o1_0.order_id=?
Hibernate: select c1_0.cust_id,c1_0.address,c1_0.email,c1_0.cust_name,c1_0.phone from customer c1_0 where c1_0.cust_id=?
Hibernate: select e1_0.emp_id,e1_0.address,e1_0.dob,e1_0.email,e1_0.full_name,e1_0.phone,e1_0.status from employee e1_0 where e1_0.emp_id=?
Hibernate: insert into orders (cust_id,employee_id,order_date,order_id) values (?,?,?,default)
Hibernate: select p1_0.product_id,p1_0.description,p1_0.manufacturer_name,p1_0.name,p1_0.status,p1_0.unit from product p1_0 where p1_0.product_id=?
Hibernate: select o1_0.order_id,o2_0.order_id,c1_0.cust_id,c1_0.address,c1_0.email,c1_0.cust_name,c1_0.phone,o2_0.employee_id,e1_0.emp_id,e1_0.address,e1_0.dob,e1_0.email,e1_0.full_name,e1_0.phone,e1_0.status,o2_0.order_date,o1_0.product_id,p1_0.product_id,p1_0.description,p1_0.manufacturer_name,p1_0.name,p1_0.status,p1_0.unit,p2_0.product_id,p2_0.image_id,p2_0.alternative,p2_0.path,o1_0.note,o1_0.price,o1_0.quantity from order_detail o1_0 join orders o2_0 on o2_0.order_id=o1_0.order_id left join customer c1_0 on c1_0.cust_id=o2_0.cust_id left join employee e1_0 on e1_0.emp_id=o2_0.employee_id join product p1_0 on p1_0.product_id=o1_0.product_id left join product_image p2_0 on p1_0.product_id=p2_0.product_id where (o1_0.order_id,o1_0.product_id) in ((?,?))
Hibernate: select o1_0.order_id,c1_0.cust_id,c1_0.address,c1_0.email,c1_0.cust_name,c1_0.phone,o1_0.employee_id,e1_0.emp_id,e1_0.address,e1_0.dob,e1_0.email,e1_0.full_name,e1_0.phone,e1_0.status,o1_0.order_date,o2_0.order_id,o2_0.product_id,p1_0.product_id,p1_0.description,p1_0.manufacturer_name,p1_0.name,p1_0.status,p1_0.unit,o2_0.note,o2_0.price,o2_0.quantity from orders o1_0 left join customer c1_0 on c1_0.cust_id=o1_0.cust_id join employee e1_0 on e1_0.emp_id=o1_0.employee_id left join order_detail o2_0 on o1_0.order_id=o2_0.order_id left join product p1_0 on p1_0.product_id=o2_0.product_id where o1_0.order_id=?
Hibernate: select l1_0.employee_id,l1_0.order_id,c1_0.cust_id,c1_0.address,c1_0.email,c1_0.cust_name,c1_0.phone,l1_0.order_date from orders l1_0 left join customer c1_0 on c1_0.cust_id=l1_0.cust_id where l1_0.employee_id=?
Hibernate: select p1_0.product_id,p1_0.description,p1_0.manufacturer_name,p1_0.name,p1_0.status,p1_0.unit,o1_0.product_id,o1_0.order_id,o2_0.order_id,c1_0.cust_id,c1_0.address,c1_0.email,c1_0.cust_name,c1_0.phone,o2_0.employee_id,e1_0.emp_id,e1_0.address,e1_0.dob,e1_0.email,e1_0.full_name,e1_0.phone,e1_0.status,o2_0.order_date,o1_0.note,o1_0.price,o1_0.quantity from product p1_0 left join order_detail o1_0 on p1_0.product_id=o1_0.product_id left join orders o2_0 on o2_0.order_id=o1_0.order_id left join customer c1_0 on c1_0.cust_id=o2_0.cust_id left join employee e1_0 on e1_0.emp_id=o2_0.employee_id where p1_0.product_id=?
Hibernate: select p1_0.product_id,p1_0.price_date_time,p1_0.note,p1_0.price from product_price p1_0 where p1_0.product_id=?
Hibernate: select p1_0.product_id,p1_0.image_id,p1_0.alternative,p1_0.path from product_image p1_0 where p1_0.product_id=?
Hibernate: insert into order_detail (note,price,quantity,order_id,product_id) values (?,?,?,?,?)
Hibernate: update orders set cust_id=?,employee_id=?,order_date=? where order_id=?
Hibernate: select p1_0.product_id,p1_0.description,p1_0.manufacturer_name,p1_0.name,p1_0.status,p1_0.unit from product p1_0 where p1_0.product_id=?
Hibernate: select o1_0.order_id,o2_0.order_id,c1_0.cust_id,c1_0.address,c1_0.email,c1_0.cust_name,c1_0.phone,o2_0.employee_id,e1_0.emp_id,e1_0.address,e1_0.dob,e1_0.email,e1_0.full_name,e1_0.phone,e1_0.status,o2_0.order_date,o1_0.product_id,p1_0.product_id,p1_0.description,p1_0.manufacturer_name,p1_0.name,p1_0.status,p1_0.unit,p2_0.product_id,p2_0.image_id,p2_0.alternative,p2_0.path,o1_0.note,o1_0.price,o1_0.quantity from order_detail o1_0 join orders o2_0 on o2_0.order_id=o1_0.order_id left join customer c1_0 on c1_0.cust_id=o2_0.cust_id left join employee e1_0 on e1_0.emp_id=o2_0.employee_id join product p1_0 on p1_0.product_id=o1_0.product_id left join product_image p2_0 on p1_0.product_id=p2_0.product_id where (o1_0.order_id,o1_0.product_id) in ((?,?))
Hibernate: select o1_0.order_id,c1_0.cust_id,c1_0.address,c1_0.email,c1_0.cust_name,c1_0.phone,o1_0.employee_id,e1_0.emp_id,e1_0.address,e1_0.dob,e1_0.email,e1_0.full_name,e1_0.phone,e1_0.status,o1_0.order_date,o2_0.order_id,o2_0.product_id,p1_0.product_id,p1_0.description,p1_0.manufacturer_name,p1_0.name,p1_0.status,p1_0.unit,o2_0.note,o2_0.price,o2_0.quantity from orders o1_0 left join customer c1_0 on c1_0.cust_id=o1_0.cust_id join employee e1_0 on e1_0.emp_id=o1_0.employee_id left join order_detail o2_0 on o1_0.order_id=o2_0.order_id left join product p1_0 on p1_0.product_id=o2_0.product_id where o1_0.order_id=?
Hibernate: select p1_0.product_id,p1_0.price_date_time,p1_0.note,p1_0.price from product_price p1_0 where p1_0.product_id=?
Hibernate: select p1_0.product_id,p1_0.image_id,p1_0.alternative,p1_0.path from product_image p1_0 where p1_0.product_id=?
Hibernate: select o1_0.product_id,o1_0.order_id,o2_0.order_id,c1_0.cust_id,c1_0.address,c1_0.email,c1_0.cust_name,c1_0.phone,o2_0.employee_id,e1_0.emp_id,e1_0.address,e1_0.dob,e1_0.email,e1_0.full_name,e1_0.phone,e1_0.status,o2_0.order_date,o1_0.note,o1_0.price,o1_0.quantity from order_detail o1_0 join orders o2_0 on o2_0.order_id=o1_0.order_id left join customer c1_0 on c1_0.cust_id=o2_0.cust_id left join employee e1_0 on e1_0.emp_id=o2_0.employee_id where o1_0.product_id=?
Hibernate: select l1_0.employee_id,l1_0.order_id,c1_0.cust_id,c1_0.address,c1_0.email,c1_0.cust_name,c1_0.phone,l1_0.order_date from orders l1_0 left join customer c1_0 on c1_0.cust_id=l1_0.cust_id where l1_0.employee_id=?
Hibernate: select p1_0.product_id,p1_0.description,p1_0.manufacturer_name,p1_0.name,p1_0.status,p1_0.unit,o1_0.product_id,o1_0.order_id,o2_0.order_id,c1_0.cust_id,c1_0.address,c1_0.email,c1_0.cust_name,c1_0.phone,o2_0.employee_id,e1_0.emp_id,e1_0.address,e1_0.dob,e1_0.email,e1_0.full_name,e1_0.phone,e1_0.status,o2_0.order_date,o1_0.note,o1_0.price,o1_0.quantity from product p1_0 left join order_detail o1_0 on p1_0.product_id=o1_0.product_id left join orders o2_0 on o2_0.order_id=o1_0.order_id left join customer c1_0 on c1_0.cust_id=o2_0.cust_id left join employee e1_0 on e1_0.emp_id=o2_0.employee_id where p1_0.product_id=?
Hibernate: select o1_0.order_id,o1_0.product_id,p1_0.product_id,p1_0.description,p1_0.manufacturer_name,p1_0.name,p1_0.status,p1_0.unit,o1_0.note,o1_0.price,o1_0.quantity from order_detail o1_0 join product p1_0 on p1_0.product_id=o1_0.product_id where o1_0.order_id=?
Hibernate: select o1_0.order_id,o1_0.product_id,p1_0.product_id,p1_0.description,p1_0.manufacturer_name,p1_0.name,p1_0.status,p1_0.unit,o1_0.note,o1_0.price,o1_0.quantity from order_detail o1_0 join product p1_0 on p1_0.product_id=o1_0.product_id where o1_0.order_id=?
Hibernate: select l1_0.employee_id,l1_0.order_id,c1_0.cust_id,c1_0.address,c1_0.email,c1_0.cust_name,c1_0.phone,l1_0.order_date from orders l1_0 left join customer c1_0 on c1_0.cust_id=l1_0.cust_id where l1_0.employee_id=?
Hibernate: select o1_0.order_id,o1_0.product_id,p1_0.product_id,p1_0.description,p1_0.manufacturer_name,p1_0.name,p1_0.status,p1_0.unit,o1_0.note,o1_0.price,o1_0.quantity from order_detail o1_0 join product p1_0 on p1_0.product_id=o1_0.product_id where o1_0.order_id=?
Hibernate: select l1_0.employee_id,l1_0.order_id,c1_0.cust_id,c1_0.address,c1_0.email,c1_0.cust_name,c1_0.phone,l1_0.order_date from orders l1_0 left join customer c1_0 on c1_0.cust_id=l1_0.cust_id where l1_0.employee_id=?
Hibernate: select p1_0.product_id,p1_0.price_date_time,p1_0.note,p1_0.price from product_price p1_0 where p1_0.product_id=?
Hibernate: select p1_0.product_id,p1_0.image_id,p1_0.alternative,p1_0.path from product_image p1_0 where p1_0.product_id=?
Hibernate: select o1_0.order_id,o1_0.product_id,p1_0.product_id,p1_0.description,p1_0.manufacturer_name,p1_0.name,p1_0.status,p1_0.unit,o1_0.note,o1_0.price,o1_0.quantity from order_detail o1_0 join product p1_0 on p1_0.product_id=o1_0.product_id where o1_0.order_id=?
Hibernate: select l1_0.employee_id,l1_0.order_id,c1_0.cust_id,c1_0.address,c1_0.email,c1_0.cust_name,c1_0.phone,l1_0.order_date from orders l1_0 left join customer c1_0 on c1_0.cust_id=l1_0.cust_id where l1_0.employee_id=?
Hibernate: insert into order_detail (note,price,quantity,order_id,product_id) values (?,?,?,?,?)
Hibernate: update orders set cust_id=?,employee_id=?,order_date=? where order_id=?
Hibernate: select p1_0.product_id,p1_0.description,p1_0.manufacturer_name,p1_0.name,p1_0.status,p1_0.unit from product p1_0 where p1_0.product_id=?
Hibernate: select o1_0.order_id,o2_0.order_id,c1_0.cust_id,c1_0.address,c1_0.email,c1_0.cust_name,c1_0.phone,o2_0.employee_id,e1_0.emp_id,e1_0.address,e1_0.dob,e1_0.email,e1_0.full_name,e1_0.phone,e1_0.status,o2_0.order_date,o1_0.product_id,p1_0.product_id,p1_0.description,p1_0.manufacturer_name,p1_0.name,p1_0.status,p1_0.unit,p2_0.product_id,p2_0.image_id,p2_0.alternative,p2_0.path,o1_0.note,o1_0.price,o1_0.quantity from order_detail o1_0 join orders o2_0 on o2_0.order_id=o1_0.order_id left join customer c1_0 on c1_0.cust_id=o2_0.cust_id left join employee e1_0 on e1_0.emp_id=o2_0.employee_id join product p1_0 on p1_0.product_id=o1_0.product_id left join product_image p2_0 on p1_0.product_id=p2_0.product_id where (o1_0.order_id,o1_0.product_id) in ((?,?))
Hibernate: select o1_0.order_id,c1_0.cust_id,c1_0.address,c1_0.email,c1_0.cust_name,c1_0.phone,o1_0.employee_id,e1_0.emp_id,e1_0.address,e1_0.dob,e1_0.email,e1_0.full_name,e1_0.phone,e1_0.status,o1_0.order_date,o2_0.order_id,o2_0.product_id,p1_0.product_id,p1_0.description,p1_0.manufacturer_name,p1_0.name,p1_0.status,p1_0.unit,o2_0.note,o2_0.price,o2_0.quantity from orders o1_0 left join customer c1_0 on c1_0.cust_id=o1_0.cust_id join employee e1_0 on e1_0.emp_id=o1_0.employee_id left join order_detail o2_0 on o1_0.order_id=o2_0.order_id left join product p1_0 on p1_0.product_id=o2_0.product_id where o1_0.order_id=?
Hibernate: select p1_0.product_id,p1_0.price_date_time,p1_0.note,p1_0.price from product_price p1_0 where p1_0.product_id=?
Hibernate: select p1_0.product_id,p1_0.image_id,p1_0.alternative,p1_0.path from product_image p1_0 where p1_0.product_id=?
Hibernate: select o1_0.product_id,o1_0.order_id,o2_0.order_id,c1_0.cust_id,c1_0.address,c1_0.email,c1_0.cust_name,c1_0.phone,o2_0.employee_id,e1_0.emp_id,e1_0.address,e1_0.dob,e1_0.email,e1_0.full_name,e1_0.phone,e1_0.status,o2_0.order_date,o1_0.note,o1_0.price,o1_0.quantity from order_detail o1_0 join orders o2_0 on o2_0.order_id=o1_0.order_id left join customer c1_0 on c1_0.cust_id=o2_0.cust_id left join employee e1_0 on e1_0.emp_id=o2_0.employee_id where o1_0.product_id=?
Hibernate: select p1_0.product_id,p1_0.price_date_time,p1_0.note,p1_0.price from product_price p1_0 where p1_0.product_id=?
Hibernate: select p1_0.product_id,p1_0.image_id,p1_0.alternative,p1_0.path from product_image p1_0 where p1_0.product_id=?
Hibernate: select o1_0.product_id,o1_0.order_id,o2_0.order_id,c1_0.cust_id,c1_0.address,c1_0.email,c1_0.cust_name,c1_0.phone,o2_0.employee_id,e1_0.emp_id,e1_0.address,e1_0.dob,e1_0.email,e1_0.full_name,e1_0.phone,e1_0.status,o2_0.order_date,o1_0.note,o1_0.price,o1_0.quantity from order_detail o1_0 join orders o2_0 on o2_0.order_id=o1_0.order_id left join customer c1_0 on c1_0.cust_id=o2_0.cust_id left join employee e1_0 on e1_0.emp_id=o2_0.employee_id where o1_0.product_id=?
Hibernate: select l1_0.employee_id,l1_0.order_id,c1_0.cust_id,c1_0.address,c1_0.email,c1_0.cust_name,c1_0.phone,l1_0.order_date from orders l1_0 left join customer c1_0 on c1_0.cust_id=l1_0.cust_id where l1_0.employee_id=?
Hibernate: select p1_0.product_id,p1_0.description,p1_0.manufacturer_name,p1_0.name,p1_0.status,p1_0.unit,o1_0.product_id,o1_0.order_id,o2_0.order_id,c1_0.cust_id,c1_0.address,c1_0.email,c1_0.cust_name,c1_0.phone,o2_0.employee_id,e1_0.emp_id,e1_0.address,e1_0.dob,e1_0.email,e1_0.full_name,e1_0.phone,e1_0.status,o2_0.order_date,o1_0.note,o1_0.price,o1_0.quantity from product p1_0 left join order_detail o1_0 on p1_0.product_id=o1_0.product_id left join orders o2_0 on o2_0.order_id=o1_0.order_id left join customer c1_0 on c1_0.cust_id=o2_0.cust_id left join employee e1_0 on e1_0.emp_id=o2_0.employee_id where p1_0.product_id=?
Hibernate: select o1_0.order_id,o1_0.product_id,p1_0.product_id,p1_0.description,p1_0.manufacturer_name,p1_0.name,p1_0.status,p1_0.unit,o1_0.note,o1_0.price,o1_0.quantity from order_detail o1_0 join product p1_0 on p1_0.product_id=o1_0.product_id where o1_0.order_id=?
Hibernate: select l1_0.employee_id,l1_0.order_id,c1_0.cust_id,c1_0.address,c1_0.email,c1_0.cust_name,c1_0.phone,l1_0.order_date from orders l1_0 left join customer c1_0 on c1_0.cust_id=l1_0.cust_id where l1_0.employee_id=?
Hibernate: select o1_0.order_id,o1_0.product_id,p1_0.product_id,p1_0.description,p1_0.manufacturer_name,p1_0.name,p1_0.status,p1_0.unit,o1_0.note,o1_0.price,o1_0.quantity from order_detail o1_0 join product p1_0 on p1_0.product_id=o1_0.product_id where o1_0.order_id=?
Hibernate: select l1_0.employee_id,l1_0.order_id,c1_0.cust_id,c1_0.address,c1_0.email,c1_0.cust_name,c1_0.phone,l1_0.order_date from orders l1_0 left join customer c1_0 on c1_0.cust_id=l1_0.cust_id where l1_0.employee_id=?
Hibernate: select o1_0.order_id,o1_0.product_id,p1_0.product_id,p1_0.description,p1_0.manufacturer_name,p1_0.name,p1_0.status,p1_0.unit,o1_0.note,o1_0.price,o1_0.quantity from order_detail o1_0 join product p1_0 on p1_0.product_id=o1_0.product_id where o1_0.order_id=?
Hibernate: select l1_0.employee_id,l1_0.order_id,c1_0.cust_id,c1_0.address,c1_0.email,c1_0.cust_name,c1_0.phone,l1_0.order_date from orders l1_0 left join customer c1_0 on c1_0.cust_id=l1_0.cust_id where l1_0.employee_id=?
Hibernate: select o1_0.order_id,o1_0.product_id,p1_0.product_id,p1_0.description,p1_0.manufacturer_name,p1_0.name,p1_0.status,p1_0.unit,o1_0.note,o1_0.price,o1_0.quantity from order_detail o1_0 join product p1_0 on p1_0.product_id=o1_0.product_id where o1_0.order_id=?
Hibernate: select p1_0.product_id,p1_0.price_date_time,p1_0.note,p1_0.price from product_price p1_0 where p1_0.product_id=?
Hibernate: select p1_0.product_id,p1_0.image_id,p1_0.alternative,p1_0.path from product_image p1_0 where p1_0.product_id=?
Hibernate: select o1_0.order_id,o1_0.product_id,p1_0.product_id,p1_0.description,p1_0.manufacturer_name,p1_0.name,p1_0.status,p1_0.unit,o1_0.note,o1_0.price,o1_0.quantity from order_detail o1_0 join product p1_0 on p1_0.product_id=o1_0.product_id where o1_0.order_id=?
Hibernate: insert into order_detail (note,price,quantity,order_id,product_id) values (?,?,?,?,?)
Hibernate: update orders set cust_id=?,employee_id=?,order_date=? where order_id=?
Hibernate: select e1_0.emp_id,e1_0.address,e1_0.dob,e1_0.email,e1_0.full_name,e1_0.phone,e1_0.status from employee e1_0 where e1_0.emp_id=?
Hibernate: select c1_0.cust_id,c1_0.address,c1_0.email,c1_0.cust_name,c1_0.phone from customer c1_0 where c1_0.cust_id=?
Hibernate: select o1_0.order_id,c1_0.cust_id,c1_0.address,c1_0.email,c1_0.cust_name,c1_0.phone,o1_0.employee_id,e1_0.emp_id,e1_0.address,e1_0.dob,e1_0.email,e1_0.full_name,e1_0.phone,e1_0.status,o1_0.order_date,o2_0.order_id,o2_0.product_id,p1_0.product_id,p1_0.description,p1_0.manufacturer_name,p1_0.name,p1_0.status,p1_0.unit,o2_0.note,o2_0.price,o2_0.quantity from orders o1_0 left join customer c1_0 on c1_0.cust_id=o1_0.cust_id join employee e1_0 on e1_0.emp_id=o1_0.employee_id left join order_detail o2_0 on o1_0.order_id=o2_0.order_id left join product p1_0 on p1_0.product_id=o2_0.product_id where o1_0.order_id=?
Hibernate: select c1_0.cust_id,c1_0.address,c1_0.email,c1_0.cust_name,c1_0.phone from customer c1_0 where c1_0.cust_id=?
Hibernate: select e1_0.emp_id,e1_0.address,e1_0.dob,e1_0.email,e1_0.full_name,e1_0.phone,e1_0.status from employee e1_0 where e1_0.emp_id=?
Hibernate: insert into orders (cust_id,employee_id,order_date,order_id) values (?,?,?,default)
Hibernate: select p1_0.product_id,p1_0.description,p1_0.manufacturer_name,p1_0.name,p1_0.status,p1_0.unit from product p1_0 where p1_0.product_id=?
Hibernate: select o1_0.order_id,o2_0.order_id,c1_0.cust_id,c1_0.address,c1_0.email,c1_0.cust_name,c1_0.phone,o2_0.employee_id,e1_0.emp_id,e1_0.address,e1_0.dob,e1_0.email,e1_0.full_name,e1_0.phone,e1_0.status,o2_0.order_date,o1_0.product_id,p1_0.product_id,p1_0.description,p1_0.manufacturer_name,p1_0.name,p1_0.status,p1_0.unit,p2_0.product_id,p2_0.image_id,p2_0.alternative,p2_0.path,o1_0.note,o1_0.price,o1_0.quantity from order_detail o1_0 join orders o2_0 on o2_0.order_id=o1_0.order_id left join customer c1_0 on c1_0.cust_id=o2_0.cust_id left join employee e1_0 on e1_0.emp_id=o2_0.employee_id join product p1_0 on p1_0.product_id=o1_0.product_id left join product_image p2_0 on p1_0.product_id=p2_0.product_id where (o1_0.order_id,o1_0.product_id) in ((?,?))
Hibernate: select o1_0.order_id,c1_0.cust_id,c1_0.address,c1_0.email,c1_0.cust_name,c1_0.phone,o1_0.employee_id,e1_0.emp_id,e1_0.address,e1_0.dob,e1_0.email,e1_0.full_name,e1_0.phone,e1_0.status,o1_0.order_date,o2_0.order_id,o2_0.product_id,p1_0.product_id,p1_0.description,p1_0.manufacturer_name,p1_0.name,p1_0.status,p1_0.unit,o2_0.note,o2_0.price,o2_0.quantity from orders o1_0 left join customer c1_0 on c1_0.cust_id=o1_0.cust_id join employee e1_0 on e1_0.emp_id=o1_0.employee_id left join order_detail o2_0 on o1_0.order_id=o2_0.order_id left join product p1_0 on p1_0.product_id=o2_0.product_id where o1_0.order_id=?
Hibernate: select l1_0.employee_id,l1_0.order_id,c1_0.cust_id,c1_0.address,c1_0.email,c1_0.cust_name,c1_0.phone,l1_0.order_date from orders l1_0 left join customer c1_0 on c1_0.cust_id=l1_0.cust_id where l1_0.employee_id=?
Hibernate: select p1_0.product_id,p1_0.description,p1_0.manufacturer_name,p1_0.name,p1_0.status,p1_0.unit,o1_0.product_id,o1_0.order_id,o2_0.order_id,c1_0.cust_id,c1_0.address,c1_0.email,c1_0.cust_name,c1_0.phone,o2_0.employee_id,e1_0.emp_id,e1_0.address,e1_0.dob,e1_0.email,e1_0.full_name,e1_0.phone,e1_0.status,o2_0.order_date,o1_0.note,o1_0.price,o1_0.quantity from product p1_0 left join order_detail o1_0 on p1_0.product_id=o1_0.product_id left join orders o2_0 on o2_0.order_id=o1_0.order_id left join customer c1_0 on c1_0.cust_id=o2_0.cust_id left join employee e1_0 on e1_0.emp_id=o2_0.employee_id where p1_0.product_id=?
Hibernate: select p1_0.product_id,p1_0.price_date_time,p1_0.note,p1_0.price from product_price p1_0 where p1_0.product_id=?
Hibernate: select p1_0.product_id,p1_0.image_id,p1_0.alternative,p1_0.path from product_image p1_0 where p1_0.product_id=?
Hibernate: select o1_0.order_id,o1_0.product_id,p1_0.product_id,p1_0.description,p1_0.manufacturer_name,p1_0.name,p1_0.status,p1_0.unit,o1_0.note,o1_0.price,o1_0.quantity from order_detail o1_0 join product p1_0 on p1_0.product_id=o1_0.product_id where o1_0.order_id=?
Hibernate: select l1_0.employee_id,l1_0.order_id,c1_0.cust_id,c1_0.address,c1_0.email,c1_0.cust_name,c1_0.phone,l1_0.order_date from orders l1_0 left join customer c1_0 on c1_0.cust_id=l1_0.cust_id where l1_0.employee_id=?
Hibernate: insert into order_detail (note,price,quantity,order_id,product_id) values (?,?,?,?,?)
Hibernate: update orders set cust_id=?,employee_id=?,order_date=? where order_id=?
Hibernate: select p1_0.product_id,p1_0.description,p1_0.manufacturer_name,p1_0.name,p1_0.status,p1_0.unit from product p1_0 where p1_0.product_id=?
Hibernate: select o1_0.order_id,o2_0.order_id,c1_0.cust_id,c1_0.address,c1_0.email,c1_0.cust_name,c1_0.phone,o2_0.employee_id,e1_0.emp_id,e1_0.address,e1_0.dob,e1_0.email,e1_0.full_name,e1_0.phone,e1_0.status,o2_0.order_date,o1_0.product_id,p1_0.product_id,p1_0.description,p1_0.manufacturer_name,p1_0.name,p1_0.status,p1_0.unit,p2_0.product_id,p2_0.image_id,p2_0.alternative,p2_0.path,o1_0.note,o1_0.price,o1_0.quantity from order_detail o1_0 join orders o2_0 on o2_0.order_id=o1_0.order_id left join customer c1_0 on c1_0.cust_id=o2_0.cust_id left join employee e1_0 on e1_0.emp_id=o2_0.employee_id join product p1_0 on p1_0.product_id=o1_0.product_id left join product_image p2_0 on p1_0.product_id=p2_0.product_id where (o1_0.order_id,o1_0.product_id) in ((?,?))
Hibernate: select o1_0.order_id,c1_0.cust_id,c1_0.address,c1_0.email,c1_0.cust_name,c1_0.phone,o1_0.employee_id,e1_0.emp_id,e1_0.address,e1_0.dob,e1_0.email,e1_0.full_name,e1_0.phone,e1_0.status,o1_0.order_date,o2_0.order_id,o2_0.product_id,p1_0.product_id,p1_0.description,p1_0.manufacturer_name,p1_0.name,p1_0.status,p1_0.unit,o2_0.note,o2_0.price,o2_0.quantity from orders o1_0 left join customer c1_0 on c1_0.cust_id=o1_0.cust_id join employee e1_0 on e1_0.emp_id=o1_0.employee_id left join order_detail o2_0 on o1_0.order_id=o2_0.order_id left join product p1_0 on p1_0.product_id=o2_0.product_id where o1_0.order_id=?
Hibernate: select p1_0.product_id,p1_0.price_date_time,p1_0.note,p1_0.price from product_price p1_0 where p1_0.product_id=?
Hibernate: select p1_0.product_id,p1_0.image_id,p1_0.alternative,p1_0.path from product_image p1_0 where p1_0.product_id=?
Hibernate: select o1_0.product_id,o1_0.order_id,o2_0.order_id,c1_0.cust_id,c1_0.address,c1_0.email,c1_0.cust_name,c1_0.phone,o2_0.employee_id,e1_0.emp_id,e1_0.address,e1_0.dob,e1_0.email,e1_0.full_name,e1_0.phone,e1_0.status,o2_0.order_date,o1_0.note,o1_0.price,o1_0.quantity from order_detail o1_0 join orders o2_0 on o2_0.order_id=o1_0.order_id left join customer c1_0 on c1_0.cust_id=o2_0.cust_id left join employee e1_0 on e1_0.emp_id=o2_0.employee_id where o1_0.product_id=?
Hibernate: select l1_0.employee_id,l1_0.order_id,c1_0.cust_id,c1_0.address,c1_0.email,c1_0.cust_name,c1_0.phone,l1_0.order_date from orders l1_0 left join customer c1_0 on c1_0.cust_id=l1_0.cust_id where l1_0.employee_id=?
Hibernate: select p1_0.product_id,p1_0.description,p1_0.manufacturer_name,p1_0.name,p1_0.status,p1_0.unit,o1_0.product_id,o1_0.order_id,o2_0.order_id,c1_0.cust_id,c1_0.address,c1_0.email,c1_0.cust_name,c1_0.phone,o2_0.employee_id,e1_0.emp_id,e1_0.address,e1_0.dob,e1_0.email,e1_0.full_name,e1_0.phone,e1_0.status,o2_0.order_date,o1_0.note,o1_0.price,o1_0.quantity from product p1_0 left join order_detail o1_0 on p1_0.product_id=o1_0.product_id left join orders o2_0 on o2_0.order_id=o1_0.order_id left join customer c1_0 on c1_0.cust_id=o2_0.cust_id left join employee e1_0 on e1_0.emp_id=o2_0.employee_id where p1_0.product_id=?
Hibernate: select p1_0.product_id,p1_0.price_date_time,p1_0.note,p1_0.price from product_price p1_0 where p1_0.product_id=?
Hibernate: select p1_0.product_id,p1_0.image_id,p1_0.alternative,p1_0.path from product_image p1_0 where p1_0.product_id=?
Hibernate: insert into order_detail (note,price,quantity,order_id,product_id) values (?,?,?,?,?)
Hibernate: update orders set cust_id=?,employee_id=?,order_date=? where order_id=?
Hibernate: select p1_0.product_id,p1_0.description,p1_0.manufacturer_name,p1_0.name,p1_0.status,p1_0.unit from product p1_0 where p1_0.product_id=?
Hibernate: select o1_0.order_id,o2_0.order_id,c1_0.cust_id,c1_0.address,c1_0.email,c1_0.cust_name,c1_0.phone,o2_0.employee_id,e1_0.emp_id,e1_0.address,e1_0.dob,e1_0.email,e1_0.full_name,e1_0.phone,e1_0.status,o2_0.order_date,o1_0.product_id,p1_0.product_id,p1_0.description,p1_0.manufacturer_name,p1_0.name,p1_0.status,p1_0.unit,p2_0.product_id,p2_0.image_id,p2_0.alternative,p2_0.path,o1_0.note,o1_0.price,o1_0.quantity from order_detail o1_0 join orders o2_0 on o2_0.order_id=o1_0.order_id left join customer c1_0 on c1_0.cust_id=o2_0.cust_id left join employee e1_0 on e1_0.emp_id=o2_0.employee_id join product p1_0 on p1_0.product_id=o1_0.product_id left join product_image p2_0 on p1_0.product_id=p2_0.product_id where (o1_0.order_id,o1_0.product_id) in ((?,?))
Hibernate: select o1_0.order_id,c1_0.cust_id,c1_0.address,c1_0.email,c1_0.cust_name,c1_0.phone,o1_0.employee_id,e1_0.emp_id,e1_0.address,e1_0.dob,e1_0.email,e1_0.full_name,e1_0.phone,e1_0.status,o1_0.order_date,o2_0.order_id,o2_0.product_id,p1_0.product_id,p1_0.description,p1_0.manufacturer_name,p1_0.name,p1_0.status,p1_0.unit,o2_0.note,o2_0.price,o2_0.quantity from orders o1_0 left join customer c1_0 on c1_0.cust_id=o1_0.cust_id join employee e1_0 on e1_0.emp_id=o1_0.employee_id left join order_detail o2_0 on o1_0.order_id=o2_0.order_id left join product p1_0 on p1_0.product_id=o2_0.product_id where o1_0.order_id=?
Hibernate: select p1_0.product_id,p1_0.price_date_time,p1_0.note,p1_0.price from product_price p1_0 where p1_0.product_id=?
Hibernate: select p1_0.product_id,p1_0.image_id,p1_0.alternative,p1_0.path from product_image p1_0 where p1_0.product_id=?
Hibernate: select o1_0.product_id,o1_0.order_id,o2_0.order_id,c1_0.cust_id,c1_0.address,c1_0.email,c1_0.cust_name,c1_0.phone,o2_0.employee_id,e1_0.emp_id,e1_0.address,e1_0.dob,e1_0.email,e1_0.full_name,e1_0.phone,e1_0.status,o2_0.order_date,o1_0.note,o1_0.price,o1_0.quantity from order_detail o1_0 join orders o2_0 on o2_0.order_id=o1_0.order_id left join customer c1_0 on c1_0.cust_id=o2_0.cust_id left join employee e1_0 on e1_0.emp_id=o2_0.employee_id where o1_0.product_id=?
Hibernate: select p1_0.product_id,p1_0.price_date_time,p1_0.note,p1_0.price from product_price p1_0 where p1_0.product_id=?
Hibernate: select p1_0.product_id,p1_0.image_id,p1_0.alternative,p1_0.path from product_image p1_0 where p1_0.product_id=?
Hibernate: select o1_0.product_id,o1_0.order_id,o2_0.order_id,c1_0.cust_id,c1_0.address,c1_0.email,c1_0.cust_name,c1_0.phone,o2_0.employee_id,e1_0.emp_id,e1_0.address,e1_0.dob,e1_0.email,e1_0.full_name,e1_0.phone,e1_0.status,o2_0.order_date,o1_0.note,o1_0.price,o1_0.quantity from order_detail o1_0 join orders o2_0 on o2_0.order_id=o1_0.order_id left join customer c1_0 on c1_0.cust_id=o2_0.cust_id left join employee e1_0 on e1_0.emp_id=o2_0.employee_id where o1_0.product_id=?
Hibernate: select l1_0.employee_id,l1_0.order_id,c1_0.cust_id,c1_0.address,c1_0.email,c1_0.cust_name,c1_0.phone,l1_0.order_date from orders l1_0 left join customer c1_0 on c1_0.cust_id=l1_0.cust_id where l1_0.employee_id=?
Hibernate: select p1_0.product_id,p1_0.description,p1_0.manufacturer_name,p1_0.name,p1_0.status,p1_0.unit,o1_0.product_id,o1_0.order_id,o2_0.order_id,c1_0.cust_id,c1_0.address,c1_0.email,c1_0.cust_name,c1_0.phone,o2_0.employee_id,e1_0.emp_id,e1_0.address,e1_0.dob,e1_0.email,e1_0.full_name,e1_0.phone,e1_0.status,o2_0.order_date,o1_0.note,o1_0.price,o1_0.quantity from product p1_0 left join order_detail o1_0 on p1_0.product_id=o1_0.product_id left join orders o2_0 on o2_0.order_id=o1_0.order_id left join customer c1_0 on c1_0.cust_id=o2_0.cust_id left join employee e1_0 on e1_0.emp_id=o2_0.employee_id where p1_0.product_id=?
Hibernate: select o1_0.order_id,o1_0.product_id,p1_0.product_id,p1_0.description,p1_0.manufacturer_name,p1_0.name,p1_0.status,p1_0.unit,o1_0.note,o1_0.price,o1_0.quantity from order_detail o1_0 join product p1_0 on p1_0.product_id=o1_0.product_id where o1_0.order_id=?
Hibernate: select l1_0.employee_id,l1_0.order_id,c1_0.cust_id,c1_0.address,c1_0.email,c1_0.cust_name,c1_0.phone,l1_0.order_date from orders l1_0 left join customer c1_0 on c1_0.cust_id=l1_0.cust_id where l1_0.employee_id=?
Hibernate: select p1_0.product_id,p1_0.price_date_time,p1_0.note,p1_0.price from product_price p1_0 where p1_0.product_id=?
Hibernate: select p1_0.product_id,p1_0.image_id,p1_0.alternative,p1_0.path from product_image p1_0 where p1_0.product_id=?
Hibernate: select o1_0.order_id,o1_0.product_id,p1_0.product_id,p1_0.description,p1_0.manufacturer_name,p1_0.name,p1_0.status,p1_0.unit,o1_0.note,o1_0.price,o1_0.quantity from order_detail o1_0 join product p1_0 on p1_0.product_id=o1_0.product_id where o1_0.order_id=?
Hibernate: select l1_0.employee_id,l1_0.order_id,c1_0.cust_id,c1_0.address,c1_0.email,c1_0.cust_name,c1_0.phone,l1_0.order_date from orders l1_0 left join customer c1_0 on c1_0.cust_id=l1_0.cust_id where l1_0.employee_id=?
Hibernate: insert into order_detail (note,price,quantity,order_id,product_id) values (?,?,?,?,?)
Hibernate: update orders set cust_id=?,employee_id=?,order_date=? where order_id=?
Hibernate: select e1_0.emp_id,e1_0.address,e1_0.dob,e1_0.email,e1_0.full_name,e1_0.phone,e1_0.status from employee e1_0 where e1_0.emp_id=?
Hibernate: select c1_0.cust_id,c1_0.address,c1_0.email,c1_0.cust_name,c1_0.phone from customer c1_0 where c1_0.cust_id=?
Hibernate: select o1_0.order_id,c1_0.cust_id,c1_0.address,c1_0.email,c1_0.cust_name,c1_0.phone,o1_0.employee_id,e1_0.emp_id,e1_0.address,e1_0.dob,e1_0.email,e1_0.full_name,e1_0.phone,e1_0.status,o1_0.order_date,o2_0.order_id,o2_0.product_id,p1_0.product_id,p1_0.description,p1_0.manufacturer_name,p1_0.name,p1_0.status,p1_0.unit,o2_0.note,o2_0.price,o2_0.quantity from orders o1_0 left join customer c1_0 on c1_0.cust_id=o1_0.cust_id join employee e1_0 on e1_0.emp_id=o1_0.employee_id left join order_detail o2_0 on o1_0.order_id=o2_0.order_id left join product p1_0 on p1_0.product_id=o2_0.product_id where o1_0.order_id=?
Hibernate: select c1_0.cust_id,c1_0.address,c1_0.email,c1_0.cust_name,c1_0.phone from customer c1_0 where c1_0.cust_id=?
Hibernate: select e1_0.emp_id,e1_0.address,e1_0.dob,e1_0.email,e1_0.full_name,e1_0.phone,e1_0.status from employee e1_0 where e1_0.emp_id=?
Hibernate: insert into orders (cust_id,employee_id,order_date,order_id) values (?,?,?,default)
Hibernate: select p1_0.product_id,p1_0.description,p1_0.manufacturer_name,p1_0.name,p1_0.status,p1_0.unit from product p1_0 where p1_0.product_id=?
Hibernate: select o1_0.order_id,o2_0.order_id,c1_0.cust_id,c1_0.address,c1_0.email,c1_0.cust_name,c1_0.phone,o2_0.employee_id,e1_0.emp_id,e1_0.address,e1_0.dob,e1_0.email,e1_0.full_name,e1_0.phone,e1_0.status,o2_0.order_date,o1_0.product_id,p1_0.product_id,p1_0.description,p1_0.manufacturer_name,p1_0.name,p1_0.status,p1_0.unit,p2_0.product_id,p2_0.image_id,p2_0.alternative,p2_0.path,o1_0.note,o1_0.price,o1_0.quantity from order_detail o1_0 join orders o2_0 on o2_0.order_id=o1_0.order_id left join customer c1_0 on c1_0.cust_id=o2_0.cust_id left join employee e1_0 on e1_0.emp_id=o2_0.employee_id join product p1_0 on p1_0.product_id=o1_0.product_id left join product_image p2_0 on p1_0.product_id=p2_0.product_id where (o1_0.order_id,o1_0.product_id) in ((?,?))
Hibernate: select o1_0.order_id,c1_0.cust_id,c1_0.address,c1_0.email,c1_0.cust_name,c1_0.phone,o1_0.employee_id,e1_0.emp_id,e1_0.address,e1_0.dob,e1_0.email,e1_0.full_name,e1_0.phone,e1_0.status,o1_0.order_date,o2_0.order_id,o2_0.product_id,p1_0.product_id,p1_0.description,p1_0.manufacturer_name,p1_0.name,p1_0.status,p1_0.unit,o2_0.note,o2_0.price,o2_0.quantity from orders o1_0 left join customer c1_0 on c1_0.cust_id=o1_0.cust_id join employee e1_0 on e1_0.emp_id=o1_0.employee_id left join order_detail o2_0 on o1_0.order_id=o2_0.order_id left join product p1_0 on p1_0.product_id=o2_0.product_id where o1_0.order_id=?
Hibernate: select l1_0.employee_id,l1_0.order_id,c1_0.cust_id,c1_0.address,c1_0.email,c1_0.cust_name,c1_0.phone,l1_0.order_date from orders l1_0 left join customer c1_0 on c1_0.cust_id=l1_0.cust_id where l1_0.employee_id=?
Hibernate: select p1_0.product_id,p1_0.description,p1_0.manufacturer_name,p1_0.name,p1_0.status,p1_0.unit,o1_0.product_id,o1_0.order_id,o2_0.order_id,c1_0.cust_id,c1_0.address,c1_0.email,c1_0.cust_name,c1_0.phone,o2_0.employee_id,e1_0.emp_id,e1_0.address,e1_0.dob,e1_0.email,e1_0.full_name,e1_0.phone,e1_0.status,o2_0.order_date,o1_0.note,o1_0.price,o1_0.quantity from product p1_0 left join order_detail o1_0 on p1_0.product_id=o1_0.product_id left join orders o2_0 on o2_0.order_id=o1_0.order_id left join customer c1_0 on c1_0.cust_id=o2_0.cust_id left join employee e1_0 on e1_0.emp_id=o2_0.employee_id where p1_0.product_id=?
Hibernate: select o1_0.order_id,o1_0.product_id,p1_0.product_id,p1_0.description,p1_0.manufacturer_name,p1_0.name,p1_0.status,p1_0.unit,o1_0.note,o1_0.price,o1_0.quantity from order_detail o1_0 join product p1_0 on p1_0.product_id=o1_0.product_id where o1_0.order_id=?
Hibernate: select l1_0.employee_id,l1_0.order_id,c1_0.cust_id,c1_0.address,c1_0.email,c1_0.cust_name,c1_0.phone,l1_0.order_date from orders l1_0 left join customer c1_0 on c1_0.cust_id=l1_0.cust_id where l1_0.employee_id=?
Hibernate: select p1_0.product_id,p1_0.price_date_time,p1_0.note,p1_0.price from product_price p1_0 where p1_0.product_id=?
Hibernate: select p1_0.product_id,p1_0.image_id,p1_0.alternative,p1_0.path from product_image p1_0 where p1_0.product_id=?
Hibernate: insert into order_detail (note,price,quantity,order_id,product_id) values (?,?,?,?,?)
Hibernate: update orders set cust_id=?,employee_id=?,order_date=? where order_id=?
Hibernate: select p1_0.product_id,p1_0.description,p1_0.manufacturer_name,p1_0.name,p1_0.status,p1_0.unit from product p1_0 where p1_0.product_id=?
Hibernate: select o1_0.order_id,o2_0.order_id,c1_0.cust_id,c1_0.address,c1_0.email,c1_0.cust_name,c1_0.phone,o2_0.employee_id,e1_0.emp_id,e1_0.address,e1_0.dob,e1_0.email,e1_0.full_name,e1_0.phone,e1_0.status,o2_0.order_date,o1_0.product_id,p1_0.product_id,p1_0.description,p1_0.manufacturer_name,p1_0.name,p1_0.status,p1_0.unit,p2_0.product_id,p2_0.image_id,p2_0.alternative,p2_0.path,o1_0.note,o1_0.price,o1_0.quantity from order_detail o1_0 join orders o2_0 on o2_0.order_id=o1_0.order_id left join customer c1_0 on c1_0.cust_id=o2_0.cust_id left join employee e1_0 on e1_0.emp_id=o2_0.employee_id join product p1_0 on p1_0.product_id=o1_0.product_id left join product_image p2_0 on p1_0.product_id=p2_0.product_id where (o1_0.order_id,o1_0.product_id) in ((?,?))
Hibernate: select o1_0.order_id,c1_0.cust_id,c1_0.address,c1_0.email,c1_0.cust_name,c1_0.phone,o1_0.employee_id,e1_0.emp_id,e1_0.address,e1_0.dob,e1_0.email,e1_0.full_name,e1_0.phone,e1_0.status,o1_0.order_date,o2_0.order_id,o2_0.product_id,p1_0.product_id,p1_0.description,p1_0.manufacturer_name,p1_0.name,p1_0.status,p1_0.unit,o2_0.note,o2_0.price,o2_0.quantity from orders o1_0 left join customer c1_0 on c1_0.cust_id=o1_0.cust_id join employee e1_0 on e1_0.emp_id=o1_0.employee_id left join order_detail o2_0 on o1_0.order_id=o2_0.order_id left join product p1_0 on p1_0.product_id=o2_0.product_id where o1_0.order_id=?
Hibernate: select p1_0.product_id,p1_0.price_date_time,p1_0.note,p1_0.price from product_price p1_0 where p1_0.product_id=?
Hibernate: select p1_0.product_id,p1_0.image_id,p1_0.alternative,p1_0.path from product_image p1_0 where p1_0.product_id=?
Hibernate: select o1_0.product_id,o1_0.order_id,o2_0.order_id,c1_0.cust_id,c1_0.address,c1_0.email,c1_0.cust_name,c1_0.phone,o2_0.employee_id,e1_0.emp_id,e1_0.address,e1_0.dob,e1_0.email,e1_0.full_name,e1_0.phone,e1_0.status,o2_0.order_date,o1_0.note,o1_0.price,o1_0.quantity from order_detail o1_0 join orders o2_0 on o2_0.order_id=o1_0.order_id left join customer c1_0 on c1_0.cust_id=o2_0.cust_id left join employee e1_0 on e1_0.emp_id=o2_0.employee_id where o1_0.product_id=?
Hibernate: select l1_0.employee_id,l1_0.order_id,c1_0.cust_id,c1_0.address,c1_0.email,c1_0.cust_name,c1_0.phone,l1_0.order_date from orders l1_0 left join customer c1_0 on c1_0.cust_id=l1_0.cust_id where l1_0.employee_id=?
Hibernate: select p1_0.product_id,p1_0.description,p1_0.manufacturer_name,p1_0.name,p1_0.status,p1_0.unit,o1_0.product_id,o1_0.order_id,o2_0.order_id,c1_0.cust_id,c1_0.address,c1_0.email,c1_0.cust_name,c1_0.phone,o2_0.employee_id,e1_0.emp_id,e1_0.address,e1_0.dob,e1_0.email,e1_0.full_name,e1_0.phone,e1_0.status,o2_0.order_date,o1_0.note,o1_0.price,o1_0.quantity from product p1_0 left join order_detail o1_0 on p1_0.product_id=o1_0.product_id left join orders o2_0 on o2_0.order_id=o1_0.order_id left join customer c1_0 on c1_0.cust_id=o2_0.cust_id left join employee e1_0 on e1_0.emp_id=o2_0.employee_id where p1_0.product_id=?
Hibernate: select p1_0.product_id,p1_0.price_date_time,p1_0.note,p1_0.price from product_price p1_0 where p1_0.product_id=?
Hibernate: select p1_0.product_id,p1_0.image_id,p1_0.alternative,p1_0.path from product_image p1_0 where p1_0.product_id=?
Hibernate: select o1_0.order_id,o1_0.product_id,p1_0.product_id,p1_0.description,p1_0.manufacturer_name,p1_0.name,p1_0.status,p1_0.unit,o1_0.note,o1_0.price,o1_0.quantity from order_detail o1_0 join product p1_0 on p1_0.product_id=o1_0.product_id where o1_0.order_id=?
Hibernate: select l1_0.employee_id,l1_0.order_id,c1_0.cust_id,c1_0.address,c1_0.email,c1_0.cust_name,c1_0.phone,l1_0.order_date from orders l1_0 left join customer c1_0 on c1_0.cust_id=l1_0.cust_id where l1_0.employee_id=?
Hibernate: insert into order_detail (note,price,quantity,order_id,product_id) values (?,?,?,?,?)
Hibernate: update orders set cust_id=?,employee_id=?,order_date=? where order_id=?
Hibernate: select p1_0.product_id,p1_0.description,p1_0.manufacturer_name,p1_0.name,p1_0.status,p1_0.unit from product p1_0 where p1_0.product_id=?
Hibernate: select o1_0.order_id,o2_0.order_id,c1_0.cust_id,c1_0.address,c1_0.email,c1_0.cust_name,c1_0.phone,o2_0.employee_id,e1_0.emp_id,e1_0.address,e1_0.dob,e1_0.email,e1_0.full_name,e1_0.phone,e1_0.status,o2_0.order_date,o1_0.product_id,p1_0.product_id,p1_0.description,p1_0.manufacturer_name,p1_0.name,p1_0.status,p1_0.unit,p2_0.product_id,p2_0.image_id,p2_0.alternative,p2_0.path,o1_0.note,o1_0.price,o1_0.quantity from order_detail o1_0 join orders o2_0 on o2_0.order_id=o1_0.order_id left join customer c1_0 on c1_0.cust_id=o2_0.cust_id left join employee e1_0 on e1_0.emp_id=o2_0.employee_id join product p1_0 on p1_0.product_id=o1_0.product_id left join product_image p2_0 on p1_0.product_id=p2_0.product_id where (o1_0.order_id,o1_0.product_id) in ((?,?))
Hibernate: select o1_0.order_id,c1_0.cust_id,c1_0.address,c1_0.email,c1_0.cust_name,c1_0.phone,o1_0.employee_id,e1_0.emp_id,e1_0.address,e1_0.dob,e1_0.email,e1_0.full_name,e1_0.phone,e1_0.status,o1_0.order_date,o2_0.order_id,o2_0.product_id,p1_0.product_id,p1_0.description,p1_0.manufacturer_name,p1_0.name,p1_0.status,p1_0.unit,o2_0.note,o2_0.price,o2_0.quantity from orders o1_0 left join customer c1_0 on c1_0.cust_id=o1_0.cust_id join employee e1_0 on e1_0.emp_id=o1_0.employee_id left join order_detail o2_0 on o1_0.order_id=o2_0.order_id left join product p1_0 on p1_0.product_id=o2_0.product_id where o1_0.order_id=?
Hibernate: select p1_0.product_id,p1_0.price_date_time,p1_0.note,p1_0.price from product_price p1_0 where p1_0.product_id=?
Hibernate: select p1_0.product_id,p1_0.image_id,p1_0.alternative,p1_0.path from product_image p1_0 where p1_0.product_id=?
Hibernate: select o1_0.product_id,o1_0.order_id,o2_0.order_id,c1_0.cust_id,c1_0.address,c1_0.email,c1_0.cust_name,c1_0.phone,o2_0.employee_id,e1_0.emp_id,e1_0.address,e1_0.dob,e1_0.email,e1_0.full_name,e1_0.phone,e1_0.status,o2_0.order_date,o1_0.note,o1_0.price,o1_0.quantity from order_detail o1_0 join orders o2_0 on o2_0.order_id=o1_0.order_id left join customer c1_0 on c1_0.cust_id=o2_0.cust_id left join employee e1_0 on e1_0.emp_id=o2_0.employee_id where o1_0.product_id=?
Hibernate: select p1_0.product_id,p1_0.price_date_time,p1_0.note,p1_0.price from product_price p1_0 where p1_0.product_id=?
Hibernate: select p1_0.product_id,p1_0.image_id,p1_0.alternative,p1_0.path from product_image p1_0 where p1_0.product_id=?
Hibernate: select o1_0.product_id,o1_0.order_id,o2_0.order_id,c1_0.cust_id,c1_0.address,c1_0.email,c1_0.cust_name,c1_0.phone,o2_0.employee_id,e1_0.emp_id,e1_0.address,e1_0.dob,e1_0.email,e1_0.full_name,e1_0.phone,e1_0.status,o2_0.order_date,o1_0.note,o1_0.price,o1_0.quantity from order_detail o1_0 join orders o2_0 on o2_0.order_id=o1_0.order_id left join customer c1_0 on c1_0.cust_id=o2_0.cust_id left join employee e1_0 on e1_0.emp_id=o2_0.employee_id where o1_0.product_id=?
Hibernate: select l1_0.employee_id,l1_0.order_id,c1_0.cust_id,c1_0.address,c1_0.email,c1_0.cust_name,c1_0.phone,l1_0.order_date from orders l1_0 left join customer c1_0 on c1_0.cust_id=l1_0.cust_id where l1_0.employee_id=?
Hibernate: select p1_0.product_id,p1_0.description,p1_0.manufacturer_name,p1_0.name,p1_0.status,p1_0.unit,o1_0.product_id,o1_0.order_id,o2_0.order_id,c1_0.cust_id,c1_0.address,c1_0.email,c1_0.cust_name,c1_0.phone,o2_0.employee_id,e1_0.emp_id,e1_0.address,e1_0.dob,e1_0.email,e1_0.full_name,e1_0.phone,e1_0.status,o2_0.order_date,o1_0.note,o1_0.price,o1_0.quantity from product p1_0 left join order_detail o1_0 on p1_0.product_id=o1_0.product_id left join orders o2_0 on o2_0.order_id=o1_0.order_id left join customer c1_0 on c1_0.cust_id=o2_0.cust_id left join employee e1_0 on e1_0.emp_id=o2_0.employee_id where p1_0.product_id=?
Hibernate: select o1_0.order_id,o1_0.product_id,p1_0.product_id,p1_0.description,p1_0.manufacturer_name,p1_0.name,p1_0.status,p1_0.unit,o1_0.note,o1_0.price,o1_0.quantity from order_detail o1_0 join product p1_0 on p1_0.product_id=o1_0.product_id where o1_0.order_id=?
Hibernate: select p1_0.product_id,p1_0.price_date_time,p1_0.note,p1_0.price from product_price p1_0 where p1_0.product_id=?
Hibernate: select p1_0.product_id,p1_0.image_id,p1_0.alternative,p1_0.path from product_image p1_0 where p1_0.product_id=?
Hibernate: select o1_0.order_id,o1_0.product_id,p1_0.product_id,p1_0.description,p1_0.manufacturer_name,p1_0.name,p1_0.status,p1_0.unit,o1_0.note,o1_0.price,o1_0.quantity from order_detail o1_0 join product p1_0 on p1_0.product_id=o1_0.product_id where o1_0.order_id=?
Hibernate: insert into order_detail (note,price,quantity,order_id,product_id) values (?,?,?,?,?)
Hibernate: update orders set cust_id=?,employee_id=?,order_date=? where order_id=?
Hibernate: select e1_0.emp_id,e1_0.address,e1_0.dob,e1_0.email,e1_0.full_name,e1_0.phone,e1_0.status from employee e1_0 where e1_0.emp_id=?
Hibernate: select c1_0.cust_id,c1_0.address,c1_0.email,c1_0.cust_name,c1_0.phone from customer c1_0 where c1_0.cust_id=?
Hibernate: select o1_0.order_id,c1_0.cust_id,c1_0.address,c1_0.email,c1_0.cust_name,c1_0.phone,o1_0.employee_id,e1_0.emp_id,e1_0.address,e1_0.dob,e1_0.email,e1_0.full_name,e1_0.phone,e1_0.status,o1_0.order_date,o2_0.order_id,o2_0.product_id,p1_0.product_id,p1_0.description,p1_0.manufacturer_name,p1_0.name,p1_0.status,p1_0.unit,o2_0.note,o2_0.price,o2_0.quantity from orders o1_0 left join customer c1_0 on c1_0.cust_id=o1_0.cust_id join employee e1_0 on e1_0.emp_id=o1_0.employee_id left join order_detail o2_0 on o1_0.order_id=o2_0.order_id left join product p1_0 on p1_0.product_id=o2_0.product_id where o1_0.order_id=?
Hibernate: select c1_0.cust_id,c1_0.address,c1_0.email,c1_0.cust_name,c1_0.phone from customer c1_0 where c1_0.cust_id=?
Hibernate: select e1_0.emp_id,e1_0.address,e1_0.dob,e1_0.email,e1_0.full_name,e1_0.phone,e1_0.status from employee e1_0 where e1_0.emp_id=?
Hibernate: insert into orders (cust_id,employee_id,order_date,order_id) values (?,?,?,default)
Hibernate: select p1_0.product_id,p1_0.description,p1_0.manufacturer_name,p1_0.name,p1_0.status,p1_0.unit from product p1_0 where p1_0.product_id=?
Hibernate: select o1_0.order_id,o2_0.order_id,c1_0.cust_id,c1_0.address,c1_0.email,c1_0.cust_name,c1_0.phone,o2_0.employee_id,e1_0.emp_id,e1_0.address,e1_0.dob,e1_0.email,e1_0.full_name,e1_0.phone,e1_0.status,o2_0.order_date,o1_0.product_id,p1_0.product_id,p1_0.description,p1_0.manufacturer_name,p1_0.name,p1_0.status,p1_0.unit,p2_0.product_id,p2_0.image_id,p2_0.alternative,p2_0.path,o1_0.note,o1_0.price,o1_0.quantity from order_detail o1_0 join orders o2_0 on o2_0.order_id=o1_0.order_id left join customer c1_0 on c1_0.cust_id=o2_0.cust_id left join employee e1_0 on e1_0.emp_id=o2_0.employee_id join product p1_0 on p1_0.product_id=o1_0.product_id left join product_image p2_0 on p1_0.product_id=p2_0.product_id where (o1_0.order_id,o1_0.product_id) in ((?,?))
Hibernate: select o1_0.order_id,c1_0.cust_id,c1_0.address,c1_0.email,c1_0.cust_name,c1_0.phone,o1_0.employee_id,e1_0.emp_id,e1_0.address,e1_0.dob,e1_0.email,e1_0.full_name,e1_0.phone,e1_0.status,o1_0.order_date,o2_0.order_id,o2_0.product_id,p1_0.product_id,p1_0.description,p1_0.manufacturer_name,p1_0.name,p1_0.status,p1_0.unit,o2_0.note,o2_0.price,o2_0.quantity from orders o1_0 left join customer c1_0 on c1_0.cust_id=o1_0.cust_id join employee e1_0 on e1_0.emp_id=o1_0.employee_id left join order_detail o2_0 on o1_0.order_id=o2_0.order_id left join product p1_0 on p1_0.product_id=o2_0.product_id where o1_0.order_id=?
Hibernate: select l1_0.employee_id,l1_0.order_id,c1_0.cust_id,c1_0.address,c1_0.email,c1_0.cust_name,c1_0.phone,l1_0.order_date from orders l1_0 left join customer c1_0 on c1_0.cust_id=l1_0.cust_id where l1_0.employee_id=?
Hibernate: select p1_0.product_id,p1_0.description,p1_0.manufacturer_name,p1_0.name,p1_0.status,p1_0.unit,o1_0.product_id,o1_0.order_id,o2_0.order_id,c1_0.cust_id,c1_0.address,c1_0.email,c1_0.cust_name,c1_0.phone,o2_0.employee_id,e1_0.emp_id,e1_0.address,e1_0.dob,e1_0.email,e1_0.full_name,e1_0.phone,e1_0.status,o2_0.order_date,o1_0.note,o1_0.price,o1_0.quantity from product p1_0 left join order_detail o1_0 on p1_0.product_id=o1_0.product_id left join orders o2_0 on o2_0.order_id=o1_0.order_id left join customer c1_0 on c1_0.cust_id=o2_0.cust_id left join employee e1_0 on e1_0.emp_id=o2_0.employee_id where p1_0.product_id=?
Hibernate: select o1_0.order_id,o1_0.product_id,p1_0.product_id,p1_0.description,p1_0.manufacturer_name,p1_0.name,p1_0.status,p1_0.unit,o1_0.note,o1_0.price,o1_0.quantity from order_detail o1_0 join product p1_0 on p1_0.product_id=o1_0.product_id where o1_0.order_id=?
Hibernate: select l1_0.employee_id,l1_0.order_id,c1_0.cust_id,c1_0.address,c1_0.email,c1_0.cust_name,c1_0.phone,l1_0.order_date from orders l1_0 left join customer c1_0 on c1_0.cust_id=l1_0.cust_id where l1_0.employee_id=?
Hibernate: select p1_0.product_id,p1_0.price_date_time,p1_0.note,p1_0.price from product_price p1_0 where p1_0.product_id=?
Hibernate: select p1_0.product_id,p1_0.image_id,p1_0.alternative,p1_0.path from product_image p1_0 where p1_0.product_id=?
Hibernate: select o1_0.order_id,o1_0.product_id,p1_0.product_id,p1_0.description,p1_0.manufacturer_name,p1_0.name,p1_0.status,p1_0.unit,o1_0.note,o1_0.price,o1_0.quantity from order_detail o1_0 join product p1_0 on p1_0.product_id=o1_0.product_id where o1_0.order_id=?
Hibernate: select l1_0.employee_id,l1_0.order_id,c1_0.cust_id,c1_0.address,c1_0.email,c1_0.cust_name,c1_0.phone,l1_0.order_date from orders l1_0 left join customer c1_0 on c1_0.cust_id=l1_0.cust_id where l1_0.employee_id=?
Hibernate: insert into order_detail (note,price,quantity,order_id,product_id) values (?,?,?,?,?)
Hibernate: update orders set cust_id=?,employee_id=?,order_date=? where order_id=?
Hibernate: select p1_0.product_id,p1_0.description,p1_0.manufacturer_name,p1_0.name,p1_0.status,p1_0.unit from product p1_0 where p1_0.product_id=?
Hibernate: select o1_0.order_id,o2_0.order_id,c1_0.cust_id,c1_0.address,c1_0.email,c1_0.cust_name,c1_0.phone,o2_0.employee_id,e1_0.emp_id,e1_0.address,e1_0.dob,e1_0.email,e1_0.full_name,e1_0.phone,e1_0.status,o2_0.order_date,o1_0.product_id,p1_0.product_id,p1_0.description,p1_0.manufacturer_name,p1_0.name,p1_0.status,p1_0.unit,p2_0.product_id,p2_0.image_id,p2_0.alternative,p2_0.path,o1_0.note,o1_0.price,o1_0.quantity from order_detail o1_0 join orders o2_0 on o2_0.order_id=o1_0.order_id left join customer c1_0 on c1_0.cust_id=o2_0.cust_id left join employee e1_0 on e1_0.emp_id=o2_0.employee_id join product p1_0 on p1_0.product_id=o1_0.product_id left join product_image p2_0 on p1_0.product_id=p2_0.product_id where (o1_0.order_id,o1_0.product_id) in ((?,?))
Hibernate: select o1_0.order_id,c1_0.cust_id,c1_0.address,c1_0.email,c1_0.cust_name,c1_0.phone,o1_0.employee_id,e1_0.emp_id,e1_0.address,e1_0.dob,e1_0.email,e1_0.full_name,e1_0.phone,e1_0.status,o1_0.order_date,o2_0.order_id,o2_0.product_id,p1_0.product_id,p1_0.description,p1_0.manufacturer_name,p1_0.name,p1_0.status,p1_0.unit,o2_0.note,o2_0.price,o2_0.quantity from orders o1_0 left join customer c1_0 on c1_0.cust_id=o1_0.cust_id join employee e1_0 on e1_0.emp_id=o1_0.employee_id left join order_detail o2_0 on o1_0.order_id=o2_0.order_id left join product p1_0 on p1_0.product_id=o2_0.product_id where o1_0.order_id=?
Hibernate: select p1_0.product_id,p1_0.price_date_time,p1_0.note,p1_0.price from product_price p1_0 where p1_0.product_id=?
Hibernate: select p1_0.product_id,p1_0.image_id,p1_0.alternative,p1_0.path from product_image p1_0 where p1_0.product_id=?
Hibernate: select o1_0.product_id,o1_0.order_id,o2_0.order_id,c1_0.cust_id,c1_0.address,c1_0.email,c1_0.cust_name,c1_0.phone,o2_0.employee_id,e1_0.emp_id,e1_0.address,e1_0.dob,e1_0.email,e1_0.full_name,e1_0.phone,e1_0.status,o2_0.order_date,o1_0.note,o1_0.price,o1_0.quantity from order_detail o1_0 join orders o2_0 on o2_0.order_id=o1_0.order_id left join customer c1_0 on c1_0.cust_id=o2_0.cust_id left join employee e1_0 on e1_0.emp_id=o2_0.employee_id where o1_0.product_id=?
Hibernate: select l1_0.employee_id,l1_0.order_id,c1_0.cust_id,c1_0.address,c1_0.email,c1_0.cust_name,c1_0.phone,l1_0.order_date from orders l1_0 left join customer c1_0 on c1_0.cust_id=l1_0.cust_id where l1_0.employee_id=?
Hibernate: select p1_0.product_id,p1_0.description,p1_0.manufacturer_name,p1_0.name,p1_0.status,p1_0.unit,o1_0.product_id,o1_0.order_id,o2_0.order_id,c1_0.cust_id,c1_0.address,c1_0.email,c1_0.cust_name,c1_0.phone,o2_0.employee_id,e1_0.emp_id,e1_0.address,e1_0.dob,e1_0.email,e1_0.full_name,e1_0.phone,e1_0.status,o2_0.order_date,o1_0.note,o1_0.price,o1_0.quantity from product p1_0 left join order_detail o1_0 on p1_0.product_id=o1_0.product_id left join orders o2_0 on o2_0.order_id=o1_0.order_id left join customer c1_0 on c1_0.cust_id=o2_0.cust_id left join employee e1_0 on e1_0.emp_id=o2_0.employee_id where p1_0.product_id=?
Hibernate: select o1_0.order_id,o1_0.product_id,p1_0.product_id,p1_0.description,p1_0.manufacturer_name,p1_0.name,p1_0.status,p1_0.unit,o1_0.note,o1_0.price,o1_0.quantity from order_detail o1_0 join product p1_0 on p1_0.product_id=o1_0.product_id where o1_0.order_id=?
Hibernate: select l1_0.employee_id,l1_0.order_id,c1_0.cust_id,c1_0.address,c1_0.email,c1_0.cust_name,c1_0.phone,l1_0.order_date from orders l1_0 left join customer c1_0 on c1_0.cust_id=l1_0.cust_id where l1_0.employee_id=?
Hibernate: select p1_0.product_id,p1_0.price_date_time,p1_0.note,p1_0.price from product_price p1_0 where p1_0.product_id=?
Hibernate: select p1_0.product_id,p1_0.image_id,p1_0.alternative,p1_0.path from product_image p1_0 where p1_0.product_id=?
Hibernate: insert into order_detail (note,price,quantity,order_id,product_id) values (?,?,?,?,?)
Hibernate: update orders set cust_id=?,employee_id=?,order_date=? where order_id=?
Hibernate: select p1_0.product_id,p1_0.description,p1_0.manufacturer_name,p1_0.name,p1_0.status,p1_0.unit from product p1_0 where p1_0.product_id=?
Hibernate: select o1_0.order_id,o2_0.order_id,c1_0.cust_id,c1_0.address,c1_0.email,c1_0.cust_name,c1_0.phone,o2_0.employee_id,e1_0.emp_id,e1_0.address,e1_0.dob,e1_0.email,e1_0.full_name,e1_0.phone,e1_0.status,o2_0.order_date,o1_0.product_id,p1_0.product_id,p1_0.description,p1_0.manufacturer_name,p1_0.name,p1_0.status,p1_0.unit,p2_0.product_id,p2_0.image_id,p2_0.alternative,p2_0.path,o1_0.note,o1_0.price,o1_0.quantity from order_detail o1_0 join orders o2_0 on o2_0.order_id=o1_0.order_id left join customer c1_0 on c1_0.cust_id=o2_0.cust_id left join employee e1_0 on e1_0.emp_id=o2_0.employee_id join product p1_0 on p1_0.product_id=o1_0.product_id left join product_image p2_0 on p1_0.product_id=p2_0.product_id where (o1_0.order_id,o1_0.product_id) in ((?,?))
Hibernate: select o1_0.order_id,c1_0.cust_id,c1_0.address,c1_0.email,c1_0.cust_name,c1_0.phone,o1_0.employee_id,e1_0.emp_id,e1_0.address,e1_0.dob,e1_0.email,e1_0.full_name,e1_0.phone,e1_0.status,o1_0.order_date,o2_0.order_id,o2_0.product_id,p1_0.product_id,p1_0.description,p1_0.manufacturer_name,p1_0.name,p1_0.status,p1_0.unit,o2_0.note,o2_0.price,o2_0.quantity from orders o1_0 left join customer c1_0 on c1_0.cust_id=o1_0.cust_id join employee e1_0 on e1_0.emp_id=o1_0.employee_id left join order_detail o2_0 on o1_0.order_id=o2_0.order_id left join product p1_0 on p1_0.product_id=o2_0.product_id where o1_0.order_id=?
Hibernate: select p1_0.product_id,p1_0.price_date_time,p1_0.note,p1_0.price from product_price p1_0 where p1_0.product_id=?
Hibernate: select p1_0.product_id,p1_0.image_id,p1_0.alternative,p1_0.path from product_image p1_0 where p1_0.product_id=?
Hibernate: select o1_0.product_id,o1_0.order_id,o2_0.order_id,c1_0.cust_id,c1_0.address,c1_0.email,c1_0.cust_name,c1_0.phone,o2_0.employee_id,e1_0.emp_id,e1_0.address,e1_0.dob,e1_0.email,e1_0.full_name,e1_0.phone,e1_0.status,o2_0.order_date,o1_0.note,o1_0.price,o1_0.quantity from order_detail o1_0 join orders o2_0 on o2_0.order_id=o1_0.order_id left join customer c1_0 on c1_0.cust_id=o2_0.cust_id left join employee e1_0 on e1_0.emp_id=o2_0.employee_id where o1_0.product_id=?
Hibernate: select p1_0.product_id,p1_0.price_date_time,p1_0.note,p1_0.price from product_price p1_0 where p1_0.product_id=?
Hibernate: select p1_0.product_id,p1_0.image_id,p1_0.alternative,p1_0.path from product_image p1_0 where p1_0.product_id=?
Hibernate: select o1_0.product_id,o1_0.order_id,o2_0.order_id,c1_0.cust_id,c1_0.address,c1_0.email,c1_0.cust_name,c1_0.phone,o2_0.employee_id,e1_0.emp_id,e1_0.address,e1_0.dob,e1_0.email,e1_0.full_name,e1_0.phone,e1_0.status,o2_0.order_date,o1_0.note,o1_0.price,o1_0.quantity from order_detail o1_0 join orders o2_0 on o2_0.order_id=o1_0.order_id left join customer c1_0 on c1_0.cust_id=o2_0.cust_id left join employee e1_0 on e1_0.emp_id=o2_0.employee_id where o1_0.product_id=?
Hibernate: select l1_0.employee_id,l1_0.order_id,c1_0.cust_id,c1_0.address,c1_0.email,c1_0.cust_name,c1_0.phone,l1_0.order_date from orders l1_0 left join customer c1_0 on c1_0.cust_id=l1_0.cust_id where l1_0.employee_id=?
Hibernate: select p1_0.product_id,p1_0.description,p1_0.manufacturer_name,p1_0.name,p1_0.status,p1_0.unit,o1_0.product_id,o1_0.order_id,o2_0.order_id,c1_0.cust_id,c1_0.address,c1_0.email,c1_0.cust_name,c1_0.phone,o2_0.employee_id,e1_0.emp_id,e1_0.address,e1_0.dob,e1_0.email,e1_0.full_name,e1_0.phone,e1_0.status,o2_0.order_date,o1_0.note,o1_0.price,o1_0.quantity from product p1_0 left join order_detail o1_0 on p1_0.product_id=o1_0.product_id left join orders o2_0 on o2_0.order_id=o1_0.order_id left join customer c1_0 on c1_0.cust_id=o2_0.cust_id left join employee e1_0 on e1_0.emp_id=o2_0.employee_id where p1_0.product_id=?
Hibernate: select p1_0.product_id,p1_0.price_date_time,p1_0.note,p1_0.price from product_price p1_0 where p1_0.product_id=?
Hibernate: select p1_0.product_id,p1_0.image_id,p1_0.alternative,p1_0.path from product_image p1_0 where p1_0.product_id=?
Hibernate: insert into order_detail (note,price,quantity,order_id,product_id) values (?,?,?,?,?)
Hibernate: update orders set cust_id=?,employee_id=?,order_date=? where order_id=?
Hibernate: select e1_0.emp_id,e1_0.address,e1_0.dob,e1_0.email,e1_0.full_name,e1_0.phone,e1_0.status from employee e1_0 where e1_0.emp_id=?
Hibernate: select c1_0.cust_id,c1_0.address,c1_0.email,c1_0.cust_name,c1_0.phone from customer c1_0 where c1_0.cust_id=?
Hibernate: select o1_0.order_id,c1_0.cust_id,c1_0.address,c1_0.email,c1_0.cust_name,c1_0.phone,o1_0.employee_id,e1_0.emp_id,e1_0.address,e1_0.dob,e1_0.email,e1_0.full_name,e1_0.phone,e1_0.status,o1_0.order_date,o2_0.order_id,o2_0.product_id,p1_0.product_id,p1_0.description,p1_0.manufacturer_name,p1_0.name,p1_0.status,p1_0.unit,o2_0.note,o2_0.price,o2_0.quantity from orders o1_0 left join customer c1_0 on c1_0.cust_id=o1_0.cust_id join employee e1_0 on e1_0.emp_id=o1_0.employee_id left join order_detail o2_0 on o1_0.order_id=o2_0.order_id left join product p1_0 on p1_0.product_id=o2_0.product_id where o1_0.order_id=?
Hibernate: select c1_0.cust_id,c1_0.address,c1_0.email,c1_0.cust_name,c1_0.phone from customer c1_0 where c1_0.cust_id=?
Hibernate: select e1_0.emp_id,e1_0.address,e1_0.dob,e1_0.email,e1_0.full_name,e1_0.phone,e1_0.status from employee e1_0 where e1_0.emp_id=?
Hibernate: insert into orders (cust_id,employee_id,order_date,order_id) values (?,?,?,default)
Hibernate: select p1_0.product_id,p1_0.description,p1_0.manufacturer_name,p1_0.name,p1_0.status,p1_0.unit from product p1_0 where p1_0.product_id=?
Hibernate: select o1_0.order_id,o2_0.order_id,c1_0.cust_id,c1_0.address,c1_0.email,c1_0.cust_name,c1_0.phone,o2_0.employee_id,e1_0.emp_id,e1_0.address,e1_0.dob,e1_0.email,e1_0.full_name,e1_0.phone,e1_0.status,o2_0.order_date,o1_0.product_id,p1_0.product_id,p1_0.description,p1_0.manufacturer_name,p1_0.name,p1_0.status,p1_0.unit,p2_0.product_id,p2_0.image_id,p2_0.alternative,p2_0.path,o1_0.note,o1_0.price,o1_0.quantity from order_detail o1_0 join orders o2_0 on o2_0.order_id=o1_0.order_id left join customer c1_0 on c1_0.cust_id=o2_0.cust_id left join employee e1_0 on e1_0.emp_id=o2_0.employee_id join product p1_0 on p1_0.product_id=o1_0.product_id left join product_image p2_0 on p1_0.product_id=p2_0.product_id where (o1_0.order_id,o1_0.product_id) in ((?,?))
Hibernate: select o1_0.order_id,c1_0.cust_id,c1_0.address,c1_0.email,c1_0.cust_name,c1_0.phone,o1_0.employee_id,e1_0.emp_id,e1_0.address,e1_0.dob,e1_0.email,e1_0.full_name,e1_0.phone,e1_0.status,o1_0.order_date,o2_0.order_id,o2_0.product_id,p1_0.product_id,p1_0.description,p1_0.manufacturer_name,p1_0.name,p1_0.status,p1_0.unit,o2_0.note,o2_0.price,o2_0.quantity from orders o1_0 left join customer c1_0 on c1_0.cust_id=o1_0.cust_id join employee e1_0 on e1_0.emp_id=o1_0.employee_id left join order_detail o2_0 on o1_0.order_id=o2_0.order_id left join product p1_0 on p1_0.product_id=o2_0.product_id where o1_0.order_id=?
Hibernate: select l1_0.employee_id,l1_0.order_id,c1_0.cust_id,c1_0.address,c1_0.email,c1_0.cust_name,c1_0.phone,l1_0.order_date from orders l1_0 left join customer c1_0 on c1_0.cust_id=l1_0.cust_id where l1_0.employee_id=?
Hibernate: select p1_0.product_id,p1_0.description,p1_0.manufacturer_name,p1_0.name,p1_0.status,p1_0.unit,o1_0.product_id,o1_0.order_id,o2_0.order_id,c1_0.cust_id,c1_0.address,c1_0.email,c1_0.cust_name,c1_0.phone,o2_0.employee_id,e1_0.emp_id,e1_0.address,e1_0.dob,e1_0.email,e1_0.full_name,e1_0.phone,e1_0.status,o2_0.order_date,o1_0.note,o1_0.price,o1_0.quantity from product p1_0 left join order_detail o1_0 on p1_0.product_id=o1_0.product_id left join orders o2_0 on o2_0.order_id=o1_0.order_id left join customer c1_0 on c1_0.cust_id=o2_0.cust_id left join employee e1_0 on e1_0.emp_id=o2_0.employee_id where p1_0.product_id=?
Hibernate: select o1_0.order_id,o1_0.product_id,p1_0.product_id,p1_0.description,p1_0.manufacturer_name,p1_0.name,p1_0.status,p1_0.unit,o1_0.note,o1_0.price,o1_0.quantity from order_detail o1_0 join product p1_0 on p1_0.product_id=o1_0.product_id where o1_0.order_id=?
Hibernate: select o1_0.order_id,o1_0.product_id,p1_0.product_id,p1_0.description,p1_0.manufacturer_name,p1_0.name,p1_0.status,p1_0.unit,o1_0.note,o1_0.price,o1_0.quantity from order_detail o1_0 join product p1_0 on p1_0.product_id=o1_0.product_id where o1_0.order_id=?
Hibernate: select l1_0.employee_id,l1_0.order_id,c1_0.cust_id,c1_0.address,c1_0.email,c1_0.cust_name,c1_0.phone,l1_0.order_date from orders l1_0 left join customer c1_0 on c1_0.cust_id=l1_0.cust_id where l1_0.employee_id=?
Hibernate: select p1_0.product_id,p1_0.price_date_time,p1_0.note,p1_0.price from product_price p1_0 where p1_0.product_id=?
Hibernate: select p1_0.product_id,p1_0.image_id,p1_0.alternative,p1_0.path from product_image p1_0 where p1_0.product_id=?
Hibernate: select o1_0.order_id,o1_0.product_id,p1_0.product_id,p1_0.description,p1_0.manufacturer_name,p1_0.name,p1_0.status,p1_0.unit,o1_0.note,o1_0.price,o1_0.quantity from order_detail o1_0 join product p1_0 on p1_0.product_id=o1_0.product_id where o1_0.order_id=?
Hibernate: select l1_0.employee_id,l1_0.order_id,c1_0.cust_id,c1_0.address,c1_0.email,c1_0.cust_name,c1_0.phone,l1_0.order_date from orders l1_0 left join customer c1_0 on c1_0.cust_id=l1_0.cust_id where l1_0.employee_id=?
Hibernate: insert into order_detail (note,price,quantity,order_id,product_id) values (?,?,?,?,?)
Hibernate: update orders set cust_id=?,employee_id=?,order_date=? where order_id=?
Hibernate: select p1_0.product_id,p1_0.description,p1_0.manufacturer_name,p1_0.name,p1_0.status,p1_0.unit from product p1_0 where p1_0.product_id=?
Hibernate: select o1_0.order_id,o2_0.order_id,c1_0.cust_id,c1_0.address,c1_0.email,c1_0.cust_name,c1_0.phone,o2_0.employee_id,e1_0.emp_id,e1_0.address,e1_0.dob,e1_0.email,e1_0.full_name,e1_0.phone,e1_0.status,o2_0.order_date,o1_0.product_id,p1_0.product_id,p1_0.description,p1_0.manufacturer_name,p1_0.name,p1_0.status,p1_0.unit,p2_0.product_id,p2_0.image_id,p2_0.alternative,p2_0.path,o1_0.note,o1_0.price,o1_0.quantity from order_detail o1_0 join orders o2_0 on o2_0.order_id=o1_0.order_id left join customer c1_0 on c1_0.cust_id=o2_0.cust_id left join employee e1_0 on e1_0.emp_id=o2_0.employee_id join product p1_0 on p1_0.product_id=o1_0.product_id left join product_image p2_0 on p1_0.product_id=p2_0.product_id where (o1_0.order_id,o1_0.product_id) in ((?,?))
Hibernate: select o1_0.order_id,c1_0.cust_id,c1_0.address,c1_0.email,c1_0.cust_name,c1_0.phone,o1_0.employee_id,e1_0.emp_id,e1_0.address,e1_0.dob,e1_0.email,e1_0.full_name,e1_0.phone,e1_0.status,o1_0.order_date,o2_0.order_id,o2_0.product_id,p1_0.product_id,p1_0.description,p1_0.manufacturer_name,p1_0.name,p1_0.status,p1_0.unit,o2_0.note,o2_0.price,o2_0.quantity from orders o1_0 left join customer c1_0 on c1_0.cust_id=o1_0.cust_id join employee e1_0 on e1_0.emp_id=o1_0.employee_id left join order_detail o2_0 on o1_0.order_id=o2_0.order_id left join product p1_0 on p1_0.product_id=o2_0.product_id where o1_0.order_id=?
Hibernate: select p1_0.product_id,p1_0.price_date_time,p1_0.note,p1_0.price from product_price p1_0 where p1_0.product_id=?
Hibernate: select p1_0.product_id,p1_0.image_id,p1_0.alternative,p1_0.path from product_image p1_0 where p1_0.product_id=?
Hibernate: select o1_0.product_id,o1_0.order_id,o2_0.order_id,c1_0.cust_id,c1_0.address,c1_0.email,c1_0.cust_name,c1_0.phone,o2_0.employee_id,e1_0.emp_id,e1_0.address,e1_0.dob,e1_0.email,e1_0.full_name,e1_0.phone,e1_0.status,o2_0.order_date,o1_0.note,o1_0.price,o1_0.quantity from order_detail o1_0 join orders o2_0 on o2_0.order_id=o1_0.order_id left join customer c1_0 on c1_0.cust_id=o2_0.cust_id left join employee e1_0 on e1_0.emp_id=o2_0.employee_id where o1_0.product_id=?
Hibernate: select l1_0.employee_id,l1_0.order_id,c1_0.cust_id,c1_0.address,c1_0.email,c1_0.cust_name,c1_0.phone,l1_0.order_date from orders l1_0 left join customer c1_0 on c1_0.cust_id=l1_0.cust_id where l1_0.employee_id=?
Hibernate: select p1_0.product_id,p1_0.description,p1_0.manufacturer_name,p1_0.name,p1_0.status,p1_0.unit,o1_0.product_id,o1_0.order_id,o2_0.order_id,c1_0.cust_id,c1_0.address,c1_0.email,c1_0.cust_name,c1_0.phone,o2_0.employee_id,e1_0.emp_id,e1_0.address,e1_0.dob,e1_0.email,e1_0.full_name,e1_0.phone,e1_0.status,o2_0.order_date,o1_0.note,o1_0.price,o1_0.quantity from product p1_0 left join order_detail o1_0 on p1_0.product_id=o1_0.product_id left join orders o2_0 on o2_0.order_id=o1_0.order_id left join customer c1_0 on c1_0.cust_id=o2_0.cust_id left join employee e1_0 on e1_0.emp_id=o2_0.employee_id where p1_0.product_id=?
Hibernate: select p1_0.product_id,p1_0.price_date_time,p1_0.note,p1_0.price from product_price p1_0 where p1_0.product_id=?
Hibernate: select p1_0.product_id,p1_0.image_id,p1_0.alternative,p1_0.path from product_image p1_0 where p1_0.product_id=?
Hibernate: insert into order_detail (note,price,quantity,order_id,product_id) values (?,?,?,?,?)
Hibernate: update orders set cust_id=?,employee_id=?,order_date=? where order_id=?
Hibernate: select p1_0.product_id,p1_0.description,p1_0.manufacturer_name,p1_0.name,p1_0.status,p1_0.unit from product p1_0 where p1_0.product_id=?
Hibernate: select o1_0.order_id,o2_0.order_id,c1_0.cust_id,c1_0.address,c1_0.email,c1_0.cust_name,c1_0.phone,o2_0.employee_id,e1_0.emp_id,e1_0.address,e1_0.dob,e1_0.email,e1_0.full_name,e1_0.phone,e1_0.status,o2_0.order_date,o1_0.product_id,p1_0.product_id,p1_0.description,p1_0.manufacturer_name,p1_0.name,p1_0.status,p1_0.unit,p2_0.product_id,p2_0.image_id,p2_0.alternative,p2_0.path,o1_0.note,o1_0.price,o1_0.quantity from order_detail o1_0 join orders o2_0 on o2_0.order_id=o1_0.order_id left join customer c1_0 on c1_0.cust_id=o2_0.cust_id left join employee e1_0 on e1_0.emp_id=o2_0.employee_id join product p1_0 on p1_0.product_id=o1_0.product_id left join product_image p2_0 on p1_0.product_id=p2_0.product_id where (o1_0.order_id,o1_0.product_id) in ((?,?))
Hibernate: select o1_0.order_id,c1_0.cust_id,c1_0.address,c1_0.email,c1_0.cust_name,c1_0.phone,o1_0.employee_id,e1_0.emp_id,e1_0.address,e1_0.dob,e1_0.email,e1_0.full_name,e1_0.phone,e1_0.status,o1_0.order_date,o2_0.order_id,o2_0.product_id,p1_0.product_id,p1_0.description,p1_0.manufacturer_name,p1_0.name,p1_0.status,p1_0.unit,o2_0.note,o2_0.price,o2_0.quantity from orders o1_0 left join customer c1_0 on c1_0.cust_id=o1_0.cust_id join employee e1_0 on e1_0.emp_id=o1_0.employee_id left join order_detail o2_0 on o1_0.order_id=o2_0.order_id left join product p1_0 on p1_0.product_id=o2_0.product_id where o1_0.order_id=?
Hibernate: select p1_0.product_id,p1_0.price_date_time,p1_0.note,p1_0.price from product_price p1_0 where p1_0.product_id=?
Hibernate: select p1_0.product_id,p1_0.image_id,p1_0.alternative,p1_0.path from product_image p1_0 where p1_0.product_id=?
Hibernate: select o1_0.product_id,o1_0.order_id,o2_0.order_id,c1_0.cust_id,c1_0.address,c1_0.email,c1_0.cust_name,c1_0.phone,o2_0.employee_id,e1_0.emp_id,e1_0.address,e1_0.dob,e1_0.email,e1_0.full_name,e1_0.phone,e1_0.status,o2_0.order_date,o1_0.note,o1_0.price,o1_0.quantity from order_detail o1_0 join orders o2_0 on o2_0.order_id=o1_0.order_id left join customer c1_0 on c1_0.cust_id=o2_0.cust_id left join employee e1_0 on e1_0.emp_id=o2_0.employee_id where o1_0.product_id=?
Hibernate: select p1_0.product_id,p1_0.price_date_time,p1_0.note,p1_0.price from product_price p1_0 where p1_0.product_id=?
Hibernate: select p1_0.product_id,p1_0.image_id,p1_0.alternative,p1_0.path from product_image p1_0 where p1_0.product_id=?
Hibernate: select o1_0.product_id,o1_0.order_id,o2_0.order_id,c1_0.cust_id,c1_0.address,c1_0.email,c1_0.cust_name,c1_0.phone,o2_0.employee_id,e1_0.emp_id,e1_0.address,e1_0.dob,e1_0.email,e1_0.full_name,e1_0.phone,e1_0.status,o2_0.order_date,o1_0.note,o1_0.price,o1_0.quantity from order_detail o1_0 join orders o2_0 on o2_0.order_id=o1_0.order_id left join customer c1_0 on c1_0.cust_id=o2_0.cust_id left join employee e1_0 on e1_0.emp_id=o2_0.employee_id where o1_0.product_id=?
Hibernate: select l1_0.employee_id,l1_0.order_id,c1_0.cust_id,c1_0.address,c1_0.email,c1_0.cust_name,c1_0.phone,l1_0.order_date from orders l1_0 left join customer c1_0 on c1_0.cust_id=l1_0.cust_id where l1_0.employee_id=?
Hibernate: select p1_0.product_id,p1_0.description,p1_0.manufacturer_name,p1_0.name,p1_0.status,p1_0.unit,o1_0.product_id,o1_0.order_id,o2_0.order_id,c1_0.cust_id,c1_0.address,c1_0.email,c1_0.cust_name,c1_0.phone,o2_0.employee_id,e1_0.emp_id,e1_0.address,e1_0.dob,e1_0.email,e1_0.full_name,e1_0.phone,e1_0.status,o2_0.order_date,o1_0.note,o1_0.price,o1_0.quantity from product p1_0 left join order_detail o1_0 on p1_0.product_id=o1_0.product_id left join orders o2_0 on o2_0.order_id=o1_0.order_id left join customer c1_0 on c1_0.cust_id=o2_0.cust_id left join employee e1_0 on e1_0.emp_id=o2_0.employee_id where p1_0.product_id=?
Hibernate: select p1_0.product_id,p1_0.price_date_time,p1_0.note,p1_0.price from product_price p1_0 where p1_0.product_id=?
Hibernate: select p1_0.product_id,p1_0.image_id,p1_0.alternative,p1_0.path from product_image p1_0 where p1_0.product_id=?
Hibernate: select o1_0.order_id,o1_0.product_id,p1_0.product_id,p1_0.description,p1_0.manufacturer_name,p1_0.name,p1_0.status,p1_0.unit,o1_0.note,o1_0.price,o1_0.quantity from order_detail o1_0 join product p1_0 on p1_0.product_id=o1_0.product_id where o1_0.order_id=?
Hibernate: insert into order_detail (note,price,quantity,order_id,product_id) values (?,?,?,?,?)
Hibernate: update orders set cust_id=?,employee_id=?,order_date=? where order_id=?
Hibernate: select e1_0.emp_id,e1_0.address,e1_0.dob,e1_0.email,e1_0.full_name,e1_0.phone,e1_0.status from employee e1_0 where e1_0.emp_id=?
Hibernate: select c1_0.cust_id,c1_0.address,c1_0.email,c1_0.cust_name,c1_0.phone from customer c1_0 where c1_0.cust_id=?
Hibernate: select o1_0.order_id,c1_0.cust_id,c1_0.address,c1_0.email,c1_0.cust_name,c1_0.phone,o1_0.employee_id,e1_0.emp_id,e1_0.address,e1_0.dob,e1_0.email,e1_0.full_name,e1_0.phone,e1_0.status,o1_0.order_date,o2_0.order_id,o2_0.product_id,p1_0.product_id,p1_0.description,p1_0.manufacturer_name,p1_0.name,p1_0.status,p1_0.unit,o2_0.note,o2_0.price,o2_0.quantity from orders o1_0 left join customer c1_0 on c1_0.cust_id=o1_0.cust_id join employee e1_0 on e1_0.emp_id=o1_0.employee_id left join order_detail o2_0 on o1_0.order_id=o2_0.order_id left join product p1_0 on p1_0.product_id=o2_0.product_id where o1_0.order_id=?
Hibernate: select c1_0.cust_id,c1_0.address,c1_0.email,c1_0.cust_name,c1_0.phone from customer c1_0 where c1_0.cust_id=?
Hibernate: select e1_0.emp_id,e1_0.address,e1_0.dob,e1_0.email,e1_0.full_name,e1_0.phone,e1_0.status from employee e1_0 where e1_0.emp_id=?
Hibernate: insert into orders (cust_id,employee_id,order_date,order_id) values (?,?,?,default)
Hibernate: select p1_0.product_id,p1_0.description,p1_0.manufacturer_name,p1_0.name,p1_0.status,p1_0.unit from product p1_0 where p1_0.product_id=?
Hibernate: select o1_0.order_id,o2_0.order_id,c1_0.cust_id,c1_0.address,c1_0.email,c1_0.cust_name,c1_0.phone,o2_0.employee_id,e1_0.emp_id,e1_0.address,e1_0.dob,e1_0.email,e1_0.full_name,e1_0.phone,e1_0.status,o2_0.order_date,o1_0.product_id,p1_0.product_id,p1_0.description,p1_0.manufacturer_name,p1_0.name,p1_0.status,p1_0.unit,p2_0.product_id,p2_0.image_id,p2_0.alternative,p2_0.path,o1_0.note,o1_0.price,o1_0.quantity from order_detail o1_0 join orders o2_0 on o2_0.order_id=o1_0.order_id left join customer c1_0 on c1_0.cust_id=o2_0.cust_id left join employee e1_0 on e1_0.emp_id=o2_0.employee_id join product p1_0 on p1_0.product_id=o1_0.product_id left join product_image p2_0 on p1_0.product_id=p2_0.product_id where (o1_0.order_id,o1_0.product_id) in ((?,?))
Hibernate: select o1_0.order_id,c1_0.cust_id,c1_0.address,c1_0.email,c1_0.cust_name,c1_0.phone,o1_0.employee_id,e1_0.emp_id,e1_0.address,e1_0.dob,e1_0.email,e1_0.full_name,e1_0.phone,e1_0.status,o1_0.order_date,o2_0.order_id,o2_0.product_id,p1_0.product_id,p1_0.description,p1_0.manufacturer_name,p1_0.name,p1_0.status,p1_0.unit,o2_0.note,o2_0.price,o2_0.quantity from orders o1_0 left join customer c1_0 on c1_0.cust_id=o1_0.cust_id join employee e1_0 on e1_0.emp_id=o1_0.employee_id left join order_detail o2_0 on o1_0.order_id=o2_0.order_id left join product p1_0 on p1_0.product_id=o2_0.product_id where o1_0.order_id=?
Hibernate: select l1_0.employee_id,l1_0.order_id,c1_0.cust_id,c1_0.address,c1_0.email,c1_0.cust_name,c1_0.phone,l1_0.order_date from orders l1_0 left join customer c1_0 on c1_0.cust_id=l1_0.cust_id where l1_0.employee_id=?
Hibernate: select p1_0.product_id,p1_0.description,p1_0.manufacturer_name,p1_0.name,p1_0.status,p1_0.unit,o1_0.product_id,o1_0.order_id,o2_0.order_id,c1_0.cust_id,c1_0.address,c1_0.email,c1_0.cust_name,c1_0.phone,o2_0.employee_id,e1_0.emp_id,e1_0.address,e1_0.dob,e1_0.email,e1_0.full_name,e1_0.phone,e1_0.status,o2_0.order_date,o1_0.note,o1_0.price,o1_0.quantity from product p1_0 left join order_detail o1_0 on p1_0.product_id=o1_0.product_id left join orders o2_0 on o2_0.order_id=o1_0.order_id left join customer c1_0 on c1_0.cust_id=o2_0.cust_id left join employee e1_0 on e1_0.emp_id=o2_0.employee_id where p1_0.product_id=?
Hibernate: select p1_0.product_id,p1_0.price_date_time,p1_0.note,p1_0.price from product_price p1_0 where p1_0.product_id=?
Hibernate: select p1_0.product_id,p1_0.image_id,p1_0.alternative,p1_0.path from product_image p1_0 where p1_0.product_id=?
Hibernate: select o1_0.order_id,o1_0.product_id,p1_0.product_id,p1_0.description,p1_0.manufacturer_name,p1_0.name,p1_0.status,p1_0.unit,o1_0.note,o1_0.price,o1_0.quantity from order_detail o1_0 join product p1_0 on p1_0.product_id=o1_0.product_id where o1_0.order_id=?
Hibernate: select l1_0.employee_id,l1_0.order_id,c1_0.cust_id,c1_0.address,c1_0.email,c1_0.cust_name,c1_0.phone,l1_0.order_date from orders l1_0 left join customer c1_0 on c1_0.cust_id=l1_0.cust_id where l1_0.employee_id=?
Hibernate: insert into order_detail (note,price,quantity,order_id,product_id) values (?,?,?,?,?)
Hibernate: update orders set cust_id=?,employee_id=?,order_date=? where order_id=?
Hibernate: select p1_0.product_id,p1_0.description,p1_0.manufacturer_name,p1_0.name,p1_0.status,p1_0.unit from product p1_0 where p1_0.product_id=?
Hibernate: select o1_0.order_id,o2_0.order_id,c1_0.cust_id,c1_0.address,c1_0.email,c1_0.cust_name,c1_0.phone,o2_0.employee_id,e1_0.emp_id,e1_0.address,e1_0.dob,e1_0.email,e1_0.full_name,e1_0.phone,e1_0.status,o2_0.order_date,o1_0.product_id,p1_0.product_id,p1_0.description,p1_0.manufacturer_name,p1_0.name,p1_0.status,p1_0.unit,p2_0.product_id,p2_0.image_id,p2_0.alternative,p2_0.path,o1_0.note,o1_0.price,o1_0.quantity from order_detail o1_0 join orders o2_0 on o2_0.order_id=o1_0.order_id left join customer c1_0 on c1_0.cust_id=o2_0.cust_id left join employee e1_0 on e1_0.emp_id=o2_0.employee_id join product p1_0 on p1_0.product_id=o1_0.product_id left join product_image p2_0 on p1_0.product_id=p2_0.product_id where (o1_0.order_id,o1_0.product_id) in ((?,?))
Hibernate: select o1_0.order_id,c1_0.cust_id,c1_0.address,c1_0.email,c1_0.cust_name,c1_0.phone,o1_0.employee_id,e1_0.emp_id,e1_0.address,e1_0.dob,e1_0.email,e1_0.full_name,e1_0.phone,e1_0.status,o1_0.order_date,o2_0.order_id,o2_0.product_id,p1_0.product_id,p1_0.description,p1_0.manufacturer_name,p1_0.name,p1_0.status,p1_0.unit,o2_0.note,o2_0.price,o2_0.quantity from orders o1_0 left join customer c1_0 on c1_0.cust_id=o1_0.cust_id join employee e1_0 on e1_0.emp_id=o1_0.employee_id left join order_detail o2_0 on o1_0.order_id=o2_0.order_id left join product p1_0 on p1_0.product_id=o2_0.product_id where o1_0.order_id=?
Hibernate: select p1_0.product_id,p1_0.price_date_time,p1_0.note,p1_0.price from product_price p1_0 where p1_0.product_id=?
Hibernate: select p1_0.product_id,p1_0.image_id,p1_0.alternative,p1_0.path from product_image p1_0 where p1_0.product_id=?
Hibernate: select o1_0.product_id,o1_0.order_id,o2_0.order_id,c1_0.cust_id,c1_0.address,c1_0.email,c1_0.cust_name,c1_0.phone,o2_0.employee_id,e1_0.emp_id,e1_0.address,e1_0.dob,e1_0.email,e1_0.full_name,e1_0.phone,e1_0.status,o2_0.order_date,o1_0.note,o1_0.price,o1_0.quantity from order_detail o1_0 join orders o2_0 on o2_0.order_id=o1_0.order_id left join customer c1_0 on c1_0.cust_id=o2_0.cust_id left join employee e1_0 on e1_0.emp_id=o2_0.employee_id where o1_0.product_id=?
Hibernate: select l1_0.employee_id,l1_0.order_id,c1_0.cust_id,c1_0.address,c1_0.email,c1_0.cust_name,c1_0.phone,l1_0.order_date from orders l1_0 left join customer c1_0 on c1_0.cust_id=l1_0.cust_id where l1_0.employee_id=?
Hibernate: select p1_0.product_id,p1_0.description,p1_0.manufacturer_name,p1_0.name,p1_0.status,p1_0.unit,o1_0.product_id,o1_0.order_id,o2_0.order_id,c1_0.cust_id,c1_0.address,c1_0.email,c1_0.cust_name,c1_0.phone,o2_0.employee_id,e1_0.emp_id,e1_0.address,e1_0.dob,e1_0.email,e1_0.full_name,e1_0.phone,e1_0.status,o2_0.order_date,o1_0.note,o1_0.price,o1_0.quantity from product p1_0 left join order_detail o1_0 on p1_0.product_id=o1_0.product_id left join orders o2_0 on o2_0.order_id=o1_0.order_id left join customer c1_0 on c1_0.cust_id=o2_0.cust_id left join employee e1_0 on e1_0.emp_id=o2_0.employee_id where p1_0.product_id=?
Hibernate: select o1_0.order_id,o1_0.product_id,p1_0.product_id,p1_0.description,p1_0.manufacturer_name,p1_0.name,p1_0.status,p1_0.unit,o1_0.note,o1_0.price,o1_0.quantity from order_detail o1_0 join product p1_0 on p1_0.product_id=o1_0.product_id where o1_0.order_id=?
Hibernate: select p1_0.product_id,p1_0.price_date_time,p1_0.note,p1_0.price from product_price p1_0 where p1_0.product_id=?
Hibernate: select p1_0.product_id,p1_0.image_id,p1_0.alternative,p1_0.path from product_image p1_0 where p1_0.product_id=?
Hibernate: select o1_0.order_id,o1_0.product_id,p1_0.product_id,p1_0.description,p1_0.manufacturer_name,p1_0.name,p1_0.status,p1_0.unit,o1_0.note,o1_0.price,o1_0.quantity from order_detail o1_0 join product p1_0 on p1_0.product_id=o1_0.product_id where o1_0.order_id=?
Hibernate: select l1_0.employee_id,l1_0.order_id,c1_0.cust_id,c1_0.address,c1_0.email,c1_0.cust_name,c1_0.phone,l1_0.order_date from orders l1_0 left join customer c1_0 on c1_0.cust_id=l1_0.cust_id where l1_0.employee_id=?
Hibernate: insert into order_detail (note,price,quantity,order_id,product_id) values (?,?,?,?,?)
Hibernate: update orders set cust_id=?,employee_id=?,order_date=? where order_id=?
Hibernate: select p1_0.product_id,p1_0.description,p1_0.manufacturer_name,p1_0.name,p1_0.status,p1_0.unit from product p1_0 where p1_0.product_id=?
Hibernate: select o1_0.order_id,o2_0.order_id,c1_0.cust_id,c1_0.address,c1_0.email,c1_0.cust_name,c1_0.phone,o2_0.employee_id,e1_0.emp_id,e1_0.address,e1_0.dob,e1_0.email,e1_0.full_name,e1_0.phone,e1_0.status,o2_0.order_date,o1_0.product_id,p1_0.product_id,p1_0.description,p1_0.manufacturer_name,p1_0.name,p1_0.status,p1_0.unit,p2_0.product_id,p2_0.image_id,p2_0.alternative,p2_0.path,o1_0.note,o1_0.price,o1_0.quantity from order_detail o1_0 join orders o2_0 on o2_0.order_id=o1_0.order_id left join customer c1_0 on c1_0.cust_id=o2_0.cust_id left join employee e1_0 on e1_0.emp_id=o2_0.employee_id join product p1_0 on p1_0.product_id=o1_0.product_id left join product_image p2_0 on p1_0.product_id=p2_0.product_id where (o1_0.order_id,o1_0.product_id) in ((?,?))
Hibernate: select o1_0.order_id,c1_0.cust_id,c1_0.address,c1_0.email,c1_0.cust_name,c1_0.phone,o1_0.employee_id,e1_0.emp_id,e1_0.address,e1_0.dob,e1_0.email,e1_0.full_name,e1_0.phone,e1_0.status,o1_0.order_date,o2_0.order_id,o2_0.product_id,p1_0.product_id,p1_0.description,p1_0.manufacturer_name,p1_0.name,p1_0.status,p1_0.unit,o2_0.note,o2_0.price,o2_0.quantity from orders o1_0 left join customer c1_0 on c1_0.cust_id=o1_0.cust_id join employee e1_0 on e1_0.emp_id=o1_0.employee_id left join order_detail o2_0 on o1_0.order_id=o2_0.order_id left join product p1_0 on p1_0.product_id=o2_0.product_id where o1_0.order_id=?
Hibernate: select p1_0.product_id,p1_0.price_date_time,p1_0.note,p1_0.price from product_price p1_0 where p1_0.product_id=?
Hibernate: select p1_0.product_id,p1_0.image_id,p1_0.alternative,p1_0.path from product_image p1_0 where p1_0.product_id=?
Hibernate: select o1_0.product_id,o1_0.order_id,o2_0.order_id,c1_0.cust_id,c1_0.address,c1_0.email,c1_0.cust_name,c1_0.phone,o2_0.employee_id,e1_0.emp_id,e1_0.address,e1_0.dob,e1_0.email,e1_0.full_name,e1_0.phone,e1_0.status,o2_0.order_date,o1_0.note,o1_0.price,o1_0.quantity from order_detail o1_0 join orders o2_0 on o2_0.order_id=o1_0.order_id left join customer c1_0 on c1_0.cust_id=o2_0.cust_id left join employee e1_0 on e1_0.emp_id=o2_0.employee_id where o1_0.product_id=?
Hibernate: select p1_0.product_id,p1_0.price_date_time,p1_0.note,p1_0.price from product_price p1_0 where p1_0.product_id=?
Hibernate: select p1_0.product_id,p1_0.image_id,p1_0.alternative,p1_0.path from product_image p1_0 where p1_0.product_id=?
Hibernate: select o1_0.product_id,o1_0.order_id,o2_0.order_id,c1_0.cust_id,c1_0.address,c1_0.email,c1_0.cust_name,c1_0.phone,o2_0.employee_id,e1_0.emp_id,e1_0.address,e1_0.dob,e1_0.email,e1_0.full_name,e1_0.phone,e1_0.status,o2_0.order_date,o1_0.note,o1_0.price,o1_0.quantity from order_detail o1_0 join orders o2_0 on o2_0.order_id=o1_0.order_id left join customer c1_0 on c1_0.cust_id=o2_0.cust_id left join employee e1_0 on e1_0.emp_id=o2_0.employee_id where o1_0.product_id=?
Hibernate: select l1_0.employee_id,l1_0.order_id,c1_0.cust_id,c1_0.address,c1_0.email,c1_0.cust_name,c1_0.phone,l1_0.order_date from orders l1_0 left join customer c1_0 on c1_0.cust_id=l1_0.cust_id where l1_0.employee_id=?
Hibernate: select p1_0.product_id,p1_0.description,p1_0.manufacturer_name,p1_0.name,p1_0.status,p1_0.unit,o1_0.product_id,o1_0.order_id,o2_0.order_id,c1_0.cust_id,c1_0.address,c1_0.email,c1_0.cust_name,c1_0.phone,o2_0.employee_id,e1_0.emp_id,e1_0.address,e1_0.dob,e1_0.email,e1_0.full_name,e1_0.phone,e1_0.status,o2_0.order_date,o1_0.note,o1_0.price,o1_0.quantity from product p1_0 left join order_detail o1_0 on p1_0.product_id=o1_0.product_id left join orders o2_0 on o2_0.order_id=o1_0.order_id left join customer c1_0 on c1_0.cust_id=o2_0.cust_id left join employee e1_0 on e1_0.emp_id=o2_0.employee_id where p1_0.product_id=?
Hibernate: select p1_0.product_id,p1_0.price_date_time,p1_0.note,p1_0.price from product_price p1_0 where p1_0.product_id=?
Hibernate: select p1_0.product_id,p1_0.image_id,p1_0.alternative,p1_0.path from product_image p1_0 where p1_0.product_id=?
Hibernate: insert into order_detail (note,price,quantity,order_id,product_id) values (?,?,?,?,?)
Hibernate: update orders set cust_id=?,employee_id=?,order_date=? where order_id=?
Hibernate: select e1_0.emp_id,e1_0.address,e1_0.dob,e1_0.email,e1_0.full_name,e1_0.phone,e1_0.status from employee e1_0 where e1_0.emp_id=?
Hibernate: select c1_0.cust_id,c1_0.address,c1_0.email,c1_0.cust_name,c1_0.phone from customer c1_0 where c1_0.cust_id=?
Hibernate: select o1_0.order_id,c1_0.cust_id,c1_0.address,c1_0.email,c1_0.cust_name,c1_0.phone,o1_0.employee_id,e1_0.emp_id,e1_0.address,e1_0.dob,e1_0.email,e1_0.full_name,e1_0.phone,e1_0.status,o1_0.order_date,o2_0.order_id,o2_0.product_id,p1_0.product_id,p1_0.description,p1_0.manufacturer_name,p1_0.name,p1_0.status,p1_0.unit,o2_0.note,o2_0.price,o2_0.quantity from orders o1_0 left join customer c1_0 on c1_0.cust_id=o1_0.cust_id join employee e1_0 on e1_0.emp_id=o1_0.employee_id left join order_detail o2_0 on o1_0.order_id=o2_0.order_id left join product p1_0 on p1_0.product_id=o2_0.product_id where o1_0.order_id=?
Hibernate: select c1_0.cust_id,c1_0.address,c1_0.email,c1_0.cust_name,c1_0.phone from customer c1_0 where c1_0.cust_id=?
Hibernate: select e1_0.emp_id,e1_0.address,e1_0.dob,e1_0.email,e1_0.full_name,e1_0.phone,e1_0.status from employee e1_0 where e1_0.emp_id=?
Hibernate: insert into orders (cust_id,employee_id,order_date,order_id) values (?,?,?,default)
Hibernate: select p1_0.product_id,p1_0.description,p1_0.manufacturer_name,p1_0.name,p1_0.status,p1_0.unit from product p1_0 where p1_0.product_id=?
Hibernate: select o1_0.order_id,o2_0.order_id,c1_0.cust_id,c1_0.address,c1_0.email,c1_0.cust_name,c1_0.phone,o2_0.employee_id,e1_0.emp_id,e1_0.address,e1_0.dob,e1_0.email,e1_0.full_name,e1_0.phone,e1_0.status,o2_0.order_date,o1_0.product_id,p1_0.product_id,p1_0.description,p1_0.manufacturer_name,p1_0.name,p1_0.status,p1_0.unit,p2_0.product_id,p2_0.image_id,p2_0.alternative,p2_0.path,o1_0.note,o1_0.price,o1_0.quantity from order_detail o1_0 join orders o2_0 on o2_0.order_id=o1_0.order_id left join customer c1_0 on c1_0.cust_id=o2_0.cust_id left join employee e1_0 on e1_0.emp_id=o2_0.employee_id join product p1_0 on p1_0.product_id=o1_0.product_id left join product_image p2_0 on p1_0.product_id=p2_0.product_id where (o1_0.order_id,o1_0.product_id) in ((?,?))
Hibernate: select o1_0.order_id,c1_0.cust_id,c1_0.address,c1_0.email,c1_0.cust_name,c1_0.phone,o1_0.employee_id,e1_0.emp_id,e1_0.address,e1_0.dob,e1_0.email,e1_0.full_name,e1_0.phone,e1_0.status,o1_0.order_date,o2_0.order_id,o2_0.product_id,p1_0.product_id,p1_0.description,p1_0.manufacturer_name,p1_0.name,p1_0.status,p1_0.unit,o2_0.note,o2_0.price,o2_0.quantity from orders o1_0 left join customer c1_0 on c1_0.cust_id=o1_0.cust_id join employee e1_0 on e1_0.emp_id=o1_0.employee_id left join order_detail o2_0 on o1_0.order_id=o2_0.order_id left join product p1_0 on p1_0.product_id=o2_0.product_id where o1_0.order_id=?
Hibernate: select l1_0.employee_id,l1_0.order_id,c1_0.cust_id,c1_0.address,c1_0.email,c1_0.cust_name,c1_0.phone,l1_0.order_date from orders l1_0 left join customer c1_0 on c1_0.cust_id=l1_0.cust_id where l1_0.employee_id=?
Hibernate: select p1_0.product_id,p1_0.description,p1_0.manufacturer_name,p1_0.name,p1_0.status,p1_0.unit,o1_0.product_id,o1_0.order_id,o2_0.order_id,c1_0.cust_id,c1_0.address,c1_0.email,c1_0.cust_name,c1_0.phone,o2_0.employee_id,e1_0.emp_id,e1_0.address,e1_0.dob,e1_0.email,e1_0.full_name,e1_0.phone,e1_0.status,o2_0.order_date,o1_0.note,o1_0.price,o1_0.quantity from product p1_0 left join order_detail o1_0 on p1_0.product_id=o1_0.product_id left join orders o2_0 on o2_0.order_id=o1_0.order_id left join customer c1_0 on c1_0.cust_id=o2_0.cust_id left join employee e1_0 on e1_0.emp_id=o2_0.employee_id where p1_0.product_id=?
Hibernate: select o1_0.order_id,o1_0.product_id,p1_0.product_id,p1_0.description,p1_0.manufacturer_name,p1_0.name,p1_0.status,p1_0.unit,o1_0.note,o1_0.price,o1_0.quantity from order_detail o1_0 join product p1_0 on p1_0.product_id=o1_0.product_id where o1_0.order_id=?
Hibernate: select l1_0.employee_id,l1_0.order_id,c1_0.cust_id,c1_0.address,c1_0.email,c1_0.cust_name,c1_0.phone,l1_0.order_date from orders l1_0 left join customer c1_0 on c1_0.cust_id=l1_0.cust_id where l1_0.employee_id=?
Hibernate: select p1_0.product_id,p1_0.price_date_time,p1_0.note,p1_0.price from product_price p1_0 where p1_0.product_id=?
Hibernate: select p1_0.product_id,p1_0.image_id,p1_0.alternative,p1_0.path from product_image p1_0 where p1_0.product_id=?
Hibernate: select o1_0.order_id,o1_0.product_id,p1_0.product_id,p1_0.description,p1_0.manufacturer_name,p1_0.name,p1_0.status,p1_0.unit,o1_0.note,o1_0.price,o1_0.quantity from order_detail o1_0 join product p1_0 on p1_0.product_id=o1_0.product_id where o1_0.order_id=?
Hibernate: select l1_0.employee_id,l1_0.order_id,c1_0.cust_id,c1_0.address,c1_0.email,c1_0.cust_name,c1_0.phone,l1_0.order_date from orders l1_0 left join customer c1_0 on c1_0.cust_id=l1_0.cust_id where l1_0.employee_id=?
Hibernate: insert into order_detail (note,price,quantity,order_id,product_id) values (?,?,?,?,?)
Hibernate: update orders set cust_id=?,employee_id=?,order_date=? where order_id=?
Hibernate: select p1_0.product_id,p1_0.description,p1_0.manufacturer_name,p1_0.name,p1_0.status,p1_0.unit from product p1_0 where p1_0.product_id=?
Hibernate: select o1_0.order_id,o2_0.order_id,c1_0.cust_id,c1_0.address,c1_0.email,c1_0.cust_name,c1_0.phone,o2_0.employee_id,e1_0.emp_id,e1_0.address,e1_0.dob,e1_0.email,e1_0.full_name,e1_0.phone,e1_0.status,o2_0.order_date,o1_0.product_id,p1_0.product_id,p1_0.description,p1_0.manufacturer_name,p1_0.name,p1_0.status,p1_0.unit,p2_0.product_id,p2_0.image_id,p2_0.alternative,p2_0.path,o1_0.note,o1_0.price,o1_0.quantity from order_detail o1_0 join orders o2_0 on o2_0.order_id=o1_0.order_id left join customer c1_0 on c1_0.cust_id=o2_0.cust_id left join employee e1_0 on e1_0.emp_id=o2_0.employee_id join product p1_0 on p1_0.product_id=o1_0.product_id left join product_image p2_0 on p1_0.product_id=p2_0.product_id where (o1_0.order_id,o1_0.product_id) in ((?,?))
Hibernate: select o1_0.order_id,c1_0.cust_id,c1_0.address,c1_0.email,c1_0.cust_name,c1_0.phone,o1_0.employee_id,e1_0.emp_id,e1_0.address,e1_0.dob,e1_0.email,e1_0.full_name,e1_0.phone,e1_0.status,o1_0.order_date,o2_0.order_id,o2_0.product_id,p1_0.product_id,p1_0.description,p1_0.manufacturer_name,p1_0.name,p1_0.status,p1_0.unit,o2_0.note,o2_0.price,o2_0.quantity from orders o1_0 left join customer c1_0 on c1_0.cust_id=o1_0.cust_id join employee e1_0 on e1_0.emp_id=o1_0.employee_id left join order_detail o2_0 on o1_0.order_id=o2_0.order_id left join product p1_0 on p1_0.product_id=o2_0.product_id where o1_0.order_id=?
Hibernate: select p1_0.product_id,p1_0.price_date_time,p1_0.note,p1_0.price from product_price p1_0 where p1_0.product_id=?
Hibernate: select p1_0.product_id,p1_0.image_id,p1_0.alternative,p1_0.path from product_image p1_0 where p1_0.product_id=?
Hibernate: select o1_0.product_id,o1_0.order_id,o2_0.order_id,c1_0.cust_id,c1_0.address,c1_0.email,c1_0.cust_name,c1_0.phone,o2_0.employee_id,e1_0.emp_id,e1_0.address,e1_0.dob,e1_0.email,e1_0.full_name,e1_0.phone,e1_0.status,o2_0.order_date,o1_0.note,o1_0.price,o1_0.quantity from order_detail o1_0 join orders o2_0 on o2_0.order_id=o1_0.order_id left join customer c1_0 on c1_0.cust_id=o2_0.cust_id left join employee e1_0 on e1_0.emp_id=o2_0.employee_id where o1_0.product_id=?
Hibernate: select l1_0.employee_id,l1_0.order_id,c1_0.cust_id,c1_0.address,c1_0.email,c1_0.cust_name,c1_0.phone,l1_0.order_date from orders l1_0 left join customer c1_0 on c1_0.cust_id=l1_0.cust_id where l1_0.employee_id=?
Hibernate: select p1_0.product_id,p1_0.description,p1_0.manufacturer_name,p1_0.name,p1_0.status,p1_0.unit,o1_0.product_id,o1_0.order_id,o2_0.order_id,c1_0.cust_id,c1_0.address,c1_0.email,c1_0.cust_name,c1_0.phone,o2_0.employee_id,e1_0.emp_id,e1_0.address,e1_0.dob,e1_0.email,e1_0.full_name,e1_0.phone,e1_0.status,o2_0.order_date,o1_0.note,o1_0.price,o1_0.quantity from product p1_0 left join order_detail o1_0 on p1_0.product_id=o1_0.product_id left join orders o2_0 on o2_0.order_id=o1_0.order_id left join customer c1_0 on c1_0.cust_id=o2_0.cust_id left join employee e1_0 on e1_0.emp_id=o2_0.employee_id where p1_0.product_id=?
Hibernate: select p1_0.product_id,p1_0.price_date_time,p1_0.note,p1_0.price from product_price p1_0 where p1_0.product_id=?
Hibernate: select p1_0.product_id,p1_0.image_id,p1_0.alternative,p1_0.path from product_image p1_0 where p1_0.product_id=?
Hibernate: insert into order_detail (note,price,quantity,order_id,product_id) values (?,?,?,?,?)
Hibernate: update orders set cust_id=?,employee_id=?,order_date=? where order_id=?
Hibernate: select p1_0.product_id,p1_0.description,p1_0.manufacturer_name,p1_0.name,p1_0.status,p1_0.unit from product p1_0 where p1_0.product_id=?
Hibernate: select o1_0.order_id,o2_0.order_id,c1_0.cust_id,c1_0.address,c1_0.email,c1_0.cust_name,c1_0.phone,o2_0.employee_id,e1_0.emp_id,e1_0.address,e1_0.dob,e1_0.email,e1_0.full_name,e1_0.phone,e1_0.status,o2_0.order_date,o1_0.product_id,p1_0.product_id,p1_0.description,p1_0.manufacturer_name,p1_0.name,p1_0.status,p1_0.unit,p2_0.product_id,p2_0.image_id,p2_0.alternative,p2_0.path,o1_0.note,o1_0.price,o1_0.quantity from order_detail o1_0 join orders o2_0 on o2_0.order_id=o1_0.order_id left join customer c1_0 on c1_0.cust_id=o2_0.cust_id left join employee e1_0 on e1_0.emp_id=o2_0.employee_id join product p1_0 on p1_0.product_id=o1_0.product_id left join product_image p2_0 on p1_0.product_id=p2_0.product_id where (o1_0.order_id,o1_0.product_id) in ((?,?))
Hibernate: select o1_0.order_id,c1_0.cust_id,c1_0.address,c1_0.email,c1_0.cust_name,c1_0.phone,o1_0.employee_id,e1_0.emp_id,e1_0.address,e1_0.dob,e1_0.email,e1_0.full_name,e1_0.phone,e1_0.status,o1_0.order_date,o2_0.order_id,o2_0.product_id,p1_0.product_id,p1_0.description,p1_0.manufacturer_name,p1_0.name,p1_0.status,p1_0.unit,o2_0.note,o2_0.price,o2_0.quantity from orders o1_0 left join customer c1_0 on c1_0.cust_id=o1_0.cust_id join employee e1_0 on e1_0.emp_id=o1_0.employee_id left join order_detail o2_0 on o1_0.order_id=o2_0.order_id left join product p1_0 on p1_0.product_id=o2_0.product_id where o1_0.order_id=?
Hibernate: select p1_0.product_id,p1_0.price_date_time,p1_0.note,p1_0.price from product_price p1_0 where p1_0.product_id=?
Hibernate: select p1_0.product_id,p1_0.image_id,p1_0.alternative,p1_0.path from product_image p1_0 where p1_0.product_id=?
Hibernate: select o1_0.product_id,o1_0.order_id,o2_0.order_id,c1_0.cust_id,c1_0.address,c1_0.email,c1_0.cust_name,c1_0.phone,o2_0.employee_id,e1_0.emp_id,e1_0.address,e1_0.dob,e1_0.email,e1_0.full_name,e1_0.phone,e1_0.status,o2_0.order_date,o1_0.note,o1_0.price,o1_0.quantity from order_detail o1_0 join orders o2_0 on o2_0.order_id=o1_0.order_id left join customer c1_0 on c1_0.cust_id=o2_0.cust_id left join employee e1_0 on e1_0.emp_id=o2_0.employee_id where o1_0.product_id=?
Hibernate: select p1_0.product_id,p1_0.price_date_time,p1_0.note,p1_0.price from product_price p1_0 where p1_0.product_id=?
Hibernate: select p1_0.product_id,p1_0.image_id,p1_0.alternative,p1_0.path from product_image p1_0 where p1_0.product_id=?
Hibernate: select o1_0.product_id,o1_0.order_id,o2_0.order_id,c1_0.cust_id,c1_0.address,c1_0.email,c1_0.cust_name,c1_0.phone,o2_0.employee_id,e1_0.emp_id,e1_0.address,e1_0.dob,e1_0.email,e1_0.full_name,e1_0.phone,e1_0.status,o2_0.order_date,o1_0.note,o1_0.price,o1_0.quantity from order_detail o1_0 join orders o2_0 on o2_0.order_id=o1_0.order_id left join customer c1_0 on c1_0.cust_id=o2_0.cust_id left join employee e1_0 on e1_0.emp_id=o2_0.employee_id where o1_0.product_id=?
Hibernate: select l1_0.employee_id,l1_0.order_id,c1_0.cust_id,c1_0.address,c1_0.email,c1_0.cust_name,c1_0.phone,l1_0.order_date from orders l1_0 left join customer c1_0 on c1_0.cust_id=l1_0.cust_id where l1_0.employee_id=?
Hibernate: select p1_0.product_id,p1_0.description,p1_0.manufacturer_name,p1_0.name,p1_0.status,p1_0.unit,o1_0.product_id,o1_0.order_id,o2_0.order_id,c1_0.cust_id,c1_0.address,c1_0.email,c1_0.cust_name,c1_0.phone,o2_0.employee_id,e1_0.emp_id,e1_0.address,e1_0.dob,e1_0.email,e1_0.full_name,e1_0.phone,e1_0.status,o2_0.order_date,o1_0.note,o1_0.price,o1_0.quantity from product p1_0 left join order_detail o1_0 on p1_0.product_id=o1_0.product_id left join orders o2_0 on o2_0.order_id=o1_0.order_id left join customer c1_0 on c1_0.cust_id=o2_0.cust_id left join employee e1_0 on e1_0.emp_id=o2_0.employee_id where p1_0.product_id=?
Hibernate: select o1_0.order_id,o1_0.product_id,p1_0.product_id,p1_0.description,p1_0.manufacturer_name,p1_0.name,p1_0.status,p1_0.unit,o1_0.note,o1_0.price,o1_0.quantity from order_detail o1_0 join product p1_0 on p1_0.product_id=o1_0.product_id where o1_0.order_id=?
Hibernate: select l1_0.employee_id,l1_0.order_id,c1_0.cust_id,c1_0.address,c1_0.email,c1_0.cust_name,c1_0.phone,l1_0.order_date from orders l1_0 left join customer c1_0 on c1_0.cust_id=l1_0.cust_id where l1_0.employee_id=?
Hibernate: select p1_0.product_id,p1_0.price_date_time,p1_0.note,p1_0.price from product_price p1_0 where p1_0.product_id=?
Hibernate: select p1_0.product_id,p1_0.image_id,p1_0.alternative,p1_0.path from product_image p1_0 where p1_0.product_id=?
Hibernate: select o1_0.order_id,o1_0.product_id,p1_0.product_id,p1_0.description,p1_0.manufacturer_name,p1_0.name,p1_0.status,p1_0.unit,o1_0.note,o1_0.price,o1_0.quantity from order_detail o1_0 join product p1_0 on p1_0.product_id=o1_0.product_id where o1_0.order_id=?
Hibernate: select l1_0.employee_id,l1_0.order_id,c1_0.cust_id,c1_0.address,c1_0.email,c1_0.cust_name,c1_0.phone,l1_0.order_date from orders l1_0 left join customer c1_0 on c1_0.cust_id=l1_0.cust_id where l1_0.employee_id=?
Hibernate: insert into order_detail (note,price,quantity,order_id,product_id) values (?,?,?,?,?)
Hibernate: update orders set cust_id=?,employee_id=?,order_date=? where order_id=?
Hibernate: select e1_0.emp_id,e1_0.address,e1_0.dob,e1_0.email,e1_0.full_name,e1_0.phone,e1_0.status from employee e1_0 where e1_0.emp_id=?
Hibernate: select c1_0.cust_id,c1_0.address,c1_0.email,c1_0.cust_name,c1_0.phone from customer c1_0 where c1_0.cust_id=?
Hibernate: select o1_0.order_id,c1_0.cust_id,c1_0.address,c1_0.email,c1_0.cust_name,c1_0.phone,o1_0.employee_id,e1_0.emp_id,e1_0.address,e1_0.dob,e1_0.email,e1_0.full_name,e1_0.phone,e1_0.status,o1_0.order_date,o2_0.order_id,o2_0.product_id,p1_0.product_id,p1_0.description,p1_0.manufacturer_name,p1_0.name,p1_0.status,p1_0.unit,o2_0.note,o2_0.price,o2_0.quantity from orders o1_0 left join customer c1_0 on c1_0.cust_id=o1_0.cust_id join employee e1_0 on e1_0.emp_id=o1_0.employee_id left join order_detail o2_0 on o1_0.order_id=o2_0.order_id left join product p1_0 on p1_0.product_id=o2_0.product_id where o1_0.order_id=?
Hibernate: select c1_0.cust_id,c1_0.address,c1_0.email,c1_0.cust_name,c1_0.phone from customer c1_0 where c1_0.cust_id=?
Hibernate: select e1_0.emp_id,e1_0.address,e1_0.dob,e1_0.email,e1_0.full_name,e1_0.phone,e1_0.status from employee e1_0 where e1_0.emp_id=?
Hibernate: insert into orders (cust_id,employee_id,order_date,order_id) values (?,?,?,default)
Hibernate: select p1_0.product_id,p1_0.description,p1_0.manufacturer_name,p1_0.name,p1_0.status,p1_0.unit from product p1_0 where p1_0.product_id=?
Hibernate: select o1_0.order_id,o2_0.order_id,c1_0.cust_id,c1_0.address,c1_0.email,c1_0.cust_name,c1_0.phone,o2_0.employee_id,e1_0.emp_id,e1_0.address,e1_0.dob,e1_0.email,e1_0.full_name,e1_0.phone,e1_0.status,o2_0.order_date,o1_0.product_id,p1_0.product_id,p1_0.description,p1_0.manufacturer_name,p1_0.name,p1_0.status,p1_0.unit,p2_0.product_id,p2_0.image_id,p2_0.alternative,p2_0.path,o1_0.note,o1_0.price,o1_0.quantity from order_detail o1_0 join orders o2_0 on o2_0.order_id=o1_0.order_id left join customer c1_0 on c1_0.cust_id=o2_0.cust_id left join employee e1_0 on e1_0.emp_id=o2_0.employee_id join product p1_0 on p1_0.product_id=o1_0.product_id left join product_image p2_0 on p1_0.product_id=p2_0.product_id where (o1_0.order_id,o1_0.product_id) in ((?,?))
Hibernate: select o1_0.order_id,c1_0.cust_id,c1_0.address,c1_0.email,c1_0.cust_name,c1_0.phone,o1_0.employee_id,e1_0.emp_id,e1_0.address,e1_0.dob,e1_0.email,e1_0.full_name,e1_0.phone,e1_0.status,o1_0.order_date,o2_0.order_id,o2_0.product_id,p1_0.product_id,p1_0.description,p1_0.manufacturer_name,p1_0.name,p1_0.status,p1_0.unit,o2_0.note,o2_0.price,o2_0.quantity from orders o1_0 left join customer c1_0 on c1_0.cust_id=o1_0.cust_id join employee e1_0 on e1_0.emp_id=o1_0.employee_id left join order_detail o2_0 on o1_0.order_id=o2_0.order_id left join product p1_0 on p1_0.product_id=o2_0.product_id where o1_0.order_id=?
Hibernate: select l1_0.employee_id,l1_0.order_id,c1_0.cust_id,c1_0.address,c1_0.email,c1_0.cust_name,c1_0.phone,l1_0.order_date from orders l1_0 left join customer c1_0 on c1_0.cust_id=l1_0.cust_id where l1_0.employee_id=?
Hibernate: select p1_0.product_id,p1_0.description,p1_0.manufacturer_name,p1_0.name,p1_0.status,p1_0.unit,o1_0.product_id,o1_0.order_id,o2_0.order_id,c1_0.cust_id,c1_0.address,c1_0.email,c1_0.cust_name,c1_0.phone,o2_0.employee_id,e1_0.emp_id,e1_0.address,e1_0.dob,e1_0.email,e1_0.full_name,e1_0.phone,e1_0.status,o2_0.order_date,o1_0.note,o1_0.price,o1_0.quantity from product p1_0 left join order_detail o1_0 on p1_0.product_id=o1_0.product_id left join orders o2_0 on o2_0.order_id=o1_0.order_id left join customer c1_0 on c1_0.cust_id=o2_0.cust_id left join employee e1_0 on e1_0.emp_id=o2_0.employee_id where p1_0.product_id=?
Hibernate: select p1_0.product_id,p1_0.price_date_time,p1_0.note,p1_0.price from product_price p1_0 where p1_0.product_id=?
Hibernate: select p1_0.product_id,p1_0.image_id,p1_0.alternative,p1_0.path from product_image p1_0 where p1_0.product_id=?
Hibernate: insert into order_detail (note,price,quantity,order_id,product_id) values (?,?,?,?,?)
Hibernate: update orders set cust_id=?,employee_id=?,order_date=? where order_id=?
Hibernate: select p1_0.product_id,p1_0.description,p1_0.manufacturer_name,p1_0.name,p1_0.status,p1_0.unit from product p1_0 where p1_0.product_id=?
Hibernate: select o1_0.order_id,o2_0.order_id,c1_0.cust_id,c1_0.address,c1_0.email,c1_0.cust_name,c1_0.phone,o2_0.employee_id,e1_0.emp_id,e1_0.address,e1_0.dob,e1_0.email,e1_0.full_name,e1_0.phone,e1_0.status,o2_0.order_date,o1_0.product_id,p1_0.product_id,p1_0.description,p1_0.manufacturer_name,p1_0.name,p1_0.status,p1_0.unit,p2_0.product_id,p2_0.image_id,p2_0.alternative,p2_0.path,o1_0.note,o1_0.price,o1_0.quantity from order_detail o1_0 join orders o2_0 on o2_0.order_id=o1_0.order_id left join customer c1_0 on c1_0.cust_id=o2_0.cust_id left join employee e1_0 on e1_0.emp_id=o2_0.employee_id join product p1_0 on p1_0.product_id=o1_0.product_id left join product_image p2_0 on p1_0.product_id=p2_0.product_id where (o1_0.order_id,o1_0.product_id) in ((?,?))
Hibernate: select p1_0.product_id,p1_0.price_date_time,p1_0.note,p1_0.price from product_price p1_0 where p1_0.product_id=?
Hibernate: select o1_0.product_id,o1_0.order_id,o2_0.order_id,c1_0.cust_id,c1_0.address,c1_0.email,c1_0.cust_name,c1_0.phone,o2_0.employee_id,e1_0.emp_id,e1_0.address,e1_0.dob,e1_0.email,e1_0.full_name,e1_0.phone,e1_0.status,o2_0.order_date,o1_0.note,o1_0.price,o1_0.quantity from order_detail o1_0 join orders o2_0 on o2_0.order_id=o1_0.order_id left join customer c1_0 on c1_0.cust_id=o2_0.cust_id left join employee e1_0 on e1_0.emp_id=o2_0.employee_id where o1_0.product_id=?
Hibernate: select o1_0.order_id,o1_0.product_id,p1_0.product_id,p1_0.description,p1_0.manufacturer_name,p1_0.name,p1_0.status,p1_0.unit,o1_0.note,o1_0.price,o1_0.quantity from order_detail o1_0 join product p1_0 on p1_0.product_id=o1_0.product_id where o1_0.order_id=?
Hibernate: select l1_0.employee_id,l1_0.order_id,c1_0.cust_id,c1_0.address,c1_0.email,c1_0.cust_name,c1_0.phone,l1_0.order_date from orders l1_0 left join customer c1_0 on c1_0.cust_id=l1_0.cust_id where l1_0.employee_id=?
Hibernate: update orders set cust_id=?,employee_id=?,order_date=? where order_id=?
Hibernate: update order_detail set note=?,price=?,quantity=? where order_id=? and product_id=?
Hibernate: select p1_0.product_id,p1_0.description,p1_0.manufacturer_name,p1_0.name,p1_0.status,p1_0.unit from product p1_0 where p1_0.product_id=?
Hibernate: select o1_0.order_id,o2_0.order_id,c1_0.cust_id,c1_0.address,c1_0.email,c1_0.cust_name,c1_0.phone,o2_0.employee_id,e1_0.emp_id,e1_0.address,e1_0.dob,e1_0.email,e1_0.full_name,e1_0.phone,e1_0.status,o2_0.order_date,o1_0.product_id,p1_0.product_id,p1_0.description,p1_0.manufacturer_name,p1_0.name,p1_0.status,p1_0.unit,p2_0.product_id,p2_0.image_id,p2_0.alternative,p2_0.path,o1_0.note,o1_0.price,o1_0.quantity from order_detail o1_0 join orders o2_0 on o2_0.order_id=o1_0.order_id left join customer c1_0 on c1_0.cust_id=o2_0.cust_id left join employee e1_0 on e1_0.emp_id=o2_0.employee_id join product p1_0 on p1_0.product_id=o1_0.product_id left join product_image p2_0 on p1_0.product_id=p2_0.product_id where (o1_0.order_id,o1_0.product_id) in ((?,?))
Hibernate: select o1_0.order_id,c1_0.cust_id,c1_0.address,c1_0.email,c1_0.cust_name,c1_0.phone,o1_0.employee_id,e1_0.emp_id,e1_0.address,e1_0.dob,e1_0.email,e1_0.full_name,e1_0.phone,e1_0.status,o1_0.order_date,o2_0.order_id,o2_0.product_id,p1_0.product_id,p1_0.description,p1_0.manufacturer_name,p1_0.name,p1_0.status,p1_0.unit,o2_0.note,o2_0.price,o2_0.quantity from orders o1_0 left join customer c1_0 on c1_0.cust_id=o1_0.cust_id join employee e1_0 on e1_0.emp_id=o1_0.employee_id left join order_detail o2_0 on o1_0.order_id=o2_0.order_id left join product p1_0 on p1_0.product_id=o2_0.product_id where o1_0.order_id=?
Hibernate: select p1_0.product_id,p1_0.price_date_time,p1_0.note,p1_0.price from product_price p1_0 where p1_0.product_id=?
Hibernate: select p1_0.product_id,p1_0.image_id,p1_0.alternative,p1_0.path from product_image p1_0 where p1_0.product_id=?
Hibernate: select o1_0.product_id,o1_0.order_id,o2_0.order_id,c1_0.cust_id,c1_0.address,c1_0.email,c1_0.cust_name,c1_0.phone,o2_0.employee_id,e1_0.emp_id,e1_0.address,e1_0.dob,e1_0.email,e1_0.full_name,e1_0.phone,e1_0.status,o2_0.order_date,o1_0.note,o1_0.price,o1_0.quantity from order_detail o1_0 join orders o2_0 on o2_0.order_id=o1_0.order_id left join customer c1_0 on c1_0.cust_id=o2_0.cust_id left join employee e1_0 on e1_0.emp_id=o2_0.employee_id where o1_0.product_id=?
Hibernate: select l1_0.employee_id,l1_0.order_id,c1_0.cust_id,c1_0.address,c1_0.email,c1_0.cust_name,c1_0.phone,l1_0.order_date from orders l1_0 left join customer c1_0 on c1_0.cust_id=l1_0.cust_id where l1_0.employee_id=?
Hibernate: select p1_0.product_id,p1_0.description,p1_0.manufacturer_name,p1_0.name,p1_0.status,p1_0.unit,o1_0.product_id,o1_0.order_id,o2_0.order_id,c1_0.cust_id,c1_0.address,c1_0.email,c1_0.cust_name,c1_0.phone,o2_0.employee_id,e1_0.emp_id,e1_0.address,e1_0.dob,e1_0.email,e1_0.full_name,e1_0.phone,e1_0.status,o2_0.order_date,o1_0.note,o1_0.price,o1_0.quantity from product p1_0 left join order_detail o1_0 on p1_0.product_id=o1_0.product_id left join orders o2_0 on o2_0.order_id=o1_0.order_id left join customer c1_0 on c1_0.cust_id=o2_0.cust_id left join employee e1_0 on e1_0.emp_id=o2_0.employee_id where p1_0.product_id=?
Hibernate: select p1_0.product_id,p1_0.price_date_time,p1_0.note,p1_0.price from product_price p1_0 where p1_0.product_id=?
Hibernate: select p1_0.product_id,p1_0.image_id,p1_0.alternative,p1_0.path from product_image p1_0 where p1_0.product_id=?
Hibernate: select o1_0.order_id,o1_0.product_id,p1_0.product_id,p1_0.description,p1_0.manufacturer_name,p1_0.name,p1_0.status,p1_0.unit,o1_0.note,o1_0.price,o1_0.quantity from order_detail o1_0 join product p1_0 on p1_0.product_id=o1_0.product_id where o1_0.order_id=?
Hibernate: select l1_0.employee_id,l1_0.order_id,c1_0.cust_id,c1_0.address,c1_0.email,c1_0.cust_name,c1_0.phone,l1_0.order_date from orders l1_0 left join customer c1_0 on c1_0.cust_id=l1_0.cust_id where l1_0.employee_id=?
Hibernate: insert into order_detail (note,price,quantity,order_id,product_id) values (?,?,?,?,?)
Hibernate: update orders set cust_id=?,employee_id=?,order_date=? where order_id=?
Hibernate: select e1_0.emp_id,e1_0.address,e1_0.dob,e1_0.email,e1_0.full_name,e1_0.phone,e1_0.status from employee e1_0 where e1_0.emp_id=?
Hibernate: select c1_0.cust_id,c1_0.address,c1_0.email,c1_0.cust_name,c1_0.phone from customer c1_0 where c1_0.cust_id=?
Hibernate: select o1_0.order_id,c1_0.cust_id,c1_0.address,c1_0.email,c1_0.cust_name,c1_0.phone,o1_0.employee_id,e1_0.emp_id,e1_0.address,e1_0.dob,e1_0.email,e1_0.full_name,e1_0.phone,e1_0.status,o1_0.order_date,o2_0.order_id,o2_0.product_id,p1_0.product_id,p1_0.description,p1_0.manufacturer_name,p1_0.name,p1_0.status,p1_0.unit,o2_0.note,o2_0.price,o2_0.quantity from orders o1_0 left join customer c1_0 on c1_0.cust_id=o1_0.cust_id join employee e1_0 on e1_0.emp_id=o1_0.employee_id left join order_detail o2_0 on o1_0.order_id=o2_0.order_id left join product p1_0 on p1_0.product_id=o2_0.product_id where o1_0.order_id=?
Hibernate: select c1_0.cust_id,c1_0.address,c1_0.email,c1_0.cust_name,c1_0.phone from customer c1_0 where c1_0.cust_id=?
Hibernate: select e1_0.emp_id,e1_0.address,e1_0.dob,e1_0.email,e1_0.full_name,e1_0.phone,e1_0.status from employee e1_0 where e1_0.emp_id=?
Hibernate: insert into orders (cust_id,employee_id,order_date,order_id) values (?,?,?,default)
Hibernate: select p1_0.product_id,p1_0.description,p1_0.manufacturer_name,p1_0.name,p1_0.status,p1_0.unit from product p1_0 where p1_0.product_id=?
Hibernate: select o1_0.order_id,o2_0.order_id,c1_0.cust_id,c1_0.address,c1_0.email,c1_0.cust_name,c1_0.phone,o2_0.employee_id,e1_0.emp_id,e1_0.address,e1_0.dob,e1_0.email,e1_0.full_name,e1_0.phone,e1_0.status,o2_0.order_date,o1_0.product_id,p1_0.product_id,p1_0.description,p1_0.manufacturer_name,p1_0.name,p1_0.status,p1_0.unit,p2_0.product_id,p2_0.image_id,p2_0.alternative,p2_0.path,o1_0.note,o1_0.price,o1_0.quantity from order_detail o1_0 join orders o2_0 on o2_0.order_id=o1_0.order_id left join customer c1_0 on c1_0.cust_id=o2_0.cust_id left join employee e1_0 on e1_0.emp_id=o2_0.employee_id join product p1_0 on p1_0.product_id=o1_0.product_id left join product_image p2_0 on p1_0.product_id=p2_0.product_id where (o1_0.order_id,o1_0.product_id) in ((?,?))
Hibernate: select o1_0.order_id,c1_0.cust_id,c1_0.address,c1_0.email,c1_0.cust_name,c1_0.phone,o1_0.employee_id,e1_0.emp_id,e1_0.address,e1_0.dob,e1_0.email,e1_0.full_name,e1_0.phone,e1_0.status,o1_0.order_date,o2_0.order_id,o2_0.product_id,p1_0.product_id,p1_0.description,p1_0.manufacturer_name,p1_0.name,p1_0.status,p1_0.unit,o2_0.note,o2_0.price,o2_0.quantity from orders o1_0 left join customer c1_0 on c1_0.cust_id=o1_0.cust_id join employee e1_0 on e1_0.emp_id=o1_0.employee_id left join order_detail o2_0 on o1_0.order_id=o2_0.order_id left join product p1_0 on p1_0.product_id=o2_0.product_id where o1_0.order_id=?
Hibernate: select l1_0.employee_id,l1_0.order_id,c1_0.cust_id,c1_0.address,c1_0.email,c1_0.cust_name,c1_0.phone,l1_0.order_date from orders l1_0 left join customer c1_0 on c1_0.cust_id=l1_0.cust_id where l1_0.employee_id=?
Hibernate: select p1_0.product_id,p1_0.description,p1_0.manufacturer_name,p1_0.name,p1_0.status,p1_0.unit,o1_0.product_id,o1_0.order_id,o2_0.order_id,c1_0.cust_id,c1_0.address,c1_0.email,c1_0.cust_name,c1_0.phone,o2_0.employee_id,e1_0.emp_id,e1_0.address,e1_0.dob,e1_0.email,e1_0.full_name,e1_0.phone,e1_0.status,o2_0.order_date,o1_0.note,o1_0.price,o1_0.quantity from product p1_0 left join order_detail o1_0 on p1_0.product_id=o1_0.product_id left join orders o2_0 on o2_0.order_id=o1_0.order_id left join customer c1_0 on c1_0.cust_id=o2_0.cust_id left join employee e1_0 on e1_0.emp_id=o2_0.employee_id where p1_0.product_id=?
Hibernate: select o1_0.order_id,o1_0.product_id,p1_0.product_id,p1_0.description,p1_0.manufacturer_name,p1_0.name,p1_0.status,p1_0.unit,o1_0.note,o1_0.price,o1_0.quantity from order_detail o1_0 join product p1_0 on p1_0.product_id=o1_0.product_id where o1_0.order_id=?
Hibernate: select l1_0.employee_id,l1_0.order_id,c1_0.cust_id,c1_0.address,c1_0.email,c1_0.cust_name,c1_0.phone,l1_0.order_date from orders l1_0 left join customer c1_0 on c1_0.cust_id=l1_0.cust_id where l1_0.employee_id=?
Hibernate: select o1_0.order_id,o1_0.product_id,p1_0.product_id,p1_0.description,p1_0.manufacturer_name,p1_0.name,p1_0.status,p1_0.unit,o1_0.note,o1_0.price,o1_0.quantity from order_detail o1_0 join product p1_0 on p1_0.product_id=o1_0.product_id where o1_0.order_id=?
Hibernate: select l1_0.employee_id,l1_0.order_id,c1_0.cust_id,c1_0.address,c1_0.email,c1_0.cust_name,c1_0.phone,l1_0.order_date from orders l1_0 left join customer c1_0 on c1_0.cust_id=l1_0.cust_id where l1_0.employee_id=?
Hibernate: select o1_0.order_id,o1_0.product_id,p1_0.product_id,p1_0.description,p1_0.manufacturer_name,p1_0.name,p1_0.status,p1_0.unit,o1_0.note,o1_0.price,o1_0.quantity from order_detail o1_0 join product p1_0 on p1_0.product_id=o1_0.product_id where o1_0.order_id=?
Hibernate: select p1_0.product_id,p1_0.price_date_time,p1_0.note,p1_0.price from product_price p1_0 where p1_0.product_id=?
Hibernate: select p1_0.product_id,p1_0.image_id,p1_0.alternative,p1_0.path from product_image p1_0 where p1_0.product_id=?
Hibernate: select o1_0.order_id,o1_0.product_id,p1_0.product_id,p1_0.description,p1_0.manufacturer_name,p1_0.name,p1_0.status,p1_0.unit,o1_0.note,o1_0.price,o1_0.quantity from order_detail o1_0 join product p1_0 on p1_0.product_id=o1_0.product_id where o1_0.order_id=?
Hibernate: select l1_0.employee_id,l1_0.order_id,c1_0.cust_id,c1_0.address,c1_0.email,c1_0.cust_name,c1_0.phone,l1_0.order_date from orders l1_0 left join customer c1_0 on c1_0.cust_id=l1_0.cust_id where l1_0.employee_id=?
Hibernate: insert into order_detail (note,price,quantity,order_id,product_id) values (?,?,?,?,?)
Hibernate: update orders set cust_id=?,employee_id=?,order_date=? where order_id=?
Hibernate: select p1_0.product_id,p1_0.description,p1_0.manufacturer_name,p1_0.name,p1_0.status,p1_0.unit from product p1_0 where p1_0.product_id=?
Hibernate: select o1_0.order_id,o2_0.order_id,c1_0.cust_id,c1_0.address,c1_0.email,c1_0.cust_name,c1_0.phone,o2_0.employee_id,e1_0.emp_id,e1_0.address,e1_0.dob,e1_0.email,e1_0.full_name,e1_0.phone,e1_0.status,o2_0.order_date,o1_0.product_id,p1_0.product_id,p1_0.description,p1_0.manufacturer_name,p1_0.name,p1_0.status,p1_0.unit,p2_0.product_id,p2_0.image_id,p2_0.alternative,p2_0.path,o1_0.note,o1_0.price,o1_0.quantity from order_detail o1_0 join orders o2_0 on o2_0.order_id=o1_0.order_id left join customer c1_0 on c1_0.cust_id=o2_0.cust_id left join employee e1_0 on e1_0.emp_id=o2_0.employee_id join product p1_0 on p1_0.product_id=o1_0.product_id left join product_image p2_0 on p1_0.product_id=p2_0.product_id where (o1_0.order_id,o1_0.product_id) in ((?,?))
Hibernate: select o1_0.order_id,c1_0.cust_id,c1_0.address,c1_0.email,c1_0.cust_name,c1_0.phone,o1_0.employee_id,e1_0.emp_id,e1_0.address,e1_0.dob,e1_0.email,e1_0.full_name,e1_0.phone,e1_0.status,o1_0.order_date,o2_0.order_id,o2_0.product_id,p1_0.product_id,p1_0.description,p1_0.manufacturer_name,p1_0.name,p1_0.status,p1_0.unit,o2_0.note,o2_0.price,o2_0.quantity from orders o1_0 left join customer c1_0 on c1_0.cust_id=o1_0.cust_id join employee e1_0 on e1_0.emp_id=o1_0.employee_id left join order_detail o2_0 on o1_0.order_id=o2_0.order_id left join product p1_0 on p1_0.product_id=o2_0.product_id where o1_0.order_id=?
Hibernate: select p1_0.product_id,p1_0.price_date_time,p1_0.note,p1_0.price from product_price p1_0 where p1_0.product_id=?
Hibernate: select p1_0.product_id,p1_0.image_id,p1_0.alternative,p1_0.path from product_image p1_0 where p1_0.product_id=?
Hibernate: select o1_0.product_id,o1_0.order_id,o2_0.order_id,c1_0.cust_id,c1_0.address,c1_0.email,c1_0.cust_name,c1_0.phone,o2_0.employee_id,e1_0.emp_id,e1_0.address,e1_0.dob,e1_0.email,e1_0.full_name,e1_0.phone,e1_0.status,o2_0.order_date,o1_0.note,o1_0.price,o1_0.quantity from order_detail o1_0 join orders o2_0 on o2_0.order_id=o1_0.order_id left join customer c1_0 on c1_0.cust_id=o2_0.cust_id left join employee e1_0 on e1_0.emp_id=o2_0.employee_id where o1_0.product_id=?
Hibernate: select l1_0.employee_id,l1_0.order_id,c1_0.cust_id,c1_0.address,c1_0.email,c1_0.cust_name,c1_0.phone,l1_0.order_date from orders l1_0 left join customer c1_0 on c1_0.cust_id=l1_0.cust_id where l1_0.employee_id=?
Hibernate: select p1_0.product_id,p1_0.description,p1_0.manufacturer_name,p1_0.name,p1_0.status,p1_0.unit,o1_0.product_id,o1_0.order_id,o2_0.order_id,c1_0.cust_id,c1_0.address,c1_0.email,c1_0.cust_name,c1_0.phone,o2_0.employee_id,e1_0.emp_id,e1_0.address,e1_0.dob,e1_0.email,e1_0.full_name,e1_0.phone,e1_0.status,o2_0.order_date,o1_0.note,o1_0.price,o1_0.quantity from product p1_0 left join order_detail o1_0 on p1_0.product_id=o1_0.product_id left join orders o2_0 on o2_0.order_id=o1_0.order_id left join customer c1_0 on c1_0.cust_id=o2_0.cust_id left join employee e1_0 on e1_0.emp_id=o2_0.employee_id where p1_0.product_id=?
Hibernate: select o1_0.order_id,o1_0.product_id,p1_0.product_id,p1_0.description,p1_0.manufacturer_name,p1_0.name,p1_0.status,p1_0.unit,o1_0.note,o1_0.price,o1_0.quantity from order_detail o1_0 join product p1_0 on p1_0.product_id=o1_0.product_id where o1_0.order_id=?
Hibernate: select l1_0.employee_id,l1_0.order_id,c1_0.cust_id,c1_0.address,c1_0.email,c1_0.cust_name,c1_0.phone,l1_0.order_date from orders l1_0 left join customer c1_0 on c1_0.cust_id=l1_0.cust_id where l1_0.employee_id=?
Hibernate: select p1_0.product_id,p1_0.price_date_time,p1_0.note,p1_0.price from product_price p1_0 where p1_0.product_id=?
Hibernate: select p1_0.product_id,p1_0.image_id,p1_0.alternative,p1_0.path from product_image p1_0 where p1_0.product_id=?
Hibernate: select o1_0.order_id,o1_0.product_id,p1_0.product_id,p1_0.description,p1_0.manufacturer_name,p1_0.name,p1_0.status,p1_0.unit,o1_0.note,o1_0.price,o1_0.quantity from order_detail o1_0 join product p1_0 on p1_0.product_id=o1_0.product_id where o1_0.order_id=?
Hibernate: select l1_0.employee_id,l1_0.order_id,c1_0.cust_id,c1_0.address,c1_0.email,c1_0.cust_name,c1_0.phone,l1_0.order_date from orders l1_0 left join customer c1_0 on c1_0.cust_id=l1_0.cust_id where l1_0.employee_id=?
Hibernate: insert into order_detail (note,price,quantity,order_id,product_id) values (?,?,?,?,?)
Hibernate: update orders set cust_id=?,employee_id=?,order_date=? where order_id=?
Hibernate: select p1_0.product_id,p1_0.description,p1_0.manufacturer_name,p1_0.name,p1_0.status,p1_0.unit from product p1_0 where p1_0.product_id=?
Hibernate: select o1_0.order_id,o2_0.order_id,c1_0.cust_id,c1_0.address,c1_0.email,c1_0.cust_name,c1_0.phone,o2_0.employee_id,e1_0.emp_id,e1_0.address,e1_0.dob,e1_0.email,e1_0.full_name,e1_0.phone,e1_0.status,o2_0.order_date,o1_0.product_id,p1_0.product_id,p1_0.description,p1_0.manufacturer_name,p1_0.name,p1_0.status,p1_0.unit,p2_0.product_id,p2_0.image_id,p2_0.alternative,p2_0.path,o1_0.note,o1_0.price,o1_0.quantity from order_detail o1_0 join orders o2_0 on o2_0.order_id=o1_0.order_id left join customer c1_0 on c1_0.cust_id=o2_0.cust_id left join employee e1_0 on e1_0.emp_id=o2_0.employee_id join product p1_0 on p1_0.product_id=o1_0.product_id left join product_image p2_0 on p1_0.product_id=p2_0.product_id where (o1_0.order_id,o1_0.product_id) in ((?,?))
Hibernate: select o1_0.order_id,c1_0.cust_id,c1_0.address,c1_0.email,c1_0.cust_name,c1_0.phone,o1_0.employee_id,e1_0.emp_id,e1_0.address,e1_0.dob,e1_0.email,e1_0.full_name,e1_0.phone,e1_0.status,o1_0.order_date,o2_0.order_id,o2_0.product_id,p1_0.product_id,p1_0.description,p1_0.manufacturer_name,p1_0.name,p1_0.status,p1_0.unit,o2_0.note,o2_0.price,o2_0.quantity from orders o1_0 left join customer c1_0 on c1_0.cust_id=o1_0.cust_id join employee e1_0 on e1_0.emp_id=o1_0.employee_id left join order_detail o2_0 on o1_0.order_id=o2_0.order_id left join product p1_0 on p1_0.product_id=o2_0.product_id where o1_0.order_id=?
Hibernate: select p1_0.product_id,p1_0.price_date_time,p1_0.note,p1_0.price from product_price p1_0 where p1_0.product_id=?
Hibernate: select p1_0.product_id,p1_0.image_id,p1_0.alternative,p1_0.path from product_image p1_0 where p1_0.product_id=?
Hibernate: select o1_0.product_id,o1_0.order_id,o2_0.order_id,c1_0.cust_id,c1_0.address,c1_0.email,c1_0.cust_name,c1_0.phone,o2_0.employee_id,e1_0.emp_id,e1_0.address,e1_0.dob,e1_0.email,e1_0.full_name,e1_0.phone,e1_0.status,o2_0.order_date,o1_0.note,o1_0.price,o1_0.quantity from order_detail o1_0 join orders o2_0 on o2_0.order_id=o1_0.order_id left join customer c1_0 on c1_0.cust_id=o2_0.cust_id left join employee e1_0 on e1_0.emp_id=o2_0.employee_id where o1_0.product_id=?
Hibernate: select p1_0.product_id,p1_0.price_date_time,p1_0.note,p1_0.price from product_price p1_0 where p1_0.product_id=?
Hibernate: select p1_0.product_id,p1_0.image_id,p1_0.alternative,p1_0.path from product_image p1_0 where p1_0.product_id=?
Hibernate: select o1_0.product_id,o1_0.order_id,o2_0.order_id,c1_0.cust_id,c1_0.address,c1_0.email,c1_0.cust_name,c1_0.phone,o2_0.employee_id,e1_0.emp_id,e1_0.address,e1_0.dob,e1_0.email,e1_0.full_name,e1_0.phone,e1_0.status,o2_0.order_date,o1_0.note,o1_0.price,o1_0.quantity from order_detail o1_0 join orders o2_0 on o2_0.order_id=o1_0.order_id left join customer c1_0 on c1_0.cust_id=o2_0.cust_id left join employee e1_0 on e1_0.emp_id=o2_0.employee_id where o1_0.product_id=?
Hibernate: select l1_0.employee_id,l1_0.order_id,c1_0.cust_id,c1_0.address,c1_0.email,c1_0.cust_name,c1_0.phone,l1_0.order_date from orders l1_0 left join customer c1_0 on c1_0.cust_id=l1_0.cust_id where l1_0.employee_id=?
Hibernate: select p1_0.product_id,p1_0.description,p1_0.manufacturer_name,p1_0.name,p1_0.status,p1_0.unit,o1_0.product_id,o1_0.order_id,o2_0.order_id,c1_0.cust_id,c1_0.address,c1_0.email,c1_0.cust_name,c1_0.phone,o2_0.employee_id,e1_0.emp_id,e1_0.address,e1_0.dob,e1_0.email,e1_0.full_name,e1_0.phone,e1_0.status,o2_0.order_date,o1_0.note,o1_0.price,o1_0.quantity from product p1_0 left join order_detail o1_0 on p1_0.product_id=o1_0.product_id left join orders o2_0 on o2_0.order_id=o1_0.order_id left join customer c1_0 on c1_0.cust_id=o2_0.cust_id left join employee e1_0 on e1_0.emp_id=o2_0.employee_id where p1_0.product_id=?
Hibernate: select p1_0.product_id,p1_0.price_date_time,p1_0.note,p1_0.price from product_price p1_0 where p1_0.product_id=?
Hibernate: select p1_0.product_id,p1_0.image_id,p1_0.alternative,p1_0.path from product_image p1_0 where p1_0.product_id=?
Hibernate: select o1_0.order_id,o1_0.product_id,p1_0.product_id,p1_0.description,p1_0.manufacturer_name,p1_0.name,p1_0.status,p1_0.unit,o1_0.note,o1_0.price,o1_0.quantity from order_detail o1_0 join product p1_0 on p1_0.product_id=o1_0.product_id where o1_0.order_id=?
Hibernate: select l1_0.employee_id,l1_0.order_id,c1_0.cust_id,c1_0.address,c1_0.email,c1_0.cust_name,c1_0.phone,l1_0.order_date from orders l1_0 left join customer c1_0 on c1_0.cust_id=l1_0.cust_id where l1_0.employee_id=?
Hibernate: insert into order_detail (note,price,quantity,order_id,product_id) values (?,?,?,?,?)
Hibernate: update orders set cust_id=?,employee_id=?,order_date=? where order_id=?
Hibernate: select e1_0.emp_id,e1_0.address,e1_0.dob,e1_0.email,e1_0.full_name,e1_0.phone,e1_0.status from employee e1_0 where e1_0.emp_id=?
Hibernate: select c1_0.cust_id,c1_0.address,c1_0.email,c1_0.cust_name,c1_0.phone from customer c1_0 where c1_0.cust_id=?
Hibernate: select o1_0.order_id,c1_0.cust_id,c1_0.address,c1_0.email,c1_0.cust_name,c1_0.phone,o1_0.employee_id,e1_0.emp_id,e1_0.address,e1_0.dob,e1_0.email,e1_0.full_name,e1_0.phone,e1_0.status,o1_0.order_date,o2_0.order_id,o2_0.product_id,p1_0.product_id,p1_0.description,p1_0.manufacturer_name,p1_0.name,p1_0.status,p1_0.unit,o2_0.note,o2_0.price,o2_0.quantity from orders o1_0 left join customer c1_0 on c1_0.cust_id=o1_0.cust_id join employee e1_0 on e1_0.emp_id=o1_0.employee_id left join order_detail o2_0 on o1_0.order_id=o2_0.order_id left join product p1_0 on p1_0.product_id=o2_0.product_id where o1_0.order_id=?
Hibernate: select c1_0.cust_id,c1_0.address,c1_0.email,c1_0.cust_name,c1_0.phone from customer c1_0 where c1_0.cust_id=?
Hibernate: select e1_0.emp_id,e1_0.address,e1_0.dob,e1_0.email,e1_0.full_name,e1_0.phone,e1_0.status from employee e1_0 where e1_0.emp_id=?
Hibernate: insert into orders (cust_id,employee_id,order_date,order_id) values (?,?,?,default)
Hibernate: select p1_0.product_id,p1_0.description,p1_0.manufacturer_name,p1_0.name,p1_0.status,p1_0.unit from product p1_0 where p1_0.product_id=?
Hibernate: select o1_0.order_id,o2_0.order_id,c1_0.cust_id,c1_0.address,c1_0.email,c1_0.cust_name,c1_0.phone,o2_0.employee_id,e1_0.emp_id,e1_0.address,e1_0.dob,e1_0.email,e1_0.full_name,e1_0.phone,e1_0.status,o2_0.order_date,o1_0.product_id,p1_0.product_id,p1_0.description,p1_0.manufacturer_name,p1_0.name,p1_0.status,p1_0.unit,p2_0.product_id,p2_0.image_id,p2_0.alternative,p2_0.path,o1_0.note,o1_0.price,o1_0.quantity from order_detail o1_0 join orders o2_0 on o2_0.order_id=o1_0.order_id left join customer c1_0 on c1_0.cust_id=o2_0.cust_id left join employee e1_0 on e1_0.emp_id=o2_0.employee_id join product p1_0 on p1_0.product_id=o1_0.product_id left join product_image p2_0 on p1_0.product_id=p2_0.product_id where (o1_0.order_id,o1_0.product_id) in ((?,?))
Hibernate: select o1_0.order_id,c1_0.cust_id,c1_0.address,c1_0.email,c1_0.cust_name,c1_0.phone,o1_0.employee_id,e1_0.emp_id,e1_0.address,e1_0.dob,e1_0.email,e1_0.full_name,e1_0.phone,e1_0.status,o1_0.order_date,o2_0.order_id,o2_0.product_id,p1_0.product_id,p1_0.description,p1_0.manufacturer_name,p1_0.name,p1_0.status,p1_0.unit,o2_0.note,o2_0.price,o2_0.quantity from orders o1_0 left join customer c1_0 on c1_0.cust_id=o1_0.cust_id join employee e1_0 on e1_0.emp_id=o1_0.employee_id left join order_detail o2_0 on o1_0.order_id=o2_0.order_id left join product p1_0 on p1_0.product_id=o2_0.product_id where o1_0.order_id=?
Hibernate: select l1_0.employee_id,l1_0.order_id,c1_0.cust_id,c1_0.address,c1_0.email,c1_0.cust_name,c1_0.phone,l1_0.order_date from orders l1_0 left join customer c1_0 on c1_0.cust_id=l1_0.cust_id where l1_0.employee_id=?
Hibernate: select p1_0.product_id,p1_0.description,p1_0.manufacturer_name,p1_0.name,p1_0.status,p1_0.unit,o1_0.product_id,o1_0.order_id,o2_0.order_id,c1_0.cust_id,c1_0.address,c1_0.email,c1_0.cust_name,c1_0.phone,o2_0.employee_id,e1_0.emp_id,e1_0.address,e1_0.dob,e1_0.email,e1_0.full_name,e1_0.phone,e1_0.status,o2_0.order_date,o1_0.note,o1_0.price,o1_0.quantity from product p1_0 left join order_detail o1_0 on p1_0.product_id=o1_0.product_id left join orders o2_0 on o2_0.order_id=o1_0.order_id left join customer c1_0 on c1_0.cust_id=o2_0.cust_id left join employee e1_0 on e1_0.emp_id=o2_0.employee_id where p1_0.product_id=?
Hibernate: select p1_0.product_id,p1_0.price_date_time,p1_0.note,p1_0.price from product_price p1_0 where p1_0.product_id=?
Hibernate: select p1_0.product_id,p1_0.image_id,p1_0.alternative,p1_0.path from product_image p1_0 where p1_0.product_id=?
Hibernate: insert into order_detail (note,price,quantity,order_id,product_id) values (?,?,?,?,?)
Hibernate: update orders set cust_id=?,employee_id=?,order_date=? where order_id=?
Hibernate: select p1_0.product_id,p1_0.description,p1_0.manufacturer_name,p1_0.name,p1_0.status,p1_0.unit from product p1_0 where p1_0.product_id=?
Hibernate: select o1_0.order_id,o2_0.order_id,c1_0.cust_id,c1_0.address,c1_0.email,c1_0.cust_name,c1_0.phone,o2_0.employee_id,e1_0.emp_id,e1_0.address,e1_0.dob,e1_0.email,e1_0.full_name,e1_0.phone,e1_0.status,o2_0.order_date,o1_0.product_id,p1_0.product_id,p1_0.description,p1_0.manufacturer_name,p1_0.name,p1_0.status,p1_0.unit,p2_0.product_id,p2_0.image_id,p2_0.alternative,p2_0.path,o1_0.note,o1_0.price,o1_0.quantity from order_detail o1_0 join orders o2_0 on o2_0.order_id=o1_0.order_id left join customer c1_0 on c1_0.cust_id=o2_0.cust_id left join employee e1_0 on e1_0.emp_id=o2_0.employee_id join product p1_0 on p1_0.product_id=o1_0.product_id left join product_image p2_0 on p1_0.product_id=p2_0.product_id where (o1_0.order_id,o1_0.product_id) in ((?,?))
Hibernate: select o1_0.order_id,c1_0.cust_id,c1_0.address,c1_0.email,c1_0.cust_name,c1_0.phone,o1_0.employee_id,e1_0.emp_id,e1_0.address,e1_0.dob,e1_0.email,e1_0.full_name,e1_0.phone,e1_0.status,o1_0.order_date,o2_0.order_id,o2_0.product_id,p1_0.product_id,p1_0.description,p1_0.manufacturer_name,p1_0.name,p1_0.status,p1_0.unit,o2_0.note,o2_0.price,o2_0.quantity from orders o1_0 left join customer c1_0 on c1_0.cust_id=o1_0.cust_id join employee e1_0 on e1_0.emp_id=o1_0.employee_id left join order_detail o2_0 on o1_0.order_id=o2_0.order_id left join product p1_0 on p1_0.product_id=o2_0.product_id where o1_0.order_id=?
Hibernate: select p1_0.product_id,p1_0.price_date_time,p1_0.note,p1_0.price from product_price p1_0 where p1_0.product_id=?
Hibernate: select p1_0.product_id,p1_0.image_id,p1_0.alternative,p1_0.path from product_image p1_0 where p1_0.product_id=?
Hibernate: select o1_0.product_id,o1_0.order_id,o2_0.order_id,c1_0.cust_id,c1_0.address,c1_0.email,c1_0.cust_name,c1_0.phone,o2_0.employee_id,e1_0.emp_id,e1_0.address,e1_0.dob,e1_0.email,e1_0.full_name,e1_0.phone,e1_0.status,o2_0.order_date,o1_0.note,o1_0.price,o1_0.quantity from order_detail o1_0 join orders o2_0 on o2_0.order_id=o1_0.order_id left join customer c1_0 on c1_0.cust_id=o2_0.cust_id left join employee e1_0 on e1_0.emp_id=o2_0.employee_id where o1_0.product_id=?
Hibernate: select l1_0.employee_id,l1_0.order_id,c1_0.cust_id,c1_0.address,c1_0.email,c1_0.cust_name,c1_0.phone,l1_0.order_date from orders l1_0 left join customer c1_0 on c1_0.cust_id=l1_0.cust_id where l1_0.employee_id=?
Hibernate: select p1_0.product_id,p1_0.description,p1_0.manufacturer_name,p1_0.name,p1_0.status,p1_0.unit,o1_0.product_id,o1_0.order_id,o2_0.order_id,c1_0.cust_id,c1_0.address,c1_0.email,c1_0.cust_name,c1_0.phone,o2_0.employee_id,e1_0.emp_id,e1_0.address,e1_0.dob,e1_0.email,e1_0.full_name,e1_0.phone,e1_0.status,o2_0.order_date,o1_0.note,o1_0.price,o1_0.quantity from product p1_0 left join order_detail o1_0 on p1_0.product_id=o1_0.product_id left join orders o2_0 on o2_0.order_id=o1_0.order_id left join customer c1_0 on c1_0.cust_id=o2_0.cust_id left join employee e1_0 on e1_0.emp_id=o2_0.employee_id where p1_0.product_id=?
Hibernate: select p1_0.product_id,p1_0.price_date_time,p1_0.note,p1_0.price from product_price p1_0 where p1_0.product_id=?
Hibernate: select p1_0.product_id,p1_0.image_id,p1_0.alternative,p1_0.path from product_image p1_0 where p1_0.product_id=?
Hibernate: insert into order_detail (note,price,quantity,order_id,product_id) values (?,?,?,?,?)
Hibernate: update orders set cust_id=?,employee_id=?,order_date=? where order_id=?
Hibernate: select p1_0.product_id,p1_0.description,p1_0.manufacturer_name,p1_0.name,p1_0.status,p1_0.unit from product p1_0 where p1_0.product_id=?
Hibernate: select o1_0.order_id,o2_0.order_id,c1_0.cust_id,c1_0.address,c1_0.email,c1_0.cust_name,c1_0.phone,o2_0.employee_id,e1_0.emp_id,e1_0.address,e1_0.dob,e1_0.email,e1_0.full_name,e1_0.phone,e1_0.status,o2_0.order_date,o1_0.product_id,p1_0.product_id,p1_0.description,p1_0.manufacturer_name,p1_0.name,p1_0.status,p1_0.unit,p2_0.product_id,p2_0.image_id,p2_0.alternative,p2_0.path,o1_0.note,o1_0.price,o1_0.quantity from order_detail o1_0 join orders o2_0 on o2_0.order_id=o1_0.order_id left join customer c1_0 on c1_0.cust_id=o2_0.cust_id left join employee e1_0 on e1_0.emp_id=o2_0.employee_id join product p1_0 on p1_0.product_id=o1_0.product_id left join product_image p2_0 on p1_0.product_id=p2_0.product_id where (o1_0.order_id,o1_0.product_id) in ((?,?))
Hibernate: select o1_0.order_id,c1_0.cust_id,c1_0.address,c1_0.email,c1_0.cust_name,c1_0.phone,o1_0.employee_id,e1_0.emp_id,e1_0.address,e1_0.dob,e1_0.email,e1_0.full_name,e1_0.phone,e1_0.status,o1_0.order_date,o2_0.order_id,o2_0.product_id,p1_0.product_id,p1_0.description,p1_0.manufacturer_name,p1_0.name,p1_0.status,p1_0.unit,o2_0.note,o2_0.price,o2_0.quantity from orders o1_0 left join customer c1_0 on c1_0.cust_id=o1_0.cust_id join employee e1_0 on e1_0.emp_id=o1_0.employee_id left join order_detail o2_0 on o1_0.order_id=o2_0.order_id left join product p1_0 on p1_0.product_id=o2_0.product_id where o1_0.order_id=?
Hibernate: select p1_0.product_id,p1_0.price_date_time,p1_0.note,p1_0.price from product_price p1_0 where p1_0.product_id=?
Hibernate: select p1_0.product_id,p1_0.image_id,p1_0.alternative,p1_0.path from product_image p1_0 where p1_0.product_id=?
Hibernate: select o1_0.product_id,o1_0.order_id,o2_0.order_id,c1_0.cust_id,c1_0.address,c1_0.email,c1_0.cust_name,c1_0.phone,o2_0.employee_id,e1_0.emp_id,e1_0.address,e1_0.dob,e1_0.email,e1_0.full_name,e1_0.phone,e1_0.status,o2_0.order_date,o1_0.note,o1_0.price,o1_0.quantity from order_detail o1_0 join orders o2_0 on o2_0.order_id=o1_0.order_id left join customer c1_0 on c1_0.cust_id=o2_0.cust_id left join employee e1_0 on e1_0.emp_id=o2_0.employee_id where o1_0.product_id=?
Hibernate: select p1_0.product_id,p1_0.price_date_time,p1_0.note,p1_0.price from product_price p1_0 where p1_0.product_id=?
Hibernate: select p1_0.product_id,p1_0.image_id,p1_0.alternative,p1_0.path from product_image p1_0 where p1_0.product_id=?
Hibernate: select o1_0.product_id,o1_0.order_id,o2_0.order_id,c1_0.cust_id,c1_0.address,c1_0.email,c1_0.cust_name,c1_0.phone,o2_0.employee_id,e1_0.emp_id,e1_0.address,e1_0.dob,e1_0.email,e1_0.full_name,e1_0.phone,e1_0.status,o2_0.order_date,o1_0.note,o1_0.price,o1_0.quantity from order_detail o1_0 join orders o2_0 on o2_0.order_id=o1_0.order_id left join customer c1_0 on c1_0.cust_id=o2_0.cust_id left join employee e1_0 on e1_0.emp_id=o2_0.employee_id where o1_0.product_id=?
Hibernate: select l1_0.employee_id,l1_0.order_id,c1_0.cust_id,c1_0.address,c1_0.email,c1_0.cust_name,c1_0.phone,l1_0.order_date from orders l1_0 left join customer c1_0 on c1_0.cust_id=l1_0.cust_id where l1_0.employee_id=?
Hibernate: select p1_0.product_id,p1_0.description,p1_0.manufacturer_name,p1_0.name,p1_0.status,p1_0.unit,o1_0.product_id,o1_0.order_id,o2_0.order_id,c1_0.cust_id,c1_0.address,c1_0.email,c1_0.cust_name,c1_0.phone,o2_0.employee_id,e1_0.emp_id,e1_0.address,e1_0.dob,e1_0.email,e1_0.full_name,e1_0.phone,e1_0.status,o2_0.order_date,o1_0.note,o1_0.price,o1_0.quantity from product p1_0 left join order_detail o1_0 on p1_0.product_id=o1_0.product_id left join orders o2_0 on o2_0.order_id=o1_0.order_id left join customer c1_0 on c1_0.cust_id=o2_0.cust_id left join employee e1_0 on e1_0.emp_id=o2_0.employee_id where p1_0.product_id=?
Hibernate: select p1_0.product_id,p1_0.price_date_time,p1_0.note,p1_0.price from product_price p1_0 where p1_0.product_id=?
Hibernate: select p1_0.product_id,p1_0.image_id,p1_0.alternative,p1_0.path from product_image p1_0 where p1_0.product_id=?
Hibernate: insert into order_detail (note,price,quantity,order_id,product_id) values (?,?,?,?,?)
Hibernate: update orders set cust_id=?,employee_id=?,order_date=? where order_id=?
Hibernate: select e1_0.emp_id,e1_0.address,e1_0.dob,e1_0.email,e1_0.full_name,e1_0.phone,e1_0.status from employee e1_0 where e1_0.emp_id=?
Hibernate: select c1_0.cust_id,c1_0.address,c1_0.email,c1_0.cust_name,c1_0.phone from customer c1_0 where c1_0.cust_id=?
Hibernate: select o1_0.order_id,c1_0.cust_id,c1_0.address,c1_0.email,c1_0.cust_name,c1_0.phone,o1_0.employee_id,e1_0.emp_id,e1_0.address,e1_0.dob,e1_0.email,e1_0.full_name,e1_0.phone,e1_0.status,o1_0.order_date,o2_0.order_id,o2_0.product_id,p1_0.product_id,p1_0.description,p1_0.manufacturer_name,p1_0.name,p1_0.status,p1_0.unit,o2_0.note,o2_0.price,o2_0.quantity from orders o1_0 left join customer c1_0 on c1_0.cust_id=o1_0.cust_id join employee e1_0 on e1_0.emp_id=o1_0.employee_id left join order_detail o2_0 on o1_0.order_id=o2_0.order_id left join product p1_0 on p1_0.product_id=o2_0.product_id where o1_0.order_id=?
Hibernate: select c1_0.cust_id,c1_0.address,c1_0.email,c1_0.cust_name,c1_0.phone from customer c1_0 where c1_0.cust_id=?
Hibernate: select e1_0.emp_id,e1_0.address,e1_0.dob,e1_0.email,e1_0.full_name,e1_0.phone,e1_0.status from employee e1_0 where e1_0.emp_id=?
Hibernate: insert into orders (cust_id,employee_id,order_date,order_id) values (?,?,?,default)
Hibernate: select p1_0.product_id,p1_0.description,p1_0.manufacturer_name,p1_0.name,p1_0.status,p1_0.unit from product p1_0 where p1_0.product_id=?
Hibernate: select o1_0.order_id,o2_0.order_id,c1_0.cust_id,c1_0.address,c1_0.email,c1_0.cust_name,c1_0.phone,o2_0.employee_id,e1_0.emp_id,e1_0.address,e1_0.dob,e1_0.email,e1_0.full_name,e1_0.phone,e1_0.status,o2_0.order_date,o1_0.product_id,p1_0.product_id,p1_0.description,p1_0.manufacturer_name,p1_0.name,p1_0.status,p1_0.unit,p2_0.product_id,p2_0.image_id,p2_0.alternative,p2_0.path,o1_0.note,o1_0.price,o1_0.quantity from order_detail o1_0 join orders o2_0 on o2_0.order_id=o1_0.order_id left join customer c1_0 on c1_0.cust_id=o2_0.cust_id left join employee e1_0 on e1_0.emp_id=o2_0.employee_id join product p1_0 on p1_0.product_id=o1_0.product_id left join product_image p2_0 on p1_0.product_id=p2_0.product_id where (o1_0.order_id,o1_0.product_id) in ((?,?))
Hibernate: select o1_0.order_id,c1_0.cust_id,c1_0.address,c1_0.email,c1_0.cust_name,c1_0.phone,o1_0.employee_id,e1_0.emp_id,e1_0.address,e1_0.dob,e1_0.email,e1_0.full_name,e1_0.phone,e1_0.status,o1_0.order_date,o2_0.order_id,o2_0.product_id,p1_0.product_id,p1_0.description,p1_0.manufacturer_name,p1_0.name,p1_0.status,p1_0.unit,o2_0.note,o2_0.price,o2_0.quantity from orders o1_0 left join customer c1_0 on c1_0.cust_id=o1_0.cust_id join employee e1_0 on e1_0.emp_id=o1_0.employee_id left join order_detail o2_0 on o1_0.order_id=o2_0.order_id left join product p1_0 on p1_0.product_id=o2_0.product_id where o1_0.order_id=?
Hibernate: select l1_0.employee_id,l1_0.order_id,c1_0.cust_id,c1_0.address,c1_0.email,c1_0.cust_name,c1_0.phone,l1_0.order_date from orders l1_0 left join customer c1_0 on c1_0.cust_id=l1_0.cust_id where l1_0.employee_id=?
Hibernate: select p1_0.product_id,p1_0.description,p1_0.manufacturer_name,p1_0.name,p1_0.status,p1_0.unit,o1_0.product_id,o1_0.order_id,o2_0.order_id,c1_0.cust_id,c1_0.address,c1_0.email,c1_0.cust_name,c1_0.phone,o2_0.employee_id,e1_0.emp_id,e1_0.address,e1_0.dob,e1_0.email,e1_0.full_name,e1_0.phone,e1_0.status,o2_0.order_date,o1_0.note,o1_0.price,o1_0.quantity from product p1_0 left join order_detail o1_0 on p1_0.product_id=o1_0.product_id left join orders o2_0 on o2_0.order_id=o1_0.order_id left join customer c1_0 on c1_0.cust_id=o2_0.cust_id left join employee e1_0 on e1_0.emp_id=o2_0.employee_id where p1_0.product_id=?
Hibernate: select o1_0.order_id,o1_0.product_id,p1_0.product_id,p1_0.description,p1_0.manufacturer_name,p1_0.name,p1_0.status,p1_0.unit,o1_0.note,o1_0.price,o1_0.quantity from order_detail o1_0 join product p1_0 on p1_0.product_id=o1_0.product_id where o1_0.order_id=?
Hibernate: select p1_0.product_id,p1_0.price_date_time,p1_0.note,p1_0.price from product_price p1_0 where p1_0.product_id=?
Hibernate: select p1_0.product_id,p1_0.image_id,p1_0.alternative,p1_0.path from product_image p1_0 where p1_0.product_id=?
Hibernate: select o1_0.order_id,o1_0.product_id,p1_0.product_id,p1_0.description,p1_0.manufacturer_name,p1_0.name,p1_0.status,p1_0.unit,o1_0.note,o1_0.price,o1_0.quantity from order_detail o1_0 join product p1_0 on p1_0.product_id=o1_0.product_id where o1_0.order_id=?
Hibernate: select l1_0.employee_id,l1_0.order_id,c1_0.cust_id,c1_0.address,c1_0.email,c1_0.cust_name,c1_0.phone,l1_0.order_date from orders l1_0 left join customer c1_0 on c1_0.cust_id=l1_0.cust_id where l1_0.employee_id=?
Hibernate: insert into order_detail (note,price,quantity,order_id,product_id) values (?,?,?,?,?)
Hibernate: update orders set cust_id=?,employee_id=?,order_date=? where order_id=?
Hibernate: select p1_0.product_id,p1_0.description,p1_0.manufacturer_name,p1_0.name,p1_0.status,p1_0.unit from product p1_0 where p1_0.product_id=?
Hibernate: select o1_0.order_id,o2_0.order_id,c1_0.cust_id,c1_0.address,c1_0.email,c1_0.cust_name,c1_0.phone,o2_0.employee_id,e1_0.emp_id,e1_0.address,e1_0.dob,e1_0.email,e1_0.full_name,e1_0.phone,e1_0.status,o2_0.order_date,o1_0.product_id,p1_0.product_id,p1_0.description,p1_0.manufacturer_name,p1_0.name,p1_0.status,p1_0.unit,p2_0.product_id,p2_0.image_id,p2_0.alternative,p2_0.path,o1_0.note,o1_0.price,o1_0.quantity from order_detail o1_0 join orders o2_0 on o2_0.order_id=o1_0.order_id left join customer c1_0 on c1_0.cust_id=o2_0.cust_id left join employee e1_0 on e1_0.emp_id=o2_0.employee_id join product p1_0 on p1_0.product_id=o1_0.product_id left join product_image p2_0 on p1_0.product_id=p2_0.product_id where (o1_0.order_id,o1_0.product_id) in ((?,?))
Hibernate: select o1_0.order_id,c1_0.cust_id,c1_0.address,c1_0.email,c1_0.cust_name,c1_0.phone,o1_0.employee_id,e1_0.emp_id,e1_0.address,e1_0.dob,e1_0.email,e1_0.full_name,e1_0.phone,e1_0.status,o1_0.order_date,o2_0.order_id,o2_0.product_id,p1_0.product_id,p1_0.description,p1_0.manufacturer_name,p1_0.name,p1_0.status,p1_0.unit,o2_0.note,o2_0.price,o2_0.quantity from orders o1_0 left join customer c1_0 on c1_0.cust_id=o1_0.cust_id join employee e1_0 on e1_0.emp_id=o1_0.employee_id left join order_detail o2_0 on o1_0.order_id=o2_0.order_id left join product p1_0 on p1_0.product_id=o2_0.product_id where o1_0.order_id=?
Hibernate: select p1_0.product_id,p1_0.price_date_time,p1_0.note,p1_0.price from product_price p1_0 where p1_0.product_id=?
Hibernate: select p1_0.product_id,p1_0.image_id,p1_0.alternative,p1_0.path from product_image p1_0 where p1_0.product_id=?
Hibernate: select o1_0.product_id,o1_0.order_id,o2_0.order_id,c1_0.cust_id,c1_0.address,c1_0.email,c1_0.cust_name,c1_0.phone,o2_0.employee_id,e1_0.emp_id,e1_0.address,e1_0.dob,e1_0.email,e1_0.full_name,e1_0.phone,e1_0.status,o2_0.order_date,o1_0.note,o1_0.price,o1_0.quantity from order_detail o1_0 join orders o2_0 on o2_0.order_id=o1_0.order_id left join customer c1_0 on c1_0.cust_id=o2_0.cust_id left join employee e1_0 on e1_0.emp_id=o2_0.employee_id where o1_0.product_id=?
Hibernate: select l1_0.employee_id,l1_0.order_id,c1_0.cust_id,c1_0.address,c1_0.email,c1_0.cust_name,c1_0.phone,l1_0.order_date from orders l1_0 left join customer c1_0 on c1_0.cust_id=l1_0.cust_id where l1_0.employee_id=?
Hibernate: select p1_0.product_id,p1_0.description,p1_0.manufacturer_name,p1_0.name,p1_0.status,p1_0.unit,o1_0.product_id,o1_0.order_id,o2_0.order_id,c1_0.cust_id,c1_0.address,c1_0.email,c1_0.cust_name,c1_0.phone,o2_0.employee_id,e1_0.emp_id,e1_0.address,e1_0.dob,e1_0.email,e1_0.full_name,e1_0.phone,e1_0.status,o2_0.order_date,o1_0.note,o1_0.price,o1_0.quantity from product p1_0 left join order_detail o1_0 on p1_0.product_id=o1_0.product_id left join orders o2_0 on o2_0.order_id=o1_0.order_id left join customer c1_0 on c1_0.cust_id=o2_0.cust_id left join employee e1_0 on e1_0.emp_id=o2_0.employee_id where p1_0.product_id=?
Hibernate: select p1_0.product_id,p1_0.price_date_time,p1_0.note,p1_0.price from product_price p1_0 where p1_0.product_id=?
Hibernate: select p1_0.product_id,p1_0.image_id,p1_0.alternative,p1_0.path from product_image p1_0 where p1_0.product_id=?
Hibernate: select o1_0.order_id,o1_0.product_id,p1_0.product_id,p1_0.description,p1_0.manufacturer_name,p1_0.name,p1_0.status,p1_0.unit,o1_0.note,o1_0.price,o1_0.quantity from order_detail o1_0 join product p1_0 on p1_0.product_id=o1_0.product_id where o1_0.order_id=?
Hibernate: insert into order_detail (note,price,quantity,order_id,product_id) values (?,?,?,?,?)
Hibernate: update orders set cust_id=?,employee_id=?,order_date=? where order_id=?
Hibernate: select p1_0.product_id,p1_0.description,p1_0.manufacturer_name,p1_0.name,p1_0.status,p1_0.unit from product p1_0 where p1_0.product_id=?
Hibernate: select o1_0.order_id,o2_0.order_id,c1_0.cust_id,c1_0.address,c1_0.email,c1_0.cust_name,c1_0.phone,o2_0.employee_id,e1_0.emp_id,e1_0.address,e1_0.dob,e1_0.email,e1_0.full_name,e1_0.phone,e1_0.status,o2_0.order_date,o1_0.product_id,p1_0.product_id,p1_0.description,p1_0.manufacturer_name,p1_0.name,p1_0.status,p1_0.unit,p2_0.product_id,p2_0.image_id,p2_0.alternative,p2_0.path,o1_0.note,o1_0.price,o1_0.quantity from order_detail o1_0 join orders o2_0 on o2_0.order_id=o1_0.order_id left join customer c1_0 on c1_0.cust_id=o2_0.cust_id left join employee e1_0 on e1_0.emp_id=o2_0.employee_id join product p1_0 on p1_0.product_id=o1_0.product_id left join product_image p2_0 on p1_0.product_id=p2_0.product_id where (o1_0.order_id,o1_0.product_id) in ((?,?))
Hibernate: select o1_0.order_id,c1_0.cust_id,c1_0.address,c1_0.email,c1_0.cust_name,c1_0.phone,o1_0.employee_id,e1_0.emp_id,e1_0.address,e1_0.dob,e1_0.email,e1_0.full_name,e1_0.phone,e1_0.status,o1_0.order_date,o2_0.order_id,o2_0.product_id,p1_0.product_id,p1_0.description,p1_0.manufacturer_name,p1_0.name,p1_0.status,p1_0.unit,o2_0.note,o2_0.price,o2_0.quantity from orders o1_0 left join customer c1_0 on c1_0.cust_id=o1_0.cust_id join employee e1_0 on e1_0.emp_id=o1_0.employee_id left join order_detail o2_0 on o1_0.order_id=o2_0.order_id left join product p1_0 on p1_0.product_id=o2_0.product_id where o1_0.order_id=?
Hibernate: select p1_0.product_id,p1_0.price_date_time,p1_0.note,p1_0.price from product_price p1_0 where p1_0.product_id=?
Hibernate: select p1_0.product_id,p1_0.image_id,p1_0.alternative,p1_0.path from product_image p1_0 where p1_0.product_id=?
Hibernate: select o1_0.product_id,o1_0.order_id,o2_0.order_id,c1_0.cust_id,c1_0.address,c1_0.email,c1_0.cust_name,c1_0.phone,o2_0.employee_id,e1_0.emp_id,e1_0.address,e1_0.dob,e1_0.email,e1_0.full_name,e1_0.phone,e1_0.status,o2_0.order_date,o1_0.note,o1_0.price,o1_0.quantity from order_detail o1_0 join orders o2_0 on o2_0.order_id=o1_0.order_id left join customer c1_0 on c1_0.cust_id=o2_0.cust_id left join employee e1_0 on e1_0.emp_id=o2_0.employee_id where o1_0.product_id=?
Hibernate: select p1_0.product_id,p1_0.price_date_time,p1_0.note,p1_0.price from product_price p1_0 where p1_0.product_id=?
Hibernate: select p1_0.product_id,p1_0.image_id,p1_0.alternative,p1_0.path from product_image p1_0 where p1_0.product_id=?
Hibernate: select o1_0.product_id,o1_0.order_id,o2_0.order_id,c1_0.cust_id,c1_0.address,c1_0.email,c1_0.cust_name,c1_0.phone,o2_0.employee_id,e1_0.emp_id,e1_0.address,e1_0.dob,e1_0.email,e1_0.full_name,e1_0.phone,e1_0.status,o2_0.order_date,o1_0.note,o1_0.price,o1_0.quantity from order_detail o1_0 join orders o2_0 on o2_0.order_id=o1_0.order_id left join customer c1_0 on c1_0.cust_id=o2_0.cust_id left join employee e1_0 on e1_0.emp_id=o2_0.employee_id where o1_0.product_id=?
Hibernate: select l1_0.employee_id,l1_0.order_id,c1_0.cust_id,c1_0.address,c1_0.email,c1_0.cust_name,c1_0.phone,l1_0.order_date from orders l1_0 left join customer c1_0 on c1_0.cust_id=l1_0.cust_id where l1_0.employee_id=?
Hibernate: select p1_0.product_id,p1_0.description,p1_0.manufacturer_name,p1_0.name,p1_0.status,p1_0.unit,o1_0.product_id,o1_0.order_id,o2_0.order_id,c1_0.cust_id,c1_0.address,c1_0.email,c1_0.cust_name,c1_0.phone,o2_0.employee_id,e1_0.emp_id,e1_0.address,e1_0.dob,e1_0.email,e1_0.full_name,e1_0.phone,e1_0.status,o2_0.order_date,o1_0.note,o1_0.price,o1_0.quantity from product p1_0 left join order_detail o1_0 on p1_0.product_id=o1_0.product_id left join orders o2_0 on o2_0.order_id=o1_0.order_id left join customer c1_0 on c1_0.cust_id=o2_0.cust_id left join employee e1_0 on e1_0.emp_id=o2_0.employee_id where p1_0.product_id=?
Hibernate: select p1_0.product_id,p1_0.price_date_time,p1_0.note,p1_0.price from product_price p1_0 where p1_0.product_id=?
Hibernate: select p1_0.product_id,p1_0.image_id,p1_0.alternative,p1_0.path from product_image p1_0 where p1_0.product_id=?
Hibernate: insert into order_detail (note,price,quantity,order_id,product_id) values (?,?,?,?,?)
Hibernate: update orders set cust_id=?,employee_id=?,order_date=? where order_id=?
Hibernate: select e1_0.emp_id,e1_0.address,e1_0.dob,e1_0.email,e1_0.full_name,e1_0.phone,e1_0.status from employee e1_0 where e1_0.emp_id=?
Hibernate: select c1_0.cust_id,c1_0.address,c1_0.email,c1_0.cust_name,c1_0.phone from customer c1_0 where c1_0.cust_id=?
Hibernate: select o1_0.order_id,c1_0.cust_id,c1_0.address,c1_0.email,c1_0.cust_name,c1_0.phone,o1_0.employee_id,e1_0.emp_id,e1_0.address,e1_0.dob,e1_0.email,e1_0.full_name,e1_0.phone,e1_0.status,o1_0.order_date,o2_0.order_id,o2_0.product_id,p1_0.product_id,p1_0.description,p1_0.manufacturer_name,p1_0.name,p1_0.status,p1_0.unit,o2_0.note,o2_0.price,o2_0.quantity from orders o1_0 left join customer c1_0 on c1_0.cust_id=o1_0.cust_id join employee e1_0 on e1_0.emp_id=o1_0.employee_id left join order_detail o2_0 on o1_0.order_id=o2_0.order_id left join product p1_0 on p1_0.product_id=o2_0.product_id where o1_0.order_id=?
Hibernate: select c1_0.cust_id,c1_0.address,c1_0.email,c1_0.cust_name,c1_0.phone from customer c1_0 where c1_0.cust_id=?
Hibernate: select e1_0.emp_id,e1_0.address,e1_0.dob,e1_0.email,e1_0.full_name,e1_0.phone,e1_0.status from employee e1_0 where e1_0.emp_id=?
Hibernate: insert into orders (cust_id,employee_id,order_date,order_id) values (?,?,?,default)
Hibernate: select p1_0.product_id,p1_0.description,p1_0.manufacturer_name,p1_0.name,p1_0.status,p1_0.unit from product p1_0 where p1_0.product_id=?
Hibernate: select o1_0.order_id,o2_0.order_id,c1_0.cust_id,c1_0.address,c1_0.email,c1_0.cust_name,c1_0.phone,o2_0.employee_id,e1_0.emp_id,e1_0.address,e1_0.dob,e1_0.email,e1_0.full_name,e1_0.phone,e1_0.status,o2_0.order_date,o1_0.product_id,p1_0.product_id,p1_0.description,p1_0.manufacturer_name,p1_0.name,p1_0.status,p1_0.unit,p2_0.product_id,p2_0.image_id,p2_0.alternative,p2_0.path,o1_0.note,o1_0.price,o1_0.quantity from order_detail o1_0 join orders o2_0 on o2_0.order_id=o1_0.order_id left join customer c1_0 on c1_0.cust_id=o2_0.cust_id left join employee e1_0 on e1_0.emp_id=o2_0.employee_id join product p1_0 on p1_0.product_id=o1_0.product_id left join product_image p2_0 on p1_0.product_id=p2_0.product_id where (o1_0.order_id,o1_0.product_id) in ((?,?))
Hibernate: select o1_0.order_id,c1_0.cust_id,c1_0.address,c1_0.email,c1_0.cust_name,c1_0.phone,o1_0.employee_id,e1_0.emp_id,e1_0.address,e1_0.dob,e1_0.email,e1_0.full_name,e1_0.phone,e1_0.status,o1_0.order_date,o2_0.order_id,o2_0.product_id,p1_0.product_id,p1_0.description,p1_0.manufacturer_name,p1_0.name,p1_0.status,p1_0.unit,o2_0.note,o2_0.price,o2_0.quantity from orders o1_0 left join customer c1_0 on c1_0.cust_id=o1_0.cust_id join employee e1_0 on e1_0.emp_id=o1_0.employee_id left join order_detail o2_0 on o1_0.order_id=o2_0.order_id left join product p1_0 on p1_0.product_id=o2_0.product_id where o1_0.order_id=?
Hibernate: select l1_0.employee_id,l1_0.order_id,c1_0.cust_id,c1_0.address,c1_0.email,c1_0.cust_name,c1_0.phone,l1_0.order_date from orders l1_0 left join customer c1_0 on c1_0.cust_id=l1_0.cust_id where l1_0.employee_id=?
Hibernate: select p1_0.product_id,p1_0.description,p1_0.manufacturer_name,p1_0.name,p1_0.status,p1_0.unit,o1_0.product_id,o1_0.order_id,o2_0.order_id,c1_0.cust_id,c1_0.address,c1_0.email,c1_0.cust_name,c1_0.phone,o2_0.employee_id,e1_0.emp_id,e1_0.address,e1_0.dob,e1_0.email,e1_0.full_name,e1_0.phone,e1_0.status,o2_0.order_date,o1_0.note,o1_0.price,o1_0.quantity from product p1_0 left join order_detail o1_0 on p1_0.product_id=o1_0.product_id left join orders o2_0 on o2_0.order_id=o1_0.order_id left join customer c1_0 on c1_0.cust_id=o2_0.cust_id left join employee e1_0 on e1_0.emp_id=o2_0.employee_id where p1_0.product_id=?
Hibernate: select o1_0.order_id,o1_0.product_id,p1_0.product_id,p1_0.description,p1_0.manufacturer_name,p1_0.name,p1_0.status,p1_0.unit,o1_0.note,o1_0.price,o1_0.quantity from order_detail o1_0 join product p1_0 on p1_0.product_id=o1_0.product_id where o1_0.order_id=?
Hibernate: select l1_0.employee_id,l1_0.order_id,c1_0.cust_id,c1_0.address,c1_0.email,c1_0.cust_name,c1_0.phone,l1_0.order_date from orders l1_0 left join customer c1_0 on c1_0.cust_id=l1_0.cust_id where l1_0.employee_id=?
Hibernate: select o1_0.order_id,o1_0.product_id,p1_0.product_id,p1_0.description,p1_0.manufacturer_name,p1_0.name,p1_0.status,p1_0.unit,o1_0.note,o1_0.price,o1_0.quantity from order_detail o1_0 join product p1_0 on p1_0.product_id=o1_0.product_id where o1_0.order_id=?
Hibernate: select l1_0.employee_id,l1_0.order_id,c1_0.cust_id,c1_0.address,c1_0.email,c1_0.cust_name,c1_0.phone,l1_0.order_date from orders l1_0 left join customer c1_0 on c1_0.cust_id=l1_0.cust_id where l1_0.employee_id=?
Hibernate: select p1_0.product_id,p1_0.price_date_time,p1_0.note,p1_0.price from product_price p1_0 where p1_0.product_id=?
Hibernate: select p1_0.product_id,p1_0.image_id,p1_0.alternative,p1_0.path from product_image p1_0 where p1_0.product_id=?
Hibernate: insert into order_detail (note,price,quantity,order_id,product_id) values (?,?,?,?,?)
Hibernate: update orders set cust_id=?,employee_id=?,order_date=? where order_id=?
Hibernate: select p1_0.product_id,p1_0.description,p1_0.manufacturer_name,p1_0.name,p1_0.status,p1_0.unit from product p1_0 where p1_0.product_id=?
Hibernate: select o1_0.order_id,o2_0.order_id,c1_0.cust_id,c1_0.address,c1_0.email,c1_0.cust_name,c1_0.phone,o2_0.employee_id,e1_0.emp_id,e1_0.address,e1_0.dob,e1_0.email,e1_0.full_name,e1_0.phone,e1_0.status,o2_0.order_date,o1_0.product_id,p1_0.product_id,p1_0.description,p1_0.manufacturer_name,p1_0.name,p1_0.status,p1_0.unit,p2_0.product_id,p2_0.image_id,p2_0.alternative,p2_0.path,o1_0.note,o1_0.price,o1_0.quantity from order_detail o1_0 join orders o2_0 on o2_0.order_id=o1_0.order_id left join customer c1_0 on c1_0.cust_id=o2_0.cust_id left join employee e1_0 on e1_0.emp_id=o2_0.employee_id join product p1_0 on p1_0.product_id=o1_0.product_id left join product_image p2_0 on p1_0.product_id=p2_0.product_id where (o1_0.order_id,o1_0.product_id) in ((?,?))
Hibernate: select o1_0.order_id,c1_0.cust_id,c1_0.address,c1_0.email,c1_0.cust_name,c1_0.phone,o1_0.employee_id,e1_0.emp_id,e1_0.address,e1_0.dob,e1_0.email,e1_0.full_name,e1_0.phone,e1_0.status,o1_0.order_date,o2_0.order_id,o2_0.product_id,p1_0.product_id,p1_0.description,p1_0.manufacturer_name,p1_0.name,p1_0.status,p1_0.unit,o2_0.note,o2_0.price,o2_0.quantity from orders o1_0 left join customer c1_0 on c1_0.cust_id=o1_0.cust_id join employee e1_0 on e1_0.emp_id=o1_0.employee_id left join order_detail o2_0 on o1_0.order_id=o2_0.order_id left join product p1_0 on p1_0.product_id=o2_0.product_id where o1_0.order_id=?
Hibernate: select p1_0.product_id,p1_0.price_date_time,p1_0.note,p1_0.price from product_price p1_0 where p1_0.product_id=?
Hibernate: select p1_0.product_id,p1_0.image_id,p1_0.alternative,p1_0.path from product_image p1_0 where p1_0.product_id=?
Hibernate: select o1_0.product_id,o1_0.order_id,o2_0.order_id,c1_0.cust_id,c1_0.address,c1_0.email,c1_0.cust_name,c1_0.phone,o2_0.employee_id,e1_0.emp_id,e1_0.address,e1_0.dob,e1_0.email,e1_0.full_name,e1_0.phone,e1_0.status,o2_0.order_date,o1_0.note,o1_0.price,o1_0.quantity from order_detail o1_0 join orders o2_0 on o2_0.order_id=o1_0.order_id left join customer c1_0 on c1_0.cust_id=o2_0.cust_id left join employee e1_0 on e1_0.emp_id=o2_0.employee_id where o1_0.product_id=?
Hibernate: select l1_0.employee_id,l1_0.order_id,c1_0.cust_id,c1_0.address,c1_0.email,c1_0.cust_name,c1_0.phone,l1_0.order_date from orders l1_0 left join customer c1_0 on c1_0.cust_id=l1_0.cust_id where l1_0.employee_id=?
Hibernate: select p1_0.product_id,p1_0.description,p1_0.manufacturer_name,p1_0.name,p1_0.status,p1_0.unit,o1_0.product_id,o1_0.order_id,o2_0.order_id,c1_0.cust_id,c1_0.address,c1_0.email,c1_0.cust_name,c1_0.phone,o2_0.employee_id,e1_0.emp_id,e1_0.address,e1_0.dob,e1_0.email,e1_0.full_name,e1_0.phone,e1_0.status,o2_0.order_date,o1_0.note,o1_0.price,o1_0.quantity from product p1_0 left join order_detail o1_0 on p1_0.product_id=o1_0.product_id left join orders o2_0 on o2_0.order_id=o1_0.order_id left join customer c1_0 on c1_0.cust_id=o2_0.cust_id left join employee e1_0 on e1_0.emp_id=o2_0.employee_id where p1_0.product_id=?
Hibernate: select p1_0.product_id,p1_0.price_date_time,p1_0.note,p1_0.price from product_price p1_0 where p1_0.product_id=?
Hibernate: select p1_0.product_id,p1_0.image_id,p1_0.alternative,p1_0.path from product_image p1_0 where p1_0.product_id=?
Hibernate: insert into order_detail (note,price,quantity,order_id,product_id) values (?,?,?,?,?)
Hibernate: update orders set cust_id=?,employee_id=?,order_date=? where order_id=?
Hibernate: select p1_0.product_id,p1_0.description,p1_0.manufacturer_name,p1_0.name,p1_0.status,p1_0.unit from product p1_0 where p1_0.product_id=?
Hibernate: select o1_0.order_id,o2_0.order_id,c1_0.cust_id,c1_0.address,c1_0.email,c1_0.cust_name,c1_0.phone,o2_0.employee_id,e1_0.emp_id,e1_0.address,e1_0.dob,e1_0.email,e1_0.full_name,e1_0.phone,e1_0.status,o2_0.order_date,o1_0.product_id,p1_0.product_id,p1_0.description,p1_0.manufacturer_name,p1_0.name,p1_0.status,p1_0.unit,p2_0.product_id,p2_0.image_id,p2_0.alternative,p2_0.path,o1_0.note,o1_0.price,o1_0.quantity from order_detail o1_0 join orders o2_0 on o2_0.order_id=o1_0.order_id left join customer c1_0 on c1_0.cust_id=o2_0.cust_id left join employee e1_0 on e1_0.emp_id=o2_0.employee_id join product p1_0 on p1_0.product_id=o1_0.product_id left join product_image p2_0 on p1_0.product_id=p2_0.product_id where (o1_0.order_id,o1_0.product_id) in ((?,?))
Hibernate: select o1_0.order_id,c1_0.cust_id,c1_0.address,c1_0.email,c1_0.cust_name,c1_0.phone,o1_0.employee_id,e1_0.emp_id,e1_0.address,e1_0.dob,e1_0.email,e1_0.full_name,e1_0.phone,e1_0.status,o1_0.order_date,o2_0.order_id,o2_0.product_id,p1_0.product_id,p1_0.description,p1_0.manufacturer_name,p1_0.name,p1_0.status,p1_0.unit,o2_0.note,o2_0.price,o2_0.quantity from orders o1_0 left join customer c1_0 on c1_0.cust_id=o1_0.cust_id join employee e1_0 on e1_0.emp_id=o1_0.employee_id left join order_detail o2_0 on o1_0.order_id=o2_0.order_id left join product p1_0 on p1_0.product_id=o2_0.product_id where o1_0.order_id=?
Hibernate: select p1_0.product_id,p1_0.price_date_time,p1_0.note,p1_0.price from product_price p1_0 where p1_0.product_id=?
Hibernate: select p1_0.product_id,p1_0.image_id,p1_0.alternative,p1_0.path from product_image p1_0 where p1_0.product_id=?
Hibernate: select o1_0.product_id,o1_0.order_id,o2_0.order_id,c1_0.cust_id,c1_0.address,c1_0.email,c1_0.cust_name,c1_0.phone,o2_0.employee_id,e1_0.emp_id,e1_0.address,e1_0.dob,e1_0.email,e1_0.full_name,e1_0.phone,e1_0.status,o2_0.order_date,o1_0.note,o1_0.price,o1_0.quantity from order_detail o1_0 join orders o2_0 on o2_0.order_id=o1_0.order_id left join customer c1_0 on c1_0.cust_id=o2_0.cust_id left join employee e1_0 on e1_0.emp_id=o2_0.employee_id where o1_0.product_id=?
Hibernate: select p1_0.product_id,p1_0.price_date_time,p1_0.note,p1_0.price from product_price p1_0 where p1_0.product_id=?
Hibernate: select p1_0.product_id,p1_0.image_id,p1_0.alternative,p1_0.path from product_image p1_0 where p1_0.product_id=?
Hibernate: select o1_0.product_id,o1_0.order_id,o2_0.order_id,c1_0.cust_id,c1_0.address,c1_0.email,c1_0.cust_name,c1_0.phone,o2_0.employee_id,e1_0.emp_id,e1_0.address,e1_0.dob,e1_0.email,e1_0.full_name,e1_0.phone,e1_0.status,o2_0.order_date,o1_0.note,o1_0.price,o1_0.quantity from order_detail o1_0 join orders o2_0 on o2_0.order_id=o1_0.order_id left join customer c1_0 on c1_0.cust_id=o2_0.cust_id left join employee e1_0 on e1_0.emp_id=o2_0.employee_id where o1_0.product_id=?
Hibernate: select l1_0.employee_id,l1_0.order_id,c1_0.cust_id,c1_0.address,c1_0.email,c1_0.cust_name,c1_0.phone,l1_0.order_date from orders l1_0 left join customer c1_0 on c1_0.cust_id=l1_0.cust_id where l1_0.employee_id=?
Hibernate: select p1_0.product_id,p1_0.description,p1_0.manufacturer_name,p1_0.name,p1_0.status,p1_0.unit,o1_0.product_id,o1_0.order_id,o2_0.order_id,c1_0.cust_id,c1_0.address,c1_0.email,c1_0.cust_name,c1_0.phone,o2_0.employee_id,e1_0.emp_id,e1_0.address,e1_0.dob,e1_0.email,e1_0.full_name,e1_0.phone,e1_0.status,o2_0.order_date,o1_0.note,o1_0.price,o1_0.quantity from product p1_0 left join order_detail o1_0 on p1_0.product_id=o1_0.product_id left join orders o2_0 on o2_0.order_id=o1_0.order_id left join customer c1_0 on c1_0.cust_id=o2_0.cust_id left join employee e1_0 on e1_0.emp_id=o2_0.employee_id where p1_0.product_id=?
Hibernate: select p1_0.product_id,p1_0.price_date_time,p1_0.note,p1_0.price from product_price p1_0 where p1_0.product_id=?
Hibernate: select p1_0.product_id,p1_0.image_id,p1_0.alternative,p1_0.path from product_image p1_0 where p1_0.product_id=?
Hibernate: select o1_0.order_id,o1_0.product_id,p1_0.product_id,p1_0.description,p1_0.manufacturer_name,p1_0.name,p1_0.status,p1_0.unit,o1_0.note,o1_0.price,o1_0.quantity from order_detail o1_0 join product p1_0 on p1_0.product_id=o1_0.product_id where o1_0.order_id=?
Hibernate: select l1_0.employee_id,l1_0.order_id,c1_0.cust_id,c1_0.address,c1_0.email,c1_0.cust_name,c1_0.phone,l1_0.order_date from orders l1_0 left join customer c1_0 on c1_0.cust_id=l1_0.cust_id where l1_0.employee_id=?
Hibernate: insert into order_detail (note,price,quantity,order_id,product_id) values (?,?,?,?,?)
Hibernate: update orders set cust_id=?,employee_id=?,order_date=? where order_id=?
Hibernate: select e1_0.emp_id,e1_0.address,e1_0.dob,e1_0.email,e1_0.full_name,e1_0.phone,e1_0.status from employee e1_0 where e1_0.emp_id=?
Hibernate: select c1_0.cust_id,c1_0.address,c1_0.email,c1_0.cust_name,c1_0.phone from customer c1_0 where c1_0.cust_id=?
Hibernate: select o1_0.order_id,c1_0.cust_id,c1_0.address,c1_0.email,c1_0.cust_name,c1_0.phone,o1_0.employee_id,e1_0.emp_id,e1_0.address,e1_0.dob,e1_0.email,e1_0.full_name,e1_0.phone,e1_0.status,o1_0.order_date,o2_0.order_id,o2_0.product_id,p1_0.product_id,p1_0.description,p1_0.manufacturer_name,p1_0.name,p1_0.status,p1_0.unit,o2_0.note,o2_0.price,o2_0.quantity from orders o1_0 left join customer c1_0 on c1_0.cust_id=o1_0.cust_id join employee e1_0 on e1_0.emp_id=o1_0.employee_id left join order_detail o2_0 on o1_0.order_id=o2_0.order_id left join product p1_0 on p1_0.product_id=o2_0.product_id where o1_0.order_id=?
Hibernate: select c1_0.cust_id,c1_0.address,c1_0.email,c1_0.cust_name,c1_0.phone from customer c1_0 where c1_0.cust_id=?
Hibernate: select e1_0.emp_id,e1_0.address,e1_0.dob,e1_0.email,e1_0.full_name,e1_0.phone,e1_0.status from employee e1_0 where e1_0.emp_id=?
Hibernate: insert into orders (cust_id,employee_id,order_date,order_id) values (?,?,?,default)
Hibernate: select p1_0.product_id,p1_0.description,p1_0.manufacturer_name,p1_0.name,p1_0.status,p1_0.unit from product p1_0 where p1_0.product_id=?
Hibernate: select o1_0.order_id,o2_0.order_id,c1_0.cust_id,c1_0.address,c1_0.email,c1_0.cust_name,c1_0.phone,o2_0.employee_id,e1_0.emp_id,e1_0.address,e1_0.dob,e1_0.email,e1_0.full_name,e1_0.phone,e1_0.status,o2_0.order_date,o1_0.product_id,p1_0.product_id,p1_0.description,p1_0.manufacturer_name,p1_0.name,p1_0.status,p1_0.unit,p2_0.product_id,p2_0.image_id,p2_0.alternative,p2_0.path,o1_0.note,o1_0.price,o1_0.quantity from order_detail o1_0 join orders o2_0 on o2_0.order_id=o1_0.order_id left join customer c1_0 on c1_0.cust_id=o2_0.cust_id left join employee e1_0 on e1_0.emp_id=o2_0.employee_id join product p1_0 on p1_0.product_id=o1_0.product_id left join product_image p2_0 on p1_0.product_id=p2_0.product_id where (o1_0.order_id,o1_0.product_id) in ((?,?))
Hibernate: select o1_0.order_id,c1_0.cust_id,c1_0.address,c1_0.email,c1_0.cust_name,c1_0.phone,o1_0.employee_id,e1_0.emp_id,e1_0.address,e1_0.dob,e1_0.email,e1_0.full_name,e1_0.phone,e1_0.status,o1_0.order_date,o2_0.order_id,o2_0.product_id,p1_0.product_id,p1_0.description,p1_0.manufacturer_name,p1_0.name,p1_0.status,p1_0.unit,o2_0.note,o2_0.price,o2_0.quantity from orders o1_0 left join customer c1_0 on c1_0.cust_id=o1_0.cust_id join employee e1_0 on e1_0.emp_id=o1_0.employee_id left join order_detail o2_0 on o1_0.order_id=o2_0.order_id left join product p1_0 on p1_0.product_id=o2_0.product_id where o1_0.order_id=?
Hibernate: select l1_0.employee_id,l1_0.order_id,c1_0.cust_id,c1_0.address,c1_0.email,c1_0.cust_name,c1_0.phone,l1_0.order_date from orders l1_0 left join customer c1_0 on c1_0.cust_id=l1_0.cust_id where l1_0.employee_id=?
Hibernate: select p1_0.product_id,p1_0.description,p1_0.manufacturer_name,p1_0.name,p1_0.status,p1_0.unit,o1_0.product_id,o1_0.order_id,o2_0.order_id,c1_0.cust_id,c1_0.address,c1_0.email,c1_0.cust_name,c1_0.phone,o2_0.employee_id,e1_0.emp_id,e1_0.address,e1_0.dob,e1_0.email,e1_0.full_name,e1_0.phone,e1_0.status,o2_0.order_date,o1_0.note,o1_0.price,o1_0.quantity from product p1_0 left join order_detail o1_0 on p1_0.product_id=o1_0.product_id left join orders o2_0 on o2_0.order_id=o1_0.order_id left join customer c1_0 on c1_0.cust_id=o2_0.cust_id left join employee e1_0 on e1_0.emp_id=o2_0.employee_id where p1_0.product_id=?
Hibernate: select p1_0.product_id,p1_0.price_date_time,p1_0.note,p1_0.price from product_price p1_0 where p1_0.product_id=?
Hibernate: select p1_0.product_id,p1_0.image_id,p1_0.alternative,p1_0.path from product_image p1_0 where p1_0.product_id=?
Hibernate: insert into order_detail (note,price,quantity,order_id,product_id) values (?,?,?,?,?)
Hibernate: update orders set cust_id=?,employee_id=?,order_date=? where order_id=?
Hibernate: select p1_0.product_id,p1_0.description,p1_0.manufacturer_name,p1_0.name,p1_0.status,p1_0.unit from product p1_0 where p1_0.product_id=?
Hibernate: select o1_0.order_id,o2_0.order_id,c1_0.cust_id,c1_0.address,c1_0.email,c1_0.cust_name,c1_0.phone,o2_0.employee_id,e1_0.emp_id,e1_0.address,e1_0.dob,e1_0.email,e1_0.full_name,e1_0.phone,e1_0.status,o2_0.order_date,o1_0.product_id,p1_0.product_id,p1_0.description,p1_0.manufacturer_name,p1_0.name,p1_0.status,p1_0.unit,p2_0.product_id,p2_0.image_id,p2_0.alternative,p2_0.path,o1_0.note,o1_0.price,o1_0.quantity from order_detail o1_0 join orders o2_0 on o2_0.order_id=o1_0.order_id left join customer c1_0 on c1_0.cust_id=o2_0.cust_id left join employee e1_0 on e1_0.emp_id=o2_0.employee_id join product p1_0 on p1_0.product_id=o1_0.product_id left join product_image p2_0 on p1_0.product_id=p2_0.product_id where (o1_0.order_id,o1_0.product_id) in ((?,?))
Hibernate: select o1_0.order_id,c1_0.cust_id,c1_0.address,c1_0.email,c1_0.cust_name,c1_0.phone,o1_0.employee_id,e1_0.emp_id,e1_0.address,e1_0.dob,e1_0.email,e1_0.full_name,e1_0.phone,e1_0.status,o1_0.order_date,o2_0.order_id,o2_0.product_id,p1_0.product_id,p1_0.description,p1_0.manufacturer_name,p1_0.name,p1_0.status,p1_0.unit,o2_0.note,o2_0.price,o2_0.quantity from orders o1_0 left join customer c1_0 on c1_0.cust_id=o1_0.cust_id join employee e1_0 on e1_0.emp_id=o1_0.employee_id left join order_detail o2_0 on o1_0.order_id=o2_0.order_id left join product p1_0 on p1_0.product_id=o2_0.product_id where o1_0.order_id=?
Hibernate: select p1_0.product_id,p1_0.price_date_time,p1_0.note,p1_0.price from product_price p1_0 where p1_0.product_id=?
Hibernate: select p1_0.product_id,p1_0.image_id,p1_0.alternative,p1_0.path from product_image p1_0 where p1_0.product_id=?
Hibernate: select o1_0.product_id,o1_0.order_id,o2_0.order_id,c1_0.cust_id,c1_0.address,c1_0.email,c1_0.cust_name,c1_0.phone,o2_0.employee_id,e1_0.emp_id,e1_0.address,e1_0.dob,e1_0.email,e1_0.full_name,e1_0.phone,e1_0.status,o2_0.order_date,o1_0.note,o1_0.price,o1_0.quantity from order_detail o1_0 join orders o2_0 on o2_0.order_id=o1_0.order_id left join customer c1_0 on c1_0.cust_id=o2_0.cust_id left join employee e1_0 on e1_0.emp_id=o2_0.employee_id where o1_0.product_id=?
Hibernate: select l1_0.employee_id,l1_0.order_id,c1_0.cust_id,c1_0.address,c1_0.email,c1_0.cust_name,c1_0.phone,l1_0.order_date from orders l1_0 left join customer c1_0 on c1_0.cust_id=l1_0.cust_id where l1_0.employee_id=?
Hibernate: select p1_0.product_id,p1_0.description,p1_0.manufacturer_name,p1_0.name,p1_0.status,p1_0.unit,o1_0.product_id,o1_0.order_id,o2_0.order_id,c1_0.cust_id,c1_0.address,c1_0.email,c1_0.cust_name,c1_0.phone,o2_0.employee_id,e1_0.emp_id,e1_0.address,e1_0.dob,e1_0.email,e1_0.full_name,e1_0.phone,e1_0.status,o2_0.order_date,o1_0.note,o1_0.price,o1_0.quantity from product p1_0 left join order_detail o1_0 on p1_0.product_id=o1_0.product_id left join orders o2_0 on o2_0.order_id=o1_0.order_id left join customer c1_0 on c1_0.cust_id=o2_0.cust_id left join employee e1_0 on e1_0.emp_id=o2_0.employee_id where p1_0.product_id=?
Hibernate: select p1_0.product_id,p1_0.price_date_time,p1_0.note,p1_0.price from product_price p1_0 where p1_0.product_id=?
Hibernate: select p1_0.product_id,p1_0.image_id,p1_0.alternative,p1_0.path from product_image p1_0 where p1_0.product_id=?
Hibernate: insert into order_detail (note,price,quantity,order_id,product_id) values (?,?,?,?,?)
Hibernate: update orders set cust_id=?,employee_id=?,order_date=? where order_id=?
Hibernate: select p1_0.product_id,p1_0.description,p1_0.manufacturer_name,p1_0.name,p1_0.status,p1_0.unit from product p1_0 where p1_0.product_id=?
Hibernate: select o1_0.order_id,o2_0.order_id,c1_0.cust_id,c1_0.address,c1_0.email,c1_0.cust_name,c1_0.phone,o2_0.employee_id,e1_0.emp_id,e1_0.address,e1_0.dob,e1_0.email,e1_0.full_name,e1_0.phone,e1_0.status,o2_0.order_date,o1_0.product_id,p1_0.product_id,p1_0.description,p1_0.manufacturer_name,p1_0.name,p1_0.status,p1_0.unit,p2_0.product_id,p2_0.image_id,p2_0.alternative,p2_0.path,o1_0.note,o1_0.price,o1_0.quantity from order_detail o1_0 join orders o2_0 on o2_0.order_id=o1_0.order_id left join customer c1_0 on c1_0.cust_id=o2_0.cust_id left join employee e1_0 on e1_0.emp_id=o2_0.employee_id join product p1_0 on p1_0.product_id=o1_0.product_id left join product_image p2_0 on p1_0.product_id=p2_0.product_id where (o1_0.order_id,o1_0.product_id) in ((?,?))
Hibernate: select o1_0.order_id,c1_0.cust_id,c1_0.address,c1_0.email,c1_0.cust_name,c1_0.phone,o1_0.employee_id,e1_0.emp_id,e1_0.address,e1_0.dob,e1_0.email,e1_0.full_name,e1_0.phone,e1_0.status,o1_0.order_date,o2_0.order_id,o2_0.product_id,p1_0.product_id,p1_0.description,p1_0.manufacturer_name,p1_0.name,p1_0.status,p1_0.unit,o2_0.note,o2_0.price,o2_0.quantity from orders o1_0 left join customer c1_0 on c1_0.cust_id=o1_0.cust_id join employee e1_0 on e1_0.emp_id=o1_0.employee_id left join order_detail o2_0 on o1_0.order_id=o2_0.order_id left join product p1_0 on p1_0.product_id=o2_0.product_id where o1_0.order_id=?
Hibernate: select p1_0.product_id,p1_0.price_date_time,p1_0.note,p1_0.price from product_price p1_0 where p1_0.product_id=?
Hibernate: select p1_0.product_id,p1_0.image_id,p1_0.alternative,p1_0.path from product_image p1_0 where p1_0.product_id=?
Hibernate: select o1_0.product_id,o1_0.order_id,o2_0.order_id,c1_0.cust_id,c1_0.address,c1_0.email,c1_0.cust_name,c1_0.phone,o2_0.employee_id,e1_0.emp_id,e1_0.address,e1_0.dob,e1_0.email,e1_0.full_name,e1_0.phone,e1_0.status,o2_0.order_date,o1_0.note,o1_0.price,o1_0.quantity from order_detail o1_0 join orders o2_0 on o2_0.order_id=o1_0.order_id left join customer c1_0 on c1_0.cust_id=o2_0.cust_id left join employee e1_0 on e1_0.emp_id=o2_0.employee_id where o1_0.product_id=?
Hibernate: select p1_0.product_id,p1_0.price_date_time,p1_0.note,p1_0.price from product_price p1_0 where p1_0.product_id=?
Hibernate: select p1_0.product_id,p1_0.image_id,p1_0.alternative,p1_0.path from product_image p1_0 where p1_0.product_id=?
Hibernate: select o1_0.product_id,o1_0.order_id,o2_0.order_id,c1_0.cust_id,c1_0.address,c1_0.email,c1_0.cust_name,c1_0.phone,o2_0.employee_id,e1_0.emp_id,e1_0.address,e1_0.dob,e1_0.email,e1_0.full_name,e1_0.phone,e1_0.status,o2_0.order_date,o1_0.note,o1_0.price,o1_0.quantity from order_detail o1_0 join orders o2_0 on o2_0.order_id=o1_0.order_id left join customer c1_0 on c1_0.cust_id=o2_0.cust_id left join employee e1_0 on e1_0.emp_id=o2_0.employee_id where o1_0.product_id=?
Hibernate: select l1_0.employee_id,l1_0.order_id,c1_0.cust_id,c1_0.address,c1_0.email,c1_0.cust_name,c1_0.phone,l1_0.order_date from orders l1_0 left join customer c1_0 on c1_0.cust_id=l1_0.cust_id where l1_0.employee_id=?
Hibernate: select p1_0.product_id,p1_0.description,p1_0.manufacturer_name,p1_0.name,p1_0.status,p1_0.unit,o1_0.product_id,o1_0.order_id,o2_0.order_id,c1_0.cust_id,c1_0.address,c1_0.email,c1_0.cust_name,c1_0.phone,o2_0.employee_id,e1_0.emp_id,e1_0.address,e1_0.dob,e1_0.email,e1_0.full_name,e1_0.phone,e1_0.status,o2_0.order_date,o1_0.note,o1_0.price,o1_0.quantity from product p1_0 left join order_detail o1_0 on p1_0.product_id=o1_0.product_id left join orders o2_0 on o2_0.order_id=o1_0.order_id left join customer c1_0 on c1_0.cust_id=o2_0.cust_id left join employee e1_0 on e1_0.emp_id=o2_0.employee_id where p1_0.product_id=?
Hibernate: select o1_0.order_id,o1_0.product_id,p1_0.product_id,p1_0.description,p1_0.manufacturer_name,p1_0.name,p1_0.status,p1_0.unit,o1_0.note,o1_0.price,o1_0.quantity from order_detail o1_0 join product p1_0 on p1_0.product_id=o1_0.product_id where o1_0.order_id=?
Hibernate: select l1_0.employee_id,l1_0.order_id,c1_0.cust_id,c1_0.address,c1_0.email,c1_0.cust_name,c1_0.phone,l1_0.order_date from orders l1_0 left join customer c1_0 on c1_0.cust_id=l1_0.cust_id where l1_0.employee_id=?
Hibernate: select p1_0.product_id,p1_0.price_date_time,p1_0.note,p1_0.price from product_price p1_0 where p1_0.product_id=?
Hibernate: select p1_0.product_id,p1_0.image_id,p1_0.alternative,p1_0.path from product_image p1_0 where p1_0.product_id=?
Hibernate: select o1_0.order_id,o1_0.product_id,p1_0.product_id,p1_0.description,p1_0.manufacturer_name,p1_0.name,p1_0.status,p1_0.unit,o1_0.note,o1_0.price,o1_0.quantity from order_detail o1_0 join product p1_0 on p1_0.product_id=o1_0.product_id where o1_0.order_id=?
Hibernate: select l1_0.employee_id,l1_0.order_id,c1_0.cust_id,c1_0.address,c1_0.email,c1_0.cust_name,c1_0.phone,l1_0.order_date from orders l1_0 left join customer c1_0 on c1_0.cust_id=l1_0.cust_id where l1_0.employee_id=?
Hibernate: insert into order_detail (note,price,quantity,order_id,product_id) values (?,?,?,?,?)
Hibernate: update orders set cust_id=?,employee_id=?,order_date=? where order_id=?
Hibernate: select e1_0.emp_id,e1_0.address,e1_0.dob,e1_0.email,e1_0.full_name,e1_0.phone,e1_0.status from employee e1_0 where e1_0.emp_id=?
Hibernate: select c1_0.cust_id,c1_0.address,c1_0.email,c1_0.cust_name,c1_0.phone from customer c1_0 where c1_0.cust_id=?
Hibernate: select o1_0.order_id,c1_0.cust_id,c1_0.address,c1_0.email,c1_0.cust_name,c1_0.phone,o1_0.employee_id,e1_0.emp_id,e1_0.address,e1_0.dob,e1_0.email,e1_0.full_name,e1_0.phone,e1_0.status,o1_0.order_date,o2_0.order_id,o2_0.product_id,p1_0.product_id,p1_0.description,p1_0.manufacturer_name,p1_0.name,p1_0.status,p1_0.unit,o2_0.note,o2_0.price,o2_0.quantity from orders o1_0 left join customer c1_0 on c1_0.cust_id=o1_0.cust_id join employee e1_0 on e1_0.emp_id=o1_0.employee_id left join order_detail o2_0 on o1_0.order_id=o2_0.order_id left join product p1_0 on p1_0.product_id=o2_0.product_id where o1_0.order_id=?
Hibernate: select c1_0.cust_id,c1_0.address,c1_0.email,c1_0.cust_name,c1_0.phone from customer c1_0 where c1_0.cust_id=?
Hibernate: select e1_0.emp_id,e1_0.address,e1_0.dob,e1_0.email,e1_0.full_name,e1_0.phone,e1_0.status from employee e1_0 where e1_0.emp_id=?
Hibernate: insert into orders (cust_id,employee_id,order_date,order_id) values (?,?,?,default)
Hibernate: select p1_0.product_id,p1_0.description,p1_0.manufacturer_name,p1_0.name,p1_0.status,p1_0.unit from product p1_0 where p1_0.product_id=?
Hibernate: select o1_0.order_id,o2_0.order_id,c1_0.cust_id,c1_0.address,c1_0.email,c1_0.cust_name,c1_0.phone,o2_0.employee_id,e1_0.emp_id,e1_0.address,e1_0.dob,e1_0.email,e1_0.full_name,e1_0.phone,e1_0.status,o2_0.order_date,o1_0.product_id,p1_0.product_id,p1_0.description,p1_0.manufacturer_name,p1_0.name,p1_0.status,p1_0.unit,p2_0.product_id,p2_0.image_id,p2_0.alternative,p2_0.path,o1_0.note,o1_0.price,o1_0.quantity from order_detail o1_0 join orders o2_0 on o2_0.order_id=o1_0.order_id left join customer c1_0 on c1_0.cust_id=o2_0.cust_id left join employee e1_0 on e1_0.emp_id=o2_0.employee_id join product p1_0 on p1_0.product_id=o1_0.product_id left join product_image p2_0 on p1_0.product_id=p2_0.product_id where (o1_0.order_id,o1_0.product_id) in ((?,?))
Hibernate: select o1_0.order_id,c1_0.cust_id,c1_0.address,c1_0.email,c1_0.cust_name,c1_0.phone,o1_0.employee_id,e1_0.emp_id,e1_0.address,e1_0.dob,e1_0.email,e1_0.full_name,e1_0.phone,e1_0.status,o1_0.order_date,o2_0.order_id,o2_0.product_id,p1_0.product_id,p1_0.description,p1_0.manufacturer_name,p1_0.name,p1_0.status,p1_0.unit,o2_0.note,o2_0.price,o2_0.quantity from orders o1_0 left join customer c1_0 on c1_0.cust_id=o1_0.cust_id join employee e1_0 on e1_0.emp_id=o1_0.employee_id left join order_detail o2_0 on o1_0.order_id=o2_0.order_id left join product p1_0 on p1_0.product_id=o2_0.product_id where o1_0.order_id=?
Hibernate: select l1_0.employee_id,l1_0.order_id,c1_0.cust_id,c1_0.address,c1_0.email,c1_0.cust_name,c1_0.phone,l1_0.order_date from orders l1_0 left join customer c1_0 on c1_0.cust_id=l1_0.cust_id where l1_0.employee_id=?
Hibernate: select p1_0.product_id,p1_0.description,p1_0.manufacturer_name,p1_0.name,p1_0.status,p1_0.unit,o1_0.product_id,o1_0.order_id,o2_0.order_id,c1_0.cust_id,c1_0.address,c1_0.email,c1_0.cust_name,c1_0.phone,o2_0.employee_id,e1_0.emp_id,e1_0.address,e1_0.dob,e1_0.email,e1_0.full_name,e1_0.phone,e1_0.status,o2_0.order_date,o1_0.note,o1_0.price,o1_0.quantity from product p1_0 left join order_detail o1_0 on p1_0.product_id=o1_0.product_id left join orders o2_0 on o2_0.order_id=o1_0.order_id left join customer c1_0 on c1_0.cust_id=o2_0.cust_id left join employee e1_0 on e1_0.emp_id=o2_0.employee_id where p1_0.product_id=?
Hibernate: select p1_0.product_id,p1_0.price_date_time,p1_0.note,p1_0.price from product_price p1_0 where p1_0.product_id=?
Hibernate: select p1_0.product_id,p1_0.image_id,p1_0.alternative,p1_0.path from product_image p1_0 where p1_0.product_id=?
Hibernate: select o1_0.order_id,o1_0.product_id,p1_0.product_id,p1_0.description,p1_0.manufacturer_name,p1_0.name,p1_0.status,p1_0.unit,o1_0.note,o1_0.price,o1_0.quantity from order_detail o1_0 join product p1_0 on p1_0.product_id=o1_0.product_id where o1_0.order_id=?
Hibernate: select l1_0.employee_id,l1_0.order_id,c1_0.cust_id,c1_0.address,c1_0.email,c1_0.cust_name,c1_0.phone,l1_0.order_date from orders l1_0 left join customer c1_0 on c1_0.cust_id=l1_0.cust_id where l1_0.employee_id=?
Hibernate: insert into order_detail (note,price,quantity,order_id,product_id) values (?,?,?,?,?)
Hibernate: update orders set cust_id=?,employee_id=?,order_date=? where order_id=?
Hibernate: select p1_0.product_id,p1_0.description,p1_0.manufacturer_name,p1_0.name,p1_0.status,p1_0.unit from product p1_0 where p1_0.product_id=?
Hibernate: select o1_0.order_id,o2_0.order_id,c1_0.cust_id,c1_0.address,c1_0.email,c1_0.cust_name,c1_0.phone,o2_0.employee_id,e1_0.emp_id,e1_0.address,e1_0.dob,e1_0.email,e1_0.full_name,e1_0.phone,e1_0.status,o2_0.order_date,o1_0.product_id,p1_0.product_id,p1_0.description,p1_0.manufacturer_name,p1_0.name,p1_0.status,p1_0.unit,p2_0.product_id,p2_0.image_id,p2_0.alternative,p2_0.path,o1_0.note,o1_0.price,o1_0.quantity from order_detail o1_0 join orders o2_0 on o2_0.order_id=o1_0.order_id left join customer c1_0 on c1_0.cust_id=o2_0.cust_id left join employee e1_0 on e1_0.emp_id=o2_0.employee_id join product p1_0 on p1_0.product_id=o1_0.product_id left join product_image p2_0 on p1_0.product_id=p2_0.product_id where (o1_0.order_id,o1_0.product_id) in ((?,?))
Hibernate: select o1_0.order_id,c1_0.cust_id,c1_0.address,c1_0.email,c1_0.cust_name,c1_0.phone,o1_0.employee_id,e1_0.emp_id,e1_0.address,e1_0.dob,e1_0.email,e1_0.full_name,e1_0.phone,e1_0.status,o1_0.order_date,o2_0.order_id,o2_0.product_id,p1_0.product_id,p1_0.description,p1_0.manufacturer_name,p1_0.name,p1_0.status,p1_0.unit,o2_0.note,o2_0.price,o2_0.quantity from orders o1_0 left join customer c1_0 on c1_0.cust_id=o1_0.cust_id join employee e1_0 on e1_0.emp_id=o1_0.employee_id left join order_detail o2_0 on o1_0.order_id=o2_0.order_id left join product p1_0 on p1_0.product_id=o2_0.product_id where o1_0.order_id=?
Hibernate: select p1_0.product_id,p1_0.price_date_time,p1_0.note,p1_0.price from product_price p1_0 where p1_0.product_id=?
Hibernate: select p1_0.product_id,p1_0.image_id,p1_0.alternative,p1_0.path from product_image p1_0 where p1_0.product_id=?
Hibernate: select o1_0.product_id,o1_0.order_id,o2_0.order_id,c1_0.cust_id,c1_0.address,c1_0.email,c1_0.cust_name,c1_0.phone,o2_0.employee_id,e1_0.emp_id,e1_0.address,e1_0.dob,e1_0.email,e1_0.full_name,e1_0.phone,e1_0.status,o2_0.order_date,o1_0.note,o1_0.price,o1_0.quantity from order_detail o1_0 join orders o2_0 on o2_0.order_id=o1_0.order_id left join customer c1_0 on c1_0.cust_id=o2_0.cust_id left join employee e1_0 on e1_0.emp_id=o2_0.employee_id where o1_0.product_id=?
Hibernate: select l1_0.employee_id,l1_0.order_id,c1_0.cust_id,c1_0.address,c1_0.email,c1_0.cust_name,c1_0.phone,l1_0.order_date from orders l1_0 left join customer c1_0 on c1_0.cust_id=l1_0.cust_id where l1_0.employee_id=?
Hibernate: select p1_0.product_id,p1_0.description,p1_0.manufacturer_name,p1_0.name,p1_0.status,p1_0.unit,o1_0.product_id,o1_0.order_id,o2_0.order_id,c1_0.cust_id,c1_0.address,c1_0.email,c1_0.cust_name,c1_0.phone,o2_0.employee_id,e1_0.emp_id,e1_0.address,e1_0.dob,e1_0.email,e1_0.full_name,e1_0.phone,e1_0.status,o2_0.order_date,o1_0.note,o1_0.price,o1_0.quantity from product p1_0 left join order_detail o1_0 on p1_0.product_id=o1_0.product_id left join orders o2_0 on o2_0.order_id=o1_0.order_id left join customer c1_0 on c1_0.cust_id=o2_0.cust_id left join employee e1_0 on e1_0.emp_id=o2_0.employee_id where p1_0.product_id=?
Hibernate: select p1_0.product_id,p1_0.price_date_time,p1_0.note,p1_0.price from product_price p1_0 where p1_0.product_id=?
Hibernate: select p1_0.product_id,p1_0.image_id,p1_0.alternative,p1_0.path from product_image p1_0 where p1_0.product_id=?
Hibernate: insert into order_detail (note,price,quantity,order_id,product_id) values (?,?,?,?,?)
Hibernate: update orders set cust_id=?,employee_id=?,order_date=? where order_id=?
Hibernate: select p1_0.product_id,p1_0.description,p1_0.manufacturer_name,p1_0.name,p1_0.status,p1_0.unit from product p1_0 where p1_0.product_id=?
Hibernate: select o1_0.order_id,o2_0.order_id,c1_0.cust_id,c1_0.address,c1_0.email,c1_0.cust_name,c1_0.phone,o2_0.employee_id,e1_0.emp_id,e1_0.address,e1_0.dob,e1_0.email,e1_0.full_name,e1_0.phone,e1_0.status,o2_0.order_date,o1_0.product_id,p1_0.product_id,p1_0.description,p1_0.manufacturer_name,p1_0.name,p1_0.status,p1_0.unit,p2_0.product_id,p2_0.image_id,p2_0.alternative,p2_0.path,o1_0.note,o1_0.price,o1_0.quantity from order_detail o1_0 join orders o2_0 on o2_0.order_id=o1_0.order_id left join customer c1_0 on c1_0.cust_id=o2_0.cust_id left join employee e1_0 on e1_0.emp_id=o2_0.employee_id join product p1_0 on p1_0.product_id=o1_0.product_id left join product_image p2_0 on p1_0.product_id=p2_0.product_id where (o1_0.order_id,o1_0.product_id) in ((?,?))
Hibernate: select o1_0.order_id,c1_0.cust_id,c1_0.address,c1_0.email,c1_0.cust_name,c1_0.phone,o1_0.employee_id,e1_0.emp_id,e1_0.address,e1_0.dob,e1_0.email,e1_0.full_name,e1_0.phone,e1_0.status,o1_0.order_date,o2_0.order_id,o2_0.product_id,p1_0.product_id,p1_0.description,p1_0.manufacturer_name,p1_0.name,p1_0.status,p1_0.unit,o2_0.note,o2_0.price,o2_0.quantity from orders o1_0 left join customer c1_0 on c1_0.cust_id=o1_0.cust_id join employee e1_0 on e1_0.emp_id=o1_0.employee_id left join order_detail o2_0 on o1_0.order_id=o2_0.order_id left join product p1_0 on p1_0.product_id=o2_0.product_id where o1_0.order_id=?
Hibernate: select p1_0.product_id,p1_0.price_date_time,p1_0.note,p1_0.price from product_price p1_0 where p1_0.product_id=?
Hibernate: select p1_0.product_id,p1_0.image_id,p1_0.alternative,p1_0.path from product_image p1_0 where p1_0.product_id=?
Hibernate: select o1_0.product_id,o1_0.order_id,o2_0.order_id,c1_0.cust_id,c1_0.address,c1_0.email,c1_0.cust_name,c1_0.phone,o2_0.employee_id,e1_0.emp_id,e1_0.address,e1_0.dob,e1_0.email,e1_0.full_name,e1_0.phone,e1_0.status,o2_0.order_date,o1_0.note,o1_0.price,o1_0.quantity from order_detail o1_0 join orders o2_0 on o2_0.order_id=o1_0.order_id left join customer c1_0 on c1_0.cust_id=o2_0.cust_id left join employee e1_0 on e1_0.emp_id=o2_0.employee_id where o1_0.product_id=?
Hibernate: select p1_0.product_id,p1_0.price_date_time,p1_0.note,p1_0.price from product_price p1_0 where p1_0.product_id=?
Hibernate: select p1_0.product_id,p1_0.image_id,p1_0.alternative,p1_0.path from product_image p1_0 where p1_0.product_id=?
Hibernate: select o1_0.product_id,o1_0.order_id,o2_0.order_id,c1_0.cust_id,c1_0.address,c1_0.email,c1_0.cust_name,c1_0.phone,o2_0.employee_id,e1_0.emp_id,e1_0.address,e1_0.dob,e1_0.email,e1_0.full_name,e1_0.phone,e1_0.status,o2_0.order_date,o1_0.note,o1_0.price,o1_0.quantity from order_detail o1_0 join orders o2_0 on o2_0.order_id=o1_0.order_id left join customer c1_0 on c1_0.cust_id=o2_0.cust_id left join employee e1_0 on e1_0.emp_id=o2_0.employee_id where o1_0.product_id=?
Hibernate: select l1_0.employee_id,l1_0.order_id,c1_0.cust_id,c1_0.address,c1_0.email,c1_0.cust_name,c1_0.phone,l1_0.order_date from orders l1_0 left join customer c1_0 on c1_0.cust_id=l1_0.cust_id where l1_0.employee_id=?
Hibernate: select p1_0.product_id,p1_0.description,p1_0.manufacturer_name,p1_0.name,p1_0.status,p1_0.unit,o1_0.product_id,o1_0.order_id,o2_0.order_id,c1_0.cust_id,c1_0.address,c1_0.email,c1_0.cust_name,c1_0.phone,o2_0.employee_id,e1_0.emp_id,e1_0.address,e1_0.dob,e1_0.email,e1_0.full_name,e1_0.phone,e1_0.status,o2_0.order_date,o1_0.note,o1_0.price,o1_0.quantity from product p1_0 left join order_detail o1_0 on p1_0.product_id=o1_0.product_id left join orders o2_0 on o2_0.order_id=o1_0.order_id left join customer c1_0 on c1_0.cust_id=o2_0.cust_id left join employee e1_0 on e1_0.emp_id=o2_0.employee_id where p1_0.product_id=?
Hibernate: select p1_0.product_id,p1_0.price_date_time,p1_0.note,p1_0.price from product_price p1_0 where p1_0.product_id=?
Hibernate: select p1_0.product_id,p1_0.image_id,p1_0.alternative,p1_0.path from product_image p1_0 where p1_0.product_id=?
Hibernate: select o1_0.order_id,o1_0.product_id,p1_0.product_id,p1_0.description,p1_0.manufacturer_name,p1_0.name,p1_0.status,p1_0.unit,o1_0.note,o1_0.price,o1_0.quantity from order_detail o1_0 join product p1_0 on p1_0.product_id=o1_0.product_id where o1_0.order_id=?
Hibernate: insert into order_detail (note,price,quantity,order_id,product_id) values (?,?,?,?,?)
Hibernate: update orders set cust_id=?,employee_id=?,order_date=? where order_id=?
Hibernate: select e1_0.emp_id,e1_0.address,e1_0.dob,e1_0.email,e1_0.full_name,e1_0.phone,e1_0.status from employee e1_0 where e1_0.emp_id=?
Hibernate: select c1_0.cust_id,c1_0.address,c1_0.email,c1_0.cust_name,c1_0.phone from customer c1_0 where c1_0.cust_id=?
Hibernate: select o1_0.order_id,c1_0.cust_id,c1_0.address,c1_0.email,c1_0.cust_name,c1_0.phone,o1_0.employee_id,e1_0.emp_id,e1_0.address,e1_0.dob,e1_0.email,e1_0.full_name,e1_0.phone,e1_0.status,o1_0.order_date,o2_0.order_id,o2_0.product_id,p1_0.product_id,p1_0.description,p1_0.manufacturer_name,p1_0.name,p1_0.status,p1_0.unit,o2_0.note,o2_0.price,o2_0.quantity from orders o1_0 left join customer c1_0 on c1_0.cust_id=o1_0.cust_id join employee e1_0 on e1_0.emp_id=o1_0.employee_id left join order_detail o2_0 on o1_0.order_id=o2_0.order_id left join product p1_0 on p1_0.product_id=o2_0.product_id where o1_0.order_id=?
Hibernate: select c1_0.cust_id,c1_0.address,c1_0.email,c1_0.cust_name,c1_0.phone from customer c1_0 where c1_0.cust_id=?
Hibernate: select e1_0.emp_id,e1_0.address,e1_0.dob,e1_0.email,e1_0.full_name,e1_0.phone,e1_0.status from employee e1_0 where e1_0.emp_id=?
Hibernate: insert into orders (cust_id,employee_id,order_date,order_id) values (?,?,?,default)
Hibernate: select p1_0.product_id,p1_0.description,p1_0.manufacturer_name,p1_0.name,p1_0.status,p1_0.unit from product p1_0 where p1_0.product_id=?
Hibernate: select o1_0.order_id,o2_0.order_id,c1_0.cust_id,c1_0.address,c1_0.email,c1_0.cust_name,c1_0.phone,o2_0.employee_id,e1_0.emp_id,e1_0.address,e1_0.dob,e1_0.email,e1_0.full_name,e1_0.phone,e1_0.status,o2_0.order_date,o1_0.product_id,p1_0.product_id,p1_0.description,p1_0.manufacturer_name,p1_0.name,p1_0.status,p1_0.unit,p2_0.product_id,p2_0.image_id,p2_0.alternative,p2_0.path,o1_0.note,o1_0.price,o1_0.quantity from order_detail o1_0 join orders o2_0 on o2_0.order_id=o1_0.order_id left join customer c1_0 on c1_0.cust_id=o2_0.cust_id left join employee e1_0 on e1_0.emp_id=o2_0.employee_id join product p1_0 on p1_0.product_id=o1_0.product_id left join product_image p2_0 on p1_0.product_id=p2_0.product_id where (o1_0.order_id,o1_0.product_id) in ((?,?))
Hibernate: select o1_0.order_id,c1_0.cust_id,c1_0.address,c1_0.email,c1_0.cust_name,c1_0.phone,o1_0.employee_id,e1_0.emp_id,e1_0.address,e1_0.dob,e1_0.email,e1_0.full_name,e1_0.phone,e1_0.status,o1_0.order_date,o2_0.order_id,o2_0.product_id,p1_0.product_id,p1_0.description,p1_0.manufacturer_name,p1_0.name,p1_0.status,p1_0.unit,o2_0.note,o2_0.price,o2_0.quantity from orders o1_0 left join customer c1_0 on c1_0.cust_id=o1_0.cust_id join employee e1_0 on e1_0.emp_id=o1_0.employee_id left join order_detail o2_0 on o1_0.order_id=o2_0.order_id left join product p1_0 on p1_0.product_id=o2_0.product_id where o1_0.order_id=?
Hibernate: select l1_0.employee_id,l1_0.order_id,c1_0.cust_id,c1_0.address,c1_0.email,c1_0.cust_name,c1_0.phone,l1_0.order_date from orders l1_0 left join customer c1_0 on c1_0.cust_id=l1_0.cust_id where l1_0.employee_id=?
Hibernate: select p1_0.product_id,p1_0.description,p1_0.manufacturer_name,p1_0.name,p1_0.status,p1_0.unit,o1_0.product_id,o1_0.order_id,o2_0.order_id,c1_0.cust_id,c1_0.address,c1_0.email,c1_0.cust_name,c1_0.phone,o2_0.employee_id,e1_0.emp_id,e1_0.address,e1_0.dob,e1_0.email,e1_0.full_name,e1_0.phone,e1_0.status,o2_0.order_date,o1_0.note,o1_0.price,o1_0.quantity from product p1_0 left join order_detail o1_0 on p1_0.product_id=o1_0.product_id left join orders o2_0 on o2_0.order_id=o1_0.order_id left join customer c1_0 on c1_0.cust_id=o2_0.cust_id left join employee e1_0 on e1_0.emp_id=o2_0.employee_id where p1_0.product_id=?
Hibernate: select o1_0.order_id,o1_0.product_id,p1_0.product_id,p1_0.description,p1_0.manufacturer_name,p1_0.name,p1_0.status,p1_0.unit,o1_0.note,o1_0.price,o1_0.quantity from order_detail o1_0 join product p1_0 on p1_0.product_id=o1_0.product_id where o1_0.order_id=?
Hibernate: select p1_0.product_id,p1_0.price_date_time,p1_0.note,p1_0.price from product_price p1_0 where p1_0.product_id=?
Hibernate: select p1_0.product_id,p1_0.image_id,p1_0.alternative,p1_0.path from product_image p1_0 where p1_0.product_id=?
Hibernate: select o1_0.order_id,o1_0.product_id,p1_0.product_id,p1_0.description,p1_0.manufacturer_name,p1_0.name,p1_0.status,p1_0.unit,o1_0.note,o1_0.price,o1_0.quantity from order_detail o1_0 join product p1_0 on p1_0.product_id=o1_0.product_id where o1_0.order_id=?
Hibernate: select l1_0.employee_id,l1_0.order_id,c1_0.cust_id,c1_0.address,c1_0.email,c1_0.cust_name,c1_0.phone,l1_0.order_date from orders l1_0 left join customer c1_0 on c1_0.cust_id=l1_0.cust_id where l1_0.employee_id=?
Hibernate: insert into order_detail (note,price,quantity,order_id,product_id) values (?,?,?,?,?)
Hibernate: update orders set cust_id=?,employee_id=?,order_date=? where order_id=?
Hibernate: select p1_0.product_id,p1_0.description,p1_0.manufacturer_name,p1_0.name,p1_0.status,p1_0.unit from product p1_0 where p1_0.product_id=?
Hibernate: select o1_0.order_id,o2_0.order_id,c1_0.cust_id,c1_0.address,c1_0.email,c1_0.cust_name,c1_0.phone,o2_0.employee_id,e1_0.emp_id,e1_0.address,e1_0.dob,e1_0.email,e1_0.full_name,e1_0.phone,e1_0.status,o2_0.order_date,o1_0.product_id,p1_0.product_id,p1_0.description,p1_0.manufacturer_name,p1_0.name,p1_0.status,p1_0.unit,p2_0.product_id,p2_0.image_id,p2_0.alternative,p2_0.path,o1_0.note,o1_0.price,o1_0.quantity from order_detail o1_0 join orders o2_0 on o2_0.order_id=o1_0.order_id left join customer c1_0 on c1_0.cust_id=o2_0.cust_id left join employee e1_0 on e1_0.emp_id=o2_0.employee_id join product p1_0 on p1_0.product_id=o1_0.product_id left join product_image p2_0 on p1_0.product_id=p2_0.product_id where (o1_0.order_id,o1_0.product_id) in ((?,?))
Hibernate: select o1_0.order_id,c1_0.cust_id,c1_0.address,c1_0.email,c1_0.cust_name,c1_0.phone,o1_0.employee_id,e1_0.emp_id,e1_0.address,e1_0.dob,e1_0.email,e1_0.full_name,e1_0.phone,e1_0.status,o1_0.order_date,o2_0.order_id,o2_0.product_id,p1_0.product_id,p1_0.description,p1_0.manufacturer_name,p1_0.name,p1_0.status,p1_0.unit,o2_0.note,o2_0.price,o2_0.quantity from orders o1_0 left join customer c1_0 on c1_0.cust_id=o1_0.cust_id join employee e1_0 on e1_0.emp_id=o1_0.employee_id left join order_detail o2_0 on o1_0.order_id=o2_0.order_id left join product p1_0 on p1_0.product_id=o2_0.product_id where o1_0.order_id=?
Hibernate: select p1_0.product_id,p1_0.price_date_time,p1_0.note,p1_0.price from product_price p1_0 where p1_0.product_id=?
Hibernate: select p1_0.product_id,p1_0.image_id,p1_0.alternative,p1_0.path from product_image p1_0 where p1_0.product_id=?
Hibernate: select o1_0.product_id,o1_0.order_id,o2_0.order_id,c1_0.cust_id,c1_0.address,c1_0.email,c1_0.cust_name,c1_0.phone,o2_0.employee_id,e1_0.emp_id,e1_0.address,e1_0.dob,e1_0.email,e1_0.full_name,e1_0.phone,e1_0.status,o2_0.order_date,o1_0.note,o1_0.price,o1_0.quantity from order_detail o1_0 join orders o2_0 on o2_0.order_id=o1_0.order_id left join customer c1_0 on c1_0.cust_id=o2_0.cust_id left join employee e1_0 on e1_0.emp_id=o2_0.employee_id where o1_0.product_id=?
Hibernate: select l1_0.employee_id,l1_0.order_id,c1_0.cust_id,c1_0.address,c1_0.email,c1_0.cust_name,c1_0.phone,l1_0.order_date from orders l1_0 left join customer c1_0 on c1_0.cust_id=l1_0.cust_id where l1_0.employee_id=?
Hibernate: select p1_0.product_id,p1_0.description,p1_0.manufacturer_name,p1_0.name,p1_0.status,p1_0.unit,o1_0.product_id,o1_0.order_id,o2_0.order_id,c1_0.cust_id,c1_0.address,c1_0.email,c1_0.cust_name,c1_0.phone,o2_0.employee_id,e1_0.emp_id,e1_0.address,e1_0.dob,e1_0.email,e1_0.full_name,e1_0.phone,e1_0.status,o2_0.order_date,o1_0.note,o1_0.price,o1_0.quantity from product p1_0 left join order_detail o1_0 on p1_0.product_id=o1_0.product_id left join orders o2_0 on o2_0.order_id=o1_0.order_id left join customer c1_0 on c1_0.cust_id=o2_0.cust_id left join employee e1_0 on e1_0.emp_id=o2_0.employee_id where p1_0.product_id=?
Hibernate: select p1_0.product_id,p1_0.price_date_time,p1_0.note,p1_0.price from product_price p1_0 where p1_0.product_id=?
Hibernate: select p1_0.product_id,p1_0.image_id,p1_0.alternative,p1_0.path from product_image p1_0 where p1_0.product_id=?
Hibernate: select o1_0.order_id,o1_0.product_id,p1_0.product_id,p1_0.description,p1_0.manufacturer_name,p1_0.name,p1_0.status,p1_0.unit,o1_0.note,o1_0.price,o1_0.quantity from order_detail o1_0 join product p1_0 on p1_0.product_id=o1_0.product_id where o1_0.order_id=?
Hibernate: select l1_0.employee_id,l1_0.order_id,c1_0.cust_id,c1_0.address,c1_0.email,c1_0.cust_name,c1_0.phone,l1_0.order_date from orders l1_0 left join customer c1_0 on c1_0.cust_id=l1_0.cust_id where l1_0.employee_id=?
Hibernate: insert into order_detail (note,price,quantity,order_id,product_id) values (?,?,?,?,?)
Hibernate: update orders set cust_id=?,employee_id=?,order_date=? where order_id=?
Hibernate: select p1_0.product_id,p1_0.description,p1_0.manufacturer_name,p1_0.name,p1_0.status,p1_0.unit from product p1_0 where p1_0.product_id=?
Hibernate: select o1_0.order_id,o2_0.order_id,c1_0.cust_id,c1_0.address,c1_0.email,c1_0.cust_name,c1_0.phone,o2_0.employee_id,e1_0.emp_id,e1_0.address,e1_0.dob,e1_0.email,e1_0.full_name,e1_0.phone,e1_0.status,o2_0.order_date,o1_0.product_id,p1_0.product_id,p1_0.description,p1_0.manufacturer_name,p1_0.name,p1_0.status,p1_0.unit,p2_0.product_id,p2_0.image_id,p2_0.alternative,p2_0.path,o1_0.note,o1_0.price,o1_0.quantity from order_detail o1_0 join orders o2_0 on o2_0.order_id=o1_0.order_id left join customer c1_0 on c1_0.cust_id=o2_0.cust_id left join employee e1_0 on e1_0.emp_id=o2_0.employee_id join product p1_0 on p1_0.product_id=o1_0.product_id left join product_image p2_0 on p1_0.product_id=p2_0.product_id where (o1_0.order_id,o1_0.product_id) in ((?,?))
Hibernate: select p1_0.product_id,p1_0.price_date_time,p1_0.note,p1_0.price from product_price p1_0 where p1_0.product_id=?
Hibernate: select o1_0.product_id,o1_0.order_id,o2_0.order_id,c1_0.cust_id,c1_0.address,c1_0.email,c1_0.cust_name,c1_0.phone,o2_0.employee_id,e1_0.emp_id,e1_0.address,e1_0.dob,e1_0.email,e1_0.full_name,e1_0.phone,e1_0.status,o2_0.order_date,o1_0.note,o1_0.price,o1_0.quantity from order_detail o1_0 join orders o2_0 on o2_0.order_id=o1_0.order_id left join customer c1_0 on c1_0.cust_id=o2_0.cust_id left join employee e1_0 on e1_0.emp_id=o2_0.employee_id where o1_0.product_id=?
Hibernate: select o1_0.order_id,o1_0.product_id,p1_0.product_id,p1_0.description,p1_0.manufacturer_name,p1_0.name,p1_0.status,p1_0.unit,o1_0.note,o1_0.price,o1_0.quantity from order_detail o1_0 join product p1_0 on p1_0.product_id=o1_0.product_id where o1_0.order_id=?
Hibernate: select l1_0.employee_id,l1_0.order_id,c1_0.cust_id,c1_0.address,c1_0.email,c1_0.cust_name,c1_0.phone,l1_0.order_date from orders l1_0 left join customer c1_0 on c1_0.cust_id=l1_0.cust_id where l1_0.employee_id=?
Hibernate: update orders set cust_id=?,employee_id=?,order_date=? where order_id=?
Hibernate: update order_detail set note=?,price=?,quantity=? where order_id=? and product_id=?
Hibernate: select e1_0.emp_id,e1_0.address,e1_0.dob,e1_0.email,e1_0.full_name,e1_0.phone,e1_0.status from employee e1_0 where e1_0.emp_id=?
Hibernate: select c1_0.cust_id,c1_0.address,c1_0.email,c1_0.cust_name,c1_0.phone from customer c1_0 where c1_0.cust_id=?
Hibernate: select o1_0.order_id,c1_0.cust_id,c1_0.address,c1_0.email,c1_0.cust_name,c1_0.phone,o1_0.employee_id,e1_0.emp_id,e1_0.address,e1_0.dob,e1_0.email,e1_0.full_name,e1_0.phone,e1_0.status,o1_0.order_date,o2_0.order_id,o2_0.product_id,p1_0.product_id,p1_0.description,p1_0.manufacturer_name,p1_0.name,p1_0.status,p1_0.unit,o2_0.note,o2_0.price,o2_0.quantity from orders o1_0 left join customer c1_0 on c1_0.cust_id=o1_0.cust_id join employee e1_0 on e1_0.emp_id=o1_0.employee_id left join order_detail o2_0 on o1_0.order_id=o2_0.order_id left join product p1_0 on p1_0.product_id=o2_0.product_id where o1_0.order_id=?
Hibernate: select c1_0.cust_id,c1_0.address,c1_0.email,c1_0.cust_name,c1_0.phone from customer c1_0 where c1_0.cust_id=?
Hibernate: select e1_0.emp_id,e1_0.address,e1_0.dob,e1_0.email,e1_0.full_name,e1_0.phone,e1_0.status from employee e1_0 where e1_0.emp_id=?
Hibernate: insert into orders (cust_id,employee_id,order_date,order_id) values (?,?,?,default)
Hibernate: select p1_0.product_id,p1_0.description,p1_0.manufacturer_name,p1_0.name,p1_0.status,p1_0.unit from product p1_0 where p1_0.product_id=?
Hibernate: select o1_0.order_id,o2_0.order_id,c1_0.cust_id,c1_0.address,c1_0.email,c1_0.cust_name,c1_0.phone,o2_0.employee_id,e1_0.emp_id,e1_0.address,e1_0.dob,e1_0.email,e1_0.full_name,e1_0.phone,e1_0.status,o2_0.order_date,o1_0.product_id,p1_0.product_id,p1_0.description,p1_0.manufacturer_name,p1_0.name,p1_0.status,p1_0.unit,p2_0.product_id,p2_0.image_id,p2_0.alternative,p2_0.path,o1_0.note,o1_0.price,o1_0.quantity from order_detail o1_0 join orders o2_0 on o2_0.order_id=o1_0.order_id left join customer c1_0 on c1_0.cust_id=o2_0.cust_id left join employee e1_0 on e1_0.emp_id=o2_0.employee_id join product p1_0 on p1_0.product_id=o1_0.product_id left join product_image p2_0 on p1_0.product_id=p2_0.product_id where (o1_0.order_id,o1_0.product_id) in ((?,?))
Hibernate: select o1_0.order_id,c1_0.cust_id,c1_0.address,c1_0.email,c1_0.cust_name,c1_0.phone,o1_0.employee_id,e1_0.emp_id,e1_0.address,e1_0.dob,e1_0.email,e1_0.full_name,e1_0.phone,e1_0.status,o1_0.order_date,o2_0.order_id,o2_0.product_id,p1_0.product_id,p1_0.description,p1_0.manufacturer_name,p1_0.name,p1_0.status,p1_0.unit,o2_0.note,o2_0.price,o2_0.quantity from orders o1_0 left join customer c1_0 on c1_0.cust_id=o1_0.cust_id join employee e1_0 on e1_0.emp_id=o1_0.employee_id left join order_detail o2_0 on o1_0.order_id=o2_0.order_id left join product p1_0 on p1_0.product_id=o2_0.product_id where o1_0.order_id=?
Hibernate: select l1_0.employee_id,l1_0.order_id,c1_0.cust_id,c1_0.address,c1_0.email,c1_0.cust_name,c1_0.phone,l1_0.order_date from orders l1_0 left join customer c1_0 on c1_0.cust_id=l1_0.cust_id where l1_0.employee_id=?
Hibernate: select p1_0.product_id,p1_0.description,p1_0.manufacturer_name,p1_0.name,p1_0.status,p1_0.unit,o1_0.product_id,o1_0.order_id,o2_0.order_id,c1_0.cust_id,c1_0.address,c1_0.email,c1_0.cust_name,c1_0.phone,o2_0.employee_id,e1_0.emp_id,e1_0.address,e1_0.dob,e1_0.email,e1_0.full_name,e1_0.phone,e1_0.status,o2_0.order_date,o1_0.note,o1_0.price,o1_0.quantity from product p1_0 left join order_detail o1_0 on p1_0.product_id=o1_0.product_id left join orders o2_0 on o2_0.order_id=o1_0.order_id left join customer c1_0 on c1_0.cust_id=o2_0.cust_id left join employee e1_0 on e1_0.emp_id=o2_0.employee_id where p1_0.product_id=?
Hibernate: select p1_0.product_id,p1_0.price_date_time,p1_0.note,p1_0.price from product_price p1_0 where p1_0.product_id=?
Hibernate: select p1_0.product_id,p1_0.image_id,p1_0.alternative,p1_0.path from product_image p1_0 where p1_0.product_id=?
Hibernate: select o1_0.order_id,o1_0.product_id,p1_0.product_id,p1_0.description,p1_0.manufacturer_name,p1_0.name,p1_0.status,p1_0.unit,o1_0.note,o1_0.price,o1_0.quantity from order_detail o1_0 join product p1_0 on p1_0.product_id=o1_0.product_id where o1_0.order_id=?
Hibernate: select l1_0.employee_id,l1_0.order_id,c1_0.cust_id,c1_0.address,c1_0.email,c1_0.cust_name,c1_0.phone,l1_0.order_date from orders l1_0 left join customer c1_0 on c1_0.cust_id=l1_0.cust_id where l1_0.employee_id=?
Hibernate: insert into order_detail (note,price,quantity,order_id,product_id) values (?,?,?,?,?)
Hibernate: update orders set cust_id=?,employee_id=?,order_date=? where order_id=?
Hibernate: select p1_0.product_id,p1_0.description,p1_0.manufacturer_name,p1_0.name,p1_0.status,p1_0.unit from product p1_0 where p1_0.product_id=?
Hibernate: select o1_0.order_id,o2_0.order_id,c1_0.cust_id,c1_0.address,c1_0.email,c1_0.cust_name,c1_0.phone,o2_0.employee_id,e1_0.emp_id,e1_0.address,e1_0.dob,e1_0.email,e1_0.full_name,e1_0.phone,e1_0.status,o2_0.order_date,o1_0.product_id,p1_0.product_id,p1_0.description,p1_0.manufacturer_name,p1_0.name,p1_0.status,p1_0.unit,p2_0.product_id,p2_0.image_id,p2_0.alternative,p2_0.path,o1_0.note,o1_0.price,o1_0.quantity from order_detail o1_0 join orders o2_0 on o2_0.order_id=o1_0.order_id left join customer c1_0 on c1_0.cust_id=o2_0.cust_id left join employee e1_0 on e1_0.emp_id=o2_0.employee_id join product p1_0 on p1_0.product_id=o1_0.product_id left join product_image p2_0 on p1_0.product_id=p2_0.product_id where (o1_0.order_id,o1_0.product_id) in ((?,?))
Hibernate: select o1_0.order_id,c1_0.cust_id,c1_0.address,c1_0.email,c1_0.cust_name,c1_0.phone,o1_0.employee_id,e1_0.emp_id,e1_0.address,e1_0.dob,e1_0.email,e1_0.full_name,e1_0.phone,e1_0.status,o1_0.order_date,o2_0.order_id,o2_0.product_id,p1_0.product_id,p1_0.description,p1_0.manufacturer_name,p1_0.name,p1_0.status,p1_0.unit,o2_0.note,o2_0.price,o2_0.quantity from orders o1_0 left join customer c1_0 on c1_0.cust_id=o1_0.cust_id join employee e1_0 on e1_0.emp_id=o1_0.employee_id left join order_detail o2_0 on o1_0.order_id=o2_0.order_id left join product p1_0 on p1_0.product_id=o2_0.product_id where o1_0.order_id=?
Hibernate: select p1_0.product_id,p1_0.price_date_time,p1_0.note,p1_0.price from product_price p1_0 where p1_0.product_id=?
Hibernate: select p1_0.product_id,p1_0.image_id,p1_0.alternative,p1_0.path from product_image p1_0 where p1_0.product_id=?
Hibernate: select o1_0.product_id,o1_0.order_id,o2_0.order_id,c1_0.cust_id,c1_0.address,c1_0.email,c1_0.cust_name,c1_0.phone,o2_0.employee_id,e1_0.emp_id,e1_0.address,e1_0.dob,e1_0.email,e1_0.full_name,e1_0.phone,e1_0.status,o2_0.order_date,o1_0.note,o1_0.price,o1_0.quantity from order_detail o1_0 join orders o2_0 on o2_0.order_id=o1_0.order_id left join customer c1_0 on c1_0.cust_id=o2_0.cust_id left join employee e1_0 on e1_0.emp_id=o2_0.employee_id where o1_0.product_id=?
Hibernate: select l1_0.employee_id,l1_0.order_id,c1_0.cust_id,c1_0.address,c1_0.email,c1_0.cust_name,c1_0.phone,l1_0.order_date from orders l1_0 left join customer c1_0 on c1_0.cust_id=l1_0.cust_id where l1_0.employee_id=?
Hibernate: select p1_0.product_id,p1_0.description,p1_0.manufacturer_name,p1_0.name,p1_0.status,p1_0.unit,o1_0.product_id,o1_0.order_id,o2_0.order_id,c1_0.cust_id,c1_0.address,c1_0.email,c1_0.cust_name,c1_0.phone,o2_0.employee_id,e1_0.emp_id,e1_0.address,e1_0.dob,e1_0.email,e1_0.full_name,e1_0.phone,e1_0.status,o2_0.order_date,o1_0.note,o1_0.price,o1_0.quantity from product p1_0 left join order_detail o1_0 on p1_0.product_id=o1_0.product_id left join orders o2_0 on o2_0.order_id=o1_0.order_id left join customer c1_0 on c1_0.cust_id=o2_0.cust_id left join employee e1_0 on e1_0.emp_id=o2_0.employee_id where p1_0.product_id=?
Hibernate: select p1_0.product_id,p1_0.price_date_time,p1_0.note,p1_0.price from product_price p1_0 where p1_0.product_id=?
Hibernate: select p1_0.product_id,p1_0.image_id,p1_0.alternative,p1_0.path from product_image p1_0 where p1_0.product_id=?
Hibernate: insert into order_detail (note,price,quantity,order_id,product_id) values (?,?,?,?,?)
Hibernate: update orders set cust_id=?,employee_id=?,order_date=? where order_id=?
Hibernate: select p1_0.product_id,p1_0.description,p1_0.manufacturer_name,p1_0.name,p1_0.status,p1_0.unit from product p1_0 where p1_0.product_id=?
Hibernate: select o1_0.order_id,o2_0.order_id,c1_0.cust_id,c1_0.address,c1_0.email,c1_0.cust_name,c1_0.phone,o2_0.employee_id,e1_0.emp_id,e1_0.address,e1_0.dob,e1_0.email,e1_0.full_name,e1_0.phone,e1_0.status,o2_0.order_date,o1_0.product_id,p1_0.product_id,p1_0.description,p1_0.manufacturer_name,p1_0.name,p1_0.status,p1_0.unit,p2_0.product_id,p2_0.image_id,p2_0.alternative,p2_0.path,o1_0.note,o1_0.price,o1_0.quantity from order_detail o1_0 join orders o2_0 on o2_0.order_id=o1_0.order_id left join customer c1_0 on c1_0.cust_id=o2_0.cust_id left join employee e1_0 on e1_0.emp_id=o2_0.employee_id join product p1_0 on p1_0.product_id=o1_0.product_id left join product_image p2_0 on p1_0.product_id=p2_0.product_id where (o1_0.order_id,o1_0.product_id) in ((?,?))
Hibernate: select o1_0.order_id,c1_0.cust_id,c1_0.address,c1_0.email,c1_0.cust_name,c1_0.phone,o1_0.employee_id,e1_0.emp_id,e1_0.address,e1_0.dob,e1_0.email,e1_0.full_name,e1_0.phone,e1_0.status,o1_0.order_date,o2_0.order_id,o2_0.product_id,p1_0.product_id,p1_0.description,p1_0.manufacturer_name,p1_0.name,p1_0.status,p1_0.unit,o2_0.note,o2_0.price,o2_0.quantity from orders o1_0 left join customer c1_0 on c1_0.cust_id=o1_0.cust_id join employee e1_0 on e1_0.emp_id=o1_0.employee_id left join order_detail o2_0 on o1_0.order_id=o2_0.order_id left join product p1_0 on p1_0.product_id=o2_0.product_id where o1_0.order_id=?
Hibernate: select p1_0.product_id,p1_0.price_date_time,p1_0.note,p1_0.price from product_price p1_0 where p1_0.product_id=?
Hibernate: select p1_0.product_id,p1_0.image_id,p1_0.alternative,p1_0.path from product_image p1_0 where p1_0.product_id=?
Hibernate: select o1_0.product_id,o1_0.order_id,o2_0.order_id,c1_0.cust_id,c1_0.address,c1_0.email,c1_0.cust_name,c1_0.phone,o2_0.employee_id,e1_0.emp_id,e1_0.address,e1_0.dob,e1_0.email,e1_0.full_name,e1_0.phone,e1_0.status,o2_0.order_date,o1_0.note,o1_0.price,o1_0.quantity from order_detail o1_0 join orders o2_0 on o2_0.order_id=o1_0.order_id left join customer c1_0 on c1_0.cust_id=o2_0.cust_id left join employee e1_0 on e1_0.emp_id=o2_0.employee_id where o1_0.product_id=?
Hibernate: select p1_0.product_id,p1_0.price_date_time,p1_0.note,p1_0.price from product_price p1_0 where p1_0.product_id=?
Hibernate: select p1_0.product_id,p1_0.image_id,p1_0.alternative,p1_0.path from product_image p1_0 where p1_0.product_id=?
Hibernate: select o1_0.product_id,o1_0.order_id,o2_0.order_id,c1_0.cust_id,c1_0.address,c1_0.email,c1_0.cust_name,c1_0.phone,o2_0.employee_id,e1_0.emp_id,e1_0.address,e1_0.dob,e1_0.email,e1_0.full_name,e1_0.phone,e1_0.status,o2_0.order_date,o1_0.note,o1_0.price,o1_0.quantity from order_detail o1_0 join orders o2_0 on o2_0.order_id=o1_0.order_id left join customer c1_0 on c1_0.cust_id=o2_0.cust_id left join employee e1_0 on e1_0.emp_id=o2_0.employee_id where o1_0.product_id=?
Hibernate: select l1_0.employee_id,l1_0.order_id,c1_0.cust_id,c1_0.address,c1_0.email,c1_0.cust_name,c1_0.phone,l1_0.order_date from orders l1_0 left join customer c1_0 on c1_0.cust_id=l1_0.cust_id where l1_0.employee_id=?
Hibernate: select p1_0.product_id,p1_0.description,p1_0.manufacturer_name,p1_0.name,p1_0.status,p1_0.unit,o1_0.product_id,o1_0.order_id,o2_0.order_id,c1_0.cust_id,c1_0.address,c1_0.email,c1_0.cust_name,c1_0.phone,o2_0.employee_id,e1_0.emp_id,e1_0.address,e1_0.dob,e1_0.email,e1_0.full_name,e1_0.phone,e1_0.status,o2_0.order_date,o1_0.note,o1_0.price,o1_0.quantity from product p1_0 left join order_detail o1_0 on p1_0.product_id=o1_0.product_id left join orders o2_0 on o2_0.order_id=o1_0.order_id left join customer c1_0 on c1_0.cust_id=o2_0.cust_id left join employee e1_0 on e1_0.emp_id=o2_0.employee_id where p1_0.product_id=?
Hibernate: select o1_0.order_id,o1_0.product_id,p1_0.product_id,p1_0.description,p1_0.manufacturer_name,p1_0.name,p1_0.status,p1_0.unit,o1_0.note,o1_0.price,o1_0.quantity from order_detail o1_0 join product p1_0 on p1_0.product_id=o1_0.product_id where o1_0.order_id=?
Hibernate: select o1_0.order_id,o1_0.product_id,p1_0.product_id,p1_0.description,p1_0.manufacturer_name,p1_0.name,p1_0.status,p1_0.unit,o1_0.note,o1_0.price,o1_0.quantity from order_detail o1_0 join product p1_0 on p1_0.product_id=o1_0.product_id where o1_0.order_id=?
Hibernate: select l1_0.employee_id,l1_0.order_id,c1_0.cust_id,c1_0.address,c1_0.email,c1_0.cust_name,c1_0.phone,l1_0.order_date from orders l1_0 left join customer c1_0 on c1_0.cust_id=l1_0.cust_id where l1_0.employee_id=?
Hibernate: select p1_0.product_id,p1_0.price_date_time,p1_0.note,p1_0.price from product_price p1_0 where p1_0.product_id=?
Hibernate: select p1_0.product_id,p1_0.image_id,p1_0.alternative,p1_0.path from product_image p1_0 where p1_0.product_id=?
Hibernate: select o1_0.order_id,o1_0.product_id,p1_0.product_id,p1_0.description,p1_0.manufacturer_name,p1_0.name,p1_0.status,p1_0.unit,o1_0.note,o1_0.price,o1_0.quantity from order_detail o1_0 join product p1_0 on p1_0.product_id=o1_0.product_id where o1_0.order_id=?
Hibernate: select l1_0.employee_id,l1_0.order_id,c1_0.cust_id,c1_0.address,c1_0.email,c1_0.cust_name,c1_0.phone,l1_0.order_date from orders l1_0 left join customer c1_0 on c1_0.cust_id=l1_0.cust_id where l1_0.employee_id=?
Hibernate: insert into order_detail (note,price,quantity,order_id,product_id) values (?,?,?,?,?)
Hibernate: update orders set cust_id=?,employee_id=?,order_date=? where order_id=?
Hibernate: select e1_0.emp_id,e1_0.address,e1_0.dob,e1_0.email,e1_0.full_name,e1_0.phone,e1_0.status from employee e1_0 where e1_0.emp_id=?
Hibernate: select c1_0.cust_id,c1_0.address,c1_0.email,c1_0.cust_name,c1_0.phone from customer c1_0 where c1_0.cust_id=?
Hibernate: select o1_0.order_id,c1_0.cust_id,c1_0.address,c1_0.email,c1_0.cust_name,c1_0.phone,o1_0.employee_id,e1_0.emp_id,e1_0.address,e1_0.dob,e1_0.email,e1_0.full_name,e1_0.phone,e1_0.status,o1_0.order_date,o2_0.order_id,o2_0.product_id,p1_0.product_id,p1_0.description,p1_0.manufacturer_name,p1_0.name,p1_0.status,p1_0.unit,o2_0.note,o2_0.price,o2_0.quantity from orders o1_0 left join customer c1_0 on c1_0.cust_id=o1_0.cust_id join employee e1_0 on e1_0.emp_id=o1_0.employee_id left join order_detail o2_0 on o1_0.order_id=o2_0.order_id left join product p1_0 on p1_0.product_id=o2_0.product_id where o1_0.order_id=?
Hibernate: select c1_0.cust_id,c1_0.address,c1_0.email,c1_0.cust_name,c1_0.phone from customer c1_0 where c1_0.cust_id=?
Hibernate: select e1_0.emp_id,e1_0.address,e1_0.dob,e1_0.email,e1_0.full_name,e1_0.phone,e1_0.status from employee e1_0 where e1_0.emp_id=?
Hibernate: insert into orders (cust_id,employee_id,order_date,order_id) values (?,?,?,default)
Hibernate: select p1_0.product_id,p1_0.description,p1_0.manufacturer_name,p1_0.name,p1_0.status,p1_0.unit from product p1_0 where p1_0.product_id=?
Hibernate: select o1_0.order_id,o2_0.order_id,c1_0.cust_id,c1_0.address,c1_0.email,c1_0.cust_name,c1_0.phone,o2_0.employee_id,e1_0.emp_id,e1_0.address,e1_0.dob,e1_0.email,e1_0.full_name,e1_0.phone,e1_0.status,o2_0.order_date,o1_0.product_id,p1_0.product_id,p1_0.description,p1_0.manufacturer_name,p1_0.name,p1_0.status,p1_0.unit,p2_0.product_id,p2_0.image_id,p2_0.alternative,p2_0.path,o1_0.note,o1_0.price,o1_0.quantity from order_detail o1_0 join orders o2_0 on o2_0.order_id=o1_0.order_id left join customer c1_0 on c1_0.cust_id=o2_0.cust_id left join employee e1_0 on e1_0.emp_id=o2_0.employee_id join product p1_0 on p1_0.product_id=o1_0.product_id left join product_image p2_0 on p1_0.product_id=p2_0.product_id where (o1_0.order_id,o1_0.product_id) in ((?,?))
Hibernate: select o1_0.order_id,c1_0.cust_id,c1_0.address,c1_0.email,c1_0.cust_name,c1_0.phone,o1_0.employee_id,e1_0.emp_id,e1_0.address,e1_0.dob,e1_0.email,e1_0.full_name,e1_0.phone,e1_0.status,o1_0.order_date,o2_0.order_id,o2_0.product_id,p1_0.product_id,p1_0.description,p1_0.manufacturer_name,p1_0.name,p1_0.status,p1_0.unit,o2_0.note,o2_0.price,o2_0.quantity from orders o1_0 left join customer c1_0 on c1_0.cust_id=o1_0.cust_id join employee e1_0 on e1_0.emp_id=o1_0.employee_id left join order_detail o2_0 on o1_0.order_id=o2_0.order_id left join product p1_0 on p1_0.product_id=o2_0.product_id where o1_0.order_id=?
Hibernate: select l1_0.employee_id,l1_0.order_id,c1_0.cust_id,c1_0.address,c1_0.email,c1_0.cust_name,c1_0.phone,l1_0.order_date from orders l1_0 left join customer c1_0 on c1_0.cust_id=l1_0.cust_id where l1_0.employee_id=?
Hibernate: select p1_0.product_id,p1_0.description,p1_0.manufacturer_name,p1_0.name,p1_0.status,p1_0.unit,o1_0.product_id,o1_0.order_id,o2_0.order_id,c1_0.cust_id,c1_0.address,c1_0.email,c1_0.cust_name,c1_0.phone,o2_0.employee_id,e1_0.emp_id,e1_0.address,e1_0.dob,e1_0.email,e1_0.full_name,e1_0.phone,e1_0.status,o2_0.order_date,o1_0.note,o1_0.price,o1_0.quantity from product p1_0 left join order_detail o1_0 on p1_0.product_id=o1_0.product_id left join orders o2_0 on o2_0.order_id=o1_0.order_id left join customer c1_0 on c1_0.cust_id=o2_0.cust_id left join employee e1_0 on e1_0.emp_id=o2_0.employee_id where p1_0.product_id=?
Hibernate: select p1_0.product_id,p1_0.price_date_time,p1_0.note,p1_0.price from product_price p1_0 where p1_0.product_id=?
Hibernate: select p1_0.product_id,p1_0.image_id,p1_0.alternative,p1_0.path from product_image p1_0 where p1_0.product_id=?
Hibernate: insert into order_detail (note,price,quantity,order_id,product_id) values (?,?,?,?,?)
Hibernate: update orders set cust_id=?,employee_id=?,order_date=? where order_id=?
Hibernate: select p1_0.product_id,p1_0.description,p1_0.manufacturer_name,p1_0.name,p1_0.status,p1_0.unit from product p1_0 where p1_0.product_id=?
Hibernate: select o1_0.order_id,o2_0.order_id,c1_0.cust_id,c1_0.address,c1_0.email,c1_0.cust_name,c1_0.phone,o2_0.employee_id,e1_0.emp_id,e1_0.address,e1_0.dob,e1_0.email,e1_0.full_name,e1_0.phone,e1_0.status,o2_0.order_date,o1_0.product_id,p1_0.product_id,p1_0.description,p1_0.manufacturer_name,p1_0.name,p1_0.status,p1_0.unit,p2_0.product_id,p2_0.image_id,p2_0.alternative,p2_0.path,o1_0.note,o1_0.price,o1_0.quantity from order_detail o1_0 join orders o2_0 on o2_0.order_id=o1_0.order_id left join customer c1_0 on c1_0.cust_id=o2_0.cust_id left join employee e1_0 on e1_0.emp_id=o2_0.employee_id join product p1_0 on p1_0.product_id=o1_0.product_id left join product_image p2_0 on p1_0.product_id=p2_0.product_id where (o1_0.order_id,o1_0.product_id) in ((?,?))
Hibernate: select o1_0.order_id,c1_0.cust_id,c1_0.address,c1_0.email,c1_0.cust_name,c1_0.phone,o1_0.employee_id,e1_0.emp_id,e1_0.address,e1_0.dob,e1_0.email,e1_0.full_name,e1_0.phone,e1_0.status,o1_0.order_date,o2_0.order_id,o2_0.product_id,p1_0.product_id,p1_0.description,p1_0.manufacturer_name,p1_0.name,p1_0.status,p1_0.unit,o2_0.note,o2_0.price,o2_0.quantity from orders o1_0 left join customer c1_0 on c1_0.cust_id=o1_0.cust_id join employee e1_0 on e1_0.emp_id=o1_0.employee_id left join order_detail o2_0 on o1_0.order_id=o2_0.order_id left join product p1_0 on p1_0.product_id=o2_0.product_id where o1_0.order_id=?
Hibernate: select p1_0.product_id,p1_0.price_date_time,p1_0.note,p1_0.price from product_price p1_0 where p1_0.product_id=?
Hibernate: select p1_0.product_id,p1_0.image_id,p1_0.alternative,p1_0.path from product_image p1_0 where p1_0.product_id=?
Hibernate: select o1_0.product_id,o1_0.order_id,o2_0.order_id,c1_0.cust_id,c1_0.address,c1_0.email,c1_0.cust_name,c1_0.phone,o2_0.employee_id,e1_0.emp_id,e1_0.address,e1_0.dob,e1_0.email,e1_0.full_name,e1_0.phone,e1_0.status,o2_0.order_date,o1_0.note,o1_0.price,o1_0.quantity from order_detail o1_0 join orders o2_0 on o2_0.order_id=o1_0.order_id left join customer c1_0 on c1_0.cust_id=o2_0.cust_id left join employee e1_0 on e1_0.emp_id=o2_0.employee_id where o1_0.product_id=?
Hibernate: select l1_0.employee_id,l1_0.order_id,c1_0.cust_id,c1_0.address,c1_0.email,c1_0.cust_name,c1_0.phone,l1_0.order_date from orders l1_0 left join customer c1_0 on c1_0.cust_id=l1_0.cust_id where l1_0.employee_id=?
Hibernate: select p1_0.product_id,p1_0.description,p1_0.manufacturer_name,p1_0.name,p1_0.status,p1_0.unit,o1_0.product_id,o1_0.order_id,o2_0.order_id,c1_0.cust_id,c1_0.address,c1_0.email,c1_0.cust_name,c1_0.phone,o2_0.employee_id,e1_0.emp_id,e1_0.address,e1_0.dob,e1_0.email,e1_0.full_name,e1_0.phone,e1_0.status,o2_0.order_date,o1_0.note,o1_0.price,o1_0.quantity from product p1_0 left join order_detail o1_0 on p1_0.product_id=o1_0.product_id left join orders o2_0 on o2_0.order_id=o1_0.order_id left join customer c1_0 on c1_0.cust_id=o2_0.cust_id left join employee e1_0 on e1_0.emp_id=o2_0.employee_id where p1_0.product_id=?
Hibernate: select p1_0.product_id,p1_0.price_date_time,p1_0.note,p1_0.price from product_price p1_0 where p1_0.product_id=?
Hibernate: select p1_0.product_id,p1_0.image_id,p1_0.alternative,p1_0.path from product_image p1_0 where p1_0.product_id=?
Hibernate: insert into order_detail (note,price,quantity,order_id,product_id) values (?,?,?,?,?)
Hibernate: update orders set cust_id=?,employee_id=?,order_date=? where order_id=?
Hibernate: select p1_0.product_id,p1_0.description,p1_0.manufacturer_name,p1_0.name,p1_0.status,p1_0.unit from product p1_0 where p1_0.product_id=?
Hibernate: select o1_0.order_id,o2_0.order_id,c1_0.cust_id,c1_0.address,c1_0.email,c1_0.cust_name,c1_0.phone,o2_0.employee_id,e1_0.emp_id,e1_0.address,e1_0.dob,e1_0.email,e1_0.full_name,e1_0.phone,e1_0.status,o2_0.order_date,o1_0.product_id,p1_0.product_id,p1_0.description,p1_0.manufacturer_name,p1_0.name,p1_0.status,p1_0.unit,p2_0.product_id,p2_0.image_id,p2_0.alternative,p2_0.path,o1_0.note,o1_0.price,o1_0.quantity from order_detail o1_0 join orders o2_0 on o2_0.order_id=o1_0.order_id left join customer c1_0 on c1_0.cust_id=o2_0.cust_id left join employee e1_0 on e1_0.emp_id=o2_0.employee_id join product p1_0 on p1_0.product_id=o1_0.product_id left join product_image p2_0 on p1_0.product_id=p2_0.product_id where (o1_0.order_id,o1_0.product_id) in ((?,?))
Hibernate: select o1_0.order_id,c1_0.cust_id,c1_0.address,c1_0.email,c1_0.cust_name,c1_0.phone,o1_0.employee_id,e1_0.emp_id,e1_0.address,e1_0.dob,e1_0.email,e1_0.full_name,e1_0.phone,e1_0.status,o1_0.order_date,o2_0.order_id,o2_0.product_id,p1_0.product_id,p1_0.description,p1_0.manufacturer_name,p1_0.name,p1_0.status,p1_0.unit,o2_0.note,o2_0.price,o2_0.quantity from orders o1_0 left join customer c1_0 on c1_0.cust_id=o1_0.cust_id join employee e1_0 on e1_0.emp_id=o1_0.employee_id left join order_detail o2_0 on o1_0.order_id=o2_0.order_id left join product p1_0 on p1_0.product_id=o2_0.product_id where o1_0.order_id=?
Hibernate: select p1_0.product_id,p1_0.price_date_time,p1_0.note,p1_0.price from product_price p1_0 where p1_0.product_id=?
Hibernate: select p1_0.product_id,p1_0.image_id,p1_0.alternative,p1_0.path from product_image p1_0 where p1_0.product_id=?
Hibernate: select o1_0.product_id,o1_0.order_id,o2_0.order_id,c1_0.cust_id,c1_0.address,c1_0.email,c1_0.cust_name,c1_0.phone,o2_0.employee_id,e1_0.emp_id,e1_0.address,e1_0.dob,e1_0.email,e1_0.full_name,e1_0.phone,e1_0.status,o2_0.order_date,o1_0.note,o1_0.price,o1_0.quantity from order_detail o1_0 join orders o2_0 on o2_0.order_id=o1_0.order_id left join customer c1_0 on c1_0.cust_id=o2_0.cust_id left join employee e1_0 on e1_0.emp_id=o2_0.employee_id where o1_0.product_id=?
Hibernate: select p1_0.product_id,p1_0.price_date_time,p1_0.note,p1_0.price from product_price p1_0 where p1_0.product_id=?
Hibernate: select p1_0.product_id,p1_0.image_id,p1_0.alternative,p1_0.path from product_image p1_0 where p1_0.product_id=?
Hibernate: select o1_0.product_id,o1_0.order_id,o2_0.order_id,c1_0.cust_id,c1_0.address,c1_0.email,c1_0.cust_name,c1_0.phone,o2_0.employee_id,e1_0.emp_id,e1_0.address,e1_0.dob,e1_0.email,e1_0.full_name,e1_0.phone,e1_0.status,o2_0.order_date,o1_0.note,o1_0.price,o1_0.quantity from order_detail o1_0 join orders o2_0 on o2_0.order_id=o1_0.order_id left join customer c1_0 on c1_0.cust_id=o2_0.cust_id left join employee e1_0 on e1_0.emp_id=o2_0.employee_id where o1_0.product_id=?
Hibernate: select l1_0.employee_id,l1_0.order_id,c1_0.cust_id,c1_0.address,c1_0.email,c1_0.cust_name,c1_0.phone,l1_0.order_date from orders l1_0 left join customer c1_0 on c1_0.cust_id=l1_0.cust_id where l1_0.employee_id=?
Hibernate: select p1_0.product_id,p1_0.description,p1_0.manufacturer_name,p1_0.name,p1_0.status,p1_0.unit,o1_0.product_id,o1_0.order_id,o2_0.order_id,c1_0.cust_id,c1_0.address,c1_0.email,c1_0.cust_name,c1_0.phone,o2_0.employee_id,e1_0.emp_id,e1_0.address,e1_0.dob,e1_0.email,e1_0.full_name,e1_0.phone,e1_0.status,o2_0.order_date,o1_0.note,o1_0.price,o1_0.quantity from product p1_0 left join order_detail o1_0 on p1_0.product_id=o1_0.product_id left join orders o2_0 on o2_0.order_id=o1_0.order_id left join customer c1_0 on c1_0.cust_id=o2_0.cust_id left join employee e1_0 on e1_0.emp_id=o2_0.employee_id where p1_0.product_id=?
Hibernate: select o1_0.order_id,o1_0.product_id,p1_0.product_id,p1_0.description,p1_0.manufacturer_name,p1_0.name,p1_0.status,p1_0.unit,o1_0.note,o1_0.price,o1_0.quantity from order_detail o1_0 join product p1_0 on p1_0.product_id=o1_0.product_id where o1_0.order_id=?
Hibernate: select l1_0.employee_id,l1_0.order_id,c1_0.cust_id,c1_0.address,c1_0.email,c1_0.cust_name,c1_0.phone,l1_0.order_date from orders l1_0 left join customer c1_0 on c1_0.cust_id=l1_0.cust_id where l1_0.employee_id=?
Hibernate: select p1_0.product_id,p1_0.price_date_time,p1_0.note,p1_0.price from product_price p1_0 where p1_0.product_id=?
Hibernate: select p1_0.product_id,p1_0.image_id,p1_0.alternative,p1_0.path from product_image p1_0 where p1_0.product_id=?
Hibernate: select o1_0.order_id,o1_0.product_id,p1_0.product_id,p1_0.description,p1_0.manufacturer_name,p1_0.name,p1_0.status,p1_0.unit,o1_0.note,o1_0.price,o1_0.quantity from order_detail o1_0 join product p1_0 on p1_0.product_id=o1_0.product_id where o1_0.order_id=?
Hibernate: select l1_0.employee_id,l1_0.order_id,c1_0.cust_id,c1_0.address,c1_0.email,c1_0.cust_name,c1_0.phone,l1_0.order_date from orders l1_0 left join customer c1_0 on c1_0.cust_id=l1_0.cust_id where l1_0.employee_id=?
Hibernate: insert into order_detail (note,price,quantity,order_id,product_id) values (?,?,?,?,?)
Hibernate: update orders set cust_id=?,employee_id=?,order_date=? where order_id=?
Hibernate: select e1_0.emp_id,e1_0.address,e1_0.dob,e1_0.email,e1_0.full_name,e1_0.phone,e1_0.status from employee e1_0 where e1_0.emp_id=?
Hibernate: select c1_0.cust_id,c1_0.address,c1_0.email,c1_0.cust_name,c1_0.phone from customer c1_0 where c1_0.cust_id=?
Hibernate: select o1_0.order_id,c1_0.cust_id,c1_0.address,c1_0.email,c1_0.cust_name,c1_0.phone,o1_0.employee_id,e1_0.emp_id,e1_0.address,e1_0.dob,e1_0.email,e1_0.full_name,e1_0.phone,e1_0.status,o1_0.order_date,o2_0.order_id,o2_0.product_id,p1_0.product_id,p1_0.description,p1_0.manufacturer_name,p1_0.name,p1_0.status,p1_0.unit,o2_0.note,o2_0.price,o2_0.quantity from orders o1_0 left join customer c1_0 on c1_0.cust_id=o1_0.cust_id join employee e1_0 on e1_0.emp_id=o1_0.employee_id left join order_detail o2_0 on o1_0.order_id=o2_0.order_id left join product p1_0 on p1_0.product_id=o2_0.product_id where o1_0.order_id=?
Hibernate: select c1_0.cust_id,c1_0.address,c1_0.email,c1_0.cust_name,c1_0.phone from customer c1_0 where c1_0.cust_id=?
Hibernate: select e1_0.emp_id,e1_0.address,e1_0.dob,e1_0.email,e1_0.full_name,e1_0.phone,e1_0.status from employee e1_0 where e1_0.emp_id=?
Hibernate: insert into orders (cust_id,employee_id,order_date,order_id) values (?,?,?,default)
Hibernate: select p1_0.product_id,p1_0.description,p1_0.manufacturer_name,p1_0.name,p1_0.status,p1_0.unit from product p1_0 where p1_0.product_id=?
Hibernate: select o1_0.order_id,o2_0.order_id,c1_0.cust_id,c1_0.address,c1_0.email,c1_0.cust_name,c1_0.phone,o2_0.employee_id,e1_0.emp_id,e1_0.address,e1_0.dob,e1_0.email,e1_0.full_name,e1_0.phone,e1_0.status,o2_0.order_date,o1_0.product_id,p1_0.product_id,p1_0.description,p1_0.manufacturer_name,p1_0.name,p1_0.status,p1_0.unit,p2_0.product_id,p2_0.image_id,p2_0.alternative,p2_0.path,o1_0.note,o1_0.price,o1_0.quantity from order_detail o1_0 join orders o2_0 on o2_0.order_id=o1_0.order_id left join customer c1_0 on c1_0.cust_id=o2_0.cust_id left join employee e1_0 on e1_0.emp_id=o2_0.employee_id join product p1_0 on p1_0.product_id=o1_0.product_id left join product_image p2_0 on p1_0.product_id=p2_0.product_id where (o1_0.order_id,o1_0.product_id) in ((?,?))
Hibernate: select o1_0.order_id,c1_0.cust_id,c1_0.address,c1_0.email,c1_0.cust_name,c1_0.phone,o1_0.employee_id,e1_0.emp_id,e1_0.address,e1_0.dob,e1_0.email,e1_0.full_name,e1_0.phone,e1_0.status,o1_0.order_date,o2_0.order_id,o2_0.product_id,p1_0.product_id,p1_0.description,p1_0.manufacturer_name,p1_0.name,p1_0.status,p1_0.unit,o2_0.note,o2_0.price,o2_0.quantity from orders o1_0 left join customer c1_0 on c1_0.cust_id=o1_0.cust_id join employee e1_0 on e1_0.emp_id=o1_0.employee_id left join order_detail o2_0 on o1_0.order_id=o2_0.order_id left join product p1_0 on p1_0.product_id=o2_0.product_id where o1_0.order_id=?
Hibernate: select l1_0.employee_id,l1_0.order_id,c1_0.cust_id,c1_0.address,c1_0.email,c1_0.cust_name,c1_0.phone,l1_0.order_date from orders l1_0 left join customer c1_0 on c1_0.cust_id=l1_0.cust_id where l1_0.employee_id=?
Hibernate: select p1_0.product_id,p1_0.description,p1_0.manufacturer_name,p1_0.name,p1_0.status,p1_0.unit,o1_0.product_id,o1_0.order_id,o2_0.order_id,c1_0.cust_id,c1_0.address,c1_0.email,c1_0.cust_name,c1_0.phone,o2_0.employee_id,e1_0.emp_id,e1_0.address,e1_0.dob,e1_0.email,e1_0.full_name,e1_0.phone,e1_0.status,o2_0.order_date,o1_0.note,o1_0.price,o1_0.quantity from product p1_0 left join order_detail o1_0 on p1_0.product_id=o1_0.product_id left join orders o2_0 on o2_0.order_id=o1_0.order_id left join customer c1_0 on c1_0.cust_id=o2_0.cust_id left join employee e1_0 on e1_0.emp_id=o2_0.employee_id where p1_0.product_id=?
Hibernate: select o1_0.order_id,o1_0.product_id,p1_0.product_id,p1_0.description,p1_0.manufacturer_name,p1_0.name,p1_0.status,p1_0.unit,o1_0.note,o1_0.price,o1_0.quantity from order_detail o1_0 join product p1_0 on p1_0.product_id=o1_0.product_id where o1_0.order_id=?
Hibernate: select l1_0.employee_id,l1_0.order_id,c1_0.cust_id,c1_0.address,c1_0.email,c1_0.cust_name,c1_0.phone,l1_0.order_date from orders l1_0 left join customer c1_0 on c1_0.cust_id=l1_0.cust_id where l1_0.employee_id=?
Hibernate: select p1_0.product_id,p1_0.price_date_time,p1_0.note,p1_0.price from product_price p1_0 where p1_0.product_id=?
Hibernate: select p1_0.product_id,p1_0.image_id,p1_0.alternative,p1_0.path from product_image p1_0 where p1_0.product_id=?
Hibernate: select o1_0.order_id,o1_0.product_id,p1_0.product_id,p1_0.description,p1_0.manufacturer_name,p1_0.name,p1_0.status,p1_0.unit,o1_0.note,o1_0.price,o1_0.quantity from order_detail o1_0 join product p1_0 on p1_0.product_id=o1_0.product_id where o1_0.order_id=?
Hibernate: select l1_0.employee_id,l1_0.order_id,c1_0.cust_id,c1_0.address,c1_0.email,c1_0.cust_name,c1_0.phone,l1_0.order_date from orders l1_0 left join customer c1_0 on c1_0.cust_id=l1_0.cust_id where l1_0.employee_id=?
Hibernate: insert into order_detail (note,price,quantity,order_id,product_id) values (?,?,?,?,?)
Hibernate: update orders set cust_id=?,employee_id=?,order_date=? where order_id=?
Hibernate: select p1_0.product_id,p1_0.description,p1_0.manufacturer_name,p1_0.name,p1_0.status,p1_0.unit from product p1_0 where p1_0.product_id=?
Hibernate: select o1_0.order_id,o2_0.order_id,c1_0.cust_id,c1_0.address,c1_0.email,c1_0.cust_name,c1_0.phone,o2_0.employee_id,e1_0.emp_id,e1_0.address,e1_0.dob,e1_0.email,e1_0.full_name,e1_0.phone,e1_0.status,o2_0.order_date,o1_0.product_id,p1_0.product_id,p1_0.description,p1_0.manufacturer_name,p1_0.name,p1_0.status,p1_0.unit,p2_0.product_id,p2_0.image_id,p2_0.alternative,p2_0.path,o1_0.note,o1_0.price,o1_0.quantity from order_detail o1_0 join orders o2_0 on o2_0.order_id=o1_0.order_id left join customer c1_0 on c1_0.cust_id=o2_0.cust_id left join employee e1_0 on e1_0.emp_id=o2_0.employee_id join product p1_0 on p1_0.product_id=o1_0.product_id left join product_image p2_0 on p1_0.product_id=p2_0.product_id where (o1_0.order_id,o1_0.product_id) in ((?,?))
Hibernate: select o1_0.order_id,c1_0.cust_id,c1_0.address,c1_0.email,c1_0.cust_name,c1_0.phone,o1_0.employee_id,e1_0.emp_id,e1_0.address,e1_0.dob,e1_0.email,e1_0.full_name,e1_0.phone,e1_0.status,o1_0.order_date,o2_0.order_id,o2_0.product_id,p1_0.product_id,p1_0.description,p1_0.manufacturer_name,p1_0.name,p1_0.status,p1_0.unit,o2_0.note,o2_0.price,o2_0.quantity from orders o1_0 left join customer c1_0 on c1_0.cust_id=o1_0.cust_id join employee e1_0 on e1_0.emp_id=o1_0.employee_id left join order_detail o2_0 on o1_0.order_id=o2_0.order_id left join product p1_0 on p1_0.product_id=o2_0.product_id where o1_0.order_id=?
Hibernate: select p1_0.product_id,p1_0.price_date_time,p1_0.note,p1_0.price from product_price p1_0 where p1_0.product_id=?
Hibernate: select p1_0.product_id,p1_0.image_id,p1_0.alternative,p1_0.path from product_image p1_0 where p1_0.product_id=?
Hibernate: select o1_0.product_id,o1_0.order_id,o2_0.order_id,c1_0.cust_id,c1_0.address,c1_0.email,c1_0.cust_name,c1_0.phone,o2_0.employee_id,e1_0.emp_id,e1_0.address,e1_0.dob,e1_0.email,e1_0.full_name,e1_0.phone,e1_0.status,o2_0.order_date,o1_0.note,o1_0.price,o1_0.quantity from order_detail o1_0 join orders o2_0 on o2_0.order_id=o1_0.order_id left join customer c1_0 on c1_0.cust_id=o2_0.cust_id left join employee e1_0 on e1_0.emp_id=o2_0.employee_id where o1_0.product_id=?
Hibernate: select l1_0.employee_id,l1_0.order_id,c1_0.cust_id,c1_0.address,c1_0.email,c1_0.cust_name,c1_0.phone,l1_0.order_date from orders l1_0 left join customer c1_0 on c1_0.cust_id=l1_0.cust_id where l1_0.employee_id=?
Hibernate: select p1_0.product_id,p1_0.description,p1_0.manufacturer_name,p1_0.name,p1_0.status,p1_0.unit,o1_0.product_id,o1_0.order_id,o2_0.order_id,c1_0.cust_id,c1_0.address,c1_0.email,c1_0.cust_name,c1_0.phone,o2_0.employee_id,e1_0.emp_id,e1_0.address,e1_0.dob,e1_0.email,e1_0.full_name,e1_0.phone,e1_0.status,o2_0.order_date,o1_0.note,o1_0.price,o1_0.quantity from product p1_0 left join order_detail o1_0 on p1_0.product_id=o1_0.product_id left join orders o2_0 on o2_0.order_id=o1_0.order_id left join customer c1_0 on c1_0.cust_id=o2_0.cust_id left join employee e1_0 on e1_0.emp_id=o2_0.employee_id where p1_0.product_id=?
Hibernate: select o1_0.order_id,o1_0.product_id,p1_0.product_id,p1_0.description,p1_0.manufacturer_name,p1_0.name,p1_0.status,p1_0.unit,o1_0.note,o1_0.price,o1_0.quantity from order_detail o1_0 join product p1_0 on p1_0.product_id=o1_0.product_id where o1_0.order_id=?
Hibernate: select l1_0.employee_id,l1_0.order_id,c1_0.cust_id,c1_0.address,c1_0.email,c1_0.cust_name,c1_0.phone,l1_0.order_date from orders l1_0 left join customer c1_0 on c1_0.cust_id=l1_0.cust_id where l1_0.employee_id=?
Hibernate: select p1_0.product_id,p1_0.price_date_time,p1_0.note,p1_0.price from product_price p1_0 where p1_0.product_id=?
Hibernate: select p1_0.product_id,p1_0.image_id,p1_0.alternative,p1_0.path from product_image p1_0 where p1_0.product_id=?
Hibernate: select o1_0.order_id,o1_0.product_id,p1_0.product_id,p1_0.description,p1_0.manufacturer_name,p1_0.name,p1_0.status,p1_0.unit,o1_0.note,o1_0.price,o1_0.quantity from order_detail o1_0 join product p1_0 on p1_0.product_id=o1_0.product_id where o1_0.order_id=?
Hibernate: select l1_0.employee_id,l1_0.order_id,c1_0.cust_id,c1_0.address,c1_0.email,c1_0.cust_name,c1_0.phone,l1_0.order_date from orders l1_0 left join customer c1_0 on c1_0.cust_id=l1_0.cust_id where l1_0.employee_id=?
Hibernate: insert into order_detail (note,price,quantity,order_id,product_id) values (?,?,?,?,?)
Hibernate: update orders set cust_id=?,employee_id=?,order_date=? where order_id=?
Hibernate: select p1_0.product_id,p1_0.description,p1_0.manufacturer_name,p1_0.name,p1_0.status,p1_0.unit from product p1_0 where p1_0.product_id=?
Hibernate: select o1_0.order_id,o2_0.order_id,c1_0.cust_id,c1_0.address,c1_0.email,c1_0.cust_name,c1_0.phone,o2_0.employee_id,e1_0.emp_id,e1_0.address,e1_0.dob,e1_0.email,e1_0.full_name,e1_0.phone,e1_0.status,o2_0.order_date,o1_0.product_id,p1_0.product_id,p1_0.description,p1_0.manufacturer_name,p1_0.name,p1_0.status,p1_0.unit,p2_0.product_id,p2_0.image_id,p2_0.alternative,p2_0.path,o1_0.note,o1_0.price,o1_0.quantity from order_detail o1_0 join orders o2_0 on o2_0.order_id=o1_0.order_id left join customer c1_0 on c1_0.cust_id=o2_0.cust_id left join employee e1_0 on e1_0.emp_id=o2_0.employee_id join product p1_0 on p1_0.product_id=o1_0.product_id left join product_image p2_0 on p1_0.product_id=p2_0.product_id where (o1_0.order_id,o1_0.product_id) in ((?,?))
Hibernate: select o1_0.order_id,c1_0.cust_id,c1_0.address,c1_0.email,c1_0.cust_name,c1_0.phone,o1_0.employee_id,e1_0.emp_id,e1_0.address,e1_0.dob,e1_0.email,e1_0.full_name,e1_0.phone,e1_0.status,o1_0.order_date,o2_0.order_id,o2_0.product_id,p1_0.product_id,p1_0.description,p1_0.manufacturer_name,p1_0.name,p1_0.status,p1_0.unit,o2_0.note,o2_0.price,o2_0.quantity from orders o1_0 left join customer c1_0 on c1_0.cust_id=o1_0.cust_id join employee e1_0 on e1_0.emp_id=o1_0.employee_id left join order_detail o2_0 on o1_0.order_id=o2_0.order_id left join product p1_0 on p1_0.product_id=o2_0.product_id where o1_0.order_id=?
Hibernate: select p1_0.product_id,p1_0.price_date_time,p1_0.note,p1_0.price from product_price p1_0 where p1_0.product_id=?
Hibernate: select p1_0.product_id,p1_0.image_id,p1_0.alternative,p1_0.path from product_image p1_0 where p1_0.product_id=?
Hibernate: select o1_0.product_id,o1_0.order_id,o2_0.order_id,c1_0.cust_id,c1_0.address,c1_0.email,c1_0.cust_name,c1_0.phone,o2_0.employee_id,e1_0.emp_id,e1_0.address,e1_0.dob,e1_0.email,e1_0.full_name,e1_0.phone,e1_0.status,o2_0.order_date,o1_0.note,o1_0.price,o1_0.quantity from order_detail o1_0 join orders o2_0 on o2_0.order_id=o1_0.order_id left join customer c1_0 on c1_0.cust_id=o2_0.cust_id left join employee e1_0 on e1_0.emp_id=o2_0.employee_id where o1_0.product_id=?
Hibernate: select p1_0.product_id,p1_0.price_date_time,p1_0.note,p1_0.price from product_price p1_0 where p1_0.product_id=?
Hibernate: select p1_0.product_id,p1_0.image_id,p1_0.alternative,p1_0.path from product_image p1_0 where p1_0.product_id=?
Hibernate: select o1_0.product_id,o1_0.order_id,o2_0.order_id,c1_0.cust_id,c1_0.address,c1_0.email,c1_0.cust_name,c1_0.phone,o2_0.employee_id,e1_0.emp_id,e1_0.address,e1_0.dob,e1_0.email,e1_0.full_name,e1_0.phone,e1_0.status,o2_0.order_date,o1_0.note,o1_0.price,o1_0.quantity from order_detail o1_0 join orders o2_0 on o2_0.order_id=o1_0.order_id left join customer c1_0 on c1_0.cust_id=o2_0.cust_id left join employee e1_0 on e1_0.emp_id=o2_0.employee_id where o1_0.product_id=?
Hibernate: select l1_0.employee_id,l1_0.order_id,c1_0.cust_id,c1_0.address,c1_0.email,c1_0.cust_name,c1_0.phone,l1_0.order_date from orders l1_0 left join customer c1_0 on c1_0.cust_id=l1_0.cust_id where l1_0.employee_id=?
Hibernate: select p1_0.product_id,p1_0.description,p1_0.manufacturer_name,p1_0.name,p1_0.status,p1_0.unit,o1_0.product_id,o1_0.order_id,o2_0.order_id,c1_0.cust_id,c1_0.address,c1_0.email,c1_0.cust_name,c1_0.phone,o2_0.employee_id,e1_0.emp_id,e1_0.address,e1_0.dob,e1_0.email,e1_0.full_name,e1_0.phone,e1_0.status,o2_0.order_date,o1_0.note,o1_0.price,o1_0.quantity from product p1_0 left join order_detail o1_0 on p1_0.product_id=o1_0.product_id left join orders o2_0 on o2_0.order_id=o1_0.order_id left join customer c1_0 on c1_0.cust_id=o2_0.cust_id left join employee e1_0 on e1_0.emp_id=o2_0.employee_id where p1_0.product_id=?
Hibernate: select p1_0.product_id,p1_0.price_date_time,p1_0.note,p1_0.price from product_price p1_0 where p1_0.product_id=?
Hibernate: select p1_0.product_id,p1_0.image_id,p1_0.alternative,p1_0.path from product_image p1_0 where p1_0.product_id=?
Hibernate: select o1_0.order_id,o1_0.product_id,p1_0.product_id,p1_0.description,p1_0.manufacturer_name,p1_0.name,p1_0.status,p1_0.unit,o1_0.note,o1_0.price,o1_0.quantity from order_detail o1_0 join product p1_0 on p1_0.product_id=o1_0.product_id where o1_0.order_id=?
Hibernate: select l1_0.employee_id,l1_0.order_id,c1_0.cust_id,c1_0.address,c1_0.email,c1_0.cust_name,c1_0.phone,l1_0.order_date from orders l1_0 left join customer c1_0 on c1_0.cust_id=l1_0.cust_id where l1_0.employee_id=?
Hibernate: insert into order_detail (note,price,quantity,order_id,product_id) values (?,?,?,?,?)
Hibernate: update orders set cust_id=?,employee_id=?,order_date=? where order_id=?
Hibernate: select e1_0.emp_id,e1_0.address,e1_0.dob,e1_0.email,e1_0.full_name,e1_0.phone,e1_0.status from employee e1_0 where e1_0.emp_id=?
Hibernate: select c1_0.cust_id,c1_0.address,c1_0.email,c1_0.cust_name,c1_0.phone from customer c1_0 where c1_0.cust_id=?
Hibernate: select o1_0.order_id,c1_0.cust_id,c1_0.address,c1_0.email,c1_0.cust_name,c1_0.phone,o1_0.employee_id,e1_0.emp_id,e1_0.address,e1_0.dob,e1_0.email,e1_0.full_name,e1_0.phone,e1_0.status,o1_0.order_date,o2_0.order_id,o2_0.product_id,p1_0.product_id,p1_0.description,p1_0.manufacturer_name,p1_0.name,p1_0.status,p1_0.unit,o2_0.note,o2_0.price,o2_0.quantity from orders o1_0 left join customer c1_0 on c1_0.cust_id=o1_0.cust_id join employee e1_0 on e1_0.emp_id=o1_0.employee_id left join order_detail o2_0 on o1_0.order_id=o2_0.order_id left join product p1_0 on p1_0.product_id=o2_0.product_id where o1_0.order_id=?
Hibernate: select c1_0.cust_id,c1_0.address,c1_0.email,c1_0.cust_name,c1_0.phone from customer c1_0 where c1_0.cust_id=?
Hibernate: select e1_0.emp_id,e1_0.address,e1_0.dob,e1_0.email,e1_0.full_name,e1_0.phone,e1_0.status from employee e1_0 where e1_0.emp_id=?
Hibernate: insert into orders (cust_id,employee_id,order_date,order_id) values (?,?,?,default)
Hibernate: select p1_0.product_id,p1_0.description,p1_0.manufacturer_name,p1_0.name,p1_0.status,p1_0.unit from product p1_0 where p1_0.product_id=?
Hibernate: select o1_0.order_id,o2_0.order_id,c1_0.cust_id,c1_0.address,c1_0.email,c1_0.cust_name,c1_0.phone,o2_0.employee_id,e1_0.emp_id,e1_0.address,e1_0.dob,e1_0.email,e1_0.full_name,e1_0.phone,e1_0.status,o2_0.order_date,o1_0.product_id,p1_0.product_id,p1_0.description,p1_0.manufacturer_name,p1_0.name,p1_0.status,p1_0.unit,p2_0.product_id,p2_0.image_id,p2_0.alternative,p2_0.path,o1_0.note,o1_0.price,o1_0.quantity from order_detail o1_0 join orders o2_0 on o2_0.order_id=o1_0.order_id left join customer c1_0 on c1_0.cust_id=o2_0.cust_id left join employee e1_0 on e1_0.emp_id=o2_0.employee_id join product p1_0 on p1_0.product_id=o1_0.product_id left join product_image p2_0 on p1_0.product_id=p2_0.product_id where (o1_0.order_id,o1_0.product_id) in ((?,?))
Hibernate: select o1_0.order_id,c1_0.cust_id,c1_0.address,c1_0.email,c1_0.cust_name,c1_0.phone,o1_0.employee_id,e1_0.emp_id,e1_0.address,e1_0.dob,e1_0.email,e1_0.full_name,e1_0.phone,e1_0.status,o1_0.order_date,o2_0.order_id,o2_0.product_id,p1_0.product_id,p1_0.description,p1_0.manufacturer_name,p1_0.name,p1_0.status,p1_0.unit,o2_0.note,o2_0.price,o2_0.quantity from orders o1_0 left join customer c1_0 on c1_0.cust_id=o1_0.cust_id join employee e1_0 on e1_0.emp_id=o1_0.employee_id left join order_detail o2_0 on o1_0.order_id=o2_0.order_id left join product p1_0 on p1_0.product_id=o2_0.product_id where o1_0.order_id=?
Hibernate: select l1_0.employee_id,l1_0.order_id,c1_0.cust_id,c1_0.address,c1_0.email,c1_0.cust_name,c1_0.phone,l1_0.order_date from orders l1_0 left join customer c1_0 on c1_0.cust_id=l1_0.cust_id where l1_0.employee_id=?
Hibernate: select p1_0.product_id,p1_0.description,p1_0.manufacturer_name,p1_0.name,p1_0.status,p1_0.unit,o1_0.product_id,o1_0.order_id,o2_0.order_id,c1_0.cust_id,c1_0.address,c1_0.email,c1_0.cust_name,c1_0.phone,o2_0.employee_id,e1_0.emp_id,e1_0.address,e1_0.dob,e1_0.email,e1_0.full_name,e1_0.phone,e1_0.status,o2_0.order_date,o1_0.note,o1_0.price,o1_0.quantity from product p1_0 left join order_detail o1_0 on p1_0.product_id=o1_0.product_id left join orders o2_0 on o2_0.order_id=o1_0.order_id left join customer c1_0 on c1_0.cust_id=o2_0.cust_id left join employee e1_0 on e1_0.emp_id=o2_0.employee_id where p1_0.product_id=?
Hibernate: select p1_0.product_id,p1_0.price_date_time,p1_0.note,p1_0.price from product_price p1_0 where p1_0.product_id=?
Hibernate: select p1_0.product_id,p1_0.image_id,p1_0.alternative,p1_0.path from product_image p1_0 where p1_0.product_id=?
Hibernate: insert into order_detail (note,price,quantity,order_id,product_id) values (?,?,?,?,?)
Hibernate: update orders set cust_id=?,employee_id=?,order_date=? where order_id=?
Hibernate: select p1_0.product_id,p1_0.description,p1_0.manufacturer_name,p1_0.name,p1_0.status,p1_0.unit from product p1_0 where p1_0.product_id=?
Hibernate: select o1_0.order_id,o2_0.order_id,c1_0.cust_id,c1_0.address,c1_0.email,c1_0.cust_name,c1_0.phone,o2_0.employee_id,e1_0.emp_id,e1_0.address,e1_0.dob,e1_0.email,e1_0.full_name,e1_0.phone,e1_0.status,o2_0.order_date,o1_0.product_id,p1_0.product_id,p1_0.description,p1_0.manufacturer_name,p1_0.name,p1_0.status,p1_0.unit,p2_0.product_id,p2_0.image_id,p2_0.alternative,p2_0.path,o1_0.note,o1_0.price,o1_0.quantity from order_detail o1_0 join orders o2_0 on o2_0.order_id=o1_0.order_id left join customer c1_0 on c1_0.cust_id=o2_0.cust_id left join employee e1_0 on e1_0.emp_id=o2_0.employee_id join product p1_0 on p1_0.product_id=o1_0.product_id left join product_image p2_0 on p1_0.product_id=p2_0.product_id where (o1_0.order_id,o1_0.product_id) in ((?,?))
Hibernate: select o1_0.order_id,c1_0.cust_id,c1_0.address,c1_0.email,c1_0.cust_name,c1_0.phone,o1_0.employee_id,e1_0.emp_id,e1_0.address,e1_0.dob,e1_0.email,e1_0.full_name,e1_0.phone,e1_0.status,o1_0.order_date,o2_0.order_id,o2_0.product_id,p1_0.product_id,p1_0.description,p1_0.manufacturer_name,p1_0.name,p1_0.status,p1_0.unit,o2_0.note,o2_0.price,o2_0.quantity from orders o1_0 left join customer c1_0 on c1_0.cust_id=o1_0.cust_id join employee e1_0 on e1_0.emp_id=o1_0.employee_id left join order_detail o2_0 on o1_0.order_id=o2_0.order_id left join product p1_0 on p1_0.product_id=o2_0.product_id where o1_0.order_id=?
Hibernate: select p1_0.product_id,p1_0.price_date_time,p1_0.note,p1_0.price from product_price p1_0 where p1_0.product_id=?
Hibernate: select p1_0.product_id,p1_0.image_id,p1_0.alternative,p1_0.path from product_image p1_0 where p1_0.product_id=?
Hibernate: select o1_0.product_id,o1_0.order_id,o2_0.order_id,c1_0.cust_id,c1_0.address,c1_0.email,c1_0.cust_name,c1_0.phone,o2_0.employee_id,e1_0.emp_id,e1_0.address,e1_0.dob,e1_0.email,e1_0.full_name,e1_0.phone,e1_0.status,o2_0.order_date,o1_0.note,o1_0.price,o1_0.quantity from order_detail o1_0 join orders o2_0 on o2_0.order_id=o1_0.order_id left join customer c1_0 on c1_0.cust_id=o2_0.cust_id left join employee e1_0 on e1_0.emp_id=o2_0.employee_id where o1_0.product_id=?
Hibernate: select l1_0.employee_id,l1_0.order_id,c1_0.cust_id,c1_0.address,c1_0.email,c1_0.cust_name,c1_0.phone,l1_0.order_date from orders l1_0 left join customer c1_0 on c1_0.cust_id=l1_0.cust_id where l1_0.employee_id=?
Hibernate: select p1_0.product_id,p1_0.description,p1_0.manufacturer_name,p1_0.name,p1_0.status,p1_0.unit,o1_0.product_id,o1_0.order_id,o2_0.order_id,c1_0.cust_id,c1_0.address,c1_0.email,c1_0.cust_name,c1_0.phone,o2_0.employee_id,e1_0.emp_id,e1_0.address,e1_0.dob,e1_0.email,e1_0.full_name,e1_0.phone,e1_0.status,o2_0.order_date,o1_0.note,o1_0.price,o1_0.quantity from product p1_0 left join order_detail o1_0 on p1_0.product_id=o1_0.product_id left join orders o2_0 on o2_0.order_id=o1_0.order_id left join customer c1_0 on c1_0.cust_id=o2_0.cust_id left join employee e1_0 on e1_0.emp_id=o2_0.employee_id where p1_0.product_id=?
Hibernate: select p1_0.product_id,p1_0.price_date_time,p1_0.note,p1_0.price from product_price p1_0 where p1_0.product_id=?
Hibernate: select p1_0.product_id,p1_0.image_id,p1_0.alternative,p1_0.path from product_image p1_0 where p1_0.product_id=?
Hibernate: select o1_0.order_id,o1_0.product_id,p1_0.product_id,p1_0.description,p1_0.manufacturer_name,p1_0.name,p1_0.status,p1_0.unit,o1_0.note,o1_0.price,o1_0.quantity from order_detail o1_0 join product p1_0 on p1_0.product_id=o1_0.product_id where o1_0.order_id=?
Hibernate: select l1_0.employee_id,l1_0.order_id,c1_0.cust_id,c1_0.address,c1_0.email,c1_0.cust_name,c1_0.phone,l1_0.order_date from orders l1_0 left join customer c1_0 on c1_0.cust_id=l1_0.cust_id where l1_0.employee_id=?
Hibernate: insert into order_detail (note,price,quantity,order_id,product_id) values (?,?,?,?,?)
Hibernate: update orders set cust_id=?,employee_id=?,order_date=? where order_id=?
Hibernate: select p1_0.product_id,p1_0.description,p1_0.manufacturer_name,p1_0.name,p1_0.status,p1_0.unit from product p1_0 where p1_0.product_id=?
Hibernate: select o1_0.order_id,o2_0.order_id,c1_0.cust_id,c1_0.address,c1_0.email,c1_0.cust_name,c1_0.phone,o2_0.employee_id,e1_0.emp_id,e1_0.address,e1_0.dob,e1_0.email,e1_0.full_name,e1_0.phone,e1_0.status,o2_0.order_date,o1_0.product_id,p1_0.product_id,p1_0.description,p1_0.manufacturer_name,p1_0.name,p1_0.status,p1_0.unit,p2_0.product_id,p2_0.image_id,p2_0.alternative,p2_0.path,o1_0.note,o1_0.price,o1_0.quantity from order_detail o1_0 join orders o2_0 on o2_0.order_id=o1_0.order_id left join customer c1_0 on c1_0.cust_id=o2_0.cust_id left join employee e1_0 on e1_0.emp_id=o2_0.employee_id join product p1_0 on p1_0.product_id=o1_0.product_id left join product_image p2_0 on p1_0.product_id=p2_0.product_id where (o1_0.order_id,o1_0.product_id) in ((?,?))
Hibernate: select o1_0.order_id,c1_0.cust_id,c1_0.address,c1_0.email,c1_0.cust_name,c1_0.phone,o1_0.employee_id,e1_0.emp_id,e1_0.address,e1_0.dob,e1_0.email,e1_0.full_name,e1_0.phone,e1_0.status,o1_0.order_date,o2_0.order_id,o2_0.product_id,p1_0.product_id,p1_0.description,p1_0.manufacturer_name,p1_0.name,p1_0.status,p1_0.unit,o2_0.note,o2_0.price,o2_0.quantity from orders o1_0 left join customer c1_0 on c1_0.cust_id=o1_0.cust_id join employee e1_0 on e1_0.emp_id=o1_0.employee_id left join order_detail o2_0 on o1_0.order_id=o2_0.order_id left join product p1_0 on p1_0.product_id=o2_0.product_id where o1_0.order_id=?
Hibernate: select p1_0.product_id,p1_0.price_date_time,p1_0.note,p1_0.price from product_price p1_0 where p1_0.product_id=?
Hibernate: select p1_0.product_id,p1_0.image_id,p1_0.alternative,p1_0.path from product_image p1_0 where p1_0.product_id=?
Hibernate: select o1_0.product_id,o1_0.order_id,o2_0.order_id,c1_0.cust_id,c1_0.address,c1_0.email,c1_0.cust_name,c1_0.phone,o2_0.employee_id,e1_0.emp_id,e1_0.address,e1_0.dob,e1_0.email,e1_0.full_name,e1_0.phone,e1_0.status,o2_0.order_date,o1_0.note,o1_0.price,o1_0.quantity from order_detail o1_0 join orders o2_0 on o2_0.order_id=o1_0.order_id left join customer c1_0 on c1_0.cust_id=o2_0.cust_id left join employee e1_0 on e1_0.emp_id=o2_0.employee_id where o1_0.product_id=?
Hibernate: select p1_0.product_id,p1_0.price_date_time,p1_0.note,p1_0.price from product_price p1_0 where p1_0.product_id=?
Hibernate: select p1_0.product_id,p1_0.image_id,p1_0.alternative,p1_0.path from product_image p1_0 where p1_0.product_id=?
Hibernate: select o1_0.product_id,o1_0.order_id,o2_0.order_id,c1_0.cust_id,c1_0.address,c1_0.email,c1_0.cust_name,c1_0.phone,o2_0.employee_id,e1_0.emp_id,e1_0.address,e1_0.dob,e1_0.email,e1_0.full_name,e1_0.phone,e1_0.status,o2_0.order_date,o1_0.note,o1_0.price,o1_0.quantity from order_detail o1_0 join orders o2_0 on o2_0.order_id=o1_0.order_id left join customer c1_0 on c1_0.cust_id=o2_0.cust_id left join employee e1_0 on e1_0.emp_id=o2_0.employee_id where o1_0.product_id=?
Hibernate: select l1_0.employee_id,l1_0.order_id,c1_0.cust_id,c1_0.address,c1_0.email,c1_0.cust_name,c1_0.phone,l1_0.order_date from orders l1_0 left join customer c1_0 on c1_0.cust_id=l1_0.cust_id where l1_0.employee_id=?
Hibernate: select p1_0.product_id,p1_0.description,p1_0.manufacturer_name,p1_0.name,p1_0.status,p1_0.unit,o1_0.product_id,o1_0.order_id,o2_0.order_id,c1_0.cust_id,c1_0.address,c1_0.email,c1_0.cust_name,c1_0.phone,o2_0.employee_id,e1_0.emp_id,e1_0.address,e1_0.dob,e1_0.email,e1_0.full_name,e1_0.phone,e1_0.status,o2_0.order_date,o1_0.note,o1_0.price,o1_0.quantity from product p1_0 left join order_detail o1_0 on p1_0.product_id=o1_0.product_id left join orders o2_0 on o2_0.order_id=o1_0.order_id left join customer c1_0 on c1_0.cust_id=o2_0.cust_id left join employee e1_0 on e1_0.emp_id=o2_0.employee_id where p1_0.product_id=?
Hibernate: select p1_0.product_id,p1_0.price_date_time,p1_0.note,p1_0.price from product_price p1_0 where p1_0.product_id=?
Hibernate: select p1_0.product_id,p1_0.image_id,p1_0.alternative,p1_0.path from product_image p1_0 where p1_0.product_id=?
Hibernate: insert into order_detail (note,price,quantity,order_id,product_id) values (?,?,?,?,?)
Hibernate: update orders set cust_id=?,employee_id=?,order_date=? where order_id=?
Hibernate: select e1_0.emp_id,e1_0.address,e1_0.dob,e1_0.email,e1_0.full_name,e1_0.phone,e1_0.status from employee e1_0 where e1_0.emp_id=?
Hibernate: select c1_0.cust_id,c1_0.address,c1_0.email,c1_0.cust_name,c1_0.phone from customer c1_0 where c1_0.cust_id=?
Hibernate: select o1_0.order_id,c1_0.cust_id,c1_0.address,c1_0.email,c1_0.cust_name,c1_0.phone,o1_0.employee_id,e1_0.emp_id,e1_0.address,e1_0.dob,e1_0.email,e1_0.full_name,e1_0.phone,e1_0.status,o1_0.order_date,o2_0.order_id,o2_0.product_id,p1_0.product_id,p1_0.description,p1_0.manufacturer_name,p1_0.name,p1_0.status,p1_0.unit,o2_0.note,o2_0.price,o2_0.quantity from orders o1_0 left join customer c1_0 on c1_0.cust_id=o1_0.cust_id join employee e1_0 on e1_0.emp_id=o1_0.employee_id left join order_detail o2_0 on o1_0.order_id=o2_0.order_id left join product p1_0 on p1_0.product_id=o2_0.product_id where o1_0.order_id=?
Hibernate: select c1_0.cust_id,c1_0.address,c1_0.email,c1_0.cust_name,c1_0.phone from customer c1_0 where c1_0.cust_id=?
Hibernate: select e1_0.emp_id,e1_0.address,e1_0.dob,e1_0.email,e1_0.full_name,e1_0.phone,e1_0.status from employee e1_0 where e1_0.emp_id=?
Hibernate: insert into orders (cust_id,employee_id,order_date,order_id) values (?,?,?,default)
Hibernate: select p1_0.product_id,p1_0.description,p1_0.manufacturer_name,p1_0.name,p1_0.status,p1_0.unit from product p1_0 where p1_0.product_id=?
Hibernate: select o1_0.order_id,o2_0.order_id,c1_0.cust_id,c1_0.address,c1_0.email,c1_0.cust_name,c1_0.phone,o2_0.employee_id,e1_0.emp_id,e1_0.address,e1_0.dob,e1_0.email,e1_0.full_name,e1_0.phone,e1_0.status,o2_0.order_date,o1_0.product_id,p1_0.product_id,p1_0.description,p1_0.manufacturer_name,p1_0.name,p1_0.status,p1_0.unit,p2_0.product_id,p2_0.image_id,p2_0.alternative,p2_0.path,o1_0.note,o1_0.price,o1_0.quantity from order_detail o1_0 join orders o2_0 on o2_0.order_id=o1_0.order_id left join customer c1_0 on c1_0.cust_id=o2_0.cust_id left join employee e1_0 on e1_0.emp_id=o2_0.employee_id join product p1_0 on p1_0.product_id=o1_0.product_id left join product_image p2_0 on p1_0.product_id=p2_0.product_id where (o1_0.order_id,o1_0.product_id) in ((?,?))
Hibernate: select o1_0.order_id,c1_0.cust_id,c1_0.address,c1_0.email,c1_0.cust_name,c1_0.phone,o1_0.employee_id,e1_0.emp_id,e1_0.address,e1_0.dob,e1_0.email,e1_0.full_name,e1_0.phone,e1_0.status,o1_0.order_date,o2_0.order_id,o2_0.product_id,p1_0.product_id,p1_0.description,p1_0.manufacturer_name,p1_0.name,p1_0.status,p1_0.unit,o2_0.note,o2_0.price,o2_0.quantity from orders o1_0 left join customer c1_0 on c1_0.cust_id=o1_0.cust_id join employee e1_0 on e1_0.emp_id=o1_0.employee_id left join order_detail o2_0 on o1_0.order_id=o2_0.order_id left join product p1_0 on p1_0.product_id=o2_0.product_id where o1_0.order_id=?
Hibernate: select l1_0.employee_id,l1_0.order_id,c1_0.cust_id,c1_0.address,c1_0.email,c1_0.cust_name,c1_0.phone,l1_0.order_date from orders l1_0 left join customer c1_0 on c1_0.cust_id=l1_0.cust_id where l1_0.employee_id=?
Hibernate: select p1_0.product_id,p1_0.description,p1_0.manufacturer_name,p1_0.name,p1_0.status,p1_0.unit,o1_0.product_id,o1_0.order_id,o2_0.order_id,c1_0.cust_id,c1_0.address,c1_0.email,c1_0.cust_name,c1_0.phone,o2_0.employee_id,e1_0.emp_id,e1_0.address,e1_0.dob,e1_0.email,e1_0.full_name,e1_0.phone,e1_0.status,o2_0.order_date,o1_0.note,o1_0.price,o1_0.quantity from product p1_0 left join order_detail o1_0 on p1_0.product_id=o1_0.product_id left join orders o2_0 on o2_0.order_id=o1_0.order_id left join customer c1_0 on c1_0.cust_id=o2_0.cust_id left join employee e1_0 on e1_0.emp_id=o2_0.employee_id where p1_0.product_id=?
Hibernate: select p1_0.product_id,p1_0.price_date_time,p1_0.note,p1_0.price from product_price p1_0 where p1_0.product_id=?
Hibernate: select p1_0.product_id,p1_0.image_id,p1_0.alternative,p1_0.path from product_image p1_0 where p1_0.product_id=?
Hibernate: select o1_0.order_id,o1_0.product_id,p1_0.product_id,p1_0.description,p1_0.manufacturer_name,p1_0.name,p1_0.status,p1_0.unit,o1_0.note,o1_0.price,o1_0.quantity from order_detail o1_0 join product p1_0 on p1_0.product_id=o1_0.product_id where o1_0.order_id=?
Hibernate: select l1_0.employee_id,l1_0.order_id,c1_0.cust_id,c1_0.address,c1_0.email,c1_0.cust_name,c1_0.phone,l1_0.order_date from orders l1_0 left join customer c1_0 on c1_0.cust_id=l1_0.cust_id where l1_0.employee_id=?
Hibernate: insert into order_detail (note,price,quantity,order_id,product_id) values (?,?,?,?,?)
Hibernate: update orders set cust_id=?,employee_id=?,order_date=? where order_id=?
Hibernate: select p1_0.product_id,p1_0.description,p1_0.manufacturer_name,p1_0.name,p1_0.status,p1_0.unit from product p1_0 where p1_0.product_id=?
Hibernate: select o1_0.order_id,o2_0.order_id,c1_0.cust_id,c1_0.address,c1_0.email,c1_0.cust_name,c1_0.phone,o2_0.employee_id,e1_0.emp_id,e1_0.address,e1_0.dob,e1_0.email,e1_0.full_name,e1_0.phone,e1_0.status,o2_0.order_date,o1_0.product_id,p1_0.product_id,p1_0.description,p1_0.manufacturer_name,p1_0.name,p1_0.status,p1_0.unit,p2_0.product_id,p2_0.image_id,p2_0.alternative,p2_0.path,o1_0.note,o1_0.price,o1_0.quantity from order_detail o1_0 join orders o2_0 on o2_0.order_id=o1_0.order_id left join customer c1_0 on c1_0.cust_id=o2_0.cust_id left join employee e1_0 on e1_0.emp_id=o2_0.employee_id join product p1_0 on p1_0.product_id=o1_0.product_id left join product_image p2_0 on p1_0.product_id=p2_0.product_id where (o1_0.order_id,o1_0.product_id) in ((?,?))
Hibernate: select o1_0.order_id,c1_0.cust_id,c1_0.address,c1_0.email,c1_0.cust_name,c1_0.phone,o1_0.employee_id,e1_0.emp_id,e1_0.address,e1_0.dob,e1_0.email,e1_0.full_name,e1_0.phone,e1_0.status,o1_0.order_date,o2_0.order_id,o2_0.product_id,p1_0.product_id,p1_0.description,p1_0.manufacturer_name,p1_0.name,p1_0.status,p1_0.unit,o2_0.note,o2_0.price,o2_0.quantity from orders o1_0 left join customer c1_0 on c1_0.cust_id=o1_0.cust_id join employee e1_0 on e1_0.emp_id=o1_0.employee_id left join order_detail o2_0 on o1_0.order_id=o2_0.order_id left join product p1_0 on p1_0.product_id=o2_0.product_id where o1_0.order_id=?
Hibernate: select p1_0.product_id,p1_0.price_date_time,p1_0.note,p1_0.price from product_price p1_0 where p1_0.product_id=?
Hibernate: select p1_0.product_id,p1_0.image_id,p1_0.alternative,p1_0.path from product_image p1_0 where p1_0.product_id=?
Hibernate: select o1_0.product_id,o1_0.order_id,o2_0.order_id,c1_0.cust_id,c1_0.address,c1_0.email,c1_0.cust_name,c1_0.phone,o2_0.employee_id,e1_0.emp_id,e1_0.address,e1_0.dob,e1_0.email,e1_0.full_name,e1_0.phone,e1_0.status,o2_0.order_date,o1_0.note,o1_0.price,o1_0.quantity from order_detail o1_0 join orders o2_0 on o2_0.order_id=o1_0.order_id left join customer c1_0 on c1_0.cust_id=o2_0.cust_id left join employee e1_0 on e1_0.emp_id=o2_0.employee_id where o1_0.product_id=?
Hibernate: select l1_0.employee_id,l1_0.order_id,c1_0.cust_id,c1_0.address,c1_0.email,c1_0.cust_name,c1_0.phone,l1_0.order_date from orders l1_0 left join customer c1_0 on c1_0.cust_id=l1_0.cust_id where l1_0.employee_id=?
Hibernate: select p1_0.product_id,p1_0.description,p1_0.manufacturer_name,p1_0.name,p1_0.status,p1_0.unit,o1_0.product_id,o1_0.order_id,o2_0.order_id,c1_0.cust_id,c1_0.address,c1_0.email,c1_0.cust_name,c1_0.phone,o2_0.employee_id,e1_0.emp_id,e1_0.address,e1_0.dob,e1_0.email,e1_0.full_name,e1_0.phone,e1_0.status,o2_0.order_date,o1_0.note,o1_0.price,o1_0.quantity from product p1_0 left join order_detail o1_0 on p1_0.product_id=o1_0.product_id left join orders o2_0 on o2_0.order_id=o1_0.order_id left join customer c1_0 on c1_0.cust_id=o2_0.cust_id left join employee e1_0 on e1_0.emp_id=o2_0.employee_id where p1_0.product_id=?
Hibernate: select p1_0.product_id,p1_0.price_date_time,p1_0.note,p1_0.price from product_price p1_0 where p1_0.product_id=?
Hibernate: select p1_0.product_id,p1_0.image_id,p1_0.alternative,p1_0.path from product_image p1_0 where p1_0.product_id=?
Hibernate: insert into order_detail (note,price,quantity,order_id,product_id) values (?,?,?,?,?)
Hibernate: update orders set cust_id=?,employee_id=?,order_date=? where order_id=?
Hibernate: select p1_0.product_id,p1_0.description,p1_0.manufacturer_name,p1_0.name,p1_0.status,p1_0.unit from product p1_0 where p1_0.product_id=?
Hibernate: select o1_0.order_id,o2_0.order_id,c1_0.cust_id,c1_0.address,c1_0.email,c1_0.cust_name,c1_0.phone,o2_0.employee_id,e1_0.emp_id,e1_0.address,e1_0.dob,e1_0.email,e1_0.full_name,e1_0.phone,e1_0.status,o2_0.order_date,o1_0.product_id,p1_0.product_id,p1_0.description,p1_0.manufacturer_name,p1_0.name,p1_0.status,p1_0.unit,p2_0.product_id,p2_0.image_id,p2_0.alternative,p2_0.path,o1_0.note,o1_0.price,o1_0.quantity from order_detail o1_0 join orders o2_0 on o2_0.order_id=o1_0.order_id left join customer c1_0 on c1_0.cust_id=o2_0.cust_id left join employee e1_0 on e1_0.emp_id=o2_0.employee_id join product p1_0 on p1_0.product_id=o1_0.product_id left join product_image p2_0 on p1_0.product_id=p2_0.product_id where (o1_0.order_id,o1_0.product_id) in ((?,?))
Hibernate: select o1_0.order_id,c1_0.cust_id,c1_0.address,c1_0.email,c1_0.cust_name,c1_0.phone,o1_0.employee_id,e1_0.emp_id,e1_0.address,e1_0.dob,e1_0.email,e1_0.full_name,e1_0.phone,e1_0.status,o1_0.order_date,o2_0.order_id,o2_0.product_id,p1_0.product_id,p1_0.description,p1_0.manufacturer_name,p1_0.name,p1_0.status,p1_0.unit,o2_0.note,o2_0.price,o2_0.quantity from orders o1_0 left join customer c1_0 on c1_0.cust_id=o1_0.cust_id join employee e1_0 on e1_0.emp_id=o1_0.employee_id left join order_detail o2_0 on o1_0.order_id=o2_0.order_id left join product p1_0 on p1_0.product_id=o2_0.product_id where o1_0.order_id=?
Hibernate: select p1_0.product_id,p1_0.price_date_time,p1_0.note,p1_0.price from product_price p1_0 where p1_0.product_id=?
Hibernate: select p1_0.product_id,p1_0.image_id,p1_0.alternative,p1_0.path from product_image p1_0 where p1_0.product_id=?
Hibernate: select o1_0.product_id,o1_0.order_id,o2_0.order_id,c1_0.cust_id,c1_0.address,c1_0.email,c1_0.cust_name,c1_0.phone,o2_0.employee_id,e1_0.emp_id,e1_0.address,e1_0.dob,e1_0.email,e1_0.full_name,e1_0.phone,e1_0.status,o2_0.order_date,o1_0.note,o1_0.price,o1_0.quantity from order_detail o1_0 join orders o2_0 on o2_0.order_id=o1_0.order_id left join customer c1_0 on c1_0.cust_id=o2_0.cust_id left join employee e1_0 on e1_0.emp_id=o2_0.employee_id where o1_0.product_id=?
Hibernate: select p1_0.product_id,p1_0.price_date_time,p1_0.note,p1_0.price from product_price p1_0 where p1_0.product_id=?
Hibernate: select p1_0.product_id,p1_0.image_id,p1_0.alternative,p1_0.path from product_image p1_0 where p1_0.product_id=?
Hibernate: select o1_0.product_id,o1_0.order_id,o2_0.order_id,c1_0.cust_id,c1_0.address,c1_0.email,c1_0.cust_name,c1_0.phone,o2_0.employee_id,e1_0.emp_id,e1_0.address,e1_0.dob,e1_0.email,e1_0.full_name,e1_0.phone,e1_0.status,o2_0.order_date,o1_0.note,o1_0.price,o1_0.quantity from order_detail o1_0 join orders o2_0 on o2_0.order_id=o1_0.order_id left join customer c1_0 on c1_0.cust_id=o2_0.cust_id left join employee e1_0 on e1_0.emp_id=o2_0.employee_id where o1_0.product_id=?
Hibernate: select l1_0.employee_id,l1_0.order_id,c1_0.cust_id,c1_0.address,c1_0.email,c1_0.cust_name,c1_0.phone,l1_0.order_date from orders l1_0 left join customer c1_0 on c1_0.cust_id=l1_0.cust_id where l1_0.employee_id=?
Hibernate: select p1_0.product_id,p1_0.description,p1_0.manufacturer_name,p1_0.name,p1_0.status,p1_0.unit,o1_0.product_id,o1_0.order_id,o2_0.order_id,c1_0.cust_id,c1_0.address,c1_0.email,c1_0.cust_name,c1_0.phone,o2_0.employee_id,e1_0.emp_id,e1_0.address,e1_0.dob,e1_0.email,e1_0.full_name,e1_0.phone,e1_0.status,o2_0.order_date,o1_0.note,o1_0.price,o1_0.quantity from product p1_0 left join order_detail o1_0 on p1_0.product_id=o1_0.product_id left join orders o2_0 on o2_0.order_id=o1_0.order_id left join customer c1_0 on c1_0.cust_id=o2_0.cust_id left join employee e1_0 on e1_0.emp_id=o2_0.employee_id where p1_0.product_id=?
Hibernate: select o1_0.order_id,o1_0.product_id,p1_0.product_id,p1_0.description,p1_0.manufacturer_name,p1_0.name,p1_0.status,p1_0.unit,o1_0.note,o1_0.price,o1_0.quantity from order_detail o1_0 join product p1_0 on p1_0.product_id=o1_0.product_id where o1_0.order_id=?
Hibernate: select l1_0.employee_id,l1_0.order_id,c1_0.cust_id,c1_0.address,c1_0.email,c1_0.cust_name,c1_0.phone,l1_0.order_date from orders l1_0 left join customer c1_0 on c1_0.cust_id=l1_0.cust_id where l1_0.employee_id=?
Hibernate: select o1_0.order_id,o1_0.product_id,p1_0.product_id,p1_0.description,p1_0.manufacturer_name,p1_0.name,p1_0.status,p1_0.unit,o1_0.note,o1_0.price,o1_0.quantity from order_detail o1_0 join product p1_0 on p1_0.product_id=o1_0.product_id where o1_0.order_id=?
Hibernate: select l1_0.employee_id,l1_0.order_id,c1_0.cust_id,c1_0.address,c1_0.email,c1_0.cust_name,c1_0.phone,l1_0.order_date from orders l1_0 left join customer c1_0 on c1_0.cust_id=l1_0.cust_id where l1_0.employee_id=?
Hibernate: select p1_0.product_id,p1_0.price_date_time,p1_0.note,p1_0.price from product_price p1_0 where p1_0.product_id=?
Hibernate: select p1_0.product_id,p1_0.image_id,p1_0.alternative,p1_0.path from product_image p1_0 where p1_0.product_id=?
Hibernate: insert into order_detail (note,price,quantity,order_id,product_id) values (?,?,?,?,?)
Hibernate: update orders set cust_id=?,employee_id=?,order_date=? where order_id=?
Hibernate: select e1_0.emp_id,e1_0.address,e1_0.dob,e1_0.email,e1_0.full_name,e1_0.phone,e1_0.status from employee e1_0 where e1_0.emp_id=?
Hibernate: select c1_0.cust_id,c1_0.address,c1_0.email,c1_0.cust_name,c1_0.phone from customer c1_0 where c1_0.cust_id=?
Hibernate: select o1_0.order_id,c1_0.cust_id,c1_0.address,c1_0.email,c1_0.cust_name,c1_0.phone,o1_0.employee_id,e1_0.emp_id,e1_0.address,e1_0.dob,e1_0.email,e1_0.full_name,e1_0.phone,e1_0.status,o1_0.order_date,o2_0.order_id,o2_0.product_id,p1_0.product_id,p1_0.description,p1_0.manufacturer_name,p1_0.name,p1_0.status,p1_0.unit,o2_0.note,o2_0.price,o2_0.quantity from orders o1_0 left join customer c1_0 on c1_0.cust_id=o1_0.cust_id join employee e1_0 on e1_0.emp_id=o1_0.employee_id left join order_detail o2_0 on o1_0.order_id=o2_0.order_id left join product p1_0 on p1_0.product_id=o2_0.product_id where o1_0.order_id=?
Hibernate: select c1_0.cust_id,c1_0.address,c1_0.email,c1_0.cust_name,c1_0.phone from customer c1_0 where c1_0.cust_id=?
Hibernate: select e1_0.emp_id,e1_0.address,e1_0.dob,e1_0.email,e1_0.full_name,e1_0.phone,e1_0.status from employee e1_0 where e1_0.emp_id=?
Hibernate: insert into orders (cust_id,employee_id,order_date,order_id) values (?,?,?,default)
Hibernate: select p1_0.product_id,p1_0.description,p1_0.manufacturer_name,p1_0.name,p1_0.status,p1_0.unit from product p1_0 where p1_0.product_id=?
Hibernate: select o1_0.order_id,o2_0.order_id,c1_0.cust_id,c1_0.address,c1_0.email,c1_0.cust_name,c1_0.phone,o2_0.employee_id,e1_0.emp_id,e1_0.address,e1_0.dob,e1_0.email,e1_0.full_name,e1_0.phone,e1_0.status,o2_0.order_date,o1_0.product_id,p1_0.product_id,p1_0.description,p1_0.manufacturer_name,p1_0.name,p1_0.status,p1_0.unit,p2_0.product_id,p2_0.image_id,p2_0.alternative,p2_0.path,o1_0.note,o1_0.price,o1_0.quantity from order_detail o1_0 join orders o2_0 on o2_0.order_id=o1_0.order_id left join customer c1_0 on c1_0.cust_id=o2_0.cust_id left join employee e1_0 on e1_0.emp_id=o2_0.employee_id join product p1_0 on p1_0.product_id=o1_0.product_id left join product_image p2_0 on p1_0.product_id=p2_0.product_id where (o1_0.order_id,o1_0.product_id) in ((?,?))
Hibernate: select o1_0.order_id,c1_0.cust_id,c1_0.address,c1_0.email,c1_0.cust_name,c1_0.phone,o1_0.employee_id,e1_0.emp_id,e1_0.address,e1_0.dob,e1_0.email,e1_0.full_name,e1_0.phone,e1_0.status,o1_0.order_date,o2_0.order_id,o2_0.product_id,p1_0.product_id,p1_0.description,p1_0.manufacturer_name,p1_0.name,p1_0.status,p1_0.unit,o2_0.note,o2_0.price,o2_0.quantity from orders o1_0 left join customer c1_0 on c1_0.cust_id=o1_0.cust_id join employee e1_0 on e1_0.emp_id=o1_0.employee_id left join order_detail o2_0 on o1_0.order_id=o2_0.order_id left join product p1_0 on p1_0.product_id=o2_0.product_id where o1_0.order_id=?
Hibernate: select l1_0.employee_id,l1_0.order_id,c1_0.cust_id,c1_0.address,c1_0.email,c1_0.cust_name,c1_0.phone,l1_0.order_date from orders l1_0 left join customer c1_0 on c1_0.cust_id=l1_0.cust_id where l1_0.employee_id=?
Hibernate: select p1_0.product_id,p1_0.description,p1_0.manufacturer_name,p1_0.name,p1_0.status,p1_0.unit,o1_0.product_id,o1_0.order_id,o2_0.order_id,c1_0.cust_id,c1_0.address,c1_0.email,c1_0.cust_name,c1_0.phone,o2_0.employee_id,e1_0.emp_id,e1_0.address,e1_0.dob,e1_0.email,e1_0.full_name,e1_0.phone,e1_0.status,o2_0.order_date,o1_0.note,o1_0.price,o1_0.quantity from product p1_0 left join order_detail o1_0 on p1_0.product_id=o1_0.product_id left join orders o2_0 on o2_0.order_id=o1_0.order_id left join customer c1_0 on c1_0.cust_id=o2_0.cust_id left join employee e1_0 on e1_0.emp_id=o2_0.employee_id where p1_0.product_id=?
Hibernate: select p1_0.product_id,p1_0.price_date_time,p1_0.note,p1_0.price from product_price p1_0 where p1_0.product_id=?
Hibernate: select p1_0.product_id,p1_0.image_id,p1_0.alternative,p1_0.path from product_image p1_0 where p1_0.product_id=?
Hibernate: insert into order_detail (note,price,quantity,order_id,product_id) values (?,?,?,?,?)
Hibernate: update orders set cust_id=?,employee_id=?,order_date=? where order_id=?
Hibernate: select p1_0.product_id,p1_0.description,p1_0.manufacturer_name,p1_0.name,p1_0.status,p1_0.unit from product p1_0 where p1_0.product_id=?
Hibernate: select o1_0.order_id,o2_0.order_id,c1_0.cust_id,c1_0.address,c1_0.email,c1_0.cust_name,c1_0.phone,o2_0.employee_id,e1_0.emp_id,e1_0.address,e1_0.dob,e1_0.email,e1_0.full_name,e1_0.phone,e1_0.status,o2_0.order_date,o1_0.product_id,p1_0.product_id,p1_0.description,p1_0.manufacturer_name,p1_0.name,p1_0.status,p1_0.unit,p2_0.product_id,p2_0.image_id,p2_0.alternative,p2_0.path,o1_0.note,o1_0.price,o1_0.quantity from order_detail o1_0 join orders o2_0 on o2_0.order_id=o1_0.order_id left join customer c1_0 on c1_0.cust_id=o2_0.cust_id left join employee e1_0 on e1_0.emp_id=o2_0.employee_id join product p1_0 on p1_0.product_id=o1_0.product_id left join product_image p2_0 on p1_0.product_id=p2_0.product_id where (o1_0.order_id,o1_0.product_id) in ((?,?))
Hibernate: select o1_0.order_id,c1_0.cust_id,c1_0.address,c1_0.email,c1_0.cust_name,c1_0.phone,o1_0.employee_id,e1_0.emp_id,e1_0.address,e1_0.dob,e1_0.email,e1_0.full_name,e1_0.phone,e1_0.status,o1_0.order_date,o2_0.order_id,o2_0.product_id,p1_0.product_id,p1_0.description,p1_0.manufacturer_name,p1_0.name,p1_0.status,p1_0.unit,o2_0.note,o2_0.price,o2_0.quantity from orders o1_0 left join customer c1_0 on c1_0.cust_id=o1_0.cust_id join employee e1_0 on e1_0.emp_id=o1_0.employee_id left join order_detail o2_0 on o1_0.order_id=o2_0.order_id left join product p1_0 on p1_0.product_id=o2_0.product_id where o1_0.order_id=?
Hibernate: select p1_0.product_id,p1_0.price_date_time,p1_0.note,p1_0.price from product_price p1_0 where p1_0.product_id=?
Hibernate: select p1_0.product_id,p1_0.image_id,p1_0.alternative,p1_0.path from product_image p1_0 where p1_0.product_id=?
Hibernate: select o1_0.product_id,o1_0.order_id,o2_0.order_id,c1_0.cust_id,c1_0.address,c1_0.email,c1_0.cust_name,c1_0.phone,o2_0.employee_id,e1_0.emp_id,e1_0.address,e1_0.dob,e1_0.email,e1_0.full_name,e1_0.phone,e1_0.status,o2_0.order_date,o1_0.note,o1_0.price,o1_0.quantity from order_detail o1_0 join orders o2_0 on o2_0.order_id=o1_0.order_id left join customer c1_0 on c1_0.cust_id=o2_0.cust_id left join employee e1_0 on e1_0.emp_id=o2_0.employee_id where o1_0.product_id=?
Hibernate: select l1_0.employee_id,l1_0.order_id,c1_0.cust_id,c1_0.address,c1_0.email,c1_0.cust_name,c1_0.phone,l1_0.order_date from orders l1_0 left join customer c1_0 on c1_0.cust_id=l1_0.cust_id where l1_0.employee_id=?
Hibernate: select p1_0.product_id,p1_0.description,p1_0.manufacturer_name,p1_0.name,p1_0.status,p1_0.unit,o1_0.product_id,o1_0.order_id,o2_0.order_id,c1_0.cust_id,c1_0.address,c1_0.email,c1_0.cust_name,c1_0.phone,o2_0.employee_id,e1_0.emp_id,e1_0.address,e1_0.dob,e1_0.email,e1_0.full_name,e1_0.phone,e1_0.status,o2_0.order_date,o1_0.note,o1_0.price,o1_0.quantity from product p1_0 left join order_detail o1_0 on p1_0.product_id=o1_0.product_id left join orders o2_0 on o2_0.order_id=o1_0.order_id left join customer c1_0 on c1_0.cust_id=o2_0.cust_id left join employee e1_0 on e1_0.emp_id=o2_0.employee_id where p1_0.product_id=?
Hibernate: select o1_0.order_id,o1_0.product_id,p1_0.product_id,p1_0.description,p1_0.manufacturer_name,p1_0.name,p1_0.status,p1_0.unit,o1_0.note,o1_0.price,o1_0.quantity from order_detail o1_0 join product p1_0 on p1_0.product_id=o1_0.product_id where o1_0.order_id=?
Hibernate: select l1_0.employee_id,l1_0.order_id,c1_0.cust_id,c1_0.address,c1_0.email,c1_0.cust_name,c1_0.phone,l1_0.order_date from orders l1_0 left join customer c1_0 on c1_0.cust_id=l1_0.cust_id where l1_0.employee_id=?
Hibernate: select p1_0.product_id,p1_0.price_date_time,p1_0.note,p1_0.price from product_price p1_0 where p1_0.product_id=?
Hibernate: select p1_0.product_id,p1_0.image_id,p1_0.alternative,p1_0.path from product_image p1_0 where p1_0.product_id=?
Hibernate: select o1_0.order_id,o1_0.product_id,p1_0.product_id,p1_0.description,p1_0.manufacturer_name,p1_0.name,p1_0.status,p1_0.unit,o1_0.note,o1_0.price,o1_0.quantity from order_detail o1_0 join product p1_0 on p1_0.product_id=o1_0.product_id where o1_0.order_id=?
Hibernate: select l1_0.employee_id,l1_0.order_id,c1_0.cust_id,c1_0.address,c1_0.email,c1_0.cust_name,c1_0.phone,l1_0.order_date from orders l1_0 left join customer c1_0 on c1_0.cust_id=l1_0.cust_id where l1_0.employee_id=?
Hibernate: insert into order_detail (note,price,quantity,order_id,product_id) values (?,?,?,?,?)
Hibernate: update orders set cust_id=?,employee_id=?,order_date=? where order_id=?
Hibernate: select p1_0.product_id,p1_0.description,p1_0.manufacturer_name,p1_0.name,p1_0.status,p1_0.unit from product p1_0 where p1_0.product_id=?
Hibernate: select o1_0.order_id,o2_0.order_id,c1_0.cust_id,c1_0.address,c1_0.email,c1_0.cust_name,c1_0.phone,o2_0.employee_id,e1_0.emp_id,e1_0.address,e1_0.dob,e1_0.email,e1_0.full_name,e1_0.phone,e1_0.status,o2_0.order_date,o1_0.product_id,p1_0.product_id,p1_0.description,p1_0.manufacturer_name,p1_0.name,p1_0.status,p1_0.unit,p2_0.product_id,p2_0.image_id,p2_0.alternative,p2_0.path,o1_0.note,o1_0.price,o1_0.quantity from order_detail o1_0 join orders o2_0 on o2_0.order_id=o1_0.order_id left join customer c1_0 on c1_0.cust_id=o2_0.cust_id left join employee e1_0 on e1_0.emp_id=o2_0.employee_id join product p1_0 on p1_0.product_id=o1_0.product_id left join product_image p2_0 on p1_0.product_id=p2_0.product_id where (o1_0.order_id,o1_0.product_id) in ((?,?))
Hibernate: select o1_0.order_id,c1_0.cust_id,c1_0.address,c1_0.email,c1_0.cust_name,c1_0.phone,o1_0.employee_id,e1_0.emp_id,e1_0.address,e1_0.dob,e1_0.email,e1_0.full_name,e1_0.phone,e1_0.status,o1_0.order_date,o2_0.order_id,o2_0.product_id,p1_0.product_id,p1_0.description,p1_0.manufacturer_name,p1_0.name,p1_0.status,p1_0.unit,o2_0.note,o2_0.price,o2_0.quantity from orders o1_0 left join customer c1_0 on c1_0.cust_id=o1_0.cust_id join employee e1_0 on e1_0.emp_id=o1_0.employee_id left join order_detail o2_0 on o1_0.order_id=o2_0.order_id left join product p1_0 on p1_0.product_id=o2_0.product_id where o1_0.order_id=?
Hibernate: select p1_0.product_id,p1_0.price_date_time,p1_0.note,p1_0.price from product_price p1_0 where p1_0.product_id=?
Hibernate: select p1_0.product_id,p1_0.image_id,p1_0.alternative,p1_0.path from product_image p1_0 where p1_0.product_id=?
Hibernate: select o1_0.product_id,o1_0.order_id,o2_0.order_id,c1_0.cust_id,c1_0.address,c1_0.email,c1_0.cust_name,c1_0.phone,o2_0.employee_id,e1_0.emp_id,e1_0.address,e1_0.dob,e1_0.email,e1_0.full_name,e1_0.phone,e1_0.status,o2_0.order_date,o1_0.note,o1_0.price,o1_0.quantity from order_detail o1_0 join orders o2_0 on o2_0.order_id=o1_0.order_id left join customer c1_0 on c1_0.cust_id=o2_0.cust_id left join employee e1_0 on e1_0.emp_id=o2_0.employee_id where o1_0.product_id=?
Hibernate: select p1_0.product_id,p1_0.price_date_time,p1_0.note,p1_0.price from product_price p1_0 where p1_0.product_id=?
Hibernate: select p1_0.product_id,p1_0.image_id,p1_0.alternative,p1_0.path from product_image p1_0 where p1_0.product_id=?
Hibernate: select o1_0.product_id,o1_0.order_id,o2_0.order_id,c1_0.cust_id,c1_0.address,c1_0.email,c1_0.cust_name,c1_0.phone,o2_0.employee_id,e1_0.emp_id,e1_0.address,e1_0.dob,e1_0.email,e1_0.full_name,e1_0.phone,e1_0.status,o2_0.order_date,o1_0.note,o1_0.price,o1_0.quantity from order_detail o1_0 join orders o2_0 on o2_0.order_id=o1_0.order_id left join customer c1_0 on c1_0.cust_id=o2_0.cust_id left join employee e1_0 on e1_0.emp_id=o2_0.employee_id where o1_0.product_id=?
Hibernate: select l1_0.employee_id,l1_0.order_id,c1_0.cust_id,c1_0.address,c1_0.email,c1_0.cust_name,c1_0.phone,l1_0.order_date from orders l1_0 left join customer c1_0 on c1_0.cust_id=l1_0.cust_id where l1_0.employee_id=?
Hibernate: select p1_0.product_id,p1_0.description,p1_0.manufacturer_name,p1_0.name,p1_0.status,p1_0.unit,o1_0.product_id,o1_0.order_id,o2_0.order_id,c1_0.cust_id,c1_0.address,c1_0.email,c1_0.cust_name,c1_0.phone,o2_0.employee_id,e1_0.emp_id,e1_0.address,e1_0.dob,e1_0.email,e1_0.full_name,e1_0.phone,e1_0.status,o2_0.order_date,o1_0.note,o1_0.price,o1_0.quantity from product p1_0 left join order_detail o1_0 on p1_0.product_id=o1_0.product_id left join orders o2_0 on o2_0.order_id=o1_0.order_id left join customer c1_0 on c1_0.cust_id=o2_0.cust_id left join employee e1_0 on e1_0.emp_id=o2_0.employee_id where p1_0.product_id=?
Hibernate: select p1_0.product_id,p1_0.price_date_time,p1_0.note,p1_0.price from product_price p1_0 where p1_0.product_id=?
Hibernate: select p1_0.product_id,p1_0.image_id,p1_0.alternative,p1_0.path from product_image p1_0 where p1_0.product_id=?
Hibernate: select o1_0.order_id,o1_0.product_id,p1_0.product_id,p1_0.description,p1_0.manufacturer_name,p1_0.name,p1_0.status,p1_0.unit,o1_0.note,o1_0.price,o1_0.quantity from order_detail o1_0 join product p1_0 on p1_0.product_id=o1_0.product_id where o1_0.order_id=?
Hibernate: insert into order_detail (note,price,quantity,order_id,product_id) values (?,?,?,?,?)
Hibernate: update orders set cust_id=?,employee_id=?,order_date=? where order_id=?
Hibernate: select e1_0.emp_id,e1_0.address,e1_0.dob,e1_0.email,e1_0.full_name,e1_0.phone,e1_0.status from employee e1_0 where e1_0.emp_id=?
Hibernate: select c1_0.cust_id,c1_0.address,c1_0.email,c1_0.cust_name,c1_0.phone from customer c1_0 where c1_0.cust_id=?
Hibernate: select o1_0.order_id,c1_0.cust_id,c1_0.address,c1_0.email,c1_0.cust_name,c1_0.phone,o1_0.employee_id,e1_0.emp_id,e1_0.address,e1_0.dob,e1_0.email,e1_0.full_name,e1_0.phone,e1_0.status,o1_0.order_date,o2_0.order_id,o2_0.product_id,p1_0.product_id,p1_0.description,p1_0.manufacturer_name,p1_0.name,p1_0.status,p1_0.unit,o2_0.note,o2_0.price,o2_0.quantity from orders o1_0 left join customer c1_0 on c1_0.cust_id=o1_0.cust_id join employee e1_0 on e1_0.emp_id=o1_0.employee_id left join order_detail o2_0 on o1_0.order_id=o2_0.order_id left join product p1_0 on p1_0.product_id=o2_0.product_id where o1_0.order_id=?
Hibernate: select c1_0.cust_id,c1_0.address,c1_0.email,c1_0.cust_name,c1_0.phone from customer c1_0 where c1_0.cust_id=?
Hibernate: select e1_0.emp_id,e1_0.address,e1_0.dob,e1_0.email,e1_0.full_name,e1_0.phone,e1_0.status from employee e1_0 where e1_0.emp_id=?
Hibernate: insert into orders (cust_id,employee_id,order_date,order_id) values (?,?,?,default)
Hibernate: select p1_0.product_id,p1_0.description,p1_0.manufacturer_name,p1_0.name,p1_0.status,p1_0.unit from product p1_0 where p1_0.product_id=?
Hibernate: select o1_0.order_id,o2_0.order_id,c1_0.cust_id,c1_0.address,c1_0.email,c1_0.cust_name,c1_0.phone,o2_0.employee_id,e1_0.emp_id,e1_0.address,e1_0.dob,e1_0.email,e1_0.full_name,e1_0.phone,e1_0.status,o2_0.order_date,o1_0.product_id,p1_0.product_id,p1_0.description,p1_0.manufacturer_name,p1_0.name,p1_0.status,p1_0.unit,p2_0.product_id,p2_0.image_id,p2_0.alternative,p2_0.path,o1_0.note,o1_0.price,o1_0.quantity from order_detail o1_0 join orders o2_0 on o2_0.order_id=o1_0.order_id left join customer c1_0 on c1_0.cust_id=o2_0.cust_id left join employee e1_0 on e1_0.emp_id=o2_0.employee_id join product p1_0 on p1_0.product_id=o1_0.product_id left join product_image p2_0 on p1_0.product_id=p2_0.product_id where (o1_0.order_id,o1_0.product_id) in ((?,?))
Hibernate: select o1_0.order_id,c1_0.cust_id,c1_0.address,c1_0.email,c1_0.cust_name,c1_0.phone,o1_0.employee_id,e1_0.emp_id,e1_0.address,e1_0.dob,e1_0.email,e1_0.full_name,e1_0.phone,e1_0.status,o1_0.order_date,o2_0.order_id,o2_0.product_id,p1_0.product_id,p1_0.description,p1_0.manufacturer_name,p1_0.name,p1_0.status,p1_0.unit,o2_0.note,o2_0.price,o2_0.quantity from orders o1_0 left join customer c1_0 on c1_0.cust_id=o1_0.cust_id join employee e1_0 on e1_0.emp_id=o1_0.employee_id left join order_detail o2_0 on o1_0.order_id=o2_0.order_id left join product p1_0 on p1_0.product_id=o2_0.product_id where o1_0.order_id=?
Hibernate: select l1_0.employee_id,l1_0.order_id,c1_0.cust_id,c1_0.address,c1_0.email,c1_0.cust_name,c1_0.phone,l1_0.order_date from orders l1_0 left join customer c1_0 on c1_0.cust_id=l1_0.cust_id where l1_0.employee_id=?
Hibernate: select p1_0.product_id,p1_0.description,p1_0.manufacturer_name,p1_0.name,p1_0.status,p1_0.unit,o1_0.product_id,o1_0.order_id,o2_0.order_id,c1_0.cust_id,c1_0.address,c1_0.email,c1_0.cust_name,c1_0.phone,o2_0.employee_id,e1_0.emp_id,e1_0.address,e1_0.dob,e1_0.email,e1_0.full_name,e1_0.phone,e1_0.status,o2_0.order_date,o1_0.note,o1_0.price,o1_0.quantity from product p1_0 left join order_detail o1_0 on p1_0.product_id=o1_0.product_id left join orders o2_0 on o2_0.order_id=o1_0.order_id left join customer c1_0 on c1_0.cust_id=o2_0.cust_id left join employee e1_0 on e1_0.emp_id=o2_0.employee_id where p1_0.product_id=?
Hibernate: select p1_0.product_id,p1_0.price_date_time,p1_0.note,p1_0.price from product_price p1_0 where p1_0.product_id=?
Hibernate: select p1_0.product_id,p1_0.image_id,p1_0.alternative,p1_0.path from product_image p1_0 where p1_0.product_id=?
Hibernate: select o1_0.order_id,o1_0.product_id,p1_0.product_id,p1_0.description,p1_0.manufacturer_name,p1_0.name,p1_0.status,p1_0.unit,o1_0.note,o1_0.price,o1_0.quantity from order_detail o1_0 join product p1_0 on p1_0.product_id=o1_0.product_id where o1_0.order_id=?
Hibernate: select l1_0.employee_id,l1_0.order_id,c1_0.cust_id,c1_0.address,c1_0.email,c1_0.cust_name,c1_0.phone,l1_0.order_date from orders l1_0 left join customer c1_0 on c1_0.cust_id=l1_0.cust_id where l1_0.employee_id=?
Hibernate: insert into order_detail (note,price,quantity,order_id,product_id) values (?,?,?,?,?)
Hibernate: update orders set cust_id=?,employee_id=?,order_date=? where order_id=?
Hibernate: select p1_0.product_id,p1_0.description,p1_0.manufacturer_name,p1_0.name,p1_0.status,p1_0.unit from product p1_0 where p1_0.product_id=?
Hibernate: select o1_0.order_id,o2_0.order_id,c1_0.cust_id,c1_0.address,c1_0.email,c1_0.cust_name,c1_0.phone,o2_0.employee_id,e1_0.emp_id,e1_0.address,e1_0.dob,e1_0.email,e1_0.full_name,e1_0.phone,e1_0.status,o2_0.order_date,o1_0.product_id,p1_0.product_id,p1_0.description,p1_0.manufacturer_name,p1_0.name,p1_0.status,p1_0.unit,p2_0.product_id,p2_0.image_id,p2_0.alternative,p2_0.path,o1_0.note,o1_0.price,o1_0.quantity from order_detail o1_0 join orders o2_0 on o2_0.order_id=o1_0.order_id left join customer c1_0 on c1_0.cust_id=o2_0.cust_id left join employee e1_0 on e1_0.emp_id=o2_0.employee_id join product p1_0 on p1_0.product_id=o1_0.product_id left join product_image p2_0 on p1_0.product_id=p2_0.product_id where (o1_0.order_id,o1_0.product_id) in ((?,?))
Hibernate: select o1_0.order_id,c1_0.cust_id,c1_0.address,c1_0.email,c1_0.cust_name,c1_0.phone,o1_0.employee_id,e1_0.emp_id,e1_0.address,e1_0.dob,e1_0.email,e1_0.full_name,e1_0.phone,e1_0.status,o1_0.order_date,o2_0.order_id,o2_0.product_id,p1_0.product_id,p1_0.description,p1_0.manufacturer_name,p1_0.name,p1_0.status,p1_0.unit,o2_0.note,o2_0.price,o2_0.quantity from orders o1_0 left join customer c1_0 on c1_0.cust_id=o1_0.cust_id join employee e1_0 on e1_0.emp_id=o1_0.employee_id left join order_detail o2_0 on o1_0.order_id=o2_0.order_id left join product p1_0 on p1_0.product_id=o2_0.product_id where o1_0.order_id=?
Hibernate: select p1_0.product_id,p1_0.price_date_time,p1_0.note,p1_0.price from product_price p1_0 where p1_0.product_id=?
Hibernate: select p1_0.product_id,p1_0.image_id,p1_0.alternative,p1_0.path from product_image p1_0 where p1_0.product_id=?
Hibernate: select o1_0.product_id,o1_0.order_id,o2_0.order_id,c1_0.cust_id,c1_0.address,c1_0.email,c1_0.cust_name,c1_0.phone,o2_0.employee_id,e1_0.emp_id,e1_0.address,e1_0.dob,e1_0.email,e1_0.full_name,e1_0.phone,e1_0.status,o2_0.order_date,o1_0.note,o1_0.price,o1_0.quantity from order_detail o1_0 join orders o2_0 on o2_0.order_id=o1_0.order_id left join customer c1_0 on c1_0.cust_id=o2_0.cust_id left join employee e1_0 on e1_0.emp_id=o2_0.employee_id where o1_0.product_id=?
Hibernate: select l1_0.employee_id,l1_0.order_id,c1_0.cust_id,c1_0.address,c1_0.email,c1_0.cust_name,c1_0.phone,l1_0.order_date from orders l1_0 left join customer c1_0 on c1_0.cust_id=l1_0.cust_id where l1_0.employee_id=?
Hibernate: select p1_0.product_id,p1_0.description,p1_0.manufacturer_name,p1_0.name,p1_0.status,p1_0.unit,o1_0.product_id,o1_0.order_id,o2_0.order_id,c1_0.cust_id,c1_0.address,c1_0.email,c1_0.cust_name,c1_0.phone,o2_0.employee_id,e1_0.emp_id,e1_0.address,e1_0.dob,e1_0.email,e1_0.full_name,e1_0.phone,e1_0.status,o2_0.order_date,o1_0.note,o1_0.price,o1_0.quantity from product p1_0 left join order_detail o1_0 on p1_0.product_id=o1_0.product_id left join orders o2_0 on o2_0.order_id=o1_0.order_id left join customer c1_0 on c1_0.cust_id=o2_0.cust_id left join employee e1_0 on e1_0.emp_id=o2_0.employee_id where p1_0.product_id=?
Hibernate: select p1_0.product_id,p1_0.price_date_time,p1_0.note,p1_0.price from product_price p1_0 where p1_0.product_id=?
Hibernate: select p1_0.product_id,p1_0.image_id,p1_0.alternative,p1_0.path from product_image p1_0 where p1_0.product_id=?
Hibernate: select o1_0.order_id,o1_0.product_id,p1_0.product_id,p1_0.description,p1_0.manufacturer_name,p1_0.name,p1_0.status,p1_0.unit,o1_0.note,o1_0.price,o1_0.quantity from order_detail o1_0 join product p1_0 on p1_0.product_id=o1_0.product_id where o1_0.order_id=?
Hibernate: select l1_0.employee_id,l1_0.order_id,c1_0.cust_id,c1_0.address,c1_0.email,c1_0.cust_name,c1_0.phone,l1_0.order_date from orders l1_0 left join customer c1_0 on c1_0.cust_id=l1_0.cust_id where l1_0.employee_id=?
Hibernate: insert into order_detail (note,price,quantity,order_id,product_id) values (?,?,?,?,?)
Hibernate: update orders set cust_id=?,employee_id=?,order_date=? where order_id=?
Hibernate: select p1_0.product_id,p1_0.description,p1_0.manufacturer_name,p1_0.name,p1_0.status,p1_0.unit from product p1_0 where p1_0.product_id=?
Hibernate: select o1_0.order_id,o2_0.order_id,c1_0.cust_id,c1_0.address,c1_0.email,c1_0.cust_name,c1_0.phone,o2_0.employee_id,e1_0.emp_id,e1_0.address,e1_0.dob,e1_0.email,e1_0.full_name,e1_0.phone,e1_0.status,o2_0.order_date,o1_0.product_id,p1_0.product_id,p1_0.description,p1_0.manufacturer_name,p1_0.name,p1_0.status,p1_0.unit,p2_0.product_id,p2_0.image_id,p2_0.alternative,p2_0.path,o1_0.note,o1_0.price,o1_0.quantity from order_detail o1_0 join orders o2_0 on o2_0.order_id=o1_0.order_id left join customer c1_0 on c1_0.cust_id=o2_0.cust_id left join employee e1_0 on e1_0.emp_id=o2_0.employee_id join product p1_0 on p1_0.product_id=o1_0.product_id left join product_image p2_0 on p1_0.product_id=p2_0.product_id where (o1_0.order_id,o1_0.product_id) in ((?,?))
Hibernate: select o1_0.order_id,c1_0.cust_id,c1_0.address,c1_0.email,c1_0.cust_name,c1_0.phone,o1_0.employee_id,e1_0.emp_id,e1_0.address,e1_0.dob,e1_0.email,e1_0.full_name,e1_0.phone,e1_0.status,o1_0.order_date,o2_0.order_id,o2_0.product_id,p1_0.product_id,p1_0.description,p1_0.manufacturer_name,p1_0.name,p1_0.status,p1_0.unit,o2_0.note,o2_0.price,o2_0.quantity from orders o1_0 left join customer c1_0 on c1_0.cust_id=o1_0.cust_id join employee e1_0 on e1_0.emp_id=o1_0.employee_id left join order_detail o2_0 on o1_0.order_id=o2_0.order_id left join product p1_0 on p1_0.product_id=o2_0.product_id where o1_0.order_id=?
Hibernate: select p1_0.product_id,p1_0.price_date_time,p1_0.note,p1_0.price from product_price p1_0 where p1_0.product_id=?
Hibernate: select p1_0.product_id,p1_0.image_id,p1_0.alternative,p1_0.path from product_image p1_0 where p1_0.product_id=?
Hibernate: select o1_0.product_id,o1_0.order_id,o2_0.order_id,c1_0.cust_id,c1_0.address,c1_0.email,c1_0.cust_name,c1_0.phone,o2_0.employee_id,e1_0.emp_id,e1_0.address,e1_0.dob,e1_0.email,e1_0.full_name,e1_0.phone,e1_0.status,o2_0.order_date,o1_0.note,o1_0.price,o1_0.quantity from order_detail o1_0 join orders o2_0 on o2_0.order_id=o1_0.order_id left join customer c1_0 on c1_0.cust_id=o2_0.cust_id left join employee e1_0 on e1_0.emp_id=o2_0.employee_id where o1_0.product_id=?
Hibernate: select p1_0.product_id,p1_0.price_date_time,p1_0.note,p1_0.price from product_price p1_0 where p1_0.product_id=?
Hibernate: select p1_0.product_id,p1_0.image_id,p1_0.alternative,p1_0.path from product_image p1_0 where p1_0.product_id=?
Hibernate: select o1_0.product_id,o1_0.order_id,o2_0.order_id,c1_0.cust_id,c1_0.address,c1_0.email,c1_0.cust_name,c1_0.phone,o2_0.employee_id,e1_0.emp_id,e1_0.address,e1_0.dob,e1_0.email,e1_0.full_name,e1_0.phone,e1_0.status,o2_0.order_date,o1_0.note,o1_0.price,o1_0.quantity from order_detail o1_0 join orders o2_0 on o2_0.order_id=o1_0.order_id left join customer c1_0 on c1_0.cust_id=o2_0.cust_id left join employee e1_0 on e1_0.emp_id=o2_0.employee_id where o1_0.product_id=?
Hibernate: select l1_0.employee_id,l1_0.order_id,c1_0.cust_id,c1_0.address,c1_0.email,c1_0.cust_name,c1_0.phone,l1_0.order_date from orders l1_0 left join customer c1_0 on c1_0.cust_id=l1_0.cust_id where l1_0.employee_id=?
Hibernate: select p1_0.product_id,p1_0.description,p1_0.manufacturer_name,p1_0.name,p1_0.status,p1_0.unit,o1_0.product_id,o1_0.order_id,o2_0.order_id,c1_0.cust_id,c1_0.address,c1_0.email,c1_0.cust_name,c1_0.phone,o2_0.employee_id,e1_0.emp_id,e1_0.address,e1_0.dob,e1_0.email,e1_0.full_name,e1_0.phone,e1_0.status,o2_0.order_date,o1_0.note,o1_0.price,o1_0.quantity from product p1_0 left join order_detail o1_0 on p1_0.product_id=o1_0.product_id left join orders o2_0 on o2_0.order_id=o1_0.order_id left join customer c1_0 on c1_0.cust_id=o2_0.cust_id left join employee e1_0 on e1_0.emp_id=o2_0.employee_id where p1_0.product_id=?
Hibernate: select p1_0.product_id,p1_0.price_date_time,p1_0.note,p1_0.price from product_price p1_0 where p1_0.product_id=?
Hibernate: select p1_0.product_id,p1_0.image_id,p1_0.alternative,p1_0.path from product_image p1_0 where p1_0.product_id=?
Hibernate: insert into order_detail (note,price,quantity,order_id,product_id) values (?,?,?,?,?)
Hibernate: update orders set cust_id=?,employee_id=?,order_date=? where order_id=?
Hibernate: select e1_0.emp_id,e1_0.address,e1_0.dob,e1_0.email,e1_0.full_name,e1_0.phone,e1_0.status from employee e1_0 where e1_0.emp_id=?
Hibernate: select c1_0.cust_id,c1_0.address,c1_0.email,c1_0.cust_name,c1_0.phone from customer c1_0 where c1_0.cust_id=?
Hibernate: select o1_0.order_id,c1_0.cust_id,c1_0.address,c1_0.email,c1_0.cust_name,c1_0.phone,o1_0.employee_id,e1_0.emp_id,e1_0.address,e1_0.dob,e1_0.email,e1_0.full_name,e1_0.phone,e1_0.status,o1_0.order_date,o2_0.order_id,o2_0.product_id,p1_0.product_id,p1_0.description,p1_0.manufacturer_name,p1_0.name,p1_0.status,p1_0.unit,o2_0.note,o2_0.price,o2_0.quantity from orders o1_0 left join customer c1_0 on c1_0.cust_id=o1_0.cust_id join employee e1_0 on e1_0.emp_id=o1_0.employee_id left join order_detail o2_0 on o1_0.order_id=o2_0.order_id left join product p1_0 on p1_0.product_id=o2_0.product_id where o1_0.order_id=?
Hibernate: select c1_0.cust_id,c1_0.address,c1_0.email,c1_0.cust_name,c1_0.phone from customer c1_0 where c1_0.cust_id=?
Hibernate: select e1_0.emp_id,e1_0.address,e1_0.dob,e1_0.email,e1_0.full_name,e1_0.phone,e1_0.status from employee e1_0 where e1_0.emp_id=?
Hibernate: insert into orders (cust_id,employee_id,order_date,order_id) values (?,?,?,default)
Hibernate: select p1_0.product_id,p1_0.description,p1_0.manufacturer_name,p1_0.name,p1_0.status,p1_0.unit from product p1_0 where p1_0.product_id=?
Hibernate: select o1_0.order_id,o2_0.order_id,c1_0.cust_id,c1_0.address,c1_0.email,c1_0.cust_name,c1_0.phone,o2_0.employee_id,e1_0.emp_id,e1_0.address,e1_0.dob,e1_0.email,e1_0.full_name,e1_0.phone,e1_0.status,o2_0.order_date,o1_0.product_id,p1_0.product_id,p1_0.description,p1_0.manufacturer_name,p1_0.name,p1_0.status,p1_0.unit,p2_0.product_id,p2_0.image_id,p2_0.alternative,p2_0.path,o1_0.note,o1_0.price,o1_0.quantity from order_detail o1_0 join orders o2_0 on o2_0.order_id=o1_0.order_id left join customer c1_0 on c1_0.cust_id=o2_0.cust_id left join employee e1_0 on e1_0.emp_id=o2_0.employee_id join product p1_0 on p1_0.product_id=o1_0.product_id left join product_image p2_0 on p1_0.product_id=p2_0.product_id where (o1_0.order_id,o1_0.product_id) in ((?,?))
Hibernate: select o1_0.order_id,c1_0.cust_id,c1_0.address,c1_0.email,c1_0.cust_name,c1_0.phone,o1_0.employee_id,e1_0.emp_id,e1_0.address,e1_0.dob,e1_0.email,e1_0.full_name,e1_0.phone,e1_0.status,o1_0.order_date,o2_0.order_id,o2_0.product_id,p1_0.product_id,p1_0.description,p1_0.manufacturer_name,p1_0.name,p1_0.status,p1_0.unit,o2_0.note,o2_0.price,o2_0.quantity from orders o1_0 left join customer c1_0 on c1_0.cust_id=o1_0.cust_id join employee e1_0 on e1_0.emp_id=o1_0.employee_id left join order_detail o2_0 on o1_0.order_id=o2_0.order_id left join product p1_0 on p1_0.product_id=o2_0.product_id where o1_0.order_id=?
Hibernate: select l1_0.employee_id,l1_0.order_id,c1_0.cust_id,c1_0.address,c1_0.email,c1_0.cust_name,c1_0.phone,l1_0.order_date from orders l1_0 left join customer c1_0 on c1_0.cust_id=l1_0.cust_id where l1_0.employee_id=?
Hibernate: select p1_0.product_id,p1_0.description,p1_0.manufacturer_name,p1_0.name,p1_0.status,p1_0.unit,o1_0.product_id,o1_0.order_id,o2_0.order_id,c1_0.cust_id,c1_0.address,c1_0.email,c1_0.cust_name,c1_0.phone,o2_0.employee_id,e1_0.emp_id,e1_0.address,e1_0.dob,e1_0.email,e1_0.full_name,e1_0.phone,e1_0.status,o2_0.order_date,o1_0.note,o1_0.price,o1_0.quantity from product p1_0 left join order_detail o1_0 on p1_0.product_id=o1_0.product_id left join orders o2_0 on o2_0.order_id=o1_0.order_id left join customer c1_0 on c1_0.cust_id=o2_0.cust_id left join employee e1_0 on e1_0.emp_id=o2_0.employee_id where p1_0.product_id=?
Hibernate: select p1_0.product_id,p1_0.price_date_time,p1_0.note,p1_0.price from product_price p1_0 where p1_0.product_id=?
Hibernate: select p1_0.product_id,p1_0.image_id,p1_0.alternative,p1_0.path from product_image p1_0 where p1_0.product_id=?
Hibernate: select o1_0.order_id,o1_0.product_id,p1_0.product_id,p1_0.description,p1_0.manufacturer_name,p1_0.name,p1_0.status,p1_0.unit,o1_0.note,o1_0.price,o1_0.quantity from order_detail o1_0 join product p1_0 on p1_0.product_id=o1_0.product_id where o1_0.order_id=?
Hibernate: select l1_0.employee_id,l1_0.order_id,c1_0.cust_id,c1_0.address,c1_0.email,c1_0.cust_name,c1_0.phone,l1_0.order_date from orders l1_0 left join customer c1_0 on c1_0.cust_id=l1_0.cust_id where l1_0.employee_id=?
Hibernate: insert into order_detail (note,price,quantity,order_id,product_id) values (?,?,?,?,?)
Hibernate: update orders set cust_id=?,employee_id=?,order_date=? where order_id=?
Hibernate: select p1_0.product_id,p1_0.description,p1_0.manufacturer_name,p1_0.name,p1_0.status,p1_0.unit from product p1_0 where p1_0.product_id=?
Hibernate: select o1_0.order_id,o2_0.order_id,c1_0.cust_id,c1_0.address,c1_0.email,c1_0.cust_name,c1_0.phone,o2_0.employee_id,e1_0.emp_id,e1_0.address,e1_0.dob,e1_0.email,e1_0.full_name,e1_0.phone,e1_0.status,o2_0.order_date,o1_0.product_id,p1_0.product_id,p1_0.description,p1_0.manufacturer_name,p1_0.name,p1_0.status,p1_0.unit,p2_0.product_id,p2_0.image_id,p2_0.alternative,p2_0.path,o1_0.note,o1_0.price,o1_0.quantity from order_detail o1_0 join orders o2_0 on o2_0.order_id=o1_0.order_id left join customer c1_0 on c1_0.cust_id=o2_0.cust_id left join employee e1_0 on e1_0.emp_id=o2_0.employee_id join product p1_0 on p1_0.product_id=o1_0.product_id left join product_image p2_0 on p1_0.product_id=p2_0.product_id where (o1_0.order_id,o1_0.product_id) in ((?,?))
Hibernate: select o1_0.order_id,c1_0.cust_id,c1_0.address,c1_0.email,c1_0.cust_name,c1_0.phone,o1_0.employee_id,e1_0.emp_id,e1_0.address,e1_0.dob,e1_0.email,e1_0.full_name,e1_0.phone,e1_0.status,o1_0.order_date,o2_0.order_id,o2_0.product_id,p1_0.product_id,p1_0.description,p1_0.manufacturer_name,p1_0.name,p1_0.status,p1_0.unit,o2_0.note,o2_0.price,o2_0.quantity from orders o1_0 left join customer c1_0 on c1_0.cust_id=o1_0.cust_id join employee e1_0 on e1_0.emp_id=o1_0.employee_id left join order_detail o2_0 on o1_0.order_id=o2_0.order_id left join product p1_0 on p1_0.product_id=o2_0.product_id where o1_0.order_id=?
Hibernate: select p1_0.product_id,p1_0.price_date_time,p1_0.note,p1_0.price from product_price p1_0 where p1_0.product_id=?
Hibernate: select p1_0.product_id,p1_0.image_id,p1_0.alternative,p1_0.path from product_image p1_0 where p1_0.product_id=?
Hibernate: select o1_0.product_id,o1_0.order_id,o2_0.order_id,c1_0.cust_id,c1_0.address,c1_0.email,c1_0.cust_name,c1_0.phone,o2_0.employee_id,e1_0.emp_id,e1_0.address,e1_0.dob,e1_0.email,e1_0.full_name,e1_0.phone,e1_0.status,o2_0.order_date,o1_0.note,o1_0.price,o1_0.quantity from order_detail o1_0 join orders o2_0 on o2_0.order_id=o1_0.order_id left join customer c1_0 on c1_0.cust_id=o2_0.cust_id left join employee e1_0 on e1_0.emp_id=o2_0.employee_id where o1_0.product_id=?
Hibernate: select l1_0.employee_id,l1_0.order_id,c1_0.cust_id,c1_0.address,c1_0.email,c1_0.cust_name,c1_0.phone,l1_0.order_date from orders l1_0 left join customer c1_0 on c1_0.cust_id=l1_0.cust_id where l1_0.employee_id=?
Hibernate: select p1_0.product_id,p1_0.description,p1_0.manufacturer_name,p1_0.name,p1_0.status,p1_0.unit,o1_0.product_id,o1_0.order_id,o2_0.order_id,c1_0.cust_id,c1_0.address,c1_0.email,c1_0.cust_name,c1_0.phone,o2_0.employee_id,e1_0.emp_id,e1_0.address,e1_0.dob,e1_0.email,e1_0.full_name,e1_0.phone,e1_0.status,o2_0.order_date,o1_0.note,o1_0.price,o1_0.quantity from product p1_0 left join order_detail o1_0 on p1_0.product_id=o1_0.product_id left join orders o2_0 on o2_0.order_id=o1_0.order_id left join customer c1_0 on c1_0.cust_id=o2_0.cust_id left join employee e1_0 on e1_0.emp_id=o2_0.employee_id where p1_0.product_id=?
Hibernate: select p1_0.product_id,p1_0.price_date_time,p1_0.note,p1_0.price from product_price p1_0 where p1_0.product_id=?
Hibernate: select p1_0.product_id,p1_0.image_id,p1_0.alternative,p1_0.path from product_image p1_0 where p1_0.product_id=?
Hibernate: select o1_0.order_id,o1_0.product_id,p1_0.product_id,p1_0.description,p1_0.manufacturer_name,p1_0.name,p1_0.status,p1_0.unit,o1_0.note,o1_0.price,o1_0.quantity from order_detail o1_0 join product p1_0 on p1_0.product_id=o1_0.product_id where o1_0.order_id=?
Hibernate: select l1_0.employee_id,l1_0.order_id,c1_0.cust_id,c1_0.address,c1_0.email,c1_0.cust_name,c1_0.phone,l1_0.order_date from orders l1_0 left join customer c1_0 on c1_0.cust_id=l1_0.cust_id where l1_0.employee_id=?
Hibernate: insert into order_detail (note,price,quantity,order_id,product_id) values (?,?,?,?,?)
Hibernate: update orders set cust_id=?,employee_id=?,order_date=? where order_id=?
Hibernate: select p1_0.product_id,p1_0.description,p1_0.manufacturer_name,p1_0.name,p1_0.status,p1_0.unit from product p1_0 where p1_0.product_id=?
Hibernate: select o1_0.order_id,o2_0.order_id,c1_0.cust_id,c1_0.address,c1_0.email,c1_0.cust_name,c1_0.phone,o2_0.employee_id,e1_0.emp_id,e1_0.address,e1_0.dob,e1_0.email,e1_0.full_name,e1_0.phone,e1_0.status,o2_0.order_date,o1_0.product_id,p1_0.product_id,p1_0.description,p1_0.manufacturer_name,p1_0.name,p1_0.status,p1_0.unit,p2_0.product_id,p2_0.image_id,p2_0.alternative,p2_0.path,o1_0.note,o1_0.price,o1_0.quantity from order_detail o1_0 join orders o2_0 on o2_0.order_id=o1_0.order_id left join customer c1_0 on c1_0.cust_id=o2_0.cust_id left join employee e1_0 on e1_0.emp_id=o2_0.employee_id join product p1_0 on p1_0.product_id=o1_0.product_id left join product_image p2_0 on p1_0.product_id=p2_0.product_id where (o1_0.order_id,o1_0.product_id) in ((?,?))
Hibernate: select o1_0.order_id,c1_0.cust_id,c1_0.address,c1_0.email,c1_0.cust_name,c1_0.phone,o1_0.employee_id,e1_0.emp_id,e1_0.address,e1_0.dob,e1_0.email,e1_0.full_name,e1_0.phone,e1_0.status,o1_0.order_date,o2_0.order_id,o2_0.product_id,p1_0.product_id,p1_0.description,p1_0.manufacturer_name,p1_0.name,p1_0.status,p1_0.unit,o2_0.note,o2_0.price,o2_0.quantity from orders o1_0 left join customer c1_0 on c1_0.cust_id=o1_0.cust_id join employee e1_0 on e1_0.emp_id=o1_0.employee_id left join order_detail o2_0 on o1_0.order_id=o2_0.order_id left join product p1_0 on p1_0.product_id=o2_0.product_id where o1_0.order_id=?
Hibernate: select p1_0.product_id,p1_0.price_date_time,p1_0.note,p1_0.price from product_price p1_0 where p1_0.product_id=?
Hibernate: select p1_0.product_id,p1_0.image_id,p1_0.alternative,p1_0.path from product_image p1_0 where p1_0.product_id=?
Hibernate: select o1_0.product_id,o1_0.order_id,o2_0.order_id,c1_0.cust_id,c1_0.address,c1_0.email,c1_0.cust_name,c1_0.phone,o2_0.employee_id,e1_0.emp_id,e1_0.address,e1_0.dob,e1_0.email,e1_0.full_name,e1_0.phone,e1_0.status,o2_0.order_date,o1_0.note,o1_0.price,o1_0.quantity from order_detail o1_0 join orders o2_0 on o2_0.order_id=o1_0.order_id left join customer c1_0 on c1_0.cust_id=o2_0.cust_id left join employee e1_0 on e1_0.emp_id=o2_0.employee_id where o1_0.product_id=?
Hibernate: select p1_0.product_id,p1_0.price_date_time,p1_0.note,p1_0.price from product_price p1_0 where p1_0.product_id=?
Hibernate: select p1_0.product_id,p1_0.image_id,p1_0.alternative,p1_0.path from product_image p1_0 where p1_0.product_id=?
Hibernate: select o1_0.product_id,o1_0.order_id,o2_0.order_id,c1_0.cust_id,c1_0.address,c1_0.email,c1_0.cust_name,c1_0.phone,o2_0.employee_id,e1_0.emp_id,e1_0.address,e1_0.dob,e1_0.email,e1_0.full_name,e1_0.phone,e1_0.status,o2_0.order_date,o1_0.note,o1_0.price,o1_0.quantity from order_detail o1_0 join orders o2_0 on o2_0.order_id=o1_0.order_id left join customer c1_0 on c1_0.cust_id=o2_0.cust_id left join employee e1_0 on e1_0.emp_id=o2_0.employee_id where o1_0.product_id=?
Hibernate: select l1_0.employee_id,l1_0.order_id,c1_0.cust_id,c1_0.address,c1_0.email,c1_0.cust_name,c1_0.phone,l1_0.order_date from orders l1_0 left join customer c1_0 on c1_0.cust_id=l1_0.cust_id where l1_0.employee_id=?
Hibernate: select p1_0.product_id,p1_0.description,p1_0.manufacturer_name,p1_0.name,p1_0.status,p1_0.unit,o1_0.product_id,o1_0.order_id,o2_0.order_id,c1_0.cust_id,c1_0.address,c1_0.email,c1_0.cust_name,c1_0.phone,o2_0.employee_id,e1_0.emp_id,e1_0.address,e1_0.dob,e1_0.email,e1_0.full_name,e1_0.phone,e1_0.status,o2_0.order_date,o1_0.note,o1_0.price,o1_0.quantity from product p1_0 left join order_detail o1_0 on p1_0.product_id=o1_0.product_id left join orders o2_0 on o2_0.order_id=o1_0.order_id left join customer c1_0 on c1_0.cust_id=o2_0.cust_id left join employee e1_0 on e1_0.emp_id=o2_0.employee_id where p1_0.product_id=?
Hibernate: select o1_0.order_id,o1_0.product_id,p1_0.product_id,p1_0.description,p1_0.manufacturer_name,p1_0.name,p1_0.status,p1_0.unit,o1_0.note,o1_0.price,o1_0.quantity from order_detail o1_0 join product p1_0 on p1_0.product_id=o1_0.product_id where o1_0.order_id=?
Hibernate: select l1_0.employee_id,l1_0.order_id,c1_0.cust_id,c1_0.address,c1_0.email,c1_0.cust_name,c1_0.phone,l1_0.order_date from orders l1_0 left join customer c1_0 on c1_0.cust_id=l1_0.cust_id where l1_0.employee_id=?
Hibernate: select o1_0.order_id,o1_0.product_id,p1_0.product_id,p1_0.description,p1_0.manufacturer_name,p1_0.name,p1_0.status,p1_0.unit,o1_0.note,o1_0.price,o1_0.quantity from order_detail o1_0 join product p1_0 on p1_0.product_id=o1_0.product_id where o1_0.order_id=?
Hibernate: select l1_0.employee_id,l1_0.order_id,c1_0.cust_id,c1_0.address,c1_0.email,c1_0.cust_name,c1_0.phone,l1_0.order_date from orders l1_0 left join customer c1_0 on c1_0.cust_id=l1_0.cust_id where l1_0.employee_id=?
Hibernate: select p1_0.product_id,p1_0.price_date_time,p1_0.note,p1_0.price from product_price p1_0 where p1_0.product_id=?
Hibernate: select p1_0.product_id,p1_0.image_id,p1_0.alternative,p1_0.path from product_image p1_0 where p1_0.product_id=?
Hibernate: select o1_0.order_id,o1_0.product_id,p1_0.product_id,p1_0.description,p1_0.manufacturer_name,p1_0.name,p1_0.status,p1_0.unit,o1_0.note,o1_0.price,o1_0.quantity from order_detail o1_0 join product p1_0 on p1_0.product_id=o1_0.product_id where o1_0.order_id=?
Hibernate: select l1_0.employee_id,l1_0.order_id,c1_0.cust_id,c1_0.address,c1_0.email,c1_0.cust_name,c1_0.phone,l1_0.order_date from orders l1_0 left join customer c1_0 on c1_0.cust_id=l1_0.cust_id where l1_0.employee_id=?
Hibernate: insert into order_detail (note,price,quantity,order_id,product_id) values (?,?,?,?,?)
Hibernate: update orders set cust_id=?,employee_id=?,order_date=? where order_id=?
Hibernate: select e1_0.emp_id,e1_0.address,e1_0.dob,e1_0.email,e1_0.full_name,e1_0.phone,e1_0.status from employee e1_0 where e1_0.emp_id=?
Hibernate: select c1_0.cust_id,c1_0.address,c1_0.email,c1_0.cust_name,c1_0.phone from customer c1_0 where c1_0.cust_id=?
Hibernate: select o1_0.order_id,c1_0.cust_id,c1_0.address,c1_0.email,c1_0.cust_name,c1_0.phone,o1_0.employee_id,e1_0.emp_id,e1_0.address,e1_0.dob,e1_0.email,e1_0.full_name,e1_0.phone,e1_0.status,o1_0.order_date,o2_0.order_id,o2_0.product_id,p1_0.product_id,p1_0.description,p1_0.manufacturer_name,p1_0.name,p1_0.status,p1_0.unit,o2_0.note,o2_0.price,o2_0.quantity from orders o1_0 left join customer c1_0 on c1_0.cust_id=o1_0.cust_id join employee e1_0 on e1_0.emp_id=o1_0.employee_id left join order_detail o2_0 on o1_0.order_id=o2_0.order_id left join product p1_0 on p1_0.product_id=o2_0.product_id where o1_0.order_id=?
Hibernate: select c1_0.cust_id,c1_0.address,c1_0.email,c1_0.cust_name,c1_0.phone from customer c1_0 where c1_0.cust_id=?
Hibernate: select e1_0.emp_id,e1_0.address,e1_0.dob,e1_0.email,e1_0.full_name,e1_0.phone,e1_0.status from employee e1_0 where e1_0.emp_id=?
Hibernate: insert into orders (cust_id,employee_id,order_date,order_id) values (?,?,?,default)
Hibernate: select p1_0.product_id,p1_0.description,p1_0.manufacturer_name,p1_0.name,p1_0.status,p1_0.unit from product p1_0 where p1_0.product_id=?
Hibernate: select o1_0.order_id,o2_0.order_id,c1_0.cust_id,c1_0.address,c1_0.email,c1_0.cust_name,c1_0.phone,o2_0.employee_id,e1_0.emp_id,e1_0.address,e1_0.dob,e1_0.email,e1_0.full_name,e1_0.phone,e1_0.status,o2_0.order_date,o1_0.product_id,p1_0.product_id,p1_0.description,p1_0.manufacturer_name,p1_0.name,p1_0.status,p1_0.unit,p2_0.product_id,p2_0.image_id,p2_0.alternative,p2_0.path,o1_0.note,o1_0.price,o1_0.quantity from order_detail o1_0 join orders o2_0 on o2_0.order_id=o1_0.order_id left join customer c1_0 on c1_0.cust_id=o2_0.cust_id left join employee e1_0 on e1_0.emp_id=o2_0.employee_id join product p1_0 on p1_0.product_id=o1_0.product_id left join product_image p2_0 on p1_0.product_id=p2_0.product_id where (o1_0.order_id,o1_0.product_id) in ((?,?))
Hibernate: select o1_0.order_id,c1_0.cust_id,c1_0.address,c1_0.email,c1_0.cust_name,c1_0.phone,o1_0.employee_id,e1_0.emp_id,e1_0.address,e1_0.dob,e1_0.email,e1_0.full_name,e1_0.phone,e1_0.status,o1_0.order_date,o2_0.order_id,o2_0.product_id,p1_0.product_id,p1_0.description,p1_0.manufacturer_name,p1_0.name,p1_0.status,p1_0.unit,o2_0.note,o2_0.price,o2_0.quantity from orders o1_0 left join customer c1_0 on c1_0.cust_id=o1_0.cust_id join employee e1_0 on e1_0.emp_id=o1_0.employee_id left join order_detail o2_0 on o1_0.order_id=o2_0.order_id left join product p1_0 on p1_0.product_id=o2_0.product_id where o1_0.order_id=?
Hibernate: select l1_0.employee_id,l1_0.order_id,c1_0.cust_id,c1_0.address,c1_0.email,c1_0.cust_name,c1_0.phone,l1_0.order_date from orders l1_0 left join customer c1_0 on c1_0.cust_id=l1_0.cust_id where l1_0.employee_id=?
Hibernate: select p1_0.product_id,p1_0.description,p1_0.manufacturer_name,p1_0.name,p1_0.status,p1_0.unit,o1_0.product_id,o1_0.order_id,o2_0.order_id,c1_0.cust_id,c1_0.address,c1_0.email,c1_0.cust_name,c1_0.phone,o2_0.employee_id,e1_0.emp_id,e1_0.address,e1_0.dob,e1_0.email,e1_0.full_name,e1_0.phone,e1_0.status,o2_0.order_date,o1_0.note,o1_0.price,o1_0.quantity from product p1_0 left join order_detail o1_0 on p1_0.product_id=o1_0.product_id left join orders o2_0 on o2_0.order_id=o1_0.order_id left join customer c1_0 on c1_0.cust_id=o2_0.cust_id left join employee e1_0 on e1_0.emp_id=o2_0.employee_id where p1_0.product_id=?
Hibernate: select o1_0.order_id,o1_0.product_id,p1_0.product_id,p1_0.description,p1_0.manufacturer_name,p1_0.name,p1_0.status,p1_0.unit,o1_0.note,o1_0.price,o1_0.quantity from order_detail o1_0 join product p1_0 on p1_0.product_id=o1_0.product_id where o1_0.order_id=?
Hibernate: select l1_0.employee_id,l1_0.order_id,c1_0.cust_id,c1_0.address,c1_0.email,c1_0.cust_name,c1_0.phone,l1_0.order_date from orders l1_0 left join customer c1_0 on c1_0.cust_id=l1_0.cust_id where l1_0.employee_id=?
Hibernate: select o1_0.order_id,o1_0.product_id,p1_0.product_id,p1_0.description,p1_0.manufacturer_name,p1_0.name,p1_0.status,p1_0.unit,o1_0.note,o1_0.price,o1_0.quantity from order_detail o1_0 join product p1_0 on p1_0.product_id=o1_0.product_id where o1_0.order_id=?
Hibernate: select l1_0.employee_id,l1_0.order_id,c1_0.cust_id,c1_0.address,c1_0.email,c1_0.cust_name,c1_0.phone,l1_0.order_date from orders l1_0 left join customer c1_0 on c1_0.cust_id=l1_0.cust_id where l1_0.employee_id=?
Hibernate: select o1_0.order_id,o1_0.product_id,p1_0.product_id,p1_0.description,p1_0.manufacturer_name,p1_0.name,p1_0.status,p1_0.unit,o1_0.note,o1_0.price,o1_0.quantity from order_detail o1_0 join product p1_0 on p1_0.product_id=o1_0.product_id where o1_0.order_id=?
Hibernate: select l1_0.employee_id,l1_0.order_id,c1_0.cust_id,c1_0.address,c1_0.email,c1_0.cust_name,c1_0.phone,l1_0.order_date from orders l1_0 left join customer c1_0 on c1_0.cust_id=l1_0.cust_id where l1_0.employee_id=?
Hibernate: select p1_0.product_id,p1_0.price_date_time,p1_0.note,p1_0.price from product_price p1_0 where p1_0.product_id=?
Hibernate: select p1_0.product_id,p1_0.image_id,p1_0.alternative,p1_0.path from product_image p1_0 where p1_0.product_id=?
Hibernate: select o1_0.order_id,o1_0.product_id,p1_0.product_id,p1_0.description,p1_0.manufacturer_name,p1_0.name,p1_0.status,p1_0.unit,o1_0.note,o1_0.price,o1_0.quantity from order_detail o1_0 join product p1_0 on p1_0.product_id=o1_0.product_id where o1_0.order_id=?
Hibernate: select l1_0.employee_id,l1_0.order_id,c1_0.cust_id,c1_0.address,c1_0.email,c1_0.cust_name,c1_0.phone,l1_0.order_date from orders l1_0 left join customer c1_0 on c1_0.cust_id=l1_0.cust_id where l1_0.employee_id=?
Hibernate: insert into order_detail (note,price,quantity,order_id,product_id) values (?,?,?,?,?)
Hibernate: update orders set cust_id=?,employee_id=?,order_date=? where order_id=?
Hibernate: select p1_0.product_id,p1_0.description,p1_0.manufacturer_name,p1_0.name,p1_0.status,p1_0.unit from product p1_0 where p1_0.product_id=?
Hibernate: select o1_0.order_id,o2_0.order_id,c1_0.cust_id,c1_0.address,c1_0.email,c1_0.cust_name,c1_0.phone,o2_0.employee_id,e1_0.emp_id,e1_0.address,e1_0.dob,e1_0.email,e1_0.full_name,e1_0.phone,e1_0.status,o2_0.order_date,o1_0.product_id,p1_0.product_id,p1_0.description,p1_0.manufacturer_name,p1_0.name,p1_0.status,p1_0.unit,p2_0.product_id,p2_0.image_id,p2_0.alternative,p2_0.path,o1_0.note,o1_0.price,o1_0.quantity from order_detail o1_0 join orders o2_0 on o2_0.order_id=o1_0.order_id left join customer c1_0 on c1_0.cust_id=o2_0.cust_id left join employee e1_0 on e1_0.emp_id=o2_0.employee_id join product p1_0 on p1_0.product_id=o1_0.product_id left join product_image p2_0 on p1_0.product_id=p2_0.product_id where (o1_0.order_id,o1_0.product_id) in ((?,?))
Hibernate: select o1_0.order_id,c1_0.cust_id,c1_0.address,c1_0.email,c1_0.cust_name,c1_0.phone,o1_0.employee_id,e1_0.emp_id,e1_0.address,e1_0.dob,e1_0.email,e1_0.full_name,e1_0.phone,e1_0.status,o1_0.order_date,o2_0.order_id,o2_0.product_id,p1_0.product_id,p1_0.description,p1_0.manufacturer_name,p1_0.name,p1_0.status,p1_0.unit,o2_0.note,o2_0.price,o2_0.quantity from orders o1_0 left join customer c1_0 on c1_0.cust_id=o1_0.cust_id join employee e1_0 on e1_0.emp_id=o1_0.employee_id left join order_detail o2_0 on o1_0.order_id=o2_0.order_id left join product p1_0 on p1_0.product_id=o2_0.product_id where o1_0.order_id=?
Hibernate: select p1_0.product_id,p1_0.price_date_time,p1_0.note,p1_0.price from product_price p1_0 where p1_0.product_id=?
Hibernate: select p1_0.product_id,p1_0.image_id,p1_0.alternative,p1_0.path from product_image p1_0 where p1_0.product_id=?
Hibernate: select o1_0.product_id,o1_0.order_id,o2_0.order_id,c1_0.cust_id,c1_0.address,c1_0.email,c1_0.cust_name,c1_0.phone,o2_0.employee_id,e1_0.emp_id,e1_0.address,e1_0.dob,e1_0.email,e1_0.full_name,e1_0.phone,e1_0.status,o2_0.order_date,o1_0.note,o1_0.price,o1_0.quantity from order_detail o1_0 join orders o2_0 on o2_0.order_id=o1_0.order_id left join customer c1_0 on c1_0.cust_id=o2_0.cust_id left join employee e1_0 on e1_0.emp_id=o2_0.employee_id where o1_0.product_id=?
Hibernate: select l1_0.employee_id,l1_0.order_id,c1_0.cust_id,c1_0.address,c1_0.email,c1_0.cust_name,c1_0.phone,l1_0.order_date from orders l1_0 left join customer c1_0 on c1_0.cust_id=l1_0.cust_id where l1_0.employee_id=?
Hibernate: select p1_0.product_id,p1_0.description,p1_0.manufacturer_name,p1_0.name,p1_0.status,p1_0.unit,o1_0.product_id,o1_0.order_id,o2_0.order_id,c1_0.cust_id,c1_0.address,c1_0.email,c1_0.cust_name,c1_0.phone,o2_0.employee_id,e1_0.emp_id,e1_0.address,e1_0.dob,e1_0.email,e1_0.full_name,e1_0.phone,e1_0.status,o2_0.order_date,o1_0.note,o1_0.price,o1_0.quantity from product p1_0 left join order_detail o1_0 on p1_0.product_id=o1_0.product_id left join orders o2_0 on o2_0.order_id=o1_0.order_id left join customer c1_0 on c1_0.cust_id=o2_0.cust_id left join employee e1_0 on e1_0.emp_id=o2_0.employee_id where p1_0.product_id=?
Hibernate: select p1_0.product_id,p1_0.price_date_time,p1_0.note,p1_0.price from product_price p1_0 where p1_0.product_id=?
Hibernate: select p1_0.product_id,p1_0.image_id,p1_0.alternative,p1_0.path from product_image p1_0 where p1_0.product_id=?
Hibernate: insert into order_detail (note,price,quantity,order_id,product_id) values (?,?,?,?,?)
Hibernate: update orders set cust_id=?,employee_id=?,order_date=? where order_id=?
Hibernate: select p1_0.product_id,p1_0.description,p1_0.manufacturer_name,p1_0.name,p1_0.status,p1_0.unit from product p1_0 where p1_0.product_id=?
Hibernate: select o1_0.order_id,o2_0.order_id,c1_0.cust_id,c1_0.address,c1_0.email,c1_0.cust_name,c1_0.phone,o2_0.employee_id,e1_0.emp_id,e1_0.address,e1_0.dob,e1_0.email,e1_0.full_name,e1_0.phone,e1_0.status,o2_0.order_date,o1_0.product_id,p1_0.product_id,p1_0.description,p1_0.manufacturer_name,p1_0.name,p1_0.status,p1_0.unit,p2_0.product_id,p2_0.image_id,p2_0.alternative,p2_0.path,o1_0.note,o1_0.price,o1_0.quantity from order_detail o1_0 join orders o2_0 on o2_0.order_id=o1_0.order_id left join customer c1_0 on c1_0.cust_id=o2_0.cust_id left join employee e1_0 on e1_0.emp_id=o2_0.employee_id join product p1_0 on p1_0.product_id=o1_0.product_id left join product_image p2_0 on p1_0.product_id=p2_0.product_id where (o1_0.order_id,o1_0.product_id) in ((?,?))
Hibernate: select o1_0.order_id,c1_0.cust_id,c1_0.address,c1_0.email,c1_0.cust_name,c1_0.phone,o1_0.employee_id,e1_0.emp_id,e1_0.address,e1_0.dob,e1_0.email,e1_0.full_name,e1_0.phone,e1_0.status,o1_0.order_date,o2_0.order_id,o2_0.product_id,p1_0.product_id,p1_0.description,p1_0.manufacturer_name,p1_0.name,p1_0.status,p1_0.unit,o2_0.note,o2_0.price,o2_0.quantity from orders o1_0 left join customer c1_0 on c1_0.cust_id=o1_0.cust_id join employee e1_0 on e1_0.emp_id=o1_0.employee_id left join order_detail o2_0 on o1_0.order_id=o2_0.order_id left join product p1_0 on p1_0.product_id=o2_0.product_id where o1_0.order_id=?
Hibernate: select p1_0.product_id,p1_0.price_date_time,p1_0.note,p1_0.price from product_price p1_0 where p1_0.product_id=?
Hibernate: select p1_0.product_id,p1_0.image_id,p1_0.alternative,p1_0.path from product_image p1_0 where p1_0.product_id=?
Hibernate: select o1_0.product_id,o1_0.order_id,o2_0.order_id,c1_0.cust_id,c1_0.address,c1_0.email,c1_0.cust_name,c1_0.phone,o2_0.employee_id,e1_0.emp_id,e1_0.address,e1_0.dob,e1_0.email,e1_0.full_name,e1_0.phone,e1_0.status,o2_0.order_date,o1_0.note,o1_0.price,o1_0.quantity from order_detail o1_0 join orders o2_0 on o2_0.order_id=o1_0.order_id left join customer c1_0 on c1_0.cust_id=o2_0.cust_id left join employee e1_0 on e1_0.emp_id=o2_0.employee_id where o1_0.product_id=?
Hibernate: select p1_0.product_id,p1_0.price_date_time,p1_0.note,p1_0.price from product_price p1_0 where p1_0.product_id=?
Hibernate: select p1_0.product_id,p1_0.image_id,p1_0.alternative,p1_0.path from product_image p1_0 where p1_0.product_id=?
Hibernate: select o1_0.product_id,o1_0.order_id,o2_0.order_id,c1_0.cust_id,c1_0.address,c1_0.email,c1_0.cust_name,c1_0.phone,o2_0.employee_id,e1_0.emp_id,e1_0.address,e1_0.dob,e1_0.email,e1_0.full_name,e1_0.phone,e1_0.status,o2_0.order_date,o1_0.note,o1_0.price,o1_0.quantity from order_detail o1_0 join orders o2_0 on o2_0.order_id=o1_0.order_id left join customer c1_0 on c1_0.cust_id=o2_0.cust_id left join employee e1_0 on e1_0.emp_id=o2_0.employee_id where o1_0.product_id=?
Hibernate: select l1_0.employee_id,l1_0.order_id,c1_0.cust_id,c1_0.address,c1_0.email,c1_0.cust_name,c1_0.phone,l1_0.order_date from orders l1_0 left join customer c1_0 on c1_0.cust_id=l1_0.cust_id where l1_0.employee_id=?
Hibernate: select p1_0.product_id,p1_0.description,p1_0.manufacturer_name,p1_0.name,p1_0.status,p1_0.unit,o1_0.product_id,o1_0.order_id,o2_0.order_id,c1_0.cust_id,c1_0.address,c1_0.email,c1_0.cust_name,c1_0.phone,o2_0.employee_id,e1_0.emp_id,e1_0.address,e1_0.dob,e1_0.email,e1_0.full_name,e1_0.phone,e1_0.status,o2_0.order_date,o1_0.note,o1_0.price,o1_0.quantity from product p1_0 left join order_detail o1_0 on p1_0.product_id=o1_0.product_id left join orders o2_0 on o2_0.order_id=o1_0.order_id left join customer c1_0 on c1_0.cust_id=o2_0.cust_id left join employee e1_0 on e1_0.emp_id=o2_0.employee_id where p1_0.product_id=?
Hibernate: select p1_0.product_id,p1_0.price_date_time,p1_0.note,p1_0.price from product_price p1_0 where p1_0.product_id=?
Hibernate: select p1_0.product_id,p1_0.image_id,p1_0.alternative,p1_0.path from product_image p1_0 where p1_0.product_id=?
Hibernate: insert into order_detail (note,price,quantity,order_id,product_id) values (?,?,?,?,?)
Hibernate: update orders set cust_id=?,employee_id=?,order_date=? where order_id=?
Hibernate: select e1_0.emp_id,e1_0.address,e1_0.dob,e1_0.email,e1_0.full_name,e1_0.phone,e1_0.status from employee e1_0 where e1_0.emp_id=?
Hibernate: select c1_0.cust_id,c1_0.address,c1_0.email,c1_0.cust_name,c1_0.phone from customer c1_0 where c1_0.cust_id=?
Hibernate: select o1_0.order_id,c1_0.cust_id,c1_0.address,c1_0.email,c1_0.cust_name,c1_0.phone,o1_0.employee_id,e1_0.emp_id,e1_0.address,e1_0.dob,e1_0.email,e1_0.full_name,e1_0.phone,e1_0.status,o1_0.order_date,o2_0.order_id,o2_0.product_id,p1_0.product_id,p1_0.description,p1_0.manufacturer_name,p1_0.name,p1_0.status,p1_0.unit,o2_0.note,o2_0.price,o2_0.quantity from orders o1_0 left join customer c1_0 on c1_0.cust_id=o1_0.cust_id join employee e1_0 on e1_0.emp_id=o1_0.employee_id left join order_detail o2_0 on o1_0.order_id=o2_0.order_id left join product p1_0 on p1_0.product_id=o2_0.product_id where o1_0.order_id=?
Hibernate: select c1_0.cust_id,c1_0.address,c1_0.email,c1_0.cust_name,c1_0.phone from customer c1_0 where c1_0.cust_id=?
Hibernate: select e1_0.emp_id,e1_0.address,e1_0.dob,e1_0.email,e1_0.full_name,e1_0.phone,e1_0.status from employee e1_0 where e1_0.emp_id=?
Hibernate: insert into orders (cust_id,employee_id,order_date,order_id) values (?,?,?,default)
Hibernate: select p1_0.product_id,p1_0.description,p1_0.manufacturer_name,p1_0.name,p1_0.status,p1_0.unit from product p1_0 where p1_0.product_id=?
Hibernate: select o1_0.order_id,o2_0.order_id,c1_0.cust_id,c1_0.address,c1_0.email,c1_0.cust_name,c1_0.phone,o2_0.employee_id,e1_0.emp_id,e1_0.address,e1_0.dob,e1_0.email,e1_0.full_name,e1_0.phone,e1_0.status,o2_0.order_date,o1_0.product_id,p1_0.product_id,p1_0.description,p1_0.manufacturer_name,p1_0.name,p1_0.status,p1_0.unit,p2_0.product_id,p2_0.image_id,p2_0.alternative,p2_0.path,o1_0.note,o1_0.price,o1_0.quantity from order_detail o1_0 join orders o2_0 on o2_0.order_id=o1_0.order_id left join customer c1_0 on c1_0.cust_id=o2_0.cust_id left join employee e1_0 on e1_0.emp_id=o2_0.employee_id join product p1_0 on p1_0.product_id=o1_0.product_id left join product_image p2_0 on p1_0.product_id=p2_0.product_id where (o1_0.order_id,o1_0.product_id) in ((?,?))
Hibernate: select o1_0.order_id,c1_0.cust_id,c1_0.address,c1_0.email,c1_0.cust_name,c1_0.phone,o1_0.employee_id,e1_0.emp_id,e1_0.address,e1_0.dob,e1_0.email,e1_0.full_name,e1_0.phone,e1_0.status,o1_0.order_date,o2_0.order_id,o2_0.product_id,p1_0.product_id,p1_0.description,p1_0.manufacturer_name,p1_0.name,p1_0.status,p1_0.unit,o2_0.note,o2_0.price,o2_0.quantity from orders o1_0 left join customer c1_0 on c1_0.cust_id=o1_0.cust_id join employee e1_0 on e1_0.emp_id=o1_0.employee_id left join order_detail o2_0 on o1_0.order_id=o2_0.order_id left join product p1_0 on p1_0.product_id=o2_0.product_id where o1_0.order_id=?
Hibernate: select l1_0.employee_id,l1_0.order_id,c1_0.cust_id,c1_0.address,c1_0.email,c1_0.cust_name,c1_0.phone,l1_0.order_date from orders l1_0 left join customer c1_0 on c1_0.cust_id=l1_0.cust_id where l1_0.employee_id=?
Hibernate: select p1_0.product_id,p1_0.description,p1_0.manufacturer_name,p1_0.name,p1_0.status,p1_0.unit,o1_0.product_id,o1_0.order_id,o2_0.order_id,c1_0.cust_id,c1_0.address,c1_0.email,c1_0.cust_name,c1_0.phone,o2_0.employee_id,e1_0.emp_id,e1_0.address,e1_0.dob,e1_0.email,e1_0.full_name,e1_0.phone,e1_0.status,o2_0.order_date,o1_0.note,o1_0.price,o1_0.quantity from product p1_0 left join order_detail o1_0 on p1_0.product_id=o1_0.product_id left join orders o2_0 on o2_0.order_id=o1_0.order_id left join customer c1_0 on c1_0.cust_id=o2_0.cust_id left join employee e1_0 on e1_0.emp_id=o2_0.employee_id where p1_0.product_id=?
Hibernate: select o1_0.order_id,o1_0.product_id,p1_0.product_id,p1_0.description,p1_0.manufacturer_name,p1_0.name,p1_0.status,p1_0.unit,o1_0.note,o1_0.price,o1_0.quantity from order_detail o1_0 join product p1_0 on p1_0.product_id=o1_0.product_id where o1_0.order_id=?
Hibernate: select l1_0.employee_id,l1_0.order_id,c1_0.cust_id,c1_0.address,c1_0.email,c1_0.cust_name,c1_0.phone,l1_0.order_date from orders l1_0 left join customer c1_0 on c1_0.cust_id=l1_0.cust_id where l1_0.employee_id=?
Hibernate: select p1_0.product_id,p1_0.price_date_time,p1_0.note,p1_0.price from product_price p1_0 where p1_0.product_id=?
Hibernate: select p1_0.product_id,p1_0.image_id,p1_0.alternative,p1_0.path from product_image p1_0 where p1_0.product_id=?
Hibernate: select o1_0.order_id,o1_0.product_id,p1_0.product_id,p1_0.description,p1_0.manufacturer_name,p1_0.name,p1_0.status,p1_0.unit,o1_0.note,o1_0.price,o1_0.quantity from order_detail o1_0 join product p1_0 on p1_0.product_id=o1_0.product_id where o1_0.order_id=?
Hibernate: select l1_0.employee_id,l1_0.order_id,c1_0.cust_id,c1_0.address,c1_0.email,c1_0.cust_name,c1_0.phone,l1_0.order_date from orders l1_0 left join customer c1_0 on c1_0.cust_id=l1_0.cust_id where l1_0.employee_id=?
Hibernate: insert into order_detail (note,price,quantity,order_id,product_id) values (?,?,?,?,?)
Hibernate: update orders set cust_id=?,employee_id=?,order_date=? where order_id=?
Hibernate: select p1_0.product_id,p1_0.description,p1_0.manufacturer_name,p1_0.name,p1_0.status,p1_0.unit from product p1_0 where p1_0.product_id=?
Hibernate: select o1_0.order_id,o2_0.order_id,c1_0.cust_id,c1_0.address,c1_0.email,c1_0.cust_name,c1_0.phone,o2_0.employee_id,e1_0.emp_id,e1_0.address,e1_0.dob,e1_0.email,e1_0.full_name,e1_0.phone,e1_0.status,o2_0.order_date,o1_0.product_id,p1_0.product_id,p1_0.description,p1_0.manufacturer_name,p1_0.name,p1_0.status,p1_0.unit,p2_0.product_id,p2_0.image_id,p2_0.alternative,p2_0.path,o1_0.note,o1_0.price,o1_0.quantity from order_detail o1_0 join orders o2_0 on o2_0.order_id=o1_0.order_id left join customer c1_0 on c1_0.cust_id=o2_0.cust_id left join employee e1_0 on e1_0.emp_id=o2_0.employee_id join product p1_0 on p1_0.product_id=o1_0.product_id left join product_image p2_0 on p1_0.product_id=p2_0.product_id where (o1_0.order_id,o1_0.product_id) in ((?,?))
Hibernate: select o1_0.order_id,c1_0.cust_id,c1_0.address,c1_0.email,c1_0.cust_name,c1_0.phone,o1_0.employee_id,e1_0.emp_id,e1_0.address,e1_0.dob,e1_0.email,e1_0.full_name,e1_0.phone,e1_0.status,o1_0.order_date,o2_0.order_id,o2_0.product_id,p1_0.product_id,p1_0.description,p1_0.manufacturer_name,p1_0.name,p1_0.status,p1_0.unit,o2_0.note,o2_0.price,o2_0.quantity from orders o1_0 left join customer c1_0 on c1_0.cust_id=o1_0.cust_id join employee e1_0 on e1_0.emp_id=o1_0.employee_id left join order_detail o2_0 on o1_0.order_id=o2_0.order_id left join product p1_0 on p1_0.product_id=o2_0.product_id where o1_0.order_id=?
Hibernate: select p1_0.product_id,p1_0.price_date_time,p1_0.note,p1_0.price from product_price p1_0 where p1_0.product_id=?
Hibernate: select p1_0.product_id,p1_0.image_id,p1_0.alternative,p1_0.path from product_image p1_0 where p1_0.product_id=?
Hibernate: select o1_0.product_id,o1_0.order_id,o2_0.order_id,c1_0.cust_id,c1_0.address,c1_0.email,c1_0.cust_name,c1_0.phone,o2_0.employee_id,e1_0.emp_id,e1_0.address,e1_0.dob,e1_0.email,e1_0.full_name,e1_0.phone,e1_0.status,o2_0.order_date,o1_0.note,o1_0.price,o1_0.quantity from order_detail o1_0 join orders o2_0 on o2_0.order_id=o1_0.order_id left join customer c1_0 on c1_0.cust_id=o2_0.cust_id left join employee e1_0 on e1_0.emp_id=o2_0.employee_id where o1_0.product_id=?
Hibernate: select l1_0.employee_id,l1_0.order_id,c1_0.cust_id,c1_0.address,c1_0.email,c1_0.cust_name,c1_0.phone,l1_0.order_date from orders l1_0 left join customer c1_0 on c1_0.cust_id=l1_0.cust_id where l1_0.employee_id=?
Hibernate: select p1_0.product_id,p1_0.description,p1_0.manufacturer_name,p1_0.name,p1_0.status,p1_0.unit,o1_0.product_id,o1_0.order_id,o2_0.order_id,c1_0.cust_id,c1_0.address,c1_0.email,c1_0.cust_name,c1_0.phone,o2_0.employee_id,e1_0.emp_id,e1_0.address,e1_0.dob,e1_0.email,e1_0.full_name,e1_0.phone,e1_0.status,o2_0.order_date,o1_0.note,o1_0.price,o1_0.quantity from product p1_0 left join order_detail o1_0 on p1_0.product_id=o1_0.product_id left join orders o2_0 on o2_0.order_id=o1_0.order_id left join customer c1_0 on c1_0.cust_id=o2_0.cust_id left join employee e1_0 on e1_0.emp_id=o2_0.employee_id where p1_0.product_id=?
Hibernate: select p1_0.product_id,p1_0.price_date_time,p1_0.note,p1_0.price from product_price p1_0 where p1_0.product_id=?
Hibernate: select p1_0.product_id,p1_0.image_id,p1_0.alternative,p1_0.path from product_image p1_0 where p1_0.product_id=?
Hibernate: select o1_0.order_id,o1_0.product_id,p1_0.product_id,p1_0.description,p1_0.manufacturer_name,p1_0.name,p1_0.status,p1_0.unit,o1_0.note,o1_0.price,o1_0.quantity from order_detail o1_0 join product p1_0 on p1_0.product_id=o1_0.product_id where o1_0.order_id=?
Hibernate: select l1_0.employee_id,l1_0.order_id,c1_0.cust_id,c1_0.address,c1_0.email,c1_0.cust_name,c1_0.phone,l1_0.order_date from orders l1_0 left join customer c1_0 on c1_0.cust_id=l1_0.cust_id where l1_0.employee_id=?
Hibernate: insert into order_detail (note,price,quantity,order_id,product_id) values (?,?,?,?,?)
Hibernate: update orders set cust_id=?,employee_id=?,order_date=? where order_id=?
Hibernate: select p1_0.product_id,p1_0.description,p1_0.manufacturer_name,p1_0.name,p1_0.status,p1_0.unit from product p1_0 where p1_0.product_id=?
Hibernate: select o1_0.order_id,o2_0.order_id,c1_0.cust_id,c1_0.address,c1_0.email,c1_0.cust_name,c1_0.phone,o2_0.employee_id,e1_0.emp_id,e1_0.address,e1_0.dob,e1_0.email,e1_0.full_name,e1_0.phone,e1_0.status,o2_0.order_date,o1_0.product_id,p1_0.product_id,p1_0.description,p1_0.manufacturer_name,p1_0.name,p1_0.status,p1_0.unit,p2_0.product_id,p2_0.image_id,p2_0.alternative,p2_0.path,o1_0.note,o1_0.price,o1_0.quantity from order_detail o1_0 join orders o2_0 on o2_0.order_id=o1_0.order_id left join customer c1_0 on c1_0.cust_id=o2_0.cust_id left join employee e1_0 on e1_0.emp_id=o2_0.employee_id join product p1_0 on p1_0.product_id=o1_0.product_id left join product_image p2_0 on p1_0.product_id=p2_0.product_id where (o1_0.order_id,o1_0.product_id) in ((?,?))
Hibernate: select o1_0.order_id,c1_0.cust_id,c1_0.address,c1_0.email,c1_0.cust_name,c1_0.phone,o1_0.employee_id,e1_0.emp_id,e1_0.address,e1_0.dob,e1_0.email,e1_0.full_name,e1_0.phone,e1_0.status,o1_0.order_date,o2_0.order_id,o2_0.product_id,p1_0.product_id,p1_0.description,p1_0.manufacturer_name,p1_0.name,p1_0.status,p1_0.unit,o2_0.note,o2_0.price,o2_0.quantity from orders o1_0 left join customer c1_0 on c1_0.cust_id=o1_0.cust_id join employee e1_0 on e1_0.emp_id=o1_0.employee_id left join order_detail o2_0 on o1_0.order_id=o2_0.order_id left join product p1_0 on p1_0.product_id=o2_0.product_id where o1_0.order_id=?
Hibernate: select p1_0.product_id,p1_0.price_date_time,p1_0.note,p1_0.price from product_price p1_0 where p1_0.product_id=?
Hibernate: select p1_0.product_id,p1_0.image_id,p1_0.alternative,p1_0.path from product_image p1_0 where p1_0.product_id=?
Hibernate: select o1_0.product_id,o1_0.order_id,o2_0.order_id,c1_0.cust_id,c1_0.address,c1_0.email,c1_0.cust_name,c1_0.phone,o2_0.employee_id,e1_0.emp_id,e1_0.address,e1_0.dob,e1_0.email,e1_0.full_name,e1_0.phone,e1_0.status,o2_0.order_date,o1_0.note,o1_0.price,o1_0.quantity from order_detail o1_0 join orders o2_0 on o2_0.order_id=o1_0.order_id left join customer c1_0 on c1_0.cust_id=o2_0.cust_id left join employee e1_0 on e1_0.emp_id=o2_0.employee_id where o1_0.product_id=?
Hibernate: select p1_0.product_id,p1_0.price_date_time,p1_0.note,p1_0.price from product_price p1_0 where p1_0.product_id=?
Hibernate: select p1_0.product_id,p1_0.image_id,p1_0.alternative,p1_0.path from product_image p1_0 where p1_0.product_id=?
Hibernate: select o1_0.product_id,o1_0.order_id,o2_0.order_id,c1_0.cust_id,c1_0.address,c1_0.email,c1_0.cust_name,c1_0.phone,o2_0.employee_id,e1_0.emp_id,e1_0.address,e1_0.dob,e1_0.email,e1_0.full_name,e1_0.phone,e1_0.status,o2_0.order_date,o1_0.note,o1_0.price,o1_0.quantity from order_detail o1_0 join orders o2_0 on o2_0.order_id=o1_0.order_id left join customer c1_0 on c1_0.cust_id=o2_0.cust_id left join employee e1_0 on e1_0.emp_id=o2_0.employee_id where o1_0.product_id=?
Hibernate: select l1_0.employee_id,l1_0.order_id,c1_0.cust_id,c1_0.address,c1_0.email,c1_0.cust_name,c1_0.phone,l1_0.order_date from orders l1_0 left join customer c1_0 on c1_0.cust_id=l1_0.cust_id where l1_0.employee_id=?
Hibernate: select p1_0.product_id,p1_0.description,p1_0.manufacturer_name,p1_0.name,p1_0.status,p1_0.unit,o1_0.product_id,o1_0.order_id,o2_0.order_id,c1_0.cust_id,c1_0.address,c1_0.email,c1_0.cust_name,c1_0.phone,o2_0.employee_id,e1_0.emp_id,e1_0.address,e1_0.dob,e1_0.email,e1_0.full_name,e1_0.phone,e1_0.status,o2_0.order_date,o1_0.note,o1_0.price,o1_0.quantity from product p1_0 left join order_detail o1_0 on p1_0.product_id=o1_0.product_id left join orders o2_0 on o2_0.order_id=o1_0.order_id left join customer c1_0 on c1_0.cust_id=o2_0.cust_id left join employee e1_0 on e1_0.emp_id=o2_0.employee_id where p1_0.product_id=?
Hibernate: select p1_0.product_id,p1_0.price_date_time,p1_0.note,p1_0.price from product_price p1_0 where p1_0.product_id=?
Hibernate: select p1_0.product_id,p1_0.image_id,p1_0.alternative,p1_0.path from product_image p1_0 where p1_0.product_id=?
Hibernate: insert into order_detail (note,price,quantity,order_id,product_id) values (?,?,?,?,?)
Hibernate: update orders set cust_id=?,employee_id=?,order_date=? where order_id=?
Hibernate: select e1_0.emp_id,e1_0.address,e1_0.dob,e1_0.email,e1_0.full_name,e1_0.phone,e1_0.status from employee e1_0 where e1_0.emp_id=?
Hibernate: select c1_0.cust_id,c1_0.address,c1_0.email,c1_0.cust_name,c1_0.phone from customer c1_0 where c1_0.cust_id=?
Hibernate: select o1_0.order_id,c1_0.cust_id,c1_0.address,c1_0.email,c1_0.cust_name,c1_0.phone,o1_0.employee_id,e1_0.emp_id,e1_0.address,e1_0.dob,e1_0.email,e1_0.full_name,e1_0.phone,e1_0.status,o1_0.order_date,o2_0.order_id,o2_0.product_id,p1_0.product_id,p1_0.description,p1_0.manufacturer_name,p1_0.name,p1_0.status,p1_0.unit,o2_0.note,o2_0.price,o2_0.quantity from orders o1_0 left join customer c1_0 on c1_0.cust_id=o1_0.cust_id join employee e1_0 on e1_0.emp_id=o1_0.employee_id left join order_detail o2_0 on o1_0.order_id=o2_0.order_id left join product p1_0 on p1_0.product_id=o2_0.product_id where o1_0.order_id=?
Hibernate: select c1_0.cust_id,c1_0.address,c1_0.email,c1_0.cust_name,c1_0.phone from customer c1_0 where c1_0.cust_id=?
Hibernate: select e1_0.emp_id,e1_0.address,e1_0.dob,e1_0.email,e1_0.full_name,e1_0.phone,e1_0.status from employee e1_0 where e1_0.emp_id=?
Hibernate: insert into orders (cust_id,employee_id,order_date,order_id) values (?,?,?,default)
Hibernate: select p1_0.product_id,p1_0.description,p1_0.manufacturer_name,p1_0.name,p1_0.status,p1_0.unit from product p1_0 where p1_0.product_id=?
Hibernate: select o1_0.order_id,o2_0.order_id,c1_0.cust_id,c1_0.address,c1_0.email,c1_0.cust_name,c1_0.phone,o2_0.employee_id,e1_0.emp_id,e1_0.address,e1_0.dob,e1_0.email,e1_0.full_name,e1_0.phone,e1_0.status,o2_0.order_date,o1_0.product_id,p1_0.product_id,p1_0.description,p1_0.manufacturer_name,p1_0.name,p1_0.status,p1_0.unit,p2_0.product_id,p2_0.image_id,p2_0.alternative,p2_0.path,o1_0.note,o1_0.price,o1_0.quantity from order_detail o1_0 join orders o2_0 on o2_0.order_id=o1_0.order_id left join customer c1_0 on c1_0.cust_id=o2_0.cust_id left join employee e1_0 on e1_0.emp_id=o2_0.employee_id join product p1_0 on p1_0.product_id=o1_0.product_id left join product_image p2_0 on p1_0.product_id=p2_0.product_id where (o1_0.order_id,o1_0.product_id) in ((?,?))
Hibernate: select o1_0.order_id,c1_0.cust_id,c1_0.address,c1_0.email,c1_0.cust_name,c1_0.phone,o1_0.employee_id,e1_0.emp_id,e1_0.address,e1_0.dob,e1_0.email,e1_0.full_name,e1_0.phone,e1_0.status,o1_0.order_date,o2_0.order_id,o2_0.product_id,p1_0.product_id,p1_0.description,p1_0.manufacturer_name,p1_0.name,p1_0.status,p1_0.unit,o2_0.note,o2_0.price,o2_0.quantity from orders o1_0 left join customer c1_0 on c1_0.cust_id=o1_0.cust_id join employee e1_0 on e1_0.emp_id=o1_0.employee_id left join order_detail o2_0 on o1_0.order_id=o2_0.order_id left join product p1_0 on p1_0.product_id=o2_0.product_id where o1_0.order_id=?
Hibernate: select l1_0.employee_id,l1_0.order_id,c1_0.cust_id,c1_0.address,c1_0.email,c1_0.cust_name,c1_0.phone,l1_0.order_date from orders l1_0 left join customer c1_0 on c1_0.cust_id=l1_0.cust_id where l1_0.employee_id=?
Hibernate: select p1_0.product_id,p1_0.description,p1_0.manufacturer_name,p1_0.name,p1_0.status,p1_0.unit,o1_0.product_id,o1_0.order_id,o2_0.order_id,c1_0.cust_id,c1_0.address,c1_0.email,c1_0.cust_name,c1_0.phone,o2_0.employee_id,e1_0.emp_id,e1_0.address,e1_0.dob,e1_0.email,e1_0.full_name,e1_0.phone,e1_0.status,o2_0.order_date,o1_0.note,o1_0.price,o1_0.quantity from product p1_0 left join order_detail o1_0 on p1_0.product_id=o1_0.product_id left join orders o2_0 on o2_0.order_id=o1_0.order_id left join customer c1_0 on c1_0.cust_id=o2_0.cust_id left join employee e1_0 on e1_0.emp_id=o2_0.employee_id where p1_0.product_id=?
Hibernate: select p1_0.product_id,p1_0.price_date_time,p1_0.note,p1_0.price from product_price p1_0 where p1_0.product_id=?
Hibernate: select p1_0.product_id,p1_0.image_id,p1_0.alternative,p1_0.path from product_image p1_0 where p1_0.product_id=?
Hibernate: select o1_0.order_id,o1_0.product_id,p1_0.product_id,p1_0.description,p1_0.manufacturer_name,p1_0.name,p1_0.status,p1_0.unit,o1_0.note,o1_0.price,o1_0.quantity from order_detail o1_0 join product p1_0 on p1_0.product_id=o1_0.product_id where o1_0.order_id=?
Hibernate: select l1_0.employee_id,l1_0.order_id,c1_0.cust_id,c1_0.address,c1_0.email,c1_0.cust_name,c1_0.phone,l1_0.order_date from orders l1_0 left join customer c1_0 on c1_0.cust_id=l1_0.cust_id where l1_0.employee_id=?
Hibernate: insert into order_detail (note,price,quantity,order_id,product_id) values (?,?,?,?,?)
Hibernate: update orders set cust_id=?,employee_id=?,order_date=? where order_id=?
Hibernate: select p1_0.product_id,p1_0.description,p1_0.manufacturer_name,p1_0.name,p1_0.status,p1_0.unit from product p1_0 where p1_0.product_id=?
Hibernate: select o1_0.order_id,o2_0.order_id,c1_0.cust_id,c1_0.address,c1_0.email,c1_0.cust_name,c1_0.phone,o2_0.employee_id,e1_0.emp_id,e1_0.address,e1_0.dob,e1_0.email,e1_0.full_name,e1_0.phone,e1_0.status,o2_0.order_date,o1_0.product_id,p1_0.product_id,p1_0.description,p1_0.manufacturer_name,p1_0.name,p1_0.status,p1_0.unit,p2_0.product_id,p2_0.image_id,p2_0.alternative,p2_0.path,o1_0.note,o1_0.price,o1_0.quantity from order_detail o1_0 join orders o2_0 on o2_0.order_id=o1_0.order_id left join customer c1_0 on c1_0.cust_id=o2_0.cust_id left join employee e1_0 on e1_0.emp_id=o2_0.employee_id join product p1_0 on p1_0.product_id=o1_0.product_id left join product_image p2_0 on p1_0.product_id=p2_0.product_id where (o1_0.order_id,o1_0.product_id) in ((?,?))
Hibernate: select o1_0.order_id,c1_0.cust_id,c1_0.address,c1_0.email,c1_0.cust_name,c1_0.phone,o1_0.employee_id,e1_0.emp_id,e1_0.address,e1_0.dob,e1_0.email,e1_0.full_name,e1_0.phone,e1_0.status,o1_0.order_date,o2_0.order_id,o2_0.product_id,p1_0.product_id,p1_0.description,p1_0.manufacturer_name,p1_0.name,p1_0.status,p1_0.unit,o2_0.note,o2_0.price,o2_0.quantity from orders o1_0 left join customer c1_0 on c1_0.cust_id=o1_0.cust_id join employee e1_0 on e1_0.emp_id=o1_0.employee_id left join order_detail o2_0 on o1_0.order_id=o2_0.order_id left join product p1_0 on p1_0.product_id=o2_0.product_id where o1_0.order_id=?
Hibernate: select p1_0.product_id,p1_0.price_date_time,p1_0.note,p1_0.price from product_price p1_0 where p1_0.product_id=?
Hibernate: select p1_0.product_id,p1_0.image_id,p1_0.alternative,p1_0.path from product_image p1_0 where p1_0.product_id=?
Hibernate: select o1_0.product_id,o1_0.order_id,o2_0.order_id,c1_0.cust_id,c1_0.address,c1_0.email,c1_0.cust_name,c1_0.phone,o2_0.employee_id,e1_0.emp_id,e1_0.address,e1_0.dob,e1_0.email,e1_0.full_name,e1_0.phone,e1_0.status,o2_0.order_date,o1_0.note,o1_0.price,o1_0.quantity from order_detail o1_0 join orders o2_0 on o2_0.order_id=o1_0.order_id left join customer c1_0 on c1_0.cust_id=o2_0.cust_id left join employee e1_0 on e1_0.emp_id=o2_0.employee_id where o1_0.product_id=?
Hibernate: select l1_0.employee_id,l1_0.order_id,c1_0.cust_id,c1_0.address,c1_0.email,c1_0.cust_name,c1_0.phone,l1_0.order_date from orders l1_0 left join customer c1_0 on c1_0.cust_id=l1_0.cust_id where l1_0.employee_id=?
Hibernate: select p1_0.product_id,p1_0.description,p1_0.manufacturer_name,p1_0.name,p1_0.status,p1_0.unit,o1_0.product_id,o1_0.order_id,o2_0.order_id,c1_0.cust_id,c1_0.address,c1_0.email,c1_0.cust_name,c1_0.phone,o2_0.employee_id,e1_0.emp_id,e1_0.address,e1_0.dob,e1_0.email,e1_0.full_name,e1_0.phone,e1_0.status,o2_0.order_date,o1_0.note,o1_0.price,o1_0.quantity from product p1_0 left join order_detail o1_0 on p1_0.product_id=o1_0.product_id left join orders o2_0 on o2_0.order_id=o1_0.order_id left join customer c1_0 on c1_0.cust_id=o2_0.cust_id left join employee e1_0 on e1_0.emp_id=o2_0.employee_id where p1_0.product_id=?
Hibernate: select p1_0.product_id,p1_0.price_date_time,p1_0.note,p1_0.price from product_price p1_0 where p1_0.product_id=?
Hibernate: select p1_0.product_id,p1_0.image_id,p1_0.alternative,p1_0.path from product_image p1_0 where p1_0.product_id=?
Hibernate: select o1_0.order_id,o1_0.product_id,p1_0.product_id,p1_0.description,p1_0.manufacturer_name,p1_0.name,p1_0.status,p1_0.unit,o1_0.note,o1_0.price,o1_0.quantity from order_detail o1_0 join product p1_0 on p1_0.product_id=o1_0.product_id where o1_0.order_id=?
Hibernate: select l1_0.employee_id,l1_0.order_id,c1_0.cust_id,c1_0.address,c1_0.email,c1_0.cust_name,c1_0.phone,l1_0.order_date from orders l1_0 left join customer c1_0 on c1_0.cust_id=l1_0.cust_id where l1_0.employee_id=?
Hibernate: insert into order_detail (note,price,quantity,order_id,product_id) values (?,?,?,?,?)
Hibernate: update orders set cust_id=?,employee_id=?,order_date=? where order_id=?
Hibernate: select p1_0.product_id,p1_0.description,p1_0.manufacturer_name,p1_0.name,p1_0.status,p1_0.unit from product p1_0 where p1_0.product_id=?
Hibernate: select o1_0.order_id,o2_0.order_id,c1_0.cust_id,c1_0.address,c1_0.email,c1_0.cust_name,c1_0.phone,o2_0.employee_id,e1_0.emp_id,e1_0.address,e1_0.dob,e1_0.email,e1_0.full_name,e1_0.phone,e1_0.status,o2_0.order_date,o1_0.product_id,p1_0.product_id,p1_0.description,p1_0.manufacturer_name,p1_0.name,p1_0.status,p1_0.unit,p2_0.product_id,p2_0.image_id,p2_0.alternative,p2_0.path,o1_0.note,o1_0.price,o1_0.quantity from order_detail o1_0 join orders o2_0 on o2_0.order_id=o1_0.order_id left join customer c1_0 on c1_0.cust_id=o2_0.cust_id left join employee e1_0 on e1_0.emp_id=o2_0.employee_id join product p1_0 on p1_0.product_id=o1_0.product_id left join product_image p2_0 on p1_0.product_id=p2_0.product_id where (o1_0.order_id,o1_0.product_id) in ((?,?))
Hibernate: select o1_0.order_id,c1_0.cust_id,c1_0.address,c1_0.email,c1_0.cust_name,c1_0.phone,o1_0.employee_id,e1_0.emp_id,e1_0.address,e1_0.dob,e1_0.email,e1_0.full_name,e1_0.phone,e1_0.status,o1_0.order_date,o2_0.order_id,o2_0.product_id,p1_0.product_id,p1_0.description,p1_0.manufacturer_name,p1_0.name,p1_0.status,p1_0.unit,o2_0.note,o2_0.price,o2_0.quantity from orders o1_0 left join customer c1_0 on c1_0.cust_id=o1_0.cust_id join employee e1_0 on e1_0.emp_id=o1_0.employee_id left join order_detail o2_0 on o1_0.order_id=o2_0.order_id left join product p1_0 on p1_0.product_id=o2_0.product_id where o1_0.order_id=?
Hibernate: select p1_0.product_id,p1_0.price_date_time,p1_0.note,p1_0.price from product_price p1_0 where p1_0.product_id=?
Hibernate: select p1_0.product_id,p1_0.image_id,p1_0.alternative,p1_0.path from product_image p1_0 where p1_0.product_id=?
Hibernate: select o1_0.product_id,o1_0.order_id,o2_0.order_id,c1_0.cust_id,c1_0.address,c1_0.email,c1_0.cust_name,c1_0.phone,o2_0.employee_id,e1_0.emp_id,e1_0.address,e1_0.dob,e1_0.email,e1_0.full_name,e1_0.phone,e1_0.status,o2_0.order_date,o1_0.note,o1_0.price,o1_0.quantity from order_detail o1_0 join orders o2_0 on o2_0.order_id=o1_0.order_id left join customer c1_0 on c1_0.cust_id=o2_0.cust_id left join employee e1_0 on e1_0.emp_id=o2_0.employee_id where o1_0.product_id=?
Hibernate: select p1_0.product_id,p1_0.price_date_time,p1_0.note,p1_0.price from product_price p1_0 where p1_0.product_id=?
Hibernate: select p1_0.product_id,p1_0.image_id,p1_0.alternative,p1_0.path from product_image p1_0 where p1_0.product_id=?
Hibernate: select o1_0.product_id,o1_0.order_id,o2_0.order_id,c1_0.cust_id,c1_0.address,c1_0.email,c1_0.cust_name,c1_0.phone,o2_0.employee_id,e1_0.emp_id,e1_0.address,e1_0.dob,e1_0.email,e1_0.full_name,e1_0.phone,e1_0.status,o2_0.order_date,o1_0.note,o1_0.price,o1_0.quantity from order_detail o1_0 join orders o2_0 on o2_0.order_id=o1_0.order_id left join customer c1_0 on c1_0.cust_id=o2_0.cust_id left join employee e1_0 on e1_0.emp_id=o2_0.employee_id where o1_0.product_id=?
Hibernate: select l1_0.employee_id,l1_0.order_id,c1_0.cust_id,c1_0.address,c1_0.email,c1_0.cust_name,c1_0.phone,l1_0.order_date from orders l1_0 left join customer c1_0 on c1_0.cust_id=l1_0.cust_id where l1_0.employee_id=?
Hibernate: select p1_0.product_id,p1_0.description,p1_0.manufacturer_name,p1_0.name,p1_0.status,p1_0.unit,o1_0.product_id,o1_0.order_id,o2_0.order_id,c1_0.cust_id,c1_0.address,c1_0.email,c1_0.cust_name,c1_0.phone,o2_0.employee_id,e1_0.emp_id,e1_0.address,e1_0.dob,e1_0.email,e1_0.full_name,e1_0.phone,e1_0.status,o2_0.order_date,o1_0.note,o1_0.price,o1_0.quantity from product p1_0 left join order_detail o1_0 on p1_0.product_id=o1_0.product_id left join orders o2_0 on o2_0.order_id=o1_0.order_id left join customer c1_0 on c1_0.cust_id=o2_0.cust_id left join employee e1_0 on e1_0.emp_id=o2_0.employee_id where p1_0.product_id=?
Hibernate: select p1_0.product_id,p1_0.price_date_time,p1_0.note,p1_0.price from product_price p1_0 where p1_0.product_id=?
Hibernate: select p1_0.product_id,p1_0.image_id,p1_0.alternative,p1_0.path from product_image p1_0 where p1_0.product_id=?
Hibernate: insert into order_detail (note,price,quantity,order_id,product_id) values (?,?,?,?,?)
Hibernate: update orders set cust_id=?,employee_id=?,order_date=? where order_id=?
Hibernate: select e1_0.emp_id,e1_0.address,e1_0.dob,e1_0.email,e1_0.full_name,e1_0.phone,e1_0.status from employee e1_0 where e1_0.emp_id=?
Hibernate: select c1_0.cust_id,c1_0.address,c1_0.email,c1_0.cust_name,c1_0.phone from customer c1_0 where c1_0.cust_id=?
Hibernate: select o1_0.order_id,c1_0.cust_id,c1_0.address,c1_0.email,c1_0.cust_name,c1_0.phone,o1_0.employee_id,e1_0.emp_id,e1_0.address,e1_0.dob,e1_0.email,e1_0.full_name,e1_0.phone,e1_0.status,o1_0.order_date,o2_0.order_id,o2_0.product_id,p1_0.product_id,p1_0.description,p1_0.manufacturer_name,p1_0.name,p1_0.status,p1_0.unit,o2_0.note,o2_0.price,o2_0.quantity from orders o1_0 left join customer c1_0 on c1_0.cust_id=o1_0.cust_id join employee e1_0 on e1_0.emp_id=o1_0.employee_id left join order_detail o2_0 on o1_0.order_id=o2_0.order_id left join product p1_0 on p1_0.product_id=o2_0.product_id where o1_0.order_id=?
Hibernate: select c1_0.cust_id,c1_0.address,c1_0.email,c1_0.cust_name,c1_0.phone from customer c1_0 where c1_0.cust_id=?
Hibernate: select e1_0.emp_id,e1_0.address,e1_0.dob,e1_0.email,e1_0.full_name,e1_0.phone,e1_0.status from employee e1_0 where e1_0.emp_id=?
Hibernate: insert into orders (cust_id,employee_id,order_date,order_id) values (?,?,?,default)
Hibernate: select p1_0.product_id,p1_0.description,p1_0.manufacturer_name,p1_0.name,p1_0.status,p1_0.unit from product p1_0 where p1_0.product_id=?
Hibernate: select o1_0.order_id,o2_0.order_id,c1_0.cust_id,c1_0.address,c1_0.email,c1_0.cust_name,c1_0.phone,o2_0.employee_id,e1_0.emp_id,e1_0.address,e1_0.dob,e1_0.email,e1_0.full_name,e1_0.phone,e1_0.status,o2_0.order_date,o1_0.product_id,p1_0.product_id,p1_0.description,p1_0.manufacturer_name,p1_0.name,p1_0.status,p1_0.unit,p2_0.product_id,p2_0.image_id,p2_0.alternative,p2_0.path,o1_0.note,o1_0.price,o1_0.quantity from order_detail o1_0 join orders o2_0 on o2_0.order_id=o1_0.order_id left join customer c1_0 on c1_0.cust_id=o2_0.cust_id left join employee e1_0 on e1_0.emp_id=o2_0.employee_id join product p1_0 on p1_0.product_id=o1_0.product_id left join product_image p2_0 on p1_0.product_id=p2_0.product_id where (o1_0.order_id,o1_0.product_id) in ((?,?))
Hibernate: select o1_0.order_id,c1_0.cust_id,c1_0.address,c1_0.email,c1_0.cust_name,c1_0.phone,o1_0.employee_id,e1_0.emp_id,e1_0.address,e1_0.dob,e1_0.email,e1_0.full_name,e1_0.phone,e1_0.status,o1_0.order_date,o2_0.order_id,o2_0.product_id,p1_0.product_id,p1_0.description,p1_0.manufacturer_name,p1_0.name,p1_0.status,p1_0.unit,o2_0.note,o2_0.price,o2_0.quantity from orders o1_0 left join customer c1_0 on c1_0.cust_id=o1_0.cust_id join employee e1_0 on e1_0.emp_id=o1_0.employee_id left join order_detail o2_0 on o1_0.order_id=o2_0.order_id left join product p1_0 on p1_0.product_id=o2_0.product_id where o1_0.order_id=?
Hibernate: select l1_0.employee_id,l1_0.order_id,c1_0.cust_id,c1_0.address,c1_0.email,c1_0.cust_name,c1_0.phone,l1_0.order_date from orders l1_0 left join customer c1_0 on c1_0.cust_id=l1_0.cust_id where l1_0.employee_id=?
Hibernate: select p1_0.product_id,p1_0.description,p1_0.manufacturer_name,p1_0.name,p1_0.status,p1_0.unit,o1_0.product_id,o1_0.order_id,o2_0.order_id,c1_0.cust_id,c1_0.address,c1_0.email,c1_0.cust_name,c1_0.phone,o2_0.employee_id,e1_0.emp_id,e1_0.address,e1_0.dob,e1_0.email,e1_0.full_name,e1_0.phone,e1_0.status,o2_0.order_date,o1_0.note,o1_0.price,o1_0.quantity from product p1_0 left join order_detail o1_0 on p1_0.product_id=o1_0.product_id left join orders o2_0 on o2_0.order_id=o1_0.order_id left join customer c1_0 on c1_0.cust_id=o2_0.cust_id left join employee e1_0 on e1_0.emp_id=o2_0.employee_id where p1_0.product_id=?
Hibernate: select o1_0.order_id,o1_0.product_id,p1_0.product_id,p1_0.description,p1_0.manufacturer_name,p1_0.name,p1_0.status,p1_0.unit,o1_0.note,o1_0.price,o1_0.quantity from order_detail o1_0 join product p1_0 on p1_0.product_id=o1_0.product_id where o1_0.order_id=?
Hibernate: select o1_0.order_id,o1_0.product_id,p1_0.product_id,p1_0.description,p1_0.manufacturer_name,p1_0.name,p1_0.status,p1_0.unit,o1_0.note,o1_0.price,o1_0.quantity from order_detail o1_0 join product p1_0 on p1_0.product_id=o1_0.product_id where o1_0.order_id=?
Hibernate: select l1_0.employee_id,l1_0.order_id,c1_0.cust_id,c1_0.address,c1_0.email,c1_0.cust_name,c1_0.phone,l1_0.order_date from orders l1_0 left join customer c1_0 on c1_0.cust_id=l1_0.cust_id where l1_0.employee_id=?
Hibernate: select p1_0.product_id,p1_0.price_date_time,p1_0.note,p1_0.price from product_price p1_0 where p1_0.product_id=?
Hibernate: select p1_0.product_id,p1_0.image_id,p1_0.alternative,p1_0.path from product_image p1_0 where p1_0.product_id=?
Hibernate: select o1_0.order_id,o1_0.product_id,p1_0.product_id,p1_0.description,p1_0.manufacturer_name,p1_0.name,p1_0.status,p1_0.unit,o1_0.note,o1_0.price,o1_0.quantity from order_detail o1_0 join product p1_0 on p1_0.product_id=o1_0.product_id where o1_0.order_id=?
Hibernate: select l1_0.employee_id,l1_0.order_id,c1_0.cust_id,c1_0.address,c1_0.email,c1_0.cust_name,c1_0.phone,l1_0.order_date from orders l1_0 left join customer c1_0 on c1_0.cust_id=l1_0.cust_id where l1_0.employee_id=?
Hibernate: insert into order_detail (note,price,quantity,order_id,product_id) values (?,?,?,?,?)
Hibernate: update orders set cust_id=?,employee_id=?,order_date=? where order_id=?
Hibernate: select p1_0.product_id,p1_0.description,p1_0.manufacturer_name,p1_0.name,p1_0.status,p1_0.unit from product p1_0 where p1_0.product_id=?
Hibernate: select o1_0.order_id,o2_0.order_id,c1_0.cust_id,c1_0.address,c1_0.email,c1_0.cust_name,c1_0.phone,o2_0.employee_id,e1_0.emp_id,e1_0.address,e1_0.dob,e1_0.email,e1_0.full_name,e1_0.phone,e1_0.status,o2_0.order_date,o1_0.product_id,p1_0.product_id,p1_0.description,p1_0.manufacturer_name,p1_0.name,p1_0.status,p1_0.unit,p2_0.product_id,p2_0.image_id,p2_0.alternative,p2_0.path,o1_0.note,o1_0.price,o1_0.quantity from order_detail o1_0 join orders o2_0 on o2_0.order_id=o1_0.order_id left join customer c1_0 on c1_0.cust_id=o2_0.cust_id left join employee e1_0 on e1_0.emp_id=o2_0.employee_id join product p1_0 on p1_0.product_id=o1_0.product_id left join product_image p2_0 on p1_0.product_id=p2_0.product_id where (o1_0.order_id,o1_0.product_id) in ((?,?))
Hibernate: select o1_0.order_id,c1_0.cust_id,c1_0.address,c1_0.email,c1_0.cust_name,c1_0.phone,o1_0.employee_id,e1_0.emp_id,e1_0.address,e1_0.dob,e1_0.email,e1_0.full_name,e1_0.phone,e1_0.status,o1_0.order_date,o2_0.order_id,o2_0.product_id,p1_0.product_id,p1_0.description,p1_0.manufacturer_name,p1_0.name,p1_0.status,p1_0.unit,o2_0.note,o2_0.price,o2_0.quantity from orders o1_0 left join customer c1_0 on c1_0.cust_id=o1_0.cust_id join employee e1_0 on e1_0.emp_id=o1_0.employee_id left join order_detail o2_0 on o1_0.order_id=o2_0.order_id left join product p1_0 on p1_0.product_id=o2_0.product_id where o1_0.order_id=?
Hibernate: select p1_0.product_id,p1_0.price_date_time,p1_0.note,p1_0.price from product_price p1_0 where p1_0.product_id=?
Hibernate: select p1_0.product_id,p1_0.image_id,p1_0.alternative,p1_0.path from product_image p1_0 where p1_0.product_id=?
Hibernate: select o1_0.product_id,o1_0.order_id,o2_0.order_id,c1_0.cust_id,c1_0.address,c1_0.email,c1_0.cust_name,c1_0.phone,o2_0.employee_id,e1_0.emp_id,e1_0.address,e1_0.dob,e1_0.email,e1_0.full_name,e1_0.phone,e1_0.status,o2_0.order_date,o1_0.note,o1_0.price,o1_0.quantity from order_detail o1_0 join orders o2_0 on o2_0.order_id=o1_0.order_id left join customer c1_0 on c1_0.cust_id=o2_0.cust_id left join employee e1_0 on e1_0.emp_id=o2_0.employee_id where o1_0.product_id=?
Hibernate: select l1_0.employee_id,l1_0.order_id,c1_0.cust_id,c1_0.address,c1_0.email,c1_0.cust_name,c1_0.phone,l1_0.order_date from orders l1_0 left join customer c1_0 on c1_0.cust_id=l1_0.cust_id where l1_0.employee_id=?
Hibernate: select p1_0.product_id,p1_0.description,p1_0.manufacturer_name,p1_0.name,p1_0.status,p1_0.unit,o1_0.product_id,o1_0.order_id,o2_0.order_id,c1_0.cust_id,c1_0.address,c1_0.email,c1_0.cust_name,c1_0.phone,o2_0.employee_id,e1_0.emp_id,e1_0.address,e1_0.dob,e1_0.email,e1_0.full_name,e1_0.phone,e1_0.status,o2_0.order_date,o1_0.note,o1_0.price,o1_0.quantity from product p1_0 left join order_detail o1_0 on p1_0.product_id=o1_0.product_id left join orders o2_0 on o2_0.order_id=o1_0.order_id left join customer c1_0 on c1_0.cust_id=o2_0.cust_id left join employee e1_0 on e1_0.emp_id=o2_0.employee_id where p1_0.product_id=?
Hibernate: select p1_0.product_id,p1_0.price_date_time,p1_0.note,p1_0.price from product_price p1_0 where p1_0.product_id=?
Hibernate: select p1_0.product_id,p1_0.image_id,p1_0.alternative,p1_0.path from product_image p1_0 where p1_0.product_id=?
Hibernate: insert into order_detail (note,price,quantity,order_id,product_id) values (?,?,?,?,?)
Hibernate: update orders set cust_id=?,employee_id=?,order_date=? where order_id=?
Hibernate: select p1_0.product_id,p1_0.description,p1_0.manufacturer_name,p1_0.name,p1_0.status,p1_0.unit from product p1_0 where p1_0.product_id=?
Hibernate: select o1_0.order_id,o2_0.order_id,c1_0.cust_id,c1_0.address,c1_0.email,c1_0.cust_name,c1_0.phone,o2_0.employee_id,e1_0.emp_id,e1_0.address,e1_0.dob,e1_0.email,e1_0.full_name,e1_0.phone,e1_0.status,o2_0.order_date,o1_0.product_id,p1_0.product_id,p1_0.description,p1_0.manufacturer_name,p1_0.name,p1_0.status,p1_0.unit,p2_0.product_id,p2_0.image_id,p2_0.alternative,p2_0.path,o1_0.note,o1_0.price,o1_0.quantity from order_detail o1_0 join orders o2_0 on o2_0.order_id=o1_0.order_id left join customer c1_0 on c1_0.cust_id=o2_0.cust_id left join employee e1_0 on e1_0.emp_id=o2_0.employee_id join product p1_0 on p1_0.product_id=o1_0.product_id left join product_image p2_0 on p1_0.product_id=p2_0.product_id where (o1_0.order_id,o1_0.product_id) in ((?,?))
Hibernate: select o1_0.order_id,c1_0.cust_id,c1_0.address,c1_0.email,c1_0.cust_name,c1_0.phone,o1_0.employee_id,e1_0.emp_id,e1_0.address,e1_0.dob,e1_0.email,e1_0.full_name,e1_0.phone,e1_0.status,o1_0.order_date,o2_0.order_id,o2_0.product_id,p1_0.product_id,p1_0.description,p1_0.manufacturer_name,p1_0.name,p1_0.status,p1_0.unit,o2_0.note,o2_0.price,o2_0.quantity from orders o1_0 left join customer c1_0 on c1_0.cust_id=o1_0.cust_id join employee e1_0 on e1_0.emp_id=o1_0.employee_id left join order_detail o2_0 on o1_0.order_id=o2_0.order_id left join product p1_0 on p1_0.product_id=o2_0.product_id where o1_0.order_id=?
Hibernate: select p1_0.product_id,p1_0.price_date_time,p1_0.note,p1_0.price from product_price p1_0 where p1_0.product_id=?
Hibernate: select p1_0.product_id,p1_0.image_id,p1_0.alternative,p1_0.path from product_image p1_0 where p1_0.product_id=?
Hibernate: select o1_0.product_id,o1_0.order_id,o2_0.order_id,c1_0.cust_id,c1_0.address,c1_0.email,c1_0.cust_name,c1_0.phone,o2_0.employee_id,e1_0.emp_id,e1_0.address,e1_0.dob,e1_0.email,e1_0.full_name,e1_0.phone,e1_0.status,o2_0.order_date,o1_0.note,o1_0.price,o1_0.quantity from order_detail o1_0 join orders o2_0 on o2_0.order_id=o1_0.order_id left join customer c1_0 on c1_0.cust_id=o2_0.cust_id left join employee e1_0 on e1_0.emp_id=o2_0.employee_id where o1_0.product_id=?
Hibernate: select p1_0.product_id,p1_0.price_date_time,p1_0.note,p1_0.price from product_price p1_0 where p1_0.product_id=?
Hibernate: select p1_0.product_id,p1_0.image_id,p1_0.alternative,p1_0.path from product_image p1_0 where p1_0.product_id=?
Hibernate: select o1_0.product_id,o1_0.order_id,o2_0.order_id,c1_0.cust_id,c1_0.address,c1_0.email,c1_0.cust_name,c1_0.phone,o2_0.employee_id,e1_0.emp_id,e1_0.address,e1_0.dob,e1_0.email,e1_0.full_name,e1_0.phone,e1_0.status,o2_0.order_date,o1_0.note,o1_0.price,o1_0.quantity from order_detail o1_0 join orders o2_0 on o2_0.order_id=o1_0.order_id left join customer c1_0 on c1_0.cust_id=o2_0.cust_id left join employee e1_0 on e1_0.emp_id=o2_0.employee_id where o1_0.product_id=?
Hibernate: select l1_0.employee_id,l1_0.order_id,c1_0.cust_id,c1_0.address,c1_0.email,c1_0.cust_name,c1_0.phone,l1_0.order_date from orders l1_0 left join customer c1_0 on c1_0.cust_id=l1_0.cust_id where l1_0.employee_id=?
Hibernate: select p1_0.product_id,p1_0.description,p1_0.manufacturer_name,p1_0.name,p1_0.status,p1_0.unit,o1_0.product_id,o1_0.order_id,o2_0.order_id,c1_0.cust_id,c1_0.address,c1_0.email,c1_0.cust_name,c1_0.phone,o2_0.employee_id,e1_0.emp_id,e1_0.address,e1_0.dob,e1_0.email,e1_0.full_name,e1_0.phone,e1_0.status,o2_0.order_date,o1_0.note,o1_0.price,o1_0.quantity from product p1_0 left join order_detail o1_0 on p1_0.product_id=o1_0.product_id left join orders o2_0 on o2_0.order_id=o1_0.order_id left join customer c1_0 on c1_0.cust_id=o2_0.cust_id left join employee e1_0 on e1_0.emp_id=o2_0.employee_id where p1_0.product_id=?
Hibernate: select o1_0.order_id,o1_0.product_id,p1_0.product_id,p1_0.description,p1_0.manufacturer_name,p1_0.name,p1_0.status,p1_0.unit,o1_0.note,o1_0.price,o1_0.quantity from order_detail o1_0 join product p1_0 on p1_0.product_id=o1_0.product_id where o1_0.order_id=?
Hibernate: select l1_0.employee_id,l1_0.order_id,c1_0.cust_id,c1_0.address,c1_0.email,c1_0.cust_name,c1_0.phone,l1_0.order_date from orders l1_0 left join customer c1_0 on c1_0.cust_id=l1_0.cust_id where l1_0.employee_id=?
Hibernate: select p1_0.product_id,p1_0.price_date_time,p1_0.note,p1_0.price from product_price p1_0 where p1_0.product_id=?
Hibernate: select p1_0.product_id,p1_0.image_id,p1_0.alternative,p1_0.path from product_image p1_0 where p1_0.product_id=?
Hibernate: select o1_0.order_id,o1_0.product_id,p1_0.product_id,p1_0.description,p1_0.manufacturer_name,p1_0.name,p1_0.status,p1_0.unit,o1_0.note,o1_0.price,o1_0.quantity from order_detail o1_0 join product p1_0 on p1_0.product_id=o1_0.product_id where o1_0.order_id=?
Hibernate: select l1_0.employee_id,l1_0.order_id,c1_0.cust_id,c1_0.address,c1_0.email,c1_0.cust_name,c1_0.phone,l1_0.order_date from orders l1_0 left join customer c1_0 on c1_0.cust_id=l1_0.cust_id where l1_0.employee_id=?
Hibernate: insert into order_detail (note,price,quantity,order_id,product_id) values (?,?,?,?,?)
Hibernate: update orders set cust_id=?,employee_id=?,order_date=? where order_id=?
Hibernate: select e1_0.emp_id,e1_0.address,e1_0.dob,e1_0.email,e1_0.full_name,e1_0.phone,e1_0.status from employee e1_0 where e1_0.emp_id=?
Hibernate: select c1_0.cust_id,c1_0.address,c1_0.email,c1_0.cust_name,c1_0.phone from customer c1_0 where c1_0.cust_id=?
Hibernate: select o1_0.order_id,c1_0.cust_id,c1_0.address,c1_0.email,c1_0.cust_name,c1_0.phone,o1_0.employee_id,e1_0.emp_id,e1_0.address,e1_0.dob,e1_0.email,e1_0.full_name,e1_0.phone,e1_0.status,o1_0.order_date,o2_0.order_id,o2_0.product_id,p1_0.product_id,p1_0.description,p1_0.manufacturer_name,p1_0.name,p1_0.status,p1_0.unit,o2_0.note,o2_0.price,o2_0.quantity from orders o1_0 left join customer c1_0 on c1_0.cust_id=o1_0.cust_id join employee e1_0 on e1_0.emp_id=o1_0.employee_id left join order_detail o2_0 on o1_0.order_id=o2_0.order_id left join product p1_0 on p1_0.product_id=o2_0.product_id where o1_0.order_id=?
Hibernate: select c1_0.cust_id,c1_0.address,c1_0.email,c1_0.cust_name,c1_0.phone from customer c1_0 where c1_0.cust_id=?
Hibernate: select e1_0.emp_id,e1_0.address,e1_0.dob,e1_0.email,e1_0.full_name,e1_0.phone,e1_0.status from employee e1_0 where e1_0.emp_id=?
Hibernate: insert into orders (cust_id,employee_id,order_date,order_id) values (?,?,?,default)
Hibernate: select p1_0.product_id,p1_0.description,p1_0.manufacturer_name,p1_0.name,p1_0.status,p1_0.unit from product p1_0 where p1_0.product_id=?
Hibernate: select o1_0.order_id,o2_0.order_id,c1_0.cust_id,c1_0.address,c1_0.email,c1_0.cust_name,c1_0.phone,o2_0.employee_id,e1_0.emp_id,e1_0.address,e1_0.dob,e1_0.email,e1_0.full_name,e1_0.phone,e1_0.status,o2_0.order_date,o1_0.product_id,p1_0.product_id,p1_0.description,p1_0.manufacturer_name,p1_0.name,p1_0.status,p1_0.unit,p2_0.product_id,p2_0.image_id,p2_0.alternative,p2_0.path,o1_0.note,o1_0.price,o1_0.quantity from order_detail o1_0 join orders o2_0 on o2_0.order_id=o1_0.order_id left join customer c1_0 on c1_0.cust_id=o2_0.cust_id left join employee e1_0 on e1_0.emp_id=o2_0.employee_id join product p1_0 on p1_0.product_id=o1_0.product_id left join product_image p2_0 on p1_0.product_id=p2_0.product_id where (o1_0.order_id,o1_0.product_id) in ((?,?))
Hibernate: select o1_0.order_id,c1_0.cust_id,c1_0.address,c1_0.email,c1_0.cust_name,c1_0.phone,o1_0.employee_id,e1_0.emp_id,e1_0.address,e1_0.dob,e1_0.email,e1_0.full_name,e1_0.phone,e1_0.status,o1_0.order_date,o2_0.order_id,o2_0.product_id,p1_0.product_id,p1_0.description,p1_0.manufacturer_name,p1_0.name,p1_0.status,p1_0.unit,o2_0.note,o2_0.price,o2_0.quantity from orders o1_0 left join customer c1_0 on c1_0.cust_id=o1_0.cust_id join employee e1_0 on e1_0.emp_id=o1_0.employee_id left join order_detail o2_0 on o1_0.order_id=o2_0.order_id left join product p1_0 on p1_0.product_id=o2_0.product_id where o1_0.order_id=?
Hibernate: select l1_0.employee_id,l1_0.order_id,c1_0.cust_id,c1_0.address,c1_0.email,c1_0.cust_name,c1_0.phone,l1_0.order_date from orders l1_0 left join customer c1_0 on c1_0.cust_id=l1_0.cust_id where l1_0.employee_id=?
Hibernate: select p1_0.product_id,p1_0.description,p1_0.manufacturer_name,p1_0.name,p1_0.status,p1_0.unit,o1_0.product_id,o1_0.order_id,o2_0.order_id,c1_0.cust_id,c1_0.address,c1_0.email,c1_0.cust_name,c1_0.phone,o2_0.employee_id,e1_0.emp_id,e1_0.address,e1_0.dob,e1_0.email,e1_0.full_name,e1_0.phone,e1_0.status,o2_0.order_date,o1_0.note,o1_0.price,o1_0.quantity from product p1_0 left join order_detail o1_0 on p1_0.product_id=o1_0.product_id left join orders o2_0 on o2_0.order_id=o1_0.order_id left join customer c1_0 on c1_0.cust_id=o2_0.cust_id left join employee e1_0 on e1_0.emp_id=o2_0.employee_id where p1_0.product_id=?
Hibernate: select o1_0.order_id,o1_0.product_id,p1_0.product_id,p1_0.description,p1_0.manufacturer_name,p1_0.name,p1_0.status,p1_0.unit,o1_0.note,o1_0.price,o1_0.quantity from order_detail o1_0 join product p1_0 on p1_0.product_id=o1_0.product_id where o1_0.order_id=?
Hibernate: select l1_0.employee_id,l1_0.order_id,c1_0.cust_id,c1_0.address,c1_0.email,c1_0.cust_name,c1_0.phone,l1_0.order_date from orders l1_0 left join customer c1_0 on c1_0.cust_id=l1_0.cust_id where l1_0.employee_id=?
Hibernate: select p1_0.product_id,p1_0.price_date_time,p1_0.note,p1_0.price from product_price p1_0 where p1_0.product_id=?
Hibernate: select p1_0.product_id,p1_0.image_id,p1_0.alternative,p1_0.path from product_image p1_0 where p1_0.product_id=?
Hibernate: select o1_0.order_id,o1_0.product_id,p1_0.product_id,p1_0.description,p1_0.manufacturer_name,p1_0.name,p1_0.status,p1_0.unit,o1_0.note,o1_0.price,o1_0.quantity from order_detail o1_0 join product p1_0 on p1_0.product_id=o1_0.product_id where o1_0.order_id=?
Hibernate: select l1_0.employee_id,l1_0.order_id,c1_0.cust_id,c1_0.address,c1_0.email,c1_0.cust_name,c1_0.phone,l1_0.order_date from orders l1_0 left join customer c1_0 on c1_0.cust_id=l1_0.cust_id where l1_0.employee_id=?
Hibernate: insert into order_detail (note,price,quantity,order_id,product_id) values (?,?,?,?,?)
Hibernate: update orders set cust_id=?,employee_id=?,order_date=? where order_id=?
Hibernate: select p1_0.product_id,p1_0.description,p1_0.manufacturer_name,p1_0.name,p1_0.status,p1_0.unit from product p1_0 where p1_0.product_id=?
Hibernate: select o1_0.order_id,o2_0.order_id,c1_0.cust_id,c1_0.address,c1_0.email,c1_0.cust_name,c1_0.phone,o2_0.employee_id,e1_0.emp_id,e1_0.address,e1_0.dob,e1_0.email,e1_0.full_name,e1_0.phone,e1_0.status,o2_0.order_date,o1_0.product_id,p1_0.product_id,p1_0.description,p1_0.manufacturer_name,p1_0.name,p1_0.status,p1_0.unit,p2_0.product_id,p2_0.image_id,p2_0.alternative,p2_0.path,o1_0.note,o1_0.price,o1_0.quantity from order_detail o1_0 join orders o2_0 on o2_0.order_id=o1_0.order_id left join customer c1_0 on c1_0.cust_id=o2_0.cust_id left join employee e1_0 on e1_0.emp_id=o2_0.employee_id join product p1_0 on p1_0.product_id=o1_0.product_id left join product_image p2_0 on p1_0.product_id=p2_0.product_id where (o1_0.order_id,o1_0.product_id) in ((?,?))
Hibernate: select o1_0.order_id,c1_0.cust_id,c1_0.address,c1_0.email,c1_0.cust_name,c1_0.phone,o1_0.employee_id,e1_0.emp_id,e1_0.address,e1_0.dob,e1_0.email,e1_0.full_name,e1_0.phone,e1_0.status,o1_0.order_date,o2_0.order_id,o2_0.product_id,p1_0.product_id,p1_0.description,p1_0.manufacturer_name,p1_0.name,p1_0.status,p1_0.unit,o2_0.note,o2_0.price,o2_0.quantity from orders o1_0 left join customer c1_0 on c1_0.cust_id=o1_0.cust_id join employee e1_0 on e1_0.emp_id=o1_0.employee_id left join order_detail o2_0 on o1_0.order_id=o2_0.order_id left join product p1_0 on p1_0.product_id=o2_0.product_id where o1_0.order_id=?
Hibernate: select p1_0.product_id,p1_0.price_date_time,p1_0.note,p1_0.price from product_price p1_0 where p1_0.product_id=?
Hibernate: select p1_0.product_id,p1_0.image_id,p1_0.alternative,p1_0.path from product_image p1_0 where p1_0.product_id=?
Hibernate: select o1_0.product_id,o1_0.order_id,o2_0.order_id,c1_0.cust_id,c1_0.address,c1_0.email,c1_0.cust_name,c1_0.phone,o2_0.employee_id,e1_0.emp_id,e1_0.address,e1_0.dob,e1_0.email,e1_0.full_name,e1_0.phone,e1_0.status,o2_0.order_date,o1_0.note,o1_0.price,o1_0.quantity from order_detail o1_0 join orders o2_0 on o2_0.order_id=o1_0.order_id left join customer c1_0 on c1_0.cust_id=o2_0.cust_id left join employee e1_0 on e1_0.emp_id=o2_0.employee_id where o1_0.product_id=?
Hibernate: select l1_0.employee_id,l1_0.order_id,c1_0.cust_id,c1_0.address,c1_0.email,c1_0.cust_name,c1_0.phone,l1_0.order_date from orders l1_0 left join customer c1_0 on c1_0.cust_id=l1_0.cust_id where l1_0.employee_id=?
Hibernate: select p1_0.product_id,p1_0.description,p1_0.manufacturer_name,p1_0.name,p1_0.status,p1_0.unit,o1_0.product_id,o1_0.order_id,o2_0.order_id,c1_0.cust_id,c1_0.address,c1_0.email,c1_0.cust_name,c1_0.phone,o2_0.employee_id,e1_0.emp_id,e1_0.address,e1_0.dob,e1_0.email,e1_0.full_name,e1_0.phone,e1_0.status,o2_0.order_date,o1_0.note,o1_0.price,o1_0.quantity from product p1_0 left join order_detail o1_0 on p1_0.product_id=o1_0.product_id left join orders o2_0 on o2_0.order_id=o1_0.order_id left join customer c1_0 on c1_0.cust_id=o2_0.cust_id left join employee e1_0 on e1_0.emp_id=o2_0.employee_id where p1_0.product_id=?
Hibernate: select p1_0.product_id,p1_0.price_date_time,p1_0.note,p1_0.price from product_price p1_0 where p1_0.product_id=?
Hibernate: select p1_0.product_id,p1_0.image_id,p1_0.alternative,p1_0.path from product_image p1_0 where p1_0.product_id=?
Hibernate: insert into order_detail (note,price,quantity,order_id,product_id) values (?,?,?,?,?)
Hibernate: update orders set cust_id=?,employee_id=?,order_date=? where order_id=?
Hibernate: select p1_0.product_id,p1_0.description,p1_0.manufacturer_name,p1_0.name,p1_0.status,p1_0.unit from product p1_0 where p1_0.product_id=?
Hibernate: select o1_0.order_id,o2_0.order_id,c1_0.cust_id,c1_0.address,c1_0.email,c1_0.cust_name,c1_0.phone,o2_0.employee_id,e1_0.emp_id,e1_0.address,e1_0.dob,e1_0.email,e1_0.full_name,e1_0.phone,e1_0.status,o2_0.order_date,o1_0.product_id,p1_0.product_id,p1_0.description,p1_0.manufacturer_name,p1_0.name,p1_0.status,p1_0.unit,p2_0.product_id,p2_0.image_id,p2_0.alternative,p2_0.path,o1_0.note,o1_0.price,o1_0.quantity from order_detail o1_0 join orders o2_0 on o2_0.order_id=o1_0.order_id left join customer c1_0 on c1_0.cust_id=o2_0.cust_id left join employee e1_0 on e1_0.emp_id=o2_0.employee_id join product p1_0 on p1_0.product_id=o1_0.product_id left join product_image p2_0 on p1_0.product_id=p2_0.product_id where (o1_0.order_id,o1_0.product_id) in ((?,?))
Hibernate: select o1_0.order_id,c1_0.cust_id,c1_0.address,c1_0.email,c1_0.cust_name,c1_0.phone,o1_0.employee_id,e1_0.emp_id,e1_0.address,e1_0.dob,e1_0.email,e1_0.full_name,e1_0.phone,e1_0.status,o1_0.order_date,o2_0.order_id,o2_0.product_id,p1_0.product_id,p1_0.description,p1_0.manufacturer_name,p1_0.name,p1_0.status,p1_0.unit,o2_0.note,o2_0.price,o2_0.quantity from orders o1_0 left join customer c1_0 on c1_0.cust_id=o1_0.cust_id join employee e1_0 on e1_0.emp_id=o1_0.employee_id left join order_detail o2_0 on o1_0.order_id=o2_0.order_id left join product p1_0 on p1_0.product_id=o2_0.product_id where o1_0.order_id=?
Hibernate: select p1_0.product_id,p1_0.price_date_time,p1_0.note,p1_0.price from product_price p1_0 where p1_0.product_id=?
Hibernate: select p1_0.product_id,p1_0.image_id,p1_0.alternative,p1_0.path from product_image p1_0 where p1_0.product_id=?
Hibernate: select o1_0.product_id,o1_0.order_id,o2_0.order_id,c1_0.cust_id,c1_0.address,c1_0.email,c1_0.cust_name,c1_0.phone,o2_0.employee_id,e1_0.emp_id,e1_0.address,e1_0.dob,e1_0.email,e1_0.full_name,e1_0.phone,e1_0.status,o2_0.order_date,o1_0.note,o1_0.price,o1_0.quantity from order_detail o1_0 join orders o2_0 on o2_0.order_id=o1_0.order_id left join customer c1_0 on c1_0.cust_id=o2_0.cust_id left join employee e1_0 on e1_0.emp_id=o2_0.employee_id where o1_0.product_id=?
Hibernate: select p1_0.product_id,p1_0.price_date_time,p1_0.note,p1_0.price from product_price p1_0 where p1_0.product_id=?
Hibernate: select p1_0.product_id,p1_0.image_id,p1_0.alternative,p1_0.path from product_image p1_0 where p1_0.product_id=?
Hibernate: select o1_0.product_id,o1_0.order_id,o2_0.order_id,c1_0.cust_id,c1_0.address,c1_0.email,c1_0.cust_name,c1_0.phone,o2_0.employee_id,e1_0.emp_id,e1_0.address,e1_0.dob,e1_0.email,e1_0.full_name,e1_0.phone,e1_0.status,o2_0.order_date,o1_0.note,o1_0.price,o1_0.quantity from order_detail o1_0 join orders o2_0 on o2_0.order_id=o1_0.order_id left join customer c1_0 on c1_0.cust_id=o2_0.cust_id left join employee e1_0 on e1_0.emp_id=o2_0.employee_id where o1_0.product_id=?
Hibernate: select l1_0.employee_id,l1_0.order_id,c1_0.cust_id,c1_0.address,c1_0.email,c1_0.cust_name,c1_0.phone,l1_0.order_date from orders l1_0 left join customer c1_0 on c1_0.cust_id=l1_0.cust_id where l1_0.employee_id=?
Hibernate: select p1_0.product_id,p1_0.description,p1_0.manufacturer_name,p1_0.name,p1_0.status,p1_0.unit,o1_0.product_id,o1_0.order_id,o2_0.order_id,c1_0.cust_id,c1_0.address,c1_0.email,c1_0.cust_name,c1_0.phone,o2_0.employee_id,e1_0.emp_id,e1_0.address,e1_0.dob,e1_0.email,e1_0.full_name,e1_0.phone,e1_0.status,o2_0.order_date,o1_0.note,o1_0.price,o1_0.quantity from product p1_0 left join order_detail o1_0 on p1_0.product_id=o1_0.product_id left join orders o2_0 on o2_0.order_id=o1_0.order_id left join customer c1_0 on c1_0.cust_id=o2_0.cust_id left join employee e1_0 on e1_0.emp_id=o2_0.employee_id where p1_0.product_id=?
Hibernate: select p1_0.product_id,p1_0.price_date_time,p1_0.note,p1_0.price from product_price p1_0 where p1_0.product_id=?
Hibernate: select p1_0.product_id,p1_0.image_id,p1_0.alternative,p1_0.path from product_image p1_0 where p1_0.product_id=?
Hibernate: select o1_0.order_id,o1_0.product_id,p1_0.product_id,p1_0.description,p1_0.manufacturer_name,p1_0.name,p1_0.status,p1_0.unit,o1_0.note,o1_0.price,o1_0.quantity from order_detail o1_0 join product p1_0 on p1_0.product_id=o1_0.product_id where o1_0.order_id=?
Hibernate: insert into order_detail (note,price,quantity,order_id,product_id) values (?,?,?,?,?)
Hibernate: update orders set cust_id=?,employee_id=?,order_date=? where order_id=?
Hibernate: select e1_0.emp_id,e1_0.address,e1_0.dob,e1_0.email,e1_0.full_name,e1_0.phone,e1_0.status from employee e1_0 where e1_0.emp_id=?
Hibernate: select c1_0.cust_id,c1_0.address,c1_0.email,c1_0.cust_name,c1_0.phone from customer c1_0 where c1_0.cust_id=?
Hibernate: select o1_0.order_id,c1_0.cust_id,c1_0.address,c1_0.email,c1_0.cust_name,c1_0.phone,o1_0.employee_id,e1_0.emp_id,e1_0.address,e1_0.dob,e1_0.email,e1_0.full_name,e1_0.phone,e1_0.status,o1_0.order_date,o2_0.order_id,o2_0.product_id,p1_0.product_id,p1_0.description,p1_0.manufacturer_name,p1_0.name,p1_0.status,p1_0.unit,o2_0.note,o2_0.price,o2_0.quantity from orders o1_0 left join customer c1_0 on c1_0.cust_id=o1_0.cust_id join employee e1_0 on e1_0.emp_id=o1_0.employee_id left join order_detail o2_0 on o1_0.order_id=o2_0.order_id left join product p1_0 on p1_0.product_id=o2_0.product_id where o1_0.order_id=?
Hibernate: select c1_0.cust_id,c1_0.address,c1_0.email,c1_0.cust_name,c1_0.phone from customer c1_0 where c1_0.cust_id=?
Hibernate: select e1_0.emp_id,e1_0.address,e1_0.dob,e1_0.email,e1_0.full_name,e1_0.phone,e1_0.status from employee e1_0 where e1_0.emp_id=?
Hibernate: insert into orders (cust_id,employee_id,order_date,order_id) values (?,?,?,default)
Hibernate: select p1_0.product_id,p1_0.description,p1_0.manufacturer_name,p1_0.name,p1_0.status,p1_0.unit from product p1_0 where p1_0.product_id=?
Hibernate: select o1_0.order_id,o2_0.order_id,c1_0.cust_id,c1_0.address,c1_0.email,c1_0.cust_name,c1_0.phone,o2_0.employee_id,e1_0.emp_id,e1_0.address,e1_0.dob,e1_0.email,e1_0.full_name,e1_0.phone,e1_0.status,o2_0.order_date,o1_0.product_id,p1_0.product_id,p1_0.description,p1_0.manufacturer_name,p1_0.name,p1_0.status,p1_0.unit,p2_0.product_id,p2_0.image_id,p2_0.alternative,p2_0.path,o1_0.note,o1_0.price,o1_0.quantity from order_detail o1_0 join orders o2_0 on o2_0.order_id=o1_0.order_id left join customer c1_0 on c1_0.cust_id=o2_0.cust_id left join employee e1_0 on e1_0.emp_id=o2_0.employee_id join product p1_0 on p1_0.product_id=o1_0.product_id left join product_image p2_0 on p1_0.product_id=p2_0.product_id where (o1_0.order_id,o1_0.product_id) in ((?,?))
Hibernate: select o1_0.order_id,c1_0.cust_id,c1_0.address,c1_0.email,c1_0.cust_name,c1_0.phone,o1_0.employee_id,e1_0.emp_id,e1_0.address,e1_0.dob,e1_0.email,e1_0.full_name,e1_0.phone,e1_0.status,o1_0.order_date,o2_0.order_id,o2_0.product_id,p1_0.product_id,p1_0.description,p1_0.manufacturer_name,p1_0.name,p1_0.status,p1_0.unit,o2_0.note,o2_0.price,o2_0.quantity from orders o1_0 left join customer c1_0 on c1_0.cust_id=o1_0.cust_id join employee e1_0 on e1_0.emp_id=o1_0.employee_id left join order_detail o2_0 on o1_0.order_id=o2_0.order_id left join product p1_0 on p1_0.product_id=o2_0.product_id where o1_0.order_id=?
Hibernate: select l1_0.employee_id,l1_0.order_id,c1_0.cust_id,c1_0.address,c1_0.email,c1_0.cust_name,c1_0.phone,l1_0.order_date from orders l1_0 left join customer c1_0 on c1_0.cust_id=l1_0.cust_id where l1_0.employee_id=?
Hibernate: select p1_0.product_id,p1_0.description,p1_0.manufacturer_name,p1_0.name,p1_0.status,p1_0.unit,o1_0.product_id,o1_0.order_id,o2_0.order_id,c1_0.cust_id,c1_0.address,c1_0.email,c1_0.cust_name,c1_0.phone,o2_0.employee_id,e1_0.emp_id,e1_0.address,e1_0.dob,e1_0.email,e1_0.full_name,e1_0.phone,e1_0.status,o2_0.order_date,o1_0.note,o1_0.price,o1_0.quantity from product p1_0 left join order_detail o1_0 on p1_0.product_id=o1_0.product_id left join orders o2_0 on o2_0.order_id=o1_0.order_id left join customer c1_0 on c1_0.cust_id=o2_0.cust_id left join employee e1_0 on e1_0.emp_id=o2_0.employee_id where p1_0.product_id=?
Hibernate: select p1_0.product_id,p1_0.price_date_time,p1_0.note,p1_0.price from product_price p1_0 where p1_0.product_id=?
Hibernate: select p1_0.product_id,p1_0.image_id,p1_0.alternative,p1_0.path from product_image p1_0 where p1_0.product_id=?
Hibernate: insert into order_detail (note,price,quantity,order_id,product_id) values (?,?,?,?,?)
Hibernate: update orders set cust_id=?,employee_id=?,order_date=? where order_id=?
Hibernate: select p1_0.product_id,p1_0.description,p1_0.manufacturer_name,p1_0.name,p1_0.status,p1_0.unit from product p1_0 where p1_0.product_id=?
Hibernate: select o1_0.order_id,o2_0.order_id,c1_0.cust_id,c1_0.address,c1_0.email,c1_0.cust_name,c1_0.phone,o2_0.employee_id,e1_0.emp_id,e1_0.address,e1_0.dob,e1_0.email,e1_0.full_name,e1_0.phone,e1_0.status,o2_0.order_date,o1_0.product_id,p1_0.product_id,p1_0.description,p1_0.manufacturer_name,p1_0.name,p1_0.status,p1_0.unit,p2_0.product_id,p2_0.image_id,p2_0.alternative,p2_0.path,o1_0.note,o1_0.price,o1_0.quantity from order_detail o1_0 join orders o2_0 on o2_0.order_id=o1_0.order_id left join customer c1_0 on c1_0.cust_id=o2_0.cust_id left join employee e1_0 on e1_0.emp_id=o2_0.employee_id join product p1_0 on p1_0.product_id=o1_0.product_id left join product_image p2_0 on p1_0.product_id=p2_0.product_id where (o1_0.order_id,o1_0.product_id) in ((?,?))
Hibernate: select o1_0.order_id,c1_0.cust_id,c1_0.address,c1_0.email,c1_0.cust_name,c1_0.phone,o1_0.employee_id,e1_0.emp_id,e1_0.address,e1_0.dob,e1_0.email,e1_0.full_name,e1_0.phone,e1_0.status,o1_0.order_date,o2_0.order_id,o2_0.product_id,p1_0.product_id,p1_0.description,p1_0.manufacturer_name,p1_0.name,p1_0.status,p1_0.unit,o2_0.note,o2_0.price,o2_0.quantity from orders o1_0 left join customer c1_0 on c1_0.cust_id=o1_0.cust_id join employee e1_0 on e1_0.emp_id=o1_0.employee_id left join order_detail o2_0 on o1_0.order_id=o2_0.order_id left join product p1_0 on p1_0.product_id=o2_0.product_id where o1_0.order_id=?
Hibernate: select p1_0.product_id,p1_0.price_date_time,p1_0.note,p1_0.price from product_price p1_0 where p1_0.product_id=?
Hibernate: select p1_0.product_id,p1_0.image_id,p1_0.alternative,p1_0.path from product_image p1_0 where p1_0.product_id=?
Hibernate: select o1_0.product_id,o1_0.order_id,o2_0.order_id,c1_0.cust_id,c1_0.address,c1_0.email,c1_0.cust_name,c1_0.phone,o2_0.employee_id,e1_0.emp_id,e1_0.address,e1_0.dob,e1_0.email,e1_0.full_name,e1_0.phone,e1_0.status,o2_0.order_date,o1_0.note,o1_0.price,o1_0.quantity from order_detail o1_0 join orders o2_0 on o2_0.order_id=o1_0.order_id left join customer c1_0 on c1_0.cust_id=o2_0.cust_id left join employee e1_0 on e1_0.emp_id=o2_0.employee_id where o1_0.product_id=?
Hibernate: select l1_0.employee_id,l1_0.order_id,c1_0.cust_id,c1_0.address,c1_0.email,c1_0.cust_name,c1_0.phone,l1_0.order_date from orders l1_0 left join customer c1_0 on c1_0.cust_id=l1_0.cust_id where l1_0.employee_id=?
Hibernate: select p1_0.product_id,p1_0.description,p1_0.manufacturer_name,p1_0.name,p1_0.status,p1_0.unit,o1_0.product_id,o1_0.order_id,o2_0.order_id,c1_0.cust_id,c1_0.address,c1_0.email,c1_0.cust_name,c1_0.phone,o2_0.employee_id,e1_0.emp_id,e1_0.address,e1_0.dob,e1_0.email,e1_0.full_name,e1_0.phone,e1_0.status,o2_0.order_date,o1_0.note,o1_0.price,o1_0.quantity from product p1_0 left join order_detail o1_0 on p1_0.product_id=o1_0.product_id left join orders o2_0 on o2_0.order_id=o1_0.order_id left join customer c1_0 on c1_0.cust_id=o2_0.cust_id left join employee e1_0 on e1_0.emp_id=o2_0.employee_id where p1_0.product_id=?
Hibernate: select p1_0.product_id,p1_0.price_date_time,p1_0.note,p1_0.price from product_price p1_0 where p1_0.product_id=?
Hibernate: select p1_0.product_id,p1_0.image_id,p1_0.alternative,p1_0.path from product_image p1_0 where p1_0.product_id=?
Hibernate: select o1_0.order_id,o1_0.product_id,p1_0.product_id,p1_0.description,p1_0.manufacturer_name,p1_0.name,p1_0.status,p1_0.unit,o1_0.note,o1_0.price,o1_0.quantity from order_detail o1_0 join product p1_0 on p1_0.product_id=o1_0.product_id where o1_0.order_id=?
Hibernate: select l1_0.employee_id,l1_0.order_id,c1_0.cust_id,c1_0.address,c1_0.email,c1_0.cust_name,c1_0.phone,l1_0.order_date from orders l1_0 left join customer c1_0 on c1_0.cust_id=l1_0.cust_id where l1_0.employee_id=?
Hibernate: insert into order_detail (note,price,quantity,order_id,product_id) values (?,?,?,?,?)
Hibernate: update orders set cust_id=?,employee_id=?,order_date=? where order_id=?
Hibernate: select p1_0.product_id,p1_0.description,p1_0.manufacturer_name,p1_0.name,p1_0.status,p1_0.unit from product p1_0 where p1_0.product_id=?
Hibernate: select o1_0.order_id,o2_0.order_id,c1_0.cust_id,c1_0.address,c1_0.email,c1_0.cust_name,c1_0.phone,o2_0.employee_id,e1_0.emp_id,e1_0.address,e1_0.dob,e1_0.email,e1_0.full_name,e1_0.phone,e1_0.status,o2_0.order_date,o1_0.product_id,p1_0.product_id,p1_0.description,p1_0.manufacturer_name,p1_0.name,p1_0.status,p1_0.unit,p2_0.product_id,p2_0.image_id,p2_0.alternative,p2_0.path,o1_0.note,o1_0.price,o1_0.quantity from order_detail o1_0 join orders o2_0 on o2_0.order_id=o1_0.order_id left join customer c1_0 on c1_0.cust_id=o2_0.cust_id left join employee e1_0 on e1_0.emp_id=o2_0.employee_id join product p1_0 on p1_0.product_id=o1_0.product_id left join product_image p2_0 on p1_0.product_id=p2_0.product_id where (o1_0.order_id,o1_0.product_id) in ((?,?))
Hibernate: select o1_0.order_id,c1_0.cust_id,c1_0.address,c1_0.email,c1_0.cust_name,c1_0.phone,o1_0.employee_id,e1_0.emp_id,e1_0.address,e1_0.dob,e1_0.email,e1_0.full_name,e1_0.phone,e1_0.status,o1_0.order_date,o2_0.order_id,o2_0.product_id,p1_0.product_id,p1_0.description,p1_0.manufacturer_name,p1_0.name,p1_0.status,p1_0.unit,o2_0.note,o2_0.price,o2_0.quantity from orders o1_0 left join customer c1_0 on c1_0.cust_id=o1_0.cust_id join employee e1_0 on e1_0.emp_id=o1_0.employee_id left join order_detail o2_0 on o1_0.order_id=o2_0.order_id left join product p1_0 on p1_0.product_id=o2_0.product_id where o1_0.order_id=?
Hibernate: select p1_0.product_id,p1_0.price_date_time,p1_0.note,p1_0.price from product_price p1_0 where p1_0.product_id=?
Hibernate: select p1_0.product_id,p1_0.image_id,p1_0.alternative,p1_0.path from product_image p1_0 where p1_0.product_id=?
Hibernate: select o1_0.product_id,o1_0.order_id,o2_0.order_id,c1_0.cust_id,c1_0.address,c1_0.email,c1_0.cust_name,c1_0.phone,o2_0.employee_id,e1_0.emp_id,e1_0.address,e1_0.dob,e1_0.email,e1_0.full_name,e1_0.phone,e1_0.status,o2_0.order_date,o1_0.note,o1_0.price,o1_0.quantity from order_detail o1_0 join orders o2_0 on o2_0.order_id=o1_0.order_id left join customer c1_0 on c1_0.cust_id=o2_0.cust_id left join employee e1_0 on e1_0.emp_id=o2_0.employee_id where o1_0.product_id=?
Hibernate: select p1_0.product_id,p1_0.price_date_time,p1_0.note,p1_0.price from product_price p1_0 where p1_0.product_id=?
Hibernate: select p1_0.product_id,p1_0.image_id,p1_0.alternative,p1_0.path from product_image p1_0 where p1_0.product_id=?
Hibernate: select o1_0.product_id,o1_0.order_id,o2_0.order_id,c1_0.cust_id,c1_0.address,c1_0.email,c1_0.cust_name,c1_0.phone,o2_0.employee_id,e1_0.emp_id,e1_0.address,e1_0.dob,e1_0.email,e1_0.full_name,e1_0.phone,e1_0.status,o2_0.order_date,o1_0.note,o1_0.price,o1_0.quantity from order_detail o1_0 join orders o2_0 on o2_0.order_id=o1_0.order_id left join customer c1_0 on c1_0.cust_id=o2_0.cust_id left join employee e1_0 on e1_0.emp_id=o2_0.employee_id where o1_0.product_id=?
Hibernate: select l1_0.employee_id,l1_0.order_id,c1_0.cust_id,c1_0.address,c1_0.email,c1_0.cust_name,c1_0.phone,l1_0.order_date from orders l1_0 left join customer c1_0 on c1_0.cust_id=l1_0.cust_id where l1_0.employee_id=?
Hibernate: select p1_0.product_id,p1_0.description,p1_0.manufacturer_name,p1_0.name,p1_0.status,p1_0.unit,o1_0.product_id,o1_0.order_id,o2_0.order_id,c1_0.cust_id,c1_0.address,c1_0.email,c1_0.cust_name,c1_0.phone,o2_0.employee_id,e1_0.emp_id,e1_0.address,e1_0.dob,e1_0.email,e1_0.full_name,e1_0.phone,e1_0.status,o2_0.order_date,o1_0.note,o1_0.price,o1_0.quantity from product p1_0 left join order_detail o1_0 on p1_0.product_id=o1_0.product_id left join orders o2_0 on o2_0.order_id=o1_0.order_id left join customer c1_0 on c1_0.cust_id=o2_0.cust_id left join employee e1_0 on e1_0.emp_id=o2_0.employee_id where p1_0.product_id=?
Hibernate: select o1_0.order_id,o1_0.product_id,p1_0.product_id,p1_0.description,p1_0.manufacturer_name,p1_0.name,p1_0.status,p1_0.unit,o1_0.note,o1_0.price,o1_0.quantity from order_detail o1_0 join product p1_0 on p1_0.product_id=o1_0.product_id where o1_0.order_id=?
Hibernate: select l1_0.employee_id,l1_0.order_id,c1_0.cust_id,c1_0.address,c1_0.email,c1_0.cust_name,c1_0.phone,l1_0.order_date from orders l1_0 left join customer c1_0 on c1_0.cust_id=l1_0.cust_id where l1_0.employee_id=?
Hibernate: select p1_0.product_id,p1_0.price_date_time,p1_0.note,p1_0.price from product_price p1_0 where p1_0.product_id=?
Hibernate: select p1_0.product_id,p1_0.image_id,p1_0.alternative,p1_0.path from product_image p1_0 where p1_0.product_id=?
Hibernate: select o1_0.order_id,o1_0.product_id,p1_0.product_id,p1_0.description,p1_0.manufacturer_name,p1_0.name,p1_0.status,p1_0.unit,o1_0.note,o1_0.price,o1_0.quantity from order_detail o1_0 join product p1_0 on p1_0.product_id=o1_0.product_id where o1_0.order_id=?
Hibernate: select l1_0.employee_id,l1_0.order_id,c1_0.cust_id,c1_0.address,c1_0.email,c1_0.cust_name,c1_0.phone,l1_0.order_date from orders l1_0 left join customer c1_0 on c1_0.cust_id=l1_0.cust_id where l1_0.employee_id=?
Hibernate: insert into order_detail (note,price,quantity,order_id,product_id) values (?,?,?,?,?)
Hibernate: update orders set cust_id=?,employee_id=?,order_date=? where order_id=?
]]></system-out>
  <system-err><![CDATA[]]></system-err>
</testsuite>
